<Recipe xmlns:xsi="http://www.w3.org/2001/XMLSchema-instance">
  <Version>2.4</Version>
  <RecipeSettings>
    <CrossLaneDispenseSettings>
      <MaxWaitTime>3</MaxWaitTime>
      <ParkWhileWaiting>false</ParkWhileWaiting>
      <ParkLocation />
      <IsCrossLaneDispenseEnabled>false</IsCrossLaneDispenseEnabled>
    </CrossLaneDispenseSettings>
    <PreFidPattern>
      <Name />
      <Instructions />
    </PreFidPattern>
    <ConfigSettings>
      <BatchData>
        <BatchFidsOn>false</BatchFidsOn>
        <BatchHSCommandOn>false</BatchHSCommandOn>
        <BatchHSProbeDownOn>false</BatchHSProbeDownOn>
      </BatchData>
      <ValveData>
        <SetActiveValveOn>0</SetActiveValveOn>
        <DualValveKeyPattern />
        <MaximumShotCount>0</MaximumShotCount>
        <ValveRefillMode />
      </ValveData>
      <VisionData>
        <ApplyCameraRotationCorrection>false</ApplyCameraRotationCorrection>
        <FidsOnTheFlyOn>false</FidsOnTheFlyOn>
        <PipeLineVisionOn>false</PipeLineVisionOn>
        <FidSearchAtSafeZ>false</FidSearchAtSafeZ>
        <DefaultRunTimeLightLevelEnabled>false</DefaultRunTimeLightLevelEnabled>
        <WorkpieceFidFailureMode>0</WorkpieceFidFailureMode>
        <DefaultRunTimeLightLevel />
      </VisionData>
      <CarrierData>
        <PocketDepthOfCarrier>0</PocketDepthOfCarrier>
        <SubstrateThickness>0</SubstrateThickness>
        <MaximumBoardCount>0</MaximumBoardCount>
      </CarrierData>
      <MiscData>
        <PreHeatTime>0</PreHeatTime>
        <MapOriginUsedInProgram>0</MapOriginUsedInProgram>
        <MoveToFirstFidLocationOn>false</MoveToFirstFidLocationOn>
        <CadImportGeneratedFileOn>false</CadImportGeneratedFileOn>
        <ForceHSOnNewPattern>false</ForceHSOnNewPattern>
        <MapFileControlOn>false</MapFileControlOn>
        <BarcodeDisableOn>false</BarcodeDisableOn>
        <MoveToSystemLocationOn>false</MoveToSystemLocationOn>
      </MiscData>
      <ConveyorData>
        <MaxTimeAtDispense>0</MaxTimeAtDispense>
        <AutoConveyorWidth />
        <AutoConveyorWidthEnabled />
        <AutoConveyorWidthTolerance />
        <ConveyorMode />
      </ConveyorData>
    </ConfigSettings>
    <FluidSettingsCollection>
      <FluidSettingsList>
        <RecipeFluidSettings>
          <HDN>
            <Hdn>DISPENSER:DispHeadAssy:Applicator_1</Hdn>
            <Controller>DISPENSER</Controller>
            <Assembly>DispHeadAssy</Assembly>
            <Component>Applicator_1</Component>
            <SubComponent>No_SubComponent</SubComponent>
          </HDN>
          <Characteristics>
            <ParentName />
            <PurgeEnabled />
            <PurgeDuration>0</PurgeDuration>
            <PurgeInterval>0</PurgeInterval>
            <FlowRateEnabled />
            <FlowCalInterval>0</FlowCalInterval>
            <FlowCalDuration>0</FlowCalDuration>
          </Characteristics>
          <PrimeData>
            <ExtraZ>0</ExtraZ>
            <VacuumBeforeApplicatorOpenSecs>1</VacuumBeforeApplicatorOpenSecs>
            <VacuumWithApplicatorOpenSecs>10</VacuumWithApplicatorOpenSecs>
            <FluidPressureSecs>5</FluidPressureSecs>
            <ApplicatorMotorOnTimeSecs>5</ApplicatorMotorOnTimeSecs>
            <VacuumOnTimeBeforeFluidPressure>1</VacuumOnTimeBeforeFluidPressure>
            <FluidPressureOnTimeBeforeMotor>10</FluidPressureOnTimeBeforeMotor>
            <VerificationDispenseTimeSecs>5</VerificationDispenseTimeSecs>
            <VerificationMinimumWeightMg>10</VerificationMinimumWeightMg>
          </PrimeData>
          <PurgeData>
            <PurgeTime>1</PurgeTime>
            <PurgeVacShutoffDelayTime>0</PurgeVacShutoffDelayTime>
            <EnablePrePurgeRotation>false</EnablePrePurgeRotation>
            <NumberOfRotations>3</NumberOfRotations>
            <RotationSpacingMM>0.75</RotationSpacingMM>
            <RotationDelayMS>50</RotationDelayMS>
            <PostPurgeVacuumShutoffDelay>0</PostPurgeVacuumShutoffDelay>
            <ApplicatorOverload>0</ApplicatorOverload>
          </PurgeData>
          <FluidAirSettings>
            <IsConstantMode>false</IsConstantMode>
          </FluidAirSettings>
        </RecipeFluidSettings>
        <RecipeFluidSettings>
          <HDN>
            <Hdn>DISPENSER:DispHeadAssy:Applicator_2</Hdn>
            <Controller>DISPENSER</Controller>
            <Assembly>DispHeadAssy</Assembly>
            <Component>Applicator_2</Component>
            <SubComponent>No_SubComponent</SubComponent>
          </HDN>
          <Characteristics>
            <ParentName />
            <PurgeEnabled />
            <PurgeDuration>0</PurgeDuration>
            <PurgeInterval>0</PurgeInterval>
            <FlowRateEnabled />
            <FlowCalInterval>0</FlowCalInterval>
            <FlowCalDuration>0</FlowCalDuration>
          </Characteristics>
          <PrimeData>
            <ExtraZ>0</ExtraZ>
            <VacuumBeforeApplicatorOpenSecs>1</VacuumBeforeApplicatorOpenSecs>
            <VacuumWithApplicatorOpenSecs>10</VacuumWithApplicatorOpenSecs>
            <FluidPressureSecs>5</FluidPressureSecs>
            <ApplicatorMotorOnTimeSecs>5</ApplicatorMotorOnTimeSecs>
            <VacuumOnTimeBeforeFluidPressure>1</VacuumOnTimeBeforeFluidPressure>
            <FluidPressureOnTimeBeforeMotor>10</FluidPressureOnTimeBeforeMotor>
            <VerificationDispenseTimeSecs>5</VerificationDispenseTimeSecs>
            <VerificationMinimumWeightMg>10</VerificationMinimumWeightMg>
          </PrimeData>
          <PurgeData>
            <PurgeTime>1</PurgeTime>
            <PurgeVacShutoffDelayTime>0</PurgeVacShutoffDelayTime>
            <EnablePrePurgeRotation>false</EnablePrePurgeRotation>
            <NumberOfRotations>3</NumberOfRotations>
            <RotationSpacingMM>0.75</RotationSpacingMM>
            <RotationDelayMS>50</RotationDelayMS>
            <PostPurgeVacuumShutoffDelay>0</PostPurgeVacuumShutoffDelay>
            <ApplicatorOverload>0</ApplicatorOverload>
          </PurgeData>
          <FluidAirSettings>
            <IsConstantMode>false</IsConstantMode>
          </FluidAirSettings>
        </RecipeFluidSettings>
      </FluidSettingsList>
    </FluidSettingsCollection>
    <FluidMonitorSettingsCollection>
      <FluidMonitorSettingsList>
        <RecipeFluidMonitorSetting>
          <IsFluidLevelEnabled>false</IsFluidLevelEnabled>
          <InitalFluidLevel>500</InitalFluidLevel>
          <WarningFluidLevel>50</WarningFluidLevel>
          <CriticalFluidLevel>20</CriticalFluidLevel>
          <LinearSensorWarningFluidLevelPercentage>50</LinearSensorWarningFluidLevelPercentage>
          <LinearSensorCriticalFluidLevelPercentage>20</LinearSensorCriticalFluidLevelPercentage>
          <HDN>
            <Hdn>DISPENSER:DispHeadAssy:Applicator_1</Hdn>
            <Controller>DISPENSER</Controller>
            <Assembly>DispHeadAssy</Assembly>
            <Component>Applicator_1</Component>
            <SubComponent>No_SubComponent</SubComponent>
          </HDN>
          <IsFluidLevelSensorEnabled>false</IsFluidLevelSensorEnabled>
        </RecipeFluidMonitorSetting>
        <RecipeFluidMonitorSetting>
          <IsFluidLevelEnabled>false</IsFluidLevelEnabled>
          <InitalFluidLevel>500</InitalFluidLevel>
          <WarningFluidLevel>50</WarningFluidLevel>
          <CriticalFluidLevel>20</CriticalFluidLevel>
          <LinearSensorWarningFluidLevelPercentage>50</LinearSensorWarningFluidLevelPercentage>
          <LinearSensorCriticalFluidLevelPercentage>20</LinearSensorCriticalFluidLevelPercentage>
          <HDN>
            <Hdn>DISPENSER:DispHeadAssy:Applicator_2</Hdn>
            <Controller>DISPENSER</Controller>
            <Assembly>DispHeadAssy</Assembly>
            <Component>Applicator_2</Component>
            <SubComponent>No_SubComponent</SubComponent>
          </HDN>
          <IsFluidLevelSensorEnabled>false</IsFluidLevelSensorEnabled>
        </RecipeFluidMonitorSetting>
      </FluidMonitorSettingsList>
    </FluidMonitorSettingsCollection>
    <HeaterSettings>
      <SettingsList>
        <HeaterSetting>
          <HDN>DISPENSER:DispHeadAssy:Applicator_1:HeadHeater</HDN>
          <SetPoint>40</SetPoint>
          <CoolingSetPoint>40</CoolingSetPoint>
          <UpperLimit>20</UpperLimit>
          <LowerLimit>20</LowerLimit>
          <TimeBeforeAlarm>0</TimeBeforeAlarm>
          <IdleShutoffMinutes>10</IdleShutoffMinutes>
          <IsEnabled>false</IsEnabled>
          <CoolingEnabled>false</CoolingEnabled>
          <CheckGuardband>false</CheckGuardband>
          <EnableIdleShutOff>true</EnableIdleShutOff>
          <EnableWhenRunning>false</EnableWhenRunning>
          <ConveyorStationHoldTime>0</ConveyorStationHoldTime>
          <EnableLowerAfterHoldTime>false</EnableLowerAfterHoldTime>
          <Proportional>3</Proportional>
          <Integral>12</Integral>
          <Derivative>1</Derivative>
        </HeaterSetting>
        <HeaterSetting>
          <HDN>DISPENSER:DispHeadAssy:Applicator_2:HeadHeater</HDN>
          <SetPoint>40</SetPoint>
          <CoolingSetPoint>40</CoolingSetPoint>
          <UpperLimit>20</UpperLimit>
          <LowerLimit>20</LowerLimit>
          <TimeBeforeAlarm>0</TimeBeforeAlarm>
          <IdleShutoffMinutes>10</IdleShutoffMinutes>
          <IsEnabled>false</IsEnabled>
          <CoolingEnabled>false</CoolingEnabled>
          <CheckGuardband>false</CheckGuardband>
          <EnableIdleShutOff>true</EnableIdleShutOff>
          <EnableWhenRunning>false</EnableWhenRunning>
          <ConveyorStationHoldTime>0</ConveyorStationHoldTime>
          <EnableLowerAfterHoldTime>false</EnableLowerAfterHoldTime>
          <Proportional>3</Proportional>
          <Integral>12</Integral>
          <Derivative>1</Derivative>
        </HeaterSetting>
        <HeaterSetting>
          <HDN>DISPENSER:ConveyorAssy_1:Conveyor:PreHeater</HDN>
          <SetPoint>40</SetPoint>
          <CoolingSetPoint>40</CoolingSetPoint>
          <UpperLimit>0</UpperLimit>
          <LowerLimit>0</LowerLimit>
          <TimeBeforeAlarm>0</TimeBeforeAlarm>
          <IdleShutoffMinutes>10</IdleShutoffMinutes>
          <IsEnabled>false</IsEnabled>
          <CoolingEnabled>false</CoolingEnabled>
          <CheckGuardband>false</CheckGuardband>
          <EnableIdleShutOff>false</EnableIdleShutOff>
          <EnableWhenRunning>false</EnableWhenRunning>
          <ConveyorStationHoldTime>0</ConveyorStationHoldTime>
          <EnableLowerAfterHoldTime>false</EnableLowerAfterHoldTime>
          <Proportional>3</Proportional>
          <Integral>12</Integral>
          <Derivative>1</Derivative>
        </HeaterSetting>
        <HeaterSetting>
          <HDN>DISPENSER:ConveyorAssy_1:Conveyor:CenterHeater</HDN>
          <SetPoint>40</SetPoint>
          <CoolingSetPoint>40</CoolingSetPoint>
          <UpperLimit>0</UpperLimit>
          <LowerLimit>0</LowerLimit>
          <TimeBeforeAlarm>0</TimeBeforeAlarm>
          <IdleShutoffMinutes>10</IdleShutoffMinutes>
          <IsEnabled>false</IsEnabled>
          <CoolingEnabled>false</CoolingEnabled>
          <CheckGuardband>false</CheckGuardband>
          <EnableIdleShutOff>false</EnableIdleShutOff>
          <EnableWhenRunning>false</EnableWhenRunning>
          <ConveyorStationHoldTime>0</ConveyorStationHoldTime>
          <EnableLowerAfterHoldTime>false</EnableLowerAfterHoldTime>
          <Proportional>3</Proportional>
          <Integral>12</Integral>
          <Derivative>1</Derivative>
        </HeaterSetting>
        <HeaterSetting>
          <HDN>DISPENSER:ConveyorAssy_1:Conveyor:PostHeater</HDN>
          <SetPoint>40</SetPoint>
          <CoolingSetPoint>40</CoolingSetPoint>
          <UpperLimit>0</UpperLimit>
          <LowerLimit>0</LowerLimit>
          <TimeBeforeAlarm>0</TimeBeforeAlarm>
          <IdleShutoffMinutes>10</IdleShutoffMinutes>
          <IsEnabled>false</IsEnabled>
          <CoolingEnabled>false</CoolingEnabled>
          <CheckGuardband>false</CheckGuardband>
          <EnableIdleShutOff>false</EnableIdleShutOff>
          <EnableWhenRunning>false</EnableWhenRunning>
          <ConveyorStationHoldTime>0</ConveyorStationHoldTime>
          <EnableLowerAfterHoldTime>false</EnableLowerAfterHoldTime>
          <Proportional>3</Proportional>
          <Integral>12</Integral>
          <Derivative>1</Derivative>
        </HeaterSetting>
        <HeaterSetting>
          <HDN>DISPENSER:ConveyorAssy_2:Conveyor:PreHeater</HDN>
          <SetPoint>40</SetPoint>
          <CoolingSetPoint>40</CoolingSetPoint>
          <UpperLimit>0</UpperLimit>
          <LowerLimit>0</LowerLimit>
          <TimeBeforeAlarm>0</TimeBeforeAlarm>
          <IdleShutoffMinutes>10</IdleShutoffMinutes>
          <IsEnabled>false</IsEnabled>
          <CoolingEnabled>false</CoolingEnabled>
          <CheckGuardband>false</CheckGuardband>
          <EnableIdleShutOff>false</EnableIdleShutOff>
          <EnableWhenRunning>false</EnableWhenRunning>
          <ConveyorStationHoldTime>0</ConveyorStationHoldTime>
          <EnableLowerAfterHoldTime>false</EnableLowerAfterHoldTime>
          <Proportional>3</Proportional>
          <Integral>12</Integral>
          <Derivative>1</Derivative>
        </HeaterSetting>
        <HeaterSetting>
          <HDN>DISPENSER:ConveyorAssy_2:Conveyor:CenterHeater</HDN>
          <SetPoint>40</SetPoint>
          <CoolingSetPoint>40</CoolingSetPoint>
          <UpperLimit>0</UpperLimit>
          <LowerLimit>0</LowerLimit>
          <TimeBeforeAlarm>0</TimeBeforeAlarm>
          <IdleShutoffMinutes>10</IdleShutoffMinutes>
          <IsEnabled>false</IsEnabled>
          <CoolingEnabled>false</CoolingEnabled>
          <CheckGuardband>false</CheckGuardband>
          <EnableIdleShutOff>false</EnableIdleShutOff>
          <EnableWhenRunning>false</EnableWhenRunning>
          <ConveyorStationHoldTime>0</ConveyorStationHoldTime>
          <EnableLowerAfterHoldTime>false</EnableLowerAfterHoldTime>
          <Proportional>3</Proportional>
          <Integral>12</Integral>
          <Derivative>1</Derivative>
        </HeaterSetting>
        <HeaterSetting>
          <HDN>DISPENSER:ConveyorAssy_2:Conveyor:PostHeater</HDN>
          <SetPoint>40</SetPoint>
          <CoolingSetPoint>40</CoolingSetPoint>
          <UpperLimit>0</UpperLimit>
          <LowerLimit>0</LowerLimit>
          <TimeBeforeAlarm>0</TimeBeforeAlarm>
          <IdleShutoffMinutes>10</IdleShutoffMinutes>
          <IsEnabled>false</IsEnabled>
          <CoolingEnabled>false</CoolingEnabled>
          <CheckGuardband>false</CheckGuardband>
          <EnableIdleShutOff>false</EnableIdleShutOff>
          <EnableWhenRunning>false</EnableWhenRunning>
          <ConveyorStationHoldTime>0</ConveyorStationHoldTime>
          <EnableLowerAfterHoldTime>false</EnableLowerAfterHoldTime>
          <Proportional>3</Proportional>
          <Integral>12</Integral>
          <Derivative>1</Derivative>
        </HeaterSetting>
      </SettingsList>
    </HeaterSettings>
    <VisionSettings>
      <FidFailureFallback>Prompt</FidFailureFallback>
      <FidFailureLightSaveMode>Single</FidFailureLightSaveMode>
      <PauseAfterFidFind>false</PauseAfterFidFind>
    </VisionSettings>
    <DwvSettings>
      <DwvSettingsList>
        <RecipeDwvSetting>
          <Hdn>
            <Hdn>DISPENSER:DispHeadAssy:Applicator_1</Hdn>
            <Controller>DISPENSER</Controller>
            <Assembly>DispHeadAssy</Assembly>
            <Component>Applicator_1</Component>
            <SubComponent>No_SubComponent</SubComponent>
          </Hdn>
          <TargetWeight>5</TargetWeight>
          <TimeBetweenDispenses>1</TimeBetweenDispenses>
          <BlockRecipeRun>true</BlockRecipeRun>
          <NumDispenses>3</NumDispenses>
          <DoPrePurge>true</DoPrePurge>
          <SkipFirstDispense>false</SkipFirstDispense>
          <UseRangeLimits>true</UseRangeLimits>
          <ValidationMethod>WeighEachDispense</ValidationMethod>
          <MaxWeightLimit>0.5</MaxWeightLimit>
          <MinWeightLimit>0.5</MinWeightLimit>
          <MaxWeightRange>1</MaxWeightRange>
        </RecipeDwvSetting>
        <RecipeDwvSetting>
          <Hdn>
            <Hdn>DISPENSER:DispHeadAssy:Applicator_2</Hdn>
            <Controller>DISPENSER</Controller>
            <Assembly>DispHeadAssy</Assembly>
            <Component>Applicator_2</Component>
            <SubComponent>No_SubComponent</SubComponent>
          </Hdn>
          <TargetWeight>5</TargetWeight>
          <TimeBetweenDispenses>1</TimeBetweenDispenses>
          <BlockRecipeRun>true</BlockRecipeRun>
          <NumDispenses>3</NumDispenses>
          <DoPrePurge>true</DoPrePurge>
          <SkipFirstDispense>false</SkipFirstDispense>
          <UseRangeLimits>true</UseRangeLimits>
          <ValidationMethod>WeighEachDispense</ValidationMethod>
          <MaxWeightLimit>0.5</MaxWeightLimit>
          <MinWeightLimit>0.5</MinWeightLimit>
          <MaxWeightRange>1</MaxWeightRange>
        </RecipeDwvSetting>
      </DwvSettingsList>
    </DwvSettings>
    <FluidCalSettings>
      <FluidCalSettingsList>
        <RecipeFluidCalSetting>
          <DispenseTime>1</DispenseTime>
          <TimeBetweenShots>1</TimeBetweenShots>
          <MinDispenseWeight>1</MinDispenseWeight>
          <NumIterations>3</NumIterations>
          <InitialDotNum>100</InitialDotNum>
          <DoPrePurge>true</DoPrePurge>
          <CPJPlusPurgeOption>PURGE_ONCE</CPJPlusPurgeOption>
          <ScaleZeroXOffset>0</ScaleZeroXOffset>
          <ScaleZeroYOffset>0</ScaleZeroYOffset>
          <ScaleZeroZOffset>0</ScaleZeroZOffset>
          <PreCalStepList />
          <PostCalStepList />
          <Hdn>
            <Hdn>DISPENSER:DispHeadAssy:Applicator_1</Hdn>
            <Controller>DISPENSER</Controller>
            <Assembly>DispHeadAssy</Assembly>
            <Component>Applicator_1</Component>
            <SubComponent>No_SubComponent</SubComponent>
          </Hdn>
          <DotWeightCheck>false</DotWeightCheck>
          <DotUpperWeightLimit>0</DotUpperWeightLimit>
          <DotLowerWeightLimit>0</DotLowerWeightLimit>
          <IsCpjPlusEnabled>false</IsCpjPlusEnabled>
          <DesiredDotWeight>0.05</DesiredDotWeight>
          <ScaleBias>0</ScaleBias>
          <FluidPressureMin>69</FluidPressureMin>
          <FluidPressureMax>138</FluidPressureMax>
          <TargetWeightPerDispense>5</TargetWeightPerDispense>
          <NumDispensePerPressure>3</NumDispensePerPressure>
          <DesiredDotWeightTolerance>5</DesiredDotWeightTolerance>
          <NumMaintenanceIterations>3</NumMaintenanceIterations>
          <PressureTolerance>5</PressureTolerance>
          <MinDotWeightTolerance>5</MinDotWeightTolerance>
          <MaxDotWeightTolerance>5</MaxDotWeightTolerance>
        </RecipeFluidCalSetting>
        <RecipeFluidCalSetting>
          <DispenseTime>1</DispenseTime>
          <TimeBetweenShots>1</TimeBetweenShots>
          <MinDispenseWeight>1</MinDispenseWeight>
          <NumIterations>3</NumIterations>
          <InitialDotNum>100</InitialDotNum>
          <DoPrePurge>true</DoPrePurge>
          <CPJPlusPurgeOption>PURGE_ONCE</CPJPlusPurgeOption>
          <ScaleZeroXOffset>0</ScaleZeroXOffset>
          <ScaleZeroYOffset>0</ScaleZeroYOffset>
          <ScaleZeroZOffset>0</ScaleZeroZOffset>
          <PreCalStepList />
          <PostCalStepList />
          <Hdn>
            <Hdn>DISPENSER:DispHeadAssy:Applicator_2</Hdn>
            <Controller>DISPENSER</Controller>
            <Assembly>DispHeadAssy</Assembly>
            <Component>Applicator_2</Component>
            <SubComponent>No_SubComponent</SubComponent>
          </Hdn>
          <DotWeightCheck>false</DotWeightCheck>
          <DotUpperWeightLimit>0</DotUpperWeightLimit>
          <DotLowerWeightLimit>0</DotLowerWeightLimit>
          <IsCpjPlusEnabled>false</IsCpjPlusEnabled>
          <DesiredDotWeight>0.05</DesiredDotWeight>
          <ScaleBias>0</ScaleBias>
          <FluidPressureMin>69</FluidPressureMin>
          <FluidPressureMax>138</FluidPressureMax>
          <TargetWeightPerDispense>5</TargetWeightPerDispense>
          <NumDispensePerPressure>3</NumDispensePerPressure>
          <DesiredDotWeightTolerance>5</DesiredDotWeightTolerance>
          <NumMaintenanceIterations>3</NumMaintenanceIterations>
          <PressureTolerance>5</PressureTolerance>
          <MinDotWeightTolerance>5</MinDotWeightTolerance>
          <MaxDotWeightTolerance>5</MaxDotWeightTolerance>
        </RecipeFluidCalSetting>
      </FluidCalSettingsList>
    </FluidCalSettings>
    <RegulatorSettings>
      <RecipeRegulatorList>
        <RegulatorSetting>
          <Hdn>DISPENSER:DispHeadAssy:Applicator_1:ValveAirEP</Hdn>
          <Enable>0</Enable>
          <Setpoint>274.58</Setpoint>
          <LowerLimit>68.9476</LowerLimit>
          <UpperLimit>68.9476</UpperLimit>
          <RampTime>0</RampTime>
        </RegulatorSetting>
        <RegulatorSetting>
          <Hdn>DISPENSER:DispHeadAssy:Applicator_1:FluidAirEP</Hdn>
          <Enable>0</Enable>
          <Setpoint>206.84</Setpoint>
          <LowerLimit>68.9476</LowerLimit>
          <UpperLimit>68.9476</UpperLimit>
          <RampTime>0</RampTime>
        </RegulatorSetting>
        <RegulatorSetting>
          <Hdn>DISPENSER:DispHeadAssy:Applicator_1:CoolingEP</Hdn>
          <Enable>0</Enable>
          <Setpoint>275</Setpoint>
          <LowerLimit>68.9476</LowerLimit>
          <UpperLimit>68.9476</UpperLimit>
          <RampTime>0</RampTime>
        </RegulatorSetting>
        <RegulatorSetting>
          <Hdn>DISPENSER:DispHeadAssy:Applicator_1:CounterBalanceEP</Hdn>
          <Enable>0</Enable>
          <Setpoint>206.84</Setpoint>
          <LowerLimit>68.9476</LowerLimit>
          <UpperLimit>68.9476</UpperLimit>
          <RampTime>0</RampTime>
        </RegulatorSetting>
      </RecipeRegulatorList>
    </RegulatorSettings>
    <IjCalSettings>
      <RecipeIjCalList>
        <RecipeIjCalSetting>
          <Hdn>DISPENSER:DispHeadAssy:Applicator_1:IJ</Hdn>
          <JetOnTime>1</JetOnTime>
          <JetOffTime>1.2</JetOffTime>
          <Frequency>800</Frequency>
          <PurgeFrequency>300</PurgeFrequency>
          <UsePurgeFrequency>false</UsePurgeFrequency>
          <EnablePrePurge>true</EnablePrePurge>
          <ValveStroke>0.15</ValveStroke>
          <OpeningRate>0.25</OpeningRate>
          <ClosingRate>0.75</ClosingRate>
          <OpeningTime>0.6</OpeningTime>
          <ClosingTime>0.2</ClosingTime>
          <PurgeInterval>1.2</PurgeInterval>
          <DutyCycleMax>500</DutyCycleMax>
          <UseOkToMovePrompt>true</UseOkToMovePrompt>
          <AutoCloseCalDialog>true</AutoCloseCalDialog>
        </RecipeIjCalSetting>
        <RecipeIjCalSetting>
          <Hdn>DISPENSER:DispHeadAssy:Applicator_2:IJ</Hdn>
          <JetOnTime>1</JetOnTime>
          <JetOffTime>1.2</JetOffTime>
          <Frequency>800</Frequency>
          <PurgeFrequency>800</PurgeFrequency>
          <UsePurgeFrequency>false</UsePurgeFrequency>
          <EnablePrePurge>true</EnablePrePurge>
          <ValveStroke>0.15</ValveStroke>
          <OpeningRate>0.25</OpeningRate>
          <ClosingRate>0.75</ClosingRate>
          <OpeningTime>0.6</OpeningTime>
          <ClosingTime>0.2</ClosingTime>
          <PurgeInterval>1.2</PurgeInterval>
          <DutyCycleMax>500</DutyCycleMax>
          <UseOkToMovePrompt>true</UseOkToMovePrompt>
          <AutoCloseCalDialog>true</AutoCloseCalDialog>
        </RecipeIjCalSetting>
      </RecipeIjCalList>
    </IjCalSettings>
    <NjCalSettings>
      <RecipeNJCalList />
    </NjCalSettings>
    <AutoConveyorWidthSettings>
      <Settings />
    </AutoConveyorWidthSettings>
    <RecipeConveyorVacuumSensorSettings>
      <ConveyorVacuumSensorsList />
    </RecipeConveyorVacuumSensorSettings>
    <MaintenanceIntervalSettings>
      <MaintenanceIntervalSettingsList />
    </MaintenanceIntervalSettings>
  </RecipeSettings>
  <Name>Test</Name>
  <UsePostRunPark>false</UsePostRunPark>
  <Workpieces>
    <RecipeWorkpiece>
      <IsFirstFidOrigin>false</IsFirstFidOrigin>
      <Name>Workpiece</Name>
      <DiagonalDistanceTolerance xsi:nil="true" />
      <ReferenceFrame>
        <XY>
          <X>0.001</X>
          <Y>0.001</Y>
        </XY>
        <ThetaDegrees>0</ThetaDegrees>
      </ReferenceFrame>
      <XLocation>0.001</XLocation>
      <YLocation>0.001</YLocation>
      <FidUseAngleInfo>false</FidUseAngleInfo>
      <Fids>
        <FidBaseData xsi:type="CircleAreaFidData">
          <Light1Settings>
            <LightType>RGB</LightType>
            <Light1LevelPercent>25</Light1LevelPercent>
            <Light2LevelPercent>0</Light2LevelPercent>
            <Light3LevelPercent>0</Light3LevelPercent>
            <Light4LevelPercent>0</Light4LevelPercent>
            <Light5LevelPercent>0</Light5LevelPercent>
          </Light1Settings>
          <CameraGain>0</CameraGain>
          <Name>Workpiece-Fid1</Name>
          <FidID>3afe0bbb-1d70-44c9-8673-007515471597</FidID>
          <RunTimeFidID>c32dcb1a-19a6-4afe-9553-51b884767704</RunTimeFidID>
          <ModelID>fc6a6731-dcc2-4913-843f-2ea58cd794ee</ModelID>
          <FidType>CircleAreaModel</FidType>
          <ModelOrigin>
            <X>0</X>
            <Y>0</Y>
          </ModelOrigin>
          <ExpectedXLocMM>0.002</ExpectedXLocMM>
          <ExpectedYLocMM>0.002</ExpectedYLocMM>
          <ExpectedZLocMM>0</ExpectedZLocMM>
          <SettlingTime>50</SettlingTime>
          <MinConfidence>60</MinConfidence>
          <SearchAreaWidth>10.0724</SearchAreaWidth>
          <SearchAreaHeight>7.3755</SearchAreaHeight>
          <ModelImageObj>
            <Width>0</Width>
            <Height>0</Height>
            <CreatedAtResolution>0.00745</CreatedAtResolution>
            <OriginPoint>
              <X>0</X>
              <Y>0</Y>
            </OriginPoint>
          </ModelImageObj>
          <CompositeModelImageObj>iVBORw0KGgoAAAANSUhEUgAAAnwAAAHRCAIAAAB/5fOsAAAAAXNSR0IArs4c6QAAAARnQU1BAACxjwv8YQUAAAAJcEhZcwAADsQAAA7EAZUrDhsAAP+lSURBVHhejP133G9Vke/7gphAQVEJoiISREAREMlJBRTtBm077U4e7dt2eO395953n31e556b9rl9ctgd7NO2WVtaQG1ylpwEFoIgKFmSBBETKuh9z/n5PYPJs+h9TnVbr5o1alR9q0aNMed4WOtZm/7q85vc/eQbHn744a233vqJJ554yUte8rOf/WyzzTbbZJNNnn766Re96EU//vGPX/aylz322GPbbLPNgw8+uMMOO+Dk73//+1tuueVPf/rTF77whSzZm2UuDz/4wQ9e8YpXfO9733v1q1993333bb/99o888gj/P/rRjzbffPOf//znz3ve8zbddNNf/OIXL37xi/PP27bbbmtKxq985SsZB+YFL3jBr2Z6/vOf75EHU7baaitTXvWqV+UZ8pe+9KXAAPzUU09xnn/Y+IETfj7vv/9+kB566CHwHn/88abw/8tf/pJ/wpNPPkkJP2NmkjVlu+22e/TRR4HkCuD8S0EiwPzwhz8EQAEhl6wpsjA9/+GvmMAs/TdFMWXBv4z4H/gVk/8tttiCkn/4qw9OfvnLX05vlI2y8C+F8Fd/U+CH3BTJ0oj7k5/8hA3/LZa5jOHnLTAla4rppiybwSy5C8oYWjAYv+Y1r3nggQeCBD//NcOymOpQMRkvm8GShZ//Fksx81+yKmOxlsUczTb8l+xysUwEjxN5cchti5X/FgsAaTJusUZ9OFRMzhWzxdI5+eezygSGXhNarOG/zpSU0PxL87vf/e46/2zGYplbffJf/WVBlj7/FXMslrnKxT/8jLd6w1Zy2Xazbcn8j2Lmv50b/raJZVLMmq2du1ysdlbF5I1PxqaAVLNJtmJCUuebK6hFrxmsrPUdJ0PNAMPGO4v/Fms0Q4sVfs6RQDWbTVfl8199qn/N8Jw7V83DDwz87Vz4FZNzKSz9AwB/i8U/eDUbh8tmEE5ShhSQf8YVs86vGdbt3HZW+CvmMtnRDGaZq1xjscBoscYxWzEtFvuxWPmvmfnHLdzYWWzaWfnvzGxntXNHM4zFGjsr/6PZgOlkWOKvGYZ/HvgZ+CU7OpMrxeS2YrZYPAz/jJeLBWrHbM1A8Jh/BvyPZPm34uv8W6xRH/5bMqtAZmxluarzFZN/i1Uz5B8MlSlZUzjhig3/kjWLwAMlzwAwhn/jYoLdzq0ZRrL7v+5Hm/0/P7jJx7/3X/1vp+rWD3z20ufduckRp33zldd9/y2XP7Dbebe/5tZfHPxPX9/ika1+7W/P/ukvd/qj//iP922x15//d1966Oev/b2Pn/+LB7d4zykbtrr5p2+/8O7XX3LfLt/44b7/fOPW977gXZ+86Fc/2e63/vsvPbT5nn/233zqjs12++O/OfPHT7zyA1/6+hb8n/mtba95ZM8rHtr97G+/+ttPH/rFq1702MuP//gFT22y838hyuZ7/fnnr3jBr3b6o4vvfQNIkDzw4mO//dQhtz11yH0vPNrj41uf8LV7dnrqdb9/xi3bvHjPP/vqN16+2a4fufCuHZ989e98/bE3P/zS98Jz16ZH3vW8o65+ZE9zGTz+ivf/wwVPbbrLh4F50R5/+j+c9L0fb/ubf3fuz+55/jtPvn7LG57Yh0P//82f7H/qN1/5vZcc95lLNpXg/3TKIy9581/8d//0IDCMH93q10669iUAn3fHa69+eI/rHt/7zFu3E+hzlz8fzv/lq9+X5n/9ydtf9KaP/g8nP/yjbX/zE1/75X0vOub0m191y88O/Pqje8n39l8dfu7tr/n+y49XtF++/g8/e9lmiqmMcvk/zv3ZQy857sSrX8z43O/scNn9u177/beo/3dfePRXvvHyn776d7507Ut4Pum6l8Kvbr943e/L7oev+o1bf37QI1u+78HN3y3f7299wjd/+vYnd/jdS+/fVbIWTjFhhh8Mo5bpO08famWveXSvm588QIUFtdw/2+F3/+HCp1/4po/+j6c8Iov/9avfBxIkyX7lhpdd8eAbL/7uzswU9lMX/ep7L33v/3jyw/D/+7+7BX4pq/z/9s+Pf/cF77Jw1//greBJ89rH3mxl737eUX91xo9U4//12bst1v/9YzdbZf3z6Mt+XUTgNQw8lz2w2xnf2tYSf+GKFwj9sbN/+rxdPvw/f/lR+P/6jB+Bx7OltOI3/fhtiqPZgDn1plc8sPm7P3XxJj97zb+yplu8+S/+35+9+1dv+NBfnf5DNfn85c/nULPBb71U4Du/PEyH6x8J6pn/x6fuePEef2qV9eqnL9lU3yq1Bvva3a8//87XaQbLpMOto2b4T6f/UDPbJk+//g+1hx0Buba86J6drvzemzY8sY/O0dva7AeveD8wz9/tj//Dx2974e5/on8sk/a2QPxv+MFbrQ7/FtrSqL86W01m6vP/++L9v3jt733snCcf2uI9J16zuTXSA5KFylzNpmg/2uaD//1J37vjnUf83S1PPu+XH9F4T7zqN/TS3Zu94+zbtv/Gj/azC5RIOHNtOiW1cy0Z/P/Tlx9Vq//jvJ+rm4666Sf7X3Dn6y669w1QfXnDVvds9o6/P/8XqsFYZf4/n79XFn93zpPwG1WfS7678y1PHmAWz5pZZR7e8n18qvm/+9jN8Fvln27/23971k9sVb2qG02Rr2JaO12q/voTfov133z6Ts1gLSyWkt72i4OtkcW68qHd//mmV6jtJ7/2y8de9ut6UjP8Vx+/DST1Ae/vz/v5vc9/p9Wxc3WmrtYMlkMxP3Pp8ySoZ+xcEyVu4XSsTarZzvnODrahztRsd2565D9e+UL1+V++8pie/y///lb9/x+/8F3FNP2OTY74p2s2t8XU56xbt1PVL1z5QkX7m7N+ohmcbDr/L//pwad2/AOL5cxxsjkqz7/jtfzbAqY4W/7xqhc5Z0x5we5/oiVe8Mb/m8a2F6ysYp7z7Vc7MO1E9Zfsl294maZSUg02LdZef66w0zF7wVPyUv9v/fygqdke2h0Y+J0MIPGv250JwDxv1484Zp1F9FrxrNu2l6nmFMhGprTpbEaLZZtohr888QG1Usz7X3TMyde91M5yBgIDlV1vOwPj5Klz/r+fv9di/e+n/sBZPb0mNj2SW5n6f+fVHb86/ItXv9iQA5zZf/vF+y2WlTXdyvJvd+gBnXDpvHMtlp1l09naGlgzKClgDkPHlJXVzIx1mm1i86q8heZNFnauYkr5r8/8sb3w6Ys3AZX/G50MD+zGv4VQf51pBe0sXQS/xn56xz+w4o5xbaY+/F//+N7TFrhrRx4EtTT2r57/n7/ymMUyhcY2cYxrA53vzLezbv/lYfqTf83Gp5rwr83In7tsM0U+bT5qHGuOfVtY16mAs/0n2/+2bvnDfe54Xp9avhR8ufhAwCNKr2hCSnIar3qPOOrLAufkOckQMzZN97VIiDwio/F8BsOXDsGnga8Pnx6+Dnza+NT1NXHPPff4zMR9udx7772+NXyi4j7EWDLDDdGY7iPFRwdXxQLDd033EnwQkOFEYTMLbyLMowh4BoMYLKuByhoJl0MeZBQeX0++tqCF8M477/RlJJfQCjfqP+OdFsV0s3iQFycSZGm6iQqiFGRKXB3U5+6776a86667FIEBY6MiqiHZLN5UlatQ4TRVW3RyOULeCqLpa3ONfLitpJlUz3c3ATf0LxGDeGZNmUcmIqOKVu7qD4YUCCUuBRw8GpirFYE9GfdYtXGPeDVE5B7xhuIZN71Sp7FwKDxLUoq40WSUfdxjHTWIWYIE40ODSr+a+HzGfYAPTVXamEyMD8pnkCBBqoGsqaK1sqWGwsl4zJp9PEM0GbAc1FyF4oe3ijm5mNvDLIAJ8eHERJZmVWET21l5oMx5ftAcf8ouP6MyyUM/yCM9g3iPeADy1qibR+ROg6tz+hwyBgPgaMbyDKVpSNZx9hVh8NKUHV7B9WecRuJ4mkoxOCUhsyU3xC374bzHIZsldGZNocHHFDxsgyhp4sySV2NrU6JlguSmRB5xekpORjhKvNHBl9SszAhNLAs82RCe26hjqrPLOSDfumhZH5TP4blYxW3tLOKQjSLGqKBCmNUyjcVqdPL+1FNmaaem57nQjlNCp2gHFN5hZQgNJYc2IxirU6AmHjS36zPKZLyGrllxSjzSxKhu1tY0nSBDHjzKA84eXxqMKbPL1d5AM5YVTfhmSh4cZTxmoZQ4b3hDeU6epq1NjHrkc8gJ62hpkLyxJjkSzmM8MHFD+CAT8ZTDzKMjw1z18djZgSP6TpPNN9+ccosttsAzjhvCzcKjwKA8xz0WF4BBdUg0sA3+nDSGlnOjdZrxuM4zGmB6TBiPKJxxj0OO0qCNMaDnjLskBktKM6IQlnwpMIgvC7uu8iibiOc28xxq9ZWT2WrO2tqNDWIWgQHZ0NgsUY/xlp7M2GM+8z/4xsR/PEqJktcplzT0S8/kaIRmFvc4+VqQCqykmWYHz+zZnCDyEJCe1+ovfelL8a222krWW265JV7/owJxPuqMkguEhjwPPovGaI9oNnyGwrkkUBOMLpNNiaZpa48Zr+ONZoZG0LlZVkSJp19HzcWXtNRPRgsa/vOJD0o/KE1DiLF3mPfQ4DTjDYfIS1pp14ofRyNx1Kqh0cw9NjRlssjiOf1kFk+DMmC5gjLTEsmg5SMDZmU3aM5gVfl1EQOJJyyHeHuOl252UdNSDh7NI8+ilINHnM+wJ9xRj9EMeEUeTSQUt2PCY58ePhnGXcf3gs+KvnSMyr9PD5RPHtqKPOQkHiQyXpQpyTXjZMomPidf0vJQ6233kpe8BE/uNERiCQ2Y3OG0cn1b+WojyKgUAhm8YETJHBKcIBwOLoRYgjprENnRk5JBPBhLzhXKgKZzKmN6sQhiZcNgEA1O2UG2Dkyj+KCM4/ybgtMPbgg3Nxs0Lc/arbcPScVRseo21jezuTwTkatSPM2gdY9Nj+etpUlGSw9pkNFBK9W/TE0cfNA8OFFO8DKdvT5Dw2A1bY0e3/bxp3d5+pFXPLLp7pv+ePMfb7rNpg9v/fAmb9zk+9t8/6mdn/r5VtN/HQ95HuYNsToa1NaQshNaJmVfRykzyDheM0yuZ+I/XrXzbEpmHuOIJmIA0qAQDo6GW8S+uXVFngFLgwdpjjARuelodj+9k6Qfz9JEswZHKXGagppIwCt+wpKWQ4OaMgBEDSH2PWYQ1OSlEGeW8eBotnrWgUC5zk98OSWOWG5sHJHHFDTiriMpzB30HOf27HXlcAj0ccSyuahujOzlNjV5yRFLE3kDu5VquUcWuR2eOxZQPqOOi+67XhPOkDgyhM9WK2o6V/HhucfnpI3THLTuEbFfx6dzB44wda/HB/XYELP4AD2jnWgC8uxVQWFSJkJyekIaNORGOecNGIHGzxO8a71okes52agXMM6A5pFHHvGIexPjlPijjz6KP/bYY5RGeWPPOczroJJFpC+vQoslcbEGp6EXjsEgj8N4TOEkmQGezTDGU1ZScT0KjdMMnmAWm5KVC7f9eBmXJv7www/ff//9991337333nvPPfeMH797ZGCI8UMPPVRlcE54U1Wct8cff5ysVnjFpBdaOJBQZRnUIw6bog053uOSaKot3pRhHGcQHzRNmyn/Vifl4JFZqCrhhnD6ZMKIu45S4jzHPcajpYyGQcbrPNOgGkkDo7rdUR73GO/IGAcHYrCOm05YauLN4uf2PW9/8pgnb9n1ll++75cPbvWgV++NO93406N/SvP44Y979fJQS0eBDK1C4VPtFtVDGiwBpWQwOhMn09fM5IimgqDSRz1Gc+QVsYxWz3PdVnPWDqmpdjNJGR/6QU0ZPBreUCGAj9MTMlhHVaA0CXgaQ03JIZojryjN7OCZkhKq2KhelGdFw9vs4zAxZOvh9G1wQpxBxjifTa/yWaIeN57C59KYzIA8T1oJpbyOs0QMhhz1iKMSrwKtUTWZi7HSr5PxbKZFXaMWNyKve1xJ8zeTwoouESQ1vGMQ0Rtlk/HYWVG7hl7oCcoamJasiRPQNajrzBoaZjgZVYepLnNNKhfeEMtQNRpHY+LkYg2AiFP5XI9e8YpXuPFsvfXWW2211cte9jI8Ycstt6RsKDNXk5e//OW4IZ+flOTIV0nfy32byL/kEfQJaCkPmpfgeTyYyDO32267rUABK8r83fPMpy4NbsijKR7DvM0222y33XavfvWrcbA5YdMd1HSocoLTAGyiUR5GBV71qleR+cHBwGnoX/nKV/LGJrceC2eIGQ+C4uKmZ2Ni9hKhNIXB8A8Y3hQ2ODNkYjBM4dPQLrvsYu7ee+/t8c1vfvOOO+6411577brrrm+ZaZ999tl333332GMPAsu3vvWtr33ta/fcc0+o2Ajxmte8xvSiFIKwww47GNppp50yEJGgFIJWFiUiRKAOzsaQFBQQJ9PQmzKZzkSZh4yF8ygjjxUTl2bJIgaUBA7JAjWFhgySiQzUCveIM/DIgyGccVOMmmKIPo64pTQrAwh5Hsb0S2NEicqiPtEzOHno8ajWGmZk3KNmi3tl0kQeUUdDpP8TUs5b4TnokCsO2faz2x59w9Fb/f1Wuz+6+wuuecF7b3nvdp/b7l0b3rXzl3d+wwNvEB0BhgjhbIGkFjdUshL3OJV+bjacJW5oVB5XWPqWSXtooe233163aC1NWP8Y3XnnnXFdx63ppqwrpsc4n/iANIoZ+IgSDzmuhpyoIT25KQxwRFN5R2HjNHijjAmDehyhGRDmxXnm1EYdTckpM2CPmzI8BwZP4DNuCHKyCuNSZiAjofG5NqvOrDLMGOAmZkxulBmOTKH0aEUMtUzLzh9Tco484gBszA2JEucBJRhCEoRE7qWPK4gDnFAdjKIExcFHfZApjNH0Klv7WFlHGVTnOc60cEKDJylNpccIHaolyz8z9mbNr7PVuy3qEe+l2EWoj57e2Wia8+yvRt4QzDyHP152yWFDSkSvaPSKHIc5Xg0RGa+YBGZksaYi+ojoJuTS42bpPuQOhAgeKRuCm8aHFSXeV5s0JBNJtXxKJpSCVUR8wr720yecMm6IsZxzUtzvfOc77nB33nmnC5zbG6J3tzPU7c2tjnzHHXcAz9jND2d/yy23fPOb37zpppu+9a1vseHENc5cgKHlX5TWG1SAZeFjqvsfVxLvDx91rXRfTOZBXHWAgRkhSIZMEYXZ8k91gZ0NY2QWpUdmuHA0IOFkGiDjiBNmwply9913s5GOQJdddtldd911xRVX3HrrrZdffvmGDRsunelrX/va+eefT49TXnjhhQw8Sv+6667Db775Ztff22+/HTbEFedKB7YhsA2JZUjKAPR12fpGVhxP39J3LcYrYKOZoeY2hHPrMc+4WTilTPGIUikYkBmT48XiGc9GcXAecLDhIY/OzDhI4eGBMMCwhzyeptE4GlMyyFirlDieZ3pKHdXZMW2ntcMIb5uNbq//6ZeUfRsetfkp44bGrmkP2+e4vW2ovYPYNAUGYBBUCFQcTjzkKgO5KnnEkbopoFWomLihikkvd71nOXSmZtYzSGPjRhGHmRnF+TGxWASxIo/xwKhbW69tiOYD4xlKWWEzMyXZRPqmI/o8t+hSiKdplJlHRA6VodCCWrMRGKOcT+EXqMgpuSKwZzYag08OCbjQ+STzX2VoFJCmYjoNDNFXfGQhPJpriDFuIm4KvSlsTMm4uTifLQ2zeE7Y0HPOBrWyhFLGW18yzpIm2Dwgj4NXMSmXfm2p8Ua/VZmIjFLiNXNnez0c1dJjO+C1OmNklrkVFk4ZSU1GjiaPIReLjSnIXvAmw22NXm/g5S1XlgyeFm5QCBGbQR7TZ9CUOkdQBalE8brIkEfNwABmNrgh3BCeUAcy8yjQ9N913Tlcj3xK+Fx1+1ECOdD7svBVy7WvWt+zrkq4j47Xve51uCG8zxAnApS+rSCQfC/8Mq+Jw2G0VazKAxabslU1JROIzze+8Y0+qClZ8i8f/n3EsekbzSPet48UoJWCKWQeYHA0EPQTDbTmZpyTvgRpxIIZBl9VOMvddtuNq913391EnBwY+HETdYzQYPi0V59unya6Yiogmf5Nb3rT61//ei3FXgVkDQyB8fCvei6sfHZDlSkMOkzx+YdTqS2YK8URRxzhzvobv/EbnDODhx8T1RN+ReNflbxNLZZAnOtXgQ477DDL6qDkSqn5Vyj+gWf2hje8gTehXZdBan27tTNQFhxZLwtBMIpX3sHTm6KYMHMoTUqBMjYkBTZgV0xVsi4gMahVGMvIESA6VGGDVg3J6mkt5IjXMLyJwjgD/kXn0BTOcctBrwMtgRCEhkzkjXFTyMxU0lpoSDDaIZSW26MQQBpVDZwsBRPJVVJl+JdjTWUVlMWKEPQJHoA4vVaH3yOZQTxjHpbGOILcUMeccOuIQROLi1giSFosWUOuboZgtkAqU30koqTtXFNoNABLJZUgzoPmsS7arMOBHjCzCDWM6Fr9uOOOs6wHH3ywWZQC2ReisJQsY/tXaM7FwkFSYdwQYJS4lZVFJaJhAH/ImwIPWdnjHFosszJeThkpw0AjCmNudRr81jcYePUxSt9isamGSM0TpEnfaGacg8q56fwQZMoybB5DqxS4WrHRS3UUPCojqOYxHYaaSqkpLQRjMo2aw4mbxY8VN2QWtxpYvi1W+0sbc2WiKZJlDz+QlC09brpY4HFIpgGJH9NVwJ7izTZkHH7wyp0rPpGC4zDQIEOoPqw+uDqAyqbdig9qyeLCEXgj4KbksKBjuQFmjEMLObfIIpo7Phqk6ZFSryJy3EQA6IUYEWkQJwkDxrSj5j8HAH8bEJKxs9iDB4Di0AMWZ6mSmeGU9RJXCbDhvHmc/Puf769vf/vbTl43RVr3Hk7p5QOHu6NVdBNihjvKXba8GJzv1thnCIjSBgh0XyI2mw83LVUaLRi3ApdABwSlQlAagkY4ZKJKuZN5X1577bVqBJIm4JPMvk85URyIfdyBYZbLHPyubsKxKRDB/nff1XMMzKIBVV7gEXDe1JcsLrQ8KKJrohPEddmrDvdG5MR6q5IV4gRgWQAJs4u1TfKNb3zDGxfm/fbb74YbbrBJTJSjWolulhDQ8pD/PfbYg08lZea9e/3113PoOuu1AWdb15uSf1dVzXfWWWfpuU9/+tNW/ZRTTjnmmGOuvvrqPffc0wcgh5QSsUx87r///hdccMHxxx//pS99ydCZZ56pwtdccw0bl1pLJn1uDZkra36kwwAMwJyb3XeRInNrZeHxXawrqj/Ycon7HqehZw+5WDLVCXI3xRADQ/VM8KoYmZka9qbhQZXUX+m0mVldvk0UyHXfuaAx9ADSDKIw1utK6gtDnzDWqyZaa+vuEg+MR1wz6BZdwYOXB28Z51/ipmgzU+rbmkEd4MQ1WDVhICnGSm2bKKNHxeFZ7hbaI2C1seKAipP73DQkU1mXgkBkWYs1eKMEnAEzlfQoCmrr4mStjvKgzkKIzh4qj4b0j2KGH1pc+lLGNbMsGLPkQTMw4FYZOwcsh8Kq/GhveDw6cQAQyMeKoQMOOOD888+nOfXUUy3QpZdeysB068Ih/OoJHsE+ZQCMQlVMS1974KN6msGZACQPwhlqm8czrtnYaGkpAEbgzVuk04B/ZmScnluuZGeKYhIo4YRQspkZAlUNOVQQaxF1rBFaLKPSsY6VzppyDhj8AOPWhSWcwMAMjJ6BVrVZigi8+rf7hGuxcEp7s87EudKZ/OCajUZ0ftq5vDkf1NmHuGXik8xYS9M0Ki5I8HCoGYQj4NUHlzhImsQLW33YwCMK4ooBt1JDMkKKILpSs8TJc4VWpFAoIS60ane8twfNqv69lnBrDSqDZIJZzBQWAHVmDIZqO5okDq1ysUG9R7SNNJ2QTidmuTLEfwcLG4A94kLE6REwHhPikkKSVQT9oLWEa2eVlGqYrlzgWV+jasWgWlk13BBI4ZQLQSJ4ZwL/00vXae5b1f50ePlugk8hWLPoE8OQl5A2cnOyc5xouFaQMCUuT4D0MWOl8Z1FppQJPYK+BIQHkUa2ZInhhjJz8KmRY1H/HX744d1IINEuZvFZPpSc9yXrRPAIEgFILzMlc6YYsrUshlIalRqoEjG9zyWLxMZc5FGVJaJMKrDvvvviBx10kFcgbrpXqf2p7jzA0CoqDpxgA+z0McW10v3swAMP1PpSIwuHbFSP/JuoxZ3y/OAguWJK06tIbS0nGwvMpzoY5VPrSAr37v93/+7fmQUPvbejRHhWcBOtqGpLWTrh5+Ftb3ubFfFuVkOzas22rtxFBEbd+Nc6EvTd4DHLjK2O4iiLMvIsZdzSCyp3XCIsl80grmIyk7IhZpQazKgyKil4KgZ5t0yV5Fy/ciILDuERyJ0eJ9OYDioYXMnIEvNvojT1RlNUQ0aicC4LQxwCoywsEW9WhEH/nTtIODOdA4yytHXBACxOLwuwReSTRqFMYaYD2ZvFuRQMcUsDpPVSYXrVw7UrJJR4u5eyI2C55+OG6MfRYO0oldREkOSusGQCUhPGekw4y4GzN4sMD70ccQXBwZaFFYHTyioIh/ADaVR2dqh89SRLXGFx/SBc9ZQd52bJ0XSlhlNP/s7v/A5LJ4Zmg4oxJMi29WgWVLWWoikmeKYLOipGI4oScSgpOCEfZuEnM6Y3yg+uiyyE6S2WJsE7pnA2krV8ouBVUnmlzABI+gEGWoIFal1YgoESZD2WRrnYMIaWH5AE4p+ZEPxABVLVzr9YDMBj2aar2XAlEt0ZyL4G7rDSmczqTDWksWQ6Rx2ApGRggfqjGzgnJtJob6OgQgISDDw7tRiMnyGVPg6eIlh3XF9pM2iBgbZqE4TjSgV4A1h2dSMwiEbWURVQKJwBszqWQwJqcwmUYAjnkAFuCm/1c7UVN2zSARtm6RSXE3O97RxoTg8RC2SvDf8AUIZkkEAovVgsPcZLp7UGQFDVAEYRCEaVos4Hw+qoD7n+ZJC+ZuBZNeAHow7RNuZOCfqfTx53IK3g01Uw31x1g2Tk4BND8ob23ntv3OnsCuIF4KvNWprLsm4wi5JrHiy/l0cFlZseRQxUBERQBKL3SJbbVMVf/aoPGZc/reC6JorvOBXnX40gFp2BEtP0idH3mkuP/dzlyQdIW5eBQ8G9U/4bNmzQoz4YGffVbK614c1qEVonySqre6euvfLKK70krrrqKoesKyycvvdNtMxWhZk3nFluosrNzPa45JJLnP5XXHGFors7cuhDlQwVwMrFv5TdaO0u3IcFeIC5bgJJYxVk12r5IFVAng2ddNJJKvZXf/VXH/3oR0888cTjjjvusssu81pS6rpQIs4XC+SVf+65537wgx/85Cc/+ed//uef+MQnfvM3f/Pss8/29WCV5TW+l83lAdp3v/vd55xzjprLxXsXZvvWLuUTB16JCCB1b+hL2VqTfVD3BS26UchlagpI6qwLmTGwpocccohcNIZkNcnXv/51SKy4gkhQVa0IM82mzoBZBR8W6mOz3XjjjWruc975oiYKq4n1IWCWRlKMDz30UBP1jCKIe9ttt2kwGKxUi8VYhziVRLGyWgIkXOImQq6LRO8gAEY4teXHmiqdxQLD6WaKBuOkxbIuUuBfyq4azoVuKl2LVQY3CrCGVBmotA0PCiURZI9YEdMbpbfvACAgwNQHqQA8VqEtbddoctN5swuUVCyj/FgdPoGxd2ThdSgL0e0mL0gaHsia2RKIyC3MplgUFbZAPozw2oNnC+frvihCy06a2lXNzzjjDBg+9rGP8fPZz372/e9/v53rI1JEJxH83KqqpoLfFBMtEG9dzujtXLVSQ0pcUvzjOkeFAdM//VgCtxY0dS/nLRbSDI4X62vLW6C3v/3tOscu6wAxRYWFs1jqpus0gzWFEE5xxVIKTaiYvQBaC0RALZNRETsY4bFG49Kjx2i4db5ZCCWt8zUVXhRgnBI00nQfZbPumFUfNdeNRx11FK7ZaOSl2USxHy2uWebqCgY6X7K2PK7m+lN7ywsMJbVYzBQTeKGdP7hWxJVCxUBSfyvOoezUU6aKCb+i1bpqQq9VqoCC8ImEAB5X0qpqyfC5VadPFgWx4r0+IUEeVY9g+XBNqA5O9bjWZTy6GmyV8QiAHaoCpiupOhRFHdirgLpZF1UyK4FzNtyakjFO5jkNATx62FDGWUqtFbe4vCmRUigamVIdcO2kaEoHGxlUBSSDB49tIn04awaPoFZMXNGmly6nOtU5hVszE4A2QYC2DW7IqdGHBhtVk6r0FEvt4C6AnsgPnwR1RDIEVLnhaJ9bvGDx5lE+1hISmXCi1XjgUyDEp3yUACq9olhVs8qKTpCqufaYPdk9Rlw7ATwgvdV4YKPjZaH5ROFECHMZ8EkjI1nI0QXRQX/EEUeQHbVeuvYwtxAqBcDWRlIS5BM8aPU9Yy8Jx4RbrykA0/OPpK+MwEhTRiFkQ0OGHGwTlYhPGVl42OidR3DahwoOw1/+5V/KxaMuPOaYYwA2BXLVUENccygpGCbyIxFQ1ZPSFAh5U3aYCc5fSpZ82s+K41UEHg1gIvLc9ph32fPIIHHl/UoGWAgeGJulsDyDpJjSZOYo8SioIV9sbPqxgdNB1mqieoZUUjNoXOsiC2aAkZkJJAVTcPAgEdfWknXA1FBQSPhXur73tQEnWpz/WqVNRWnICjLDS7afCvjU4IqZtmnrVtuWwGLVOYA1xaM0xbLKwJtoaxlqy5iiMgStZa4yeqyYNIoDkkCWuFOAB9XQXUgH8kwPMMFOofEIDGCObyuFb/6LzZWXxvqGxCp45JMT9h6FbskUChgAVJUGTrkoDqU0rWzYVIAHvDb2RVLltbGDmD0bntnzyQnZOupDH1If/vCHrZdENKdV45kStnY3/xLnx6IYNavGUBZ+QIU/JOWOKDlhULNps3qYGSQAgEqDqwxjBeREJ3MIOUsfBPBbcXqJSxk8ZLHUnAZCzhkolHx5Y1PZGXT+Rmb1aC5BOgTYLOIoMgwZ82DV4ISETchLtl4ii26ZTMQ7YHUFS20M0uhMqHwwOYtsWCFYEqymEIZ0I2MGvGngZHo7whRm4MGj5gysAgMpi1UzS5xPljRGAeNfGaFS0joEZqPylY6guktlYAaDJTPNWR/qEJwsd3qjNAQ7gnPbxPQ0nAhEpjQlToOjXgSQWwUlJWj41kVn+l4BSQj+6c2174x6NYYHAP5FJCPK0A7in5IHsRjAz9isOKUhZm1DqwyD5TM6FkuhxG0djdY5ZDCsb2eColGWSM2mzk3ZZJMbp5eu885no/cZbm/4RMLpbRicUvVxW90QpZNdwmbhVrQiSgZiBlbIJ4AYyqHiOkB95TnSwE3Ru+yT7bEq4jXJp48++9OtUQv6KLPe/DCWIaECKU2rxT/Bpyv8PoS59X61QgLRqIIPXmn7KtRw1gxs+PmBmR9zjUJIhpCBZu3G6arq2oTLhRN6X1vs1cEUyKEFw9clhO6IjnIXBd1PVnp61VMKsKXfStQ0uNSgVT0ynD6EOfHtLzsIbRWrBSf/fIp12mmnCery+kd/9Edf/epX3/WudwHmiFHkukHd+Fc6O/bCCy88/vjjP/OZz1iUL3zhCyeccML555/vne2GYTNbQaW2xD67YHahOfroo02RsirZ6r7dHIuw8am8wLd1VUBzEwSl76sTT+PIAJilwta4HtVB51gRX9+OQrdSERVTTRRZshauZlBVe8Byy8J9BQxmXtLKaBEZs/FtrnEtlnVXLqXTOYYsUJcn03F6YGRhisdazmIxVnN9r0o+jHh2LltT/k1XXqOAcd7pILXww8azLJg519wqNJi4XFksUTyqgHSYOdosOr3yKrUEVckSy4sfZbEomk3WRtUKiahi6mwIJQyuLQngIWstlu0tFx2CPHolMAO4fUEWkX9BhVAB3d6exdu/kHTbowSJW2lKRAM4IK6//npdpI29QVXJ0Sxxbk0pnBUXTgW0xEUXXcTgi1/8oo1/4oknSofG8mlmem3P0mK1N/lRbQsEgIh1DtnqwAAw2NaLRmqUEhEU5k4exhVWBcjqhpQdNovVDvIugdz+snG0gbWwiFzpAf5h4J9P/rWTnm+xaOp2NeQTZpWcFmPtP1IKgdMTJMWGPWNQCQGWjpKy0SpyFxTmPNcMePi1Gfymt3NxNTFFZ0Jus5irVurfyQCqnmQ5FstCUNqnDORloinar/LKsaPYfhQRctvBMY6DioPKiSFmzgRgYLB2skZcaVdcRLnQq4w6y1r6fCKV1IRtLrxjnFCjMiCzaUFxZpScQy4jWVgXp5D9gsPmLSUovRPSRMUBT6lBlbX1ZdCLgA2HaihBB4JHDjlReVVqUwCD+JEXah1Rj31F4WwAGxxyyiy56jRu/46lt8RWEOyOvlaWzBJPLwQlDqEKg+Qq7FuHTDlhsnNAB1or91ZnyjUQEisrDUHJQD6KImeOAPVIZgwlP6Oa/DDLQCaiSLvjEi/nVhG3EvM6Po9/bn3R6IM+V/mk1yiyBQAJV00N4WDTACmchJ2DVi6cjhsCYLaWN64UjLZCpgCAKrcQBEPWHnjGjh4HBxi+9MFwEzUEAw0MJuokUJnpexFNgcFbUBTFpSkLiUMoQY0LjCZWUrMqKZAVliVU9Gxq2QorI4sN9rHHHsv5H//xHzsNZeqjxCOoqhce/iVivTnkDWAam/Z973uf94QieDMJCrMeshb8M7NFabwIpSkWt+Bxy6fyssERPKYQhDYEJJkZLus00jRXCPh1p8d2Qs2QZ6jAcyzKlAYAZUf6AXhDMJgFKu5D3tyu9eMmKlabgU+1rf4wmAKbQonCHh7O6XmGx8S6i38GjHFLRtNaK6ZZHEqZfwSAbSOKpZSFUanxTw8/P1q39RKiY8WjJuFZItVKUmbxCTau1Egl7RdDCDbEg9CDPEJrTQmIMdIGIlo7y2p7v/gXLw6n1sobDEIoJv9IoELjsEFFBgmXFDxjh5ouQVymNbNqKJ2uUH/N3GLhwPBfOAaaR6bMDHUtPvzww9WTmR3HACSnJJDCyciKqDy96kFVleocSHC5lAj8plDKQsFxs+L0uCFbSQpqggi84dUfJI/1D2z0KP+w8a8/eWBcSxhiX8XUSo7T0TBfbSUbkVHKTg/2XJnSRMBaC48c4oKqdpUXiEYuzHD2NLiNyRtZg8mrzrcKuIanUVVZSBbntmMWN1SyDASqpfUnPVeMQwIt7tERymeVx8GgJFc3ABREOlKgJDPgsCwsikdl0ascim6BWOpJUcYxXoumZ5Bs9Qk4A6TyuIOUpt6wy2g0Npl+tvqZKLUuXvU4ad2Vi8yPjeBV5bXHj+mmiGsuzFyREQAI4MisgZzltLs224xxCHF6Nm1D+SKJV4SK34pDUumM4h2GDHAIcYAVjRNzhVPJqm0i5fQfxqXqcwZ0C6MEtrRMcCQZQ5bcq54ZTXniHvEyN5dNZr38WfpQGlOkVPLCjQ4eRFOB+qryUeBj3Oe2Tzmfe74OuAobh1ypF3uWeCvXqFlC+9r1De6e5LOd7BvQd5wPbc4JQDIO0ugGnGeueGDm41ci7lte2746KfnxxUrPvy9E7zaofDBS+q5k0B1LLBxsGhGNyoWlWXjwFAQMhQ0MrmJ8ilimZrEkFM5VTLiLL76Y25NOOklep5xyimuu+64rBX7qqad+5StfOfnkk88555wvf/nLV155JSWzM88801ewKyx+xfxXe13RJIK4Al59DF1++eXAs4ekKwhBMSFUEMK8sKu/GlszdHnqEx5ONsAzMBdHMqJkTJYL3n2iKolurvpUzFEfrghmKRpXcJIrJm6IE6Wo/h6ZVSVmlKLQj/YzixPhYGPA0qO4DDKTLDPTGeCtTvaIgVFpknHwZKRoHhWNB1wKMoKTwJu60YvVynKlqTySuTKdz0EeKRmArRtRZ4E94kB3FjjgpoN/lvH57bz6zZ1OT8dBh6OXCqGT3ZAzRT/X3uIS+G+DkEW0a2hkhCMaCI3KXWoSBLs2wA0pMo30cSXCKQkZq6oNoqr9DXJcQXSUbWv/qgwn9KYzNgs3XSzpmwvGuvrgkSGP0IaZWZweNgZ4KTQLHnK7qc6BhFIU/pFS46ajwsHDuGUidAh0oCvjOKzwQemzUU/rZUoTwYvohcCFMyQQDhsNmSWZwQT9Bz+gAYYAJwwqSVOzqVIamRqVEajV36NZODMGvLVna282RnHpIwKlWfB4BIAMJxuyIdxcTqqPRwIDMuQEaWoqKVeTGlIH6jfk7UKOe5x7dvo0YYaTa2ZkVJf2ETA+EXzV6eeuK74zfPP1aesdxuH8fnjm08d0StM5YeNtp/nJvRo9IgLq601QgMG2ueBHY2W5BQwFmFvGHukZIClbaEVQgRZLreocK6JEyqhWyhtnqbzMcGZGEcvqj5toaArtf4ItC4cj27sd3mYuW5oMTAnrwE2DZMtGIdgrhIk0DVU74ZZU/ogBPz4oTHeOKGj/mdMyKLHHPr4QAz55Vl9gcHhEJPi+sHI+9Hwq+uJ2IyFbQnpfhZxbUWaMTQSmuge+lAUy6ktQuGU35MR0Go2CJ/RdY4ohXQJ53ztiGcXN0l7McGYE4AnCVZ8yYgkYPqc43TKZCUEjBYLbqhBHHnmkO4f7BFS4u/gRRxxBOOqoo97xjncceOCBZJ/5hx56KDOP5u6///7K6Kboi9gsslJIkDc2ZHXuygtbX22E9kaljkIFuSGoDDELOQ09G7mzGSlQ5s2QcJR9aJPNqj5GaUwkM/CIV0xLL3GrAJ6kILesAHtkACrOHufBoyh8ioibrvL0DHhOoOSQfwuEKw49ztJFgTKH4SllCXrE2UhTFENW2WriApliIsGQufQlbn3Za7M4D2kQz2wI+DAbG6Td7phz3rXtyXgCJcGWJtv2beOOy45FfsTiE88/wHiQZITrOhFxMjN42Fd/abKXFLnXeTWRY9nRGMI5p8GVlAcGZKvDg31HqLuQRTfKW35ahSKK7hHnk4afwKCAtc1xZmOzkBmQs2fgkZIMId421Cc4qKag8o2aAg9jMGh4Y8Csgwg953lFgxpl6egwVzFx06Nqa3RwZkMexnjAYACm+ldM7YSrZOWlB1UukUdJhbwsOJE4ufajYWM0+xYLZ1A1jIpOCQZlYIKNQogjyPEKIvH5ZbT6u636UMtpSNRbuUbVhISNOTLqy4O9BtaxPno0sC8Mct/BPh0M0Xt11dJm9b7sZUnj0Sgn5vLmhTe4tyMhzoCmXWO6WTzkKp/hiZLTM2uh5Y4qxbxQEykXrnS4MiqXkrIZ3LrgDBCDuFkWoimcTy9dwSQjKqDxCGj6wQ3hGeMIxKhHVLajHE3JZnxiyEfLLolGLYwqtOk+EHjoHtMyqDINhygwYg0uCj2hjxHfFD4SrWKf55zQE9jwzMwhZYqIaICfM179rbs+IX2Ve/Sd7mulPoCEPjAJAFPyzMZix9MY5YoZm45FSgIABABYDvxk0ek9knGU//C7S3Hubqog7vEudrj7H+4qfOONNxpyl/UINg2zbuq+93mQBV5B5i+w6bfh+C52ZHPlse9lSnFbBaTUCYgehxBnaYgZnpy+LLIcjw3lWThKslmVurIgsiGcGQOymhu1lB6BNFdSiuDR3OpvIiHMS0gj7gCTkJIZzgml3PkRhWdyeEYiLQ0uCs+meGTJDDdx4MEpAwMAYx6sL0GP8UDGI8p4Sn1IsEEIdkFnens+cl7/eLcfX7f3dY/82iNX7H7FDz7wgztedseTezx54esvfPA9D16666V3Hnnnw6952K5m3Ploo4nLYQDKooxQcQNZZaq/jHC5UEpNKci4BPFsDOFNwaWMM6bUXRVTJS0fTo8o+WFfAQmi8wNGnAc8ghYR2BDCzyBOb0rIcTYJ3OLVX6sLEQc7s9n36mxtSvhNTFNQq9BJhTqsBkfpVZUN4+ARChF5XHJDzMjrjHEUAJg1D6GerP44TSsir+pfRjiDKh9nFm8KGw6zr6VxUzwy8whAnDIkA1LCOuQeK4sidGiPzkRaLk6/rNioGyI3i5k3k171ceBt5AsD983qhTS+MGi8w9ibWFwYlD1XXnX8xL0RhY4vBVHCY7opLVl8XsPV4kaz1+mxIbGYSRxVHzxqsSojbiiuvDQtYgVHhhLGFLJAU1YFRpVsKaBkHElyyNFs8owNA7yck8s8MzRnN1GyDKtCyrlQ03/e6wvC2liDHpfVzPPgNI2y7DOk7zvfen1opGRjLZkRTBl4EqbAa37YEzjp48UjJDAQaCKP8YzzPDjNsElAlIgBEmvJjRLibCRFaKLQhBqxT/guDT7kfQuTCS4Ty/sEDnaXDz297GacEnHLFUGVqrNYchGaEID4oIYIGWwsl+AgSrz6CIGLgkvEED2eDUrA+anaVb7P+T7hW9CIEmeQcTUfPI26MZgWYE1oqCmljBuKNzqhWfvGLzXcKN7E4oaBBo8MCQE/3vQ6KrlaTVBmInOCIwYsNeG85ae/gNhuxzv+nAIvfOKF23x/my2+u8X2T2z/wrteuOXPttz00U23+8F2L77nxTQve+hlL33ypZyAIRcEWGhphBYrAMWycRAhojTEgDGoJpIlSEmGNh7siJnHPJvexCqjzQjdtCDBTR9FMzf/QcoJbnqeETkyhFdAOA0F1eMwG4/DWynHDZkyiAanzJiA05jOP2VlqT5WpPPhOXkGgz8nGeJtnVn+Bx+QguERH3JQG01GZERoOm4ontkwSIgYDC503CMO2wA5qMeRr87srPbqQnpykEddujE3tOTzW2yi3kN9IflE0OTjA6KXFj2iMTR4E8l9YZBp0lNmgxJExAsaGOBxMg0BHxRCQ4RyxEs8UgpUrUYBe0wea+FxlH1Z/zE0dY7/CVAwUSOPg8I0uFH4koM+OJInuZxRCQghHky6QSfZbG1CZGOQKWuUlnZgGLGiocR5zvmSaBpt1phLCRVhrBN5aYOXgpW2Zn2V9NVpgVPmJyr6oKKPRSIMGkPRcrQhRLZshuIpuRURBSwAkOCjyDj9oJSM4zRNB9gj7nGgRTP21dff4OkHT1jKSx4NzaASXFcKNIyRWM9JDTFLhpkgI4IsaPLPef6XpdNjeP2towj4IErU3qgbcc55bp/XHh7RBHGNppTmoAlpTGwuVFFyygyG8eCDPOYQRwM/IXhlgSds9cRWuz282/Z3bL/XD/ba5tvbbP+L7bd4dIu3/PAtO9y1w5ufePNO9++07c+3nfObKD8cokKUURywuMdo4K9ncKPJiIwm0GulGMQz5fCf2eAJaGU905TtTMEL6uCRFDwuOWX20dJDcoHqdqsJfKc52hhJQhqUMj8onzlHKTPjB2+VeZb1cjNGo5hkZkue3kTCsPRI1n6De/EM3uGT/ywHtc2bUuuawoZsiH5Qj2NKfB0MwOJDMBQPvwoQ5oI9q2JDTljSutHBo8prcZNTIv7FBVIijmLriD82/6JvBMnGTlCPU7Bnv0HKQrLlIrU0U86LrBtiZorQTUkzOJuIQZwy42RFZhlHmRGWxkCuXrrrKOgJ4zGaU5uoVJUsAa0GFpmbGwcrXi1GAuQlhw9fJoDIlCZGwyc+omSAo5ybmE80jFf4ZlqBfvZqscwYbyJvQ8YNoYSlktk6PowReTyagoo1OP2Ivm7IRIJ0CMvdiCsUrjUjMmKpdDAYNaViVsZ4ZCi+rFIRo2VZhvB/hTaeiJf4kqNs0DDrsdEg4eyDGnkclGXURDz9kq+jlFz1iOawzyBfJ6B5/Jl1WdLQM6uj2hTLl9+SJ6BGe6l4syZngEag50zBaBHDhjfdl4RPWLe3uMducsVCTRmUHzR8omRx4x4Hhnl8ReuApUF11OirQYZwlgTGY8o8e0WT37WhNE0ZEwf/l2g5ffCNaTKdaQlmUJWpRFGLspQrZnLU6JKWTmbHE617XNLGkNbx5WNE5m3olwKaTSZKHqUbmvi/ROtwzsBXtMp5jdJks/EykddRStzKmkXA06DZZEUMkBOAHPeYzYC0Dtug9MEbco8J0fJxab+kgCUbHWbzpGeRxhjCoL4acVOmvnH13HLtZ7BdPcmIbMd6jNvGuNPBUHvbZu4zvF2N6GnY43wStl777/weXzn/MSVy1E87M8M57Ce6/Xhq2/nPspsSKnoG+S80DR4YBsFDXJkYmetxSmb+WVa1qHad49OqLhavRDjMsyk8e+QnkPyTUYGMwoyLxR7yZFym2TDG0QRuLmY+Rxai0HukL0dkKLkhdSC8bvErAvDtt98eRzvuuOPrX//6HXbY4bVrv76fWX+QZPyomeZV858tIiBDlgDfZv5jRzSQlHLACPgQcGQID/OSp4cWH5Qyn4pgVBHYlyZhynNtCkGUHku5P07Sj8dHM8zYpz8YRQk2A5658mgKDbn+wZfNhozSiN4y0cDG0kShrXs8sk+WymxaOEFFwU1HZMSgRObZq3etjoovhUHzZlxF4RbPSZxPSkTOJp9otOtoY59WvqjwQX2ljfYuetNR8lKT86LEywUA0YEZwFCohpLBMCMoaYVVLlSVCEYVjQFuIk0yDwyMIjIlYXBDwzg5fZYRpehRiYzUelzH5YXMWseRUTTqo3RRlUROD98TBBXGly+DJTHDmzh4Jw8ekdeRiIWOljIK25AT0JiVgNKj5eNSH43RBDQwDEoT2vKKyKPBIsoph7V/CGFjyhtSQBXr8t3ltR8o9t9En5j/KDWOaFLiDDS2oLmKD+I2VKhN0TK1NB6NBjieDWKGt1/GlHLhdgY+UcVfUt1Sy8VH/wxqIt6QNuNzai/xuiHhssKlF1EOXpkGslHiKeO1arLJjI0y8Tb+UIBH/PH5D6/355vQY/OfqFZcXKEfmn9txX333cfmO9/5zv3zXwsh9xOGgAHDrSjudqLgNC0M50JwZSInDzzwgLk08z1wMg7kXI3VPyJRseCXDuKZmVh89uNlCHnuhxtcgUoPT4K4DQkkRH92oz9QSj+Ms2eM+AyMEMqIyyU9DgCN0cro0VyCdAi33HKLEt08/2N8eH+QCn3jG9+44YYbbr31Vgb33nvvt771rQcffLC/MsFGQforMZzQoMpCAyQlTlN5xRUdsHU0teezL8dk+iWnnEyfbbxcrBIUSI6VGg179cc9ZlAzSETiLSUN2EhV1ZOeWwJXLLnCTTRKnw2OWOJGM+ZBCGVhZiiEA4MOic+prJLiFjerKAoVR6YbzUwj2WBayx7zgvd66DWDaNp4YwOnqQ99AXiv9DXQFEoYAOMfgVpQslijjRGH4ubKq05cX1cc+vYi+N7qg49DxH7armsNX4JICmKV4HKxVExcVTJET8OyrHsEaVReYQktVn9MbzSbHuOwyuP5HJ4N5R8Rqm3KFsjy4U1Jz4YxjjwiBjgwBHnhMiovSnyQIXoTl7yJGVQZvFohRW7h8OU5mwYfZrjVQWmSEZlDQp4RASk+LjoBgLEWOHkgJ0TJS246IeNcjVFKPGpoHWcw+DqiDGfg8akEc7KaTfraCZ+7eLrGjQTzLGLRlxgGUZZgyZY4bm6cnoCsODmOmKGBquiBaaMRaIBsgexBwvhci9spfeclxM0l5NDE/AtUNaKpHGtdMaqBqkPROZmBrEgUnLLQJk694p60zz77uCrttddeb3jDG970pjftMtPuu+/u8c1vfvNOO+207777ukX1m/kYu13tscceODM3KuRG5Tpi1NWEPd5fTjeF2dvf/vbddtsNN+stb3mLEB45N8u54FDoQgOJe4whDveb/40B9uLy7JbjNOkS032FJu5A4cQ9hhk/MHTzA4Mf0dnQM1MaZVI1y2YVLS1SSvVVOFXjUF1gIPQHkbo1csID3uWyvwghhMedd95ZXFBhgBzfddddzaUXnQ1jZJZkCQwI0MpFrHLpJofTd0RqAkNkrgjqYPTQQw9VtP7K0GGHHaZER870jne8453vfOeBBx54yCGHsDz44IOXf2UIBssHoRWhj5SIEyWyHMzYdDUUV3QtUusMXo92fQHSI06P05uCVz1kFGVcMWXNpheA94EhE2kILJvLm0cyM6N777238kIu5QMOOABasp584xvfKBf4weZWkcFusdiTJeWRjYmqoYElvueee9LTWMeSNZ1xjQGD6EiHINtj8JRgq4NZjE2RVLyiGQ05Y100b8lNnBfarAZru2qzdnIblUMhcFPawNGEYL47cihczgOJ6NlwwrnTyotHIO8hrw0vNi85X36+Tghee73tehXNx8WEoShhEDqCnGergIuFi0s51poyGMgj2Tq2mmbRQKsa9DWzpVEZ+rhHyhbIktG0cLjtSW9ue5xPlsN/ndMykYuYDc4Pbog9ADjMHsuCXMVamsgjJY2JeMjFNVT6FqWaqFJLhqqeglvKVrYXgMK2EK0yynJMQUOePU0NgJIHiUVZ0ADEoapJZuwrArikcKRbMiY3Mc3cR5OAMjN3mKVB2gCnWUcNodDiZSHHUp5Oz/nVXvqGpsTmLPLZdDQ13NrnCDOlM1FbEnzVkfu208Z4H144mdDrtpqLwoN0QshzDtGAFPfYApkep6fBuSLQILIQePsIMUYcBrvqVfZBKk9Za9U5dVGaCsugqqbpfGOsCFNB3XXcllyeXJXcLF0xXYyQS5JHSkMMfMDeeOONdrLrFPmOO+4gG3JjQDa57U3jw9Ysj8zs/2uvvdbd6+tf/zq3OOWGDRt4++Y3v0m+++67eWgK3uXMve3OO++86KKL2Jjeb1HgqhPE4eKzV6XY40LTdL5IhCXY3fmQLExn07VJxVVTIZSjDaYQHhXBchplk2cCYFqBB4+SlTJXQtCADTClcDAbcrmEsN+kIS6z2267TeJsWCKzGNMAY1QKAFtjgvXucoB79DkvuoZgQGZs6LrrriOcccYZnJ922mke8X45Bjp5pnPPPffMM880dPbZZ0Ny/vnnqzkb1bjkkksU85prroET0aiSyzGQlED2+wRElD48mhLpXRxIYOjxcfkgdwVptyx3SAIyJBFuS9Bc6UtQocwViyaH/NT07HGFYqBbpHzVVVep8KWXXqpnrr766jpHCjAj697vW+DZFFyHyMVENgT22knfEkrTFFlbBUXQbCxNBCPkegC1dSEhAIZDaxRySYEnIm46P9WNXiLKZce2Xb0ANJh9OLbfdPzMQ/ptUGdTxvi0xdfuo3qyyigLkLhAlUgb88Ms5+ba83a+95YPDm8y3BcG7tvC+8wrSqsHJgydVtCWMvASbDWtES47oSUoNF7HktmUb+uo4VUvY6us/lpLcTS8x4hlB4WNoFz9ZTycMQ29UR64ojHEhuf8Wy+xWiZuhW6zm8WYJW6oypgrEY9KVC6VCzayodIEmMZco3iyIVPmxp+O5k7e1ggpWtW2jkqt5nGVx5HRlrh1aRYZDTmhyuMJkYiWu/6BBAebElrtR14SZZw9zszjkrdz8SEsDZZTisiATIABJfcIG5zhlyCSrDrUcjpKX5EbKkHTTeR56QpNrue35lyV1U9cK118UAYFLfpUrLW68TlQCQ1Mve0zy6lOACx4uE8r3NagJzMYH3aIjPfYpxtjBFsAgi1iJYooAWiIPgMa9gh+06eemClXwxs+/YFhtwdXJbcBFi5w7mHg0lsVn5a+Kxnw64Zx9NFHu8YdddRRZDFcHcAFVO+KKh/52+R615XOrcuV4thjj3XbgIx/n8AOBZsELCWzqfi3T3D3Eh+zLiW+eV3RRFQOZ4dHgdoSAtkeqsNSXEN438vCUQonet/LSsyzQ0e2kkLq3p6Ri+RtPAnqP/qpEHMnkUUxi+A6WO4Cdd1nRjbK2DKTRadk6RIv9EEHHeQG1j94IGVToOVQRIHIEmfmQqwU/FhmArQseZOj8xFgxbEEEgego7N/NPD3f//33fbYkKunREDVJdKB32eBYrIH24qwOf7444EXaLpuv/a13LLMP9jKApVLpBebWd0nVNUokiOukooGjPWtNaEix2lwGGpZXI6MyYa4arH6GYaygCeoufQStzNrcYmYyw9v1pHBEUccIU0t15W3pFReJREzIbjVTka1pSn8M2NPYGB1+IdfIg50BhI3pd8Ov88++5gohIYxxBuSL/zWFCoyTmk62BzaGrIAT+UtlhQoGbO0xNIUyxRRUCc4s7YrA0TPXgirvNyQ4zRsJ7MxJC6fpojCieLASUPPAzPGpohiA1pW24Qfc8niWlPAtITd6j3EzKgpVicMQsDAP8yKL0qrWbIqKZaUBVVJVTKx0GZRaieWvdSZtcpqYr8TJAWwDSuihRaRjc5Xc/3GDBeiX37CrGMHEs7zT49zxX+b0WKZSKP+0uFfWSRlSIKiAGm98LKQlLn1Fc64qkqTRnRTSjPO2Aq2iHaTFMCe1nLtvzXwIB21xWH2CIaFI7QciqNK5Gahqr16WKM0OJrX/5n/5id34ONg4ADjUHHLnixHjzJSMXJmeMhxUwy1WAlLA7JAZNwozoBeImEg4yhUIQR4KsH8gkESN+pR/SsLuYxMNxSXCI74QUb5MZ19PV8ZNTCumQfnn6W4c7TVe66i8RYexNIoV200HLUpCHidP77GhCNbaF9p/Bjqow2HwZ7lilIunANcZVQJ0bQFkOJUuupvLSpamQavZMk0Dekxyuml6/J03nnnGbjyyiv33HNPX506kr53p4uFZNyiNKiblj3mImXBXJ72339/G7u3BZRm+XoVxhXKrrj44osdhaeffro94FomW3cXe8yXL4gQyNP55YvYCegK4tPVpeTggw92rTHFFW2//fbjnytzVZaSjc1ZgbyzcZ+9SuZD2Jey6DJ39OgqdVFc/t14pNodS0EtntQkWxciRVFKOSKu+HRAy93FSCD3Iaezq5L0waPnXyepQACuv/566VxxxRXOBTVxlFx++eWMXdGsvewssOIokY3tjgUYSMxEKRZg0pcmrrx1A5+GnA6mUKq/Ov/DP/zDhz70oS9/+cteRfxbLImLpebOWYcUzxblggsuOOGEEz7zmc/w87nPfe79739//+CBUaWWggpYLHN54Ed5Lb2zsvuEBGkQzBByrlz02mtcPoSzjlx1EbEusjBRPU2Ur5IysGQWhWc3bx9hGuMtb3mLNQXDFUfXctjmV2r+q4aWY+YGr2InnniiMuolq+AK5cy1JZAj1etELDd1pbMKvnVwhbUK1nTDhg1evboCJIEgtEDXXXedId409te+9jXdaE2BkTiHjMHWaSJaJpCkVjOIBZi18NEzmkF3WazOR2amqAYzynES8cZnR1L7sE2ITETtRkQTZ8BskFk8tBzKxT++1c+3AvKnL5oOF6OclGY7i1sIVU/vyQ4HVS9poc5rBgINYJzI0VqrgJWVBblm6Gcz2lh27VxzVQa3HDYjzsBqytrK+sKzCpyTAYCxnauA4CkdJNrA56kF8nlEY9SKQ8JD8PhnDAZNnlUeNj4dKbYJGCBZMsg7u9UfGJWBP16XwiY1Dh0C/IDNM1eq0c/YcCWNM576fu33aSzXy0SkCErdS6sDhLeKn0HGloAQeeQEXz0vaF7e1dvXWozl6JiqdDgkeJmyFEsneAynlWIQTx9nDJgoBI/5McRnPP9Vj4FRgrhDwNvIgvIjBQ7lKGVkCSyWgrBRiupQA5s4cskDkibKD2MTTSdYCLzPHWuUZ3yczwRDlGT66swJJSemm+WriyCi1LST5db/2kMInAdHhBPPQUpww7H9GfCTc51jiJO+vYJEL51phdbWqBTSDBrJGgobVEGVLF5ZyKgVnF66zimHuN3CFBrElAurIgEIGHDthHJt1fTHHHOMKxRj+6ePfUvOAEqy71DdgPdPa5nigsK/Y5QrDp0CnANK7oWNO/1l7oUhups0MEZp+GGpiHyqIK5YqmMNlI/GXBo+2TM2vWUAxmYzankoDVlX8BRFynyKq70QMGyko1hsrI23FydgWzDngvV429veJnE2HEq2yjqSIBQLeMDU593vfjdeMRmYKDSoOk8x4UT8SIfeqEeCKOqpmFDRKD7BdEulCThn6SXK57//9//eo+WgUVgpA28KYM4X9k5AyN3k3Akk4quFN+88USRlCbhlCQ89SJQqA/P999/Pp0felLdeRMBLUH0UjSAiXjdXfw2QXjjVM12TlQjwXPFfguzhsVIKK5DeYMBzTYlMZ2OiEnHb77x0U/c2dUNi7NCUaScIbAAjjefl6pOCZ7zLsVp5FNdi8Wy91JxPgFWDBynzrJKHHXaY6Y5p9srCwMbgH3LTy0Jq3IIHuQZQXsAgh1aP2UuqqlCaQV7MkPIKykZ0BgSkhtYLTUfRfG1CwuEiSoRs96peZsiU5vJvUaqPRNRBBUQR2ihvTSebApXo3posvTXVDaf0UtH20mfPOWyKj/iBWZqy0z+qKoqyqIBCaZ5aZWwfVZKscIbUUImYieXDSKG4xbli38mgQ7jl0BSl608b4HpeMXGQ1J9bYKobPNzi+kR32YYi9ucPcE4kzr4Cci4KAPCYouVo2vI0ppsrFwsBm4lSYMyJEKWp5ZjJEVSkICpcMRXKivBvaVqg3nC2fAuHI3pkCuNWMKFSx9MjbgdNh/Fah8gdQtHVQfVgsO4eccvddPoepW/IqjHDyWnitQefaitlj3nDGeDDf6OM+ZcCgQaS1qIGhlNoo/WtOkifhqCvyDUwA05MHLmgObOJ8sOAsYnOT4LvHj3Z545Nqra+fiwct+AB47wy5JGxIdw3E409y0Nf9jiHgHEFg+8t7dTnMjM+aRj7UNMVblMwiAWh9M0l+Ch0yDgGTQlSrsI8rdAaydp0VLI9kpFA4AHMLT8mKhclbPTgMaactpDLnLuRwC49jqR1N113FLLLgTZ137KdzjnnHE5pvCN9gdpdSiCwWT5L+XUJ0M0ufDakO7SOd9Oid9OVmPytt8VwFgCqEHqdH9vPN7Jz001X0fl3q+imK38r6hxUDiktV6uvWoVTRKcMz/S4vrFCsnW9swMB8yj/OkNGVrSGgJxSazIGSda8CSE0V77BvTB8lUu57/RWS5sKbcca4se1SRaSZXDhhReKLn1Hv3ueXJQeVDVRaqHVRxnVWRRcDymyY+6WW25xpsBpaYXTNPY/Jc+nnnoqg0984hNuuqeccorvnm66uoRebRVBncdN1xvFTfdP/uRP8G66Xl25qhvMEpqHq6+++l3vehe0lqafB8jagkbccg4PqPZqjV43q5JRMg29iRKx38ySL7Ic9oNu1gZSdsj2zxFKVim0vjLWDARVtcFaR1l4PSsmSK71Fqhm6Kbb7uKZBz1z2WWXqbCbOrmfN5x99tlsrAvZZm7rQuhgddPl7ayzzjKdZ6110UUXKbXKQA6qHtMMukvWsOl/VQKpm9ZNN93kxL/22mthdl3zPqgZeIBcVXkQ1KLUpZpKy9VancuiM1NPjQeYoDgP025+9gWXAb1RSJhBxYNwPAO21c+24v+JTaf/vMq5UZ5ZTmfb/DMxZD/CqWIWDlS7wElESVAQJKJZUEHI21jN7rg2pnB2gXNKfZi1WPwLaq6acG6xvGuZqY9Vlr6Sag8aq6ySsKmqykhK6Sj7R/I1g48YZbR8/EPCbS880eHE2+C8iWUpbR/7y5ZUGatvEdVE+taxL4z+o29fGDUzjdwhVxAITeTfo0Ag2Yb8aHitJVl6RWjJeG6xKqklaC5ursdeXc6Bqk2PlGV6zyx+bjGUg1Pi0bzUzyKLOKjH9FF6wOwvhbUo0icrFMCd7HgtB6RY5VKTtBx26JCbYpQZ4soj4tmoxwDwg+pVRZC1IqiAxI0SkhnIsVY0l5AcsZQyA13Eg3Un+OKxfawgD/qEW/2JA8AbIhiizGC0dB+IDjSPoJKrg66QILe6XQhmvDkbyU4ASsna1yLKBQydpsP1Bj/0/ATGLBlBi1jiKlAb0BPMxdOoCaEd52glMJasR+FwJBdKRZheukI647SmBSALxp0agS68qoHi/SE95xr0Ngwz3AYrkk5VGrXjzabSyhJwoJtuQ8rTh6rdwr/pYkPDP6yKaFSZTFGmpuSZjSgSYGYjqaZABOgFkrZHXI1oePAoKAEkJVMFiai4ifSV3sRqBKd1qiEqJQ1gnLBhz7hzyie8uYABwx5++5k9Y7KaWAyv3oMOOkiCXe7JVpd/MjzA1A1W3URmXQ6ChI9u0PRk8Ni3BOrDOeN3vOMd3kBeolZKiShdvulFUSJgQuXsUEbrJQQn1uu3fuu3cIHgR2plsSTCv6A1ma+K73znOwBwCK0iqF40Ncv8hWSKyoiFV3NQOSGnMdGoQBm3HPTcslRGwASSbxkJzUCOwJui/oyViwdfHmSvNxU+/PDDzWLJniCilDUSAJzISJeq87IzTTFX6Xhz7PJcC7VYsna71WDvec97oOpPejvQBQVGFlahrSuoLESRl1UDyVyPYHhUXrl4MegffQgYAECKOzat1ODEGcDQllMcmwWJYkPC3zHHIaVRQlymwEAFtun8qCS3/HNIQFBZppx3iLM3EfXd7V0iRJ/w3ScoBeLfFBM556G141nKClXKctF1HrWTdSwLISq+PasCaqJQasjYKWHWEUcc4VEBmZUdz5rEMimXOlsmtXIm8Mkz//Qctq3w0Ww8gGQ6GPoHN9EUqww8PedqqCw4AEYVxCrIoi7inB5OeCBXIlnwT8kJn1CZjtO0cEKzQa2XeqIqpqp4BbR8Hi0QOT23/Ld2phDiwwkiL4k9GoK1ELQdgau2pVEQYDxKlgdCj4ZwjccAbHLIFQ2nZ8DnMGZGyWc9GacZxqDKhRIxYx8eTgJfEcCQtZWlUXZ9pRSIvjo0hQcCD2RCyvyYjhxEptuho0vJOIe47gUDNmac9wXm84i+Zu4Dy8eW5cM5EZ0N7uPJuve55m1KqfN5cAXSFQ5JiZgLm4oxBtUnmk9An86miGJKrSsdVOKQlyDwIxbODKpyIchFMfmxrIYopeCRAZCU0xaC2B1O07uCqLtH3UyfnW9MWfm61OvdRH2u6lefq4yNanSRyDYJ6NbPx6Ot6OvV5ab/jMe//uYESolZb3lKW859iioHrOM+QePuAqKXgd0y8m9V5GCIXJ7SNhcGxbJzuDVqtQj6BiQIq2ZTjCqiCsLMJ881QT45b7VA8giAz3+f2DzLqFjcKquFNEWCdriaOBHUxInsQs/YpYpnTux8UUxUYX7UB7fAEhcLMDj1gQ2POy/416Dm6gZzFVM13P7V/POf/zzYp59++lFHHWUtOIFNdN3MFQ9dO1y73/e+97nJGTrttNMsJY2XtLhKITVODAnNA7Smu6M4CkVURnigJcRNh0fLWl8FycAqwCn9ZJzeqOzMUl5T1Ec4adJLzep0EXfDkBG91VdqUzSDUZBwiehAU1RbdkoqL9d6Z7SJuqjFUuE2j26xkbSuV6kGY+YKZXVkJAoMLZZAcFosWfDprXDhhRfi0ufTtQwMrcKtystLTbRizYD3YwmXPw674eF6SeK2rn5WTC0nKWUxRTXYMyBAqya4R9Sh0xDOebK4zPB2OGKJIEH3vvXeS95yySaHbbLB/+23yR3+76hN/tb/7bPJrf7vkE1+dOuPtr53ay0ND1L/Dk25O7zsaPBsJUX2qiPoRkqxbMn6jRAkSamATGGTl4xUhjfLwRtjq1PK1qvFIjO2QFpow4YNYOtbha0ZVPWee+7xYlBA28Se4tPyCUFj+TjhUFw2cMpd11kRst6QBVTgCSQKY/tCREqwceE4BL5u7JzFaehNMZFnK8KVKcxUQDo0ISdnlk+YUZ0/VXN+BaoAPHjFVEnV0MOGQM3ASgFc5UOOc5KMhkMaJARjQtN7Eaobt31A2PVWSsNoOUlZXzZAamOj4iITuRWaN6QacWWkNwWRcUnhKukR97jkiD7L4STPEMI8ioDA6E3PngxwembN5WRCs/Y9Ec2pbwaz0ikgoSy8Yjgh4/S8WYViESjlO8z6NuqbGKe06Dj8+tbKMmCPWynFNAUnqyQzX2BmQQ6JIQhNoWyK0GCAZwiAAJe+vBKgMh0ej5nhlObWEoaA4ZmAsmesApTTqovRdcQyA2cBuCiAIRtGhmWLc1FpQORdJmT1RYY8UmYsMRP7aq4K7Xl1gawc2FNWDtxnsrle2JB4VXuEEmJ7Q8Mx4NBcgeQgBC4cA249AiaKKSyZqQXwYFDWx8yavqym6aboLUP88wMDY+8/Dh3c5jqdQYIc561ZvKkbYJS+SOToS18ifbw7XIxyy6e+NBcYxrwZrbAiFosHjzg9Y5UB0pAQDbnJ8XbcccftscceSo1zgrhlIx2vUlOcX8zkBYMXM9iufZDYtGRIVMbhwn8LZEtrAENsALMW9GxkB5vyVi5ZaH1C9ccZMGOQLAV63HQOISTDz0YUCEcxKUtfOJV0fJiunroueKLI13S5MB7XGveqmgQS6RTRkO8GGwZ+4HGr4LunvITmytw6WVzh1IeBKV7PeD/J0GkmcgsD/5aJfUtTTYQ2xAOlLDw60E2k1DyQCCdWyRKqldTMrYzWiIArjg1Z74WNTJ+Mc8WnNUKMyfiO39jxiCeO8G3hq/fcc8/d5sPb+JD9g5f/Adll3ceEXfO953/P9OaaIhGBeovISIV7p9pNDikyePk3C8JWkyBH3AJ5lKlHy+dRZ0LIHkmzFZRyq8xYbSmtiLXjU/VEEZ2Z2vKjYmRmoyW0N33nAzAgKQXYQvQmqA4VUCA+hah/cDZ5lpRRlQfDkLLj5M4cepwxt9JsoRlQCs0n/DgM1aHVYWwtAiB3FKSKqZJFpyFkIGtZoGah5HXKiKbNgpqeH6ujaPap3d13Bq4y9M0itKyjPgALXS/FkYpJYakstcEZVHDcI2/IY8YcovwHMgNxkcTZQAskGQWesenFXQcJN0qZt+xN5FM6eDLnhnDFYUxJVnOCUw73zeTR55Q6kNUHr2GAgb9vL0XzaArneFMIvsasNRkeBh41ic9HvWoiTU0bJAgHAZ8mhDWAQHg7CxJRyJQ4/IjAZ0tmdErK/+DwfQqiL3RQgMCFxym7fPTZ2HUBN8W3oVHfqiwRmZLA2ERmhnAfkhnbFTQ4y2DREzySRRnGPqtZ+hz26AM5PBmzCXrLgNNYhhITOreiILPw8JPZGxrTVaoFNp3SdDw/ZrHp47eLWv/lFTBKH9qUsPXoLgut73qBYGZGViKf8KrKhiV7Hhh3E6KHRK1E5Fws9oQKi8CgpAGAEh53REL/VPjll1/uzuru67J7ySWXEFxkL7roIpc2N0JDbnLMPILqwg2Dax+NuyPuOoJTuqvhznFm/TdvkCqjmhDiETzQVn/wqrnqJdOzwZmhBIkQ5MtmFJNSuVoRvGQJOGMC/8GoGbo8ecGoqousKynYSAqIW8i56ibaf39laS5Lj1ZHjuIya7GU0R3LMikpTmPhhDARMEWIwiYLboFhg5tLzzlj3HQ+zTJKZkkvC0K1Gl3qEeeBgCjJzNiIVZTKyKzOtLc7m1AHGfIudzg6iWxbBszMbS24JXQ0IGcQszjqDDXdS8V71EvIy8Zbqm8CnpslNA9c8RyY5SLKnSwiGa8+OPsWjplHZVcTNVcWSyk1Srw0Jc6MbJQ3BrwpAhlxImiwvRHB83bslSAFCAEruogENFCZSxidST8qQy8um5agx/BX+bKgrAJVY1QPVX9IcKic7IqJ9zXQCwwBGZkSZz94Qyh58jhfi1Eve8m2QASfJpbJt6bvEt95Hn1K+lLx6NvFdwby8kBFz/NYd1QWSLck6CVyHTV31uoGvI6MMovyCSchwMJFoEbKgmAwKjoPJg4nU+A14oomS1P4VEZyPCcr72tEidf5JatvKbWH0AplCK8UBKtT52SQsaGlsVEaHKVkjDNmRglG8JCMUAKQCIYMcPaG8OQBeCkYQszMlf60e2nDJBgeNWFpLeS8lKsfYiBFxFNGzBibSOAEL4FkAp5bvChSxWWO+3T16LtD8jrPI9kQePTs8zz8iBW8fIaZ5VTLtT/jRygKAx4yMx01HZnV3EKYggem7+VuMH1cg6TdE/CG2ic2A+SOM5o+rln6fEYsDRE4rw+ChItFQ8ABQIFhSa4b3LEIrn3C4Xagy64NiSNXN7TLLru46tmT/Wc2j21asLvJmYWDapTSI+5SIhEa5ULiBowQj0AaygpIxoecPstSCH9JVUx4KCVCo1x4NlET+QmGWnkE2Fz4wXboqINzBym1TDmk55CZWbIQriOJvrxwZoSUvDEwpcWih6TFao08IsA4BCBuFDweysIjtxDWCR7JZpXssoxltKzPEISoSmSCbkQ2UadeJ5fHecs/z8sGeUl4nbTvzEKCClFcTthPZ9saTbt0ceqZi7zhvIq8ZrxgisK/RYzDwC3OocfS5186ZNxjgtDxYOCKYEhJCVWpelIi8PDMOMFNZ5PnagKDFID0IvTm9kaEdrwLQTWaJQ8mqh5Kpq+Y+OgiMn2jzGhalHXGcY9VQBQk3FgL0VEwYLMWcZp5ZSYyxHIdUfIQX6kW7zzUrHg+fZRI2fec3PtYxH3E+Hz0QeNrryGkH1CocpJnHJXFOmq5CTiSbMKgbEyP57Ps4qWMWyZ8UKPFXRdlEA1ig8JpFiFuOr4UkCG0rHn9IHGPcZq+mTz2URWHsPoYIuMZ4xEly4aSGdOL4hEMFFSUQDMBWvvxBuM4Dd50c1FCSkIGU2VGZXM3O5+I0lBUpVBVGxytW7PZaiKzciISYel5wrtYs3jZVqY+Tvs0JisHoikHcwfn1qx4PhGzQWzwlAziTYw8oiYiQ3hmgekTPg5MkAyhHoeBWQ4ynAwwgzibOYNVWzAg8B8MnEwvLv2MYrWNE1L2Je6mJWh3X9zmxJFN6K7msuWcYklghgvtPkFmCZVZeERp0+KuGuUCGCpuxbFY+IxlRelRQ63mUibMhhNVzPBDggtEWbJi4dkwHpyHatJEUNkDSeja1HEzJ7GqM1c447Iw6rEpqkHpkYzXVAxMJAtBj1OaSEkmIBhwPuP0IDEIWFlkg4ZxyHFZeKwaOKpKCSlNITQx/01cThnbsM3VduutQBlHLAeNidM+fDZ5o6DxHvKOQV42lPP2nU4DZC7iBweGtyAlo0JEbJrFPz1SGUktK4lGNUwpzTgDSjLe6PA5zhael9imGLOrCo6T87CxZ5xBPBtDTRmhmyKuxwAUCJ/LNkVXInjUClc9j3jv6cEp8SiZsaHB04zRqLl9EPQdML5jKPE+Sgz1+ULA+85gBsbS8+ABHgK+zCIZ94iXZpQSDWNcII+DUxYaH4/xJnKyzu2SJu8bYTariR7jCel5xqt8icerW0jwPqcM4X1IkZtCHmbrjD0Ozox+RBzwIkq8oDh5TFnqcZ6jHod/TbVqZYUY/DlJC64jrRlPiIZlswYth9DQLAU0r8izaDWwRstZSwoGSraLUBsMpZnHV5TZPHWipWeUcoVgQcs2WsqmJKRcDqHntJzjPBN0aNBSRkufmoAwuG7AI0uekDKDdVOWZGhq6mfvkPigAAx5Y77uEd+YhmcGzxllHa3zAyH7oA4KM2FwtDRe8qWAlkOmEKLkhp6TMtg4yqClchhHSxmNR8nWA3Vjh37vBi+GZRMOA+TRFCvePlcN+7mgzEarz/NW5NH0hnjukd6s/IySZh+1FrihJTFDpuDmplnqN6ZC4AxC6zzKeHY5FSSEyOsQ+WDqg3VZiowHpUTJQzOQR6avpAVliVbPz54yqLn4oKq35NHSbOOJ5HWUvqAhT2+JudUGEvfJqAJ9MuJ9QSL18VnT1wPjYMQVcHb8DGXA8+p5o4zWPUZ5i5KXPCEayiX/l2jEWpo9p5PlYzQ0SJoJS5rbZ3XyVxmCKXjybDUReTwuPQ8eLWXIo3XyOvo/nT4dhbq/ryqfBnEvZMLg40XdDsdtnvj8Lp/II96UfljEjyl9bngcGw9N22WN1u1DozglV2Miszpy9CVhkFFz0ex7OoDMAoMHwkDOW1GKyHLwJfGWkjF5QMqzuflJmWc8tEWhz2bwyBSc5/zjI/0x2lDUY7H6WdlW8w9mcVXt55k4evnav3bXjwFxZkYhifdp3Pp6HDzkuEdRUMUcPKrIKCUzmnXGGxODdXykPyaieQ1X1GM84woIOYThBxhHQ8kGZ7bMYlCawsUzSC4KntmMYqLaDCWzISwhASBcRINMz2c0u3nmNYDSRz0Onv/4PD4pxV3t17UdSxk1NDQjbkNRGz4ZNqP5z2b2OlEGlBngI02zVFuClRqNQjHIjNKjNvO4bhUKtDx3EM1K2gg/3kRCGjSBW/sVuJ2STYmyiXpkPGSUHz6TB/W4zgxNTmfYg6ccU5AcyaWvSmmEwD3GPVaHJR+j8SXlAU0g1rJGwUgpUDaMC03Wh3jnT3u5JWub4Aljm+AWC++UNoovmznijTI+oqQxGoZBHjkEqaHaYBjjRgcN5dIbPjIaRIMS4gzUwSxyfDmagAzhecPphzwNz0RGLOPBIK8zDmpmg1KGmTA4++QlsV96m1bT/3xJfX/+82A/mP9kx/J7ihL3VUXw5dUPwQb3nWWIvs+uzAim4/3grp+L5oSQk2b1aIpHxjgYwDw2/6mNflJKYy4lY+H6ssNtP3PxNMMVS3NN7OeQ3PbDxn6i6DEzXDhzQzIoJUsyJx5NZA8GtzmkR+OxoUfnv9o1/mwIvixmxIAGVALPBMiLNfR4kMBINpGgGoR77pl+JV5/dOuu+V9Q6M8T3XHHHXfeeed3v/vde++995H5D3zBdt9998HJBpIH135HPD0iU0KLf2/+01sEURBIouNoPuWe+YEBoWrjHpc8GzwKP/B4CUqtNClpxihazVkjpypL3hgTKuND8z/qByrMEkQeydWfc0lxyzhOYwifCz81M+5RpgxwmTKAAScbpWdAg8IftsAYJYc/z/UAOf9ort/UpaYwJlQTGeHL+sy+Vz94j5tuFs5/roQQFJEpzeLBi8opzKFti6OUQ+aKH/ZTgBl/c5ex0hB67UXmoiYGpsoorAT7zxNSNgQYDhg9g4rJDLcWhqwLZQs38Od5VAZafETMBp8zXv2JpxaFK0P1Jw2Zkh9kelkPnk/TCcEDO1c5H4FM91jowQ1VZ65QhcWXAmKgYrPJ6ifSzSq1uMfBGQx5aYOve8TXTQkSDjCQiIyMxmkY4MnpMybg0iRUNJXBW1+cnqbRjPFo+McHDLNwBB4ljhRkCOyNriusWabjKIM8xJs4+DphUF2aMIaWykEem55/OGlCuw7zsIzMxTMeUwAmoBn1RD1GzKJC94WEaHK1FFBRppfuK17xitfPfxF+h/nXmm+33Xavmv/2CL711ltvs/bXodyfcN9H/UGh7bff3hTGlP2pFvLr5l9uyZu5O86/jI1PlzCPPq+6h/HgUygBTykQJT/MXjP/PcJddtmFz/6YT3/CpVl9aPhqIPuO6HstJ1CZzhgwFH6oAIDKECUnHn1kmYjnkxD3iPPjsWSbXmVwfqCCkx5ONq+df88cnOKSGTMgMxAdhsAgShpQ2fAPD+TBMOSR3iMKFQ2Zc1PeMP9e/n333VfQ/fbbb+edd37b296255574uiAmd785je/df4FkHvvvTeo/f0lNvDsvvvusCmp6dMfQ5r/DCRLZrvNv4OeIGswgAkYqtRLggpnY4jcKiQ3aghVxjhvOM9GFYFypI8jowXCEZ9srCwzQ6awrJiKr+A4wIT+IJhcDJHZywJnLJwhsulGq7wE1ZC3YKxLdnyTEnDUIxucmUcOTeSEq1YWRzStbN5Mydvy45eAR0WsafnEg4Rb8aIYrTJ58IFvS7er7d44SskAsWTPsxAelwb5Qfx0XjhNUEehoySz5pZFYFRboRRWjmpeMQlGVV7u/Z26/soWmV79pVBevAkatiUHI5mNWPW8uArbBiHj9Ggq2dp9wqxA4uTIEBo+qz+HBA4J8aJQxqswzlXrSz9FWsNczZUaVZ/kJWU2hZ/zinjoESczWGrig5ZRHMqoFek9Z42mk/7ZnwKIcZB446GaSEcW7anBS1bupbmOGzWliR5xfuKIc/ISPxkVGox1kMoonziHrW88yjMneWPPVT4n12vkcS7JRCOQIiQPjjIYlvgEbvEjirjHdbHiYyKiQYDhQBICLB00A5/q0NwIDNMHpLzRj4ic4E1UZ6NTSNeIW2+99YEHHrh9/je5XKT6WzG4uwXBd65RH7O4L8fk/paFue5P5P5Mnblkfsjfmf+1ODcwnBNTxh/n8fWKaHC3lnySGbP59re/zb6/5UI2xIYxs/HFqi/77O1y4xPbKDOx2HfnM50ft8CA8dzlr1tjX+Ieycj0HnFOaHhgAxK3MuIWp6Th2aXTo0C33XabIQVUK5xzEckiitufNqw+hmhADQAB8mCwlyA9AEGirD4msrxp/qcVL7jgAlU9//zzb7zxxvPOO++qq64699xzCWfNdNlll1188cXf/OY3L730Utguv/xyINkA/PX5n1ZUUlxJjUrh5ptvBvWGG24AtcojkJRCYftEHR+/CX0Xw2YIdyIMDQPcdJqESioLXGq49KWmvGSpDcv880ngkw1Z2Y0qIEFhVV6pAS4FgD1W/2WzMZaOcIZUteInGNIAtYGy08BgLq7CggYJBQkvTXKL1QLxTICHB66QNmtlJWs6V013Vi7LOHhZs1ci2NjzQOaKB26BBFtGMJNzy4+NbcNyS5iP4tVF3G4nc84zP4jArVhksXjA2yw09MjEDgjcXK4YCBSkfqxS53/rW9+Sr8KSZaoCbXOPloasP+l1lESsCG468DyoGG/BCBJso7BGCeARZGoK4hBv6YNhZXFuIWSWQ05kLQukbXAhKNVNFvC0yhUTRwXCTW+bCwFAU9iDlJOcj5OdsE5uNLOqJzVCHnCPbZDBaZg1GnmMp2SWzGcwYKtiCNpBLFtH3ERJJadnTINkVLJyN6tk24xkGlXFmeHMmksWHeeZBnLKgJEJeJWvFCi5lPlkKa5ZPA9IkSFuTUdNrKpo9rSe6OvSiJxyySNDCTmHExdLCDIOG3tK8mwy0RIAmUHGcmlFcJhRmtLPA17QEI6Xca6yyXj4ZDn9tSEXoAMPPHDXXXelcmPrA1BsRfedy9o1ol9BsMf8T6m7QvnIdZ0y0YdANiL5dKJ3wfVWZ88neZ999vGZzNLXcfcVuH34hM9Xs+k+aU0km+XRFDc53wWmG2KmY6wWYPaGTzYCD10OfGWLy7npXYB8ktBIweet0IqF97do3O0AcMnj1nR+zOpTVwoESrPgxGHw+KY3vYnbvebf/KeU5nqUoCgEnhXQB35p9psLTSmiugHPrXJbPFcBWQAcAI/wB4M9gR68llCCZlGKC3m/ZvKDH/ygu6wKcP7GN74RTrC5gkdb40IrIPAuuO9973vV89hjjyUrZj9+MJelEPzTKLtaMbCaooMBDGAVGTyjZFnonh4V1pCKDc4VDMzEZSAW5AS1xXljwzneKqsbe2DYK4tKaobxXeyRXhTZmV5lQDVLT/LWzimiBeVBnygLA53JXmWEc+KoP4e+NPnknEOW4g4YICl4QZkpIM55Agz0ohDMgpBbEy03wWYJWx+wplgm8GAOf6FxQx4BwBH/pjCDx3SQYLBByG0TSRmSl6U0XfGFVtIKpTdMx8mInCBWIdrwphS6wiqXoZYsYIilZYUHZ8l/VZWXFICRtc6XL/8gwVlo9qoHnlLT6Lr3ve99mu3II4/Umc5cFbZMIhrVoiLKFweAkgxGsqzFkjVBFBpIWncVUGcOwYBBdEr1r8ims4Rkzn51beKWkiuxIOR5/DhECJVkI0314aedUhvIDjdRuVSAH1SJzELtSrUiJKdnI0c+kSlhkMXsYHX7ZFPN08QjrvJAxhEP+V9GKUFEw1IsvFrxjMNMqSyUuCykhptoCllqElQKljUzDdkQbogfEdWTBzJvefYIVVl4DCRI3KqGSqJRFrOMtqdUmOc4/zgP+SfkJD/IXBxalB41xDka77keC2d0mKE0aMa4KmmQ1Hxoio5GuOai5MykAGqVAV7FssnhwAmMKRVhADOaTQXETTdRZRhPq+gz9qKLLgLr6quv9lbwSWsl6H2kOKDdnGxFX7KOZty+cmGywa6//npTbrnlFm3t9Sye+prr4HPlEsaty27k00Qfvw4XH6pc+Y5uAbxKCZSE7ig8H3bYYVdeeaWdANLb3vY2E+0NqBRdl9jPtqJwjjxfUl6ofa/x6dH3rIYjKxNsPuhseJhN9A3uveiGxB5IfoxKUGjV8R2AQMqPCwcDUzxu2LDBudPvuO936Hvxy04In9K77babIWV1rXRIuVY6/a+77jr4xVV0F0rRLYkUkIuaI8PHOyemQ46LyMy54CZhwYQ2USI+0pVUBbxyXGcZfPzjH+fq5JNP9iqtsKAqqcXyjnEkwbz//vsz/sAHPvCFL3xBx3zpS18yxYXYN5BRi8VSFLPcJKQGs9z7Vx0BEB2kvpGtPm5l4QHSFFwWuFVoLXBZSKdiKgUDEUFSYYemLEqQpfpTSt9JSg+eKSqp8iKOleWNE2Ymuk7pKMVUc7KjE1rL6uDQM4w1G2BXXHGF7wY14VkX0ehMlsLpdagspaxdy1QpGNYCJD0jTaSXBAWG875qPeLyAowZbOqjf+wX0e0LBjzon9rYDizZ8LPnCgeDh/xrS8WhFEgfAuOOrmdqNj6tCP/WHUgTAVMchRLIjsW5onz509M/ZGZTBJKGoIamSBNm/eNR0BarNIXAOQmebQ4he5wxTd2oMtZFzfXSNddcw+zra/8op10gXzbegjDzds4556jwiSeeyOyMM87QKlYBNvj7dCCrjLqZxT9sYBRLUHVTLq3ICb36WGjGqqQa6gyG+lhNoxqgnueZjcpoTilLE5KRLJweLZYs5GLjmChNU9q5qqFDhFYKqwASALiuAMxcJeW2I95EJK9oPmmno9kQUjqrwB4JnQ0BGLylrw3wZEP0heAH56FwvVoKmn8aerOaQiOFseg42IbwkT7ZkNTMAlUR9Kdq06iMmisgrggs1QRno/Lcij42Y/4pa7MlyLBxXkFGNcwyKpZ8rRc/wz/YpvMvEKG8PKIqPGiq7+xZpw0yfS7tREXMWNB4lEPOUWiLpTiVMfw44oRxEznpkSBro1KopASJwNAQyk9zA2N0Rj3JiH7CMSNhj6sMJOpgdHrpOtTUxS3NTA2qoR1Spgmm6SVpgxl1XrP0OiG7EHsjevVaThpOmdnnrsKGvGbYWGPvJC9RX+5dQbx3vUFB1/fsRRGLc0qu+LHJTT/qqKMcoI5XU7xvILEtgekccQDZMDzAVnS7HTYvM+AJDFhaWkM8SMpBvN9++xkFQ0QvTnMJjjaCiYooBYLewkGiN8X0Qw45xNv00EMPdRryzCck+tIZoWheKsAY0qCSfcc73pEx2YJJ3KhZqq/oymJVJNivHoTHqBAOU5Y0nMhae1kUCUJOybkpxx9/POHf/tt/qzKcK8vRRx8NquJwAoy5SupwkRRLMBTHGvHmnBIF0as5S7MIuoFSaHjsEFMUqrLziSq1YvJs1TyC6hHnvPrj9HjFNKTy/HtUASnXD9aX5+7T8MtLCjWDYvKvRDwjibN3uJsoOlSmaKcykjLLsmYAvETk9a53vYuBzpGCLsKZiQKPMiqCJmFv7QIgNHuBPMIvLj9Cq6Q14l8WHnGBgMlM55gITD+J4Z/DOpkHC+ocF7HKIN7MHa7ISMr0zLQZD3V+N3XfhXWpoZ++5Kebv2bzTX8y3bGe/+LnP//7z//Jq3/yq1/86tFXPvrLXX/5oxf/6Fev/NWDL3mQTPP0Lk//aPsfPf1iR9r0ubPZj32ob/by767+LRDYbD0r0soKTQ+SyndMSIENJQzMVM8si2U3HXTQQT6djVo+jyzZ2y8sEfAe7XrdaBZjyJVXuay+isnUzhodQh9vz0KiDdqSVodSlUyhAVUs+s4Em5G9hTZXCGB0L3tIqr9q45zLos5plYFXUmDIDOTLvynwMJMmAK0FLiNQW/HqoxMkiOZTeqJOUhxZGq4QS8SzrigFLUdIiS9lQzgykWdTctJa4KKIi/PvERllZgqZE4lwUrtKnIwLATwl7lEWeG6VRfq4whpVQ5ysgCqAyx3nX2rW2kR+FIH/kAsRBgihCp7iexxvIPqM86+YMBRXFHJvQf69GngzF5nIm7j59EhG3FZ8C22iFaTMA8EQEnFJaUwZFSPAs8SPI3pmy1nTcs5XBSRrltKXjrKoBswKkn2ueGgiSCbi6+DxwwYV1CwwlIV+eum6wJ122mms+9foljdde/XGG28Ur1+vf8MNNxx++OFkDe2GxFeXp85xK+dCY69eeumlanTqqadq936tvInW2N1FJg4maUDgtS899xXdz8++++7rvtWvlgXAdY3snmfx+oCyT3r7CmclrBx9mr7Q+xL3uapYPBO8RKGl9KkOvzsQ/O4W0jQFch9i6qJYSMqw6Ziu3b7x3Q5duBVBFhLkykk9vpd58LriWenOOussOHGvAcYWSS5AcuVkZwCJc8QHOzC4F2E3OZ/Y6uBaYDouTXlZJyUqHaujdG63Fuyv//qvP/rRj37xi19873vfq8hOf050M+Q+R1Tb5eDggw8G47d/+7ddi//1v/7Xf//3f08+++yz6Y2ysax6xU7oxxIW/bjjjjvzzDOlaRV8MfDpGFXYPlFBUiJQJdV3q8Jagu4TOA3O3rezlrAo8kWK6XBUAWelLvL5paQigqHIvg+kaYpKqqfpEhFFoXwB8Nx9S62AMRFm9bGH24Q88+AstkDgaWDnpsTp+0HLddddZ7FA1QkOKYslETAYAOAo59moIgjap73QLJnpXlE81maEbkIAAMyz1dHSIkLYYknWRMkKygZ+9qZrTt7wZMBsUQJUvDmM9KQXg910wAEH4PpHR2ngGze/cbMdNlPG9u3Pt/v5/S+5/4db/vCJrZ947KDHfrL5T372+p9dvdnVjx7w6JMve/KJLZ/43hbf+9n2009rNINZv/zuLy0WGIBJ0BXfo4pZCxcdrajIjCGZT5unrSAwaq7aquRb04XVYn3ta1+DGTDbp50LjJrIvd10+umnQ3vSSSdZU7deTaIysrPLtHRnpb3jZNByLvHezV1bNZuPQrL2poeZkitUA1QHfe4AwZ0P1157rQZmbF+4yPIPucIqkSkAWCbY+g/8HSkuyvKy4pCoAGD6zQJJxGLxLGXGTVEZq1YT6geWiqmlESTqgCsaUgTKSg2DN4SeDIkhsWjKnRI3ilPig8zlgTCvwDMXPk7ocTIbNPzTtGqcKxFem8GcDLlmxsk8A6lFO0wIEmTZ5T5Z3fAqY5ZY8PNMxnkui0AanQFOCJkpCKoUlFZZ0UAd/q2FUms2G80UKXBiCrcE9rmSbE5gQBZX5WHukbFHZKLHLE1BM5bVNXeq4BrNNVv92AAechxl0MScjGojQ1zByVIFhJaCOkinHFWjLMhN0RIg1R6IjOhzjsLW0is1zbRFbTNXNK8Bjpy8TiVHD1PByMJrdG8Xe0OPeoXYNmT2DggdoKbcieStwIwHb19f7pqYZf/ana3OjB+HpijKKgd15IcTmwcG3Cb0IjzyyCPtdluUve9Q9tpFn/EveYtBMFcUfuwo+7zvKR44BJ6NKnhJ8yZB56DtxxsYRZSF1JzyBAS/onAlCg6wuc5l0x0rssBBEkgINrLm33pIyveBIcDk7r7lc8TbhWx5lEsIaBVdO/Jsoowk64BQKKNCSKRrHw3OxppJTUmFg5n+hBNO8Ir9D//hP0iEcwjdLRjzzAkwdpqJzg7p+O5hA5hz3BB4PmukT69ultXiEnSV6Irj0G+xCHyy5BPJN14PSUSRPQqhwipJxumrv6IZqnk8qoBH4CUOA0tfUR7Do3qiw1y+/AOMxsoqkUeVsVKaTcq2XA3JPxtOVFg4lfEVovLHHHOMd4Os5WJBVQ82ZbQZmHHIvgYACecEclkYnTf4dEHRbzhUHnGjapgrUwDopgszpXUn1HLSUTopcw4/Mt0QbzyEQXbAk9VHRiDV+e64ZFxSlkmgX93xq1dd9yqL1X5xeAnqfWZD+ULa6V/v5NX4vpe9z+eUfqPvZQ+GSmoG3p5+5dMwa1GxlAVyNtZIBSwrnEYZw2MWvWpYHfqMbWHpWDKPAHMIp2KaonO4hUrD+JqBmY2sVYBnbqU5F2ALxYGfxpBSWyNOzBLOmpa+6VoFB6ByQVhvsJevatiAymVL6gcnOGDcitWrSJ+I7pFDXJqyaJeJIin++YQKeMuKAyCiWRyKq7amSMp05YKcsWQ7hXFRdJTE8V4tfE6n+NolT6bIFCcbTiakRCLizBCHcRPp8fygjnuenUgiknPOjDdEUJZIoQTSWnEaXHZxlZSFKaBaXznqZPmS60/5Dr2scQjFlXjtmn8RESQAc8UASKQI2UNLn0FTlJo3y21d1JlzsVRVRuyFzm3ZlWaF1e0EbyYTnQ+yQARzbTSBnL3MRDeRq0pXJfFBFY0QeDStwdrdFDcL0eMjqRwyYGmoIkOrGooJiYmMjZrFuHSCBLlH4PmBcyrQz37GUkGMztGm7xUOJ8/+56R23VEmn/Bmjptun/9Gla/Ln69LFfHRqu/dQZXShyozgXlUmi5PLnm8u3DYXY4Dh4jPSXvGLGvsfAeLgVeplHw+85x/H6f2sGuN7r/kkkvcY9wG7H8wqkjtTpZDOacBgGBhgOFf8mpEEEVoTeAbf+B3NjGzlmZ5VJdqpBVEt59d9WCD3Pe+b3x7WEYc0tj/3JItg49Eh7ui8QCtIdwmd0WAmbGayEuVIBfLEeDCoc5Kp0q+BMHwBQqDuqkPTWWBRFKG9CtjQ+4Qpn/yk5/80Ic+9JWvfMUbVxTHiuopu8Wy6o4zBXQwnX/++V7Sn/70p225z3zmMx/4wAfOO+88ryKLpbCqBBjPwkErwWOPPRZy72lrrUp8AoaUsUNf95hV61MqnWpLH7emUjPLkMpoUMo6bFw+ZOR2wlJNHOVkMKyLZK2FTV7WIAlqev6thegqw7kiqBt4hqyU4tjMaquRIDd0wQUXOKDJTtLrr79eA4uiPWCwWFARLJkGcLy2vv2kgR7+sU9MGdSjUUJmpshRGUV3eaLhB/jaWCCcT0r4+TQ9rldhJiPNoIbOO6l5tUhKTXiTL+4bi3+l1iqcqKpF9NLSDJIa/l/zi9dwiFoRGi1niPMWS01AVUAV9mgfKaOK+WKwEPSMVV4Kpug3xszyb2k4VMADDzzQdZbn/uVKGHoVGZWRt77EGegi+8vSMLCCnEsT+IqgGdQfDNsQAMZS5gEkVcU1A+5Ea42UEVQ1t44S72dUzgSNLZZ3pOlKoXunk2w+ByyB6OKWWj+W6EjBFdm6K4scbVUh5AhnxrVZyKEKtiWrkjybgiQOWJwHekkpBbJALDU8kkWUnNL2HAJijMwy1yNXkUfOcf5FzD9LNuYOt4DJOk6jB8i4RxzywdXQ9FZBQQiqRJb+4PRtc6UmcCJHEwmI5xn4M//AHwKyglh9MmNQw98UdRZL8XUXWWHFytKoWSXCHtGbyxufhuSude0O+A3xbBY98mjUFPZVL1TRXNpVnaO5YKsfXLeghIbYm5uTaXXXPos9GiprcZEUVEllRE+ZQ2YZ0xOqQJwfHBnFCxQ8SeHTS9fJ6O2o9b1dcC5kKIBl8Lp1lDsCCB6dNcqBa3pbyBvUXILjkl9KtXPqWUKvLrurb1v2+p5x3ztwM4MGON9cvkOZCW1v211kZ5DXDGA2mKDwWDOrSLaE6o7MbRmskEeh+2qDxESy/EWBTdVwDsWCiqVADExk0ALzxhXBdBxgelM4hB8kwKQAAw+U7AUlSNaep/QSVahu0oqpLBUTGBGtorncWj/e2KuDakiBgJNFJOMWVTGDIYQiELz+4flX/+pf+RBhDw8SRTHNgkdnS1npAODN2apR4Dn++OMpGZgOIbcsNQ0nNPDTWCkXaN48qkAfworD4Vzs6Z9Q1S6ElKYol7zIFoUeN6ViSpl/Alc0wBvNsxeeRzKEwMgOftj4VxnOuWoheJYXjcUyUcXkBQNuY/NvLrc+ekyUiAsZG1lYpupfvpqHcz6hGkFx4PFqLgqDeZusdkiUxiiELZYp7H1d8a+8OD8swbbBpIb4pCwR03EYeEhGwNeicqmFOO+mxTMPdoSsJYKrQ8YKJd/QIkFFRAz4FBQ8ZjilEhEYV39ccUqZEwIPjIFUUng4oaSx9Iz1rUcF9OhTzFxNTmmWXMLDVTsLflmAKqKVKnH5zrlOyeImgsGMK1xLw4ZL2XRDra9ZkOBcqS3/uNU05PtynBKMAVN/IOFXWPZ1IOc4S48Ai6KMjPkRCxh1g0c60qSRiOg4tzThh5ZPmaqkY9DmRZ22uNoKSlMfMlAQljzXbM3tMT2DbOKmIHMRTa56K+RZSxeLXAjUXDQCDY4EXcrxlHVIyy1H8uCG0isaWVAT61UT0UALITAMAoarIWPwegyniZR1aWtRXyEyhyz5nzJfm+hglLVXBod9AfgysBDOfJawEbhyaimLljDLFBNHlXAecCDDOXiBIvAoB7GnyYPpvOHk5rKv4BUB94hyxRKBisMcclwW/NDjQDaRzK1RxsJxMvnyredL06eoKyzuA9x3HwH3teLzk8e+CscnjBIw8GGYpU9LlwDcR6gvUN/I9L6Xla/7HEtQkOmD0ytin0Kc4F0+ODF9w4YNvlJdccDjhyXclUMy0VyH6etmLuMzPVHOAIvS3F7blaaVqxaBoWGMt+oS9KgagZE7GC4BZJ/MPuqlBpuiASxZOXZHd0fp453MQFIMjKoMqlCccyVQxQRPxIqgSuKGhNIjM9MJvvoJZ5xxhhCnn366m8dpp5128cUX//NMp8zkOnvmmWe6ebsWw3PuueeCeuGFF7ozXXrppTQux7jrFKJkibvEAxx+wIIBGFIrXKGqZ4+KVgFZ0gwOcLBRKage3gevxNmoiUzJsm5ZxaJvYrHqZv6NeqzZALMKKoD0p6XBLYry3nTTTZTuQMorL1zWVoEBjkQUhR94OFFSSggBCOSc32oDT7t2PgEHbygzE4HJs07QpULDJihvoiDg2XCVt3j7LaVyTTWa2wwYTjiv83Ee+K9JcIBxyoxxmD3yxg9IlOomIoeVfWqgufMN4dLH4WRTykZNbEEHNaVulB2zuhQkGDQ8nBaOB6NkyoYoIQeMQ/ZcyVG+g7esPAcANx3PPy4dnCv6Klkg3SKW0JxbU4lUH0O8eQwzqEIQykLEOoclZWYQkpkZHQvhEULT8SYix4jzxNnS68fLybnvhYQ84r3PHKZoeQTFUedyQnzYRGQTTecqml6P8+tKCFzQlIUoiomz44mAjCPdhUuBJnnwyJCUFUR2uEeJ01SN+Fi1jM3K/xIwCnNoq0wEdmhNMbFiWmLhyEIoPlkU/jnPW8kqqbmcxLn1wiZ4SSNyj9W/QHhIcJQ3NIoMQ/hx6cQ9pkFs2Dedw2rObT4zCOqoG/Dhz2EeRGRPMDGOcohHc5AVSACmKf7nM6SPvr5KcB9BUZlLWOZgVSACXhXI6SPTWfpOwfnEuzbxSc4bG9+hiMH4FPV173Om+5BP7HG57J5HCUwYhJaSBEYmKGV4WrCi4OZ6BICeBkiPM+rVRWRkgYx6LJCJpvS9BioAZH7wiJKNb2RKgMWKAyxQsNmsrOdbOM4PQQiWogghYnHjwUAs88a/C7dABx98sIK49SoO7gp76ExHHHHEkUceuf/++x944IGGXPvU0KOPfZc/tXXxpXFpIPOAq63bFc6emcpbi5YsYJCoTzyqk5SdksxmySkHeUSlljcpy4j/1qIoDLLJP+LKatIQ2BAUgQ1sZukTpA6uWd14FLzbIa62UsNda9gzwJHQ5uJceQQA55yGZzACIC9Bp/2xRj0Cb9Rc+DlnLygPrl+BEZ1gaOrp+d6P5mymdHIyOKVw8/KuLpdqgvODc4XXJI3WAzDjoYUH+FwhSg7xCo6MsseBIZQmnzR8Frq5S6LkgT2BmSkBK1l94rGWNooM8c9nlUGc8DAlvEY0I1nGpigUXpq4udzirQ7OjCAigYFAKkNW7TT4qI/o5RsPP84mTo8bEo4cSMCgChhuFOfQFGS0I8Wp6oh07PYSGuf1eAOxtKbm5rBkh1D6OMp+SZygXg/Tq2DtHdlBj9Ms3xMsmxKJywkeJS/1U4w1AUeBGenHPUo5wA1lbFaBUNGhIswYVwUBMgpnCPNcMVsLZZ/Kunae5Nl0U/oCGG/ouDc07ksINxT1aeWdhzPrO2l8LpAJE5S1L4b845UXRy1oGmSUMWpuL1fe5tnTdNSsQc01WlCocPBwaIPHD953BhofHAO/9KelKs8G8EwjdihkghGKKvwS2aDA8YmmZV9b+LHYKXPFv3A+Y0X3nSu6j1NKGpn45vV92ucqDBIr7vCMkvFCh4dnxgAjQvgJhpbYAoaayDkqiommwOOxasIDGBkYMgH5TmfT5QBnBjBOz7hRZuwJeHOrMM/FEhr4JacUHbFEfaT3jX/DDTe4E7jVuWbhbqg4ot+wYYNrq3uwexKueriqug6SWZrY5dt9wl2hi4VSu1Xw3E0FiQvYwLOOYAshnllZxIM9iBKXAr4spnRw+tbIqLmIN24tB5lAT5OBKewro8ICjEtBcWRExo26GDEwSqY0C5UXKjSHODAB81jcQi8pZTBGFq0vD7jHsb40JcUzMqUscj5CpOcKmcK+mozOwXmjDzABT+CWYCKZq6lkazfpqlRoxIyGGc4bnn9QyQyai8KDm07Ij9BsGJtSspUUVPJcy2d+7BEwlBN8SXxSohIZPuOUNHilGM4p8TrfziJ3eW3KqI/oqOgo/LhRPAOyIeFgoByrUAFDmIxbdIdDh1WvovHCwGnQ/FZ65rXULDzisMepgRaU8Zg1Hzyr16FYhcN7aRWFkEHGTUS85b8slhGHBk8YVLKK8J/hqIlcocIBgAMDA46CikOLegxhc1VbuFaEZ3xQnhlzW7J9CXk3x9XZZxAleVCP7HFmTWlFckLAo1ExNGcwVVvQIQ+airtW/xLBUyIG7Js4o37Gg1FT2BPAiDcdJxMGNTQ4D1NBs87LDGASoh6FiU9YZkoziCV3qAL5rsR9Y+I+SCn76vQFpKB9hiekHAaMTfHBa6hPYJrM6IEUaIXg2ZX1WDnQgIQIUBF4MB0wXGg8hyj7QTzwRjBEMD0ZkeNRHgYXZXAaEbPJGDWXAc4noUA4mZA8BEqUN6UgqEmVUS6XBhcC3/6uAsiNhJ6yIZl6lCkbUyqpITwyxCfBEJk9VOFHoi+pwiJyda7maZZ8Yxq5EEbiU4azPjI3yrkhXNYEnH1FCKHCAkwAHq/Zwp9slNyKE+KIn3Wcf8IKxAwDgDAkoPTMGDexlcUDk9BQZsgUE00nbExztNVf3cOH5/jQ40vKs4n48OxxOIyMZjw44q3RZi0pfZT/JSTZEZQaT14CY9YUtHK3EWXTLIUi8BNPgy99okIvjQGgsbLkqh0SNM9YeaAUK950cnp8BjIRGeA0GQ8ws8vVYbhxUmnGdHwY4xHloKZEs4MVzZ31LFoe7r26xssvygyN6cPVymLNJmE8Rlk2ZdBS/5wcgbHkSxrvabHYo9Ic9RkFwTOYXU5+TPQOJqx791OOt/Wg6XX97C+k5KEhIMI6AiyeEK2z7DFvKOMI1AQGeAYoSH3h+cKg6auuT0B8Rr2i8TlIxvmczgVzBvQJxUxDFmyq00zKh486xhVX47YTOtZ7K7x6/ivS/TkLMu7F0M+RavSi+JiF2GcpcB7nHKeILVIkUDSCUg4Zz2a2XU8z8NXR2d5rG3c0g12LZFn0Eo+CtHqYSa0GGY2j1fCC1k1Es/tVPWvKNm3AKgswGTRFWaxW9yE3VJ/5bniuAi4flG4DeGQIMYu7FljjLge4OnerMDTaIvyilD4wogcpJGhUZnD2hDgPyeg5ixA1VKwlR2MWP8UqdNXAyQRDqFjDGxpZxMcozhgFO2Ed5XP1MNPQJEQe8xDIHifrZ5uhlGgpD5p9TMQPGphxWYxcUAYr6wUN5fC2zmwEwmcfUx2QReffuo8ohAyauKTnVOY2WspoPK6ziTZ+zD8MeDBmjKtVwykJnVbjzEoDfN2bHI+GsWQ9dqR0041nE4kSTeAW8FBLGdV76zhaDW+0yikzWPIaeDkxek5XS3lQOJcUfmUhx+VFKMGoxzjjuDoMeXA2KLeT9zUqepBmmCuCfFCaLKPV5LXpCTjng4TDZ6tngg77qMdoXQi0MprpOR+XymnCv2AzKH20fEwemnWPiDyox3XKJU3nu4QtQ0VHFqA1wEdpyLyQ8XUFQj2iaf7a3nDK414ANkkboM2QW7SaPFPT81z0jM3qERkdPDMym7hHHJkiIgpGHtDsY4VfxNEoNIMbyiD/cbMGXxLncUNxsZbysBm0NPYo0OBDQ8CHkFI6Hp0d5vZzs34Wp7xepchLl8Yjm2XNl0ePkuKDPA4zBgIVJXiCVoqEjelf0g/KID5yISQPmm2fRRmAgcPmETcXp8SjOmRwBsmyIBMGj/jxiCfj/BdrFfi5iAE+puD5X4FYoxFo+PzPuG2IGWrKc/JhkBA1lBOUJr6OhjEhn2iO/6zjIE1DYwouKY+SlZrClubwhg+a/M7T4yi3S2VTePDYKoy1oMnJkqPJ0Ux5m8E+c+533K97Fw5isHxBLt95Q5lDRI6W3vCE56RhvKScrJwuMKN1WaCMURMHT0jObGmfPCglWj3PtFLN1GP6JS2RRM9phpZOwjZjnIicHo0EkTXFW8HlOkbZNxflqptPfF1he9zYYGk2XCVEBYpGXLQanmlM35ivrGcKeeRxpLaUB18Kg4aBKdO6uvO9fO3XUrun9lNHyoSG+onlNmt/3MOQmyt7fKv5T6lE/cyzv1nx+te/nuYN82+ieO38SwO2m3/zIjKRByFcOrvkdePshzyGCOwJPMDQNdrQKLSikPGWYdwXWZoLpLlICDKNiLjQ8fLKP/xGEUvclH4kLheylClxljhU0jeUwEkGLvG4C7250mdMozhGGSPGpuRHHZjhACQbxdnDEOBykVeVgYRsiD6Q/BBM4ZxbRKZkQ8+DHE1haYpHfshxQwge9jDLwgIB0B+navm4pSHwBiduStg88mMUp8HRAIzIBcUDYAo+gJEzHmu65EbpmTHIv4n8cDLhnmH0yFsG+SfjhkzMv8eBJyXPS54ekZHoA0bcEM6nUaHZS5yAQ4VHALDJACrGJvIwfK6jGjjymFm8iGRDeMIgQ7jpiLwk+uwRGRJCMBADUzY+QXKVQXVYJtu611dIauo2OIPKiAJQlIiMDNGz5NwUnExTmoRhiZIHj4CMnFnImY68s/sOiPo4GJzB+ALDk5nhEQNv9yoQH/6ZGRo28UHZmBIfZHpo5zwmqholWH3WVamgTc/z0j/KIJ+T64WQPoNBzRpOJrgz9dgoWlkvOiF58I2Fpg8ns78VpQkMeEhLtL54KaPZ2USMlRS1NF0kBlf8vvCMRinHkIlxj7hZiCBNfAmpcHO1Jip0PJuMl3Nxeo84mh1MtHIx00q1KBHKPodoyIQMWnSdT55q4YbUH5R4fO2XO7s5JaRksO6PM0jbI+4R7xE9+uijbO69917Ct9Z+H8L9999/6/xPB951113f+973KHng2Vw1rScUDudH2v0slD1U7DOmKYopZBw8HDxKQcvC4yPzX3N66KGHHpz/UlPh+iM2ZGZsZsjTPW9Qj/kXDpcChKZ4zAkuEP/cIgJXPEMiHC7TODPReTDKDJm7DgyeZzID3KwyrTLAQEWPc+WRZ9P7KyV33nnnfffdd/vtt3/729++ZaY7ZoLk7vlXvX93/ls6yhhIXCzcEG8ZMP7Od76Dm0hjIgOPohCAEV1ceAJDaANYLxqcEl9uAOQRl0LGhLFY7LkdrpjVADjqMf+MCa0swDxA6BF5NFoxq3x/kIqMG8UNhR/noURY8okDEDcERkiKjtqHPYLtkTEbQTkZiygQ7tFywCZE/qsM+5yM7NDwTBCdTcZgxIUD2BB9rvDKZQhnhueKTDn4lMacSNxcetxjEwkmzufDdBZ0iPRolENmbGRhojqbW8+0GcsRSAgNhTbPKEiSHZSGQ8S4mpvIiYmcNN0oITP2g0zPD3gddk4u5EzvZe8VHpF9KFCSG3Li4058j4OjPKDeBFWgUkyn4Uy9LfCmJMT5MZTnooiIJyN6BnmrsOFf5oKKKNYEZaYm8kBJbhSP2Edjbo8oOePhMIGfKM3kaDHxX6JlCLyJechVPqPheZ66+mPJllg/jJajrD1GBUxBlbFvO99zHuOWEo8UpPXto3bdtzVuCEcs8VDlHwVsqvii4RHYI5HlXNysdUmhPKDwl0gkuyWv5wdJXG/jmh9XGd6mX47hlrP33nu75dhUZCFlwoVbzg7zrx13Wz3ggAN22mmno446inzYYYftuuuu5r/xjW9UBVcilQVRLdi/Zv731HbeeWchm7LLLrvYciaKxZjb8rGf3fAclJxQKm4L4Abm6uCi7LIIqIqAZAm5HS2uQPG2Wd/jrnqIgQ9zxmTXONj42XPPPV3gDjzwQGnut99+O+64oz0vWXN54BwJqmSUe82/tPKggw5i3K+BPPLII3ng1sXUkSGuKMrFp+nq0K/af8973rP77rsfffTRb3nLW3gWhTdlUUylb7rKyJ3Z+B39u+22mwMOV5audDDLzjpVGakpFD/CMehuCiFvzNxxxeKB0mtAFhLnpNaspLWsuciCViL2FogHoY899lhZnHDCCXL3RpGsmgvHuWThd/IKB5K4/ebCfrOjWWyCBKTQHLInKKmlZE+WKZkxGzWh0QlQAQkMSECOlQV1LKJZMAtHUHm89hWuuziH/JSyKZaDT34IOOIKecTZjJpUn8EZpLc62mBMoeREXIJ8hYBfyhZXagAoFLdmQUIPLWx5y4mMuGVGQJyTpRyROwXIRjPrMW4Uf/otT99+yO2bvmnTm15z0xav2uK+be974YEvvP6F12+29WY373Dzkzs/+fgPH3/+9NuUpxNHXELJlgXiLYfj+EAEGiRHxsCzr5j98EaO6mwjeGTPUqYEQ8zUTQVMQSKONJklIILoHApRMTNjI7XAdCLjkaMDt8oEXUToDd07Wyt6xDm3U/QDQf+nZKCBKXFz+wzSOfQIEvg7B4siLg0kKAx8GsUZoCx7NBGvA/GiL40lxQlXhHIvWdxjXK3mBZnaXmhUBSLyuulNZI8zxsejIQIzZJa5ooPBD1SIEvdIHxVu8Ggpm7KSZr0pSx5xOPINM2MTgQFJb1jldlYgEcuBsAp7KRAsUIvVwuF92CE2QlhWsqE443UfbTiasl1b08BX3iqDB6ChYMwZrNY3juiNIsbILDQX+JmfWPSYLEG81aRJj1oXdVANpXA4EOaX4M0TLDenDRs2uOW4Ld1zzz0uPf2VfxqXoZtuusml6pprrvF4ySWX4FdeeSUbV1j85ptv7rLlLku4/vrrCcxcc08//XT85JNP/sY3vnHOOefceOONl112GW/95ZZ+0UTXwarZ3lBTr2HvM2AAY8bG65mGTbuujWSb4fSqb4pH3+PIffq2224TOmzf/OY3ZQEYDoCg1113Hc4m/+wlKBeP7CUuND9XXXUVjVxk97WvfQ1+8rXXXnv55ZergIIQpMandC644AJmZ555prjnnnsu/YUXXiiQKVdffTVXzDxefPHFKtAvrDBFOJ5NZACPkgIDp3yl4/4k5S7BVsSBAq1HlkAKZLopIMEjCs+UhuSiqv0+BNXDqw/OM428RGkhzj//fBNPPfVUWZ9yyinSPO+882j4VECJtFhA6g0RTQfADY89bzQg8QyeoLhAFqVwBDDIPBgFz8T++lN5WbsOL9tmHGFtKs6NWgjG1os3sOcVfkCOPbLhjWeyWtGPikGCyx3XYITaTP8YGv1TL7HBGcz7dyJgaAiGoAIbGFGAkYukFEHb4CpDQw6bEPCIwj4nMuLHfvZIHlSUUmYfb0p6NEGZ6emHnn7JfS956uanXvbQy578xpNb/GSLpx58auuHt/75TT/f8oEtN7ltk+c99rxhP5AT8DR8EjqSOlAQeTpE5x8yIZWBocrrECXSS5LSAx6Vuvu9CrPEVY+NKQh+HsbJhdOUjrgs+WTcWtA0BfVK6KRDwRtHm2PLEdb3kGPLy9t3j1MMR75vUEJKr7QO/b4GfJDhpuOoVz6HPAshUKGDQaApLhsGA0ZTmsuPI7UPCEE9rvPPMs8ot0VBFbwcuULseWtiJ7UhBtkHDK+eQ5iqvPbRkHNTJqBzxXIYhblcELOoKf95qhpBNXfGO71OUGiH8xns6rckLndWq49CW9D8KBcPFghIi2VlW99uCEqKs1FhAgOaVpaBuPQ4AxzlE9pyFKiyFLRCzTk9013hr0RCJOeEDWI8V3ciHpAsyHPtp1Wg0fN4Cer2OKIpfQeCzrenFMQpwed003WtcTlzcRHMh613ssCz2+mfqvboZkPD7Ld+67eYvf/9799nn32UwGXUvVa7iwEi3P3Otn7xgg9h1yZKFynF6n5AaUkYK4RN6wIBE+W4IrA33eO+++7r+1pNoeqsVGtHnlozE50NuTtW12LfEa5uhPae44bMEhh1cdnqn9pWJpBUXHa+4llO582TTwJgaTlR1q59Epfy2972NqFdZM0CGJIWzLnTJYAxJAB/5CMfOeCAAyyeOsgXNoAB4FCJ+HcDpoeKAJIy/s7v/I6bN2/iyoix5WFMoxSMwVZSDpvFpyVwzZKdXKRgVK+oKvCayRA9YzVRGR6UV0mtY5AUhz0uHUEVh71R+EXknB9l7IrjhLVY8OuYPtYYC60a73znO83tX3NTASF0GBv1YS+0nqHUNuIeeOCBgB1xxBEiCsE5Jf9aE2YkNFS46rV88lJ2ZnwKx5WKcWul1EdSml6a3PLDzCzZAW+NTATVohBUkmeC2rZ1ORGIWzJjlk1p1OLaFACYzowxpehG5WuNZKS2GpjSK0SajJl59EXCLRh8FoXb8sKZyc62wqOw5UHc5PjKYr7cTGb3vejVd776rqvv2vEVO151+VWveO8rbr/n9jds9YYN12zYcesdH/7Gw1vvufWTL36SH8WEnFA6FZMmGKJ0miBCxRcOTjbAQy4RsyTrUePpcAWXlOnN5cpQP35QEHPNApUBqLyJgpcdPQCqwYx9i0JZmqJzqGEGWWUri1poB5YmsY90l27UezaIref1bwkYMOPBo1Oiz4U+ekyxOvYFTQcfEtes5TugjAYSmoYaHdjgoR+Q4h7hAYwsIqFimmsKuToQlCJOk4z4H+HyXyw2GZtrBRUKV1sG8CgmGUejjPkMLWy8VRnZSXY4L6moZCNyNHoDkcdoEwfU/AtqKM+MUQ3QyWyHgo2CSt90U/KgYpxYGnVrsSwrToMrqSkmOnk8MqAZr3NJecRz0oKi0JqIVCauPvEKW17LRHC16lEuRkunVRjNbGj4xEuqzm+bSzYufU7MMmqWgjhs7aC3v/3tbrrTS9eNx0UHYrcxB6LPedtVSLk50Vx9JHbWWWdx/alPfYr3f/zHfwTu0ksv5cI3vi3KQAyz3Ejs0iuuuMJb/J/+6Z8+/OEP/+3f/u0f/uEffuUrX3FGux0adUcBBdz8m+J49TXtsd3itufKAox3DP82avW1im4YdrtRywMn7kvcTnOFcuy61AJm+1l7yfPmjeUuqKxun5Rf+MIXFAKYY4899utf/7p3qk8PsC2kdXV2u9uJxVjhGIv1iU98QmX++Z//+aijjnJd5lA4peDNCesN5Ip5zDHHnHTSScz+03/6T3/xF3/xuc997td//dddar1TwePWAvOv6HB6/bj3e5f/wz/8Az8f//jHf+/3fu/0008//PDDQXWaay/LbNmkSXCXcvxZBa83mL3UXW25wuXl8uE4U3zVUwE3VFNcT70Y3MBUQII+bpTUMuE6QE9bdLMUUIXV+b3vfe8Xv/jFP/3TP4X/T/7kT0488cR3v/vdbrrqo+BWXPMpNWw8y8Xl2JJpCZ0kTYevuimjZPWuArJxGAmtLyVllZmJpbBOcDd+hQXGGimmUmsG9WmuhVYBbeBqBSqfGsbKMlMKcZmx0cd6w7tBmpqWmVl6ybZkbyJBTQgwWBqyEO3q2owZGYAaD2DGkKiqfkDAMOvUhpbgwqdRtYG4uFmC6qgWCzCQLFbI2ZvOLT0BR5BbAlwUj8XStHGawbPB7cTlY8acSCqZXiIEHH6LJSPLEfIBw1yCWVbHdD2DCLliwLjSlaxqe7R8aq7J7Vw5ylS+RnFp+oTqRylm8V8WvCHCAGyzqBUbDhmbHloGRgHQkJ1x3EqBvVWTgkW36z1qGLKtpBtxQ7iToQpoZsSA3sQ6qpPRFssnjjp2hZM7kEqhJmDUEhDyhqoVD2xaNYEYh1MIrkRhoBNAApLAM1IilTTKTDhc9HEod3QgGmjL2nnokWWYRUHBC4xawYPohSZAZQhyAjMkI0Omi8I/Dgn/pudWIHhoOIlvTJyspJmGcROrHs4bnwEGgIaZuYCB1GHeBxBhBv4TYFganZpj7fPCFG6XnvFBHqNkZgS8WGiCOH9nkCuCZULCiaVoclclGsKIawo/amUtkCzwlkY6RSwKWro1txSqvCjc6hlKaeLyjdtNjhpOmNkmFtoJ6fy85JJLNjl2vukeeuihQtpUDkdnmZcWTPDx6LF7jJ7ef//9oXHoG3WAumR0yeMRIH6sNDRdyATwfuLTWU9wEnlPuPgy1t/SkIADy84xN1dCuADpP28y05XAXEOgd1bqSznQgATY3vO/iO4dZudLwRtCyUzMkmwWMwSGLhk3ddEZ2yemAyb3uaS/0BZsBAWDmXQk+2/+zb9xBaQR1EvUPldrdbBmKgv/W9/6Vk4YMBPUhwjPUkDeRs4X/iULudTg9Gp0bxPIo/coVzxAwr+6UVoz9tL3sqR33NBTwuxdyO073vEOsizkhUTRN1bdXE5Uo6HDDjtMNaoPbIJaOA6tEeeMDznkEAY+JsyCwRSPFlQ6QCqv7NQQQosrawsECW/0bv8qpiX0nLKouRewirEhw2+hrZSgsJn1B3/wBzB89KMfNRFU+DmEnPP2j2ZTKLM44Z9sIRxkPMAshC6yiAzgZ6zI0jQEjyWGXOjuuyrWiWZBkWRhIPAsa5yBR91uiihcQYKLaxbnFpcBmR9Ks9TE0oNtoWVtFay1cLKAik9biyuPOhlmIaRvOrcDDAGv+U3xGDAIPfLjseMMAJxsSP8nZGBIcSxlljx7lAiQOFJSowRlUQ3cUCX1yAPizdwqY3ENASxBnUDQCWb1AwnrZWU5rETAWCwOVd46eh8rQnGlwA9UEMIQZsa4HAFgwwnAGVNmzDkzZXHm2CZk3a6SzgdbzNmto7zayXhvbkEdU5BbLMccD302aVcTTe9MxDsfOysR/AIJYa5ZSAXAkBpIgElBdrBNKb385VbKqJVqUcwyl0/NLxy3Nrg6iG6K6BxSAgkzs05RxoExRKZBDGp+aEU0Chj/qDLWHjAQwLN22bfQOGVrWoXxDIQoCjDyrQJ1HSr3+JJYoqYsOZ/TwExmIU5aKSE8ikXDGIW5nas3ggpbJWUgLwYVk0xT9OANkBtTQ8IxNguYOHi5yielQLpXXAA0m35WJY/iWmJVGnFzKxd8lEiIDFhyaBbiAU045n8qRnaitLVLU2OXMiVud7QuDTm7PDpjAd5kk/92aiN3GrdSB/r4R+yZGtZMThCXJz109tlnw/HJT35Sbp///Od/4zd+g7ENefvtt9uZWgpWs1w1nEduuu9617u66f7N3/zNH/3RH335y18eN107h6V8+HdWuqOoUddW20kLurs4Sbt2uzqoV/3tUPANDr0rlC3n1uW94hvcC0xEBXX5s0WRMsFpJzgrx01Xgb70pS8plms9jVujiTnUl1JwLvgecb67yR1//PGf/vSnVe1jH/uYF4YpRx55ZDdd70KrIhy0XlGSkqwEP/ShD/31X//1n/3Zn7ki/9qv/Vo3XVDBtpz2mJVwVfIiP++88xTwU5/6lOL/3d/93e/+7u+eccYZcpGRgtjGOglaFwvluuqqq9TW5dhajH/ATgElDra6qQ8/iqnX3Qi9yC+88EKtZmLXYu8Anjk0ygyxN8stVoWtvqVXmT/+4z+2WB/5yEfIxx57bDddGEy09FbHW0oz+G6AFqTPfvazYHz1q1+FVv214y3zPx0oU33cYhEuvfRSbcqn8iqp0LLQXcAY9VGskpqhc9ZCS6qbrtCgag8NA7+10BjeZDqhM0uz8YlbETd+CGWkV607b1xxghQfWoKJ9Dj/pntNmgJAjQc5vUz1BgyyFp1Z3rr8fetb3/JR5aYucX0lLiXwmgpaZpLiB2azjJrOOR4YgiwUKjC4RMRybHlUDbzjkgwGGVcrAsoAN4UTGpaBFEUIuTOWAlQgAWA0/DRmeeShKDyjzk0auXOinQj9jMRe8MWm5/WSJrev1cpSypeNRVdz7doyoXIBr8OLIArPBJlyCN64FtODXVKMwebQtrJzlahvFHEJVpzsILMifUBoLXrczpWCoJRII4FnOsqbUhAGF0X7IRFR0RUHcg0Aj6NDGWUHoepJBLVqLVZoeeawE9w+ChKirxmYweb8LQvInbzMtCvZUFMYQCUWTci5BVIg2IqoXADgJoJqsUwBMqUyVnP2gJkOAFfKWDUkW0nNQpxXhPiSeEacDB4t5abzI5BknbEIAJoWHSqQbEPYOszrf49gGJIRVKa0cGDTmBv+eK7iQ6jyZhFqqpYDz5VymU7g3zq2qcW1mpSKzLIpiCspl4iK4UpEqEQiSjZLzlF1ppcLgVuCPYV7E0mzWGRKXLIicqVRVYMHx6koJ5100n/ca77pOnmtopsNuF4MTg0FFY/3Ot5+Izu73/Oe9zj0vWO8DCCgqfslww9LX6BdHZzXcvDWcZTvt99+ZMYstaCKMJa2uuhFWDmxnXQVA07sZHovDK8ZSlhbOZ2Ka1xRWEJlls8HEbvJqZRPdSXgRBHNgl/zeTVaEi/g/ilsRwkZfm8R7S6E1UL8s2cgfZez97///bI44YQThIC2z38GatUiKSuclF7evCnjBz/4QWUEQOKKKRFfD/wbVXf7k0ZoncqMfxO93fmHXDqcq48crT0b55S1kMtee+3ldut978XMoXOfLAp4SgEDY6gqozoYYsDMKCTKyIPQYDDmH3jJAixZQ9ZUVX1CSRO3WDQqrBm0LGPdo4BsaBQTWsj7D+T96Ws9x5Xplp5/gsJCLlmJA3PccceZ+IEPfEBQXUjPMzAsNQPSYFbKFLlIhKwUHlUAEh4IXPHPUr9RghRIsbiSUQdc0ztreMMjy0qJsySoNmNTPPKDmyii9OXLgIxzzpvoDLpVy71iKiwMHIZWtbUcS6XgkCUPBLw246FmUEDtQeafABsP4kKLe8S5xREwy6MBZ6xDGHjkhIf8w48YqCfBepWaIXUzi1kRBSLQQMKYBn42MjJLtc2yXl51dY5DR16m5Nx02dl3zPrSFwIYBnDChggQlhG90KMa7OlFL0fGfOoEZ46VBUkDK6zzi2AXkPuC0TO4Iut23PQORK7ozdUbNjKlIhP4JAxesiiERa/+suakWuHQKgjBFLHs3MzYqwAlb/wDHFRHgXMMYKNgdF7Rk03HO/QZQ0sPJ5k3YBgIWldUjRZIlUbdrKZHQ+wJ401fazGr/q0OV4CBJ6JH1agUVQBRxrVWfJAQOD+EOEhD30R+Ki/PNGLRMEBqCEY7S0mD14rTcKjmsqOBuZKaIkTgjeIVOT6Eij/aiWXcdMp8QkKjVtZOXDDIqmRUxdgzZoA4hHakU0Y4DRoRWZpVr6IsCdIRzn7huW2OU+Li4lXAdEpmNhSH3iAuM5tsctu06j7PzzzzTOFdXu0xX7uw0msjm9AoEG5XTjf3Xcelm4ocvLol6aZLr42gMaubriHr7a0OrvucfE455RQ3XZczo752oeSTfx58KXv5eRPrQq2pHWnssRtvvDH/cLPUrIL61paSU1t/33bbbZl5qbsJKTQuLqVaCG27Ov4ohfOpTpagN4Q7rkJ0A3aDAbudoEvc1WBwU1Tr008/Xfq4uGeddRaDDRs2SJ//esWbhjdXSThd/kz/yle+4vQnq56KeZu66dKrgE2oUG66cnGTNv20007jn7EEXWQZyMUBZ8daIZgVSrkgB8ZVkiyWzwvXTecdVxZVrVw47Adu+TdkHSXIj8S9pGVkTd1dwFBMKbNkrzn4lwvjo48++uSTT4b5k5/8pHUk+65yUdYl/Ose9spSM6jVueeeq4A1g4usFaEHuGaQiILggFkF90I1cbn3xlJME0WUssrAD4DsNEOv0g5Nx5AonbZAWuvKqDPhN8RSmr4ovefqHH5EZGkKgUFnDbK74CHg9IT894k6LjdkAsAmglFLsB/G3Locs+ynO0rKocUCXu46UwG1k5rAbJYhEwnlhYdcM+AlAgyZH48dZPEB2KPi48m4BTIFzwbIooCHd5pYYl2NG8VFDwYbgQgmEiKVpLG+bKRJ6Kai2urp1m7hJMtMXvqWf3opZ9yLEIbwAKYOjEPIP84/58Cwx1GhZcSSPdjKaFt1xmk5/u27uKC9WrQNbnfjlMhE003pUO48JSganDhiMIRowAOglmuxelni0MqxzqHhP8wsl5gZwBBgRCl0gna1XxxKDlyy72PbxLaVjqVBXNFzIlwvBuDDqVzi1h7giTv6h+da1BACprxKXLngUSvecihNkAxltjGll1FJJUTmxod+Ard2040qNQNIUMVs58rLY71BwKWAgCfjZMa4ZMuFMOR1RDmGzI3TDIeFxm1kPWkFweidYhQMo00sL5glssyFvMyFc9ysqLllITuB7BGPJVssvLgWQlzeLLTdRPBOJDv5Nzl4/uUYWtnnaq9oPeFYJLPADdFoI0qrqIfwtgG/lr9NgmjItZRDltD3vu9lbr0DdBg9P4hbfkxpq5Q5XusU13T23sfd/7ji05C4QpjLD24o/B4dhQ59Z4SgXhiIE+9FSkchAJqeB1M4AaANTJZgQasAe9yewSEXuv1jOjBGhUtg37UbTgCEwxkXyygblkguPHhkDCfPgWkfpueWTfbNxXnmTVIM2sBkBmIJJFPvVG93V2eyFzPnLrsmDjA4V9WfHheUmYkcHnTQQUq0//77S8Q1FAa1KropBFxonB+Pio+rFQzqRq+AElFJj3hCykqKy0KaZcEzmZBZLYRrBoJ+sKw6gZ+4IUFZ8mMK7hGHxyPORixmlHMzTv81lB8076apteJR+nqviMmIPgHVjdwSRCRIVkT4LZNyqaH2kBSOFLZmUENICIDhkMvXxAoSVSU+jcJQyh5H3AjajrkoDbQ4MwI/pnPCA+4xzx7jIReR2YiIMzOKe0RwspQCqLIAtZaWlxXE566cfsmaoYxVg1v2/AzkgAEckVPibMK5LlnErGN9nHHOtY62jkvnXYemk64TFo+Y4YY6IpEjdbwn8CWtYK3Vs9BgAFOV5AIhXnZIyta65WMQckUb+EURLswAO3k76AHuS65vOydvHyglVV4O6Cw9hkpx+ISB/2ollkBkofEEZSdA1SJqA/amlzskUxGfXZNematCrL1rB42a1HUw4Hz22BDKuJTR0nlDTVE9yIEM+cCPEoYyDj9lJSXHESfRUOLMGEOYhswA94gS8mzJDOHMlkvmsQRljYBH5VIiVWNOfSpCZNaMZQJT0JBLM15EQ7ghGnXA2yzOBNyJwf9URwvvQuPLztVNW3hRk32n4F7mHvHuEz518WQGGkjfaJoaCGdMr8P48Y2Mu49qu/7Dmyg0BDbsObGLtMj4hKlL+OFZLMbmggEhDOybgv//Kbuz59/O6s7v4AFsA8ZmMmCExCCEZiEdSbQQ8xBsdxedcqevc5PKTd+lUrnITW7zF6SSq1Sq0+nucrDb7QEbbCYJEJpnBBgkMxkbM7VtBoOd137e3+86+3x/R7azqrRq7fWs4bPWM+z9/HTO71imlLiMHsVkwLgsbiS+0920BCGw6X/gGaoW2QuII0Ny4TogXTfp/jch5NwFEZmegTuNsATRhOr2w4yLiw6ZIxfG8DBmibiI4NEQR5E5KqFc9ByZGeVVIT1mHHJmuFBBLbukn//8512/gAQjZTEzVqxoconGEWdDY4JYul4D7FrM0rVYatdKBkENSS5NhzhSi4xroKGWgXkh4CYFR2xaEswqti4JYshj9h2anREtABpcHEo2hFaXOHhE75G7IQY0vCgnlAgdB22khMiooRbe8HGMWo1jJj4BZhk1RBvrjKZplFYQ9IcGHqPMwAMpx6qgxCNDuIylrmRCZxkeHRAfKSU85BDmPgEj6ejrLc5gzw3Ro+SoZkIOsEJEUAvZvDfjuNEmAmeAc/EoVL1CgOn2EA2cSIpw4uwDn/2ccY62DjXnF6H3Dd4xN8clMxxxGQGt98IFt9swnKWtlcebHDzNL1SaACFedVapkvGaw0AVjNnAzxGXRdKQd+B2zvo0edn6uJwvGLLPl05kRTGj9xFD8Ai/UEGqP3UVkVGdzACPyJVcT7SrXuFo35ND5UfimGAookHFjEuX3CPauwhb/B4zqCc1s0WoV/UNH2G/GHA1UnLEk1fd20shSsbHDB9NPCq+ySI0ZWXxyAyphW8V7cvZFtCxnGqJVvWHNVwEJKyYIVcmuWLLS25fWDbIbuq0tIOc9jJuL13JZh3vKRDDoZkW8xpAURCZIetPwPkQaOdQEujLlaWAW91HKgVL1D3Gupxlyh21nkSIF7P4LBFHn6jWNyL7UIWBwMYoY45SQytjvLwobMXEya3g8uJhQ6NkEAByJY8LsxMXQ4QxHuTD2eMRtHjfs7YxX7XwqiI1KsqXuG8oH1DdpCmnWK0TzecVLhT32sggqj9uvbggtY6ZIS77KhDBI6HO4AymV+Rslu2BUkqKi4kHJk0BEXdx0CwJcnPhMZ4BGQUDL4KKkhnQZ5nLFm7RKJHIeDO+LeW1mJPxoR5xjgQpCPWkeekz1uygOT0JdRgSZsEj4xByH14HlBP3CBV7fA81OsFmKA3LgOGrNwcSDZ/IISfHadgPZ4ZaIeFvGbTkyIbIuLpaQshQ81hMFJ4F8DyBSonCGZg957hq3YpV1HYK7F6Ke0qz1y+rgzJHJEhxhu9prwkhDLKrgqAuOHENwRU4JdOAGmaP5DSDfEiKDujeN33B+OjsFU45o97rDuLe6FURpLKID4zsBBxZcq06k0JoUlC9lVfYeQFIvd4UhxdMwEIYDez0PVZOXMyRo4zr9r7zcZQNPLxChevSCSkQVxeDij1xwVHGKDmD4ekzXlYH6nHPM8Y94tG+IqSEaKoYjnI8iRyM8FdRYHDyUI9T8hbffzzzj6Py7SllBvlbeQQctSaSxcVZthuHpzEajyjx0MQrSa7qxwOwlX4kNvEBNsS+LxHr2LKe752+dCzBwlY1e0EIE0TAkqKWVC7kaOQRMmhxjzE+VLpolXKg0g2P1shByZ77SeTkeJUqU43Vi6rd3sPb22REPiE9yQyvP0jkMAcD1Z+odpmg4WaQsiWBe0RkygxyqaIi73syWaIs0TRhz3OZPkCrCcDXCvq6xDIXJOBQj+mzQT3uafR4GVFtKaMO13bkexY55nCPmtnQtNRjMmHPKVHIcVRdeBmDEQ0q1CjKPnd8SFjxCbihsuy5ob0LJcolzPAPpzEaRzR8cy8+giTYITxp8qBFAGeGZ5CxRdKCQdZPC+ns+UCfWfbbpB5f6sWJe9zLm9FxdB4jAOjx8Kulllay2TSteG1pCO8RZ185QokMHpzIi9AZ6L0Yp3c8qqWDsVqi8IggbBQSnLLIBY+4jyM5zmA6kz1SVyUnFy0hzfBoNChj1DTNZK3BzWzkbNA2u8cNqHsKwT22Zk4o5RjEuVCS41HyaszWmTgq6T+RBmTU4/AKmQ7Q6OResw0fezKOQw3F98bx6GA6zfTfYeQ4NsJZ+v9VbXEuyhNGsxdQ8lnoUQYJQ/vH5OFDo4yqZSqaob3NnvYGe5vkszwiI1VEZgXZG+R2SLz9Q47I87jfWnFKnBKPCo5KF+0BJDwdR/kWpIALwnmSdPgeTLsdDyo+Ap4LM0IxV4ZTnAdp0QAbOnlEY7anE32JSr0nGhSGcdnT8j6v3K/50e+FqIAr53naD52lvT55+NBeKd1eJiSnRAvRRSDhlax8PHlPe7M9pxw+tDksIp84po/2lmjzXJR8wgdY1DQNN4QmF6rM6kVndzE6kfePJ3T2WBvjE6/9YzKOAIPTgu+l23ZAlIIjn2W9achVQaDx5kYN9WpBhVU7yzaRgMJ6Z0de6q4uXuTpp0W590m3DyjXgnwgwQ/ShVWk2dOJch73wsgndNGhp9OMfvPZ2ez1+8ehk9IuSv9A+WgfGU84Sw2hw/ORDtqLxYySl8lBue1eM2cWcbO41sz2gTmLBjf98SZ4f221App+EfBfWH/ioB9yvmT9QZuXrr/L8eL1B3Do8X5ijNjzFUFqghQ0uCGRmXlkP8FZ4oYCQMYNcZeCkrFHMiIgyox5icwSfo84aksjQ1FDzPYys+R4lshjfIbi476sNsorXtK4fRL3uOcJUXKORVYRYd95hSs5DYPBPI4DjIBvTTn+cYwXrD/pI0Kzyb5eDUh8TwvURmTLiICnX+PniS8qtZh7XpbA4AmUBJzMbM/TxxFNvEQLzvlDOR61ytt1s/cyyDFeqAm4J4kY4OQxG5dRoomGlz36B86Fg8XTk2jxH7z7B5/8bz/5d//b333gv/7Ac/7tcx551SM/89/8zPv/q/c/439/xh/++h9++3/99peu/5KAch0O2iNN7Xtayc9TKdCq41CRbsc9Ngs1Ico+GpzoEPHMSRftjQtyNtTB9Ehb0AuN8bMEXkQOZyvkhO8fpzSPtsPIqIDhiWgGgMcDuCMpVqu7maF+bODNhyiNTqixT0DpGaDi7wEMsSwLHuVuiHvGOc42KQiaaMVPzgBfJhuR860zYxAfdxRmFKr4COmjzIbOalCWe9rry4hkh4oQJCDjQUUJez4Gc4zglJFQJRpKyWay7AOOEC9aZ5r143HPZTSEox6ZOWC3ivz3/fV/F/C/Xn/og4DP51Lrph8lGfI4P0OL50KJ/9Xxb63h/RGbP19/1+Kbu1+tifIqxUl8GQUhZCwULk7xS43zoieHPLNvrT//1Z/6Qd9Yf3oIcRdTRtSWkCvyiEQLT/HZe8TJZaGniUuH5pFBfIxzZ0NGgksh1zoDT388cpjtRT3iGWSZYxFEwwUPsBQyKlB70RSrJ0aVzL7CaynOHmf23fUHynTsy1/+ch2jpyysdGVHJyCRFUkZZVNpU+NgRjDg+ymb9uL7lhrCmeFchqcxynJPo2SAJEUD2BJHLfdoln5ba5Dj+UoXHwEvsiweA1NGXPYAJGQvYJ2RBYxynfAESIbDFg8zHmCU8At3/MLb//3bn/s/PPd9v/e+v/vv/u76P73+R7/5o3/9R//6p//NT//Kb/3Ki/7nF1368KVFHqrS4s8JMhrCmswD1Y3wx1VEqC41klGlIS4JQpGLDGfI45R7YoBKPZwlyoC7cwo5m3Bfk3GhfBcy8Jg9RzQYIAd4kAOMN3G4x/heQJXWyrT4PVqfKp2VabrRfn6LiWSUF4DwbKCPN1Fnbh0wisBWaTcENpVJwz0MpZCUAAa5bYjT4FDh/cGu9nibvT+QaOcy6E+9UYJdFXyhRVupi+oP5MnDKYdnP8XG98b4tlCe5gRLP8b7yPjQyRAvAs4LkYcnIDBwwHDV8apAnJIGT6Ds0RCz5jfeqCF6VPytmEWQp2mIZRknIJr4eABMHK7nRudkMyQjSmgIN7+ybKen9dFuiSMrI8HiwNsbePtEcwdfBFwCA9TacpES0N3XozVnIRJoWoUTZwpGa+KeyZLZ3HRbx/m2k1vTlOQid8/jIt2L1q9if/kisgs3/S+uP1uUC5J9n7TSBnmfKu3zdksaXK6hUeKCZzzuAUY0dfKkZO3Ca51pJgytXh7O7rwEEWGyCK5k9MIXvrA/SIVevP56j0NKvTDUmc4sljRdiI263WrIK17xCr79lar+dKV2SVEVAxUSkNYq3YhskeHW0MiWmiFyBoO/3iLZxZQ65LIEiUAT6VWtyxifWU7PZjX+PBmKI1m0aGCDAQyQ1j14OLndEkKWwYvnHrXaxSTIi0sdGI8wS4p7xBMQZcZFgyEkSLo9TwhGHFSaujea5KjHwGe8RTm6D48YIPXGafaccjNaLkgoFOYpVu2tHGvGeujHIYiBocwIesVLA4tTzJaBXIShkuIMMhuO6NlwMU3ICeWo8prBew8RsuGiq2jN3vmJgwcHON5kQWh2PJIVtWZpI0qPyqlAsgIpbYG4IXodIOCUBI651B8ktapBghxCr0Af/chLkeyLthehivYv9fjUEnjBhbUpcNskYCHXbYJ01YimZIJRMoQE8LgDjFcjxyERaPadiVNWHRkRilCxNMxy8RgGeSGv9mYQkWmqiEHwyEM9nuXmcfi4cN9TZbbwkuEZTfIy3OB5JBgSbW/sMdoW0HFvhrwlisgVgtgcHC7EPFnw4k8WRE4YGgMN3GL6zxK3MuIWBJp3dcsdIBrckKVDxls3hD1ZW0atOcJX1l+x72+J9Ldc6G0kQ4Izrs6KJCteLvpg9HcwfMd5FIejyHzZFEFAsk88jxnL+NWvfrW/QvPZ9W+uucYhQ74KmQkiPl959VReSdNEEskiclWIjwNDExckMGiUY9zlvs3GjMZjjZJRLt2etbWfuXgatE3ycVnzwuuPaIRiSgGD/qj6i4sqX/b+Sg8wbHCYu/QzJhjN8rHHHvvCF75w9913/8n6BxC1qClDejJrDioEYfwsThUFNWpCUVXrqmi6ROg+DVLwcKhU0dSoC9c0esaGlInPvBhVEeMoY5wBQX9kBCCE1reDw/HhCIvIvekNsQktr4GKg4qaMpwsMi5dnBKXEQcJHhzlUjTB9aTTCgb7raRkPGGUHW2dsDhlHyUd+jii8Sbw6FOJvVoqEHkUqoATXxCyIZwXjSB4Z3p6xKUJRWYQwY9UqhsKV5ECCc2CGnWs6UYE1GKQUahqCT8udURfUlzS/Tk+TUBclKZS3464T2f14sD7dGZgNNgllR0eDYe5GQQSNx0e95NVFc0U6rGVY+fS9Ffy5u6oXuvToo0oGTMrZv2pFbUaQth8s/rwxcn0IVS+An3XEtSldoISDIkDScGlk7Sd2zZ0cPWDKHhwCPtrkGQbFv/MZz7zta99rX9h03GHM1AOgbtolYmUiaQj6wxe6rhHPFIgzl2xOC+aMVa7wpGGV34nwLaA1mnQwmguMq5dKCXOl2DWLsq39Xf8aozyDT9U+EBqfuGnxyOWhga53ubC2Ch5X4WkCkEVEv70ARaHPR4VXzo8AG0N3JCO1T0cSRo31GKzlsTf0uhXew+3mvGoPdkSJ8DEZha6EFJWrdAJSjLEBllefNsnbbBxr61TFYEjmS88JbXfbEKrmW9IBmGQis9AfB+qBCve5rz00kvd3vrlGC5wr1q/us+iZ2DfFkEWGbfpPf5Nu2pkIFp7xraPS0SDi9CeYZbAIACVmcuY2WyUIs90VrK+EVpAWlcbcQ3Eh9iAt5bE9iIRRPBAdrRJ6qqqRvW+5jWvueSSS5QJg3pl10D2OLmDgL5WsETXX3/96173uje/+c0adcMNN9BrHXf4ZTEXssMAiTkKWzjDjMNfFftJRKuvG3IlCwW8sFoxBygwIJHpFaIiXNPwfUuVmYzT1/aoR0NkywDJgqbJAMNmAzi5nEQ42d6gNMRgTcjhBwn5opYBIsgurES4HsYpcUpc6oFE30SLBoDutc1sObwjW8ciSo8p264d/fYkebYuMzaIwAzve44Z/M1L8Sk5bqFX8FwY4yJT9uNHMg13MptaIQ4ScHZuzazYdpZlZjrMzvRZpRXLy0SLo+rAQC4yvrAf/knjOk+uQEuFsbw4DQMCmybLyw/37vEq8rKh76MZcvFrb2hh0HZkJUDb1gAYt7TMC07ZqsZth8ij0tTYHzqx8in763M0hpRsiUYe+/MoBDF56QOSve6pCHKvTGi9CHt5V2Az6x1Jw0ClaXSAe5iRLOC9/OUv1+e2IS6pfWrPAgZVP9AC7BXrnwe18Rn0C2f65T+McTYBbsqQ+DjkNBoluAXMRiGZ4blUrIyUZAY4R8oKBxi11E2BZRO195sXo1ZISwVf87NpuAw1d/Fo5G157XYiwDjA8uJpjHokx2XBI0MlHQA4/Yq6vYCQFQtnxxTkVpQZMVktY4JaDLFxROyBCYtKVJa6MRnT45mdcLSdOf6T1SbEJbam46gNiRvyCA0ZFALQQQlHaRCNgCGeNcdLfF6UOQ56Ai+cI71EbKxOS9M3nbXrCusxDLkjKYJNU7M6Utlb1m5vvv4eeeQRtzf3P1+F3e3sWLuXsVo4SieItladOKhzqtuzaGD7bASGRvy+RovjkWCIkjGeMa5kGqMC1tiWI+RTMsECwltSaVB9CBuQCGCtk4hQljLKQlCXGp944gnX+qeeespjm599YFQBbb/pwqhDgdnnF33iE5948MEHf/d3f/e+++678847NVwQZiLI1eQCZnItLERAzR2OwomU1iJWKQIYtX5k1wepdUxSnQQAh0QuIKVjg8Nc/zuVWjk001JmbMRBHnFDNKavJrc2On87bjpBImdNB43jQyEhhxnyAAsSBxuHgSAFLlccJNzQYAAAZcZdwHZBWXBgnHpQmfGIEoeEsoPMgU4GmJyeC7OhYDPjyEzzmxpKLpQTnyZfxrjTk1LtDNIUP0cRms1msG1esWZHUU2TtWHK0hiq0uk5EkqcYpYFlyiCB4VTRqRFrfay48qpagQtd28XQh9qvRq9AIzWJcYcRQgAMGgmSyFtwFlRFg+OaBTiUUUmzsokOzQorUxcyYacPJWMuIjWChQZtWzMMhjAqBEqaJGGIx0AVaXAM+ilhVRq13APrYDFB0M6e9mj7Ux2eYXBloHHIWYKgGTQPnWpddM19NhjjzFz1mWMd3I6BKoaKROXTiILWAqdkUKjmFHiHvOyJQVJyYuscMp9+eZd+bMImzvcdKhOaQo0Ecz2S4USERD3NHFEE1/j2xnCl2PHiOzy4mSF0Lc942wChnrMAB9j3FDBLRhzB60SzI4SzKASrE9VVMh2Ohy/4PnmLj6hLCfxaciGyIMnMPHMtrz+sxR831ki1grebiEgIEKDA2dhAcQ+ZO2WTl4csUSise/j0S3KeecTjNyRJ2y+Cpva0rDh7gvOfjt37pwL3DXXXNNnnSHZ+bbf2FvfBMHpc3nta1/rwnfdddfxveWWW2666SbZr7zySt+JwMiOuCgKbLOr9TDrOM0qd/sHyJQvHe6DUWRcInseAClE6GMQeWSvNJrL1u+8BICGTCMpubNeNKHKOyWbBjNqGlpeppbQsjMKGGOkXsVyh1xYDRRTQBwAX7hXXXWVe2q/BrJrvdRhZszGtLrFBgmxuWLR2972No369V//9VtvvfWd73ynUFdffbXawZarPdAKi4AMJ+UerTbiACsNYP1sjtRLrnAACPM9DgyNjnkETzk4tGCbhco07/Q4G/MLGPCGopYTA4IFyb6kAOgePODB7Lhx9GwH5/ppdgdxVbTkai+EuQOMCB6FxeHBwaMEj2UgcRUFnpBxq1p/dKYTCpdRXhsSAKdGRIlD0gJgCVLAyGmQRRJxx5VDSRafDaJsjgqFJpFzk73DlOwApXd00mgFHiQkAt/mUfeUoBy1aLsy9d+KMnH6T6jPSNNqIC8kDhjyAiCjqmUBYL3mtt/1Nh0AlU0FVjIZry6OSARebocErxCy16EIXgCQM9g6sn5cMQvPrMHTLMxkebRIYG6p0KDWjBpxBVqHNApk0+XSlrfA2t0RS46MiyyFwqU2C/CADSGoPm0RkL3JdMAQDRv4e42RNaEdpNuWk+wQSieLbuPOPWAcZXoOGIT2rCHwEIESSKcNLxvZvOCMnTxkQ8EuMmqDyAU/bkgtGfBSGi8ZVU2gpwQDZ0/D3SNHAsy6bcbhNwWmssVsUnAas8mgSUGtqLz2NAboxLg9iNZC23YlLjtNHAxzPZpshsaYGa5wXL1cDJXCEVEJ7SBrL/xmp6VoZhEbXlxwQZAIZFnIspBFJstCqZ+UlhZl5BE3FNdPqbcXQItG7yYxDQEHiB63UKCJ04QMYqun7Rr3iBgYbYX5IrNbxBeElzpRL5XaTUa86Luc+V7z3XfHHXe4sD7wwAPtvWJKwUupGsdeUvZ8faNZ0/0/D14ucG5vDz30kE9CZN0bahtUEeTtmZoOp9qRONCyx/uJEM4RHiXQiwAkjhSIiwyeL1AG3eSefPJJnItRxkKJXxtllLeqTZXpxNd62yZCdQzUpVGIi1mQXY12MjC2riwiU4KK5PJF7DvXZy8ZWgaAMe4TlawuLpCAioD0dYw++MEPfupTn/p3/+7fueb+wR/8gUY9/PDDYgKv1SC1AVrToYUcwYkghFZR+o9zkQ6pFzxc+cEgS+rxkUce8eizHYcEJOkYQ4gzBl4E+lYOPQ6PaVWI6gxF7ItP0CUEhtkEDNQ2QwerU8Px0TniWOkFyYAx/KogcCcoARGUg1NWFBkSclxSQ20TMiJn3DJuQgGApM3WniRLHXnsaCB0EOSlvck4MtRonD0OPLNsyIYqWagmS/w2P6Fz1sGKJzsa6IPUISJCC09FqtBwgm6bOLcr1ymryyNBt9ckb4sZqbcl3XFWsfOGw6MKBzL8a8cffh7WLOCCUFYpkOzFUYL3igheNgL66sJ7GVRLAXVDENRsmhHAgDcpAW51mT7KWWwNKYpsTVpOlhlOg7fGEJfmWnAEdvhrXS+zWo2UjxLANlTncfagdmSh8Iiv25a99hIcI3j/mxZ34OBQufuaCJvIJiVQ2ux2E69+gaudy9iobcJ+bZHt5JEFla5u4IYUbusB0JkmAiVfAj0lGE03DWOjghBa4RpumpSp/OZXgTPLarQNccQYNzU9Jqy52iiZcXJLQopIt63G2YxxekjM8l5PZok8DmdmyNxxCTklRyRjJZhBmE2QxaYWi8rEeTTUQuXFPjARuZUfmCLLIrgmG2q10CM2ZEo8AzG3s17XrGO8VV4Ta6j08dDE9ddoXW40oBmI4I5l1MXLeXf99df78vJp1meU4Ijx7HZceeJwd6FxMnLxEferv/qr7mFvfvObxekia4hN7XDiwMCXEowMWErkciyCy9+1117ra9FHourargqUmj3Hji3RxJQ9YBAqAX6ci1pyVIJEUoigEB+DBF+g7KVg7z5ttGJdr/s4xd3qjALAUoTa1QnVcjSjuEXQOlCaIQYITsZ1W3BgfOR6FBYXEClcr1x21d5XMGDSMYZThL5qWXKBhC8zn9K8br/99je84Q3ve9/79Pmtb30rwKrgJYLs7YdZcHhbgt6aAbWJY1kPA6xAZYogXfWScW3UUik8kgPJhrIy42DjMHDp8gEn2KrrAx9+NBNhyhTIWBwYuNvz8JhZIKGF3NLfDp7jz6JtgDqvq4zjsnOXukJwSo/DRaaXyFDGHA2RCchoDdEZTZNaxraZvJO9rdgOrKXNvhTTTEQuFFLIUM3PhYA3IziSt/nqDCpp7x4HK+5wp3GSwuDAJVNmXGQwVFEztV17rZb6b2HrvDnVCn2oV8EGUhCphSXIIrUs85KbkhGz8PPqu6Ft6LFy9CRUfYH1BdlN12sA9wKgQUXjIqAgqCkwHQLCCWErCm+ayIhgiKDhKiKoTtX7Y9CjMs1v011npICzpCqyupRpWkHFm1/6eqvnHr3DqgJHfKsdTgEBWIi2bS6dfYq3WdrLOCWNWQASEZwqtoCpsQVwJcQNceQlCAq2FLgU0lGS5fLITB8qli/H9mwRTnYWy+baIjFBCjdHylS+17NJUaYZoTFxs6qrlMtZGn1CywBCExdgfIiexlAY4pRoRlGPhOV0uO+aPvrK99jmktEMdrKZFLWowvQpxKLyaJpUAT9jxKvsgoygLbjO4BolY4uNTIlLTYhnoJlSb2dT7cOl1zKCxNCQh1tDIDLAgWOgxSzbSwxQBpRWG5v2iXuYety0yIj93kVtZI4B6Icwvtp88f3RH/2RC+tdd93Vt7YgbLjUC9TU5i6jUR9ovst8A/pu9dHnw9CXYJdUeoA7emArNSIoEKQ2TOdRZ5OMhnCa9g/8zCQSikBJ04025H0vu5yJYJvNiuTCXmpQZ0WavHVQbNu4gwMeBipqFriAIQgOv0eRy0jZN6mvWv3xISy1Yp1HIRShUymZfYAZaCa0Qt17773uux/60Id8Mt99993chWLJBZKWmvWE9osV8vBXSBVJoZNw1iXl46iWhh8eKSh1RorOKQYthriq8TCbTQZNH8CKJesnohGNmcgExtz1EGzA6mqwLfdOE2Tdtyvo1cIY8vBLWvOHPKaMS0SJD0hJCfAPNXGMtQXVMTDapVGocEMdN019jgJORukAI+Bs4kMcyzKkcEoxq11Slc5xqXbc/sfTOAJCwhJxR6VWi+wmDircIw6bAiWSBXjUme50lshxr7e9lXtPeD14h3k3kB3inePmQvZOQAStgMqp2GqkUYIhCNk0ZUIBL5QgZHEk6lyrTJYg5VgrCqUcQm1ENGgEpCijlqVirTePzS+hZYAKhYqsXRKBR1AOIRgdrwkg4YZoYCOAFzbZKxm1kORqMVvYsrfycW3HbVvbx87F7Z22sF3Q1rCn+LazevMRhGqtAl8VZHlbZoJ75CVvxmTK9hSBciY94xzBhl8h5l2Z+m86TATe1JhlVaNKrlGqrnBEaP20SgmZCUhGGQ+1pBF7xJJc2IwZ7KksZqpJxys8nsYoS+4AyGuCTJYqwLbY4PEoBQNm7BHf3NEIGmuoyK0i3OOeD2Wg1WJuL11fND6dcDtHboI1Lb0maisZGmeWLussue9BmyoXX1v0SMcpPbrQeOzfibvxxhttwi5/PsfouYtWfAW3qegJPqi5c3F9fOc73+ni+MY3vpFSQN96OW5TulYzqBylgLA70BVXXEFwXUMufx5dBGWH06j4gvMVRFv5Io/07WG8FIzxyy67DBcQNgAMdW1VIwN5BffYJcDFGsI3velNarzlllt40agCDHc1AuLORRxecrUbW23KIYdq1bddGWXXIva4Krh0UxQHhwEwST2CKm+oeCmTOxspcHJz2kxBy5jXdddd58p72223KYEMFXjMRICkNdcKtqo6cSiRsGALBafIOC/IdZKMozYkS9EoVUEpNctAcicjo3xZ4rykZsBY63iZRHXpIQ6eIUqFtFClCIBHjqLhHnEBdRW1f9bOPez8et76wesVLmkwuLNBTQpOj4tMyQAX2RB5aHlskfUNtSdx3evgiyMaQ50jXCCUWsB4yAUsBZ7AktCaUcs2E8eXOioavdQmC5XOhg/A/oDwOESDwiyamBWrt5LqD1Qa7lGLAiBd2aUTVi5ntOC9ObwkHN+ObI+IbJS+Ywik4G3zcfwbRxOzEjLIuJeHaM59LwOvATFxeuAZBGCiiSAaXmMDPH2bdHjGzW/Fml+WM5X0aA8M6ZJ2Dbze0FVH7g3qkeB1hSufBmeGoK3VAqJgoGCUumXcxml9kiEkE4xariZltrb5arNTckSDv/j49MFjyzguAnuy1CJEHlOuMFvTkNrbPi0qpSlTjabD/Hr942R6o1rU1DQ7qKqLkHKGIvo6jDKOctkLGWQZNTv1s5JRxSpE4XGPWYojO4SWUNsBeALwlCFnw5LLBBwq1L6Zdd4ceTRBuhp5RHqLMzBZkF9w022VzNJZi2RrLk4JCmTwMTNqG9RlHJkANtYWwa6j8SFm1B3FfPhGIxP4silFS5OlaD7cPLqkCvv444+7h7njuiX3D8/53GPQlpudRjBVtUzw8krhY5C9j8E+EjnKSODbtxvj+ot75AgDYARDNCVqnwuYzMZolohAKXL3NsXyckGn7KarZNxnKY0hVIpSw9zWbeXpMA09YhMJLkvN7KaoFeIoTUwapZGllrGPXykqSouEwsmCi0AQAUHlixiwLsd1uP/nSi9v7ttaXrSdDcfTHGaABSSwhJlxvEWC5EJGgYFBRrw2SkqvhBlF1R4BL7UhSmDE0V72ilVya0BABqWomVxQnZxtGfJ2iF3RodMJ0ihfVUjElxyAQiHRKpYyMzx4udCXHQwET7LRIocnSPGh9EUuZiUL4lEQXLvwoRqF88K5byiPyIPnsbxSaILDQgfi6q0t05whGhRaEQhFCx6laMwEqY1OkE6T3sc+nnDfcN4HuGPFt1Hfdj6PIq+EvpDYdKwLZTrErBtyRVKjCil14HsbSUToPdTnGhKNslO1+SVsR+/6Jsg9IWqIwDIb5Vd4Tah7Q+N+wgsyXLT6E8Gwj185Zam64RXePJp05VvhHucssh7IVgiOjFJaKnaEoXZWnE1LRajaKJ0sJU0Ggw0BpywjlxzjKfHihLPOVHit7l1iUkxBnwg4ZV8wTVlNQJpQY0WoOU1Zi4Fv3StylMyMvmjDDVEKQhCcMNTslA5VcuWjmV822ZcoGMVEEySXfIVCCcOLXJfqeRzpXoKhuPaKub10bYm5DrY9LGitRPVUkXXTBy9wbhva6o7lEffokoTsLjuNsr3nFkV26WTgnme0nzsRRJMCF7zZklpMF2Kj1157rX3rvugGRna9E5ABX/stSGaCjLfnwWi3dx9iL1dgVNRqgFxSLrhaeNFIimhEwzsaKlAcmv5Ycnd0YcGTQrFsPBKURr766qvJ7uW8zp07103X/cx1Xx8iobqxESQSNhhm2iGSDOpCtBEDAITFlaMEYSnlxekFwUECAK+EilImLvLIlY94qaVpamqqRXxDzIJkCbb+rJBtoSwSil4QaLkQAGBP4Ag8PRskAg3BKC64IfHZAE/Z0VnhDOJGOcJG3x/L1DGlyUUJpwgcq1RMZjOzIsRpmnFZFI4IYRNcRWRVDBhBgsQym6ndfm5X5wgh3uicCFwiNjglYTtmjtdr1B6uh4Qt9PrJJPf6oyK+eLUABszWnXX/9vjs1zz7W1d+61lve9bXX/P1577nud/5+e88+7XP/uplX/2Zd/zMX1z+F8980zN/9NIfiTPgJ3sZoSVQ9oiaVtTjwnvBFTBLBwpyfKCO474wCF4AZN9qeD/exJ3+PgH7ESiO+lTqPdHrBHUGOf6kkEjeCPjwI0PgdUp2qAFA6NOkF0PAJlrGqNL2lD7KTF1jr+qtC7vD2lBUB8QnS7Tn6eMe4am6cCJK8FaA7UsIBWaopEO1XR/gqQ9NKI7Mb7RfbB7rW00rwoRC27xeOLPkeHrKE46W07ZagAw5qpCKVVeVmgiC9z2h+cXV7pFN/UGHEIvS1MD6kyVNHIlAiQtYrpQMcC4TuTnCI/H3zdSZ+FRkSFEsRUDCcg+Gx4KsyTm8mHOMeqxR9bzDpKPD/rVbO5cio7ihtrlDTNitpzZP1zXbY/uUWl9Y001ckX1DdV9krK39DzbbzIWSnOBe61LiCsXGhdVlpT9W98QTT9iEX/jCFzK2FYUqHUFwo2Rmhh577DHRHnjgAfaC9D8gGXQ/y8U+7yYkIE1/YM9FU3D2HkXo8ucUYMxGRew1F1cRpYrwiBJv6TggcAFpcEMy4j4tGQiFdICSJQD0/d/cBx980GN3x0cffRQSFUEVqcJVXmdg4yJIAECCDZ+GI3opJvUUS1n/6XEAcGSUl7qsIaGsnhaogHinQGErgUv4zZfHig2SUIwJ4qBWoSBFM1R/VMEeGAGRoarYdszu4y5I7A2JzExqj1xwVKJ4EZqyLt866dE88pKuMiunyLgsvPa5RMsSR6Ll0uZMoCcIa0hkNjTBCDkbROBCSY7vh0QYMorzRVwY2P+EeLQdOcfHLGXEZecOAF4T6AsbpL/5ub/5xgu+8f1Xfv/rz//6j179o//y7P/y9y/8e/Lfvupv6X9w6Q/++mf/OqjIppalwyUaJUoT7W0MMcNDXjTYKhNPs4VYlJczSJCO/l4DfUzEkdcDZecU6tQrryACotXO842NJhfLvNa5d8F7wmMcsYmjcRnqcQ0eaIzpt0oWLdvtMSFqCCUPR0UYmphoeWw1jjB08ogqtqr1nGDSNUTnCWshHN7ohBbzrBP2Hrk0QYXaE02RcY+ZxdPX+XjCDLEP/xSrxvpvWlHza7r7DqA36Qwo9x0e8tjcMcB5xQtY5HiUcobKLkjB9zySovYCj7RIIbW0itC+HJS8gdvNNbN6lSPKFyXXpeI3C508+DZbi5o7lnGnjcjbylCJNuH7yiPFRGSwjMZp4tlswM90Nn0uQ42uoi5YuxkDQAAGhu3rfn3clSjfHGtocsoV+/DzIjRCXuOIyCkbxRkjWVC1tw5aQBYTZacJHqSox3D6kMF979CTDcWN4pGhWZqiCV72YJzgRwxw9jhfnCMlGaePI5qE8MeLH/eYBhnNUjRC+MkMKDMGBq3OHf5HDqp7iI3RfS60d8wg3lAw9i40OBrjfWSCXrGp/1Mg8hinxOvJnqevSwS8dGKWjhIXxCNOzoaAAEBVOpSmoejkcU/L44JFnhAdjI6dCcweUjJIQ5TP+5PnXXvvtc/7f593y2O3/NS//alLv3npMx945q2P3/rs/+fZNzxww/N/8/kv/sqLC3hSyNCkPsGDKHPJN+V2uqwfRTovHBY+C3wnbZ8wx//P0o83fRjhfRT6dGPTF5JPJRzR9EHjJUEQjeAA6rSSwtIqIxgJIWwom84sLsP7GjAarRV6/vVwUSp+BlmiNXJB6kIheQs+QhmlpukcHwxBgm04zDh97oegxzfuSn5KAQhJBBgyKQko5fCIfFH3s3Q2/gmP9mbkPfJIUWgEBeIV22TVnzV4wZt7hKhHNDZoS3CMHBVqHxBnuQ+SMPyi1FDxowJOZAbpx/hsNNtEr2bnepzzxxaOO39Qj2ziDlvRtqmyRHo597quWSVGQWFDaecQbDn23VNxuw633wjuPTZblz8XOwb9b1q3IqOunhm7KhlCAtqTNmGXJ+403eRsY0r2Y8wSt29xLsLiDLhk7NLWrQg3KoiYIVeCWuZAmc5G1Yj2k4oyq+m6jESIyPRIfCsMNt3rJgoGMOQaojPgoR4NQQgze45IijKWGoGBDOFz3JBzaYJQ2ELVcdkBjVIGe1V8vuRDjkWrgk1ftGqRhTBLgixj3CMOvCFVmAt9pgwkEqR08g6lGQCBL1fkMV5pwhqdy3fB6QGe+Cc0kdmwDz9gIkSWSsGZrdIPc82YvmJRiTJDgzlif5B2a2MvRPvHsYxSDoWc0Gjx06NlcpAPrdzd4fYCWlYXtB3RtAz2SyLKKyr70NadY39mXgjTnKEsuRwC7egkxZ4aWigO63OBPU9wJmQzLtGJZrM4xhlq6B+lLMf+rDBEM1SuQGosofamnwai5K2nx1kePrQGD5Tx9Nxjncf31N6Je2ScS+6FXUjPN5ac8uk4WhA22iPfx0RZJuCb9ZnS9vyiVJBQ7ed6HPe+Z2WQIo8jjIxqhZ6ccJTZRBvKBY+S40ZzHCpCBs1Cx4tzxpnTyYOcJ0bjHhl4O3Dc9jCfk1nE98IgQKVEJ8iyjIojDR6ajrP0iH3E1yPOBs+MC6GXsfMdR6JxD1LGHuPisC+Lx63c3Q9hOk9xQ70t6DPjQkAJw9ngXHB99Fg3O7vpN0AX/vjdEF9KLvGCFHCr+Vg1zCccZTCUS1wEBqEtcjJeLUMeJykXgvgiJMeRUWahFaTXP3lLvObCFLclOk3WXWsjMpojpt2CbxvoSCdLGRVQ9gGTPDwbtMw3ShmYagF4oTvvjuRCbddgnACLD41yIT3scMIJjxaQ81Q6PDmOgAnVnjfEhsuWacFDq3/n+4ko5147nM0JR8EePpFP9PGEaCvmeEAMqiiD7Es0kDwGDO2joewRWZCEvftUMbRFOdP/MARpZjY621LrlhlhqkhAlIhZcjzjvVlEc0J75bijgXQCgwE+8piRo0Osp6GqRnt5KBs0j3thjVxAe+XTmR1gLWBwDk8zPGFPQkUzX8OjJrQ5Ncs9NjTGYz8C2rvgNPuVg2+LZkeUcUNcLmpMjhigEkXBGBpNoxnnKM5wRJ/l0PI4bIHSBaPNMjA2QItGbk8hQbbd6877wvXPzuM/f/xVMh5xQ889/plybv34K05J49aMfm79IRr0/PWnpfvDKaIZetH6Wzr9CZf+l3KWUUoB+/Gs1DQvWX8P75Xrb9e8Yv0OyBevX05WcAZIqf34URAw+v/YDMTZ/pjNIjDocTbc2Q+YACuBUMAE7gQwMsZlpwwSGIaEKn6QmMlSZLm4lJEBtOzZRLWUATkzGTPGQ26Iy3gVYWICQEPGGYu24Tj+MorA9wMNncFNU5qGigl2/XzZ+t2QOsy9YlFryKpYJ8n5o2e/LbfVd1y7rb+8cHOhq1LjyKOYOAAem6Z9E2ZCETMEMy5acvrwM9aEuMfiS8oMBnjCFtQw40pA5EEuOHvuYeZOSIkIaRoabihg5LjHuo3Cg9MQxoWwol7wpkkuY7mKzNdjdZGHPKasG+QckccEJAIqeCRXqQVhwDibDdDxRzVIZ+rPnjeU+wRHNHHKLcqijHmNOz7kMQOWRSOEHDCNUhdBXSgB18xKZuBxsk+iYgpI2VCcJmo0M5QXAmkeG8o+EmFCjVAHwCAABpJFGEg8PTPuE20ftqF4tJejvf2G6QwdxnZ0oiwmnGFOCHnwwCbrKjmNR3xPhUIljWrUfk/N53tf/909fLvTo2zW5F+woraOr7c+6nuaO8scyV0GJmzUEE5mnAtLGjwwxUTlQkrAq2jKXJVttMraKHtBcl+uG9TMpnv4PkhmaKvw+O01PFrxDn2YR5G3FexO+efrV4L9xfrNYd9cv9nAI3INmhungqc1eK3Ra+SexwB9a/1RI3Hco792/OUG4ohPIywbAn0ufHEB2QjYTxS/tH7zX7//7HPrn+cT5M/W35ARvwhc5sfLgpRxfoQrNeJFw11FQsn+5JNPkvtDWyy5CLLVuX51jkejdQOfH4+zxCmfeuopYQUUIYEytBlXrCHRDOFhJiAxpYAWhzz8Miq5vDh3+lx6FMGQ8nnJQi8+A2UCRkZB0gQu+sNGZPYmSAQZy15kwESbcnTYI3f2qJ1gVXSU9JLzmkRkLz+H4Bw3nYatyJZji7jl1TprV/STAPFNHD5NIAAZzRZqgeUCNjP4m3f2iIEhiSx6qe2BTvAO6DnB4xHZUGahzR1g5FGQeCUYCn/7WTocSMo0uEfYWskIMBw2lK8gW1PWCx6AGqiTPjh0FafBAaZk06fJtHfDvSjwg5wQ2mRKPBllGRlSDuOQxwGrQPp8uZQODGB8kMUDHIbefwQc1VtKjrhvPo84l/mCrFJcsShHxkhe2WHQRpC0rsWgmbURN/U6adLBpqnb7FskhGR6xJFx/c+49TMu2SO+407YzyyeiyB4BMlEbtEGKZk+m3wnfk1GCS0GAn5CawEe3mppmJEzHo4EmWhpxoAm7rHswYAHKsKeg8qgktMMbFQQ0cJjXRFm4bVgWjNNpXm3GJpZgqFtXe7IRKME7ogl91wsFV4tM0ulHWG10JCtLtwQzizOLBcR4uk3NMevcFnKPoVE5KhRlL0gIuAepatAoywPnos8qsIQylhqSQNAQ+aOD56UCqHBt9T+c9d5wxve8KpXvaq/5XLllVe+Zv32RNTvXnANIthRbkii48p++fpX042iV7/61a973ev4XnfddfjNN98swm233XbppZfil112mchkNu6vDIxywaU26h55+eWX49dee+1LX/rSW2+99YorrvjVX/3VW2655V3veheObrzxxquuuooZA0Fsae62t5i/9Eu/dM0115Tl9etfqVMOjtgrB/j+MhIZh4Q78GZXhG6KXf66WMPmMWORVXr11VdLSqMn8spVIWqHihcORi6M6TmyVJFHXGcURSk7mcu5c+fiNKBKyizA0BJwWRSoZErx6w89SHWPFzBQCWJICdarmTLT6sK7iMNjlLGwsmvm9ddfb2oEfMtb3iI4YOIDb355WbLtwDZtB0qa9iSycrYFtMiqsv6sNqvKNtDYuGgdxLLTKEerIXfJVhf8NGSpNRxgxiKEn7uAlNxV0fJTIJA9qtQ6ltcOsROACV4nCB5Bjgc7zFxgzl0ijwVJUIu8qPfE7PDh8BiFkwF4wAAGFRlvUTW67bn1gpHUjoWhZjq+E4JH35beDqfjwdTBMahkFAqeMDcUNQWIb3H2xJIeZu5xEXiJuXepS94fBC8SspdWUMkISF1t6lFe6kpmZrR3T+8h3KMg5MLO4glSFWmpXmmdPptTVAPxlq7egm3emTUXvIDHo22qjuc19zGrWEMZVzJaPTsQJIb0oZ7UXo4EcSKPeIsZJNNq3Xq0p8C2sFsD9MxKFJWLRhayLB6HUw7th9K0DHDKeER5UV58uQiVjHtUToKKhsPJILT7/gg1MSWN1o7ZZhlZBibRXJtlc2pykY8Pc+2zmOw7yVBzzTgv1GpBPRah7+m5NXl0wXBJoOnugQuOi9/lAecilwiGcElnlc4CC3ktVTJhXyaqzChge3f1cmfMpWltDQhVHKP1hGMufPHkODLKLJ4gL2F76boF9i+Z33vvvZ/97GcfeeSRfocicrVyH+o+1yVJkbiCu1rRoy984QscRXjwwQf53nXXXXw//vGPf/GLX/zoRz9qVGSXxc985jOiMWBJycYVjY1L2xNPPIHff//9wn7sYx+D4Td+4zdE+J3f+Z077rjjzjvvFPOhhx7qX7Pq9ikO7kLsuiZv+PuNhtGnP/3pxx57TEz29913n2soJc7F3U5qc8xXOVILSwkMQRb6XAShxBUoPt+HH35YWID7BxUoK1BALtxxGeXl8sADD4DEEnF59NFHdVsEkbkwxmkY171sik8QR0bG3EEqC1nPgQTMKGLvkbGATZMVrCiLlRdNdcHDTC7NFOrDH/4w/oEPfEDeitWBdoIVY83ZsZ0+1hxKpmy7dk5ZghburEILzvJt44lDgMGWsFQIUgADJ2zqBYmGbCLaad0eCFzaYPQc2bjEZ6m6jG1CWVri2yY7/p+hthYewUnfTsusHaJS7hL1aEuE36MSkPhGmakCsI6JKgKsIwaS1o/WkXEnAqh82QglrP7Yq0gPe7X0jkE6iRuqpToMKmE7GHbnLxJnEIZWw+kZiM8Yzz4Bj9gzHuRKJgCGtv2/zmvU/HqXQOIVgnvbOXF6jRnq+ManpUiilgFHgpclF+69MpWJRFCj+KsH2x1CXgSJJmusTmqdvuFI97QU10yrpTWpw8B7rLHmBY/oRWAvVGe3IPStH4+MGeSCKx9v6ptlvP60qPqxCpkSCYuLSQADd4ixwSktYBxgel6CiFZp8bpNNmseW2BknLx/3HNTZog8/IROXETGyzjVVamqCerC9QFXDoPQ0mecr2gTf1twFy4zM276mkerwlz7Zmp+fRXh5JYKM8ZcZimuVXz4oGyxWS0EH9ziuEXwxSm7PPSF7XGWk1w4l/kOw3nhvRqhamWWTgnAq1E5zTUi17FKQ/BAC08Le5CvNmz/dGw9bPHoEmVVlEtejrjH5GAgMgMCTokjGbcN4AJ0++23uz/J5FKoMNZgWXa+3CVzF3GXUqR2KA/XBZ97Rs0iF1D41hqWYrpRvf3tbxfZVdWN0OWVbF26lomgQvYaKrIVIKDLFu5G6/vx3e9+t5ufODQE5VkfqOmU15C+uzhK5x5pqlxtZdEv7ixrgc0AIcGl6k1vehOvt771rV2Iu2MJoqdgwG8mFGgmRHNtxYFh5jroZoZDqHGWiLYAr0VyqR0qrXNfVCAui1zK10AaJTh3rAAp9AfJqw/iu27iN910Ew1IsugbwBrCXliOhjzK0j+lcPPNN0vKmF5A8eEBGxjnkUVpsjzqqkQ4jRJoBBfEcnEhxvUkY0oEv9NETLKdIzUA2ypbJxpUHlXNBRgrr42KtlV5/CGq5gurRWQaswyD/aAKvMiaY8o0Ry0iQwg5+1LYP1zMXVuXI9kcyauNpklq/ZHR5mEpQktZhHaRDWYe2xvAt1vYG6Vpy5GtKC7Cyi4C5LLDUBUMFGIIbKMSAQPSyBzjlG1Rj2KaC7Oj2zArn3uRBVy93F4AxYdTCge37dNBbxQ8gOFH4VQRAgxtu/x4uyUIG+Zsso9T7h8zhqeKcKkLkiXSHM0EwyoCqS+k3nPgwQYwG1xAXYJzO8BWP+s2R0L/K4Sj+cXFF5MNAPTiVKAINJoGjHbpqpWgafSw6Se9ibYgrRbcStBYZtNYvtZG5SBzYch0WCfM+BqyYPDWc2cOF8FbpXgACsKMUoQcPeJCQZu+FQgG7qjB7T7w2l+tUn3Qn1IM567bZA2XiExJxslalJCSoAlk/fE4mpHZ45FolEUui4o8KtMjGRmCilAHgGSgupqWMc6epjkVh1dzhFpgzXXLwJwiE0oDqkkXsC8ksvVjovUtF1QEyEVLw1cEy8xJ6BZhjfmC8dmEOyLcKAoLEmw+aEC1nJiRrUlcFgZkXqKJw0XS1iqhjYDqUv2pyWhKYwanolqfwpKtUiD5aoKmwYCLkDGl+EgJcknNvm1CpoSKTGjiCAzEZ0wv7DaLbj9/+Id/CJML5TXXXKNmTaQXyIp3i7LCXLzOnTtXg3ClujxZiG6rRQTI3tA1shsqoL/9279tjf7Wb/2WpelSpXjXKca+Da1s6bwUFek+Z8m6cnl9Mrvuuuve//73w/qhD33Iaw82G5KZIi1u1yOdovSecOHzEuXohQS51eM+6k1sevRIOnNjezDg8sEPftBB4FbHwD2PLFSAmyfACO6CVicX7+aPfOQjIueIAwC/t5fJNnlSWGeiSap2kYsvI2NgNMGp6hbrLAbAXCpEb02n+HoCM3fcGfHJT37SInAt9lLUW7MFhosgSC6mIsBsalz6fRDIaEYYi+kiqwq+Zrrp4OgqqbdKA8AtXENMooPDDVtwM2hyPcJ27bXXfupTn3rve9+r85Y7F6O6DXDrzEwJaDpoCLyU1gnl0SwzaFG2Q3CWGjIrW70eO5S76Vo5jipQWcIvFGPAnHGqYIabEQuJPK8BtZhQnWkzi0nPTBN6FK2MEUskcpSSGRLWbAqovckZIzaaI2CbyqiGEMBgDKSkabg7CywGLnpispSvgT4pOnoAA6m2WLqmica8swfbmpeF0uTqJwNBtFcnNVZPaqmVtu3SRarwCKQhcpFhyAVHzCQ1OuUoRKL2fLySKY0KyIUjJGBYojDYtnhvO4tTCkOthPCYAqkR3xaAuuC3AnMkyGKV4ozNrIawVJcIUgPZ9JlZXXWkCGKhKgpRimyFQIJ7tIxNgdXiXGuJqkUoLTUvKrW0QNV/K180ZoxZdrJTqsWUyQIPjTXmURwGZBuTsUmUxb4WChiWGsVGP8X34QgGe0eW0ccff9y3Po2NzxFgkCBhDBJgFokCuQtCI1rdoMQZIH1IGCVjXIs8Dm++cPY4JcqYI178VqxyPMq7lsBPQEVu0eIMFI6TmWWMxEFlFLCdIp1F0jpRl+kzOybaVJrTXtsKt5gdXJqmFZRG2bM0xIs7GBOH3sLgrp8EB6bF7zy3EewdK9DXjKEW87YanvWs+ZxtZTo9uLdWDZlZVdBAzkV2LjJaqPArTTk6ME32SF9p4JVi9hFZgeIwYFl/cJqZDjYK4aIhSmCvA3ztAjDgtF8qGRhJWRpiAPC2nf2nyH/2z/6Zgg3rHTexpDQrNo98eDuQpygEaXCxcIEgEIdgnnTBzVJHrEjcHZeva6L5IJgYoMVXrTIgZiOIE5/cfc6r1MtALi0WSnBIdE1qqJraaT3AHL0LxVFCcVhaDVabySN7nXM3r//iX/wL3LWVWddQC1EoS9CUaBZ7eQ1pYjfRN77xjR5xjpAwsGMJ4hNgAN6Hggiy/Mt/+S9xN3WvRgE56r5eK9nMiS9drddAieLaqChKnI3OIEO8PFYswGRtZKNMyJVMCaeG62fvAP035IuBse7pTwjJHPUfmWX4DVnuIuibbjto2PDVrpaXnmugA5G9BdSBNUeYfho1pC6VIgsUAWAlIAuOFxJNOfpgpSpW+bDhpglHRtuNBJw9S9we8MhA3g79mlkij5nxkmXbQ8c/+hQY3A7B6eFps7VnPFIWn69HhYwLoSoCw0wi7QLDRLQzNRwYyjCbLIKJ0G11aTgzRclixpEzWv+9DMiUrTcHvelzmms1AxutxuqwrhKEZcleKJq6DaGh5//o+SLQmAXKuOAsIVcCqhbuqEZVL2HMRED0UoPRW6c3ELQmnV5YMBCBL8dOIgSD1IbCrxYLxkeVDvjyy0bDpaDPi0sAtFGXNM16sIvtLF3VZGA01mpUpsXvw5SNNc9Me02B4JY6AalRl/Sce0d/ZmbHwhZH28mUOCSCywKP9WO0DUhuswgiFEdKUMXnojpBuHTCBIaBXAyAEQQFXnO0uipURzA0izlOaUXhXEyNhvTYEOMWNt6UkYe3LMslMq4VOCSUZEqVzmYx3Uro0RADZmS8ZRxIJF0LRnwkddPU+gFSHD3RB/No0q2TVo5PTHFMurPFArB6TZxQiAvAggyJL5RFxb0vJNc5EdwKbrrpJrIZ72blqKktBPG76VmfVmbfST7ByQ4uM9IXksiWqEYZhQ1JJykMammnR4Cxl4WxWtjDAHl3aJwGzfbJSyiOlPIaZcalu43yobLmLRKXGcZs2Gu4nui/b0evA6UZ2nBwu/vuu32yuVQZ8wVnzCOy/YyKzlNoZauKEJcYRzqofUhrGHPXBfcqHel/FgpLo2VqAy5jAkd6EQAlP/LI9o+cu/yZA/ddgruji50g/Z9mYERgoyTR1Axh8yeOysVhZvLQgw8+6E7sJkf+2Mc+BoMLPa5YZghUn8OKQvCIIzLZkEc3aY9upYLjwoLhI1eX3DKNioy7I8LmdivL7/3e78n40Y9+tP8BLJdCuGsLtOoV3KR2qkpnP+OaSd86rpkeCTC0wti32hQYPE3A1W6ygOn/0ZJNmT7IyExSLk0cLg4NMjtAIndxFf3u7/4uzp2NhgBjYVmglksH03a2rX+KmOyIsVcJ9mqniV1h43VMEPDIKh8umv3gTaZGO6Hy4zpgERualY1a6HYFPXuCprHEwYu3//midgLj4kSHWMc9f3hYlLE4IpMZzzEXhVxYZmUZ5MHAaTzqqiWEml+C6aNnLALSLm10LjimneneB853x5PvG/tTPx3oWq29WjqN1VWCswYRUpI7KJlBSKA0NZTc8Y7UZiQCQL3K33eJUH8qWRAkgrMYKgGBlAJOstcV/AxgIMgSTSJKghceIXfVqZe7Ap2hZKP0DATh0jQ1iZacjlnJWoe3qq3zDg0bENdYC9uSprSkredOHjLfdi53Al9mnQx8myAzRUnmgjdxJpE7ALYSuc3CUagOAcD4Io94JwwYZDuIAagCslcIsiRMunVuUSUIHtd2o/TxRvGhlMziRs0RZZwmIu/jS4orB1eR4NoiHW6InoAIPRrCW7oiqBr3yJ0gbFQiqVHrxPoxa3Zxk94CaG2YWbOMm3QrmWwRWi2W1iy/2YyE9BYb976Q+oKZTysR3ATsFAGtQ+sHN4TzMmplSmQt9TmFt4kEQQKKPOtTurKrpVUXErW0+Cun9U/gTo4jNtkjvkhFlH3QqFqxbZPuOTWBBmDIkR3RZu+ChAu1vXRV6K7D1GWOhRcyWZGIdV9/BNUSQJEDl1jluMSIgJStBVxwl1Rp3ALldi2Dhp4BpTgMcDFpOLIRNhdXTBje+c53uivffvvtsLk4GoIYPPYZ4/KOLJr4FakFSDniCILfcsstNG95y1vMtPs0S9XJZRaD1NEQwhoEuWj9P1fcggDMXZPedZYgshT944NwyvKOd7xDpV2OZRHHYuIuLIRiCg4zqFrnURtx8ye7Kshmjg1io2N4pQmFi0YpBXvlmCaaa665BhKoIFSdIEoTTWkaq4RkMYPRFCNFaexb3/pWXJNZok5Ga8sytf3alrarLdp+Tm6jsmmXom2PLrK4W98joHag4BY6bq3L0qI31Kid0NsxweImNKpRLHF7qe3Ed7yi/Zt1skcDLM4SiTBe67Q5nGgo+8KWReqQ4wDgvYQs4+ZL2/WZYH4Z8yqIXjnynNSOace3Y92bwxHvBPfo1DbkEPTC0FiPjKfJuEccPfXLT/3+Vb//6Hsfff+r3v/5933+kZ9/5NtXffs/XvIfyb9zxe889iuPfe7Fn2MGfNOByIqt/5U8VIvYmEQpkNRgeNM4vgEjxzvNhdIc8aGKWhj0ZEOqEyR3BXqTqdSjMhXY5yODXALQPFrVDgELT+twCxW3UK3zNrslzaajzbLXXvY6v86b7U/uGMXZ43wpyQz4NkEZ43xxs4PLbt8BwMtUitwxypJjZ13UrrRx6O0sAWWZA1ocC9UK2S9FGmSRxA3FrQqaE44awmniBYnTRNnjrf/WpKI8gg0JGVediiBEZJxlQ2TGrU+P+IAkR2UpIwCzVKylNshaj9v7u28Oc42bbmuAbJatDcatva0di0w6TmlTWAzcfSeJ0LeLbxqLhGy19PVv+Vk8ApJFpre02Fhv7C0kScmGRMMpUZFbn9CCHf616jfyiMAwxEAcxsrhS+gTqsWMGKw6NhIE8UJ2qNHAqKI1LzXMIoBtaBa/zuA+Bylx2beeUvmCY6Rmdoxwj2iqrUJU0yWuKqDbflFoMubuUbSaQk/JhjvOK6EjJpegu1Pyuueee9wXXSVhMyXNRHV2ELAUBOcep9dxoaRDgnDxWaoXboGKckkl+3Y2l9VVr2ELOXecr0cNElZ2xj69OeKOSxw9+eST4AHWP2/gugkhzLjbsNQcZTQloolT5NYBaiLXAtioGUXphyxQDcdVxwsqJYMtFOQqFT8kmgYGeNKBKmP91zGccRzRNL9c+LrmKgda0XiJL53VaU/an3YvIW5n0rQz7R9oIQdy8JMTWt9zNBDs5FyQ+Ku4zZGZIdS27wggzJ5nwEXttWI17/CD03gttR7irU882SjO12hEzti8G0LiyxUGFOxqLDuc2sKlyGRcELOgY7Pe2iaUGYsgZqe8A9o5jh8O8vWmcQLW20lXRukij/UEpJd8+yVv+PIbXvngK9/4F2982T0ve+X3X/ncrz73tr+87RX3v+LmP7v5socvu+R7lzhY5RKzyZqYqIDVEkeqZiM46qTuFdXrqldXp7loiAEqRfFF4It3mnuBGeXOS7GiRR4rlpeeBKAJsiBtDZtR63Bku1mfVmmHsq2ksWRmlNpr4kxEglVNj+t/BpRkwfkyo8THBTeELAwyzsB8FZmjUJBQmll5cUqh7Bd6MNpZZeEilCq2hbXI6kJpWns4TTz9Cd8/Ima43UGDpxnqschVAQMOz3B1qQhHbOKZkTnGQ04pIOEk0dqgG7UgzZpZbtJbBhab6Ta5Lea+V2i2xbc+RNDZhUcjTuvBAuPoO0ao7gldMHwAWTwCImsJl2UWlTVZlhYbHhKh8B7ZrEW9HVbw7/dUBAZ4RlXUehaclyBKI68iDn9Ic0/VxZIZVIS+wHws8iVTqiv8BLCVoygGhhS4Zfefsde+9rXGXKf6zCTnwxpXCa4YSmkEkkZc4Op45NEQoQT93MAVyqO7IO5yJr7Exa+5InOhxLvPuT6ag3PnzvFyX8RR1zj3MxGYiexDmAu04HGX0ZBoNNxx9pIypgyMG6q8gsjLGGeA2MOGS+Sbmhl391pDN998syEXZUMguVmCp12UYnbXlN3FVzkchXVxFIqGjVHGLLnnIjKZsSGQaMhsBHGFFZAZ5Akp4RcTd6OlIQtCLwuuHO498qoonWFvsgTXHwEJAjLQEPY4tHzFpFcUMCJw1CJzTeBuolthyCLu0MTbgXgnb9wQ3hK3wWxj1CvK7qUxauG2dXFkZU9w7vvtkcwFMcs4r7YTgUupc9/z/aikK8xGASCIxgBJ1PkS4DmAAEbBYMYlRzE9BkNz9MrKR8ntVWbiCNKR56Tuo4eAI8e6I3JOw07A3tZ1DE8vAvrx13/8/K8//xmffcYv/sUv/vjxHz/ne8+hedE3X/T3T/w9zU994ad+6ts/xZjLKuJwgNZ2tDp6nlIymES9lsCDp08H7yEaQoUgZkiWXOhDa0h1NN5SXLhXbC8t3GPFMuZSdj00F448beygrI1kK5bgKOicYRO3JrW3UxJHDFqiLVfcWhLB7HgU2SN5Vg4yO81gvPmSLhgeBeRVWNwQ7niJl5eLUC2n/aLdEz3KAE/4p9C4TxBUBBlRyAEmgIqDBA9eyXG1oIQMMjaae00o4J7oKePBbspMtBVl3pHZtDbMrJVMaOpbLRkHW7RChV9FhloJubTMfGlZIWTR9h89qJ0iES+cI26xUZJlDAmOhKKEIagIBkkrZCgYGbSScxTHI3mrcJ1aLPeUVykYE8DjgueOc0dhxsPfzqIRZEtve/icxLsdq5/c6VDxTMkCaYHCcLIh3JBYUUoCY2l8rnp09/JIxvW0sLWyyKHps3FcYHB7c2t0A8PB843pA7M4BBHYcOmAKKNQ3MmUpcN9OzNWGt7ltSxNLY5YMsMlEtaVEZ7+z43roHSBIcOGAsOYFz1HLuK4OHIhCyKXRBlHXHAGOBggAVAtgazzDIRKoBSc2XSGI3cGNIYE8QgJEoqSgTgay8aMCEIWX0AGhoLB0TUd7/+c1RmjmikpR/001x7Jaz2f/38/uDWNO0Aph6PWuqVpXbXZOhoIrX5D2WS/1vb5l1xbYrb6uGQQH4Fj3CN4BFDx5AAPsMwQF0qcQXpgylVqUBFhYMDAnlnGBSEjGbUoar8JzgapmrvzzmHn+Cbg24F9/GuvnUeo7EiiqMfwMEPZd2ji9MIi0QwVsFzL/PBSWeEP8QtbfJTSaPXyFaEXlXcP3nuI3igzYLKc+KOsTAIYAAhCqNi4x7Dl1fLQRl1qmnSvJVcnrViydUjG2eDa65HxLMJko3V+DJpZQvMbN2UEREDNEUrDncCxyDg5MoTbfQQ8JQPxi6OcSFF7oaGVZKM1ct4G7fVRjydx9pRLmCsK2pDjIQcsHlHGKTPOMY4ETChslBIv76wWc93sWxvIzJpfk9vKIRhlwzjwBRmiNMSydUJomfW1hIvWF5hPnIhcFmY4R4+y4MnlxRMo0azPkEhdIdFWzPE7ZlvNx/0VfjJ3Qu4nRFn8jEEaXvbAAIbI8YplBsz20vXsoxLva04XyIan2r2PoCPTx1f8jbjT1Ds3LY9uZh5ds3Cfq7gsfTxOc0XoG9MXriDMGHAkdB9FEBrt41cEjh7Hkb2MBSTLUiKcL323NzBwmsxyQWPstoczCwDuTimRK6AhMi7UgNnHF3N4GjFxBrwQe1xMSlXsjfVKKHI21UsIEhd9wLuJBo8BLgUkkUehdEPYmazay6u+EXC+YcNF5isjezbjyAtHFpMVhizi1jFu8e151DZDbTC72ja24dvM9G25LLf1fvxyR2T69ka8aJSGYGAzSBLyinsceUpxaVMAAP/0SURBVDSEi1LGcSSFRGihPhxAyQM4M757GemPjkVQ4QOMu5hqR3PwDW3H4e57Ra/YE6TeHBZRGu2U76XiVUSDGy3O/j2EBrnUAz4KdlRvEctV7uEbQiK8NxCecmISFq6NRknG97UIEiS0sB9uxpvb0TFseG3UOtRiq6V4K9CBQGlNaiwNeVodMRjeys+FMReP41L8yBCS2hAhF3zy4kPFDExB8q2lqojq+Qj7oaeji9pMHMRgT7P2CGEABocqmXKqi+aRQRxx3/No5L2yvJBsy2VRM9jamLU389vkDvJCJaPiZJmjBYxb0h7JeEs9ErbIbOKy0+DJlPieAECynMDAqwg1hKacfCfaSZAhGjQw2FveOKg4jaFow338+tkbCLKlV2SXm77mVN4+Gc60djDAx5gyjmjG14cq3rXJDYz93MBwNzCcErEsKc6FPs6RGaX7GTPcI8HdDu9eSGZmiLtHsmjxyEQaElDlhD2vIkIpAIMQd5XEXVUFd201hJO/uH5tVldYj1O14HWzyJKKzEtqljC7VnazdCEuAvATk0Gyi2aXZjZdQxMM4QIyCIybKzMy+5oJjHRSw0MAKRgeQUqTGV+OYnaZJoiAs8fZU+KjKT4XRBbKqHorFlmXap8FGo1slVtdcdQQ4oLEAVKoYBNoZrkj9ryS2RvCe9ybJQcG9xjPZZkcQsUTorOP+LZHd0fh6M9yJEW5wkZOj4qDbHJ7vtMnSi9IRM5lHrPJOF+UHJ9RdGI/lDFqqMiliHrEUZYOZbz4yY3use1pjAfYPshwxCb34gjYvKz5ORx5aGRCMziNPcuHPEbJWysXlevpaCvgwoYc3I5U8DW3hzdEPEgHo11nJkKaEfZ0MrpZ78xO8KA0G9AdNZRvSIJU+cEeCrC9hidTMkPjnjB6lDIqV0lRAJpWNJNOQIMw3wHW4wqwRRjHPS8Ijnwr7D8XMkD54mlObBClRzwZbYAupPRDNBmPC6KsijCPgBraAh1t6lgNVDJ5KIMxIxze+aM9of3QZrcTohIfYB5pWpCM95iMcskXiTNZhiojfpbGJToE2pH4AYiXegBEWR5CXIhh/3gytKdR1s1kdOIYrZHzVOowhGc16QKinAYOz7Eg8iLTjEw57vFkU51Nvacxw8eRsKdRTvwxjk/2vRLfEhxpa8Gi5JR72ivHrP4ghVf7kNExk45wlqPMhkbTKOoxmrCTYs8vSvsIY7Y5Hx2j9Ch7fBAS6lXcY+RxaD+z5L1ZVMxy1auT9ZM+g4jLQboYNYqfkCwH6UhjNl4j7B+jvYyKNjHncTRRQaKttgt3xAiKJew3+5hFGUR7M2d3ckNklDyUJh6M4WgPMnkBf1q6qMFJ1f8UOnFZnTv0cPg/TP8Um3+UVt0bkU8Cno2fWTQ4o5RDEzNKThnt9dFejvaafyDFCE9HJ74L77YNRz6hvRnqEW0vXUutn7Hgz7qQKJGF1drKUxpC+z/5hFJ2BPvCwvdfW4hB7swEFLl1bOkTgvHz68e//XQUBWZg5BjtH41GyezbJ22qykxGmfGFBKpwDi/sCfESARihwAPseetXmUBL85zjXykpi9RoUpQF+V7G5yaqLd1Hu/DRowRKnMFwLrVUNPjFDwkiIKlx+jlHVq2HowH1yABUNv3ELJeMtz4e/y8mjqDtsSE24jAuSxkJiAZlwFLhfItDjnvEEwqOWiEoJT6UcRSAVcf5Uw+FfCDhySiD5KghVScLUljxDykXlRE1isRhzKuYiLt0cY8NZTwlo6kOpTmJn9dW1W6CTih9NozzLc7CewFNFpxB3OPmszImoGV+kfXfMkufY5YoR0FOYDAm7IsdKkjEkmNVVFczUhv3lKahrQW79gpShPheOEsbxEVlj0bOhnsRJk42UfgV0mNDy/s8nWgmSMI/hfYANjSLmvRt7o9UHxA9+WQUpVkh/xFiiUZA6S9K1TXlo5nWEZjt4+QSzSNj1KpomcVbeKihKDm+X59IugKeUACmD8P3fUN7hIEXc2RCBtFFXfBgzJaBk4wIQwzwDLhvE+Mo/9b6GzvfWX+yqR9XRh39XhJOf4FqDdpjAqVKtj2xqgrcAnbAFI/IIVh4Dj+36aUitcdvrj/9/5X1t/3+bP1FdfDCBhIkUHGJB6wguCB4QkQui4wecQRG8AYPd5zBxPzu+rMb8krUD1dxym+vn3Uj8MgQ4l9bf1vr68ffK4TnohCliYA2WAsn2mNAtfGE6mpyZjkKAqewsoDRj68RPKgfIzeaGfvhCCpDiBnM3EHtx8sKUbshHHFHku77g6vFI3uPGVfmzE4Iq2vOU7XgaqFUuzjbTByXAYFyejINIUTzOMqM85JRBNkBCyShoTFGZSkds7ILUnAIW8PRav9GZSwXPlALInVUasrs+47pe7FPIt83OOpzp56szBf5nMWj0KKUwdhKWpDwIqDQIpGRRLLg5D4Ek0cPBj1UuO9FQl+Q/ckA35EZcKkbBBTy1aGDkjBZjOI5UkYe0eZ8DAVt4GcudO/Qx0U1lhJVdfaoIPGixesAgx4ZxD3iCLbAByZOwwxNA7egR9rcVoSM1YJrUZxv1eEr9gWd2aZkUbD3JaC9PJRyODLX0bYCjoshXmdONIQ9pxwqSNEm8mhODKIwoIXusNKmRYqtaqQJKY0efI5ULUVAInBEtbRm2iCCtH5mwaAipxyDjPc93xMM4SxpheyrizfKbJvy3TohVwVaeA8TgXpEhjhmlgsYucf3tB8ib+7+e/GLX3z5+lUg/YWWSy+99OUvf7lHZKg/4/PC9av7CEqdPWmj9od3cMQA15FfWH+DigsD7gz6g1TkF6y/bI5edPwLWIbY9+eVXv3qVzO46qqrLrnkkje+8Y1XXnnluXPnrl5Efu1rX9tfGYJQcDbjCGp/JkjYkJOlo0TA4GZXcBwSHCrw+AaJPa5wEYr/ute9Dn/9+qWgk5eBvJISXrn7VSOvec1rGEOIX3HFFQxg7q/i8EWG2DODzaMs4kAiDu4RHgKoUOEQ6mfIcQYeIWEmKdgVKGZ/Baj4YhaZ1yvWL8PDFciGPTwemRFwfYbkxhtvNHrDDTdAcs011zCzDPD+lhG0TZa6wAshDh4MNdNioLQwUGvLirSu2va9CPcLvYXIlz3fiEyJrGARWtatbGTj8WLDS38QoaRko8CQVUpJpgxqNgxKQY9ri8eWhK7SyFtS8Npg0JJRMALAiyUvjwEQSrpIKLOTjWhqF6RvF58jXiF9jtD0OilFlVY4JJOFHHmUjmCIIDIhVFxyR6Gtw3W7LNI1Cx3EhvZn8Xw0+GYCz0fYcJ9i9ByZiYYIfHP3WMaGisyYIBShgJE4GbCEMMwqUmaLXPe0rjYiU+MRN+pRqz3Wcy7KF6H5EueEo4DVijLigccRMOQgIaM1MI64nHhpFAEnKwfPnYYQZ5AxKm9UTMEn/tNRNpUWr97hQy2G4ZrJPrlRVIQhkeNPRwMgClL4K6fq8EpueaDWD019yHjfAeQR5W47WBUtMx/6w32740ZFW/eC079yw0U6XMY+91tsvDYcx51V/8N/KOZIKcOzzdbxD5eEPy5aBRYkx3oYTUXxAg7RoG0RHClNo4y3Bequ9vj69+M+85nPfGn9O324R+Tq1k3uL9bvzWkfqhaHDFcncAhKVM2GaGqQK5SWdQPrz+a4YEUeRXbTwuXCP/e5z7F86KGHvvjFL37kIx8h3HnnnQ8++CDh0Ucf/exnt389EB7wuPf3ZzjiX12/D8UQnO58BMiRiyA9wASomq06S0imZCMvPBxx8XHpKHWGEjApZP/TP/1TXIsgfOKJJ5588smHH36YPYTy9psv0zzyyCNG2bAk4KD2B6mMKhY8wCTSH4+QtIxqqTYSIDSKM4CfLxuJlKN8AYGU6N57773vvvtANYP0/eY8uXSmWmQHDAyjTz31FPxkmNX1qU99iv3dd99tiEaZYjJmBqFcQukDggHBIztOH68KbWwUVYLVadv3ikJkZPm21tXLDB9SJo0htbdSW8FkSpy+icOjFhuuUr6AiUPG28CURouJAgZwLQ0AvSztLgg7sBBZCZSG2ABQtIIIrlK5JI2ELal0Avbu9NrQAW8Ogjf09r2wPqqMSlFwlIuwhOLjUVVUJtjVwhjVGUKbGa0z4XBSy+sslheXemQAZIeBQO/rBPddBaSPLTLuJeeTjn1vu9oiLHdEQ64/ZEOiERiLXJnk3HGPswwYB1UVSA9NgbnQOvzQyuMfotTSjpG6ql6O8kayi5agk1EGNYFQxlLDFgGDQ6UWQpZ8c8TR3otZTVMOuQ9NZYqDq50eRxnz4h4qHKR13m60Vf4PEpsmVLGEFvnwSEPilC2MlvHocUuFJtK61klc5OJPlvgI84jCXC11W7tqi/Kn6pqJ2OSy52ibm+P+aj30WexrHve5TGkF4poZt3KQDuO+wCj7qs6FMW5IKENknByG2o72FVU+Ck9g2CuHLwEnC4Ircz93vApC5muIO87M43SmmJHHKLkhAbf/XHRuv/12V0kDrjvuN1JK4ECxFU0nTZe/2Y0agSvbNYjeNEtMCZPuMDPkOqVHrn0s+30X1oebk8LkZm9UZLvOvdAdS2q3W4ne/e5397sbGbuHAcMRmVqRxeEiOBsG/U7Ha6+9lqPsuNE66E0Av30rEcswGwLYVEFo1mmUoFjzQaPdLqMi6Mnb3vY2GN7xjne48joFFKI/ADsF4IfKoQCzVjK79dZbpYYfsLe+9a3K0QdQ+cplnix9rXO/hNZUdcXscgmbe6rStBpUkU0K/LXItRVgBrjbMwD9JICxXCKADQ+E4hNEvu666+qJmK6wgIFnChhoiE7CDBVIzARxtYUQkn/+z/+54OrCZRdcUjE1VjOl9uqVDmCtM1pLhaXUWDFbOaIpwbZHmtkpQE8prO1hKvWHOzBc4DHKHRlioNU6QI+TaUyNRPIKYrLIcEra1oWNRjnBExwwQ5Bwl4Ils3CacYkYA6DD7TG5EHvFRhIhk4X4smHPWFhBhGqyxKdko1ciZ6NpSoZT+WoE1VvEhlK+SjUE1SgapEwuZYGNoByCIRikM93C0rA0Cmp1aRdHFP6iiYy4yCIvLrW5IOPwxGFjIz4XH0/Whm8sUH3MWeQ+vHAuCtENAZWDs+8cBx6tVNvfc6W01yqWICOoHo0SYGBAFqpuq0VFOqaT1pL5UgVLo+kpdbiZbZr0QdVaXZko8GivhIq+XCXFkaqbVqjgARJH1UJvlIAjSoWjMSb0BaA0nExD1kayKghgqIJXeYs2IBH56choVYhA0AeCqvUEN9FiCtgCiLOJ6wzOBjekS6j1sF8buMhlGV7qwZAwBL+klVNdale4Yo1KZ4WQ9cFaIrCp8zmiZMpaahYcVjrmm56Xr3wRLDwaxwvuCmSL4UpQEaVHxtYVM8ZWJu62Ni4CKgQ2wPRKCrnKq6KochBILQkCSzMLuQgESZtTfBYGX8FrXbwgSHy8sGjkNXj+JEFp8t1eum42H/rQh8zNJz/5Sce6u5GDg4XcXhIuT04TdyPbstYQ1OwUxmE13/CJoxKNsD1sWnphz50798ADD3jxuIfZYy5kXh66bFlIL4I6XWG5MPDW/+hHP+qF8Z/+038C5sMf/jB3QXob6REzt0xvkU984hMOiLvuuuumm25yRYMZh/n+++8HT1iQpDBJ3iguc+H3EnL5o2zOWOJqsQ7E12UxFavFLn+2+h/8wR94G/3+7/++vMCoTi1eaabZUjO14ijtnnvusTj++I//2Lvtj/7oj2g+8IEPwA8kqJrpNNEcsyum26QC9Rk8+L3gFe4l8dhjj9k8oHpPa7up9agQ3CXV68GNWZluoiApUzPlVYL4bEwqL3HceuHUDYWLfNtttzGD+Y477qCXxduaFzzWMV8vWmDe+973/of/8B9A+o3f+A1thJ8xeN7TplIuk2VCNQp+kXFtrJlmE9cTzSRwZ8be+hGw48DOQbqkLYasFt0AGBJhOx0sd8cWpbmgZ2ADm3QrhCy4R/HFtBMiSrPGnoE45K7duDggOayFMlP6w0xeQRhTMpaxeVcsYKgDywKgIbdDFMI9GMGTS2qzI7Ig7E2BQ0GNvbRkAU8opWmIDvRq4etRcAZcKlwKpGlcqqViv/n9bz7zx8/86x//tfg/+6Of/cu//8uf+7uf++ZPfPMbz/jGd376O8975vN+8JM/+Mtn/uV3n/VdSppv/eS38L/96b8V7XvP+R4BHhh6T5tujzjM2gISPD5NwIABKjbWp8kF1RenNW/vs8mRTf0hwAMtmcZjgpgisJfOghdZHEG01ySK39xVsko1QUvNiL7ppxVl1OmBC0iD10xKlgTGovEFIGpqilYD42lQxxzLwS++clqTUCkfVQKzjCMu0BLE4aVArauBzhNeOKWm9YWHN5WGNIGZsOUVhB4YlM1ZarTTGX5CtSjZkmih4kaFtTxmMc8GwdMY4ovAVpH+K6GY8dWbjZJX5lM6wFo/NoC/idM02VfPDh+FUgiik+baY5pc2j6I3CO9UcRYJ31UaZoTiYxbPJqJWzn0MEjKmMDe4Yb3odznPmOODm0yL3hUKgVss7PkrcApM0jAzHrgyEVwQjMru+lDLYDcp4HkIgtSUSdcZELznpzeowh8t5euQ/lNb3qTE5ZW8RaQ5srkiFG/KVSk3QiQx7YrQMAFGg8HiPSVIYKXpXbYwBxxYb2WKGVhCQRjjyIbkl0T9/+IvdePFhMYW0wWnIy6LJRTFSS3sXHEu0kb9QgAGLYuAzNB0/9z7TSRon1CFpbMBhHUohvWMcv3vOc9PhF+5Vd+xZvJUpaOvVBGNZGlgwB+kLzOLXqvw3e9611xLhrl2FKyhag/IrAkK0pY2VtABGilZs9AjXaLFtVbRI9LbUjVbNy5lQAwqNJZdoyd/gyYUXofSK0n5osxkF7YKtJz+HXJUpCUATOhfO5Q4q71sN18882Mzb6pMUem0uTKK05Lgl4ipVEGyaPSmncrp7WltxZPLypNU5cmaIXs5lRdAPMi66chuVCF0zADuFFKj/TiC652gkejBLx9ApuAuMa2G0tXzDhjeQksCwuw8jvFjELi0SjA3KuFC+MKVK9RGaUoe6OmsvUACcxKFtO7Xwd839D7QNEKAcVnb80wQHayFE26aDojwvdu+N79193fMdF2/cpPfeWHN/7wg8/+4Pcv//5nnvOZvz33t7//k7//vcu+9+Fnf/iHV//waz/9NWhZsif88As//M6d2589tBjUBcbI89EAPCUXSu82Vfi2syx9etp3vnet+d554QTejIjP3qNGQU5pOsRUVJ87PtQsM8XCbBQYVfShk4ue64/ZUaZ02mhFEZoXTdArh6xQ1hWh2TTaagEgghwJhfbz67Ezjg1sMsobfo/wiKwEHdAHwFZx2w8eGmWPzD7AOEszosBcdMOHQlwcXwa2nu9vqQnyClLHJlqTGOCEPaUMc2vevHhsL7QY2iyisSRbhx5bjZojNZkx5TSBgAteQ+p58YeMxoOxpwEmKfzthRqijUjraGTRE/NlnTgPERuFm/ocUbI+0NdV60Q/fbXzfeqpp8i47lk5NFqqru42ahFZyT7LaDJ+8skncXuKsWVmv7ORQnzB1WumJEKSKgGGakmGp/klKB9m8yWC2QSMr+DiWDNi6hiqmez1UCiJRKjS1g9fj2SdIZsO/SkppZitf0qa7aXrgvWRj3zE1N55551dBzWRnrND+fHHH7fi3RRVqGz+9ABVEqqh7HEphQaamSuaPj788MPudrgg7mFstM/igF5AZcju4DbUFdbt9vd+7/cYfPCDH/QOdgo4yIRVnremm668bpx2Kf6Wt7zF5a/7tNa7ArLUOO5mSze9a+FXjvu01w/Z5dic0avFKanXWsYLQchAi910JXXH9Qb6z//5P/vIAEld7o45mgApuum6Vqpi/hF7BhwF+fjHP37jjTdqpgNIc3RMTAvFNMviVacW/QFGH+i5W0Aig81do/TZaqiZdrgJE42LXjmMTBYkHK1IABg7tgzB+elPf9ob0b2WF+4L4MEHH2SmCfKafitPUXwN6bmbrjuumPAzENnpprEw2AYWUEvTREPLwMzCTKZkILVH8JCwJoi9FHYO0ny9cjRYuAQFGmqpIC40VmfFeqQkCELAlYPrgGnKAAzEy5JQuGi1V0xmBKH44lLTWAls2icZ45G8gTT1jC0wxYoguHZxNBHtnMCICY8p0EMl2zK4YlsM7Lv3M5ZOhCLriX1k9qHVB1whus2XCxtZpECBNCrLcx58zmufeq1EAAhlofrAMim+j03TZf/mMvK/ev6/sjLf/OY3W5nWqtPKxLHn5V31g5/9gfgySuETAUhJhbJTQLIsQVKUnchG+T5bNdkq6nPWfmHJTMxwilBDlKB2pFFGzazIRhlL1Le1EvSzVkhnIhjUUjWKYCrZ6JgNa0WBoUZZRGsL9FazyDWEBjb2fDUchmBYCUpAbORSODO5aFoSzbJowgoOANjqBdvUmG6F01NmAwYiK41xKxlyZlqnIo6qw21YxZpZvWp+xTGJjAFgUH/EFIQejDXJpyQ+rhZUZ5SgLlwVQqkaVx3OGLa2iWINaZFKyTglzlHPV1e2ndiiQmLGkTgSDX86Aqxu15lmR4FaUQ+1iE3LSTdQVfNiX8n4aurhlc/AurJgNE0/neS8+o63Ak2Kpcsg+7pHaVkydvgw5igjDVnbcQ3B1duChLOMUlfFlEMjYJGrRSjLwCSaYnm5CwWkICx1b5qpV2Td4y54i5kvy3YZrjPiCMJYLo+thBY/vrXUf3DbYArG1WP3uuhECqNRs56KzhlQmXiZXThaClY8Iphv89pEyseYb2WEJhByC0WuZhrxIXZLY+8lLfXb3/7266+//rbbbnNLcyeDChJ4zI3W1CYRcjRPUuAemXEXiouivAUpybwcW2aOgSDcpZaOTMmG7LwgSCfUrbfeao6daLz637Te8d7ZTj2ofBAQQMX1Dbdu3vjGNwrOhmwIl9fmLLh06q2BprNGtQ3qGL52xPn/BVWH8YzNNF/R1OLzCKTbb7/djfx973vfr/3ar4EKlXrhZ6PAOo8rUJdwMAxpi05yVxrk7H0f0EDLRu2MEUdTBrYgMs6uaOmryyzQN6fWHLLogWyVWwyol1BHg0WCK5DBtifWT/CQniQgBdYfSxaxPBG23bOoLtWchriLaWl1tuJpRAsSe8Yw4A4sj+BB5ZXpVeqU9yIkUDrFrGeWbAAuTtOnWIL+6IzybZ9IT7RIN8LfS8WLxGeTL3RvRF853jE+U6TzLpFICma6pApZIFRFsOHXz3gkdUNk8QmZpTGKgBRhW0M//nFHs+y4dHHFBkmxyBcwbLhPQMDccSHEvQh97+Jg1wru2yZf3z24x/rjES+LyFrn07DIpRBEpX2vNFn1p/PEarTk7DurzrpqZVpalhl9C7hurx5sh6mNgOrV9IGNUTGbepqysNQKeYHs7YWAAbsvRbL+GwKMgDNGKas6F0JTpiiyzii2G5imqb1ihWXMrGVm/YDa8sP3tC3ZI4FaLS3gKjKh7SyLipIGEShxxRoiM8u45VGQbRctIvc4HB2yLjpBsidDtVohtbEu6UwrwdpoctWuG+RmmTHLNVGb+7Ycl0ZPuGsRY02zbDRQnL7daURod+hnzSRQis9Az3Eu484YbzcR6EWr+UjSAKx+b1PgMSRAgoqUwEWEamnGK8GMaKyu6rP21lhtEZkBM7WAxx2MmgADLg7kiCCyIZwZYzC2w8iAfaJChwIH9astYlo3ETQdQLKGpilH64jezuiWS8hawRwVBh+ghNWK7SAzhKOUCiaADplbNcG11UHgctah0EyIpqFVW0yO5PQ1XWGQmxJF8XIhU1o39S6XzRlBLu3AEY1QfAXRB6PuiB7dodkHBndJpXFxdKfEXdNdOCD0KFfn1OfXv9gvLw6GvGIKPnPZItA9e6CONaPDTfPM9LRUz/ki2ASER1HAfPKTn/zjP/7j/kV6mE0f/MoxX9LV6nquUbrU2kKuF0pTBfwKaa7rCUu+iCAOrxo1C0gtIpgyym1G1/kypYEKcPg7GpwaU4uq288Rl6jtcULbrl37BJeiLAk0DBoKALTKBNhjfDqQWRlrZmD6LHX092GBe5W2mMGu89CKI4J6W7ES6YDaTYQZj1pUepWx+EoWUAe8RXwD4d7NcS8VZEg6lqa7tqgozGWJKyShoqQWnxCMOAOUb52RvZ7jyokrqpL7RICqT1UvPNzXqibgRnEGfVQJwrETH2/v7yOLSeM1qSIBCWrEkVBGWwaVuc3r+pG+EnTMipqjxo4j2DKUiE0LLO6xeUfKVKzaNVxbGLcmW6vpGaCmvlOr/VU5ICmklQmYiSbgvZmGt2IN4eHnSOgbum93XVJpXNNoahqvYsqOWn6RR004PBx3QdWplKBYNTbjZBXFKy2uOga4xxrCESk5Xu0oAZeFgB8SH2nlP9BBtSjwbQS1ELQO1Tqzr1gNaTGbaFVnjDQcccc91kbUetAuG00DhSILlUYoa6ZOEjxKwcxQ9wGfZTT2kdE+dnOhbG0LaIKarAAoBI8ggdAoqEjAwPDFFSUUPZyMtXQaW/eEMiQCS32AkzC1BBVykFBbTECbS3xouW8vXW7uhW05VXWhVBKZW+HqphzKqBKOCIjmMtp6fPyXVYRVvM0Mh1B4hUEgoNbEPeKye3RLg9INDIbuuOfOnbvyyiu76bo4dtOqADxHLRNfHNyjjD6ckXJUwUVMFXFhUH/LDp5HROZeU8CWHZeUJQyUZHHcaMV83SJ4KD0ykLE/RN3/k75h/YFhVQDsKkkz5ywklSx1/UkT1yJgwICHQLNWxTb9LJtmcrNoyuCEwZXXPVVS8KRTI1SC1/nKZ8mLDAYwoBJEIGgvjYrAA5hxLYVBumAgqMhs6AU3RGOig7RfGKiFYbFaqfvjgGC1tO4teo5o7Y6Nepw4s8CQpTUnBfd4mjh7mpX88D/G2vmE7Fufji1IOq32n2sOeo99GznfHd8ddrPTihm8cCrZ1OiJJke6pDm1gnGnYS8D7xLvg94oXs+4XDSGAICKcV2SrkIEQaqIZIynzGZfINIKgJE4onU0S4ErKi4XSIYAQIPHa8+rzhcbpU8xNnFKxiiQOBJKCiSXR7yXYpFFy1FpqM/N+okUGOZOCatI36wrDbT22obaaMFrbyUrE1WmuVDaNpdrXqYP9ccqqm/02esJqreyQwtJeIDE969zQt2bHuaFVzIznAvO3aNJ9KhpyqRp/VTs4ARgzc9GoQpefcARzKpQAt4SqnxcUTTDUWeCRwZxSi6zPAQhIEJELouMHvfZ8bM0aDUZ1e3KqS0aokzTrWRcB/Cayaa25xt5zFdvWfK1NggaWBtpaiYuZivHI8F8Fd/SYmbF0uBGLbO9cTMLm0RIxrKrJQFBAoNRUJGwAMxi4EujQDaM6942Q6tRReBrlH3LgAsAHqsIEjAC4xEX36hcZEi2o42kAKazW1SIhOBJn49M9TEEptYUtghmNYQvszCJw70gEFRnoONsCNXJmJcro767ybkmuoT5/gWPJjziIMYsp3IlqBxnIIhCEEe14IoSEwYnC4M5RyARiiNKYEMvF87YY9diXEBcHAcTATZccNdKAXF5cbkMcWEZEjJlkWVRrLxWA/AtxBYBYeShNIgXOUehVO0E1xYZ3Xc/+9nPul7DA7N08DNAvBSFVx2OwGhB1FXl4AqhgTMbLgiAZgfnLjtfAp4mg0Cu1bgdgqhl0Arp0JyDgJ5BewDfUxGG9sqaIJGMgy0BAHJgIAxSPAPyICxmMPpccL47whz3Xp+9AOid+J1lg1YQEYpWWPFrSHukSSFDYlTGTkDRxPcukaiXCo68Y8h9zciFGAesSgWRa9LJJaOpiQcmudFlteU1NGXW8+l/kOQiqBE2qHrJ+ZDCfWXqg+8zQ16EbDy2tbmgEQQsJg1eM5WjWKUVGa+fvTnGJXjQqq5NYeG1eXEaVL3KGV5bZj2k1G3uiC9uFlqfgnvE2dTGZl976wMkvbpwPSHQ13+CSZ+pz3G6SplZQVSnn5WpVyiZUsksUQHzLcgqYqORxa8ofEoGu5kl40MpcQaZ5UKJe9xHGypLGc9iwEeYRxT4Sm76FI5Ut63a4x8FV7hOkrNhjDgmRPR1o/WgUTmShxvC981sIVmlVqONw8DKpLFijdpEzNq5iJ6BsGAMEjD2RAOGURkVkotFKz6eLIJR7tO6SENEqAo2BNlZAskxkGRI8FXBhk0Kj4bIImwvXQMuNzK5/ajKxlvHwnYuGOIvqIhTBqqDWyOPJSUDgRgrpvuQW5R8xdcsWQl1R/B2NXu9I2fsmmjbu4G5n7mBeSR0S6MXATbuXJQtGkcacWSkZMMyom9uCNXMpYqQcmb1wIBkFzljfSCLJjLkOL10UhBwSrzSgCR3X3Rf5+XWaMhVkhzxQrK3aF62flQSNwpb+I0iMjIkOGOj4MEAbQ1smqRAgig2l/rAhZ4ZPV8GlDRcCLggBENyBaCYuMe6UWe2HXY8bXskN9FNutlvObYuUcu0PY+PBjHLt4CyaDW08hLwUpsaYSdm50ihKBvaC3vKJj6Ue4eXtyPB14kD2oeRMxp3ajv6yUad1/Pu5Mi9MmfNI7Iq6klUOThL1MkooFC9VPr2wqWedL0ngsSljMAXBM12K2MCSIboWbLXH464jOIgwpzX9EWWiKw6jzIiMADAQYIQp9QNNmTcUPBwtI+JpPaIGyIUOReleYzGkcu+pQqxDJCp10Dda1V0zjDYZm5NJS9U3rjHCYJy4dtjrUO5F4FX4OHBFQUVeJSIwZ6XIl90Eqqeo0LhaCqt2Mxy2co4Llcc7CFo8WZ2XwXeNumYwvfU2huXE2408nhCk/Esj4I3fGCjCsHVVaPUrthpKappzE58R0C1jnEN3HPKeoiPgJssQ5Yo2cahtG413GLD22WEwEzz0cAY8gghgyh77gTuNB4ZVMVqyaEPET2ozBgTAgYA3oqKB5sSMctFZBG2Zc3BhUwNLk92WjddQidFQflzyHP8CXjEBi9TLei+5QqlL92kO9oIbci4FIzlInffcmOD4XOf+5xLmGucR+T62N2uOHwh5FjryRzpxVELs4w9IjCYBQzOfUWEZKEQeEbFwcXBBRFZLbgs4uARkHhZ+t+obpy8YJa9/6cLOR4ZqsNdu3PpiuyGihtlwzLwqCxQEerYtBcegjgIAAbMCJR1vmt9125cnH6E0PxufVnGbEQmi1kWkWvIdKlG4ZQ4ZVNvGSAr20KMr2V5nvarHM9m1k/uNFH2m9tukxzGjvuc75qxjcIWGNzoRYFNQJung8z57mDypveIO9c67veHfidXh1FIUKGigSRdScOGl3ft1sPlYF7JaL4tfB7FjQaGsE9aItGGTopC2c/RHAU+nkExcWHTNMRR0n0HuA8vJrMJOCQCTsmAHPLKVGChPCIyKk51VYteaVrLzHIlWHtmMP2awMPnmjL3JUfTfw1HucTp9/bbzO3ec9WOByn8YYt7HL6nguCG8AmiD9UY0eCrSYf+8zqJtgFadIB43BrDUYXgCXuquj2fUBM24ZBvUY8nPNqGL0YNDUcTWUVKq0xUMyt2XIbos4+maeSWmXUSr3vDozGOM4uP4xiTDaFpeEgW5AOlHzz5lnoiGxUKRxnnFfXIEs8MT0OOo810l3rNz0bbS9ewfEzj/FFCzlEh0D6EKUetg1kNUS4TE0eUI0TJ5WKM64LHtm69qC+UmeWCiz9yHGUWpdkb4x6nishjZCjjPR99lH6EuFw4nHglny08Kh2ejBd/YKQZom8oARVt1krU4yRiFs+RTBgeZRzyPUdcDrN4pDR7/Zr5C6Y+YWgeCR0cy+T8j6Clg9xEe+W4Xsd7VEvIS+RUFaHjNeoR75x1Uo+cHk32AKPklONI6OjH59AvSJYoJAv4KcG5J5pcROBeHDEJRY4oMyAwXujONzlhaDQjJCcMlXdPxR8YybJ7DAZIgyolG5rQktPEEfeo4FEynkGWaA2e0hjjB9zH+8SeplKWexe07xuaCOzHEaUfGvfBNnzieMwsTZQ7mpgpxxgVKlpOm0H2C8sB2Akf8mg7EOLRaPZCZOfS7DnlXh6aIbwsOLOLZhzaK3OJPB6kXXurFx2eLyz8bPxG0bgk7COgUUb1tslqMQ9Pj7JERShXvCoGzOhRxlEGDh9CfI7E5XcAL6Ms8bZGYEbucUO8WyQJ3LeXLtMuT93zXHTwqDNIiAnHbcU8/M+GDPAERIlngPt6pek4Ixuaow2NMSUZDI/BcBsjuHt1k8O727E0yoxwAoOmUWaodNWpYFTLkpWzJ0FEY18cjyGPl6XRAc8Mr0vgeexy7CoJKvyUuBJQj92YGYDnOou7zmZMVqaSK5aAUxoVPxhIOdDCrxC0ls1hAXmsFqjUwj1gfMUETEwynJVTEL6WVO6zMoZvOY67CNFEySmHzmpOaLkelmBQ4awumBNS4gGI97g57FwIUcp4Zjha2TaSemvTsVFx24ngAFI+mYCPMHy/9/BpFyHa4i6qxmgeyx5HWeYlDpLCIwFP3tsMjS+BMSGvPrZ8qeDkMKMCRjmigRHR4FuDLpx0RL9vIMpetDDjMhLqz14eDHsKTxlNkIBNWfM4sz9EmQGChDw85Z5SxoMa2niUcka3khb1GGWWPYIZBT7eMiCrJb5ZLBo5IQNCa2aMhyMpElAZ0cDYU0PoYL2oOMUfTilXNPIIGYzZcFTA/SMZn7x47arVyGOccmvljsKMc0TFFHAoZaPFT4g4okOsRWdnudTRgBlh/xjtAxY/Kl15G7XM8PGdUTQgKRtF5IxXwvMgtxV8/OmXIzfOeHvpGrbKM8L3QlGiouNlrWWrmRutph3+H0zGJesFVsqTvRT1GABmcY+9zLwkxCGgdmYuUowjOT1OibMc4piGQTx3CM+S0YnGkWWcI+WEGkrJQJn4/g2NC4KE1ZPmqS6hHtHkjWTHhYqScQH3ZeKTHc2rlJI9YW82xnuekDEBMSsXkitKidiT9xxlEFfF8riAUg4fs+E6oBUa4iBA/XjDfdcN+IXrT3eTe6+0xthzLOkJpNFUBV6KbbEeafV+I3HYBInZKvFA+wgTJ54LauLSRHtjlBliOQTACT8YHUmEiakW0fAhj00ZPmaj6fEQ6NhYpNg9Hz0inzzGi1A0XC4pCDg6oDmu81Y+uaGA4Se0VybveRnRQnQeeUQ2+3t+GDjSZn3EH+2DJCByvjhy9CdsIc50Jj50wHfhhKLsi3BCRchgKK+ox5OYkyX7Q6xFe7T5Zo/Xw+kk4aIatFdGxSkdKj4q1z4jOY7qHt4rfM/RirRRwcsyPGFPWQ6PyhttL+rjV50Dgdwn5nBDKGH/f0mcIQxO/l+JIIe4x66mdOwQOn/6qRvON3fGAVuQ/3HKMpe977bUAJ3/vYQ/Z/3pzZVoAx0aWPHxRFvUFTHczBBfXr+w/nBTfyrnZcff4iZ4fwLII45o+okil/6gEAPV4vQveMELDP3i+isEeEIRip8LGy5C1SCjYy9CLqLhGSuWUFFR09DkCdU8zWyNbGi4CKhGBaY/ddVfTHrp+vceaMhVAR6qZI5hZoPDyZ2ZIbIhehRyLjRcjEIoBTB4Mkf6XCrWi4oGNyoaR0O4OHJRknmhYtJwxPlmID5hGoJ7RFzIw+tVSx/nVRtxdOjscdNaJMmG0uDI3uu89tHgGwvvLt7lnsYh3uukXdpiE0SiAMirkGRhPeIe8XKhWauCzKGTJiosyqv4eB0QGa/kck3JyCglzgDXQKOoUCJLh5SpChxt76sj9WgojhgHSQQkXSQXLjIuEbRLffhMKW9QtwKOu7VQ0ap1e0xAcmlFeQPTu7MXOWqoprHnu++SjHWATEjPoBRbyiOdPGYTQjwip0dby3afIPE0w9FWwzFyQZSPAxO8DeVuye0jowrExUcNFXNhOV8pqv9FLksxGfMqQmFRjxNK3lyaneEFIQ+P9vFXcae0gdvda/EBdsIjBqNMzmXkbJbtAUapqw5XDmE6hiySyFcXbtv2WPmMg1qoib+Ab00rMmIf5yUsXgoLUjQLEhGKj9N3MnQrm7sZGHjCKJkRRIsjwaMS4cIWjfDd9QPLfhL5neNf5QgGXzgr7aK8olCFKzOeMrPkTSXut9a/sfDt9ceRJMaRxBCg6i8r+4JOH7cpWgerIZaIL69+cPrl9Vduvv71rwv7zd1fwEKqYuBRwYb6WSvO2BBHj19b/7Rcf7CoPwTEsR/G4iFPdl4z4Mgm4kJPaIiZXNonHZC1PvJIr0Y2YkpRZDxHvLxxWQilk4X81a9+Ff/TP/1To2Sc3qiMggguhQZqPUrQIoIOGGVGKD4Z5UtJABgPGK/RVFeVahpZo9h45Eg/jRUZzyWq84RvrN90YUjkOgMPYAEmy0vPBmfvEWcsIJtcPLY0h1MiEcg6jBctDY40wYqycixNZ7e31y+tX1Lxqle9ylfaDTfc4Iutv7rdZ4pjgr2w4sgI0vQEpwQMB0kKSimkbsW2SjtiaNBAInDJcYg7TqnMODPpZM8xwRAlYoCDxBFtxe+ufWCjBKnnkcyALBQhR3kLRVBR9Oe/8OcPvfKhPzv3Z/e+7N5v3vbNLz/ny9975fc+/ZJP//ktf37/L9//peu/9NXnfjWoVS14jUUjqJ18UVotORwNghBkh2rK34NpIbXCcaOWGczNBYEjgWOkKDwlGQeSGZmyZspYdjBC23ti/55L7m2aTDl1VQLamruITF80xEwc1OeC9UYomtHVhgPt4wRMS6NkPJsBgMSJUu5DsS/a0F4zMQ/Pi3IvWjj7vENKoJ/IqAbiNTN+8oi3zMjDEcdJF+xVxKHD8gJADgYhHhLksw8wn/U4CltxwCu+1AQ8oYzxPVUR4isdCgaSBZdF9q4TuEcXDIcD2bUBd1a4Zrjw4C4/hpwhbhdknI04vlDBrooKLD6hi+KrX/1qYedXGfIl8GIM0pQWHaDvSF2oSlHKMca3l24JhJbgFa94Rb+DAoFrCHqAqhbJqq21A4GrAKPMEC/4rrjiipe//OU33XSTx9tuu80Z2m9GvOqqq/rlEtIRpLvkkktwiSg5Xnnllcru1zVcvf4RePLll1+O8yVcc801OnLttdeKnDHHl7zkJYa4CHvppZe+/vWvz750lAzozQcbrTc3MAPf9lNdl0VTwtKoViRrtBRcehngGkLfX+lxr6Up9blz59Ty7ne/2+Ptt98OFQ0OKo0a0Stf+Urgp1gFCnXdddep5Q1veAMDHPJ+v2P4dUAzuSgE/pYR3+ClMQoJg37TBRjcQeLORlglSBFyLpF6xSE0xEaxgmtIc90WaqUyzqW/X9TPLWha+hrYaqbEEf0sa4I+U7ZncKN4a8nyszqdBd4xzm6fDj4F+hPd/VHwr3zlK853R7bly5hXOOUCuz4kSwESbhSvConaJC33tf4Pv0nDkDUAHoE9QeSILy44LqbHs/HDUGc0QU/IwNBnxnfK3O/SOWsIilo79PAXG9rSkARGECnAKJdQNGIaYklAsDHGkbzM2NRh1Qlb9uHiJxPCE5goGObLqHQEweNIXlmqGiRrj9CabP20GAh8w4CKg5NT4jQj42UBOGyQgLGO6O1toUsEPLk3B02AK0p8VH/gERAfDUFwZlx0u2jiFJDG0IQKRpgRhNUeH/yEAqLwiBZ5pBQQsRQtGLiAgoiQHDZUBwhF5hJgESZ+gNHKuf3eBgZcis+xLIIXECXgKcO/BzPGIcGRgPKu1XH4G+r1vC+n7TPq+K3pU6yd6/OrLzPwcoQHTd82NMczIeSrPYeenxB36Sq2rzfBCX3VORyk9p0ntSNCahcMShqPBHcPfH43A7PuIZ0kffm1BpBH1A3HTU+0z3zmMyL8yZ/8Ce4eJab4MvLKRfMhDH/TVFEVqFjUsYnbMpqM2JA5buUJ7YBzP3viiSf6ZQu49M47WLsqgRu41la5W76mASAGqIvp5z//eQXfe++9Itxxxx1f/OIX7777bmEfeeQRXBYGlJ/73Of6BYRSq5PLww8/7Nh96KGHlHr//fcbevDBBx977DF6xMaQXlAyePTRRyGn5CKmXOyFffzxxw1FZRFZXo1TVzPU4kAq0msdV6Z5gt+o2slQqQg3SkMvhYxsBJQUBqPSGf30pz+tlg984AM6+dGPfhQeGhxsxcqOZGcjAlQmkiOuJ8I+8MAD6sIpuUBeFSwVKKMg4d+DgaGY00wuUIkJWL/Gkh6nNC9VJ2nTWjl8PapIsZrT+t521fE2SakbHKVmj7NnLIJ599gdiMwYX8vkcMupw7iY1gkzyvZPi7izw+Z0lFuRvhu83vpQ6N9L9hnhWPcN0QpmbMnxRQDApgm2lqKEBRIYys4CGRm3PWwMvB1u3crbGggMYFXBCyUoDRczziA+xaI6A4me1B9g6gwSH4bSDcGTkL49rC0ESOoSVKpAxcf/5oG/eek9L/3h+3942SOXfef//s4Lv/HC7z3wvdc8/pq/+vd/9cv3//KPfutHz/jsM2DgAhWQBVx5DhmHR8l6Mo+ok6jJEkoJuGiKgkqBkKhOz6F68skn1WvVka1Jls1FLmDUBLK66jNl3QYvOT0zGkk7VbbDbL2ukFPMueY4I3dyOdF6T/R2rATIkSB6Lhoub/2vKDaMufMVp8OxU5J+5gLxKlTAxMHDSRYwnGzEDIOwRUaEllktDQD3KbkJQmTKasdZ0siOxOertMJ6QULrMwL1+SXvNm3rBzaMm7LJEuCyEDyW1OxIMf3HKXEEZHm1Anik4XUen5e61DQa2OcXPDYmwbbFEcB8Ia8Q2WUcMJBUY5MiF7lm4lELQNKtm8dvFN9zMjoWcMeCRJ0JuNQ0rhCI4MPXRYKlS47PUPcWZjQi5M5XQFVsc7Y+PjyyNMTMIeNSxNIFSShBxEfsdaCZbclFPcZNGfBqMReK1eHaXofrxubiP6GlAReXtTuTYmh8v8OqbIDKqhf7BK0MUJqM7EUQ84YbbhDETVfZbrqUXd0cqWTF4NJ1yXaf0zKXPPL111/vYnrzzTe7s954441uhPTIY79bkYaj41i6bo04zLhO0TNDXASXlLH4IBnVXIJGKwRpOtge14LZfkMk/GBrfVMrLA08hnBDrpKIXjSRiw+tit71rnep7k1vepPbLeRkmHmxZ6M0UK0A3GKlJ7OBRxCP6vIIPy8RCIolSwo/AEaVXHulo2cAhjLVXoflwoHPxRDOGGeP84WEIGOTDo9y2j+60VzrCaJUvjXHS+vYe8T1h4alOLrUHYu7pcKrfYJa07g4YjLzmJkIDEyBJWSZOqmdCL4A+vby0XDnnXf6VvCB5eMAOe4ZWHJtftTlMjBKACBIsohfRsazVlF7m8ayl71QlUzAkTh8CSolVKCO4XKlkVF2RKOrSNth0GdKxtxZ2hTV2JYpLzBRkJLtIKPwoLrHXZaa36Ili6xkawlmAr0F0FQ2rTT0oAqi7aKVPd6RsSd4AtZQ9tzFl1dPJFULJPCQxaeXSJnWG8HyI4NhSB/CXBth2OZpHWpkMeOGdIZNncfZbOfrev+hmuOcmvdQ76TOLycXTm82mQEPuQjiyE4AQEZ4yNXSLLA0+6J1AopJKIjUDHAdqG9cEHgIbHE8hp8BkKLBCUbAkBO2twuNsEa1t8iAcW/lN0H6WWQcziLjgtcHRYkAIRLWm9Ie8d3TN40ULZ5mli/MON9agQ95lAUAScmtzGahutiQUQtAWFQVutTbwmOdpwEgPMhHmI3pqxfXAWZBKq9ipZZRaWlkYVCBs/DwKKXsUgslXV0tvmsD3hee+4avPUeELz8aJwZOSfA56BhxjfEZikPIrO/FJmjr6VpdqPciS5FdjcR0+RHE1UXA7jyoDlg/sAEZZtxjm7qt1JA2KlOxeruvl8xs23USOObAlcap536Gww0o6FVrsvW6pqNWqkyziA0h9SsMdN+89913H9Af+9jHlH3XXXe5cikGdwPrsovL0k3RFdbBes8995AZG/34xz9O+YlPfMKVl95d2fnr9uwqKTJH0fQCco64L274jZJZRtKJz0Au2CDRU9hA1UGwWz2qUybkWqH7CmemIaY2WUVagVNKLRehy6UseBf63/7t31bdhz70ITdOyMlASs1SRUKxFF8EMU0nOfxqZNA/qKBqJAJOiZcFNjIuLBeV0otMQBxVx4uy23PxRagivOr0QS04wJlpI8EsT1vMbzNr0ttdAHeTI3ehoWG/XcKOl79WcxFwVAScveNp7qPsccvdaG9BexJ5dXmFdLvtn2y6/fbbfT287W1v69vLqK3L3vKDRBy1BEk01eFBIoBR8BZ9ZOm3ekGSHWeMsxct7hFO9Q5O8cuVhgGOaNaW3P4FITbNLyUXpAO9G8CQEScjDUHTH4KAcWCsw7IQRBNW282d7slCb+J4EYxaXYYsADNolhkz6wNF+eKXOrJh0eHhSKFSL6gcwRZQS2XxaD9WplxVKpEh+habBcze8gOyMwsGrQNeEASJcgitFtyQMpsmlvUfR60ckOB0cpkvJ5f3UC8tb1OLxNu0c7wTrTnNEXhVyIWLiSNNUKBl0KtUBL5WUby1AVXuGgttkBCQSEA42RRfNH3jiLy0BAGPEIett3KNFQ02zSHgbSIxTRO5yBLVH0KY+SpKfJ843lu+ZnwW+7TycWOP+MACXmcYQOIMBxh+EcJPwEXDRQZbz/E24GxDvLoQkNWl8312KER7p/O46nqR1D3A6H1yEUDqY4KLhotTMytTLjBQ2FrzZayfOK9kAgwaKJRcwsKgfK3o285Fgoz7zMU1p1ucUYL+pJz7GIQ+DftYFI3QNKlCfIWQ2VD27e5LGq/JjNfJtP0PXUto2z/rradAj6iS61Kcsbljo0CVIgJSl2k6vHThAHEaJw1n+RB/yDS6CUZ6IauU/PVIBwn6i4vetPW5pAzuFoqJUQbuxBSfID6suGo94lWrax61CR73Xb1z1OpXPaXUteLUFJxGHPH70KbEzVBrlJ6v4N0RBWTWwa0vWqb8+lgHrTYEtt71pcxXH1roAgoLJKE5loss8n41GMI5Vqxouqdv4td9vcLrFRhIOqQcrZBORQhOMV1rRNMTj294wxsAcJGVV64Bg7ppseHIS1Jx1IKLDEmtbn6Zwcylm4rS+DKA09zxMn1Q4daTJhgSFjyRce40cdEaZValq4Xbpm0ZFFNqMJossHmpi9KjFJqjJ9aS7wYnuC8VZ7qvLof7Rz7yEZ8FH/7whx3xvjyc/o4SO1brREZ1WEAAcLIa5SKA0XLVamQbWPe4SUdsAMOZ4UIN54urVEzRWgYeIQcYcrXrnlnQfwtM/y0w+ssvv1yNhpr6elIfmmhUdoshnlIT8PrGBQxdrbFC4UozlfLiVnX7XArZTR9OCV5rwOQa5c4MiVkrCLIAg8jpsxFWXo4E5UjaaTWLOY4UqFLcCpRUyQD4MJpd4DFsQrWkRcYV5RGnH06j1UZxVAeA1ByzbNYsDILz2vHiXeWocYLjjm/njyGW7GUUCjxhoRoZbDJBZGYC2npCcYw3NZoGJPD1nIwjVVQIMptInE6MTjzfIl4qfet4m3oMHmxszG+zoF0iACaFaZKORsfAw3W7nSWjJrA3WaBargJ6X/rYQr5pfEP7ZPfd0zdNHbCkO160jgAhEkQoHYYZr/8wNNdkuZQp9cwOL+66sU6pw+8e0HOV4oqt5wQaowoHQ70E5WcPtsiiKU1Ys6CBZEk9BqYpDvNwmvDjNLqn/GDIW8k+8vDuTnjfeU4MB0VXGoJGdYzoVQbAc18v/W0VNXF4guDmC36CeSwXyzLiqvMITDhRvaoKEQwBKZrJYilUL0TgDZkgPWmaOny2xS0NcDhwOP9epbmx5ok4OOlaSZKZPIlnXlsrVjBMWYrDXWQIoBezyAhQ01P8HhWGd5PQNejd4RSsZbgOtqzFEa3exTmKg4efko0pQVxw7rgpMYqz9MgRSLV08CEC2rpy/PMCEhGKrwruPvMBw+FEBJAIbCBUnVwAyBsMEaBSqTgaIn7tssrrnl6Vug3GDMG2tX4VJabUotlpAnrxCK4zOI3UXk7b7eNrX2PGgH3u8As1tdAQtBokNiKHUyt0G+cLJwzhhKqlX09EqAoRCIoixwWkkZQvM4WsFm4LgIzTE2qmHkIiHQw6KYKAeekGskWdPr4DnEq+uhxS586d80Zx6/UOuOaaaxz3bDop6psIIgsIhrogqecSlZrZ7HACgqpDk0G9qrrhgiCYcY3CoZVIwyUy10rA678G4qbDLFiuLFsMOfIKhqTTmekPoVGWeGDKqwokCBKtye1ok7eS1WtJUzpuKOW1DDzW4XquHCmEbS5klAiR07MpGvtZbGbK7Vkt4osmeBxZNtY5rliP/SjFmmTQmWgIMIJQVSEyXlG4XFDF01Sy8iEBqf5sx9s64JwqvScc3w5ub6neT53gRs0sXxFaYFKPLAsZicnMGuOCCDajRa4VhppfJUACdhwpBFUCtEjToLKKyt7rBKReLVavxSmy+NaYKvjy0hOCdolmnZgjrZYOVAQkvRT1RIrKV5po4tsOyHbwndfbuneYLB397BHHVhRqVSO146rDAzP9NxRv4fGCGTmdUD2vnL4GejcTkhkYVbLRINmV8Aiuq3XMLFQXACExxUCWCIEdR7zi7dkmS1jTrXCJfALqs2873KehpF2HHAs1J8EQJTMzQgbPEM6rL4x4Aj2hRcXetEqEZ1z5yFxAFebWDIGGDZyCcKkJglC2PAzppJ4QmtCtNP9JaUZLGTKcM+Ip34mndli+ssrdVOGoloGSDXdeihe5+IqhrEiwij814zrosbvp69e/pudrunUmTmuaWY2oNUXuewr3yN63JOqAJnAk88LFr7NVFFUgLiwBtrYTM3nhNJHSCeVRfI+IADZB5EHOjIzDTC8IeDCXsddYDWwijbay648gOFKOWvDidIfof9P2Tqo6uZCFZTmGijGQMvKVAiezTw8wXj9zcUXzKBoAuagXpNYNX2SIkoYwBoxxMo2heqgis48U2DJIk0HxYVAmADgyRGnZWDwOICedM90Z5DR3KvWFgTuqepl1gGqj7ANAdcMDKWyTW8/bITgKmOqMNi+4ULwQGRGKI6ZHDRRQw6XTLoXUQw1sPZgFj7gZN8Q3MPWKoHxCXUJS7zmDwDDAWUqHaj6uUbi8lBIxoxdcdgvD9EEIBg4AjSH24hRTFhNxkjc9GySayC1XMbl3tLWimrIiU3qsA4ZsCkPtLJrMuAe4EmAgBAankVciPH0cha31sx3Dxz8368gmzDvDGkjjzGlmNZCvpE2ZUPVfFlxeYU26gFwipz/eZmyaGOPABBhOVGcE0a6wOfGCBIwlCo+XqBVr9XrHWMB9PQDWNuelJ2KaHYlMXz2smXBKQc9AOlkqHzaJ2hHe0HaBb7tuIB6lk7d3GMuawAupCAlixqWOAq86gnLw+l9/qo49d3H69KnbssfrObl3J5kBDIaS6QHW4eKrSFgzUl1NbjDKsm3FRWQU8rjHZkpAwfWzktUunc9cslZoDq75Dgf98U3T9WOGmFHC5qOqDymhCogARvRklnGl4fQ4SxNKpoRTS4HXpaoIrVEgmwtJRctdD+mVgNRiwVSR0g4/xsmz+SNkgaYjNSIuN2HSI92sp5RGM8hXwKL1CGVtzQZ5pC8dGOybP61USR9Kiq8Mo/s4BI8od4kYKIclqq2tCXvDo4mp9RpUmXzFCcmeKAUMPyo7YEK11OJi0hjC5fUoLGPcY3ikEEdMJVuO+72tY9alNqKSskSrpu2nK6j48BOsNg2x8vBWIT2OahrMlYNLhyMBQxIqZkKBKogSLEccGQptUJtNwMiomAGL6p6MPYacDcuE9BlkDABBOXKZAjwZZdZq7jjwhiN0jpMdWzjySnBsObDYACYgqvMzF3izUEbBow3Q+lAltwbi7PGQoFCJSbBg2k4eddujjllC+u/RikJkk2LFNjWzwzkCU8z6DwwBEXpsCNq4Ry4cW/a4mS2aRxMdDL6NSm0IhvLiiCb36UNZTjhiIBfe2u7UUIVH11ahnGKS9lKRlwGSCDfEwNEmnfcB7oDDmVlOYUBFJrTw5IrTJNclPIIKYBPUKupIcXBbG70hvKUc4r2leluwYa+Z3PlOM6dwZN6LNgu7TceAo3I0Vo28ACaDhBIoi8NSnIEklMVpI/eFAR4eVMG3BbfONDA0iiCLqusPDd7kyoKkgH/QIh0IqoBIuqE0YFRFpMBtE64DBFRxpEaE8Gu4x7JUVBzRVx13keWtwL4Deo/2zi67zlMiE4GblB4NQRIA5Zcd1Y2tqt0fRIrADvlwowCUS1eF9b3SOdCZgNPgfeH17YI7Fpj5oKHMwFmhBBrckKIIAhpCKQkcKcn7kzkATQFIW2ePNFUIyEAcln1nkPFeiIjAgIDT890CkaRk2vcsuQLI+Zdb4rhHnSKcEKUhoZsbCNiLqQYxFSZmRRoi4KOsQX0v93OD/o+RqwOZOzMGRmuNUilxjtx1Fmb2BEHc4VCf/0XOzJzh5qnsQuFIQMSMHvg4M7XLTj/4meHhYeCRzL7v/f43GORgqEI6+u1Fsf5PmCF6Zh4lhRBm9wn6LvdcvFHA5qUW1JuGC3cuZSFzFMpo9oK4/iaoVGSo5goCKo04msmXnpKjOy75yvW3orlzIcgy8blT0ihQr1pJ+wVk0mma/Zag5TRbq6WJI0P2EjOLhDsyd2I2p9IRaDLIZU4BjuVF9ClRePiKo8ZkSoBxmDOQy2psZeJS0JNlNDpcdpwXSgAMF9OQOZIFp9ETBrghUxBpOwyaJnvGlBwpyYXCOUaUNFLjENLAljx67jhiLCweGKnh98iryWqptCSQpOyNFkdkxjhf8cn0ZFwrUEkJEOIiGG3jyGVICnIxEygZM5OLi5IDJjh92HBmKIEZXq49ByNIIYETtRJMfXPdYuid4T1BmNcz6ky3NtgjvrgWdUzhqBW4Tv7Dz/k54oJzzFheHIaWCiFqVITAACCj9yUMvi28lfvC6A3aa4xBeLjDULH6pkua6XEWA5lS7bKUiKMsIoBXmWIS+gLoDe2RUglawbKMSHVxEcQZOtmABA1Xo9Rbu4/X69We7Xt0vodUJDhOI2+dx2UPCQpM08FdLlTHIpERGKt/2/sY1f9cCCvzeaocJL7gvlFg8LUHlU9Mss9NDfcd0xeMKfDNhDziDHC+hsDDyTRNFt5kJRjiJUtzWrFTEWyQK0eXZo6UoxA4+bIRp2kiE7gY5VXVQ+zx7ZRkxEey0kuJ0wght7KFQDViz9Mjco8JYQ2NYgQpfmUQaAzhKCUDsqYY7Xuwm25tYkPPjE2OEz9H9mx0Uwn661sSNR+oIZxm5CDhFYtT7uOLKeNMw954qDjsRTbkiiBd3/vWREiU4BEXqtRBUiDflg7OoJsKPS+CmIbqAE3GOAN6GtHIiN5CpBFBcJrMQKIpvoC4mPSUuDsKwYWG7NZSTI5s8PLWWLUj3ZhZtgA87pfB2k0XrLMe00fs8ew5arIgBddDMk3BUb4eESQMEM1hH68/H4j48lIpzkwQgAuLo2KikuLiEHLJmExJ3pNouA4Y0moB9YRGh9njhnBDqPnVZF4emeFcKHH2BUxAlLjUeDAGDB6YgVQEPDBiwp9SRsqWiozwEGhKJBozxrzwuhGnSSZM0tCGvCVNxulx+KPi47wyBiMZpw8b7hEliI+X66RkBiGhQU0TMt0tp046p968Lbw5OgR7kcyZjnO3fiZIRFO0IUsITw9A/RkeEvLgYclefHn5giG7lxYkuEcUqt434eHOt2L1RI0aWH8oUf3PbLKggqgu7hGPqjqODNUf8rig4qCQIMGRcvAyyl6xpWaJVtTD/4xQFBknp1EgIq+KN0pOybjUJxxNCSEPM6/Bv6cx8zki+HyveOw7L7lPlrhPt2iUHHEpcNhGw5EZm7wohzOmlNojjoBRguas+dlIJ3WpoiqZ8VSUfZ2s7Sg5/bYyGPHkwLP2DS9K/booR9PZIiYgINiECVeMmHGPKEGFeE3RTco+rn07a3RfhYiZTmWMi1ODcJpalpmPR46IkFdJa42K2NegOGLQY0UlUA5+cjxjyshjPBitg64LgcENEfDwcw8SeFzghAoPObNcMmYQ5uFgTBWFYr/K3S4fIqQxKsgAw3kJGEfMSgezx8AQilkuMiJLGl8Tvk1984unIZh61NLEz9KsDY6o0gCQGvgQyiJ4oZxE41hGgtOhA5rAGLwplhz+4lBmUDokCIKWMu4xA8Z49kOUuGiGirnvzPDIEHuccsyGFyqeQEkQeXhg0g8fIZeiic84ZX3TQ7W3ciI29Hzx8ONn83ocSknIWEByFRWK+1CPGeBjnDueTWZ73lBghhvCDeForanDourAsgwI8V6BeDTrbQzYRyL0iEcMtlNzuZy855iVFwDtDQlIZJRB8S0/Xr2uvDU9WpMekZiNsgxA7pVZG3XJYxOEyJTTAcYw8I3KiO+p+HGUwVbehbVXzp4KLkvcY1zqKRDV2AqsnHrlcc+HPEZhELDCZdmauMhjRGkUjTBEE/VYIUFqy+sz7nvFo86nqf/4UBMRNwThyEabMhqcMp4BUoV0FYJCAtKhjFVIygFWfDx3QkPoEGVNkFoM4dvsksLhE4yAqyo5KBwKNLzQccR3iH2t8cHLvQ/hvpTne1lkAjLUd3HGvtPxNMzIqBRIun18Bh65eMRFk4svPt/7lcCXJU7mGN+wrtZz5zvFyoIzpsfpPaZBymcwdOjo+omTaC6Okro4yt5N1HXBHYiAQ9W9pAuluykz12J6MgPu7BGzqlhN2lZYvJLrDI2kognCOBcRcNGKabRrt4ussDQ4eABIR8iFMVlYo8KScxeTho0UyFCdrye4hqRBZFx/0KEpx/MO1yt6NoSMFULY89XRgxlOSWgSg1T3wAgJfdPHjDC8UIQCArBhunAD4IYI8YzzPaF95Iol48Ej4COkDNIAM0Q2RI6nNFpSHAUmGnkQ7jmXqvCYe9EGDKIcmpJP+BAbvnG+4OHhryJkNL4nvjle1HiE4UMlBSPucQ9pNMjiQc644SeHMspyT5SFmlzDTygAqiADmXJPRuOTq+zB6C2y3iYbJTc09ugsAPL+EWWJeK0MFxR7QtmMZWbDE6IeUXLKAVZqSJJxQxM2YR5zr8DDK2jRKv382/QfdsfHMhoDRN7TKCdpfDImpNmgHIWGSrQPNfp41BCbHnP3OULwMcQS6UxTFk2vckFFoMzSWrKo7Ig2xWyNzcV/qBBb+3cCWhE2Sr6oJgqKoHuePoMSRRUZ0Hg00HHBM0YzdEIN4QvRBWC2+haMzhE1k50mePWnj2e/54LsNcySz1JDwzmOMX6WgocY/KNZRnnCDQ2PlvlGxS/yXiYMRwe3C18qcUpmiCOqt2seNtLw/TQlZIBnnyMqzl6P5yUI2nbJ8YpTWMQGBWPAINiGCzUR8LZQvCAb1kVFG6LhO/o9sKG98iz/p9DKfJo6Gv3YxE8wH6Qjfffm797xq3d853/6zgfe8oEf/i8/fPSlj/7d2//uN2/+zW/9j9+ieeq/f+rJ1zxZ4UNbdy7sTBzNKEHwZX4+e49oL+8px4tSQyv2Ke31e8sT/dAezEWH0NbHXUujkyk7ob1ys140cmFR8igTmO3lhDGORpmcsKdRTiGEClw92GhkwgmNS7Q3fjrKchyHowX2ApAn8DbPY5aLUsZoHjOeJTe09vrhpbjnzOIeT1zO0t5YFsJKexEhmscQDk8YzZ64RIfnp6EcV6RDG/8pxHh76Yq+rzka+aTOs5rIY5SMGz3B5KzEt8X+NEsfMV7xfnL/cy20P5ezLNrExPkGiTGXfm5TBJxy/+OvYsZH6Cc/z1k/ku1nlXgaXv3Ujibq8Xnrj6t4ZIzKjpNX4MNPzCL6aZpHcgY4zRiPEg/tWfxQBRI9d/0omz4AvCb+WSpycUTgS8D5CkLPQJObGu0dSoN63L8U50XYLESCSNcaaHQ+fXiRcZRvjrJPH5JFoM9sT1zm42lSR2XEo1X0+aVLU4HqnSyE4UN7Jc59jBEZCdJENN3T/8l4lgZSlDHfZF7kiY+K/IInXnDrnbe+4P98wTseeMdz/4/nXvHNK376np9+72PvfdH/9SKay95/2WVfuyz7gpR9q391IxlHDIofT0CNjksR6AnDo72MmGWMylKQof10oAy4xJffwWUvR82piTbFZ+d9aBbAFLsHFqc0irLMKz7uKJuV/DyelNHBbtH4JiByZkVA5D0MDSeAh6dhk2MR9sUmbxWeoQzqQ3xc8GjFO0CSpVwnHBllswfAV0xye3bi0xQW39OkHvemqW2Oo+8f/+hGP/gZzgxnFh+bqB9o9cOtftT3V+tP29BkZjSXqHTFEZkZWRBKxmVZhhuNb8pcCKum7VDSopqjriltTzT0BDZ48tByOr+0kGhbu+WATL44fBDEPQ7Qk9bUCzzii/fTv+8e/+wSy2+vPxtFjyO5+A70MCEyQEYNicCynyUK4jHN+CIuZDwlA2DY/5f159n+4vjLDr+xfnmFUF9bv7TzK+uXHX59/VyXGd7PTilR6cwrzPhfHn/HPT2eiyE8EtyjRLxwBv14ORdJaRjgqPgEnSHjDHBxMsYZGxINsfRIySAwePFxo7Lzklc5qlMmm6Jxby40h5fO4DQ4opdFBHFE+PKXv8yrv/LRHwTzqHCWHJsRfTY7uNUSWYuzHHFDyCQyNh28kIwiNDU4jUk0yqwIbfioA6iTqLDcRcuF7zbru79/hXpb9E7y2uPYOy9gA4l7EXBIBMHpizm8UUIcteQ8GgoGSJnhhuJj7xGJLG8490Tzj9JYjn1VbJq/ecbP/NXP/MQ3f+Ln/ubnnvGNZzzrR8+ied4Pnkfzs3/9sz/5rZ/8yR9sPwHbLI9vnfqjM3ifa31UpWl0a/qiZMrhNOIQTvgIGWRc53HKeB8iKKEvwr4XA3PyBYkzwEcIJzkufhlRi2d1ayNV13ZTSWiyLDnclJmaptIjg5M5Wj079DlqFI+KiWYI5YhDcpYGUpy97IRWTpBaNoFBeeVemfiUTBiiaSjKYHiaeAIqrPiBD8zw2lI5giDN51v/TdDIzUWj2zytmSKXgns0nREqAGxyyb7pju/jj56Z5bHdJ443il84/tpq+uevv9hDz5LAOJdIBFQ6qWnioyFsmJ6GwjzlaJdy9hVNUUXDacQ0Ol7JqEe0f9wWrkpetn75A/7C9XdUXnykX1x/idtljl7NNDhZwbjicUT/kvWLF166fuW6OGL+8vod+q84/q15odgYXYG331SHmPXHpnCdpRefo5ivf/3rL7nkkssvv/yV6xcukoV9+fo3JforNwQTIAJHoWiKLOOl65eUIi6iCd5fhvEoF2MVUdLgCDAGwva3aK666ir8uuuuA/vaa68lX3nllcL2q/4gYWyov4Hz6le/miMOj4yivWb9Ew6ve93rGHAJCQOFeOSrNEiuueYaZldffTWNMvFXvepVuHRGxTQaNjg9wkyvmTAoQY3iC3XDDTfcsghUslyQC9JvdBJfHEocgJoDDI0hUPuVTzfffLNo/WuMwcsFHi3dpur4O3fA6E+KtZpbc0MWH6JEs4VwQ9acTW752uGoPe+xIDYPS5WaTVXjspus/qRiQdC22NfGEG3thfPHZY/W81re53+6NZDw9p6AHq00jxLhbV0cGUUEQ/JmkDE89MqnxD3iCGxt4TU4t14c3w3xaC9H4YQK5+ixODLKIgUii99jkHJBZYRtpT28R7f6V7e1Ravx5PqTvSzCQh54Gr71EDGLF1DVDOQqUQIYBHHSMENcytVpjkZo3o0OJClCVa6ox8HMkdDnTu/OeWkVMzP18g2tGYHKitUu28dj69ajQoLKfsE5rEOhBtJq3uGFIWBdLTJOj7IZCvlQSsZ4ja1LAWipIEgohRWwPlSOMgl9Opx84UUp43vj/RcGoingFBV+GAjx4MHApj5wEUcQX+dS+PgWCi8XXnBDKMs0HGkEIVcFwacPG+59x/vWx33Ze4z71mfZPQFPwwx3JUDdbdwrcLcC+u4G3T1yARUXAe+RzAbnJT6exmgY2KAESgIzAswsp1gV7UvGexwDLsMZaAKh2dRqjW2z2GsEU295bC9dgFx03JP6OyTKc3mKKPc3ORoQydDjOoJzcc3qsvWlL32J5sknn9SpL3zhC+5M/Z5Meho2OAOcEtVZBZPhFkGWp9a/f/fwww9/cf07faL1qzX1GrEEo6ZzxEESmV4V6HPr31R45JFHRPj85z9PphSHV/8GAGDiU5KVzBeXFGcgEUej999/vyEc+IceeggMoSARX1EeP7v+yYFHH32UAQ48A1n6BwloGAvIGPHy+MQTT4hsiIHIynnwwQdpuAjCRnaRcUpcTFy7KGsmuV/PJJTqHnjggbvuuutjH/vYxz/+8fvuu++ee+5h0+8uVgX3CpeaDK0sUwIA4HEUSgRtufPOO40qlrvHOrOfLEtFz81R668N1jrDW5et3VniXHAuRluaLFuRTgHLzwKlQRPNhBIAJsguIyqy0RY0xw6LTo05QWgKKxpjcXgheEQAABeNPp4mzoawsm1nhOw0kHNXO4N2eE3ADdEok0DDQHXyBi8kZw9oZBSNMJRjrRAKPDGH0hhFLFHvieGIUlipkWN9drs3qxb1zkZGO+iLhjogcsGnpfRI2IGXgCYjYiOvVwjyMi6X1MhBE6fHG5Il3ruHkhy2yGPKwOAi05eCphIkDUDrqlluzVi9ZgfvmDJfHptTbdQxvqu4wwRNgYaQaGLW+SYinj6bKZ/XBEHpmRGkI8jLFwDA4PGIrCVLqznNvboqdl+yPsRHmKGmCU82hG8dPH4hzVyDJBcBBkIrNhkZZcYemS/Z+3axcoQycbgZFHPF3j62UHNNuW9jRCO1IcQGsRe5ZYCLHzdUrtFI2ic+8vGNuzD4inJh8EVOdteiZ0mwkFpjfOM0orXYBj/ZUMg3NDtaBW3twjWzphGUMJTGEJ6xOLiMlCJvjTveCuqDVqNWpokmWAz026+ChL673RVXXKEqIASid5r4TnSguOu496jclUgvyNXv+mXduAyJyL5W6oi1Rekmx8D162Uve5nLk/gCuk61G0FnxsCsiyyayN0X3cCC4dYljtrEtz4IiNKm4giGjkuXI0uhuizWYu9UOJUtGjDBUJHrXRdistWG2z/wm056l05dY/me97yH5bve9S5tsUNoZAfP7mWsvzAIohD31/5pP7dGGpdOGn2HEBgrg72OEzxSiu8e/N73vhd/97vfLbJWyCum+GSYzatmiuZtB6FR2Fy4JVWLXBpi1oRVnXrVruT/j7A7j/62rO57/6DIJAjigICKIpPM8wyCChpUNA41RtM2a8XkpEm7TofVnqan7Vrn/NHVnna16TJpT4yJMcYYccQJlFnmeZ6VOQpOIKCIRs7rvt/f38XN78GeveLOvq9r78/+7H1d93D9nh/Po3xl2gqm3vSmN4l63eteh8xBBx2kRbaOWYE4W4WO7627KbBvf/vbaVBGcOast9DckDqgmZYbDRtGxvHQRJuRRpsz/sjb7ha6H0UQDvJKlAPmtCwGw8Ffi4SoUSzyVsSGMdiC8uEpUJT2Cg/HnlaURbSaNHwOEkGWVGCxtZQGbkRpLoGb6i6VmkghkGGQA2dTqhAoxLg+iNIH9OBLZEp/YI4CEcAKvXQP6CEcyBjssqKEw8FBarkqBBOdj6FcxGDO9lLaJeEPUFIipKcq7dZzExmp7TxRBUijAdaI8V5aubGBxKqejBVEoCVj0Oz6UFHCxdaQoNDrfUM3ZaVoucrYu4chFxCGqAZDKIQ9nAl6Y7kRI62vLW3VbHgrZfPbxlKz0eCMqluYDZYABJIOrX5Cq2ptUUjIFcvgwKDJWAXk040XrrcM+0esuxsxO4dWkSngCuFW9orClpHWH7oHII2e7F3WDTpnNm3KCE1UigZYWaKkENrdBKR7ytZiY6iHUmuIwBbLkwdJnwg4tHBlCdwUMgINRlI4kY6uLoJMgW0G4VjB9FrxGAdCG+87iZaI1h8aMVE+mIQ44Xh4Oh54utJmHSGcQwqxoHoor1z6HL7ZMMOXi5sR9wKb1gpseXIwrigaZ4Y+VBQ9l/uESrtB2BUChA2Trj/G56KnLxvbACXM7RxV9GSzAaa96n9OP85GnqSOOLxd8jAOCIpTkYc+ffDBB6sce/aBBx5Ig3DYkkx6gTaWY5mVcISCdsUVVwi5/PLLvUQdwjg7eynGCcZKI4Sugh3ypHPg86C/6qqrvB6cvYzQbAcy2aUQ6JHnwKcv0Aw6yx511FHOaocccgjbTQUEYYvUNvLSdeNxdokMfPYxxxwjowc6ZIRpHHRQp2AqB/65554r5PTTT/dO+tKXvoTM1772NZ3VJYA6oJWW1glSixwuXWJryknRR4ZTo01z4YUX6hLCiLVaeiKdnpx33nm6dNppp6nos5/9rLU/55xz4OuPt6kd49a1Qs7B3BxVvXgcjo888kgF2nOV74CrWD4e/RZYFTYlZ6//s846S7s+97nPub3PPPNM3bYKsgBB3m6zuIpyivVuhuPz4tOf/rQqPv7xj9NKRkZdvgYcFNyc+IjSDdtd0xyC3ZDtZh3gzKATtt2v/yjZGMoxUpMZ+swHvXlzTnZ3CweJYAJETJQNJoszt9RmeeohkG5poooec0R145HHwb3Ek7/VdCmRzabb3XX9obUUHCDHBCUhsrDN6r+p3GhMONtRBvXchw4tKW74u6/4QGAb7EFm3bvNXEpNK9BI/Dl0NxrRK4ZYhhLURZSQ2AOFMCqZJy0RYc8NeFpMtf+lk8J60XaCRGjYty6tskCAOEOWxSzxucMfcz52CJzc9ASHUeDcsNWDXuFdwomVFNXVbS4QE3cETNqUcfRcVjgyEtGxqijiks1n6GZlqUWISQqfoGHtes62c+x2N6N7SiFst6dBOOjFXK/CZKRhAlRLm8GKQ+ZMLHS7RZbW2iXNOQJ6KDZWbCMQOBRiY7sXPPpsp+5ZI9z4m+UWk/rQAqX1py6ZooHTSnCpw2kOaY01KzBnuhppuUgV9Z6gFVJdqGJS/4GjZ6VsBq1r59jGLZ9Zl9klFStRa6GQsjCIQYsVh2phQChWFjp8uZC38UwZJ3lWjq8omB6DjgSeorQHoM8psR56nC2QvS0jf5yxDQey/Yyey3qCBiMtBf5E1aRGIYy2bgwxQszS3CqErtt1Ri66hhCedUNzrLs+25l2gncTwGmfod4fQ9qXavBA8XhVIaNLDl4GcDt2aIEK+RvRLLO0S9qUS26oONJxo7kBpPloq34N4cBfRySi5eLmWQ/BO8YrwdmRJgbR41AWgULczD5jUUIPmiqkc4A74IADvPC83kSxDfbHnP0xrfMlkKAkggCKwYG/cbEujzjiCLTRcHz0Xgcu3Nsavvc3wyUobmxaIC1QXiHjnybkQ0TZJQZV4VuBfutb3yrdKaecojpvSs58UDVFw2EgIBZDUxo19px6IaOhP0cfffSJJ554wgknsDtk+1jh0M8YBAoBRYM1zkFenPkDEYiAA72RN7zhDWgIl52z/kCwlLpt71ogrbax7DZb1v5rL9qpbVkb0YazEfm4YawOT7HdqM1y60HpLur5ldidBs0Sm0RgfyaNudTtZlncD9wEEpvYzdY3Jtvjz6DZ+U6ZniCY9HQg3Yc2CbS2maq1VIfxDHyI2MKNV2xVAHEpatzYpGI1QdIK8WBFzKeDJ5qvFk83N5tBD302wjTCRui+AAwKFOVG1R9l6gMmCMhOtBq+6iq/HnJmd29XvlZA6z6XHaCkLj3o5UKGNkL3tC2E9j2BiW9EL4OcXTYll+w9OmtOT0M9GeurD/HkFjeUxEoNilYyMj3oaVPG+Zhim6KTyiE82UuNDw28V0gPRxlJ2a0LMnYvwz63ge1wO5k26AZv1fioYmrl/EFGSxegSvW8GlUHR4FjuduZo+Q2mLxj/8z7d7oRSFNRsmcEugdtP08baL1gDPIRggbRB0wsjT6k9UfVxmlNYKSbokcb6cY5gHIZZnVJoUsVLjvDLWDrRg8HPiGAsgeskU8E2tYFaK8i0J7hQEwZ7F1isNbN1a/+YSiJZDRO2hKxIsKF2POQ5ZLUAcagTWiQbhM6whEnvbvuustJw7e+U5nbytnDTjaOm0v7WbgoYqRL3GiEQcnlUi5U9acuGaSRwWq5qVBNN7LUhCf/ENrMMZeFbXzq+PwBameOu4boBm2fTDvW/4Q5wWDvC9ExV21O7m4/Rn+2x0HZiqGx1wi9NiWTKGtDu9QmgS65qb9jMWSNcMIDAjOf8LkJhM8ht/6RdmcvsQ6XjqeOgE5pRtg+Wp1oBXKWBVs0IJcLlHOeQUtibRzUBPrCdeyWoj/mbLUcjoXDoTGR0ZRLdcHnLNylY6sRB1YpQEEGJTUfiRgwQV166aXsSy65RAgtBFUhdkk+/DF3ybj44ovFOokKdLg08oUvfMEsEPjYyu60TcMBgpjScBalP/xx5o827cgO8Oyzz/7yLE7YztB8MBeLhnAt1RmYygQrEKBAWlc5I0OfccYZ2NKN88QQB2vUyhIEMNFzhu1LbC9bjbYFbcfuKLZBe5oDo5eifdlDc96T04OAjBvVLWof2qn8IdgqYrFiIBxCN0YP2emRNr8UPSw82noz9cjjwI0IcQ+ItW+JvmGuFTRMIyqlpZBUFEGG7hmBHiaoYs4Qxc1OQwyUu0ATgLurjSsZKwQ8yLzCvcg9l33ZeNT6lPGo7cf+Hvre+n13evB5JXCjPXx5egIK9wQkPfeVAzYxqF6PSG6izObZK6QXP008x3Fg5NzjHiWetMHyIsCNGDHla8zLwIcIkthyQFI4WDQ0pJ5obOuoZE3QjTqjFbpknE/PGgxbHSC0RKBoVeCjwBbOYMs3rejaj69lJMNOj9VBICZJO8oyWW4PHJTsditr/1hu96x7wY1vJ1t3y40wH2zHMzG2dEtfdQAVpUZQNGSXbQA2H5c0N86k/YkYyW4zezRzs2cEtv08Y3s9mOo1xr8Vrye6pCH6VgNpXdK3lphuMAe6ZuZG8wQVIF3rWkGU9Ep2hiqQ782BPx+xlobYMz4O7Nj2pxR2phS2Cj1tmm2mf0TLoF0UjVZBjaAgW4sKJ8b1Qfbud33mj5hECIfQZpPOIA3ciA1pN/p4sjn7FVHnASNOO7g5jeDmWwpbl/yJkXFnGcfT3pZLohoie9J2IhGzXgxULV+61Wx8SPx1GFq3nlx1TGdaC1m4wZy2wtpmaIdotYzTS7cYEB4HqkUa4xrq0pRe94lnpNZL5lJul2w6g2gom1YwBjS7hWk2LTZpKkwFoKGP0nla6W+nPWIB9BSB+shZiEBUpeuzkQOjpRLiQGMxaOMWTEU9TUzRBisWYJg0H0bd6Hu5UxFAni0tO4FJW3sZHTpN0WKNc1aLQJcoEZc0f7rtcswxxwB36qWFGOeMWFLPGULg4IwtTyP1xzgQth0pnKDRp7RZXVWC/rRMStOxauQAEA5/nnoirwMuzrodZ+H820C9zMZOTWwbu2roBjlwFiIvaRu0vjiYCsretRftQjekh47HkLvULepGtS9NxbnDvTJxbh8LdPfauKLc3h6FDM9Ezw4GQGJ/d28LqXCdbBtXMq1YlwcffLAF1VjphAAXS+IwbjBNwBmOKkDB1EbNUVdTNUEtiPUk9XBXlK8Wl76lfKl47vtq8bT18DVIe/AZQZ4W0kPZoCYoR5kEmXpFjPegVCntueCSaIIpL4BeEqCM1JlaGqbULn1F9dDHwQsgJujRXlTGfY35xurb2mxk5IqJSjVEydPqzn/pqdbZMBZaV3XGZRuGG2dRYnXGuoBi9FCmjVemcdrUXPHq2EFaiBDS9UGrgS8FHxmtCErtc/cFJt3mHtkWnXZrGMeZD6p4tugwW/pRIBwO3UEQ3Bd0jwsIBtlKrvD2aoAJMt04Zhntlm5JgbZQUDDF5iOk2i3o6Ey2zqTn3T19ztK1azholEHaZU1T1NDKHE3DBDHMGQjIXjdwUD5Mqa2ITWL/2Dm0nSCFJTNrSiKaNMWTbWou/XndFKqDrHDIjPppto1B6nxs2xI2Z1nSbfI2p93oHrEz7U9nD4M+l83azG4fuxQNVNkGGS67TRhRlaj+tMoJDpab2D8oocdIk+79hM+4ZAuEBlMKbLu/ZGcbl2Jkmfq+ePW2HBAmFK56TVtFkRE1onjGuJ/NSlPr61dwBNbKWhzMs9dpUvF0UjvaQLVeGdJ5KOidptNK0kGDUvMvhCfdBkUMAgfCGYLF8FXLtkhgaT7QaLNKC61a4kODcgmKIUqidhWbFkvaagQmbp6wtGOuEbbZcjHqIcmgDZqyhxid5GwmGtsZe/oT/uEsqRGzqIapJ43QSuNAEwSIS56toCqQV1HVKUeBtEEOpWiD2sqY28HCPXAhuORTiNhWzfKRthFpIw7dFM2fCCyd7KBodlOgpm23eD27Ld2rPTQN2vGFaClKSFoOUfDlKso93J28vJ8FQiYlUmk7FoiKdJiu887x2nX99dfrpC2hXd1Ug1KAlVbttRQabq0sbbCtYoozAh6jCvGYVpHPBU9Y73VPtx73HnaeRB5zNAez49kk0NNK7ChEUqkh10wjGMaN5/QAWDulTTXPwq6EQGaX1RlOClHS0VK7rOdGpCbeBHj2hecN0aIUq/MIYFJLVa2l9o89qQlaqi3aaERXzTJ4ElEtXGs3BFUjChxSk+nWTmDayNAccDBew4nBhN2esS7yooEnSnhaawbdXWaET3sbDWRqFB2xsgSoFqW5I1Q0Fh0yEFlMzVVOz19oSJKpmLUHnXFsgUgnEKAdCMoNGywo4XyErFugbP1ve9OWnmR0s+Scg0uL7pLd6o89MLd8ddLFBDGp5W0z1w1U+YiFTOxMW8JOoO1P4FEylZbaNm5Lm+KgCqIiUD2F6k/l1yUOdWbarGt/CRL+qAZCu6TltRvtQx/HvploZwM3Ee3mWp6dDOJg9/KhXYoaNx3yZrHtLqtL5dWZaNSZuFnHbNplu5TP2K4MlzW5bizvX+OB1/MZfror2fwZHKYR/xPWocexCW+fhGy1Ed3XWYg9IGgJjLQwuiNW99mErVSXAoWAoqscILsvoPqLYtoIQzhkqYV3knMc8QigneSc8IhL3azF5YoGBBmN6DtDRjg8W62eIy45RAm4LAbFsvnw50Y7L/J0yAay995786eN9AerFttK80EGSVoIQ1JadWk+wGnhRjqJOkQy4Bjfd9996WOPPRbCkUceadYRGQEOQlBSGm4bN7MqRLlEUqDjILT+DHuvvfbCFrIpDtCARAYNIxqiLiAE8xZdXom4ceZG85RXonZ/S0Z0m+6u6A7pDrSTGHYVaTsuNc/hsE6PDTpvzmlnJ2Gi1zK55D9v4+nZ0b3hxujRme6eMQsHZvhRVYiitJFWPq1ky6SNtNq5DQLznbX6toDjPomtPjDwCZPWFiN4dlPhQDxSPW48VXvou/Rm8gzqO9KT15PIIN0DvSe4ELMKMUW79ITqIUWqzriRHmoeYYolzWaQOWia7RlXZ5bPQblc9v7wAnDJxpaNJ8NXnZFeWnwEQqirytSQltKKWFaN1YRuam2kjRhvxTWtxSXC6yqqaZcID3vI1Pc1GZctDQkNk3USMbrULRYyeCLmEkm6hWtBRYUZgYhJBB8CaaGtuA1Du1MYnhXZpiDDDzPYkAkjBAYHWixuYoWk2z+cZZS3xbJwac2hsbIEbINLaXBMxX/o6mIMG/7YzAwEkEGMRhJVNLhBQ4PYnLK3me0EKRh0+4pN+NghfOIMFoi6oOk8WA2Hb0RShlk+SX2WEUOxaEtadpc0TOBuEPvWtrRR+1weX3hmfULJbusaMcWn/SzEIHrt+bYxQPhk9GRspChFr+VgNJUPPaStGFT97/6SqMG561OKkYhRFA1t0v6nSMziVzcBEUaXGA/oWg+9lC4Tl0ttKrfRx2WILhM23WDILaHG1VNN7DSWaK5xDpxF0QJdCoykcEZL1QIYoQ3SHIznRo+64JAM+IxWq0cnbdAq0jCBh0wb5OkJZRBPgDjTY8mF0IMPI+cexHfMv2PpG5wWmI8QMsjQxl3KyIYcJSXQBuX1CQ+QAA8/N4a28xRIGwGIGDsRPijBMVsVMuoMEU60Ohkrm24d0y3lMJaaQ860wEbGbDJv1GmPtrPDVyDOeBY1Ni5p9w9xycFsmHHGvx4qp56MYt20tCO+KU3gH45bwl03pMHogUIbGmextVevGDUqAqLcsZ6nPXo8a3r0GOkB5wFkipSCM3t5t1caKEmVM+SJrZ/47gu/+9Ndfvrgtg8++aonH9380Z9v9/O/3fpvf/zyH3/nBd95dMdHjdRkTJJseu7u08/fUoxiUSIYej72oiLGIxPUvB1Wx9xaal3GzmHbwMbHkuVZZ4jlWG6D2kW75EPnM/QwhsNwG5rDKJB02dRYpm4ZfNLGo8RHoOrI8qlaiwYgZ4UQhtjuo2wgChxkAiQh1PBGONCcAdIFAiFF8bccbQybJK3/tCUwzh4bJulyTLWUnAk7nVQX/DbAzGj6b7qkbkvjo1iDfARCA2sD0OOtDHxQih6xYeztPiAMVm9oFStLPaTJ3NRJuM1NWm3FeMZ51AUfLHzie4X20Tw+d2jZG/FRbtPSfUAbZHAwSAvs26jvDDL1aM4lO6knY7FINp1EdSlxHjg4M2g2qaihl5cJe3JSgC84XB2AUMSVjSUxVesZcOtvS6KeiuFAK3I0SHitYXdEA5ubENIWSbd14DP0jiEEjoOODo7DmZMZksQUN2g91ArsYWFKChoBIqnxUhu0exicaYG02NDAwpfXUY/tBIn8brvtZqo//3Mqop2Q+PDM2UiJ4NAItMCi0DCLP0/knSMhMyALdOo164SqtH67uPH6D0rHYJIKpAHSlSmKmxCw6DklA3HGZTvj6hh8/Du2dpClkYEvr3C5XJLRnzpvhK4iHIynMwy2gqI0M0qmtJRhEbtnps24uPnTbU2eNIRWgQGTMCDwmTbp2t96Eb4pl2M3J7kl3QkcjJeLP4Emi/CZ/uqvaNAQusVSxcAfmKElgzkHbgxU6ewIm+JD+LtFPcU8VnrceECPJ6wR9ngAEZ7pnlO0W90IbXDo+TE1Pace2+mxW3e/9ZHjH7nhVTc8cdIT397m20/t/tS1r7iWfdsetz16wqOP7PBIVUQ+cdmDA8Kg1+Oe9thFzyuE7k1JGyQlFQIB7NTQtZYq3OoTW2JsA42ljTSbW/40Ea6f6RpLxpKNETLPPz1YCIS0S5iRmfxmzHG5dFtn0y7nDKtXUS1aPlgb50YqwYq3890mKnWD2D9sNfZIMZXnMstSm6V5uswt/gbjgACxAVoUerkNLITZ1iKdkbBjngCcNvGzyVzZ6g2HhuyDc4N8BnKpBw3j7QcjDFQZ7R+SWyCVtrxNjNDEeJJnfCI2E5ykKqJRIiIF3R3UnZXuzmrH0rYx3afw0BwYsa2EEkmKgyYkg1IGYTeFcEbS1KBKWgJ6IGcYHJoYJ7rBnnqtGJ+uSPfp6ryFPa4EVzJI09agRvPpLuUmirDDcXow2PG/H7J1OOMjRHj1pwEywhznuUGGFutrmmG8QSO1uCWJDG70aD0dmZLmgJV01WWKoViYDot/+7d/67B49913s50+ke8kSstunL7//vv7U0DCMCKcwJcLExqyEeBiGXxI+DDvvfde+pvf/CZ9/fXXy3jDDTeYuuuuu/JRY+EwySjQCK0Wlzw1CiV8QN1+++233HLLTTfddOedd7KBGJS0P6btj2xpZcZhPhU/fSwGJREfGme6iuKQ1qgMbaRFKZNGL2IMi9hStrLjBs7mw6ZdQmixAkwaHJuB0WaQuqgBSFyurMVjyP4el0PGiBAiBTSc2/MupTAutrvCfdWjgdGIWLPxj2ErQgMJkADh2d3VzdnTdjxu2MRs9y0Zt+LSIONGZSSQt7lhmyMuPOKFf/bCE646YfMPbb77d3ff5JJNTrr+pC3/eMujLj7K+EvvnP6Ol1HvUgJZIpMyohS9eA624+ESQuuizEpOLM3YAFaQbrFM5SmKUWzElprgs24k2diZ5syYKtmoCkaDORTSipSazjBCZowVSJUuFyXJh/NAI9VCG0kPYiMkY2hTZITw15PQQp6DVr/oVOfTlmboZNiMZAymK2GI7EspEZFa3nT8CX8gUg9tM8BckhnjxPYmjBwCqSIFMip2Y+FAOC91DKMtRVl8FhAvb9qLPFvSXufZjdMuyXBLcxtfAHgaDBlhUtJkcGBEgzRCsukCY1g3SONLN4OyoCcjyTY4YfXSnQMnMZcRNBFPlvaQ5WDGGEmHszEaKfeQ1egzQyKjsCEuCbcZbEIrlu6yccJt6KWMkKU0lfPIkhhphbIbHGJkyLgcgKDSCZwMnpUWcosxZA5dNWoYySgzt9CAECAk26zxHLLHSIH0MGgCMyMx3sg6vbGM/qd/2eU6Y8i4ZNjrZHlPjqkkhzG7NOgc6GUIe6pnlmWxyYhKCiGr6Y1qH1O5FSV7j5KeoT1oxrM1e3q+ztJ4dkYOQMbIAFwnw5mGvHRbZ3e5bjDkEc5ILw0+9Agho8yMue6VjFZsrIcsQ2aY1WVGI0sZU8mUYE3ak8t9S7e3hxgcwjmdhBbskJIS9vBJAoHfzUV7dDLGId4UQ9LuLLKKXJOB2dRwGFkYZddnuraPDdDU/68AWSchDxm5stOD0nIwYylL/NKtk3mPrO6+JBDIicv0Osl5KQFmr/MZ40uHDDLHrZgQrUsn7GUUMsutMud5Fmkqn/bYcqc1nmcEhk6aWsoIgcPh6b4Li+XQGWQ5xbYzSF+ytJuWTjoEOLXQfQJ3KuqjmDHf3dONHSyZM6yQm2rnkRwaKRAIzD6lXY5ADrmlM4aERrLTuYHCGVXnHl/rTle0Yx/CtKkOgh0xubFN0WTQAFjGOckKv/GJ9NopgYgV1bHYgRWgQ2d5TTHMqjG0cEYT6DDF8kFJuFMpns6sHazp0NDrJBdzthG2LKIqwXispCspLUUj5Yo8PYwxyDl7lDyMdRpz/lVhpPBSAyEZxgkftBkKMY4km79AMvVi7Tk1pN2bQdriPS77AeDz5z9KYPvgNdiDMmJFuXQXrO6qhRinl7cNZyGRGQUuoQi3ddIUI4elNJgDHTIZ4PQEvcaTLCmRYTPIBDpLIelk3SwZ4Bkb66UYWYqRFdZC8kwaKSl6c0ef0dKJ7ix5kmGP8XRoAzOZk6xkNbTwXBrrJPJkjpikdFGK3kx2kh64thNj3UdttaSTnJeacCBzhklKPTgkccht6bxOZqSVhJyODKmcIUtwOoegNpYQSJdT/BoCtl2SMUWGPUdMIhwlIwMnyS20dcbQK9dZZiLru5Fnt9u0BWdhE1NDukwXVfiyY0tplmQ3SCasNTGeJgOhyzGeYdw+6djdw6enUN9qfCZcjzZPYU89j2PPO9JzsIcdmR4qiwfoqHMYQ6AN2XiERG5jMcU5wDJGg+6JTDe+MeaQKd+agAotg7A3diMw5yon8LL0ApCa3UM/GksyGaYYhcQ5bbBX4/Rynn9IS7IbzCFkegnFIBnQNtbcGAJFASEhZ5sdmBGjCyHDDr/LZ9VLkTTJHlpXGaO9dO2tz4nFnds8SZ6FjPBknlltpwLt3YyBkM8qYI0GaZxnRuOqqNU67/3dB0cfH0ZqnQ5UbCADaqSjDdI8w+Q8umdkXewcN0m0E/by/kxWfmvFNpUPWfrnVopSI+8yDtaagVhTJCZkgA+DBDUhLn6MRpbP7rQR4yOKCAS+pBEBumZGhsEnJl2mk6VDgBPXmdIwklLHYTwuXfYyoz3aCIOYTTgUGxoJbSkz8Krb2Q02WwiNWzzpmGeTPEkg5SVG4ITAjSGEXpaczNGTLLPTBE56SKWRcZmRFEVW188mgctLRyNdLY2TnMtVV0fn57GVDDe6QAih0XYjvW6Vy0KTdZckkDDlsqxeVF5X26z9ZyY7zP/R3Y7zf75Bjz9f9zLrZw+D4SC2ZK4WRroRDqS8JDuHfi7db4H0iy/9Lkjp+mnHvPWmL7CNoYjSFL5OVE3MTs81jBW29dpfRCLNC+e/HIPIZ0QyBioMmXpplz4etHAaUZco0kCEAMk2GxSfnAkHNhz4dL+hgACfl639w3Yu+60lly+ef3HfiCg2ZBqOQCM0nIn3/Dd7mDIiVojwQjiHzydnPnTO/Y7STjvthGq/iEQ3wqdfROp3o4gp/rvssovY18x/uUR/OcZr539IYJ999nn1q1/N3n333ffYYw9Tr3rVq/pP9fvlrF3nf92h//IMFBBTxvtFJ5c0GkawpTHHgTaFOTcGGjvP/60RGgxoxvtFsP6TmMFfFlMQQJllkDpQ6zSTP83TOB+DtEvSJQMZ9ui/kL7pbAkGbQVJp8zuB3uGtkE7ZTZilkEMJtMuXjtPdLfYyuluhjGbf7FwDNIcstEwjlK7C2HlWEp2BRoRazYoIcs7J4OUlOdApguhifFEeAgjvOcI3WUOySpmo5NQUuwQIAnnQcAeEIWYS0VVC01wG/QIt0J0gKFwuv4Q6SD3TOx7ovcoze6hGYdKgIYDNCBySc0IWWPDN87gM2iUq6RpS2B8uAWbzjA+bHpuzGqBSJ0Zz7X5Ufb0Fw+2OYtdF0imVs4SQlEumxVCyk6TifpciLoMxpYGG72BP0AYDcZcLC3EZSMkt2Rmvf4NPezG00n+66Tx4Zw0WJZBBmedd1lFjZCYFNg33PJDqo3RJmmWNkhKVF1lWeLXMcbcm2dUnY5kOoPALDXxxexzuZ/hPTT/knw/Hfzu/GvzD6/9DQrzuWMSIZ09xgkkzjRMOsJyxSRiSRzyUZqojqOBJIXThHNQ6RXKfLMoOZkb8/QmIdNdh/oD899ged/8V9V8e/77KPqJpZPBqEpiJS2LSc+dn8RlekyhOFZuaFNRX4pBWiIOkupsvy6ETz8+pY2jCnDQGPjyhs8wCwcCiTkftqmcaeHcGocJWS7aQqpXB9j9IhJtqv70i0jz71FNf4nP/fff71LTTPWXY/Tf//SXEN1222333HMP7fLWW2+95ZZb7rrrrjvvvBNUv+hECzFIhz9+v4ld1WjQ7TCEDapIUuORwQFD2aVm94tg8kLoP4mBXEViTQVLGHw40JpAwx9aRlogN+UTBmc6ZzTYnPloI6P2amxiabQ6PdaXT0vGgMAY0p7JebmDGbaoQTIDT/sqfxqO1K0p5DYYhi6xJfqmauW3WHqFvNZVi1iVtm2EkxJlxD9Mbny6CzAf2ZMl8yTaSxl35pxh5dkgWTnNjwA36nhOGclHRlnazJZDOjRUqgqGctRSSwefUQUtfNTSLCmvJ4J0HpGej308jZdiTNDgCQRC/ZeopR+bQW/pWmqQDwMZRrpF0ca07BygYRssbZAmU4Oe+b5fvrqiip5XeJ9WbIM1jRu2YuFEm24kwCGQE7YpPqWeezM9Usjgj61LdrMBCqxF6JU6wGYVBU0sWOFh0mWZOM0SjqgWghFUr8N0WeiMhF3I0I3MXitpHGYZ63Odr5ZGCBrcJty1/9y5baC9cHSYXf8Z6UQU/tVVsdZapfaDQSMVbhyHIcgYWZZPApSrL3unCGcG5xbnk6OOOmqvvfY67rjj2LTTRX+3vCOQDz7S95zwwTC2bWOzBtveeRrUmZpDMjiYctrxKSkFfFk6LCEjlymnlE6Vvn3X4YyNpEAlE+XTowOMac/4nwRwISqP4QMWnHF3uFMRb7k7lvHRjjjRjj50RzEpDdKOU+ga7/DnnMeBDYR25MJS5Ty1Q2dhwlGSShzO2HINMnw0tBXFSqBDpO5DG395Bef+mjeEzbYAPF1y0AUr59wZppHCael0jX8bgiE7KDZ94oknYnLCCScowZI7qnLG05bFCr5nh2LBNrX//vu///3vP/jggzUQuEvV4cATB1HWCQGpVWotTz31VG6nnHIKbprsNGxcx2xZzRfFUznuCn3ob/+vWLGYC0GsI7LsbiHhPCtq3333Pfnkkzm8/vWvl8UNgCRidgzbtkDGJWcvYJg84VggGklHZ/jQOmHbUm0GRmQQU2C1ayluWseBFqhezUTJlgBoexiXsaXBoZsKYdUZsSXsB3yMREz5xLhWu1v4MDAx5VIUz3B0zDibD/zsxvlgIpBECVWDeMJxaVw67YI53ziTaE6PHrM4cKD5c2sHGmczaCKkm7xwhWQQtnGSc4CQ7beBgzbdeDRQJcvnkcE6oI044C9EjWpRUe3FULfNCrGB+ce8EKumXsvqUjhPAqSnpFxWjfQJYq112D6kidk4VAgtRLpW0B4ABRk+GxmXsktKI9PyGRQSTwukFv6RrHxujOxhyDWWBofaIjvBFlX06AxVG+eQs1iGrrITZJK5wau3MmHPGaZ1JCgt+RtvpZoFG2Y4Hk3yys6gjYOd4Z/xl6vAFMsefAqXXTjpEacQutfheDVWI01EcRgiUB8YHITkTBtkGEFAClHxr9t13kqpK2KEDzRQbQPZfdvRPq2A2xJ0X04G2R4jFSuRwEDA0pbY2mmgXFI0NZpG6rmoyqdRpeOMgES+I+UC6AHFuPHGG3mef/75ttDZZ5/tOXzllVcqxKFFOscV48J7zMYTQ1BGRjP75jNbfzQH5rxWq6+x2tgZ2ge6T0mHJbR9pvcwEauibpMwCRCCP0+YKiVKZtNVnQ9hTy9d36cOZN6U11xzDQhnAneIcY32TDfl+eVYpvh+98e3LS1KblpfpEdIrOLdUSgad9KyYP3NiGz4kDEGoi82olkLE5o6accyvdZH74mbbrqJD9szQoVWV4s1QhnIeIg4QaLk7Ni/oOd1LotZgK00DlqMv37dfvvt3iWOgwZhescgZrWMgIXPUyJumm5phXz961/36qU9XC644AIFXnfddV7D8G0mVSsEztVXX4356aefbp997GMfM3Xaaaf9yq/8yiWXXOLNJ4vdYD3sAG9oZLyVzz33XL367Gc/64kpEFtZ9PCGtX/az5rpjDbqsL2lpZZGmRyOPPJItqfb5ZdfjrOS4Vssnjpgixx++OHQlP/Vr35Vz8866ywO+KtLSy2oZVWLAnFj3HzzzV69/UXB6NH2Nyh1wcdBl+wei4UbAtYOAe/aa6+99phjjhGoTG6QLaJaNFO9kMcO0R/h0NKNWzv7it1tj5UyaX3grz8I26MZosDqofZyYKNkIfh3h7D5aB0fyHaR1cHcbHe+S1nsEz3ppxcdznhCcxPaYARzkl0iZOjc4m+EFmuEYZdCjm0IjHA0YbrPFg9liRhlpI1AaCpPId20PdyVaQQUMkRpip26/dNXIPODv5v+3RG1KNNe0kwIbnIM0SOy1P9+oNLPYxSub8QegFwu+1mXjDBom7lHp9IAcoOMJD5EandNPz6pmf0bA3Yju4zwrWzVwTGrh6XGFjcjKuKJJAFOkJFOSEsgaW2U1Hg9saBYwUTYpc3PNpUPaRWgCc9O4BD+fDgDqcMum42DDqOHp0TGcZMIeYOmWruIgYoMBxy0LjLB8iH8lSNQFHsUVfjMd/VBQ0MTCwem7oHyamToNnHJx8MZoJulL0g3EQduZj00ogEnYvyJFOoSNbaEdWkzG6lqZKINQQpQUtCeHgBlp43LZWMYl5ohi6IkAj7wQ9bA8I0QsxXeKhAZ6wAdSU0gMGUxIkU0fNPL5VgC0MHAcchd7EHqmePZ5bltIwkxq4QYWpG6EclG1MJQS87ymuJDm1VFn7DONp7VzkKOFqqThQ+xdnTNYQiJcOTJvODT95N+CqwitsDqTU8vXQk8Nz1SUfcyk7Xdo2tI6BotMcbqR7c7MzdaGaDBYQPBJTfauwo5HaHZZu0PGhtF6g5yo0FhSuRSLlHeuyjx1KPWzJQsoLwSDOoItI7IVqW1gQCzphhRmnS0tckBYW8sITQoHTHenVCBFlWzZH/Tm97kpfvGN76R7VHinY2MdBrSIukPECEWyWai3/nOdzqGap1+6qS8AtUF3BpjZa9UlBU96aST4DtJ20y2qSzGFe7+RAA+ZM6eSpKOkzrMfuKhJ958DCULVKZuIG/EJQKd1L0X6cMOO8z3gV2lZIDY1iI9NA4TE6vTSRescWViqyc8LVabQWk6iQBK46SLsxURzrAumKhXn4nahavF2mE11pqhOob+82njGlSC5SOoSqoPDLN8AuGAtijENAqCpAbRFoWDdMoxi1udESgEApIeNwZtMDwLQVIK2btzbDDCIAVKSvOHgDM96jLOB89IMoBokVgaTrZBNPhEg6E/AtljhMMItxu7b7mRxueurP7eGPyFq/FF277IDsFKybTOYyUv/3oF3JSQ/mEWC6cJlhWOVgDszpLRctuitiujh3LfGaZQimFVq1RRstskemi/SW0Xaf54SpSdxkQJDLNoIGOcNmLhoBkEW6tJjSKjnzWzhzWq0HDWHBpJBq2QpnIrCggjkEaS0Eh3PX/SDmxFUEKPtuicu7OIWYnGSokl7iYPPb2yK7pzhUSGGxGFCTQ1khLFpNSYcFYIPnKJtQQuIbt037n0fIBvRBQHX5A674RjvC8YBPShbwKXmsNQCwJSoFSH67bV13krohxGPUdDUuAubQCAssjet6mvPdr2wMGUROyclc9o7XRJIhsAcrngmyKYVDgyo3Ba7dlEBwjy5ZIdGgIyOgMY/OIXvwjZcQV5RyO2j37gzg8agoYmSIre6AYQgBDw1CsGnQ9KyPDkZlb5viM5XH/99UcccYSjhY161VVXCfdpqyg8WwJtR4ZtCmHMp+Vc+yhs95JGqnoqeP6elnF66fpwdpyS4LL530X36apfxtF1Szs8qceJ0JepxeAgGX6tUAbeEDUdFQVULfZ0Xz1sU2lSeowLh1PNGs3ARy6HTt1cd9JVvM1XaxyLMezPLO0/sbRFEisQGSMwMYcgkFsf1wxaLJ4WAL1YKdNZ0LjTocY5sHq1fOYzn7GTzjzzTFAW3mvJ/gNu2aTzynHihMNZ6g9/+MO08+7b3/52e+Kggw6S3WohD9/zTjMdVaFZp09/+tPwnXThO5vqhpO0R5gma47bXmmirrjiCjvMAkFDQLiMbptvfOMbmmC3aYt+ou2R5yTqLfuVr3zFiA3qdSsXAsjY3J2kRZkVJdYqK1lS+vjjj3fq1Vs0PKDl1aUabt9oJjfbUYEI+FCgjz76aCM+BewZ1WmITWax4ENuayJWtxVI67YCdUwbNdyKuC1125Tn9dghtkR3I0P3ujG6T8yyNRBVb1a6DWBbekzw0TewdHesxbIfTKHkKO9V0Wa2zYSItbJyEZgxZ7hEWyLE6HYOLXv7RyxWpHsMCJ6iIATiTguKmCVwODNCThMjo15R2HJDPmQgZO7K4zjrHv47/mRHDXzop9NftGITWiYLqkZ3rsXC2f6pz5aGcckll9g/lswmcWfZUTqmMzjzl4i/R5glsBy07Q0KkwighycCSGIIkJt7MzRNtrVe//rX92OnjrM2jBLUKBaIQSMWhcaWg4VDz2VtnDv0JE9SDxEjLnuQ0fFB22WaG3xTDH1uCeDQPRCJ8XpbJ/HnH1qwshSILSZWGSuEjRCFi8XW3arn1t2IpOG4ed0gnjDuMpQMaiMcDTQrHTLA7ZnKnBmtfv48+CAQDQgMCAwLqsl2uNvEl64nj0JwtlLuRJ3n40u9P3hyyZ+nWXx0HoH4ELmkRrtu13mPPrUweg7LDlwIBDjQ3NFpgGhUpl1h1v4Bq3YhDISnxVv7K777DrBJ9MFCT2Wv/YVI080w32WJ8rs0RWcDtMr4ywhZLThw8LHYP1ve31rvO9KKKBwr6ZBRoAUVQhDTPeUAYddMjcJclBB9lgi4jAY9FuhDDz0UoLOTQ45t4CkHWS44MHHQwD4mxs6JudoVqEwGjQmBz23c2oo1S09f1kCtnGQ+V5UnPU4YuPdUQuSQUrwcgOZt8/QP39AiGZawRtMWgMPQRszmM8Rlq2IWIeTwUaFcsutXHEb3ZcfeLlFJ/oyxVLogVnO12D2gO2xR0KpZRlFljJhLCwzcTiKOAprgXUIfd9xxNjebNu51ZVCvvMksP8NtoGkeeVaxk2iHP6dM4w6+fITwJ5whCPRxA1AuPhiKxdYg3a2r84TBpy2uAxw0weoYAeula0PA9CT1Gn7d617nXHv44YfjLC+DT4dXSfUQq/DrDMmASXebaQIHNnCz3e201ARP4+0N4KJUwU0VtCnEGC1TO1LPLY2tMm6zNnrra1O5Gfi3u4hLsc3aaSOwvVsIejGnVScpbZA2S1txbM1ijlW3JcHZLUcriqGlfMoF3zaQzl5Kd5PYGN383DgzdBJP6fB0iTDJTWk2WITbmT3029JmJapADInwSh71oiGcv3tBbDoo4/xJfbamcDRBvSqiFdslnhy6a4zQ9p6S3/CGN9gPNoltY8+IshU5w0EPT3eijJ4pjB7NbhOtiLySSUsMFg16edK1FRvhQ+rStKjzWYqOkkB6+RyPg9I0QRs1QQOVTFqUdM1MG+n2p0n9wVMsBJ1M11VinHCATGpy+MIbbB2jqo3YomojoWq3KNO2x1xpdQygFhHfLt7EvmwYPim8z3z61EZUIVdXgcpkkyWl+GAyCvQsxc0DCgg0b6/77rvP19WNN97o4OUEduGFF/rYPe+883zEu5T07rvvlrT3KIETFHAdkLFHqELU6KZQi4qq1ywfGQVKSkrq24hWlJ2gOg9PHyJmZfFC4uMT0GzfoKrTw26TkO2HVt846d6fm716uSYtULMxIZirXXa99W2nfOcNHbj44otdnnvuub47nUOMu8RNB1DCBFWB1kU5dM3UClMM/krQKyH4K0QKsbI4gbh00uDzuc99ziFEe++44w7nEIsrnUpFCRfSG6QOu3+RbwOr12XFLheXTrgZn166mgtaBxWAChJwLaH+Tgs4f9kR26KNMu2atZ/46Smj5jLoBml3HQZsmgMqBhOeiUG65w6iLcO8YX6qiZYZDRX2eq6JHHgmrVBrqSSzes0T8/izY442iZINJ6nbYKYwdaG1kUVzdcOG1nq7WaMd++h+IdnC0ByMaBcfy2AJrUR/5u2rn+Zs3Fc/H7PciJUrVl3G0XMpqYYrsGK1HWf7g1SCQbYqwNrZtoUR4fwhw3TXXXvttfbKZZddhraNiIljBx+zYmURMppJQyaMNii7p61G0WzOpmR0SbskeNLqapuK0gRuRkKugUAsgX5aDutidbqRWiwjy8Uazxp6GI1zKJBYoELMwpdIXlp1aVUgYHss+fdoQE8rEMbWMtV5U0LEApQLuF0hXc/HtqK8mJBuYIBSy+VSCvuzSgmECOOpOhqC8NBAGTHLB5qMRS0rRYC/2ELcLO6Rccs0+KNdf3T9wdd/9y3fvWj3i35w6g+++YJv/njPH5+7y7lGLt3r0u+8+Tv3bj/92SqexOqM/tgGluyiiy6yYZx33eNudt2wFa0XGlLD7/710GT0InSzGMcNSTiqbs8AtyvaWpDtbbZboxE+RJd0mK5ddFvOioCq/0Bog5pZG+uDjslLlovCbjwHmsy7afUcF05aUI1ttxhnEEtAOBcIgYRs0FQE8OkuqEY8bXvC7n2jXuXkHIJXiyeJ17NXtfe09w2jz47Ytsqqbs90GbEoxSpKQoiFoNsG1sJCwJTCt6NPJV85PvR9ePm89vr0/cSn95wnmz1DECNggUu0LA1/FeFTLZamdvGX0buZeDfD9FWURiB8NMxWMp++S4wgPD2y1/5qVasM2X4Iv6mqrt4hOtB4Oia0KSsuY6nl9e0ol09GSZ1w2L7zcGD4QkJJ7ZgIqW/C9aE2ss0y+jbVNJjBugTYIK2lfJykNblfF9VwDj68ZIGPD5w6XHuVhnC7QpNdtsoKUdG07WbJ5kBPTzTpLaGUDN2EDnqwJxJgb0+0UTQIKGhp5KATu9wlbYpe8hi6m3AIT9oUAdsy6BFpt+Gj1FEtJmjkVs0uGboghAPa+PdlSgvvFVsVohRf/WLb3/ytnA7Y0wcffLB1PeaYY5xQa33/9J7FsAAWnrbLc3Zpqfj7HH7t/HvR3EC5JSySg4VxsUIIf8tJY+VSUho3nkhiy+52NRVtK0LzV75YennShW9D2H8OLocddpjTreP4IYccglU/eDELQUaAsrBxo5MSlUVvpdY9etxatCWgCQ4yMtAQRQuXQjhdLXzgG4Gg25ajpdFqwiAaTptitGTpxAKRfKyOLdTGbZUJZySlkB1D9LpMmzVIx8Est8jHX6X12VRbol2NXjdJd34ZCTJm2zkhA3QpFluXM9/VvQdEIAQ4tj2ju4AEy6cOVCxDLE2Mc4gG555TaVANbvHYFi/6/oue/8Dzd3x0xy3v23Lbn2272Y822/nxnbe6f6sdHtnB+HY/n/6Rkm5bC4qkS7oNZmNbKVvFStnbVtA4Z9kRlqKb0UOT4c0qtbsV+ZiruuYLAa6BwPVWM/XWYNr4sj9VyjDIX7itQlsIWnhU89RqiVoFfAgOCAxtpMbWUpecybS91v4uW+UM3dIkkNeJusRWHYkAPsgoqhqxnW6V+ccqRIGEgyhigXTMi9nbxWvMm8aL2evZy6zPDiS5oQFZ+XWmRY8V2kFVyBCBdE9Ub0cL4WUJvCOXz6Zbb73VJ5SDry8nhox9x1g4lOqY/kCWQjqCuex2Al3nlYnS6LwQnEc6UDAVEvJ4j7L7fpLUoHqFSDqt9Pyjaf3RK1mU3MoqmUhRvfTc8ul2oDkgwJNmo5qzJoCVVCJ51Y5JZxsnDbbCEWDgE7H2cOW3Q2hF6aRyGDnrpALBsgkQ4b7O6X6T9NJLL5XOt6lBn6etrBAOCpco/BZRJxHWXuRbX0alzWs71ZsmGk5PCw/U4gFVDxIV0JZSQDW0G3QE3NTC+Wd90KHU2SFlrXfTaq/dBgKHTScG0yhi0k2ld5KiYTnxUSdhGx/PIGSWug2KMOFcFXQrAa1bNGI4x5+WXUeACFSyk5CFsbN12QJbGFtcf3zCA9QfXXJpvHYZbCH7eOzYxzYCwSxnnomFN4ISLRef2NJt3DZNOgNz/jQ3WohAmC7hS23hsHW2dsh22mDL3uEGPQjlgp82wiDwaZhGdE8WmkPabM40kQ55RvzVYkqK8OmImbIK42loTUnLrdVWuf43QnJIpi259ieg2YVwHpvEIHCc0RudoWMrNR1/ZHAm6NV8bEf/OQjszrH6v4xYW4unpGrkLxZ+I1VK4gxHCCgSW5iMMANMVJHBh146u5XamQx63FwGn/fg8172rZc9ddFTO92902Nfe+wFj7zgx7f9eIdv7vDomY9uf+v2T5735Ib7N6gLz3ZOPaHtE33wBLExPK1oZ1PdsIsUgrm84D07pOtB3BOEgby6+LRhwCZtBiCQ4RihNUd7uXHWJaJFpI7xofnTwrnRbEadrIEyTsXOj44WhY0hmTq7eFERxKxR4UtNjNPTwsxLQ6YtNcvc+0mg0U3ljA+2CsEWVbu6ncOo2HZ7nPkLH33zvvFKY/Stg3z47aJCSJdRIoNSzslU57yLsiu/Voz+EHtj9IeR5xy6ggq8VnSztyUUVYHVGyWxAJWDfOX42rATfHkY6XPTYNvDCJv0ZpW95QbLgCxLNwuZ1mPtCyBWQ5Oyi6Vzpg3yry4ZpUAJt2ggFslo0K1CnjVHbDp6HBi+BvirSCybzlCFQXX17egDnRtt1shU5/xTn2iTeelWf4eGkkfhaa2eK15tvwrMWf+FT5sY6fEhlsaPrO72eaVbzpKBWOoJZW29eQ4dRT6DJWcSiWGk+fCXXawKcdBZNfsoY9BEX/reNM6h7ymDGmrWoHMMwye8j/oOlxrnkk99LAQgWzcZPB0cffs7MjqhOtcyXve617GPP/54U/3RvYNsx9b8icOuqH7II1F/prvvvvvSOZvlvPFJF8l+rsC2h0xhZQpJU2xTtCkMaVMuQSlQIDeYynGidYknAs64BxxwgDM3GgYRULWjMChucIR0mqfF1igavkurzx57zpQR2ixtkHCLoUEgHNKI8ZHFpYpk5KC93b02z/LR2cZoq9CNLDdYYjOQdq3t0RayPbjZIcDlxZPhstupncPIByaNQG6F8GQYjFgZ26VlYRuBkEQsTLEuoSmnkUFbFGl7wyE9W917jJ6249HDZ7oT1p62Q5riyRDCP10gtLh1SyIjb0xQolVEKzmHdH2wHGbtWMvXxrNS9pJNZRYscCnGQ5keT5AKwVY6wl+WEtFgJSoLySFPVDNIs3GLrewu6RlsekrqZD3EpHbVOsZoYI3VpXU9lGukAzU0zMZzIJPHQqZlW/vTRJpDTKpOk8fmaecYb+cUiCrRMa3zVmbQviS8cmpgPNskwpe9igwdVIUwIiM7g//YYGYrHyypM/LS1mt0psVa1xkgMrZD2sCtAjK1aOCHTLwvgaslbXxsDNogHza3xvUBTwIWZl1i06UYWWiSs1k654iNHSWK8FdLfZZLotLpMwJsejSB1gSetV1sBp9lOH8aedogsV40TIM+rWjHFSNsPo0T+HBCRpLYFXSbue3RU6LlIxsXa0r49ICLeoy1HleDBZD6lWQvRwgeooodNRM5zKLFXwddpomRASIXEUuiUWvaxz4tGTRpQ9c1HexLzSD+fLTJFxxDyxwBST8TcMln+XFHC6HhGPeR7vPfkdFx9s4772TcdNNNjrw0hH7gYNAawKTDF8Wf7dxAO1yCctakc4ZAi6UJfyXQyPCX2iBK6fibosm0yDPbpmhuCpfXLG0QMhy5pHYcd8ZlI2C8k25/wObwDVaBsvMXSIyYosOHzK4nNG7ZcciZm3EagZoZc2Q4yGVQ6qKEdw9YU/thbInWernuZMwOMcihHbLcJ6ZsMCsIPy0LLZHLpobuVjSruoRNIlbSEtH2ZAaZ+a5en6QquuUANphDngOHzPt69Ty18234brZ0ks8QIwJzEEL3tEqT7pq4lR0ZefHBTUWVT0eSA01csq2X2X4G0wLZCdaIAJE6kh4ZsvfUk9pgzw4MyzsygiUlNVJqUl4652FMVGYyfOq/1Ox0IdxkQUbG+NA1MB0Teury2kpNe+WZn/LpxvMhXQ6Z3SdpKoNmR2ZQTdo52KqUkQ9nUSihh22vNFob6yTOU+611oll1CUy8VgwHBIZbozhzCbLEHk1YWgjoydLKQrCsv9sFTViasCOzpNK6KXSi6RXY8WS4UmiUVviHHL2OuYZc0Grw1+7CLHo0cJzgBwrMm6K7KENTtOLN0utKBEbZ+PV4stbIV6TLr3maZWOteNQmZVcRoOBD9gEvaqrWFoV1VLhzfLMHsUCmRYMIvS0BPSQuZzVB6OsiZCk9EtZTaxtgqXzEG5TR9ckToyBIB0pezRI621ksM2up01pU43TNVI36x3NoQ42YlbHfaFYA4cAhznasdJRwOnNOcBpdZznTOWZzuBjij+btoq0vJzZZuk8E5etOl1qTNKiWn7aZRJ/U2hzowuEabADpSzSyUuMxJPOIecRYgpmuUj4tG643Fg3S9hd0nU4zQ2a8eqqFlPG9ZlYGmI12XT2Ui8NMu+v1ea2K+jlxjAFB/5IIXaEm0030hQfnkMKJByiNOVb+xljdrFjKmOgjdnGkwinSZy7zUYVCZtbUuBAIM3mKTAjMc6tkuNPojR0MqaylWzWArVMtH1IEw6lhh/bnhdpI6XGauY4yRI5XU9Is+ml5M+NYJ42glhTuU31P/PhUAeWmtQiOoPImB6pw0w3PmSeX8mISlw2PpOamjzYDm2cZ9lRInqlUR6mHrtp0mCEAxcLOQ2EbnxII+HLRedM4lnSJGTCxoFD9lLW9STyafiN0Bx4hkCWRSmETQ97bI9K9o7sNelymWvgN5iUJWmEDx2NQY9df0hulTPRmlMjOchEeCY+lZ9OZMloIQrJnoBmexRito8qnyMG+ygxojofqXTjokJWIPEwpD33EO5uckmTQZ5kzwVNpQmfVhRQrlB6dPb47qVCDJJukoBETYUuCsgINzbCGf300iuN7m0Ev2d3FAMEhUZ9rDyNYNBJrRldG3rprDVjK5AuabN1zSWEcNhGcnMacIzT5eVJzrmQ7jzXcaEsdIZA4VaF0UlRON1JURQ3Rs4JW2oGTfCn8e8ycZlkc+YmkB3nwZwgJinCBAe2vOPYyhOZtBFTbBIlRrq8kRmNnRjM2XMeIYxaCpOWpS4xKj/AQOyT1pdMu23xbB0GN3qdNEtW1wvhn5SiXEv+6f+FABngGSuKsyA59JiKedt1OCTz/CQ5Dz1m2Q2SuYKnq2uQhEwLoZOBkOZfbCUkSzuHpUHqhjWyfBbO5egPt1LI1VPPLemyG7MnYFL2ASs2TTS/wWZzGzJGGPkzWrh0IyQ3idbJGF8a6QLJGIlqT0CPLCVUS+P5DBmXISQBksEtY8k2zwDJOpvMAKsuJY2Tld/ajmqEXvnNYoHSIyOdZzItyUYvpyEDcylBEWijFuMhkBE4xGAOq+tZJqyFxG3oRvL8ZYEcknaObSl2+RQyzs3a9T7q1UOMkInrRshpEjIQki1Qo7x3oDmZOH7Q3kGdFmwPmOt2SLrwesVonLOQ0HqRwZGiLTcx2OgDqMuhOUxtZQVNE5VrBGF0aYqImTFXnCaCa+SKpae2rb3VPH/ToHq+N86Y80wyApeaDyO3aNAZyyloQzc7e01ZpCOMLtMjMB0aGSE0tmmDRrilR+AqZk3CWWr81zkzkux0DulKHtogGUZiKr0Onx7SJT2KXSIPkI2lXBvrpRhZTo1t1MgyyxAjZBi2Spq0c5YydhdhD1kNzbJupMsk5OyNDTIFzNK+Jd29pMtmeUY+ATu0KQXSLifEhRRLhj0wM9ZJPsvUGetGZq9Jgh36WY2lxHDJ85dxLt2QRprKZ+ilMWSd21ICfNaKMtYFzl6TTEuyFkWy8yH8n1UUSFqmpa7wVfCz8dxY+CRhkuwGk5XrRmWuEw75F97lHDcFiupxT2ckxZKl/4SyJo0kuSXrZpdTQ5Y+S3tOOAkCSzLEoJGm0iN2yLN2aYRkZNNlTPLMEJ5kj1tvHls1kAChB1rGUnJLRtQ6/AaHcyNLnZvsSYHZHq1L3ThnBp1MoM/MTjiwp/q9vb2ova77rPAC9zngnNoPMJ1Q++Lwhq+kEV8OCAbnbTP9yIj0EdFJ90Xzf4XijLvupMuBwCQIiKJlSbvkySEo/ssQmpuRnI2whcxeE1VRhMFzTI0s/FEtL22QW864MfqRLNssGhzizF6Ck4HPjkaUGqGNJC7TQoSbooWMwLRxDqRYRjh1Ix2ZfmJs5H9BRpkGW5eKHSUvtUE652yaPXxcDuFG2+iM1j2bbpZ/MpybnffOtMXH/snYWPjkNpxJg4FAS7IbHLNJDhFI2DEhnINtG3fPEOM5kJwLrDOjsdpSf5rNX9Jgwxz3pFf10Eb6NMlnJC1wSJeNk1HRMAzOOZ/uOWNq+pq4JBzMColk2jgjh6TxwEMeIaAYbYnEZVM0txFIBtWlcCAFts3CTJPc1Ksh9We0rst6NTVilgBJ4UncwrdA7HRZVgGzlG7IcjZ7RpqkNg5dlnxWVNb+yLb1HTLWl8MM/PQPD9INyh7IOmk8h6HXicEhI6RLsnJatKjU0aCbymdKuXYUjr+v9qVWTtoln6qb9+m0RctYUcssjZgKn+RPGpzjnlFglOjC4SSNcyscDVA0JkOiNIgNKWqGX/1RCx2aWf5LCScxWzqeJARkIHjkuv09h9MA22x45lkIKYrUDXoi4392zGNrv7v0ox/96Afz7wo9OP+FHf3c8vFZ9H3mMP2QbaDARQ7X6Wg5/1oTqH65pr88od8t6reKYErx8Np/kkRgEu0TSxtHph/YigLFuZ9bgmLQfGgOBul+/EtzFtIvKyGQdCkwNw4j0CAoDqZ4fvvb337ooYewRfKuu+4yct9990lknDYlql+G4k9A0aYYcEI2GyVkOBeSZ4bGCgFelwQaL5zmbzzBlueYyk24qcggZrBlMkJkYZuiVWe2kgUiJtAU21S1G8GWdrI3YgmGbkS4WZ6JS8KBtmr9PKCRnGludIZYg+GPEKtM2tNtbjL2uil2Dg0ubwM2MdszjnaZJjksNeFGsje+A+3kcUsbF4WknmAb54pddobmMO3aed8GOwTIfK9NMm4TRrqRNIfpXlqTQoasRtcehbJUcklpuQyy8TGVnkk9/dMdwodN4+yy/nOmCeSyyBglmjQ4Ug8tBEixZR9TiSjE5gomKFXPz8ynvwCa4sktkKlrc9+GvwdZnzU+cWiXtU5g+KKI8LnEVdWKolsaW25okn8Sz5EUZnZSRQMWpo6RjNDyiTBBL6o40xlG1NJCzwmn/2RIIJFFUlMq5eyj2VPbQ7wvaSO1S+DUqcUJJ4NIHfMkz3Ito3JjRKDa1cVIVwgJTdJRSKeLKC1fLdEb1YkSG0idaWtVbMicST2Bs6xurmb1Awn+EWPUZyDjTowwwKm2tT8+CBMll+wWgozOL3tSLvRAAQTlMp/8h25wGTWVNzew0ohHay+FHuaedR6txtHmFtViSZfypvVkusHQ7QgVdbZTqWNuJ10HViNEPZwDYpBB2tQo22WdNULbTwYdyyA46QIkdaoFdkmb4rnj/A8S0JL2X9G8eP7PZmLCgedY9eyIdewTJZw9xCzdnq40gQy05+V7+tEAzTgEnv0J9A7zX8uOBgS2qZfM/3Td9vO/e++SrlEK4SOcDcegEVo6GgjNgSHKII1SzsbTRpbOdPiR0ROD/Ycf/SUpu+66q8FXvOIVNJIY9p/3cO6nC3jWk5BrAmKmyLg0Ff9oqMI4bTBtPOlSt9MQaFCmBDJUBE1GwiB8ctbh9rFtM23heROPvdRakLZ72roM21RuY+8RU6TNRrMZS20Q58gTNFzmCWrcBpjQ7qhsEkN5Sfh1RvNVpLFKY2tU5Q/YiIUwHkBgexkYmZ8n05058IEPHbFASA1JKioyCmmKXYe7Qep5YpxUMrdg6RFoXIgq7JZqqUVmAUoExIjCXQZYvQwjwjnD4TnXMa3RkHKlq2tagLV/Rb9msgMxy1NDNEqLxqPWs2x6ws1PcA6EJykKB4JMlAhkI6YYFRg9IYxio5ptkJ3DKJzRmoapZJIxJ5wceKrLVmyVLSiSMSfsNtK8u6dfl5ElMmKjZAQCH55tiaIKbDbOmFSRqEbMakXZE5e0EVGEDymdvMijrdv0eEAZd8knNOFS46DzpM99L5Js4z43kWxLl1EisRJFDCAjnnRUuSmnMgUWSwqsG9FAcpQJyiz8nEMQS0dAkwHSKNEGyUiRv8CaqQRGn/6qqCKXRI1TtfN5gBQrcF636ZVMqi5NEIub0mpClzzpxLhL40UpSmk2Fa3Madb/8HYeQoLWaC9wp6j7Z2H3V3V0hgt0JjOJWORwVTPqaqgeHwLKA0I7L4Ltv6vpb/dwIDMOjbTMwuV16dwm3LFYOs5CZBdC4gafGx+BfGhoEHxuuORciNRAaJcwTSlElEvO1VLHMXFZFBBnXFG33Xaby9tvv13eb87/4Pzd89/1qArjIYNlc+hYiQbMvncqkD/ONAfOQhh1gDalvdyMK4pbNIxzgEAM0pzp/t4ZlIDccsstYm+66SZsjWD4rVkMOqlz6L9fEggZfmsKHzINx2wGB7rOaEiamxEONYcPAWKwZXKZbhUKMSU1NDoDmsHwOdvW/Of7Yrr37JzlHdU9082TW9pIDpzp4UwA0oV0zzDS3Bo0CwfbnI3DcT/YvR6jbgP3vHuD0WBZOBNRwpGHoCK7RRv1RF3K0UOFmyqpctwOgQBk9JxN9zSRpfuw+wiZeNYHGohxsUktAh4lnhVCG3dJ8GlLM3Sbxo0YRA9/hhA8pahXdCOmclZjyBJBrihQPGlTHDiniRE+ZvnzjD+2Q7SCTM+IWdh5lgVO2ohAs3qiM7rk2US8FWhviC7HUzjw+IPCRI0Ypl3SiKko5nS1lIigOkReaAZp9Bgh1w2aACEDv5bOLFZ/NTeqnqR9btK+Jxpp3dVeUrHRKK9y1MvNJqxY2lbs3TPvjtUrRzpRdAwbNAuZpxRttrGBgefDuYytFObrOqNGmAqBBkf2SiAddXzZp9EzghsHdbUcpFxSwIFWlnSDHDi3sgV2C4zOC+dfuBC6lTVI2MQst0qGIC8aALW6ztdDthKIKVJS2ghtlibCaTSMGyRtsJyXLZURT9lHJ4keEjeaGt10lpU2YqtElfO8O1YPN9q4QJ4MGua0SEh3NlIG22evFjvVdXjq70NwdkFL2agkkUMXezW320iXnPue7XAA0GWrWJu40ZL2G2X9BYd77LEHz93nf2zuNfO/e9/fJmGQW+cngbXJCJuncG7Ahbz85S9/1fwPuRNGf6OFqVfO/8h2f8UENAiyI+ZSXlB8jDs+8tlnn33oAw44wAmyv4Fz/KUTTpm77bYbt/Ax5ClcIlDIYMg2gpJLmvAUwlAgtL322gvynnvuqb3QFAgt50rmA1YumjPdX+N3zDHHGDz22GMxOf7443E7/PDDDzzwQAYBbly4EGjwVaQn4SsQgrw0kai/KwM3DtyQSRsRyEcIN5oDT1PCtdHgWDJUFQvfFG4wVZpBG2QIBKLnmmPhtN3mtkPa64lBmgMDrCkpaFFts/Yb3W1DrL5x6yiQG8w2hkuzdFsFJqiQjZhqG3e3d6t0Y5Duk3b4nGT653dAKYShJ/azijRE4epyCbnsuPU06d5bPkd65BFJDUrBTQh8lARKQRuJGxzCNrjJ1lvct+vmf3vk9jfuseH+9+781QN++L3f2/3sVzzx7Tft+vlDH/zh7+x5wdFP/vjNu95zyDaPH7XzVjtbukn0kCgZbT0JWTqA9UFP8LeU1tHiWkSeFdI9a8mMqBQOQOvOJ1ixw7mlIfDXiULoZjnDhCwQmkvZ0YhYzzX98T7wYvBBw+hzjWiadmlIUBBA4YAJwFihZ5xRySpl0NGThbZzhkiaYYrWfwZWKLWmNMykRAYZHPgLt8oEPU/S8blDG2nRW2Uc+KMEv1V22SbhxlmI7UG71AF9qHUxR0mUWlrEVlD4eJqTuke3Z/iQooS3WLrNsJrstEuAEkETXhU6TxwSNN/pgu1ogWQfnb1NS9QNAkFDcAPI0CK2pKaUyU1FeE5bfxa2wk2pgj+3QjQWYbZB4WA5xE060o2DAATvOb3qzZcmRvgQDmWRTohFYSgHf2cDfe6EYER1oDjU+Wk5184DmEeyjUEjSdhxa1a3lxrhpBGeCrQKwts59tK0jf0PA12WG5s6jrpx/MQ7MHmk+rpHehAiGoGi8oyLVZ4pNagfCN2xCRoca8aHdr+pEGNsoAGBIJaPsuVCprOdc5uNIpybFHIJqZtEIHCBZbQ/pHPaQ1iWOmUET4OelZ0UHQHh20bICJTUIB+pCXAHR5299tprhVx55ZWHHHII7SPg+uuvt0cdLuUSAlwHlcloIRWFlVjthgPNqUixHTeN2LjEIdXuvOGGG7wRb7zxRj4333yzF+qdd97p2efkqodg9YebohhSm+qfxD/77LOR+frXvy7vRRddZERFFlKULF4DMK2xEG/f8G+99daDDjrIadhrwzlYM3WAvyix9vcdd9zhbd0/Yp9GxqcAZxysgjtBV7VL/5XjxWzQpfC0PsNXLKjuTKvjUQgBTy3Fmc1Z5/VKx7RCma2C5tiguqrDltt4p3+ac7sIZ8iirGyLpUyX2l7z2TYtz5pvY+QWGZcMDmzLLVYtuqo0e0wTSHeUSrWoPQZWCIZilYySKpC3TN67RpAxJQrmdEfOn5gwe4L0TDGoOoaltDd4aj4+RFFow680zA0+9rxffPe4Hb6638N3v+2nj7/0sp9t98DfbXefqCF3rf7/JFfN+gH/+9XZ2rDhfI/dx1662fd2ff73v7vFDVs8/NT3v/+cqSHtzyqSt8ZiLjU+Om9pbInI2AP42H48aUtjLWwGIVqnCuEKB1shukq6nUf3lNNasDVBLPDQ2gYukenZpG+aBopNpDDiU8CgjdRjq+cattO6zmcLIwxFMdohYI0wJAVORy8tti71WGxFiEtTRAgBpTrLbdVEsW0Pl2CJojAUq2nGfbXY+W493yh4gqJRao8BL2+UzAoU1auFNgtQf2BWIB8jnMvV9sYBMZdRFUh6j2qU5vTqkpEDTKugZK2AIxaUtoOye12miVl8RFlcfYamObYBGu4Od7ol8A1tyoe48b6WCLblQkYiYjnw1CU8JZobOf0lo1N/137WKh1/tkCJ6oxYhlgGSq2sWJcakj/RTwW2GZwrbIy+emmsRKEnRFtMsauIs9k02rQa6xtuaPDXHFNG2LVxWSA3ArlFqS7iMs7C6Vo9ttZSlABBCAfOfKaXru3iIYKiLyB0VV73ldoTRAH0WNr4KcCgWAYHiGZBw7FUfKqZ0QNIGWL1kUDGxizxeoNggen99tvPu2Hvvfe25J7UtNqAtwzwCSj7zKAXg/Z5LzpRnXzyyfvvv78q8MG/RNaeJxz7RiJnwVNPPdUp8A1veIN3EgI+JvqQ1xStQRUBfJDxHjJ+6KGHwvFuc2tZabN84E+N23RTrweccfAG1U3Lz1C7KOHw8ZFOiJXQH8Zxxx2nKLNqVMiRRx5pwbwU0ZMUH2jw9UcJ+MurOmzVBdbqONfyNOikqzqdsTmQFwXkiCOOwF8PudkH9Pve977DDjsMmj50hDWOD2d3SH2Gr1hk7H4I9pxCOgH3BaBeicRqAvLCteJXf/VX99lnn3e84x2WQGlYubToKg3fUxUTzYevP/SJJ54onSaw0VYdsTH4w2fjCd+rV+uq2iq3P2l7QMl0hk1vUNMipjlqxwRtGhM+yCtHq0kjiEltXMfsLt2wBDjrIRqWFR99wMQeEwXcrmuz2QlS6Kqi+JuClrNA4dBw625Mh2+wLDpJEJAFGTyBPG+7rX/6lt3/6LBr73rr4xfv8m82PGfltpJfbLr5d3d7zo+2mRbi+1ttvek2j/3gJy/cZnvb4wXbbP3wz36w+fM3f+z5D5p9cqsf/uzF9/xi64ee8H+v2rDhkPl9/Jsbbvv2D7c88DUX/uSxF+/+SunsPU1DWEOsC1ZahJ5L/UTJ7sKtn5dYDotoxOrY0i0Ww4bRH7e2DnRrI+BSaTQx292KAmTtgmb1odkqRnSSgygNtBWJlwFWELyhUerju68uK+UmlZe/KYIAknXY0thsmBuRUXY4nJMIZyylkTwLwUc5WgQcph0lqeogs8vrUlKc9V/3fKD0mWhcCehZa4RpJas9ZOG1CKAonGnZXSotQP4zzekPPjjjgIxGYVV2zkR/LJkQJUvUG85m676TYtrr8/tDNziDAuJOpz2jQHWzuE3gmxUFrU8xhjvREQUHX9LuQXZfS8YJh3gqSix8iThrly7RMBnTDph/MqounOkMDZFOoHYJZCApBBkg3bn6z1aUWvjrD9Fk2fscvO+++7DtD85sD23vMaUDGgtNWxg8gShKuBJaLIbHC242mxDOwk11txI8JSVm1aiTSLb0VVF72/PK58OTKLZABbIL5yAXT8UyFMtheuk6GirD/ma4JbDp6YCN4tWDN65oKUMBtJL4c1CzNVA8uvqlEVoGR4hAIXxUTmBi3IKhQsxaBrEAOxA7Q4B1nnCrO0mgCEqIpsBHPRyBDPsAuLOjR+GFF16I8DXXXONpKISnpijEm8Ox75hjjjnzzDN1inarf+Mb39Drq6++WhUOavYiNLYd46zmdcLhV37lVz75yU+i+md/9mfvec97BB511FHOjgDVhTw0PZFOiHROhx4oyKvFZoV56aWXulSR1YJvXG8dJb0CHVi9sT760Y8i+bGPfUxLv/zlLx977LGoehq2gXRegR58l112mU+Kz3zmMwr/oz/6o9/+7d/+m7/5G/QuvvhihVs4N6cWaYU7CkM8zzjjDJh//dd/rSKB0IwcffTRTuruNw3XK1FiIcB585vf/KlPfYrbRz7yEVCf/vSnTzrppMsvv9wttzzp4oahtfjqV79qaXD2LP7Sl75kM5111lmHH374bbfd5tHMwUJzsI6+hCzNKaeccvrpp5s699xzgVxwwQUaeOWVV1plhx5rYXdaLM287rrrNLOfLmDrwwKmJrjzPSYslqVv9a0Xbgps6/YThQ7HoNqxJBtDswphC1S+inpAdDNIqnzjmGsdH8JZLXa4tfvW/O/e92MJTba+ltLLI3D7RAlWU9UAe+hUl0rNEhn11iLa80qAfP9Tj9+6/913veehM17zr57adGI1iVfsffu9+MG9tnxgy50f3n6be362w73Tc8RG0hPNPPnko+zMY/7Dyy677M73bfM+C2f57DVfPJqw7bYH/3CnLe9/yZM/3WPT773goSdf890fv/yGJ3a80f99ZsOXN5y66QX33/OCl77qlDu2+tEtd1gRjyd8bIY5dtt+CCSXTajz9qqNbc8YUYj2VpRZNSqhXrk3GVqXTStQZ+w0hpIJBCE1TTMhyCW7zmi+p62WQgCeeIzYzwZ9B7gXCAKtkVw2gOxGymUcoGVqfWsyTw0nGbQlIDLyH5q0NAQscNsGFPJowEHSLdxzvDJdxllFmsPwWPBJYVwWTwbc2hVEQ/ABKFYinHuDBmJ2EJBrOGNiIZQWmXavS54cgBMtQsCWk1F/bD9QcEZ/jChBIVbNU5HRzxi6TXRMRcoRBU2rocG3DZAcR4g+N922aPMB1c3CUyyNFYEG050or0SQGcqZ+7r6AcMQgaRm8uSmRkaLCERRMLHChHRnqdEjFMk+2lBCzPNcH9SLts6IwtO4dtFCXMIRruFWihttULcVrnXymuKvLoZc/PWtGrlF1SWe8OWKs0GacGjLASQ8ky7rAAdueqL86aWLhK2jDOzlJrLyQ0LBab2uciy5Vb+q3LdVKLdBPFwCNOJSLPYSRx1dueNqECAH6yp1R+0WuAOZTzPpahwyauAsO63v+OTsueBh7bHuDeGpZERfEJbXfaK5XqKqM+4FoGaXsvvY118bS15U0ZNCIo9UFXnKW1fEOHPr2IePsyYfsJqGj/sBZ26c1WX5GZg7+Xmd6KEQSeErVvmg3DweIhzCd8blhgx69pAoJfck0hz7j4/s6lKCk7qee7YaQft1r3sd524t5Bl64g2Ev3chTCQR1m1ZeBpUF8JtoB4NkdFAgPBRRTgEhii3QfuGs0sMOXMT5QwthJYFMfx1T8NVarPCxx8+H8XKiMapp57qNW8b0JiYdYNZKf6qbidgrktCHCgxcamNLmnLFH/i5nHJAZ+eelLrEg2HthBEczAhmiPWOMP2UJRnRFAIKxAHJE2xIQtRJi3KwsmifHtMRp1RLB/4+sPfnhSr4bo0HjcMyN2NxKwUin3yeZvc87otLznxrkdee8E41D7v/te+6m8P3/SsJz/wwsOvO+8STfO222EH3wpPOtpUha2CCW0TRtW4itwOSraFJJ3sv3vOTrf/aMdHd7zttscOOeSd51y2w/bvO+Lsza/88cH3/3jn637yyqv9359v2LDNncfsd8suR13/wk0ffRKsRQHVQ02xqrbTXLrLgKuXxr/WKZmbqIgZxIrONq7JFghIvWUg7AaxdWHWTAZPs2jbBrrts6a6fOi49IZwi/Uc79HBWfZaoQk4MAjmxAhxWUtH50W5pDOGKIcArC6pQw4KOI0/T+XU+dx65uKGWC8zZwatYJg15RFEl8W4RQfFQMa4PWPH2vDyGuHDMFsDGQgwtEhSWqxm0nM108m7fdsrys3Sa0C9cBCo//jDCZYhIxCLqLH2MG3DcLN1RYmFAw09xHzdCvfRbMN3tlGmcXXxRFjTwNYQxODgCTPmFdsszwQxfRDLkJTgSUtECwTihnKJmCkVieKvOmIbuGE7m/VnPY6tfTrUBOC4dfehyqAFxrktFIhtBr/Fsr5N9RwgrYitYhYBJVQLejmwETZO+OjeEIEk21TCDbcWQos4TF2wexSDNwNRJDjJagHQpWVCi40xo93mxmBYDCwVYFZ5Lj1Jc2jnma0AmC3D1O+ZtL5A5gxWIN15pc9t+LZI3YwJZ7pEesRZXidd7xLHNbMOIl4eelqFWuzSoBfzOeecA8eB1bo6abGddK2Wt5TtAk1dHg1OVJ7yDpevf/3rv/CFL/z6r//6Jz7xCa8KRzSvFt/p3tOWGbha4HsYISD1FVdcYVt3VL3qqqs4OOl6Rdm+Fhi+huiMJ6l3CQK+EpxXfvM3f/Mv//Iv3/GOd3z96193UkQVvoZolzW2KBCgnXjiiY6VyPzFX/zFBz7wAadGI46DCndLWEgd1j33EoZeh4rF+bTTTnObff7zn7fEztbwzXrwqdqIKQ10U2FesZCddN///vd/8Ytf9EbXHy97H8X420NY4YbhkUceqY3ooeRFSGvm+eefL69DPw5WR0PcRe6NmvnGN74RZ/fSeeedx4EzAuGrEZR2wffihK+x2mjqm/M/rejOtxNaJoTtGWKx9LNBWayIPuhAH/Ki1GhvEJvBZvMgYNDSScSh/WkvdbNpoI3KsNOAJ3zMApQRcrsFDmJ2pqMbf2jKVwIfsRauGzXdtmcTPXzk1dtc877Hvn/YRb/Y6vs64FC73c1v2OYr277/uYd+5aOf/OAHD/346R9/7q8e4B6UFz2YOOAmfDxHGpR6vhWmpwlPlfbogcqZYVdgbvaxB79/8r1b3PjROz/4wQ/+xelbvPCDR1/xqmseO/TCR3e76OLdLrrk5Odvf93rjrlwL9+Dk/N8xlIjW0vBKpx2ewK0EFYHvhHrG88Kr40Mms2ILTQk1d7PwFosOuTS6XzPpvFkgODBbcN4BLsrtVd2U22VWgqzJeNMRrvYPXM4DOHfWiSBkLFADG51FUhQMhphEzwVFZp7Rx86Wvh0sAntBxqIvLaZQDYaBDGB9gkDJjt6Q6adMK9aAr9ATKqOIXs0jHu4GWFEpnCXoNJVIaRuaDLDlmif0JYgGyAjNLDudFBWVqy2e1akrULv6VZB9/AsaQwVJQuoFpQ2CNx44FgJ0RNRdOFT8fNbhkMgbW/7FhSjRPyJ1FbfFkLSg8gS6DzdexpnDnKpws5xmW7nNGjJjAgX5VI64BbLiKk0aW+UtA4jiSFwIS0HqcnGK4QbtJqTJhDaXYQDTwj09NJFxfsAOeyxxEMAuGlXrm1QQDQHRsVYD+zdGMoWgoFKrK5ZU2xllFg+FIn1oCOKhwqhcQYLRIi9S9fZGuSSG/CJ6xoZI/qIs9kOOk5RHRPF4pCbtTfCzdNcUt/s/bv0Xg80Ml7JEGTHSuN0wFHJJpPaJ7kRbzVvL+ddGTmbUjJYFcH37JZOLlH8JXJAlFGUEZg2hxCwtZvh9OBFpUw+KDnweeM61rAVIq9+2nn8ZXRXtOO9urSL9t51mtRttShBdhtUD/nbpmpxIpSaA85vetObvLq8UOWyV9hajaTCLYoVdB+6l+xd5OEj8+53vxsZaJqpq/DVyFkrVI2b8k1hKNFxxx2Hw/HHHy9cQ4xA49NiWbvw4SAAh8PRRx+tRfrP1hD9QUmlsuPPudJ8wypcImjazkfHaBxotRC9GuursbLIyJ82SKNqXGPhEyXoZJuK2D9WsFuFzmiDCbF2uqpFNBDh7UysEPBdJansNBzFcrPruLXb5TIIJ3H58AEv/pt/9M1H9ju/o+3mdx/4mmsO2fn0R4/bdd+LLrpox1NW//x79xfBBDIybOENdpnGVi6iYy6RVBRNTAlpYytBT2i9dbnrC1920iOv2fuvfvLy60/91AtvveOg67x6v3/4V04//Ctb33rsE1futvVt00+n1ChEyUJ6tKlUVy2Z7Aq0xBykXlLCWQloN4WJcJ7IiLXr6IGGrcs6xqHHmeeszsPpc8GLSpPZYk2BCq3FEiivyxar1HQMNdlUslqGhTTOh3AeIpbgD0cJdM7V2IYRghvCvcY6aaEqCtUc1IJV4O00yxEI5qaiMbIbJAxFMbgxli2lXRKxLnkKx6GesKsonKmGeUWUAIGDcPQEarvxthlKRhhyAdRkhcCH4BvLSrkN1ehLS729p4mkfOSKLXwIIctSmXJFwCzhRuI2SJKmckN1gNg5Vc1HlmrErS2BA3oeQSgZMW6EAYebKtpIaWyNGG8k5xEie4VzI3OeVTPH0szcp50Wn4jFmWEqkrSQAonLIZVJE+Fmp5euAvoCwgMDAk685hI8aJxoDoy+R6xHgZzZubk0qCoOxEg1RI5nuac61r4E+Uttv/Lv4wsaHYgp6wEnqGTk4tCXuBOkxxbtsWhh9EgWhjfc7bffrsZrr73WQ6RfG3bgc9t/61vf4uaju6cJgeDrHuY111yD6oUXXuhRTttDjq2YwLcXpUNe321Hb7h+Ifm2227ztnDUc3akva6MwARolgHW48+5rcOfbjg9owGfg+OsLoFCGL5ZSe0tSR372B7NnB2I7cizzjoLmnHvaUc34WK1kQOGDGzdV7J0UMb5uuuuwxkx/eFgl3DQOm9inXHp8K1YJ1EPXLkAwveC5KP/GmhRcMNQ4dC8eGhvaOEe6I6t1kVLNdn+YXu2OtwgYEpqNOS68cYbvYD1XyuQkUWN7jSLZbldQkDg7rvv9gWgNIOaTLvBEKB1pi2Ks0vbhlZRd2M7xyUHl0TsvLbTUcP6OsMJ6SRnJLfuNGJTsfMn7lIaIG1ROMsFEGeXHkk2SZS0SNI84WiXWlSN5I9OeMWH/+HVj+xzjsFNfr7FS89/2wFnvPD5d/xw5523/OaDf/uzV6z+Az6w8ONPG8TTGjEEgjI7KNHwE5c4mzVIk9Gi+ISMJyicMbcJNXmv8x8+4dIj7t3iwMuP+8F9r/vKY3td+Lm9LtzyiMMevXG3p+ZctbEbk46SkhVVsWallpcmdW+6UWcjPrRLeyYE2WlkhOs/Xf/5qAWySm2GHm02hsb2HE+PpzlNOCtWlBbNaZ/lt5QJHxIyEZhBGqQNBmX5aimdoQSGcbBBIYOe7YSPTrpkY8tZUvRgcuMvqi4pnzF2JkySPzcy05m4IUNKNBcxObQ541NXGS5HyTEknEdI+KYSlwUi4LLtET2idgSkxt/GU47S6D7a2LRLhZM8hcCXCAHI0EJOQzZOYsVZCH9auOoGQmyJKEwEMgAOBxoreXsfR8lzm0aVtgS0WCH2TDuHFsXQ1TSfRmg4OMBssxnMnpZhjR4tdRzGKtASVVrdjiHntlaaQEiazZNMFioVQwTIzY9Tkm2cMQpAWkn8VctQeQeL0QIOpFgp55ZOPaURnYFXFEMTVeUGB41BPf+oE4O0EG7yMrwPvOccvLxUvA8S7ySXDlXeOjSHTqLelLTXg1vFi8q49403hxEODK8KtrejWdqIV7Vjmdeqgxcf4C7hcJMCGh/lw1F7yMYZ/LESCBMfJ12X+++/v/ADDzwQMUdSsV5IdPzBmlWRLAYxjwztQM/Bq86U15Ip47gRLzP4LmUcnJUmNVY4ywUfOJsnBJRcoiQdGhz6A13hRoSD4hkfmoMoaHDchLTCoRnBRGCwRlyaDQE+zuzc3DCgaGjo0eqia5dYGkgLpKU8bTBGWnsTi05slW4ttg2THjuKQXNui9J2S7qta/8Qe6lt2c6039p4oMy2J4XAxEo4ShEzaMRaM6C1b4XbqOTxA3f4D7/2xfs+dIY37iY/2XaXM3/9+N96y5v/4gU7PjgdVnjyH5yFwwdLB2WcTXgiAzZp/7ttux3MEm5AhhQYn9Csl0JwdmlXI5z9ip9s9o6vvuT3/8vvv+Yzf/+5j+7wk92v+OKv/l9f+6O7L9nuYf6gCh/3tfJJHQaOz1LzZ/A3yycRSIoKjeZghLOQilKRVZge/2vvud4u3g2NeMYxpufILBarDghfpp6X7ulnOmNajPm5mRRIOCzdCASCJzR6auLcWIO5hdDrxNcDVn2U+LKhk15jGM5JVn9arFg46LkMkAyqBCshYOfiVrtReLN5CkzYMElT63RT68T4cKhLSqPRyEFdsve2U5pCKqqPNiOmSPQ441YgBJQsMcDKTBsxZXAqda2BydzFaSHCIVgFhVIFkpny098ustdz3y50r3Yy7ZjF116STXMQ3v5Rjsv2FSl26ELm+lb9X0cvViSeJIb5VNGQYsfsEOPTXpe+jSLrMmXSZVM8K2NwnclPNwYBUlW5kRBG+tH3+HGAWd5CosEOf4KYfQZORoNycbPpdd8nvA9nx0oGndx7770Oao5NBu+66y7nm379vT9Ycg77wfzXQTtLObtkPDD/NVgCTfVnirRwJzD+woO97777eNLw+3M+gzCdIWg2ELZZNmEjwNNJFIJDnnSOwtz6S6YiCdO4RAIrxBS28BFAxhnRuBBTNED0xBL4PF2KpQUWYip6RuAD5+aSFuISGSGQOdx8880R42kcfrQLqQM1M2TNpFVhBAibMy21kmPocIytwrmZQgaacInYNEAivCmabVnHsdV+6D6ZNtn8h21J560eCjQHgzm3CelhLAfZdg5tI7mcd9lq52e3Jxth0znbaRDKS7tMXIa/ct528z888ooHT7visV0v9brd9azfOOidB735c9s8/7s/aQ/PwKsnbLqMkZHCJXuIyxzIHDo99cbt4LKpjcVUJdcfmxNt7bVwlluHjeO/2cNPHHP6hn/zP/7JLn/z6169T77yxj95xz89758/8Z3nrv48aOiYsEkcuqPd3dkNEsQmBnMIAvqDgEbR9d9gs6HxFzXQiIdaT7ps2mV6KZPrLMWS7AZzGDphc4hnRoPL8VgNGfRoz1ye3g2isqPKGODrcMaaVvLcmKeXEjh/gUnhxFQ6n/yTLjfWwzkxsk4MSr3UjYuSS/aKUlEvv97Q6fE65ENmjk/TIwM/zAZzCHwpITAGSFGF0wkbSJ5S030u1P+ZziQzo+kygwx7ZKFLxH5WMSVXGZcy0VoTlFrBtm7a5cp1zXmiviaNJFKsbpXBaUlrnUHYQ3JW0tBJU/kUhUd6nZHD0jNZupEGl7IMydZfSesynYzvkQY5rFuARtIZOXcjLW+nNBnOQ4yQmOgvwjo7aBvkI3y5j9suS9tsbkOvu8xt7La0qHTGcoqzwXU64TAFzOIy56GbTedMJ9Werq5skhtNZuAVwlIPt2E3Linpi7ijwPIOp0cgmXq9uH9Gn7tsKrf8pxxr0mXjeQppvcaLbbl2fEghcaZdDmJdpgMU/sU9Hrrh07fdfeQnILzy4l/b/eTd33nmDt5qZhOeEZh4zJTYlVkWEhoEZGKYYSSENMm5qI0lnyFGRvjGssXfbXLk5/7uP/7V/7nT59+zyc+3+OExX/237/2Dq9662S82Xf1Qiixhpx6tSQiNV1GeSZfz5CTLEVHCq46odClGmh34aTLhLtYXw8Tg0NxMDbcpYCFGOORc/7u/2oqt8uw4Cc84kLniFef2zNg/pIcAWXnPMsKLJV0ux4WMqWEk3NZJ48O5y8ZzIGOELNEqh15dz1J2enS+EVNLfFLf6ESv6Jq27gHVrESMYklQSxlZVh4LzvFJJ7Gi86mWpBGSzS1PUqDVYfQWHO/CHPIshIzBcMInAzwZDmSELGXdSJfTnYN3jSPsyjAebrLMl0PORQ0JJ53bHD3JlHMWg1OOtdhWZbk2Q4+RBMgw4Cwx650+EjdA0jd+H9c+59kdm2jf2p1XnI3YpE9ROAECdwlTFMxmaSIqEQu2s0I/Zdr4T25CntjMt2VoJcpO81lmmbxnf27G6Y1Dcki7TCc5SG2QdpkOOUqkQbS5qYU9To3VYpCtHMJw6Wy0rthCKrmG0C7rDJtbtowuabPCm6WT0oUTJc0nrXKLThrUCqLGejK0qDFOcm5BQ7CjGDS7rTVGaDInWYmoYZDQhsA3WBSB9u3tNznvQw9d/M7/+osXPLTVfYe85ANHfPCcfTb9wfSHsoVkDJ0x8BlBjXthsCIzkWdhMsokzZKcCxwFGuHD33LoMK3VxIro3rRv5reFV+8RH/v5H3z+vz7/lmN+scXDd37gL//duz56/2umzyDEPEkT9vI5uzwPGRx6XWPjFsmkqXU+1TIt4TN3/rr1JaPqAkMwOCS3QqYKFzLQVq7PbOazyoT1TEpDmlr5zbIxsY0ln6TLVfAivPGMZHk5e60egOsILGXpMKKWCM0mClSRAhm2h5HR/7SRSp6gZ1naybqRkY60G5eLvlz9yCTZoEbPaZtWdtogbTBxSdbxJEAyElNLyVk4PYrNLR2Bmc6Kz9LIIT3yDnFJhC8Rppcr3p53dAXkajrXYgzSOLnk5tJ969KtS4QPMU7zyVlUmUZnXU501t5hIyQ7ZDQiY3BQWkeGg0vZ+fTIfmTtP5wgRsYln94Qnumc4UMI1qVxI6Yg/HD+hZ2HFv9m0/fmX+T5wfwfeJmliRFTRCBwUDS0bOMwuTEmKvN/iwWBhobVg/N/oEXDCd8UXcgA58PuR4KREcIHPSBGRH1/7V9HgBO+KJqzS3x4Vr7qYk7zoUsqNl35heTMhkNXZo3SMbYy+aSNQ8iZsAmjpBEwItCgEGLhpg24dv+nXZpqUTi0TMAbKZCdkbgknANMrxNbhZiiCwkfMs1uhDZrJOEcJcIwwmg8tyn9vD+TKw966k9/+7898Zqrn/PEdi/5o1P/r0+9b7ML7h7h8+Nl9XYZOhnlk4no2o8igx0ycZqzAxwgHl5ebAMNQhnDyT+2LZmWzqxXzxSe5S12iNk9frzVG//1i0/58r977iM7/WTn68745x/+9D4PtAGSsRnokAEOnqR+Jtk0aXYQGDZNolRFqiNe3kP3Fh92l8kIYfgmYNAcfAcw+gNamhhpMAc6Z9ql8KDQqJNLbtHjxmGZnYhKD+FDBAqpM5VPG2QMQG75hxkNxgywkvgsZSY1CdtsOBlk+DQbftrlAMyBNCs16XOqP6btj2ZpLdK9tPHEJeFAEH5WDTAfhhEi1yBAZ5DITCWtSV3igBsNhzH+5BiBSLamgw8p9ag3CYoYNBWZueKnT+cFNl5D8pwpr6AGSUbjJRoh/BvJf8iqFv/bZu2fl2dEfWSNAcMgvfX8a3u59bsVNNluIWa3nX+5ydqEI3356iAqxuHMjXr677hnC0+HTPebF1FCgFQVbRB4WQYIf4EuMxRF82mdqoLgUP2klgEJh2e/tveS+a9Jow2+eP6vwYxLQcI3i1vrtNTGJYqMWvRWIJwXzb895HKnnXYyTsPp14VG/1EVTseZbhAB40LQ2HHHHfnTAF86/2sEZhmyGOHP4MxAAwgNAVWDZQFCOCMpkI0YtulKloLNGHwgVK8RWhQNwWV5hbisZAYaZakPYg0iQyyBRo1NOfYuQFM86bLISxuxOgwSQnarBiq0dtqQRkxByzP+mkDHHzdoRkw1m6cosYXTjZhNu4yDkOc9f8tPvv3e63//z5/a8hGnw3/1kT/Y7a++y0HSENBQ4DqJHgFI8+cZssKB01Gaqt188w0v3/Dd3b+74egND+zywCbHbPLDrX+44RUbvvWybz156JP3vvzexw94/NFtp/9epYww41kzYY4yDZIc+Eemx0dNI4GIffdDr3rPv37zS258y1ObPnHN2//4U//b3c998WrzAKSRpKUIuVyMtIyDv8tWIWSaHUkGh0EJgV5OvdT7tvO5xqb7wjNlnCZGTPFRRYF9Tpky2EehQMb8NTh9DtK+QsaUcCN0nyZEOKknc4emZxfhL0XOtEtZ2MR42cn8QF69zCrKNla1YkeZVUpyllR4+GmY69CE6BsNgZGekVZPswgExWjQ7Jzn6buMuAyhVSBmhUgtr9I0p8/9PsfTPtb7gK579LL/wuOcNm4wPboUt8ohsZrZPS3oVRdNKj8c3/FAnDdwcN6gkaQ7n2BLEOMmI7ukyJSUkbiEZipuwDnTbQAjHAp0mb/wQTViyVzH6h0shCcces7z9HcVqaIp3P/w7uzl6CO3xAUXKWs8aMVA5NYyCFE5EU6cwGho43c0Sh9dKS2tdDCNA4TGh3OHv2wEHNRMwac7dbW6WEUszZ8hHQfh/B944AEc+kUk0i8i0RUIrcNfgRBUxEAGgkTkvvvu43nnnXfCuX3+p/3uuOMO9re+9S3j986/mQWQDdmsEJXilq4/MefJARmsBEIAfuutt9I33XQTEBpyvxvFQdWchTAIkBD63SKU6BtvvNHgzTffbFDgPffcg943Z2G45AZELgjyYuUSSSk0gSZGZKf502KVI1zGshgvnK1MTZt7s/p3VCxQG4APDdAUQM7QXGLIgImk8H5tyohwIcI1qu3Yrh33PNE9i8LHuoyW0kZMWTsiKTHIbiNNG3Tt3gDSfssw2DhAEk7LhDYtCxx6wBqEFtSQ8E0ZLy9nxre2fOKPf++M+475mw2/2HSPM37z8N/bbPPvTfd8IDGx56vRY3dII8p3X5CyACfRsEsZCE+0jGz9xMMvfXjDHht+8OIfPG+f5z2+5eObvmxT9iZ7bvLDl/zwZ6/+GQeJgFQviUMld5tYOMikAtGTulWIRggVqzod+/l3f/Qvzzhhj0/8g+lPeQ8883/8409d84Lp3tQ9mEiyIbuMs1wFumTM3KdGjUF5GfDjwN+l2S5lx6H+eGF7S3ldeTF4u9Ne7V7P3vemxkcJ4db7zCw3Di594Yn15edz0FepD0HaJ6CRPgf7XqQh9OngUiCEGqI/KCUI1y4iC4ZRKmNRQ8c/ELEC29KVWfkBtjd4VkUE0hVOOOTT6pDCQ2bUNDp6nGkjzdKmhCf5kHCQmev7uSm0p27Oxx5N8/GtLU4F+unTnNZA43WPj9a5JNalRaFbINq4Engqh01zo7lFA8MEE5IR5yjpFYl/TQjZeSNiCCCJCUpsg0QWWuraWK6BPyec3pqKrb1RajPgCb8vyMLh0K1COAQ3JAluUyvnnhOxnKHlT0yVtyroKbv/4b3LLrvgzaiPhSVsQPXUlkWixXAqcunspQWveMUrXjn/3REMs53kSDgqLDGuDFSMK6lcHf5ePv8lI0BoOMjQ8PvPG7hphChVAcSnTc8whVL7QOpxaxEGDm0UINzEyh4Zd3vrqncujZvlz7nlVAtMlICz4aAkhdlS8MEKJbGYpBGLbWQ464/q+s+Bdt99d/Ze8z/tR/Ppv6JxKbVEYrVaOLZsNRp32Rl3jz320JA999zTJY1V/3FOYhB4aJzRww2IvtEADdYQrOAIZ+w2/z1/0Iy/dv43BnbddddmjYz+i0UDNzg1E3kjqlOm/QNEr+JAGC4Nmqp1EISEoEtWwRZsCdz5bUpLQFpZVGNO1xCaQCB82KaMCwGo/6Rd3hKzx93V/VBI/LFyqV1S1HkMwZrKGZrwtCg45cqB5y27P+fzf/DxJ15+/XMf2emEP/yd37x2+i/N0NYQPm2GKHWLKjbpspJjWxaw8DFBDMlRKbTn3/H8PS/Zc8NHN+x75b6P/9HjOz+0808v/emB1x5oZL+r9tv2c9u++P4XVzKoGoIzDhDARqktQSImb0uwjk9kxMLBROCbLn3Bb3zsDzb93qt//uK7zvwXf3rvW6f/0K5Nq+QaKJ0GtiJiM1omRmSI1LQU9GhmJI3gj8P8sJ0+F7yk+/bqpe6jwaDPO4Ne+TTxiWOw91mvdoOc+xrw2SfWJ6AomsxfntO/VG2KJ9u3QrrAngwaUj+JnhjRH1Oy9O2SlsIgkbfZXmP1U2DFVqAmtDTBwudZrCqQRxVgxUbGpVkCEJqo9iSBkx0UkZ3b8gtmzjPxzyBsUQxMiAWaNsT8d7CIkk4zdUZ7fXbrkk9wlToVGOkA06x+mjVFkCfYpo3A4dNiKYcnTRSlz5XTfqtLw6YJepWmRrNG6hIcmA4VEfMR35e9b3paLiOy0xIxOI9cQ1zWdlTjHE+GEN1jmK0WbGmX9RYZ0u1T/yMMkKiac0vmsryF8KRFTbb/aWXnOdR1qsTCkmwMGHzwc5Th1qFQ5dbDackh6a677mJA678MIdLHtQ7ac7GsGCCWoa7B0UeBskMWa5yWYiwVApGhwRpk8DFlf2g0ECUIF2uEgXAnLYYSeLYd9cKGQ4nUMlDYiuKpFnkdKBFzHoV5yy23mDIOUxa2Ms1iCxOlVpe2PCjhJq9G9d/PaC80+pprrqGvuOIK45dffjmfa6+9FpS+yctQhXCEIcPXIoMub7vtNpcCdfvKK6/kf9VVVxm87rrrMCQOwZDxhIkn5w6XjLQ2SqEuDrLDEa4WCGzEJIKpNGiBGGGghABWEPBRLzSV8lQmBJe33347TwQg40YYLg2awoSbimQXrkV63q3uiUw8tdlWxOqQ2iipRWk3KsHq0DKiQbINBqj5thmBPD9b1n/vc4AMirMQOxC+cNolDRCsET5m+QuEJpZh0CaJWGQu2/vJL37gvz+15SNb33rsB/7T39v+wum/QFOvRulYnkLiU3X2P/Ga6SVEDPYecl9wmyuY/vkalBResXQ1QlMON+H8g9K93l4hSIetSjlXxbKZ0Nhm+fQIEDuvw/Qa7t4kHNBQI2chEBS10x0/fte/PWG7a05+atMnrvj7H/7kbve4F1RqG/Bh8Lc96AIzMFcOhDpPgNPwBz2GGg26lB0NrEjfQN7ryvS5oF7aSF9Ixr3JlG+kTionLVBFPqc4+Cjk75vPx4FvQZ+SfRT6mvRdCIQDf7OgyiI1kLoxL8jqo9wIWCn6XEuLbRVoTGgSSGSE63arQKyLkdZRz7kV4qsI2ziHjDbA8bYGJQQUgQBHuyZyaydds9BgQiu7EePNDk2EABFuLboXrI5xKSLj41h2vcLH17wu9Z/O94Vt1ggHWsd0AFtUJWXQRlosUHwsFpsmyuG55JYxuJFlgcSlwSoKs7OZ5UOmM1uECcKmGBJJh0b4gTBcWkddMoUJwRDhviA7SACUpVyBkFYztBaRBmuERA8OwMpvq3RbkdziML10tXXfffcd5yQispWmsZdbGdhYBsz427IObS6dvYjw/fbbzzlpn332sTxG1GAft2MklgxLS4slBjFToVzOVVI7afHfe++9DbKFO4HRUaovojBRSfXUDrOIdQbttGdJEpd2SSctUBCE1Aj1uwHsOaIDugmciOKpEDgHHXSQ8IMPPliZBxxwADT0+psfuCGGsOVRo46LHRolufgA4awb2gJB+BFHHAH8mGOOUR2N22GHHVYbK1YV2EKArMnabpAWJd1RRx2FxpFHHqn5oAAecsgh+++/P3Di6Gwh5IUmVk/sG0atboOqCAJWCuGMxqGHHmoJYAqEj5KSK9aIS3mjZBWqFxrdZgAF1uoHKDWqBMP+JhA4SpBCbFtCi+yHHsq9O71g2G4wS0OsMh/g1pd22epbPhUZIUYabI9ZVvvKUkK2pjZbD7huDIOWmPCEXIii7Bwaji6Ne9WgjBz4w0xHm6cpnuft//h1//jjT23++PbXvfl3P37ca7bYXhNA6Qldf5AXG6U2m6dbDzgyPYDXdiC2fAZJZQqvRlo6I/joTGjdR0HVtxDsalS5oaohtTEmlk+voLENRqwuxWpJA0I3qaRCILQtX7P9jv/sS8e++uL3b3jOz29874e//c+nv0nGygJvM9gwbMvN2RRbS4lCotENgpgU4ZvqMdelvAjMD9vVv/bjfa/GvmNoG6YvSJ8RfZGQ3txCKqQvjL7XfVD61uxDmfYtSBMfxEZ49tHg+xKyS7kCsXN6MqCksdM6rX0OiuXsU1Jq3xkG45CEgEx7T6VAlKn8Cgc4mo+nGkUpDQ2cISNc4cZdQuPW6kz7Y/62IABplz3N2xIwkeHPFtLmb5YEIjuJWE9RxIwgjLykShtnD5/OmLAx7DNLr4xYBZroAJKipGbQRhAw5RKCy5zFtmqyyKWfKGkUVtkEjbax0uyHtsR4XAPRmf7gzxkPydYXJYmIpTFlRJY+ASs5EOC1AlSdr892WpuhgwqeymllezSRsaBA5vZPAnZq7nyMHDu2EPhGJEKACOQmlkzL71zioKOhlUFEttI0EiDwMGjLomIB1Oboxt8By8FI+NVXX3399dc7t5k1oob2cWvfRrHAVlpGyHaGRGD5c3ZE07IOl3rKdkCkW2BljG2tkuppaTExhYl+CbQGyhFLGE4eFQXHMuBTI3CwnDWOrSOBK5CnQnTjsssuE04bdATEU3W2oAMicINo4ya7GjVn7DnpcOMDhLOi9Me51pnyggsuuOGGG84++2z1nnPOOXwuuugiDDtcMpRD6gwmumGQFuvy3HPPReO8886Def755+Nz8cUXO/4CJ5CtAkxo43DJoHUSVQg4awtWCuF86623IqBv0IxDhn/JJZeYBV4PhQhHyaYEokaX9dwIBA6ghCgTMTQ0UIE4C3epD6A4K8peshnc573LPZp9HPS14cHU88gC2d9S1NKxCWmLCIcoiliyHIRYRPcVaWV7iEvUG0jSwG397oSWrH0F0CVwtkTG7ZNusPmemv7qaSM9L84/5efnvuM/efHs/I33nPrfXvb96c+vp58f0G02RqxkkVRqrxx8eon2HvIq7QuG4ZHnxRNt/KWwsduuasyoRrMARcEUwuihWYFmcda6BGEalEAIiooST7ehqCj1Ug8EOJAC29iWDAG7SFF2lAV93Yef9/JPvFdn7nrnX/2XQy+xYexPU/a8u88OsdxGbGO2xhqXXVFgcYBcLfUZuN7yyUGrcdAK0tvaJlEpW5d6NyNM92001jfmNOFgvM/Nvhp9GTB8YvoWpIktZ8Su87kAtj/+YMCUulejXqFE66oUpEaJlaLvjPZtC5q4tC5wiBCNIqpTstor0BLIooRi4fhAV6mvFhzCd2tEiRtBqfWNFSjdaye388HiRqDpD5Fdoqkjs/AhyPAnbXKd7yaCY7ZPou5NTVOdj2kM9Yr2ZQncFGIY6oZKcZO0XLXOCByzOPDnQwshBs1y40xkrNVVFzdMqs4+afca5MAflFx9u/ukgzbwiV4hGTdZZEej8HDAsmXB1myeo1iGMoEoE6bB8EHFWVRtBKV1BFWsDEJDTAjAiAmZFmM+uI5HEJF9egw5rDgntQuFkXIAsgAVgBDDOcass4st4nAj8MADD3S+cd4iQJwObWsjNjEfuWWVCTlELa2yZQSrYJgWFabUTkUdmGj4Npwbgw1HFzjrgiho2Le0Rhhm8eyz2pZluBkYRDldmgIViPrF4mBFa1zLABk+ZyH4o+QMKvvhhx8OR11WBT0aMQc4njC7JdqpiKVbeA46wNkB1GFUf8A6Sro87rjjdImGDB/V5UmXIAy5k278nR1dOt1yFtJJV9NqO7EQe+65pxQczOqt7GiIsgpWze5hqw75Hj2i5HXGZR977LHuLpQUCL9ZIy6FzJti2k9AdBsfVSNmhCcH/WHggCdWaERGLvVy0EnOmOiVzrvPPce9n7ywPaOJZ7r7v4ey5SCtcivenpZ03GBKg6bhBGZ3bLcBcPdYb1NbzjOdeOrJu8RvsYAA12dGW924XDDdSz0igbdz5P3EwXc/8P5PCd/ts//gt8/dV1usF61GbWm7QoOJv1i7S8YooeEd0+cCemysMKwhPQT5S1TJBCvSVjeIDwfOyhTL6GluHEnp+CzFrQeNVpRmGuGDD+mJJjsmiLFlNw5/POAqGQE7R5m2Vj+5ee/VL3/9Z/7lhl9s+sBxp333v0+bzXJzsPR2xaGHHmoz2An2syltsVgaqwQCvM4b0Wftgq9jXaKntz3UdAk9b270vLwxNBJnupYSfeOvIbWa1ljVefErzdayzXwMMXz5EZ/LxPaz92w5X6JgabAuw4TT87SO6a0spCUDJSRdFoE0AYLtWE04hauu5VCdQVNwCvRZozoEVOrTDSZucNBuw/BECR84uke00dK082G2pu18znUMgibUSRofmnDj3MYGZWng2GkutY6bXG5GIH3u6xWSPqdoH1LomQKOGN0qSAEWZobsDJ5mVVeX1CiQFsih7YcPn7qBVcS0qM4rs9t/FFggegzICGDFlgIsm+gqu1bALxyOYutVG8yscM76XLEMZYJixDx8NqmBWoQhzG5SgFgZhIYYHIBqREmIkUQsUQIE2ScGMjmXaKiFj3d9zFu8S3AMCwDRt62ynZYKdE5y3iUOPc5YvnkdejiQuOKEnJrdxoi2g03BlAsmz76XQdHCW2zFd1AbqysQb8Rogy7NKpgnKHdRIQpJw1GXNYg/hNYVB1ttfgisvmqNKxkTvfY5z1ALNHWBUpr7AcleEpA5wIyDvuMzdGw5yK5F7nN1OQKqy+HPpXOhcRoOfAxdQpNOOaS7V0W0QfxF6bxwZJwjNZnGB0ncEvtGCg5mocmOhij9gal8gKqTVDpiBTUZJv8rr7xSabTqOpuaNaLqbpsQ8NF8tk5K5FKsRKpj2AxahxVBhi1XZICg0WZwh9sJPjI8pn0ZeFERtud794blsEDdZhalpSHT/p3fTwRa+yEHa9rNYKe1sr0+5UpDbrm7CVtxZABCAAiNsC1iU24NNGjCzfg1b9ni6hM/5GVz3Kf/2aGnTadwLdVhWhO0pcWyfPyRF+jmJB5tSvZS75VMFNsXW089Rp6ICURAaUCUWbGxwodDj0gVVVpVy6UDYpdipFrUNUb4E4Fl72MIvVqk/1Mr5x9ii1IjAmok7Rx7xuLu942f7vFvTt3kp8//3htP/3/2vNigJlhxm9lm4GbH6kZ7OCjZMYEcjSoyVZndOz0oWrXe1jYGejS2vZu1rmbShHPLKpbWGYNGaq+3vigbjOEjwDfB2G9GgPRV6hKOdKMJ0JAc2wAfU1LDhCMQlBTC2VLQZulayo2AgoNSOx8U2yqDQpInBF9swt0INGQg6JnqnKAJ6JH2BhCiV6StWzMjXN8qnMiiIQLTfOoSUZFA4qaGYxWsRTh8cJCx/qCBKpsO2RTkGlKvBhoEAr/9KSlnIXAYaZetV2T40GwhZGxjBapO39rAYbbWOsZoM2gRGyx6dPjs6OEmHBqcmeDEUArjZvNs7eq/MiEwhGtCW4JNamOtg4keNMSiXbGtO10IqgaTGsWY9oD/dSCz7WwgOUgQxUARX4X2GSqOL5x98wqknYd8/BKnIkcoO4aDvUJKjBNyKLa0MoJVT3vUPtPEQpY/yoBjxJQucEYJVGWngStD10xxA+W0gVjPcdqHuRGY6grTZT0FGDeaKA0ZwllgJ12HSDYNp2OfD3lar7Dt7pXXRqwWODTbyknBhwNn4hwgVnOcBV06Q5t16oXsWABK93BzaYtLSgPBQTkGaQhy9Q8SICOcBrX33nuDTdRopJI5C7eU0LAyWPkuxVopPs6gwBWLADSzDqyiGumkAhMTaNZCh4kCK7n7kKcpeSuWf+AMiRTCQWolCNFnS2a/ugc8jvsY8j4mbPf/eIh0Y7TWbVaLBUHGaZ0Wv8FB2hi22XTHz5/btplHiSzEZSMhd5+4c0RBhmn/2BWWj22w8e4uNGhi9ss7fef+D37OyO4f//VT755+9IcMHRM10hrVCH84QPhLGhP7n0yfDPM73psGsR6dpHuYv1rUixVBiYRmPEoaWJmEXZSi0OazFIOgjI+ijEikG/EZL3U0DIKCnGeNVQvDihMrbv9YaBuDffDdm53yuf/dJ8gdx3/0sf9jPz203Jam+4KDWIPC8VcLPoMM/EZUx+BjyuVol7q8rRHzBYOn7WGwN0Rs06QmtLhp/gYLtLV8DPUx7YOAsPu6tQPV3hckDcqlwLFV9KqOYVWWCPQ5CwRD3yJsuWizNGJkWu/5hQGHqA6O5WMbhFY6CFILR4+GDMRNASFifIIaq4ySRmljHQu2zTO1Y/5Nb4EkzkNad25BwSH6bzksARsOB56YoIEMehWLHkoh1wSCVe0CKJa0fEbkyoGzQDiMNLS4meXJjWYLIRDgINNuQUylaow2Z/TQYLS+ANNgaTJ1f+5/JbeZ23jVKIVxBATy1GfE7AqGMiG0GcIHWyFCEIhe/Q8wYrUaDkCBQopaLgEElUKY9pNM/VijXUhqJb+a4hIcwz7Dycbl3BnIYajvXweaToEWyQiH7hMgOLVX6iDSdVkiaN0Ajk38IWCcXRZ7uj6qX0iA+CjACNssYpgzbFYhWDEIo0uYHIBU2qCECdEBl8FKFw3+fbz7qAelQDyVrDqGEVM8AaJUr+opMYgbKNmtpUIAQtAWaKpzEATiVApHFp7coPHXZwKBhF9pHStzBiKcrvM0fGKQG//uFmg60w5wiRK7hvDkoxxGJxJnFOOI0ZaSBigXAw0EMIFAdIlNhw+HQ52hFYIDXaP4AGkFdUafNby3iLeUBzTtnU33cF++G+aH1UoE1l59bhskaJCQux+IW2LcZksx2BSBz58EHgIpXTh8CIPbfQe94IsnTX+Ou8/5v73/6dPfq6UVyldXzdHblqy9ykGU2J6MvXu8j8n8zTCdJIg+VDXBCkkhaCyLHTUanGit/U0adFI5xmWsiiFVRyrQJZ+iZCy7Twc6Gr0Ig5JaRuUw1GgL2Vp2bCtrWekDb9yw0397G+dv/8PTT3vJXXYLNxvAuvMsNuZ8SDynts5iZO73RNK4QrQLDZRsEq95LbI9cPMWN2Kf9NVF2zA0MdtHie4JB1IVvU40nA8o/vOXwyQhmBIoRRnFuhTYViEoxZZdikJ8xPP3VSHW16TBPrmkoA3SsufcQ0+loEKGQ0wB4YwMTzjCO3b3OWuEruRItj1A6SfpmdOagsUzZM6SVktSZ2iSp5B5X6x+0tNatwoECH95GW0MdkuzBCGcw4HQdoXTiiNmNv9iEzZKI3xolJL2AxACk21kdp8OlGK1i1FPWuX6nLiky4JnddWroKQwbnZis/abwpoPqtYpWbhLOihSIaiSoNKNACRlH50vJIMuqexTqXahT1T52itk+NFlrcL2QQdiIQLtD4NswjBlD7lD+LdOEDSrPlpdRGU0aAo5AoSzkJC7wdjttjau1KNs1GmYRthmGd2BAkUBIYj54mY4deHm+GWWLZ3vdNpUVNmikGc7nDnw9ceQDnwCHS593TunOhQad4ADwgbeF73A7hkEaLXwB8gTCO2ox18Uw3lU9v5QvN+O3m+//divmX8HmAMN1ogpl0hCiDlMbmwHSm5Bmc2Z5izWQ4pWmhHEaM2hjecZHz60Lg18DrpEawIos7REipIaoNKIhoO1K/SNzd8gNz7AC2lXEFHGdYbYTsTCdS/1Jvai6qXF7tVinyT2CRl72qLbBjandCpK2y2MtigfwrnAgTCkKRoHOjK0KOGMeX8944GS/x3bPXnrv//6LzZ77EXnvvX3bzkIDc7jBiNsBeKmM3Q3rdnBR71V7ankMUcYxEg3hdnuEf7RCAFyiWIYtx4cc5NWD5EIm+WTBGKENpUmnEtX6kEmGgEKF6ixkqqr6ojqiLa3GWjF7vXlRw465/d8jpz19v/8g2N3jINEUVVOUieHbHwpb8RihZKN4fPF1wy7b0faiPe63dJsEv+KAuKS3Y5qm/kYEkUnIeQwdKtDi9UHOCiR7Ka4MXx8SOqzw2XfxDBp0k5mcKDn7k4nuXorEYMmxvmM/e8zJS0cmlkk5TJIk/jMazj1lrSmdQ84wXCQhMCWuux0PqSet0BtZgvt0mAlo8cfPQYNJ02CqpycQ2vPjC0XWpuNCJyLnoQdAgFCA0nzJwIRA5IMKA7FKhBOOpKKrUvhjxRCIFQmHFLH5OXAmUAQWJ9him3JTEFwObXsmTdaxEhoxvOZM0+VCifCCaNZCPQE4n/ytadJYcODLhghun3Q1rc/bBfapZ2XYbsMNJ7lA4IZiWUUTSEnF39oAsMUmC0X3QaK1VzCJFEyAqcKuQkUgpJwOB34aAdBH90OYQad3sz2Jd4RzZ1DZ3A2xbk/hnQENOgIyJPt9GbcsRVgJzlSIkm7A2nl+N7XAZ5AaAcCwuj4SDuemnKsLIsRmGK5GQHLMCjEYGw5wIx/Z1A6TzYOdFVoAhA02Cix0YNmlnYpBH82oz5ANsJNxmzjZgdsjYVmRdqa2m5kbIby0jWEFmWKJybciCVrM7T7Pcp7r9Ckm7YdTDI4JwKFSyoXwMgwLLoR42ZXrvNmE9v9MHCWaOzlYDqDCCkWH8bPt9nsT0/9k6e2fOQlt/zK4X+4OoambTybkCZtZmU2Eh9ogYxHGyNxWcndFGQmu2IbfilCIwZnghMmLYRBRiCZ63iGFEV3yS5QXgRWbGaZniLzM25Gmj4UJK0ifa7VROdJl5X8gWt3fcFX3uy9e+u/Pef+raa7Uni5BrGMpd5YBqu2hK8ZrDoDsNP1MIcIE4FzC1c9zDDO4FaZjD5fsgvkQAvnQw8JZ0Vr7lgOYvn3UeUrxCUbLJJ0+CWicybCCUAIjAY55JmEAzPbFB0+bbCoWKVHh0nIokaXso2LSpd6orLYbO2rtkdouY1iaTa0AcKYMVYg065a+9WBeZ+ubvNmOReITJSIywSISzqbFFV1yWBFIPAcW8KlztBIGmEQDuzyChFOsAqKhJYbESsqNNp4JQdCcw4qYgRUNZKJ7trPMDgzBocuaVOMkgqfOLXMMhEeYoYfHYQpmpspNRukDWIpnJ0xGsEtkCXXdUtrlpS0EHYjI6NBmvPAmUqcjUaWILIzQCXdCe3jcYegF8lCGMkcsTqv+Jbn40PeSJ/zHap85tN8aFK6cOjBWRTAsnNj0CFDoMPspEiznRvYDDoR6xIgDQ0Czc1IZzvaVDQYhOGypBGoJ2xaIE2Mc0i7rD/Qwmc30iwRaCrdctB67rJiy7LEJxkGcyDWS5Ql687sLUUny3fV2NDTpllb8cLLTjKGDrktUSANZykz5CTNzqirEOHhJ+whl/+rH//sRd/a7IG9/++r/t5m06ZbPZKGTmZST2/jRmawp+98Sau9StO929a9WSNGQkgamVmvboQ0aYqsXBcl5JbM1T+jLcu8pnLGXKAqRi0tPT1kTKX3+Pff2+7OE36x1fc/8pbPb9hsejdAKGkyUqeNZI9BggY+RE9I73vaiHc87TVvq9AGSTuH5F8gbQoUXQiDhuBbgZGIMsI/t7TBQOaWPC1jamCmeQZFmwJIky6lG/hhMmh2I0Qsh8ikDRbick6+Whod09Xl4jLW9ZknGVFpUns5pAsMx9pNiIvdlRsRTmMCId3IUjgLIcWGQzdodqCRmNCNDx+68KVMbNakEZ7FRmNUN8RIUyRYOkrKXAeVGxGYThrkMCT/AkMYZc6Q00ieifAxMsUshLPBZ9wYRlfWM+0hgxMZNbOX4yvXXy4rvzUJZ6lbYGJ2GEsxssJak7miibBZIO3m7jGnLoZDmIOR01vaOaxznpNfxzLaycwprRMbN2dBgQ6CzlXczHaeGye/zltsWWi3Stq4m4c2zsHIkG4t4DRAI9C45WycGDdIUAKIUoNiGYULFDJDTvfnWIukS/6mwAqJkkB8iMHG5xt/ehwMLaRxyIxkclp7KQ78Lo2PwNlr6nyXuVmR5QKts+f1fHrHk0aSHBqkS6EQEj0jxFSY3Vo9R+iEnZhaWbP0Ulw6ZNOm0l848KFHDz37OU9ufcR/POD5G1bv0eGWTJGLwUGAM7uQEbhOxpTXWNpg2ng648lDn7zujdc9+Y+fvOToSzb88+mfOthw9IazDjjrkd965LxDzrvn3fc8sMsDI4QeRsjskcXg0MOZuCQ4E81MJxZinUE4jBD6n57/zuc+stNju1x+wQd+OqYGcjoaRLiR4ZYY4UDW9aGpfIQQ4dPuWcjM6GlZN5LPs0pokZFrmZce0mVkfGfQ2UvnRgibHg50nyaN5DxkxNI5hzm+aUylXZolGUNjnp4nf6lUIGOpByYZCEvkXxZCZxBuRBvTjSzdyNJOQquZo4250euMbA6Ql11aJ8Y5bKxNLUcykjGYHlWkiU2S8ayydKaHTDmeiZyetpz/TY+6te/rZeQUNLsS43l6/HmY0h52PW3J/GR+xvemqdwSsQQODarB8nKje3QCyTbIZmTnsxThBtMuR951MhBoboWQ+AxphA6tEOFLPSM9Q3ImAjMaybmGTH2ZxUvCpbdF2ojXXnbOYmfUScJZap50bnTISz0M4XKFJiTtshGaW7IMoU1Fphd54xzm0KcFGqlX6zqWXkrOhF2X6KTOk3nTPf1YHFNLt3WD4QydsJdZaJeDUoZyRlFpl3P0ithgwrj/NVtc9eYPs489+x9te9ejZvkHm95YoHGb8Z7+Lpzrm4Q9J1k5RKnOt2RjLeilmNr0W5u++sZXb3bmZnvevudzv/LcHR7ZYZM7Njng3gO2OW+b/e7eb4fLd9j+e9sHy3kYpDIHcoPNRiZiMexmJ13O9CfOS8BBaUggL3ly0z3/8PgNv9j02yd/+oJX/mjGnjpGRjqB6+ygloBTprXl+GUSqyEuixK+GlrjzJiLWElTpFlSxgKn9ItNQicG6fwLJ8v+JGM2z9AKhNZIeukcwkB7VsltyBz3DAQCoYXr3TMe3RlDcxhTJV0iJM0uA0lTeSZlH9JIU0OKCmcpBunGZ/gJv/FsMhDSxnt3Ds2/FzB7nRgk3Eix6SErv8XnDmN86Igd3wGT0xrgEAhpU3TOS10gPQz+tFqmt+CW848l59nVx9QoWBOzS8CTz1bzDzz7eek2i1/LNNLPPBl4R10UCardRozEQLot1n4YS/dDToBi080OYqHF0AibD0M4z34iyqZdNhiZoaERCHN9q3uVYOUSFBE1yoSZHoDhJ11C7gez283/4VC/OvTi+Ve0+n2il86/2GWkX2jqN7leufavO4gyyxZIJwBpODxlFysRNyPQTIEd+MZfNv81hDvO/2lQvzxlvMBAAJqSCwGDtCias1naChZonM2HXQjh0yU0UcgMfMg5G+dGZzQ4HIQIp+sVaVnbYDRpfQm75V6nSWtEhLu0OmxLwG4zpM0S9rTeaz8elzTNIT2cQ55yz/KTLTa5+J+c+9SmT7zw0je/755XiyqEpyV22eqTjLSGAGRw4w8TVNusnc+mVcfIhzMt3GV7KW1kCJ+tn9j6pQ+/dMv7tnzZj1622d2bveDJFzz3h8/d6bGdtrp/qx0f3XG7h7bb7ufbYTUEWjSguUSMBjWIkWi0/5fSckQ+/wArjcDJnjLNneEp5JWXPLzXhf9A+Blv/3+//6LVkzEE/mmXAoEvR9LEyExtSg1wCMxY1UYkM4hxmj8RmH/SFOfxtiO9ROfQKbZEUjOqBT18pjrXxDgH4Ga5TVRm5AxSuiFzBatzYWVaBZfZ0HLIOZyp77N0OXQG4VmBdF0KJ0qEQyGqGzhDcsizkLpddfU/WFNBLaVBsyRPwiDCB0IFpl3mLzDAuZqJVSNJyPwZ+U/Qc3jI4eQwc3nGj5fTQ4ynCVjOBdKBzzmfsTH6uupQ1HmD0ThNZuAVZoGBxLzx3EYgEDJHT2JqaAhTGTL5BDYUEH66Nt/sqz/PM2KK54/nP6X40drvzjC+P/8lI/1GD5vxyPzrPI/N0vc15CnT2mKzjRgvLzdoomgIaYPjZ7mPz79p1emQIFBrDLJ5moqM7A+v/XPxLvvxbGTY/A2KJRWvWWkyNWn+5wKlE0KjsdRRCpYmRvppLcB+sPzD+dca+9Wkb3/729+bf0OK8cD8H1Mx7r777u985zv9clb/ydC3Fr9IFX+i6mqXoh8v94Px5S9SCeEfPm3wwQcf7D/Zuv/++0X1u1Eu+xk1SqLKYqpYut/qumf+a/xoDsJps8Y5sE2FgJt62crsx+80fBoxnhxydkmXGnNaiFlaVOvYRrQE7S7ikhhvUYjLdOPWSCCBoOE0wLQpO8FUW2Va5rX/NFbGFksJNG58IoMhmxGmLMiQL5xw789ffNfmD+517P/YFoEcgMAEUqC6jJAMyAZNEWTiLFZd3Z8VqAqJQuOJDK11dJtNr0wZhyYXXYoJd8Fz6s7icEZwqxZM6Hi2ZC2WLDQ0biSS0XNvEg84ejyb4POBP/dy+kNKsfiQSp4Izf3nwxnab16991Z3Hv6Lrb5/5q/eOihxyI02ItYUzQ4EIA2fs0Geo4EE8rQ51m5YEr2kEf4E7NyPFZnhqSI1Dm2EAzc+hUhKIyA1SlVKEOuSA88qLSOQgc8AWNIwSSUrk7YWSoMTCKqRFNjewCrpkjSbzNgT4QKBMFCaap4bVYjlI+OTaEjP8zQHIy23ELGBy1JzjPfYH5+AyxA+gxImg0w6MmEuKcEhQKJBBubQudG9cTApUawa7NvRBz0cJwHcfNY7BtA+5ROXBGCfm0Q4WBq+S7EEVJ7QnDEcIWjnGQhOCMY7YMjC0yA0IhAygRO+KJeRcdhwSeNjJFY0BJqDQRVNv0zFzwU4nOpp7Wuf1UeMTXGTAD9YTkXI2VhIE56grYFBpy45SEWGCcRuo9k1kT8e0HgKQcOxj4YskfMWWAXwKQQaaW1cGmfrC0oaJFDLGNbbODEORFKA++yzz4477njooYeyd9ttt/whEGjh85dOaj5Sj/9KB0M2KLcfnjIO/s6s7qVXvOIVBx98MPLHHHMMz+OPP/61r32tfvZfCqnO5tMfTdtzzz2FyLL33nvjud9++73rXe/af//92TznRr7Q/YkP/F122QUmVtDc/Ji88Y1v3H333V//+tfvu+++mPffIIHVYTQk2nXXXSVVkXpPOukklZ544omSWiYaOP4WtO7BdElM6dJee+0lZI899oi/La4P2CKAP+fOrNygQQ4fGSP4s7WIT0usOV4beq6fHDxu8D/hhBNovVKs3aWxsgAXLkoIfOloJegz3QK11zkQ5C1um5Zn94bS+Bih2xIC2epiE1WL1SLjtJH0cIY59uo9L3/u3cf9DeNtX37PLx67CT0OqErKWRZQtMvpubLJJgYlcmllAWIFin9owruP3B1sI0poCQSKwlMVtO5BBmLQCIb8RfHUf1P1RBTkpEQGGRViUBRnIC51htZqIzDZgfDHXNujZzmUsLzl8eQw30nTcbnGsuGjxCYGJTXImYh67t89dfSH9jr7P1//8EFfu+q6Aw+6fUVPdp46I6TOayBYGg6SVact/G2wukeMoMEYGuEh8ZeaPxoSMUZsBRIVqUuBBs2yl2thEB/jkdQ3BpI0Tw5VqmPE5Zx5lTqRiMw5J5latvZzi7Z0nYdsxKXZSIqNYW0niM29fIYELoS/WAhwAOJTyWa5iYXQy57AFGiwFEQ4t5wFgmqTKBCm1W82ZwiDkktTaicCy0ukFts61jQ4jEFMVDXCwSeDbpBeytzFqVJZcGPQxCUc0sK5F1D1NKb7GPV4kQ5yhZOJ95wISJjCXZLcPDChGezr1lepBy8NsG9T47QpnlLUlpYpnMiEgwzDBy5/H826KgRz+EbYOQA3MjWl04mJSKhQ4xi6YKvVO+gu+152BuLv0AbaQc1+wk+sS4P8HZg8tX22cwYbyynZvAYupa93VsvhzBPhrrvu8mi+/fbbDznkkDvvvNP7BrLFc4CD39eisqNOu0SbLYtLbs5kQPgwpptjs830Trqbb77Zhrj++uu9n66++mpvOMjeEDCFk2mJ5seNYh0BvTlUgcxtt03/mp5wL0g2Gs6mPMHqphaZ1ZNbbrnFs/Kaa67x6rr44ovp888/3+wll1zi1agVApWsD74JlHbQQQddcMEFb33rWz/xiU9w++QnP6l1Z5555pFHHnnjjTd6j6pLFWp3hIVN1vSgAAD/9ElEQVR2xRVXaOk555zj/fe1r33Na/jrX/+6bXTZZZchpnAbXZma6R156623HnbYYWeffbZF5PyqV73q3HPP9US76KKLcEAVPk/hFkusZbr88svf8IY3fOELX9ClL3/5y574Z511lvWSVxOstZsKH6zEYij2wgsv9KpGSUvPO+88gd/4xjcU6ASPpE5qi0Fnegh6jh4aGstNr6677jrrbhVksaO0Hdu2iqXsRkrrtkF2K2UkT4KSheg+UVGbrbulEx6o7Hl5p1VTcrfWQ/Pf8dJPAoyDNVgKxLD9xgeu2PCcn7/owrcd9r2tL3M9txdIJ1EgNrzVtw1aLCUY9HiFDCo0y9q21zG7EXOeOmMwSkAQgANcr2jdBmjdfawY4YkebQkYHCArjRhMNEcilVYyfOm42VoV238G5i4LmV3JxD2Inruy/WybKZ8mBuGYBY5q/hBUYVAf+EdJ0lacmCIv+s5P9zr3A7ec9KdnvfW0V//Htz/nJ9Pff6tYCJ4bNGK0wiu/ZlodhtScAdquA5BEhtZDDuglSjBinD+qBRrUmQJzqyicE8thUJQU/DlbLwY+2oikuuhRuxAdZremYvUhkOw4SGcWJjciBB9FwaxktkQuB1QVQagomj21cpZKyFaUEIF8Wm6A8I1gDodUnfvdhuHsGQJTrMFW1kYVXpbYgooSB57x4SbEitC9QY1UqShM6jZndgj2FUPfUGrzmwIoVjo4ENgyBs6mmxraoBRlEVtdUwvW/iymjwNPEsY4lXrUSIqtjLphkK0czJUsqg4Tl9ViljObAdlDzxvHa8iJBZqHmIeqRxzbIFt/5MVH1OBfS/kY4SapJzAofcBNiIw4IA8BT8TMupzegq4rAxZ++iJA1wQT9bDFqx8PkR7lcnieIoqxNeaPEBJmDXr0TAeo+VBYVWI1UUdoXcCSYOyF5HDGExqiTn6YOKUp2/vAUx4ZrKylFKqqm7IUyxZlULMEepUKlFRGYkQXJPJuUIgzlmOfM5b3rinhPEEBUZ0sWoO8552XJZwjjjgCgaOPPhpDtiOgRiscGV1iAyeYwHcG5fDud78buAK9DpEB5TaWgn+rJVbfvV8hcxACUD/hcPaKtUhCVA3fPtYZ45rj8sADD3z/+9/vowQOz06W6lIF/pZJrIeXEIAcrJqQ97znPV7zQlShdu2yUhiqV6zsCPO3iNw0+dBDDzWrIjjwew5aPnc4H22RV6yVgqxR73znOwXaeUAsma5aYvXqKjTFIm91kBRiRIhtgAlMzogpVoh9yAeOKiSim822xM1aI8juajZufLSOjy5xUF1ufBgCFYstkUKsemnOFkUgWCHsNgNR7Nf3/9GPX33lc378omM/tt3PX7X6XoSJjIZwFs6fhsZfsfD5KNYgMpyNGDeIABnPR9tA4dbL/qwoIGFGSTgNSv9pbkJqJgchaAQOh9gYfDgY5wDQFHxlKq1i6ZbY8uFWxjxV11PSZqDxpOOJPHy51Fhq420GGXGDY9BU7eUPTaCN957LX/kfDtjtZy+986yTH37n2dM/VSuvjKLolqnOa6kpGklMIs+wCSWCGY3qZUtUS4lEdPsHJYIJLXb456N71dhqwjceZ/4yYqiTODA8Dxmotn+MK1OHGSELD1NDgnKpcODlnblMi4KPtjMUqGS2ZXJpFpTstYvUdppdRckoEHIhaCDWcsOPVdk9OtToIWBpfCFhYtaa8jRVB+LM2azCTYECWGkVwo347KB7jwJBzBQCPPG3EwgbgoqUxug2IRUohVgZ4UBgyGvKpfEayIZMR0yKsiBD8G8dzXLrC+b+++9nODOo0Tel1N44MefG32wZA6yTxCxpqi9Iti9I/B2o3HcORZ6ZDm8+KH2numvgq4uP5YOgjaqLORAt7UOcG0BHLLctjQNklYryvaW9PvE9zy3N1ED/EyCBh7Jg1I1YS8Kofd0GpmLjwISNsx0Sjlb2qCJ1xNZ0RuR5ww03eM7ee++9xmXCDEsOhGEtNcKSmDXlKCmRA5MHmTOc1x4bS6dGs86+bk7EFOk2QF1VWmwr1HoHJpXcdNNNtvW1117Lkw/aVku1XrQGMf/qV79qbb74xS8Kd7bDWZQQCJjgLJc11noL4JBnyuHMu8ep0Q5GCYjjssJ1WU/0RyJvoKuuuspO+vznP29tPvKRj5hyhH3LW97iOGv90FOXehHz+NOuww8/XJnvete7/vzP//z3f//3/+f//J/ve9/7vvSlLx133HGOgPB1WMOtll3l5X3ppZeefPLJp512moX84z/+Y7n++q//+pRTTnF49RrTZBvdQuizR6pmHnXUUc7N3oh/8id/AufP/uzP3vve955xxhm+HpxTrYuSNVyUWK9AfYYG83d+53c+9KEP/dZv/danPvWpN73pTfJ6ieKgLqltKbFW9thjj/3KV74iI2QkP/axj1lTXfIlYbF8TGimWd12bsO/k/RnPvOZ3/iN3xDya7/2a9bi+OOPV6zuWaOeQVhZ9A5PBm1uC6Rp2faMAnXeFrKbiSw2gC2hCj5tNmxzE8KgDfIkEOxPnvAd+Mb+6W5pMwj56babX/e2z+rPoV/69W1/Ou0Nu8IlYsioSIhAu0iubm9Ntt9sBoUYdB/JJaMmcFAaEKXZkGxoPRqiJGObOUq0Qfj2PChbTi1WXJ8xtA+lU7u9ahArMj1FFn/vUvcvWLmU5jni1oY5/s5RuvtfOncBPjxt5h6dvXVItPEPnz9w3asbQFQNx6Cp7h3jBkWJfd5Tmxz5sTd+41/ceeeJn7zjG7+1xyObcLZYikIGJYEdvrVUx1BVIyhMNKrW6arHemTaJHw42LrYokpro9Tc+IvSFhqNBkFVkXtQlEGYoDhUL5+c9c26KARgzdQfaGpnyxsyQAXqG8w+Gvpcs7XyQQPDtg1AIhyIqt0mkOd2rv6UjY/sfMBWLFGmqSGgYigESbEcbEVo2kVHDB+xKLnvPENsZpjoCYesCcrngyd6jBgKRM89pWr8G+Rfu/oEBGVKydpFZOeDmLwCaRz0DRmsFAgKT8hVh4NwOD0G+bMFGpQCII0ShvIaVMVoYCWHY4pDZDqheTjTFctHafBlB6hLAPtsAiic8IEAHCWzLrUIAYAqlYj2xIPWWci2hO+hCgcyHNr68hcllgGNJ2PnnXdWIEr8NcejHhNJeUoKhwNijGlN/c+1k4cYvPUUribirYntmLaFRuDBzUnUs9VD1isNIU3kjzR047JaBoA511NTkJFg85fbiNb3Ga5U4Vrp6U+fdNJJXgY67gXcLml7aZZEMhblHQAcB2j8ZbTSavFAbO/ir48QzArn6YUBUwp7CEK7ECwy+gBZ+zrRCvGucgp0uDz44IM5KEd1ojwpJNIND2K5JBLytre9Tcjv/u7vaotlcND08kMs2grXQ4W4xNnpUGBnaOsEFjcjGisRWN0A652kmcLRQO+AAw744Ac/CB+CjjmSwrfLhbRkFrifTNqIyBhxBv3/mPvvYF2z677vvDnfzjmg0TmjA7obaCIRJEAABEGRFG1rpLJdklwlS+WqsWssj8plT3KNg8YjlZJNjUYSJRJDDiUxmBQDciIaaKADOt/O6Jxv39s3x/k8z/ec3W+f24Dp/2axsbievdf6rd9ae+/nfZ5zzj3Hp6+XY+FI2k/EbrDhOLuttPTQcOP2l//yX/ZMYNYIcM5ur5io1xJoWqk1FpplQtsDAdp8FCKvqJoD3wq6xMFKaaxHELcexBRoFbQRIB/p4qMQ+DzHPtZtbaHhdP6tl7qIQTSMg7JwLY3aBbZniHWkwdLhm6Lh6KrCYQqXjjaIzL/51EtHt7+89YkP/LnHz3n42PR0aFD3IIu1XjhXps4LtNPM0pZsMJRCB5B0dny64OmTFYIeosQ/TJQQy1+sS9qeVI5BWje44WDQYnHrGBrRZOBEXj7GCQfl108FtskdAThWymFUskGbSiICqgPOwFNFFsVI902DRGrEkCG2mUoDV6nPYINw5OWPkkBoYV782L4dd33ulff//jd//ukb/+g2bqL0LQ3WyrbWFWsEAeCyuDNA6D5Og+2zwaWuRtW4wk0Z0UY9cUnQQEaH67+KONvGyrfxUFUOBJdVylMIhIplYMgHN85Obq0ARWxgHDy7gPI8rQMeHXTYQwMflGg8F5EdDUVBtkDZBrGF5m7A5owhZEtMu5TCLA2k/WMKMYCaA8EqECTpisUHiHcsTDx5c8NNjTIK5+NxR9v7/kKPszBRrWMQ5IIgr0uPfdbLa59b0BNPPAHcQ61OMipNIEzNEY5PlBSofHaz0Djb+Zrv0UoK4LSqkbQPkVEdYmn4PcbJojSxoVlHAgTzOu89xz3Z25Qz1Te8EAZYV5Xm0s7v4VI6fIhZmC4NAukJ0hLrhiq8AzgmkN3Z2N4WvFva5FYZDfTsCp0RKwpJUG2GniB1STrvJNy8WaldIs13qQMYwrFPtFGu6UMXRTFuW1CcAeRQkUmD9FEOMXKoh5vie2HyBmNkx44dqpVVVQ6Pprir3n333eiyARLpLXC9YyAXIVMCoYn1Kobf7/3e7wn0JiS7F02d9fKEkux87KGa2wqF7xEeoHdQW0rLNEWRNijmqLpLWhs1elW1Qt/85jd9Zuim8RqHD0/bCDcbRTpV903Zf/2v/7Wd95u/+Zt67d3uQx/6UG+iYNHTIlvHpvz+97/P2Ts053/8j/+xXEK86X7rW9/yYYkk2lpqedxltKvvuf7iL/7ir/7qr/6Nv/E3hPh0D18VGmtD6Lkzb6di643TpTdFe8LLsdTeRD/zmc94Q9VqS257YagQn1LOm0/l3nQ///nPCxHobBjhoNVWWYuQNCUWApxPf/rTMB0br63WxVu1j9LxpouJDaDVPpkwlEsz5frSl77k8cVbOwIWSz+thRu6ZsLXDfztXf35+Mc/jobA3/7t34YPmX7qqacQs/XdjxTVEe0WaZDuNGoybU3dl2nLpJP2D2kzqELH2OqyEwQSO5PYM7QsGogVWwqGFRynRaBLtt37+O5Xnrjtd5H/8G/dwlNUsUZCdlPLufuXKQh8bAbjEDBvq0ttVyjToAKR10Y7nKcNZqfBVAIymHQu2EowWBM0vDNi80DjYEoJLmW0It3EtQ5UlcIx5RKO25a21BO6w+LMG7QutoEs9oBwgqEoDI10KzeIJ9EHecUaB6VkqZVpNS2NcR2Ql78pgSipMWKf+6Nr/tkNX3z15j/e8bVrjy281tMKTONDA7GUStA0OBCIpvV5LDVipmwqJN0QXOobW9MwZEitdklbDkbdBmt/uqv0hGSkAiEYZ4PlrKsq0kZLA7N+qsK4zihZizgDAevUYzXetLpB0aB4SqEh/GujEQKwFGyDkM0CNKJezsikgZDaaIl1gJsCjfBEz6JgiF77wbiSlYmYhyp3OYcOKwWKMhU3IbqnDwbdkWBKJ1Z1pLUzIqlAp1tpHtT4u1Xyt2GMF4hee0+UctonmBD0VBQliTjDkdetDzEd4OlSVIOqW9RVIREasgxibP6m3B5x8BzvA+z66693t1EdbnyEA1emcAa3FgtVDSegps5umn52ko9LUxgKhIA57X6ISa8cVpk2SAMUSKuLPwSXwGn+LhFD3v2QoTr0OhRaSvg4KfaMcUVNJ9ZQPQWHPTbaZ5e0qC2zca3MzbOADnpxse0gagdPbgqAK6sEPIk91DbiBoEw+LRBFYOE/gJ08KzxT//0Tyv1ox/9qDdF3bTe3MB2xwFFt1psHUe4Fx3+NoqQVkUiDXXIDWoTZGz5a4rUDP2SlxvwuIGCIx0CeoLSz//8z/P3VuoVUx+BiJXX3UpDNFSX4Tv8tPdaG91HqWXzgddf3zOOA2QtteEkcnOxj71TKk3t3KSWBRmFALR+bt+aib9cTpGSTfXn5X/u534OvqVRjvZaBWTEIqx2iZAUghu3n/qpn3Lps7zyaVVoHU+GDrCR1B8EPvGJTyjcpy/bZ6RzizN8lKA5SJjzt5MUxcfa8aElwgS+cAWqTqUw4XPjbEQz8URAl9SiEK22kTRfw+Hz7xhDUI4lNiUdEClo/rpBq5GPnghHaWwGWYyPmwJA/EkGLQvpBALhE75AICoFfvdPPnN8865TH/7E9W9s3nLq9KMWbX7lm4VsyeQVKKTNoPOaaRFBIQCZmxSS2tKOj8LtXp9SdgLC3ea6Bc+MlihBQJLmgBtDHxjQEKBzE4uMVTBIH9g4fTkUFA4yihXIQFs4SqOZCsStXmkpm/Acny649eFnexiBaZZEQxThHD4yNgapapemJLUuYkMg5+4+ds53f/bFD/32l37q4c/tOAsNIAD1kM5Gg7btK1B1cCCAchC0zqcymwFQD9luL6hqLGflG8EKAT1pveqJcR3ixhmUvSGwlirTpZPLUwhnHVAXnNYCmfiYkgUmEP7eijDxCoiVR0zb3nOYLeQB0RKYsogaAr9nqdoifO7l9PVSgJKqBT1JjTAqRwiGXXKAxpaIAXDUaA8gJlEMoRmPGDLuyd605LLlLD0HsJJiaN09b/XoY1BGDCUSzjBiyqUUnkTFKhNaL1qQcetpmPDHrXYBj5UOVCAoOHXek5mbgCdUDoGLXXzTRWloT3W0dLYEEOCaz7AfOkFoaIj3KK8uvUIoVitU54QClwIxaPj3hCedJTBOm3KJlSwAEbYZGBai91ram5JXIyvbi6hWIIOwLQofB87tQyC0KVn6JpdANOho4G97oyEEjpttfZiOMYpeft0NrZwYRUqAkIIJrqRG93LA2YecajXdzhOChJVzAj1QC7FabqwSiEIIA12zOSpY1wDiYVVEeTlzEr773e/6LPQm6gZ9xx13wLznnntw6023VYSAoduH8sBWLfJ2g9cmJckrhE+3rT69HnzwQQugm56MMJfd0gJs66PUPcKlWI22lZER4h0OJa/dFuYrX/kKt17xZddN+Ajgj6F7sfd+PfmDP/gD9LyvA1SF9bNLHG8b0RpYVAw9pnmT9vH5G7/xG3/1r/5VL68+12Xxhto2wtCZcXQ1UJf02aCXeB9vXjF9piKGqoyeyKylddVzrUBDmbYjtu5ofdPXi6bOaDI3u0EVFsvicrBTEeOAIbb46z985dsA+s+ZDyb8LRZn6+sI6bbe6hWqNoAs8gpRne1RJ91Y9cfn7t13360b3/jGNzRTLhtDT1TUltV/Z4a/ThIZjchlqjchq9meQdtC2/d8zAoxqGraakJrd8ll0c2C1UbM08RggqFcAkEpRKwtsf7805/+8O+bveFLVxnRefYAGZRkRAkZ4U6jjHxihQAmtEZZEbNA+liynxmWgG0KcvhssQlbIGM6b/NPCRFUjXRr44AMsb1pO5B05626YtmaQBCmMQRSsfUqTbBCA387XCDCDICgiEKEVxcQoglymXIEuMExCIdbjcIHIByzFfgTX73w39y+7uUb//CHp/77Fy1/xasQRmUqjaANRCAxXtNsKhor20nVTqVx21UzabNw+DNiXs/5NOgyZ/cQRtyIWYBEFFjjshMdJtNiLH/PtZNOrB1AONCcEUxonxyOA4b2Aw0WCHyl4UAEGlSXcYASAeRgfCayWbpCgGNCz9mmDzOXowo8i+UPR7swTMcfE57uABj2QB+a1NZIpbVOFcZDI1IDCZOnESVLx59nD2c0nFahwMoh9cpiAelMWQ4jpgBiy1lSgJrmhhNh4DYVKLCj5DRnJVc+JtXIIJVpEfm4oSnHPcRlj8vygo2GXCHLKwQIwS2jhhs3KxcaRsTCgekWLbxmgpXLJZ+qEA4/bkD0gWEWjur49ATv0Vas08fToNSVDwHstK/8Tw6LZFSLFQxirGsUQVcAOGGqBdrSer+x+TwQ+bD0KuPSYC9tlh8hInctgwxHFuFm3YWxFGvj+vwA7nOFvvbaa4EApPWXj4Xv2BDhtGJqikRK4slATDhYAhMN41gZhCOKwVmL44MYSmwklU+46T4awn160R/4wAcMsvH0+EP7IIFpED5uRKDUYJWPRq/dQLTIBxLDG+3NN9/M8MmqUq+tcD72sY9pXf+018cztFpB8FQvDU0tmOuGESAuaci0RAK9cRJNk532WIChWD4Ce/Vva9I6qSdSsOVlA2ELNIWnEWh0S6kuBaJB7CdaAzGxDUSxQXUADLI5GycMqWlZTGkXN+QtH8M2GEvQEbXHbGLbz6DlaB/z4d+esdbSycs21ToaZPM3LpYhvJtCt5LE5aJIyicCZaT/6Cee85q79YkPXLtj6V/9u3U6Y8RtBZ+OEE+5xLJpYoQw4KSlkNSpc97c8hg+rnzSZIN1j4C5yC22dDKmOtj0sU3H9m/df/jkw7s37D6w7cCBNQcOrj34xpo39m7e++a6N00dWndISM4ViAkjSpoW86jmUI3Tx+/8lkP3JET6LIwJTP5Vp8MKh9MKaksM6xI0gRXIEH7+q8fPuOtTq9YcufuXX4YgexpgsUMkcsMRBQoTHDxjMXrc0TqYfWaz3bXTeZZ3XrSJMzsyQnJTVw9tBKBL42Ll4iwvAqNM9HAjbGIct7KIheZBHxrt0nMYtB7dXBpHEjh/nsAJVt1Ls7EiUgMkISOTbpyn8PgPKEWFE9s0H5h1CRkFejVieGT3dOjxiOBmfDQTSVkYMAEKh8w2KBGpEOE9YgpUoHFkZu7T7q3V7VLSjsKH3VSeEATScSAM4A2qNExa9sXygQQuF+FvCg0+fYPZ+wA0T/Ye/tQYuHGwpKZBjiRuoNgEWpWiQYTTvWT3iF+x0OQyxWYAJAJrWjgMU0bEchPOaBXA0i5RgglHOGLITPvJNOpGTYs0t7gYeLsEzQDKIX4WVakqZ3jfstJ2oUuMoZVM+7CsSCAQjEgcJzgQvPdg6R2U7bWJ9golkXEaeOzrZi1gwJGCNo6wqKrlLCpBI4YG4Yitm8IxUZ0acUMMPQVqTUVFwCsyQG+f6vKmqED0aMRgAucMkCdkIwgIrAohXv68F9LeL2k4DK99Xge/973vmfJCCc0rLG1KCGQ9kRSIkoFXFHz7zAg3l959pQvfe7bWyQuWD41VzQQrvFsDkrRBraBLYYruCyP9XLpwNlhaCpqncbGkHaJRmOh5zeRjXDcMcq4h4SPAgGakc4Kb5rdwbYk2rk1IEyPWxSyj0yhdq2OwzUm7TDfYvmqDhUacf9KNgEw3hmXp7HFue9O71x554vbpu7m3/uGtcYDjPtKthORWLhxoGWnOSQ60WOCg3LWF+3Dq047hE8sHFemzZ7CKLWNxJIkqMgduOnD/J+8/9p8e+95Hvrfhb234wu1fePavPPvVm76696/t/eat33z233n22QuezX/q4yxVgRsDZ/RGl4wQ6ZCMUjwZgxiHQBKBFgIO0QdQLgdUXRJL93GldnwgfOjfvnfVsXWv3/KFZzZN/miQid/yMz03WqAQHEiN8qDAoNkaCLbHHbrP/qF7ApCUD5xs46ByBuIpzfOZBzWaGB+PTUKmXs9SA6emL3+imCVAeMKRy0Ok2B49PUHSAfZQSEIWEqV2ka4u9odGb2j+aVOkpeHcOJ+JxPIrZgzTuUnNJzKenpXJrmojOJPwkQk/KGsXVMWaJdxqHa0WgdUyAkejiNUE0nEmXQ5AIQBLDQSNwA2awjxMl0MTsSGToHgaj4a3CIYaaQXSSA5kuUo6lTd/ZkNAb6BhbhwgT/6jWEbFMpqFQ4MiRkiYQIZgZSS31j2owYfAiRKtlqk8vBXACfs8Qp/Ln25bxLgYq8joDcObk61Ga4EXIFuQTfgY4SB3vAUO6gyJTJWUs0A4NoqR3kS9Ho1xW8cI/9qKoUpoODWIRok/AyBnUUnbDiWDbFFRgoPJqI6NZG3CXAgawr290b0pjjc5Gj31GhzcajRkl2xRyARFk9Efr4AuvUGiGn62Wc4BhgmBRsk4DcEIZ5dAhKABSt/mrk+/Tlk4XVLFMnQmSkFBCNaU8dIJoes/TDoyMNkMIdAIBKJMto7BgR+yQgyyh5ukAtO5pYUbnPfCtI/TY5u193gaLwvdkhkUmIRPGuRWCGM+FEs3hYR9ovCRKGfy2Ec2ec3d+PSNVz00PYT5bBiaOKuFSIFqJGmXizIVsPywz1+Uu08g49NuPvjTOIlb2qUDnOYwH+e3b6wcNn978y2/fcva/3rtT37hJw/954dePfPV189+/XN3fO6Uv33KZ775mUv/6aWXPHXJYrE4xAQlWn8YOBsk+UgXK+KjtM/ULid+y7fjdIBAFitdhOIDjVHHGMZFedk99cGPe9n9yvXPiC3KOOEwOAsvlvRx7qOdMR50jPegkyY5k9KBSoxA42A8qB4RelxIXJJihUSpolrfynQZvdIJZPTUmPZoSEMuRVJq/lgxkFmU2NKLkvMIQYnmDKrxYiNT9+Js1nj98USLocffHm1pgqHBHl7jzxl4yIWTbCCkWoTwSYdfCGf0Bo26dOL+D1aIQGh1iQQ+Sq7MYCucMVe5hB8UHLOR8RqgEAXSqoPJABsyBwKcP9gQEBtopahYnoUASS8SW9SD5NgthOGScCADBOZgQpolkBGYthSuLUbToANKpCHxCLT1s5zV7JLOMMInND6DZQZhSNEsT6lFpUOmQZltvIwEgSTqcIY2UoX800krAadcU/DCMtf9UaBBUojS+Hszo+1ggxYYjlc6mhgnPGdqU9NoyEakMOUyKJoUxahpcPj0vijLGFG4EIJwAsclLdDlYshi/xnpEBgFIiYqemn06JBBMXKu52UBFQibCBGbJnrFpk25zCGSQwzSDcqSzc346L/OW4KkHcxocF6WpZsO//SPkRyKmvGWAIcsjmSnnZnOzwsffcrIhd+9vhuHO8iQbsGFhF+ixOWQpaF5kL9Y4H02e24YmpQlzJyzM6JEftQUhClsvpWEY7yRQSA9pIYvDhYlPIZDhzkAuaULJ0ENQFNECA0hTJoYEcvnhnuuYzx5/TcmxHfWkmcyZ54EDlls2qIeVJMVXYXDpk25NJsP7cljyBS5/Ng0J1+SQQzPCiTskOEwPPOJ7XGQhtZDIelBkHCIWCEuaZfZjKGHLLrJxaAX7Vglg5hBUmB5F7MXnhSYfzYE65gsAuYPkL2IMAJJ/ovSYLNTjlmAJHDSCbS0wdyGzQgkWMIueyEKZKgxLSpxSedJAuk2kl5RJikpXWz4Q7jReRZFGN1zZqR31Fv4RGWWGWOSZrM5T/9riMzhkwysFbLkN3uGFRBpnAybUchi4KLMcZNk0xGlF2d/VHjCIZ0Me3FqhV40CPtEMR6N0btFz2Fn0IsyxocMkFHgj9EnCjRTi3ppYpbF2EVNFsksag4ZybDfFYSM2IS9uAGGXhQOQ1zmsJh34C+ma9d2ADpOiyOETQbgkMXLFVM/Sobby5uP7r3yu6uPbLrm60vPrStkqYxlGbGLiRrPgZwYmJuQUcgoZ8ljWYolS9cL8q6DYBfHXQ6dMUaGIWmXZPaaZM45yeINZVEvSoGL4SS3EU5c8vnA41vWvnX2oTMfe/7q6d8mjShG9ooR0mUIP0aWvGdZvByzw0i6HAJ/cXDRJ2MFgamkEx47iKkRm7Eoc+iSLF6usBcvSZfvOpiRPUbIIDY/i05Pt0n24jh7jNCLks/SxfLjLGMudKp0GCtkjOc8dBLskEWHE0PohJ0IoXvcp12mf1QVpCyL2uAEOsuiTVZcJnNZb8vw6XKFPUaGLGIuuk0HvseicS9IWlSS3dS7ajfEEJIujedABkgGGSG0Z0NGD4+0KdpIXzbMx2DCLmMgdIkaz3P4j8vhQOb8K29zJHr8+VTFic+zNFZDBreQq45mM5rikwjPME43ldtEaLk/i2SSMUuHXMbwh84gE5UTOj90s6SotEtkhh5QSc40gYBeaF2mV7gluSXVRYY9dmTG4obOyHOOXhKASeBDN5XPCAc4MEmXSSM501+6/NlVa46c/OiHTt4zfRE1aYomOZOylLHsQxYpzb6TCCyjM0/G7S+DNJubRNknShyGCJx5TV/UDWRpYpZxuURiFms66C2icQ6BdjnQwh/GEso7ZVSaTzJCCIdkw6o1Z971ISNP/dT0K1RrIGNoUkhM6s/iXRXsiVJIRiCkwSQ3AmcItCSfomxdTNrAvSk2YmogCBnhDZLCkwCHNAKEjO1hsBGSG1nCWmgd6bJcK5I2m9H46Bjj0PxlrboX4YyE8wqo0IYxZNGZzRgyz799KEgd6wYymtlUbuFnNFg3FnsyutQlyeaQiP1RZDJoPmOQFD704EByyHlqzSwNkgE4ZAwWnkyuyyKcw6LOMJVNhEwkDix/dbfVIubyG0At5775h+j6gqSQg/OXIslby7J7+We9+gKj2JGSlsslHLN9NZVzX7ntq7ivz3/aj22kcT5GMAyQRiBkNii2kb5Syp9Bg8qoNDrOfGZGE6VpDWdhE4PQQujrt6+88kpaUTQ+/TgSerRL9cYNgUGGNsiI+WhL/gKNV+wbb7wh1kgkITAEJpUZcgW6hMOnJtOg0gS4QQYHBueKZQxiYZaIVKxAdshIGmHToGhiXIhA4UBgMiyoQZdmo+dS3kKIcVpUDoWIpW194nw6qLR7XDLudMS68Fzc04UTSYd0aSrhLxCIsxrgkJHOLGMcZiEPX/c1+n13T3/riZFMO2NBmpKCUcbIDJnpvH2ny1+gdMQjGj4e4xj0MCp/Jvj2h+K46ZQ6MUhA0UJmjtPParFLkUOyIpxnzGOVT0lDoAkQI4UXRYqamrtQcjYdIOcIDBoRWIy9+uvTr3p/7YPfPDjf35paFCBC4lC7+pkAT7pGKjONaszZSRlDoF0OSkI4j4ZDm7o/fzU4hEIqx/JZRDvWviVs43Mbpn8AQwZaJAcNBs0m7C7pqRczmWTQY5BmyXAe2uzQY9ZlOFFKzJpCSep+wGL7/LNFpBoXKZEp8cLnvarrf5emIsCzAulsGtQEsbzKkSm81o39P6/5hJxPSYVkSGSKQ8aQoqaDNAu0YA3mIBYaGqAiSbOjZHawInNBS/8mPh0UMc6BM1ksVseM0EZa63o4OklGroxGFvvfj7YQNlhGmoMRqaf6T17+g+dWyzQJLl1VBhk8Gacu/LK6M5b/HDo5a/7Fgf04j8Rk4rjw7EOARAuUQM7nzv+a5cILL2RfPP8DOPZp879y6UeQeEokBO/xszlgKyPNgSGWQZ8yi3Cx/WyRQQ5AEIiSwq0izSYGdRYTIefNv3T0kksuoS+dfycG+5z53x3RZmnFhlzTUBIeGSNqFMvAASbPfuJJoHGlCeynonSM26BHE+HQWrNKxsolHJflxUoUe6RQMgMIgzPPul1pNJzG+eQmtUAaPSORgRxzmvCPCQQCE5oFxZMtyhQ3l/QMPIkolwLpOsOZp8A636Fya+shgO6AdWI7YNMGnUUUiQAQApMemMbzcZY6V900YQabsE2VomP5+iXbDpz7wPTnDZ6Y/i5F3AgH/jwXne2TyDBKN++dSTAh0XAZDTjz3Xt6AuuRyINOukcTUz27DGJll2tRjMSkWkA1rm89YJGpvIXuDRBMCG7xZPPhKS/BAQJhuBxPSAMnhHkR3v6QGGLQLJ9C0sDFkkJq1CXPHtv04nXHtrx+xznT7/AagaWg+QuPg/6g5BGQ9lBo0IhZl/motz2TXV4INKjseiKEz+h/0mBREcAQJXoua4leDIMtERo0SrSOwRfObfgnokjIodmujPBzqOSoJvmTFitKxvmQZsUaTMKpzB6dxzN9ZRoxS1RasaREZCK6/GiyglUhusSo54qlNUEuEogQNLAF4rw7iQ6+I8DunI56B3hSYCVkVGxQepWM206znEvdZhjHZ6pw+ZWArkZSu4CAdf+BExRKpjjkD4HApBeLDZ/OYaSAr4RRThlrdW8+NDTCFk6bpUMTON1lLNLLL7/MtRcdHvFOBxqbfmzMCx9nL38CX3rpJbHPzfLC/E+GXnvttf7JkBcmXAsngyIEs6AEgnp6/rvujz32GMCHH37YSLZxDjC9/kokRFIinEbSroKfzYcRJQg4EOHGX3zxRXvRIH8gcwOnV8B5raeFrFIgpJAn5z+i8MADD7j8wQ9+oKj7778fnwcffPCpp556/PHH2c8888zgpr+9KeIA3IhcyKixf1mkOfkLhxn+E8u/6oUbZwgCIZAWDAhtvJ677B8mQRPYP8iBWQoGH/Yotv4zaAjogXUJQSJuMYRGo2FEXY3UN26MOi/Q3iBWMG0Qsiiw3KSjhUDIoPm4LC9notX2vWPgZBIfyR4gPFL0se2EdDYcDLuls8Gw14ldC0H2ymG0j5FhtMcsqOMKwfmHJkWwtAPs0my3g1b/6Vumn0w++fsfXDV/bEnnkpiabkXzHZMYJxxkkUvGymEnaLhErEFugZSu5xvac5KnGaJkNpIMDj2UcC6pwPIyss0ShfCBE8nCDXZvSrh1ZyEDBJ9Kc8kZyNz+6bclENxGu0xBiAP/ChdOVD2kVoRJamkahwhYDj5TW+e723sf/gDPuy7cUSzhED6RTt5a0X7wIMjoQZOBGKocVqxs5VR1zNOmMBHCU6sh1HmigUCMR1VP0MPHprJ2tivDOlZmm6pEdRtCtrwEApExgwQ7wIUDIfVqWpLl50hUCYNzNpxCMuCbKouRFmWguWzn1KXeeTzNY+j5u9rrEh1OKQaUAut/xIxLJEqILomiFUsb0TQILoEMPi1lTXPMNdAp0DpGsHxIyLQsyJsSNXRbop47SqCAwOykG+QjKgQ01IIkMq0LGQ1ckQUIJt2sgpILKz6cIdQfqwmwYvWt8huRbpyROsNHbFogQ8PNnrv898c036tLb0QMIONNZuqz/1mqi+ZfpthLj2BYo0eKYVQnT8b58x9MGL/6oN/qMH45hllvhKVUD0LCAySKlMJUSTn3+xxuuukmL7j9Nb2bb77ZyNXzn/aD7+0QGnrdsISPdgBXsyzQXNptPOkEvvohOL0XzH/UDAhnglKr2FZzCZDIKOT6669H7IPzH+Dr1yjefvvtV1111W233XbNNdeYZStZmfLWTdxaOVp1DAjyQiA8gShKlzBRGnrXXXed8CuvvJKbS6UVSFoFhBk409CMw+FWRV6+RRkBq1Likl0HOKOkP4v3Kdpl+0AuTOAgRiNmRF0hIxaUy2iQWtd2p43DhAaWm3R0uyijRWFLalYsTztB2+17h4H0BOCDmeHEGnE2SAej1SGiiEICQQaHimIbd5kPZ2eM9JQA0LllELB0s1YfuHvBzmunX8x23iNnilWULWoQQ+J8Jm4HBiG3h6XjSdvMhE0wYaNknNhREGSRnXgE9HRCex4ijKpGssc1xEYugdLN1S/dsBjNKoezwGZ70Jn6OI8TpXHrFkbGJlddpRnEh6dYPQdFcGMDiYxGAeEZEzIvwjs+J5Iw4cc/jQMCUheiOTzpG569kOeL7/mBKFMhJ8alkxcHPUEJH8+RDA9/lYm2ptEuufVsSoy0uCM1G5optQjhqeGgFptvUGBloopepU0LvExvqnn57xO0OYHQyMiIhnAO/Fv0sRlAGVcUybY9asIADxZbEgcjzdrSPG11IQbzBDUo5UaM4KNqj/Iq8risOo/OnqdJa9pyr1gaEhrOFb5ISbGiFMuo82BpJcNhDBxR0xmY/9Aq2s6+k9httiqAxxZ4eRXi0mDdTvNkiNJGgc7RfCOcpDMVSOtl+drAyLSOyrToBLG4catACMLR6waIqlymOPBsHVtThjKz08DTDohZhoYIkUgKGh9NRia3+k9rvvcf2iXDLM3T5VS+/9nc3r1c25FBY6M7LUDQxkF702JYVM5e1Fw++uijXky9AnoX9J760EMPeWcyIod9gLqocGgCTW5TYr0ycr777rtB3XHHHd4Cv/a1r7H/9E//1NQ999yD1Y4dO9Tg4AmJoXA1dDLHzoBmFppa6ARIv3fCLChRusAZK3ysh9bXfQWqWmlCvJJ+73vfQ+bLX/4yMn/yJ3+iui9+8Yv33nsvetiaZXsPVjtuo5tgO5NGGBDkhQATByDa4r3ZyF133YUeHOG9SXdOCiStMcL1iuZvq534yzGMgMWEuASuVwwgeqU/3acgIEa7NM5HLgy1Cw60++67zyAyRiwiYmizTSlNFEpaRywonPYZZHxc8gfLGWxRjN7FaWS6KQCxAfTcAetEOaU+m4kPeB/MxMHomDkeTppDa4t2Yi2TvJ2xDj80xnzQ3n7TdWg7+fAB+uD3qU8MmnL2CFjOZO/l09/DOPu7042JtFGNEIeToDE4TDt4+X1IXkaaREkrsCKo8hflPiJd1VWppzrPkT2a4OZ2wAc9iXiWtPsgnUGQN6sozfEENhOc/i4WOxClqbd0BBoJxFZXV/c7LQXFjXOBQObGL712F44DT80UMgoHoq66nQTLAWAkq6K8pjhYI55adM2L61cf3Hrg3Af2bp1+caaoIRLx74arFdqFmOdIhmdWPLubI1mvUJ1WdP4aSZdxruTItNYC+bTBtD1pMLY8Vaq62NLZGQQ3DvwBwqGtIK1vCOsPT9Ups0oX20Ky2xKEDTBMqQfnum2WOPug7Cj+w7mFyGEwNIIJGm2DXlE8QLskeliXVErrhkZJx19GDYc8c5z6b8Q4B6JM1dV/D+Vsb1O0x3SY9m3dCEc4Jk63GrszuEvUB+OyLFba3i6kRqlUOZ3iQHoEnG+Ek+iGwdrYtrR8lli9bQYaZ2SIFKSkZYEA3N1JP0G1UqY48BRrUwGxpoza2JajlezdQ71m9YRBuLV5GLSeuOxFyCuZpnmncunVxRuRWdqiGIfmdcg6TncTuN63gJoTr2CkFYkWUYlSjeMnXiYveTy9FQEya0S/NM6itjBqo0kd0XFSI/jwt5YMIEjoFygI9spnP/tZ9ic/+UmvvwhIpyqeFkOzLLN+WXVUIQMRS7NrjTp1ipsQnE1pFmJmcbZULqc9Nb9vGdd6gpg9x1+j9QuIKf6f+cxntOXnf/7nb7jhBrct205ePvrTmvmkAejjREUMeVU0yChE6+XSE/gK5MaG4yzRH/3oRxXo5V4b1S7WbsMZskVRAjfpjNNt/X5N40033QQZoEDd0CL+thRbrA5AgyOw7LTU6HHQBJdKxlMgBI1Fw0u8QBp5+EZsdLlaNXuXFkJacfTUCIEPWPQYlsygNeIvnZYa1E9k7GaxPIV33hwGm8qnshFZHFT+BudP9ulr0W0qojoNtARWjTMbGftKdpcMgabqG3DbD4JjhoOWosqN4bIDrGRUJb17++7jm3dtePXy8w9PX24FZdAUHEvc+XRiLYQR0jYG6Ljyb43wga+rRnSGQVDiaUo64hFEZzyOKApOBDzl2FF4YtvdqlymVK0QkmHE+sLh7Cx4AouPS8+IdpoHIAutRs4aBRAH/jDLxVlFwAk3fRCiCp5IKtOlvUEbIUZETcdjviPrLVG+uuCrVyxtxCUHrIR0U0NVmRKZ4i+wZdq6fuOWJ2/ce/WfvvzB6W8tiBqCnnRiBeobhnaL82V/0ppjn2CFHnCz0tG48RcFQbEIEHl5Ghdl0PG0qTwFWiwhNBHeJQcipErr0tTZZQMyYhykBgiHjpKHUetVW2wt0vZQrBD9757ZkXGpY7WrNaW5pV2aIpwR6zbr7MCs4XOTlsSlpDTBUBVoeIDG0JO3WO8/yNsbjhvMivXcrC1ocx4L1G4Jp/4bFGJnOrNeVNwPYaqUvvnmmz1AWxHIeAKx4fFRspDuMLaQQfcrJUuK56gUstVxyS6phoiluXEGAkHHhGtdbgYR7mC6bDM7TYrqLFjcNgNPidTFn+ZWrxQivPszkmy5jHNu5+gbH6W55/e6oplpzdQEyNZdOPJ2uN7WzA5Lr0P68/73v99Li4X2GtN9RqBG2YHSeYexoLJo9fSh69x6YTKk1wpWgwSg5SA61Q5uabGRAD+vbhrhNcvSmlWkBEhbDLnd8RHtEGo3USRMICgCFAuKs3csHL7whS/oyO/8zu8I/MM//EN0vVYqQy4jCoAvEUzrqukydg61XhZ5NQgZUMa11WbVFNnhW0Jvhz6x3PWEEASk0AtNbzcgxtYv+qtf/aqt87u/+7tS/9Zv/RbP/sg8KFlsQSNS6CZiuucTFDF900DEkMGw/rDVpXae0PRZIvj67E1aG73W+0CSV3WgZNcfuxABpbmTwmxRXXrP9on4/e9/3zgN0/nXdo2VHY4yEaM9tSjWYFsTgi5piMPA0CU9sQOk89qtpXfccYfHtG9961s+sL2Cw1SstgCxjTRKXfYrHElbOMQgIwBW5wEiaYSDeitHo5Tmg1wfHAxLY1Z1aPi8sdctk0q5WRQjMmqXzydJtUgtZvkQUdjaBnwsKwSGtbOU0pkiBnmCBeKZD44Rp5pIARAryGBdgvrOaU9pxZk/vFEJVkdnZAFo22tpsREIXyIiu9QKsZS05nAWqwQ4DL3KBw4EOChZMpcoSWFKz10alFe3GRLpIWd9LiqbG80Bf51k+JR9dNWjmKuRrW/WBaARpdGqA8Vfsc4ytO5ZANVi3CAcAtk4AnT9QUPU1PH5dk8A4kB0jE1Up0vK13/jyi+LpAhAk8ilcW58apSqT3no/L1Xr3r1+t3Hnp9euzkEqLcYihVVatzc37Wr1w4NRKybJvy2B2k5jNjnkkIQ6xIOZyHaqyhHw23XuHButiJ8TeM/irUu+oZGmmCFIcNsm0r/oXnkZWs7/DakFZfRBtAumJFxTIz0ocjghi3AkQVsjZVal0jny2nyCedu7jA6aMZlSeYNuPQ5TbQOExndgjDsTYs/nq2CEswqFkOrY5NYKSXog8LrNiY8XaIRoBE4aKv09ttvtwT9FbUbb7zROALWRaBi4XcEFrcEwc2gMsHKJWnpTMklCwchChFu0H1Df5TP6DblXgFclvZ2mMZh9gmKgxqVxrYTaMQQ4COKm1YLcZfWwz6MunHJaFyxVY0MEO8Gtkqnyc2Tvu6667RR3t4etVGUNuqP1URJc2g9wcfrihePj33sYx5TDFoLTGo+2/bTHJrPqlVfmj50u+CqDNTtJIS0Q4zGWQDS7UDHpeydDz+XyrOE+oWQBEBQ1Djr5FO8hRfODWY7EgI349LxMeKFEkWfQN502Z/+9KcVrGWq0k2e+mWFcENdg3QHH+GogjLeHda2UItByyxphw23USDauszBkrSKnQGVdkr7yoBc/D/1qU9FyRoAQUzSti9/CPwhW1QkK9YlG4JlEAUENyEKh8DfAuie3jpO/cGDD37wg9oIXFG2V84WRVuEwBRC2xP4W2Ap+oMH+As0q1hV2ExisTIIXDfamqKU3KbUEP4MbjD1gbPO0zaNHvan9+AjZmvK1fZtjyqfSAeNrpl8pNAoK442/DaDLEow6AhhYvvWPYPK12F9Q8DtyYgU+CvcIBoea2TvHDIseufToeLDGas2FZsYlJFwFuK46qRjxsEtD74tZNVwNi4RH2hmnzzvIZyvftEN6wUNwdCgLHqrpTojb7dLl0QTCDS7JVjcZHdZPxXI0J9mOYPiowkOvEcxeWWMgKcWy4StShGTrlySFkVc4gPnlVNeOfDeA8+tee7Os+58+rqngZAvbvzi4xc/vv+k/a9e/Oqh44cOvzL9TWt8nBeFaCOjkglMiWQxYtws2jLazLK4tI60EW4jta5KBBOHes6uA3Rnh0MnVJMtAS2L8DpjgXSesC98cOvzf37VnmufXPPitMmJ8BDkEqItNAIOS/yjpHswQzarHFOiFCWvpWmfmDViCkiF6znDsyMCwnG2NBwYFgVyH4qVzB8aKJooOVZsNHjaVNB8HLJtXYEaAqqThbOGuLQKLkV1i3NJjANULEAkiWK1V5cIB6fJMQFy6623OgXve9/73BPsKPsKZ4mAq5RzOPUt/l7IMPSA68R550HbvgKl+WoUiK3yaZUqXI0MTFSNCaOWdukRWbvgON0ewd2NafccLxL2tlev8vKB3A5h11sjbRJU0QCLHg6qAG6ED38O7Q1R7RBRmsBNCicRDT4GhZfIZa3rcV+BKmqTWBQgLRZnWm9rUR8TbkHANYTNARRnTcBETzRZyQr0PurSS4t7oGa6xT3wwANoW3c3NCHyGvS6AtY20EkvJx/+8Ie9Drmxe2lRtcDunyhJiicyXreEWKZVH52/p4u3MlAfy1BTWlSZiK6Zkludkgl5Yv6erocyRC1G39NlmDXo7tnSisWj+tvEmqhHavOS5EioUA0WGNp3vvMd9p133mld7733XinM5oa6g0eQtN6Q2yIux5FQBTc4QETpo8OmTmS8dUnKzSYgaOhIrNhKg6Y0GQVKzf+b3/ymWr7+9a8rx/soJnaeGi0DbRDJMopVjhax8UFAIm0B4uVPu4VYGwj9wQMvqbhB46lwJF0KwRMHAgRJBky02TwVCIoPLQQaevBxJvjUeVMMzUdJYOGgaAgaCAFanQmHRk+TFW7qoYceooNiIAZELDJEt9VLg7KU0MziL1xDlMzOCJ/dWovCSqCeO0IOgNPlRm8vurnYyu5cdn+PCE6m4+HIdYw7mcSGdMgtGbGVaZfdiQg3IXDsdbABlsgxBgi8o87Zou86ffrSyOUvTn/DWM/bUTANIhla97vw5SKOPRGeVhGtvfakVmhR/SEYipIOHxIft+PBrUF3AQylwxC9GEra/ct4U2z82SrCkLhkC680gMqESbtHwGxcCCinD3IgQvgQ2QkQsUIYhZRaCNEKubqHKlmL0kSBxmMCnNYusLSkxjlwq0uMsx+YPikPnftoUZAZ2RLJKBA3TNCAE0+DkM26zKeGcDOr3vKaqnXG2crnr9sM91wG7SOQ2G8qrVjhoSmZP4T0YtNIve1x30eRKCPGq86620J2e3ceB9C5YDsj3RnsDZ4qHftKbNoOUT6HTpPN43bhNDnajl73N7FtdTI6luAD0Getctz31eh1yGe2z29nyvlSuCVm8GRrDq1ebdG0+kbroRFu6vLkDcebAO3tGU7aZ4lY5QOsvfi3QzQByXgSDI1bC4m4AWfQbGwruYo6xQJtKh1QrHY5TfrgruW2w+4ocUYVJpJwcACoKMhtGBI+N9lrVLepVgEgm4DiwFPh1aKBYBWo/L49p3xbpXdLjaWJruoJEaIPNAfOnksg3HLLLV4/fGAb1DHae5cRywHBqYev8Kl4aWwm26j9N/aBVpJ2nnpUIkydnEuJJTgCy2OCF00GQpjB5ANNOLSgYGqZvpgSqyQLiRMDRbDoCr/hhhsU4E2xao3Iy9+uElijNauj5RJhUy756CBnsARsWwQZIKqLElFRq2i9EcMKIGKFoISM18ooIYOS6lBSJkrKVGMdAI6DvO0DGgGJRAmvJwAtodiKuv766zWtJ1kLg2r7GBqSbSA4DFqxdPyl5mMhhdCi4GOS8GnrMETpiUqBdKLqWJ0XjqQQBkwaPYUjYzx8POskHGiyo4GYbsOhR7FmlSOclhqrjDEIgZtY2S2Zk+CAOU7OlSPhzuJhxalw5yLOmBuNg+E21KealWJYLGKxOswJu93VbEe3hxU3wQ6tLAAJQODdHaz7qq0bD5/+5Oojm64+OP3wThug7WqjIslNav4wXcIvl6SEJwK0iohW64k+M0AZJ9wkAoIPQaa7c88xasfKoGIRk87NRS5SFGEbx+How0fPv+f8Q7996KL7L3rz19/EkFzy0CWHf+cwvfWrWzc/O32TsmJp6XrSYoCtjd2+jcg4t2T6V4KkG5z+GOFjFgEy3bTm+7vCiXpVqkxS1UY0hLRYtETwa7LAQoi20FvWbdj42hWr1hx5aOveAmspT+2FIHs0MFcOjViDZhGrISSecvEpr6malnOFA4FWw+2xxBIomXCo84W4HNpgHQiTM09LRvtopIHwRBt/DbF57CKHgjg1tJuJne8I2BUdGftBpZDDpwkEg5pjw3Rnc/QEOkcAu/GaqlH1ahhEmaB8SGPoSVd1HnNdeh/AsC1najRT0ypcyQKVpkxGW4IbH08P4dAevuHQbPhs4LkJEYi/LiHZWs+HY/oYNk4ksjQ8Gfkr2axyOiDaIlDVYhXbLUvHtCLpTPERIhZbFUHDQQk4g1Uam5Surs5Nmv5wuBSWwwKBYhPjHHjyVwgQ7QLrgQmsMtmenJTc64RxDgxiLxnXQ9tAoC5x1h+XvXN6JaN78fDSIpY/zU24JZvuL68ceuWJX3picNVB5WlHy9yIWctjzykMhGTiQyEQiaUiVqXnNb0QEoj+6ppqXUIba2zHVAAQGkstiF9QzXJbbKhwrW8B6N+97Xc1HSBPmGLxJGLZbuj6qFN8OIgtvAKJAvEUTjAXWLu9UIrSQdw8deLjhVITa6VBPpBhlhq9NIT6g//ckun5VxSjJfQKKBbatJt/4bEX9k1/Yk+s2ts9VQqW7hImAwI3yy+vulQHRyxh8KlYto7hoFJRAwS4QQ48xSqWVgs99pmpntDxNMIQMlgRDUeMNv7F935x56nTx2RkaBXRkFEKgVaXcQgMlNpgzkDPAe4snS5HbnxoOYF2S8eY7nwSe8mObU+mybSPF7YZHAjjKYENExqo0HJ+8menH49a9+p79Ect0/LPOzZYDjxlFEIXUi4OxBYaIkpdelK360/bTJTY6aDPX5GOEukWYIRtyiXyeNJkrnV6tmBHmxtnTy0M93Q0iKZ5mulZCpqS6VE1o8KBoMEfEwLNiHGzg88gY9Z42Tkz6MKVr3DFkqqmZyJL/04XAtgWkSFQyNSg+Zzyp7e8cQH/r551f5hDXEIoezi40cQ4gUavaAvnchmZvSYHIy4L1yJ83HMZ0+fhLD7SurNzkEuUEDqcwoFX+4w6vT0D1OdVp6xa83+cvk0GkE8FWnGnwPa24YnN3553DLsntBmUCVAWgfREfc4rUc20D+2fjrlzBNOlcW0fXRp9a11asj7aPcT3ae3BmmCLJN0Oif9vvu83dQB/u0X2yDCMcONPQ4PjoYE/bcQzNH+YQUkKTaBGoUHmMzEdiqgiVl1jKRn0XPHSl9k7TUIYyhfYJtErVTtKid7WPQ6b/utNBzcfVKnUOIQcfzaJktQoAYfcQ0mrAA2yS+MItMrQgChZgZXpPUGNtBcqrzGmjDtojLqqOW0qHPRHiBcYl15XeHq5MiictiJ0b33fvvbb22/YPi2c/23YsuH4KccjPe2vdUtfxKMxa+dVTOtkYdJS0mTayPNWpscC63LFA6l+mC2GcA48UUeoZW5pafcUmL1jBchNLoACMYknI713096Wtvbxx5Ogwa5BAMUCGUvSKpLW3jjhxrkF6ElT0yHooHa3m3UfZ4PwIxYyAu0ASfHhIJxnIboP1gK47OUPsnRrz1i75aTpx9YhFFgtcMCGSXMwrid8oIWMADQC2aBesU0xRBEViaXrGw0Egrwh0KEtIrcWdd4lHFGRqedsmGYPbTq09eRpXdBziQ9k2iUjhEpzKcqlwHbX/Ak+fSnJjcaRII4Eu7PRweujyznsTI7FakctSke3Q9vRgjx9is4PLqGlObT0e0+fmGx66Xw7vP6Qdjt8aHmO1JwNJoMAgwgRSFQ3NDHFWazUuMle1VhVphF2U3JVrMvyZsecsxBd4u9uXnY3ZU9FtL5xUDKbkSblChATmrgkg1LCc/SH4My/LNU7arQBksqsXYWEKWNGTeNAlmLWrTt95/Sh+/rm6XvJDDph4xYHCHQfOWSRUsKuFuMS0WyD+RhxWSAQaPrDaJuR2qXkOpAzHRQOIY9cpP5MaIf3H942vQ3DERUIZ/x1wxZyTLoRtfOdoM5d7QJYcwgjW3jM66coOBBoHauB8AcZ9hAEhHuSbmMozTO3j3wj7ESxNZOxe/100CQtsL5VOwRTtHBRHh3sKFpsGiYHU3xG4VOPlt/ThljQ2OYzSi4j2hy4ierQaZpKu8N0q5nuX7N0NnNedeqqo6unRxxQEWiVQx4iBUFAljoPJ2S2RNHjw7laKs1poitcGy1xrzEaSxOdMUVEmaV7neDm0guMy77GAASaEJo/463VGrf8R+x1BIO4MkgdoSPHx5QOtk7VTCuYJtaDyE34GIHJX2ybplLrHUxTcKYdt/wqhhatJNqiAjFCk7FUAcaHwBm6qTxbCYFo0OGzGx84WE3lzQLBOCkkAtrkUvuU1gsfrbMEt+oFqATIRHjaIMOscJ4CSfsYphHPwmahcUAmknAKDIRUtXE6/hDqWM6LIexamhZicEKZJTs3UBAINBqlNBpImlVgzGkiJBEepdBMRR4H3aiKpObQfJqiRTEg6HZbgjhdTgLpvLVD2jNLazOLkHnll2TsBMImHEjOYIHQcDqrBmnSZc57TpnedDe/NP0ErOoQqy6YxkdIMkdMYpzOJyMRiMaibpyPkJjMFU+izPQ4FJWcJkISttlizeoSwx2k7GLdU2gyYBcNIXSYMSEBmiKLITk3y60USmBXy9ToZVGjjjGMcxMihXAgSM7YS7e2/Ns59JlvTj9lvWv70u/3CCEQCKJmOkvMwYaTFJI0Mlc2yeJs/IUbb1+1x+Z7+CSaZjyeZvnn7LKMbEZoc563v1bXrCgg7C45VKOzYJM7O/a/Y27bO2UN1i6AQsoytHDjmtAOFGVDQujQtZ04xIqUcSK3/GtPFIWSh1qselD2yc0mCjdF5KKFVAUtkBFsI0mxodEQ0h4mzBrMrZ4IJ2DxjxVNJqLL+1ZeRrbB3OZlXzo4NWfYDIWTDqZLngMZWsh0gCQai8KfQBA+Djh8Ag0OH4FTa5bfm5VJ95xEq7Rm9hSVmCJC2LQpOrdeM3oZY8A0yIZDS8dAaWKGNwZ0ZVRAnOguzdIcaDlcpo0w5iWYNncap8YHZuF0I3m2eGjRUR+6ETijSGKQHvguodFKaGTshqQQskgGDSKkVUwqlnALh66nLUNLsoIMGci0MrMbzwdUUiwcugLZ/KXOOSiaACGMgZnD6E8gpNdK76ykt0ywxuEXSNTVIrYQc4alJWCEjKGp7HSzRNQQIGNj8I98mIvIQ7pMC+dDa3iHjXQSHImeIdybXHaHWnFacnZgGJ2cIdCaos32IAJELGGTptJEyP6Tpx/q2f78lrH6hB29d5UVUy6HFBgUPS7nybe/Ip0eZAhu2abSwy2ZvZbeFeqPR5lgDfZUVPfSGdwYBYaDMFh62GVZYTQV/qhxlDO6lJ1hKs9iB/4UuSw50xftnn4T3t6Tpl8ERgpPRBWYRCm0MTukKQXSxGWDQxukc9CNRRlRK0LohE0Wk+YvsFn2aGwhcwVLLeqktNuziSmBfApZ1MbTgeS8GJg0u0IEkta6dU8PqdiYMwqRq3SLsDPS5FPU2D90I7RZkmdRcatSgrDCafYAH+mGmKq0FSHZDDppcEARqaENvULGFE86GuEENdDMEs6VTGudMtOdNY8+LsfNhIw+LIbk0AuGEJqYMkjzJHLxlHfp44dk0CfKcMA1YUedXjE+pMvGhzQV4NyiJcHeCJ3dYD6FJANhhQROshv8MbLCZw6dpEt5hxGNE4kluY3AE2XJbxlnUZY8ZllxOeRE5BMDk3GZ8aNkONMnUhqS8woZ4xnC02N8buFEeOhFWTHe/iGLgX8WyXmFDDSy5LcsJ5aTz9Gt05d6tr842XxWFJLOGMJh+KyQnEl2g8mJIXniPKSQFbrxFTLF/69JnoV301kBldsisTGYzIUuza6wM5IxNcIZcmU3W2Pp5Pw908P+ka2vv+vs4qDjljQ1AIfMSSZh59M4WZqYxeVU8yy4jZuvG3GXNDG7FHBCImJwhUNGSenuxd1ku+16x+3Oa2rGWApZzFUsEcstZ+EuPU4FqAMG+fCfajhhpegGm10hs9fbidgAuxw6yW12f1sGwjBWyGKKjMWQIY2cKE3Vk7EWJDs9A0wy/IcxLk+UKWBZloZ+hCw6DDtjCn6n/KgpIyuoJg3S7MYnq5XQsobyWNyLjT94zoN7PrCHczvAhrB47ZU0MfLlm798eOv0qV6UtxwgtC2ehrz7jN333HJPyC3V4g4Y+s733Pny+S/nkHOUOi1Dm4WZA5t/4eO4kv1X7//OBd9hNDsAE5cF/vBnfvjq9lcVwlNRdJu+Yitw/8b993zinkXwMMnAMfjGTW88ftHj3IhwIhwa3dEKOecTQZIuXz/59V3/7vRrsPJvcGzKGkvuuviuty5/yzult2qXXlWbrTmhSfTgX3pQdhKlyLg7AI8e/cPTf/jSh18y4pIeDBd1ZGgyqpsLffsdi31g04E/vPYPGbnRokidJ1XxyvWvPPHeJyJJGItZpvSz3PHhO/ZtmP4dWmJk6Nzowxce/t6N31tCX1hcMmz66JbpTXfdvrezDJm9lk7I6/+H1wfIoiy5zvLiuS8+98HnJn7LsuQ0i3A10i997qW9Z0//HLnLpvIBklbd83/x+Rl1qZxFyV/4HDQZbQPji9IscRiPbl/5cpNwK/zAeQce+cgj7KTxQBah7rvivlcvfBXCgFoskycR+Ac/8QczzBJCnmREbT0833O2LH15eUjhBKXk9V96feep07+/7DKHYPMnBzcfvPNjd2aTxakkwN237n72imfDGSmmZAuVkmc//azjP8YXpZGiMrr/DBwyOy6Ju+ULV79Q4cRxGB1YJPnwzz1sgcQu8kkn7NdOeu3Rjz26OEhCoAt03u+/8v5VNy/9uDidmM0hbURIX3YSQucz+04y3UfWrz903aHHbnjMDcTIog6ZQ/qum+9687Q3Qyb4rNCTcepqZ3Yxij8ZJdSQXbfsuu/M+xZPtI4lXS62LhBoQQ0p767Td73w2RcGckc7kKTxNz/x5r6rpl/rUWyldc9cLPO+v3AfvUL4FEhzc7c89kvTL7wsZIR3SXjS9UTq6X9dm6Bd4oQZlhGNotkj64+sm36twvQziuDc2VGk+9opvWn+guqBzQfWTsynHxkQOO7pbsG9qk8jq44c3Dj9CgU+PKNOj90wpVm37tCGQ8c2TD97NViBot270xgaMUsqQZRwOJjgw0iv3br24PqDZSH8ISTxrCPHth1bs2H6QQbhfWF5/ASQArfNX53fuHXj4W2HqxfyBL68g8Onp8tta49vmn6rEdEfmAOh7xaEnz+QSq4bJD7EyPG1x1edNC0BKM6ieJpCG3kd6ONt7+q9h9a8/bXEZuvegBJ+aPshCKSvdaNBo2QkG8nVm1evOWn6fphL3KZ6lhcFDps2C5zmUF3C++I2yTC45aQttoRLbi6LRam1I5hP/NcdPrR2+tmC2NK1QsZWlrAPbjlod810JjFCN8WZwVm72l0JzGATNh9ybP30Rdptb02JRv+BEOMTzixHTp5eU1wabJa4zJhorV1rlx7b8vapC6cQsTgoc6p3y5FDx6bHkS7fld6xNceOnrT0J7AIkCS3dr4TlLNLJ6sGDtiQ89+3cd+0eZabSdjN5in28PHD2uX/u4RgllE44R+BDiMc1c1FTxJDPkIECt+zcfph0ZiM8EGAPvvI9G3F4xv20kmJylst3SUObz588OjbP6k0iI2oKaM7yZalX12SmIoMTYp17/KfWWTiPIzQCpFRNwopfEhFTayWn8XHm6hxBh/jJBo289ENSz8xRBa3RG78BR7aekiNlTzQaLPRmEZWHTm0aRoZ4CQcRqndWvet2bd/+oUu00+NTZfz2/bcyLfxzQpc/J4xKQvhI4TAgdabet+T3jP/hI1ANpA8963bZz9HgCBDV9oo8MCRA/s3vf0dEMI/5nVjaRdtWe0O0PHphuPGMqQzzo0/AQIcIPy6lCZT0lVHHDQpcoYmsAMeDpH66OajR9ZN/rGqtN3zD8fRFa7SA1uZ048HTfbyV4yJXC7lFahdTodLgbo6+k9E0aIYKAlEaSqDd4sXURTRimIHDMXaJIabBYgZOFqOXbMwTHEzy61Ad15d60OrDxvSFJGufuFAA3SJ32DZ+rVCiEWpzx6fZFpJAwmQG2c4c1umLsCpZpemGAEKqTQyLflybGugKNnfmH+SrR+k2jn/0oN+DMolZ3ogi0I7DcQIg2DCTQjA+tMPZPXTcf3YW6ykE0WEjJLTXRKGqMBdRl4fSH1QkT6fOv+COq0+Y/49qH2atl8hCGfAIYqKDN2/T6DZiNU6Pi5x67LUQNiVhp4S6hVPWovAkgyDNLb91JgmiAUiMPKYW01SOQRVs20MuSqWJgiYooGQWNFNccaKQ8V2zFpcl4vCh2QLIXBKAUS6ppCBwAikTUI4pAn/QggcNOiBw00snJYJAm054laxBkuXiEqHTCbo+cf+OQsU1Z4n+tbTTDcmxpznHXeomfLS97wJu1kEeBYIHFSXjfPJbeAQ4VVHGCR6poTwpNmjOrk45FlPCpnBlj6NhggXVS0KdJdwiZUNTBsZ9GZSb0tQ2XHOh38Ig0/9YdNTecvOjEbg0PWk8SGlxgqIqEVicTZLTBE41agDCtcim39u2zvusbLwFEtCBmiQ0SxAI2xubMbAJ9ml9m5A2wzuAA5+P97Rsy+GQBi0WdlNSceHNk6Pp2QOhI3D+HcNxtnGT59/J4HAPPGBSSKMzKI2qARQqA5kRh3D1jgybQlarzrRekXcXpJusxxqnSg4qqZjTsOcuzidLNlrTv2v80C6b7QVjZvlGUMIp502/aqNM+df8Neds5+K4mZcyRP7Zf78JeIjo6mWzOX4xyMGEyFGhDBQEghwYlZfxNcIhDBDkeCnI0bqo/7Gb3Byi7eEbIYcEkDghkc7zD1X2e7jPnj6IWwC2VTIrU0rIRwNsBCMtH4AkWxhdE1sHfSRQFsVs3BaZiIQPQJNj+JpUHW0XDD5W2DhLUM3gtJJrXdC+gdY/fOe85d/w4YpBk/aODeJcKalpuEb1KX2ouYQnvn3D+ng6BWNHiisKpkIbxWIKdolg5hSC+SqMFJbVKHDuqEQ3dBen3AZqtMr46Hh06qjhIAdFhmXyqxYNpJSIMPHJZLqakSlUgOpTJg06Z9C0Q6ncJiMBl1y6+hKB2T0n6A3ff7P5NVCWkqEeaq9npRaXuOYxCdKtLqC5cmhwzlWFmA7hDYV/tS6U6dfPn727mnnKwE4AVXDwxFeLHCD8M3y5zY0MUhwgBOlPIUE0r5lt1ikEQxJrEjLJKNw4DQpdTg65lhZWT5E3/rhc8ttCizMziwByCfMcIjLZnnWf0yAF2sEn4FgPIQCq1GX6FF4Ux12CPyDyjZbFZzTU8iu6W+tvHn+9OgQSRIlsWrpCRUmu6deleIZvbjNnZuoim0QFA7EJd0GEALWLDcttXOsEV0JrZGpSi62nhRovJVCwAhiGPJEqX9Fg6dxgzzLSxY7Xwq1a4VBEnmwojgDIZDTBmGadZmWnZsQsCETxpxqCufm1oqAcPfb5+Y/MOcBumdfMvaJO4NYU0YGf+M0KZx064DD/9lnnzXOhiCQbZB2Wa9A4Yyky7RYNdZGUEhOJOancLql5KY/xKLoTF2yKC5tMCfI7cIdiXQ2W6xql11GyFKkFWIVSMgytpq6JFbzoUHIlkJeOHxiiFK/VECZwH84/w2D559/vnaxtTfyRKMqgYGGKVUzBPZPhl54Yfq9C8ZpUbQpl9LJBXDacILxq3EMI5i1Kdsr2qESBfBRXr/7IpZscLT1gI4lhPZBsT5sbHG3YLfv7u9u5cqGWeV1qjIASqEwGqt2J0CeOg6wA18HQdFWZSpj+XduAGknYQiNRk/NBkHRbQshLXBriadw6YjU/faJp+ff0f/EE0+o66mnnlLgM888o1LCzaX+Qo55JdO2vqT2ARwjfBDgDDME2qIap+GDwpYhhEQPmfiovUVha5TU0nFe3F5qV4LOqMIGrc+a7DPPpY+9tpqS+UvBkN1K2Ry4KZNWppF+XweSKPFkt2NU1Iii8KmN2osVMkQt9gNt2wnP6DeBOLRItpvVXossqP4jZilRbUuogiiHv/LVyJOWq2YiYLzFpaNE82Fwrlf6AL+qSTuNbp+ww3dJDuxeuplCIBDqv6nCGQDpVsQsJuUi7HgaRxIOXX8MtjrC27dHtxx99pZnn/rYU8/81DOPfPCRH378h3e/7272d676zrM//ew3L/3m0z/59Pcu+94r57zy3au/+/AHHr73xnvpHbfveOi2h174mRfYu35xF/vQX5w+z8iDtz6455f3GHnxUy+aFc4Z8uMffvy+m++T6OWzXn7uw8/dceUdHP708j996dMvyfjqZ1/l8/JnXub//Ceff/GDLyJmITDsCYbgrHa9GoWrpf2jOlrVFW6KQyHK5N/xhFarRZEa0qZddWzq51gXmlh6UWKdaDcN2ximDdy/IDcYvRaFcwYfUI3Uajoy/I33+cqQApnWqxXExEjZx32AZ3d5uQyCEs4waMRTL80Tnx7KPUf2QZ7bYAJTW4jCJbIrSodt5KUQyFMsgZOGz6gVMLMRq6jRLuKS4ADKkeeAnjvtpZde6kkXPW00QjtfNECzCHi2NiIk/lLoNuHDwbO4KKn7zXSXz3+fjTZ+4fzX7gxyMFh7gdQrdeFAR9ggYmBxFsU/8GrkWS360yaxkWwtq9PRdldx/yGMxi0Z8kJAqSUNGQFZ2MjEBDJuNHHDlAKITdu9mlgXOKgqUywEPQH13vkPlis8WwoZcdYr2iCZb1fTFwkESmcKiNQChWhOv+nPEtAQapdL6YRMJRz//KqPX/aTe9bs2XZ4GzYmplMxi164VKoyTK3dNv3alO3rtttA0qhEYTqlsLYXg8P0Xbe9azdv2KxTqGgfreARAvb4uuNHNx7dsH/aRhAsgClZdFYxNNvIkY1HVh9dvf7YHLKMDwEZaDAhy3Ls1GPrd08P0agizHnakvMZg1/IvqP71m5ce3T30UKEA1nkr17O+zfs33Rs07GD05+ziMxisaAmDsenb0hvObhFrHRwpOZmASq5kP2rpj/7tfbQdE6Ax18InIot5M3Vb249uvXwgen7GfiLQJs//sN53eZ1B9ce3H5se5Rk1DFkcubZYh3ecHjVkVWbVk+lIWCHVexoaf3Zv2X/pr3Trz8VMtY3ZC3Nec3mNYePH950dBMOwMOfqllepopdc+qa43uPb1m/BciKZlYs/AOHDxzZcmTdW9OXGSKjcCCj//E/sn7+5WUHpidfU7kJybn+cz6w+cDGgxtXH5tu1iWtWMydOiUL2Xd436otq9bumR6f6w8ZxQ78r37wq/J+8KsfDN9s64t/xbrkvG/zvm0Htym5bSxQuHFQo/9H1h45uvro5mOb4ZiKuZ2P0thsxl8767UdV+2Yuvn/Z3LlI1ee+uL0y/oVNW3d/ftHsWPn2At2l8PIf2yGUazOK1aIw7hu13TzbX8uboaxWN+8+omjpzx77Vc+eebm6XtJ9Z8zH876mfOBjQc2Ht14eN/htsE4WWMzTMu6+liHUbopZN7GkWkzFHJg9fTXC9YdXvo4XFxfIRww57x79W7H/+iBad+u2AztnMl566b96/e7W1pZITWB84rNdnTD9JiyZfWWKOUsSzufc/wPbT3kbrl+zdT5pjhzq5kVu2bjGsd/86Hpr9zUnxXF+tT0GLrh1A1HDhzZvGban2Y5489fCYvFHj3l6Jqd04+tdBhzrlghnBmH/d+GNcfemv6GTWQ4CxHeZqjYQ5sPrT+8fvWR6eN/4Eep/YP//kP7j28/7vjzWdwMnJU2ObR/ju6BeXzf9PQGn/MolrPLds6+jfs2H968d/deJddS4/U//CnF+lWH1x/ecniaCn8Uyy6vXN0t1x6ZEukA5xxypts5ezft3bJ/2l01k7NEbYaYO+abT9l88OjBLceXNlv9WSwWvqTHth9zt7zz+e+t/b/8+VVPvvLvP7HpiY/f9fG9X9p71c6r1n1v3blPn3vajtO2/GDLpa9cevBrB289cusrv/fKRZddtPO+nb+w7xee/o2nf3LjT+7641037r/x2J8ee++L791639aTHzr5/GfOX3XHqgPXHdj+m9s/cuQjQn7+zJ9/4d+88LOn/uzuP9n94bUfXv2d1dfvuZ7nqftOPbD1wJVfvvLa3deu+e6aDx7/4J4v7vmZ7T/z4m+/KOT1P3gd/pFvHtlw3oZTHjvlxidvPOepc1C6/LXLUbrl8C2mfmrzT73xb9/4c2f9Ofh7PrDngl+94APHPnD4G4evfOPKzfduPvPxM8964qz131/v8q0vvHXb0dueefiZc888982/8+bnzvjc8//6efjqwn/DXRsuefkS/qc+cqpiX9r60vVPX7/nX+352IaPPfYvH0PmoX/60E9v+WkhNx+8ed+X9/FZu2Ptnov2XPNH16y9c612YY7/c//quc+c8pkH/98P/tzpP6c/H1rzoZdee+nMg2ee/G+ntpzy8CmYa9Shrx+66cBNL//uyx/f9PEdv7oD/oObH/zIIx9549+8AR8l+DxPf/R09cLXH6279uRrXzz44uee+dzD/+xhWZQM/8BXD7xv7/s4X/zSxRc8e4EWHT316NnPnP3pfZ9WlGbqxi+c/Qvo6ZXFktdivef597xw9Qvv+bX3nP3k2cjg/9LvvHT7qtuV+dnTPvu9v/+9T530qUf/xaMXn3nxrtd3XfXtq4TYCfhbJongvP/Q+xX4ia2fuOsf3nXeh8/b/fndH9nzEeVf99Z19o9iZd90zyZ8MLxm1zUvfvnF9Teu3//f7NeZ+/7xffBf+/3XZGwzQAarMwePHTz70NlnfekspcH59Mmf1nOLxdlaoGqxLOibl7552VcvO/nukxWy/yv7IdgzY7G0VOGv3vvq5vM3v+cP3iN725Lz9ge2cz7+7ePw3/yjN7Xxj6//Y6fimv/qmp9Y/RP2qlYf/dZRtE968CT/YaUQO/+xCx/7pYd/yZ6Ez+2T2z6Jns1mdewu20YnNx/dfHDvwVvvv3XnH+60GR7/tcfhf/8ffL/NYOdbBYv10ukvbd2/9ewXzj7thdPOf+P8bT/cdvGeizc+tvHyQ5evfnD1NceuWfXAqksOX3L00NFLnr5k8xObz3717JN+eNIpz51yxotnbH5y8/k7z1/78NpL9116/P7jey+Zvqtyy2O3NLLliS0X7rrw5GdPFnLmK2ee+typ5+08b8uTWzZu2HjSfSddsf+Kg3cdvPro1YfvPnzpgUvles/u98A/57VzeJ688+Qzdp5x1e9fZWUtiqPhyOi8XWoVFKs/Vn/VGascxovvudjJ0hmHkZvDqP96rmT9Ye+/ff/lv3W5cXugk2Uz29XWzg50guB/5ervHd+8+7J/dNPPr/m4xjqe1lczbWbb3n9WzWI5jLe/dvu6L67TTBvPYbejbGZQ8HXe7lXsS2e89MkffBIl/LHloOecUbJY1tpi7dyz86yDZ11252UXvXARMlgh46710fUftehuUGqxWI8ceuTDOz98yh2n2Gzb7t924XMXIm8zXPbqZXYOfPw/dMqHntj8xH/wyn8gRH+Q0R9krK9jaCcrxJHZevLWNc+v+eyuz9oS8J/49SdoLbX97FuHxW2K86sXvXrF16+47tXrNt690aFQoGa22TDH3x318s2Xv7H6jQ/d+6Fua6IsEwQ3QFvL0bNYSj73feeuvXvtz+z9Gciqq+2cRWmm5cDTcX71+lev+FdX6E+90vkWS43A7X/Gsd3HTtpy0kVfvsgx159fPOcX3UzwV6yOObNaodg3Tn3jpuduuviRi7XLpwZ8+1xPnvr/PIX/q//Lq9Z6/137D1x24PovXO8war6T6KA5jE4WMm6D3JB59MlHL9146dr/71rjboN2DkBLIJe7PUqO3nQbP+uZjz/+8Wf/5bNKDt+6uHPy5OOkK+HsI2e/uebNTzz6CXdOBbonw7/3f76XbRVQ1Vine++WvfbzRXddZBvoj3RuI1JD1hkaPSH3nnbvL+/4ZWf8itev0Ez4CrEomgZff/T/hktveO2l137ulZ9DxiKqzmaweVRx9ZtXaynmBg9dcOjsO8/+5e0PTJ/eF518kUet8zacd+rRU085csrmvZtXv7762CvHDr94eM0ba46+fHT9rvXr3lznqXPr6q3nrj/3gk0XXLj5wou3X+y/y0657NKTL73y9CuvOO2Ky0+9/L3b3rtu9boz1p1xzrpzjr96fMu+LS8/+DKoF+57Ye8P9z7/g+dp/63avcorrNntB7efseqMs9eeDfb8jedftPWiwGl8PLVtW73tpEMnbdqzae3OtWighNuep/fQbz7+ppG3npr+teWG3RswByWvwPdseQ9uiNG4IXnG5jO2rd/G4aw1Z8m77cC2Qy8cqjraf1IY3Lh241mbzrr6zKuF3PyemxV168W3XnPWNbe895Zrz772pgtvYl92xmUb1m5QLJ5ynXz45NOPn+5mqnsb39qIhv9k2bZm20nrTsLkkpMu4VyLILNBwQdlSufP3Xwu2ppw2rHToKEHB58oQd52bNv61dMCXXXGVXU7rTodMy5W4IbjG7zKq+WNR99Y9dqqR771yP5n9z/1vadUqud6pYdIalf9QQZIRSkTOG1Q4eedfN6pW05FWCIpLI0UirIWqrNqStZMrM7ceCaH6865TvgN599w/bnX33jBjTDfd977GJCvOucq7Yqtjlloi6W0fc/sQ8xS7n5yt0U8uPPgsT3Hjrx0xKydo+qaaTfS+oC5/9auWtvuqmP+O3P1mRFjgGUceeOIZ1glw7H3NMTu9Z9Z4MjrcH0gotrSAFUkl9R6JXs7hI9LODgAoVGShaHnNcRD7qbVm2ICx/jUnF3r+dixopTJ2Pj6xvf/xvt/4h/8xG1/97ZP/YtP0f/e7/17N/+PN/+VL/6V9/137/vr3/jrN/3tm/7C1/7CZQ9f9hd+7y987Fc+9nOf/7mP/5OPf/R//ugn//knr/9vr//Ur37qgr95wWc//9mT/uPpWyrkF37rF87/m+d/7jc+977//n0/++s/++H/6cNgf/bXflbUn//Xf/5D//BDVz1+1U2/ctN/9OX/6Ib//gb41/231/3F3/+Ll/+fLgd1zX9zDQfZr/8X12/auUm71GjDjGK1aypt3xZa0zau2rh11dZqVJ3/2vm56RVP4VgpVuctpR7qFajaVW9H51ftWmVQcwxaF3kdRgg2xmuPvGZX7H9r/54X9jx7z7Ogdj2xi+eB5w7w7LS69N/qXdPbrkF7G4HQ4EBGCYG2waE3D9ldB58/aBXMwnFAaFE0t/SxQ8fW7FmDwBTywiF9qBCGu41Y97FDrxzyVATKycL2lYde4YktWJ7uSwqZuB1at/bgWn3TASXjQ5tymZuMU6Ijx3f9cBfDmYWz87GdpnBGRgoaAa/Cxw8fV2MlG0RbB0zRQlw+eeeTR/cdfemJl159+NUHv/7gi/e/qG/aiDZkPBkYmtX4Z+5+Bge1qEi4RLQSzAoUBWf/m/vv+eI97t53/cldmn/3F+7m89gdj7H5cH59x+terPe/PK0XJv5TGl3/rYXx6V705Burjq6CzB+a/zDBx5RKOeuMvbT5+OYtq7bYWn0QuFG4q7j5uE+6NKiT9g+ojfs3Pnfvc1YEDR2DrJP4qMJ/Ro7vOq5dWq0topxHd8ju1W1duxG91YdWu1vqgP6g+vT3n3YXUiDbndMSPP6dx1HVLsx9ctE64D/kpw+d11aZVYJmHnvr2J7X9wgRzs3GsCvQUyxwfUbPchw9ePS1J18DON1TXn/9da/Pu+YfXvCWzfY67DWZeIkmfTHB+/K++cvifcvz+eeff3X+4wkun3nmmWeffdYIm+fO+Wd9RXkTP+ec6e8X9WujL7roojPmPxYEsy/CEJ7eyt+Yf0GlcBxemX+PpRFM8OnLCxtn2T5/ZwWC138aQ+BK4OOlXpQqlAPhpfnPMLz88stPPfUUDc0LPi0XTLXAEb55/tkZ9RoBwgfIE088IaS/dnfPPffAYauxPx/hEjHFytK3CkQdWP4lSjSEvfP3veSC88ILLwjp25yQXfYnKfrTXfxxZiif1H9klr5INX+rv+rM7tixQ8/76wtssH2TWLik3ERpe99suOaaa84666wrr7xSzzW/eoFrF384OoPSgw8+aO2Uqfl33XVXxeohVsYJqvy1Tgoc1Ng+MSgjHM6PPPIIJrTS6P704UMPPaRqBjeav3RicbCgFo6cNv8h0uhZX8vacvRlGR3gXPnyaqnOoGGDoYcSNLZxBgeshEAQrgnQgjUiI1E7gQZ2zVvT97ee2TT9QIQaARLraNY4hG3zTyqybRIgGmuQ4BAxUlIhBA2U5mV8ex2lJn3fCIINfPr8I3Uu0Zv29Ixs4chEbvl7qO0lIhfREzgoIXP28h88AGuJQZ08/yL0lphbDQwqBE1DyYaEHBRnaAJRQgAlRt+sMqtXBaorMmxaadpFg1Jv295UVQCUtONJqmu0Cw5hHz15+nVUp+5a+qtNFY4VSggIP3f+QTxMbN2LL7647yCaValEFUiz1SucLde8OJNUvllGd4yi2Bgi1iAthRGzBmlV0+2cZslUyfyDqbj13VC57Fgnq2/gmXKXE2WKJ0pAEKguJetAjXJpHGaVqsulcFsCgktVy6tMIAw4PFuOqpaauBSYIZaPLnE+77zz3GNvvPHG/hgatmAJH8gyaiwOtbTfKq8Q2iwRrhxR/TjILbfcAucDH/gAz1tvvdWUW0opYDLwgdlyy45PVONpUKVSoyrv+eefLxAIuw63ajaYzthaGuUA2lpOtHPUndMdwx2mb+vy0VJoUmsR3VYZVYBt1fhoICb83XbEgnIE3KnYRC5TeFp9sbqhUqvZH/Xrj61ZX5y1S/lma0vN5C+QoQqz+h+OEG6XX365Miu2qpHUc/WCnfaA/+GKH7o1gq0LjihRZ+1AkUx7cPNmkWqWXm7aJVCCNFvBZkF1wNSsjz699FEHNVTxGm0jSkR4ahAOqAvH3i6kjbSKAEHFRL+cdmuTxhB4WxmUqAK1QwtwA6UpLg1qMS0XTLVAEO4wgMUnkJZBswRqPZD+5mALYB/TKpVLsWA1DSCeAudqJlGIQWIjxoSzKNUh4xK+1r33ve/Fh7922TGiSP1HT3/wIXVACrOdFhoUDdY+kKJ9z03D1dLnUJ/Q/YSUXdvHCZ4qFUKQUZotgluf0Ndffz1b4Yi1rQe+06UzVh+CXDVTxva6WgSipDTaHrXVLr30UuFGuNHcpFCFSwvq3k0QQ89haDnQbqE54DlvuumY6YkO6KdL2XFDpnscjVWU6pUy9cE2g0baxgDDJKCmJh+Zf4Ho9umzqlPUba4W6b9YrNhaByQE40YGsZaeJlYcMWQAGmwdkSHI2KiOlQ3cE4NL+IiFDBZnyIGHDCEQIhZO5WhXnhqoezChoTo2c4AFhqM0zcGNbZYPZyEQugdhyKANyoVMJQyNEl11tGIZ3WrruSj0sOp4ssG6xGHg5LxqzfTxs3rf0j/LToSjpBAcepJzqTpPgQA1DSaGFVg3soHQCDOSyjfLTYhATSPdzQlwWRhmgUsUskDaCPKYFMWGIFav3MdosC49s8LpDcRdDqApztBE4RMl5auuc80wyIHAl8hl+yFK7NKpKA0KK26SZhCwQZH4u7Vi7vnbp4tHXs/Knnex1UncOmUyuhRYSzEvL82HFC6KoSH3338/nHvvvZenB3FTjz/+uKk+CH0ooqdk4TjXPSN0VPFHTEVIiuIvEJTYtlnONoZd0fZwi3CQaeIO7HYxbrO2HDeFQwOllh6UIdOqq/9o13x86pIblFg4QMDatMQmNIsA5mIhqFQHnn76aZfdM3tbg6AhZmsLH82US6AoVRhXpkuVPvnkky6B9LhQM3UbjncS6er/9KELAkthgvWLrX67xImi2y4oEg4EIbW1S2iXqIBjE+E6wk1hNlwfJz5p3Bzd4pXd+W8vwsRbg/Qr5NgbbHMjCrADTzrt7o9pOEbg8CTyIoZVmwwrUMp2CQ2UKUvCkLfquslaTiASAUGgg6Tp9RGOHazjvVaqlCf8dlunQqBBBlGIiozTcIBAEKg5kAVaDONWBSv+aCM2dXa5/8joz9zypTeVYAVKKhCUfYAJQOAuZVEX4V/nbVY72Mb1SaD/2s6oUlA6XJSiICgWMYcqu+0LH21U0UOyYuGLpQ2iRxMbiydKGLJhMmi7jYE/DVNGsWpBzwpaOwwjZi0sBI2h/aYEbgIlYlSa7DKiEZm2GW0cbD5CIAi36yyuLPPGmY60wbYcN5j9DO1bR6dWtJRKDoEnabPxgUMgkPZtwpOASiw3EJq45MBZoKIUqFLEaAfBpd0bQ1mMx5CIwjBN4IdTFcJR8ohgkABh10M4ARKeNSE3OG0t4tJsB4e/QFreDIDCix3VLWqltbHnZs9tnKUomGxQSEILZ9AgCtm/Zn62OLZUshFigI2VKOUoyo0Cpka5XWI1MPmQOsaghdOyBEWyDXITIjBPIACTUWz9J0WhUQMLIRxigphzJIozeh4r8UTPgvbBkE/+g0/r2L5SpnGzBAEhLtsPPfaBFQ6kvDjwRImbkSjJ3kiGWD5urWbRcN77A3NeD7AF6w4sEQEIHwc+cnGm40yjwdNHXSGcx08v8+wveXuNMwsWDh8EYluHkamNDIVjZRAyW1SBoMQKyZ9zB5zWHyfR1rJXnSO3i26ei7dZ5EPTPRr/dFUYrGm1iyd/OADd3Ppo6NYnl1lsMVe45migijTNpTLT2EJA28uDpg3+ZuVi0MZVKq9BbviA4qZdNZPmKVa9fKY94H8i6xGi6LJx0gUbpY64NH7NS9ec/oPToQNSIY0rDQgoUTn5mXt/5qQjJ4ESaLdVp96pWeXdLre8tOWGO2+Y0s+3Nm3SOPW32ADZUtz+/O3nv3w+HziYEFC6D4ruBmcEDs7clCBQOS0DHAxhujzz2TM/+spHTbXYQhZvHCSEq7551YWHL+yDygLQXgfV2ALoqQ6ev/n8D3/7w2CBD0AiPDGi/LMfPPvqF6/mQzSHPzQgLoGgRAsXqGTFIk/CQU/J1WXkrD1nnfV709J2Wqyf0thgAbIhg731h7ee9dxZ/JVjyfRci3zO6Xk2MX7b792mS5JGyflktNsUm33NgWsuvedSdquMHn8EKjbdtqFNRYMm6sJQII3hORvO+dzDn3PJDZRYBaJhBYkDYDUxPPmuky987EKLMrac8gnnlkZGh+SD3/jgyUen7YEMQGi0bjO6B03OT6+5+a6bbQxoi4DTzW/538LS69+a/j3AobOnohQIk3TXyBM94Wf9vbPGPgESTtyAhGaXvufO93SGI4OJcT6iEFAmPmf8zhlrf7jWXUC9qjZYB2JY0m2Htp3369M/Yw08cZlPRTlTU/pVqywoNAjE+IqSoX3ynk+uf2u6+0SJBEWk5g9Buy776mUMl6RYZeK/KDc+fuPZz58dSK1Ox0RSUTA/++3Pdjyr68R2vbx5+uBfu/vcssxFT+ISSLUoUIs2/dqmjc9vdNOYNu7yYZ+5TwwJY8OeDbd97TY4geMJHBqdZ3Wt/+b6M+8/U68gu4nTxuM5MIGc+wfnnvbmaQZb8cZdSo0PYp0jqUF53oXjfLF9PLSNS0eufP7KM+47g2c1IobeXOj0AUxq0RW/e8WRVyaSYhtpVlTZpT5156nuS0ZIbQwtKUSXrnrgqre+Pn3lw1MvVj0u40bgE/hsCGaxrZZakZvOGKQPfefQhd+9EA40j85wPE/TvVzy4SzwujuucydXLGRU5zWZ6qWViTliB188eOtXb+VMIAivk6ZynvbWmjV6deMbNzo+NirtULvRuV24QXU2+2xqcYFAoFVR5/ExQpDZ+vLWC/7oAnx46k+3aFDuGKDYDFCnfOmUTQ9NPxyOD4TWUdNcKjNbist/9XIpzKo6/qb4K7klM3jui+ce+PXp6d9bCgfvLQb5E5e0EJ1UL0MJUxki2woRnUaX73E0G3Xj6w6t2/fatPVFqq3exZgm88ruW7N7zcH90xoUWM06qI86SE+dXbNh8+HpoRgsQM4AEQDiEghtZO3+tasOTD5wMCGgdL810DsMGeFYP1EFxgQxDGO7f+f+NfvWtDnauwKFVyORwuCRN1CZvskqXLOEazdWWkZrJbS3dr115LXpy1ZgAbZ1EEiAGCFHdh85tmf6+kFdImw7zyX8NIRow1E+CQpIfNigVh1ZdfDVyQEBgbTsNEwgGIV/dNfRQ/Mf6RcCp/70ca7zFoKt6i37tpjlgw8CoXUObRo4bO3a/cL05RqEK2EwnEqbeygWvZrATSAyBCDpjBnc+frOVW9OX03hJkWxqqv5nYHpmM0/SWEh2jakVtBE0vKu27Pu8MGlryvSRqqX5K9p61at23p06XvDrfIibF2dOnx4+ieee7dPsKoAGDeznEkI0w/7zBIICWSgkbWH19pdYkMgw6FYBSpz27FtWzYs/WaPpYMw32IWwdesWrN+7/QxuUIqpBCnqbzdm2iAtTHOAZKth7euPj6RREldFZ4DTyFT7IYt248v/TNTg4NM/kPWH1y/+uDSoizKoCdE+MmHp0cil9BAGTQr6dCvrZ+ektcentbaZQ4ZRZH6c+raU7dPz2kTNwKNw1zWJPzpdWvWbTk0PfzBJKPzdG7QsNq6euu2NVOjpnqX34dM1YpBcsOBDTZPgaQUfIgQ/pEx7tJzJCjPmnSrQMyW0WbedGzynGqb758RIzKSCGw/un3zxilKrBFG6cqb3rh2o7slqIE2oEghDvgp6045bctpDA+70+X8QgkWvVhxcynWrEucaSN0PeFvkD5186mnbZhe0VxCM8KmYS4We9KqkzatWyIcvSRilblpw6aTji39IkIIBBmVmsqzHbVq36oNRzZ0ih0i4ly7Y6w4mBUOBAKNeYDAjSTatenQ0jd0+QMR7iYGZ9zEoPlw2XBsoiEWgp4wFEh72VBmDTxrzfSeY9bSM4hBszVNuml83baT1kzhbQYjfIYnwxStXgZK04euxPhhSVwSnEgtIONoIRdLyejWrJq7JK0BqAKrWe80UeU0CblcADkDDFksQLoRU/LC4S8KFK1r6QaBRI8/KZYgQ4fJbgpgiw0zWDoE41Lz1CCGDoptAdg6qPV104gpPvADDJOAMkLkkjEOPAlblMtWK2JCcqb5hzP1ZRZ2IzkIZNCgaJjpwGFC4FZs+9XHniXw8emDk2gXQJ781YJDG6XdxgalTCO2jpFy8a8c4MLpKMnSOM+qK4RkQJOlknnyKVbPMSHTCZjFyra4ViRpXchoAl12GUn1poGbYtBCxsoOEDIQCHvTzunHaPdeMP0LSzwhBBVDAgEfrFZALUHMwjk+9WFQMsWg4QiZ6llGW1EvMZVb/hPujDw0MYtAOAInHsuv0SEMGTwHJhk41UWKxcR5XEFprnXp5UzgoEQWcdJElqKAMADC6ZgHNdNZ4vPMtl30pjenH1FJ8iH8Y2LHCu9Rj0Qs2u8qhS/BzeKyKWhiAwyNVHIMCbcRtRg7gS5vVM5wUBJoEIgzRbunzZATZlLGoniGrFcZM+SEP5W0vBmSRkSVOm08qC4Dqe2EzcFUt1aUGB52Pd2S7rpRCoEhpE+g7g/NVoKR+SYxvSTw8QDNhmY8DZ9eLFksQRs4GTzJzHrqG4eJxPw6RBj551Znpi21/AVzx8eNwpF003D3YIyDORU/39kgIECzw49GEg2e8LszhBAIMWI2wsWqlFFn6Oy0FGYrmeQvMB2Z6qozORuZ3ZcMg8jwkXfKLTIGg+jSks6LmjZlvMJKVm3EeFIsnShMrApp1dZTmpgthEAAnk7CDIRMPE64EzXS1JLfcgkEwtT7ZYYNwsw5kO6SfaKMz5VFZJdpg61cgYmppMFKA9KlLJUwVbh8hpMuh84ne4jBZOl6uUvWjEErLT1W5F2LxWTQY2RHG3huBYZscwzkNBmAZLAqPE24Cc8fmUVWdFPcAiFxSyczqaWl5JAmi1HE+KInEUs3kjYyik3miEnMAsnYvGv6fu3e86bPANJgRvZS8AK37HT4I1EGYSfZdZ5eIQ1OAbNb+CT8RoYekrNtljMEW5du95IJeobNXzjhWeuSpsicfElc5kxyWwwhS3MLrLpMugxn6KaGBPLMKS8xtu85Yww2nhRYCaOcgUmW/GYROO2JeZPYY4vS+EAe4StkOEwkZnuMDMkzBGSM8IneIkl2siJkxngHbPaiz6LkMGRcVmYyobzzzoMGbRu4bDPMpJZ2wmDCALXY2LTxpPEcupstaoNDJ2JJfIZEuPF8cp6glynlQ1omRc0rtrTlhj1GFgVImHQ2GXmHUSzk9Az5thjkGQKo0Tp2Z6omLOqMCimQNkIPMs3SK8SgjAz67eKT2CzKu44kw278x8if0efHuDW16DCaS9jJuMwg7xoy+74ti1NDFjMugpAVl0NOHDfyroNL1v9GWRE4Y08y7OlELotbz9B95hFltgNIGyhN5k5MEvj/JonDn11iu3TxzvAxlTGk2UWxy5cYz4dnhVYRg1Qd6XLISbum07jvnJfYZgtcdDPyrjJmM8iICqfLgbnCJsOfLNoWhR7h89gki7HJ6MC7Or+r8B9GdsaJktuJspRglqWhWZbClmVpwZYXscEhr588feietm9bgYsIw85IyqXAFeNzxDQy9JDFy+GwKE0tyhh/11ly4viokSzODjsD/2HTizI5zfLjLxelpMnS0AKTjKQpElSYZIy8q7EUPIvbxYqRFcJhyXqnPaAyFmUMTlSWxWVdaq1py+2+lDgULjsaw3+FNJ6MkQzy4ymRAocMGifOnni5YiQZgzmQUqcn3JOPnnz+58/PiTQ33aHf2UdTiq8dtIcChocCsmn+CjPdM8Jig8ZNn9FLTxI4WFCcwxQ+dO0OKrSIkWL7IAH1y/f8ciNl5Cy8WMZ4hKHLkibD0yyRd8v81dS+snr6/A/gzpx/XpFt8NTlnwMcX2HmTCCkdQDgyDWQh3AwnhbC+Zx/eY7+85yr/JG7qqlF/uGnk2qhg9IQgXWmni+K8RORo4QnHLbBxhdhEyH0R3d8dN0zE3NufPIfEs7QEAyGIxwr0gouSoN09HgmU9Z5vQhAkk0CJEUBgdCWIxnjkpgl5395uo8fOvupAR4CyWEEsouicyBzwrel8MhkE/g8F6HI9HWA+WsAxGCHYlGTKf0shZPGR8jUmvlnhU4MSQqciM6Sf3YORSXBNthsnmTRhlBdiwUmuS3qZGl6lvx3n/Y0ffsb15zozJ7pTAWiNL7i0ggHxohKOAwxSxvkTOdcfwKkodFd5kwCnBjMMpNdEpdNcYYjfNO+Tev/7vR7Exe/LASw7HQyA69EHtIsWfJejqWXJpbF4KI/G6v2WJstntzMRmOxRpdJyPRfeugv1dIxCzPDSIPFVlrOIwQIY6KyfANJWtyxJTJCLoQEnjSYQwUu6iEuSVCT/A/Htx7cip6p0Ggyl7skjZPC65XbBUqLxxPmnGGJW8UKz14cIWySPeVbTi3cOLvNQHNIL4ZwIB9//ONrf7j8pnvsyLFVb05VsbHBCblxX4vlXPHSN2j3z9/Y2Dv/mBK9b/7RO5LNJ7dC3Gfh9Pm0dflndLv5Vjk2g7pwyOEfmL9YT4zDiVuUCh/38ZMOnYShWW41URRANOjxdXZ2X38fmPmTBjn0vc+d8y/36F+5PDf/eY3+qc/L8y/ZIEb60SHO8UxLBJluBGAONBq0EJc0H3oi+fLBw/5v7hhBBivFDoknz/rD0Gf+fc8m2HSJTIVWYE2mkxp1ovCHLxxzuiwAiRGSQ+0ikF1uPLjx8P5pipukAhclhNhiGDItEKV5Wy3ttDYJe9CbS5+kKoQkcpF35cO58BUPDYt7ZjHFlucPrtl3+vHNu15ep9zpgJEBxSF/4SOEzKQm4VbqpPA6v4jGU1RMUHIQnIKe2HrCY5jyHFYfyjVSDDl66tE3z3rz+OXH3zjjjbVXT0eXvHbaa0cvPUrvPX/vvi3Tv5FNlmLmQuoSSoya33gy17S0K5aGFh7UMhb9sxdHisVcrxY1eddaDp0+fei+/8DZNTadv8Dp7rD88wqebjWHbsRsvbK+eQ6bhENkZIdGw+EjkAGk5pM5zzseK6MxQNLEIMkZzsb1G7ceXvpBHjp8YpZPdoO0QQbw8IcmU+J5lmQ0Ild5k0GD1MY221jNHMrVd0B1bNQ48NmSmj3t2PTvEQwO/s0S9lTgcv/70RaaG23cLJsRf1QHPaySVpkYNFt2usCMYgunQyAFLgEtQ83dmn7viuzbj27ftOHtfyxKh5kGSziHDFDHOpLuPHSngAHWLDfOahTbZuuHWvqnFv2wS80cZ9asXGWhIRhkmx0go//EJTE1zR7fvmnd9C2t6UN3pjqd9ha15cRv3NpINdR6bACdMv+LW9qlV8CMfgaHyBGaakH1Hf6+M1/9elrHQcEERcNxCURt6jRCWhVQQmLVJ0E47NA4AKwXoiBUc42IuZGKBaioaWGXH9ywNVhPhTC84/LvX+mcMf8+mrRKMTTYFucvKV3eFiAQBk8GXZQCBfZzjxVrPKotTMXWOpooivCELztnIfxpBIDTCR+aA6lG4VWnb7pE10A2McsHYUkjMIghSQMnRgCqiEPONEoVKylDaVK3AUaLQqBNVabLouo/aac5GDRKsVU74UMqXzmi6LlJkzSCTA6FhGBjAOyRKLFJaCnaLbkpf/tL19APn74HGijiEgEObbAeF6auLR9Xs4MhZ4IkXThi8QzK1Jxt+uFJaCg5CPOPeE8/c057IvH0hpVLKXo0YRQlIymjj9Unrnli30/ve/CSBw98cvoBYPL9c7//+k+8fu+F9z5303Mvbn+xlR0hSTzruUbRwZZCgURG2uXYG4GITXdJQI3CkxziDARCx5MMkBHy4gUbjm3Ys+61i7cdnv4pAYfcSOGtlG7ojKdbBm1k/PQ7f7lonjkTRvxNgXLJoYWD0J2nH6cfAoqEEKbAyMBBe+I083cZmhTQ+KPk8vX572GDpdtsjMjQnEOOzCIxutlElJFFMoNA2YfMjN5uaVLhiAlXFyaIYUVgRokPgzaCCTfOhTSem1nh7GLrUv+Ig50DZ1Ey4rlIpmNodxELbWSmPH3ahU+AQ2BAQGNUGsKJYorw4RkOBBo9Ov4A0xySGIYv3JF0GLt/ugU5CEZQhR9ysb1o9Y84Xpt/iZUR2s4xPrdzEkkNEikiUzM5q0s4B9tjyXt+MTMCX0j8NWf6oHWBIn41Llr4dWsjRsxiiYF40IJffXX6E4OvzL8swisgYaArEzc8+APvY6D7r4+x6S4+f6QBtzx8eCIgigEBuSoHMq/UdBuSnTNu3fphMnwwZNPaarYVUguSAlWLZ0e3pjDMSmS7zNtjkraILKa4YeIdVysfffRRTB5++OGXXnqJ/fzzzz/++OOmvPsaUXjFwsR/9LRa5ILAAEhw4Ez3j+f0yhTN33jEBCLWLkQJsRrYzoaPXruB5q9XoDCkScxpDmYXoUj9sY6MIdNiL5+T/Os8DUoWS0CQ1E8OCEQm5EL4M+SVVCCDxm0US0MzUk9AabXS2lfW0WYgDCOxihIfIhERIhcCdYkwXDbOoRDhMHtK8Nlvb7CdN5e0fdLZqw9quXD+0L3v/KeqghiUtM5ESWz+EeO/SIx/HKKkCR0w3IhZIQLlxaQHkcV/x2zk9Pl3mPRQsriZ53WbPtLq+dYfbL3pKzdt/ZWtH7nzI5v+0fS8TD77yGfP+fw5n7zvk5f93mXvfeG9i/TITHDpS44WkVHzq5HUsdLRLhNRcGpsznO2SQok7Jw1R7jq9IrWtDQJczHwqasPsrc/fmU9EcKNVjVDoEPt/qA5GtKvGjj33HON6JXm6B4fl2J76qWJQd0bi+WSbdxldx49r+GeoQkDvh1SRqkBCoxzy53gCYoA4dwTZL+vIw0nSoMMGc+gYBlVB9Ylw0jjOYdcUQzOPPWt7ItkRjMtSmKB8q8zSsPn/PmPfxM04JeOoRtR4uaSA90x4YkAu7b0dtHv/Thn/j2+bA5lCQqO1DqDJGKdAhIrJOsbZyEDnzSiD/VEXSGMusbGo+0ZbnGWPTI0ECRjDg04m7BxEzKIue3g5hbkhDqY3UCAm+KjBJSE22bw3/Oe99D9gb9+E4jC6faPKf2RWiIp0kZktKMC4UbrbSFmCU+z3LBV5nS2JSYoVqqaMes+263NSK1p6wNF1NK6xMwlnUFkIoqHTPrs7BPixfkXj1W/RsDU9GqOdL+Pos4CkYtojQbFLVZAGDQ7tNYJQ84aIbvWDGRGO6wGEZ4IkArs/miBra5ZqTlH5qKLLhJrMTRRjdAsA9ugNWgBdE9Gmt0yyNtq0baLivqdJp0HOC0wYsZlESI1EPy1Rd+QUXU7w0hrpr31R7hAUDBlcUmg0SjxQaOj28ZV5ig27dJUTeMGXwh8IDSc8FVaGysNJn+VolTJZk2hxFmIeoUr00i/87LfLmKktUAPjoxxsHa2B7GgkWwhSMQ6lkL0QQcY0/q9882bmyi1TAs5/xq/nmYY2Q6bj0NZehyRyIYRddMrl2j1C+95oOqIpFKbJX0SC69jUsRt3tfTRw5n2XEg7Rzd0JY6QzgIAQWE9CDiuc0DnEcu2ogHOCR7nGLog1xCRi6J6JnR9MaMjCebmcLSH7HvUGgdB02YejdLDNs/2o4Pki6Nm+XJf27YJPWk/gdSijwjwzASH5dJIRoLoWeONKqmBh9R5OWrXhB72gOny9WjCU9uYmu1DvSg5tGtXwNHq1evenTLR6xLwpkwWlmzoDiw9dZl3xjqQZl+9tlnaWigiCjhOPCMDGIrBKApbpyFyPXMM89I0TeeMDSOoXGDE6flf6FOt/EgVCxbCm5VwUEgekIYZmNe32qsWIbYhE2w4kBzECtEdcJRwrDfX2gEMkAiHTepjWBiB7rkQPeELTsyZl3SxUKr8xD6TSCFQwNF4tOusK86CJ1HK445AVsgsclJvZrO/LxDBgLpQIWQwJGIJ0qDDGIQ1KhksHRZEvSInqCnRU4lbm6JDLcgR4BIAZlD+wSmNdW6/qC4l6u2H7YKp+WatsssaBApBOoGYmzEDD799NM8BYrSZFO2h5B6yw3sVKb/Saw71k/Nutbh7N6BqEuDZrUGlgrxAyGBSwvs8slZGPZ0abjNbZx+9SUct2B3Xh8zfVYZAdu+wVXN7YB2c50NhFgVDdImNNwccQuBRq8PGMxrohVSGyh1ahaNJLatkJqtHx+pEbAYacioGpSXWx3csWMHhAcffFD7vO9aae+7GCq833cIM/IAZdRGsWxZXMrLoJXGWTh/GmYNrNgOgEBLgL8qulFGbOw/sGarov1XXW0CZcac8MREYzsA2gWq3aZ7OqZdTamXtDurApruYQinXdLBsPo4CGk/EAhGNG0+WQcRU6y+KUdzbDvalkDSPrYlNA3PipVR3nBiRcZmk4Vowrx93v7yOBoCkZwO67yIxLjs3X20DiWBQdkYIVdy4NXOkzgw73/tpNVHNu07/wcvHlj6em+tMyt1gTUQJeAFYsKn1IOPJYCgD0C0DrhKOXSsUMKkhzBPIQ6CRxOGZxqGRy5TfHoiGb1VuPCqq/+R4Tz3ZvotB06BQVTbxpEUOHjWJZQYg5LZAOsJCcFle2MUSySiw6QzDKqLiBU4jqQy09USVGgC91x+n8CLH1j6goRAednREFIr9MTz2WWXXcboFxB69jXlNmInM3jKkjPxrEP0oX3uJgPc86j+aDXj4osv1u1LZmETyB4EIZiF1k0ZbUwWBStQMHHgLETeyy+/XNJLL73UoAdN49jSUcLELCb0CuTocagK/j3XsukCpeOpby1o7TWSzjCu83xosTA9xzPUpUX92n312myL+JIaqSdG1CIj5jQ3ohUcelCuaaJoPPWfNstZrLqIvC0fGmNXEMSIksl4HCdgexyvM0R1hHOBdiaxXe1bu7dTb1bJmGCOjNibbrrJ8ikTH4AxH81XZtz0SqyTaM+7+XRIXRL40iGv2+qFYE0xvPbaa9F73/veR1999dVGZIy5jMQ4JnJJwaBNSdpfvL/iiivwsWMNanIvonUAQ/zZ8k63NpFy653GYYMifm64xEF1G1L5dLzmPxahJAkQxRK0NDYfTfo19xpBJLAGpPt4H8aPPfaYD4xuTCrXX6exNmETssahq7NKVRuxKlJzxg0Ubu7vDMhs3exGqRBd1ms4QNRZg5DEth3m0j4AKC8CAiFUIwRs0dYNqSH0Bw+uv/56sTRulkSNemolWgY8hVg8UbJrI3CccTBbXq1XkXA2jRUQU2yeEQukSlsFPSfzJpxukeqy86xcvRIIXzlaDco4PTVrvt91boWDUp0F7cO4BXUJn2iCdPJyVq8UcBTS/gAuF7T2Lg7QxA5iYiHw56PA6lKU/WBvsDVQl9q7tgdAsxKhBxCUtlsF3JLBLXwLSmQhOChff5AUTmpXdyJbFxMiViAoy+pjxmcMkcLlWG4paimQk9Zu3PTU9avWHNn14emrZ6qGWbGEM4GAmPMvqjsLPnwklTpKpG1sOcY2YyDJOUr2vCPgqctzqscRJ4JhhIGqQ2F13BTkwlMIGeUTl9rCx6yommPzd76IugiGI6r+tOEdh0i2mnrVNhOiRknp0R8y7Y+5mUPzD1zsnHzpFilEc6KBmHalxxNMgfr22CmHjm5/ed3O92x6YvqTXznEPALK98An3POox7X+/hXtpuF5VwoPc3rFQeG0EX1jGDRiiWHCMUJDAKjVHvWEMx6ZxcO0S8jQ3EmAz7tveuoVpcnd62liECyRSBbPjkIeeughqWmDvQ9JQRukOTCkpvWBMcrsvscn/kR2PHl6YG0bCIkMT1rg4rqQiI1FEWXWXpK3vzx233334UmgGZRukOl1QvkGNcQs5nRtjAybG4d2pgKFWxGBHNgGMYSGWyS1qyWOUiOK5QMEsnDSGxpwZOaWv/1lp8LnQzx9cSuxe4liuSEmL+bQ7rzzTmU+8MADoNAzUv8Vwkfe+mxTQXbM7X83ageh26NbFvAOuBIqGRpu/Zm173znO2jfe++9RrSU7sASs5rAXx9kp2sjNzj333+/ttuxBr1sqLcoDHOmHZzpQxc/6fHrVuJOgZkbkJtIdzeDHTC4+ghL19q4NnF/zY14KzfVyikbsg76MIDjpux+5F7s1kwcfincF1RuLXU/5LHAeqePpohV4dYaYCWwz4Nxa9NTuSybKtQCwQK0EnSrolnGdaddAlCs0hToZsToToQ2MpwR6FBpvTLvuecefbSb1ai/GgpWB9vQVlcUWEtoi4hVi+ydJQJBUUZoZGhMZOHGZ+wPJaARK/RsjmyFa75ZudQoVjqBLuWiydhnCKiOaJHOtM/0SuvY0Nx2dV6xCJMCaTu7KqTopgMEH/3BxIclBJ/HDGtqhIDCiqflw0dPiObYG3R/2q+z8fDDD3PQQwsqnXJwqzo8kxZCsX0wRJKgoTlCJFKgcMIg2NLGyTi600mdv78Ih9g5oQVoq4hSYJ3fev/0i46fvmy6XRrRgcqHFhOsUI3JdAbmr/iRaPDXOmJZrYuVhWNlG+Ggqyipyyr0KOnB1MOHRzGGTnrq0lJTEvGRFM/2Mw7qQoYYMQ4HJZ+gLokFtbIWok1CDBZIZNcce0NFTqXNiWFNUwVPnVGaWCI1AgwjNW1u2FLHiCoI8GIJHyK7EIfa9vAgqJY0bq3mALn7nOlf6J797C3GC5QoH8KAoA8q8qwG8JprrnHf6OXDrUOvdIyDTQjcJcOUG4uGGLeFaIUgAByIS097Wu3Jz7MyKMImPR1CsCLyIowAhLZlfIiGmDXODTEg8noEl5SW3fN3IGZNxYQNkC2wG1SNBcUwbnbwx5ZtGxgHK6SW8kSjwDZhlBjEltZDWhQfz7gMj7k65kUQKyMhw0SJTZvl5h2RLsQ4zScyaNBa51KLFAJKt9nClVnnFaUE5bT3sGrPMOg4i+Wsyfpv+bQOPQYoSYUDqZwKsUnaXfa8U2Oj2sA2rUFTcllZCKh+9rOfVcKHP/xhmAyc1YUVhjLyJHGADMSGt/NBuVvS7roOFEw++FfyDTfcoNL+juFHPvIRJG+55Rb6uuuuo9GWwhTneoW8bqiiLWGvmuqPKtoYqiYChfQiKhw9tiMwHe/OG34KdlYV3N0EP8fVpUEUHR59xFITxQOVBhtc2ZJBNIUB4aZZTql7EKg+7X1iuTuTPpY0V8ayA2Qoo/2tmBZGE/VO9riBwq0O0ui5u+mpRHwsoT5qh22EqlbSysYHWhulSvkjIDzAcZ81S/TUsqmrDQrHWdW1cVarVCsBom3DIemEMHSpjdie4yNcRS2tKOPtXZc8Ge28tt3insNKabQRy0Rwk0WUEAylVlR10cZzgEO0SKD+QPBR126DbNDSQCuvQDjdbtCuinEGOAsXC0evrCYQy2cQQ03jyV97NVmLiJ1gI+qe+53ma5pK7RPN1DfpZNElyKoDArzNxkZv+oSZH5y1YrrNz1+zkkWIhavVhEFia5wRZxICNCmIZQUVYHuSsxBbDpMLH5p+tOGtW3ZYiEa0xWwMSTjFhm+W1D3+2k7EKk0fWlmroyFm+QgB0ir48OsJzCnwLGIPG1G+KbVrAuYIy4UVDooi0qFtUMc4cDZLfKBaEVH2MJKmuNUoghUC+FhfW5pm2yE6BlO4RC1BS8zoDuUSWge/2iHLHivlRCaqyPNUjo1Bo6QiuooK508evXT62vJlL1wuUYFl51PStlZPLZ53Pd3qlcc1dn+P2TMcB/i0+4mHJFMMlwQgDcegQnpq9/DH8BTofQAgYRPIXkpCULso5YztV+HESJtTUosFBA1Pk5L2UA6ELYVxaHwkpZ0XBhqVWSvYEplt4cquaQybwUhtFKstnMveurAZNDRQLQqeSjZeZ3QJjsdc1RGwEkUGSbbGYqUJBj0Bl1Gg2fgwTLHRoGU3UvlGOLRGkaRNEUXhgFj7J+Zl1zGUeu1Dj4EYTLGEM1FLm2Q+XtN3PZxQB8detYHbb5yBQwD7xS9+keF9V/NVgZv+YxUl2Um90qKOs7MJbdzrjMCssTqAj9dTPfSmi+0dd9zBvvvuu2nbz2mVRetkabGsmtJc0irSKC01pfOFIEZUCq16hWPIdgTe8abbiVIwoiiS7ixRdMyExVIy6KoFDQ6tEpiyZoQbNNJN1mePu5JbsDsvw+0AuLsDh9YsZGXoF1j4CtNBhlWRGjH++BBdS+OmiQhzsGxwgIiysQDqDo0SrWzI0KyESqHhAEQ4DcdKw7cMRBOxUhF/7YZjjXHz0FCxKkWyTdnSkrYOJvNpXfrjFZ09BPSE0W7uNHa0GGJFaUW7DR8dI3GLpyVAD/PwhXT8lEzGvjeFg+qI/ri91v8eDupb91wO0AgCcGpL4aQDwI2zlRLrUwQTywekZxeDZrnxV2BLptv6pkUaZW+4tCk10G7hoG+dB1WodBTbx0PcVNpaEODzJnr7xxoVjiTCNInzInPIAmMOv76FM9AKwUfTtnzlmbVvnX3onB3fP2XabLh1F9ABCESlA8egcLEc4qBvdd6yWoXuJu0fPWlFRNlgqtM6Dew5jNHzMkMnGWMzl0uiDt1c1vTFfMIHJc5zHdM3hloL4AJbVlH8kUQMPXzQsOUiWaP4QBv9H0vQDmFL5JKDdPhECTg+iewzo6WfW/YoibznDPuETSO5uKC7T9uw87JvrD6y6Wdevsi4wfaPRGwIlS9KRTqjLb0i9OzLNu6ZBrIbSJrIZdYUKRy4cToyvQb0lOyJOXFpCXr25ayEaOCDKiNKifZykAV47wMeK0VFrMcsNOIgo+5poxB8wLZ/CEwjiOVWagjoMXqCZxdeN2iXQmLIwDAonUeVgDKOGHp1zFuB6gIUzqHOAGmZ3IdHLTKy0cDBLGEQgT2umaKNj5FR45BRrHHaCEoCGdpuNWUkOu+hXN6WRl5upEJUZFuO3et82bGk7aqNkCvz1ltvBeuFXr1946+SwUqqKD78iUZ1nN12GN18nAsjNjNAPpUcgjcEffPWa1nZ0llltlcmVcztmV6lKs0IrSIjtoRLL+KIecFQLEM4NOH8gSNGTwfH/6q8mh0n9zX8HFfSnUULuGFZT2u9HAygSqUzcFJw+2Bu4PSEok63IXc0t2CHn+GWZBCsdABto4Fs/cJHsbU022nXKVFY9VFXH31mdF/j0xkWpRc4QKBRorVVf2XpXPHXeuEAaTLIkNZMRbJrHD46qHFar8a6b5CbXACnM7pwDIwQsUAw4YYJAnRkQJk1rksVKKoa0VBOZZLsPtFxloUnhkKAC0eAQbONRwMO5zqj//UKTp+vAw0Uf+HYFssIwXLXcAjC9arPdQ8KQOq/S1Dc+CtKb9WoNH2zt3RJ69Rr/xln86mlcgkRS+AgBoqBm3Q6QKSuCtLeq73oqR1PmhgZOgeeYmMOf0ANgVaNmobJKVu2XfjgTxu87/bnLVZthMMhJkAGgkH4ckHghsZYArFKU74+WOhG6ipwpSlQD+1/jyCkJzCdZCi/xeJTLlVLRCqKrhUVJQomEdWjG6l1Yo0XJTuqldlmw612QYYGCjGx8oJiYJgdmRxqI1nsZB02mLMnDFV4suxpA0MCwRRP8r0P7Fq15si2hz94xsHp2/kC2z/ZDJ5GCoTTI5oW9ezrkddO1jf4bUKadD8R0n2GIakRsJHxcIyPcAZAz4K0S1A9IQEZ3YttlUaJmCUSAfdYSXumlAIxg0AgSAGKyIgbHyGM2guKwFSgkdxogXDE0j2Ox9k4t2oZUGyCD6gYpvlzrjPqgoMeVhETXjpUgZhla4JBDaEb54ZbIh2fkRo3Ns0eZOg8E6z44MNOG5Gdp44p0J2f6DxtRJmgyFTSHEhsKnuyPU9sVOeLGLGlYSozzvfddx/DCyXtBbpnfYVUr6S4TSs3f0mv4+wUgOosOAhGOk0wBarOW4Hm9Nr6yCOP6J5XLMjGaY01oslm+RNZVEFLLamWKtNrBmf9R4whhI+o1pcbPR1P/1N2zULRpSK7tSXsKJqVA1G1qQocA4pkbBIb0O0DIdCqtluSDyrHvttuNyM+rVALIBxyuizEJpMaKxKfwuumEZqD/ScpECEIkLHbaGim8G/3Sy1cLG5hWmaDEAYZFeGmZS51EIImQuuQBM4tQASIcki2fhqHxgcOVmkjFSUXB25Cqg4NfBDrAzWtXQaJMutYicQWDgomHRQftUAbnQeo7QEaqWN8goon6ZJEhg/hHx80+iABS0es1smoNGVqVMe4zdBu0zqD3RS0ruWWBXiLGLGWo4UYgsYoOZLYkoqt8wyzw+ZcLCgpQhhiluRsM1gCnG//waWmXrzhq7uOLH3wA+QWQu0iMAOZGCy8YRfS+rZpYRrssPAJCk5N8/BBMmqp2lssDuVaLDwyRhDgCUpsTPgXuIJkUWVvi0aGrXBofHiKanEjFhmaHZkc6gP/WMWH0SBPDjYYo3Af8BDIWFOez3zgu0Iu+9ZlIyTkmBtsRLiKdAZgT6gec0F5mjEOOXppPlMr52ayhfOh2WAj457DEM4A6FlwvBsQ/mLxiQOdxIdBm4UGE1pvAlGiDQbC0C4iO//F0hjQiO4FxT/+BDf8aTgu2aY4cGPwZ9eWkI0PwMSUwZ7zqsujrctGRBXYakrhUitc8uQgNXvmMvWQZHMrtRHh6UYqU2yF0EZoDi5lKZcQgx64JULMEtR8Bm6lC0pFRH/I2PMdLmLHumxR6o/neAi9m/aNf++jqpZFae0HsCF32DsFaZgA5UISZx3ABDeB3g2whQ+n162aibNxDoELQaMGSqrM3LybufRuRpNetIDwr2R6Onr+J7H0SqpgFDEbovhxUNWgeMXwl48BiCBNGC0AQJ6gRPUx47br2Pf555bk9uSuFDhYUk9r06ImutMakKKE0zrYCC0RNyCIkbEtGIgxEDNuUJaWtuyjwNhKB6QSBNK67JIGondwqjGf/MNcIQYJB3l58o8SmzZoKh/lRyA+KlJawu5TioxVCL+8hDE4hAOEUee72/YBE1Qlk0qe2/8OGSAkMgIh0JaP7kOFDY3BORqVNvaDTUnbczpmt5nSxpY1qgRCIHTEoEWAoDcYzrVOWWppRoU3noYsRCyocBZBzNLciBWBg9uNu7ZteOnKY1tef+bj0+sghq1OzsWyiShZOFQpY9oHcwgcI51GHWjFW2LhmOCjTIuibyRDb1smUxx0IMJyTVUtf3e2vHCa5c8mLZBAUgoOxmNbbA3HSlHsoMzCqf8QiGWlF/cJA6AU3AjkpEBG65WbKlzSKuqAV1c+Pzhz/6FzdqzZd/pVd09HNUyzpkhotHFoENAQ7omNQUOjQ65jabMJmwCMucbSObvzmPIw5BJI4rLA0sUBsbm+JWkQpaoAEgEpenakDY5ig6L5E+GVSUOrxqC4ESFk3gvTy3E8aVPxj55BurpIrEJLzBoUwqguxLCKGDR64BikdcC4XGz+YBmxTUrEJ7ZsDmPcYHoitCwhMJriXF5ZcKvnnsXHG0u1cwhfSOVYhfb22Pz2qks+ZoXw7+Xy2Wef9cr35Pw9XSM9757YqDa888hIk/Z/eYvy2aQVvRsAhM+GKQWNNo024UbQiIxxuvC+ulCIMoHwoSu2kKk0/0NR8RgQVAhOiCbVbHBUjiijLgMiSEedbbypuYdLX5HTuxU1Q8tBds5iq99ljUsHJZ325R8TAoQsMjRbo4WQkFFi0EAYgfCfi1u6WQdFmhXFuZAoaSgmbIPkRxFblAY5JJERFZliOQjnPBc0VRSldhvJHiRXIIudsZckKMITWoF9PtX57KnOWXIGlUHYMSExITOR6XOOhpNunOYmMAK1pRaR2mWfGbTzzLJpnhLFYc6wBEWMSJ2O0qJMZS8v8aKR5ECHAA03MqWZZapqnprBlv55QwtxxrfeZ+qpn3gywBwKx42O2wDJYcq6LFP9cwdomHBo49z4z8VN/dc6n3yEQYC3KAzgjJGlwDnPZAwyfIQbIQEabJzwaYoMYjRidNWZkoInfwhDXMIpS7O50SFHrPAMwiY50CQo0hT+d7zvUZ7nPfzT6w8tHb2myIwxCdu41PXNnjFi/5iybTB3vzPldmZfsWnSPYfRHuNgSkZaoGM7QEwZH00wqDNtyz6E+hB196THvTVkhii54BhBEiXI7efuqrRLgRiyYbqEKdaHDQe2LByEGKQh04hBhl8WsTSQbLM5QwPCNsgfjnCaG611piqW5k/4E85CSl0DORipsVrBhzO3ZKSLgC6pRWBdCormxocW7pKGbIqbcLo9aX/aDz2YevIj7LFp0Sb4IEOQaY2IvETeBvkQUKI8ykPwTO/p1juoR3nP9J53XZJyBS5EFcLDoV0StnQcMJy2/vJ3YYRDDj8oGme6p2rS4RVSFiOFG+yZW/jsuPRlBsLBLGeGvNPXBglaJEJD1Jwx9WC5cs5z+W/f1JIum8qnOq0ig7YSVsiqsDEwxTZIam4ZjTPkmlIu31hzoDkz7LbspvKM3pBBaVEbH8UWlTRCRuwIafHSjZB8cp7at3wbWhxJxkjGECNlLLtCGGpJONCVnM4h5/SiNEUGDl1L69IiFEGeniMmgVDgCp2zKGxbpnT9t3yN8CRAuEHWJTatabR9lm6qvi2WXy6S3SAdZsI/mZv3DlmaWF4CUkggpEHCoezRaE07DFd/Zf0Lv7Ruz3V/+vqFN5z2zBQV+UE4QxXGx5FjkMbHIIeKDZ9EbOayxErfRslD5xBPIlBSIGbpQ9cc2nHbjsOXH7733HtXnbFq84HNR48dvePKO/Zu2/v9c76/8/yd2/dsX/PKlKuMRDgdjRMpkbkr7yBGk8gsUlohjS/yr6K23NhmbPLW5tXP3/AFUR956Lrjxx8TaKqQkYuRuPzyl7/sJo6wrXXnnXfaZvfee69bB+3O/rWvfc32M8tTITOR6fFIUoOc77nnHuF/5+/8HZ8xzz//vJAHH3wQlFn4qubM0AohX/rSl9yOvvWtb8G/4447Br5Z9DjHber/oUN33XUX50cffdSHzVNPPUU/9NBDMn7zm98ExYenMuHjFv6f/MmfwPz+97+P0o4dO2S57777hHzve98Lv2ZaKZcIwOfALWe1cP76178Oig/8Ueyf/umfmnrkkUe4/f2///cV+yu/8ivshx9+GFWz9Qf+4K9M+DAxh0//4Ac/APLtb39bdvjA4+9Su/ThO9/5TiGQcWZbnZzBTnto/lRzidIf/dEfcRCi2Mcff/zGG2/kKa8pUBmcs5tyyQCVJjhEI4HfSFMFYs6QRTqf9DRMs2gkAueglVs3woRtFmYECAT0dIMGOOzGpQPLmU0noiBURcRypmfIpdss4VAgN6mXVqUJmk1inExk3ymRjj1pMM/hP4e+PTIuV9ikdCNpI0njiA1ZLIAMtyUqsyg1GZd0ueYM7xDhTSWLIQNhae5HCJBFvWgkk9MsS9fLI1ZRCnpFiuGTEcPKJI2PWdLUcEg4JD+e/1zf2zIKH9J4nouwQxYH58yTLF3P0oiFS+Np4Ro8Ud61lkUOYZ4oiw7v6ryENctilvRJL+0/657PrFpz5BuffmKFcxLIn1HyX9yfQydNLR66epJ2SWcMWbtz7SmvnLLm8TWnv3768R3HP/3NT1//G9ef9eZZa59Ya2TjDzdu3rt5yXUhnC7X0I0nizYaxP2Cz9BGOmuMoYlB9rjRpI03MjQ38qWPvXx8864tj99288ub+chFLxIj/DOM18MhjdDDmId/5Bot2u8qiw4Z4/JHyY93mOCWZVwyVJedzL4rnRsZ4z/GSFwm4zKDNE6yGxwyRmaXd8g4KSuOTHJi7DDIor1CWs2aQCet8on7J9u4WcaiGFkKnmURM+eh5/lJYnXiHWCFkXRJEyD0oAFqwOaQdJkescOY3d8OzIghZG7Th65rF3mQIgdjdpqMeLrG0UTLiPbRXZZjoJGBRozHgIiie7joEcZTFe0J0VSPG9BOBCQAGzEVILfBISMENgez/InApU+Vd36yLuKc+NRDB0tckvwH5okSN2icwxSrtLTB8F3mM9CSucpJGs8hqBFCJyUqkCxFLktkiKnQilpEW6TBoAusP/VqqmqWgUZzHiJ8iMswCTTCv/CaT6ZH01my59WYJLfFLEMWL/NpJHCxIZNgFw1SFsacZxJRn/r6dauOrXvt/X/y8rnTS2FutLcEBp3deDI5LT+mBDIzmiQadD75C/cC4Z24rzit+LoTN8ZAyyAl2vz65gueuWDLvVsueemSTXdvOmP/GeteXHfFa1ec9MBJl71y2ek7Tj9176nCS1QgCWeF5JNzqUlkNi9/69f4IJYbNEaYGQ3mkPMKberASRue+ei/1Yf3/8H7OQ8Bkk4aTEbrmiLDHlNjZFEaJ9lD/1lkjnt3WXQ40ViUFYM/yudHuWUsXo6RIU0tytLEOz2zh/7x0nZdNE6U/1WcE2PbHrTtYScwCCNh2yEnbq2l4Fmmg7QMa4rkwzm9Qswm45JbIOP+sChGQi4FyaYXpakZ5t2lkDQpb3rIGOQ2/2++ZsQjQmQgkjnw7W/NMjqlfQGd7qvYfb2+QzvKJuy08ZqeGy3EZac9bZxnIVLj0P3ajbv7ON1l45EMnwxwwg6fLAKqbnwYJHAMcsA55wL7Yn11pQ1WHeFcjVOPlhcGTjYdKyEFhrB1/uE6OvxmAxwMwyHVyGhwSjMLzxXSeIG0ohjpEIhxntFWBVnsEm0kMgw+AAtPFtHSUeIZ/2qBSROX4ZM559QrIWTGW1pTYjnSRkiz8EuxQuZC3xaYUg9tRFThA2TxcmhQjDAveG3VSfd91MvunZ98MQ5RGk/i/NPvKnBikrBh0s1WmkcuT1qeKd+avyW2e/7GIe3BywiHnsN6DC07ndHjWtqzKUo9kvZFNiO0cJoYHw+si/xdLtaVT4Fw6Dfnf7u8c/mvubH78l1Zwi8kDapHZASg0cYHJVNfuf1Vr7mbn7n54nsmtygx0GCsoEQTfWtRfpRO2Cuk8dF5I2mX8/xKkT1jjvszyY93XjE7LqO0KEZOHFwhhdOL0hR5V4Qlp+XAoX+UBHKiNJVP8mfEyW7QWrdLramdQ+yHdkU7v63F5mPP0O0ohs1AWqA0KIZZBiizAhmvzf8YlX59/p0e/cRTxyECUerm4/5Au7NldE7BkpJGY3x3Hw5wOsLEOOTBs607ws0yaJI/Ee6yQ0FPZPzPhbnqUR7pxpHUwUVmnBniYWHDUCdyNDEb9ZwDJC0GEIOmJI2NChn9y5wXXngBQj+KZgQ4WIDaF5rw+IRWy4BzwJ9n5QkXq2vs8I3IyC1/dflI0H0fBq2BEWglyrkff+jn2dgB0sRIuRaJBZuAojE0jlisRPWDbRXYv5brJ/EgA+QwABPhLYrBdltlcqNbOIOEzWfExmd0aWrZLAECiZUoTBj6zO5uixV8g+EoRIvq0rx1lx6kSP0n0Y4PUVHaCD3Q+HAWBaRPYh/Jic/7dB/VrUgp0FZLeoWM0oC7rFfAhUMLP8DxBKCQsfQ8GaOim37nYoCv3P7He89c+kNvPHvqSntOontAYQypORBkj081GuFpVggR3j8eGP9o++T5X1NsW/77VwxJySLhBIEc6FNPPdUUNJegCqfHT9d7eBXCkxtdsRhG1UiApCjSP+3oH07QwI3Q/bsIDjQpliZmaVNG4t9PqvdvJARuOHX7Mz/5Ra34wLc+blZ2njWWdjkooUdC1jdy7CeOHXj2wKqzl9p47D85tvOOndnJ7DXJqitW7Xpu1949e3ft2LX61KVZYurYZccOvX7ozZ1vHnj6gKn8D/y/Dux5a8/ON3Ye+b9O33Uju//hbuGvvPzKvjv2YUuWIBaE24/SyRg5UU4EHFkO/63D+7+9fwwe/S+P7vlne7ocmMmh/+zQW+61u9/a9/l9xgtPDvzvDxw+dPiN19848q+minSV3v/k/vxXXTJ58t/1yK4D+w+8/trrR/5vS/9mxEZtx459yxh2Pj9K8lkhTckuo51gQe0EBp3YXWO7tlv6Fw32kg3QZpiqnRFCy6goswybpF0kxJ5sX9EhkDYqMRJId4ZuaG59LhmLlcpCyiKKUa5GOHAWUuDQDdIETiD8CyegSEYjoCY4FieG+CCGQSKUTxXql3r64TGaaB/RSh3UR+PcNKIoJGqQKVLri2LT/GlTtBQGixUoNSZ9SBB37QztowfPudilf3cFoVuJLJBpI8DN8lGOZhEfA9DoPjCgGZSRtFrthohhG3MaWmtMkKxGsCHjk8awZQAVJWTcYXXp3Pl3Ul5wwQU0W6LT51+qENV6NcoPmQw7kpKSCBA2B62QFAHG3JslMmRay7lRPCMvo3K6ayPATmOFBrZoSCRKc2oRPTrfDg4ZbJTA6l5dotXCgEPM8sG/qAA13wdzn9bWwuc97eHDrEEpOCiBZ3nppBpJZyZ82WkjxkfIYhQ7NNolGsOmz37krZMe+PjxdQe+8UsvGUcJB5TSmKSNRy8ZW2iR0pCQ+fAU7rHmlVde8aRF/3D5T9d5pHt+/tN1L83/9r/HRAbdsxrxbEQLp19++WX0OHhU8ujmSY72dAiWdknzZAinEe6hqqdJg/jQxLh0nIvtVwQ89dRTBp9++mkacvRoDrRBAopGhoZWFuVghZ5B9u/e9tzR7S9veP6a9313+tWVnM3qFUO7RKmCXUsRo4lF0cM1316z9vfWvvX3ph/lPXrB0UP/1aHtf3l7U0Mnb/3btzb/J5u3bN2y7ivrDvyj6Q9YDdn9B7vX/bV1J59y8povrdn3D6bfQ7T/P91/9LqjW7dtPenWkw79x4eOXGBxjqzet3rT5k1nnnXmmvvX7P7nu5eCTxCrmYbDoBftoRdlhKRPlPX/YP3xk48fvWoKdHn0E0c3/Q+bwmk7scmhnzx04G8c2Hrh1m3btx299ejhP7/0k9hTyE8f3f/X9687a91pp5927LZjB39xeq7d/ce71/7LtZw3/p837v+N6RfAHfmpI5v/y80bN208/YzTj/2Hk5vYbiYOb+JyGIQDKcuiHpLbojSem7W2xDaYbWb1bQmbx66wVWwn2mYz+Oyzz9pLth9/g7RL20CsTZKMk2ursAEahMlos/WvhryzQWYz2q4chAjEBz13CbdKN6j5/jd9SLusXj76lj/MkDGhI2/EXkWMAzKcW6CKzTBOuifwF04wURQyabmW3nQJFHZN7wZKE4NAu0MBUi0goPGASLQSOYh1DcsSd8fBpsYZRJqDleDDmVFt2mS8l79qLgsZxJCpTQS9GBo3q1T405Gd8YFjFT5uU+nzL3mJTLE+afospFsGg3WNM6po6LJVjCStQJosLsCA1aWIDY0Y8nw4owRWgfj0mxEfXfhbH3YM2Fqq5Na1fUCAZ7cKZmsmI00WadSTefXeXsdpXedPZbGcheCDWP1BQOo0PvWfD2dR2t5zhl6lG6Hhc+BG+CNfrFUIn9FmUBEfBGYi01cagvLp3gMH7Ymk56Q+ucsiRVkqJHGpRqJeUvkI0NUePoEwJP7ArQ4DbCW4JOyP/P70nd03PvTHj1++9HfLUaJ7HGTTeELAk22KBAsnSkk8jYMVQjzfeIk8f/797Oedd95ll12WNtivOezf5veKKbuQNDHL9lREe1BTS54CCz9n/m31Zy//1SlTnvAKgRZzIdkBktz4eAQUe+n8NwAuv/xyg4jRkGnE+DD4awUNSiIrJSpKbATMgjK17ob3PP0zv6MPH/zDT4gl3GREo/XFQRV0LdVGDkQb9W3aIf/jhiMfOLLmfWv2/2f71//a+vU7lp7bhibHP3V8zatrNv0v0y8V2fp3tx6/6bg3WvaE8JnVptb99vTwuvH/sfHoDUfXnr722OeObf4705cx1j+1ft3vrzv0H04/lbr9v5iSThtsx9ufQETgCgn5x+tFCWToE2XV3lVKO/i3DnI48pkjq7auWrdjunu4RJJmk2P/u2Mbf33j2t3T+Ib/acOxf2f6cg6BcPwvHt/0+U3r3pqc1/3DdYd/6fCaK9ccP+f4pn8w9WTT39t0/IzjXnY9kWz8nenXgE9b86lJJd0xCGNIIznMNCfpkoyp3Bal8fwtpZW14oy2jT1gd9lF7ZD3vve9RvpNF/YPNz72J7E9iLOTdB+gO2g8XYriCcFWhMmg4TOcBVBsO40Biqd+4qY6dyF3iSGVHHOesgDssLRX7UzhESBwNFaBGl5U9bqMLZC2tNgIsHWAZvOfwrprxEnjIkHq47S2M5xMVQuIv5pDAaeDzp6aO4cGyyqKgahAWYyLyk1HtIbtoEKo9bRSTYkVgr106kFm/vR5x3sJ3SCS9UKuji4QaNIhU7WRUQg0gcSHgU8C2mdnn3MG1QiKs7wWD1r3FDyDogkHyyAdN9LxCHmQpNE2yIEzPli52wJ0U1Pj1VdfDZatGzWBwadetedaYODpspSuktOkfdCS1ZP2U7qR+HBGCX65rAJuCLh0GNhoGFdmpVWR/vhg06i0ER+l6g0/bm045NVLdCm7dYwqN4AEIOlT2cezhxJGn/cePqTwFMLBpYzlYshLRl5FqYhIATxdvWL5z0mWpEuxtPC0QTpM+rynDpz99c+tWnPkK7/wxZ17l74jgEMPgh5Qome8Z68eLxh1JkrTQVyWkCvTk5aHSw/4jz/+OP3AAw94p/zBD37gUezh+a8w9TTmUR24VgBnEEaXpuhnnnlGQ4zgs2PHDs+FjzzyCEDhpvrd156fekmVEQJPHEZ7azUpneo8/MF56KGH6H7N3v333w8EMgSzNEDjoPiLNWLVDMKXkfZyrF2KEvilf/fB4xv3br//J8/50oRPOJhFAwH8FWIJah3tGBohlsPy6eSxp45t/u82H/yVg97zVv/t6Steh887/MZdbxw5fXLgNi3ctYdWP7H0W8SP7zi+avOqo9uXXkGOXH9kzZPTZpugHjl2fNPxI9uOHL3w6PHvLn35YdXDqw5fynz7GxNHrzi65tHpSzuLAmH/39x/4F8c2P2V3fv27tv9T3Yf/tnDr77y6v59+/f+zekvsx4548hbT7/F582db+56ctexLcfe2vHW66+9vu+b+wrv6NFD2hsZ6/7puiOfPuJl98B/cWDN/336R1CHP31451d2IjaV3CfExUdW37/0+2RW37v62MVLxKb/d+mxtQ9O/+KIueqeVUffe/TwBYdX71l99LXcj65+evWRm6dZspT64lXr71n6syjO49D7v7H/yF87snvXVOaRnz9y6FcPvfH6GwfeOHDkyil8/3++/+CvHdz95d173tqz95/v9Yiwy8Z8c9eh/2rpV7VAyChRx8QGs0nsmXaa3WVv2Kg2j63Ffmz+UxY2GP+2N3+BxCbpzDpEaYNG+JgSZRtDYEBjAG/nOwsy9ns6bVTOdpcWYeg+2b1oSLfWyPPUcCH8w0dbOls3PtHQ1bmdS/cfgQxiivDhaUsLJ+piQ0tznj505wKnHxsW5hIKEoNHK9e9CQREDJyTcXTRqmAtYxgHDdCsqG7QkeZp1vHjqU2awtAg473wWQzaMa71Yom8iCFD3FL1SKcYZJCUSBYpFCYFEBzAtt7QYl51bs3EZ6rPFR/MPmB8PPgE9Zmh46AqEENoVhGI6sBiSxMOAM1qLk+pWwYILSpuNHqY8+GMD1b9yQS3M4B33XWXdrnnSuQ+hScDuHSQwQqsLh0oRefQIKPlz+YQAQWS2lJ/FjXBhz9kIpfOVFo3zb6uiIZxbHGQRYhA5RAfyXrl+cCnqQ9pI4ufc8iAbemVAJAGVS3YVkWrIMo6wrEKYC0H3SOq5xJZeujps7/GJsgIJxVb4W3gdH2ATwQSCNYX1Z4AehA0C6pTlzOb86d+7+y1u847cMF9j/3y9JDe83JvcujRiKGnfHaaW/tHr5K4ISmd7HzUBcTTvces66677oorrrjlllvo22677eKLL77xxhvN9pfLiFZoco8+PRu1USPjCQmsEQ9t/Y7166+//pJLLrnyyitpaISPR1gOZnliLhwyNNoIKLMesEwZESjk2muv5X/TTTd5tX3/+9/P9mho3Cx6jKL4h6wVXoWheUVm06boJ27fvveGb6w+uPWXfv+2Xut7VzaLv1grKyqtmeqtRtKKWBp68z/ZfPzM41v/n1vXvT4dfGv0/2PtP+B/Ta+63nu3mdnTa/pMepg0Jo0aAiQYDCEEMFSlCTzisSAcnoMd9NjLUURfoHhURFQUBAQOCAgEpCQhJiEE0nsjCakzmb7L877vz++/9r1//z0jr9d5vi/yZV3rWmtd61pXue977//896xsaDMkM9BLk366ciQTtsYZGI6geeq5p84898xl37P8E1iBEhiTT3/J6Uv/0aWXPeiyU59+6ux3nH3AAx9w8ZdffPc33c1A79lrz555wpmrr7n6xItP3PqmWy/7wsuue8R1PjdPfcHyN1ZGiaFdsWyOA+Ho7x898f+cOPWPT509fvbET+7ypK8OWAKUkw9BL24WuqAkgUzJIMs0jZXw8e/5+JGXHjn6tuUR7qS4Oob13v1X777yqisv/tKLP/4DHz/y5iPXXnftsZ88dse339GWPv2i0ye/6+SlD7j01Keeuusv33XFlVdc+hWX3vNNu984BG3+BnLW7Hz7rfVtS9tvVr8/mLH57YfHPvaxNoZzYel1MbYTnCZ7ozNLmJOrq9MUMyh+xxALJY7NJpR9iG+55Raj9IXDwCEtPdN3E0J3bBdUdah0GFoFqJiwFvIcZtZi6s1FehKWbXMnx3JbzPxPR9OY0IWbEEWxruZPjpfLbP2yKaKCYkGNROg4YXoGTizBLWD+zmpQaMdYaSxAf5blbDNTMkEUqNIbSxqltK7s7hUvbrYMpCdJ4DWoiQuyei8/dQUeKp4NPRhc1j1gKlz2ymKCKmOOLbCs5GM6oElmiZlVOusnq9bPu5IV1ZQYY9MBF9Dstic+8YmuMJcmpjd9VbJpCEpnxIYrmQ5Vk42bi/g2CjQWIdYVa44M1WpduuUfrjeETAiWQ3ptffm09Rs6d5NSH09Q8/JgVi6y+RJM1ihl1baRbaNwx5rVH1pE9ry4q7wl8J7RC1mvHb11kS2QV7SWybiMpcHLZKVkRBDTiC0WNlAlEh/Wpd4hTceMexWjSYYMjn3srpv/0+cK8uYX/cTbzi7fuBLwDScH3Esh9sIkZ69KvU6xkdvUAWRisgWXuRl5aRPhjW98o09Jr/kvfelLfeD++q//ulexl7zkJd57XvWqV3kH6vfbiWzEILiy4N4gGZiOQTV/93d/l6NXN18MZGGDgYSVpNdZ0YTlrsndjCq4CFhWNH3pSky0/invl73sZV6IabDvaRpdIhi0uZengeRmLDIW6o3veccvfP5/VIFH/NwX3/u7/N7NXnAG1tR0+No2csCaVlZuWG6aKtamxR//Rx/3Ifvx7/y4r9tF89bTVz/16lPvYbJbMkoFr4kN2nbF0yUOTh5jStBMXn666js+fskjLjnz4d2RgfElH//R48d/6vipj5469r5jR//WetW+lPfu73SPfuToya9b/i726OuOnvjZE2d/9+yZW88c/b3lT54WywOW3nKLHaAmPvkXT57+7NMn/+HJnfFPnLn62VeXWPMqwiTTNBtaF6SviTOoiwwNdM877jn+vuMn/+jy02odyS6WDhGDk3/2JMvj//P40Y8evehvrl/Drz+X5/EfO37RT1107M5jinDJP1g+Ki565XLcCIvlagON6161S/uEsEPABrA9rL49Y0vYVPZef8bT965me6DDbns4U1gczdjhtVtivew7XDkKYiBbTky7EfvCMaix7HaZqKcMpdrVBO7Y7nYMFaRZqKELQZ0rdSVdp3huHcVhnxfQ5GggvribB8vZXPgu0c1QNlQTeg27G9VyQmObZFFwKFATVgVCR6hyYHps8ppqauY4OIfK4ejqdZ4tD5mZU62OrRnf9lMptTma4cyTnoH0mqSUOAYaTcqmxkWEquzprtCeNG5qD1FPVs+YpsyRyyywJjZNKWETxBIDBrjicLSE4hdKzNZD/kUAEzRlu8Ec7QMTdwWT6e0VNcFKVDElIHizaArSC1XDAotvRJiajDy7YTTASxzRxGyIlqYnnDQMTUMPla5R2qC9ByiaAvZUJhio+LPhqgZfc48rUfoylxXHXtosgZjeM7xwYK/DNGRj9QIHxmLcWHybCwgurGwNYYFmLaY42wrkOBHYpMcgeNP8lJceveJNzzx76cd+5AteLg3J9CKI5dlrCj32joIp20LCihlaKTFBBPPyNuPlxlum927sg9K7pu9dL/59XPYe5t1LWPuTSzC0UbB3Muy9TZIGZeM9tdc4721kr01BtN7kjMhXTI4yF80Q5d8oBGH7ipWPaL0I+urtbZiX12UaTUvDmMyRC9koZN/WJSPau7/jQaeufedFH3jsV/zPJQ1D59v7nARY2jbtIk2LixWQRmIWotU58qwj977w3ku+/pJLfvqSM9++LGh6DLsl+52Lzj5mefFS5KM3Hz1y55Hjt+3W+sRrTpx59HLkyccef+zoXUdPfPzEsXceO/IpBz86+oQjJ968CLf/89uPvefYtc++drHcQFfcgibbcmvngpQ45Wp1Tl5258HjKm5L2JwJg6N3HD36jqPH37zbk424m8Wa6vG3Hj/7ibvfuHT2qWePvU3PAd5y7PSTljd74pGnHTn+9uPH33n87BVnj163S+DMI84cf8Xy04Ufe/3HLnr2RSf/xslu1A5OhyWeDGFx3OS57R09IX1CSk2Qvy0qK4vrXNj/HYHOS18Xdg62c2j660XNLG0Mjrgbpus0FpbBViM+YwIYwj63S0Wz8w1nM2vefPPNuO3HgKPc5ClhNwa4QNy0Lnb3FZiOmug1EWhSsE7xPGRWAQls2FsL8e1JLGGCEbFUGSw3l4zLIyNYF3O3udOPDwb6sdElgkKYc/XCLB0hrI70quykuVwIaq3E0B+CuX0oO64MFMshl4/qVPoWr+GaUnML6ddMd38UUIZhlGw4Vpoelp4xvW0sD8+DP8gVkFnDNWU5YBORRkwfj8Cg+FbLEIWyfliTXgJ8od3gJmqfKVF34lxGmNL01dDcBeclfik15WWpD3a8kwNtlGQjBpoMambPsXwmJSMaqHvQEpBp6A3doFy4Lxtz82tmbdCeyoSGKHgZGiIGEWBWEJbsDz44uPdW68EvbG+jmNKz31h9D3UkLJMcmqkRi1PMlknysxbNl9mkNykR8iUUB4eyMq8//KOfevTuyz/0pJ/7jc9d/pFE70MS6w/evTb1To2l1xuSJHk1SpMtGTKNsPLvhdJruM9Kb5n9u9k+Jb19/s7v/I6w/WwdGwHbn8KadVUiUGI2kqxo4ihU36miaYKXJwkbyDtcX7dcRNDEcuYrbTMCvcIaVNn5svRSSO6l0EcJjYljTRE4Yl6a2EDcGVSfn73hfe9/7o8fOXPiif/iUz+6/CnAAvYZk5mJYEYEFZMPNs3mCFZBGS3KPd95z6V/7dIzv3fm0u+69NTXnjr1+FOnbzz9kVd+5PQNrdWCoz939MwDztz9RcsfXdzxbXccfdXRsx85e8+/uuf2v3z72f92Vte9f2T5Qd+7v/3u468+7iv2+P9z/K7/7/LfDd77qHtPvfDUxT9w8alHL39jeuw79v8qd4tlrxx6xkCyrhG2MgESpmn7tT+3qAtyPPX8Ux998fLFr9nuPfZDx+7+6rtPX7VU5u4/dfexH1myvettd516+Kmj//HoXV91V12n/uypi37soiNvOnLs/cfu+ZZ7RL732+49+sGjx99x/PT/cfqS/3gJwei2peMfAw2eNNaMFnmbJ3m6BpSjJ6TUNAWwoHbpdmVns9nqNqH9aSfYcpR2L+6w5wI2RofRqddM7ihhSjw2q8duIPvNKHammP2V5dve9jbB23LLtlnvwOUGX/+jJk8oV597z0O6h47iuNunLLjJTrmwo10Q7MJkz1FTBKzJAFa/3dVtjfDSKOPWGNRrNdjVrlWPmyfkPAYidDXAFIgGK4FeJZhadE8pR03nMHYRqI6KVxrgPmM1+ZltrAm66i2fdRILyJSgN0el4aXEitLDpveDqVFBzJR7k20uJdPsyHHKzNjzbR8LRRAWG1QXg+pjmibebujj0p04RWhbEJRCuZSiUbgbqKxmUiJDRcChacaaw2mgQhVKPmA4A1kLGW7r37xYGrECgkK1HYWtmDSYEsOM0kBgICjO3hTYMOYlchEqWjFjYzV0kaHgUJDim4gSSb6lqWK4KdSEJkUoDShUQ4QGffSHjj/uP36J+O/5mp950wNPezGSmzNpzzilzpVdRA4dM47b9JpmMfmyseW83Hjx8pbpzdL3KPbqOa+b3kG9chlF8O6CRmk4QWxXA7GpVvQZ8xUcD7pBdBkRd5vQY+5iMqAPmpSCM8ZelGliLgwy1gU1Cb0jel+UqhnRXPmJj3rxi37QrB/3K1/9jHcs/7ldEBw4YgmwVGHBYzPCzRGUSxnv+u67jjz4iOfEsuTvOnb8vxy/7ftvU1XBK2/QeemfuvSO77/jzjvuPPOJZ05+1fKno0GcK/7sFff++3s/+pGPnr3l7OVfeznjk9910tfwHbffcdv/vO2SP33J8XcdP/LoI6c+6dQ9d9/zoQ9+6K4779r7j30Hxh3sVOcrL4j2WKjZdk1Y1QsyhmLKE1eH+KIXX3TRL150+7u8n95+8X+4+KIf3f3Xj/jEL524+Jcuvvf9y3+ne+IHlx9RZn/Zn7rs3j95760fu/XuP3P3pZ93qSHOPP7Mnd96pyp98Pc/aPof+7fLD6zJoSNZMksGBzlvheTRDHJMX4SaQRNLBsyie8Nagw3QPpw9GVv9bHDoNsBzM8QC6o07sIGZXqGwUbDtZ3f1VeM7x+nD7cliVsluvK4OgrKAKejNADTDOu9d6bpMsl/V+4ube3GUgrz8b2YrAxMYpGkCmFyWwFm4JZG1rDNbTO44NWdz03zw+oPK/anX+qdfj3TL+Lr1nffYxz7Wie0vvX0Eq35fujkWyojqC8YqdSxDXBeZMoPBMssVkqwKVbML2lON4EkzDxg2zag4xSw+noIkhxnaKOILKz4GYbGwFYolKKMSmR1u1W0FrFbYZDGo2xST0KDcZ1ICCrus8Ip1xc8tORk3o+EM6GGd5XmPbQPFmsai12ysXNYRdj/DVbnINLNBBccZg/jlWRAYeRl7BZe8QMBiim9dkrFmvVliweMZBcpfxSSvYmaxXSy81nX3Wd9un4Urk8LCJPOEn/jYg175hWcvuf37P/ff/P6pZbf0Ju6FqVcTWyj0sOe4VnT32e2ZZKxOgeEMxCB3rzhCefciePfyDkoWsJceAUVr+jPljz7ro7/wZb/w0b//0R//vB8//b2nf+um3zr6hUd/6Nk/9PF/9PGf+oKfeu9fe+8bP2H5RfwDQbCce4UqpuCVF1dqaLKUmY2LtzFyQThioIdODWNCZib18XvueuVffd/pK99/6es/9YU//8DeHYUClliQjEuG0DTlQBg030u/9dKTT13+LK5VPvFnTlzzadcceceRa552zZH3U+xuQMbHfv7Y1ddcfdnll13xGVfke/zrj1/6t5bfRH3iF06cvPTkNddec/JTD/669MyZy/+Q14fLKY/9l+US437DA2645OQl+NLLLr3m8dcc+egSvyHii//exRd/zcUpr/qcq47+xPpG9b4j1zxm+edRj77/6KU3Xlovy0v/+IH8zIsv/pndj+2EZaeu2MoL7jh68gknj71u9z105KeOXP3sqyfh+OSfPHnFld5rrrjk/1z+FozVJY+85Njblylc8Weu6D/APfGdy2cDHH/r8SsfdqWyXPW4q459bNmTl3zTJdddf52JP+CBDxDkmq+/xhal7xSEyz77sn6S69gHj139qKtL7fjfOX7lN15JOPkPT1781ct04IrnXDGWl9142SIcfPKWAEgM2sCdqVnottN2f8a207ollyOfS4I422pA8fHoYVxEaEsTityZdejsPZuQnpdT6U5wD7sW+ruSHj2eQfQOrxJ162JQq9CtwobggIvTxeIRxhevr5q7X1zBwIXQneAqkPNSKRkohFy3E4A0TQA3mboWz80DgEZvIGdWTHUkmLPJ//7648T4A+tPkL9//Q8PXDcuHU1roJc9gUsjNlbD7cHQsd41kX2MDaiRqqkO7jGmZJpdiFNc04fGjc091sQDzQxwXtIoCIaJSV9MsA+6rUxQQXCTtSHo6wWaoAi4EffGgplmqAnJRo814/T5goBQnY0SGygNHB6rMkKygHHx48Agx1CcCRgP1tgL8i1+QQY70xU142JWn2ZR/mvNlrmEaqvmNphqN9N8BWmsdfDd8pmXvfENv/jJF/3eJ9z9oNe/9q8sC+pc2S3OD27/DKpD+YgsAQOtKezeuvQy6zHsKDrbnsq4v39xRIXVNGjns5hBPtf++rWf+18+99q/eO2Lfu5Fx/7Usae+66lnfuLMV774K09+y8kX/OQLHvgdD3z0ax8tpUFxGrHMcZH10ncKgiE6CHUxoxljXG8MxZc2oZzxv33G6+56wm8ev+1Bz/rHj77q5PJmI4JxMTOcY9HMSNMojU4mLKEP/rs+FQvbtd4D5f2gOIexc76PmBfEH9xyD+v+2m315JAGkreaNccFbadmcXguWW7twxJixTrOeaB0Rgj2JKEDPse8rvvBBWNusQ57Dml2aa1TWA/WgpbbZrD0W04PbDQDOd9YqAvKW/CiLI6Y2Paz6zwFnT5sWxqRXgSXg5vBo8dV7DnlonA/dGkozrYs5JA+A/bq6bAL4nHeQ10oINMz6LbJV02WdZVWh6EZxgkgV11syNhkCHJd6rrWlGUGIA7ugPU94TRSNtv+PAqDW6b3At/7lGQGWDn0Yo4YuMthmwYZ0w+n0csmaEKzkDPIttqpFKhCnFBFTAcYH+bBWpvd02WxXlE1ihNP2AbNrJTkOSxzPAkHmmAITUzm3ogFDEvSm20xc4T0297ksVlT3h1dkZO3WPvPO2kzwWR8eJS8YBflAGmmKyEX7qGiDdM0Yma5DNKssXdnTxkJFXNb0lHODsm+OFD8QeM6VJfccfqWv/eUY/dc8bFn/vz33fTbjhBlp6inOJDnUJVMY9n/BPsTt9YGYsY4R8dSQO8BQs3HX3MXCsoNxEzY5bdZxMAF+AZJxpTDAlJizTX8bjOE4oS69hjGkQCNIm3yu5//oNc+8/uPnDnx/J/4xove87GZ42CKxkuTi+aS6zrfkqxpuF1O941s8P1AnjtpxXgN9pqw1Rzu3WJW5A+OXPYct8q9rsl5sG2uJjvsVOcrRYNujBFiW3FPE8brgvhf9u4h5S6zgy0UZtFHxnUB463jGmxBA10QO4sVXAoiLG5/OmiE3rmdO8PxcjYdUg8a7EmU7EL2/Fqvjd2Dg+Vw0NWVQp5rnOBpRRBHBDI2BOgCXlxkuHuZ6g6Kl0ls6lUhoOYyrXX+LMPYDzRZmiovU1Xc5U+f1l9+9OH198Ntv3TJvnS9aPS1l5cg8pOPXLuzcKAsT2isQcnUBZlN12i2PMhskifMZMMy+fN3Q0izmuxQqD3QZw/thmHzjRNGhjEjFxx2ETfYdayoOfptExaLAwg7vI0fpnfrmJAmpB8c1mxRzAvicFeh1kHOoa7DGHdCq7llcMzAHuthSc6l3tkSYT1xOzzkrXd+6i98E8uXPPufvuMFD9BrE9LHkAuIMMOVCc6sE+i1EvrMdTKhY++gMmDJBs/5XMMvELxmXewNQaAkY3EIg845rgt3j5BzLxT9oOYYD0+Qwq7hFxQfy/w3H3z7e//iLx45duqBP/nCz37ftbkU0EAhGZsLoVoBeWaHoerBWsgLr3j6vd5RjrBt/kGwtRzH4S22+gsaj3Iw+gtiazAMSrQnwFbeYnzDaLag6bDbn1ssDv9/xbK6m8t2ixa9bWDFyXaLZkwTt4WmySymz3GrTw7jOC56Y46xUpi1UnQheEJ58e3dt7eBasJyD9UQupl7qPfwKojH2fKde/CfobpqRMvX0EvM/MO6KOduq60g4+nawxg0q+G9ObNJH8ZlkGbLYSvfV3xMuQd6IBShVMsZdnNeUX1xSAnT3Cr3cD9dYRtheE8IWxnqvS+0LcLO4b5xXzajT9jyFnuaqofpR97yHij/IBDNpJqX5naCkMFquMPhyFuzxWfzyhh6oZn3mGzuCxPkK9/8iAf/8Jd4qLzxm3/4f9zw4QmyRNwg4/EKox+bEcLIHAf3U7f70hehULDV3A9DY4Wa6cPo97wGH37Mlf/5RX/v7CW33/TKr7jle5Z/RIXNHsxxW7QpXV3ZDAoL2+aesOU9UG57p/kHwdZyHIe3zRGG95p4sHZeQL/FfXWNfmtwXzLcTxeMhpA8mv83uK8gf/Dg92O53ZAjH1ZuNUFMaLP15Itp9HoWeDR4cPQEmUdDvoej1TtIc0E+3IQmmGZ56Hov6K224csgbN22aD57SJ8BNNv+4Kg/VvIW4Ove8x8S6Pvw730hx4buqdkjUxpl0kB7ddS8f2yNcZo4FFb8BgqlAWSZpFl7zkPKNfHd9HdBD+6UujKutk1qO8H0MWScvO3aGkM2xR+sUzm3Clv5MBqIUJyJOXooQjyTuh/ewxpjh4kJyVvNHpYMViQPD7bBy7mSto37GsN9n1FWPWZ6M9bMBQdy0JVx/In/6tbH/s+v9dz9kS/+++980uUF2SJfzN5wBJ+AEvBR63D11ytXrz8hTIMpM5MYF77LeJsR8Rp4l1v5C4g51pucngEkZLbH7GMGMX2cMAZ7jjEDGCGXd1535lV//9fOXPzxy1/x2X/hFc+hmbSD5lbDS3PLE2pg7vcPyx3/v8ThINvgeAup7qQVDPY0e9iLw/hwzAtia7bncrjrMCeMDOWp+IQ4DWSWPexptk0ctjLsNbeww+2WeA4gyEHvnmNZ1Zvluhd20Jx9yEA0PJqYGa5JzmxcCEZxY7ijPInAh2lPn55N4InQlcJ4ktnjBGCASx6Wm+7gB2l7JM1luM5s96fQWPxlK2REWKMtoZfcV6xTPlcsMEBRDkMXg11jc6goYwEp15C7mFlyNPok7QEspRjo9TZuXsXZln4CwsjrOAuSGRMEITRig4ICVaaQ3NAjp68JeUFdQCO4mMuUzt/fDcTGBNn3x5stdnKTrTcYKGFbDcb0ma25nPu7EPGD4WZ2I49mi+wFwUUoGk1Mw6wgTWQmtYf70sPWvWjr4LtHZhxWwwU1dYFMklPuLDZI386ppF7mFKo/3sG3HfzrFL3n6cLMNHEuyotBkFBBRB7+87/77Cte+WwPmJf/7z/zxquXhdiiFamA4gvYTwViQ394/f2rt67/dRYYlEFTaxbtyXiKZlBoLWAEo4x+lixoBrLp7Brr1mIWa+YyDAI2zSLjrcGYJWTzsWsv+jcv+oHTV77/ind8yi3feeKis0vCggxqTsDcCRLAyTisaS6gvC8UJzTEFhdUDg73plliHWDyrDmg2XZt+b4g8p7x3lj3ha0ZOYycHrZKGM0oZ1y1xQpbkddi71Zz7A/zXhOHrQyHDaDm3ij289wS7mHyNNvtvDIeHqwBFiRv+X5QAqYca3aLdi6WKmw28wjDIKVy20Npl3/PlJ4v85RZ5nZwlgWBAtKQdw+JrXVR6oasy6Mstxx0ZZyjIITVb3mOmuE8MzTJoWbsGmLQPTi3oa54BF0xd5fXGKfRNTwCRwbkYpYG1lyqflD3Mq8CPc6HKQ8/2gMDSr5g+oUqrKGNUvwqA6IJ1TeQzx18+frjZr0P9pdkQXCRgTxpMMAFgQz0iix5WEu+D6PHwIYxF5j8Y/pkejIuZu6h6RzmZjqgAfZxKIFQs/j3BZngmdo47iF9VepvE/u7UuUlXLWBJqWuflwCZ0a2IlhzW9W9cU+cOfIZf/3yK9/26R4z/+ar/8lbn7x7heeF572ebzF93Wpev/6K7/6TuYc85CEPfehDb7zxxn79ky456M3LTJtsArQuwhY5FtlEdBGgsWh0xWA6stKMGRiI+xjTs8kFyFhz6sN4qkSPs8kL3vuwi37x7/7qPQ9400UfeOzfePE3XH1mKRrfErZ5lvYBaHRh7lgcSpysy7jFB1M7+xlnP/qRj95x+x0f/tCHjzx5t2mHQ+uyxQWVg+m994/fe/vHb1/+kd3X734ZO9z72ns/9MEP3X3X3ff8b/estT8Pd//Du+9+w/JrlkHz9M+cZnzP3ffc9lO3ZXDmG8/c+rHlXwLwf8fWlRQz4x1ffPwjr/6I+Le+7Nal2/X4nLN3vOKOZMb3xVCS8V5X2BoE8tgQwlYOGcBW3kNdh3mviWE7ZZvcnn/0+lu7++VQrbJNlYEkByJgu8LOsSsIzILtEVPaeHvcvtoD+yIUzXDdaU6xG8ll5XL2yJg3YM+CbpLSYE/IBWsGzQGDkGOXXtegaLA8gVZsH0MGZbx7VMDSWCG6jEsdN1syvaYkNDPLvrG5QxlgyIBLpcHKVPkGjTIxCwVFSxaHAUvgwt7JjGk6xkWe+DihrkkAF62xStXcq5SSbZ/NwzTp1Q5v0fotz5mDvycQVnyQgBEJNEbJpjXuB1b78fT+y0WfYrhemHUiYAPpwszofTnRWz8MrTSYiIHWyi1Yardi1z7ATDkIi4sTGyIuoAiKBmZnOgTzOszrpBeMzH4LQ+NtSttsw3SBrBjsgUHRwtirkpwrbJ+VH/zgB31l/v4GH11/lZIaYvXsZ/esgkqy7xCqgImD0U2/CgyO3HPqL/3cV1z+us84c9mHfuVP/9tfuWlZQY4xX0vDt2/cfu3Ju9d/77ZfNvvOd75TE9773vfKx9BGZMnFQGaxlGZTAcoWwhoZgtAovKSnmQbXi/XCJBPrmp2Dm2Y2gXK4sYzLgFz8jCf+G246+++/9vtOX/euS9/zlM/4C0+99K7ln1acvcQ3BppQhoYeLhmsS3qU5EX5kHvu+OE7rvqMqy67/LJrnnrNvV+wXIgC4pZjFmVXpgMc1mxR7+lnnL7zH9158g+fvPqaq4++8ejt33W7aB/74Y8dec+R62+4/qJnXXT737j99LL1drj3affe9uHbTj/h9NkzuyO8rNRbV+OLLzpy95G7/9n6s59Hz1x19VWXX3H5Rf/iotv+621sIOP4nu+557K/e9klJy858fIT9/6x9cT9hbsv+cZL6g0yPMxQ8rAYnW8QZnaL0QF2fQcnfRYlTr8z3Yx1GHVh8Udee8511YSt5kPrLyTvl085cW2nBu3kdqVsT7FeYLbdOcFW0TXMIFkX1twiJQOZZGx/4mS9cjCccRs9lENCmkF5Qjlj6Opzz+OeMh5GHjExDRCgJ1cGgp/3uiFcY8gV5A2lu+WZZwYmMHNw1crAGIT0ThT7jq5zpYkHnTdh3Xq451D3oAVzAukxG0jg1YMql1gXTcwXEnSxb2hMI+1KL3NzlLaEZasioEyK2OPcexlNHwe9oNUbGGAGsQimXzXEnykDzYzSu55vINxv/Om/j+o3gehdV2o3inXCmsYqpfn40NUnSL0lYAg5GKsRl+qvAiyLusISswQuOQqo2Z4QLU0sIHtB2gy4upkdQW2nmMnpcULV4DUctvnspZfcPpSVBMphBAZChVIqpvzZK6Mp9HHZp+SDHvQgX5lBqR+w/uOJupQ6ZoN7DQdxoJo04prXAkNrXnX6xBf+/Uc/6LeXX5rxi1/73a/8tGMWgmNf0pMA2Qs+5SPWf+/2cY97HOEJT3jCE5/4xFtuueUTP/ETaR6z/ps8vn1bfTVv0OFWYVnj9ZN09olsWyzKMp+/MzaifAjYfCmboIkz9uWB03NkzDIvza2LUZoFTXo2RsFvedLJ//Ht/9Hn/uVv/PTv+Kmvf+g9y4WiC7PEfGMZ4jLnWLZFjktJAlgXDRx9+NFjHzh20fqv5554z4l+sT7ZErQce4syqLmnHKQ/84lnTrzsxPHfWKJd/DcvPvWc5V8BOvPIMxf9jeXvkk+88sRFv3rR2T+9+y3HyxK86qKrrr/qsr+x/P6HNOwv+dblaCzr9ZalSb7k+xeN3kt+5JKzD9//d7XZBLI4hFPfcur4bx2/+DXLPckm0McDxqHmtpdymhmshueh3i1mlHrvi/eae117SW7TSG5SdvtNN930KZ/yKba6be84WFzbwNJXE/YtDawBzn2hzbYH9jS2ylyDW2YQcxmwL46BNDtHUio947o6XFxuLY+JbjDoVnGZzK0isW2SkA13cMuRuZPd9przePJU8hTzlt+LPo2XbEqvIILsHrpSwQYIcgW5lvqw6ZU6mxyNKl3jmQCIa9Re4YFeQtsJhLXCy+STEwZpVpMFhiufgUzoCXvMEhcEZsQ100UuEznjtW5L4Sp9z2mPbcL2cd4DXjXrxSEv7ri6iykNOaiVQrm8Wv6yYqBQYgrlHRBbAAE/sP7rDl4GsbrRQNUjCN7QHLEllF7ljdmUuXxKo9lBsw5pYNariXPhS27TCDgavUuBDv4lvmah8uZodthG15xNj0122fIHf8ZAYBZrisAeVyVoyWaBdikeLJAcjN5hKBPKMgnFoYHyVx8FUVL19DWpwj4r33UAep+bzkC/gDNmo7ZWBIMKCGXujW7okgEZlsy9t9/5rT/z6Q968R85cuzUb3zVP/2RT30Px9auRTEQje9aabzpTW8y0Gte85o3v/nNv/Vbv/WqV73q5S9/+Ste8YrXvva1b3zjG9+3/rMfvMq/EYcNZzkkY0WEBQmzFFwve70SU0YXkwpXZM3qWRxm4ghStJQZVEOLAhUTt8rk7fLhzF789Dt+5k98lxeO63/3eS/824+55I7dPzWh8pIsvfakbGPNKsNS8cmz802ErErk/utBzaO/fvTsybO3/tCtVRtXio/+1+UPnJc/BP67d5++8fQdv3vHHf/ujttuve3ME3cLtEUT3CL9mSedM16K/JDlI/XMjbuaG4Xl8kue1xEHmuyxYlbS5FOPOXX2NYs+G7jny+858eLlX7os/vDxP3f81n966+0fv/3eT7r36I8cveur7zrxF05M8MAyHuQ+2Oud5owyaL71bjGj1DsMuUyhCKHzZVck7LQHyBi2zUZ5+9vfbjX7V6r6BciWu7ulg2+7trXItlb7NndgFuwuVWrrbllXrDfeQgIxm1jwptDQriyP7eC+6gSRZeLNQFY0uDttbjZKjl4uCV4W6ftbJG+lfHuD7HXfay7QeLHW66Vf18Me9jBpnJvnFKsUoeybz8xcL2Ep7QpzqIJyVcFu265goL+v1dpiF+sAhsAlUyaHUVf2kAuI1nAwQ4NMsAyrOKEMpap86qWOWF36CCBjvb2b0+NqHXK0DE1WQMOpjKxsLIVyxXRdlicDJepbwapgCyBgHzrWhsZYNBIwuuAE9STj5BYYU2JKXlsXNgaCKj+QodFlSyhnltlzbDPpwsyaEWVBJN+iQ0+juPPjVjVZcpNNAErMpZ3DsiAY1rXanfAWqDyNbtASUBP5mGaplnwprbtm99aZzIWvSpqO8qqkwtru3rXnH9jQ7Je96VI3r95K1ygEERpX9UpmMoRt5vV+4Q/d8OSf+ZMM3vjCf/uvv+o1x29YIggrWt/QxpXGox/9aOM+/vGPf9SjHuUD96lPfeonf/Inf9qnfdrTnva0T//0T6d/+tOfLrdSarJm2iKakXyCsNA+xOrADAhyUHYZ2mlkufHNYFaTFybT6G0KptPSWKOWaW/JBMRpbj9y6gf+yJte9mX/1KvGw371y/78T3/OlZec+2MhKZFNwRCKabj2JNYEpdDrGiJX+XY+2ZWkRBbCxaQp2pVPvvLI5Ufu9NT+23e2Jc7+i7PH7jx2+RWXX3/D9Zf8peU/Uz57zdlj7z525VVXHnvt5j37WUc+/KEP33vPvR/8/Q/ec/fyb7Cf+brdDsngov980elPO310/XGFM3/szJETS7ku+vWLjnzNrm6nnrV8+xqxGuIE9lgyi/2a0tFvOnrmcWcu+b7dN+7HX7X8he6Rk0cu+9blsxhYnuO7jz3ggQ9Yfv3kp19z6rtPXfrdu1+/wHfA8jyXDYel+xDom91McwQYm4RBmtVkh/GdZmj/h51qg4yhZjHNi9C/ZGOfE26++WaLO1+6LEWzqewub2Y2WBsY7MkJVVmqkl1BwOS2fasAhyeyRWmvZ3f3SyOM1auhlwDoq4ZGr9uMQVc3Oa438MJeLul7V/bKSPY2yas3SG/SvmsxeI/0zv3Bg3/U0ou4ZJb7aybTNDRhBMo4zUxMgZxJacmpCfQmKyFDYnL5MWhiTQDTN5N8m+1ysFeZHusyf8KgpnG7Ghhgxq2cLgxCBYPGLEuj9/E+R2gMRyZgMAUlY491lT9mrBczwLqAAKKBBJTColYl9+Zycax/1OYOUjTbQi8bCQhiJQzqE4dsMQSvYsalgeLLRAJkQ5Q/A5pJsswxjJc6VJ9SwlD16MOa9W45ip9jbIiCFKEVb/W7x2OHJzZZTGmyYNYhZayZuziY3CmCttN6qHc/dlca1d8EZULQBfLZptR5455By9TWV16b3i6ff3tH04evN27MUuUVzXlQAYIIjVvpQFhoLAMFmgxYfuGvX/8p/+pPHb3z6g/d8t/+7Z//qVdeuayCOFZTTONKwweuz2vftV72fen6xn3pS1/667/+64SXvOQlr3vd6175ylf6CmfDt/1ZDqFZw0ev+OibHvCm9z36fa+95rUfecJHPnDJB+5+4N2vv+71937yve95xHuOPevYiUeecK95tnmS2Xu9hClylW9nqnw7U68HvEuQi4efy/HGG2/02PP4p3zkIx/pQYiTvUOcfcrD/sHX/ND7P+3Hj546+Wk/+79/w39/vLCKIEMJS089CfahGsZtSLBXZ7taGjx/222+VsFCWxpFo9ds+pe/4PJLL7v07i+423N3WYzPPX3pX7+U3uprLTfpR45c9I8vatsMjvzakeuuv+6iiy+64QE3YPLRf3tud8HRlx+9+F9ffPvHlh+kOnvJ2WNvP3b6ntNXfMkVp7/6tOe0x/zF//7i7ccrTuCLzTT+yH/6yL1ffu9Vt1w1Zlc87QpvAEfuOnLrb9/antmiHCR/z7PuOXPDmRM/duLWj90qh9t+c/lDiya17Oz1re4wh6X7EOgLjg9j9Tv37rhFBoNdomuqeLfdN3+UaP904uKQC9QsVFlZU2ft9a9/vYV2FqyybWCTqJVNaEPahHZRr2txOxYarsjlgyfnbfK6jLtNCZZEDx5nouHunEbsddAp8AYAhtbERncEyI4DvW3PZv5ihQHWxB00ZuTeHb3N0/R3Sd62KR0lAj0le+dIcK/gcl7KZA91cqoIASvcdjdgU00P5LUgy0uNuZlSkLFrt+cNponNk6ZebHqEuC6cmRrNZbGNrInZj4E4DJInPpCBYGisZGzUha+6MFMpeswMV01gqaaUzLiQc8G6SpV+GePgx0TLTRotdrVya6hhN/g8utoK4vDtfd9KCOgdn9y4MtHbKMWXLW6ymDtm34wImLJZcGTGRW/rYlAMgshzwgbNijajEDDLcbfE1lr+ZgFNDZPtFmyCs3/IW1CyrGt2VNFwmGPTMSsB0yHYr6bWV6OZlrPeEoPc43I2F4JisldkzwzlVWdwQmoKXkxNAVm2gkaHmW/ZgsyxiRBMCkMGxv3U3z7xFf/oG0+++5ZTN7ztP33jP3z1Fy+70VrI36CCG9cWcggN7WP3Ez7hE570pCc94xnPePKTn/xZn/VZt9xyy7Oe9SyfAo997GOlzUVispKP6TTNcOa6Mx95wEfOPPbMh67/0OnHnL7tktto3nvFezXfdtHb/N8773inR1pvdW4328/jvx0oYUtgFmRCvSzdiW5Gbycedf3xu8uxH/tyRXZRkv/vS3/rX37937vzwa858cFHfdm//Lbn/+Y1HqVCyUqSVd5eMnH1r6S4bQyU0N5Wc/rqX30sk1V2H6kS1mwtCn7Vn7rq7PPPHn3k0SM+Sj+y7JC1GOd92eyhHXVfDCf//Mn+wYPjrzx+/L1LQMqLr7zYN/TJS0+eevapE69ZKt9Yy55YBTajPPPfzlzyC5dc8rzdXzYPF/zIvUdOffpuh4Rlox88J+7683dd/Lcvvusf3XXyf1t+mOvEy0943hcc72FyHuGCWAPv0Fhhp7oP7BnkAsm71A/uf1toOQybJ0LIBbbNUrKfLboHjzXtFFjo9okIAtqEdlGva97JbFdbl5we7NX2bSMWPIifMpu5l/LCc/N0D7djeynHjoCxOimYEk8aDgK904E7UJgXZoC9IGr2BokZOEc0zhEvTImdLO+R2Jny5uE0efWX+e7dpGngZtgpDTMfSnljyWlKTlO6BJzQBKRCxgzkHfMyc/rl7Xf9JqupK0cGZJFzYYB10QMBuFDiMRsXNkvc9c16hG0yWF2YqVp6NhiMjtkzGBey+LoacZLBCTD1aU84OdAl3vZy+XaBKi8bccRXfULfQ31pNW7Vg4nfoOLHLGNdjAlY2k1Bk6+ujCVmKfEsWQHxCMWvi4tmS98ekLC0HSF3iingnnnds6YW08T0DHACJe4RElcTZ8/926MRKAslvnENahZSqj4dA5Bbc2GzHLuDn4GMy7ZZVIrOiVI7BqGmcukSkFnT59LymaxoTTbMxM2o6adv0I7Mgz54+s/+889/8C+/6OyJu974x37gO//QT7zrquWNxNE1RA9CZ4/gMeZ79w1veMNv//Zv+wLwpesL+Dd/8zc92JxG6UlSPs2imQ4ufcOlT3nVU67+8as/5bWfctWPXfXojz360tdf+ofe9Yce/T8e/dx3P/dpr37azXfe3AN76g9qDs1CzsnZMHYnegq6Ez3tvBP01Kfsfd/byceuOPbfvvnDv/iFyy+cesDvvODb/tXXPePjywdB8VVA3eSGLQ2hHaX4ZtExxG1RRcAmiJUi1qVKJo4tjRVfFv1pt/u6FVMF7nny8pfWZ99+9sg7jtz6T25tLFiUF8KZZ5758Ic+fM/d98wfL5/+2uVPLHTFoQj3/ON7Tv7t3b8+JDK+9x/de/S9R4/86pFTTz91++8sP9gMDZoXWdfZE2cv+b5zP3i8hPoTa54i/PF7j1x0pB/UGnSIcD8/dfSV5/1wyf1gct4mH9IMDxox7FSHsOveJFYT2tgJwYYZhm0XZAzbZil1o3rYuOI6BTSOth3CRsDuB/vQdnIPaNp15Panrs5aQxd5EjZEmmxs7Lg9n2/c3SJmY2lie9hYkDBDSwP30t8rAo2u5Z5aQYm9QAji7OhyfGJ6b5O6cAcK6HEv+k4Wlvzy0J1laxpQBfcwelWA5mkmIFFZ4g5k05CWriaTBps8G0igjMdsXOgxM72DlHjMTDXWa0TKOIFlXYollGmTMblePODCWFfMJcci45KJwbizwAqiPirpIHVjdnV2GUHVy7eUrITmJEMjn8KCsCA+ua1jCNwGose6MHDMN6bhi5nlggtVWCjzmIEu8WPKYTnL3N7oguhJ0AR7BMY9rclNeQQ8XRxjlSF0/KBobcIGNQtZ2biEDgBBbiBVKCsug5QZWEdzV2SC5VNhDDV1qbb41YQw0yymNLD5yqqcCXIeWcJkBoHx8dNnv+A/XPc5/+nbj9559Ycf/99f/i9/9nuf9Oqrbtj9XLpxzcLQnmoOqnk9ZP33dH3d+prvr7v60u3jnld1KB9jAQFoZi2wZFxknm0eWi41Lyi9cPTeBsqLWwVc5V2FlBy5uBD5Yq/qHnteDijJbH7xWXf8f1/4rR/85J8+ds8Vj/9PX/8tP/Hp935g+buM3AWUlWRAVmVbJdclWm7A0DZTbaujFNjSxJTNF1sUDJe+4tIzTz3z0Y989M477rzr2+86+byTy8o+75LTTzh99113f+TDHzn9D5fTdBgyOfYbx667/rqLL7n4hgfcgMnH/93yd971xrd98DaRP/bRj13ygktOvGTZNnf+/TtPnzrtCX32E89e+cLln7EL7QoMS/D16jv95NNnn332Qx/80L333CuZu9+wPEJOv+C0gLfdetud333nVU+7qsVqmYAv+cilR079tVOXfcfyN5qXfftld3/f3exPf8rpi/7jeb9uOuH+kdkYN8oFMb1ZhjQXxORMCFZ5GKYrs8FWuRtmRasP7Yp2iGidKbuxd18vXu1JW5emDUzPAGxd3NGLjYXFqTdLHIosAhaKgUORrBcz0Is1M8NjJhl6yVDa7ezpgyZmQFnOzos4mMYJ4oU1cYIXTTMi88VqsmymbeqxKGFyEhEbL6bHDDADvUBIKXpd41gQvAQ9+FiEzOJi5tK4ZYJHSFnMjI1FE5dDnDCRM2iBJz182KU4WLOc1YQl1tyCxg6AdqTdNpeOTeZaseGg3bbuwN0/lSw+Lhk8SRIyAMGLj1sgQ+gllwymxCDJaWJmHGPN3As1qJlBsvgE3HRwR8jZhqZmXoSO0JabJjkkU+IehK5X3J3bN66XPo8i6OnYI7AqScbotq8pqJVmSZaelDKTT5BeegYceXGpJtzVFkNNoQgsm3KOIhTK7ECqoclic9GbBjJeC7O7+Iz77Ddd+bxv/vyHvepLfPL+9rP++Yv/9Rv/21XLTyZLwOOw09hDrj+Aeutb3+ohh33eEewEZjJslWHSEx8DJW5oacin8lbqsOS9IhmzL+00Ss2+dzXF76XEQnjseU+3Fh986nV/8rP/ydv/+A+dOfnRK1/z7G/5wb/2WS/erTvHxtJca7BkUgWgbFVYbc0ClHoWArfPW1mVoak+2KnEYI4nP2/5R3CXf932cdecfd/uQr/mKddccvKSa6+79sSfP+HD9+QTTh55/3nPDwn8QfjKG64U+eprrvZFSyPypX/h0hMXnfCEPvHc3X/oePTlyz9wqyuDacLFP3DxRRdfdP0N1/dQv+Tm5V+3veQLLxHwSl9BV1159tQyCmwrs8h3Hjl53fIvBC+488gVVy5/B3z5J12uJULqPyD27AUf3FdzNdwhzf1jFnfLF8QYjE2jrFv4tMW1AdrV0AnN3kayG+1DbCtqYvuZpsuz7Qo2W7zddcnps8SDmrqEwt0/XTLt/4ZISJkBlgDNMAP6oIm7r5wXXfMGqcs50oXnDbLzlTJHldm9wRkJjLEngLSwuFu5LDWx5mCU26TjMcYDzSn3cMY44yXugVBXZiaA+2pp/jQM9OIEyq1xPPoC4hlFk8HwNnMyA7yF5VQQDPaBM9kptbHcO8tTYoVm54RxBcQix+KkKeZicYAit0BYb0y5tVzc1mYZyjY5zniNdA7iwK5x8MePhD2G5QCt5xxMpNlB89rjkFwFXMGanTfHT9PbnxvW48flCx3LHqvb09hubsmaV/ol3TW3jjcGGtw0M+OSYyAXgUGTZd+8sAzDcq0evHaUv8wJPadxjxNcwhiy5HL5R+/5thc/88l/5StOfuAJpx70lh/78r/+kr937xsefFoCRh9YIHAa7Vsfvmb60PWnl/ujKsZNp4KL3HAzqIrRS0bdPKfnoQVkF1zsKc5gXjT59obHmIFV4NtLgKd+P/bymuMf+fYn/Zdf+cvff/uN//P4h296wU9853P/2rUP+fBZcTjyCt2hzbpa4XWDLMVcNs1m/xC2oFGBWLN1UQ1CZVmddvc43iLNLPqe8AfkbfMPjgs6bjW46SeAsiTsYWu5hz39an5h+7ruB4dH33n+AXxDEbYctrJoYxDSg31iy3VkCO2Q2S3QZraXGNifdlQ7lozbcpSYZfsNcyla7rj4gUE8xuJgQXAaXXiLouEMypkjbquXSQJLXWRd5NhkaTADGgZ4hJTMCCq2XKmqoF3qOBg7pozlRBNv9Yv1AVISxmXMRr8anhOma4yT8bgMtmaxaQybNmVgicdM1/Dox2ZGma4SmLGADLNjEmyj9tmyl9dnqnsk7k6B9Q7ZXRaMQTQsMm6UNGvgJfJg2bwrkuNshgea5Vm0LdcbXxDTtR0rQdrLBbOiuTSp++e9Zs+5vXsWJ1cxBoYwnGSMO4uluU1vKfQmpZCSAc54XMJWicUZ5Bt2qhVpymrLYWtcTNnK2YJe92u/93f/y5++4Qe+8Ng9V3z86b/8A1//HT/1F9/7muuWgwpmtJ7H3R9G+eTF73rXuzwL+3Pdzqdok+eMtcxkRc2wprlg174Qctk6sjcLMwofeOjF/+QPv+S//70ffO9TflzX41/2jZ/5tU/8/Pc8aFu3rfvgsDLLChKDskDzUgTszNJgym4xMvja9tn94Ac/2FvIwx72MG8hD3/4w72bYi/K/Ql8f0/mHeW69V/mfuD63+A95CEPYXzjjTfaWowxmYa+FxqW7L3leN0RwRuPdx1mN910k33I2CiM6fsbuOuvv774fIsvAcbFZ8ylFybGXEQGAq+UjEV75CMfyfERj3gEY/nTm11hgXF/la6Lgchy5sKRbJpCyaS/IBSfwLe3tIlfldI0OmOWIhM0KXUxkEYu5OIbV1izYw/5MqZ81KMeZazHPOYxzMiCcDFBE2fJhTGBMRcx5fnoRz/aXHBHHjosbYn2hk3S9oPOvhdNQu+m1oK8BYPuh7iYW83SvSLjYV3dOWm28hZFELPIce57xlvlluWMJ38gQzKbhgYTXx66HRWoHIO68EAqIySXH2zTTYAMIGUYTcKARk4EvO1dfA5Qc88gHNZAxoT758OYaFsDytEnpJmCQDKGw2XcGohM2Au1hz2XOGNCmlBT14QaAerdQ/r7MrgvPcykttjqF6NN077qvLlqCa5Xt6171m2bTK+XcTm3s9umW25/h2WeK8hc0iRvD8PWBZYprdimN2j/41DO0hsuTwyljc0iHiUcP3324f/03d/+b/7atT/3gmN3XfPxW37lR7/57//IX3rDax63DFoOk/9kTpiUDARyCGJio2BPZV09pfosiOlxgi7Mpkd43Pt4xr4qCJ70v33tHf/ky371J/769/zeU//r0TMnHvrKFz3lG573La/6pDs/+FHGLDmK1nBr+OUB2UylIVU5b2EWTRB2qkPV3pMHXD790z/9Uz7lU17wghc85SlP+bIv+7Kbb775a7/2a931X/M1X/O4xz3uS77kS57whCd83ud93tOf/vTP+qzPeuYzn/lJn/RJn/M5n/OkJz2Ji7v+S7/0Sz1pGHskvOhFL6J5/vOfr/c5z3kOy0/7tE/7zM/8zFtuueV5z3ueaF/8xV/sgfFH/+gf9cz4yq/8Sg+kL/qiLxL/D//hPyw+y8/4jM94xjOe8dznPvfJT37yF37hFz72sY/9iq/4Ci5SYlx6X/AFX/C0pz2NjeCSN9BTn/rUz//8z9clAZl/1Vd9lZQ4SkZ8yRj9kz/5kz/7sz/bFExWU0p/5I/8kU/4hE/4Y3/sj3l6fd3XfZ30uNBzYSMl+TzrWc/63M/9XLkZ9PGPf7zJSsNkPfzkz4UxF/VRmT/0h/6QrAgvfOELZcjY1L76q7+6+MYSX6qKIHMu7FVSZLNmbBSRZfsn/sSfeOITn2jKgnz5l3+5ORqFscKKzIWxCDK3ZF//9V8v8jd8wze0Y2NYt/MONbHVT24v7bkMFp/zMY7J8QiresH9aAZbZWxvEy6YzOQ5THlfvNcUGdvkuz88vC/MyYm3V0MQaE+AjLdYotwHOqJbTrgvbA0IUpr49z8QjPsFMe6Z4TR4xpouvEWanhaZDbhD9dkaH+Y9XFAZCrUG3iHjhp7nDZmweuyMpRGSR0NgkxBGf//I5rBxmlAT23x7XYeRGaHNmrzFnjJ5qwFBBk0fklNCZtkPDDpYx1lAH4fcYddee3NxXLf8wDuOPflv3/qt3/2tD/7JLzl659W3f8JLfvFPf/f3/uWf/pkXfOxdly4/juBZ6LGHP/KRj3ik+eT1POvJOqedAD3kdMWNmD5hLENNZgxw8ujx8pPJz771B7/zZb/wV//Fx570S0dPnbzp17/imX/8eX/uv3/Kydd/kEGRjUXoKUsOJZnSMxhLXlgarAtT4i0mZkyzl1KgrKoVeRbOZoatMLj/5mACjgzJWw0cNthicgtlu4UpBHIzwsnTu9htUJxY7zbsYRmPsKrPoS7YtQ+27jrmBdIIi9352EXZHEacMTmGZV0P1o6SfJjHDNoVwzluIyfjLaSx5a3BYePB1uu+FnGxW1GcbTKw9pzDOEK9Y7blPeQFIy+PBKZKYLxqsYdKEztOyeMSD0aZwZa3vXtNXMztWNO7xRiQS2ZSqnfLsO3K+P6TCeM4+afZ2lAOVBNX0IFlHqTJDOc+McnxNuwYA9+tBo+mJmxjYgGnMjMKIRfQTFhTO7f5YNsVBxNxnSUkbxm2bxvkmns8LoE8SFP8dcAFk0DKLLcx51uWwdq5xGGZY3PBoSpVhzSZbfmC0AW5T0kHNWMGw2muvPPs07/vzj/9d77pkT/8Vcc/9tB7HvCmd7zgP/7rP/93fuJvvOXHnvh7d126/AfHW0egadyZVGjKML0JYc1xwa69wSjvPnHkLS+47p9/3Ut/7v/+L2/84u+/+6bXHLvj+kf+/Fd97jd90df8zGMuff/tW+NQDnGlruYXrX8v0J+eYZp4748lOMIu1gaNgs1XobaYDYx7kG+53rBzWCEODWYw8q7vEOrKTA5jvHUhBwahzMNOdTCLCyJLqAKVIow+bJtVW+mWlT6o/NqzM9tFXyE9mklyzXcn049XoYo5DLNMsJosGK+CjDAcGivsVJspg2Zd2WzXKw2sTgvGJey6D8CFMta8IG8hFOWWKfGg5mp7AYzLQHNN/NzOGa6XS3Wrhuq5rS1QsoHl/2nPyXFgcOiPpPu7t7if+knWO5w9jFK0YfG5JNcbKLnERb7s4Jcc4fQ70wOMMR7j0eBs4jHTLD6exHTR4K0AYyBCXDKYnkEcioP1VuvKCpZhi5Rr8XfVLn5jcaePQ9FCC4npt4saeMGazm6ylx/8N1f0TRyMAsXZg8ToY82xoYmDvTU7DLqnhnVtb0Po4bTH9C5TQt9JaUDvGnW30Rtuxq0LmEEuXcqxOHoJeA1w3g9dY3Pf8nRtJxtyh/RAmZDxxFy9d8Jhrtoz4pWnjn/m/3Psz3znl37W9/7Za//n5x29+/I7Hvubv/nC7/75H/xvf+nz/8Pv/rlrXnzt75+9bPmPX2GXwWbiy4RXmL7JTpdmAuQCySnhjqOnP/zsh37vU179qn9779/8tr/51m/5zx97/C8fPXPiqt95zlO/9xu/8s+84At+6trLPnL31oVc5GFYl2uBtVP27R9f91MzZL2+enHrAmu83f4PylIZY2iLDhyNNjC+Yv0ZyavWX4eb3DEPbXsuWJFpYjGTp3cNfA66MDNdW+P0w2FJ8WBl1/VZ0CwG5hVvhWUxNjd4pUgZ9jSKjCuaAmqS47Es7Br+HNYUzg2acY5FsCKEFqU/lmiZMKV1HNRsBTmSMTnNHo9QtBzv3Pzs0piRJx8opYk/I+rKOJvBzAjrijWHw2J6oBysrrv6b4sTh3GZLtgak6cJyaqdce7bypiRCsQ0TZAZl+WqperkKBYL8vL3Ngd/RTR/D4TnJyEzIzMgr+Y7gbJo2DBxQcgTH/ezXnGR++O15IzXwAvymr+O0pUxzr3ewkLCGBczbi66Yr2QgKcazGJmNMPMcKjESlnRYdn1K5zJLWisE3swCpZeLIKY5L1QCdNsaXHNQMMLyqf6qEmcBjcvMAoXyF00kBg5Lv7oY2hSLiBzibd31vZqwwl77yu86Jc77PwXQEiz1mn/ERhodGU5Q3T5zluXrm7bgpS2uTTf5l6dFYSehl5zO98t6GNdmXHkopgEC9eGgQRKgrCNQhOnwcD9Sb9z+ou+58Hf/He/+XH/5muueOunnT1x122PeskHvvjH/8OL/tKLf+zFf+2Lf+Tlf+biX3rybb/3CZefWmazTBnMsYknV41wuGinjx9920OPvuV51/6H57z9Ff/m7u/85u9853f9zOs+81/dffMrDHfxO5/8iT/5TT5tv+p7H/+JL73n2KnzlrhQUGTDEdYUlvIG1basHoSEqw9+7Tsm03g0kntkljbfYjZEY1VwBWktQAGrYefXBsYfWX87yoc+9CHyR9ffatIm18RT+ZhSHPK2/tO7RcMx2C5WcnoGGMqwnIeh/Nseg+kaMwI091YKh5GX0hzscIKiEVRP3SogZFbM0NBxScoWk5dU1mQKC61CMa2RJhYcLyu6eX2ZHSXhBgLRNIu5xj7vFkpTF548NTOQknoqb5WvtpgesmE/MpDX8u/MxkUXQWTKiT/Yi1BMZlxosCaMwTBsY07ksTH0wERwe8aM9AKXqt15UVK1hQ6CE6G89Ms28D+Nvo0wI8wOEhwt3HFytPAcrTHGmoT4yoP/7F1MMu4cjg3QM+AYX7v+tsXr1n/nDtMYpd6xxymlwYyLmDnS1Iu55BUzmPjlT1/mXQ1kSEhZzqLF9FxKBouJE3gRmMHewbAMLVtQZ13rxt79J0/cMXdsUO6EzoZla+WGoeXEowfj8i3zaiL5G264QXBM05S3SW6HEA3aK5Bm9EEvyB/aW216O0+ze6rjNNwd5wbcMrNY72xcoIHKpW5GqYDBQLFeNuxnINEIrmDcGwyBDeQllLmYrCmbu/IqRUyTTJ9Ns96WonKNGZsWiEZTbas81sSZNVbGOP0E0QuCX3Hvsaf//D1/5Ye/6HP+6Bc//8f/6rU/94JLPvgJPYB///P/60u+8p++5O/+4L/8x//sP/1fL/mv3/6un3zRh172DSd+/um3vuGPXPvfH/nh9z3zhtedPP7Bmx78aw/86Luee8PP3PLh137hVT/5vA/96ted+dE/944f/Fu/9mP/4cf+PLZ7TwAA//RJREFU6//xj9/0rT/0lmf/u7s+4X8Ke/zDN934ii9/2D/44m/+x//ns77+gc//9Wsu/fBdlWip8vk3qUqSlZqszppY08KpOai5gvff+39w/ZVqmL5fONXfUrcuOVqRRmkvVWfFIVQTVQJVAoXt5LoH8APX3xn50PWHdcm2Nz12MDHMqeSoKWBMo+ZYTAZFXkdYwEAzZoalQU9uyXQFsq6yLfO2ypbDOrnlpAxTEkA9Y0WoyMnVHIe2brf59pgooy6WaxWXVSs4PpwMLoECCgXFsVJC9aEyr+YWi54MmbHnCCKQJ7FSXbLfIMt1kN3rrDhkodJnxlFK5Q/koEszA5heUwDTgWTIJZuMty4wZntC2EZbzc9hIsBetKCqwU5oP2DRYgbsK0Xr1RHoOChvdVYTZsue2FsAn4NZa2JvmjQOGE+HCifrxRnjjBtg+7MhvZwWmT4b6D8TpBeNe0d3+SVw6wFuRMyMTfZj3NnOOKbJhY2wjLkUX7Q4M0yPKasLGRIEKdsyj8tcL/1YJjAmKDEo97ptdu87zqqFGSxrePDLMTgSxMRGxOK0VPaoOOsu3aGwhOEMMOQlTxGwVHExZTvxJZkNGTpXWIROxZYpGwsI0m4XmpcdZtuZGu6emjvL9dR1RgaCm8795dbDZMaYsS48V1usV5WEXY7FAaokLJt93e6NUnx3K8Hli928ugjiQHGk3QRNubmrD1YNcydjmJluDx7wpWdfnWOomBZRBKjyrSDBcJhx3LhtEho2FbnCwslb73n+ux/4hL/xke/+0W97xpc+79k//u3X//cXXv36Z1/0+489cubEvQ98822f+Mvvee4Pv/+LfuzVX/l9v/fnfvx/fPV3vfef/fxLnv9/v/ubfvYnv+7vvOv//MlXfOn3vPNP/fBbP+8H3/eCH/3YU37xnge/4cixUyc+9KjLXvvMG1/6ZTd+z5d+8/f93Vuee8NfeMln3vTj73vwXcvDYwpLCDWrmwLGmi0NhtbUgqq5gj9g/ceJH7z+CuX4QesvEr/++utxb6tWuQiNosLQ9CtvNVElUCXbFRxkp6PfHfie9Z8+fNvb3ubYknG/fisbAtjqZCuCxaHByR3zvZMLxtWMLY1BpZGGPQZ6sF6lWvJQ/oe5Xms6TLku8u76Xmu8e2mu1DACg7rUTcVs5u1hodGb5TrOeWVsU21ZV4MKyLHj1mH01iJs3zZ9k1ivFouNgUpmMh8+DGlgvSVmIHKpFgdomJVq2cYlWYSQTJkNmIt1IcSQV46Dcd8im+z3OJC3yCWMYyA3unzArpBPe8M+qZfZsqjr9aiSSu2MwHwQWlB6eS4PXQ0dSl83ztp6YB9MHDpOc7Toe99kw57MjOxVVJMBF7KYfXVljOkxOJkOLZeMi+99tvg0eoVixgaDppia0mDQy288LnqNyNgQNRnHRZZMKYmG+dIDQVOQNqKaCEIWhJ7Mhp4ZR2aEjDHjzkmbrEVqSawNEKyiUjNzB/Ft02PRsDj0s+k7e3Fh9zQElsDL6CDJksEi08hZ5OZSkrpojNJAII5oM8rhsWCZ0sHJMZGmZpO5oUytOwt3aQI5wUXWfWdfzqXGuEsNk3kt19v5T6PBHIO6cI6CF5nghiW7YUXT3MaRs/yrkoljFTB3S0nGZPrquYVeXpZJ0RSwBaLR5NLyYTWv7NW2aMwyxiIbJeNt/fVWdoWNDYqv+vA9L3zbgz/tu898yw991hf8lU/8ur/3VZ/9T772ln/3dY/6b1/9oJ9/0UN/40uvfNlzr/vt51/ypmdc+o5PvuRtz7j8bZ962SuffcNvveC6F3/Bjb/8FQ/7qS978r//us/8Z1/3/P/jhd/4XX/4Wf/7FX/8p2++6T+856Zbj1eTrgaCwoblrlpRUy8ZJ+Ncum5aL0VWbcX3UPQIfO/6z2R5HNL83vrPB3kPxj35WlnujdJkTd981UERFHCKaZc6DgrumNvDD1v/HcZHrv/k0c033+zYPupRj8KOPL2zjDWBAeaOFbwzG+vq5GKjQIK16FB0ABnIJw0DDC2WzTCLFbYLV1fLN6iLMsE+7PioJMxa4JCegS76tvGcr/Z8XVkWs0FLQJKaFXayZSk4RxBBnF5EvLUYAmtii+UNpmPbkhlIMtCqgVB7GnLKJaGDSdkhuEVPzoZ9BZHbZFiSJlI0nEw5xtCkYsglyz1MV8IS5fzbLPfGjSGXLVJOF2EZeM1HGmBjxMpuh9TFzHyVzvQ7I06HwvrSI/vqU2GrsOTpfyR97Bi1AMvb4/pLI3Hvm46Wrne/+924Y9YXJBte2EnjyBjPb3B11VpU3MdrxmTG9IxpGFNiMcXH4ucuFLOCAyElAy69AudCz2WMDUEoPuNcZNsv2ysZETBfegKuUlgom48B5qs+NPUqXPYJlJgBtO1sMssJ3a1d35bE4lVqS5KL3LBRFuf1q8s2nSB2YdjKgQEsJ2kFR+hANrTlB5ZGZKBLtubSuYKWn9D+6DJl1jnh0hACxoUS01zssK5LN5fZuaE0u6fccVtQutoy2BpTDu/dbsXHZmEIrDnjMmBZZOw+FbZ7tjcMl2ZxKoK0OwNm12SnDmbaxCnZNE0wTVhnv/znsHqt9dSHhmz5NNsqlVQTZiF4qWGRt+MWUIQWZQoLCXg0F9968XUfvO5xv3vxp/7axV/83x/wnO+/+Bt/9gmf9Tcv+Ys/95xP/f9c/tWvfuotP3jsb//kH33mXzjxrT/96Z/9zy76qp995HN++JLP+LWTT3rtpdf+3pVX3n1lG2+WrAJOeStR14rhEtJsmRnmJZQKt6AeUUrdw+/GG2/UfMQjHkGT3Buw1WFscQ06+786q0CVUa7OglNAcNbAuXBOnWVft47wG97wBvKrX/1qZ/z1r389zTvf+U4axx9rghONBWFjXTrmZOw2oBEWO8XYQARd7OXQMZzDSMOG3LJKtTVtacK6U3ZHo15IuUUGwKUKV3PVUM9Kmjxrkaxo1kj1sGpXdmWskmxKo0ErZputjdcGg4YWGTpiVkeom266yQJ5p9F8yPrv01msVqoEOIrW3Issmulg8h7ooZRa5YKA5jL/NVqhFLaDIDhBQEKR4ywzZgCdIOtF5sgmYyi4cRNShmlmjIuMk5coK8hjgDliGs016hJnsVtvWpmA4zwpYVOQGHtzV+rWrqour4Q33ED2CmgpFXmx8T+Sw+MWwxYDWwxgjX0j8ukXqThaZGuWXlAHzGuplWOAGWAvpJT9uhNNN6MmdwNzwZocRTCEo0vJnbFDy4wG94XKUj7Zc2TGRQKUxcfMuGA2ehmzJNSc+GJKxswpuzgwpfQSVEDA6lVN7FS+NIzrPeyCGYDz0D5rFdtY1sZSWTA7o1L3bCBIA4uPxXEkoEPVOQlixiKnaU8v53W9UjuN3aTtEgNBZsWUrVGkbaBQznrpC8IexGdffM240cU0NTAv3G7D5tjV2RMIEnRRbrdmxrrapp0oSKZUqLa4WajbVjYizjEXl6OB3KearksRpCE+G47VQebNTtmxiZtyrCY0M30zpYQKpddusUY9SCw9G3oGLV/rXiUFB3H0ikOOabgw5s6yDcOehmWDgiTJ6jzumlhzzMzFFqpEZmp2CkJWB1NWB0JyUCtggFWDYwUkEzC0J63sbC0gG44g+bYBBpZcRBDcOqq5Z56nl2ebsnuppeyZ5wEmn9aiEWVbcDFNs5qrhjl2DB1YgpMbnFbH3zXiCPvGpXnKU55C8/jHPx67ZLBLAFsjB5yBZRLEbeBAYcE78iIovrOMdWFKY1kXyoa2InGHnY0MrVQLoQJyrkqhuVDOjLKpUFAz38rIshVs4bZYl2K3FtXK+lo4FbZqHZ9koOdSGkW2Q4wlVWOR8eRsUGYCCtve6LC84x3vsHDvete7NL27WC9vLZasccUXtpjtw+aCC7vMcAUZllocvOIbizDbjKyLZbkJ1eaHIptC8ZtFmWOgyYUxgWMaBlACoQSSBcEMCC2NUDSYnD7eYlxAqDTJgcwAyqG9YfPg7gTp6W19LVP30nxeup0IToTiq9Lu73R7uesWw1Yaeh+0JJiPrl4evVTyp8dCF11oNs4euX87kDEXZkbSJBubi7AEGl1k9pTFF4RxO2Diy4c9MGaGmekqfmeei8TGmA3UnPgii2lj6cJ8283rZbV7scWqgRWOL+ZLg9kYQhfHvHLRZAA2WXvOglmntpTFxtbD7ldqAe3I4ovZ8nSRYTteBGB5X2hdY2hzt78NYYO2G4xrZ7RL7Bi9LMU3orGkDaZAxiWgt9PSwSMXGSgb3dSg026fEYzSWMalwVAanZMMtsZkPJYZA6WERcYKuCe379mImYtpEroi2/rFLz1eEpa5iTRrXOVjq4mbPmFbHF3WxT63YWxpO8GeyYVBmyFuD1BCEZSLjIvJQHP2DwYueqfC1jE5zjGDQGlxzagSmSlZQYBsvlWP3PSBGVS0vWJWHGhN7Y14UEpyaHe1zdhwEbk6q7mHlrJ74Gl6aGEaTLmu5+7P7dv5IkBzUQGCmqiMwirLXAUE7FPVgfVUIL/1rW+lfN3rXkfzlre8BXtO4GxcBS2TpvNuscSZNwDc8XcnYF2WkoCtLyXmJR8RLAoDMoNORwshYZkry1KsFQqimXKd1g70odI12WTKfNVQ/UFlEtal2D2S1QoUmaa1VmeCYrameWUssrBGwW2/RoyhcYXiIoI4Dovl8zpijfpQ6ZvEy2WHtyGWyZz/p8QEXEwQFkaWjFFk3nSk2saj0cWAowgC7h2W4uvd44wDF+jMEnI0bsk0eqgsMdSbQawL1hrvkHE8NqvTTm5eozSoBGQlh3bIJKYre9O3at7tFNaJcDSUvS89p2Ox8T+L0TnBnRndwE2zV9FWxWsjjWNGIyLWKyIWnUaXpjdQvgYzNiVmwF1XYQlAWWaUHddGocGNy0w+uWSsyYzxvKKWzKSaJYiJpRQzpjFNBpi9/UdJliEkpFQToZQPk7fGeIwnDthnrVDLY2E6Bth6WEJdQolZfBMpMo04WLNd2zKH5GFgACzBoO1vsq7lEBx8HRIM2tYRnI34pQrJDSoCQQQ2ImsmLwMcoKGFFVB8wdtnXaDkduF6THYYJftOC86YzEAvJNCLtlZuQWnjZMO13ZmNS8+zHoRkXY1FYM9RhKZjLlWgKWOymuOm35QTUoKlt1I2T2utK8fZJBgEhOIQxEnWNcbWmmCtMQjIhnHDcckxTY5FXvI4sFyXfdkbFWet03LnVswqA2nCbIZqG8/GEKqYIL4EDieThtC4Iojfyno4KbhHlyYme5iRt6+hjSVbQSZmle9kKa9Kzul2hLHTin3Favqi1fuYxzyG7Bs3fTaOs6sAdM0xV2rXlJhkQ7DB3Qy6IMEqsI+V2hCYLLdONEG28qwypm8WgUbFZi6MxWmlsq9ocb7jvqzZCpUBwroUS4nYJLeBVVgBOzKtbwvKJeMSa7EMrVlKMayDHxeQi2jcHRaCN5XeKa2gFxer1vIZhY1BzY5jO1AlcddUo+hat8yCdWbL1Mq89Fp3oM+Ml2oICIIUmTAxt0zJmBzGpQiFKmbBYVJKiBkQthoo4ZBmDMJWs7NbLdfOZU1LQ0oWXarVh0Zv66uGnYJe1tVW2Xufg6Um/jdLiy3Jel520GwxhGBgkWjmmsMFIlOyERobhiZjvRwxufhYc8uZbY23LtkAoUENoauU0kwyMcuUuTDGGauILlNuB7fJtkiJeWkyzgXTCBJrBs0E5Qb1bJGsTfsDt/z0DCZ+bIgc27Vt01lmvEVBCBgYDxrLrWET9FJy4403uly8ALlloNuBr7HWfHeZVw2yZMwrptFFhm16JWAgQvsMa9qCmDxnqY2Iu2Ez22OWkMCyKoWZY0JzXwu5TDOIzLGtj2mEyiYvCcu8ubRkTdmu0GwzkOtlhoHNut2Wx4ld7RsIgy5KPPuqbcY+iAMqFrMUMwPGBO44TcblFkuVS+4lQ8AJLUHzUgorvlRnlatMHEbJHjObMg6DIGLGxTc6NrqmQTXJGBpR2Oqs5j2cbC1sp7UW68os28MoXMTJvThNTQUInV+FVcYq7JIKvj7dHj5SKftg7adJfM6mz8ZtEyg1BcRKjcXsFmKp7CJgTSCwlMOw5WCAk/lKjFDOpgDmUgWwEkH6dXILkrGuhCYLGRdBWUIlgnUpdm/qwHgs6TsXMYwLg+xLsh2SHNcLjLkUocPilYXQH05gl4aXEvdGB8ryFXxJ/eAemJjLzFewiZfsN9+4hLhsdbGBCTjRCojFiacX1o2/e8NOkAlZF5lZUy4HMNBSmg3kUGJYMoTumS6cOE2940LIEfTubWko8yojt6Y21RBNcPVcXvEOfnoZqzklmyWKcIzExcYolclpe7U5YOQOGw15zIBBxji5mDhNxmQgD2c8LltNLnG+KTMzvT1jIAfZmqT9JOHeZzUz4yjC8BYqS1m5NfGUfsshg9Vvdx7UU/XBeoDFSEjJQLSMuZNjoLFgwKwgbamQvNWw2UIXtDXdLATvsATPDLcMrHv4Ho4GKuHJvzTSk7cM9LCXG5iaEdt5WHM4wXBYJsnMhsdsQC9ac2lEy10a5AZlwGx8m+x2FM3ilCEvOXNvIlC0aj4TX3uWw9YEc2/EJZs1CIOJIzG+dtHeTsgGkpkRMnNY2pnLJl7d82KWcYlNSppjk8Cdow1cQMblJlsw9yoz0KwUeCYVQ5MSpKEbqEFpJg0My5Q2wwmuzljNFb8nqAdVmoZuoL1RcKOYAlYTzWaEYXk3PPjP8bFnA6U3SOyzdeQ+W91ibjQCzkVArMi6cLJeemaYL6bEikkw01iXZJJ1kWHmDibSdEDyNK2j+HwbHcxlzzfHUPGDEqWpq8ghTWbVE09hp7bFNxBIiWODxoOi5d4CeUexal5WejXxqkFD7vHGQCiOZmciSmemlRRaR71rpvtT2242oM+MPccqkxDTb7ngMMZhz0ViGWOYUdZEzpOhTCpd+xYPKkupxiDmRFjrfd5mBmlIUlnkgEuYnk1jKWPvdm5grLa9z6kwm8VOUGPHHPAWZRaLlUF5lArWpB/fjIGGrBcnDzIL5Ba7+FsNecJCXSkZiDwu2/iUYKrm2ZxNnr49BxwH5T+oICBgzAADx4QtttGWihz8CF/LYz0Slo1wcKdnmaMIo+EFWcLWMSENkMc4ISymB1+inZa4u8Bmzb40Jv84zfBMlgxc9jIsjSaIt7AFcWkMM2trpiEP0ohW/MaawpLXAXfTH19e42tqjYIhSy6FEmQ7KTuB3GYg08xks4dcBlszju0lHNJzCTMKtg81u8644FyAnnGO2KBpdOWuCQlxgxIYtxBNs/nuYSnZgUGovLBOcYfJIdCUzK69eTaIIJryVv8u5a6ebf1nrCX6CkFmmtgU8LYyGLr3wYVF9vVJ7gnhg3VkJxr3zcoMa2LFwaIxwMnpuwoCJZYDoZKWhtzSVOFS3U3gYOcDeWbBrNElwzd3XWHrWEGqzCDN2GQf0sC6kgva1TmCrp3piobb8qA43MEyWSwvBwTvCt0PHqXJLSiD4jfN6qOAGApYDtvElg1xcBiHpxfWLO4TpTr5GxoaEZJjve0fzexzx6W0zW0EueGm3zRxAo0kB7lDzeYyEETXkutBtqWUnCMbXuqpsC5eTK7mBHkutSgnEYe3QqOWHJ/huccXow0mTiBv44eixaCLnJmkV79dkHgPlGOcTHl4lGoq25imUTIOyXH1Gp6YY4BHwKPJBcYXZicR9lDvWIa6Ql5b960GUkJNS77szfU/w3A8vL26C/qbm8NfurwMXeahJoZdNudPZA8z6HBYtt6KzsMFmdlWE5J30Q+O9LbyaXRtRwkTZ03hXGUgrwtC7+EJTvC93HRllv22YnvphTR1mQVhtjc5aAKz4XEc3gp5iSMI0AOXZr3L9RDqGl6z26EIofj3xRlgXstg51dpePTZwIzCfaApfwIWvAukozrstGI3DHZn7XF6zCzwiulFI4uMkyd+0IyBGbk0JiVYM11ShbVa56HejLejQ8oM8r1ghD1UKzjsUiXDtrZsBswabstbTJwWyz1A6M2jm6EnK2UGeZmOuag54YqDv9Ol2VYpIXDRlRJnVk2W0hw852CKVhezbcw9jFL8LYe1SOc287aZWZrt9DGZEDLIuLGaRRpdS6w1Gqw57rKN5Z8+4yIbQj2VN5CrOSxjLQOuYL2TNhiluII2QI/u/gioP1dJo5pLRmveZcmxVECogbR20op6cSUY5QXlpU4H7pTJhw2aNmzfarfGk1gCDqNsFqMJDbFFMdcxz5sU7HxWpMlGbrh8yPHav4Bxg25HHw3e2a1YRl0hmiCm2RqTs9/OYsvb5mBrvBtgzWcnbSa7+G9AuZPOD3gYW4PsB+sI52HXcSjV2WC4/dbRje1D5wHTQxFEk7ayQJXvGChXmrVnWQto9BEuiOmd+AlSSkhTzFlraKyaMcuixXsoVMigIZqd+WqGZdQD4+Sw1wyZQXIRKibUhOSUgU3YXpQ4eyg+7NoHa5cSttPcTnz0hEFVGmQAyaM8XNL/ZWG32BrssrxvZNY6ese1kXzstsR6zbRCbVF9CEs5DgqSEBp3y4exZx927Q0OKzmWQItl4cjzzMDpKYF9kZtRx8QtWj0ZZJxXKGYyAzINrPH2UUr/S5QDbJdmbx13ppspFx9nsA6408BeSiUJu/ZBbsnpM2iOcciGcUPHkEsM41JlMJtzD91CHMY26DCYf6i5Z3NfMMpgmnXBKGvCnryHlPXCVpkw8h62+gvarK4Lki+oSVDQ5Io7wnaFQl2r7Q5rvHOhkvcE2Mqw11zLv8Ba9MTtvbWLIHm7TNxhMkmzjRPGZQRYxluxlWHiDLbKPQ7kkJyysMNhNJBL2GrGAFanfYw+AU+EC4LN1mDruC0IHG6m2dNDmomzxehh3O8LevMKawHOYd1r97nZYNc+QJq6BntDbDFduUPNsNccZBn2EgvZZLwHI94XdhYHuP84sIx0CPelh/vpCmuxF+zJNfcYJiDhcP6HMS417wdjc1/G9FubkaHmkvoG3WA9LQhjQBPmQQvJ8yBnttXgrdCTfjTFxIbYJXSASrQu9blabZXb47DMYTMLMWumP4xxgcxKQ0rJo9lisV4xgw5vsZosylzGcdGkTWWAw6g0fcX6otX0gUu4Yf29a9et/w0PUF5+8PNvoKzA+HB9tzBogt54NIPpqhkyK+c0oDn6wVKAgxLsxd/KkAEBQ9mmGbApILTYrfp6Ge4+aPp46qNzoIsSssylIMlxwv3gsEvNwZLZikmVsOs7QF1NrQWyZOYbt9azWBnzwmuCCzT3GJrdzHGaDGLN4T3jLfRC424Z6hqb0ZTnzEjycZp8YevSWBdMYJRZguDQKFWs+KFyDY8BewLOMS6TwcQnY8g+xwl77Ipjd19599EHHL3z8juPPfDYvRfde/zK43dcdseRG47QnLrmFI04Jb+Xf6Osoy0Yee3cTc0oMJnjZdDNF0wpJQCXIuyNklBMyDhsm2ShYk2jbCEB6E8s+mssF0tM2R8vzyUDuQh1Qa53iXswFzBoTDky3ktysNTroHRNcw+Z5Vi0NJDvrrFZaNjKYTSLz2bE4cHWGEYTUkKZHM5nSfrgFEDbJrivtqw3OcscoWbofosz3mrwFu5GXGS9uIAlWfUCeVATz5IxJqxzWiY1KRXTEA2dvNXsIeXWWKiCxLAmuKt/I4Y0WzDLcQm9TnMiExgs99EacwFVYLHHfTD140i3rv993vzg/sdX3Hnww28MGgaKWfBSWTPf30BbeWaync/Ia+c5TNfwwGLMekByyjCruEXGINqa6bmcgXI7SnE6yS4CwmUHP5DpRujVpD977++fukRmoFiEPd5rDoeRt+5Qhi1We7ov3f50yCxKPsewhlnAnSWbXLAV3P6x/HYRpwIixCKs8XaPnECu2d1Hzizm2LhxuRGaRQMZFxt61e2Kn3uRIfdxLM9ynsyLMMlj9oUq2mBN+RxoMsA5LiU4uICw+DE0XMfEWaB3RvAUc2xKCUoJBNckpCwmYwLmi9/3qPf9j0/6H+/80nf+7BN/9sN//MOvv/b19zzjHvLtf/L23/i037jtT9z2oU/4kD1mp8H23RebS9wOjLfPIROsJpMSaI5my1DXUr6DG1C0kUG0eLDU92AzSGBk0CtakcEoa3l2Fa507cz5s1wMNKG65VuQwyjnkgmTJ5S5ZIbDmuACOUt4nv1b1qXmWJFx0FXNdWGyIJRYswS2s27KQN7WeZfHJlUY922E5C0nbJGvNAhYJsNhMo/rKufyJzRBve00SNZbHUYuSJxXyKXbklkxxS/J2QBgcdsGw5Rx6w7N1LxMSpDJc4ZOpm8WMJYJuK7S2M6lIIQMWIIkp7YjwLosC1iy5whFmJjMFn8WOqoFrWeGB0bomaGLgGlwX7c33XTTgx70oEc84hE33ngjfvjDH/6w9TdB6u2/ALtm/e/NRePSkASpQKkbdwuaupK3vIcLKk01DmsRlipQJuA9s609aEpSDuW5ZRjjdYnPXQ0d/n4eof/ar5eSfhbfewkl9F6i147ZbhpcqC3fT1dD4zRhzWjBOundQTUXPJnTx4FsamysrNVvsa6//npNi0tuyUC1x7Hhyt98MVme8QgYqkxTznhcxvEwdOEGguY1CdTc9a296dsSHa0yJ7dwe/lzMQRBArHhJiUZAiFMlwggrIBzZRioI5Ognh2T9nyHhWaSmWKGUgqSjyEzvrxmiIe9/mHP/9XnP/pfPfpLX/mlD/wnD3zKB59yya9d8hWv/opr/sE1n/viz73u/7ruQb/zIKX2QLLN2mlVvqf+VL4ZDYcKAiVj9BLAZS4BWdFgkKT8c8m3+KC8zY4N9zghvfjDUG9hxQ9VWAEJV6//sd+167/bEdufWJHpmUFe8oxpxCznLetdhlnRuLKaxLZYy7BgNlvlUtI97g0Aa8ZAM1Ul4ORhYUH83XgHf8O6TQkzYBw4DnKHMkwY8I2LU9jmrjIGUtWKoLeAJZlgrGbhyjKj7jRMTtPPjccJ9puuPZc0DGI2q/kCXePCvkHNoiQtrvWCdW2XI0CPdcWdqfQMmiB3QYQCYS2BIWJrFxsL14tHwHWVzDimz0YvFF+h1qovUOqddLBVpMGSiwjczRerEg2Z/W5dC03FTjeoCBAoWVegj67/2l2/W/zNb37ze97zHvzOd77zHe94x7ve9a73vve9uth8aP3Vj543DXPBpEsuYVDpCTMBWKdzDluN5MeGHGbP1dx2Qc1RMoN2p6YEoDzlPAx7A7HvnFh1O6CvW5eCDe21w33Rf3Xeb8UCNwUbvW0Uvry4Y6PPkQs1hzPAW+PcQ8mDPOVvjUzBkuF2G2WZc2dfhJmyeVkvy/Th9VfiWThe3MUpVDbABXJvFk0/bmqhc4I74TSMaThSkuMtdIEMS8xww5KnnOQHNNm3QGUreavWxKEIS97nf29JRoRWJKYhACFQlnkRKm/xFcpw5LVIu/9kpaL137c4I3qTlVcvKPJ2Lw1aIF3AvlkAxyCyZvGNxT6YiPTsNzfRlSvstDYb2RTIuPeAdilLPNNssdbC7LZEuZWnTAgyX2u5QFMvs1y2xSxOK1KowWq7GDMbbvn0rvVYjv8y/4NL06xNtv9MqJ3Zj+X3Uqt3rehiWVYixJrlX8DRa9KXvPQavYTlE2vusUlJVenMcVtShzpZF7YEenHQpcJ8VXuYRigFFxmkIRmJQRtD5suiHhy3qVvJBHlWXmgiCYMmWGRctKqRHOvi2Fo0Ryxt6ZmRVE1Q2r2O97rT51a/AszNpkkASmYZjwt3QdSEBoupLJWIgWbGmsYFU5MkWFwrPtC0yliJYqdgZAZ5mUsTAWEl0CoY0Yxier3NMWgm1CUr3PpyKYhZ6M1Mr0KtJT+v5pCyXVRYXlAEMasGy2XHz5Zq6yjW1JTMLmtR2mc+cHXdfPPNvm6f8IQnPPaxj3384x+vSXjUox714Ac/2CevgnrqGLLSE9acl6sZ2j0wmz6WrrxHE8iH0fQkn8E63wvsvFDvBZFB+w9KzxxVTdrJ7fh12GXEdrONa8kdElehPdGDqv9K533rP3nkjeSDB79FluBFhLIXRpYcCQWxYwoFbaCENLqYETJOrpdMwDCnqFlI2JoSzKL86Sd5DJTAwGStOMHa2QAW13q17k2/iUPDlXOzwJrmEgNNQofH5ahrzsw4KhqmxNvmdmqT6mROr1dXmImbwswF22nJKiB5c1/D7P7pNGPhSakjXcKwPOIO3uJ1Zdz0C6gybezuEQyjxP2BwfwmBzIzlQQRqmcpNS+cppWSfLMAjqH4AgqCmWVcoewrOduE9lig0TSFnvp9fMwnSOtiIRi0XlW+epaMNAxhOIKhCfIhp2fDGFosEbiTufMFBluYZssHLMm4uTMWENTWxBsO3CEmXhkfsv5TJf2WR/uT3C1Weq2LahAwZUxZLy44PcjHoMuKrvUHWW3TGzYjlYFeejrmyot7A/A2oKqYkiYwawtxJAzzEtASrOOc++8LoCmUYeUtw20yQZ4Sjst/ZkEAjoVtptVWrQRXSaywmmQj5ihsQgO1N/qrQ99R2D1mUv2Ca+xCc9d1s4G594vbMOP+M0WW4rQVsVclESoOF03MWO9S3/WXLlgmOHyyZBv3OOwxlMyg0km+2rbb2/nYiLNwLSLlcELHYQ4IY5re7WKOY89AlWTbEsDUn0b19LbWYnIUjSANEciMl8tUrlWZyqi6lUNN1S6NrrJpt/ULx3/rt37rTW960yte8YrXvOY1ZPid3/md17/+9T553/72t/P14VtlBRfHkASTKe9QcrE02MiYTeWjz2yga1wyFpNx+pgZDZCxZi7kLTNeQy69oAkSbtPgMo/peRFy4d7uVOW2eKe6N4wuBReEC9ebhyb0Pmgnsew6YOkw5Ni+AZppYhjjeFwOOzpgrb3pyK0lqz7QFukQ5gJ5yZ+lGbW+FgurQDXh25m0VXKREjZHOWBN7JbsnJCBrBq491mcGZeKQEljRjiBkmBGTQ26gGJY63HuRbVktvm3QDZGCyptXcwYG84Q24divyCze9zNLkN6y2SxCJoEBq2pcaWhCMoocoVdy7ODZqUjtGf6/YXtpQ4RcFRPqYozZxWqcAuXpQgmYuPxDZogguGY5WJqCiJVCZuLF2LzAjPSpKQxC6zs/b2P2ZlyGxL0WjUFqbxKWmKSkaexCGWeTKBnsK7JshuxEqkz95YDZnYJ9ApYfC7kOMumozLiNxyYuyJ0g3f1V8yKDCxlAnzb3nHpYc0ipzeQNMqkBCSjejI3fdxC4zYk0FecNrPSaSosWUlVD1d5XcpLwIrPnp5jb10WCCu1yIS2bkkuh/Pg3R3XLGHFYSnV7GPNZlHphhN4AXdo7g3RzrGLcM+hCsi4shShIWRuar6dpO2DynSe+tSn+sR65jOf6Svrsz7rs2655ZanP/3p5Mc97nGPecxjHrrCTG08jtUHm69qiCaCXiUiiKlomu1M9hZC2Y2+HKT1j4iscldxguRjFxT2OJd/l1UzMkFTEEdtwYgiG0saUiJLxkCtiwSwBJgBgQGBY8vUKtNzpycT6NsSRmlRWgjVG5gCDX27KMd2jmiaojFbfFS5iNLKiIXhWcgGdNEbjJtwZaPK5nDjjTeaVUUntAWbbRPQLDLWbDdj0UA0cmwmuiRDH9NkA4eNRWPGZcxyIdAnTFdmXHByobKB5OpgynpljlWDpok3LmzLbb3tbFvBDnbb2iVuW/vm3e9+t1cTbx5eX1wZ2F7p5YONjdKm75hpkoGMpwl2YWcGc8Fc6DGzAU23jFNUbiZeGSdbvdwFFK00BBGTuylwNEezqzKYO9hJ+bLha6Ayb9P3BkcWzeycDTIQzBd3UW7PiWY5kNdEFohZMrpKiXI4rIZL2qGuJm6O8pzMzcLEzdqkTJmZ4CLLh9A97oXdibVY0rY6JmK9dFlE0MTsCc3X9AWENoktbVeAJtTsaHSbuKRsoa4euyiztmgrIregvJpdebqYmUKRheUupiZla9pkWxS5mUsJ22am450YzKh92DeKLpOlNCPTtBBmui7UAl3qWTGbpvil2rgSMGWgLAc2bQnlHTYXjmXIFyzHsocOHuSZGciSWQ7c9Nmzae3AlI3by0H3+E3rPwGrsGQXi3yAZTuWbyWNKTF9aRS8SRmutHFp2A+yUkaskiqA5UYP5HZaVVI6zXaOIiusA66SNGpLBrLK2/CMmVkaLtgQghSwUjfxpUzr1aSwKlzCsm19297spRdKvrq1DQaaHKEITXziK5dHoNrefPPNruhHPOIRtqumrtAqMzOoCsjfbnnta19LeOlLX/rWt771l37pl1796lf/3M/93Mtf/vLf+I3f8KH1u7/7uz603vnOd/YPBZp+G8wcbbnqY+64DVmhuhuxgtii6myCJrWs/fpH2R0Zaw09hiw6lraN0UOdhsxA3UxQWcRpJxvR0IaTTCl1CgyN9RrXqknY6F1THXNKzKCFwzR6W30QvGxnLfYWot2lgMyEYm9ELD4Wh82ytBZVNyPR6ygVnGZ7DwqXXpXNwUetzfeOd7xD3dfDvvzrjGZrJGVtGm3Z2b6UkGDQ4sdmJT49ZtCIbMaYQczYEAxkkoaNIOQsId+6GJNlznHPBY/AgF65Nc0CmyONaggrCC6+OJW+A9Cpti1smi4FO6P3D02wk+yPbgr7271gx+COmX1DBjKuGWccc8c50gjVIcE0fOXQzQIy7E7BQGOt2bAXQSjbGktMszQYMMs+d1iDLZep4O3vEuh1ytQ0OxhYTCwmwdxx59wFKmHGXDRxg+IgEwbVh4GBKIdZlnY2oZrIx+XSQpisnWNdpE0j57ItNywZq+AFUWKPetSj5PPIRz5Snh6Q1survWv9IQ95iIueJYFB78iGayAlMoTgxjLQoF1hnxPsGTvHidDsArJz2mb5OpYg1EBTkXXJnJnityHtPSg4X72mmUu3aosoYbMwL1MwF/ep5L0QU3pcmUUPLb2WpnmZKbYuWJc5KjLYyTIRv+GaZikBmV620pg7HVsITSlx7N5pLk2WpmwzMwovy1dJLVMu7AXfK+b2MHYnKshS8c3pK2EQCmruKUvAiHKwl7C62Vpttu7uikAjN8wAKw5WJdx1r4wslVQxK7LKqyc9KC8oLA3fXMi4T6jGkoAMTbm5mJfymvV2e0i78rInBM1KrTebdZYLBFSQihlaAmgFK+ab3/xmlWx/KqauUNkl05ViFiboi9bsnvvc5/qufdGLXvSZn/mZX/M1X6P5vOc9z4fvM57xDF+9PnZtObMzfVN2dpoyme/UR8ApFBvsVELLYUZGl2SXsCPjogaCphsYy1+SnS8azEDCpqksVk1tWyZhDYcdB2m0WEa0jh0WaTAjyIQZYdYXi9NdYVKYAT1YPtm2HG3m9vxg2Wrre6cCyqflxnJoU7FZHHg2bXYEFoM0BjCMQGCMBPbpCTiUEC9K7lii2HiYPpsBJRYnZlYyEx+vgRcUARdNfAZYV0y/BF2hGesimC3Z/LGUcFMrJdgzxsqElZtNGvEzNjoYXbZt+o6KTWAH2DRdFraLza0J7W8GdpX97XJhw6tjxms5GQf3VGCDGRC4kLnkiDsebdPk7EWQiePX8s/h7Cg2ertZbrLyQoplKEijAOPZTMvZXU8vlIxZYF6iYV7NDgtr1gm9QnbOe/cyCheWpYHNJbChqT68sDgj11sBaYBcHClJuFQtR2ju0pZnYblgCeAehF4QDYEpvQ7LUClkqxckj02k9y2osEZp6dswkGDn2Cf2DMFxxT3nHGb7zcZrv3G0t9UWFHkeD1Vbl+QLmL0t165usy2TXN+Su69N3BTkJm2zcBn1sWs6kidQ9gbcx5leddBFw8XsGJB1KYhigrCGEL8RDW2+252fvvy3aMvRZ5MxbsrFVECW3ZKNpamLl5idejBcxSS4Jaek7k16SjGZTSWNu9RlRcWkEbB86qU3lhGhk2JjtD1mS2O5qadNta75goqjVmSbBCsppSJTKqwatnPo+5LTbP+oNr0hyBzZt41LQFaSbC7VWbnaA9KWMDArYZwMVXud7g7NsfnmjoOAUPx245Oe9CSPnMc97nGaoM4KC71+9WCwUuYlVd+ypvMrv/Irb3rTm37qp37qJS95yX/+z//5l3/5l331/uZv/mYfu316tQO5mKYCmjhZTZQCq0Cbk6BKevv6BDUHI8pQNSRgrbFUcQ8t9zBuM8jZHmh7aHIxX8UxqBEtlmVSeclgy0RpLLIE5GZoqbIBgvQYECwQtkAdebJQWC9fMoHeKLI1nEWRcwuxXQ6yNWJjh7eRMHdNwRksR52nthD66ghFn/VmRu7MaGaQ5WA7gERj9mnq3ZmuaDgGWHBmmBlOz35cioCZFTOXZFxvLsAF68Ilo+LYMhcqm3EhMKZhrJlZrNyZGdFAGJRFTToAnW072/62Dwj2BMGOsXWA7L7oDrK3HAbMS7ODseWgC3cO+caUgheEBoeMQQSZQLmVZAeVYLl1sQEu0GnkKJlly6yP5/YNeyAHXWwgY76C5FsQ6RFwgiOBTdwUVIBBJ4SSCwFThqlMSkxTfKwZsxlolo8ZNcEWJQY56ypgWXWAO7peeB1pbKXcQS4dN7sX2+CQM2OgN19xGrGyzA0Imu0Km4fQnnGkNcm2jc2WAePKC2Ue0kwowTGIA7PZWiBpcMHmJcOeTL2tm4L3dNOh6VWdUvGxKZsXGdMzMDVeWBCwLqCwgsttm0w7vzSgKZS/dSFgstzouyuyBDLoBTmzbEu3Dcax/cm34czaMVTA7kEXpRpWWL2ZcVnrsXvYrCPskB6SMYPyhDZPk7WyuAd5TCPDtRgLNHHbuCrZKpTK2F6ipFHGnltKSlDhnhOYcS6Kv4bcTbwVby7VGVcxXes8dl+6uMxhZtoEs0wIrU71xOsi7P5u3uPEFfeGN7zBk8+TUm0VWWGxu9GOxYosExHkaYP5OjSXxz/+8U7KU57ylEc96lG+fT2wb7755kc+8pHeLPuWNXGz67BUK7J66iLgitPJSqnJEpqjWcjQ0F3CsgruXiveZuhxbhY4PSUXM1WZvWNuRNzOj1ssCbQ6cqipixxzb8nI8i+UqZGB3tRKuLVQqFmIBBNpyeTDOHucksHunl1Xc3cLBw54Qg8Wn4PDFtgMcsl3O1iaGFbbHTQLgkc2RJrF4gAZEDITbcv0yavtOeSSgWQYzPyX7s0oxaEvc/Wl7ISMyzb+Wo+lFGrSRrez7W/7wOFpl9hAbR2y3g6VvWWXkHEXmX0zPKg5xprFT86RTAAaoGEM8imx0CGEXGxWodrc9nF5CqKrCCzHcUBZcJaTRodZwJiSpvhN2dwpyYzpc8EFwaFoW2bMYBt/IsdjzExuJVnaUFO2jcUMSslkyfMGRjlXj65AWeblDEI1ij0As3+CfWKTdKv2h1SuJ8fe88/B1tTbLmrPgFCTZxq9IjMTvIAY2pa62HAxX9zUmpELSM5mBK4kMK95VWeDTUQvGdMzWOZ58J8FwqyCaYKxpFpKHZ/Z/02hasQzBcgFJ4Rm2koZSPLGmpLm2HBGMXEjuuMIqofdg+qQ7GDqJTDmIviUNLk8y3lsSsBw1U0mTVb1hltr+tkwoAurD1YubJ9gZWRfGbElwJR6U/ZUwC1QQUQGo0tDwtKTLS5bLFXQJWFgBtWtWkFdwewwewIsVTjAtlmvohmuJ1B/iIrVtvcw5e2hIqCxytY3ouTf/OY3+0x8zWte41H9qle9StOTm/yud72rz1YT7wSZLIEj2fRtPO5YTaY+7UzNZdutPw8L5rWs1vpp0SoHqVp6J4jcBpDqbA9QLlNTJYMaHQQXdhKIaSbJViczzIA+R0FaLNzysdFLLjiD9o8RVWldhAXVOZmeAbNS2m4tvcuCZSEE7WAv9JZT8meDtyin2DDDWz0zPCgnLCxjnCYz8tY+GWeGyWOcvDUbZTGbebKuLSfkctiY3li68EARKsgcAzvGDrAPCN2VZBw6XfZHhypez8ICzQsilyILgouTJg7FWZd+QYmV4ZZhObib97IEmrqyGePBGEAuYcZNkMnkBrKlJMRrpudSTRgseR9grzkwYrzFTBAsTXLZ6mW/5rI7z46xSjq6ZMfY6R3WFdbzfu5yh8mwCghe/OT2Q5uto9v7OJmy/aMrl3JeJnOAlOXMLGNoWxZ8fCWDq7Bt1oxkK38wLy/pLikypeY8robpGZjyYDvZFmiZ2MH+KYFkXFfVGF6mtGLMcGC8znJZBZZt4+1YOTLjZaxm3dXRDe7uS64mmYmcIxQfyGt25zAGBgoGhc5RLKXhOV9ha1DO6olVTJfSaQ7vNXnFGW+nLB/5t9BNObm6TdqlyqvM1ynu5pjBOsV9bPVFExa6zTwjPUjsTzwPFbBXcfcer0a0teTfV2nP5tijGttF7T3zZYarkpwpCT0sMwsKgqsPA2VpXnJWAZCkamCnBsuH0GaQqtwkiTPT1dREMKho0NBV3tBxyRi30QNlzIUZF+4MkgsyNpR6ZwUnbeWdghOWFVo327JyB2s3Lgx2b0mBKg4pByxDzZ3RJtw6xCLHJTc8+j0e5BKPJmGw17Xl+wGDsJfGgL7ICYpLVt80e/IWa9QFVcba26ydHNwpGmhmsMeDdcstyDjuiom7u8lbmxEYxJoYxAdbIXk0a+cuw6JhekIGs4HCdvXTY2aEQjUiDpMS3uY/+q0LTgjJgu85AnkENoR48V+fBPEWzQUXuQiVsQuITLk952kKvgZeiibIOvsF2/2fDO0Nh9Pm6Y+nHvrQh7qVfOymXDbWwY+Cw5rdguSCtKOyBLsOkuvKrMpjKM/ydzFBdyjN9p4ib3k72RF00c+U1zR3f6yFJ4FJo/wHjNOzxFtjXdkU2UCxZo7MgGOzrlyx6uFuQ1XFrj8a2NYkYQ2ze6hPzTNbJnOwb8HQrW9pJG95MMpyxmqlGVc9JY2hytdkr4kzbiwRZtZyC+aFZUvZjIDNkuuKNf0Fu77NQoRtV/JqvsNS/YNtVn16nNifHkU2ag+q9lu+Tbz94xuR0Gfrh9a/MfWdSrbT6M3RzmHf/mmapkzQO5UJjKtJLiyrBpgRlIMkCbishmWOl3U9uI3LVolKQOTyaRQjbnn0WYYcccuUQfmnyZjQ8g3KfC3qOdCsxT630+KwTNP/xogqhhwgGesiMB5NvAdKycWaco23Llse5DLK5D1kFsM25zRblDCeCdYMq8m5JqyVWLBrrzhsM8JAs3J3DNo6dkM80NS781lRc/G8kDAYy60Q1v7zNFB6aoKbJqQPi9H5KMgFo8HO7aAaWx7sTA9GD1sZprk4HMIYxPeFSXLPbAlx4D7CcGgJYod2FqgDPMcYstliF2LFOsJ5UG3ooLqhHO9+UMs91RnW2yoIJXhDJwRduN51wHMjiv/xh378DY97w8c+82O//fDfvuu5d733yveefuzp37rxt8ivf+zrb/vs22598K3bewqDGXVPkbHeLesNmlveJtDsZB6SU5ZbSBMYbDUZQDHBKPEy7fMny557tVorurs63HrkrpSYEg7HJxQTk9cUdrdEGMvMmm8g72m22HMZhuaSHLYGw8A9lExTmLnEy2RW7ExXpMdhTw73I9esdD2BPDIJvnf7xtVllCX1g20w+0TaPefiXiJBF9BASQYDYb4cGRQw47wwDa4rLyjPqiHPUM6dILKutoTmanhuN4qw1vi8RTEcecv0cSBvlVxGxuNSE9YRdijtpcTr6AmDemFP3u3LxeTAbfrCKGuO8f1jz2wbcIsJfkEBtvJhTO92/ttmoEyz1On8rjSDyrqtbxy28haFMspg2QUbjKYtcj+8xbLjDvbZcMp6xyZslXt8QdRV5D2zZgGy2kkrajIg7I0Ck17C5HyYx+YwxmCOWTL90r1qUu5hW8DkrSYwS9ga4D19whZNv1XeW2sYfZshnt1CDhlfENObJWwdQwZ7mNwIk3ZTGP1wSB7jw9C7G/IQ6lqirNjKgzHb6y3yVoDMKhQsp+4AO9VBMTMb48XtUCYpxzflYC+B4S1o9ipz2CaDuJ2z7L8VszlTxnsusbBQhmvW5wkZjNkesknYygmh5n1FgNX1AtsMMuALpiPhPvh6p+w7cj7+oJlmP6CBurbYda9oILhgGusansNOu4JLHITaRT8f6ff4frBnXOSGgO2IgwsqwxJxRfLw7qFrADhcIGjT1JVMwFsIUpzhhNGENd4O09zT72Hbe9iSJiSPZoRGX9NZMJrBNkigSbntyj1Mlbf65NV2h8NBYGz2BBwKXheMLA55YiYMMttT1hwe7DVhzECoooWasGsfYKddsbf7600YbEfBhw0OY423mCUM0qwm+12wdwYyC5rbNGYz19yTwzZC8hJ0A8PNiHpzdx+5ifqbXfcUZZYujvVpcg5pcO95fQH010u+J7xlw/KOfeLEVe+76glvecK1v37tLe+85bJfuuyhtz30xFtOPO09T7v8xZfTX/2rV1/zgWvW9HeYZLa8PcuHMWaD5hVGkzDgknJ4i219YPVYQN46DqY5QhHCNPf0sNzKB2XsT6H7E2kavewLiA9jqyfvIeXw/xJbswu6UG5R/iMM0qwmF8hhVV8YGcC22craloT+6AVr2p/tCltOxfrLV4ImLHt03Z8TagIG0YIg0AO4V+TGiinxzue+k59ZQwuaEE8XrObn6hN20c/HjJswZlsheZhlxglbjD2USZj0MJuQ/aAIDM6bSaAJNbczD/XuIq0oXEKabGDns0KQQc0tgwUmt9KHkQF2kLbGcZrDyDh2COP0Ycxwp7TdFo8x3qLhhhnEmoc5MJiCVByoVlOxhAyGIV9cM0wv6Nr2jvvW5v8Nig+79kFwWNb7AFtNMhzW7wl7aBd1XLfo6G4F2DvbYU8eGHGS385lMEoGYdvcphcKm4AbLnb1ECQ2HBaHTYSQvk+HviS6Ged7IgOWZVJW0L6yzcBeDbZuTDl/MMhyZL2YwRa6YlhWei1Fw5VkctCVQTzQlWUu61yXsoed0YqJn+UWzbQpT2WWQAfIJiHUZAx3rj+P2R+i5shgm8A2c2VJDkv3AfaakGarH3m6Bi3NNv5oasLqem6zwaQa6s0MRgPrvBeMnH4wmq0vNLSmyigU2GbKdccKQnuPngEzcSZzaIdskXLY7mKc3I6iwWHMYE1kKcKS5cEsWvESI1+QW2sceHGfqRW8UbbJ4JG3yAVnLGdNMp4gQB5fZpM2yAGXBixVPtgSgRz0Lv9jWuphmfeKmua2N896t6EPY/SELPEeCoL1riEXpBmsKZyX0n3xBQUo523+Iw9ogGCrDY/ZGG+FQc2Mc+xDp+syDltHGcIUYWY98mi28UtymIYQNAPZWLriNHu8bQbyBY23AgMoq7BNdRIem+xBF56u4b3mMHBpzySPMugK5NlscVg7F0wzx2XIg8r0J2azWHhZpPWuwU055DU5bCNDJ3DLTibeO7Q46Cqf4qRhgLuh5qFI7qiPS5nIEEuMsP0TPwwuze7NfoalD+7bD36tCk36bMYYioChiYOBpvJVANYsztstUzG9GTe7yTxHBuNYqaFoGWSZb6XrBvTdj6eMwoYsYddeNQzS4AI2BKw5Ljkn4+Qthyy3MuwZp6lrD2NgmuSpDxma6TbtvUnpDRnnBeR8gVm4LznQFCGG1ld6a7BdNOOupV12bJUHSl2CbN2byB6aYJHtrphyy3qxcWNgVg7l2aBW3ELjQc05FGRmbQbNtWbnPciKb1BsSw9vkwmUCeXmLGAHJJkSs+eONTPjZZQyX2q3lqgEgl42A9OMgdmuprIv9UADyUsZDu6OmaHeiV6swWTDRvCtuzIRtkgpoDpqVtOpbMxg0H20Z7zVAznuL/z7w7p+CnxY72Xrj/X3M3u4Zj9TfuX6n8D3U+ZjnBk9kMWBGZpSMv25ViNO/LFnUOmqzKBy7RorslkrvbvBcbWaMiYT6kqArQvWNe5L94qJULOurSOUMJtlnutMM8NQeuVZzk1hbyJhnd+CXXvFOA4YtHnsImxzt3fbV7Bu4AXtewcAb49Wx4mMk+eccC+4gcp8ZjQTb2oJeLDO8ly2hTLcmtTuOMUNZGjcAZ6jO5lkOcckeVzY9F9x9F8Z9uXRHJmViWyxJAmz/dqfdp19C4Sr1n93tv/CtR+oxmkY9JsBcALkyxhErj5grN3MD9a3sjDIDNshGWcjVdMJZKAXJ0f2LIuvSc8gr1CJlILQyioCrg4Tc+uSkguh/0yrtw0Fp290MKLRS2DSkENMUz5ZDlaP845J8tp5DovRiqZmRch4ZFUaBqGC4WQ4KAEg82WwRF+xtTf9sDrtmlt9KFS+cYtF0Ks+qqS8XsiW/5B2/eWLSqfsnaOClG2ZmwsBt1VAM7bHGJDF7xrELGP6fEGJMOPSM4TMOx3GtXwlAO3/3hSxbCnbDCVvxYH7TNAo4hsO29Wx4fAkEyjjsu0B4SxQzs2va8vZNxC0u5YteHC9QAU3OzD6MKXe5aHLuq1Z9uazRjj3pkYwt+FWomI1sFiDNLrW0XfZiBMPCj5dJTCjjMFw0FWhyYqOLQBNTKMrBkpszXAn0HWmty1lk2GrGGuy7Cf6MCXm0sfBfCLQM8CaMENT4vYE1tXVyREDA0oJmyYsG3lFVQo71cFVIuDeNMVprOalK4ZSYoDLtimTJyXGzCCBMs5xz3h6GWevi14ChL0FAgknwLaLfXIzGg2mjAMlrFNfsCvKCjVJmC1HaL/Zypodg2FKZ8NGb69nw73IJdCUTQ3P7IAAbMoNcymx0hCqcfEMgWfo0pAAOU4PS+rng5KxC4LgSIvTwe7KgAzWfbH7Z4hk2yw0Z7FMxIrbdfOfc3x4/fVDH1p/c2G/hvCDB7+Sk43ejx78a3QJXPovQ9oGRjF9wdfFWZavIuC1Nrv/GqQyttk0GWyXCchAD4USOXcuhIJX2zA1Ubdq4h4kV6ViDg/WcRbIUDSRS3USBiMGgw4ziBlgmFTzClvj5AxoFtODzYzrapqVMbli5gJNtpzNd2aRfl3wc7PgSFiruLs9cuTCOMcw8hJu7YV8y1/lBbRhJqWCZyNyjspeVkUTRBdeUzi3DZqsOITZM3rJNEbRJA+yzJHZmt3u3aKd72nn8YYTvAjS9zpIYxtQtjFw5wtKbJ3K7rfV2sbGstVjSjsc00uDAATVwBnY/+T+C2YngqWjZG/rxUDDTHCjSL5aGboqEWhKwwSbLGaP12otv/tzcTDhtnIzx6EDb2KE7Q0CBih6MHzYtQ9uTGaMxcQTMJCBkoyNgsWn7GjRxFkGBjTdR3FnsgWgYRCPYIVwLy977/uW0Gu+5Vze89dfG9THQf/VGo2YlLnTsMcMsOB44mPGcbtEEPYcMeji0mRbIahKW6RnAMuED97RSkNMQSY9XROfgWb5mxQ2QcZNuWQwMy5AaO7V4dr119ThHAuSTfbADDe0ZPRKjLJSkAlBEwuCMxhjjsPM2GQMDOiVqCpVkM751Gp2HaH9Zn9jm1vTztZsl3eWOuGQWYU1EJYAQQIGlQOWAw4l0xK0ZFACnSgxh2kaoqZjiXt0SUMOHVQCm/Wg7CAlloTuQadazk64JpkXNIXqICvFkW1HRoazIqZj4azgdddd12/de+ADH2j5HnTwL9CxSe6XED1g/Rfo+rWRCZQEK8VGZGHNvRGrwHBlqXTGJQtePgykCqYGplZzKd/Bx7HImDsXGgFb3/GqpBWtMnYbknWBsFWyIbBmcmhQMcvZKKXXTpOAJiGWDGbDgFyS5YYHYzCcQQUh0KyGu8jVB+utmLkAF1jP+u4jb5n2ism8iolTMphLyhyrWMbjCOS61ni7dyDuHMu8w1hKmnoZK1obGKo8biH0FqShS56vINCsK2ncytoY6tD+JFMGzcyqvIDQqnVm16fb7vUR99jDemkcB8o2A5lQkjKUnoASM4qsDG0Iuxo7DnJwHLDtzUARQHPODr5+8y9hk3U5Tez18oWMW8eSl7Yit/2mULqaIJgs+6YMS57+x2H2cf5h2d2b7yqyGY6Z0Mv6HzykDYPT6BJWBsCLMeYozoSFaU5XFZyxYpUd6MKqz757anu1tWZsgibu7caa6erX4fbu73VGl9cZC6nXqSZoWuD+2zWaHGMa9hiKHLMXWZcE4ozn0wGzoWHcZFseXJWmVgTKKgzmJdrEn1HSNNk1nQUNYQqTc/ljlvT1Mpt8ajIgy5YxZpwG6xWKPcvxZUaQBpsWqzwnYVkFBsMc9ZJzjOm5w2K9+RQARaggoYqlaXeN0K6zmwnYPrTRHQncdRAyK7IRCWZkOIkZ2owoK+ma0e7PD7I3uoDcxRTKqXOEYmigumLnFne1JdOLUJCSh5kR1iXDDvM2VPoyB3nKUObkpWQHv9KynOmtoO39gfXfkfy99Xfx95vo+2fUkrFP3ve+973vW/9pBM2ElMz6jUXVR1gLB61OcsPZG8zaMwalaZXlpmLB1CogvQgsCZkVH9hnw9iagkWESueaU5ZeB8lTEwbKkj0k44SqOuMqlIFkKAFo7xEo8WxjSnIuughLfit0jcGWdclf1xgTRCM0igWiIeOC6NqbsmzLfDspvZN/vPXiwiavESB5q6kU3PlKQBD1l0MThwLmIoE5R8qOyTRtXTZTWHFyX+a8uZPJ7cn2apuEjIPiVG02gggILav1tcqecD3netRZek3sQGEnjh4zdkbYd2rkNlkZxdA2mIHsT9yVTpaJHa4CeoFQ0wbG/YMN/ebL9x/86yAMuPMFGnFkbhRjGbHjiUEOFUevBNaJ7h4TeYHJ7r50q2meCg00oBZtfZPUNMkxFhosZJABNiQYG1gya82qyzAlJGDDiYyNxaARZ1xdA032Fdqtxxgzw3rjcWGGLRVunbzUs+l9/8EPfrAlpPFGA95u2HivYZ9xzBJbe45kbLF7RcKGGAOjdEFk3IuSIGPPrNKB+qybbYGK7aSDg7SuwPJBACIUDZd/v8heqgZac19AiU2N/UMe8hAG/abyhz70oTQmy15vlhlTmnX/3NVNN93ELE4jiF42BgUCL0pFKyYzCVRM0bAujryA0KCM6RmrA3cu9Nw5ZsyXATDQa8rmaE1VoGrMXoq3ArTl7HLbz562D23xzr99P9ieECtlISyKxTJoC2cpW1CjA2VmLVnuIhvCgSTg5QpZT1RDGDTuhnXdaDLjwgxTCjLLbV5Qcy/zrUtDq4ZMFFl91KrtMdtP5qCe1kh51dySWU3lffjDH07fP+574403kq0FPbYcbIDMwIpgy8FXNGuhAq0FGF25AqWhBSQIiAWUhmT0tnCgbjEUgSUD1cbiY3r2DBRBKda7ZPfnllXANaeMvShXUsiAZfXEgWZbXmFNwRCybV8Z2tRablzppBGXHiXmGGti9nWJNmxGxddVbxCNvQk2Sl0VkDGY8uzhUi1nyUPNDBjniHlVKwaQMTDezf/8agS9jIsgH2yZpG2yZPEbiGOVt99UuH2oSaZpf4KAjSgmR/msE9pVQ3xy8TvL9mp7qcpXGZAPcBdHNMMZq0eaJ1zPuR51lt66kz0vybIiY0rnpUd7J0soAUtDAvYnwc40U+fC0GS52bG6cAIltvkl2QXlODDrlqNh1oUJNCYiuFFM34iGnrpVbcXUy2ad6HKfYKM35cXA//LhQICKSyMctPVnATJgLDTM1gmitXiZ4VarunSJxAlijgFWxFhv45IHbCYZrNzcu+BwvTjLabYqVpHeiwzL/sknb/dWlOy9PrTAbkkC31xY4t7XdHHHYmrGDHDXQRcEd10Csuw1SpOjOFPnNi7eCnWpwFqe5e/JRG63TUrit9sEpBFcsz1KkL8cvJ1xMUHc+5pk2LR9hQLNlAwoe7nDjDnS97UkFDOOBE1KxlwYx7qMQon5Fp9lEchikosvMoOCCKiXe8lAcUyKYH1VQEFUQ03UDdNMcWhqArOObleSHU+wvwmDDIqjenxbLNwqV0wcdLUzW6DuEWeP0Pl0VjFs7xE2Lh3HDHfb0pdAJ6UZlb9xDWEgcgPpbbjQftALcrPi1kKqCkjDvVTJLDFZAZWUAUufreR3vetdahv73rU0fdT6wLUo9ED/9re/XfNtb3ubdWkb8DUirzZbbGmAUj4sDdc24EIvbNuyeeFApq/aermT+WKQuWkuB+Dge0utQDEVsDvOxecGV/yKrJ7d13ntQbTqTCgZuUlAnhKINUtGUw44MzzrEtfEVk0zlnOsiybQAEtxWgtcTHr5ELhAuUkSLLSczWWLlJAxx1yAct0du79HzLidn2b0gb1RpCeU3LCJy0cFyPTbsLm0VxUZ92xu/7eZjZVBkSUGAk78ptwolVp5sWpUzJkO90JZXEfGaTJcz8L1PfzaBHuA0kHz2JMDmZkuctvDrhBH/s2lUUrAhtfERnfVyMT2szQ0QNNFZBvTOxq6HA1sS9OkdxYws6ZT0aqYtA1drZSOpppIwLgGZU+oJsBg96ULfHJLoFFcMB9xm1WhgZnQzTABQ3lkU0wuOU7Ali0h5Rg0AUw54w40O29kbJ2YpRk9mzBmujS7B60fr9bM+tlJs65Y06pbyHZY7yYsh3XRi4A1i9x2IU8yzPRyz5hcPgxaFVUCRYsrHWhWf0WARpGMgBITqsTaZ1KiN0ppmwLB1PR6HtB7NrDx1UJjsmz0YjOFmlw8SBgw5uIjiYbMgKOYQvFlSdCk5DjGuFdI9lhXyRS/xxIXyj6eGot+UhJzvGSLTapqgyJUN7yVqydQ0qiYqkLFdOxt+m6ZoKm2DDIWmSAfgrEqJm59gy6jMLMi4OQ4MA4ewVnt6DpI4EQ527hr13BOGu5wpoFyE2omYghCychKlwzxsjlWkOn1cpGhDaBclY6jJtBXhzQqqfgMWixyL+/DNJZPL7YcFpESe7vXxNaao7AsBTScalQZTQIoHYM2m7HI1pSey1q83ceflAhBLw1HvZKkIePt9EEFTHw9Def9ibRLUP1VmwwWtDXNa1CcuLqVjNGrlUFB2jR4JkgpEwaYcljXNMUZrtpYV9NMBi6C4+KL2TQlQ8AlJsmwJn7eZ2tcFxf2cY7ZM1CicekySY4HjIWSHvdylph8JEkGMQubfXGgHWtjK/VsZnJ6Bmv6u8tqKmAUcyeLT2n6Bq3+oGup0WrGi7uAjSK+R5rldrKcL/LA6B09zLK3GXoy5fosW36kQ0prbZaiTQJNtlXGlNhy24RhzhTuNrP/yV1TbXJnZ9k36+u1OGVeuTra2CyARgIVhGVzJ7QNgMHuSzfwkTcmL5t6hVqIiCkLTWh6a82XnWGMZa4HKE4By0mciUmTANOVWaNgSnUkxFvUtWW+wzujNeeUNormHF1NK6c5bz0Wjx470jQWEvPNZXg0IpChyOyNgiWD0+i1GxiQs6dnUGWWtTofKafyApY5x0lJU4ZFxpKhwUCjC2fcdjQ1ZmRm9Mwwm1ATt4PbzWqSzIBeTO7AEmtmXBlx8UsGiwDk4uvKmHJcMD3NJMMmL10EhZpaDZQlpq8+CWmyaU9C29KeHGjqZcORi4F4TTE14zIhgK7iC2hpnDrnxzl08OYcOkjgRIXtpTMXnGNWAq2ymLOyMzQZ6Jt442qm0YVlKz0LRLBAuvISgbGp8dJsyRgoby8Hvj4ph2m8trPBDLzm91n8vvUfG/deb4001aFl4mWIWR0gU0q7E9QHMRd642YsE5YlT0MoAkcaXs0oA5mvC7g7GrOCSnc/zwkGLFvWQK4UsRJVE6NIpvylEU+eki899rqqeeVNLkJNLCbfImNdccZAzwC3shOzNcXsy7DkMSwbd0UVaLfgcZl5Za+rCmS8lRMGhWrQMm/KyemFZRa4LNU/eNtTf0KV3z4sWZZSEeQJUx9yXJHJa22WKq1j7m5CEM2I1lr8TlPPtg7X+qTb/aN+MYOYHlPKqlMmTjEbpco32bYxpmz32t5gK9rwmjYzdgQkbEvjuQYxFxoQxHRmIRShaigLngQqCMvmHkuJkstSu6qMyTVDyoLGkA0YFRo+HuwsVhRqi+KENMyS45kGId5Cl+XB5DEOWxlqjguhrWOdLFIvIFgz1gRd5NlhcecfCljMQfnPZBNoptlKgEKB0sdqFVuPujIrQiOWbSnFkozTQxvULNqIbVBvcOS+V7zQ6aXPEig1KevKDJM5MiAzWN8Fl39oEwtOqYtB8XPBjcuXjBPmtJSSSgqCMy6HwfgyIJiguaszVskKvhZ+0UxXmkqtaOvu26F6DqpqxoLjRpHJsKGVlICh+OsaHnVmrJSz5/x0dDuB4EhTYouIjaVJ1jWaEoBmYQjBGw7X1BU3IgEYl8bdz7r7ZV/0sju/485f+JxfOPO3zrzuoa8785wzP/7JP/7Bb/vgT3/GT7/5G978jse+QzSTUl51bgXJXhFUNbZkOL2XBmZYk9CbREtPKStCazFJLkVZZUq8Xd9WlsvWWOYwkyVUZ140ycxalNgaQbVSNOtYYRVT/aeY9Nkwnlol4EIZgmAIMDoYEQjlrxRGjyclrJkLJhNizQxiGkxpFELQBPbALLmuzNZMd5iEoelAFYD0uW+D5MJg57C6VJDVb3FMCOtQSzWgnE1WYuRSmpjjWNjQZWVLYwsxlc+eY+7FEbaYo6lu8p+y0NdVBGFFE99AzhTBQ875CuuTblFOlz3gAOLkDiC0K8q/6RiFYMTS0MSasdVRB2wD4C6ltrH9T7aZYxrCkvqafJk3kMzLP4Z1TssOZMl+Zg00sKSX55Ryi5RNZlAXr6I3vT0s6ZyPXPLdBdqAslFmAsnxHrZd22gjT+8I2IraMVaRgC0StorYssXQ2hMYk/m2nO28LZaRDtDQeItsMHmKULksCaHFSzMGa7wFHA1aMmU7+Zfk8LLjVmhiZnH5z1zqxVszcl1jhslpGNAAIUxXZrkYhVDOYaYwnMEwZXwYDEAplp106BbQtbNbkXHILPt8t8hX8saVM3aMNZW0eQ0DPbDn1WI5k86eMznns4sbOlFOlxOFGWNeMRi93CTcKO23Lhc3SLIRt/fIWvgFmvj4bx6/5RduOfm9J5/50mee+KcnHvfBx514+Ynn/e7zrv+B65/zquc84kcf8bB3PkyEvfh4XhS2zECvCmBN7K1fM+5LdC+ZbUrcMUe9jGMGxdc7jkAzzemaVZDzdh23y1f1uq3UufLSdGSgquZYEAFxa2egCk6JtzA0m20alIxLRhPIIwADMuMxy4Wy0ZMDA5xLxpCZhCfn5NCMBtWBXgReMeRVb5YKEivLVCY5ZNyIxSk9nLKAeS0VP3gp3FbehsfAhiX7JemD8zhcTMGTKfeKUFcyoXFx4xrL0MZaztUBeuARdPVu1EvDvDpgKELRRIYm2/q21u3bYVsdbNr2PBv7X1ey/U/WhTWxuVS6kofJf7AtS5YjjMvu+2wY+CQE+rBrH8QtysRKOUIY+/FKsxcQ0sBWviDuy2ANs981mnX77b4kWiEy3sphzJJh3BPWeOfQEOvg5+a4x1OiymUN8AULyL6wBiqfLnR7S1bDaWIGg5SdkOE00zvCGNPMbs6FZhhYQs1c8BhjXZgykGvK/4KcwWFkQFjrvWxOrBqUF0RmobrBVD5hqsomrxIwo1hT/sOQWTFbGmfPees51JPDIaSZQziryXjk0ZSMgM3RQNDQk4ARyVgzsy0uO3LZVfdcdfmdl197+trL7rjs5JmTJ+45cc2pa05+/OSVd195yW2XXHJ691gqMlggshf5xf38r7p6l6U9wCgZaApFmGTCkscmN2bDHOlz1Nw6JmAwBFnkmBkBw7KEB0+IoG5TxjkyKevF64Iv4Isnzsjixw2UIBPyMIM4m0HN1eOcy5iNjDW3nEFdWwMo1UBeJ3ruAoHZLZSwjRzS7yF9BnsuBCj/Kr9dBcrMigONDjIB1catQjLo3Vlvag5kGsLoh2nyWmMvKFRriqHT1LMtaG5ZV2ZjnAzkhJLcjXGAGR2WRA/KAooAs77DlFlCjoWCNfFdZbY1GXBZQm8w0ZZe/8sz5B9qpjcZcpwe8g2jHEwvYa93iXgfY8Vb7Gk0q2zyHocMttyStGa49YstW5gljLerOMIWRoS9aWKWmty3ZkHv3vptkU1eg+LE5TDy1jjfUHOrXE0W7NoHaW/HJTCY5mDrFdKM8RJiRVMLO9UB9jRbr7BnsMZYYJsm7DpW5I63qAu29iNnU+aVbq+YgQyr7YKJ0A27fQ7F0KECZmW7lUPRCm6U7WZrH5YGTQYhefE52MDDBQzrRHfQzGuMi1n84XoHbDoI26ORI16D7ZIJq9M5s2T6jDUbBVbzHYpQhrDmvsMu+826gwKCYmJ1rlnXznqzByb+BblMCOGwAQiSAMVMSANbzR7vgRJETk4Ju6Q32JvONHH2OYbVZOmqDtvK9JzoOTr7c5BlmCBAoCHUxYwjiMPLszkuml4Yx11OB1ijLiA35SkvtBmg3TL7BK/ei/ukYbjGGmGUOBnXBYdTKnL7c75xDdrrshdoQtAb910b+/bNDOvtS5cM86q9zGrFBdd3K4etwbIGk/QeRpmwWu2E4cEoB4f1abZIH6aZsPbvsKdcjFZMM2Gw7R2khK0cDvcetgHKrT45ZdgqF4vze6HSQ/JWA6vJznHZfevGarvb+nj7bdGRcDw6IdheTN6elvSaUO9g65jxlukHW2M8ZlKiiemBPkxzeIz39IG87TJ3xuTYWJTJgTFUJSArHaHqwVaGmjHjPaaHkTEIaFEcKtge3Tly21WD8dpiNNveEaDhkhMWu/OxZrdDGmaNXiZykyQh98yyB/J2askhzWq1i3xB7PXWHE7YYmZB2MrxBe3vC/XmglMexhpmwZ4c9pohTV17yCDsVIci76QVq+E+Rj82w2HtXDDN1jTlYGs5GJeEqc/wHg4bxBNhC8pJw74iH+aQzRa5j7DG22GUO+cV9xN/O9DIe+6aaS6oh5oTOWH02UCJJYy8xdgnhJpr/4J8BxdcCGa7L93xDyUHu/aK0cROeJqwnv0FySnHeLCktqLht5icDndtHaFQMHL6wVY5cgJs5cOod88Rb3HBrpQwEw8pt9h1HOqaOIc5IZfhBBjLvdKlhNEvJT6Q5+wl1BuHrRwWt000mCDYbQ6HH4rMFufzkfvgsHKd2QLydqZbbL228mHUW55x6U2Se82wOi0x4z1MPuW2h63BBIFd6PPHIteVzaBewqQXppd8mAea1mK6Rh5M16DIpT35bycSxjgWZOTBuGwdYRxhb3TIBpYiruB+XxvgMPLdyrDX3ENdW97if+kIu9TPn36gvP8I94VtL7n4wQuouvUm2l8f9IOK/dRPPwFEf+kBNLF31nlr516QGNZTu3sVZkkQihzTZFMCk88IeuM02+ShtYNZR9hb0xH+lxA81MxxjXTuagWPIZrhnfYA86gaYVXvsBdqMGYZ4FAmUGJrSfZRF5vdhqia8bICB1iNF+vkOLOWB28FSF6994/TViPmBXny3oJ+DKA4mMZwo78gZtDM8GBvrKUc5yezqneo977QKJIhxJViNFuh+hDGBchGmVAJUBybnsYBoOmDbxt/UBMz3o5CWCIeDBHWaZ032TGDrRzG7DD29DWLUAJbHj0BD2riJuhqwKZsIl0W6QMzmGgX5ECGErOIYXdWNidnPUoLag7SxPkWrbBhOxBs5Rm0IODc9sdfvpgJ92z+LJcwYw1Wp91pz5FLGs3+vAuvf/q1+7uSBDzxcY6jyTLUjJlB45ZAqFlvYEyZy3CJDY8gOAGTMxsNDov1ZtB1xXaP8zZzMqgn3tkdwjYITHMNv4OmEYfTDF8QewbjOJgpDMYlkNsJg3VrnMPMDurNbA12Dg1U6VrZ/iTGNohVGA/YMKCcP7DBsw24D2hwyiJnJsjooRy2ApDLuWXC9v+e3IkIy/E4OCBbTWZbAbYRHP9kmKsA1othd43sucDED3u92+ZhHuwpxUxe01/QXFqyajJCxYHlIaetrLiakvcwXdvFaC3XNd0JW+Y10WbU0NilWOogdc2Z0shAXlNdwHdQKDz6hNXwHPbch8cdb4UtxjikhL0m5N5kcbUiBHLNuAISxnibxp6cQS6dmc6PIuP0kDHkiCnXMAtKWCmqRkK1jQdZDnba85GLnY1bpnW3Lw9IT8crVvTS3V3JIBcoZsHDLsUNmvLcIzNZaKaZ5X5fMffMykE+8tw+1OcLAJPlHDQZhzYk96JNkfewjragyqdhn68gQgkruOFww/XDTSWjOekNykQXLlssmi6aMp+AQUyaIuNGYTxyzCbHIpQeFrmEyzwODZqZgQjDNIKUGEtCLqFmXUYkNGKjYzLQZ2nQqrrd+TbAVLXCllsM5dwokwYUNpBrGi6z9BmPS9gqM441pR2LE4cl+iYmGdNrJqcP6wx2W3fkYcg4X0EUCq5ef6tiv8Tm0Y9+9PXXX/+kJz3pwQ9+8M033/zQhz70MY95zMMe9rBHPOIRN91004033ohZYmb0XPrlNtetvyNIHGvXgcVXrf9l4LUHvy+C/IAHPEBXvy+l7+ntlGVFgM572wAkXOYznTkRs3yhaQbNDMLYwxjHYzw2BPsECF0gcRrIZos9Tc3ChmXIFeRsirYXcyzXJT23WJWoirXb6Rcz/6NSLH1KrM9p1AQyZdaaWGWnvowpsSa2HgkpGYjTYEYqSEnElFCKw6CaCWFZuvV45DIRyMXcctPDCZBxXVywaDTxBByzUcbMctF1QWNgQD5cHywrRQAyVBnK9i55jCkLlQwEjlwcA4JjRnZgdCWnr+AhX3HoJRPTlKr8CeYCu+KuqKk31swM1wyr7YLZ8ZAMyW1Be73tXtc2ZmnIU7M5DmqaBZv2T5PFSuQWoOxG0KwyGe9NmUxfqMKGhpZDWcGcGegUlXY8oO9Q4RyXchzc3VChmiABj1y58gWRPULAOwT0Mxr9vAah3u2gIbmsmHnwcCQT2N9+8N8FUZJFA0LNunj1syH9nEj6OFBiAYsPk8M2E0pplCeUP07OPQNeRRhQ0rAkZNzEjYvHkQ0YS9Haby2clcUWdCn9uohT1WCIPd5iyeAADQFNs0Gxrnjt3EdmueyxLlNIiGFc8DbyMEjMLMK6s84hJYNxEUFwA8FtB78TlNAv+HzTm970+7//+29961vf//73v+Md73jf+9737ne/+70H0PWe97znw+tvAGXcL4jtt5qI0FZp2xS5X65S/Ix/b/01rv1ym1kyXEqYEjcjJ7TDiC1Zp6Oj0ZrCTHPLdbXEA46B3MlqGzjUmh1tGiAMdOFcxOSOS2MPKYeZbR0JoCuBco8ZT3yzaLNtF6vKxNZxmab/6VBx2r2jS55Dpcmno4sZz3/Yp4mth1UZZdHGsSE1ZQPtpFZoqf2hF+rRAJtmEkPuxWkmyWHkjIMm95QMYs04gz1m34gJQA57w9GYGrnbZCpW9cwdJ6gtJZ7K0FcZHBgATS4tivJixwb3y1P6hSkdEqGggThW7VioSZKATaSS4rBObkEGWx5hZ7FZMhh52Y/rLnQGHDnwzGtTZgZ8i1My61yXG0p8XFO22FzMohPeNJuyyeoyx+rDMl9MLmYyJYMJCw0tH/uqc1KGPZtdEDLHmkETWEJHrg1pIkIZZTBTSI9HNuJant2bh4FENor64F6bcEoDEVg2otziUDK9jnhp07VcMwe/JbTXEawLvJZpYgNhvnFjpScv67RCBBBNb8O1cFuYPn2DMhPNEATDkTG9IJLMPfAKVaCpMWPTXIzOHa+Bd/cmS3WusPZAm8GiW31LST/7cBf94N0xNsQwDTQ6DkbHBiI0XDknb22Gt8byzJhG8lgdNKEp5EWIJ3JMieVWYZezsTmDodkB44KAsQwEPlK9jPbx+sQnPtFn6Cd/8idrPvWpT33kIx/pq9fn7+Mf//jHHuDhD3/44x73OB/BZF+ubLhr2gn9UhRCTI9vWP8NgH7jv7A0ImRs7ZrsLJasyK2jVM2rO2cOIDkG5yLMNLdImUHGe17JHedidg/g0M0AlJMG445kO2pQEwP7hImv6zAz2DJlDDJvv1l9BVGl5VAdfBe1w5XLNJeHrmIpLm1/qqC4DiSQKTGDmBnu19ZYGDZWXRNrWhJCSiNlrNmSYBk0cJsS9jbfMNA3B2A5+5ggLDYTLGYaXYKHkXXlQubOLE6TGRky2xpjQ9M07oxOHxq0NEyQbLKUWFamrwhkpRtUZ5xBxpgSU7Y8gQGX6vyg9d9DffCDHxxbI4eHgZrPejWcCATRWEqSPEk2CzCvajtMidkTYvaL6Qo2mUGrAzR4NO08W3x5/q9vAJpWM1/RcJElU0qSHE5QAWxGmvN7UDVN2TbrLtA0NfVhLCBLwcmzClgQvrrogUDPYFJ1QqTq5DiZnU9NORO26Dx3xvKaGVUZMUO1jWXVZLEurEocBWmU6tPrlJcJMjSWUZgtd8/mJQ9KgyOBC7kMPY0oveZ6I/GCogn9gsbeVDSNgg2BGTMzNBkDG8rS6KWte6TJKhcGzfI3KDPGfAm9YWN6cbq8KldBElIW3FgEGXJsXLzOZik4A17GrZitnXUntL7quS7jkthelSrdHqcPgkOjyKGa0295bEaGXFKOsabkCXFTSM+YEI9L7iAluVXY9VTtjiGYV0K9y9hrEDCKCoNvUO/fb3/72z/wgQ+8+tWv9hn6a7/2a29729te9rKX+eR95Stf+YY3vOG3f/u3X/e6173+9a9/7Wtf+5a3vAW/853vpPHl+uY3v5m7T2Q7xPeunaBpV2CRaQT0cSw+FpDmjW98oy6+veXLxNKb7AiywiYFTmgHEDsFnQ4TtJpNbZZviyaOKwXjXDpBNWdLxLqc7i4BY2HQbFDMrKFzHC6lwAxzTx4XAgbJJNAE7jizZGBm7lbWelWQzlcVw50aM12WtlWkVeJZACBTOk4dLWyRsDWgn38rpqUi0BP+f5T9y+/u2XXf+alt0S2pRfFOVrGqSFaRLN5ZtEhJNk3FgqPYAdwGjKAvgCdBA/kTMsggCBAggwTILMgwaWTSCdCDHjiNdsONdiuyFUoWSYk3kSxWkawiWbzfdOFNbeW19/t51tnn+Z2inQ/ID9Zee62111778v1+f3XO71AWTQTGBBl0qDRtnXbebDu5zqxMgGwy5jCTGSFkvJ3WCrVadzF6ZiMbEWtC7li0Iu8ULiXGxiXMMuAyqXfiANl0oKlhMF9svoSBCsQdIcYEi8QyxzlaKqaAU+evfvWr5K985SsWAlsIB0PB9ao/0DDjwrHFYi+aZjnsw7su0yl+QkpMUxrs8TZfIEMuYL4JaWri6qZQ7X6sWc1Dlo0loLEIxho0fWynStguknw7qn/rwzR1UZqdKhUBxJzMNflq4h11QbMcWkHpydPVYHF7wPfKQiZg8FzHjjRm0HVvUm0A8wIzMvSgIYD+BEvFaRcJJWYvDSLj3pMoJ34b7wZdDb1PcGdGAE8jSiyO9xIC9ipWsy7ByYyxafZxQ8bAhoFe8atPaTcpVTUjglnokoZsBeE10bjPQ7Hk54BUECBXB2DJrIlLgDsZc6cxhAiMW7gukDZDj/bZjUKxlBU0aI6x5sgYmBnXNJupKQ8bV2+JVeoKQoa8GJDxyDmyHIbtcXmhH2NcAmWyqnB/iZpU85rZgbDiFFmJqrxqq5u3UnXrH2188sknvZ76kPV66jPXRyr9o48+mvDwww8//vjjXtx1eXPF1q4vXb4CtgotQaPg9r8vKNwbsOGamomcczGRPYm/cjAtmdPqnLqdeuRQQidxDiw0dzyo2fSHq0xcBNcj7gZoRLKNAY1Cw57NbJUzCIZ6MWPMl4CTx4D9XdBPzCBtRbAf2hLKqHqKDHMYqyrL9UBScaui+pZBia2NhQn5sKYXyLqSM37kkUcoMXsavgTMC3PUHMdZ2nbPrJwFk0CYQj9wqvThYr1veTw7OJj5RbqCJiVuxHGhEUHM4u+oC9tjbSPyDF3XKRdBNNx01FTRsaNivrEmVPHuWawINBnzZUnu3DKwSGCjK6OTo4bOjBq++c1vthxvfOMbFfmxxx5joPI46GLJsSXjK5qxCmsUZV+b4v63mViXicTnoRohkM16XPBEq2Jt3M6A0qmSLo7MYs3SkFUpBU1cnqag2We9CZpIO9P2UwQzYmCCRQCRYxqRlVQoZRSNjOlLw0GCDmo3eC8o2AWBg8e8Jna8sen07pIjrB25Z6cawuLiY2g4GUqjnS95TQJLVeJrk4uDgYavAvJiYC4EbC5B709+5SfffMU3//ThP/3Kf/AV/P2XfP9Hv/yj537hue+8+jv4Gy//xrd+bv2rf+64yZ8gf9wE5Z+meZFNihmZgd5umZKRhuQNjUumzBlIu/U1VnE0yVgcQZTFXNhDNYkpQW8T52tQLFRcWL0VthW0mbGl71yUj16hppJ7Ne6d05NDvSylZ1BoFsOtLDmDmCZoQnMfzowLocyDJrDBpzGGMikrU6hE0CrHVRvY7GArPkhSocALqIXzwq34zz77rJfRT3ziE97Cfdd6I/dt2r/V6NOW4AuY0tctg/7Tbx+vusTpxyGWr81AwALaJL5rxedLjunlAFKqLKbTRGRuXdrzPSa6+Tun0NRmXjDLNEjP4KxM+6dDYSeI41rQJBur+7MzrgmaJdOIIFRBcNDFLBRHqrj4hBm9ZMonhvTiDOuS/94m63pRQ7VVZFBwch+iirwm6P8s1FeHzylG3lNYANmStCrKbbEpyQwsBhdKC2ntaTRFJ1D2cca4/VESWLM91EasyiVdgcxWU/lw5Ysr6NlkkAvOHa8iXRdpoItmlKpDrlggWmGBJTnWZTljTYuRGQY2sAOssKKtzbJ/FmQXNrsWgAyEZt1+dX7IBMadQ1ANMmXlAvVvUSzBl770JbLzo7zOkto6M7iyQ5+8NJaGYJmqvJUW013QiCVjIEiOdaUZpiw9SNhpLhQhl5im1VSNKU5loYeL555m7o0byOUmT03Ja5o+oZsFmw4NmRJMrTyLOZEJfAldf3MJ0kumtXPACL36eChaYuwk90QHgvvdw54lmVnnPEfbYG+ltZfW3DZKIBgdG5Rgz1tuaUtYMpUoCKVK8pn9M+6VFAfBf/jYDz/3ts/94O/+4BNv+sSP//6PX3jpC3/11r/6o8f+6Ie//cPPvPUz9H/2+j+TpDsumBR2UoYNl8zMjMiYWYdLPtIw+hTw7l7t7IjDkYs43JVLhN6T6BmYCOMyF6eFFqGmrsZib+4iCKWwuZdMhVU6OVh3OdgAFl0Z2yG7TuunVkK100ATquQN6s147c4NA+HSMHTMgL5pLqMraMKMmHKCEAJH0EU/xvFkKPn4LBRuS1elbIqsPnJTKwyVq9X0bKP3bmo5PO0sh/dvm9bLig1M6NuJAU1/ermP415qCwKlvaZ6/dZvt7PRPNe3eTUdScpW2lbHMrl5rJqHQmfW5dPOp2zhzG6mNpiyhLM4g3wLYqx25uzPjnkbNcsgSLhEuUIXs8CXY7u9+IRsgHAJcc3qxGQrfwWpgJZD0dR8fba++tUtB67ajNdpZ0RltXybMiVbSCB3Aam+BWMmBJmBNcgYU1psSCgCg3YDd0tlvPbK2pV7RS1eK1fSpkdokqY9cwZNRYGEOIM1742zNKcMzGiC5pQJ0+wRLkNgSKOr0reKLUY2GcCKeI1pIrjtaHZ4bd7jZ1nNWkEISkEmdCYxiECmr1CWRyWrs1VwWrCvW/WcHyRgNe90YQYEjtVc0znRbKySwUZp0OThNFhTMqWEB2VIEAeLqWmI3PXaeQqyirirpDLtRcw+niDDoTSKrEqas+VsHntJKZodpdk1upjKjkPxJxQhBnr5tJquAEvpOnBivR06b7g7vWsigZJlBr27dNo1BRGhOUIbQALGJZS/VSh/C+HK04TKBVIt2zg9lnCzi9PAqz77qg/9/ode//98/T/45D94+f/t5W/79tte8q9f8g8/8w9f/f949W995Lce+X898tCzD0nMjGI7tvtobiU5JzMwCzIGGjAFKDFDy7/TagpGlwaNLjYtsblPNFz8CrLnt+oPIsBEIOtqrE4QX47SmJJCZZGA0dvGll5WNC2lUotgrHUCr+c9zY59Twi7/3LeG2gGLfOpD4PS0FypHMh9D7iQslDcCbucl3rqos9suKz2Vr3sW9MM5qUywzSmyUaoEhPZKA1RU+Vperf22m1zeuf2su7JZwPbt+1kBpgBTd9LPRQZc+lxCKUdii8UvZ2POwWQQdNpCrIFS2OZ7HDL5LRqki1f+6d1N6NZO2hRBmnwFCf7qQ8WSpz2p5g4DSZPAVnmK0hIE2cwxvm2P8l1be+FMgmnHGjGBqtMi9W90SerTwUyVk8FXy7+z0hfn1YWg8wIyJSg1mSlx4yxoNZSVyuKgQumJHAhtDOkwgtrWq3Zf+VtquZpzqZaNbHJ02CVJQxbQjxmWLPCnUUcTFfMQI1GA9zjUOkJxWdWMmdKukAXyBz26iwoJuwtdHnYz3zjOclVIHtozSAbtVJtBVRni2Lf99rotCSruTOj2g6Y9SK0apiBZquu7K3CHKozgQSaSQ+XPJTPDTIoiLAEQ+Dkepk1nR3m8g6EaZIbK/AqMZg49gyWf6d9NhvZrgUGzegS5cgf0xMKGAO9oa2R3CwcwSoTZq3x2gHXndauSMlM00LnWJCmY6DiQ/Ik0Fxkq0StCJSzTLiH5HEkcCSYICEZTq9Gx9D2ayvGaeKQJSSfXSMXX9qTeSdXGmQCfQWsGhWN0K1aAasSs0LlCE1q4shB/g3Nq4CYTAl65dMqW3fc1V9KItxUo4ChoXE2kAHsia4pG4sQN2iZ49GHi+eG4KewR7tvFeJAGWcmjRgmMcJAcUDmQKBhL0KbUHkJIMMgSZjMdcWUuLUI7ec+e7y54h6N3l+zLO2d5gVlTo8F1JylIdc7+e9Nup7QVsc+xz3Ok+15vdbOvLLn2CiChJowcvosc6kmrf5556Rpj63abcwowyF9BpALhjPaGMAZpKwCzSlUE9VWKAVXXgX3vqjgqk3uFYSe/ar1uSTeUMjWI2THgF7EmF5cxnozxiOk5EJou5z7wLK1V2RpaGhuJozN3ISr4PDZZEDIbIyxLhzIg5rDoHajGawxrqiJ2yg4mbLRl8POVu8wtCpmtLfl5QSufXoIzT2GWa3BWLZ46la1rZ9K9r5PVtsWSy8OlJoMyFN/voYj4FD8yZCmcYdvYEYX6XoOd4DLLEQuCJnAWB0qyFrdw7cmJKfcke6hOOVsF81ma15mZF7QdMq2mCfOucQgK7Bws6Y9ArEmdpJx10RNcl3WncyYcrYBFLP48gEZyrk3/Te+8Y3W67HHHvPJ/vrXv74fSNC3rMyaBRmbnWYLlw2mDJpjX5WMaGonSqMKJKSplxcZZzm9kMEkY6BmMacYy6EEcm/irbJ6JuOiZdk0Md8EerIumExgp7wgQgIlA17FiaWX4xp7YxJo9Jp1CXIqs9kHd8Ha0cRWk8ZCk9sYaYBBQmAQg8hxmiwLuEzvN54EbiDJUgVTnoIQ6mIjJWGxrAajNIT9iT3k6MmUsR0L7Wrcl5LXVkqv5rj3GF7laaxJMk3TYYBZYvoMJmGwLu2cWaz2z7lkwLLZhT3pC0YzQnLx+ZKLUDTBseD1bquF7f2iYJAxPoUg2jCscBsX5ysmyQEbytZRfUCtFNyKqLki4+S9ID9kthwUd1aLNg6UwKDrhixosl7rQQYy1otTMmu1WFokQqslufJbY2+YJ6gjngOmaRWHE3TV7Oi2qDTDlMDgRii+Ug7nks2gZjwxG6XE6tWEvTQLZLMg4Jah2TXTMJoEGDmXu75t91maToiVU1svldhCKjtmEGrWxZemhbMWhM5MC3EuRwyNm3BisoIMcjljxnATbbxGH1JCXkEQYCl5gukYom3WBgNFgCrDhTFMNHIcRt6da9CKbLGwhYtbRJjFhbW0GyPfXWWRJ+3ykRiu8v2koW9c3Eo1NTZQbgnscb0mqBnTAGEPcnnVg6lq7rgmjBC2+UqSHMNpozfWWwLS1sSjiSmroSJUDVAfGpyyskD2uORjcSiBgRxgFgW4J5Te6VICNDk2/fG9EfAgfbkNWse4zC193IzqukGhwiX6dbiUcMphbF4Mqwp7vgmQvkHPeylIr5wlKXKsGYf0oel03XVzep8TsJtNV/YNOgnQDGreMJSzdbFAbdfObPeP/UOGveBrxfMaTJyfjfLZeV0+UsXEZBoC1Js9nJFHzgbGJeFE8SHLkPs5d5wwcjWsnmpbeb18wLxDWwLgsg5JdhyyPmGFsC7WzFryNNMbJ0BmmI1UCGsXHFvWiM2kuU0dCR0w6zentBUNzBIyrgun3/W5bw0oa0IGaXIZpgzTjM9kXiylMPFNajBTvpk7XBobaW5Az6vSKSNBeXHPfmsxPGVPwOwJ1R/DDBQnjAw3cs1TOagXyCI3NZwQpg5rDY7bZDSDzLjcxCnttlwTNyPTaUZjdgY0yjR31FvUxQxarI5uaxpb8VniwPIuQ3EEKe3JsC/CfnzXH1R5zf67Fn3j9tXeSs10WqymacqUs76UkHC64CkXeVgXjAB1EbiTG+vUh5pQAl3H8aSEgWWVDyqQkLKsSrWc9wwuAgbDFWdwuiekLzFMmQb0wlrLDavQcpyLEoeUe9EumKbVJD+QMxhLqItQzIJDMr5Rnkgj7ZG31T0vXU38FDIomdmWI0xKN5w+Hmj21nLeZsClEUFt11bYIKcMu/D3TujAOjK2pgQ7hHDuHCuOgc0IwPFk+gl1yoPpwmJiY6WZIHcxLpm18Uo1PjHGY3ajGaQEMckNtMbb9dmrup4yaqvg6gxePsh9PGgq+OXNlN1d0EOBCFlCXdnAyGcXhhyLMBAHCGWJNUvaBIZD8xk0QxxG80DcGBQN05zy7rzFGJwcVvfRbDqwJ3cPJj764TAy4SZIoIdd1PtOS59KrWIvkgQMDHDKu1yQWBOHhggSHm700pgVPLvI3NPAGWqUhOQEIBenIINxT5AhlrnmOYvmGHRBYWHld4188uBS2Y1TM/Uf4cUwvbnfoF3ReZaY/PshXt+4ZNyPKKwCmELL0crG5zRxlgMG9CKTzY6QHNcLCafxjRmQT8tpztDk6p/LxMeBC0iDfPKE4kIYTDODG8dCrYiHMNGGM4Zq3nLcYPQPNGgR91I/4IAPhxtNQnEGlHHCiTOBm96V/dF70yxamHFP1AWMNW9cdoyFS3vDRQf2J/t5qOxg96Z5cbs6UpLHICQPQy5NoaWxUrNMYwDZ7zAX1Dz5BtMVirOHupTr0rExzdPx5HEZyzQPxGl2gzMlYDajQKVW3kHNeBmv8Bs5J+QfD07lmJ0Y5Q7zopiSTeEgZes0uPT9zLFKyXySbzAG8V2cwfdQ91AOd1MaIdw04RLufkwCGZxmI0+qCWM5WEYHRlPvoJTKfDjsnnuTyhifQdIkjPzvgozzgkYEyvjUJy+3F8HN1DLO6y6K/0A8cGqD3O/igb03o5yRd7L3reDsyd1zDxeHq/sNhwf2ghwSYOSd2gWjjwc/owtOTWPRzKBBE+jHeIQbZBnuNmGCJJzIIJwuD8Rpf+M7SP+ze08h3OjxibrO3EafcCLlTdfy2Zhm0YZPLLvDcuQwezIZ0g/qGhawPWl/Em4eCTi0gWcb32hi4JJXD/K7nAE5AVKKkKyLHE/vOIbMbjj9iTE+eYwbZcxg5NOYWd/TZMq7rCskj4ZjDDerBrMulJfHZ3Y5hFFCNmFFepHNMRhHYNZIL4Yzm4Q0a/tc33nvoi58vi/3ahzGAIt2au4ah9NlzO7qw2QIkzODkRNOeTg0/eSzFwfRoDxvPhF2z2UsGCF9mZ/Gw2Hku8ZnkIRwdoERcZqTB3e7Xoxvmrih5+NmmIYQzi4uQXMSG9TEcLpMfPLo44TToPqkmc8+MqVNbsP/wv5zQ6/Yf6mpPwLmNNLLBxifLqHIZ3wyA7g7i+IEzXYOIbMb45smPNBsUKg4nJoZKEgynJOa/GMaAkyEcGqyiXMkhyIM62qUMRu+i3OUfytuUtq6hZEJN5gzC+S7NhncmMUhJZy+ySebIK4INxizM1rBYXpD9vFNSW802YSJGYe50mPIDHK5OwohrKAHxgUX54w2mhG2+p7L4G7wLE8UBy7tjRvLmvEEPPUDzTNUmrhkYBveV0/IjO966JLOop+mK+oeI1kXrosMHCEhTcgmXxgBWrnB+XZwvi94rSC4uU6MhsHJ4zgoWphovcIMUw6PICAhPmPejDICy4Q0xm2aN1PWGwdyqJk7XLQbZ7M4lXR4MAUnnAbDUITBhD15RhwDSHmTG4PBRXVYznSgmvwMXKJspMmlIDehTqh8y0RusYbTx6H17b9NkrnMWhdqAoab+IQzPg2Q5VmRf7T/kFc/TO4vS/QHqfpDVT0zmLUc52QHNLoIa7U20gymeQow7iOHmvEY3yD9DnYfRrmt7oU15eYOahKnrDczKEJThpl+uBt8hMGpOSMnG5EACdPUJaWY8uytCdvwPseZRRiZEEY+h55k4nB3InDXDM4mGUojbpudNxKsnK4HatVu4yzmYMdbyCXfYp7bOK53j3CvaIFsrDhQXqRDNuKNEHaMB9iHjFe6Gzea5nWinXPyaT9Ij6GNd26/m60IzC7SlhmcmhP5etiNPNG4GFQyTXlX8R4UtrmzufzU/qb022thUk/gM2DJYMW7HzkyyKVsSmuyBHm7iXD/Gan/mtUffuu/ObutdGFNHNxomudf3Yv7r2UM9LIZId8MxBzjuICDmuJgBpqTTKwL64KElOXfXGZew8AMEiixCoxMPwGzuWmOi2ZykeNT0IVLo8Rkjs1FE2sCAVSA3J9lP/+obX+voD/prmLAcpp1MR5Ow1EvG8a54DPauDQu1sueDGRdWPKUJkKe/KcgeASsi1dmppwxzdiQCaALi0kZGyVNvSzjEXIZMy404hOshV3tpPzi/ot2L9u/lsQHLu7PK3ZXdhbmEM3mF+RcsuQ5IDD2N2CJGU80mpMH02RMhtzTDxcED2SLi4/HplCyBcWZ0p2LRZ8NYygCiBmS0zMQlv24JJ9ImRmvXIqcXHMY6jqN41BMoCyyoU/Opt7MAllMwsQvpTQnD/bUL2WMGZyahFCzyKWhtoaw5TTbikCuF2bQ3CdIyAZyKU6b2THEDqD1ahEJmcFMvDjd5F3sWJNwXu+BPXAkC0IuDnklsUGTEo9xcQoYNE+wwewbBXM8NXcx+h3gApELBYSQWah58ljmBWd6dWUsJUKza5lmsQj0eOa7bgTWdbDQUUV2wDUYg6lIynozw8AxAUQoepnxhdZp3UB75dxHHvN9fPzC/hO587eAsGvLF8n8Bc1uMbj549eaIpwsCH0/6NNM0FU03G+36e+84n4SONCkFDwDwhm5gHFouOKTm1Szm5ePmSwQuL8YM0jOONQUZAJOMaGlCclnVy7xhAoGAlPAZwGby3BzDA+svFBp6qUBMhBmBccRcxSNHOvClIS6cMYtWSxa8fEIp5nlw55/9GRx6JnthV0r219rfvn1nwdg0CrrLRQ5Bo41J35MU6omrp62tw3v2nJ/fXv/zs7nn3+e0O8w6VfiuebYdGTYWwvga132UlwWHegpz0U8heTM8ChHA2VV2LPJ4NwMJ3b4hfYPHmGrL+/WxVEBc4epf3ILx0Azy7y4m/K6MvalEWrOzcASSjWcckPjYt4w6L3L8iRIZphGkkFzmDED0Rgkj3s2YSLngrnE6YEMUg3NDigxM0LMmMGyPlDXpKSppJoVuZ1JoGlExjOKxVLP0MIVnyV704GJRraZR24pYVst6II1pWOUIodk+pDNCY6xruSQJYaSnMhtiXgwzbVjrgbQLqor7LzubeB622+eTbhnXnLncZ5TZEyui5wBpox7wOEepb1cFpNQECPuWV4OoxpWTGwhMGUZroeuErSQeCpyk3r5zfSgkmUf0sQMyqN54lIHGXvt6j7CfSr1PRT3Rz379VhY0/2VkPJb+5dHk7ljxgxcfP3+M3cfJHT34X5B2tf2P8iMDfT1r39dQHoRMLDsd/z2K5+KTyk+JeaFdQkImqKN0rw0TVCzOVoVDDQgGgNNvhkzwGQaenI22dcUWVfx43HXSyYAgUt5mpeu+c1wuvolcM0Ra5qdOuAvf/nL7J977jm+X/ziFxl4crChV4evfvWrzDxFvvKVr2jW1T8K9qUvfUlMLAh3vVyyTKA0UL8pGjcKZmCURufFhgEhpTQMKrII5kuDGWAG2HSq/DnZFosZDTM2GesFlgx4GYvSWNxjLjgXlnqZQb66OBZTfHFUHmxpO9yF9ZrXvOaxxx5705ve9IY3vOF1+1/+8ETvUmv/d2gtdDtfEBAWGzG2vgSWBMwMf+9N3/v0r3/6C3/3C8/+T54lPP8/ff4j7/nI1/7nX/uXb/mX3/vH33v2Zc/+5F0/+Z3Hf+db/+G3fv8dv/+V/9lXPvbUx575zWc+9Wuf8j/Cc698zihtqrZZO5NsLEPowpqwjuX1WilbyWMyMwLHUq0+FUplYr0xfSMWvGhCQbdHTE9gY8SSqSAiDChpWOLMpjIlpgvK+WRdmYmvGZcM5htqNsGYS6OQxyZh4k/kkeN6Z7JggoESC0JghtOcNkBJk4HpE9REcNXWxJoEGVIWLRewFVV1IBqlfJgx5iVhK8XXAmF7HrdktrTIbUVo7qUhiFCeC+52W70nRw9yGpd8Y2WZS1x6d+sz0LvmvDdDD46eST2ACD1EGgJmglyS8cjph4EeClI0kXFpEzKAMd6jLZAZQBPnWGInqkAGRWtc8wKTBRNXzFhB2jPlvByyy2Gt4fWElEFxS10TZgCWFbFhJgLOHaTIUZYiYPBWZQnB3eRtq99s1W/J6tft9ot2+93C/UrnoBfrYuADBTPuB3r9ARYGeoUC3zGUY9xfl3z9619Pgxm4H9kbRdf+1dFroP7d1n7dMY309DYWnvh6EyjJEiDYN+zN10sleVhvMyVg08e6uprTkNNXnN5qCdNluGFjYcbMigyU7CVDliee/HlhXVgXhiZrXo8++qgp909V90uU+neNsAhqxUytCJp1MWbWr03HYmIx9bJ85JFHEii5YC79u9kZF4SBHJSaDV9CyhJgXEqi0bQuLLkDSwZtBr6YgVJw5zKLyKzgM1kGHM2lyBzJjOn1sikTIKSUDIOMGbTi6m/t7Hm3mFcEbyHgNa73CRecY9bBYWZLWAiL1TIVAZtILHNDMJBbi7j4py97zXdf88pvvdL/CC//xssf+sFDv/K1X3nkzx/55a/+8sv/8uUv+f5LHv2LR2ke/tOHX/HNV+h91bdf9brvv+6133vtq7/z6lf/3KslL2dsXCy+UchGwbqMu9NZ/7ofZoDbYPZnsmT0cmTPkTD1VyK9KsxShZuFzNlzFMHEK0JXgasjVhN6wzGYTU4QB8qqcgmCOyYZd6ZoWgKgqVlXZjH9uDDAA8oxGBd6XOTC4oSUuUwyZC6Z0XQLwwhAjxl0AeLpVZlBmgyasoIL3iZR2Cpj0EbMnuO+ku89PECRdTURxhx5icDdwmHbG7dkRtFbqYUtW2EF6SngSWyfe+rPk7vXxJ6mXfiwHgkbEohDK16XgCGX3HvDEF9AkTENDrp6CQDGXDiSseZokkETuOCec8WPaXBht+FCMubOUTRMzhhrYtivJZf/cElJLloJmJeZKp0VVEb1VH9Q3hZCeVuv9X9VbhVZt/wVvUpJqMkInYYLtHVEb4AWbPZTawZNRqIi7DKuF1jvVtDrm2tLrftG8fGBXV7ev9xflG40TZ874DMFu9QwX8yRMqbhLpo3uECpyV2XzyY831t63ZLs+yYziuEE1OSFjYJtMl2SKSX29LLiTsBiYgkIa44Ei2EKTXMmSw8Jmeniy9gQNO3mmJkICaM0OrOYI82EYsySGYEBua+36oMpsQyxruqJTdCMfN1S9u8XPfPMM8np+1plBgTN/l3rZ5991qwZY3IaMfWqKgYulKrHTLT+3Wwa8X0cV2R6ZReWL4GSu5gtkyCzWOLg8mcGmtybGmZgsoJwwbkwKDhBk5dBpWGUInNsxEZnw7j9UH0omXHB7SJ15qXy1s4+7yLz4HGRuR8JnkPgRMzN1SkAXi2WUNi4ohkiWZesZhF//MyPX/qJl/7CR3/hFz/2i4S/9uG/9srPvPIv/z9/+dCzD/3Ff/cXv/L9X/npsz999LlHf/Tf/+i1n3/t//i7/+PLPvWyn/+Dn8+e8V89/1ciG6j46mbPiN+Okgkl2XC4Zmxntj8z40KpAkJheQqlnlWYRummMo2VO8yl4bpQDVAxrEnZPdX1wlg9DTfQhC4NTIOlmtmwXkKsyUCd5RDTNKOmCQk4ZQZjnIYBLmwYZQYmOC6ThvTAXLqCh1k2Qb0ss4E2RhjjzIpsGxhOSRW2rQI0MhGTMShjT7WqOhBTHLkx5iWgCNK2cNjCUSa35QjNt2xbMve59bKZPTO8YHkw97pmz9P0yGj0RmwiCSIkpNEsJnvYe+Hy37xEc1iM4rHUGwAN2RD0bHqyZIw59vSaB1B6nAA5CoJ7gxEW9+SbpxWMLw1mgBlTYpY9MgUhYGCD62LGcc9m1d9kVU8NLV/bDBS/haBkwGyZVpqpSwzFmvzMcKqM2yUGaIww207MimsO0CJJt4y9fPXirL69yrmtyD47yL4tKH0b+bDwbYR9c+DzauPuTU0oTeziSyMmmRLbKL2P6+rjRkxvfJjSV51oPqf6MiMYhSBICRiaS1913AXs08fo3AnAoFdIQ5ij2SkUtiSYxsLoNakBPQ0Dspokz1pyAZrKRc7FRLCsBKxuhmaPGVRMLCWsVni+R3mZoy6zMGWz0JzaPvHEE6bzlre8hQEmv/nNb2b2+OOPs1cl1QDGHJXO9Bmo0pNPPsn4rW99K2OOjIVixhGMzoySmVFwLtyZcRGZnpng8ikZjmL2T23nInIuRuciIGNosRhzlDlH0zRi7s2LGRcGhMm/CYos86bMGLOhF4ejLpZvf/vbpfeOd7yDIx5HTeUF29s95dryHALPni5KJ8L+tzo2A7OWjyBDEMH0Ww48y4TJDLCx5MNMbqACBuXIJTMbQ0BhyfSYMRcGMJPlaEYMTKrI3AXEhjC6LtDFHfMSUwT7KlZkBlgomvIhaDa0Li6Glg9lO9OUwfSdfVVyFXS9KAukscPnZrCr2XevidBxqIuAaRwKXZRxNpCvZl1zsvBpfAbHXDLWLIFOLpk91kWI4YxvgmTzJedC4N58XZLryrve43EGN2aKMNDssiXMKAa1LsprsQwHNEbkzriSum+V1MVbbVMKaBSW5sVLKawUwdphSya4xRJNc89v/YdtF7urG3qT8GD2qPCE9kjupdxrqIe3F1N7vvcwXedDhWDzdwRocM9yMvQEwhyxUJq9tPVq2+uyFzjsQNEYCIzSyWIpmsRKL1mQMiEncMQi6PLWwjE5fS+1BNCF5cZXqsbCzGjIzLCuyYRgiOJkplcy4vTsU3xlVExLqaqWAGafWLX1YPX/QQs2aAFE7LFK7jZpafmD5Yd2ErR1isaeJRepqE6ZmdJMWPZTCK9dZEU3B0zpe8jXhg8RaxzYYF0EvuoooOXBvQ/SKCgNG6ipi3FL6+OJRmRdllkc8XXZTASLjXVh7v03S2Zqfe4GXmK2LUTTK3Ojm6PZKT3BrDHIDZpvE7dOBNUgM8NkmvTtURpdyQywTDSNhY3FuFC4sJS4/SQ93JRNjVLmZjQ11CTowmpiIr5HGfgSNS8HTAQTryBOXSXiSKlrXBhjGsy4D1x1A4I4XPrSzVh8jnq5iGx9BQe+hmAmPjNxiiwlQXLp07PkuWhy0UXZYikOR3JJYsZ6mRFwEYpf5FwYk8ufl1DylN7TTz/NC3Pv3/3OUZ4V3DLZ5Da8be8UDLvy7P9uQza2hD1g4VopyyEIFpZgLmTDYelJqSTlIzE5MyNoUjLOwJaQQBubnkZWehmz1CRUB9NhUH0YcNGUBkEEMC6WCRYE82UgDhmXpFLTM5BSucm5+ossDcaU5thehd6/lUJBuiXmqaNKUyhwn+x7Zf0HQuXq6qDUlWy+9GI6F4qpqpXUEQBCSqNjmXSyeNHUywyHlJiBJhe9hi4+JaYMmpgB5lLkkUuMgKEpY6ipC7PXJNe757o+S6YCadgwKLJZGFSFWzJKkKFQbBRHAbuBcU/r2YTCMhCkzMEacRcNW0csJj2BDUuji9PqeEh7Hvec9urmFa037F5wvQd4ZnsVYNMbj2VtZePzDQb37DlfenqfEEqz17VeOsne/LwZYL2GYKmXMRakFymygXCyIFgXYyBwx8U3C0PTCFLOjEsGCGwwpfhywFx05U6jiztfqFkcYxWnabYQ7djW3d6wXi0ZrsgMllFrfxfrWBzf77OcUOjQAGvHXfccdGCAF/t2g+RamCBRLOmpY3PGZmuNzc38Nc/Z6mq2ubQM9DT09YLemrmooIF6E8d6sZhGMQQGlcXssbD2VsaYDQ17LCwOFV0CYI7QFRxrmq9Zr9nuj9cqAO3veCoTFwfyMrrgEsZyUx8J4EbXGxjgptym8dXCxkcJr/axGZka1jQvW1yzg9TRimlE8DrMkg1jofq4oWTcB5NPqJgGM+PIjA0Q+lmCmKIxkAAN5s5FZAFF5siMvWSKLw6zkuHCnYvecmDMqyZjLmNcMlyYCSKyUZgRmFH2cVYapYSFwmLSM+AoGvu+1PvUxiLTc5GAaquqFbFeHYeBZhuglWVjWS2KJcNWxBrxxcK2NGR5iolpDGoUeqmyAUMb1AQzlqqNIRQXMn2lYGMu7Al8dYlTTNPJkQvlbJWClJWmLjtHKFtLBDJmgAWhZ4CNQjBK+TOgYSyTTkRb1x5WgcrSReGKcO+QsStibol1p2ywB0J6BiqpWbQKrpJKiilpBtMlASwTBlgX1hUnpGSgyVizEydITBk0cfG5kCf+aYzDOrobybows2SzI5gUVAGYCuillxIboxi0dVFnTdAlVCVSwyBCV+6q3f7vx8wsSitlb1gpm9lK9aOmfmzzxBNPtGcMYeHsAfGrjMzFaQl6KfG0Jng/w73NgAWFEmhGwKUZlds8Ggji8Io1e9579nsgeZnT9NLmVYMGe9WgMZw3gz3a5eVmPV32ZDUJIhRZEJbsCTKMeeEZi0GWGOjzxZSxsE0ZpxGkNAQBQpEzI8zGbhFVz0K3wUBVybiNpDKXh65i5QAjmxhUuwH7XGwLC4MbAwcaKAJLLoK0NjILa67XN8pmW1EUmhKbT6/eXtBwYFM1CcxMXiice1WolwAEzVy4MxCTPdbV0opvJ8U12ePMMJn77LbC7vCX3aB3Teb4GcBw+2OmnDArhOvFetNvj8uVlEBPyCUZ672BXljO1z9oID1eWGEl2f4oYUpcfapMXP3JDLA5mjIzaO7TNcYqIwhmQ6MLA/uUmEtmOepqdHpcJaepKwNBGoUeN7quhigytky6uhT6BnV0GWAGeq0gWG5KZtz7IPPFFtNzZEPPoI85gg8C7r7qGGTcKIaYw6bmHYd94Vw+O2CfkoXWxUIwti6thRmB9EQ788eNIkkJM5AVlgAz41Iyk6eABMbkZsRMLzMQoek0NWaxLuMSJE8omUBJw54sFBaBhosuslHoAyVLw0mpzIvMRmRovhVHTVwU7h23hDsIeyS4KAj7qrhUDLoxbOZ9eVyeQOmFoi/mFJOAB5oNHZsCZUzTkuGQkhlZtJhyWFfQxBnkYqaYnFnc0SNDcspYkJFh7YnrXRo0Z4Iis2mBlFR5sSboEmp7X654VcIVOY043JmZe74dCoJtTO4nGS0cQUxoIsJyr+y9KHjkEzyVrZoHM7aINDAXfvaGbskoCXUxs9DZ8w29PXgtsCuK3Osa1uUlABuXZptf3q7EwWK2c+gJPdJYhryw3jJnwIyMJ9TKZqOY05WxaVJyKfLJCcwYczFHQpOtAi2lSqp/2wyrbRW2LgzW7bArdnnQrvW/Ik29cPZamL3u65Y3gHCDmnVllj3kC0UORVZEqZtwbA7mRqguJ5rhcBpmzV+TIwEmQl2GUDLy1BfTaMaVNeaYcXwmowklHKY4JtuUYaa/p35BTV2EqqRcNelFiBMKayxDGBpLQ3MWe1IanAb2tF6siU3EZrKTyLY12euzZh83mEGfOGT6Xn5Zsr9x6Wz4+mGMaTAD7gy4gybmSHkzCncalmf8Ip/xM86xZPSyx8BFF2UJeIvHXuoZkNnj3vRxAmXv9T74OPZxSR5jvcwwCEtpCDEZYC70pSExw7UrZidYr5gGt3BYs2ViT5j9JpOmVhnJchCW3OyaLJ76ZKyrVa5K9DgbDFzKsy4uIs9YuspBPqGsMKU8WcY0mAF9LppiikAwCg1mQFMQicGuxyqFnXzu+XZ7Oz/oGrTtY5hzAZ2FYlZwoxDikBJLHsuHMqbRhUNehDhHkUeDJ/JpXDTznfiBDQ1c2neSSU4PTWdmCmRIz5ggPqH6x0ApoF64eF59IQPrDr5obdrHHnvMFy1+17ve9YY3vOG9730v5VNPPWXb+961n/vZUj9NsfGwTUKwrG0tS1zyRizn0HKAXikxMzomEyoCF5aXLK+33172CzR7m+ndqPeM3i16Ytkqd7dBFTD01JABs/NJlJxSb1youyg4gYGAo2ma0yVgKeGJD2NcVtIDZwGqiUWJNZeZ/4PQwIHbDepKiDPDUHEbJmiKjts6hIyHd7xVrFMo6SZgPoSZGA57gpeqMUsehmzGZYSUuJgVrlcPSxsogUBJyIwLDTn3eLAqff9paYKmXGVmyiPEN5UJ5LOpF5Lp2/dTWKzUbXegh2TKzKCAD+SwV+AWzWimFkYPpxxakbUwB3Z5LuASM8YJI8ONfpC7aguIW4vQYjmu2Au79fIur9lnAe5bEPdGn5KBrzS+vt7sATI9ZqmXGU6g5JgBDRdNo7Rz2iQlFi4ZX0tX5iGDtWmOKXS59N3p83GSIVOWkjSaQvljZpIRRD43k804aNYlTmYcGfAilACUDDYdwllSvpS4gXiRQWSgMQolmZlmKTVHkzVrq2mz2ZDQ88DDA3eP09Rlo2KWg3YvS3pbmobQjp3yTkljow9LfvjUx4HXjVLYG80piIbNVBNzLz5MGjc4u+4aNIsT7ZPSIBiFoLCVV22BDJl1XhRnmD20QHaRb9lv7L8ggL/whS/4zH1m//WE/rTEc8+tP63SjysY2yEEsKxtp3YjwUwNXfDSNlYJg2TMrvpUk3N2azn3graUwdLjc31jZpgyIcw1NSMayBCalGujHA8gMWNBsK52DkGo4UFjjcCFgQiZNejed5ebedtetiuhyBlAGaoAVA2wXsmYfgUs9aJzwAmDmy4w4cEMEITWjIFXZjvSZUuJMDyo2Vg7nXuP+ZAyjM0IJzIer5MTklUteYSQzclhNAOjQ/k3NVMmqEPTJ8cj6LrhMShIQij+jIUvHRsZwxrpGmTAIPfBBJnmYPQ1m+ZNWQZjUDMwTkM4UW8YFwLc9A7qOhns7Nh234fr8sKBHWD67vHu9D4LaHAvmyPMWydfb/HxuGSzXlA3TmMG4lNiyjIp213OtQ2U/VzT4VmsFoUL8BVBHMGxcWNKTBkPajY0mXs5SOnshYSURYtnFKiqIM5wKDKB1/BoguA0w7qMmMGEIlSZ5t6l093dNTT3uBLFN+ga0VUBZ0tX88oYzlkMn9Mc0AdeNUd5V0MYTRBTM9aMcww3XsOTzGjgnE4CZdFwLhVZYYchg5BvqNcqWw779qUbvlxxPz55zf7TKr5r7Wcfstj+t4UIa8dvcOeLKYtTTKNrNoQEboS2Qdw2wGTYc12QYQlbyhtYX/pW2aKvHbNR75rbUR/DFZBc71iOAOS8wilD7qcAa5idXgLUe2ncf9tDGpxN860goBqKAOSqQWB2WXjYgz4A03tyQqgZViXu31UJl+6NvAZl3zTifeLuHbmQEtgMcgEGOIPsQ80xON8JnHxCfAosuxTwGE8oDGvIjZX6gcuUNqZZV5hmXXAWpPpARQsVE9OPHN/gRqmZSwGHH4jpuqRy5J/+gag3s8FMcCJA9kCesc5BE26wXe+hyIPqH9+sL8yCnpiVxZqMu/pxvUAOfRESMpj4jYXXVrgfKTMQKhfN0QNNEJ+NjxiyTwrsq4KGbLiYDS6rWAQssoAFwbowfShyXcM5lsDK48h/pqOrzDUzxkXGZxo1Y44sOYK1aKVwi2iVwXUz3OaMIbMbjEEbOOxdcNkGM1wCJO/OhVG+GOodG5FHc+JGU3M5HNsbbpowCZ/JQ5Z37VfEDfE1WxcVVtsT6RlUulXBDXK+XMCKrw/e62+z8mnrK7Y/E9B/gO9HIASWfU9b1lnfWWXDCbsTXA8VA/X86FkCKTPYE73vpcFzmiX2BMIjpGQzz2msKVQBcQKIVvwyOeufwcpjP9h6zmHNM37yaNgMap7GMWUJNCNgAAmxXgKDzGCneUEZ3sXl7WN8XgwZ4HAj320WFtLc8E3zgQYzmRvcNRuG0RNO+eQwmlCEs2sip0k+OWGwXe8hTV2DusJNcxZi0NLaAYT2wQMX+0wjOYMxgxxhGW3kezJkcLqPY7gbB27SDpTMYs0z2gMZGGQc12XrnzJs2wVyvhmc7ukTaE5I6cY4vosixMZiNmuBG51yHaPrjdmF6GYkE0Ly7l+HUAJwNwHKuzJs8wtqjnL338O4DNhMzBseFCpoyjDlyYO7zTTDA6MMNLf5vasTqlVcfeJBlrnkW2TQHOHEdOHGPTU3oCxmzUYJy+2KadYFI58uYbq2x4I0Rj+ahBt9qDmJjTEBzj0JdTELvAYX1XWIQJ6uUw+nyw5wwSxESAmnfBeXQDv/wZm2riwnzg5/wdmst2g5FkG0YaDPKx5s73uj7DAX5BVOOcfZjTneyAmQS+7N7kwJLnYbOd53ZYSbrQ8MzlMxNwshTgg1GWScAONeE27MJvLJg3E8IwSau2heNzj1I2/zhWmKSSg4pPkZyOAug1mEmvBAY2jou7gxI5yamjdoOHxjsPz/bSiNn8H/7hh7QnLC4JLWFWnqOlGQn4E2N7TRZ7uHmyZc3A5cRrriVE5uUGHPTR6PsNWXz77hNHXdYBwDuVFwmj3sQik9EBeLF0FxYORzxMEYD4dTHjRoo19quqHUKYHBirthxAYd3mEuyDhhoMlyOJfcRx/IN5gICfBAOWGa8k94IOo9bdaEr8oH4tyNw/kOJofBKMONHJJTBsEv0lXOMqQPekPyjSbULOeecL1i9srrpZOQHPaz5gLGNPFo4htQTnyYEQdlUkpwmcwVLf1sAAbFgTXq9eEXy/bUJG+ri5IwfFeD4cVcJEmAybnmGEC+eOVZrto3RkETRElusN70fY+bCQ79h4T50X/Maz4OyDPzoJkwXTc8vfEIcWY3BjeQbcwAc0mmHE6AjIFmXOodvovSaIKmTzPTp4xDSjxmce6Fik9hzG64gDvw7c9tin+OomsHu1dSMDtIwFZZVzKcZvEIw20vfGLZbYxZ0DXxR7+y2ZjmaXBjDKMBWxc6cl3HP73/L1YNamLIYMwGNPGgyI0SDGoWk0aTxZfu+++veCV65EyA5ntyvTBBVrgrpPHN3/jmP/0P/+nz/9vn/4u/+1989//43T98+A9/8g9+8p//rf/8a//7r/2Xv/1fPv2/fvrptz1dzuOSAAUMhphqN2K4dD9o+VLWG4qJjdKgJ2eTr7HgZu/pyjeGqfY5hYmDORJyP5lyMPbjW5xQ2JNP3BgPzjg3NoIMJv8TZ03G4OK8o92kHZIziAOl+c7EE7bHcimyUWB+7B//aP+3hv5rxZ8fv0KEhh6Y3WBccH9c7gf7DxLOH53rJ9KZ0cccCQ4RQRqdpjXVjaYfOnqZYXJHknCx2Lh4HqgUoYnHwF6Egkz84RJ74MEfJT6NMeXJIZfleb00DH0jMxCKF1SffoCvYmaxVjejOHAI08WBMP/9qQXQtACaeARxM8BcNPEsCSbDZJOS2TA9F3qsiQc1cSnhZDDnWaeW4WZVTozN2A8LEsTEhiMM3yBlq4VlTtOM1sSOvQgJ7OMyJzQWdyAMdAFj8slTHyCDugGhpW2ZhhnranQMNGuA+zfKpLE6NnZG98DgIl1Bs+v34AJmUJzYuLFmaZRPqBkzkC3O5QbFn0HBHWSh3eyx+2hu+QGbjM8tMREIUOSGKOeSUUCZtD+nyNWTfpBZ1a7yXJjFNzgXhaWxGjEeyERir/7wq//R//sfPfZ/eOyf/M4/ecX/5hUfeOEDf+O//Rv/2Yf/s9f97173H/3z/+iJ/9MTT3z6iZ37PeQrGhaf0ECNmJz+LvgOTyioSqG6VUzlJbQKunLh2zRBNeI18/1fu4tfWBHOmCnLjReBo4TJmPtOfPWKMMhrBCiTIkPKwUW7caOZ5gih9NpITRbICUAJ7Tdvutg+pCHXtQNcjon8g5ybDk6udw9+wZrhRvaBvmhFlsBO84IckxnolQ+hlDosaVbqB2gywP1Bwl+5/vonzZftv+r20v3Xxn7x+vffsPd7zIslxz4Aet2fl36YyvQ9cH4hQAnsIi2UPDSR5m4P4LYBTlnaDSGaIWQV05RYGr2GPqGrlCaZG2NyaJoEnBk2bu5QGgSabLjgX77+rV+zWIuUD39GhBM5Y10MVFmzP/Cm9ASs+hj6C4KUrU3rpJdvLg2PyYRhBlhkXThZF56UEijHGDdn6RGaanNu2fA06xoe4+SaMYiGDUGDR4NP1CUfXEpNFmuasunEIaWEMbOKSS8UJaYM9NBkGeCMh9MLSCZgMfFUXpe1EKGUSm8iwzkp0zz57AUaSDgZFPAG9YYiTLS68OgJJyjHAMs2s3E5bYy1zuL1P3x09uah6HbuLeREjxlmhOG57HChOt5gCLuo4UrmTIlQDrlAXgltP1yq2YMpcBcHLEpMU8wmDuMOxZQblGSX8mjW2NfRBxzFEURMXHzDlUBcSgMGw1xOLlQcSgwaXUrlQ9bFgLFR7MDBmuROI8fm0tXZ6pBD0YRixh5UqWgiTMVooJxhEgtk7oQ92gXTlQAppzeGsbmJI6tyu+FgUoNzg5HrZQwFlLPkm4LpxJQxfQZjRr83zkJN+p3j5ZeHNKICnsXsIPQ51Kfq9/evnel7l5AZl/HyveQQfW//Wptv7H+EZn5FDCUN7hek+AIGof50/0Ib9oXaxVgpyc1kya0yGyOWTC58ucTjCFVp0HLgQLPnffnArcIiCGsUaTRKE6ePDZfNiVKqq5pIjGbS4xsnpIwzHkcGHDNWFvWBfrHMt/cv8iSvufi/cjCVtEA8yXiEsjENshCUPAUVRRP3l71GOAfgZXlEoCRTkvmSgyY+R5GGZhWUGChoUNw0ejVjTfrWoPWwR9umkJBGF5kZOePRx0GXaNCq41NY2+HOMcOSkUllNIupmHkBPcw0MWNNrLnmdp0dAQcGGROqjNJNZLIuDApr7bEV0ey0TOUNTdnoOIgDYmJjxfQxfQyTEmGaJVwddmEuBTnzL/5E03UTnwEe1GQg4ZhZcqFKEoQCi2KxrKlVcx0Tuo69dmj2UhLWlb9fa8Ban5x7G0C00IwMYUYNqnQSmJXFpaeLzRiXGz1uLsPAJRYBW5Q45RjnTlgFvd4+JVaeMk8OZAYndvqXlCYZbBZljpP14oQZeph7aRQqDuLvjC6nqecESE8Xg6ZjpiYIc/YpDVcoqbKHDilOaAqlVJ7dPF0j3YZC0YgGLOEm51PWFTTxGGsGzUa821szGywaNMcE2FW/7wpqUsM09TY14Fvwim8uMWVclRqxfGiqHtADvbBiNmJb2loQYJdzvSnSeCN3BHrd9zruUHgdpyHo7SkOZOgEMSO8bv823EceeUTz9fsXlOJXXX/tjCboesX+hTbF5FWoEpBSTWN1Kvss6Qvh5fvXqfaFJo0mEkyt2UGlNt/qVk1q6mVmiIYuPqH8xach6+2bpw+VAWWsK7NcMEssGtYF02Tfr5ohc5G/5AuCgZ4BvHr/ClVlZKNosl2bQLqcFcUYBisnQqwpUNVUZcr+stfDx79Hi0F0bJiH9q9jfe31txaXOlnSWBf3oItm4mOpl4wm1sQgSaipixy3TqDuVmWWp1UZhrXTr8cDsk+TAOlb72LaNJoNEdpGCSAHrFAEc5HPzIWSxhybpnnhlMwocZMlNBdcE1iKw7ho9ApIVkBeFRNrYmXHFoilmuuq8taIMZuWEhe2IRpO/mRMT4MpmeF6gynrHa5Kw7CKsntDcSamrnMUcr3lAzRYFw0znJw7nmSEMpz1sqzdiT0I3exupS5l3F0PBAa67l5tlNwLEsQ0Izthz+byW8DU0+gt3CyZXpalsbfPfc+h8uSL2YNQptM2wOfRtUB6G2UmyxGKubbs8XWI16V7fSQ0+oC9+pSAOARLL2Y70yjYoNgsYCW3j1iTygWTCa3sWuBjxaFZy4Gg4JNMNqI1lkHjJt7sGPDlyIVjzxKc0DQNCm2ArjZsIvY5bktTwk7/Xs7FjzVjvUA5zJhwuow8vcvnCl3AzEKYYyuy633ZANIOTapHoxnRNCnN7DmWoVGqv+KcrMu8DKppUMJpXDJ7EdYvxDB6G7tNbrdbDjKGNr9PIAfB55Dmt/ZvGyXTE/gSMOTiFYeemUP03P4XMPsHS75w/Uc/v/a1r331q+sfHfnmRp9bjHvFl4OsoCmD6dOLyYCZr+QSwNylJEJDM66YuAo3zSp/cvoseYkvjuBiShgbhaa/H9UXiF6six5rQsaYspqUkpmqgznKjawaoEtAgi4y94w5NhYNBo6qBF/Z/2zol/e/y/LCCy+spfd/FTFqOfHEmlCzj6eyEYJSuaX4/PPPF0sgnEApP2wAg5W0QnPHssd86QkgMlgko89hq5rtLZvM0XLGwF4kp7EFMQN6ms6hRw5hv3utX8vuqVPTUcfcMa/R1OvWw+wd6bq6Bzvn3YYsach6oWSwLtxhkAzYDW2IfbjuoZ0U9l5ad3rMXgQzEgSDOPXy6ujaUtgSaHZC4gposRQTt3XUOWZDo7YKTm5BgUwJU3kah1YXzUTGmt2kRg/kNCC9YZi7JhRHVoKI1qWQvnFjzZXK8UMemhvjmMGKuwti0Epd5d3pBAtnfbuasfWycIHckjHDiqyJraBSV/ACztrt6V4+uJXOuFizZMCUmbHPK0erlr4q8YqBrzrMyXJGCFjAIuvKjC+BI7Rzit/eMAUjEoBmMofkMsnRFASp/kZRYVvFiDTVHJoOA8z+5GZREAGDOU5KRoQOo2SMziB3oxjLDsR2o9HJlCBskQsoWjFBc1drVZulC06qrhRBXCndXO6TfshpY4O6YWbYpLDR9ZpaQXBlDx2WjomAzFoFTFOqeIXeaBZcyh9XRqOwxyJIuElVKyCYS82YDSHLvMQREIwSl78uw7EBLrnjhqhi1d/Vof42M8HVZCHm/cY+J/TS4zJ0BHwUYZ+q2EeRLkeDWS58geDs0DBg9sY3vlHzLcc/+vnEE0+I8Oijj/ru8n0FgtMz66tMQMk4WfZDINOL5oJllrEgRvcNbSxBeMmTo41kRridbGNAU8agFDg9G5YdavH79ujmN0qz0CUxwRlMQbAmMy5kBjiX6tMvyHzDG95ASaYE2UoV68J8MWOlwMYyLwz0j+1/t/RNb3qT3scff5xStJWz//dQkVnDc+MPBE1KKXLAQtDzNKTSF0tocfsXWvrXWjRNm5kImoJbMNxzTkB6AlQIK210hbM81Rqqb7vTdrQXoc3dRiRjShoHoNNiv2KHx7HsfYTsCHWcMK+ReWH2jMFZ0mTc0SKIzBKTOwaG00WWQ1wCczbkbHO0G07YRrjZYZuJsE/N2lW85pQS2lXZqEmHiqBWs1jxWqcNzVksdW6fYTJf+lz0Ag0ou5oLKB9ybBRMyR7PosQw52HyD5oZsJx3CIJocZFjXRIQn1wmcYNiBjE91iUIVMaOn5qrfHeThbMuLmLN1h23E3CwiFa8q83akVvTlg+rf8W3ImZU/qWhdBJTZ5kQ6M2UjTRsUb543CllWH2YEXbuqwjWSKiuHmd4jq5joqtT1ihNXLnArKUEDSHbxgVTwDQ1M2gHNrRsRSh/gwqLG8XUAiVm0KCEtZDXFxGzaHSDgvgNVNHmAGqS6dlzNF/RjNJhN1NyO9PspCQylGqRYTJnIEmWbhIuXSZuGHHcQpTuPtGUDkTG7GeCpkCDmyZuyiAZXaotFKWriUGVxwwEx4KzLPntd98/MKdKBmpN99qunVm5wBSmaEA2L6yr4kBzFEcEMIr4EhO2M2usNkBeIqiP4quwOqu2mhPsc1va55Amts+xbd/HmWvNZw+hf4fRRyrN5z//eewTlpkPpy5J7kAGSnG84uCMP/OZzwj72c9+1hfX008/7RPrS1/6EgNN70DsDce91xHbo11KkBtNkRtONF5YSuILpZfGSeww8j03w67ouj8rYDLWC6rRJuzeNgRuUiZOWX3o3eQGwt0DDFhKgAGBMZYS9kFflUzNxM3UlJ+9Qt36nZqKWUm5VEysDlgcliKw5Kv5uc99TgE114z8X3XkITPOpi0bOYEmvbQoTQOrMo0yGaAfMhhAEyfIjxK3zELJWyjumFdhG0IoJTCuBECtJaOOe0+uH+vZczYi2JGz9W1Hm77jFNM4PwycH4KTEzqWBCeHzBI7Wpixa44xmRcegYtXGwaddjaY3CkVRBcZyJ3kSYml40foRK17a6MZ3aDjZI4MmmwHOLljPHur+lgC+xi7apXOVsOBEqtq66jLwjFLVvB6s+wkgP3KpmOM6TsnxcfGpQGWDAgd+47EoENCnw2vInceNCcyHg2DlcQVMyjOIBYk1mzojp8qgSXA3VNWUNNiWSOLZd3dYji0ZG2ndk5LVhzLMUsmuCHMFBq0zGOgN2tmXPiKA8k7zL0fv1efXZh7PwGzNFbEuSU4L9aIrMtRx62vgpiysTgaTiinQ24iG6uhwaxtFTtnT2JtG8rM2AN3FauAFVZ8wWl21RcMB1PhJggcJV8cmFuv+MYiNHFl15QAPS++rZot12E3UxM308ZtXsWfIQg0UCbsWbpJJOxuEaebp+9dt5uYAgLL2eFcyJgedyKwICUDXUQi465mlz7ZZcWrdXFlMbMiWJPAjCyOZqOIXJIECcPaHHtqU8Ybpm9ZGROUvYKIJn/xNY2FaQrYQlR8BW/Rld02bs9jt5n97Pqyz7vE3HsOAmhi7yvY55Bz0b9T2T9wyUwcAncg485O0bg4RH3pYgP1pes1yPuiJogsDkf2XWLytBmw3GgcvUZhKTgXLCWRBdFFs67U/TZjgnYRmDK0Q1QgIdgtqsGmXWeURjeEmC5wLH9KIzrj9NlgexXIxgUGuDr02aoy0usfQ3zb295mpm9961t9T4Y+Mg1RAftJgBdBMlYlBsBSBMxX88knnxRN6Vbm/i9pI8mMc9UpoZqyl2LXmVrT9G4ulfnuxuISsOyxpJsAGy4mNqEoyWve108uCdhDKqiOVVmJ7TboOrDRwaYEG5RsO8Zt+o60zUpwlgjg2DhCBF0dXSwCpqk3YzxnzNnraBEMzdIoZMcA04MgmpMMM7IjpCln9s6J04U7MG2Uwbpgrj+gS5NlLiKsI7uvJGDJrI2oVh05FbOVFY1MgIS6epAoL2OyfTkuGGh0wdrau+xxmnqZbZPLDZ4BSCaWdrnFkAFLLsCXXASsK9Y89aFBzYggz+SYGWVhjVK51EfZlVrlcfeghdPEVo3Geq0rdqO1o2dGbk1bODIIaAWx4E1tpXV9qikmVsyUZsHA6lisnhCQXARdBVkVuT4gWy+hnCynwEkhOIrOGqbvgiCwVAQjglmDIOYuoLCGIBgFGhEbHc7RG9o6Kp0TR8DCxgbCJxg0WYIRmyYYKwjboA1U0dTT6GpbHfSy5CWCWRilw26OZNxYFaT4sLfP+gTcc133NZSnmnDvMunmcUG74NxIZAUEliJXWFOg54jJabpzMDPQRXZHtQocxST3ti0yL73MQi4TX7P0mmCLRaN0pgBNimBSI49ggrgKcOFetCKXOaXh9IpQ5dVceVUbbOPZ572u9W3jBc5Wp9HVly5Quta8qWCfRs6F7y3sDcYF2OdQhyXM2RFBNGZk31Ficmfva0qXsDMEM6Gk0TZoEyZQuirFZCOsHHAvTOXcS48gzNpRHRzYm+Jy21Q9SMlGTcAooCYGahQxpYqNJR+JzTWuiSclNmNcHUrJBKWnSvJ85plnlI68vyufUwfvZwyqg+DVh5LcFzyGjDFfYXEu5rVOlOWUR5nJRmaVDzRFxCKaWKXhzFLRZ2mx2hFa71l7ERhjSkyJ+WIQyqBKtg/y5dNBQduUbWJb0P6zHRPa3Nh+jXXR2KCaNi6hAwadxk6LI+R4dKmRaZxblnidqle8grKTxiWmFJMy7srgqAsbt6zIEtNbtlLSNAXNDhUOlMMmqMt805zGpgNkelAQa6Q+dphyWSwL0T7rEGKokqeBCmNLqVep8RjTM8O2OIisaQhdhIIUME1me5VWGjCLtQ7HFZ0EllwCuVHE4UuO0xQ/wXCEmRqWswhkrKuwHchuLjW3BBYFW0dsyUZjcRm0XrNkLRZW3paMEiv4VB5aCEMYCGamCfVa61a//dbeaGhNQcQvpjgcuStOs3MErEun3amxUp2sLogWq/qb8q76Oh2GLh9TEHBnerms5dDsyopBvTMLozeF1uiBPELTLG2+N5wAgmPVYGl0TbLe4rTEJms6MPuwGTEwBLCPE2RYkiACy3ajinHHmspVWPWpRCwFhAp1cl3k9g/7KiyC66hVwG6wVsEQ7k3r4tplEHTRMJsExJmdWdgzDTD0MEhgBJYxr0qExZSV+CVWkgyahZpUaisLFt3u6prqQ8j3ls3va8dBoHHReY3zPgHeJzT7mXwfZ763MGMuDGwegiBB5DZz92Svg4JQYpYF9ILi7QTIurohWbYHoO1RwrpENhAzxrnwpcR65dO+zWs2g7mH5LU5ri+ybez2eZtfTHEMIWbciMLqzQx3Rso2L8wRqwY2QY7qU8VUgKyq4LWPDQ17zEwdhKqMZPWhBy58fZr62BVQzdnQrPz9X04GlpD8VIHMH9dsaQ0vG7FivQLpIpubwYCgSSk5vgw40ojGnTxLK0vDGVcJLJLaVehd0gsqetvUbg5tbnuUHHcmbVCCU0GwfaETcrOPu9TIaZhhBk4UaHaoeAneju8ssddsFDIQoDOji9wpyqUDNqDEs2lMDdo0XW2QEhhkmZwyAzuS0L4c9+Fs1gAbRozXnr2iJoayMrsqjEFv7gWEmjuLS/BsMhYBh3qZ5Tj2oPfuWCuJAxMh9zZGU4ai5a7O0CpYNWz5cOvbitNjSzbQhS0ZtkZ6hdJs4cihxM7pQAkATVuCo4CCtOtw8YXSxWCC8GqBzMWG7w5y7J0LgpPS0aN3NOZq0FQB4MV9Fn1KsWv24P+yu6t73yz48sIFOTk0inFrGkXvOWuhBg1drRpOAppk+ly4z3zBfJsaZStb/NiIBFwaTZyLJheyC0cQ9cGKhqtSyL7huOs9WRfWte7aDZdYNRfKpYRdUNhNmsZA3X7WCNhLQBeZ+yxTc5m0m0uoCJCM1XD33DfZcsOiEZoUpgFmeyXXe2q7q5vNPrfJvRzgvm18WjkC/Xi870gvEAzAZ48XC13YZ5kun1/MuLj9CkIQNtjSNMbqnmRA7tWQbJRYBMwyl9mBsm1LtBvr5QuMc5GDJtZrFJaGYFyJWkTFMX2oaGq49vGG4LZZzAtE6CSWT9PBVaz41bDjSWBPyUxKuGTUitJHozjYHNXNfPukDCynDoLTcCFzIRtUEAJ3vljNaXzjslFz+a+tIA9uUjFqeWAQUWZiSdEYWBKxXmNXPl1GCinLBnPvRTIXXTvw5T8mGVG91M4xlgausmurXlHFqz5YjFkPgq5k60TAdqq9C2Ss2T52YLDTQuMIkbHzQ88gaGJeuDgTmRxrnsisoUuslM6cYWe9ThrUZWpmOmiygUG4tK83rPooV/usC07puvgGmcWDcU8eLnJ8ChkXLR5hhbje42V4pkqZwbgkx3lldhqf2H7rNse2pQhNE2gYGEv1KnXL0cpazVZ2VlwvmRBqtlhYBEqhKMmY/kRDNFaDxsCR/bq894aRALSdsOAlAAWpPuZrCqbTse+4OU1OStwxxJrMQB1mfZt+kIOAgoNBDSQB45KxZtPBLJtFLrNSsBbjDgTHmWHgmBDyTS5s8RtLPvQl2To235kONpdzlLAHX6gr96ac/bkZqgnOBhiEmyAxZDa+paTaVqH7zd3lRnKV4a4pK4KtESQwngUSp5RONMpghk6AbCb/VZTrq5KYRU7WS8+s+lRnRba+YJvZY7009Lrgm8fl1redzx6vCH3zwXz8UfYJ1OdQX3W9TGiu3XzdP4IT6MnsMTO9mIto7Mm6CCWjd7YczPZoN+6s17kQEzccd0ruDHJnb8mmkpeqHatZNWwzlrPxCEaZ+EKJTxafTGCgNzO+XIA8XqWBTQqrGGUf+spLSYN3OS9zNxAWP5fG0lt9gKOaYzXv85dSzc1iPXTLRh7c+MdQNpW+0hiPXLEwAxoGegkxZRlgxjQThBKDEaEjKgGopgpdE3a1Fyjbo9iObLPGo2njDof2sVM07OQw6PxgBk4R6IW8mIGYYGhslDTTOxAN6yKsbbI3yvAN9mwWmqAd03FqJ9HEJy4OL/I6kpBluFhvnPknEwY1H8i5XyJeMQPdHTSkP29SqEs0kfEkg1UMD4wbZmiVES2kAQbZC1L9LQrZ8uG5s1qXOGRGwPTiEIq2ZrvRECMPD1Z+x8s1GCu0f7Ah9Bacyw655gI2PLT5wbkYdih0xQ7aNlzQlfCT1/7k+cee/7P3/tmzDz37w7/5w2/94rd++tBPP/uqz37vnd97+jVPf/Ot3/zOL32nypRkCU/+pRFaF6ywMUyG5JMphwfnyjZWZUwuOBSwKTQpXFMQzEAzzvLEuDCIKWmgyIIQIGFltnMjx5qZbacVvwS6glxHmq4m7NaiPHmuwZBxrClaiwUzdNhTv6AqgbLUxNlgjtxlQigxnFwXs72Y915f7LS2GaHXNa8L2NeOe4yMvTS43OIElnXN95IIOWrOvm3rAk3DGZcNZpBMGdcb2nWzAXbK925OEBA4hobDjbJ27Y5QWdThpqr0oWKCUQaNVdqCY7Mm4DSlsTO9d//gNdXtpbc6KBTuPeyBb2AESjIDnOPwjAt9i+I+RH188iVLfl1nDY+5EeIRJKHrZHHpYxpmkIDHpZpW33HZtmv+q8x3Logpa5qQpq5d+QvOxWhtrNPIMMuWEqdpRYcTQFccGncSgDXSNY00kDL75EAzQiBPfHLuxd8TvaCagPrUxNWquuGR0wMbcfaAFzQK7HEuQySfyAYu7avlBE+ARhlknKOxal76rrNIwHWdNsnhRlOzEXFN0GW4Xb/LhRVrOqgxDWyT+0DJt67kHEcTQ2E1gdld1JvlwNDQdVkalBNnJtWMrB10HDog5zGBVe4DvH70yz/65iu++eeP/PkLL33hR2/40fdf8v2/fPlfkn/ypp9865Xf+vEbf/yTX/mJ0aFMZvT4kvqxynchvWx2yvc9dE+cNgmY2Vav+M0UpA3JDcEYV5+7tbqbc8ylCIUq7ImUJ48xkE9fXEmrs7Lj82brEqNfK7EvxrBW4noKigk76r0hEh6ILLmfmJgnG2v17YGArzrAlGiv8OWlpDcAbwM0sbcBXfEIzHRhcmY5amLNIodkbFBdZGZ4QhEwCJWS5V7/hXIOO/GVeRATGo4jPpPJd6p9UwQofmMNwyX6FULFdTGLQy6wTK/IuGlKppSaLG6OCbqAPWYc60qDyQSWecXFJK+aNJkmFtLAKd+g7B8oQHGAXNUqH5xyGM1y2EhW9OQwmzIkj/GyODQhs3B2jfsDMQZwRhv5FE6YrAoknKgXku9qBmfMkUcY97vIILyY5t+KVhAu7a2JT4zGHj15sDsv2GHu4W4yNxneNMOpucTduKgOjOUOcw/TFYeCODByxmHkPZV7c7n4HNiBH4BL9/UBU5AdbKHIxfx3RPYv/+LL3/+J9z/0zx760Oc/9Kp/+qo3/+DNv/TZX/p7z/29h//bhz/4uQ++4b9/w+u/8fqxzyX+2Rib7XS5oVwcMQ2mPDlkH3aAS4lGgBv5Yn0dZThMVxiz9FCQ+BTg7BoOq/uAODc8yHi87gqBPI6j3yb3jEOboV3hFI/m5upYplcUbSabnADZnKAswnCWsPvv4aI99MkpIWWomR5Gc9atZYL2SXJdK8TVpcSacs2E5IQwjvQjD9KIH0PDYV2wA19guFCTS5wlYeSgeZotnytumhMz3LgQBmnuQtdldXfFVvlO9PTGuk7Z45p8PsbxCJ7n81Q/HYcHa8hryZTvZNCVEKa5zS/Ys7sPl5ld607wBI3TwM0zdVlvXEJc63gaLOv7n9bT7LV0NOMSxCnVMjdrwjn3nzGjIhTtHDEe6L04XLdmwva+uE+SsN8jL1/MJzN4oD6Qg2i4aHGjhJsuzPfFmMEJypXx/QWEZgRkXeHic/x3vpRxltv7nsuJMRiXMPpB404CMGNBAg5jeYMcIZuQ401N8CCzhDSQfIm7F7odhX/GXhrskPdhlAnbamEi1AslcCJlfFrmKEJZQee3PF0Omjes62TK4eKsKe2Uit9AO4uFWZT0sFO4D0UYFPNkwxFGE1JiKFv32MjSGxte4TLexkW1lcOwQh/X2gi6Sr559ak9n92gmUBJnm/0ZPp+gkKOzx+ozE9B4zEG7kENsaFv5NHAyuy6CZOF0lsczCYeFzjlca+AStrcU57Ltxfzss04xpqi4WTI5kRdp7EkNcmBDCnLfwxu3PGJfMdx2JQJZ+XxzY+yzGg9dNn1Q+r5yTUegVLX/JhblH7YjfViBnoTMK/+y0F/6ur7d/6EApDDuSdKV+p4Ugdy5WiqswB7RS47OHmgd/TDMF4PhF7xp9Bn6eHFRjxlZpgl5IInJjQ1U8bqYIgmnqbemXIughR8sMPfi1/wBJgulnJrK8/9BS4LIPQO1N2BWaZPQ6DBZCCPkPJ8kRpHHMY4psEzSqwrY8gMpp7NIsxcWHI0KPSjrf64QP9lLp53vrEc4Xwp/KX9Jyxy/+Xrn6rTRcB5rTkciSWkxyHLYRkKiBulUKVKxoES5yJajjeslxAPGGPJTEHSQNFg4se6cDnjQdMpTk2WBF6E8lclgvoQ8KCmsNXcBLkQduB7Hx/t4YFdndLixu1zDJ13p2COiaZjQsbkuSVwyHEipGFAg5Mp8USGuXMmJg3jmHKF3tA8QSNn3Ihk2Dv0AbBpcQYz2Tj3SZsQtt/6g3LWonWv/liFcQKkVPBz51uRu4v1suuffmLziv136rAI/QkgTYsIhgutI07JpjQoM8aTgyYBd3bOzYBzxwwg+7BG2rvRPpnDPrUaGebs4ypjCEJJCnJygi5Co2Ca0pBS6WniBNPBSoT7Q0tkbC643qZMAEosDhYTn/FzIXAXB4upWXwwnfXQNQGmopzW8Cv7z8pbLdwfpn/N/jtVr77+eiZ8/rEu9v1pe0ouDATEXOhxy88AA015NIGKVTJNJj3WjNl0QbRU0MLMagXNi7ShaWfjzky7/DxRY1a0whYfjKULMuOYb+yIJmeQZe7tFdlKOzS14bYOBsaDxt253JtUTaiX2QQXLSgXtohYeUfDhjHkC+KUKhQWkh/IuYhQhpCm3kuK18qfvnBaJqTBg2KWpITNS32krT6rcDt/ZoIruMsRvOS5Mb3Pkb3PuUxp8Hk14+5QDCnZ48zc5pTeFCnJmB7nJWGLezIw0DvG2c9ADAiYBheKjWZmgRKzJ5gUeVziomUwnAuWDKyKH/sW0nCPgT15Yp69uDiQHOfCOBfNMm+ygaYHIWYQs+EIJWNBWztoE7bbW9l2KdbENioeIWXMCzPOse1hP4jf5mm4oJk+gyxXBtcXwSLgtlYxDRrrwrqCZgKzupiVjMuNvkuMzEBTb6OAcSEhfQZZYuALCZTCMmsi6qn+bXIMNnnwJaP53f23XL61f+FPvw7hG/vXWZB10X97/zotSvzVr361vzLkW+i5555j9pX9u/EZO0GU3C0iWFkBG5RsOKvcKaO3xJmVBvQHhYqAOTJmRsmlIOzpY00wu9lgNgxhb8N1z5zLGtO3XTMWpD15BklO0FWemnKOaUqmmWKglyeWOaW5DJuagfTiLIOulH1JNlnG9ILo4k5Qf7W1BP0Nrq9//etsKM1oXWTyoBWXBWscWjw+lF/bv9vTmvG0WvRWkQ09MxGBQCluv6etBe7XdrzwwgsNTM8Aa2IxG5qNpJsATm56GExPl/KtM72vhrUsx2V9CnVB8u65/Lg1PaRMwPXO0hKUhdzSEjJgOQdpUASQFZuV3/XZLBTIXBxotUw2pkmmJ5vmtrrc4G3EneZCQwAl6IWGYJ+LUDG9OBlIpghSdeaD4z0wnRtm0AWRHJq1OATMgOC+YNP9ONdHSmDAkVe+yYXSu4JekUETlLAJmtHkr0nPxqDG6qWtNzwvguReB3vD8/7nEqQcy5qYPWXv+L1HcvGy+NrXvlY0b5MYGLBkL0lzkR5BeuUsgjT0CoKDUPSYPV9d0sCiGdooYpIpY4Ni9vSlxJGSjAUsYQaQ0HDMcIUtvVhKmHvGhKYgGsdYTDaQb2UPLTcbemaaUuJefV73utcpF1aoQI/ZKJrh9DYiRxBQuaxa+xNbzfYkbn/G9ryu7jL3gFPvLDgUXV7YJaPXLYTdGLibgdBJwYaYyGRdWDS9nTisiYNLjE23KubbzaOLXGRd+CZ+bPThRkwP6+RvmHucUhybeYIUFs5RdLHhUgFb8eqvyCpMxvZPSqzg7XxrQe5vpzz88MOUWBM/9thjhCeeeMLyveUtbxHqzW9+szj9OmuWQhEsujhg0WfnWFNd0hBWF2aGdYkQRMCC0/c3lyTG/XSxT+h5YU0sJptzt7hSXJ7VrdLtG3e9unVptD+xCPaw4HwFIctTV5sfMyj/Mo9p5KkLm9RKfUP+evsrPcrFi4yVFFdqBqbAADRxUxOzk5tGNM2WSSnEEQTTYF307rF1zTUNuYoiog5G1oYb4ZH9LypYIXqrRbZ+emmk+/rXv764QGBMaZmZYanEJlMe9My4E1jqIlgDQ0taWgqEZ7XkQwbprdti3xct0rqe739Y4oRZsAENYwwZZDnITNgWuGto2MI3Vo4djzAnTdfO6PLf+V1eIGEzsjbNwnTIZk1J1tsG0szeWMB9tuCMRaYRPxuJseeoMiKrIVZkgsIKa0WS6Q26arerNwVsUpCAE1Yh9tDxjKvXiNxjQcbevSPPOFSQHPM1Yi6rOnv0ULOAMhRctmZXlaoP5GsI91RXs5c8N6b3uZjGWx12Wbs3XbLd46BJr9l93YuOlz9dmJIjLwF7HRQwe8N1XRJMh2xqvMqBwGwNsEGZCyXLRhFQs7dd8Q0X0zd0aXi08MXkXkZ78MiEnGAW5GZRSqFSAyG90aGU+LrQRcOC0EA2rRTkRaiLI2ZcSiJIUgSZm8h6v/761+kxJQ0DXT3GeoS0XS2r1bR2VtNSYltRs2PendXB7+bBNjC4E6y+W4LSdWEPxLra6tzb0uJDe9IOSabHzkUjtosIeIRODUvRmNFMeiJzYYA1YfKPZYVlyLLrq8Tat0EyclCBZNHklgFudOALBAk0HK8K2Forsp1je6swWbUJPnVskr5k+hDy8UrzpS99icEXv/hFnz1kIH/+858nfOpTn/L98/GPf9x3Eeb7J3/yJwLqElCTu2gW1LgEa9putPRWtl1Kjw0HfIUyuqG5i2Pofu2GJndNoTgyFpweyJSC2CcdFsFxctumS2N43a37Q8j+zEwQ7u1SO1a5NIFMycYQwhqObHZxKVFiU6MhNHdJ9ssryr8PRbPDDDADU2BAUARKOXBv54vfZK0LG45iCqUm+Nlnn6XBbJTLpNajS9JVWR2F5gncjE34wv4XFZ5++mk+n/70p3H/4sQzzzzDpgVmCUIbRlcDYNFwk5EcyyapF1iag6bRsWmIIHXMUcCM2YAgJk8vT4L6spc5e+VWYjJlpQeFAIIuSovBoAWOKa0iZchLTL1GYW90sqGxQfUKyLLltz+G7QnR6JkRpMdSELm1TgposqasDliV6E2QZVNuXoSd9YI4xhJf8Hae7WiIGYuNlHjJWQGNUhmFsrRkS4PVXNhSgsm/5NdVvWGIEWwJIAzocymCcQtSr2ehq8Sd0vUEhC5Bl45e0QrOJTb0YMW9vv53GltfhVL5ZEqWxhLcneW+c3F74XPlvXH/dvJe27GL27uda9E9yEYzYzbYK0iO+E1vehMbTPn444/z6ne8uevpReiK7B7EpuNaNC9dbkmRBREcaFICS9coRxr2Qmn2uunVE4z+6KOPeiXqN/N5KxWqN6QypxS5HEo+wb3M0hBkKRlCMqDIKqzOPXUkYFzgZQrcXfG4xDBH7sAxnK8+mA2BF6E0pK1KMpetIisauaKRTY3eED0ajWJ0owhruWeVsXUkdADnsGjaqJ2CzoujR3ZkOiB2uI3NQFfHxJbgZcPsvXPvGCa3W+xVo7Sjuou5wDoG1x8pMcCMO2sgCEi7jV1ZCDCHgjEDORDkUzJCcdfbWoR82/+6itwQjHfuFzR0XiqpgAqu8gpLwHaImgPh/LZpG1sL26Z/kOCtb32rNcLw5JNPvvOd76R/3/vex+ZXf/VXeb3//e8X4d3vfrdofQHbigKKIKDdRcBWs6W3oCxbX5yZCO0EwQnveMc7BMGiGZSNyGIWWRC+QObboRDK/rRhbLNeSuy6ylUdQAHTtxvlozLc29LYcYhBKAa4TWusMseydXZKBldDAlYWNm9729uwzCWpbvI3NUwpYfZk4C4Om6ohsvkakYGKCUipGmD6KoP7JxOKL6bZreNqGuJWX0HloRu7zrAMNK2cXiuHWy16Y/j2FVEssJyG4dK/qGAY0SyDPOhp2HBn1hBNvq2DTQabTBqjtxu4g1BKCWZoegotYcvQmqk4toTmomugSTlmY+xG0NUNFRizFJmN0asmS+NizQKy7M7qTXZYNPr2gYkIYoVE4y6OWZsvQa3MBRtCEUxBBRhzMYSmsYJkoOmIXObMNCuCCOK3D0QWX2QVJlsa/J73vAe//e1vp1dSXixlaKDi4yZeNUwk1uz6Jg/rYlwd5KkphwrI2C5yp7hQ5k4h7Pvq8h9oDSdOs5hxBdmzXC/+ZSVJgpoYwlzM17zkTNDL3kBuN3eca9RF7I72BuMuxi5o7Pp2Wbum5y2NBthoepDr8rqDex307sjeO2WvjGJ6Q2LGxRBuVZeyO9HFil3WNOLoEpnADHsMCFhW7MnMGLAXnOBlS2RsaKN4ke1bZN7Aejdiw1cCYvYWxRcIbHR5GrnldUlmPTT2K6b7WrXP+isRlCdjifUGKRT7ZsGgi54jJFNiBoSebdyNKzGp9lkjYaUj92+fKSAbb3iGk7kRe5qKYLHaSO0TbKGxFcdtA4trV1j3OSxW36KTnf3zZmCg18bgIkJ7yV4F0bANRoP1zmbLuFFsLSAAZQlgvrENNqHApW8K0AMAUjIjiEAQma+wZI7m27ZnhvnWFFZX6ZU2+46AJjDQ1Vq0TL1zKCxhvm3Uv51DaRdZFKug/n0U+Xi1Lj6NLJBPWwL+2Mc+Rv/7v//7n/3sZ3/v935P1+/+7u+K8JGPfARTCtgo7Xw7jSAHJ0ICRrQBGNCzb8e2+p/73Od8gH3iE58wulHk80d/9EeiffKTnxRBL+Zu7wnOvZ0sGsHuorFVyPYbZfu5q2MY1ivJ9Wcw7G1dQVh2PClBr+2tV8JCGZeNTDRli+WmSri6yZ8epNc/adC/Wmg6fPsZgPxtb+XCLNkwwCqAJV98oYxoaWhE7kSAUIpffTQ//vGPG0uhbImf9/85WoLa2aLY2fTmYLbcKHl6lH70ox/9wAc+8Md//MeetfQ2nNIrGUt7RVNydpJ0PWWxcjP723/7bzPzQlGvtGx6W1C5sUQ9fhgwNltsr3hsyNhepHfSZOhScDJFkBv2EmAfqGy7wXy8U6iC+IrSAaDXpNSlKIyZKRMNWfUdb8W1rpbN+hlCNCdcabwxlIxZ/M2/+Tc5eglgLKCwnRmhTFwoy6/LNrJCJmVGXjVk7jSSpS2yPeHRK6ZJ2ZoKaGv+1m/9lsX24qnmnjGCOMkCKouU2ppYfJlgpTOizA3N2LpYMjaKr1eVZC6CBfJc//CHP6xKjpby0lsdRbCVWVpcKQlC7m7FRtTEUlUNSjubLLgbxLhWTRos7RaW8mRg9W0SNRSzi6a7wxQwCGis9pI9JqxxhSULQlYQLqLJ3HRkbn0VWWXsHLJiVgS+cuhOJJiXq9m+8lZhv6mzqnoL6aXN4pKl4TozBK+6sJ3MsTfI9773vVbWRIxrTS2ZhDXV1kw5lp4ucbpnezMQx1YR35QpzZEvsMeGS2YmlHGNJY5VUCUTEURAg3or0mUWomliTSzDbNgLpcLiOAsiiNmkjGsgBnqVepZAFz17VRKEO7Z1pV31pM2Sy3pKX++4msUBQ4DheElJPQ0HfK2F9Ag2rVdwvUo6D0jpcWksZQExy5BsCDsB22MEoWwG66u29pURhbXNzMLSe/pivZ1cO99GaseCGRUfhMJtNl2Gaxu3bXjZqGDuDZ0leUoHhoaqZ6bqposLAabgbFSPPXdxDA0s5ayLQWBvOlgEzY4GA5wlFiRlxopmCG8byq62KmlLK4IpKLi5GMWaclRz11o7n5n7itznphXRZSFYiszL2ikvG5XU9aEPfchOc+1gSi7yt3zVzdAqY8M4X4K0M43SWbMDlZGL3SWmnNVZAsayB4zF5oMf/KDIrk37gVIc0xS2QhEUTXxZkY2rtoS1t67/1lxVEhxUBsTXa1CLLhNDj4teTQbS1pStignbz8BkjqUh85Kx+qonVaOwF9N0pMTencDXnYAVk3H1lz9L8Q1kdJkbpfz1eiSZqRmZu8jqo+kOEV9WRqenFF8CP/dzz6yHrnAceIrCQmiyXSUbISxDGej18YRd5Vg2DSCJrmY7RjRzs66UDETrU92ofW/pVVOFkxCmtDwtJzM54a4hzF5AudkNVktWcmPQbmhrskk2ljz1ytwy2OUWbJZWQJwLs0qGJcCmE0gwigxlTm87itZuaxRK3OkyhMUzZVWyaXSRzYIBFoQjL1uHgcNpDWRoOpQVU5WMaPoM2GPDSW/OOS/NunjhXCxeKQkiE+sqrGS4m3XbHf/mb/6mc+u5JR8XFi9mgtht1lR8U5atUDKXm/2kaVHY6FXtmEZJpUQ2zVIiYwaM7R82nRD5MI5bgk6L3MTnYqyC0PA1R702g3rKwaTo1V9W7g6W9g/Zkpm4zMWUvPUCD2ZdntOuElezObqayT255w1JDoYgSMD7ljp4N9L0HvnUU0959VFGb3jK7tXH6MpiG2gaTlXbe/a5EbvHe83qOeEBIHkuNGzGDNNYdM8P9tKTg9HVTf7MlML7rwjeh8xxXgext0bsCaQm4qukBDStTu9bYr7spy+T2A9/Yb0YqSEbi1vlrZQhgKUczNQjh4usaNibgoQZsJc8l1gTxBHQ9JkZVwKCSEkyuIeHGRncG6QN4N3IUVVSyvJXGWPxsvTlBsU3UE2j0IA1Uhn7QWUMahT5Qzu8LWGfdLVRimkL5SWZDguQh3VhNqLJkMALAz0l2BVkCTR3kJVoEjZraOlVyWJxx7MZoBKZBfdAzr39g+0B7mSsWS/WTAaDaoLg7Huf6OPJlrB2PgNsFbIIermolbdn1eh9lIGC20t2iL3kyFsRYZ0CaZuXdRHNbleWf/2v/7V7yVdv305k3wb2lVDyNLT4BGdHqdtsnSzxbSHxJeM7RDKaAiqj0a2RE2RQka3UH/zBH7zrXe8yoovaV4f18rXQxAVXK6kWX2I2la1Co8K2TaUD1WiTVBldtq6drIlpCALuKq6cO3pYSoZzdchcAU0Qy9yjFNtR5iK+SdkADqDJytyk3AO2tMvTV9+v//qvK6O7grtNpf6dXEsgJZmrKkdNY2FL1jH3iHEWWJqasObuUJi7augy9JqU/8teBmaujgTzB7UQDltULBClzHALYOGxpdVreHnkYoaGkQEDA7dm3Yxs9DLjCLw0uTAu6TaQsfSaLS8aXQICd5jZ6sX0Ril+oxccDETJmAHHcSG32E1WQGbs+TIgtN1tl0mJS8YYrLpyCYWFstK8bIumjFmauHywJjYpE8FCVczu2VLijg2HRQCCcbH86SujmnDkLnmJ8aUXB+si2Pr4Yx/7mEF/7/d+j+wY6LXkZHtuKimCyNWnBNoAZmHuJohLybjy0SSUjHHJ4nSbVwontn3vAHRykiltMAMRuDcK+4qJQfCSERNLFZsRNhEjsuHCV1g72Ll1tBwDV6rHpJ3tDJOdKOxWcpYosaarpybZk1vT6dJ0PWn2PeEh7ZTSu9+F7Y42hANmLJzcnS6O60aE7nFylzhLxwxYOlYJesG9JrIkDeHsGc7dZGiDurB69RGWUKrCNopmo0iJRhAaGRpLMkAwlkMO667aZVciSl4S4xgzFrAnjV42GfcYxmSCJes6AzaMDSGCcY2uVq5dl6mJeAXEXumU3aRkZTqSV39Dsy89dagaDYprkqHRO1D2gxUHOwR3M3RybVcGmnZROwrkX54gbWwKWFesydgQcUjfFu3KDmVlvpYSTBlUrDICZTOqgHkVCpcMTfMCNsMnaAY1jSssGM4otqXqtbFVu51DiVWYXtnVvI+HPiTaRXYUeytCaXW8vHqseiUie4X1COkbzrumCB7YjHOxoIKLDOJgMWmsqS5sx3ZYJIApjSK+yMUXmd4Ty9Ce6EbpRyB9IRhCQBvYvMxRwHY7pldbGrUl2J+VQh3I1Ry3Cuw1Y7AQSgcsGRRNKLOTrZpgecYqVv5SkpheqZqIqbHXJU/lMvd+bOBVmN4c2TAmmwW0EEZh6VixxPQ0lbHIaiIad1+SNFgEY1nutXtkb3U7VAQMhcYCYW4tqi4yjRA0hiSbD+TCoAxMTDTVJ9O0ikUOktYUQZdoJU2WsV6j6OK+Jrr/rgJ7uJltLDJHegFlxT2mxNLQZUmYYalyYdBkBWSmWTIEmZOlUTJFZkbJBQQBQRSN3nqLieVJaS4sZW44LJp5iaMXs9RkkHFz0RSwyJiGYNwMDCEmfcmUHnehcBATWyDc16GXTdOZr2oyd9FATUSoArill7/gjgQl2aD0ZJBGyeTCndyUm36XBXRggpMAutpgzgx3zSaLCxvEFEqSZBMkOxtsyDQcGfMyhJPmanPBeT/wpO8idkeTMdkdjd3RvQcAQZPg7YGXR7imBzxLLxC9RnTXM+gBwKWbtNscd8PS1CWa69sl3rXbDd41yh53CzNm43FiLEMY2vPDg8RYDdpLT/kTGBtdZM3iY3jh8Rf+xa/+iy/8L77wX7/9v37hn7zw6Zd/+i/e9xf/1RP/1XP/8XP/7F3/7DP/8DNfeuRLFVy1XUMSaGjT4S5yOTed7nqVzF5Vce4tnC5gw9hExBFNKHHMxUuSovVQxIpmOgo7D0VjwQxUPhUHKxTU23B2BVhfq2yrWPE2W2wf2h6Ynpn9Zi8R9o5bVzMkdGvrEjYDXoS4jcrGZJvv2qb7IYr37X350IeWvomENNLW26SgCEGcItR1oq5wylBZxMTFV2RLpqoq2Y6lUXxyGwnbJKrdKzIz9aexr9rMmuvl+itf8aLvnZum130vsrq8fNtv8znBxbYUXGQsToMaRWTbldwqC2g4MXn1LeH92DcY2XehXsy+bzO94rMXUGRBbCEB7aWa5S9s+xPr6ii16+I01X9WIVY0NkBfcFUCgwrbyZIVVgHTMQspYenplapqmItmh9FEmPWiz5GGXjRmZKAXrcrElIbGptmXAwZVUpzqbwhsFENb7nWuZF8tuE3eIKgBmGL50fApNI3oNJLAmkBozSab+KxvC8ByjHXhzFpg8XVJlJLGnIEsbHHO+LpoyAJWEb4M4pTFZ0xWoNzvJoOLY8rY0AziXAjYcC0wKJpmJ4TcKLljXliGGPSKxhI3FuMia2LxJzLIjYa7XtXQtIrsLSTfjpYV0aVitgjBQSI7Woboj5o7BvS+2skcuRAkoxQiS4ZsFGwiFbOKYeMyqETGxcw0BSGLkwtjSglXCnAGbCpwNjQxG0pBVElMlpiy+FD8Jis+g1gaIrPkKJQD5m7qluz2dJ9il+ncucBg0NXWtciyi5jgic6+lwbc1dxdnJejcYP0DIQSB4/luqevT+WmLOFuBL0seRnCU8RYHh6410FpGFcOAoKAjFfG9+OlL7z07U+//ZX/6pXve/59v/wvfvmRP3/kJV94yQde+ADNU8899fAfPvyqb7+qspeDZMRpXDGxIATJlFULJElbDisybgWxIDSYspjNoipJXua9DuJeEHVRYjCRqeRAAiKUxplMFYPZ/PYAtjewvSGHuMRYllITMdMEaOJ6ycyK3CzGEeiBTb4YeiFomnKrdIGcUtrAEoogrICNkkx/w8xizRlxxoUCEkpA6Qxncypjm1xJ7RCVV2psF2E1p7R/sDdgmlbEC7et5f0VvIJ77yf0ut8Hq9dZvr36M+bSy7SwRcZitpq6im9o8TkWHwuL+7roi9bLPcv+KyFNZuIYQpC9wS/vRoT2CW6ylVqRb0DJgCWuMm2tjFsRsghCSRLkXB1MRAVoSqP8MQN5ggw11QFz6dvGjJh53WdGbhZsgH4Xaf0ns+rDy9C61I2lJgbjihALjtkQrO/a92VsJupC4AxkoQmGaRpkWeJk0bGB8Z7p5Q/E5jjZ4MmvgFmOUBwJtbRkzN48DU02XNBkJkgzzCW5JKuIgIQ4Y13cc5EGPUcG9AbCIxRHybAEsDLhRmmyzQLoxaHExeRIL2c22BA0hiaDIJh98enLf4LwwlB8zcwwR2yXU0pM5PYKPQNIsMaULfBj+4+Cz1c15kJDwOJUAbKxcJVpsUpmcoCaGYvAADMWBGtaa1in6vrxAXNOGNALoila8TFZQCi+aLj4qoRLiVLwQjlpNq1Lqousu9V9N1cbdIsFxo5lLrpcbZm50Akuer4xdC2O4w3qKghLcmdeSs1ahgSpJssWGLBsXLd/jxbsEaJJnnHhMtL9X0uaP/+9n3/lt17pQfua777m55/9+Zf++KX/3rf/vYd+8NAvffmXHv7Th1/xzVe87KcvW6XfqEpiStWgwk58megCGbKUqvIOK7i0VVsXTQYr4vW/1heqZ0xvQlizYmripkOoUBgmGcweM14d18VqypObKchkylhJpYGBTXMclwFNXcwIubQu404PBGaE7Xe5vqEqQelBsxg97CW6l3ABoeBFHhkbenjGbThyTINBfGNBowCNBKrqQJ0pq3mvI9bCvvKCQlhvsvsLxGsrns8Jlth69TrLpg0pjnUJZNHambxovBMzK4g3Y00sDvaWj/su7EvRV50RvZRLw3AFxKIFoTSLj9tRzc6sV8V3tQe75PdBTepqXxXWKKJVAePKRNM0acpfVvR6q4+5QM0xxqaTzBhnTA5GAcMJGEubjSmIxrGwHBUk5j5xZL7ur1JvzligClRoUTQ5kA2ZBhuMng0e5DKOomFhyyw9MzxCqZ9mRW5cLoEM2+/yxorFH/lkGDNCZk3NClGSh4MunIvh4nGB1rgDgAO5LpaERsm9eZU5Bs0zpSJrYs0JUhMYgJrzqv7WjGxFRaMxBFYoNgkMcDvMYmOLPfpcCJAgTtuILJNYl7FKGE/+BAa4bVBKNJiSI5R5U5i5mJouMjNNXGRKQtDEZ5dRsGQyW3GvT0SXlOK7nghzVa0L7Pg8ZcY4+xHqyvLmHizOTYQbIWQTT/DSk6dsmyYhpYkXgYuBoGfAPAkMrauAxZywIfcb5JLBrvSCQYFA2YwMN3wO1BC5TLb5mkVMczIlL+6iCXU+lSc+hka5m3aa0RMKu5K+bgbVazPENgCbtoSuLLlQDopAYI+Z0bQKZygaXARduDjVYdXxfkhvUDOzXLBmASfsNPViBprxuAA5HqQHsspUwKoUKq86h2TK9k8vJVbEpvLmpOnNiQDnO673aV0xfcYYdtR7ELPIurDIlBlj7rghem/uTb3XZR8AmKY3uaKd02mHrI1y/545OZwyWII4FI1GEDCQ9KTduLLSNHEyppTqsF4MUq05xtUnlzibwEyvURqLbFx6MjNNDEbhG099NNf0J+k1740mAHdLj5sYpsdhWW8kD4s2fNMLRSjypI4lp1lRsGYcmhUv3DzJU4vkcBqbLa6yePTMyEDQTJkBF9wypIl37BUcCJkVf1zSM8C8cIIuygxm609kXYIEU4vpMfsqE6eJGUCCLiwmX6Pg4utdQa+3fBAKRrBM5LuLdYJBCzdMiYEj2EsnDzK467ijLlBiGWIJ46acBhhDYfdZu/fYOJkyGfbBvFyXJ9KcxsljWfwT6eGUQbMJBukFcl3L+erSQG7egSbcZJjLDS59G9ljqHcPfosxG4YxLklcbc8Kx4FNLrg4UObzONFMPh822eCE0zizHorJ9RKAAEaJwbjk4ZTLaBvkkhIyI4ySZnBqbrogzYQN5wQnz5hZxjEUBCpXIA+q5EBvXjcoSAIey8F0NXTJTJKaCkuAWRSsyWA0I6cnwAgpW6befXvnxl5isNdifL7u+5Rk6aWfAT1j4DgwHFCKWdcksGZ1hXmFU4Yp2gk28gwr7x0Ni0wT09SbnE1gEFOWWC5nkpDvoHGB/mRd2QsyqKkX5H956IabMwbNKjncNB+Iu15hgsOM9UCc7pmdxvXe1T8QDEJySrirTANy0/QYIPQAwJrYMyDWhLmnIN9CwSmHXZXbsmR2Y5xZbC233wXpw9iM+42ARxgO4x5Swva4NR45y1xukAFc2i+CDIYHe9j7xt3mC9NMOA1w9cEjB/Kgc0LoVCRjZskn8sUNkXAi5VjCDnkvPk65OxdOGTT54pCmrjPyxD9BCdKYcoVJbNC2bH/aw7EmDrN1gyAP3MxCXcY+EoMxAE2c5oYTgE2+1cdNZNZTsROrKBuM4yKcMUsyPRQ548kQknE4lbxqJhTkxcDgFG74xMrmGhmSh+FMG2pOLzS7cxXSWJ1QV8Yw8hiP5gYroY2R09/gZxiMMgGSG7Tcel3u5oQ1k32jrvJtWKaEIoQV/YryL+YJZrzsHGyf4LuhigAG5VICsRub0L1d7w1S1pvLKvf1yCRDZsOX8Q6sWNcp3DW+1KLUZ7snxJ2NOSGZjQs+MY66ztKM/oZ1nWVamd7BXX0TCDnCGQemOTbZQ00gV4VTCfmWW0lichrIDHa8exmOMiHUxMYq84QWbxjurmsRjFgaZzGVlxBG7n2qdysvm+R4XipxKMK/lVfQA5RYnNNASkEzoSrB5H9Tk0Cf/SCXhOFAPsFMTKhQgbwDPwC6oPPmnQnP1bDeno5PcGa4aGHkU58l3B239MoTyGwCS44ttOEIDUrYwe4tOow75A7JuK6K87NXIeQC9Y4Z39YR3yx9vZnl2+jlWcKBvvg4+4k/KAJkHNJnUA7QNptkyDYweT5EKGPNAYOYXrR4NNtkQXOPtiCBUhrc1QTGMRR5ToGYJ4dzlBxnsoPpisONhpBj8g10zZYYtCLtsTYY7juhB+HJ5zYOooXLGFekwWOTfdAcs+auCPimDhmcxjeYaPBiBmU7HE4ZxgDyyn1wdsEYb+8HO6aEDIZBJePzXN+AEsRZp4XU1dMPIcmE4X7y2U8sycMZZxNOpWjMRO5nof3gNOPTRRc9M1y6Usfk9GQMNLAnuGC2mriuzE7jES4O1wKtOd9f0915eeyFhi7zmbJsseRDyTMuVDGHodExmYC34QWGbtvBjTzIcge71MSgAja0HCRGDqVUnv1I+Vf2H2Trv6z0A+3yp+QoAiEuJtaLm3428QinC0FKN1O7pH7MCGrii9FG8+IuVEhOWW/IfmJ2gOe+c/ftW25dc5BBluNCqLeLsheR/sv0X1z/6IBo3elZNkq+oVBQV2ZQM5tSlT8u8/TZC25Eo/zw+tu+sARSMpBD0Roo3+SUZ1dDVLeWLHnQ6DhLoByXtagbrWwbY445TdyKc+EojgSaCGGeMTdZFR9zzBdyX/O5PnsqXZoyzBJms5E7hhLDtnFJUt4cRhgXLIGR6dmISS4yrGGum63R8Q1GSUiugILgiT+R41D8ULVzIZSz/E3EjJoOnI4zVvUBmot0xalJVk+wLtCuttNsM/yn+8/4/OD6R8H13vz413IMikOwTOdax1zsWDIO2ZQJlPmZ/N4dl4MTzma9kLG5QBGS0zPIvmyHJzEcSgmvyezpFB8mzngxIygLAZP7WbppZjNBiiPCmVVdmVUZQQiCDDSLD1xWXThYD9qWhzw/rNe8WS1Mj3PBO+x9fyAzA44G60/9nH/2p+AEmnKdybRa8czqxBjAzJxvQdQIyIMiB5aaO8ylajdIj5mB9ESTrUo12WZnUjCZ3/jiGYuAyemh/B0q7IBpdnS7FGIa6PgxK4gcJNM5mZLKigYkZmnw9/ZvWPzO9e9f6cIsv73/Ko5enP0sFhaT0hB6k+lx8THkwqCuHLkQlAJ27dfZCxWhiWMTgZtVy1IZ890rtkqK9aapzjHoLbIg6iNghaqYVQzWwHuILPG+adev2XO79YfMH374YVdef5fgFfuPiPeCUvFDkYd1xZpjWWSDGsiIUJ64ZjlIj1m3rYEM97L9R+X749+URS7Oyv5+UBYEMhDZKG0MS2PhrIVmULFqFZdSJa2XfS5AaH3tIvz9/Vcnsa62B/AVoRykituuMCkxuIkPO511/ZVJc8HNlBLYs2FcPvZbQ+PunO/uP4Panwq0je3ANjwB7x16+c+N4tDEHBlwjPXSlFKlqD6SGfnFMKXDxe8USENY5wKXiYHoGQCvtm7VIxNKgE0pQTKlrkqRMcc9+INRr7SDWazNsU8EtKnaYPb5q/Zfpmi3v27/hoD+DkXvMYw5tiJwibjREFh80MssNFxyxlXJXCRvLk0fg94i/P+LHGMDSaAt12FsE3YSB3U5bsz2hC4HaqW4QaYs+TYzr3Eh0Neb+w3SZ9BYvTOpJ6HTrdoOeFxTF8HQ63qSdx0v37/8IVNwE+FW69X7dzhYMwvZak0sel6EfCm7wrBhMJc04jPOkkDDwOimKuPmUDmaElSRwVk4TWYZmHk32ir5FVUwszNyQfAgA2CM+QorPRHMSJKKQDB9UzCXCmVexmVfBJzcmpVYrLlHvgy9Tsz1xy8dLceswxYnQOeqyHB3gTHIpHyqfwvU3y/CuuSPq3/2alX+MWUx49G3QIRqq9liVVspyQ32hBYkbF4yHzaXJkiec0gDexkvByCIMPUBXTWz5yhCVxWe+9Sd1T1IYAO5jy/upuuK7C9OPL9/fdgL+2/907g3+2MggmQMk7+YOLne0wwarmWqMtiMKk5xytYo3orwN/fv4igZo2fA0hBnEcjTrHdVfG8JQ7QulpVgdaxUq9MmlEBp0Gimz4AlcLHQ0Jbub6PNzsHtf+AoTkVo4ipJAFnJRy8bYCyymDm2f6pJc2mBRGgupScrZs2CL6FJlYDEbMvS88xwBsk4dKXwwlyGOeriGJ+bvyLMMpUekBNOZABcsAhTc+lpdu4mvnFXca+vaDFfZmzkL/lHH330jW9845vf/ObH979yo9qStApVzCi8jKtQs/pQAaXEQA5VW2Rhy009lVdtbSq7y2uKDWa/9Usevrx/8V87/+v738GEHvm82l3BWAmzWHqttSbj9gAQyqoJVhkTMYVmURC+gzRrMteprd28wb6p3UAdMigZUyNgCbQJpTQwHUqJEQzHFwQRuZIShBJHEOAiQnXoDS92VOkJmZVnm8FMQTTNZsSsmovGXTSvhqDOvSMSdElsBfF/Dauiw/KwsDYWhkaTYG1wdxMWrtVigHW1tJCvIc9fntCXFg29gBmXDX1ZylvGUrcG8lnb6rrPZnmCSUIV1GTGl9DyC4XJgVxFirajLhhC4YaBckW/XmoVWoYEM1IZs5B2v6+DBuulZ1D8E+VcqOTGgr2FLj8MtyljzU4phg4tve3LuCSrj4qZl0paPDXUxBWzlNRZs1+/8qX9T+70e2H6W3Qtpa62BXv1x6LRqx4ucnrMzDShxcqYbOLsVelcuJmm1YmhrdlcuoC6LIBGF8t8oWbYC7I2QCVtiNzXgb7+tW8nXLnIFbDgE4cQ2DNwQbP0jcurv8j/hv0vPtHoIuhda7CXg4ulKWdyTGNQQhzYtFLyBGWJ5S9t+tLu9vdK5BXWcA/t3+nmCvZ4cB2LI6b4hRqYNa5W00tZcSyHtWhdLFBNi1IOsxtrpmdgF7G0gi0xdPbtHHsAC4jtE9uGDTQdo1d/U55ayWot3v5XNKBzgXnhBuo4ZNYsKloZ7vO6Umos+WD50NjSgnhaSKZtTHYepadL2u15aTNrA0t+NjP7ZiEmoaz0Gq4ZVZ+TSxUS4krXnhefe5WRgLDdbJ2shqjIjLEIyWyk4RjK2Sye2//Yar/P1Yz0lnPlMqJklKstVOnIVQwExAZizAtn2dadnWZve6J7tNtpnvE0b9n/Oshj+5dag20JvFqX0KkBsph14U4B40bBGZighM29ysiHTFNKxeFehDO+Xmh25huaINQUJAPufJ0Xm7CXqjYhdnaCJm6XGitHxRFHxfAUSi80i6I5hmSlw2oiCKG0y7lsBZGbsOQMJCCOYoqjtuC9StljemXXBbzWQ1d0fcZzC7DOFDSZ9rsD3U0uiNbpkf3LGplhXVwwuLN6CbXMury+yX5+uwfH4ouMmZWiAkna9MyqabQYykETp4G1Atezsad/+VGDepm8UGYeNCtH7hOkIVpFXPUhm1Xd63+Blh6hb0ST7X7Ekp/MDVHMQBaqsUSQvGhNoVHK36qbgt2JnRlboVug8+bEJnRQcxFEzPaBoSWmtlYaA42UCFaBoOa4X6OI5dzvVWn5LQd7oZoCVi6+5oJFLn69zHCgbG+Rm10zNXF5mpQzJudA7t4xHbLLiIwpu5KaoK6qgYFGKEoaMPFh0MWx8wxuKFdYb0XuO10EvswYW9lduYuv4aAr0mXH90/+5E/cdJ///OddgjTuQYKLTxAZMjZQsxBQs9Fpyp8ZA9ClKXljVROVJChU6159TE22xjWQtzfsESIfF27PDEGqlWyFanMGTfHp9RJoxBTcKF06lthKkbFmO//ubkzPQG6tLBf7AZxNW91usYXetP9RxfaP02onMOMomgTMV54mrlYJZtcowhpINMExRzuqrIzOYK3H9T/ccMRNhCOw5ALGxR09V4cgnhlS6reZenLYz5LEekGS9MwIgpiCqZV5ez4WgQ2lfEpVSmU+DC0iDh1hxgRhsThqWPx5c3K+JEw2caN0Xnhh7g1Xr/tTzmbx9re//T3vec973/veJ5988m1vexu9CQprXiKIxtdwklElaN1BqlBXKbG3uFm2RjaV3dXetsf6NY32vL336U9/2vbzvHd2Oj7Q0dtnZaGVMmL7TRdB5E5BJzd7u0Iy0jBHBekawUDPBrIfR6FmiA6IzKEicyQkUwrCRg7AnW+HHbcJJe9Q24qhI2mUhrAfhLI6Fr0dZRXa/AYyhLDMeAneBeUwinBeVtBEyrwpl1JdjjZBSgTvHOBuUWr196Wq2d0Ca/n8n51uI1kVi9FvFgTvYky9iPF/Zv8rFph/v7TTQhar2yqBklm/u7LfWdjvKMFWt1tGZKzJ3cTMVoFM2GSaBqiCZiDTmCfsU7AOgMXQlLwJszFhERRIsQQEAuWUviDs8zpRLzMFLU4VNGvLaUbmohTdkpUSm4IKGtEQuYsfa96wUdo9eyuulwNT6LR0/m1TggNpi5DtDELbwnz5yk2ozoZ6GldWqoc1QT3J1o7g6xY7ZpL83Oc+J9svfOELFsgsKjt7c4w1RcOKFtPj9jEDgxIwpabClgZUfBNsXUxnME1TwG19E3SPzJVqpk3Z3MF86Rl014jQeWuNMFkQ5cpeBO7dtt1Qc9rbHrlX+cK6jtn0BtnvpnbfuTE9YFx2hMmHcfUnSCbu6mSgKU5pkKFRulCUSGVUqfrIPF+zc/iN4np1WUtDAl5qKeVjrDaGOMArmAL83C/93I9f+uO//rq/jv/NK//NT1/y07/8G3/5nb/2ne/+9e9+499846s/+ep3frROk5WyTHavodt4SgcdBEtWegRmIMm1e/Y/X2Gf9Ary9NNP2znYbrGj9Nrq7fOSNBETt45VwOx0Ga7jw94+sRt55TulqEq5CGKyMqSXEvDKxbgE+ZC7QGxjB9CWdh49OSil54YhgCTBiJJXBLIRnVNBcHpBoP1s4vJsRgoicywNDFLFeoGZxMxLYbEImhITRyaazpRade9Ju1l3TFoFLFqVYcPA/Snnz3zmMx//+Mf/cONTn/rUJz/5SUqTElxMQUQThK/02gOwd8TlD+8IqNd05CmTBtKrqtbIprLH7DRPdzvt3e9+t9eUp556igbbhP2GdrAQYGUtigUKlimmjKH9b7czJuciE/lIQCYmWOWxhTB9QRxkxlJycICgyZFeb5MqiIlUsV37e2/PDOTA0tAcHRZCz1Gy5Du2QFN6zFalfu7nWjKbRz5tA0m2DVogYduTsuqCElOSDjhN+pmy6Uu7yNWHASVHLt1IVdWbk6ONfalqdsyB4zrbouszkvVwC5CtlncxdtbGUlG+Zf8Ld/1con+xgRlmqRdDt4l7zRozO7+0aHLRy0woApturuZjMrOrTAaaFSUovYVRo85De5FlNiK01cTBoRplUJyCw8gEBoa2SMBLqMo978vWUinlCaoPeltXvoUqfmMNQxtrRpe/5FvsDokN4fB0XXZcyUCg6Wqw83JvyZtX+6BkQG6yVWrZytlG7NdAWkSroOZkBc+sCBVNBBOhwTSybZRmN/ljSNl0Og+dkDJ3ocicDITOoQf5nEO3CaX73YXSGx49dgwwy06FXsaCmL77UfxgLDUxUPFdT1zcsJrcdUmgy05udktI1iuU+Gy8gnD8xCc+YfTe/b316xKKvuDsoREN3fWnaeFoNKUhYDJUjXaFJSCo9tor+3ksAUEYG91A7mjskjVxg5qyaO2N4kArDjW//87vf/iDH/7aP/naP3/PP//B/+oHn3nFZ376gZ/+N+/4b779v/z2//Cr/8OX/5Mvf/2Jr7dLZ33zxUJZR6tGKZl6JcZSqrYHdNj7t1CwLeRS7oA7DsxEEM2UZ6Elj62UtEVjwFJMB0fAGGxFyvYMS2UUwcqaNZaelEqGZS75Gtp+dv+oZP8kzjvf+U559vzwmegiIoBrB2Tr1uJIlglOTi8IKJFRVKmVklVcfdrtNASsSqBcjHPhLlU3niBuM/G7Uo0ydxpldWDJvYEImLtKmpd8FPl973vf3/pbf+s3f/M3f+3Xfu23f/u3Nf/+3//7Zkr2pHz/+99f8sWpgHsvrDWFNAYS2bjlSWkL2ai2sY3tlNnb3k481D3s//iP/5gG6/KCZQXBclhEa2EHzsExysn0kAGmaVMZUQKGNmtTAxo11GuhoaPUmYJOjfR0FZm9OBwFUTd1VqWpnlBNNvsOo5wJZe6uELarpsPIQFgu1kiQ/jna3/iN33jiiSdU27b5wAc+oMjeue3wfupuRHXjpQgm2P4UVqq2usjiazaL8jcKAdNoYkMzyNg14nZytNXZMXc7WQKpylli9750mTKiJXPoDsqa0oLx6V+7o8HMMEu92TeM8ayrLjesVAwpchougnTJEmgMrVJmCMpq2qC4Zq651vl6B8mzZYZOhTJRMgbutoJpE9YVuL93uyIzAEFEKA4e6DIKS+AlQnWUp2a3uSlgBRWZUPAGLbIIe5CFcl6pH0oDGdcOg/YTNovkLqaug/Yuoa5mukpw/enKzWRlAm04eUpSeXH1d7/bCmZBbhYlb7sMixYXnxJryr9VkP+ezeXUaUqmM286lmNOyyQPBFPQ5Ti5j8jd4N2AvYHRdFthSteZIATVEEFk8deS79uwognLRhzGLuViisCevqunog3kyVGXK4xNryNve9vbDOo9UhyvhtjxE1BXCwFCycS4fMWM6UVrySSDQaoGUh8VU+FOo3oSlIuXUIzFN6icJdyVatCqJ0JB2p+t+N6ha+e88mOv/Hv/3d975P/6yD/+g3/8yv/zK9/7zff++//y3/9P//g/ffj/8vA/+v/+o7f839/y2Oce60azDQwqE16DVo2eUFbMGNsntgfYJ87vM888g13HjqfLurtDWGbmJY4KVH/Tt0wVSn3aPyyF7cVFhCLzNZBxTccElUIELoKoiZgSayezVDQQARuaey9qfXz73nXD+N51q/SP2wADF8tcRxzdRULhZO72P55kKpEZGTquPu12EwEGsgJTwxwJIvAVTdOImupmpo0ORuxOY9wQw2Lq1SUl9orstc9n7oc//OE/+qM/+t3f/V3Pxd/5nd8x03/1r/7Vl/Y/x8lM2tVWegq4F/O+tzHT0WvosmXmpFimDoizZm97U/Gwse09aWiwXechZAXBcrTVrQ7ffWLWJgzJ6TNol0qgWimIDOVp4grSxHXl62h0ZkFKbRiaudmamrLwav9gQUBX2wYYG1o0jk6NIFhMB0rMTpBeE2dQcYrWf0X6yEc+4rH10Y9+VNm9c2B7yeOspxtL9hJWBKMISMDytEtFbsMbBRpFEfRimqqt2ZuHlFS1Y67Oit9hTy+3VTt2LLh1i7EwH6zJyOWI+fRah2kkwQWz5JJ9IzHgqMuQIncnpmGjlxkXAn0LIHUw27XIe6mgZQ6U8gRrAJ0NS0WTgUKLIJRiKUGYbRQKfgO+uqzoTuHypStt7vKs6OQWG1g2VpugsKVRtAKS600DbChlDm2mdlun0cmxyboOcIIjNDPlC4YWszTkScChudsZUlVbbL2VV80xDW5ezMq/OMlYZCzV0j7Z0HiaQCMr6GzMaXF4gil0wblodLmYcDe4S8cd4ULpTtdFwM5tB0AvY0FEFr+iqYNaVSU2gnMRvDcMvlwIisaMfekFJ4qjLpH5uig59t9KegPt6hRqLs21Btc/GClgMVs4oTTp68XQKJVUqQntHKBRLo7MRDZEN1TJaArYKrdJpvJntQWH6pCczaw7IdnQOWYciwyFkg9Ya5Zc7AoJO7k2vAsC91LiyDuhdk5hm4JUFVnOWP5YBZSlTSUUY6ebYywxwRXB0BKogK2suSujiYjMnU1blItBCW4VcheIz1kBfZfI09PCk+MNb3gDdhdhyrlhOGra/2TumLtQGAwhQ2O17auhBAjJeOoTVAl3MwiIlUjTKJq9qDU6VMyM2wx4YjY0MxOUtul48/Mphn2E+fz60Ic+5Bv37/ydv2O+PnzZdH45yqFUW8r2AKHlNiIDQ9BY8ZbJ9vZ+YG87cR4wTlz/ldDrlN3uZcUzEtrq7XCrs0/M2swhGTfoGvu6Sw1tmk1qCisHQViuM3P9NxiwRY/bMMZqLlyEqrC4UGQQaqZcbnzF7H5wiKRtK2JhO+ATWc2thWh2i9VXZFtFSTWfeuop37jeQrxwW4LefRu6Qfka0XBCGUhk8cGONYVdrVWuJkKPaTrdVZ6l9BS5K07ClqBqi7yic9bHFJsDC318NAkWCfNkwBN3zXVlMOsSAWZcKGNmUsnY8DRcMmbZuWVQ6uZgkmB1NQlVMKRv4UFNWwkYFwXistb5+oqaUu/aO9dv5bxAZWsyEIQlKBl3teMuT02p4mpaTAYZ8wqCx5RFixOg0aED3NIS5NBRSY9h77fLiT2TLL6YFaTZ4SC3MpetUuPZmpgGt1cmfxAnBkNgo9ygzJNnLrgj4aRJ1XVGsHExtH2bBTa1DlVvA92AbhNNsjsLXGSUBEduDoD4FQHI4tA7SyzZ8HV/dfcRdPE1IjPGlW5ACQyYdWk6hOK406WBDS0lcSgNwYAllxZCQCBAV6pQhNiUWeraRbr8lRhLkNDo4rAseSNiaZQ5d70NwViEKrwLv0BZ78wuM7CaRjn3pwVtmUoJ2BcnfTaYr13hGNo2Tqit3qdVLyW+KTutbMzF3jCoBGRr1tgUzKj6GFrMth8vQgecwF2voSUgE+uisFz4ylCTvmT4tks5EkQgu0wEkZg9LLHSk627SFf3mszpGXdasRFxQXABGehdZTpeZ2NQmeTqs87JBmPMnSAObhTnS0BMaXRJ3sRvCCxyckGkJIL8fc765PIp5lnoYxf7IPPt7oPsK/vfpu3uFVMC3MVRK6swDALqksNOdr3EKGnLZGvZY14InJS+t7xO2ed9O3ldsBvBcrQia4ddD07BGxFaprrY4CalVnu6qzJVmKZ6ZilyyYAVh4abndy8zJEjd6FiqGjlUGKC8JK8CG2/uHPdVcOSiwSkJGz/LenTn/60/fypT31KeRX2i1/8ojcPL9zqrMi2VmM1QaFUw1gCqg8BGwIba81kH1hsOHpyZXScGWCQ5LrXrv+se891WGX0f9YsWOvjjPV1NRC4UfIRvVfI7ixmNMz04h3w8vd0i1ZpsOQmvl5mXAg0ZlWloAlDwmyCQDkGcl6pX80I3AlCmT9M2HqZjW+YJkFwZjuFyx+ckxhZkuR4omW8M7qXkmQmWgJM1wnraje0kwg0a3tef641nMAG9iCXH+yoJ6HFxrLCoXqqbXWmsXC4+tPjm4JDExf55JlgKIHkc+5Ns/ydkI6fzLuz5D9gYPdTupjY2OLOFdZ0MGJwaMksoSAcK4JCYU1KvdwZcyF0t3J04+hiAHnBrvryTd+t10XWfzjoyLm7XYWuzmJmJmBexi1IoDGpfcXdA42uamXDKFGLlVy5GDDj3uxgIld5S6PCMUccdHHPMhfY5b98FudOyKbgXV54MgTuOTIW2SjyhHaO3WIj2T80dv7eLOvVh7Gw0q746qZE6lahjFUCvNgXCgsFNh5lFSgBLoQchaXnDsxEaKOWALnN3Aef+8dVg+VJ042GKZnxIjSX0kjGfDGYLxjL3KV0QhrNNN6FX8hYQIJMuFeZGYuSZuKvmexqFAeqNhaHoJcZL76CmIhZ+OTyXfvkk096RvrkNUcaehev4I2YuzjQHqh6BEzeK7x2ptp2KOxnu9pK2ed2eD8Yb+fTs4HZHpYmCFX8E4ZoUvJfddnQPBmYicB+78HLZwwOErOLjFXmoGh8rZ2akCvOCn2dbKOXXnumw972nvzpZwrlLxkRKp1KqnYftd45lNpbiCYBWwKCjeTlm5ni8yLIRAIVVtqGMxBh2KBNJ9kECVhW6qzsoOwS7uVPzhJbp5QdrYi4jsAtZ1E4Y7cVs2TGcS4YUnJhhkUeufh6syQAA2gCUpe3klW79DATS68E1TQ5Zb1jHMj1MhtH4HuRth5YBklylB6WrRzi9HCxOx4qRUg4mc2NBvY2u/dslgkk30W9vORZBAmcbIiV04YkQUmlajnI1T+ZPpud+6Usk1V1GA6NPrhor6Cxp7GzQehK6l7oTJpjmz7YvthFo7cbsOvYYYuBEgvSqWN/KcT1WhGwUbhAETpUhI4rG1gZ3w/K0igBgovbiF3WuGO2E1kpNSNpnChPMHcAAHBnSURBVJkkpGcAIiRQGkKvsSqjOk89OQKvkmSPYYdfBczsXJeYEsMefyUAyQbKBTcWkOkzK76xGmK8suTYlrBhoIPc1eCA07R/CCyhGsp/T3flr0oNYSyh2DAm2HL225zxlOVWGrwIMd8zJRNhDIS2qwiaHUMpaUpPcLKBwh5nmRmLy3CaYaCHPaHL5oeKXDEJ9WYJeZVMkbsfMKVxq9IOvyxz34EvkVup4gMzLk1Bwb3w+Vz+8v77Eb69fJb5AvZE9GVmpmCIxi3UCcWcyDXBirTNbM4OSDsc9/HTzrfbMTCGNsneOAuFCkXGjQV7chc05Zm43pXZsQlLJtg5DWeshmtelVdl7oYqh9LjTjAFEbBmm7Cw2UDZiiCyAqqeqqr21/d/4P/a/uszqo3pgY2FUOe2WXuJrzjCFl+hjAXJlMPGrYz1Yk3puWfimsVZlfH/8cG0g5qYtUDNs9D5kzF5UJy6yGfkG2NNYKDu1QgqdMWq4vgE/QmaHNeyXO9ERSdUesgx5HJyKAicEcptMoRsclnD7whnzm2gNs3wiY7lHE7G45g+1NQlcoOWg4oRsAyr3lQSpqnO5HMt6GmyCSLcsMhNPD5BM9DM+KxJqcYh/RhUK1MjdMCwZjxCXc09l0IVh0wPDDKG7jtCel6n4wgpc+8Kc1nz6urElOmBDXtesGe5tgS+mXXB4TQDdWbZKpBT5ptjyCWcazHIBUMujdWgkBKY4ZQyb5rmpTImhYHG1FZ1dinYF7mx2huzT2gIend294ovjrBFjouZTS5twpudWSiWzMQhcBSTUleDcgF16/JyW+GeDZ4ZeJ4Zunwjepz0qqRJYJBL11SsWWRDQJM1YvkEKQ2HejPLJV+hsJjxGR9nk0txwhk5TGQuIkCzaIK+xnA/qSJUkwl+CXFdFEhY67qxdvBGa2QD4Hb47Hm9hBaiCCDmGT/55LMIZEogh5qhlLAhQrmlZMC+OFZNqJ4v5zLFRVvZ7PkGcbBQYeTdeQH7HIUlKCDBJjGQUhPsn6DOND6F1R8reDKbqTxMGrByuq7ymaQc5NZ856R0AAmtiNwur5nacQ7jORiDYcrGOEF5ka7yDYfVfX9X2KVbMfGpD5R7yre74QbbZCF5GKodjB72Gl2WrYEeONnhUwg5YvpYkyMhOawBNhoxTAJQPoNSLec2aJsSk9tGsHbExiw/5C5mcl3ZZAz5YsoHcr0j3LiUxsn1/gyzdnCZY8o4UEKOZ7YnQ2YwTayXC96VWzhLOgKbicxx+Bw9FDCvMxTogjEe4XQBLq01eQ97uWQHHNPktQe5xY50Hy4dG20nW6ttVrOujIsMKevNcu3IA7YrdDVgAV0Qde2oC3z3PC6Y+PTsGcR5wcj55s7erLGJ40EGMMZ3oQsKmBBqQjZ3jU8bOM3CKAc3zROi6X2xyDkmwN2pYV5VuAehp6Dvrb56fWz5GvOx1U8a2LAEjkLtwi+MvGp3XYg07UN8QrWxLacrThMDTaHgrhyXvGTKf1AR6k04HaGB5qRAegb52nUTCm5CnXHwzELTyS04zhJyL7IKC6vIhH7SPp+2KqzadUE7n1dpiC94L0M9nr35YQ9j6A2PQS8N3WwzQckMpln+cru8kgBh5EGas2vkk0/c7R0eaMKq7nWGJozbYWQgDw9Gmdk4YpobUELGD+R6M4O7BhP5gXw2c5k7K6a8i8xymSmPZgW9M+uZJptY9UbGI2A4XW4ccWgJHgi91ui0mVUbDvb3qbyxLMIZDSc8EPWCPDVvcqYRpxN1ciiTbBJCjjBmw84A4QTNiY4K1DwNxv40AHL6OGzbhVPe6dybQkkOZso38uB0KUIoeLgZLs6lmCeq+aWxh7tI18oPbgKGbDKeUHiQ2aAgMBWDXcuFbq6usG7VuHt2rrYTKTMgFK2wDXQZ+IrRlF7ZDidABllCXjec8LMxxjXDRD6F8EB5m9zigaOPknAjQzVRn/iBYHNyGM0Iw6HKw4xSc5AxM0KLNStLmXu9N0h54zL6HEOTujT2iDdpnL2gd5DxGJATBrqgoe9yaRAy3iEXKn6rAOuhmw8jPkAeaJphyvg0a5hkGGUulebkbML2uK+ZAU7DRXM4oY8kLxe4n0j0QyQvHbrIuuiBAJRkvpn1s5q43jhQ4uJLAEuGhkw56QXKUxgD9RlZV71xqIAEw8WajULmVRpY5gRTk4k3LPzy659Ko8ReuLx8eReDXsGw2VFmNpyeAQ6iFZ8cGzGmH9YFCZhXLE9c5mZBmHnh5s6SwCCzNBiYAZdBmroyk0CjFKSYGbd3zysSUkL7mxkhTgOZZd/rjpcS3FvOzbvOaQBcYugShJqQjBsIGrTRBzv9e5Mlmxc5NvFkXfGAPl8Q5xxiJ7IggVIt//MVsLkAsxxBqEv0jVLCjRXDOVDBizb1MW4GubdYcUi/x7xkvvO9IE04bU6kl8zwCQbFiVOexvgG22Sh5jllfNMcJZBNZzTJZ90Ggk8yoWZ5Dtbuuf4RDfUk51vM4bAHWZghsIATOUzkFqjFIvRyf3L6bHYiFxQhTMz0LEO+kzkQcg+5hBXoiprsCdwJJZP7RFtux5bGN5nXi88E4pTwo/2HKzEv37W+aPu01aRnLBOzq5gV1o4ldAG6MwnuWwxdgC3EWoDrD9LFmRHPspxC2a6x/J/2h/uPBshMNmQgx6U4nLGMdeWSDAxqMhvuP00nc8wmrhln5qs/1uvzn7IfAuARhPr+9+/9jv7vXH9/od5+RPO9/VeSgEAZj1mOBaHHhgOOOGMGhmYsfqPokhIlGchAkLlQmBdmVv66sC56zBFTZhwzyFGo4YyzL4IMcWn00yeJ6SLrIuuSNkGzP4X7zf0PTnx9/7sU/dXY/uwiSww0xiJMfCwBmtIwVlwmoSmbIMEeIrS/27XQrrIrdM124tg0KUXLPRvGAxqhdGXGpZSkihuXjbE6G2D3Ox4xdAb0SoMZY2HXZt9HqwyZcexB7jh5MGDN82h58+h0ZdYZA8H5ds0FzbqAnJIBVA0sE9iDX6A3ZYmZKUGVJNzE4yk4EEAF6Csd96rdKGIaWhqrEPuBB72JYlNoFpJkzAuKI/ha2usfSLZMBtLURShDY4nfZMURU2UI1QcMzUwmJXnuHwnTGGvyBHG4cCwmhlW761PkFIC8CreLiYWCZKi3CEXOJWTcREoyAc4uSRJi2Q4HBjHkgpOZEeKwgm7I8IQkRxgZctnjXP7UWMcwthZq2LoDmxnl4r8Dmilu7tVTKVS4ZcK29GwG7+hkrAvrOl/HgZmu2T/iUBYk1psZ5DvnaCIn68oYcwwZN3T/6br/mOrboF4sMq6pqz8Iltmr99/GTqZnKRSZMW44ecZ6R2ZQTdonrUL1bOmrv3073JauFyp7RS6IORIMismCY6PEQRf7tTZ70PV/3VVBfpIjQzPBNx9PzGjwuDTVQKlZ0bnENFPNbHhBzbqKmYtR6C0GA7IunDD/0VtXf3+pP95tGehftf/ipl5mmFKTUlfrhI1LgxkIiEXOnsCAUkwur33ta5mRMQOsC4uDDY2blJxvpqxLNF1csN68gAFWc0rMQJBcMCUG+qbzuv1byvpLpY/u3+nYbzDAcqNnAA/vXxGQ8o1vfCPfN7/5zfjxxx83qcf2L6tjTIYmiw3HRm6UZkQ+K48NzcbQ0ESacjvYZiLYT11wbcS2HRbKZBm3wWjMsV5m0C4MmtzZMzAKocqXnjREA2YGWlfa9c+3x85Dtw8Uyii2u2ihTd9t5SCx9zjn62pzurCnTu8isWaPjXkEdg45nuPiBJElMHUwVoOWTBrIAEp1XDIuZ9MkYEUAddasCwQELgWEIghlatKTTNe0/M1U/mXYlWHQ8jGimIIrMqgwtujGxca14hkYlD1H7gVXByyy+ASRGcikVIWyZIJYRyA3ozJnJlWoYmLiXYyFmQ6kSRY/XhPe0MygCHiQPjPTlL/pSACadUosH01y0zwrH9M3KcyeBuu664JDwZushLE0sISTg66mE4/xyemhgHhwYwyMDbEqe+wES99joyWzJbB3dMrettv/bfWgC+cigqZQmNwbgHUnOCbAvbMzmy0D7mywZmnEmtBwEsB9TuBikvWSBSFP0yh4XMhmETPQi0uDEjOjbJqYnEavURiE04UZll75E7ou1NN2UlsVJmiaC1STXMTMfRLG4hBAF72YsHam/9NKnYX8OOPQh5GPJ0qfSqL0F7zmv/bjZsuAAJRkjpmJnDENs3ov0Tc0+24rfh9n8zf0+b7wwgu+1XACJct+qWR/sL6/+/zFL36xP3DP98tf/jIDeP755wXsF30xZja/xlJkZgVkI3gCF3EyFlN8zIUBFkfOBHoCNmWh5Mxr8se6ZKLLEJgjcGyyNIx15SII1kvDQCjGbIogJSxz/PTTT+v9/P6t9M8884yc6U1HwgQz0kX5mc98hu/HP/5x/KlPfYrms5/9rF4uykJosthANAalNCMybrIMSsa4waTo5czGHrKs9pxt1G1uL9qj7cW90y7ngSMWh73hMPcMbFbGGDTJXBiogyqZl6Yk2XOnAWPZseseuv7t9e47N517p4t4HYj9gCx+6Irvnu09wHuGx4xHuwcD9pDwgPfCAWRPjp5DjLt8OfLCrrxhAQPZmawOFURlDJrc6QW9kJCyAtoDkjRfdWiTfP1lX/+TN//Js+981v8++9bPfvl9X/7kmz75zd/45kdf/9Hv/+b3v/wffPnHb/rxHz70h9/9O9/9+Bs+/o1f/0Y2X3z3F/3v67/29T97/Z/1UmU6StQzQ4nUZx39fSe2lIZr7xm93UjuzKohSE+2ZieCUArieTzP6Z49Cm460uY4m1lAEJDSWrQELV/R5BPTzGODAXTH4TQ57hJekCYzOBcF8mJmpm2GtkFbAlMSsDqwkTklZokp5YwhX8wsF6wm484RawIZWDIACeDWOt65L5BP8GIpDl+LIlQsjWE44xv94ryDgzoooyJAm7b1wi1Zm8E7OqU9T4mto7Ngz+u9eR3nQuYS06Rnw4UviKa338mFGfS50usyyzYMPWaDG853gma/ov9N+zds+yqQA3dyh1GXIQiMKfu1Hv0Cy/l9/o2OodwIjTLJkKWhl0Y0XFlUaW6Pqodn8yhspcaq3VLq4qLCwhJMQRBckWPBgya0FkYB7uuhq69s5MoZV32JEtTUNB566CFdZsiMRtyZAD0DAqbUVKbMRO6vG5s5fbUWOVQgXcUX85H9jwb6XNOlpiJgg9IAQZO9FRLqLW95C7O3vvWtZF91jPudXlYRWNbUJThjZv0Od2tWEAtpFdkIzoXQb5hjbAoZJzPjrotGE8ufUP5y1jX5YwZi6pKzxEK+1YdxleGYi/iMudDoYm9QwpNPPknzzne+k/zUU0+xec973mN27373u03w7W9/uzzhHe94h5m+973vNa/3v//9DD74wQ/i3/iN32D2q7/6q3rf9a53kc3RZJuymOzlQy+92c2SKX9D//8qu7ef3a7qzvMYSFERB2MKMMbGGBvb2PiEIHQiIpSLFnRHylVdleqqW+p/oPu6/4ruy66665tulRSlFfVFEiUCCUIF7PhsjG2CbRwOBpNyUhyqEP1Z8/u8Y8/9vHu7un6Cn8Yac5zmmHPNtda7t99d8TD1E6ys4u0h+8n+my3b3W6fdbuaZpPlzoVML0J70ZZt0wO9fclFWN3QWBNXhpIqpj3JUiJb3y3R6dNp6JagsZndMMVsx2MQXGEc3TZupJ4BPcg9IZxu3k48ezwner0Ajw3sgUFgT+CSo4x4TkCpJ7ssTvyeQ5LqD5mmFhHmljaFdVqejsvaaO7TBKAMq0OnL92a3MNmPyMEUUNnsaoUqX5Twz056KVjXDTlWRe5LIoFtdD1mQZbo/YnlFoKwYXqUa11ImM90X8GZiegbtuiAmKRbSFhraZ04tQBpRatgqucZia1zyshx3hGOdZDMLvmTi5alvaABpqFAtTmkpCykpqg3aXzmI2CTV/N2IyaFDMGuGhc6Mls6mTxCw7rgD1exbBKZuFohgO5ywwwNOU0hKJJGtoS2Chh3OtJrbAHbFHrbr2skbefeQP2Vm3h7Hnr2BuSewG7BXoDa2Uxx7jX5V6kOLL3Nnx82ayXePre1LE7hUG5uPTKJRoNuMzAaB8/PiQk9bUgpo8HGkGkE5OGkLEsZAay9KFFpukziQvmYjqMmxSlajnKqM5ko+QKFjmh6YhpSE+wgtlrYA9dm6pNu/bacYAYYuB24OsSc1GPXOIYCmu6x+e1ubccx870f1q5MR+1YpVhSqyaChWiCahVZYakaZFwgtyGisaMgSmNi1E2ogWXvBhQNlsdlEU3Dems1JiSBmT33amhL730EoPnn39eDb7hpLNy4viSY2yUF0sLaV3nl6Qz8wnIkbEgbOgZCFsKNaQUhxl35YkjS0WKgKFuGjVBE8EC4mbR0orJ3hTMHRiIg/nWDUO5CIhlxAzoQUbF0DzzzDNC9c+DfOtb30qDTTNmpuBnn31Wwd/85jf7hek0f/7nf47/8i//0ty/9rWvMXj00UfJwIYXVqpLuYxK7bMY1zG+4tf2YEjl6jcvlRPc2PaTm9wxB7ajPUpjVH/Y1wfcjw1EM9maqRs0eojB9ClNnLHURvtSV1itYCCv/V06+7bzqEMHOnEMdUvocDe5Ygh5MXZ4OSgdoJ4KzkoPeI+ZXnq8GZDB4XuctRd/+4xXWTrXpAa5Std9KCOYiFym0H1IpnGngc5o19zAIJTjmCAae6M6wEXfDuHRf3zfV973rj97l//d+NUb3/H/vuOjj370hj+94e5v3/2b/+c3N//s5rd9+20Pfu/B9/zVe/At37rlgb974JPPffKhlx/6zPc/Q3Pnfz7eLE2k1x3PCRPXMUk7jqtNnzVZYy2TvPpM7qc7Vl/3gL2alaoJ4nga6ZXInsq4ZnbQC8jeKgvlzrJwIKBVlk7SVqFHZs+JaWmdZAB6FcRsg1lEZWBB6lXRuHCsn7Mo9JRschTBZiDgZtTewIbMFFssYXXDqIJNpJ3JJmPuFrECaHAry50y5osZV2EFYEVic2lGmH7N74TMsLAMhI0p1YbJhnACZZd8cTHbV5rZQnsk271eAiyZDdB7j5ch3Luv7WGH4xYUt/MTeGERaHodIXPn0lua1fei5ibq7colx/3d2iVHgkoINo/CCNBrDUdhfdVI5LNBJX1NdTP2uiZRdyUl2fcAF18INL4ZGPgyYakSSV1iQ7hiVCuLuTAgt2PZsym4S7JiCHVJebhqbdS2pQ63ZO037YVerfj27sVRCvOVDosGBGgtxMR26fELsuUwJVlrn6DcLJ7lVLdktUOJZsvMPBVqiGOtkS8vxRmqm96XGTAuMu5tmiV7N5siXDITWQcZ9KVlGXTn3nvvpWRm1GxFNiVTFYSZOq0Td596KvFVJIVNL50y2nbNyyxE2z9effOR+87TRGbmKD5BOi5SG/JxyYwsPmOyFDI6fDuATIQLy6aJ+14UX1uwUCzNy82gDENuFcvDpR1gPXLHJo7FV7wytIhgsiYoTt+4v/M7v6NdPlhp3NtkZQiiEnem+JZZwebC64/+6I/wH/7hH/oyNk0dUIm8zgX2lp+sYHEU/5nPfEbMz33uc2S5bG56sxZcJTaDS+XJUp2abCKyt5R2ERuTVXPbS3B9U5IgJtXOIeOmLA4bK1sE7obMiHG/DM/XuSkrntLC8TIveXVSGTLiDh1sBc2xGjRBDcWntxPUw9io04p9j0PvK85KbG97zLPx4FGYLIw5OnwldRAz7pzlTg8aCM1a8bbEcW+9+92mbBbK1py2hOl077Un2XOUApoIkBs1O92w07jrgO5RyiICM8ygI0zSIKDdJYKqBDR9GtUa8p4kO+4RYhR0yUwFEUqpLS6Zo7JtHtxtYg+oHxgblcL05RJZQOyxar41UxDQcEWauOItClYVR9ORWi7o9mEslKkdc9j+gBmbssnqmFA0YiqgMpp+NlCQ1sK8gEDTG1hmXIQyUzUwMERvKelpDNknWM/jOi+d1uUioxpoGNAoSTRKjrPNtAubDjDTkKkTN0HsMpkQqxZXFYEXAzwa6VjWGZ1kT0jJLGZM4Cg7g7VDj+c3jVY7FU3Wi6Ab38sQ9mpL6aXK/iebrxcvrbO+5svXmmqF/c+YTN9dwIwLRzUIVYW2lrzuHfepdywucnEhdGNC9+na7MdtaE9ql48Ex8KTTz752c9+1hu2Xed1X9u98wkoiPggvvmKb0O6Wx955BHfTs4rXwuOR2yO3vMsTVmkU6H6ufDtdR+T7VinnFGdodQ3K2iadprKaeoPjdcm8xWwTYU1n6CrpqB7DHq3ZsyyXumSW6+C2ZgFR4JusOFIoDy+dCVTB1OJ581XeutBMB+saDl6BdYyTMnRknDEwICXoSbQ0mJ1iNmU2GQskUtcag3iqKdkJ6AhC6BHFqYvOUMqUYBQmGPGDERjQM9SbZgl3y4bwlzm41UZ8nJUnlEFu5TUEOZYfCUJhSnrps6alA5qdwIlZmCoA44LdywsDQZZKDWNF2bMRZAi02D1iIZdMu5bwaee2vp3vnyqKriJm0KrQCOLdtH/9V//te/gv/iLv+D1x3/8x+Q/+ZM/8ZX8Z3/2Z/3zYTY3PPXUUzaumNpiVKl/8zd/Ywm4k31P6wAbAe1p7FJnlCGRvCpRv5n2HLId7aKOPxvLpMwFFKa8fq4gjnlJSiMgNjv6OuNSdoIFopGar2IoH3vsMZbcm6akMsoiqZvNzdOZ1Tlui4PauiXUwN6lBapId5cz0aPCMdQbntveoYM9X92Qhtyu9O5h54Kbx23pRCtF05Td3agMENmCgrmYYPVbCzNqstWsEseBdilPEGWD4B3NghtyWDATUx+srzizE1prE5GonjdTEE1hKgSl9ixxcplCDz9HoYcEjVFzl1fxHRztH8vapiLYNmRLJqOdoHJg3LOBu7D648E8TauZDEBMDWlluQsFZFOoA9Dhxdh6Kd4lmJShaabC2KuBrEITF2dkJbEEXuayTvUDutEpqT8uWYpZ3xRAEBD01qUguJhCtaWVKi9No8fkFwyxFI0gKQ0Wp21mqAlWtsvM2qV4CsNplIf34lPyqhvJ2FwMYZdH+y6+dCnJcS5YP3XVSoGtZb16UcO9NFg+7BXBZrAl6Hu3oLFJjPZ2wjgXZi6Fci9go7mwtO62QbAlXPamwoWN3Whj25nWuruGPBuVO2M7k9CfIt133332kg8Vcdq3hOoxytilGtyh6ukNvjuXi0ev5zGDYC70uTA2qh5MpqlIkZkVn6BFZJ0xqn6JFK+HmmkJLJzemgjQmEW3rbCYvRnxJWND7mtywlxiAQnHDev/VSa9aSsIa6K6KQlag81KWb286zIXlnj6AtMgvuo2Q2VhchrTM9qEQViydBzFNORLCNdNX2Za7GSkpPE5ohIaKTLGYlKSsYAtv7LFFKGJUIpPyRgraYqZ+rGwmDG9aJSmzICMxbEwlNxBc/W63cwLN9mMdUk0TCkgllEE7sCXjTVQgzXAFoYvTZGFDbW0aDogkQ2qPPPKHpixKZ3m+EjVty984Qv4y1/+spfHL33pSz7Zv/jFLz7wwAOf//znyfa3DxqblaC3vpv59lnpS9qsvUvSGyUzwwxMzURAt9XQrWUb2XDOcTfV3PBNBMxazdzZ941rEWuyIEZpDGFwmRmhL10vs9ZLeeyVYdYutU5qffOg6jboriDMjd3qiFkbu6TvqdCLjmPRY8aJ6X3Csw07dj0gDQGNA9TZ6jjm0nknkVNSovXEPH5OY+Hqgyw6Y4n7iUs/HdFAmo4JBuw1p4I7Oh3QyuiA1joQUD+rXKM4ahS2SWQxCiYOpsNezzsRRICqFdYzwCPBK4uJmJS5EJzUDBgrXiXa0l2wVvX4WY72qlyfex2x6AyAsUTK1jqhBO+FoDdUMAXzYlOFopmCOLalDrTE4tgY2nUcuuslRliV0HAxasomKy+088Uxd1x76wl7lWumIEVYa35AQ4TFRieyCOwrQPzQpWi6ihUmIzOl0mCj2QRD9R8L3mrScxSt+JQ02CUwgFqNWzIyYabfZSCPcZyZIC6b7CDlDBUZWwKb3BJbrB7VYNWwjYFtaWxvxPPSQLZtjLYnu03a+e3PZKvv0gZoR7llgiAu2Yhgb/eGoRglWYWj4rXzFWZUasbtT47e8AT0Vu1dp5vRCxZ97zHFxFXbZrPxFMCYi88Gu7H3vMCXni/mqLxeqsjzOiUaMywOwRBm5lJ5fHXPfJtFlacxCuwZN1n1GHIZs6HMGLSCHFsUcY62+L8oknVHCVfrsUtCk1eu6DrSOrUkHKUBQ9WBDbE3JIKsmJyGmdHdpTg4M5FxLdMmTcGS0oBLZrmI3GxZlqW8mB4SUoo5LuZPWVPiOqJTwIxxxWCjNI125upaRzyuiWwIRebCUp0u61s1E6CJi1YBUnAscmVMMaH664avEGy3iWaTqYrAoE0jl7OV3teVLwwfxHbh1772Nfz1r3/d06U/6/WN61MM7FRmBGH7E1zfxBIxsOP7tm6UGT4+WF57rYVQhkkpXm31pK3pbu+JYhaGQGGMBVcqdzWTadwYWM30bExBQJHJPSf6sYTvXZbuRqyMsrdAmqPzbmlwMGGHlNNWDXAs5PoPEtSg4exBkYYcAY4qR6Tj0jPGKYmdm5jSyXscsevo7Mh2orGXQnxZStEyiSl+CwFtVE0z004Qa9G6GFUML2VrVOcpdEB3jvcEFda8miMX60vGZiHX2hTHxEGr11xPf2FVBFCzaGBGHjYeeyaFzahHi3Tm0u4VSpapX8FWwVpbDrKMBG1kxlh5zk3xhRXKI9CTyVPZM7XHoV4pQz2MxVRtsxaEQNPOBzuk+psCTc2sGPagb9huwe2cWIfF0RDNrDbRCljMdqMhl3VMDVyq4ZjnBbp3qpM9GZOVgctSVVC66pSOF5kNvbCUmJIGs8wYFKOSnWEKHhii3M3MJU3GeIfIlLFLxrnop5WyED3F2xWWpr0x3DsBNmTtbAx7xhANuMyMUJBYTPpcmNlUx/vLAndKNkYZ28lQqfqvG1pUhbYrgyK43QheykXwUWFHefOzo7zf97pGv27H46UHxCdLwVIl3svtRneuDcnYVl+1HP+hGmaPmXWzY3J6XmyKnJCSGRafWXPRSRPR0s4Z6M5labSSzD2mx/R1iU1mmAFm4FLA46HrWjKmWKCqgYozJWyehsiVjik5UpKxfDgl32LKgdPkkg1j6NIQril1UwcN9SXUB1CQt8h8Z540slyOn1B8Q5nRcKTELusCuUswhMtS/TmKMC42je7jZEpcSU1W2S4VzJdMSQDBjTLGfLE4vAq1y0FSNnW7zuuGIBUG7ClNSnDblI1d6xD0vYUffPBBB64PXB9bvrockT5/bWigMYS1ml6pfYP6oCS7DUTzxYbFwUf31w8GKsbsKqA+2JHHTbZ2Z/tS2cCeJXcsEcdkiXCjKlc/aBSZGb3UZPchpfLaBjSGTFmKHlHd1Q7WDiC3NNArCRTAWJE1k96R5Ex0UDphnQIekw5W7JDFlM56ZwR0hoLg7GXpgIOeczNT8a2IqSlSc7TUHDtHsILNyDQZKMk9rELRxOx5IIVcLkU2xEBwxiovbHumucjIoLljldQEvgU0qcoW09Q8oqTYn6CGGPPt7FP8LEHrW58tkIyUDJgxrmwRRK5Re9OEld0TQj3VP20JLgulY2YBzGJ6ysxaYmgzKCkWikZJqtWHPYi5DMpOaIiZdvGSomK4EwI9Fq2Yw4yxUaBxWcaSksWkJDOgFMSl4Hi8MgZlVFICjHxUvCElnK6v5QLtkDi0JQjYlmilwI5t91o1Qu8Bdgi2XrHRXh3IhkIuDAji4DYY2ahQthZ7bDN0s9BzYWAPqEEHzB23x7BLq9M7RBG4eMmW3euUy95NvV5j+7YNXOUljY1SMuPYnevNzMtiG/K4dS/++qQKyYzpFU8WoVJFZgMJFYOZYVn4zsTVDAQNqSdQ63DG9CJwqW+UZOAVihAfu7T7VgjW+aywB5rz5QR7aEIyjJI9ZjYybnSYEhQRM8C5lMX8XWqK+QC5UKsJp7//CWT7bKY0TIlhsnRJn6OJH1t7Q9uiXUvgVRDGjWbWRl8b/tjo9MASSl0T1Kzgyg7pi4zJuWCXwyAjZgDi6Ibtwr1PTNtIi7DmrG12wA6eLegDF/vqovTV6NjtJ4Hz41OwTTGz9q5PHEF8aJLdBg5Tox2pbICsBjYKkFcxZjSzmJpNR7VNtrUTEHOnTC5IN4ZVJmBDuPtNSWTFsOzjWBlZ1sMyWgVwP8etiDJW244txzgoib2h7v+OS89FJ0KvEQ56p2dn7jUPzVbffEFA8U0BTKH6+2TXxr7XayY2I6OgHl7iCKgM6LzGpaOvyCzbOXimoLftFjaw9t3pNzE1L5V39ItpUh5UZtTrmgkaJTDjxb21E7lEJoItWUklMsqGpYnLIoXgAnoQahr2PtFDUVgZGZhIsyh4OwH2+os5SGOUjX4qQD/bbBY9ptRGFeqn2pgdHVmrAIUFcbDsopEzYKyAtiIWJEwcMnsyphwG0fYUTapqsbAux2VVdMBlZlArTJMwcnpYDTjQZTipNpeEMDG7hGIS2g9gCbojoEUhYMoWiHL2zIwGynA4X3ppEAEyYNx+w2NZ5ZqgXfVEzwnaW0+MqrD49gzf3vC87XnJw7YWtl1tLQbHW8y6W7lIXS77zaVR2Zm5tC0xS9wt0G5nFhckrmZIwDPEOOZCkNHcw0xfAYYwX5fcyZhLoeiHi4NdxscC+T/PooxRyG4vVzUlowfy8H7JUkxmGceG6JfhFeSS8dkE5KKUF0O+Zm7+am51CWGt+FUvfSNQNtQl43yhLQsJbdxxHIwLg/HCgaYCWCqeoFTCXnlophO8aofpZ0jAYkIxxWEjpiCzFhqFQ3vUOWvv9hM/X719b9nW/aTRRxgNkPuesFkxx7Z+B3SankPisAFyiVTSMlVSizL1p2mydYAve3GShwVkIGCRKbGkWIVTTHIuIL7OtAodi3M4WhSCIQ1UiQoZAwHyYsamI8AJ7tzsHHe4Uzp/5wmRpZiEFhpmrcEEm6nyQP8VqcOEvm5jMzJ9lauBV0UeZ/PFeeR5XEZDxWep7HoY1gyu+hH3NKGJV7A46gdzwSI3NbJcbAiy850WCa42uRTZpsJVa2jSTdl1SUwBPRpxbZSIASip4Kv3VyBgSgzZ4GZ3LO262W0GTauZ7cAaGCvvaMe6jy6HCi0QAbMxneLzKgtQhoaw4MnjAkUI5C5xQwISKobLUdallRrUcxxmBcOuGf6vBa+1SY8XX2gDY7B80GiWu8s4QnKjVW4iybjRNkORgUyZca2zfDppBbE1payxkFnF2E58bSFCuxTbSO1VQzLKXifjHNnIaytyZOyyt6j2fzy7PS5X3M0CI6TcuTniHTRhNxumKRRe5qeGJ9OT8TEp/+9iH4YEvAcSOuPD7gI0gzQMLA+myXg4sx30w7LELDVIOuwy5C4yKDtYCZxyH024jOV0wrH+F8u5FvcQTmOXIpy0F16DlBnEyoAKBlMLU95gXC5DZENccmxp2212mLa0z7DNB20+5yx5Hid4Pi47H/Hx2bV+rtKThpIjs3GZrY+P0OvHDDG0KOZVSeqZIjEYau6tnYCYYzJ9GqM7GNCbDlYeTfchGcueGffVuaNpHW2dem51cne1oVoXh9XUK89L7JwlDDsaoHPzOB4uzlko5qx1AVUCdaPKTWFvaayNVW7KUOWFLV2H/mSZmmtmAqYHNtA0C1Kdq96jCdVf5Cbl1EvGwIxviUQ2BVXtLFejwu5ZgLuAnaTYI1DYntNlKT77yxMRPE7ZKKYBbQRt1DGome1AbIgGayNjcSbIjpLGkA17PLMLR8qFMRgeR0hewU7oUgGxy+FAHiyPK/UQBi3BW2Acr3l5Pcx6QUsWTqoFNmnidvtw2A0Gu2NmrbjVT6ZXIbgFNNna4XZ+jVVhodgzbud7rxKhJ7Snte2EbSeYyBM/jV0XU/KixGN25oIn42hcZgDccTdLJRFywdNSwsiCDGcmgkvy8GG3QA7JRxNmqfagMHIOkEwfuzwcrsbyOJA8mtxhNGcGg8t68kC1rSuQB6fhBZdjkGaCLNsrOzjM7QEZhLGH0/B2Q0KaDDKe/shY65Pjo4JllhDS7wxsitwlXNMMyCB+6dqC9jGhj9e+FIGmbcqAMbRRLnOh4sFclrHU1TBoaLDHmfijh11IjqcMxoQV7IAUdabmJAxoQsWEvCCDTsZOWIc4uRNhDmKaFjcUecfEr6SwV07QYXIMDFZdBwpbljJK3WXBYYLnO0FGwyDLwFGcwhYq+UyAqR8XDRQMVT714w4gmIzcRavsBAwiH3VcfaTmCHx3ZAmn662T1QNFmJIMFY1yGZ7HDMWc4AlhjR/IfUBTzOLvWSYX5Dtx0uy8C4NSh7PLa0J7W6C4rib/F1H8FeAKWnEYg4o0TbxPE+9gEBuq/5gm9xLhY0tdbKqGsjlr5hkogXGhRJiAR60X0bjbhzZh6KEIIjDgm3HbLx7hTJklJO8aEK2Aw5TFT7OsrpR3GYbOYgJlOF0vpDk9dCFhKa+N8QlzmfuOvadx2GU4CxiW3wmjGd6F/594a3ujgy4v8xko4Wjhqj/NDCWEGQ27DGdDZ6NQipazA85rY+yk9lnQx4FLPJfYO2bMi4axy50TijPRxpiGzCamCS6HlTE8ZrnsYDBsIrFLSJjLMSAX+UxDGBwOy3f6Mzj17mqkH4P9kvvIA5owl8PABaphoKr04HK4alfVV7qXkEGYyCvtlXrmMuEyxiwhFPCaDFLHoWJAPSEzOAsLuyabkUdThOGE4uPD4mrj9JdRYXgc8eQaVBI+QzfU8PWwbN8Ke/CV8MDp+hJmdIRw+fIkLeyjZ/IIyQmQfjCaRqEuHS1e0MOdDcVr8Ir+DPvQYbdiylLrPP96NIIXfc9FT0eazHLZly8YCuQpuJh8oce8y2wuI5cRwjH5DaMRJ+EyjjmspxX0hpdcwDATP0OjxRlhAiakHIzL6QdBQuNTvIW5LGsGO1Oe2Yyw89wto9lxFidk3GqBy2HIZhxh5nM9HDNeOF1vKBoUOZYae4TEUr/11hkelGsy7qOrkAO7HGapEtoBvRser4gX757xaEKvom2dZMK4nyElBma4jT5BxuYIvXCYLuxDhDK664YhJTAYziX3M0zMUDfOGpty2gL5Fh/S1LowLgM2OLOzkoYHy+OqW4i8B1zhrywxnD0hsMtGcxFBlmrGUM+hoczCxMdvfv7Nr/73X/3J//KTP/3Cn/78f/350x95+td/8Ot/99l/9/r//DrNC//jCy/e8SKzHIUq2nB6WCGvYNV+lNfOn8op0xCY5Vs0BVto7ITFQAnZQC5H3A0r2wlpCi4LyAi6lwDpM+OScSjIYNdMTIIguBU5ex1csQ8bWCFPcywI7DJkMMhlcFkDWQ5WY86bv2MfTV4eJ+UIb41cjrXf7ty5N1sy8s7p4xHGGP/2+oOD+UME3A/MoEVvvmev3fVWSWymmLwSsPhGpxiy4DgzGpCrP8V4z8VvMqCkYTBlHKEvDgGQ7iRt+/+MBy7HlywarowpZuKPJUw0ymFoCQajTAA9Of7PWWg8oXehoXJPHWfGgzE+c4ldYih9AlaTIXJm2uqyBSbjUNjleuUcDF2OfreBk9GFWTiprkZDZZFxiqm8a8YMJ+1Clly45wtnlQN5HAtyhnZz2/cMl/UdIp0mbfr9BihLBey4XurrQd4YRJarg7KP4z6aj5TboTnY3Y9YF6i2UEnaRajzLTrQM+YruCwgnTnOHx1VjMkWf8W7Asp8mfHC+08C9p8HHNUvsNkbyz0uBazyT4laYjUruMrbP4QMeIkphVyg4P6guj8AA8GLv4cdvPuJd3/uK5973//xvi9+84u/9b/91t2v3/32b7z9S099Kc1t/9dtt71yG3dxpKgz/QE5niwu1VCuJggzHZAX01StUca5gDgi6Ns/rr8M/ObFryOm709eXWLIa4IXMAHTD9OU1BzXlrzqTEy5c50564/LkBlHQjuntXBAWw7ycY4sUAIDzDjHGE7hLkCjwgTYjQ/Pi6NsBPocIceEwTUvl9WBXXMML6yRKzhpF7rENVznoYUAS4ZbmrZBf0DexphNYggSrCYlnpWNCwUlavq1sdN+jug6oCqWIGmOAuLiSISnMFxJRx1rd/2HhTfWb+T46frFf2RD/dWT+dseGLgHcz8268UbAFZA7FLZhPZhTUugAV5GxSQohhdZSXv8Fft0U8Qc98h4QA8EZrGMxyYmiWWsiBP3yLAaRI41aGRDuYS6iQ1hQzHjOP1YFmHiUKppjCnrJpY0pGfAa+Y53AxnnkA2ZIIwncXpM8hSwFCK1r6/W4SlTgOZjW880YAMuwD7aJWEagu2aTju3YX2cedFb5q96PVHtth7CTaEDRF6H+yvClNycSlOpwwGAcO8QuJc5u8Y0xSfDQ6G6EUj44z7Ww/zF035hkoqTjG5YHKaCYgDA5ibVp+1q9YR6pKhmUgRRCOrk69oRmH17wgC9TaNIfHZEzhyESR3LBqmXDFOJwiB48gYilb8lrJd0S06tyslofpZcpdCLqnlrXXaqOwql/1y/NPEf/H23/6n337nz975nl+8B/+z//zPbvj5De/95XvJ7/75u9/xxjve+avjb2iz51iQWopFhonJrJrbn8pWp7Kruf1PY9tjyFjAGmURW+j+9nt/r1iWkorfJm/WoQhnyMAtVse6yxSQ3L1WeTjjQp3xLnDBfFsLc+loxkXGgoOh4gP36fM1MQYEkAJXUuVNkdAoYy6DOt8SQModp4GF2khoKKxCzjFDsVXm2062tVos2wx/YPt1C/1XXvNfBxjFzAatLDN88803c7nlllu49x/zpO/2kc6UTV9v9RlrLFBqgqpUAu15XoJgKWiEipXaLqInZ6CGDy58dP2ewTvuuEP2j69fbHfrrbcy6L8yUnmROYIgcyO7VCEN3uVGgQwJDQnlUkyXuPKKTw6GgBnmIrK2i4ldDgdylxlgy3Q8dGnzx7TxCFLG0siN00hGxllmnJIsQVxNo2cTXIKk5ClAZFwHtdVli0QwW8pismlrzgYdGTMgxC5NEI69ebGPxziQu+RSMXKpzepKh12qYVV9pbMhr9yH0zOD5hjDmFVPqLzqPO7pC9jK0OljQ+P2ND47p8BrIHa4UHo9ZO99MDMuHUbrTDjetoCSDeY1ZjHNjBoa5KgkQ1guSlnYew912X9rC4oRClgWDfMtfpFjKCxUnjprS2vdihBSysvFHLlLJGAFmLJiXBZH9+pqqLEi8xWhMzcXQepYzRSWsqoyLiAZJ1Ni6HgthQqhfY7V3G6x3EZZ8hJcil7e8U/W76AnU4LgUjMrLKwdcdXeKCnL5JAlPbmCJQIpdKbPAvFNwRyNQlMoEd+pX/GxLUpQfJHZq61oVvn17Zdj9Ms3amZrLf6q64hfCkhO2Rzjo3cXPydYt8jpZin7GViepIW5HIEjrvNWgdA5jt3CDpM5T+wuWAkPl6OIq+/EHaNcVqc/nuBIqFf1DciQWRMPZjpC6HLHaWDhpLrAZY1iUu7cyrb6Vrx1abPNb0oh99/B/3D928n0DLDdGNzLzKzv36/fJff99Y9Nvbr+vW36dmx3kDmasj408dqosFa5nWBLMFYJxzaPaJimne9StXHHiBpsMNlfWXhx/dtxzz33nEr6Fe7fXf8suktx+o+5CRw7dqST1G4kxyppZ0px7P51GGrXsWMu/gTXqNYJwsU0edUr8afsUghVtO4mMc03d0wjQrkYVAx5itGf46ZikaphPNZYMgImS88gmUuxDtOr/5MSerlpMIOz+GxwoMwlM7PCk4uyqcYuReDCsdm2w+LyYgbDzEBT8GXjQuEEkEUKLca2phZbe9ntg/aNwppFLsUR3KXIcZqmyRhUDmnGBecy5YHd0IaAbuCeOr0HODucFPOG6PigCS4dKF4RHCi9o1HydckRhDoOmPUwEMRJ1NHDjNybZpxGtGwGhkAoMpaFQa+9/VftXksVAORKqoxi4uKz5xgzOIKut7HKcwPbk6avXTUWQ20xyjKvpuyFXShJ6QkKY9PNv7p4wrHXL354IC9BSVyaZixsZXSIQLclkMWMXWIQU1VWTXlWE9q6WNlWvB3IhiVfNbdGNaqmeYunBJUzKPXEn+Lj9JCMwZAtlEGlCgViTv+bstkVn1mO+ZqCglVrr8bNqLAS8aq9uq34W9Y/F3b77bcr3oeIhWhlpZOX8dGyiyO4REfRVz8ylWFIalnkUoDWDVr3ajtuieuDDc6YF/tm0d3qdO587+jEVodmUhR/deL0OXsZjY6QixRlrFettaEJ2JQHp2lfC5cN0kDyKEdIjhXWmmq+VbYKYEVarI+sX4L9sfUr3Puv9vtdaRau7dedSx9c2pn2ZwaMyf3u99sufsU9d5uhFdQEqAP1xNzpVQI2oeOCvSB8pRNHupIabecQbFHK9hhLe8x3Ldx7770+cx966CHygw8+KPt9992nwjvXv7TNbALa6iBd0WLxu81lMUTuLmuXaiDBRCh1TxCtE5N905/46nfZxPdo7EVwabIuY6CRPTMCJvPVmWPBXFQfVbxW7fi8Y1ojpKSRHiePCxsYoTTFlLt7fow5GiUDOWbGwJwZk5u5vruU0TxpgE2ReTHGZugSkznGNEAAQ/U0YVxyH2NwCa2ZpPjWW2+V0T5TQPvDaPWz58tenLLQiE9uAehZEhiDiQP7hvC4uFReRUL7wKKAu9cO7q7uHOwcj2lsdGcHIZANUTpTME3HwdwGQOicErwzggGB72Qhi0+PZceheua4qQynGHuvqM4y3KHWGxJwF5NZ8eNmVEBCxSgMmn79sQo6pvlYDzWKsuxN1kkqlzdf7K2IRt6CMzNZoQZNnK/RSuLOxUGszt7w5izODNQWVMg9dokFFNaSqarlVqdbw0Lbq2Qbxn6AjkW+pVNwvxHstdde642+psnLgJn4glc/33pyLN72cUPOJs6GzFfZ1g7kMiMsrNnRE3CzYMwFTKFNq9Rqrtvtz8IWU5EK9jLqywP7BMHf+973rDsILl3LKn4ppsKa1uxioJ/soIcDZXRraG9FmiNLnDzcvcO4OOybRcdUD5U56zF9R6dRXmWpgeqBoynXgqHMyiWFXDK6jF3SQ2YmHuoGmHLCKBPmMgNMcz3jhORYYbW0rdtOtr19q9lpvggtU/+khyWz/V64+h9baxNm3M6kZGZlyf1iO0x++eWX6e1bm8q9ZleUHfaJqwTsB/V0k4rQtlcDQa7KE8SQ+1E9ZAYE2eGl9U+c+cB97LHHCF//+tfxN77xDVU9+uijDPqXtvut7MKKI2bp5qZWA1kZnQxtTrXVQFB5NzsDxpUkpjhNvylP/O4pwbtb+SpeTHL3CA0Z2IBRAQmqInOX8TgOusAGDDMSFxRNloygHWS5sSKMqqBY5FzKMdW4JDdzPOnHMqFqRGOGOyxomh7miw0RJk7GZIskSGtGg9mUqOlMfKyJNGbEABuasARZ2g1WFD///PNs+gfatJ6v6dPLVYqpUEx6JZFxxegSJV9Cu00EMl9KjrEUmHLmRWjx2hbdyQ4I3EtJzyFHiYODZnA82C/+ZLczq1NpDhQsCL1REAQzdmR0TglCxoYK5fwlU2YM6um0YubSKcby5vXvcMUONbUZFZMlLv64lFFkMuEIevEFVp3m7sbQxmmpFlHa1mwYV5jXMom8yHeq0hDUKVGhdO84ohbIIteN0u3FNKNxZAk5uqNwNypOQ1BPW93qtw0snzW1lO1JAgNLyVi0+qY5uuQl2qu6bwhyv1y6yhkwq0gue/2lxjAlEcTXFntGrvrGq3Vv7XBTozTr2gK58+UICp5umwiNmEYlUgn3itdtr6G+e5Q9v9Bb8z3PGLTKssgFdTJWD7TKzREMVYOkJqIG0EysAHqjcMx/IVnl8UwBi8CFL27nuNdMxLnscu4+t5u7sjOBZUF0Q4U7atEZ6DOutjJWatwWVUz2daBWANmUCcP7JWScGd7bmLBjzLqssd2qfaW0tXwj3nPPPfjTn/60L8X+zS7fjpasj1f7kD3B7QBki+jOIvSp54PSut+9/pF5a+3Lj4Zsxbt3Sm3WYF1MvCPLqHo6E3jB8Wvfb7vNFiJ3XMjVnhEHk21X6ZTX1lLqI488gn/v934P//7v/76yv/CFL5jRZz7zGXeQwtTJWDQlgchYKEKnhDLElKIss/1qHaVzwEwZK0wTxFSA7Eo12So3ZaGgRnVndRaZrEthi09uFLopCPrZHWQXHfd2F1gsw5oVu+QgDQdTcik9jYKMcmFGSabMSxCJcR1sMi7jiZ9xLDiuAGbcx4UBPQEnAGNxzIqGmf7S1IuYTfVUW7O1ALsxPQ0DQRhAgs4SfOPiu+66i43W87Ko2BrQQCnYV7/IWEm4+sVnT9Ar0D2+NG1xzCBWzARxyV2cdoYN4abqXGhDY3u6O7/9PTiOiu2A49ujRVjRpBA2OYgPDGDtvSNXQaCbGbc72WQsZo65sFz32vEDPYcmdu7M0VOFBcy+aDDyyn/AxAXX1ZZJK7rb+4FY288oF9OXQjqHqQebFxrsSJW9Vx+jUpe0LEA2nUpyPirPyUtwTE/lys6RJRwVX5yJmCZ5WtFWV6rCFGkR3SAtOqXiW03GYtYlTzUPZt8K2Jsc9tWobFNQhuKZrfU8PkNX/hMEkb3U9d9lfXNpfWtgdZoFeBIIOA8wGmFnLXgBFxWCgs1FzUJptWgmZZ8UUFVCqdMzTMG+QrBPDVPwDeRhVv895CRqfwbpyiuCIU0m4GNPL7PKaH/imklopzVZNYCaXeJk7BLazIpXc5XbPy7bM05kt1j/tgcNdmmN6hj3PX4cdhm6ZI+VKqkIsVKlqwwGLM0aTNDc45ow8jXBIK4zu2PoMnR5prdGdpG9ZJt5z7BGPmd9IOKnnnrKYmErOH8y6hWk26cvECBjlyL0RcsM9w9/9fHnm6Q3GDegoT4VqtbiElxaa3HsvX6cw0XeV199lSDj5XdTxrzo7TE2YF/ZYE8//fQ3v/lN/NWvftXlX/3VX6nkK1/5iqq+9a1vqcenkbCmJmz7UFjcLMRXocgEhbVAlq9Fb3Pat9AHlUZxf+aZZ0TTJcVLh6UosmjdUO1nMTW8u8OuxoYKyKzXRxPEgmMRJD196aZqWBNZ4xZAMoKayHqBk02JjSLIDMAlWQSsFDEVwZ0mY5oJC/m23volacZkZpiBZaDELlli7jSMKXHF6FHGUjDDLs2QcakztvDJZWSTMcsEBgRLiPunvDHLfojRBqqSEonDV8xKmvrlVRgDAaFtpEgR2OMMOFJyLAgld9C9OSgdebBu/OPOTz7jcNzoC90A+26wxAImC9u9wSa4b3mJMPGLA3NXs4fxHZf2cUdeR89++kx52a9gV2EiKwyau94q2JGhvXplmTRWfzSKpZhSOOl69XHCYiepe4lGGUabyKSA5IqpPOc7yw5NXikrMpcKa77D9N1s+qlUdapK2YpUbVvLutNbTTbAWNK65MGsYG9gTn+vz2TPA2X3tDCF6VuV4MvFtDHSiK9v0rVnaHhxhxalCdYTSpU0QaHE4csRTMH2UHMzEoqGQdG4i+aRrHIF+2byMPM+isn0dZ6N+tkre7BafmwtQ+LEXdIrWCVSqwFLWiUKq88zWZXgKo+hKUAd0Hys/yLMKWFp3GXdsGRzpGfGS8BQT+JdOANLzFdeGWO9moKriruJH2uwUAegJThDQwkxszNNIA9Oqs2FYP9YBXvMclipvnR9t1mj+++/32V/Gto3rnVk2WuWO4jvwG6kZOMescRG7VUxuVCK7HazdVv3fCug3euSQC+IFx3GXkYJQhEUwFeKvjTAradsu4JGRqPuDtWq05ePr3M77XOf+xz5d3/3d83FV6/Rhx9+WFWUYhJ6nerdV2GykwXvziIoqbXuNrGOClbtKuH4B9zMpT/Avmf9u/oiq1k6LAW9yE1WqHx1XvGE2dgu3W5w9HFBExTAMT42hv+PynBG1UFJlqxGkOfjDNcyAjYEy+n0rxTITUM255iyinOBBENYNENYGcn0IpAJ2gEElykZ0GDl0bQ/6jUz7LL6i2+IcUdzLs1LqFxKZJoEuwpbVylahppuXVchp39XHItQfHI1V1gluZQROAJNu61m0nOk5KIGMqXpg461fm3luala7Fny4DKGvATEahNHZAExJQ2G4meMORKKOZELCIYgF6EwOT1jtdlCDhr7GNvKTpz90GEpGi/MJXnCkkFAVU2ddUb/ddV9rvM2Xg1nLELHn/POYecMxU5b91LnoCEFdB4Be0iuWu6QcQdo9yGMFxyTX3XGghDo1UBQs4JVa9VAbYq3sljB9ApuahwlFVwux73T3/MA96boFa3Hdqe2wvbuwSr/yipjYUffurSmkAF3QY5n0cXf2pP9LDLL+p+jhtd/bJ8Uc6Jx1yLvPZ5bCvYe6WHmTRR7K9L8ntNyzSNn4BLaIeohVE+WUoBcNVMZQFAAyK7IJjtLwz4N5A65WAhz0X/R7CITcd9ZGvvHjUZjyO3ZNmOZrzhFPkP6ledK5zFfVanTZXmla58s26PUmTiM3BLEg9WkK8YwZvTxmcGOMSO34tYCrFRv+T4hrNdLL70U0/dXkXvd7zWrF51gES00pc2JLTGzvm0wJc18pbjMuPVtZdsGvERjJoUNn0teNDIyYNltiO2fojEGXykq9+npW9ZOe/LJJ10+/vjjZvS3f/u35vLcc8+ph9KGJIjPXeSZVG9gxdcWhVkaa2S9LKs1ahMeb3kXX0p1xme0aH16SYfVozBmZiTUvkBNmVIoU3CJYfXygAKUoSpKzOV46BqQCRcXG4MmICWNRmNTNROrZYieXAfNtgm7ZGaIY6fJcHo25sMMXPISGbeo3cDabdT8efWBaLT7nMzdpThYzBxxoQpbiuLXzYwFwYJwSa+bLNnnxQxXQD9q6IcwNNgo5pIxQXwsWv0RuZK4czFkRpJiMErmWBuZTX/YY0orBNbCOrVR9pvK5c6UeARs4SFHEdrNLrElTwNssg+igSwhGTeUzZ5lfJnZu7A/k0L6Fe/AxCHsqclQzVWrTn1QqnbNztHnoy/r36IXTSJwwjry5nXHGUrTg2QvQEZYVRzPG8rq7Ohk7BKv0/LK9zFUXr3CXeIauBp53Mw11o2jPDsKK5iGkI1Q0gne88yh7wGAex70BtZzzhSmDKjmMCVhZSRXjEtlKAnoGRdEup6mIsPq2THxgvNtXhWpYBNRs1C2X3o27KEnoib36OoZ5t3ULHpD6gGmn4yPQheqvHSlbp/MbqkMaPVrJsx0DMUzZUwzleeCVU6wClj/sbXoZGtdDLVGlEb5FrmYoNThy5eTmsBdAdhloaZg+j0gmGM80IeT9JZgNu5nEUJxMsPQinulAOvSJ5qvQIKPB6tG7uPBktl77MFyhGN/rPeGLhsSSkxeXPqc6P2yl2Bs67IcR9xmYElvnzDGImAQhJdoDFjamW0GzJ6m24Glgvtex77XcX8a7avdjO68806yr2eWfcxIxFHkShJHcPtWcIXpz2wba6Rp5WUPgnCXAvdZ3/buJiWwEar7qPUVBFoLEF/AuMhBapyj2R2L5f+um7+4ahU6UOIaVNO7wdRnKL0SycEl5kIpTouKabBRLgxqDbjE5oPFLD6DPhfM1hB5Xy2yIcwMi1xhaWQpLBvokpehPT4Zp2fDkktggKXG9qshPBqj7DnmtcevDJGVxMyoyhlgl7HR4uNcGHPH4uiVCFaB0F4kWDCy1WKDGdDgNhPOcoQiiIYlwmpgqR4sacGBsVBAsEUItosUmJwGaGBkjsM5ErjMoUCGY9Nd3EgcMePdcQImQIWpEKvcpVvORHRe8bWU3iwKIqZbCDrvOgfJ3Ql7PSyrClJ2ILr3uPBlT8DpmeWCq5BwxlO5uagHFKbm1tEs6GmykVFYwWXsYdwDoCdBT2iVH5NZj5bKqFRYhZ9KkneYBqSTIobMuEPPletFZikOtBwimMVsLXqXbFhy6ajyuOrV0DuQsr0+ujSLs/qLD6uK00PLkA6LQ6jnNfyYw9oeapBRGdAlGFLJTB8LS5M+G8aQV/Xvu6jbE1saWwgI3SYsJz5UM+wysAGJWApI4I5bX3GqwSiwPLldQAfiy9gNEnZozkl6S2SG9bMVdy+0UpapbwPv9H3bzCu+JevVpIVrXVoUcFkcAdmz4Ssmzp2vdQ/7BmaPkwvOnqN9jnvjgewx+4wrIH03iMi+bcDLN37llVewT17ZfQhhnzHq6ZuHwIUjCFIcBQgrhRkJvveThp4BSxXyFZBQf/p2ko5cZGhqguxxgHKw2nZkjEcYVhWX4/4kaURcHaHuSIz7+Gi1tMNQvTZKbragOJeU4rSoHHFmMZuMXWJmuJjiYxuFDeZLY8jMsUvMmMCsyLjyil/Yo0nrxxfFn/q5jzH9uGQPDLCkWNMZYAZpjLLnWIrrxVdtLoamfmCDi1MBjLFZsNd/lxj2dYK2iEU1FFPGY0MAocjikKWIWRbZKE32a5OcYBtJsTOcxi5uxYQc8WiAy35kuJwghHHEsuc+PFCe0SrXIlyXZrEMNcq4RB1zTr3hjlHo3MxMDbjL42y7+DOzjGPn5uF28YzJ5fIshoMpgJJAb01huk1Pk5lQoKQqdHDPE5rQc0IBx8G/sNeQAL96369++sGf/vLjv/zR+3/067t+/ea73vzNv/jND973A5of3vjDf/zoP/7Tb/9TllyOSV780fVMU2SXkwIKvqZ4mlTthZQMshcKqtwzrOcWIU2JJmxlwFH9RTHFqcmQBjOb7NNPnGbKKGBySsgmVLnm843bLVbEQsRrB53+tgQDEQoLKqnUo+ILdJlBGfPasxSq7GCUce47Lsc/yxUow5l8htPAQm1c3T3/K369p3rhwN74Xc4rvv2wL1wrMihaK9WdlTF2KXLrDskTJ3bJsV09xjF3MMQysykgR5cMql+doGaV9yXmRRz7zKX3Io59VGTJJQhearzH17eWJm6IWV7C4j5R+hyaz5UMGOvM0f1tB85aNzStC03qDMyO/5d+5x1aMKyIqsRpTAy7DPtsGxp3ekwZyOIQYo3DbmNmONkQNhTLDjkyI09JuFCNDlzuBsUvVxq8uxhyyQxrNwNMblGNYi7L9rSHcPF35siFUOVAcEnIhYEIjGPKmkkmwCwEjaVKQ96XaZgBhgwKMjGTKZOzzCVurwyHM03Ccj3gUiicDGMznJDBzjAGA0NQeerEezPjZgHL9vSAbOvvTBkzOEvEC6fMAIfkGd0dd83odwOo8mpLrj/MCq4kUKGjeX9CJFd5BnhVdBV+cfsvXrz/xZ//tz9/5q5nfv2Hv/a4fds9b3vi40/QPHf3c//wxX/42Yd/Vt6STkbg7hI3OkXCaucB7cVnu3Gi8RVHnT1senTNk6xZNLXr1b8KOT26oEuRxZ9iwirntMSNZjacEHJho1pClcfNxc5xOfunacLhthyhUBP/jEPGHMk4GV8vSDBxl3UA0sxQ2JWQcseu3+XLqKt12KJYnRYIz+uglXJpFPaNdwqxkKY4GefeivtCIIBoBZ89HIfiG1qpTqABAgMC3lOXNwPpRBbfK7hcXrvx/m3T5wpllhKVq7ChgGFSxEcdK1GOAuKiydhkMX02ouVYBCi+ILHL4TPMkFAcjw3Bx3XYZWDaNLDLkc84yziMJoxmlCPHE3/YPA1hl2F5nDCzZQm7DC53+4zT7467C9DzIuRbo0fG4HJHynwzHjmXzAaXzWKYks6w1ve0V8YMxnGPMDKQMx6GooUuz5SwDM+LOY0tdNufKa+H3CtmLzVhMJoRzrpEDx06HXMdnZ2wnYA9J+Z8TO5yVzJzFGaMDcUFjEOOx2m6TlLTiVUyUwuKHA7H5LfDFIozxcSh+IN8d7zvqfd9/quff/+/ef8ffOsP3vW/v+vuH999w9dv+PJTX77p395Ec/v/ffvtr97O7OS/UEzB41LvPDahRMHluGc8OPqyVQ7L+0pz4rBGDhQNh+QMzjiQRxmSce4wcc4wJUFrsa8LHAm2V5DYZdwEd+xzDIKISZjI6bPJeNVyYOT0b4ExPuOEXR6utuays7JNJ5BnnxuNm9eECuRBl2zifXTZni53/Y7iy1UNe4R6Vd9CmkYzOxKsuRQnFoey+pMJl5ExMChmWTpMOlhK2igcya5+dcYuk6EK9zgdSoXCM5rlNSERPj10x/8MDRH2cvfTMOzyHu2avKPsRzn/NTiVfnHTAvmaAh5h53Ec7JqRCdeUoVCwK7OZGa0pXgO7zY6JsGMsl+uBaSPhMujr/74osNsn48Fl5a7Bg1FWVdinHxiEjK+HGT1CX6D6r7fZsj+l2TDKDMYS0kN1hlnBHSeHC5SRIzkeFD+DsF+Sq/kw/S8VcBq7wHhdRga5zGbeseJdNbVkpwYhniMpYT+hhnMZ9xgqoErwmuvp2ROnPGq9sMGDiTDREnakjOXdC4ivictme/07jvRbJVNnuKw5g6Emm03C9TAuky6M45n+erhcNpAHM3GYRdwFmCHIa4IUEHa54sPZyoYxS9ixx9mxsl21TLYfYeeqBXLIOJy573w9TN7A+DKka2gYchyeWV9PgF05GH2Xx+NHvnkDMm3P9h2+JPA/Xz/Unp/4jZ7LoMuGGJ/xNV0MDSsg4/m5ECWZEkaY+DnucswAEkbJrPhN09BuDLuymDPZNGMT8h1jQ1N/xpiysqd4aGhcYko8aBOMgNljZjElDSSccWYiu7zMwCZM/DOGzIZDqWOW9mI8cBkYZMOrS6Oxy+FsgFB8XH+m/8rux/JADgwgX5g4UJBsyIPlcaUYwhQQn9mLgCuGkEHGIU1gQIN3eVkdZt1s7jpPYq8RYX6K4yzbj7Nquwz6QQF3cBwhFLM3mN4Ads4gHNZXnwswGuAyUPBJungTYlBJ1dmUYS+VDc4eijl6yHh3h5Rwut6wWnvVzsQtOjY0GyCzZX5Enst9sXbHNHhwzThwKu4SGto5jExInom/NcZsb1TC0bur29um6oeuoR+Tpmk0Sy5FKBSMTEhucRm3ZNC+xYFMWUA2g4mQYJTZSn7UxrFiLnOjGGhUjv/jxd9Op5wf/2bGBfbsZTymsSonV2HVilPkEXA/Xo5pmBGO2V5MrZgwKSiTwwzBLociEPBxHEjZX+RpYiYT+tl9f4elH6a/cfHLGg31N1z6K0WBEjPD4kxMzLKJYUNAgNWu05opqBWqxPTxoKKBpRsgtv/mnnFvxKGbhME1OZB3iBnLVbo0kP3ceJDlGFsnlbe0Ztf6gYlDMqUhc2HDuEk1/YSQAa5LHMk4eSIPdFiK+t+fdvxs/dOE/fnH/HUkHBjQC46LJjK5+OkxOXTJcVygOpWtSzGNCI2euRR/ZhQXPANC9fdXqF5fv+Sov0P40/XLQyAz9uJzl2617dRAwQkMJvsRfaF0mR0b6OJLMXnFONx3F9mxkijVI6bLaiZTgixhjIfb+bnUJenapb09eBVLpqySymAPfGWBLptaBlXehuSbgCE90LT/iy9XTDl5cVj3ymEMZzHTGE2Pw0py2vxTuQpBtQkpV4NP3c4R7/LOoWKqs3evqXxY/ZkNOJ6xmCBXXCVKqpn1FrtsmfScfLR7e6i0EDiDhpjFzXTQlBPmckcFDCppMMrLHJpF3KSarEbhOuYNVdPevf6+G7x3/QcmN67fcNDf6O7vqbhkXBuB++rWaU1hJbxSbZf0mdVhaBXGPeSOx5FyjNt7CiBUTP9hQlzBFQ8ucX9h6v3rd7CQcyGzxL2ar3lcVYwCXBLoKcvLmIto06iS4mJKx9Lo9EeQaciZcMaDw+JCowDZEyiP/5dMjnjN9IBLBfVf4/RfufRfcfRXyPrrZB9YvwEksO+v5ufS3wHDYhrF7ItvlIAZuKwFtcMMyTSMGWAGIS9dyIy9XsT1tHYnjHI3w2lwrcQ7ZlXIMpIlHQ1hd3GJlYqrXwewmqufEgO9DiSkbGkncktbwIFczWU2TbkwS8wLB3GwainFxzpP099XrP8yLtvDUYTYZTElYokFcSnI1A9VXgQCR1BY5dlPlUopiAjAJU7TkFwElk3wiLJgqMoJ7ZmPfOQj0t28fpnf2X8tV+Uylnp2c8WosIAEHMj1cFzWIXl6gaUEoyKPV8Vgmsv1Y2AfDLmsM8mUzEAuKeRyZHs89xfgPZi9W5B7H+q4B4dU5XFUz6AKJxQzzH4eAD0MYtFA2HkDkJFGugrA9MfLwgIDyFEEspiYXG29UuABr15EjFY2qE2FqsWqPTq7qoUi8+LCkSwIZZpGQShIoCc0tDN9NsKWFB8tu0g9BSzdVQIYrbfWiBBb4pEtcas86DI9R5hoRQZlxDvONNOiLq+HmdTOZ5e46deHOtO6WGtL7J3b1xH0nwz9cPtNLC4tgY1nTet/rdbVY6kWjnwLXR6rsl5JYVafgKHNwyAX/anPtaiCxeeViwoJyrAJ5z8SUVj/EZo63RpH6Qt7/f2ihfkNB9y7fUCRGitdXF6oMAYqZ0+oPxxlwcJOaokyMCOX7fnpkikEAeuJeWFZklerTji75IUzPioT3Zyl3/8rHXCJ+w+8+n0OL7/8MvmV9dtiX1u/0bD/iEpfsEsCA6xurGJ6TFmDyIbIBNMzmeZTa5TV8oBRs8WDmXmW9bf7x81AcMy5N3C3R0OZxbMbwGgyDgxAQ9TQaskSA43RzHZ7Q+yr36QIZqdU03RpymD6QNDPOsAgY1uh+XIfDkZxBs29fYBdYj3BQXBsCQTv1poNOovY+kJLwKYKxcEi0+OKxC6rHKy4y6m/jViRam6HVa1oBc+l24ljNXMUAbeg5KAAo9WvZpcvvfSSy+9+97um06/hbC4M6vDeOmWoIY04zYjAGAhSSFq1LVnLZ1mh4o0yY8yXl/rJsQ7ISF/NzWJmig1hxpix0aZMEFZwWWw5h7s3Ca8R2LtFbzMe0u1VNu0l9k0wpKnPxVE5tsl7D2jPz4PBJXhRkK6XhvlE8FpAnlciZWBK4FK06qEhpy8U2VCgpGEg6bqfjudQ/VRkIEM3S7VxJExkchqhsJgYKGlUzkbNVY7VjNXMoMJCXjVEJVjGnWEvTyeh/aDP2KrpswXF9Jh+0HbFZMZGubci7aVrolyrBydUwODscscq9hyjb0bmizWEoCf6oEsEH0i2lvdU8IF0yy23EG5b/ypfv/aBRm99NbUNdLJm6pVQhS3RGRqVkTHmZSHgWIP1iqn5fJu+zoTKFpxLm00NClCV7Puvmew3XXjPVhuGqf9j67ff91sC+wWWXsq59x8OiWADlB1WC08/CagwNrLXH80RpN+agAV3KZfRviolqkicozlOc8oi8s7t/4amjB0csaGjMP9X+vz2jVZLNZBghs3W0J133qlKTPPxj39ciZrFV1+wugmG9I5x3WyBhapBWCLTowRrgE3J9HTNxJRlkmR6SmzagfG+wOZgnq1uu99tMHcCGFrNv7KDu4S8jq1xtc3qz+lHaspQj4xHpy/1GtJUc6tidi2tUnXApXaBiWsLDdmMcNvdRAjNiHt8nB8Xp+ekNkRgbCgXDZG0zogpGkEKLBe2IvS4zaTt9b+Wtp8wjThsxDSkfpaGGIsm1IBe5YaYMYZqm4a4FMqoaNBulprM0dA+ZYmAUg2VUVJCN9Xdd98t6V133SXCJz7xCWwvCSg+exH0R+qyS401h5ABS6FWIcdmo5GOSwVb8dkAUIR6yyvfilED96lfEDZYwIp3CWwwRyxjfTh6dPErJjrlPcs9knt59w6Be0PqNGejMJVAEzy2wsV9Udng0Fc8hnw9M3DvMV321DfqxcVlnwVYAdgrAj0DxfQeA1yKRlZqLw2YIzPKLPn2hpFxDyr3XZ1UnsmGNN2VvaNwxKJh0SoSl11MehDZpebQq5Mcz9tM2TOGHpOy1EOsP8M0hshQhTrZPaWxWLetoz5bNWxx42Px1kaNKQmtzrHtLs6fsFbmwFwmlLTskDKcXe4w1DkWn4ESmpqGEPREH7zgEuwrS+yj6Pvf/37/5gHhhRde8Bbev07hFVYnXTKuyWAp14a68gc3guNk7JKNVuu8/nOxmriFMJSl4tuu2oX1SpfoGbCUl5dvAAv66quvYuWpwRu24vvFompWm1FQOaW5fOc736HsN+G/+OKLjI12+1SD8lrWkpJbgukPwX1HkILgcxHIgruUSDFSVJ6AfS0oGENzhFpU/+sSTJemV/GgSy6qOipTugnIUXprVkEusabg/iHGZ599FvdLL1vFVhQYU9KIgNXKS60mYIXMB5uPmXdrWbxWd+2x0x9TtU41q0l2d9VWcl6qHxcLrMVuhu4fEdLUfTaZJTMgZOZwJHQvjYvUoHFQLmVgqGv0Uu9m6TMzQTW3TvrZngBN0BydAaO4SVk/DVlb/XRk4DDrFO/x7Rut6G4RzSV2SRCZjVz45ZdfprRlKe1jZVgjCwHsGRQBi0YphQiYTM+eoPJgNc0Il0vZoKQqD92QDDiyYUxoM6hBFoL6BWcp0UAoqflKxKZfwPnUU0+ZyNNPP213PfPMM6bgq5emwtQvTjtEDXzFrH4GBKEUvGo/7jEyJcjFWOWgsbxUXhn1k3G+KseaRmkuErlsFlgo9soorJKw1DRNlqZcypPLhrHBHO6e3N5mPJi9lGCP9k78tp8dlb2pqS2uSNW292zXNjMvbyr2sM2MPTMowSVZcKO94ckVexXwGqEGegYq6T0GlIHFoceGaHrz6P0pl7xwr1NetXmR5RIZG6XhRZY0ZtkQWUzlVVgaxpgX7pIxM5piyoKVYYimGsjARp1g4j01sRaNPBwMaXVPAv3UVUIdxjo/PLAiFgJD9i1EB8tgHTanc3+E0snrhMFpBpSDhggmMjyOhnCCIdyU9cFi6b8+eCvV1T6Ebr/9dt9Fd9xxh9dW8qc+9Sl6bMjrrN4aZczRyrYKAmpUG0kiQllwGt1mxlj/+QqCQWrIV7U6U2NBJ8m6YYgNX+m8VVvKfo/jvffea0Hvu+8+S3zPPfcY+uQnP6k2o161+wcbfPIxOKvfpKRWf3tA3kkK1sjqyGtU5e0lwQniaBR26ctQHKllVExf0pRtby5S2Higft2u89Caij9yyzesnkGXseYcD11zNr0Sm5JqZFWQahTXkEYo4tOf/jQ2fwatIj0zreGbC2Olq9Wl0lmadq3RcdMgtLpNQGtAv2D2tKpMw2g7YDZEStVzaetbVHdLt4Qzzh2SnL5ozBKMErqLHIsZd5k9y+4lKJGMq29XnuKG2AC5phtVHksLpsjWyeq61FswfW0hdHgR9IFgdiz1gZc4za6Ak2tKimGVc9yHsLbBgfaEMtrcZGW4xLN1LAcN1PxhcSrApci6XZCOP+AIIrR2RpnpJ+iblmpj3VZz0YBxtygXguBgXhIxI6x5HKBhb1QWljYhX1tLD7szbTCsh3sB9Qd0xqWA9LK3zdgTVvtP/3Q5pSlIxIxx/azPdVJk8RlzYW/VcElFM2pIeRYuFlDBhLwwx7otC1/M0uxk0SvbzCO5VwHsZQL3hmTraiAbJSnGdBS5Gnb62Wl12gyg2yx7UeidCXu6e+r3LuKS4A3A+0Hx5TLaCxCNF4JqYOMVgX3vMTTiUIqZIxdD3jymbGBAaYijIWaMc8SUapAOB0p5CXLh3mAwRzFZ0mORheVeSVVbfPVzpGHWy5xclY0Z0IvJXidxnUnGDIwqA7vsiGjHgpaufXTVDwwTwq5knEvunRt40CUuheMFd4NgQ7iTh8GOhnCbwRQoMxsXSkJTMCmXLZb+mGlfij6QvHD7KHz++ed9IHl5JTz22GP02Mvrk08+qYd99fYiruGi6XD9weITpCZjrZNXS1tEAt/Q2tErhpfKp1dQo6rW+sqrQm/PlrKPN+VRPvHEEyohe+H2hq3Ub3/728o2C6/dvoMff/xxXsx6BRekjwqpBVebRO6RsFb19MvnJVWYRCzrDxaEu1b42nSpAJcmQhazl/6+pHMk1Jn6DyalLZgsFxm37njlPzCXozweHP4vmVlJLKVeKEVNleWyzwuTZ2D+uH+yX1PY6A77JkBJIxpBoaZnqcxZuS5V7LIGye3UsDYa5FRyvjiqcM8hGoeOwtg0N167o7Xk20nEnsDF8eRIddnxTemwC5mJyYC+g9vJ2KFJCR3lRmfHyDW31rDslBWgQmioZWhrNlnL1j7TEK3QN4I9apSSpVHGLK3HLEnxoeBQojSNagj7GjKdaTdoNUFkSrkExy5jJbk3pM6sPUSujPpsFjQEZpS8wP0MNNgoKGBVd/qDEx3GaqswjmzMlIv92qX4EpljbWy+4BKaBReW9puktpxGORq0zjajtLtMgU13OIiJJS0+L7lMVp3sNZwv0IBKaNiIUDqO3An1hD4b6yW1CNLZzKIJwsZQM6oVysAuObIXWRZMVgZfwdkoDDRHl3quex7beB7k2ItFu7dOtr41hKA2rM6Wng3YqLGtLoKYWJB2MkEKgsj0Xh3sc68OuHdfed1ovYuwAfUAA8zdkJi9bXhpZuD1mpKGzIvg0hu2gD6kyF7BsU8QGq/pvbuT5aIXFjdlMY1WEplNTcAiB2ZcmKmzt3bRKobGlwD7ihEWM+YlJnnqx2QaeqPc+cpC0JzevRwObvne2Gxm/W8JkjF5LqH+W6yOFO5xBw52SYilMITJKsEdMmRKTCYAoSGFCaJgxthQpebChoCbQpOtmdbCHPtAsiI+e7yzgm/H+++/n+ahhx4y+sgjj+jkAw88wKzFcikOQQ+nOQSRsZJolKR1CmgR67y8BOArdTsHVF6vBnrVdJgxBpVYSh9vlvLBBx8U6uGHH/aRRvZ67dNOwb6AFa/ILtVvSOVcKO0QERQjrPL02Rq5azpSZOwGoW8zCK5CEeTyHm/WfShqVEoNNCmazJTKhmyCspi+qbVS5iKjPUPA5CYYjx5oEhRTSVidx4EugZSKk0YOk6mhBHNTrmr6eFWuOrSMscrY0OsCS9BNjszoLVWbnr05t4FcKrGKpXeOwJx6nbnOGsefU0bv2uuVrn3YJaXbgKPDCLNn7IzjztEldE7BOs+PI55GQGaUckkqF3tnYo+EyjB61LQgUQWAfg1PAd2NdbOmt+dwm5VgwVozbSHohj1dT7rBCE2taZZiz1LlajORJrsXyWZHvkElFSZsLFHVTpZBM92DZDbNz7cKM9NGlWigquYpWLcLwh7qjPjQ0HFbrNeLQIPLqCES1Zn2T8e0HWgLdYOpgXEBIZlSltz1maMmE7QdyMDdQmi4UZbsZVwzO45OGno2rZekuXBvyWxgzL34DOixy7woi09uA5h76wvqNGubzVPZo3qe057Z+taaNh3GpqMeqLB6aGg17PiBTazzIti9vQGQQ5deEWTxAkHuDdg7wehll9qbAfTqYIgsGjPsPYPGOwdlX7r0GRNc+hQg9FngrYimv/XmFVy6XAyBdBO/MsSvMHLFCIuDIZYKoFSAGfW96zWIMb1o1RBcNilKMRmcxW901XJ8GQvLQCUaaEXcYgRbtxOAYKXOBDY4My6xIWuXO25FYpcta/IYGyVT4iwpu8RKolQ2l8qbIpkBAbSC3lxmmfos89VkvlbB66nvKOiT0Rr5XrIuPiV10icmM6Pa4rLu6cmxdS7+QfSyTDG6J7tWU7Y6WBCO+TLgwsY0j9Ph4jbnC/Qcx0udltL7tMuK8fFKQzaR/i2/6le5l2+VGzIpcu5qVoywFkIut4Z7udOJLKMyaiYzhbVzRODu+9Al2dbSPTKbdgtZnQzEZ4DpOYK2WAgQXNi2RNvDzYiTY6NwzH9h3bWng849fjx0tazWl35aKZ82KUvKqlGHyjAXGqOMMS+gFIQBbs2U2Mx1Z2pVhPQdlOAsc6x0zjqnRoYM9JFxIEPHpZMIZ1YQp55DKtkodn6NAVl8Bs5ER2EvLzQdtZJSGmXGd2U+DncpsNTDO1ZRB5pR/V19Pnab7rdOpt+OtHKaELtkQGCcu4CmVgGh+mcWMRxduPrBeVYnFHbVctU+WBvg9LTOkpBXjU2mzLII+eI0mOW4qFBVPRhyH5Slmpk1wTWJK0hTalhpj7cxZdcru8hlmn0WkExP6DZgRtBwjpqPEyiL4LI4akvYFyuMSwwTn/2AVxHiMai2OmBGpmbiFtQes9Pabz2ne0K3PxkwqxU1tkv41f2/eva/efaX/+qXjz706A3/ww0v/4uX3/7Zt//7+//9f/rX/+nJzz755r9888273iwstKu9IpC9NEjaGwx59L1YhOV07H8RukFw7xlcKDEzeuzSENlLNsE7NyWmp6GXCxs6Qi8IblR8sphG7eR5QakJbIwSMN+yUHrfYhDv9WcZ8i2OmCKrH8tFX95mB4yhniujzseUrYKGH7ffwtyAYybUzgUp4IDSEPdYbWOMM8bQZawwBqrlklypRgubQImZ4VlfSm+oOuCbR7t8/1gU8ClF9g1ndbAhmsxEqJkEFYbiTzE0itE3mtrI1+X0n8ASOLLXura9rQs0NYGLXOpUsKoqg8b3npVSGH1F+pBTsI89YMnAZR/xmdFXgMgSudGOW/HiHnQDdtdIquf1R1guvgzlne9DAXWMXGEMaDITHNPTYGiCoA8gsuzHnbnOvUDunh24HHS4Kfg4N6Xpe6K7RZWlIbgsX6UzwIxz0SyajIExDWOC4gg6zl5xLqfKSpFeszSoE3AOyuRpH8wjAZOBki8b3DHnZHTZ+ThH6jADSrL4DHp59HIgUe8vBGBjlBlwwVUoo+zDlOEo5eK51YyanZkSzJ1geQi41ZpuxJmt1Tl6MvElrQDcLGaaybh5ZYMHu1IoXMw4GB0zcWiKX5fi8kKWCSkz8FLFq1crrLc1FuokMKvOXAy5JMfZhMzYKKau6p6eYM2pmdrVTtjnAscCLLAHvWWs1W3CjgZwfLQnLYRQLHMRc/mdvnq5s8HM9sUy1JKlzybeLxkQYpWXCOSqD3Zab2C9SdiBTd9Emrh6piRCmt/6h9/6wOsfeOdL7/zQGx+64Ts3vPeX7/3Nj3+TfNOPb6J/xxvvKCwWk9AOx5J6b9b8ePTMwrhgxrm0sr3jY9WOiyGXvWF7Oyd7Qaf35k2TPhugL75oLkWO2ezFsFnmB/iWhVJqBl7oMZkmPZeT9UqBGRjKTORcipzLGAMDozpP0Hxs77mcTQ6E5HZmQy2iy2HKYwdvyIswZsXPeHeZy+HdeFyyxC5xlZuFS9Nk33eO7x8z7fvHuvgiAl9HZF9K9H0v+cLTFkO60foSxAxi4smCpS4XM7nqPA5kqXMENYOdzIvAnrIUUqsTS40VJruS1FxhFak8BfvYA5Zd4j6UZeQlZoVZjk6D2CVWNqgKtxnqjzj1B9PjJmKIjA1hWeilNpQxNMEil9fscBlD8mgSFDYVwnHm+L80Jqwv6pBMglpJoJyalM4MM1MBDb1RNoGSZtpBiBWn0KO6iyI6U5xH0DnlIOtQG56jzeh6Kp1e/HMkYHEwDTMuc/Bhl8OMi9+Z643BJXYu92ZHAEpgD8KyL4v4AxkHJ9UFaNg3BLX46P3q/rETL55AcT2hrCFQUhWCSnD1TzF7SYTyAnnQZSwmwRIPaOKGxkxMwp4FMhjkFQShiV1mX5AR9pjNYh5alGa3On3lcUXZEHAp8lH0epndUW/B0ElaOA0v6G3Q4Z0N1XOXuSTncnguHOEuUA2wpv5WqObpCSE2IxPHzbQp6wZhdjsDl9hQlkAP9Df90013//juD33nQ/e9cd+NT9/44V9++F0/etf9P7v/pmdvuuf1e+g/+IsPZhy42NKxOH2v2P84vbxjWSJMrpgpKX3GwyJg0fDcTXxlKTKmxAOXe+RhxmXPJlDi6qzyeCrPGO/YY+6RhzNLYECwOuS989P/M8xQPYnp4wmLQ8oMxjjNcJYJozyLnz7LwT6kJzE9NoTN3epYFPAJRPZRpIfz9c+3zcAeuzzibp2Z+FiXzkoKLoGwO86dS4Aj6No/qqoeUJJilETpc85oH3W4UlWoVGDZt5+vO8rMRCis+G7Pbthu3m5YetVWEmNC34Eiu4xpcF0SU3AG9cfXMA02ihkYpZnJCluKbvC55RN2+YzBMXKcmwJ1t4hbd0aQhtCQZNe8AVbnT9WAUqamy5Wts+s4QzsBwVPcQwiTPaHpPY2S6ZMpYfX2QDLWX6NklpBL2L2YpfFOIKD3g1hS4BUoIXeORS5CDGtNr42mBnV2dfgq1Adcf/aVy7FEFVAlasAV01BylquiQ0iJc+Eb08SNxgOXUMxcNCGmTCZUyc4tllerOA17Mg4sY0MMMtNz3CrQZxO6jKHymuDe2x3T9jGYPkO9tSFt0WCL2qjaTtlC5HUZexxIHg67HE7OFxtgoDzTaS7TdoJWEDAZjLrMBhoaaJG24OSMyZQzmkECjDHWWPbDOQ4mTsyFGVYGTfJhd4EurSm2mlziIpfREK7IWLTY0EQeDkWOizYbbHiKIY9QUiwas3h32Y2BAWgjeQqL6YcHu5LZ7thazOgIsYzD18wywvDExC7jkLxH2Kc8TZBO3wZG3Xr03XqzWFwIw6HIA0OS4vKmiaF+dpkj40CmyUAukDf4olOVDzbKvkR9ztGQjfqc6wMUJyiekoHRErmnpJjbv0v6MKkJvLhwdNmZXyugyqfCMZPLaBnjgog5ScPZnQ4VEzKOB2yOc6fEk14+QnAJhoabTOxyWR047BaYDWb+uKbIutet6P04cxTGLnEgh8zCmUvKMV5+J/Tsd9QSnLnY4RtTBpcwxlCcyRLD1DyahLlsXtfDavvRgZowOA1vwSsDlOQyVipN7Mmxaj+9lsZNqkfLzunjM8e6UWeG6TEDo5CAU3qAMfDWhZNHn32gxLtxr240EypL6HJ4ijFUE8LRkW2Vr8mzEBrbRm1/thVrvlGWg4k5aCEuM+zG5C4TqjA2EWzWLuOEQDY1AiZnjJN3y0CJc9EZGbPJPT0w2zHRppnD9LkMxngMqj8e0DPAYrrcI+dOOXx2WczMdmMyYccYFJlminG5YzfGDLjgCqvICt5Bicdx6i9+uQjJuzLW/10es+BylMWppD0jfdiVmGYvZuSMQ8aE3WDiZ0PvEoe56RjEY4zDyAlxkWdo5NEAJZgyuE1CmgkCVZJAP8wg2VDGyUCvWuizkGCoyFK4i+eZcpye6/yEVcip/7xwjp0/MRQqFHBcCLnUt8qDDLLHpZu8U8MIYb88hN/8n2/7xn/877797W/fcccdf//3f+9r2puFHMacU76vf/rTn95yyy3f+9737rnnnqeeeuqhhx56+umn77777r/7u7+j/8lPfsLGoWbmvLyYiCCOaM8///yDDz74+OOPf/rTn37xxRc/9rGP/fCHP/zABz7gRUP1ivZ099kugjivvPLKJz/5SS733XffCy+88PGPf1yQD37wg959TLvjUhfUJsIPfvCD22+//Tvf+c79999fMcr76Ec/+vrrr994443eSmqN+O9973vfeOONj3zkIy+//PJdd9317LPPil8xgijVi4ywgoNE0kkq9cR/5plnFCa+IEoV0DtRKyqRdD/+8Y9vvfXW7373u/rDuPq5C6JU8bXFntBM+0YxH/7wh022YjRTS2tm9YuvbGujRRp10003NVkxtfGJJ5544IEHFKY/1a/hLZYlEN9iNVk1i8+4+mnojbZY7O0kvtNM8Wvmpz71qZdeeqnFkr3FUo+q2gx7fCXZOXfeeacZ3XzzzV5XbehesHTV3NsMqq2ZJlv82267Tfz3v//9Xi3bDLpqM2imPuiGZj755JP2z3PPPSf+q6+++qEPfUh8a7QvFuX3v//9T3ziE8rQTP2Z+EKJr2wrBRLNYjEQn3HxuQti3dsMijcFExHfYkmtgBZLSffee+8sloJnM4gv3Y9+9COpxbcNGOtPi/Xaa69NfHdKm8F0NG02g2L0fzbbLJbmW6w2g6a1WDf+zo3kh/75Q202i2gpLWiLxYtvd5ZoNpjI4ssi12wGNaikO9edpUJ1tlh2jjvXks2dK/ssVnfWHr/FKr4Z6du+GS4vFmP91yW9siLWpTt3HWjvOLuz9Jyx/s9mKL6ws1guZ7GKb7NZZYslSItVfIulmfti2TNtho7BWSxtmcVy57ZYFkgzH3744TaD8mYzXL5za6ZtoJniO98uH7MtVnfWLJbJvsWdy3fuLDFbLFlmMxhVg/jduRZr4oup8uK3GczL7PbNYO7XXKx9M4ivk925+2JpZvFbLEGsS8e427aToWO2+N1Z6p8717pYHWFbLPWLb7OJX3+4KMbETVYQkxWwY3w2w9xZ9cdkOdLYsVphsTRz7lzxJbWOHeP6P8d4d5aGa7vm8NIoxYg/zXzkkUfUbzO0mecYn8XqzjJZPfmffve1/w/SSUkQvB8dkQAAAABJRU5ErkJggg==</CompositeModelImageObj>
          <IsSkipFidProcessing>false</IsSkipFidProcessing>
          <IsSkipMark>false</IsSkipMark>
          <LocationTolerance>3</LocationTolerance>
          <MinScore>0</MinScore>
          <ModelUseRotation>false</ModelUseRotation>
          <SubPixel>false</SubPixel>
          <SubPixResolution>SubPixResolution2</SubPixResolution>
          <LocalSearch>LocalSearchFast</LocalSearch>
          <MinScale>0.99</MinScale>
          <MaxScale>1.01</MaxScale>
          <CircularData>
            <ExpectedDiameter>2</ExpectedDiameter>
            <DiameterTolerance>1</DiameterTolerance>
            <FoundDiameter>0</FoundDiameter>
            <UseFoundDiameterAsModel>true</UseFoundDiameterAsModel>
            <SyntheticDesc />
            <ColorType>White</ColorType>
            <IsDiameterToleranceCheckEnabled>true</IsDiameterToleranceCheckEnabled>
          </CircularData>
        </FidBaseData>
      </Fids>
      <SkipMarks />
      <Instructions />
      <SkipMarkBehavior>SkipIfFound</SkipMarkBehavior>
      <IsSkipMarkEnabled>true</IsSkipMarkEnabled>
      <LoopCount>1</LoopCount>
      <WorkpieceLmoOffset>
        <XY>
          <X>0</X>
          <Y>0</Y>
        </XY>
        <ThetaDegrees>0</ThetaDegrees>
      </WorkpieceLmoOffset>
      <IsWorkpieceLmoOffsetValid>false</IsWorkpieceLmoOffsetValid>
      <FofEnable>false</FofEnable>
      <UseOptimizedPath>false</UseOptimizedPath>
      <WorkpieceAngle>
        <Enabled>false</Enabled>
        <WorkpieceAnglePoint1>
          <TaughtPoint>
            <X>0</X>
            <Y>0</Y>
          </TaughtPoint>
          <IsTaught>false</IsTaught>
          <IsValid>false</IsValid>
        </WorkpieceAnglePoint1>
        <WorkpieceAnglePoint2>
          <TaughtPoint>
            <X>0</X>
            <Y>0</Y>
          </TaughtPoint>
          <IsTaught>false</IsTaught>
          <IsValid>false</IsValid>
        </WorkpieceAnglePoint2>
      </WorkpieceAngle>
    </RecipeWorkpiece>
  </Workpieces>
  <Patterns>
    <RecipePattern>
      <IsFirstFidOrigin>false</IsFirstFidOrigin>
      <Name>Dots</Name>
      <DiagonalDistanceTolerance xsi:nil="true" />
      <ReferenceFrame>
        <XY>
          <X>0.002</X>
          <Y>0.002</Y>
        </XY>
        <ThetaDegrees>0</ThetaDegrees>
      </ReferenceFrame>
      <XLocation>0.002</XLocation>
      <YLocation>0.002</YLocation>
      <OriginImage>Qk2mcBQAAAAAADYEAAAoAAAASAUAAN4DAAABAAgAAAAAAAAAAADEDgAAxA4AAAABAAAAAQAAAAAA/wEBAf8CAgL/AwMD/wQEBP8FBQX/BgYG/wcHB/8ICAj/CQkJ/woKCv8LCwv/DAwM/w0NDf8ODg7/Dw8P/xAQEP8RERH/EhIS/xMTE/8UFBT/FRUV/xYWFv8XFxf/GBgY/xkZGf8aGhr/Gxsb/xwcHP8dHR3/Hh4e/x8fH/8gICD/ISEh/yIiIv8jIyP/JCQk/yUlJf8mJib/Jycn/ygoKP8pKSn/Kioq/ysrK/8sLCz/LS0t/y4uLv8vLy//MDAw/zExMf8yMjL/MzMz/zQ0NP81NTX/NjY2/zc3N/84ODj/OTk5/zo6Ov87Ozv/PDw8/z09Pf8+Pj7/Pz8//0BAQP9BQUH/QkJC/0NDQ/9ERET/RUVF/0ZGRv9HR0f/SEhI/0lJSf9KSkr/S0tL/0xMTP9NTU3/Tk5O/09PT/9QUFD/UVFR/1JSUv9TU1P/VFRU/1VVVf9WVlb/V1dX/1hYWP9ZWVn/Wlpa/1tbW/9cXFz/XV1d/15eXv9fX1//YGBg/2FhYf9iYmL/Y2Nj/2RkZP9lZWX/ZmZm/2dnZ/9oaGj/aWlp/2pqav9ra2v/bGxs/21tbf9ubm7/b29v/3BwcP9xcXH/cnJy/3Nzc/90dHT/dXV1/3Z2dv93d3f/eHh4/3l5ef96enr/e3t7/3x8fP99fX3/fn5+/39/f/+AgID/gYGB/4KCgv+Dg4P/hISE/4WFhf+Ghob/h4eH/4iIiP+JiYn/ioqK/4uLi/+MjIz/jY2N/46Ojv+Pj4//kJCQ/5GRkf+SkpL/k5OT/5SUlP+VlZX/lpaW/5eXl/+YmJj/mZmZ/5qamv+bm5v/nJyc/52dnf+enp7/n5+f/6CgoP+hoaH/oqKi/6Ojo/+kpKT/paWl/6ampv+np6f/qKio/6mpqf+qqqr/q6ur/6ysrP+tra3/rq6u/6+vr/+wsLD/sbGx/7Kysv+zs7P/tLS0/7W1tf+2trb/t7e3/7i4uP+5ubn/urq6/7u7u/+8vLz/vb29/76+vv+/v7//wMDA/8HBwf/CwsL/w8PD/8TExP/FxcX/xsbG/8fHx//IyMj/ycnJ/8rKyv/Ly8v/zMzM/83Nzf/Ozs7/z8/P/9DQ0P/R0dH/0tLS/9PT0//U1NT/1dXV/9bW1v/X19f/2NjY/9nZ2f/a2tr/29vb/9zc3P/d3d3/3t7e/9/f3//g4OD/4eHh/+Li4v/j4+P/5OTk/+Xl5f/m5ub/5+fn/+jo6P/p6en/6urq/+vr6//s7Oz/7e3t/+7u7v/v7+//8PDw//Hx8f/y8vL/8/Pz//T09P/19fX/9vb2//f39//4+Pj/+fn5//r6+v/7+/v//Pz8//39/f/+/v7//////zY2Nv82Njb/NTU1/zU1Nf81NTX/NTU1/zU1Nf81NTX/NjY2/zY2Nv82Njb/NjY2/zQ0NP80NDT/NDQ0/zQ0NP81NTX/NjY2/zY2Nv81NTX/NjY2/zg4OP83Nzf/NjY2/zY2Nv83Nzf/Nzc3/zg4OP84ODj/ODg4/zg4OP83Nzf/Nzc3/zY2Nv82Njb/Nzc3/zc3N/84ODj/OTk5/zk5Of86Ojr/Ojo6/zk5Of84ODj/Nzc3/zY2Nv81NTX/NjY2/zg4OP84ODj/ODg4/zg4OP84ODj/ODg4/zk5Of85OTn/OTk5/zk5Of85OTn/OTk5/zk5Of84ODj/ODg4/zk5Of85OTn/Ojo6/zo6Ov86Ojr/Ojo6/zk5Of85OTn/OTk5/zk5Of86Ojr/Ozs7/zo6Ov86Ojr/Ojo6/zk5Of85OTn/OTk5/zk5Of86Ojr/Ozs7/zw8PP88PDz/PDw8/zw8PP87Ozv/Ozs7/zw8PP89PT3/PDw8/zs7O/87Ozv/Ozs7/zs7O/87Ozv/Ozs7/zs7O/87Ozv/Ozs7/zs7O/88PDz/Ozs7/zk5Of84ODj/OTk5/zk5Of87Ozv/PDw8/zs7O/86Ojr/Ojo6/zs7O/87Ozv/PDw8/zs7O/85OTn/Ojo6/zs7O/87Ozv/Ojo6/zo6Ov85OTn/OTk5/zo6Ov86Ojr/Ojo6/zo6Ov87Ozv/Ozs7/zs7O/87Ozv/Ozs7/zs7O/87Ozv/PDw8/zw8PP87Ozv/Ojo6/zk5Of85OTn/Ozs7/zs7O/86Ojr/Ojo6/zk5Of85OTn/Ozs7/zw8PP87Ozv/Ojo6/zo6Ov87Ozv/PDw8/z4+Pv8/Pz//QEBA/z8/P/89PT3/PT09/z4+Pv8+Pj7/Pz8//z8/P/8+Pj7/Pj4+/z09Pf88PDz/PDw8/zs7O/87Ozv/PDw8/zw8PP89PT3/PDw8/zs7O/87Ozv/PDw8/zw8PP89PT3/PT09/z4+Pv8+Pj7/PT09/zw8PP89PT3/Pj4+/z4+Pv89PT3/Pj4+/z8/P/8+Pj7/PT09/z4+Pv8/Pz//Pz8//0BAQP9AQED/QUFB/0BAQP8/Pz//Pj4+/z8/P/8/Pz//Pz8//z8/P/8/Pz//Pz8//z8/P/9AQED/QEBA/0BAQP9AQED/QEBA/0BAQP8/Pz//Pz8//z4+Pv8+Pj7/Pz8//0BAQP9AQED/QEBA/z8/P/8/Pz//Pz8//z4+Pv8+Pj7/Pz8//z4+Pv89PT3/Pj4+/z8/P/8/Pz//Pz8//0BAQP9BQUH/QkJC/0FBQf9AQED/QEBA/0BAQP9AQED/QUFB/0JCQv9DQ0P/Q0ND/0RERP9DQ0P/QkJC/0FBQf8/Pz//Pz8//0BAQP9AQED/Pz8//z8/P/8/Pz//Pz8//0BAQP9AQED/QEBA/0BAQP9AQED/QEBA/0BAQP8/Pz//Pz8//z4+Pv8+Pj7/Pj4+/z4+Pv89PT3/Pj4+/z8/P/9AQED/QEBA/0BAQP8/Pz//Pz8//0BAQP9BQUH/QUFB/0BAQP9AQED/QUFB/0FBQf9CQkL/QkJC/0JCQv9BQUH/QEBA/z8/P/9AQED/QEBA/0BAQP9AQED/Pz8//z8/P/8/Pz//QEBA/0BAQP9BQUH/QUFB/0BAQP9AQED/QEBA/0FBQf9CQkL/QkJC/0FBQf9BQUH/QEBA/z8/P/9BQUH/QkJC/0RERP9FRUX/RUVF/0VFRf9ERET/QkJC/0JCQv9BQUH/QkJC/0VFRf9ERET/Q0ND/0JCQv9BQUH/QEBA/0FBQf9CQkL/Q0ND/0RERP9ERET/Kysr/ysrK/8sLCz/LS0t/y4uLv8vLy//MTEx/zAwMP8uLi7/LCws/ygoKP8mJib/JCQk/yMjI/8hISH/ICAg/yAgIP8gICD/ISEh/yIiIv8iIiL/ISEh/x8fH/8bGxv/Ghoa/xgYGP8XFxf/FhYW/xYWFv8VFRX/FRUV/xYWFv8WFhb/FRUV/xUVFf8UFBT/ExMT/xMTE/8TExP/ExMT/xISEv8SEhL/ERER/xEREf8SEhL/FBQU/xcXF/8aGhr/Hx8f/yAgIP8iIiL/IiIi/yMjI/8jIyP/IyMj/yMjI/8jIyP/IyMj/yMjI/8kJCT/JCQk/yQkJP8kJCT/JSUl/yUlJf8kJCT/JCQk/yQkJP8kJCT/JSUl/yUlJf8mJib/Jycn/ycnJ/8nJyf/JiYm/yYmJv8mJib/JiYm/ycnJ/8pKSn/KSkp/ykpKf8pKSn/KCgo/ygoKP8pKSn/Kioq/y0tLf8vLy//MTEx/zIyMv8xMTH/MTEx/zExMf8xMTH/MTEx/zIyMv8yMjL/MTEx/y8vL/8sLCz/Kioq/ygoKP8nJyf/Jycn/ycnJ/8lJSX/JSUl/yUlJf8lJSX/JSUl/yUlJf8lJSX/JSUl/yQkJP8kJCT/JCQk/yUlJf8lJSX/JiYm/yUlJf8kJCT/JCQk/yUlJf8lJSX/JiYm/yYmJv8oKCj/KSkp/ysrK/8sLCz/Ly8v/zMzM/83Nzf/PDw8/z09Pf8+Pj7/Pj4+/z4+Pv8/Pz//QUFB/0BAQP89PT3/PDw8/zs7O/87Ozv/Ojo6/zo6Ov85OTn/ODg4/zg4OP84ODj/Nzc3/zY2Nv80NDT/MjIy/zIyMv8zMzP/MzMz/zIyMv8yMjL/MDAw/zExMf8yMjL/MzMz/zMzM/8zMzP/MzMz/zIyMv8yMjL/MjIy/zIyMv8yMjL/MjIy/zExMf8wMDD/Li4u/y4uLv8uLi7/Ly8v/zMzM/84ODj/RUVF/01NTf9SUlL/VVVV/1BQUP9LS0v/RERE/zs7O/85OTn/NjY2/zY2Nv81NTX/NTU1/zU1Nf83Nzf/PDw8/z09Pf8+Pj7/PT09/zo6Ov83Nzf/NDQ0/zIyMv8yMjL/MjIy/zIyMv8yMjL/MTEx/zAwMP8wMDD/MTEx/zIyMv81NTX/PDw8/0tLS/9PT0//UVFR/05OTv9BQUH/ODg4/zQ0NP8xMTH/MjIy/zIyMv8yMjL/MTEx/zExMf8wMDD/Ly8v/y4uLv8uLi7/Ly8v/y8vL/8xMTH/MTEx/zIyMv8yMjL/MDAw/y8vL/8wMDD/MDAw/zAwMP8xMTH/MDAw/y4uLv8wMDD/MzMz/zw8PP9MTEz/UVFR/1ZWVv9SUlL/RUVF/z4+Pv82Njb/MzMz/zIyMv8yMjL/MTEx/zExMf8wMDD/MDAw/zAwMP8wMDD/MDAw/zExMf8xMTH/MjIy/zIyMv8yMjL/MjIy/zExMf8xMTH/MTEx/zExMf8xMTH/MTEx/zAwMP8wMDD/MTEx/zExMf8xMTH/MjIy/zIyMv8yMjL/MjIy/zIyMv8yMjL/MjIy/zIyMv8yMjL/MjIy/zMzM/8zMzP/MzMz/zMzM/8zMzP/MzMz/zMzM/8yMjL/MjIy/zExMf8yMjL/MzMz/zMzM/80NDT/NDQ0/zQ0NP80NDT/NDQ0/zQ0NP80NDT/NDQ0/zU1Nf82Njb/NTU1/zU1Nf81NTX/NDQ0/zQ0NP80NDT/NDQ0/zMzM/8zMzP/MzMz/zMzM/80NDT/NDQ0/zU1Nf81NTX/NTU1/zU1Nf82Njb/NjY2/zY2Nv9DQ0P/QUFB/z8/P/8/Pz//PT09/z09Pf87Ozv/Ojo6/zg4OP81NTX/MDAw/ysrK/8gICD/Gxsb/xgYGP8YGBj/HBwc/x8fH/8jIyP/Jycn/ywsLP8yMjL/OTk5/0FBQf9ERET/SEhI/0dHR/9FRUX/RUVF/0dHR/9ISEj/SUlJ/0lJSf9HR0f/RkZG/0ZGRv9GRkb/RkZG/0VFRf9AQED/Ojo6/zc3N/8yMjL/LS0t/yUlJf8hISH/Ghoa/xkZGf8ZGRn/Gxsb/x4eHv8jIyP/Li4u/zQ0NP84ODj/Ojo6/zo6Ov86Ojr/Ozs7/z09Pf88PDz/PDw8/zs7O/87Ozv/PDw8/z09Pf89PT3/PDw8/zw8PP87Ozv/Ozs7/z09Pf8+Pj7/Pj4+/z09Pf8+Pj7/Pz8//z09Pf88PDz/Ozs7/zs7O/87Ozv/Ojo6/zk5Of84ODj/ODg4/zk5Of85OTn/ODg4/zg4OP84ODj/ODg4/zc3N/82Njb/NDQ0/zIyMv8rKyv/IiIi/x4eHv8YGBj/GRkZ/xsbG/8hISH/LCws/y8vL/8zMzP/MzMz/zAwMP8uLi7/LS0t/ywsLP8rKyv/Kioq/yoqKv8qKir/Kioq/yoqKv8rKyv/Kysr/yoqKv8pKSn/KSkp/ykpKf8qKir/Kioq/ykpKf8mJib/IyMj/yEhIf8eHh7/Ghoa/xYWFv8VFRX/FBQU/xQUFP8UFBT/FhYW/xgYGP8dHR3/Jycn/ysrK/8xMTH/MjIy/zExMf8xMTH/MjIy/zIyMv8xMTH/MDAw/y8vL/8uLi7/MzMz/zc3N/8/Pz//SUlJ/0lJSf9KSkr/Pz8//ykpKf8iIiL/GRkZ/xkZGf8dHR3/JCQk/zg4OP9ERET/SkpK/09PT/9PT0//UFBQ/05OTv9MTEz/RUVF/zw8PP86Ojr/Nzc3/zU1Nf8zMzP/MjIy/zAwMP8qKir/HR0d/xcXF/8TExP/EhIS/xISEv8UFBT/GRkZ/x8fH/8oKCj/MTEx/ygoKP8bGxv/GBgY/xQUFP8WFhb/GRkZ/yAgIP8uLi7/MzMz/zg4OP86Ojr/PDw8/z09Pf88PDz/PDw8/z09Pf89PT3/QEBA/0JCQv9BQUH/QEBA/zw8PP81NTX/MDAw/ycnJ/8iIiL/HBwc/xoaGv8ZGRn/Ghoa/yMjI/8pKSn/NTU1/z09Pf8wMDD/IyMj/x0dHf8WFhb/FxcX/xoaGv8jIyP/MjIy/zY2Nv88PDz/Pj4+/z4+Pv8+Pj7/PT09/z09Pf89PT3/PT09/zw8PP88PDz/Ozs7/zo6Ov83Nzf/MzMz/ygoKP8ZGRn/FhYW/xMTE/8SEhL/ExMT/xYWFv8cHBz/IiIi/y0tLf8wMDD/JSUl/x0dHf8ZGRn/FRUV/xsbG/8hISH/MjIy/0dHR/9OTk7/VlZW/1hYWP9bW1v/XFxc/11dXf9bW1v/V1dX/1VVVf9TU1P/UlJS/1VVVf9VVVX/S0tL/0JCQv8vLy//Gxsb/xcXF/8SEhL/ERER/xEREf8SEhL/FhYW/xoaGv8hISH/ICAg/xgYGP8UFBT/EhIS/xMTE/8YGBj/HR0d/ykpKf81NTX/NjY2/zg4OP8zMzP/LS0t/y4uLv8wMDD/MTEx/zMzM/8yMjL/Ly8v/y0tLf8qKir/Jycn/yQkJP8gICD/GBgY/xMTE/8SEhL/ERER/xMTE/8WFhb/HBwc/yUlJf8oKCj/LCws/yYmJv8aGhr/FxcX/xMTE/8VFRX/HBwc/yIiIv8vLy//NjY2/zk5Of87Ozv/Ozs7/0NDQ/9DQ0P/Q0ND/0NDQ/9DQ0P/Q0ND/0FBQf9BQUH/QkJC/0FBQf9AQED/QEBA/0BAQP8/Pz//Pz8//z8/P/9AQED/QUFB/0JCQv9DQ0P/Q0ND/0JCQv9DQ0P/Q0ND/0NDQ/9DQ0P/Q0ND/0NDQ/9CQkL/QkJC/0JCQv9CQkL/QkJC/0JCQv9CQkL/QkJC/0FBQf9CQkL/QkJC/0JCQv9DQ0P/QkJC/0JCQv9BQUH/QUFB/0FBQf9CQkL/QkJC/0FBQf9BQUH/QUFB/0JCQv9CQkL/QkJC/0JCQv9BQUH/QkJC/0NDQ/9DQ0P/RERE/0RERP9DQ0P/Q0ND/0JCQv9CQkL/QUFB/0JCQv9CQkL/QkJC/0JCQv9CQkL/Q0ND/0RERP9DQ0P/Q0ND/0NDQ/9DQ0P/Q0ND/0RERP9DQ0P/QkJC/0JCQv9CQkL/QkJC/0JCQv9CQkL/Q0ND/0RERP9ERET/RERE/0RERP9DQ0P/Q0ND/0NDQ/9DQ0P/Q0ND/0NDQ/9DQ0P/Q0ND/0NDQ/9DQ0P/RERE/0RERP9DQ0P/Q0ND/0JCQv9CQkL/Q0ND/0NDQ/9DQ0P/Q0ND/0JCQv9CQkL/QkJC/0JCQv9CQkL/Q0ND/0NDQ/9DQ0P/Q0ND/0JCQv9CQkL/QkJC/0JCQv9DQ0P/Q0ND/0NDQ/9DQ0P/QkJC/0JCQv9DQ0P/RERE/0VFRf9HR0f/RkZG/0VFRf9FRUX/RERE/0NDQ/9DQ0P/QkJC/0JCQv9CQkL/RUVF/0VFRf9FRUX/RERE/0RERP9ERET/Q0ND/0NDQ/9DQ0P/Q0ND/0NDQ/9ERET/Q0ND/0NDQ/9ERET/RUVF/0VFRf9ERET/RERE/0NDQ/9DQ0P/Q0ND/0RERP9DQ0P/Q0ND/0NDQ/9DQ0P/Q0ND/0NDQ/9ERET/RUVF/0RERP9CQkL/Q0ND/0RERP9FRUX/RUVF/0VFRf9DQ0P/Q0ND/0NDQ/9CQkL/QkJC/0JCQv9DQ0P/RERE/0RERP9DQ0P/Q0ND/0JCQv9CQkL/Q0ND/0NDQ/9ERET/RERE/0NDQ/9CQkL/QUFB/0FBQf9CQkL/QkJC/0JCQv9CQkL/QkJC/0FBQf9BQUH/QEBA/0BAQP9AQED/QUFB/0NDQ/9DQ0P/Q0ND/0NDQ/9DQ0P/Q0ND/0JCQv9BQUH/QEBA/0BAQP9BQUH/QkJC/0FBQf8/Pz//QEBA/0FBQf9BQUH/QUFB/0FBQf9CQkL/QkJC/0NDQ/9DQ0P/QUFB/0FBQf9BQUH/QUFB/0FBQf9BQUH/QUFB/0FBQf9BQUH/QEBA/0BAQP9AQED/QEBA/0FBQf9BQUH/QUFB/0JCQv9DQ0P/Q0ND/0NDQ/9DQ0P/Q0ND/0RERP9ERET/RERE/0NDQ/9DQ0P/Q0ND/0JCQv9CQkL/QUFB/0JCQv9DQ0P/QkJC/0FBQf9BQUH/QUFB/0BAQP9AQED/QEBA/0FBQf9BQUH/QUFB/0BAQP9AQED/QEBA/0FBQf9BQUH/QkJC/0NDQ/9DQ0P/QkJC/0FBQf9AQED/QEBA/0BAQP9AQED/QEBA/0BAQP9AQED/Pz8//z8/P/8/Pz//Pz8//z4+Pv8+Pj7/Pz8//z8/P/9AQED/QEBA/z8/P/8/Pz//Pj4+/z4+Pv8+Pj7/Pz8//z8/P/8/Pz//QEBA/0BAQP9AQED/QEBA/0BAQP8/Pz//QEBA/0FBQf9CQkL/Q0ND/0JCQv9BQUH/QUFB/0BAQP9BQUH/QUFB/0FBQf9AQED/Pz8//z8/P/8/Pz//QEBA/0BAQP9CQkL/NTU1/zU1Nf80NDT/NTU1/zY2Nv82Njb/NjY2/zY2Nv81NTX/NjY2/zY2Nv82Njb/NjY2/zY2Nv82Njb/NjY2/zY2Nv83Nzf/Nzc3/zc3N/83Nzf/ODg4/zc3N/83Nzf/NjY2/zY2Nv82Njb/Nzc3/zg4OP84ODj/ODg4/zc3N/83Nzf/NjY2/zY2Nv82Njb/NjY2/zc3N/83Nzf/ODg4/zg4OP85OTn/OTk5/zg4OP84ODj/Nzc3/zY2Nv83Nzf/ODg4/zg4OP84ODj/Nzc3/zc3N/83Nzf/Nzc3/zc3N/84ODj/OTk5/zk5Of85OTn/OTk5/zk5Of85OTn/ODg4/zk5Of85OTn/OTk5/zk5Of85OTn/OTk5/zk5Of85OTn/ODg4/zk5Of85OTn/OTk5/zo6Ov85OTn/ODg4/zk5Of85OTn/OTk5/zo6Ov86Ojr/Ozs7/zs7O/87Ozv/Ozs7/zs7O/86Ojr/Ozs7/zs7O/86Ojr/OTk5/zo6Ov87Ozv/Ozs7/zo6Ov86Ojr/OTk5/zo6Ov86Ojr/Ozs7/zw8PP88PDz/Ojo6/zk5Of86Ojr/Ojo6/zs7O/87Ozv/Ozs7/zo6Ov86Ojr/Ozs7/zs7O/87Ozv/Ojo6/zo6Ov86Ojr/Ojo6/zo6Ov86Ojr/Ojo6/zo6Ov87Ozv/PDw8/zw8PP87Ozv/Ozs7/zw8PP88PDz/PDw8/zw8PP88PDz/Ozs7/zw8PP88PDz/PDw8/zw8PP87Ozv/Ozs7/zs7O/87Ozv/Ozs7/zs7O/87Ozv/Ojo6/zo6Ov88PDz/PT09/zw8PP87Ozv/Ozs7/zw8PP88PDz/PT09/z4+Pv8+Pj7/Pj4+/z09Pf89PT3/PT09/z09Pf8+Pj7/Pj4+/z09Pf88PDz/PDw8/zw8PP88PDz/Ozs7/zs7O/88PDz/PDw8/z09Pf89PT3/PDw8/z09Pf8+Pj7/Pj4+/z4+Pv8+Pj7/PT09/z09Pf88PDz/PDw8/z09Pf89PT3/Pj4+/z4+Pv8+Pj7/Pj4+/z4+Pv89PT3/PT09/z09Pf89PT3/PT09/z09Pf8+Pj7/Pj4+/z09Pf89PT3/PT09/z09Pf8+Pj7/Pj4+/z8/P/9AQED/QEBA/z8/P/8/Pz//Pj4+/z8/P/8/Pz//Pz8//z8/P/8/Pz//Pz8//z8/P/8/Pz//Pz8//z8/P/8/Pz//Pz8//z8/P/8/Pz//Pj4+/z4+Pv8+Pj7/Pj4+/z4+Pv8+Pj7/Pz8//0BAQP9AQED/QUFB/0BAQP9AQED/Pz8//z8/P/8/Pz//Pz8//0BAQP9AQED/QUFB/0FBQf9BQUH/QUFB/0FBQf9AQED/QEBA/0BAQP9AQED/QEBA/0BAQP8/Pz//Pj4+/z4+Pv8/Pz//Pz8//z8/P/9AQED/QEBA/0BAQP9BQUH/QEBA/0BAQP8/Pz//Pz8//z8/P/8/Pz//Pz8//z8/P/8/Pz//QEBA/0BAQP9AQED/Pz8//0BAQP9AQED/QEBA/0BAQP9AQED/Pz8//z8/P/9AQED/QUFB/0JCQv9CQkL/QkJC/0JCQv9AQED/QEBA/0BAQP8/Pz//Pz8//z4+Pv8/Pz//Pz8//0BAQP9BQUH/QUFB/0JCQv9BQUH/QUFB/0FBQf9BQUH/QUFB/0JCQv9CQkL/QEBA/0BAQP8/Pz//Pz8//0FBQf9CQkL/Q0ND/0RERP9ERET/RERE/0NDQ/9CQkL/QkJC/0JCQv9CQkL/QkJC/0JCQv9CQkL/QUFB/0BAQP9AQED/QUFB/0FBQf9CQkL/QkJC/0NDQ/8pKSn/KSkp/ykpKf8qKir/Kioq/ysrK/8sLCz/Kysr/yoqKv8pKSn/Jycn/yYmJv8jIyP/IiIi/yEhIf8hISH/ISEh/yEhIf8hISH/IiIi/yIiIv8jIyP/ICAg/x0dHf8cHBz/GRkZ/xgYGP8XFxf/FhYW/xYWFv8WFhb/FRUV/xUVFf8VFRX/FRUV/xQUFP8UFBT/ExMT/xISEv8SEhL/ERER/xEREf8RERH/ERER/xEREf8TExP/FRUV/xcXF/8cHBz/Hh4e/yAgIP8hISH/IiIi/yIiIv8jIyP/IyMj/yMjI/8kJCT/JCQk/yMjI/8jIyP/IyMj/yQkJP8kJCT/JCQk/yQkJP8kJCT/JCQk/yQkJP8lJSX/JiYm/yYmJv8mJib/JiYm/yYmJv8mJib/JiYm/yYmJv8nJyf/KCgo/ysrK/8rKyv/Kysr/yoqKv8oKCj/KCgo/ykpKf8rKyv/Ly8v/zExMf8zMzP/NDQ0/zQ0NP80NDT/MzMz/zExMf8wMDD/Ly8v/y4uLv8sLCz/Kioq/ycnJ/8mJib/JCQk/yMjI/8jIyP/IiIi/yAgIP8fHx//Hx8f/x8fH/8eHh7/Hh4e/x4eHv8dHR3/HR0d/x0dHf8dHR3/HR0d/x0dHf8eHh7/Hh4e/x0dHf8eHh7/Hh4e/x8fH/8gICD/ICAg/yIiIv8jIyP/JSUl/yYmJv8pKSn/Kysr/y8vL/8zMzP/NTU1/zg4OP85OTn/Ojo6/zs7O/8+Pj7/Pj4+/z4+Pv89PT3/PT09/zw8PP86Ojr/OTk5/zk5Of85OTn/ODg4/zc3N/82Njb/NTU1/zQ0NP8zMzP/MjIy/zIyMv8yMjL/MTEx/zExMf8xMTH/MjIy/zMzM/80NDT/NTU1/zU1Nf80NDT/MzMz/zMzM/8zMzP/MjIy/zExMf8xMTH/MTEx/zAwMP8vLy//Ly8v/y8vL/8wMDD/MzMz/zc3N/9ERET/S0tL/1FRUf9VVVX/U1NT/1JSUv9NTU3/SUlJ/0dHR/9FRUX/Q0ND/0BAQP8+Pj7/Ojo6/zo6Ov87Ozv/Ozs7/zs7O/86Ojr/Nzc3/zU1Nf8zMzP/MjIy/zIyMv8yMjL/MjIy/zIyMv8xMTH/MDAw/zAwMP8wMDD/MjIy/zQ0NP86Ojr/SEhI/01NTf9PT0//TU1N/0FBQf85OTn/NDQ0/zExMf8xMTH/MTEx/zExMf8wMDD/MDAw/y8vL/8vLy//Ly8v/y8vL/8vLy//Ly8v/zAwMP8xMTH/MTEx/zExMf8vLy//Ly8v/y8vL/8wMDD/MDAw/zAwMP8wMDD/Ly8v/zExMf81NTX/Pz8//09PT/9TU1P/WFhY/1NTU/9DQ0P/PDw8/zU1Nf8yMjL/MjIy/zIyMv8xMTH/MDAw/zAwMP8wMDD/MDAw/zExMf8xMTH/MjIy/zIyMv8yMjL/MjIy/zIyMv8xMTH/MTEx/zExMf8xMTH/MTEx/zExMf8xMTH/MTEx/zExMf8xMTH/MjIy/zIyMv8yMjL/MjIy/zIyMv8yMjL/MjIy/zIyMv8yMjL/MjIy/zIyMv8yMjL/MzMz/zQ0NP80NDT/NDQ0/zQ0NP80NDT/MzMz/zIyMv8yMjL/MjIy/zIyMv8zMzP/NDQ0/zQ0NP81NTX/NjY2/zU1Nf80NDT/NDQ0/zQ0NP80NDT/NDQ0/zQ0NP80NDT/NDQ0/zQ0NP80NDT/NDQ0/zU1Nf81NTX/NjY2/zU1Nf81NTX/NDQ0/zQ0NP80NDT/NDQ0/zU1Nf81NTX/NTU1/zY2Nv82Njb/NjY2/0NDQ/9BQUH/Pj4+/z4+Pv89PT3/PT09/zw8PP86Ojr/Nzc3/zQ0NP8vLy//Kioq/yAgIP8bGxv/GBgY/xkZGf8gICD/Jycn/y0tLf80NDT/Ojo6/0BAQP9DQ0P/R0dH/0lJSf9MTEz/SkpK/0dHR/9HR0f/SUlJ/0pKSv9JSUn/SEhI/0VFRf9DQ0P/RERE/0VFRf9GRkb/R0dH/0ZGRv9ERET/RERE/0VFRf8+Pj7/MjIy/yoqKv8dHR3/Ghoa/xgYGP8ZGRn/HR0d/yIiIv8tLS3/NDQ0/zc3N/86Ojr/Ozs7/zs7O/88PDz/PT09/z09Pf88PDz/PDw8/zw8PP88PDz/PDw8/zw8PP87Ozv/Ozs7/zs7O/88PDz/Pj4+/z8/P/8/Pz//Pz8//z8/P/8/Pz//Pj4+/zw8PP88PDz/Ozs7/zs7O/86Ojr/OTk5/zY2Nv83Nzf/ODg4/zk5Of84ODj/ODg4/zk5Of85OTn/Nzc3/zY2Nv80NDT/MTEx/yoqKv8hISH/HR0d/xgYGP8bGxv/ICAg/yoqKv88PDz/QkJC/0dHR/9HR0f/QkJC/0BAQP8/Pz//Pz8//z09Pf87Ozv/Ozs7/zo6Ov86Ojr/Ozs7/zw8PP8+Pj7/PDw8/zg4OP85OTn/Ozs7/zs7O/89PT3/Ozs7/zU1Nf8xMTH/LCws/ygoKP8hISH/Gxsb/xgYGP8UFBT/FBQU/xQUFP8VFRX/FxcX/xsbG/8jIyP/KSkp/zQ0NP82Njb/NjY2/zY2Nv84ODj/ODg4/zY2Nv81NTX/MjIy/zAwMP8zMzP/Nzc3/z4+Pv9ISEj/SEhI/0hISP89PT3/KSkp/yIiIv8aGhr/Ghoa/x8fH/8nJyf/Pj4+/0pKSv9PT0//U1NT/1JSUv9RUVH/U1NT/1VVVf9OTk7/RUVF/0JCQv88PDz/Ojo6/zc3N/81NTX/MjIy/ywsLP8dHR3/FxcX/xMTE/8RERH/EhIS/xQUFP8ZGRn/Hh4e/ycnJ/8xMTH/Jycn/xsbG/8YGBj/FBQU/xYWFv8ZGRn/ICAg/y8vL/81NTX/Ojo6/zw8PP89PT3/Pj4+/zw8PP87Ozv/Pj4+/0FBQf9DQ0P/RkZG/0VFRf9ERET/Pz8//zg4OP8xMTH/JSUl/yAgIP8YGBj/FhYW/xYWFv8YGBj/IiIi/ykpKf81NTX/PT09/zAwMP8jIyP/HR0d/xUVFf8XFxf/Ghoa/yMjI/8yMjL/Nzc3/z4+Pv8/Pz//QEBA/0BAQP8+Pj7/Pj4+/z8/P/8/Pz//PT09/zw8PP87Ozv/Ojo6/zc3N/80NDT/KSkp/xoaGv8XFxf/ExMT/xMTE/8TExP/FhYW/x0dHf8iIiL/LS0t/y8vL/8kJCT/HR0d/xkZGf8WFhb/HBwc/yMjI/80NDT/SUlJ/1FRUf9bW1v/Xl5e/2JiYv9iYmL/Y2Nj/2FhYf9cXFz/Wlpa/1dXV/9XV1f/WVlZ/1paWv9QUFD/RkZG/zIyMv8cHBz/FxcX/xEREf8RERH/EBAQ/xISEv8WFhb/Gxsb/yIiIv8hISH/GRkZ/xUVFf8TExP/ExMT/xgYGP8dHR3/KCgo/zMzM/81NTX/ODg4/zIyMv8rKyv/LS0t/zExMf8yMjL/NDQ0/zMzM/8wMDD/Li4u/yoqKv8oKCj/JSUl/yEhIf8ZGRn/FBQU/xISEv8RERH/ExMT/xYWFv8dHR3/JiYm/ykpKf8uLi7/Jycn/xsbG/8XFxf/FBQU/xYWFv8dHR3/IyMj/zAwMP84ODj/Ozs7/z4+Pv8+Pj7/QkJC/0JCQv9DQ0P/Q0ND/0NDQ/9DQ0P/QkJC/0FBQf9AQED/QEBA/0BAQP9AQED/Pz8//z8/P/9AQED/QEBA/0JCQv9DQ0P/RERE/0RERP9DQ0P/QkJC/0JCQv9DQ0P/Q0ND/0RERP9ERET/Q0ND/0JCQv9BQUH/QUFB/0JCQv9CQkL/QkJC/0JCQv9BQUH/QUFB/0JCQv9CQkL/QkJC/0NDQ/9DQ0P/QkJC/0JCQv9BQUH/QkJC/0NDQ/9CQkL/QEBA/0BAQP9BQUH/QUFB/0JCQv9CQkL/QUFB/0FBQf9CQkL/Q0ND/0RERP9FRUX/RERE/0NDQ/9CQkL/QEBA/0BAQP9BQUH/QUFB/0JCQv9CQkL/QUFB/0FBQf9DQ0P/RERE/0RERP9ERET/Q0ND/0NDQ/9DQ0P/RERE/0JCQv9AQED/QUFB/0JCQv9CQkL/QUFB/0FBQf9DQ0P/Q0ND/0NDQ/9DQ0P/Q0ND/0NDQ/9ERET/RERE/0RERP9ERET/RERE/0RERP9ERET/RERE/0RERP9ERET/RERE/0NDQ/9DQ0P/QkJC/0JCQv9DQ0P/Q0ND/0JCQv9CQkL/QUFB/0FBQf9BQUH/QEBA/0FBQf9CQkL/QkJC/0JCQv9CQkL/QkJC/0JCQv9DQ0P/Q0ND/0RERP9ERET/RERE/0RERP9CQkL/QUFB/0JCQv9DQ0P/Q0ND/0RERP9ERET/RERE/0RERP9DQ0P/Q0ND/0NDQ/9CQkL/QUFB/0JCQv9ERET/RUVF/0RERP9ERET/Q0ND/0NDQ/9DQ0P/Q0ND/0NDQ/9ERET/RERE/0RERP9ERET/Q0ND/0RERP9FRUX/RERE/0NDQ/9DQ0P/QkJC/0JCQv9ERET/RUVF/0RERP9ERET/RUVF/0VFRf9FRUX/RERE/0VFRf9GRkb/RUVF/0NDQ/9ERET/RUVF/0ZGRv9HR0f/RkZG/0VFRf9ERET/Q0ND/0NDQ/9ERET/RERE/0RERP9ERET/Q0ND/0FBQf9BQUH/QkJC/0NDQ/9ERET/RERE/0NDQ/9DQ0P/QkJC/0JCQv9AQED/QEBA/0FBQf9CQkL/Q0ND/0NDQ/9DQ0P/Q0ND/0JCQv9AQED/QEBA/0FBQf9CQkL/Q0ND/0NDQ/9DQ0P/Q0ND/0JCQv9CQkL/QkJC/0JCQv9AQED/Pz8//0BAQP9BQUH/QEBA/z8/P/9AQED/QUFB/0BAQP8/Pz//QEBA/0FBQf9CQkL/Q0ND/0JCQv9BQUH/QEBA/0FBQf9BQUH/QkJC/0JCQv9BQUH/QUFB/0BAQP9AQED/QEBA/0BAQP9AQED/QUFB/0FBQf9BQUH/QkJC/0RERP9ERET/RERE/0RERP9ERET/RERE/0RERP9ERET/RUVF/0VFRf9ERET/QkJC/0FBQf9AQED/QUFB/0NDQ/9CQkL/QUFB/0JCQv9DQ0P/Q0ND/0FBQf9BQUH/QkJC/0JCQv9BQUH/QEBA/0BAQP9AQED/QEBA/0FBQf9CQkL/Q0ND/0JCQv9BQUH/QEBA/z4+Pv8/Pz//QEBA/0BAQP9AQED/QEBA/z8/P/8/Pz//Pz8//z8/P/8+Pj7/Pj4+/z4+Pv8/Pz//Pz8//z8/P/8/Pz//Pz8//z4+Pv88PDz/PT09/z4+Pv8+Pj7/Pz8//z8/P/9AQED/QEBA/0BAQP9AQED/Pj4+/z09Pf89PT3/Pj4+/z8/P/9AQED/QEBA/0BAQP9AQED/QEBA/0FBQf9CQkL/QkJC/0BAQP9AQED/Pz8//z8/P/9AQED/QUFB/0JCQv81NTX/NTU1/zQ0NP81NTX/NjY2/zY2Nv82Njb/NjY2/zU1Nf81NTX/NjY2/zY2Nv83Nzf/Nzc3/zc3N/83Nzf/Nzc3/zc3N/84ODj/ODg4/zg4OP84ODj/ODg4/zc3N/82Njb/NTU1/zY2Nv83Nzf/Nzc3/zg4OP84ODj/Nzc3/zc3N/82Njb/NjY2/zY2Nv82Njb/NjY2/zY2Nv82Njb/Nzc3/zg4OP85OTn/OTk5/zg4OP84ODj/Nzc3/zc3N/85OTn/OTk5/zc3N/83Nzf/NjY2/zY2Nv82Njb/NjY2/zg4OP85OTn/OTk5/zk5Of85OTn/OTk5/zk5Of84ODj/ODg4/zg4OP84ODj/ODg4/zg4OP85OTn/OTk5/zg4OP84ODj/Nzc3/zc3N/85OTn/Ojo6/zk5Of84ODj/ODg4/zk5Of85OTn/Ojo6/zo6Ov86Ojr/Ojo6/zs7O/87Ozv/Ojo6/zo6Ov85OTn/OTk5/zg4OP84ODj/OTk5/zs7O/86Ojr/OTk5/zk5Of84ODj/ODg4/zk5Of86Ojr/PT09/zw8PP87Ozv/Ojo6/zs7O/87Ozv/Ozs7/zs7O/86Ojr/Ojo6/zo6Ov87Ozv/Ozs7/zo6Ov86Ojr/Ojo6/zo6Ov85OTn/OTk5/zk5Of86Ojr/Ozs7/zw8PP89PT3/Pj4+/z09Pf88PDz/PT09/z09Pf89PT3/PT09/zw8PP87Ozv/PDw8/z09Pf89PT3/PDw8/zw8PP88PDz/PDw8/zw8PP88PDz/PDw8/zw8PP87Ozv/Ozs7/z09Pf8+Pj7/PT09/zs7O/87Ozv/PDw8/zw8PP89PT3/PT09/zw8PP88PDz/PT09/z09Pf88PDz/PDw8/z09Pf8+Pj7/PDw8/zs7O/88PDz/PDw8/zw8PP87Ozv/Ozs7/zw8PP88PDz/PT09/z09Pf89PT3/Pj4+/0BAQP9AQED/Pz8//z8/P/89PT3/PDw8/zw8PP88PDz/PT09/z09Pf8+Pj7/Pz8//z4+Pv89PT3/PT09/z09Pf89PT3/PDw8/zw8PP87Ozv/Ozs7/zs7O/87Ozv/PDw8/zw8PP88PDz/PDw8/z09Pf89PT3/Pj4+/0BAQP9AQED/Pz8//z4+Pv89PT3/Pj4+/z8/P/8/Pz//Pz8//z8/P/8/Pz//Pz8//z8/P/8/Pz//Pz8//z8/P/8/Pz//Pz8//z8/P/8+Pj7/Pj4+/z09Pf89PT3/Pj4+/z8/P/9AQED/QEBA/0JCQv9BQUH/QEBA/z8/P/8+Pj7/Pj4+/z4+Pv8+Pj7/Pz8//0BAQP9AQED/QEBA/0BAQP8/Pz//Pz8//z4+Pv8/Pz//QEBA/0BAQP9BQUH/QEBA/z8/P/8+Pj7/Pj4+/z4+Pv8/Pz//Pz8//z8/P/9AQED/QEBA/0FBQf9BQUH/QEBA/0BAQP9AQED/QEBA/0BAQP9AQED/QEBA/0BAQP9AQED/QEBA/z8/P/8/Pz//QEBA/0FBQf9BQUH/QEBA/z8/P/8+Pj7/Pz8//0BAQP9BQUH/QkJC/0JCQv9CQkL/QkJC/0FBQf9BQUH/QEBA/z8/P/8+Pj7/PT09/z4+Pv8/Pz//QEBA/0FBQf9BQUH/QkJC/0JCQv9BQUH/QUFB/0FBQf9BQUH/QkJC/0FBQf9AQED/Pz8//z4+Pv8+Pj7/QUFB/0JCQv9DQ0P/Q0ND/0NDQ/9DQ0P/QkJC/0FBQf9CQkL/Q0ND/0JCQv9AQED/QEBA/0FBQf9BQUH/QEBA/0BAQP9AQED/QEBA/0FBQf9BQUH/QkJC/ygoKP8oKCj/Jycn/ycnJ/8nJyf/Jycn/ygoKP8nJyf/JiYm/yYmJv8mJib/JSUl/yIiIv8hISH/IiIi/yIiIv8hISH/ISEh/yIiIv8iIiL/IyMj/yQkJP8iIiL/Hx8f/x0dHf8ZGRn/GBgY/xcXF/8XFxf/FhYW/xYWFv8VFRX/FRUV/xUVFf8VFRX/FRUV/xUVFf8TExP/EhIS/xISEv8RERH/ERER/xEREf8RERH/ERER/xISEv8TExP/FRUV/xsbG/8dHR3/Hx8f/yAgIP8hISH/IiIi/yMjI/8jIyP/JCQk/yQkJP8kJCT/IyMj/yMjI/8jIyP/IyMj/yQkJP8kJCT/JCQk/yQkJP8kJCT/JCQk/yYmJv8mJib/JiYm/yYmJv8lJSX/JSUl/yYmJv8mJib/JiYm/ycnJ/8pKSn/LCws/ywsLP8tLS3/LCws/ykpKf8oKCj/Kioq/ywsLP8xMTH/MzMz/zU1Nf82Njb/Nzc3/zc3N/80NDT/MTEx/y8vL/8tLS3/Kysr/ycnJ/8lJSX/IiIi/yIiIv8hISH/ISEh/x8fH/8eHh7/HBwc/xsbG/8aGhr/Ghoa/xkZGf8YGBj/GBgY/xcXF/8XFxf/FxcX/xcXF/8XFxf/FxcX/xcXF/8XFxf/GBgY/xgYGP8ZGRn/GRkZ/xoaGv8bGxv/HR0d/x4eHv8gICD/ISEh/yMjI/8lJSX/KCgo/ywsLP8vLy//MzMz/zQ0NP83Nzf/ODg4/zs7O/89PT3/Pj4+/z8/P/8+Pj7/PT09/zo6Ov85OTn/OTk5/zk5Of84ODj/Nzc3/zY2Nv80NDT/NDQ0/zMzM/8yMjL/MTEx/zExMf8wMDD/MDAw/zIyMv8yMjL/NDQ0/zU1Nf82Njb/Nzc3/zU1Nf8zMzP/MzMz/zMzM/8yMjL/MTEx/zExMf8xMTH/MDAw/y8vL/8vLy//MDAw/zExMf8yMjL/NjY2/0NDQ/9KSkr/UFBQ/1RUVP9WVlb/V1dX/1ZWVv9UVFT/U1NT/1FRUf9OTk7/SUlJ/0VFRf8+Pj7/PDw8/zo6Ov85OTn/OTk5/zg4OP81NTX/MzMz/zIyMv8yMjL/MjIy/zIyMv8yMjL/MjIy/zExMf8wMDD/MDAw/zAwMP8xMTH/MzMz/zk5Of9GRkb/S0tL/05OTv9MTEz/QUFB/zk5Of81NTX/MTEx/zExMf8xMTH/MTEx/zAwMP8wMDD/Ly8v/y8vL/8vLy//Ly8v/y8vL/8vLy//MDAw/zAwMP8wMDD/MDAw/y8vL/8uLi7/Ly8v/zAwMP8wMDD/MDAw/zAwMP8vLy//MjIy/zc3N/9BQUH/UVFR/1VVVf9ZWVn/U1NT/0JCQv87Ozv/NDQ0/zExMf8yMjL/MjIy/zExMf8wMDD/MDAw/zAwMP8wMDD/MTEx/zExMf8yMjL/MjIy/zIyMv8yMjL/MTEx/zExMf8xMTH/MTEx/zExMf8xMTH/MTEx/zExMf8yMjL/MjIy/zIyMv8yMjL/MjIy/zIyMv8yMjL/MjIy/zIyMv8yMjL/MjIy/zIyMv8yMjL/MjIy/zIyMv8zMzP/NDQ0/zU1Nf81NTX/NTU1/zU1Nf80NDT/MjIy/zIyMv8zMzP/MzMz/zMzM/80NDT/NTU1/zY2Nv83Nzf/NjY2/zU1Nf80NDT/MzMz/zMzM/8zMzP/MzMz/zMzM/8zMzP/MzMz/zQ0NP81NTX/NjY2/zc3N/84ODj/Nzc3/zY2Nv81NTX/MzMz/zMzM/80NDT/NDQ0/zU1Nf81NTX/NjY2/zY2Nv81NTX/QUFB/z8/P/8+Pj7/Pj4+/z4+Pv8+Pj7/PT09/zs7O/84ODj/NDQ0/y8vL/8pKSn/ICAg/xsbG/8aGhr/Ghoa/yQkJP8sLCz/NjY2/z8/P/9ERET/SkpK/0pKSv9KSkr/SUlJ/0hISP9HR0f/RkZG/0dHR/9ISEj/SUlJ/0lJSf9ISEj/RERE/0NDQ/9DQ0P/Q0ND/0VFRf9GRkb/SEhI/0lJSf9JSUn/SUlJ/0VFRf89PT3/NDQ0/yMjI/8eHh7/Ghoa/xoaGv8dHR3/IiIi/y0tLf80NDT/ODg4/zo6Ov86Ojr/Ojo6/zs7O/88PDz/Ozs7/zs7O/87Ozv/Ozs7/zw8PP88PDz/PDw8/zs7O/87Ozv/Ozs7/zs7O/89PT3/PT09/z09Pf89PT3/PT09/z09Pf89PT3/PT09/z09Pf88PDz/Ozs7/zs7O/86Ojr/ODg4/zg4OP84ODj/ODg4/zg4OP84ODj/ODg4/zg4OP83Nzf/NjY2/zMzM/8xMTH/KSkp/yEhIf8dHR3/GRkZ/xwcHP8jIyP/Li4u/0NDQ/9LS0v/UlJS/1RUVP9QUFD/Tk5O/0pKSv9HR0f/RUVF/0JCQv9CQkL/QkJC/0JCQv9CQkL/QkJC/0JCQv9AQED/PT09/z4+Pv9AQED/QkJC/0dHR/9GRkb/QEBA/zs7O/81NTX/MTEx/yoqKv8kJCT/HR0d/xUVFf8VFRX/FBQU/xUVFf8WFhb/Gxsb/yQkJP8zMzP/UFBQ/15eXv9wcHD/bm5u/1BQUP9AQED/ODg4/zMzM/8yMjL/MTEx/zk5Of9CQkL/RkZG/0tLS/9LS0v/S0tL/0FBQf8uLi7/Jycn/x4eHv8eHh7/JCQk/ywsLP9AQED/SkpK/09PT/9SUlL/U1NT/1VVVf9WVlb/V1dX/1JSUv9KSkr/RkZG/z8/P/89PT3/Ozs7/zg4OP8yMjL/LCws/x8fH/8ZGRn/FRUV/xQUFP8UFBT/FhYW/xsbG/8hISH/Kioq/zQ0NP8qKir/HR0d/xoaGv8WFhb/GBgY/xsbG/8iIiL/MTEx/zg4OP9AQED/Q0ND/0FBQf9AQED/QEBA/0BAQP9BQUH/QkJC/0RERP9GRkb/RERE/0JCQv8+Pj7/OTk5/zAwMP8hISH/HBwc/xYWFv8VFRX/FRUV/xcXF/8hISH/KCgo/zMzM/87Ozv/Ly8v/yIiIv8cHBz/FBQU/xYWFv8aGhr/IyMj/zIyMv83Nzf/Pz8//0JCQv9ERET/RERE/0JCQv9AQED/QEBA/0BAQP9AQED/QUFB/z8/P/89PT3/Ojo6/zU1Nf8rKyv/HBwc/xoaGv8XFxf/FxcX/xcXF/8ZGRn/ICAg/yUlJf8wMDD/MzMz/ykpKf8iIiL/Hh4e/xoaGv8hISH/KSkp/zo6Ov9PT0//VVVV/11dXf9fX1//YWFh/2JiYv9iYmL/YWFh/19fX/9dXV3/Wlpa/1hYWP9YWFj/VlZW/01NTf9FRUX/MjIy/x0dHf8YGBj/EhIS/xEREf8RERH/ExMT/xcXF/8bGxv/IiIi/yAgIP8YGBj/FBQU/xMTE/8TExP/GBgY/x0dHf8pKSn/NDQ0/zY2Nv84ODj/NDQ0/y8vL/8vLy//Ly8v/zExMf80NDT/MzMz/zExMf8vLy//Kysr/ykpKf8lJSX/ISEh/xoaGv8UFBT/ExMT/xEREf8TExP/FRUV/x0dHf8mJib/KSkp/y4uLv8nJyf/Gxsb/xcXF/8UFBT/FhYW/x4eHv8kJCT/MjIy/zo6Ov8+Pj7/QUFB/0FBQf9BQUH/QUFB/0JCQv9CQkL/QkJC/0JCQv9CQkL/QkJC/0JCQv9CQkL/QUFB/0BAQP9AQED/QEBA/0BAQP9BQUH/Q0ND/0RERP9DQ0P/Q0ND/0NDQ/9CQkL/QkJC/0JCQv9DQ0P/Q0ND/0NDQ/9CQkL/QkJC/0JCQv9DQ0P/Q0ND/0NDQ/9DQ0P/Q0ND/0JCQv9CQkL/QkJC/0NDQ/9DQ0P/Q0ND/0NDQ/9DQ0P/QkJC/0JCQv9CQkL/QkJC/0JCQv9BQUH/QUFB/0FBQf9BQUH/QUFB/0FBQf9BQUH/QUFB/0JCQv9DQ0P/Q0ND/0RERP9DQ0P/Q0ND/0JCQv9BQUH/QUFB/0FBQf9BQUH/QUFB/0FBQf9BQUH/QUFB/0JCQv9CQkL/QkJC/0JCQv9CQkL/QkJC/0JCQv9DQ0P/Q0ND/0JCQv9CQkL/Q0ND/0JCQv9BQUH/QUFB/0NDQ/9DQ0P/RERE/0RERP9ERET/RERE/0NDQ/9DQ0P/Q0ND/0NDQ/9DQ0P/Q0ND/0RERP9ERET/RERE/0RERP9ERET/Q0ND/0NDQ/9DQ0P/Q0ND/0NDQ/9DQ0P/Q0ND/0JCQv9CQkL/QkJC/0JCQv9CQkL/Q0ND/0NDQ/9DQ0P/Q0ND/0NDQ/9DQ0P/RERE/0VFRf9GRkb/RkZG/0ZGRv9GRkb/RkZG/0VFRf9FRUX/RUVF/0VFRf9FRUX/RERE/0RERP9ERET/RERE/0RERP9ERET/Q0ND/0JCQv9CQkL/Q0ND/0RERP9ERET/RERE/0RERP9DQ0P/Q0ND/0NDQ/9DQ0P/Q0ND/0RERP9DQ0P/Q0ND/0NDQ/9CQkL/Q0ND/0RERP9ERET/Q0ND/0NDQ/9CQkL/QkJC/0RERP9FRUX/RUVF/0VFRf9FRUX/RUVF/0RERP9ERET/RUVF/0ZGRv9FRUX/RERE/0RERP9FRUX/RUVF/0ZGRv9GRkb/RUVF/0VFRf9FRUX/RERE/0RERP9ERET/Q0ND/0NDQ/9DQ0P/QkJC/0JCQv9CQkL/Q0ND/0NDQ/9DQ0P/Q0ND/0JCQv9CQkL/QkJC/0JCQv9CQkL/Q0ND/0RERP9FRUX/RUVF/0VFRf9ERET/Q0ND/0FBQf9BQUH/QkJC/0NDQ/9ERET/Q0ND/0JCQv9CQkL/QkJC/0NDQ/9DQ0P/Q0ND/0JCQv9BQUH/QkJC/0JCQv9BQUH/QEBA/0BAQP9BQUH/QEBA/0BAQP9AQED/QEBA/0FBQf9CQkL/QkJC/0JCQv9BQUH/QUFB/0FBQf9BQUH/QkJC/0FBQf9BQUH/QUFB/0BAQP8/Pz//Pz8//z8/P/9AQED/QEBA/0BAQP9AQED/QkJC/0JCQv9CQkL/Q0ND/0NDQ/9DQ0P/Q0ND/0NDQ/9DQ0P/RERE/0NDQ/9CQkL/QkJC/0FBQf9BQUH/QUFB/0FBQf9BQUH/QUFB/0JCQv9CQkL/QUFB/0FBQf9CQkL/QkJC/0JCQv9CQkL/QkJC/0FBQf9BQUH/QUFB/0FBQf9BQUH/QUFB/0FBQf9BQUH/QEBA/0BAQP9BQUH/QUFB/0FBQf9BQUH/QUFB/0BAQP9AQED/QEBA/z8/P/8+Pj7/Pj4+/z8/P/8/Pz//QEBA/0BAQP9AQED/Pz8//z8/P/8/Pz//Pz8//z8/P/8/Pz//Pz8//0FBQf9CQkL/QkJC/0JCQv9AQED/Pj4+/z8/P/9AQED/QUFB/0FBQf9BQUH/QUFB/0FBQf9AQED/QEBA/0BAQP9AQED/QEBA/z8/P/8/Pz//Pz8//0BAQP9AQED/QUFB/zU1Nf81NTX/NTU1/zU1Nf81NTX/NTU1/zU1Nf81NTX/NTU1/zU1Nf81NTX/NjY2/zY2Nv83Nzf/Nzc3/zc3N/83Nzf/Nzc3/zc3N/83Nzf/Nzc3/zc3N/83Nzf/Nzc3/zc3N/83Nzf/Nzc3/zg4OP84ODj/ODg4/zg4OP83Nzf/Nzc3/zY2Nv82Njb/NjY2/zY2Nv83Nzf/Nzc3/zc3N/83Nzf/Nzc3/zg4OP84ODj/ODg4/zc3N/83Nzf/Nzc3/zg4OP84ODj/Nzc3/zc3N/82Njb/NjY2/zY2Nv83Nzf/ODg4/zk5Of85OTn/OTk5/zk5Of85OTn/OTk5/zk5Of85OTn/OTk5/zk5Of84ODj/ODg4/zg4OP84ODj/ODg4/zg4OP84ODj/ODg4/zk5Of86Ojr/OTk5/zk5Of85OTn/OTk5/zk5Of85OTn/OTk5/zk5Of86Ojr/Ozs7/zs7O/86Ojr/Ojo6/zo6Ov85OTn/OTk5/zo6Ov86Ojr/Ozs7/zo6Ov86Ojr/OTk5/zk5Of85OTn/OTk5/zo6Ov88PDz/PDw8/zo6Ov86Ojr/Ozs7/zw8PP88PDz/Ozs7/zs7O/87Ozv/Ozs7/zs7O/87Ozv/Ojo6/zo6Ov86Ojr/Ojo6/zo6Ov86Ojr/Ojo6/zs7O/87Ozv/PDw8/zw8PP88PDz/PDw8/zw8PP88PDz/PT09/z09Pf89PT3/PDw8/zw8PP88PDz/PDw8/zs7O/87Ozv/Ozs7/zw8PP88PDz/PDw8/zw8PP88PDz/PDw8/z09Pf89PT3/PT09/z09Pf88PDz/PDw8/zw8PP88PDz/PDw8/z09Pf89PT3/PT09/z09Pf89PT3/PT09/z09Pf89PT3/PT09/z09Pf89PT3/PDw8/zw8PP88PDz/PDw8/zw8PP88PDz/PT09/z09Pf89PT3/PT09/z09Pf89PT3/PT09/z09Pf89PT3/PT09/zw8PP88PDz/PT09/z09Pf89PT3/PT09/z4+Pv8+Pj7/Pj4+/z09Pf89PT3/PT09/z09Pf8+Pj7/Pj4+/z4+Pv8+Pj7/PT09/z09Pf89PT3/PT09/z09Pf89PT3/PT09/z09Pf89PT3/Pj4+/z4+Pv8+Pj7/PT09/z09Pf89PT3/Pz8//z8/P/8/Pz//Pz8//z8/P/8/Pz//Pz8//z8/P/8/Pz//Pz8//z8/P/8/Pz//Pz8//z8/P/8+Pj7/Pj4+/z4+Pv8+Pj7/Pj4+/z8/P/9AQED/QUFB/0FBQf8/Pz//Pz8//z8/P/8/Pz//Pz8//z8/P/8/Pz//QEBA/0BAQP9AQED/QEBA/0BAQP9AQED/Pz8//z8/P/8/Pz//QEBA/0BAQP9AQED/Pz8//z8/P/8/Pz//Pz8//0BAQP9AQED/QUFB/0FBQf9BQUH/QUFB/0FBQf9AQED/QEBA/0FBQf9BQUH/QEBA/z8/P/8+Pj7/Pj4+/z8/P/9AQED/QEBA/0BAQP9BQUH/QUFB/0FBQf9AQED/Pz8//z8/P/8/Pz//Pz8//0BAQP9AQED/QEBA/0FBQf9BQUH/QEBA/z8/P/8/Pz//Pz8//z8/P/8/Pz//Pz8//0BAQP9AQED/QEBA/0FBQf9BQUH/QkJC/0FBQf9BQUH/QUFB/0FBQf9CQkL/QUFB/0BAQP9AQED/QEBA/0BAQP9BQUH/QkJC/0JCQv9CQkL/QkJC/0JCQv9CQkL/QkJC/0JCQv9DQ0P/QkJC/0FBQf9BQUH/QUFB/0BAQP9AQED/QEBA/0BAQP9AQED/QEBA/0FBQf9BQUH/KCgo/ygoKP8oKCj/KSkp/yoqKv8rKyv/Kysr/ysrK/8qKir/KCgo/yYmJv8kJCT/IiIi/yEhIf8iIiL/IyMj/yMjI/8jIyP/JCQk/yQkJP8kJCT/JCQk/yIiIv8gICD/HR0d/xoaGv8ZGRn/GBgY/xcXF/8WFhb/FhYW/xYWFv8VFRX/FRUV/xUVFf8VFRX/FRUV/xQUFP8TExP/ExMT/xISEv8SEhL/EhIS/xISEv8SEhL/EhIS/xISEv8UFBT/GBgY/xoaGv8dHR3/Hx8f/yEhIf8iIiL/IiIi/yMjI/8jIyP/IyMj/yMjI/8jIyP/IyMj/yMjI/8jIyP/IyMj/yQkJP8kJCT/JCQk/yUlJf8mJib/JiYm/yYmJv8mJib/JiYm/yYmJv8mJib/JiYm/yYmJv8mJib/Jycn/ykpKf8sLCz/LS0t/y0tLf8sLCz/Kioq/ysrK/8sLCz/Li4u/zMzM/81NTX/NjY2/zY2Nv80NDT/MTEx/y4uLv8rKyv/KSkp/ygoKP8lJSX/IiIi/yEhIf8eHh7/HR0d/xwcHP8bGxv/Gxsb/xoaGv8ZGRn/GBgY/xgYGP8XFxf/FxcX/xYWFv8WFhb/FhYW/xYWFv8WFhb/FhYW/xYWFv8WFhb/FhYW/xYWFv8WFhb/FxcX/xcXF/8XFxf/GBgY/xgYGP8ZGRn/Ghoa/xsbG/8cHBz/HR0d/x8fH/8hISH/IyMj/yYmJv8pKSn/Kysr/y4uLv8wMDD/MzMz/zY2Nv86Ojr/PDw8/z09Pf89PT3/Ozs7/zo6Ov86Ojr/OTk5/zg4OP83Nzf/NTU1/zMzM/8yMjL/MTEx/zExMf8xMTH/MTEx/zExMf8xMTH/MzMz/zMzM/80NDT/NTU1/zU1Nf81NTX/MzMz/zIyMv8yMjL/MjIy/zIyMv8yMjL/MTEx/zExMf8vLy//LS0t/y0tLf8uLi7/Ly8v/zIyMv82Njb/QkJC/0lJSf9QUFD/VVVV/1ZWVv9XV1f/VlZW/1VVVf9VVVX/VFRU/1JSUv9PT0//S0tL/0JCQv8+Pj7/Ojo6/zg4OP84ODj/Nzc3/zU1Nf8zMzP/MjIy/zExMf8xMTH/MTEx/zExMf8xMTH/MDAw/zAwMP8wMDD/MDAw/zExMf8zMzP/OTk5/0dHR/9MTEz/Tk5O/0xMTP9BQUH/OTk5/zY2Nv8yMjL/MjIy/zIyMv8yMjL/MTEx/zExMf8wMDD/MDAw/zAwMP8wMDD/MDAw/zAwMP8wMDD/MDAw/zAwMP8wMDD/MDAw/zAwMP8xMTH/MTEx/zExMf8wMDD/MTEx/zExMf83Nzf/Pz8//0dHR/9UVFT/VVVV/1ZWVv9PT0//QEBA/zk5Of80NDT/MjIy/zMzM/8zMzP/MjIy/zExMf8xMTH/MTEx/zExMf8yMjL/MjIy/zIyMv8yMjL/MjIy/zIyMv8yMjL/MjIy/zIyMv8yMjL/MTEx/zExMf8xMTH/MTEx/zIyMv8zMzP/MzMz/zIyMv8yMjL/MjIy/zIyMv8yMjL/MTEx/zExMf8xMTH/MjIy/zIyMv8yMjL/MzMz/zMzM/80NDT/NDQ0/zQ0NP80NDT/NDQ0/zMzM/8zMzP/MzMz/zMzM/8zMzP/MzMz/zQ0NP80NDT/NTU1/zU1Nf81NTX/MzMz/zMzM/8zMzP/MzMz/zMzM/8zMzP/NDQ0/zQ0NP80NDT/NTU1/zU1Nf82Njb/Nzc3/zc3N/83Nzf/NjY2/zU1Nf80NDT/NDQ0/zQ0NP81NTX/NTU1/zY2Nv82Njb/NjY2/zY2Nv8/Pz//Pj4+/z09Pf8+Pj7/QEBA/z8/P/89PT3/Ozs7/zg4OP81NTX/Li4u/ykpKf8fHx//HBwc/xsbG/8cHBz/KCgo/zIyMv8+Pj7/SUlJ/05OTv9TU1P/UVFR/01NTf9KSkr/RUVF/0VFRf9GRkb/RkZG/0dHR/9HR0f/SEhI/0dHR/9ERET/QkJC/0FBQf9BQUH/Q0ND/0VFRf9JSUn/T09P/05OTv9OTk7/S0tL/0hISP89PT3/KCgo/yIiIv8bGxv/Ghoa/x4eHv8iIiL/LS0t/zU1Nf84ODj/Ozs7/zo6Ov85OTn/Ojo6/zs7O/86Ojr/OTk5/zo6Ov87Ozv/Ozs7/zw8PP88PDz/Ozs7/zs7O/87Ozv/Ozs7/zw8PP88PDz/PDw8/zs7O/87Ozv/Ozs7/zw8PP8+Pj7/Pj4+/z09Pf88PDz/Ozs7/zs7O/86Ojr/OTk5/zg4OP83Nzf/Nzc3/zc3N/83Nzf/Nzc3/zY2Nv82Njb/MzMz/zAwMP8pKSn/ICAg/x0dHf8ZGRn/HR0d/yUlJf8xMTH/SUlJ/1NTU/9eXl7/YGBg/11dXf9bW1v/VFRU/09PT/9MTEz/SkpK/0pKSv9KSkr/SkpK/0pKSv9ISEj/RUVF/0NDQ/9BQUH/QkJC/0VFRf9JSUn/UVFR/1FRUf9KSkr/RUVF/z4+Pv85OTn/MjIy/ywsLP8iIiL/FhYW/xUVFf8UFBT/FRUV/xYWFv8bGxv/JSUl/zw8PP9sbGz/hISE/6ioqP+jo6P/aGho/0hISP87Ozv/MTEx/zIyMv8yMjL/Pz8//0xMTP9NTU3/T09P/05OTv9NTU3/RERE/zMzM/8sLCz/IiIi/yIiIv8pKSn/MTEx/0FBQf9LS0v/Tk5O/1FRUf9VVVX/WVlZ/1lZWf9ZWVn/VVVV/09PT/9JSUn/QUFB/0BAQP8/Pz//Ozs7/zMzM/8sLCz/ICAg/xoaGv8XFxf/FhYW/xYWFv8XFxf/Hh4e/yQkJP8tLS3/Nzc3/y0tLf8fHx//HBwc/xgYGP8aGhr/Hh4e/yUlJf80NDT/PDw8/0ZGRv9JSUn/RUVF/0JCQv9DQ0P/RERE/0NDQ/9DQ0P/RERE/0ZGRv9DQ0P/Pz8//z09Pf85OTn/MDAw/x4eHv8YGBj/FBQU/xMTE/8UFBT/FxcX/yAgIP8oKCj/MjIy/zk5Of8tLS3/ISEh/xsbG/8TExP/FhYW/xoaGv8jIyP/MTEx/zg4OP9BQUH/RUVF/0lJSf9ISEj/RERE/0JCQv9BQUH/QEBA/0NDQ/9GRkb/Q0ND/0FBQf88PDz/NjY2/ywsLP8fHx//HBwc/xoaGv8aGhr/Gxsb/x0dHf8iIiL/KCgo/zQ0NP83Nzf/Li4u/ycnJ/8hISH/HR0d/yYmJv8vLy//QEBA/1VVVf9aWlr/X19f/2BgYP9hYWH/YWFh/2JiYv9iYmL/YWFh/2BgYP9cXFz/Wlpa/1ZWVv9SUlL/S0tL/0RERP8xMTH/HR0d/xgYGP8SEhL/EhIS/xEREf8TExP/FxcX/xsbG/8iIiL/ICAg/xcXF/8UFBT/ExMT/xMTE/8YGBj/Hh4e/ykpKf80NDT/NjY2/zk5Of82Njb/MjIy/zAwMP8tLS3/Ly8v/zMzM/80NDT/MzMz/zExMf8tLS3/Kioq/yUlJf8hISH/Ghoa/xUVFf8TExP/ERER/xMTE/8VFRX/HBwc/yYmJv8pKSn/Li4u/ycnJ/8bGxv/FxcX/xQUFP8WFhb/Hx8f/yYmJv80NDT/PT09/0FBQf9FRUX/RUVF/0BAQP9AQED/QEBA/0BAQP9BQUH/QkJC/0NDQ/9DQ0P/RERE/0NDQ/9BQUH/QUFB/0FBQf9BQUH/QUFB/0FBQf9DQ0P/RUVF/0NDQ/9CQkL/QkJC/0JCQv9CQkL/QkJC/0JCQv9CQkL/QkJC/0FBQf9CQkL/Q0ND/0RERP9FRUX/RUVF/0RERP9ERET/Q0ND/0JCQv9DQ0P/RERE/0RERP9ERET/RERE/0NDQ/9DQ0P/QkJC/0JCQv9CQkL/QkJC/0JCQv9CQkL/QUFB/0FBQf9AQED/QEBA/0FBQf9BQUH/QkJC/0JCQv9CQkL/Q0ND/0NDQ/9CQkL/QkJC/0FBQf9BQUH/QUFB/0FBQf9AQED/QEBA/0BAQP9AQED/QEBA/0BAQP9AQED/QEBA/0BAQP9AQED/QUFB/0JCQv9DQ0P/RERE/0RERP9ERET/Q0ND/0FBQf9BQUH/Q0ND/0NDQ/9ERET/RUVF/0VFRf9FRUX/Q0ND/0JCQv9CQkL/QkJC/0JCQv9DQ0P/Q0ND/0RERP9ERET/RUVF/0RERP9DQ0P/Q0ND/0VFRf9FRUX/Q0ND/0NDQ/9DQ0P/Q0ND/0NDQ/9ERET/RERE/0VFRf9FRUX/RUVF/0VFRf9FRUX/RUVF/0VFRf9GRkb/R0dH/0hISP9ISEj/SEhI/0hISP9ISEj/SEhI/0lJSf9ISEj/R0dH/0ZGRv9FRUX/RUVF/0RERP9FRUX/RkZG/0VFRf9CQkL/Q0ND/0RERP9ERET/Q0ND/0NDQ/9ERET/RERE/0NDQ/9CQkL/Q0ND/0NDQ/9DQ0P/Q0ND/0NDQ/9CQkL/QkJC/0FBQf9CQkL/RERE/0RERP9DQ0P/Q0ND/0FBQf9CQkL/RERE/0VFRf9GRkb/RkZG/0VFRf9FRUX/RERE/0NDQ/9ERET/RkZG/0VFRf9ERET/RERE/0VFRf9FRUX/RUVF/0VFRf9GRkb/RkZG/0ZGRv9GRkb/RUVF/0RERP9DQ0P/QkJC/0JCQv9DQ0P/Q0ND/0JCQv9CQkL/Q0ND/0NDQ/9CQkL/QkJC/0FBQf9CQkL/Q0ND/0RERP9FRUX/RUVF/0dHR/9ISEj/RkZG/0VFRf9ERET/QkJC/0JCQv9DQ0P/RERE/0VFRf9ERET/QUFB/0JCQv9DQ0P/Q0ND/0RERP9ERET/Q0ND/0NDQ/9DQ0P/Q0ND/0JCQv9CQkL/QUFB/0BAQP9AQED/QEBA/0BAQP9AQED/QEBA/0FBQf9CQkL/Q0ND/0JCQv9BQUH/QEBA/0FBQf9BQUH/QkJC/0JCQv9BQUH/QEBA/z8/P/89PT3/Pj4+/0BAQP8/Pz//Pj4+/z8/P/9AQED/QEBA/0FBQf9BQUH/QUFB/0FBQf9BQUH/QUFB/0JCQv9DQ0P/Q0ND/0JCQv9CQkL/QkJC/0FBQf8/Pz//Pz8//0BAQP9AQED/QUFB/0FBQf9BQUH/QUFB/0JCQv9CQkL/Q0ND/0RERP9DQ0P/Q0ND/0JCQv9BQUH/QEBA/z8/P/9AQED/QUFB/0FBQf9CQkL/QkJC/0NDQ/9DQ0P/Q0ND/0NDQ/9CQkL/QkJC/0FBQf9BQUH/QEBA/z8/P/8/Pz//Pj4+/0BAQP9CQkL/QUFB/0BAQP9AQED/QUFB/0FBQf9AQED/QEBA/z8/P/9AQED/QkJC/0NDQ/9ERET/RERE/0JCQv9AQED/QUFB/0JCQv9CQkL/Q0ND/0NDQ/9DQ0P/QkJC/0BAQP9AQED/Pz8//z8/P/8/Pz//Pz8//z8/P/8/Pz//Pz8//z8/P/8/Pz//NjY2/zY2Nv83Nzf/NjY2/zQ0NP80NDT/MzMz/zMzM/80NDT/NDQ0/zU1Nf81NTX/NjY2/zY2Nv82Njb/NjY2/zY2Nv82Njb/NjY2/zY2Nv82Njb/NjY2/zY2Nv83Nzf/Nzc3/zg4OP84ODj/OTk5/zk5Of85OTn/OTk5/zc3N/83Nzf/NjY2/zY2Nv82Njb/NjY2/zc3N/85OTn/ODg4/zc3N/83Nzf/Nzc3/zc3N/83Nzf/Nzc3/zc3N/83Nzf/ODg4/zg4OP83Nzf/Nzc3/zY2Nv82Njb/Nzc3/zc3N/84ODj/ODg4/zg4OP84ODj/ODg4/zk5Of85OTn/Ojo6/zo6Ov86Ojr/OTk5/zg4OP84ODj/ODg4/zg4OP84ODj/ODg4/zg4OP84ODj/OTk5/zk5Of85OTn/Ojo6/zo6Ov86Ojr/OTk5/zc3N/84ODj/OTk5/zk5Of87Ozv/Ozs7/zo6Ov86Ojr/Ojo6/zo6Ov87Ozv/Ozs7/zo6Ov86Ojr/Ojo6/zo6Ov86Ojr/Ozs7/zs7O/86Ojr/Ozs7/zw8PP88PDz/Ojo6/zs7O/88PDz/PT09/zw8PP88PDz/PDw8/zw8PP88PDz/PDw8/zs7O/85OTn/OTk5/zo6Ov87Ozv/PDw8/zw8PP88PDz/PDw8/zs7O/87Ozv/Ozs7/zs7O/87Ozv/Ozs7/zw8PP89PT3/PT09/z09Pf89PT3/PDw8/zs7O/86Ojr/Ojo6/zk5Of86Ojr/PDw8/zw8PP87Ozv/Ozs7/zw8PP88PDz/Pj4+/z8/P/89PT3/PDw8/zw8PP88PDz/PDw8/zw8PP88PDz/PT09/z09Pf89PT3/PT09/z09Pf89PT3/PT09/z09Pf89PT3/PT09/z09Pf89PT3/PT09/z09Pf89PT3/PT09/z09Pf8+Pj7/Pj4+/z4+Pv8+Pj7/PT09/zw8PP87Ozv/Ozs7/zw8PP88PDz/Ozs7/zs7O/89PT3/Pz8//z4+Pv8+Pj7/Pj4+/z09Pf89PT3/PT09/z09Pf89PT3/Pj4+/0BAQP9AQED/QUFB/0FBQf8/Pz//Pj4+/z8/P/8/Pz//Pj4+/z4+Pv89PT3/PT09/zw8PP87Ozv/PDw8/z09Pf89PT3/PDw8/z09Pf9AQED/QEBA/z8/P/8/Pz//Pz8//z8/P/9AQED/QEBA/0BAQP9AQED/QEBA/0BAQP9AQED/Pz8//z8/P/8/Pz//Pz8//z4+Pv8+Pj7/Pz8//z8/P/9AQED/QEBA/z8/P/8/Pz//QEBA/0FBQf9AQED/Pz8//z8/P/9AQED/QEBA/0BAQP9BQUH/QkJC/0FBQf9AQED/QEBA/z8/P/8/Pz//Pz8//z8/P/9AQED/QEBA/0BAQP9AQED/QUFB/0FBQf9CQkL/Q0ND/0JCQv9CQkL/QUFB/0BAQP9BQUH/QkJC/0FBQf8/Pz//Pj4+/z09Pf89PT3/Pj4+/z8/P/9AQED/QUFB/0FBQf9BQUH/QUFB/0BAQP9AQED/Pz8//z8/P/8/Pz//Pz8//z4+Pv8/Pz//QEBA/0BAQP8+Pj7/Pj4+/z8/P/8/Pz//QEBA/0BAQP9AQED/QEBA/0BAQP9AQED/QEBA/0FBQf9BQUH/QkJC/0JCQv9CQkL/QkJC/0FBQf9BQUH/QUFB/0FBQf9BQUH/QUFB/0FBQf9BQUH/QUFB/0FBQf9BQUH/QUFB/0FBQf9CQkL/QkJC/0NDQ/9DQ0P/QkJC/0FBQf9AQED/QEBA/0BAQP9AQED/QEBA/0BAQP9AQED/QEBA/0BAQP8oKCj/KCgo/ygoKP8qKir/LS0t/y4uLv8vLy//Li4u/y0tLf8rKyv/JSUl/yMjI/8iIiL/ISEh/yIiIv8jIyP/JCQk/yUlJf8lJSX/JiYm/yUlJf8kJCT/IiIi/yAgIP8eHh7/Ghoa/xkZGf8YGBj/FxcX/xYWFv8WFhb/FhYW/xYWFv8WFhb/FhYW/xUVFf8VFRX/FBQU/xQUFP8TExP/ExMT/xMTE/8TExP/ExMT/xISEv8SEhL/EhIS/xMTE/8VFRX/GBgY/xsbG/8eHh7/ICAg/yIiIv8iIiL/IiIi/yIiIv8iIiL/IiIi/yMjI/8jIyP/IyMj/yMjI/8jIyP/IyMj/yQkJP8lJSX/JiYm/ycnJ/8mJib/JiYm/yYmJv8mJib/Jycn/ycnJ/8mJib/JiYm/yYmJv8nJyf/KSkp/ywsLP8tLS3/Li4u/y0tLf8sLCz/LS0t/y8vL/8xMTH/NTU1/zc3N/83Nzf/NjY2/zExMf8sLCz/KSkp/yUlJf8kJCT/IiIi/yAgIP8dHR3/HBwc/xoaGv8YGBj/FxcX/xYWFv8WFhb/FhYW/xYWFv8WFhb/FRUV/xQUFP8VFRX/FRUV/xUVFf8VFRX/FRUV/xQUFP8UFBT/FRUV/xUVFf8UFBT/FBQU/xUVFf8VFRX/FRUV/xUVFf8VFRX/FRUV/xYWFv8WFhb/FxcX/xcXF/8YGBj/GBgY/xoaGv8bGxv/HR0d/yAgIP8iIiL/JSUl/ycnJ/8sLCz/Ly8v/zY2Nv85OTn/PDw8/z09Pf88PDz/PDw8/zo6Ov85OTn/ODg4/zY2Nv80NDT/MjIy/zExMf8vLy//MDAw/zIyMv8yMjL/MjIy/zIyMv80NDT/NDQ0/zQ0NP80NDT/MzMz/zMzM/8yMjL/MTEx/zIyMv8yMjL/MjIy/zMzM/8yMjL/MDAw/y4uLv8sLCz/Kysr/ywsLP8uLi7/MjIy/zY2Nv9BQUH/SEhI/1BQUP9VVVX/VlZW/1ZWVv9WVlb/V1dX/1ZWVv9WVlb/VVVV/1VVVf9PT0//RUVF/0FBQf86Ojr/ODg4/zc3N/83Nzf/NTU1/zQ0NP8yMjL/MTEx/zExMf8wMDD/MDAw/zAwMP8wMDD/Ly8v/y8vL/8wMDD/MTEx/zQ0NP86Ojr/SEhI/01NTf9OTk7/TExM/0FBQf85OTn/NjY2/zQ0NP8zMzP/MzMz/zIyMv8yMjL/MjIy/zExMf8xMTH/MTEx/zExMf8xMTH/MTEx/zAwMP8wMDD/Ly8v/y8vL/8xMTH/MjIy/zIyMv8yMjL/MTEx/zExMf8yMjL/NDQ0/zw8PP9HR0f/TU1N/1dXV/9WVlb/UlJS/0xMTP89PT3/ODg4/zQ0NP8zMzP/NDQ0/zQ0NP8yMjL/MTEx/zExMf8yMjL/MjIy/zMzM/8zMzP/MjIy/zIyMv8zMzP/MzMz/zQ0NP80NDT/MzMz/zIyMv8xMTH/MDAw/zExMf8xMTH/MzMz/zQ0NP8zMzP/MzMz/zMzM/8yMjL/MjIy/zExMf8xMTH/MDAw/zExMf8yMjL/MjIy/zMzM/8zMzP/MzMz/zMzM/8zMzP/MzMz/zMzM/8zMzP/MzMz/zMzM/8zMzP/NDQ0/zQ0NP80NDT/NDQ0/zQ0NP80NDT/MzMz/zMzM/8yMjL/MjIy/zMzM/8zMzP/MzMz/zMzM/80NDT/NTU1/zU1Nf82Njb/NjY2/zY2Nv82Njb/Nzc3/zc3N/82Njb/NjY2/zU1Nf81NTX/NTU1/zU1Nf82Njb/NjY2/zc3N/83Nzf/NjY2/z4+Pv8+Pj7/PT09/z4+Pv8+Pj7/PT09/zs7O/86Ojr/Nzc3/zQ0NP8tLS3/KCgo/x8fH/8bGxv/Ghoa/xwcHP8pKSn/MzMz/z8/P/9KSkr/UFBQ/1ZWVv9TU1P/UFBQ/0xMTP9GRkb/RUVF/0VFRf9FRUX/RkZG/0ZGRv9HR0f/RkZG/0NDQ/9BQUH/QUFB/0JCQv9DQ0P/RUVF/0pKSv9QUFD/Tk5O/0xMTP9KSkr/RkZG/zw8PP8oKCj/IiIi/xsbG/8aGhr/Hh4e/yIiIv8tLS3/NTU1/zc3N/86Ojr/Ojo6/zk5Of86Ojr/Ozs7/zo6Ov85OTn/Ojo6/zs7O/87Ozv/PDw8/zs7O/86Ojr/Ojo6/zo6Ov87Ozv/PDw8/zw8PP89PT3/PT09/zw8PP88PDz/PT09/z4+Pv8+Pj7/Pj4+/z09Pf88PDz/PDw8/zs7O/87Ozv/Ojo6/zk5Of85OTn/OTk5/zk5Of84ODj/NjY2/zU1Nf8yMjL/Ly8v/ygoKP8fHx//HR0d/xoaGv8eHh7/JiYm/zMzM/9LS0v/VFRU/15eXv9iYmL/YmJi/2FhYf9bW1v/V1dX/1NTU/9PT0//Tk5O/01NTf9MTEz/SUlJ/0dHR/9DQ0P/Q0ND/0NDQ/9FRUX/SUlJ/0tLS/9QUFD/UFBQ/0lJSf9FRUX/Pz8//zk5Of8yMjL/Kioq/yAgIP8WFhb/FRUV/xQUFP8VFRX/FRUV/xkZGf8fHx//MTEx/1VVVf9sbGz/kpKS/4+Pj/9cXFz/QEBA/zIyMv8pKSn/KSkp/yoqKv84ODj/R0dH/0lJSf9MTEz/TExM/0tLS/9CQkL/NDQ0/y8vL/8qKir/LS0t/zg4OP8/Pz//SUlJ/09PT/9RUVH/U1NT/1ZWVv9ZWVn/Wlpa/1xcXP9YWFj/U1NT/0xMTP9BQUH/QEBA/0BAQP89PT3/ODg4/zIyMv8nJyf/IiIi/x4eHv8cHBz/HBwc/xwcHP8iIiL/KCgo/zAwMP85OTn/MDAw/yMjI/8iIiL/ICAg/yMjI/8qKir/Ly8v/zc3N/89PT3/RkZG/0hISP9GRkb/RERE/0ZGRv9HR0f/R0dH/0dHR/9JSUn/S0tL/0hISP9DQ0P/QUFB/z09Pf8yMjL/Hh4e/xgYGP8UFBT/ExMT/xQUFP8WFhb/ICAg/ycnJ/8yMjL/OTk5/y0tLf8gICD/Ghoa/xQUFP8WFhb/Ghoa/yQkJP8zMzP/OTk5/0JCQv9FRUX/R0dH/0dHR/9FRUX/Q0ND/0JCQv9BQUH/QkJC/0NDQ/9BQUH/Pj4+/zo6Ov82Njb/Ly8v/yUlJf8iIiL/Hx8f/x4eHv8eHh7/ICAg/yUlJf8qKir/NTU1/zg4OP8vLy//KSkp/ycnJ/8lJSX/MDAw/zs7O/9JSUn/WVlZ/1xcXP9gYGD/YGBg/2BgYP9gYGD/YGBg/19fX/9eXl7/XV1d/1xcXP9bW1v/WFhY/1VVVf9NTU3/RkZG/zIyMv8dHR3/GBgY/xISEv8SEhL/ERER/xQUFP8XFxf/Gxsb/yAgIP8fHx//FxcX/xQUFP8SEhL/ExMT/xgYGP8dHR3/Jycn/zExMf8zMzP/NjY2/zU1Nf80NDT/MjIy/zAwMP8xMTH/MzMz/zQ0NP80NDT/MjIy/y4uLv8rKyv/JiYm/yEhIf8aGhr/FBQU/xISEv8RERH/ExMT/xUVFf8dHR3/JiYm/ykpKf8tLS3/Jycn/xoaGv8XFxf/FRUV/xcXF/8hISH/KCgo/zY2Nv8/Pz//RERE/0hISP9ISEj/QEBA/0BAQP9AQED/QEBA/0FBQf9BQUH/QkJC/0JCQv9CQkL/QkJC/0FBQf9BQUH/QkJC/0JCQv9BQUH/QUFB/0JCQv9DQ0P/QkJC/0JCQv9BQUH/QUFB/0FBQf9BQUH/QUFB/0FBQf9BQUH/QkJC/0JCQv9DQ0P/Q0ND/0RERP9ERET/Q0ND/0NDQ/9CQkL/QUFB/0FBQf9CQkL/QkJC/0RERP9ERET/RERE/0NDQ/9CQkL/QkJC/0JCQv9CQkL/QUFB/0FBQf9BQUH/QUFB/0FBQf9BQUH/QUFB/0FBQf9CQkL/QkJC/0JCQv9CQkL/QkJC/0JCQv9CQkL/QkJC/0JCQv9CQkL/QkJC/0FBQf9BQUH/QUFB/0FBQf9CQkL/QkJC/0FBQf9AQED/QEBA/0BAQP9BQUH/QkJC/0JCQv9ERET/RERE/0RERP9DQ0P/QkJC/0JCQv9DQ0P/RERE/0RERP9ERET/RERE/0NDQ/9CQkL/QkJC/0JCQv9CQkL/Q0ND/0RERP9ERET/RERE/0RERP9ERET/RERE/0RERP9ERET/RERE/0RERP9ERET/RERE/0RERP9ERET/RERE/0RERP9ERET/RUVF/0VFRf9FRUX/RUVF/0RERP9ERET/RERE/0VFRf9GRkb/R0dH/0ZGRv9GRkb/RkZG/0ZGRv9HR0f/SEhI/0hISP9HR0f/RkZG/0RERP9ERET/RERE/0RERP9ERET/RERE/0NDQ/9DQ0P/Q0ND/0RERP9ERET/RERE/0RERP9ERET/RERE/0NDQ/9ERET/RERE/0RERP9ERET/Q0ND/0JCQv9CQkL/QUFB/0JCQv9ERET/RERE/0RERP9DQ0P/Q0ND/0NDQ/9ERET/RUVF/0VFRf9FRUX/RUVF/0RERP9DQ0P/Q0ND/0RERP9GRkb/RkZG/0VFRf9FRUX/RkZG/0ZGRv9FRUX/RkZG/0ZGRv9GRkb/RkZG/0VFRf9ERET/RERE/0RERP9DQ0P/RERE/0RERP9ERET/Q0ND/0RERP9ERET/RERE/0RERP9ERET/Q0ND/0NDQ/9ERET/RUVF/0RERP9ERET/RUVF/0ZGRv9GRkb/RUVF/0RERP9DQ0P/Q0ND/0RERP9ERET/RERE/0NDQ/9BQUH/QUFB/0JCQv9DQ0P/RERE/0RERP9ERET/Q0ND/0NDQ/9DQ0P/QkJC/0JCQv9BQUH/QEBA/0BAQP9CQkL/QUFB/0BAQP9AQED/QUFB/0FBQf9CQkL/QkJC/0FBQf9BQUH/QUFB/0FBQf9BQUH/QkJC/0FBQf9AQED/QEBA/z8/P/8/Pz//QEBA/0BAQP9AQED/QEBA/0BAQP9BQUH/QkJC/0JCQv9BQUH/QEBA/0BAQP9BQUH/QUFB/0JCQv9CQkL/QkJC/0JCQv9CQkL/QUFB/0FBQf9BQUH/QUFB/0FBQf9CQkL/QkJC/0FBQf9CQkL/QkJC/0JCQv9DQ0P/Q0ND/0NDQ/9DQ0P/QkJC/0FBQf9BQUH/QEBA/0BAQP9BQUH/QUFB/0JCQv9DQ0P/RERE/0RERP9DQ0P/Q0ND/0NDQ/9DQ0P/QkJC/0FBQf9AQED/Pz8//z8/P/8/Pz//QEBA/0JCQv9BQUH/QEBA/0FBQf9BQUH/QUFB/0FBQf9BQUH/QEBA/0BAQP9CQkL/QkJC/0NDQ/9DQ0P/QkJC/0FBQf9CQkL/QkJC/0JCQv9CQkL/QkJC/0JCQv9CQkL/QUFB/0BAQP9AQED/Pz8//z8/P/8/Pz//Pz8//z4+Pv8+Pj7/Pj4+/z4+Pv83Nzf/Nzc3/zc3N/83Nzf/NTU1/zU1Nf80NDT/NDQ0/zU1Nf82Njb/NjY2/zY2Nv82Njb/NjY2/zY2Nv82Njb/Nzc3/zc3N/83Nzf/NjY2/zY2Nv82Njb/NjY2/zc3N/83Nzf/Nzc3/zc3N/84ODj/ODg4/zg4OP84ODj/ODg4/zc3N/83Nzf/NjY2/zY2Nv83Nzf/ODg4/zo6Ov85OTn/ODg4/zg4OP83Nzf/Nzc3/zc3N/83Nzf/Nzc3/zc3N/84ODj/ODg4/zg4OP84ODj/Nzc3/zc3N/83Nzf/Nzc3/zc3N/84ODj/ODg4/zg4OP84ODj/ODg4/zg4OP85OTn/OTk5/zk5Of85OTn/ODg4/zg4OP83Nzf/Nzc3/zc3N/84ODj/ODg4/zg4OP84ODj/ODg4/zg4OP85OTn/OTk5/zg4OP84ODj/Nzc3/zc3N/85OTn/OTk5/zs7O/87Ozv/Ojo6/zo6Ov85OTn/OTk5/zo6Ov87Ozv/Ozs7/zo6Ov86Ojr/Ojo6/zs7O/87Ozv/Ozs7/zo6Ov87Ozv/PDw8/zw8PP86Ojr/Ojo6/zw8PP88PDz/Ozs7/zs7O/87Ozv/Ozs7/zs7O/88PDz/Ojo6/zk5Of85OTn/Ojo6/zs7O/88PDz/PDw8/zw8PP87Ozv/Ojo6/zo6Ov87Ozv/Ozs7/zs7O/87Ozv/Ozs7/zw8PP88PDz/PDw8/zw8PP88PDz/Ozs7/zs7O/87Ozv/Ojo6/zo6Ov87Ozv/Ozs7/zs7O/87Ozv/PDw8/zw8PP89PT3/Pj4+/z09Pf88PDz/Ozs7/zo6Ov87Ozv/Ozs7/zw8PP89PT3/PT09/z09Pf88PDz/PDw8/zw8PP88PDz/PDw8/zw8PP88PDz/PT09/z09Pf89PT3/PT09/z09Pf89PT3/PT09/z4+Pv8+Pj7/Pj4+/z4+Pv89PT3/PDw8/zs7O/87Ozv/PDw8/zw8PP88PDz/PDw8/z4+Pv8+Pj7/Pj4+/z09Pf89PT3/PT09/z4+Pv8/Pz//Pj4+/z09Pf8+Pj7/Pz8//z8/P/9AQED/QEBA/z4+Pv8+Pj7/Pj4+/z4+Pv8/Pz//Pz8//z4+Pv89PT3/PT09/z09Pf89PT3/PT09/z09Pf88PDz/PT09/z4+Pv8+Pj7/Pj4+/z4+Pv8+Pj7/Pj4+/z8/P/8/Pz//Pz8//z8/P/8/Pz//QEBA/0BAQP8/Pz//QEBA/0BAQP8/Pz//Pj4+/z8/P/9AQED/QEBA/0BAQP9AQED/QUFB/0FBQf9BQUH/QEBA/0BAQP8/Pz//QEBA/0BAQP9AQED/QEBA/0BAQP9BQUH/QUFB/0BAQP8/Pz//Pz8//z8/P/8/Pz//Pz8//z8/P/8/Pz//Pz8//z8/P/9AQED/QUFB/0FBQf9BQUH/QUFB/0BAQP9AQED/QEBA/0BAQP9BQUH/QUFB/0FBQf9AQED/Pz8//z4+Pv8+Pj7/Pz8//0BAQP9AQED/QEBA/z8/P/8/Pz//QEBA/z8/P/8/Pz//Pz8//z8/P/8/Pz//QEBA/0BAQP9AQED/QEBA/z8/P/8/Pz//Pz8//0BAQP9AQED/QEBA/0BAQP9AQED/QEBA/0BAQP9AQED/QEBA/0BAQP9BQUH/QUFB/0JCQv9BQUH/QUFB/0FBQf9BQUH/QUFB/0BAQP9AQED/QUFB/0FBQf9BQUH/QUFB/0FBQf9BQUH/QUFB/0FBQf9BQUH/QUFB/0FBQf9BQUH/QEBA/0BAQP9AQED/QEBA/0BAQP9AQED/QEBA/0FBQf9BQUH/QUFB/ygoKP8oKCj/KSkp/ysrK/8tLS3/Li4u/y8vL/8vLy//Li4u/ywsLP8nJyf/JSUl/yMjI/8jIyP/JCQk/yUlJf8mJib/JiYm/yUlJf8kJCT/IyMj/yIiIv8hISH/ICAg/x4eHv8bGxv/Ghoa/xgYGP8YGBj/FxcX/xYWFv8WFhb/FhYW/xYWFv8VFRX/FRUV/xUVFf8UFBT/FBQU/xQUFP8TExP/ExMT/xMTE/8SEhL/EhIS/xEREf8RERH/EhIS/xQUFP8WFhb/Ghoa/x0dHf8fHx//ISEh/yEhIf8iIiL/IiIi/yIiIv8jIyP/IyMj/yMjI/8kJCT/JCQk/yMjI/8jIyP/JCQk/yQkJP8lJSX/JSUl/yYmJv8mJib/JiYm/yYmJv8mJib/Jycn/yYmJv8mJib/Jycn/ygoKP8qKir/Li4u/y8vL/8xMTH/MTEx/zAwMP8wMDD/MDAw/zAwMP8xMTH/MTEx/y8vL/8uLi7/KSkp/yYmJv8jIyP/ICAg/x8fH/8dHR3/HBwc/xoaGv8ZGRn/GBgY/xcXF/8WFhb/FhYW/xYWFv8WFhb/FRUV/xUVFf8UFBT/FBQU/xUVFf8VFRX/FRUV/xUVFf8VFRX/FRUV/xUVFf8VFRX/FRUV/xUVFf8VFRX/FRUV/xUVFf8VFRX/FRUV/xUVFf8VFRX/FRUV/xUVFf8WFhb/FhYW/xcXF/8XFxf/GBgY/xkZGf8aGhr/HBwc/x0dHf8fHx//ISEh/yUlJf8oKCj/LS0t/zAwMP8zMzP/NTU1/zY2Nv83Nzf/ODg4/zk5Of84ODj/NjY2/zU1Nf8zMzP/MjIy/zIyMv8zMzP/NTU1/zU1Nf81NTX/NTU1/zU1Nf81NTX/NDQ0/zMzM/8zMzP/MjIy/zExMf8wMDD/MTEx/zIyMv8yMjL/MjIy/zExMf8vLy//Li4u/ysrK/8rKyv/LCws/y4uLv8xMTH/NTU1/0FBQf9JSUn/UVFR/1ZWVv9UVFT/UVFR/09PT/9NTU3/TExM/0pKSv9KSkr/SUlJ/0VFRf8+Pj7/Ozs7/zc3N/82Njb/Nzc3/zc3N/81NTX/NDQ0/zMzM/8yMjL/MjIy/zExMf8xMTH/MTEx/zAwMP8wMDD/MDAw/zAwMP8xMTH/NDQ0/zo6Ov9ISEj/TExM/05OTv9MTEz/QUFB/zk5Of82Njb/NDQ0/zMzM/8yMjL/MjIy/zIyMv8xMTH/MDAw/zAwMP8xMTH/MTEx/zExMf8wMDD/MDAw/zAwMP8wMDD/MDAw/zExMf8yMjL/NDQ0/zU1Nf84ODj/Ojo6/zw8PP8/Pz//RUVF/01NTf9SUlL/WFhY/1VVVf9OTk7/R0dH/zs7O/83Nzf/NDQ0/zIyMv8yMjL/MjIy/zExMf8xMTH/MTEx/zIyMv8yMjL/MjIy/zIyMv8xMTH/MjIy/zIyMv8yMjL/MjIy/zIyMv8yMjL/MjIy/zExMf8xMTH/MTEx/zIyMv8yMjL/MzMz/zIyMv8yMjL/MjIy/zIyMv8yMjL/MTEx/zExMf8xMTH/MTEx/zIyMv8zMzP/MzMz/zMzM/8zMzP/MzMz/zMzM/8zMzP/MzMz/zMzM/8zMzP/MzMz/zQ0NP80NDT/NDQ0/zQ0NP80NDT/NDQ0/zQ0NP80NDT/MzMz/zMzM/8zMzP/MzMz/zMzM/80NDT/NDQ0/zQ0NP80NDT/NTU1/zY2Nv83Nzf/Nzc3/zc3N/83Nzf/Nzc3/zc3N/82Njb/NDQ0/zQ0NP81NTX/NTU1/zY2Nv82Njb/NjY2/zc3N/83Nzf/PT09/z4+Pv8+Pj7/PT09/zs7O/86Ojr/OTk5/zc3N/82Njb/MzMz/y0tLf8oKCj/Hx8f/xsbG/8aGhr/HR0d/yoqKv81NTX/QEBA/0tLS/9RUVH/WFhY/1ZWVv9TU1P/Tk5O/0dHR/9GRkb/RERE/0RERP9FRUX/RUVF/0ZGRv9FRUX/QUFB/0BAQP9BQUH/QkJC/0RERP9GRkb/S0tL/1FRUf9OTk7/S0tL/0hISP9ERET/Ojo6/ycnJ/8hISH/Gxsb/xoaGv8eHh7/IiIi/y0tLf80NDT/Nzc3/zg4OP85OTn/Ojo6/zo6Ov87Ozv/Ozs7/zo6Ov86Ojr/Ozs7/zs7O/87Ozv/Ozs7/zk5Of85OTn/Ojo6/zo6Ov88PDz/PT09/z4+Pv9AQED/Pj4+/z09Pf89PT3/Pj4+/z4+Pv8/Pz//Pj4+/z4+Pv89PT3/PT09/z09Pf89PT3/PDw8/zw8PP87Ozv/Ojo6/zk5Of83Nzf/NDQ0/zExMf8uLi7/Jycn/x4eHv8dHR3/Ghoa/x8fH/8nJyf/NDQ0/01NTf9VVVX/Xl5e/2JiYv9mZmb/Z2dn/2RkZP9hYWH/W1tb/1ZWVv9UVFT/UVFR/01NTf9ISEj/RUVF/0BAQP9BQUH/RERE/0dHR/9NTU3/Tk5O/05OTv9NTU3/SEhI/0VFRf8/Pz//Ojo6/zAwMP8nJyf/Hx8f/xUVFf8VFRX/FRUV/xUVFf8UFBT/FhYW/xkZGf8jIyP/ODg4/0tLS/9zc3P/dHR0/0xMTP81NTX/KCgo/x8fH/8gICD/ISEh/y8vL/8/Pz//RERE/0lJSf9JSUn/SEhI/0FBQf80NDT/MzMz/zQ0NP86Ojr/SUlJ/1BQUP9TU1P/VFRU/1VVVf9WVlb/V1dX/1lZWf9cXFz/X19f/1xcXP9XV1f/T09P/0JCQv9BQUH/QUFB/0BAQP8+Pj7/Ojo6/zExMf8sLCz/JiYm/yMjI/8iIiL/IiIi/ycnJ/8tLS3/MzMz/zs7O/8zMzP/KCgo/ygoKP8pKSn/Li4u/zg4OP86Ojr/Ozs7/z4+Pv9ERET/RkZG/0dHR/9HR0f/SUlJ/0tLS/9LS0v/S0tL/05OTv9RUVH/TU1N/0hISP9FRUX/QUFB/zU1Nf8fHx//GRkZ/xQUFP8SEhL/FBQU/xYWFv8gICD/Jycn/zIyMv86Ojr/LS0t/x8fH/8aGhr/FBQU/xcXF/8bGxv/JSUl/zY2Nv87Ozv/Q0ND/0VFRf9GRkb/RkZG/0RERP9ERET/Q0ND/0JCQv9BQUH/QEBA/z09Pf86Ojr/ODg4/zY2Nv8yMjL/LCws/ykpKf8kJCT/IyMj/yIiIv8kJCT/KSkp/y0tLf82Njb/ODg4/zAwMP8rKyv/LCws/y4uLv88PDz/SkpK/1NTU/9dXV3/Xl5e/2BgYP9fX1//Xl5e/15eXv9dXV3/XFxc/1paWv9aWlr/XFxc/11dXf9bW1v/WVlZ/1BQUP9HR0f/MjIy/xwcHP8YGBj/EhIS/xISEv8SEhL/FBQU/xgYGP8aGhr/Hx8f/x0dHf8WFhb/ExMT/xISEv8SEhL/FxcX/xsbG/8lJSX/Li4u/zAwMP8yMjL/MzMz/zY2Nv81NTX/NDQ0/zQ0NP8zMzP/NDQ0/zU1Nf80NDT/Ly8v/ywsLP8mJib/ISEh/xkZGf8TExP/EhIS/xAQEP8TExP/FhYW/x0dHf8nJyf/KSkp/y0tLf8mJib/Ghoa/xcXF/8VFRX/GRkZ/yMjI/8rKyv/OTk5/0FBQf9HR0f/S0tL/0tLS/9AQED/QEBA/0BAQP9AQED/QUFB/0FBQf9BQUH/QUFB/0BAQP9BQUH/QUFB/0JCQv9ERET/RERE/0JCQv9BQUH/QUFB/0FBQf9BQUH/QUFB/0FBQf9AQED/QEBA/0BAQP9AQED/QEBA/0FBQf9DQ0P/Q0ND/0JCQv9CQkL/QkJC/0JCQv9CQkL/QkJC/0BAQP8/Pz//Pz8//z4+Pv9BQUH/Q0ND/0RERP9FRUX/RERE/0JCQv9CQkL/Q0ND/0JCQv9BQUH/QEBA/0BAQP9AQED/QUFB/0JCQv9CQkL/QkJC/0JCQv9CQkL/QkJC/0FBQf9CQkL/QkJC/0JCQv9DQ0P/Q0ND/0NDQ/9DQ0P/QkJC/0JCQv9DQ0P/Q0ND/0NDQ/9DQ0P/QkJC/0BAQP9AQED/QEBA/0BAQP9BQUH/QkJC/0NDQ/9DQ0P/RERE/0RERP9DQ0P/Q0ND/0RERP9ERET/RERE/0RERP9CQkL/QUFB/0FBQf9BQUH/QUFB/0FBQf9DQ0P/RkZG/0VFRf9FRUX/RERE/0NDQ/9DQ0P/RERE/0RERP9DQ0P/Q0ND/0RERP9FRUX/RUVF/0VFRf9ERET/RERE/0RERP9FRUX/RUVF/0ZGRv9FRUX/Q0ND/0NDQ/9CQkL/Q0ND/0VFRf9FRUX/RUVF/0RERP9DQ0P/Q0ND/0VFRf9GRkb/R0dH/0hISP9GRkb/Q0ND/0NDQ/9DQ0P/Q0ND/0JCQv9DQ0P/Q0ND/0NDQ/9DQ0P/Q0ND/0RERP9FRUX/RERE/0RERP9ERET/RUVF/0VFRf9GRkb/RkZG/0ZGRv9FRUX/Q0ND/0JCQv9AQED/QkJC/0RERP9FRUX/RERE/0RERP9FRUX/RUVF/0VFRf9FRUX/RERE/0RERP9ERET/Q0ND/0NDQ/9CQkL/RERE/0ZGRv9GRkb/R0dH/0dHR/9HR0f/R0dH/0ZGRv9GRkb/R0dH/0ZGRv9FRUX/RERE/0RERP9ERET/RERE/0VFRf9FRUX/RUVF/0VFRf9FRUX/RUVF/0ZGRv9GRkb/RkZG/0ZGRv9GRkb/RkZG/0ZGRv9FRUX/Q0ND/0JCQv9ERET/RERE/0VFRf9FRUX/RUVF/0VFRf9FRUX/RUVF/0RERP9DQ0P/Q0ND/0FBQf9BQUH/QkJC/0NDQ/9ERET/RUVF/0RERP9ERET/Q0ND/0NDQ/9CQkL/QUFB/0BAQP8/Pz//QUFB/0RERP9CQkL/QEBA/0BAQP9BQUH/QUFB/0JCQv9CQkL/QkJC/0JCQv9BQUH/QUFB/0FBQf9BQUH/QUFB/0FBQf9BQUH/QUFB/0BAQP9AQED/QUFB/0JCQv9CQkL/QUFB/0FBQf9CQkL/QkJC/0BAQP8/Pz//QEBA/0BAQP9BQUH/QUFB/0JCQv9DQ0P/Q0ND/0JCQv9CQkL/Q0ND/0NDQ/9DQ0P/Q0ND/0NDQ/9DQ0P/QkJC/0JCQv9CQkL/QkJC/0JCQv9CQkL/QkJC/0JCQv9CQkL/QkJC/0JCQv9CQkL/QUFB/0BAQP9BQUH/Q0ND/0NDQ/9FRUX/RERE/0NDQ/9DQ0P/RERE/0NDQ/9CQkL/QUFB/0BAQP8/Pz//QEBA/0FBQf9BQUH/QkJC/0JCQv9BQUH/QUFB/0FBQf9BQUH/QkJC/0JCQv9BQUH/QUFB/0FBQf9BQUH/QkJC/0JCQv9CQkL/Q0ND/0NDQ/9DQ0P/QkJC/0FBQf9BQUH/QUFB/0FBQf9BQUH/QUFB/0BAQP9AQED/Pz8//z8/P/8+Pj7/Pj4+/z09Pf88PDz/PT09/zg4OP84ODj/ODg4/zc3N/83Nzf/NjY2/zU1Nf81NTX/Nzc3/zc3N/84ODj/Nzc3/zY2Nv81NTX/NjY2/zc3N/84ODj/OTk5/zc3N/82Njb/NjY2/zY2Nv82Njb/NjY2/zY2Nv82Njb/NjY2/zY2Nv82Njb/Nzc3/zc3N/84ODj/ODg4/zc3N/83Nzf/Nzc3/zc3N/85OTn/Ozs7/zo6Ov85OTn/ODg4/zg4OP84ODj/ODg4/zg4OP83Nzf/Nzc3/zg4OP84ODj/OTk5/zk5Of84ODj/ODg4/zc3N/82Njb/Nzc3/zc3N/83Nzf/Nzc3/zc3N/83Nzf/Nzc3/zc3N/83Nzf/Nzc3/zg4OP85OTn/ODg4/zc3N/82Njb/Nzc3/zc3N/83Nzf/Nzc3/zc3N/83Nzf/Nzc3/zc3N/83Nzf/NjY2/zY2Nv82Njb/Nzc3/zk5Of85OTn/Ozs7/zs7O/86Ojr/Ojo6/zk5Of84ODj/Ojo6/zw8PP87Ozv/Ojo6/zo6Ov87Ozv/Ozs7/zs7O/87Ozv/Ozs7/zs7O/88PDz/PDw8/zo6Ov86Ojr/Ozs7/zs7O/86Ojr/OTk5/zo6Ov86Ojr/Ozs7/zs7O/86Ojr/OTk5/zk5Of86Ojr/Ozs7/z09Pf88PDz/Ozs7/zs7O/86Ojr/OTk5/zs7O/87Ozv/Ojo6/zo6Ov87Ozv/Ozs7/zs7O/87Ozv/Ozs7/zs7O/87Ozv/PDw8/zw8PP87Ozv/Ozs7/zs7O/87Ozv/Ozs7/zs7O/88PDz/PDw8/zw8PP88PDz/PDw8/zs7O/86Ojr/ODg4/zk5Of86Ojr/PDw8/z4+Pv89PT3/PDw8/zw8PP87Ozv/Ojo6/zo6Ov86Ojr/Ozs7/zs7O/88PDz/PT09/z09Pf8+Pj7/PT09/z09Pf89PT3/Pj4+/z4+Pv8/Pz//Pj4+/zw8PP88PDz/PT09/z09Pf89PT3/PT09/z4+Pv8+Pj7/Pj4+/z4+Pv89PT3/Ozs7/zw8PP8+Pj7/Pz8//0FBQf9AQED/Pj4+/z4+Pv8+Pj7/Pj4+/z4+Pv8+Pj7/PT09/z09Pf89PT3/PT09/z8/P/9AQED/Pz8//z4+Pv8/Pz//QEBA/z8/P/8+Pj7/Pj4+/z09Pf89PT3/PDw8/z09Pf89PT3/PT09/zw8PP88PDz/PT09/z4+Pv8+Pj7/Pj4+/z8/P/8/Pz//Pz8//0BAQP9AQED/QUFB/0BAQP8+Pj7/Pz8//0FBQf9BQUH/QUFB/0FBQf9CQkL/QkJC/0FBQf9AQED/Pz8//z8/P/9AQED/QEBA/0BAQP9AQED/QEBA/0BAQP9AQED/Pz8//z8/P/8/Pz//Pz8//z4+Pv8+Pj7/PT09/z09Pf89PT3/Pj4+/z8/P/9BQUH/QEBA/z8/P/8+Pj7/PT09/z4+Pv8/Pz//QEBA/0FBQf9CQkL/QkJC/0JCQv9BQUH/QEBA/z8/P/8+Pj7/Pz8//0BAQP8/Pz//PT09/z4+Pv8/Pz//Pz8//z8/P/8/Pz//Pz8//0BAQP9BQUH/QUFB/0FBQf9AQED/Pz8//z8/P/9AQED/QUFB/0BAQP9AQED/Pz8//z8/P/8/Pz//Pz8//z8/P/8/Pz//Pz8//z8/P/9AQED/QUFB/0FBQf9BQUH/QUFB/0BAQP9AQED/Pz8//z8/P/9AQED/QUFB/0FBQf9BQUH/QUFB/0BAQP9AQED/Pz8//z8/P/8+Pj7/Pz8//z8/P/8/Pz//Pz8//z8/P/9AQED/QEBA/0BAQP9AQED/QkJC/0NDQ/9BQUH/KCgo/ykpKf8qKir/Kysr/y0tLf8uLi7/Ly8v/y8vL/8uLi7/LS0t/ykpKf8oKCj/JiYm/yUlJf8mJib/Jycn/ycnJ/8nJyf/JSUl/yIiIv8hISH/ICAg/yAgIP8fHx//Hh4e/xsbG/8aGhr/GBgY/xgYGP8XFxf/FxcX/xYWFv8WFhb/FRUV/xUVFf8UFBT/FBQU/xQUFP8UFBT/FBQU/xMTE/8TExP/EhIS/xISEv8RERH/ERER/xAQEP8RERH/EhIS/xQUFP8ZGRn/HBwc/x4eHv8fHx//ISEh/yIiIv8iIiL/IyMj/yMjI/8jIyP/JCQk/yUlJf8kJCT/IyMj/yMjI/8jIyP/IyMj/yMjI/8kJCT/JSUl/yUlJf8mJib/JiYm/yYmJv8mJib/JiYm/yYmJv8nJyf/KSkp/ywsLP8wMDD/MjIy/zQ0NP80NDT/NDQ0/zMzM/8xMTH/Ly8v/ywsLP8qKir/JiYm/yMjI/8hISH/Hh4e/x0dHf8bGxv/Ghoa/xgYGP8XFxf/FhYW/xYWFv8VFRX/FRUV/xUVFf8VFRX/FRUV/xUVFf8UFBT/FBQU/xQUFP8UFBT/FRUV/xUVFf8VFRX/FhYW/xYWFv8WFhb/FhYW/xUVFf8VFRX/FhYW/xYWFv8VFRX/FRUV/xUVFf8VFRX/FRUV/xUVFf8UFBT/FBQU/xUVFf8VFRX/FhYW/xYWFv8WFhb/FhYW/xcXF/8XFxf/FxcX/xgYGP8aGhr/HR0d/yAgIP8jIyP/JiYm/ykpKf8rKyv/Ly8v/zIyMv82Njb/Ojo6/zg4OP83Nzf/NTU1/zMzM/80NDT/NTU1/zc3N/85OTn/OTk5/zk5Of84ODj/NjY2/zU1Nf80NDT/MzMz/zIyMv8xMTH/MDAw/y8vL/8xMTH/MzMz/zIyMv8xMTH/MDAw/y4uLv8tLS3/Kysr/ysrK/8tLS3/Li4u/zAwMP80NDT/QUFB/0pKSv9SUlL/V1dX/1JSUv9MTEz/R0dH/0FBQf8/Pz//PDw8/zs7O/86Ojr/OTk5/zU1Nf80NDT/NDQ0/zU1Nf82Njb/Nzc3/zY2Nv81NTX/NDQ0/zMzM/8zMzP/MzMz/zIyMv8yMjL/MTEx/zExMf8wMDD/Ly8v/zExMf8zMzP/Ojo6/0dHR/9MTEz/Tk5O/0xMTP9BQUH/OTk5/zY2Nv8zMzP/MjIy/zExMf8yMjL/MjIy/zAwMP8uLi7/Ly8v/zAwMP8wMDD/MDAw/zAwMP8wMDD/MDAw/zExMf8xMTH/MjIy/zMzM/82Njb/Ojo6/z8/P/9FRUX/SUlJ/01NTf9QUFD/VVVV/1dXV/9aWlr/VVVV/0hISP9CQkL/OTk5/zU1Nf8zMzP/MjIy/zAwMP8wMDD/MDAw/zExMf8xMTH/MjIy/zIyMv8xMTH/MTEx/zAwMP8xMTH/MTEx/zExMf8wMDD/MDAw/zExMf8xMTH/MjIy/zIyMv8yMjL/MjIy/zIyMv8xMTH/MTEx/zExMf8yMjL/MzMz/zMzM/8yMjL/MjIy/zIyMv8yMjL/MzMz/zMzM/80NDT/NDQ0/zMzM/8zMzP/MzMz/zMzM/80NDT/NDQ0/zQ0NP80NDT/NDQ0/zQ0NP80NDT/NDQ0/zQ0NP81NTX/NTU1/zQ0NP80NDT/MzMz/zMzM/80NDT/NDQ0/zU1Nf81NTX/NDQ0/zMzM/81NTX/Nzc3/zc3N/84ODj/ODg4/zg4OP84ODj/Nzc3/zY2Nv80NDT/NDQ0/zU1Nf81NTX/NjY2/zY2Nv82Njb/NjY2/zc3N/89PT3/Pj4+/z4+Pv89PT3/PDw8/zs7O/85OTn/ODg4/zc3N/8zMzP/LS0t/ygoKP8fHx//Gxsb/xoaGv8cHBz/KSkp/zMzM/8+Pj7/SUlJ/1BQUP9ZWVn/VlZW/1JSUv9NTU3/R0dH/0ZGRv9FRUX/RUVF/0VFRf9FRUX/RERE/0NDQ/9BQUH/QEBA/0JCQv9ERET/RUVF/0ZGRv9LS0v/UFBQ/09PT/9MTEz/SUlJ/0RERP86Ojr/Jycn/yEhIf8aGhr/Ghoa/x0dHf8iIiL/LS0t/zQ0NP83Nzf/ODg4/zk5Of86Ojr/Ojo6/zo6Ov86Ojr/Ojo6/zo6Ov86Ojr/Ojo6/zo6Ov86Ojr/Ojo6/zo6Ov86Ojr/Ojo6/zw8PP89PT3/Pj4+/z8/P/8+Pj7/PT09/z09Pf8+Pj7/Pz8//z8/P/8+Pj7/PT09/z09Pf88PDz/PDw8/zw8PP88PDz/PDw8/zw8PP87Ozv/Ojo6/zc3N/81NTX/MjIy/y8vL/8oKCj/Hx8f/x0dHf8aGhr/Hh4e/yUlJf8yMjL/SUlJ/1JSUv9bW1v/X19f/2RkZP9mZmb/ZGRk/2JiYv9dXV3/WFhY/1ZWVv9TU1P/T09P/0tLS/9ISEj/Q0ND/0VFRf9JSUn/S0tL/05OTv9OTk7/TExM/0lJSf9ERET/QEBA/zw8PP84ODj/Ly8v/ycnJ/8eHh7/FRUV/xUVFf8UFBT/FBQU/xQUFP8VFRX/FxcX/x0dHf8pKSn/Nzc3/1FRUf9TU1P/OTk5/yoqKv8gICD/Ghoa/xsbG/8cHBz/KCgo/zU1Nf89PT3/SEhI/0hISP9JSUn/Q0ND/zc3N/83Nzf/Ozs7/0BAQP9OTk7/U1NT/1NTU/9UVFT/VlZW/1dXV/9ZWVn/Wlpa/1xcXP9eXl7/Wlpa/1VVVf9OTk7/RERE/0NDQ/9CQkL/QUFB/z4+Pv87Ozv/MzMz/y4uLv8pKSn/JiYm/yUlJf8lJSX/Kysr/zAwMP82Njb/PT09/zY2Nv8rKyv/LCws/y8vL/80NDT/Pj4+/z8/P/8/Pz//QUFB/0ZGRv9ISEj/SkpK/0pKSv9MTEz/TU1N/0xMTP9MTEz/Tk5O/1FRUf9OTk7/SkpK/0ZGRv9BQUH/NTU1/x8fH/8ZGRn/ExMT/xISEv8TExP/FhYW/x8fH/8lJSX/MDAw/zg4OP8rKyv/Hh4e/xkZGf8UFBT/FhYW/xoaGv8kJCT/NTU1/zo6Ov9AQED/QkJC/0NDQ/9ERET/Q0ND/0NDQ/9BQUH/QUFB/0BAQP8/Pz//Ozs7/zg4OP82Njb/NTU1/zIyMv8tLS3/Kioq/yUlJf8kJCT/IyMj/yUlJf8pKSn/LS0t/zU1Nf83Nzf/Ly8v/ysrK/8uLi7/MjIy/z8/P/9OTk7/VFRU/1xcXP9cXFz/XFxc/1xcXP9bW1v/Wlpa/1hYWP9YWFj/WVlZ/1paWv9dXV3/XV1d/1xcXP9aWlr/UVFR/0hISP8zMzP/HBwc/xgYGP8TExP/ExMT/xMTE/8VFRX/GRkZ/xsbG/8gICD/Hh4e/xcXF/8UFBT/EhIS/xISEv8WFhb/Ghoa/yMjI/8rKyv/LS0t/y8vL/8xMTH/MzMz/zQ0NP80NDT/MzMz/zIyMv8zMzP/NDQ0/zMzM/8vLy//LCws/yUlJf8gICD/GBgY/xISEv8RERH/EBAQ/xMTE/8WFhb/HR0d/ycnJ/8pKSn/LS0t/yYmJv8aGhr/GBgY/xYWFv8ZGRn/JSUl/y0tLf88PDz/RUVF/0lJSf9MTEz/TExM/z8/P/9AQED/QEBA/0FBQf9CQkL/QkJC/0JCQv9CQkL/QUFB/0FBQf9BQUH/QUFB/0JCQv9CQkL/QkJC/0FBQf9BQUH/QkJC/0JCQv9CQkL/QkJC/0FBQf9BQUH/QUFB/0BAQP9AQED/QEBA/0JCQv9CQkL/QkJC/0JCQv9CQkL/QkJC/0JCQv9CQkL/QUFB/0BAQP9AQED/Pz8//0FBQf9DQ0P/Q0ND/0RERP9DQ0P/QkJC/0JCQv9DQ0P/QkJC/0FBQf9AQED/QEBA/0FBQf9CQkL/Q0ND/0NDQ/9DQ0P/Q0ND/0NDQ/9CQkL/QkJC/0JCQv9CQkL/QkJC/0JCQv9CQkL/QkJC/0JCQv9CQkL/QkJC/0JCQv9DQ0P/Q0ND/0NDQ/9CQkL/QUFB/0FBQf9CQkL/QUFB/0FBQf9CQkL/Q0ND/0NDQ/9ERET/Q0ND/0JCQv9CQkL/Q0ND/0RERP9ERET/RERE/0NDQ/9CQkL/QkJC/0FBQf9CQkL/Q0ND/0RERP9GRkb/RkZG/0VFRf9FRUX/Q0ND/0NDQ/9DQ0P/Q0ND/0NDQ/9DQ0P/RERE/0VFRf9FRUX/RUVF/0RERP9DQ0P/RERE/0RERP9FRUX/RkZG/0VFRf9DQ0P/Q0ND/0JCQv9DQ0P/RERE/0VFRf9ERET/RERE/0JCQv9CQkL/RERE/0VFRf9GRkb/R0dH/0VFRf9DQ0P/Q0ND/0NDQ/9DQ0P/Q0ND/0NDQ/9DQ0P/Q0ND/0NDQ/9ERET/RUVF/0ZGRv9FRUX/RERE/0RERP9ERET/RUVF/0ZGRv9FRUX/RUVF/0RERP9CQkL/QkJC/0FBQf9CQkL/RERE/0RERP9ERET/RERE/0RERP9ERET/RERE/0RERP9ERET/RERE/0RERP9ERET/Q0ND/0NDQ/9ERET/RUVF/0ZGRv9GRkb/R0dH/0dHR/9HR0f/RkZG/0ZGRv9GRkb/RkZG/0VFRf9ERET/RERE/0RERP9ERET/RUVF/0VFRf9FRUX/RUVF/0VFRf9FRUX/RkZG/0ZGRv9GRkb/RkZG/0ZGRv9GRkb/RUVF/0VFRf9DQ0P/QkJC/0NDQ/9ERET/RUVF/0VFRf9FRUX/RERE/0RERP9ERET/RERE/0NDQ/9DQ0P/QkJC/0JCQv9DQ0P/RERE/0VFRf9FRUX/RUVF/0VFRf9ERET/RERE/0JCQv9BQUH/QEBA/z8/P/9AQED/Q0ND/0JCQv9BQUH/QUFB/0FBQf9BQUH/QkJC/0JCQv9DQ0P/Q0ND/0NDQ/9DQ0P/QkJC/0JCQv9CQkL/QkJC/0JCQv9CQkL/QkJC/0FBQf9CQkL/Q0ND/0NDQ/9CQkL/QkJC/0NDQ/9DQ0P/QUFB/0BAQP9AQED/QEBA/0BAQP9BQUH/QkJC/0NDQ/9DQ0P/QkJC/0NDQ/9DQ0P/Q0ND/0JCQv9CQkL/Q0ND/0NDQ/9DQ0P/Q0ND/0NDQ/9CQkL/Q0ND/0NDQ/9DQ0P/QkJC/0NDQ/9DQ0P/Q0ND/0JCQv9CQkL/QUFB/0FBQf9DQ0P/Q0ND/0RERP9DQ0P/Q0ND/0NDQ/9ERET/RERE/0JCQv9BQUH/QEBA/0BAQP9BQUH/QUFB/0FBQf9CQkL/QUFB/0FBQf9BQUH/QUFB/0FBQf9CQkL/QkJC/0NDQ/9DQ0P/QkJC/0JCQv9DQ0P/Q0ND/0NDQ/9ERET/Q0ND/0NDQ/9DQ0P/QkJC/0JCQv9BQUH/QUFB/0FBQf9BQUH/QEBA/0BAQP9AQED/QEBA/z8/P/8/Pz//Pj4+/z09Pf89PT3/Nzc3/zc3N/83Nzf/Nzc3/zY2Nv82Njb/NTU1/zY2Nv83Nzf/Nzc3/zg4OP83Nzf/NTU1/zU1Nf82Njb/NjY2/zc3N/84ODj/Nzc3/zc3N/82Njb/NjY2/zY2Nv82Njb/NjY2/zc3N/83Nzf/Nzc3/zc3N/83Nzf/Nzc3/zg4OP84ODj/ODg4/zg4OP84ODj/ODg4/zk5Of86Ojr/Ojo6/zk5Of85OTn/OTk5/zk5Of85OTn/OTk5/zg4OP84ODj/ODg4/zg4OP85OTn/OTk5/zg4OP84ODj/Nzc3/zc3N/83Nzf/Nzc3/zc3N/83Nzf/ODg4/zg4OP84ODj/ODg4/zg4OP85OTn/OTk5/zk5Of84ODj/Nzc3/zc3N/84ODj/ODg4/zg4OP84ODj/ODg4/zg4OP84ODj/Nzc3/zc3N/83Nzf/Nzc3/zc3N/83Nzf/ODg4/zk5Of86Ojr/Ojo6/zo6Ov85OTn/ODg4/zg4OP85OTn/Ojo6/zo6Ov85OTn/Ojo6/zs7O/87Ozv/PDw8/zw8PP87Ozv/Ozs7/zs7O/87Ozv/Ozs7/zo6Ov87Ozv/Ozs7/zo6Ov85OTn/Ojo6/zs7O/87Ozv/Ozs7/zs7O/86Ojr/Ojo6/zo6Ov87Ozv/PDw8/zw8PP87Ozv/Ojo6/zo6Ov86Ojr/Ozs7/zs7O/87Ozv/Ozs7/zw8PP88PDz/PDw8/zw8PP88PDz/PDw8/zw8PP88PDz/PDw8/zs7O/87Ozv/Ozs7/zs7O/87Ozv/Ozs7/zs7O/87Ozv/Ozs7/zw8PP87Ozv/Ozs7/zo6Ov86Ojr/Ojo6/zs7O/88PDz/PT09/z09Pf89PT3/PDw8/zo6Ov86Ojr/Ojo6/zo6Ov87Ozv/Ozs7/zw8PP88PDz/PT09/z09Pf89PT3/PDw8/z09Pf89PT3/Pj4+/z4+Pv8+Pj7/PDw8/zw8PP88PDz/PDw8/zw8PP89PT3/PT09/z09Pf8+Pj7/Pj4+/z09Pf88PDz/PT09/z4+Pv8/Pz//QEBA/0BAQP8+Pj7/Pj4+/z4+Pv8+Pj7/Pj4+/z4+Pv8+Pj7/Pj4+/z09Pf89PT3/Pj4+/z8/P/8/Pz//Pj4+/z4+Pv8+Pj7/Pj4+/z4+Pv8+Pj7/PT09/z09Pf89PT3/PT09/z09Pf89PT3/PDw8/zw8PP89PT3/Pj4+/z8/P/8/Pz//Pz8//z8/P/8/Pz//QEBA/0BAQP9BQUH/QEBA/z4+Pv8+Pj7/Pz8//0BAQP9AQED/QEBA/0FBQf9BQUH/QEBA/z8/P/8/Pz//Pz8//0BAQP9AQED/QEBA/0BAQP9AQED/QEBA/z8/P/8/Pz//Pz8//z4+Pv8+Pj7/Pj4+/z09Pf8+Pj7/Pj4+/z4+Pv8+Pj7/Pz8//0BAQP8/Pz//Pz8//z8/P/8+Pj7/Pz8//0BAQP9AQED/QEBA/0FBQf9CQkL/QkJC/0FBQf9BQUH/Pz8//z4+Pv8/Pz//QEBA/z8/P/8+Pj7/Pz8//0BAQP9AQED/QEBA/0BAQP8/Pz//QEBA/0JCQv9CQkL/QUFB/0BAQP8/Pz//Pz8//0BAQP9BQUH/QEBA/z8/P/8/Pz//Pz8//z8/P/8/Pz//Pz8//z8/P/8/Pz//Pz8//0BAQP9BQUH/QUFB/0FBQf9BQUH/QEBA/0BAQP9AQED/QEBA/0FBQf9BQUH/QUFB/0FBQf9AQED/QEBA/0BAQP8/Pz//Pz8//z4+Pv8+Pj7/Pz8//z8/P/8+Pj7/Pz8//z8/P/8/Pz//Pz8//z8/P/9BQUH/QkJC/0FBQf8qKir/Kysr/ysrK/8rKyv/Kysr/ysrK/8sLCz/LCws/ywsLP8rKyv/KSkp/ygoKP8lJSX/JSUl/yYmJv8nJyf/Jycn/ygoKP8mJib/JCQk/yIiIv8gICD/ICAg/x8fH/8eHh7/Gxsb/xoaGv8ZGRn/GBgY/xcXF/8XFxf/FhYW/xYWFv8WFhb/FRUV/xUVFf8UFBT/FBQU/xQUFP8UFBT/FBQU/xMTE/8SEhL/EhIS/xEREf8RERH/EBAQ/xEREf8RERH/ExMT/xcXF/8ZGRn/HR0d/x8fH/8gICD/IiIi/yIiIv8jIyP/IyMj/yMjI/8kJCT/JSUl/yQkJP8kJCT/JCQk/yMjI/8jIyP/IyMj/yQkJP8lJSX/JSUl/yYmJv8mJib/JiYm/yYmJv8nJyf/Jycn/ykpKf8rKyv/Li4u/zMzM/80NDT/NjY2/zU1Nf8zMzP/MTEx/y0tLf8rKyv/KCgo/yYmJv8iIiL/Hx8f/x0dHf8bGxv/Ghoa/xgYGP8XFxf/FhYW/xYWFv8VFRX/FRUV/xUVFf8VFRX/FRUV/xUVFf8WFhb/FhYW/xUVFf8VFRX/FRUV/xUVFf8VFRX/FhYW/xYWFv8WFhb/FhYW/xcXF/8XFxf/FhYW/xcXF/8XFxf/FxcX/xYWFv8WFhb/FhYW/xYWFv8VFRX/FRUV/xUVFf8VFRX/FRUV/xUVFf8VFRX/FRUV/xUVFf8WFhb/FhYW/xYWFv8WFhb/FxcX/xgYGP8aGhr/HBwc/x8fH/8gICD/JCQk/yYmJv8qKir/LS0t/zExMf81NTX/NjY2/zc3N/82Njb/NTU1/zU1Nf83Nzf/ODg4/zo6Ov86Ojr/Ojo6/zk5Of84ODj/Nzc3/zY2Nv81NTX/NDQ0/zMzM/8yMjL/MTEx/zIyMv8yMjL/MjIy/zExMf8wMDD/Li4u/y0tLf8sLCz/LCws/ywsLP8tLS3/MDAw/zQ0NP9CQkL/S0tL/1JSUv9XV1f/UFBQ/0lJSf9DQ0P/PDw8/zk5Of82Njb/NjY2/zY2Nv81NTX/MzMz/zMzM/80NDT/NTU1/zY2Nv82Njb/NTU1/zU1Nf80NDT/MzMz/zMzM/8zMzP/MzMz/zIyMv8yMjL/MTEx/zAwMP8vLy//MTEx/zQ0NP86Ojr/SEhI/0xMTP9OTk7/TExM/0BAQP85OTn/NTU1/zIyMv8yMjL/MTEx/zExMf8xMTH/Ly8v/y4uLv8uLi7/MDAw/zAwMP8wMDD/MDAw/zExMf8xMTH/MTEx/zExMf8yMjL/MzMz/zg4OP87Ozv/Q0ND/0pKSv9NTU3/UVFR/1NTU/9WVlb/VlZW/1VVVf9PT0//Q0ND/z4+Pv83Nzf/NDQ0/zIyMv8xMTH/MDAw/y8vL/8wMDD/MTEx/zExMf8yMjL/MjIy/zExMf8xMTH/MTEx/zExMf8xMTH/MTEx/zAwMP8wMDD/MDAw/zExMf8xMTH/MTEx/zIyMv8yMjL/MjIy/zExMf8xMTH/MTEx/zIyMv8yMjL/MjIy/zExMf8xMTH/MTEx/zIyMv8zMzP/MzMz/zMzM/80NDT/MzMz/zMzM/8zMzP/MzMz/zQ0NP80NDT/NDQ0/zQ0NP80NDT/NDQ0/zQ0NP81NTX/NTU1/zY2Nv81NTX/NDQ0/zQ0NP80NDT/NDQ0/zQ0NP80NDT/NTU1/zU1Nf80NDT/NDQ0/zU1Nf82Njb/Nzc3/zc3N/83Nzf/Nzc3/zc3N/82Njb/NTU1/zMzM/8zMzP/NDQ0/zU1Nf82Njb/NjY2/zY2Nv82Njb/Nzc3/z4+Pv8+Pj7/Pz8//z4+Pv89PT3/PDw8/zw8PP87Ozv/OTk5/zU1Nf8uLi7/KCgo/x8fH/8bGxv/Ghoa/xsbG/8nJyf/MDAw/zo6Ov9FRUX/Tk5O/1hYWP9UVFT/T09P/0tLS/9GRkb/RkZG/0dHR/9HR0f/RUVF/0RERP9AQED/Pz8//0BAQP9BQUH/RERE/0ZGRv9HR0f/R0dH/0tLS/9PT0//T09P/09PT/9LS0v/RUVF/zo6Ov8nJyf/ICAg/xoaGv8ZGRn/HR0d/yEhIf8tLS3/NDQ0/zc3N/85OTn/OTk5/zk5Of85OTn/OTk5/zk5Of85OTn/OTk5/zg4OP84ODj/ODg4/zk5Of87Ozv/Ozs7/zo6Ov86Ojr/Ozs7/zw8PP89PT3/PT09/z09Pf88PDz/PT09/z4+Pv8/Pz//QEBA/z4+Pv87Ozv/Ozs7/zo6Ov87Ozv/Ozs7/zs7O/88PDz/PDw8/zw8PP87Ozv/ODg4/zY2Nv8zMzP/MTEx/ykpKf8hISH/HR0d/xkZGf8cHBz/IyMj/y4uLv9DQ0P/S0tL/1VVVf9ZWVn/X19f/2JiYv9iYmL/YWFh/11dXf9aWlr/WFhY/1VVVf9TU1P/T09P/01NTf9KSkr/TExM/1BQUP9QUFD/T09P/01NTf9ISEj/RERE/z09Pf85OTn/Nzc3/zQ0NP8tLS3/Jycn/x8fH/8WFhb/FBQU/xISEv8TExP/ExMT/xQUFP8VFRX/FxcX/xoaGv8dHR3/IyMj/yMjI/8dHR3/Ghoa/xcXF/8VFRX/FhYW/xcXF/8eHh7/JSUl/zMzM/9GRkb/SUlJ/0xMTP9HR0f/PT09/z4+Pv9DQ0P/SEhI/1FRUf9TU1P/UlJS/1JSUv9WVlb/WVlZ/1paWv9cXFz/XFxc/1xcXP9XV1f/UFBQ/01NTf9HR0f/RkZG/0VFRf9CQkL/PT09/zo6Ov8zMzP/MDAw/ysrK/8pKSn/Kioq/yoqKv8vLy//NDQ0/zo6Ov9BQUH/Ojo6/zAwMP8yMjL/NTU1/zo6Ov9DQ0P/RUVF/0VFRf9GRkb/SkpK/0xMTP9OTk7/UFBQ/09PT/9OTk7/TU1N/0xMTP9NTU3/T09P/01NTf9LS0v/RkZG/z8/P/80NDT/Hx8f/xkZGf8TExP/EhIS/xMTE/8WFhb/HR0d/yMjI/8tLS3/NTU1/ygoKP8cHBz/GBgY/xMTE/8WFhb/GRkZ/yMjI/8zMzP/Nzc3/zw8PP8+Pj7/Pz8//0BAQP9BQUH/QUFB/z8/P/8+Pj7/PT09/zw8PP85OTn/NjY2/zQ0NP8zMzP/MDAw/ywsLP8qKir/JiYm/yUlJf8jIyP/JCQk/ygoKP8sLCz/MzMz/zQ0NP8uLi7/Kysr/zAwMP81NTX/QkJC/1BQUP9TU1P/WFhY/1dXV/9XV1f/VlZW/1VVVf9UVFT/UlJS/1RUVP9ZWVn/W1tb/15eXv9eXl7/XV1d/1tbW/9SUlL/SUlJ/zQ0NP8dHR3/GRkZ/xQUFP8UFBT/FRUV/xcXF/8bGxv/HR0d/yIiIv8gICD/GBgY/xQUFP8SEhL/EhIS/xYWFv8ZGRn/ICAg/ycnJ/8pKSn/Kysr/y0tLf8vLy//MDAw/zExMf8xMTH/MTEx/zExMf8yMjL/MTEx/y4uLv8rKyv/IyMj/x0dHf8WFhb/ERER/xEREf8RERH/ExMT/xUVFf8dHR3/Jycn/yoqKv8tLS3/Jycn/xsbG/8YGBj/FhYW/xoaGv8nJyf/MDAw/0JCQv9LS0v/S0tL/0xMTP9MTEz/Pj4+/z8/P/9AQED/QUFB/0NDQ/9DQ0P/RERE/0RERP9CQkL/QUFB/0BAQP9AQED/Pz8//z8/P/9AQED/QUFB/0JCQv9DQ0P/Q0ND/0RERP9ERET/Q0ND/0NDQ/9CQkL/QUFB/z8/P/9AQED/QEBA/0FBQf9CQkL/QkJC/0JCQv9CQkL/QkJC/0JCQv9CQkL/QkJC/0JCQv9BQUH/QkJC/0JCQv9CQkL/QkJC/0JCQv9CQkL/QkJC/0JCQv9CQkL/QUFB/0FBQf9BQUH/QUFB/0NDQ/9ERET/RERE/0VFRf9ERET/RERE/0NDQ/9DQ0P/QkJC/0JCQv9CQkL/QUFB/0FBQf9AQED/QEBA/0FBQf9BQUH/QkJC/0JCQv9CQkL/QkJC/0NDQ/9DQ0P/RERE/0RERP9DQ0P/QkJC/0JCQv9CQkL/QkJC/0NDQ/9CQkL/QEBA/0BAQP9CQkL/Q0ND/0VFRf9FRUX/RERE/0NDQ/9DQ0P/QkJC/0RERP9FRUX/RUVF/0VFRf9FRUX/RkZG/0VFRf9DQ0P/QkJC/0FBQf9BQUH/Q0ND/0NDQ/9ERET/RUVF/0VFRf9FRUX/Q0ND/0FBQf9CQkL/Q0ND/0RERP9GRkb/RUVF/0NDQ/9DQ0P/Q0ND/0NDQ/9ERET/RERE/0RERP9ERET/QkJC/0FBQf9DQ0P/Q0ND/0RERP9FRUX/RERE/0RERP9ERET/RERE/0RERP9ERET/RERE/0RERP9ERET/RERE/0VFRf9HR0f/R0dH/0VFRf9ERET/Q0ND/0NDQ/9ERET/RUVF/0RERP9DQ0P/QkJC/0FBQf9BQUH/QkJC/0JCQv9DQ0P/Q0ND/0NDQ/9DQ0P/Q0ND/0NDQ/9DQ0P/Q0ND/0RERP9FRUX/RUVF/0VFRf9ERET/RERE/0RERP9DQ0P/RERE/0VFRf9GRkb/R0dH/0dHR/9FRUX/RUVF/0ZGRv9GRkb/RUVF/0VFRf9ERET/RERE/0RERP9ERET/RUVF/0VFRf9FRUX/RUVF/0VFRf9FRUX/RUVF/0VFRf9FRUX/RUVF/0VFRf9ERET/RERE/0NDQ/9CQkL/RERE/0VFRf9FRUX/RkZG/0VFRf9DQ0P/Q0ND/0JCQv9DQ0P/Q0ND/0NDQ/9ERET/RERE/0ZGRv9GRkb/RkZG/0ZGRv9HR0f/R0dH/0ZGRv9FRUX/Q0ND/0FBQf9AQED/Pz8//0BAQP9AQED/QUFB/0JCQv9BQUH/QEBA/0BAQP9BQUH/QkJC/0VFRf9GRkb/RkZG/0VFRf9FRUX/RERE/0RERP9ERET/RERE/0RERP9ERET/Q0ND/0RERP9FRUX/RERE/0JCQv9CQkL/RERE/0NDQ/9CQkL/QUFB/0BAQP8/Pz//QEBA/0FBQf9CQkL/QkJC/0JCQv9DQ0P/Q0ND/0NDQ/9CQkL/QUFB/0FBQf9DQ0P/RERE/0VFRf9FRUX/RERE/0NDQ/9FRUX/RUVF/0RERP9DQ0P/RERE/0VFRf9ERET/Q0ND/0JCQv9CQkL/QkJC/0NDQ/9DQ0P/QkJC/0JCQv9CQkL/QkJC/0RERP9ERET/QkJC/0FBQf9BQUH/QkJC/0JCQv9CQkL/QkJC/0FBQf9BQUH/QEBA/0BAQP9BQUH/QUFB/0JCQv9DQ0P/RUVF/0ZGRv9FRUX/RERE/0VFRf9FRUX/RUVF/0VFRf9ERET/Q0ND/0NDQ/9ERET/Q0ND/0JCQv9CQkL/QUFB/0FBQf8/Pz//Pz8//0BAQP9BQUH/QUFB/0BAQP9AQED/Pz8//z8/P/82Njb/NjY2/zY2Nv82Njb/NTU1/zU1Nf81NTX/NTU1/zY2Nv83Nzf/ODg4/zc3N/81NTX/NDQ0/zQ0NP81NTX/NjY2/zY2Nv83Nzf/ODg4/zc3N/83Nzf/Nzc3/zc3N/83Nzf/ODg4/zg4OP84ODj/ODg4/zg4OP84ODj/Nzc3/zc3N/84ODj/OTk5/zk5Of85OTn/OTk5/zk5Of85OTn/OTk5/zk5Of86Ojr/Ojo6/zs7O/86Ojr/OTk5/zg4OP83Nzf/ODg4/zk5Of85OTn/ODg4/zg4OP84ODj/OTk5/zg4OP83Nzf/Nzc3/zg4OP85OTn/Ojo6/zo6Ov86Ojr/Ozs7/zs7O/87Ozv/OTk5/zg4OP84ODj/OTk5/zk5Of86Ojr/Ojo6/zo6Ov86Ojr/Ojo6/zk5Of83Nzf/Nzc3/zg4OP84ODj/ODg4/zg4OP84ODj/ODg4/zg4OP84ODj/ODg4/zg4OP84ODj/Nzc3/zc3N/84ODj/ODg4/zg4OP85OTn/Ozs7/zw8PP89PT3/PDw8/zw8PP87Ozv/Ojo6/zo6Ov87Ozv/Ozs7/zs7O/87Ozv/Ojo6/zk5Of87Ozv/PDw8/zw8PP88PDz/PDw8/zw8PP87Ozv/Ozs7/zs7O/86Ojr/Ojo6/zo6Ov86Ojr/Ozs7/zs7O/88PDz/PDw8/zw8PP89PT3/PT09/z4+Pv8+Pj7/Pj4+/z4+Pv8+Pj7/PT09/zw8PP87Ozv/Ojo6/zo6Ov87Ozv/Ozs7/zs7O/87Ozv/Ojo6/zo6Ov87Ozv/Ozs7/zs7O/86Ojr/Ozs7/zw8PP88PDz/PT09/zw8PP88PDz/PT09/z4+Pv89PT3/Ozs7/zo6Ov87Ozv/Ozs7/zs7O/87Ozv/Ozs7/zo6Ov87Ozv/Ozs7/zs7O/87Ozv/PDw8/zw8PP89PT3/PT09/z09Pf88PDz/PDw8/zs7O/87Ozv/Ozs7/zs7O/88PDz/PDw8/z09Pf89PT3/PT09/z09Pf8+Pj7/Pz8//z8/P/8/Pz//Pz8//z8/P/8/Pz//Pj4+/z4+Pv89PT3/Pj4+/z8/P/8/Pz//Pj4+/z09Pf8+Pj7/Pj4+/z4+Pv8+Pj7/PT09/zw8PP88PDz/PT09/z09Pf8+Pj7/Pj4+/z4+Pv89PT3/PDw8/zw8PP89PT3/Pj4+/z4+Pv8+Pj7/QEBA/0FBQf8/Pz//Pj4+/z8/P/9AQED/QEBA/0BAQP8/Pz//PT09/z09Pf89PT3/Pj4+/z4+Pv8+Pj7/Pz8//z4+Pv89PT3/PT09/z4+Pv8/Pz//QEBA/0BAQP9AQED/QEBA/0BAQP8/Pz//Pz8//z4+Pv8+Pj7/PT09/z09Pf88PDz/PT09/z4+Pv8/Pz//Pz8//z8/P/8+Pj7/Pj4+/z4+Pv8/Pz//Pz8//0BAQP9AQED/QkJC/0FBQf8/Pz//Pz8//0BAQP9BQUH/QUFB/0FBQf8/Pz//Pz8//z8/P/8/Pz//Pz8//z8/P/9AQED/QkJC/0JCQv9CQkL/QUFB/z8/P/9AQED/QkJC/0FBQf9AQED/QEBA/z8/P/8/Pz//QEBA/0BAQP8/Pz//Pj4+/z4+Pv8+Pj7/Pz8//z8/P/8/Pz//Pz8//z8/P/9AQED/QUFB/0JCQv9CQkL/QUFB/0FBQf9AQED/Pz8//0BAQP9BQUH/QUFB/0FBQf9BQUH/QEBA/0BAQP9AQED/QEBA/0BAQP8/Pz//Pz8//z8/P/8+Pj7/Pj4+/z09Pf89PT3/PT09/z09Pf89PT3/PT09/z8/P/9AQED/Pz8//y4uLv8uLi7/LS0t/ysrK/8nJyf/Jycn/ygoKP8pKSn/Kioq/ykpKf8oKCj/Jycn/yUlJf8kJCT/JiYm/yYmJv8nJyf/KCgo/ycnJ/8mJib/JCQk/yEhIf8gICD/ICAg/x4eHv8bGxv/Gxsb/xoaGv8ZGRn/FxcX/xcXF/8XFxf/FxcX/xYWFv8WFhb/FRUV/xUVFf8VFRX/FRUV/xUVFf8VFRX/FBQU/xMTE/8TExP/EhIS/xISEv8RERH/ERER/xEREf8SEhL/ExMT/xYWFv8bGxv/Hh4e/yAgIP8hISH/IiIi/yMjI/8jIyP/IyMj/yMjI/8kJCT/JCQk/yUlJf8kJCT/JCQk/yQkJP8kJCT/JCQk/yUlJf8mJib/JSUl/yUlJf8mJib/JiYm/ygoKP8pKSn/LCws/y4uLv8yMjL/Nzc3/zg4OP84ODj/NjY2/zExMf8tLS3/Jycn/yUlJf8jIyP/ISEh/x0dHf8bGxv/GRkZ/xcXF/8WFhb/FhYW/xUVFf8UFBT/FBQU/xQUFP8UFBT/FBQU/xQUFP8VFRX/FRUV/xYWFv8XFxf/FxcX/xcXF/8XFxf/FxcX/xcXF/8XFxf/FxcX/xcXF/8XFxf/GBgY/xgYGP8YGBj/GRkZ/xkZGf8YGBj/GBgY/xcXF/8XFxf/FxcX/xYWFv8WFhb/FhYW/xYWFv8VFRX/FRUV/xUVFf8UFBT/FRUV/xUVFf8VFRX/FRUV/xUVFf8WFhb/FhYW/xcXF/8YGBj/GRkZ/xoaGv8dHR3/Hx8f/yMjI/8mJib/Kioq/y4uLv8yMjL/Nzc3/zc3N/83Nzf/Nzc3/zg4OP85OTn/Ozs7/zs7O/87Ozv/Ojo6/zo6Ov85OTn/OTk5/zk5Of83Nzf/NTU1/zU1Nf80NDT/MzMz/zExMf8xMTH/MTEx/zAwMP8vLy//Li4u/y0tLf8sLCz/Kysr/y0tLf8wMDD/NjY2/0RERP9NTU3/UlJS/1VVVf9OTk7/RkZG/z4+Pv82Njb/MzMz/zAwMP8xMTH/MjIy/zIyMv8yMjL/MzMz/zQ0NP81NTX/NjY2/zY2Nv81NTX/NDQ0/zMzM/8zMzP/MzMz/zQ0NP8zMzP/MzMz/zIyMv8xMTH/MTEx/zAwMP8xMTH/NDQ0/zs7O/9JSUn/TU1N/05OTv9LS0v/Pz8//zg4OP80NDT/MTEx/zIyMv8yMjL/MDAw/y8vL/8uLi7/LS0t/y4uLv8vLy//MDAw/zExMf8xMTH/MjIy/zIyMv8wMDD/MDAw/zIyMv80NDT/OTk5/z09Pf9GRkb/UFBQ/1JSUv9VVVX/VVVV/1ZWVv9SUlL/TExM/0ZGRv88PDz/ODg4/zQ0NP8yMjL/MTEx/zExMf8wMDD/Ly8v/zAwMP8wMDD/MTEx/zExMf8xMTH/MjIy/zIyMv8yMjL/MTEx/zExMf8xMTH/MDAw/zAwMP8wMDD/MDAw/y8vL/8vLy//MTEx/zIyMv8yMjL/MjIy/zIyMv8yMjL/MjIy/zExMf8xMTH/MDAw/zAwMP8wMDD/MTEx/zIyMv8yMjL/MzMz/zMzM/8zMzP/MzMz/zMzM/8zMzP/NDQ0/zQ0NP80NDT/NDQ0/zQ0NP81NTX/NTU1/zY2Nv82Njb/Nzc3/zY2Nv80NDT/NDQ0/zU1Nf81NTX/NTU1/zU1Nf81NTX/NTU1/zU1Nf82Njb/NTU1/zU1Nf82Njb/NjY2/zY2Nv82Njb/NjY2/zU1Nf81NTX/MzMz/zMzM/80NDT/NDQ0/zU1Nf82Njb/NjY2/zY2Nv82Njb/Pj4+/z4+Pv8/Pz//Pj4+/z09Pf89PT3/PDw8/zs7O/86Ojr/NjY2/y4uLv8pKSn/Hx8f/xsbG/8aGhr/Gxsb/yYmJv8wMDD/Ozs7/0ZGRv9OTk7/V1dX/1RUVP9PT0//TExM/0ZGRv9HR0f/SEhI/0dHR/9GRkb/RERE/0BAQP8/Pz//QkJC/0RERP9GRkb/SEhI/0dHR/9HR0f/SUlJ/0xMTP9NTU3/Tk5O/0pKSv9ERET/OTk5/yYmJv8gICD/Ghoa/xkZGf8dHR3/ISEh/y0tLf80NDT/NjY2/zg4OP85OTn/OTk5/zk5Of85OTn/OTk5/zk5Of84ODj/ODg4/zg4OP84ODj/OTk5/zs7O/87Ozv/Ozs7/zo6Ov87Ozv/PDw8/zw8PP88PDz/PDw8/zw8PP88PDz/PT09/z4+Pv8/Pz//PT09/zo6Ov86Ojr/Ojo6/zo6Ov87Ozv/Ozs7/zs7O/88PDz/PDw8/zs7O/84ODj/NjY2/zMzM/8xMTH/Kioq/yEhIf8dHR3/GBgY/xwcHP8iIiL/LCws/z8/P/9HR0f/T09P/1RUVP9bW1v/X19f/2FhYf9iYmL/X19f/1xcXP9ZWVn/V1dX/1RUVP9PT0//Tk5O/0tLS/9NTU3/UVFR/1FRUf9PT0//Tk5O/0lJSf9GRkb/Pj4+/zo6Ov83Nzf/NDQ0/y0tLf8mJib/Hh4e/xYWFv8UFBT/EhIS/xMTE/8TExP/ExMT/xQUFP8VFRX/FRUV/xUVFf8WFhb/FhYW/xYWFv8VFRX/FBQU/xQUFP8VFRX/FhYW/xsbG/8hISH/MTEx/0VFRf9KSkr/T09P/09PT/9NTU3/TExM/0lJSf9KSkr/TU1N/05OTv9QUFD/UlJS/1dXV/9aWlr/W1tb/1tbW/9aWlr/WVlZ/1VVVf9PT0//TExM/0dHR/9GRkb/RERE/0FBQf87Ozv/Nzc3/y8vL/8sLCz/KCgo/yYmJv8nJyf/Jycn/y0tLf8yMjL/OTk5/0BAQP84ODj/Li4u/zAwMP8zMzP/Nzc3/z8/P/9CQkL/RkZG/0hISP9MTEz/Tk5O/09PT/9QUFD/UFBQ/09PT/9OTk7/TExM/01NTf9OTk7/TU1N/0xMTP9HR0f/Pz8//zMzM/8eHh7/GBgY/xMTE/8SEhL/ExMT/xYWFv8dHR3/IiIi/y0tLf80NDT/KCgo/xwcHP8YGBj/ExMT/xUVFf8ZGRn/IiIi/zExMf81NTX/Ojo6/zw8PP89PT3/Pj4+/z8/P/8/Pz//PT09/zs7O/87Ozv/Ojo6/zc3N/80NDT/MjIy/zExMf8tLS3/KCgo/yYmJv8jIyP/IiIi/yAgIP8iIiL/JiYm/yoqKv8xMTH/MzMz/ywsLP8oKCj/LCws/zAwMP88PDz/SEhI/01NTf9TU1P/U1NT/1RUVP9TU1P/UVFR/1BQUP9QUFD/UVFR/1ZWVv9ZWVn/XFxc/11dXf9cXFz/Wlpa/1FRUf9ISEj/MzMz/x0dHf8YGBj/ExMT/xQUFP8UFBT/FxcX/xsbG/8eHh7/IyMj/yEhIf8YGBj/FBQU/xISEv8SEhL/FhYW/xkZGf8gICD/JiYm/ygoKP8qKir/Kysr/y0tLf8uLi7/MDAw/zAwMP8wMDD/MDAw/zAwMP8vLy//LS0t/yoqKv8iIiL/HBwc/xYWFv8RERH/ERER/xEREf8TExP/FRUV/x0dHf8oKCj/Kioq/y0tLf8nJyf/Gxsb/xgYGP8WFhb/Ghoa/ycnJ/8wMDD/QkJC/0tLS/9LS0v/TExM/0xMTP8+Pj7/Pz8//0BAQP9BQUH/QkJC/0NDQ/9ERET/Q0ND/0JCQv9CQkL/QUFB/0BAQP8/Pz//Pz8//0BAQP9BQUH/QkJC/0JCQv9DQ0P/Q0ND/0NDQ/9DQ0P/Q0ND/0JCQv9BQUH/QEBA/0BAQP9AQED/QEBA/0FBQf9CQkL/QkJC/0JCQv9DQ0P/Q0ND/0RERP9ERET/Q0ND/0JCQv9CQkL/QkJC/0JCQv9CQkL/QUFB/0FBQf9BQUH/QUFB/0FBQf9BQUH/QUFB/0FBQf9CQkL/Q0ND/0RERP9ERET/RERE/0RERP9ERET/Q0ND/0NDQ/9CQkL/QkJC/0FBQf9BQUH/QEBA/z8/P/9AQED/QUFB/0FBQf9BQUH/QkJC/0JCQv9CQkL/Q0ND/0NDQ/9ERET/RERE/0NDQ/9CQkL/QkJC/0JCQv9CQkL/QkJC/0JCQv9AQED/QEBA/0JCQv9CQkL/RERE/0RERP9ERET/Q0ND/0NDQ/9CQkL/RERE/0ZGRv9FRUX/RERE/0RERP9FRUX/RERE/0NDQ/9CQkL/QUFB/0FBQf9DQ0P/Q0ND/0RERP9ERET/RERE/0RERP9DQ0P/QUFB/0JCQv9DQ0P/RERE/0VFRf9ERET/QkJC/0JCQv9CQkL/Q0ND/0RERP9ERET/RERE/0RERP9CQkL/QkJC/0JCQv9DQ0P/Q0ND/0RERP9ERET/RERE/0RERP9ERET/RERE/0RERP9DQ0P/Q0ND/0NDQ/9ERET/RUVF/0ZGRv9GRkb/RERE/0NDQ/9DQ0P/QkJC/0NDQ/9FRUX/RERE/0NDQ/9CQkL/QUFB/0FBQf9CQkL/QkJC/0NDQ/9DQ0P/Q0ND/0NDQ/9DQ0P/Q0ND/0NDQ/9DQ0P/RERE/0RERP9ERET/RERE/0RERP9ERET/RERE/0NDQ/9DQ0P/RERE/0VFRf9HR0f/RkZG/0VFRf9FRUX/RkZG/0ZGRv9FRUX/RUVF/0RERP9ERET/RERE/0NDQ/9ERET/RERE/0RERP9FRUX/RUVF/0VFRf9FRUX/RERE/0RERP9ERET/RERE/0RERP9DQ0P/QkJC/0JCQv9DQ0P/RERE/0RERP9FRUX/RERE/0NDQ/9CQkL/QUFB/0JCQv9DQ0P/Q0ND/0RERP9ERET/RkZG/0ZGRv9GRkb/RkZG/0dHR/9HR0f/RkZG/0RERP9CQkL/QUFB/0BAQP8/Pz//Pz8//0BAQP9BQUH/QkJC/0JCQv9BQUH/QUFB/0FBQf9CQkL/RUVF/0ZGRv9GRkb/RUVF/0VFRf9FRUX/RUVF/0VFRf9FRUX/RERE/0RERP9ERET/RUVF/0VFRf9ERET/Q0ND/0NDQ/9DQ0P/Q0ND/0JCQv9BQUH/QEBA/0BAQP9AQED/QUFB/0FBQf9CQkL/QkJC/0NDQ/9DQ0P/Q0ND/0JCQv9BQUH/QUFB/0JCQv9DQ0P/RERE/0RERP9DQ0P/Q0ND/0RERP9FRUX/RERE/0NDQ/9ERET/RERE/0RERP9DQ0P/Q0ND/0NDQ/9DQ0P/Q0ND/0JCQv9BQUH/QUFB/0JCQv9CQkL/Q0ND/0NDQ/9CQkL/QUFB/0JCQv9CQkL/QkJC/0JCQv9CQkL/QUFB/0FBQf9AQED/QEBA/0FBQf9BQUH/QkJC/0NDQ/9GRkb/RkZG/0VFRf9FRUX/RUVF/0ZGRv9GRkb/R0dH/0ZGRv9ERET/RERE/0RERP9DQ0P/Q0ND/0JCQv9BQUH/QUFB/0BAQP9AQED/QUFB/0FBQf9BQUH/QUFB/0FBQf9BQUH/Pz8//zY2Nv82Njb/NjY2/zU1Nf81NTX/NTU1/zU1Nf81NTX/NjY2/zY2Nv84ODj/ODg4/zY2Nv81NTX/NTU1/zU1Nf82Njb/NjY2/zc3N/84ODj/Nzc3/zc3N/83Nzf/Nzc3/zc3N/83Nzf/Nzc3/zc3N/84ODj/ODg4/zg4OP83Nzf/ODg4/zg4OP84ODj/ODg4/zg4OP85OTn/OTk5/zk5Of84ODj/OTk5/zk5Of85OTn/Ojo6/zk5Of85OTn/ODg4/zg4OP84ODj/OTk5/zk5Of84ODj/Nzc3/zg4OP84ODj/ODg4/zc3N/84ODj/ODg4/zk5Of86Ojr/Ojo6/zo6Ov87Ozv/Ozs7/zo6Ov85OTn/ODg4/zk5Of85OTn/Ojo6/zo6Ov86Ojr/Ozs7/zs7O/87Ozv/Ojo6/zg4OP84ODj/ODg4/zg4OP84ODj/OTk5/zk5Of85OTn/ODg4/zg4OP85OTn/OTk5/zg4OP84ODj/ODg4/zg4OP84ODj/ODg4/zk5Of87Ozv/Ozs7/zw8PP88PDz/Ozs7/zs7O/87Ozv/Ojo6/zs7O/87Ozv/Ozs7/zo6Ov86Ojr/OTk5/zs7O/88PDz/PDw8/zw8PP87Ozv/Ozs7/zs7O/87Ozv/Ozs7/zs7O/86Ojr/Ojo6/zo6Ov87Ozv/Ozs7/zw8PP88PDz/PDw8/zw8PP89PT3/PT09/z09Pf8+Pj7/Pj4+/z4+Pv89PT3/PDw8/zs7O/86Ojr/Ojo6/zs7O/87Ozv/Ozs7/zs7O/86Ojr/OTk5/zo6Ov86Ojr/Ojo6/zo6Ov87Ozv/PT09/z09Pf89PT3/PT09/zw8PP89PT3/Pj4+/z09Pf88PDz/PDw8/zw8PP88PDz/PDw8/zw8PP87Ozv/Ozs7/zw8PP88PDz/PDw8/zw8PP88PDz/PT09/z09Pf8+Pj7/PT09/z09Pf88PDz/PDw8/zw8PP88PDz/PDw8/z09Pf89PT3/PT09/z4+Pv8+Pj7/Pj4+/z8/P/9AQED/Pz8//z8/P/8/Pz//Pz8//z4+Pv8+Pj7/PT09/z09Pf8+Pj7/Pz8//z8/P/8+Pj7/PT09/z4+Pv8+Pj7/Pj4+/z09Pf88PDz/Ozs7/zw8PP89PT3/PT09/z4+Pv8+Pj7/Pj4+/z4+Pv8+Pj7/Pj4+/z8/P/9AQED/QEBA/0BAQP9AQED/QUFB/z8/P/8+Pj7/Pj4+/z8/P/8/Pz//Pz8//z4+Pv89PT3/PT09/z09Pf8+Pj7/Pj4+/z4+Pv8+Pj7/Pj4+/z09Pf88PDz/Pj4+/z8/P/9AQED/QEBA/0BAQP9AQED/QEBA/z8/P/8/Pz//Pj4+/z4+Pv8+Pj7/PT09/z09Pf89PT3/Pj4+/z8/P/8/Pz//QEBA/z8/P/8+Pj7/Pz8//z8/P/9AQED/QUFB/0FBQf9CQkL/QUFB/z8/P/8/Pz//Pz8//z8/P/9AQED/QEBA/z8/P/8/Pz//Pz8//z8/P/8/Pz//Pz8//0BAQP9BQUH/QUFB/0JCQv9BQUH/Pz8//0BAQP9CQkL/QUFB/0BAQP9AQED/QEBA/0BAQP9AQED/QEBA/z8/P/8+Pj7/Pj4+/z4+Pv8/Pz//Pz8//z8/P/8/Pz//Pz8//0BAQP9BQUH/QkJC/0JCQv9BQUH/QEBA/0BAQP9AQED/QUFB/0FBQf9BQUH/QUFB/0FBQf9AQED/QEBA/0BAQP9AQED/QEBA/z8/P/8/Pz//Pz8//z4+Pv8+Pj7/PT09/z09Pf89PT3/PT09/z09Pf89PT3/Pj4+/z8/P/8/Pz//Ly8v/y4uLv8uLi7/Kysr/ycnJ/8nJyf/KCgo/ygoKP8pKSn/KSkp/ygoKP8nJyf/JiYm/yYmJv8nJyf/KCgo/ygoKP8oKCj/Jycn/ycnJ/8kJCT/IiIi/yIiIv8hISH/Hx8f/xwcHP8bGxv/Ghoa/xkZGf8YGBj/GBgY/xcXF/8XFxf/FhYW/xYWFv8VFRX/FRUV/xUVFf8VFRX/FRUV/xUVFf8UFBT/ExMT/xMTE/8SEhL/EhIS/xEREf8RERH/ERER/xEREf8TExP/FBQU/xoaGv8eHh7/Hx8f/yEhIf8iIiL/IyMj/yMjI/8jIyP/IyMj/yQkJP8kJCT/JSUl/yUlJf8kJCT/JCQk/yQkJP8lJSX/JSUl/yYmJv8lJSX/JSUl/yYmJv8mJib/KCgo/yoqKv8tLS3/MTEx/zQ0NP84ODj/ODg4/zc3N/80NDT/Li4u/yoqKv8lJSX/IiIi/yAgIP8eHh7/Gxsb/xkZGf8XFxf/FhYW/xUVFf8VFRX/FRUV/xQUFP8UFBT/FBQU/xUVFf8VFRX/FRUV/xYWFv8XFxf/GBgY/xkZGf8aGhr/Ghoa/xoaGv8bGxv/Ghoa/xoaGv8aGhr/Ghoa/xoaGv8aGhr/Gxsb/xwcHP8cHBz/HR0d/x0dHf8bGxv/Gxsb/xoaGv8ZGRn/GBgY/xgYGP8YGBj/GBgY/xcXF/8WFhb/FhYW/xUVFf8VFRX/FhYW/xYWFv8VFRX/FhYW/xYWFv8WFhb/FhYW/xYWFv8XFxf/GBgY/xoaGv8cHBz/Hx8f/yIiIv8mJib/KSkp/y4uLv8zMzP/NDQ0/zY2Nv82Njb/Nzc3/zg4OP87Ozv/Ozs7/zs7O/87Ozv/Ozs7/zo6Ov86Ojr/Ojo6/zk5Of84ODj/Nzc3/zY2Nv81NTX/MjIy/zIyMv8xMTH/MDAw/y8vL/8uLi7/LS0t/y0tLf8sLCz/LS0t/zExMf83Nzf/RERE/01NTf9SUlL/VFRU/0xMTP9ERET/PT09/zQ0NP8yMjL/Ly8v/zAwMP8wMDD/MTEx/zIyMv80NDT/NjY2/zc3N/83Nzf/Nzc3/zU1Nf80NDT/NDQ0/zMzM/8zMzP/MzMz/zMzM/8yMjL/MTEx/zExMf8wMDD/MDAw/zIyMv81NTX/Ozs7/0lJSf9NTU3/Tk5O/0tLS/8/Pz//Nzc3/zQ0NP8xMTH/MjIy/zIyMv8xMTH/Li4u/y4uLv8tLS3/Li4u/y8vL/8wMDD/MTEx/zExMf8yMjL/MjIy/zAwMP8wMDD/MjIy/zQ0NP84ODj/PDw8/0ZGRv9QUFD/U1NT/1ZWVv9VVVX/VFRU/09PT/9FRUX/QEBA/zg4OP81NTX/MzMz/zIyMv8xMTH/MDAw/zAwMP8wMDD/MDAw/zAwMP8xMTH/MTEx/zIyMv8yMjL/MjIy/zIyMv8yMjL/MTEx/zExMf8xMTH/MDAw/zAwMP8wMDD/Ly8v/y8vL/8xMTH/MjIy/zIyMv8yMjL/MjIy/zIyMv8xMTH/MTEx/zExMf8xMTH/MTEx/zExMf8xMTH/MjIy/zIyMv8zMzP/MzMz/zMzM/8zMzP/MzMz/zMzM/8zMzP/NDQ0/zQ0NP80NDT/NDQ0/zQ0NP81NTX/NTU1/zY2Nv83Nzf/NjY2/zU1Nf81NTX/NTU1/zU1Nf81NTX/NTU1/zU1Nf81NTX/NjY2/zY2Nv82Njb/NTU1/zU1Nf82Njb/NjY2/zY2Nv81NTX/NTU1/zQ0NP8zMzP/MzMz/zQ0NP80NDT/NTU1/zY2Nv82Njb/NjY2/zY2Nv8/Pz//Pz8//z4+Pv8+Pj7/PT09/z09Pf89PT3/PDw8/zo6Ov83Nzf/Ly8v/yoqKv8gICD/Gxsb/xoaGv8bGxv/Jycn/zIyMv8+Pj7/SkpK/1BQUP9WVlb/VFRU/1FRUf9OTk7/SUlJ/0hISP9JSUn/SEhI/0ZGRv9ERET/Q0ND/0NDQ/9GRkb/SEhI/0lJSf9KSkr/SEhI/0VFRf9FRUX/RUVF/0dHR/9JSUn/RkZG/0FBQf83Nzf/JSUl/x8fH/8ZGRn/GRkZ/xwcHP8hISH/Kysr/zIyMv81NTX/Nzc3/zg4OP85OTn/Ojo6/zs7O/86Ojr/ODg4/zg4OP84ODj/ODg4/zk5Of86Ojr/Ojo6/zo6Ov87Ozv/Ozs7/zs7O/87Ozv/Ozs7/zs7O/87Ozv/Ojo6/zs7O/87Ozv/Ozs7/zs7O/87Ozv/Ojo6/zo6Ov86Ojr/Ojo6/zs7O/87Ozv/Ozs7/zo6Ov86Ojr/Ojo6/zg4OP82Njb/MzMz/zAwMP8pKSn/ICAg/xwcHP8YGBj/Gxsb/yEhIf8qKir/Ojo6/z8/P/9FRUX/SkpK/1RUVP9aWlr/YWFh/2VlZf9iYmL/YGBg/11dXf9aWlr/VFRU/01NTf9MTEz/TExM/01NTf9PT0//T09P/1BQUP9QUFD/UFBQ/01NTf9FRUX/QEBA/zs7O/83Nzf/LS0t/yQkJP8dHR3/FRUV/xQUFP8TExP/ExMT/xMTE/8TExP/ExMT/xMTE/8UFBT/FBQU/xQUFP8VFRX/FBQU/xQUFP8UFBT/ExMT/xQUFP8VFRX/Gxsb/yEhIf8xMTH/RUVF/0xMTP9UVFT/Xl5e/29vb/9oaGj/U1NT/0pKSv9BQUH/QUFB/0tLS/9SUlL/WVlZ/15eXv9cXFz/Wlpa/1dXV/9UVFT/UVFR/05OTv9KSkr/RkZG/0RERP9BQUH/PT09/zY2Nv8xMTH/JiYm/yEhIf8fHx//Hh4e/x0dHf8eHh7/JSUl/ywsLP8zMzP/Ozs7/zIyMv8mJib/Jycn/ykpKf8sLCz/MTEx/zg4OP9GRkb/S0tL/09PT/9QUFD/T09P/09PT/9PT0//UFBQ/09PT/9OTk7/T09P/1BQUP9OTk7/TU1N/0dHR/8+Pj7/MzMz/x4eHv8YGBj/ExMT/xISEv8TExP/FhYW/x0dHf8jIyP/LS0t/zMzM/8pKSn/HR0d/xkZGf8TExP/FRUV/xkZGf8hISH/Ly8v/zMzM/83Nzf/OTk5/zo6Ov87Ozv/Ozs7/zs7O/84ODj/NjY2/zY2Nv82Njb/NDQ0/zExMf8wMDD/Li4u/ygoKP8gICD/HR0d/xoaGv8aGhr/GRkZ/xwcHP8iIiL/Jycn/zAwMP8yMjL/Jycn/yEhIf8iIiL/JCQk/y0tLf82Njb/Pz8//0pKSv9MTEz/UFBQ/09PT/9MTEz/TExM/05OTv9PT0//UFBQ/1JSUv9WVlb/WVlZ/1lZWf9YWFj/Tk5O/0RERP8xMTH/Gxsb/xcXF/8SEhL/EhIS/xMTE/8WFhb/Gxsb/x8fH/8lJSX/IiIi/xgYGP8UFBT/ExMT/xMTE/8XFxf/Ghoa/yEhIf8nJyf/KSkp/ysrK/8rKyv/Kysr/ywsLP8uLi7/Ly8v/zExMf8wMDD/LS0t/ywsLP8rKyv/KCgo/yAgIP8bGxv/FhYW/xISEv8RERH/EBAQ/xMTE/8WFhb/Hh4e/ygoKP8qKir/Li4u/ycnJ/8bGxv/GBgY/xUVFf8ZGRn/JSUl/y4uLv8+Pj7/SEhI/0pKSv9LS0v/S0tL/z09Pf8/Pz//QEBA/0FBQf9BQUH/QkJC/0JCQv9CQkL/Q0ND/0NDQ/9CQkL/QUFB/0FBQf9AQED/QEBA/0BAQP9AQED/QEBA/0BAQP9BQUH/QUFB/0JCQv9BQUH/QEBA/0FBQf9BQUH/QUFB/0BAQP9AQED/QUFB/0JCQv9CQkL/Q0ND/0ZGRv9HR0f/RkZG/0VFRf9ERET/Q0ND/0JCQv9BQUH/QUFB/0BAQP9AQED/QEBA/0BAQP9AQED/QUFB/0FBQf9BQUH/QkJC/0NDQ/9CQkL/QkJC/0JCQv9DQ0P/Q0ND/0RERP9DQ0P/QUFB/0FBQf9AQED/QUFB/0FBQf9BQUH/QEBA/0BAQP9AQED/QEBA/0BAQP9AQED/QEBA/0BAQP9BQUH/QkJC/0JCQv9CQkL/QkJC/0FBQf9CQkL/QkJC/0JCQv9BQUH/QUFB/0JCQv9CQkL/QkJC/0JCQv9BQUH/QUFB/0FBQf9CQkL/QkJC/0NDQ/9ERET/RUVF/0RERP9CQkL/QkJC/0JCQv9CQkL/QUFB/0FBQf9BQUH/QkJC/0NDQ/9ERET/Q0ND/0NDQ/9DQ0P/Q0ND/0JCQv9CQkL/QkJC/0JCQv9CQkL/QkJC/0FBQf9AQED/QEBA/0FBQf9CQkL/Q0ND/0RERP9ERET/RERE/0NDQ/9DQ0P/QkJC/0JCQv9CQkL/QkJC/0NDQ/9DQ0P/Q0ND/0NDQ/9DQ0P/QkJC/0JCQv9CQkL/QkJC/0RERP9ERET/RERE/0RERP9DQ0P/QkJC/0NDQ/9DQ0P/Q0ND/0NDQ/9ERET/RUVF/0NDQ/9BQUH/QUFB/0JCQv9CQkL/QkJC/0JCQv9DQ0P/Q0ND/0NDQ/9ERET/RERE/0RERP9CQkL/QUFB/0FBQf9CQkL/Q0ND/0RERP9ERET/Q0ND/0NDQ/9DQ0P/RERE/0ZGRv9GRkb/RERE/0RERP9FRUX/RUVF/0VFRf9FRUX/RERE/0NDQ/9CQkL/QkJC/0FBQf9BQUH/QkJC/0RERP9FRUX/RkZG/0VFRf9DQ0P/QkJC/0JCQv9CQkL/QkJC/0JCQv9BQUH/QEBA/0BAQP9AQED/QkJC/0RERP9DQ0P/QkJC/0FBQf9AQED/QEBA/0JCQv9CQkL/Q0ND/0RERP9ERET/RUVF/0VFRf9FRUX/RUVF/0VFRf9ERET/Q0ND/0FBQf8/Pz//Pz8//z8/P/8/Pz//QEBA/0BAQP9BQUH/QkJC/0RERP9ERET/Q0ND/0NDQ/9DQ0P/RERE/0RERP9ERET/RERE/0VFRf9FRUX/RUVF/0RERP9CQkL/Q0ND/0VFRf9FRUX/RUVF/0RERP9DQ0P/Q0ND/0NDQ/9DQ0P/Q0ND/0JCQv9BQUH/QUFB/0BAQP8/Pz//QUFB/0JCQv9CQkL/QkJC/0JCQv9CQkL/QkJC/0JCQv9CQkL/QkJC/0JCQv9BQUH/QUFB/0FBQf9CQkL/QkJC/0NDQ/9CQkL/QkJC/0JCQv9DQ0P/Q0ND/0VFRf9ERET/RERE/0NDQ/9CQkL/QkJC/0FBQf9BQUH/QkJC/0NDQ/9CQkL/QkJC/0FBQf9BQUH/QkJC/0NDQ/9DQ0P/Q0ND/0JCQv9CQkL/QUFB/0BAQP9AQED/QEBA/0FBQf9DQ0P/RERE/0RERP9FRUX/RERE/0RERP9GRkb/R0dH/0lJSf9LS0v/SUlJ/0dHR/9GRkb/RERE/0RERP9ERET/Q0ND/0JCQv9CQkL/QUFB/0FBQf9BQUH/QUFB/0FBQf9BQUH/QkJC/0JCQv9BQUH/NjY2/zY2Nv81NTX/NTU1/zQ0NP80NDT/NDQ0/zU1Nf81NTX/NjY2/zg4OP84ODj/ODg4/zc3N/83Nzf/NjY2/zc3N/83Nzf/Nzc3/zg4OP83Nzf/NTU1/zU1Nf81NTX/NTU1/zY2Nv82Njb/NjY2/zY2Nv82Njb/Nzc3/zg4OP84ODj/ODg4/zc3N/83Nzf/Nzc3/zg4OP85OTn/ODg4/zc3N/83Nzf/Nzc3/zc3N/83Nzf/Nzc3/zg4OP84ODj/OTk5/zk5Of85OTn/OTk5/zc3N/82Njb/Nzc3/zc3N/84ODj/OTk5/zg4OP84ODj/ODg4/zk5Of85OTn/OTk5/zk5Of85OTn/OTk5/zg4OP84ODj/OTk5/zk5Of85OTn/OTk5/zo6Ov86Ojr/Ojo6/zo6Ov86Ojr/Ojo6/zo6Ov85OTn/OTk5/zo6Ov86Ojr/Ozs7/zs7O/85OTn/OTk5/zo6Ov86Ojr/Ojo6/zo6Ov86Ojr/Ojo6/zo6Ov86Ojr/Ojo6/zo6Ov86Ojr/Ozs7/zo6Ov84ODj/OTk5/zs7O/87Ozv/Ojo6/zk5Of85OTn/OTk5/zk5Of85OTn/Ojo6/zs7O/87Ozv/Ojo6/zo6Ov86Ojr/Ojo6/zs7O/87Ozv/PDw8/zs7O/86Ojr/Ojo6/zs7O/88PDz/PT09/z09Pf87Ozv/Ozs7/zs7O/87Ozv/PDw8/zw8PP89PT3/Pj4+/z09Pf87Ozv/Ozs7/zo6Ov86Ojr/Ozs7/zs7O/88PDz/Ozs7/zo6Ov86Ojr/Ojo6/zk5Of86Ojr/Ojo6/zs7O/88PDz/PT09/z8/P/8+Pj7/PT09/z09Pf89PT3/Pj4+/z8/P/8/Pz//Pj4+/z4+Pv8+Pj7/PT09/z09Pf89PT3/Pj4+/z8/P/8/Pz//Pj4+/z4+Pv8+Pj7/Pz8//z8/P/8/Pz//Pz8//z4+Pv8+Pj7/Pj4+/z8/P/8/Pz//Pz8//z8/P/8/Pz//Pz8//0BAQP9AQED/QUFB/0FBQf9AQED/Pz8//z4+Pv89PT3/PT09/zw8PP89PT3/PT09/z09Pf8+Pj7/Pj4+/z4+Pv8+Pj7/Pj4+/z4+Pv89PT3/PDw8/zw8PP88PDz/PDw8/z09Pf89PT3/PT09/z4+Pv8/Pz//Pz8//0FBQf9BQUH/Q0ND/0RERP9DQ0P/Q0ND/0FBQf9AQED/Pj4+/zw8PP89PT3/Pj4+/z4+Pv8+Pj7/PT09/z09Pf89PT3/Pj4+/z8/P/8/Pz//Pz8//z8/P/8/Pz//PT09/z09Pf8+Pj7/Pz8//0BAQP9AQED/QEBA/0FBQf9AQED/Pz8//z8/P/8/Pz//Pz8//z8/P/8/Pz//Pj4+/z4+Pv8+Pj7/Pz8//0BAQP9BQUH/QUFB/0FBQf9AQED/QEBA/0FBQf9DQ0P/Q0ND/0NDQ/9CQkL/QEBA/z8/P/89PT3/PT09/z4+Pv8+Pj7/Pj4+/z4+Pv8+Pj7/Pj4+/z4+Pv8+Pj7/Pj4+/z4+Pv8/Pz//QEBA/0BAQP8/Pz//QEBA/0JCQv9BQUH/QEBA/0BAQP9BQUH/QUFB/0JCQv9BQUH/QEBA/z8/P/8/Pz//Pz8//z8/P/9AQED/QEBA/0BAQP9AQED/Pz8//0BAQP9BQUH/QUFB/0BAQP9AQED/QEBA/0BAQP9CQkL/QkJC/0JCQv9BQUH/QUFB/0JCQv9BQUH/QEBA/0BAQP8/Pz//Pz8//z8/P/8/Pz//Pz8//z8/P/8+Pj7/Pj4+/z09Pf89PT3/PT09/z4+Pv8+Pj7/Pj4+/z4+Pv8vLy//Li4u/y0tLf8sLCz/KSkp/ykpKf8pKSn/KSkp/ygoKP8pKSn/Kioq/yoqKv8pKSn/KCgo/yoqKv8rKyv/Kioq/ykpKf8nJyf/JSUl/yUlJf8kJCT/JCQk/yMjI/8hISH/HR0d/xwcHP8aGhr/Ghoa/xoaGv8aGhr/GBgY/xgYGP8XFxf/FhYW/xUVFf8VFRX/FRUV/xYWFv8VFRX/FRUV/xQUFP8TExP/EhIS/xEREf8RERH/ERER/xEREf8RERH/ERER/xMTE/8UFBT/GRkZ/xwcHP8eHh7/ICAg/yEhIf8iIiL/IyMj/yMjI/8jIyP/IyMj/yQkJP8kJCT/JCQk/yUlJf8lJSX/JSUl/yUlJf8lJSX/JSUl/yUlJf8kJCT/JiYm/ycnJ/8pKSn/Kysr/y8vL/81NTX/NjY2/zk5Of82Njb/MjIy/y8vL/8oKCj/JSUl/yEhIf8fHx//HBwc/xoaGv8XFxf/FhYW/xUVFf8UFBT/FRUV/xUVFf8VFRX/FhYW/xYWFv8WFhb/FhYW/xcXF/8YGBj/GRkZ/xoaGv8bGxv/HBwc/x4eHv8fHx//ICAg/yEhIf8iIiL/IiIi/yIiIv8iIiL/ICAg/x4eHv8gICD/IyMj/yQkJP8mJib/JiYm/yMjI/8iIiL/ICAg/x8fH/8eHh7/HR0d/xwcHP8cHBz/Gxsb/xoaGv8ZGRn/GBgY/xgYGP8XFxf/FxcX/xcXF/8WFhb/FhYW/xYWFv8VFRX/FRUV/xUVFf8WFhb/FxcX/xgYGP8aGhr/HBwc/x8fH/8jIyP/Jycn/ysrK/8tLS3/MDAw/zIyMv81NTX/Nzc3/zs7O/88PDz/Ozs7/zs7O/87Ozv/PDw8/zw8PP88PDz/PDw8/zw8PP87Ozv/Ojo6/zg4OP82Njb/MzMz/zAwMP8vLy//Li4u/y4uLv8uLi7/Li4u/y0tLf8vLy//MzMz/zg4OP9FRUX/TExM/1BQUP9TU1P/S0tL/0NDQ/88PDz/NDQ0/zIyMv8vLy//Ly8v/y8vL/8xMTH/MzMz/zU1Nf86Ojr/Ojo6/zo6Ov85OTn/Nzc3/zU1Nf80NDT/MzMz/zIyMv8yMjL/MTEx/zAwMP8wMDD/Ly8v/zAwMP8wMDD/MjIy/zY2Nv88PDz/SUlJ/01NTf9OTk7/S0tL/z4+Pv82Njb/MzMz/zExMf8yMjL/NDQ0/zExMf8vLy//Li4u/y4uLv8uLi7/Ly8v/y8vL/8wMDD/MDAw/zExMf8wMDD/MDAw/zAwMP8wMDD/MTEx/zU1Nf84ODj/QkJC/01NTf9RUVH/VlZW/1NTU/9QUFD/SEhI/zo6Ov83Nzf/MzMz/zIyMv8xMTH/MTEx/zAwMP8wMDD/MDAw/zExMf8xMTH/MTEx/zExMf8yMjL/MjIy/zMzM/8zMzP/MzMz/zIyMv8yMjL/MjIy/zIyMv8xMTH/MTEx/zExMf8xMTH/MTEx/zExMf8xMTH/MjIy/zMzM/8yMjL/MjIy/zExMf8wMDD/MTEx/zIyMv8yMjL/MjIy/zIyMv8yMjL/MjIy/zMzM/8zMzP/MjIy/zIyMv8zMzP/MzMz/zMzM/8zMzP/NDQ0/zQ0NP8zMzP/MjIy/zMzM/80NDT/NTU1/zY2Nv82Njb/Nzc3/zc3N/82Njb/NjY2/zU1Nf80NDT/NTU1/zY2Nv83Nzf/ODg4/zY2Nv80NDT/NTU1/zU1Nf81NTX/NDQ0/zQ0NP80NDT/NDQ0/zQ0NP80NDT/NDQ0/zQ0NP81NTX/NTU1/zY2Nv82Njb/NjY2/z8/P/8/Pz//Pj4+/z4+Pv89PT3/PT09/z09Pf88PDz/Ojo6/zY2Nv8vLy//Kioq/yAgIP8bGxv/Ghoa/xsbG/8nJyf/MjIy/z4+Pv9KSkr/T09P/1RUVP9TU1P/UFBQ/05OTv9JSUn/SEhI/0hISP9HR0f/RkZG/0VFRf9FRUX/RUVF/0lJSf9KSkr/S0tL/0tLS/9ISEj/RUVF/0RERP9DQ0P/RERE/0ZGRv9ERET/Pz8//zY2Nv8kJCT/Hh4e/xkZGf8YGBj/HR0d/yEhIf8rKyv/MjIy/zQ0NP82Njb/ODg4/zk5Of86Ojr/Ozs7/zo6Ov84ODj/ODg4/zg4OP85OTn/Ojo6/zo6Ov86Ojr/Ojo6/zs7O/87Ozv/Ozs7/zs7O/87Ozv/Ozs7/zs7O/87Ozv/Ojo6/zo6Ov86Ojr/Ozs7/zo6Ov86Ojr/Ojo6/zo6Ov86Ojr/Ojo6/zo6Ov86Ojr/OTk5/zk5Of85OTn/Nzc3/zU1Nf8yMjL/Ly8v/ygoKP8fHx//HBwc/xgYGP8cHBz/IiIi/ysrK/86Ojr/QEBA/0RERP9JSUn/UlJS/1hYWP9hYWH/ZmZm/2NjY/9gYGD/Xl5e/1xcXP9VVVX/TExM/0xMTP9NTU3/TU1N/05OTv9PT0//UFBQ/1BQUP9RUVH/T09P/0dHR/9DQ0P/PT09/zk5Of8uLi7/JSUl/x0dHf8VFRX/FBQU/xMTE/8TExP/ExMT/xMTE/8TExP/ExMT/xMTE/8TExP/ExMT/xQUFP8UFBT/FBQU/xMTE/8TExP/FBQU/xUVFf8aGhr/ICAg/zAwMP9ERET/SkpK/1JSUv9bW1v/a2tr/2NjY/9MTEz/Q0ND/zk5Of85OTn/R0dH/09PT/9WVlb/XFxc/1paWv9YWFj/VVVV/1JSUv9QUFD/Tk5O/0tLS/9GRkb/RERE/0BAQP88PDz/NDQ0/y4uLv8iIiL/HR0d/xsbG/8aGhr/Ghoa/xoaGv8iIiL/KSkp/zExMf85OTn/MDAw/yMjI/8jIyP/IyMj/yYmJv8qKir/MjIy/0NDQ/9KSkr/T09P/1FRUf9PT0//T09P/09PT/9PT0//TU1N/0xMTP9OTk7/T09P/05OTv9NTU3/R0dH/z09Pf8yMjL/Hh4e/xgYGP8SEhL/EhIS/xMTE/8WFhb/Hh4e/yQkJP8tLS3/NDQ0/ykpKf8eHh7/GRkZ/xMTE/8WFhb/GRkZ/yEhIf8vLy//MjIy/zc3N/84ODj/Ojo6/zs7O/86Ojr/OTk5/zY2Nv80NDT/NDQ0/zQ0NP8yMjL/MDAw/y8vL/8sLCz/JSUl/xsbG/8ZGRn/FhYW/xYWFv8WFhb/GRkZ/yAgIP8mJib/MDAw/zExMf8mJib/Hx8f/x4eHv8eHh7/JSUl/y0tLf83Nzf/Q0ND/0ZGRv9LS0v/SkpK/0hISP9KSkr/TU1N/01NTf9NTU3/T09P/1NTU/9VVVX/V1dX/1ZWVv9MTEz/Q0ND/zAwMP8bGxv/FxcX/xEREf8RERH/EhIS/xUVFf8bGxv/Hx8f/yUlJf8jIyP/GBgY/xQUFP8TExP/ExMT/xcXF/8bGxv/IiIi/ykpKf8qKir/Kysr/ysrK/8qKir/LCws/y4uLv8vLy//MTEx/y8vL/8sLCz/Kysr/yoqKv8oKCj/ICAg/xsbG/8WFhb/EhIS/xEREf8QEBD/ExMT/xYWFv8eHh7/KCgo/yoqKv8tLS3/Jycn/xsbG/8XFxf/FRUV/xgYGP8jIyP/LCws/zw8PP9ERET/RkZG/0hISP9ISEj/Pj4+/z8/P/9AQED/QUFB/0FBQf9BQUH/QUFB/0FBQf9CQkL/QkJC/0JCQv9CQkL/QkJC/0FBQf9BQUH/QEBA/0BAQP9AQED/QEBA/0BAQP9BQUH/QUFB/0FBQf9AQED/QUFB/0JCQv9BQUH/QUFB/0BAQP9BQUH/QUFB/0JCQv9DQ0P/RkZG/0dHR/9GRkb/RkZG/0RERP9DQ0P/Q0ND/0JCQv9BQUH/QUFB/0BAQP9AQED/QEBA/0BAQP9AQED/QUFB/0FBQf9CQkL/Q0ND/0JCQv9CQkL/QkJC/0JCQv9DQ0P/Q0ND/0JCQv9BQUH/QEBA/0BAQP9AQED/QUFB/0FBQf9AQED/QEBA/0BAQP9AQED/QEBA/0BAQP9AQED/QEBA/0BAQP9BQUH/QUFB/0FBQf9BQUH/QUFB/0JCQv9CQkL/QkJC/0BAQP9BQUH/Q0ND/0NDQ/9CQkL/QkJC/0FBQf9AQED/QUFB/0FBQf9CQkL/Q0ND/0RERP9GRkb/RERE/0JCQv9CQkL/QkJC/0JCQv9CQkL/QkJC/0JCQv9CQkL/RERE/0RERP9ERET/Q0ND/0NDQ/9CQkL/QkJC/0JCQv9CQkL/QkJC/0JCQv9CQkL/QUFB/0BAQP9AQED/QUFB/0JCQv9DQ0P/RERE/0RERP9ERET/Q0ND/0NDQ/9CQkL/QkJC/0JCQv9CQkL/Q0ND/0NDQ/9DQ0P/Q0ND/0NDQ/9DQ0P/QkJC/0JCQv9CQkL/RERE/0RERP9DQ0P/Q0ND/0NDQ/9DQ0P/Q0ND/0NDQ/9DQ0P/Q0ND/0RERP9FRUX/Q0ND/0FBQf9BQUH/QkJC/0JCQv9CQkL/QkJC/0NDQ/9DQ0P/RERE/0RERP9ERET/Q0ND/0JCQv9BQUH/QUFB/0FBQf9CQkL/Q0ND/0NDQ/9DQ0P/Q0ND/0NDQ/9ERET/RkZG/0VFRf9ERET/RERE/0RERP9ERET/RERE/0RERP9DQ0P/Q0ND/0JCQv9BQUH/QUFB/0FBQf9CQkL/RERE/0RERP9FRUX/RERE/0JCQv9BQUH/QUFB/0FBQf9BQUH/QUFB/0BAQP9AQED/QEBA/z8/P/9BQUH/Q0ND/0JCQv9CQkL/QEBA/z8/P/9AQED/QkJC/0JCQv9DQ0P/Q0ND/0NDQ/9ERET/RERE/0VFRf9FRUX/RERE/0NDQ/9DQ0P/QUFB/z8/P/8/Pz//Pz8//z8/P/9AQED/QEBA/0FBQf9CQkL/RERE/0VFRf9ERET/RERE/0RERP9ERET/RERE/0NDQ/9ERET/RUVF/0VFRf9FRUX/Q0ND/0FBQf9DQ0P/RkZG/0ZGRv9FRUX/RERE/0NDQ/9DQ0P/Q0ND/0NDQ/9DQ0P/Q0ND/0JCQv9BQUH/QUFB/0BAQP9BQUH/QkJC/0JCQv9CQkL/QkJC/0JCQv9CQkL/QkJC/0JCQv9CQkL/QUFB/0BAQP9AQED/QUFB/0FBQf9CQkL/QkJC/0JCQv9CQkL/QkJC/0NDQ/9ERET/RUVF/0VFRf9ERET/RERE/0NDQ/9CQkL/QUFB/0JCQv9DQ0P/Q0ND/0JCQv9BQUH/QUFB/0FBQf9CQkL/Q0ND/0NDQ/9DQ0P/Q0ND/0JCQv9BQUH/QUFB/0FBQf9BQUH/QkJC/0RERP9ERET/RERE/0RERP9ERET/RERE/0ZGRv9HR0f/SUlJ/0tLS/9JSUn/RkZG/0VFRf9ERET/RERE/0RERP9DQ0P/QkJC/0FBQf9BQUH/QUFB/0FBQf9BQUH/QUFB/0FBQf9CQkL/QkJC/0FBQf81NTX/NTU1/zU1Nf81NTX/NDQ0/zQ0NP80NDT/NDQ0/zU1Nf82Njb/ODg4/zg4OP84ODj/ODg4/zc3N/83Nzf/Nzc3/zc3N/83Nzf/Nzc3/zY2Nv81NTX/NTU1/zU1Nf81NTX/NTU1/zU1Nf82Njb/NjY2/zY2Nv83Nzf/ODg4/zk5Of84ODj/Nzc3/zY2Nv82Njb/Nzc3/zg4OP83Nzf/NjY2/zY2Nv82Njb/NjY2/zY2Nv83Nzf/ODg4/zg4OP84ODj/OTk5/zk5Of84ODj/NjY2/zU1Nf82Njb/Nzc3/zg4OP84ODj/ODg4/zg4OP84ODj/ODg4/zg4OP85OTn/ODg4/zg4OP84ODj/ODg4/zg4OP85OTn/OTk5/zk5Of85OTn/OTk5/zo6Ov86Ojr/Ojo6/zs7O/87Ozv/Ojo6/zk5Of86Ojr/Ojo6/zs7O/88PDz/Ozs7/zo6Ov86Ojr/Ojo6/zs7O/87Ozv/Ozs7/zs7O/86Ojr/Ojo6/zo6Ov86Ojr/Ojo6/zo6Ov86Ojr/OTk5/zg4OP85OTn/Ozs7/zs7O/85OTn/OTk5/zk5Of85OTn/OTk5/zk5Of86Ojr/Ozs7/zs7O/86Ojr/Ojo6/zk5Of86Ojr/Ozs7/zs7O/88PDz/Ozs7/zo6Ov86Ojr/Ozs7/zw8PP88PDz/PDw8/zs7O/86Ojr/Ojo6/zo6Ov87Ozv/PDw8/z09Pf8+Pj7/PT09/zs7O/87Ozv/Ozs7/zs7O/87Ozv/Ozs7/zs7O/87Ozv/Ojo6/zo6Ov86Ojr/OTk5/zo6Ov87Ozv/Ozs7/zw8PP89PT3/Pj4+/z4+Pv89PT3/PT09/z09Pf8+Pj7/QEBA/0BAQP8/Pz//Pz8//z8/P/8+Pj7/Pj4+/z4+Pv8/Pz//QEBA/0BAQP9AQED/Pz8//z8/P/8/Pz//Pz8//z8/P/8+Pj7/Pj4+/z4+Pv8+Pj7/Pz8//0BAQP9AQED/Pz8//z8/P/8/Pz//QEBA/0BAQP9BQUH/QUFB/0BAQP8/Pz//Pj4+/z09Pf89PT3/PDw8/z09Pf89PT3/PT09/z4+Pv8+Pj7/Pj4+/z4+Pv8+Pj7/Pj4+/z09Pf88PDz/PDw8/z09Pf89PT3/PT09/z09Pf89PT3/Pj4+/z8/P/9AQED/QUFB/0JCQv9DQ0P/RERE/0NDQ/9DQ0P/QUFB/z8/P/8+Pj7/PDw8/zw8PP89PT3/PT09/z09Pf89PT3/PT09/z4+Pv8/Pz//Pz8//0BAQP9AQED/Pz8//z8/P/8+Pj7/PT09/z4+Pv8/Pz//Pz8//0BAQP9AQED/QUFB/0BAQP8/Pz//Pz8//z8/P/8/Pz//Pz8//z8/P/8/Pz//Pz8//z4+Pv8+Pj7/QEBA/0FBQf9BQUH/QUFB/0FBQf9AQED/QUFB/0NDQ/9DQ0P/QkJC/0FBQf9AQED/Pz8//z09Pf89PT3/PT09/z4+Pv8+Pj7/Pj4+/z4+Pv8+Pj7/Pj4+/z4+Pv8+Pj7/PT09/z4+Pv9AQED/QEBA/z8/P/9AQED/QUFB/0FBQf9AQED/QEBA/0FBQf9CQkL/QkJC/0FBQf9AQED/Pz8//z8/P/9AQED/QEBA/0BAQP9AQED/QEBA/0BAQP8/Pz//QEBA/0FBQf9BQUH/QEBA/0BAQP9AQED/QEBA/0JCQv9CQkL/QkJC/0FBQf9CQkL/QkJC/0FBQf9AQED/Pz8//z8/P/8/Pz//Pz8//z8/P/8/Pz//Pz8//z8/P/8+Pj7/Pj4+/z4+Pv8+Pj7/Pz8//z8/P/8/Pz//Pj4+/y4uLv8uLi7/Li4u/ywsLP8rKyv/Kysr/ysrK/8rKyv/Kysr/ywsLP8tLS3/LCws/yoqKv8qKir/Kysr/ysrK/8pKSn/KCgo/ycnJ/8lJSX/JiYm/yYmJv8lJSX/JCQk/yEhIf8dHR3/HBwc/xsbG/8bGxv/Gxsb/xsbG/8ZGRn/GBgY/xcXF/8WFhb/FhYW/xUVFf8WFhb/FhYW/xYWFv8VFRX/FBQU/xMTE/8TExP/ERER/xEREf8RERH/ERER/xEREf8RERH/EhIS/xQUFP8YGBj/Gxsb/x0dHf8gICD/ISEh/yIiIv8iIiL/IyMj/yMjI/8jIyP/IyMj/yQkJP8kJCT/JSUl/yUlJf8lJSX/JSUl/yUlJf8lJSX/JCQk/yQkJP8lJSX/Jycn/ykpKf8rKyv/MDAw/zY2Nv82Njb/NjY2/zMzM/8uLi7/Kysr/yUlJf8iIiL/Hx8f/xwcHP8ZGRn/GBgY/xYWFv8VFRX/FBQU/xQUFP8UFBT/FRUV/xUVFf8WFhb/FhYW/xYWFv8XFxf/GRkZ/xoaGv8cHBz/HR0d/x8fH/8gICD/IiIi/yMjI/8kJCT/JCQk/yYmJv8nJyf/Jycn/ycnJ/8kJCT/ICAg/yIiIv8lJSX/Jycn/yoqKv8pKSn/JiYm/yUlJf8jIyP/IiIi/yEhIf8gICD/ICAg/x8fH/8eHh7/HR0d/xwcHP8bGxv/Ghoa/xkZGf8ZGRn/GBgY/xcXF/8WFhb/FhYW/xUVFf8VFRX/FRUV/xUVFf8WFhb/FxcX/xgYGP8ZGRn/HBwc/x8fH/8jIyP/JiYm/ykpKf8sLCz/Ly8v/zIyMv81NTX/Ozs7/zw8PP88PDz/PDw8/zw8PP88PDz/PDw8/zw8PP89PT3/PT09/zw8PP88PDz/Ojo6/zg4OP82Njb/MjIy/zExMf8vLy//Li4u/y4uLv8uLi7/Li4u/y8vL/8zMzP/ODg4/0RERP9MTEz/UFBQ/1JSUv9LS0v/Q0ND/zw8PP80NDT/MjIy/y8vL/8vLy//Ly8v/zExMf80NDT/NjY2/zs7O/88PDz/Ozs7/zo6Ov83Nzf/NjY2/zQ0NP8zMzP/MjIy/zExMf8wMDD/MDAw/y8vL/8vLy//MDAw/zAwMP8yMjL/NjY2/z09Pf9KSkr/Tk5O/09PT/9LS0v/Pj4+/zY2Nv8zMzP/MTEx/zIyMv8zMzP/MTEx/y8vL/8vLy//Li4u/y4uLv8vLy//Ly8v/zAwMP8wMDD/MDAw/zAwMP8wMDD/MDAw/zAwMP8wMDD/MzMz/zY2Nv8/Pz//SkpK/09PT/9VVVX/U1NT/09PT/9GRkb/ODg4/zU1Nf8yMjL/MTEx/zExMf8wMDD/Ly8v/y8vL/8wMDD/MTEx/zExMf8xMTH/MTEx/zIyMv8yMjL/MzMz/zMzM/8zMzP/MzMz/zIyMv8yMjL/MjIy/zIyMv8xMTH/MTEx/zExMf8xMTH/MTEx/zExMf8yMjL/MjIy/zIyMv8yMjL/MTEx/zAwMP8xMTH/MjIy/zMzM/8zMzP/MjIy/zIyMv8yMjL/MzMz/zMzM/8yMjL/MjIy/zMzM/8zMzP/MzMz/zMzM/8zMzP/MzMz/zIyMv8xMTH/MjIy/zQ0NP80NDT/NTU1/zY2Nv83Nzf/Nzc3/zY2Nv81NTX/NDQ0/zQ0NP81NTX/NjY2/zY2Nv83Nzf/NjY2/zQ0NP80NDT/NTU1/zQ0NP80NDT/NDQ0/zQ0NP80NDT/NDQ0/zQ0NP80NDT/NDQ0/zU1Nf81NTX/NjY2/zY2Nv82Njb/QEBA/z8/P/8+Pj7/Pj4+/z09Pf88PDz/PDw8/zo6Ov83Nzf/NDQ0/y0tLf8oKCj/Hx8f/xsbG/8aGhr/Gxsb/yYmJv8wMDD/Ozs7/0ZGRv9KSkr/T09P/01NTf9LS0v/SUlJ/0hISP9GRkb/RERE/0VFRf9HR0f/SEhI/0lJSf9KSkr/S0tL/0tLS/9LS0v/SkpK/0hISP9HR0f/RUVF/0NDQ/9DQ0P/RERE/0FBQf88PDz/MzMz/yMjI/8eHh7/GRkZ/xkZGf8dHR3/ISEh/ywsLP8yMjL/NTU1/zc3N/84ODj/OTk5/zo6Ov86Ojr/Ojo6/zo6Ov86Ojr/Ojo6/zs7O/88PDz/PDw8/zw8PP87Ozv/Ozs7/zo6Ov86Ojr/Ojo6/zs7O/89PT3/PDw8/zw8PP88PDz/PDw8/zw8PP88PDz/Ozs7/zo6Ov86Ojr/OTk5/zk5Of85OTn/OTk5/zg4OP84ODj/Nzc3/zY2Nv80NDT/MzMz/zAwMP8tLS3/JiYm/x4eHv8cHBz/GRkZ/x0dHf8mJib/MDAw/0JCQv9JSUn/T09P/1JSUv9WVlb/Wlpa/2BgYP9kZGT/YWFh/19fX/9eXl7/XV1d/1VVVf9MTEz/TU1N/1BQUP9QUFD/Tk5O/09PT/9QUFD/UVFR/1BQUP9OTk7/SUlJ/0VFRf9BQUH/PDw8/zIyMv8oKCj/ICAg/xcXF/8VFRX/ExMT/xMTE/8SEhL/ExMT/xQUFP8TExP/EhIS/xISEv8SEhL/ExMT/xMTE/8TExP/ExMT/xMTE/8TExP/FBQU/xkZGf8eHh7/LS0t/0BAQP9BQUH/QkJC/z4+Pv84ODj/MzMz/yoqKv8oKCj/KSkp/y4uLv89PT3/R0dH/0xMTP9RUVH/U1NT/1ZWVv9UVFT/UVFR/1BQUP9PT0//TExM/0hISP9GRkb/Q0ND/z4+Pv8zMzP/LCws/yAgIP8aGhr/GBgY/xcXF/8XFxf/GBgY/x8fH/8nJyf/MDAw/zo6Ov8wMDD/ISEh/x4eHv8bGxv/HR0d/yAgIP8pKSn/PT09/0VFRf9OTk7/UVFR/1FRUf9QUFD/TU1N/0pKSv9ISEj/RkZG/0lJSf9MTEz/TExM/0xMTP9GRkb/Ozs7/zAwMP8dHR3/FxcX/xISEv8SEhL/ExMT/xcXF/8gICD/Jycn/zAwMP82Njb/Kioq/x0dHf8ZGRn/ExMT/xYWFv8aGhr/IyMj/zAwMP80NDT/ODg4/zs7O/8+Pj7/PT09/zk5Of83Nzf/NTU1/zQ0NP8zMzP/MjIy/zIyMv8yMjL/Li4u/yoqKv8iIiL/FxcX/xUVFf8TExP/ExMT/xQUFP8XFxf/Hh4e/yQkJP8vLy//MDAw/yUlJf8dHR3/Ghoa/xgYGP8eHh7/JCQk/y0tLf84ODj/Ojo6/z09Pf8+Pj7/QUFB/0RERP9KSkr/S0tL/0pKSv9LS0v/TU1N/09PT/9TU1P/VFRU/0tLS/9DQ0P/MDAw/xsbG/8XFxf/EhIS/xISEv8SEhL/FhYW/xwcHP8fHx//JSUl/yIiIv8YGBj/FBQU/xMTE/8TExP/GBgY/x0dHf8mJib/Li4u/y0tLf8sLCz/Kysr/ysrK/8tLS3/Ly8v/zAwMP8yMjL/MDAw/ysrK/8qKir/KSkp/ycnJ/8hISH/HBwc/xYWFv8RERH/ERER/xAQEP8TExP/FxcX/x4eHv8oKCj/KSkp/ywsLP8lJSX/GRkZ/xYWFv8UFBT/FxcX/yEhIf8pKSn/NTU1/zw8PP89PT3/Pj4+/z4+Pv9BQUH/QUFB/0JCQv9CQkL/QkJC/0FBQf9BQUH/QEBA/z8/P/9AQED/QkJC/0NDQ/9DQ0P/QkJC/0JCQv9BQUH/QUFB/0FBQf9BQUH/QkJC/0FBQf9BQUH/QUFB/0FBQf9BQUH/QkJC/0JCQv9CQkL/QUFB/0BAQP9BQUH/QkJC/0NDQ/9ERET/RERE/0RERP9ERET/RUVF/0VFRf9FRUX/RkZG/0RERP9CQkL/QkJC/0JCQv9CQkL/QkJC/0FBQf9AQED/QUFB/0JCQv9DQ0P/Q0ND/0NDQ/9CQkL/QkJC/0JCQv9CQkL/QUFB/0BAQP9AQED/QEBA/0BAQP9BQUH/QUFB/0BAQP9AQED/QEBA/0BAQP9AQED/QEBA/0BAQP9AQED/QEBA/0BAQP9BQUH/QkJC/0JCQv9CQkL/QkJC/0NDQ/9DQ0P/QUFB/0FBQf9CQkL/QkJC/0NDQ/9DQ0P/QkJC/0FBQf9BQUH/QUFB/0NDQ/9ERET/RkZG/0dHR/9HR0f/RkZG/0VFRf9FRUX/RUVF/0RERP9ERET/Q0ND/0NDQ/9ERET/RERE/0VFRf9FRUX/RERE/0RERP9ERET/RERE/0RERP9ERET/Q0ND/0NDQ/9DQ0P/Q0ND/0NDQ/9DQ0P/Q0ND/0RERP9ERET/RERE/0NDQ/9CQkL/QkJC/0JCQv9CQkL/Q0ND/0NDQ/9DQ0P/QkJC/0NDQ/9ERET/RERE/0RERP9ERET/Q0ND/0RERP9FRUX/RERE/0NDQ/9DQ0P/RERE/0RERP9DQ0P/Q0ND/0JCQv9BQUH/QkJC/0NDQ/9CQkL/QUFB/0FBQf9CQkL/QkJC/0FBQf9CQkL/QkJC/0NDQ/9FRUX/RkZG/0NDQ/9CQkL/QkJC/0JCQv9BQUH/QEBA/0BAQP9AQED/QUFB/0NDQ/9DQ0P/RERE/0VFRf9GRkb/RUVF/0RERP9DQ0P/QkJC/0JCQv9CQkL/QkJC/0JCQv9CQkL/QkJC/0NDQ/9DQ0P/Q0ND/0NDQ/9CQkL/Q0ND/0RERP9DQ0P/QUFB/0FBQf9BQUH/QUFB/z8/P/8/Pz//QEBA/0BAQP9AQED/QUFB/0JCQv9DQ0P/QUFB/0BAQP8/Pz//Pz8//0BAQP9BQUH/QUFB/0FBQf9CQkL/QkJC/0JCQv9CQkL/Q0ND/0NDQ/9DQ0P/QkJC/0FBQf9BQUH/QUFB/0BAQP9AQED/Pz8//z8/P/8/Pz//QUFB/0JCQv9ERET/RERE/0VFRf9GRkb/RkZG/0ZGRv9FRUX/RERE/0RERP9ERET/RERE/0NDQ/9DQ0P/QkJC/0RERP9HR0f/RUVF/0NDQ/9DQ0P/QkJC/0JCQv9CQkL/QkJC/0NDQ/9DQ0P/Q0ND/0NDQ/9ERET/RERE/0RERP9DQ0P/Q0ND/0RERP9ERET/RERE/0NDQ/9DQ0P/QkJC/0FBQf9BQUH/QUFB/0FBQf9BQUH/QkJC/0JCQv9CQkL/QkJC/0FBQf9DQ0P/RERE/0VFRf9GRkb/RkZG/0RERP9ERET/RERE/0RERP9CQkL/QkJC/0NDQ/9DQ0P/QkJC/0FBQf9BQUH/QkJC/0JCQv9DQ0P/Q0ND/0NDQ/9DQ0P/QkJC/0JCQv9CQkL/Q0ND/0NDQ/9DQ0P/RUVF/0VFRf9ERET/RERE/0VFRf9FRUX/RERE/0RERP9FRUX/RkZG/0RERP9BQUH/QkJC/0JCQv9CQkL/QkJC/0JCQv9AQED/Pz8//z4+Pv8+Pj7/Pz8//0BAQP9AQED/QEBA/0FBQf9BQUH/QUFB/zMzM/80NDT/NDQ0/zU1Nf81NTX/NTU1/zQ0NP81NTX/NjY2/zY2Nv83Nzf/Nzc3/zc3N/82Njb/NjY2/zY2Nv81NTX/NTU1/zU1Nf81NTX/NTU1/zY2Nv82Njb/NjY2/zU1Nf81NTX/NTU1/zY2Nv82Njb/Nzc3/zc3N/84ODj/ODg4/zc3N/83Nzf/Nzc3/zc3N/83Nzf/Nzc3/zY2Nv82Njb/NjY2/zc3N/83Nzf/Nzc3/zc3N/83Nzf/Nzc3/zc3N/83Nzf/Nzc3/zc3N/82Njb/NjY2/zU1Nf81NTX/NjY2/zc3N/83Nzf/Nzc3/zc3N/82Njb/NjY2/zc3N/84ODj/ODg4/zg4OP84ODj/ODg4/zk5Of85OTn/ODg4/zg4OP85OTn/OTk5/zo6Ov87Ozv/Ozs7/zw8PP87Ozv/Ojo6/zo6Ov87Ozv/Ozs7/zs7O/87Ozv/Ozs7/zo6Ov86Ojr/Ojo6/zo6Ov85OTn/OTk5/zk5Of85OTn/OTk5/zo6Ov86Ojr/Ojo6/zk5Of85OTn/OTk5/zk5Of86Ojr/Ojo6/zk5Of85OTn/Ojo6/zo6Ov86Ojr/Ojo6/zo6Ov86Ojr/Ojo6/zs7O/87Ozv/Ozs7/zs7O/87Ozv/Ozs7/zs7O/86Ojr/OTk5/zk5Of85OTn/OTk5/zo6Ov86Ojr/OTk5/zk5Of85OTn/OTk5/zs7O/88PDz/PT09/z4+Pv89PT3/PT09/z09Pf8+Pj7/PT09/zw8PP87Ozv/Ojo6/zk5Of86Ojr/Ojo6/zo6Ov87Ozv/Ozs7/zw8PP88PDz/Ozs7/zw8PP89PT3/PT09/z4+Pv8+Pj7/Pz8//0BAQP9BQUH/QEBA/z8/P/8/Pz//QEBA/0BAQP9AQED/QEBA/0BAQP9BQUH/QUFB/0FBQf9AQED/Pj4+/z09Pf89PT3/PT09/zw8PP88PDz/PDw8/zw8PP8+Pj7/Pz8//z4+Pv8+Pj7/PT09/z09Pf8+Pj7/Pz8//z4+Pv8+Pj7/Pj4+/z4+Pv89PT3/PT09/z09Pf89PT3/PT09/z09Pf89PT3/PT09/z4+Pv8/Pz//Pz8//z8/P/8+Pj7/Pj4+/z4+Pv8+Pj7/Pj4+/z4+Pv8/Pz//Pz8//z8/P/8/Pz//QEBA/0BAQP9AQED/QEBA/0BAQP9AQED/QEBA/z8/P/8+Pj7/Pj4+/z09Pf89PT3/PT09/zw8PP88PDz/PDw8/z09Pf8+Pj7/Pj4+/z4+Pv8+Pj7/Pz8//z8/P/8/Pz//Pz8//z4+Pv8+Pj7/Pj4+/z4+Pv8/Pz//Pz8//z8/P/8/Pz//Pz8//z4+Pv8/Pz//QEBA/0FBQf9BQUH/QUFB/z8/P/8+Pj7/PDw8/zw8PP89PT3/Pj4+/z8/P/9AQED/QEBA/0BAQP9AQED/QUFB/0FBQf9AQED/Pz8//z8/P/8+Pj7/Pj4+/z8/P/8/Pz//Pz8//0BAQP9AQED/QEBA/0BAQP9AQED/Pz8//z8/P/8/Pz//Pz8//z8/P/8/Pz//Pz8//z8/P/9AQED/QEBA/0BAQP9AQED/QEBA/0BAQP9AQED/QEBA/z8/P/8+Pj7/QEBA/0FBQf9BQUH/QEBA/0BAQP8/Pz//Pz8//z8/P/8/Pz//QEBA/0BAQP9AQED/QEBA/0BAQP9AQED/QUFB/0FBQf9BQUH/QkJC/0JCQv9DQ0P/QUFB/z8/P/8/Pz//Pz8//z8/P/9AQED/QEBA/0FBQf9BQUH/QEBA/z8/P/8/Pz//Pz8//0BAQP9AQED/QUFB/0JCQv9BQUH/Kysr/y0tLf8vLy//Ly8v/y4uLv8tLS3/LCws/y8vL/80NDT/NTU1/zU1Nf8zMzP/LS0t/ysrK/8qKir/KSkp/ycnJ/8lJSX/JSUl/yYmJv8oKCj/Kioq/ycnJ/8jIyP/ISEh/x0dHf8dHR3/HBwc/x0dHf8eHh7/HR0d/xsbG/8aGhr/GBgY/xcXF/8WFhb/FhYW/xYWFv8WFhb/FhYW/xUVFf8UFBT/FBQU/xMTE/8TExP/EhIS/xEREf8RERH/EBAQ/xEREf8SEhL/ExMT/xYWFv8YGBj/HBwc/x8fH/8gICD/ISEh/yEhIf8hISH/IiIi/yMjI/8jIyP/JCQk/yQkJP8kJCT/JCQk/yQkJP8kJCT/JCQk/yQkJP8kJCT/JCQk/yQkJP8lJSX/Jycn/ykpKf8vLy//NTU1/zIyMv8uLi7/Kysr/yYmJv8jIyP/Hx8f/x0dHf8ZGRn/FxcX/xUVFf8UFBT/FBQU/xQUFP8UFBT/FBQU/xQUFP8VFRX/FRUV/xYWFv8WFhb/FxcX/xkZGf8cHBz/Hx8f/yUlJf8nJyf/KSkp/ykpKf8oKCj/Jycn/ygoKP8pKSn/LCws/y4uLv8vLy//MTEx/ywsLP8lJSX/JiYm/yYmJv8oKCj/Kioq/ykpKf8oKCj/KCgo/ykpKf8pKSn/Jycn/yYmJv8mJib/JiYm/yUlJf8jIyP/IiIi/yAgIP8fHx//HR0d/xwcHP8aGhr/GRkZ/xgYGP8XFxf/FhYW/xYWFv8VFRX/FRUV/xUVFf8VFRX/FRUV/xUVFf8XFxf/GRkZ/xwcHP8gICD/IyMj/yYmJv8pKSn/LCws/zExMf85OTn/Ozs7/z09Pf89PT3/PT09/z09Pf89PT3/PT09/zw8PP88PDz/PT09/z09Pf89PT3/PDw8/zs7O/84ODj/NjY2/zExMf8wMDD/Li4u/y0tLf8uLi7/Ly8v/zIyMv83Nzf/RERE/0tLS/9QUFD/U1NT/01NTf9HR0f/Pj4+/zQ0NP8yMjL/Li4u/y8vL/8wMDD/MjIy/zU1Nf84ODj/PDw8/z09Pf88PDz/Ozs7/zg4OP82Njb/NTU1/zQ0NP8zMzP/MzMz/zIyMv8xMTH/MTEx/zExMf8xMTH/MTEx/zMzM/82Njb/PT09/0tLS/9PT0//Tk5O/0tLS/8+Pj7/NjY2/zQ0NP8yMjL/MjIy/zIyMv8wMDD/Ly8v/y4uLv8tLS3/Li4u/y8vL/8vLy//MDAw/zAwMP8wMDD/MDAw/y4uLv8uLi7/Ly8v/zAwMP8xMTH/MjIy/zo6Ov9CQkL/SkpK/1RUVP9TU1P/UVFR/0lJSf89PT3/OTk5/zQ0NP8yMjL/MDAw/y8vL/8vLy//Ly8v/y8vL/8vLy//Ly8v/zAwMP8wMDD/MDAw/zIyMv80NDT/NDQ0/zQ0NP8zMzP/MzMz/zMzM/8yMjL/MjIy/zExMf8wMDD/Ly8v/y8vL/8vLy//MDAw/zAwMP8xMTH/MTEx/zIyMv8xMTH/MTEx/zExMf8xMTH/MTEx/zExMf8yMjL/MjIy/zIyMv8yMjL/MjIy/zMzM/8zMzP/MjIy/zIyMv8yMjL/MTEx/zIyMv8yMjL/MTEx/zExMf8yMjL/MjIy/zMzM/80NDT/NDQ0/zQ0NP80NDT/MzMz/zMzM/80NDT/NDQ0/zQ0NP80NDT/NDQ0/zQ0NP80NDT/MzMz/zMzM/8zMzP/NDQ0/zU1Nf80NDT/MzMz/zQ0NP81NTX/NTU1/zU1Nf81NTX/NTU1/zU1Nf81NTX/NTU1/zQ0NP9AQED/Pz8//z4+Pv89PT3/PT09/zw8PP87Ozv/Ojo6/zc3N/8zMzP/LS0t/ygoKP8eHh7/Gxsb/xoaGv8bGxv/JiYm/zAwMP86Ojr/RERE/0hISP9NTU3/S0tL/0lJSf9ISEj/R0dH/0VFRf9CQkL/RERE/0hISP9KSkr/TExM/01NTf9NTU3/TU1N/0xMTP9LS0v/SUlJ/0hISP9GRkb/RERE/0NDQ/9DQ0P/QEBA/zo6Ov8yMjL/IyMj/x4eHv8YGBj/GBgY/x0dHf8iIiL/LCws/zIyMv81NTX/Nzc3/zg4OP85OTn/Ojo6/zo6Ov86Ojr/Ojo6/zo6Ov87Ozv/PDw8/z09Pf89PT3/PDw8/zs7O/86Ojr/Ojo6/zo6Ov86Ojr/PDw8/z09Pf89PT3/PT09/z09Pf88PDz/PDw8/z09Pf88PDz/Ojo6/zo6Ov85OTn/OTk5/zg4OP84ODj/Nzc3/zc3N/82Njb/NTU1/zQ0NP8yMjL/Ly8v/ywsLP8mJib/Hh4e/xwcHP8ZGRn/Hh4e/ycnJ/8yMjL/RkZG/01NTf9TU1P/VVVV/1dXV/9ZWVn/Xl5e/2FhYf9fX1//XV1d/11dXf9dXV3/VVVV/0xMTP9OTk7/UlJS/1FRUf9PT0//T09P/1BQUP9QUFD/Tk5O/01NTf9JSUn/RkZG/0JCQv8+Pj7/NDQ0/ysrK/8iIiL/GBgY/xYWFv8UFBT/FBQU/xMTE/8TExP/FBQU/xQUFP8SEhL/EhIS/xISEv8SEhL/ExMT/xMTE/8TExP/ExMT/xMTE/8TExP/GBgY/x0dHf8rKyv/Pj4+/z4+Pv87Ozv/MjIy/yIiIv8eHh7/Gxsb/xwcHP8iIiL/KSkp/zo6Ov9DQ0P/SEhI/0xMTP9QUFD/VFRU/1JSUv9QUFD/T09P/05OTv9MTEz/R0dH/0ZGRv9DQ0P/Pj4+/zMzM/8rKyv/Hx8f/xkZGf8WFhb/FRUV/xYWFv8XFxf/Hh4e/yYmJv8wMDD/Ojo6/y8vL/8fHx//HBwc/xcXF/8YGBj/HBwc/yQkJP83Nzf/QEBA/0pKSv9OTk7/Tk5O/01NTf9JSUn/RUVF/0NDQ/9BQUH/RERE/0dHR/9ISEj/SEhI/0JCQv83Nzf/LS0t/xwcHP8XFxf/EhIS/xISEv8TExP/FxcX/yEhIf8pKSn/MTEx/zc3N/8qKir/HR0d/xkZGf8TExP/FhYW/xoaGv8iIiL/Li4u/zIyMv82Njb/OTk5/zw8PP88PDz/Nzc3/zU1Nf80NDT/MzMz/zIyMv8wMDD/MDAw/zAwMP8sLCz/KCgo/yAgIP8VFRX/FBQU/xEREf8SEhL/ExMT/xYWFv8eHh7/IyMj/y4uLv8wMDD/JCQk/xwcHP8ZGRn/FhYW/xoaGv8fHx//KCgo/zIyMv80NDT/NjY2/zk5Of8+Pj7/QUFB/0hISP9KSkr/SUlJ/0lJSf9KSkr/TExM/1BQUP9RUVH/SkpK/0JCQv8vLy//Gxsb/xcXF/8SEhL/EhIS/xISEv8WFhb/HBwc/x8fH/8lJSX/IiIi/xgYGP8UFBT/ExMT/xMTE/8YGBj/HBwc/yUlJf8tLS3/LCws/yoqKv8qKir/Kioq/ywsLP8wMDD/MTEx/zIyMv8vLy//Kioq/ykpKf8oKCj/JiYm/yAgIP8cHBz/FRUV/xEREf8RERH/EBAQ/xMTE/8XFxf/Hh4e/ygoKP8pKSn/Kysr/yUlJf8ZGRn/FhYW/xMTE/8WFhb/Hx8f/yUlJf8wMDD/NTU1/zY2Nv83Nzf/Nzc3/0JCQv9CQkL/QkJC/0JCQv9CQkL/QUFB/0FBQf9AQED/Pj4+/z8/P/9CQkL/Q0ND/0NDQ/9DQ0P/QkJC/0JCQv9CQkL/QkJC/0JCQv9CQkL/QUFB/0FBQf9BQUH/QUFB/0FBQf9CQkL/QkJC/0JCQv9CQkL/QEBA/0BAQP9BQUH/QkJC/0NDQ/9DQ0P/RERE/0RERP9FRUX/RUVF/0ZGRv9HR0f/RUVF/0NDQ/9DQ0P/Q0ND/0NDQ/9CQkL/QUFB/0BAQP9BQUH/QkJC/0NDQ/9DQ0P/Q0ND/0JCQv9CQkL/QUFB/0FBQf9BQUH/QEBA/0BAQP9AQED/QUFB/0FBQf9BQUH/QEBA/0BAQP9AQED/QEBA/0BAQP9AQED/QEBA/0BAQP9AQED/QEBA/0FBQf9CQkL/QkJC/0JCQv9DQ0P/RERE/0NDQ/9BQUH/QUFB/0JCQv9CQkL/Q0ND/0NDQ/9CQkL/QkJC/0FBQf9BQUH/Q0ND/0RERP9GRkb/R0dH/0dHR/9HR0f/RkZG/0ZGRv9GRkb/RUVF/0VFRf9ERET/RERE/0RERP9FRUX/RUVF/0VFRf9ERET/RERE/0RERP9ERET/RERE/0RERP9ERET/RERE/0RERP9ERET/Q0ND/0NDQ/9ERET/RUVF/0VFRf9DQ0P/Q0ND/0FBQf9BQUH/QkJC/0JCQv9DQ0P/RERE/0NDQ/9CQkL/Q0ND/0VFRf9FRUX/RUVF/0RERP9ERET/RERE/0VFRf9ERET/Q0ND/0NDQ/9ERET/RUVF/0RERP9DQ0P/QkJC/0FBQf9CQkL/Q0ND/0JCQv9BQUH/QUFB/0JCQv9CQkL/QUFB/0FBQf9CQkL/Q0ND/0ZGRv9GRkb/Q0ND/0JCQv9CQkL/Q0ND/0FBQf9AQED/QEBA/z8/P/9BQUH/Q0ND/0RERP9FRUX/RUVF/0VFRf9FRUX/Q0ND/0JCQv9BQUH/QUFB/0FBQf9BQUH/QUFB/0FBQf9CQkL/Q0ND/0RERP9ERET/RERE/0JCQv9DQ0P/Q0ND/0JCQv9BQUH/QUFB/0FBQf9BQUH/Pz8//z8/P/9AQED/QUFB/0FBQf9CQkL/QkJC/0NDQ/9CQkL/Pz8//z8/P/8/Pz//QEBA/0FBQf9BQUH/QUFB/0FBQf9BQUH/QUFB/0JCQv9CQkL/Q0ND/0NDQ/9CQkL/QUFB/0FBQf9BQUH/QUFB/0BAQP8/Pz//Pj4+/z8/P/9BQUH/QkJC/0NDQ/9ERET/RkZG/0ZGRv9HR0f/R0dH/0ZGRv9FRUX/RUVF/0RERP9ERET/Q0ND/0NDQ/9CQkL/RERE/0dHR/9FRUX/QkJC/0JCQv9CQkL/QkJC/0FBQf9BQUH/QkJC/0NDQ/9DQ0P/RERE/0VFRf9FRUX/RERE/0NDQ/9DQ0P/RERE/0RERP9ERET/Q0ND/0NDQ/9CQkL/QUFB/0FBQf9BQUH/QUFB/0JCQv9CQkL/QkJC/0JCQv9BQUH/QUFB/0NDQ/9FRUX/RkZG/0dHR/9GRkb/RERE/0RERP9FRUX/RERE/0NDQ/9DQ0P/RERE/0RERP9CQkL/QUFB/0JCQv9CQkL/QkJC/0NDQ/9DQ0P/QkJC/0JCQv9CQkL/QkJC/0NDQ/9DQ0P/RERE/0RERP9FRUX/RUVF/0RERP9ERET/RUVF/0VFRf9DQ0P/Q0ND/0NDQ/9ERET/QkJC/z8/P/9AQED/QkJC/0JCQv9CQkL/QUFB/0BAQP8/Pz//PT09/z09Pf8/Pz//Pz8//0BAQP9AQED/QUFB/0FBQf9BQUH/MjIy/zMzM/80NDT/NTU1/zY2Nv81NTX/NDQ0/zU1Nf82Njb/NjY2/zc3N/83Nzf/NjY2/zY2Nv82Njb/NjY2/zU1Nf80NDT/NDQ0/zQ0NP81NTX/NjY2/zY2Nv82Njb/NjY2/zU1Nf81NTX/NjY2/zY2Nv83Nzf/Nzc3/zg4OP84ODj/Nzc3/zc3N/83Nzf/Nzc3/zY2Nv82Njb/NjY2/zY2Nv82Njb/Nzc3/zc3N/84ODj/Nzc3/zY2Nv82Njb/Nzc3/zc3N/82Njb/NjY2/zY2Nv82Njb/NTU1/zQ0NP81NTX/NjY2/zc3N/83Nzf/Nzc3/zY2Nv82Njb/Nzc3/zc3N/84ODj/ODg4/zg4OP84ODj/OTk5/zk5Of84ODj/ODg4/zk5Of85OTn/Ojo6/zs7O/87Ozv/PDw8/zs7O/86Ojr/Ojo6/zs7O/87Ozv/Ozs7/zs7O/87Ozv/Ojo6/zo6Ov86Ojr/OTk5/zk5Of84ODj/ODg4/zk5Of85OTn/OTk5/zo6Ov86Ojr/OTk5/zk5Of85OTn/OTk5/zk5Of85OTn/OTk5/zk5Of86Ojr/Ojo6/zo6Ov86Ojr/Ojo6/zo6Ov87Ozv/Ozs7/zs7O/87Ozv/Ozs7/zs7O/87Ozv/Ojo6/zo6Ov85OTn/OTk5/zk5Of85OTn/Ojo6/zo6Ov85OTn/ODg4/zk5Of85OTn/Ojo6/zw8PP89PT3/Pj4+/z4+Pv89PT3/PT09/z4+Pv8+Pj7/PDw8/zs7O/85OTn/OTk5/zo6Ov86Ojr/Ozs7/zs7O/88PDz/PT09/zw8PP87Ozv/PDw8/zw8PP89PT3/Pj4+/z8/P/9AQED/QEBA/0FBQf9AQED/Pz8//z8/P/9AQED/QUFB/0BAQP9AQED/QEBA/0FBQf9BQUH/QUFB/z8/P/89PT3/PT09/zw8PP88PDz/Ozs7/zs7O/87Ozv/PDw8/z4+Pv8/Pz//Pj4+/z09Pf89PT3/PDw8/z09Pf8+Pj7/Pj4+/z09Pf89PT3/PT09/z09Pf89PT3/Pj4+/z4+Pv8+Pj7/PT09/z09Pf89PT3/Pj4+/z8/P/9AQED/Pz8//z4+Pv8+Pj7/Pz8//z8/P/8/Pz//Pz8//z8/P/8/Pz//Pz8//z8/P/9AQED/QEBA/0BAQP9AQED/Pz8//z8/P/8+Pj7/Pj4+/z09Pf89PT3/PT09/z09Pf89PT3/PDw8/zw8PP88PDz/PT09/z4+Pv8+Pj7/Pj4+/z4+Pv8/Pz//Pz8//z8/P/8/Pz//Pj4+/z4+Pv8+Pj7/Pj4+/z8/P/8/Pz//Pz8//z8/P/8/Pz//Pj4+/z8/P/9BQUH/QUFB/0JCQv9BQUH/Pz8//z4+Pv88PDz/PDw8/z09Pf89PT3/Pj4+/z8/P/9AQED/QEBA/0BAQP9AQED/Pz8//z8/P/8/Pz//Pj4+/z4+Pv8/Pz//Pz8//0BAQP9AQED/QUFB/0FBQf9AQED/QEBA/0BAQP9AQED/QEBA/z8/P/8/Pz//Pz8//z8/P/8/Pz//Pz8//z8/P/8/Pz//QEBA/0BAQP9AQED/QEBA/z8/P/8/Pz//Pz8//z8/P/9AQED/QUFB/0FBQf9AQED/Pz8//z8/P/8/Pz//Pz8//z8/P/9AQED/QEBA/0BAQP9AQED/QEBA/0BAQP9AQED/QEBA/0FBQf9CQkL/QkJC/0NDQ/9BQUH/Pz8//z8/P/8/Pz//Pz8//0BAQP9AQED/QkJC/0FBQf9AQED/QEBA/0BAQP9AQED/QUFB/0FBQf9CQkL/Q0ND/0JCQv8qKir/LS0t/zAwMP8vLy//Ly8v/y4uLv8tLS3/MDAw/zY2Nv83Nzf/NjY2/zQ0NP8uLi7/Kysr/ykpKf8oKCj/Jycn/yYmJv8mJib/Jycn/ykpKf8sLCz/KCgo/yMjI/8hISH/HR0d/x0dHf8dHR3/Hh4e/x8fH/8fHx//HBwc/xsbG/8ZGRn/GBgY/xcXF/8WFhb/FhYW/xYWFv8VFRX/FRUV/xUVFf8UFBT/FBQU/xMTE/8SEhL/ERER/xEREf8QEBD/EBAQ/xEREf8SEhL/FBQU/xYWFv8aGhr/Hh4e/x8fH/8hISH/ISEh/yEhIf8iIiL/IyMj/yMjI/8kJCT/JCQk/yQkJP8kJCT/JCQk/yQkJP8kJCT/JCQk/yQkJP8kJCT/JCQk/yQkJP8nJyf/KSkp/y4uLv8zMzP/Ly8v/ykpKf8mJib/IiIi/x8fH/8cHBz/Ghoa/xcXF/8VFRX/FBQU/xMTE/8TExP/FBQU/xQUFP8UFBT/FRUV/xUVFf8WFhb/FhYW/xcXF/8YGBj/Ghoa/x4eHv8iIiL/KSkp/ysrK/8sLCz/LCws/yoqKv8pKSn/Kioq/yoqKv8uLi7/MTEx/zIyMv80NDT/Li4u/ygoKP8oKCj/KCgo/ykpKf8qKir/Kioq/ykpKf8qKir/LCws/ysrK/8pKSn/KCgo/ykpKf8pKSn/Jycn/yYmJv8kJCT/IiIi/yEhIf8gICD/Hh4e/xwcHP8aGhr/GRkZ/xgYGP8XFxf/FhYW/xUVFf8VFRX/FRUV/xQUFP8UFBT/FBQU/xUVFf8XFxf/GRkZ/xwcHP8fHx//IyMj/yUlJf8pKSn/Li4u/zc3N/86Ojr/PT09/z4+Pv8+Pj7/Pj4+/z09Pf89PT3/PT09/zw8PP89PT3/Pj4+/z4+Pv8+Pj7/PT09/zs7O/84ODj/MzMz/zExMf8uLi7/Li4u/y4uLv8vLy//MjIy/zY2Nv9DQ0P/S0tL/1BQUP9TU1P/TU1N/0hISP8/Pz//NDQ0/zIyMv8uLi7/Ly8v/zAwMP8yMjL/NTU1/zg4OP89PT3/PT09/zw8PP87Ozv/ODg4/zc3N/81NTX/NDQ0/zMzM/8zMzP/MzMz/zIyMv8yMjL/MTEx/zExMf8yMjL/MzMz/zY2Nv89PT3/TExM/09PT/9OTk7/S0tL/z4+Pv83Nzf/NDQ0/zIyMv8xMTH/MTEx/zAwMP8vLy//Li4u/y0tLf8uLi7/Ly8v/y8vL/8wMDD/MDAw/zAwMP8vLy//Li4u/y4uLv8vLy//MDAw/zAwMP8xMTH/Nzc3/z4+Pv9HR0f/UlJS/1JSUv9SUlL/S0tL/z8/P/87Ozv/NDQ0/zIyMv8wMDD/Ly8v/y8vL/8vLy//Ly8v/y8vL/8vLy//Ly8v/zAwMP8wMDD/MjIy/zQ0NP80NDT/NDQ0/zMzM/8zMzP/MzMz/zIyMv8xMTH/MDAw/zAwMP8vLy//Li4u/y8vL/8vLy//MDAw/zAwMP8xMTH/MjIy/zExMf8xMTH/MTEx/zAwMP8wMDD/MTEx/zExMf8yMjL/MjIy/zIyMv8yMjL/MzMz/zMzM/8yMjL/MjIy/zExMf8xMTH/MTEx/zExMf8xMTH/MTEx/zExMf8yMjL/MjIy/zMzM/8zMzP/MzMz/zMzM/8yMjL/MjIy/zMzM/80NDT/MzMz/zMzM/8zMzP/MzMz/zMzM/8zMzP/MzMz/zMzM/80NDT/NDQ0/zQ0NP8zMzP/MzMz/zQ0NP81NTX/NTU1/zU1Nf81NTX/NTU1/zU1Nf81NTX/MzMz/0FBQf8/Pz//PT09/z09Pf89PT3/PDw8/zs7O/86Ojr/ODg4/zU1Nf8uLi7/KSkp/x8fH/8bGxv/Gxsb/x0dHf8pKSn/MjIy/zo6Ov9CQkL/R0dH/05OTv9NTU3/TU1N/0pKSv9FRUX/Q0ND/0FBQf9ERET/S0tL/01NTf9PT0//UFBQ/1FRUf9RUVH/UFBQ/1BQUP9OTk7/TU1N/0pKSv9HR0f/RkZG/0RERP9AQED/OTk5/zAwMP8hISH/HR0d/xgYGP8YGBj/HR0d/yIiIv8sLCz/MjIy/zU1Nf84ODj/OTk5/zo6Ov87Ozv/PDw8/zs7O/86Ojr/Ojo6/zs7O/87Ozv/PDw8/zs7O/87Ozv/Ojo6/zo6Ov86Ojr/Ozs7/zw8PP89PT3/PT09/z09Pf88PDz/PDw8/z09Pf89PT3/PT09/zw8PP87Ozv/Ojo6/zk5Of85OTn/ODg4/zc3N/83Nzf/Nzc3/zc3N/83Nzf/NTU1/zMzM/8wMDD/LS0t/ycnJ/8fHx//HBwc/xkZGf8eHh7/KCgo/zQ0NP9KSkr/UFBQ/1NTU/9UVFT/VFRU/1VVVf9YWFj/Wlpa/1lZWf9YWFj/V1dX/1ZWVv9SUlL/TU1N/09PT/9SUlL/UVFR/1BQUP9PT0//TExM/0tLS/9JSUn/SEhI/0hISP9ISEj/RERE/0BAQP84ODj/MDAw/ycnJ/8eHh7/HBwc/xoaGv8YGBj/FhYW/xUVFf8VFRX/FBQU/xQUFP8TExP/ExMT/xMTE/8SEhL/EhIS/xISEv8SEhL/ExMT/xMTE/8YGBj/HR0d/ysrK/8+Pj7/Pj4+/zw8PP8yMjL/ICAg/xsbG/8YGBj/GRkZ/yAgIP8nJyf/Ojo6/0VFRf9GRkb/SEhI/0pKSv9NTU3/S0tL/0lJSf9ISEj/RkZG/0VFRf9DQ0P/QkJC/0BAQP88PDz/MjIy/ysrK/8dHR3/GBgY/xUVFf8UFBT/FRUV/xcXF/8fHx//Jycn/y8vL/84ODj/LS0t/x0dHf8aGhr/FRUV/xYWFv8YGBj/Hh4e/yoqKv8wMDD/ODg4/zs7O/87Ozv/Ojo6/zk5Of84ODj/NTU1/zIyMv8zMzP/NDQ0/zU1Nf81NTX/MDAw/ygoKP8hISH/FxcX/xQUFP8SEhL/ERER/xMTE/8WFhb/ISEh/ykpKf8yMjL/ODg4/ywsLP8eHh7/Ghoa/xQUFP8VFRX/FhYW/xsbG/8jIyP/JSUl/ycnJ/8pKSn/LCws/y0tLf8uLi7/Li4u/zExMf8xMTH/Li4u/ywsLP8qKir/KCgo/yQkJP8fHx//Gxsb/xQUFP8TExP/EhIS/xISEv8TExP/FhYW/x0dHf8jIyP/LS0t/y4uLv8jIyP/Gxsb/xcXF/8UFBT/GBgY/xwcHP8kJCT/LS0t/y4uLv8vLy//MzMz/zk5Of8+Pj7/R0dH/0lJSf9KSkr/SkpK/0lJSf9JSUn/SkpK/0pKSv9CQkL/Ozs7/ysrK/8ZGRn/FhYW/xISEv8SEhL/EhIS/xUVFf8bGxv/Hx8f/yUlJf8iIiL/GBgY/xQUFP8SEhL/EhIS/xQUFP8WFhb/Gxsb/x8fH/8fHx//Hx8f/yIiIv8lJSX/Kioq/zExMf8xMTH/MTEx/y4uLv8mJib/IyMj/x8fH/8dHR3/GRkZ/xcXF/8UFBT/EhIS/xEREf8QEBD/ExMT/xcXF/8fHx//KCgo/yoqKv8sLCz/JSUl/xkZGf8WFhb/ExMT/xQUFP8ZGRn/HBwc/yIiIv8lJSX/JiYm/yYmJv8mJib/QEBA/0BAQP9BQUH/QUFB/0FBQf9AQED/QEBA/0BAQP8/Pz//Pz8//0BAQP9AQED/QUFB/0FBQf9CQkL/QkJC/0JCQv9CQkL/QkJC/0FBQf9BQUH/QEBA/0FBQf9BQUH/QUFB/0FBQf9BQUH/QkJC/0JCQv9BQUH/QUFB/0FBQf9BQUH/QkJC/0NDQ/9ERET/RUVF/0RERP9ERET/RERE/0RERP9ERET/Q0ND/0NDQ/9CQkL/QkJC/0FBQf9BQUH/QUFB/0FBQf9BQUH/QkJC/0JCQv9CQkL/QkJC/0JCQv9BQUH/QUFB/0FBQf9BQUH/QkJC/0JCQv9CQkL/QkJC/0FBQf9AQED/Pz8//0BAQP9AQED/QUFB/0JCQv9CQkL/QkJC/0NDQ/9DQ0P/QkJC/0FBQf9BQUH/QUFB/0JCQv9DQ0P/QkJC/0JCQv9CQkL/QkJC/0JCQv9CQkL/QkJC/0JCQv9CQkL/QkJC/0JCQv9DQ0P/Q0ND/0RERP9ERET/RUVF/0ZGRv9FRUX/RUVF/0VFRf9FRUX/RUVF/0RERP9ERET/RkZG/0ZGRv9FRUX/RERE/0JCQv9BQUH/QkJC/0JCQv9DQ0P/Q0ND/0NDQ/9DQ0P/QkJC/0JCQv9CQkL/RERE/0RERP9FRUX/RUVF/0NDQ/9DQ0P/QUFB/0BAQP9BQUH/QkJC/0NDQ/9ERET/RERE/0RERP9ERET/RERE/0RERP9DQ0P/Q0ND/0RERP9ERET/RERE/0RERP9ERET/RERE/0RERP9ERET/Q0ND/0NDQ/9DQ0P/QkJC/0NDQ/9ERET/Q0ND/0JCQv9CQkL/Q0ND/0NDQ/9CQkL/QkJC/0NDQ/9DQ0P/RERE/0RERP9DQ0P/Q0ND/0NDQ/9CQkL/QUFB/z8/P/8/Pz//QEBA/0FBQf9CQkL/Q0ND/0RERP9DQ0P/Q0ND/0NDQ/9BQUH/QUFB/0FBQf9BQUH/QUFB/0FBQf9BQUH/QUFB/0NDQ/9FRUX/RkZG/0dHR/9GRkb/RERE/0RERP9ERET/Q0ND/0NDQ/9DQ0P/Q0ND/0NDQ/9CQkL/QkJC/0NDQ/9ERET/RERE/0RERP9ERET/RUVF/0RERP9CQkL/QUFB/0BAQP9BQUH/QkJC/0JCQv9CQkL/QkJC/0FBQf9BQUH/QkJC/0NDQ/9DQ0P/Q0ND/0JCQv9BQUH/QUFB/0FBQf9BQUH/QEBA/0BAQP8/Pz//QEBA/0JCQv9CQkL/Q0ND/0NDQ/9FRUX/RkZG/0ZGRv9GRkb/RkZG/0VFRf9FRUX/RUVF/0VFRf9ERET/RERE/0VFRf9GRkb/SEhI/0ZGRv9DQ0P/QkJC/0FBQf9BQUH/QUFB/0FBQf9AQED/QEBA/0JCQv9DQ0P/QkJC/0JCQv9CQkL/QkJC/0JCQv9DQ0P/Q0ND/0NDQ/9CQkL/QkJC/0FBQf9AQED/QEBA/z8/P/8/Pz//QUFB/0FBQf9BQUH/QUFB/0BAQP9AQED/QkJC/0RERP9ERET/RkZG/0VFRf9FRUX/RERE/0NDQ/9DQ0P/Q0ND/0RERP9FRUX/RUVF/0RERP9DQ0P/QkJC/0FBQf9BQUH/QUFB/0BAQP8/Pz//QEBA/0FBQf9BQUH/QkJC/0NDQ/9ERET/RERE/0VFRf9FRUX/RUVF/0VFRf9ERET/Q0ND/0JCQv9CQkL/Q0ND/0NDQ/9CQkL/QUFB/0FBQf9BQUH/QUFB/0FBQf9BQUH/QUFB/0FBQf9BQUH/QUFB/z8/P/8/Pz//QEBA/0FBQf9DQ0P/RERE/0NDQ/8zMzP/NDQ0/zU1Nf82Njb/NjY2/zY2Nv81NTX/NTU1/zU1Nf81NTX/NjY2/zY2Nv83Nzf/Nzc3/zY2Nv81NTX/NDQ0/zMzM/8zMzP/MzMz/zQ0NP81NTX/NjY2/zY2Nv82Njb/NjY2/zY2Nv82Njb/NjY2/zY2Nv82Njb/Nzc3/zc3N/82Njb/NjY2/zU1Nf81NTX/NTU1/zY2Nv82Njb/NTU1/zY2Nv83Nzf/Nzc3/zc3N/82Njb/NjY2/zY2Nv83Nzf/Nzc3/zY2Nv81NTX/NDQ0/zQ0NP81NTX/NjY2/zY2Nv83Nzf/Nzc3/zg4OP85OTn/OTk5/zk5Of84ODj/ODg4/zc3N/83Nzf/Nzc3/zc3N/84ODj/ODg4/zk5Of85OTn/OTk5/zk5Of85OTn/Ojo6/zo6Ov86Ojr/Ojo6/zk5Of86Ojr/Ojo6/zo6Ov85OTn/OTk5/zk5Of85OTn/OTk5/zg4OP84ODj/ODg4/zk5Of85OTn/OTk5/zk5Of85OTn/Ojo6/zo6Ov86Ojr/OTk5/zk5Of85OTn/Ojo6/zo6Ov86Ojr/Ojo6/zo6Ov85OTn/Ojo6/zo6Ov86Ojr/Ojo6/zs7O/88PDz/PDw8/zs7O/87Ozv/Ojo6/zo6Ov87Ozv/Ozs7/zo6Ov86Ojr/Ojo6/zo6Ov86Ojr/Ojo6/zk5Of85OTn/ODg4/zg4OP86Ojr/PDw8/z09Pf8/Pz//Pj4+/z09Pf89PT3/PDw8/zs7O/87Ozv/Ozs7/zs7O/87Ozv/Ozs7/zs7O/87Ozv/Ozs7/zs7O/88PDz/PDw8/zw8PP89PT3/PT09/z4+Pv8/Pz//Pz8//z8/P/8/Pz//QEBA/z8/P/8/Pz//Pj4+/z8/P/8/Pz//Pz8//z8/P/8+Pj7/Pj4+/z4+Pv8+Pj7/PT09/zw8PP88PDz/Ozs7/zs7O/86Ojr/Ojo6/zs7O/88PDz/PT09/z4+Pv8+Pj7/Pj4+/z4+Pv8+Pj7/Pj4+/z4+Pv8+Pj7/Pj4+/z4+Pv8+Pj7/Pz8//z8/P/8/Pz//QEBA/z8/P/8+Pj7/Pj4+/z4+Pv8+Pj7/Pj4+/z8/P/8+Pj7/Pj4+/z4+Pv8+Pj7/Pj4+/z4+Pv89PT3/PDw8/zw8PP89PT3/Pj4+/0BAQP9BQUH/QEBA/0BAQP8/Pz//Pz8//z4+Pv8+Pj7/PT09/z09Pf89PT3/PT09/z4+Pv8+Pj7/Pj4+/z09Pf89PT3/PT09/z4+Pv8/Pz//Pz8//0BAQP9AQED/QEBA/0BAQP8/Pz//Pz8//z8/P/8/Pz//QEBA/0BAQP9AQED/QEBA/z8/P/8+Pj7/Pz8//z8/P/9AQED/QEBA/0BAQP8/Pz//Pz8//z4+Pv8+Pj7/Pj4+/z8/P/8/Pz//QEBA/0FBQf9BQUH/QEBA/z8/P/8/Pz//Pj4+/z4+Pv8/Pz//Pz8//z8/P/8/Pz//QEBA/0BAQP9BQUH/QUFB/0FBQf9BQUH/QUFB/0FBQf9AQED/QEBA/0BAQP9AQED/QEBA/0BAQP9AQED/QEBA/0BAQP8/Pz//Pz8//z8/P/8/Pz//Pz8//z8/P/9AQED/QEBA/z8/P/8+Pj7/Pj4+/z09Pf8+Pj7/QEBA/z8/P/8/Pz//Pz8//0BAQP9AQED/Pz8//z8/P/9AQED/QEBA/z8/P/8/Pz//QEBA/0BAQP9AQED/QUFB/0FBQf9AQED/QEBA/0BAQP9AQED/Pz8//z8/P/9AQED/QEBA/0BAQP9AQED/Pz8//z8/P/9AQED/QUFB/0JCQv9CQkL/QUFB/yoqKv8sLCz/Li4u/y4uLv8uLi7/LS0t/ysrK/8sLCz/LS0t/y0tLf8tLS3/LS0t/ysrK/8qKir/Kysr/ywsLP8tLS3/LS0t/ywsLP8rKyv/Kysr/ysrK/8oKCj/IyMj/yAgIP8dHR3/HR0d/x0dHf8eHh7/ISEh/yEhIf8fHx//HR0d/xoaGv8ZGRn/FxcX/xcXF/8WFhb/FRUV/xUVFf8VFRX/FRUV/xQUFP8UFBT/ExMT/xMTE/8SEhL/ERER/xAQEP8QEBD/ERER/xISEv8TExP/FRUV/xkZGf8dHR3/Hh4e/yAgIP8gICD/ISEh/yEhIf8iIiL/IiIi/yMjI/8kJCT/JCQk/yQkJP8kJCT/JCQk/yQkJP8kJCT/JCQk/yQkJP8kJCT/JSUl/ycnJ/8oKCj/Kioq/ysrK/8oKCj/IyMj/yAgIP8cHBz/Ghoa/xgYGP8WFhb/FRUV/xUVFf8UFBT/FRUV/xUVFf8WFhb/FhYW/xYWFv8XFxf/FxcX/xgYGP8ZGRn/Ghoa/xsbG/8eHh7/IyMj/yYmJv8rKyv/LCws/ysrK/8rKyv/Kioq/yoqKv8pKSn/Kioq/ywsLP8uLi7/LS0t/ywsLP8rKyv/Kysr/ywsLP8uLi7/LS0t/ywsLP8rKyv/Kysr/ysrK/8sLCz/LCws/ysrK/8qKir/KSkp/ycnJ/8mJib/JSUl/yQkJP8jIyP/IyMj/yMjI/8hISH/Hh4e/x0dHf8aGhr/Ghoa/xgYGP8YGBj/FxcX/xYWFv8WFhb/FRUV/xUVFf8UFBT/FRUV/xYWFv8XFxf/GBgY/xsbG/8eHh7/ISEh/yUlJf8qKir/MjIy/zY2Nv88PDz/PT09/z4+Pv8+Pj7/Pj4+/z4+Pv8+Pj7/Pj4+/z4+Pv8/Pz//Pj4+/z4+Pv89PT3/Ozs7/zo6Ov84ODj/NTU1/zAwMP8vLy//Li4u/y8vL/8xMTH/NjY2/0NDQ/9KSkr/Tk5O/1FRUf9MTEz/R0dH/z8/P/82Njb/MzMz/zAwMP8xMTH/MTEx/zIyMv80NDT/Nzc3/zs7O/88PDz/PDw8/zs7O/84ODj/NTU1/zQ0NP8zMzP/MzMz/zMzM/8zMzP/MjIy/zExMf8wMDD/MTEx/zExMf8zMzP/NjY2/zw8PP9JSUn/TU1N/05OTv9MTEz/QEBA/zg4OP80NDT/MDAw/zExMf8yMjL/MTEx/zAwMP8wMDD/Ly8v/y8vL/8vLy//Ly8v/zAwMP8wMDD/Ly8v/y8vL/8vLy//Ly8v/y8vL/8wMDD/MDAw/zExMf82Njb/Ozs7/0RERP9PT0//UFBQ/1NTU/9NTU3/Q0ND/z4+Pv81NTX/MzMz/zAwMP8vLy//Ly8v/y4uLv8vLy//MDAw/zExMf8xMTH/MTEx/zExMf8xMTH/MTEx/zExMf8xMTH/MjIy/zMzM/8yMjL/MTEx/zAwMP8wMDD/MDAw/zAwMP8wMDD/MTEx/zExMf8xMTH/MTEx/zExMf8xMTH/MTEx/zExMf8xMTH/MTEx/zExMf8xMTH/MTEx/zIyMv8yMjL/MjIy/zIyMv8zMzP/MzMz/zIyMv8xMTH/MTEx/zExMf8xMTH/MjIy/zIyMv8yMjL/MjIy/zMzM/8zMzP/MzMz/zMzM/8zMzP/MzMz/zMzM/8zMzP/MzMz/zMzM/8zMzP/MzMz/zMzM/8zMzP/MzMz/zIyMv8zMzP/MzMz/zMzM/8yMjL/MjIy/zMzM/8zMzP/MzMz/zMzM/8zMzP/MzMz/zU1Nf82Njb/NTU1/zQ0NP80NDT/QUFB/z4+Pv88PDz/PDw8/z09Pf89PT3/Ozs7/zo6Ov85OTn/NjY2/y8vL/8pKSn/Hx8f/xsbG/8bGxv/HR0d/yoqKv80NDT/Ozs7/0JCQv9ISEj/Tk5O/09PT/9PT0//S0tL/0RERP9CQkL/QEBA/0RERP9MTEz/T09P/1FRUf9SUlL/U1NT/1NTU/9SUlL/UVFR/1BQUP9PT0//TExM/0lJSf9HR0f/RERE/0BAQP84ODj/MDAw/yEhIf8cHBz/FxcX/xgYGP8dHR3/IiIi/ysrK/8yMjL/NTU1/zg4OP85OTn/Ozs7/zw8PP89PT3/PDw8/zo6Ov86Ojr/Ozs7/zs7O/87Ozv/Ozs7/zo6Ov86Ojr/OTk5/zo6Ov88PDz/PT09/z09Pf89PT3/PDw8/zw8PP88PDz/PT09/z09Pf89PT3/PDw8/zs7O/86Ojr/OTk5/zg4OP83Nzf/Nzc3/zc3N/83Nzf/ODg4/zg4OP82Njb/NDQ0/zExMf8uLi7/Jycn/x8fH/8cHBz/GBgY/x4eHv8pKSn/NTU1/0xMTP9SUlL/VFRU/1RUVP9TU1P/U1NT/1VVVf9WVlb/VVVV/1VVVf9UVFT/UlJS/1BQUP9NTU3/T09P/1FRUf9RUVH/UVFR/09PT/9KSkr/SEhI/0ZGRv9GRkb/SEhI/0hISP9ERET/QUFB/zo6Ov8zMzP/Kysr/yMjI/8hISH/Hh4e/xwcHP8YGBj/FxcX/xUVFf8VFRX/FBQU/xQUFP8TExP/ExMT/xISEv8SEhL/EhIS/xISEv8TExP/ExMT/xgYGP8dHR3/Kysr/z4+Pv8+Pj7/PDw8/zIyMv8fHx//Ghoa/xYWFv8XFxf/Hh4e/yYmJv85OTn/QkJC/0NDQ/9DQ0P/RUVF/0ZGRv9FRUX/Q0ND/0JCQv9AQED/Pz8//z4+Pv89PT3/PT09/zk5Of8wMDD/KSkp/xwcHP8XFxf/FBQU/xMTE/8VFRX/FxcX/x8fH/8nJyf/Li4u/zc3N/8rKyv/HBwc/xgYGP8UFBT/FRUV/xcXF/8bGxv/IyMj/ycnJ/8uLi7/MDAw/zAwMP8vLy//Ly8v/y8vL/8sLCz/KSkp/ykpKf8qKir/Kioq/yoqKv8mJib/Hx8f/xsbG/8UFBT/ExMT/xEREf8RERH/ExMT/xYWFv8hISH/KSkp/zIyMv85OTn/LCws/x8fH/8aGhr/FBQU/xQUFP8UFBT/FxcX/x0dHf8eHh7/Hx8f/yAgIP8jIyP/JSUl/ykpKf8rKyv/Li4u/zAwMP8sLCz/KSkp/yYmJv8jIyP/Hx8f/xsbG/8YGBj/ExMT/xMTE/8SEhL/EhIS/xMTE/8WFhb/HR0d/yIiIv8rKyv/LS0t/yIiIv8aGhr/FhYW/xMTE/8WFhb/Ghoa/yEhIf8qKir/Kioq/ysrK/8vLy//NjY2/zw8PP9FRUX/SEhI/0lJSf9JSUn/R0dH/0VFRf9FRUX/Q0ND/zw8PP81NTX/Jycn/xgYGP8VFRX/EhIS/xISEv8SEhL/FRUV/xsbG/8fHx//JSUl/yIiIv8YGBj/FBQU/xISEv8RERH/EhIS/xISEv8VFRX/GBgY/xkZGf8aGhr/Hh4e/yMjI/8oKCj/MTEx/zExMf8wMDD/LCws/yMjI/8fHx//Ghoa/xgYGP8WFhb/FBQU/xMTE/8SEhL/ERER/xAQEP8UFBT/FxcX/x8fH/8pKSn/Kioq/ywsLP8lJSX/GRkZ/xYWFv8TExP/ExMT/xUVFf8XFxf/Ghoa/xwcHP8dHR3/HR0d/x0dHf8/Pz//QEBA/0BAQP9AQED/QEBA/0BAQP9AQED/QEBA/z8/P/8/Pz//Pz8//z8/P/9AQED/QEBA/0FBQf9CQkL/QkJC/0JCQv9BQUH/QUFB/0FBQf9AQED/QEBA/0FBQf9BQUH/QEBA/0FBQf9DQ0P/QkJC/0FBQf9BQUH/QUFB/0FBQf9CQkL/QkJC/0RERP9FRUX/RERE/0RERP9DQ0P/Q0ND/0NDQ/9DQ0P/Q0ND/0JCQv9CQkL/QUFB/0FBQf9BQUH/QUFB/0FBQf9BQUH/QUFB/0FBQf9CQkL/QkJC/0FBQf9BQUH/QkJC/0JCQv9CQkL/Q0ND/0NDQ/9CQkL/QUFB/z8/P/8/Pz//QEBA/0BAQP9CQkL/QkJC/0NDQ/9DQ0P/Q0ND/0RERP9CQkL/QEBA/0FBQf9BQUH/QUFB/0JCQv9CQkL/QkJC/0JCQv9CQkL/QkJC/0JCQv9CQkL/QkJC/0JCQv9CQkL/QkJC/0JCQv9DQ0P/QkJC/0JCQv9DQ0P/RUVF/0RERP9ERET/RERE/0VFRf9FRUX/RERE/0RERP9GRkb/RkZG/0VFRf9DQ0P/QUFB/0BAQP9BQUH/QUFB/0JCQv9DQ0P/QkJC/0JCQv9CQkL/QUFB/0JCQv9ERET/RERE/0VFRf9FRUX/Q0ND/0NDQ/9BQUH/QUFB/0FBQf9CQkL/Q0ND/0RERP9ERET/RUVF/0RERP9ERET/Q0ND/0JCQv9DQ0P/RERE/0RERP9ERET/RERE/0RERP9ERET/RERE/0RERP9DQ0P/Q0ND/0NDQ/9DQ0P/Q0ND/0RERP9DQ0P/QkJC/0JCQv9DQ0P/Q0ND/0NDQ/9DQ0P/Q0ND/0NDQ/9DQ0P/Q0ND/0RERP9ERET/Q0ND/0JCQv9BQUH/Pz8//0BAQP9AQED/QUFB/0JCQv9CQkL/Q0ND/0NDQ/9CQkL/QkJC/0FBQf9BQUH/QUFB/0FBQf9BQUH/QUFB/0FBQf9BQUH/RERE/0ZGRv9HR0f/SEhI/0dHR/9FRUX/RUVF/0RERP9ERET/RERE/0RERP9ERET/RERE/0RERP9ERET/RUVF/0VFRf9FRUX/RUVF/0VFRf9GRkb/RUVF/0NDQ/9CQkL/QUFB/0JCQv9DQ0P/Q0ND/0JCQv9CQkL/QUFB/0JCQv9DQ0P/Q0ND/0RERP9ERET/QkJC/0FBQf9BQUH/QUFB/0FBQf9AQED/QEBA/0BAQP9BQUH/Q0ND/0NDQ/9CQkL/Q0ND/0VFRf9GRkb/RkZG/0ZGRv9FRUX/RUVF/0ZGRv9GRkb/RUVF/0RERP9FRUX/RkZG/0dHR/9ISEj/RkZG/0NDQ/9CQkL/QUFB/0FBQf9BQUH/QUFB/0BAQP9AQED/QUFB/0JCQv9BQUH/QEBA/0FBQf9BQUH/QUFB/0JCQv9CQkL/QkJC/0JCQv9BQUH/QUFB/0BAQP9AQED/Pz8//z8/P/9AQED/QUFB/0FBQf9AQED/QEBA/0BAQP9CQkL/Q0ND/0RERP9FRUX/RUVF/0VFRf9ERET/QkJC/0NDQ/9ERET/RERE/0VFRf9GRkb/RUVF/0RERP9CQkL/QEBA/0BAQP9AQED/Pz8//z4+Pv8/Pz//QEBA/0FBQf9CQkL/Q0ND/0RERP9ERET/RkZG/0ZGRv9FRUX/RUVF/0RERP9DQ0P/QkJC/0FBQf9CQkL/Q0ND/0JCQv9CQkL/QUFB/0FBQf9BQUH/QUFB/0FBQf9CQkL/QkJC/0NDQ/9CQkL/QEBA/z8/P/9AQED/QUFB/0RERP9FRUX/Q0ND/zQ0NP81NTX/NjY2/zY2Nv82Njb/NjY2/zU1Nf81NTX/NTU1/zU1Nf81NTX/NjY2/zc3N/84ODj/NjY2/zU1Nf8zMzP/MjIy/zMzM/8zMzP/NDQ0/zU1Nf81NTX/NjY2/zY2Nv82Njb/NjY2/zY2Nv82Njb/NjY2/zY2Nv83Nzf/Nzc3/zY2Nv81NTX/NTU1/zQ0NP81NTX/NjY2/zY2Nv81NTX/NjY2/zc3N/83Nzf/NjY2/zY2Nv82Njb/NjY2/zg4OP83Nzf/NjY2/zU1Nf80NDT/MzMz/zU1Nf83Nzf/Nzc3/zc3N/84ODj/OTk5/zo6Ov87Ozv/Ojo6/zk5Of85OTn/Nzc3/zc3N/82Njb/NjY2/zg4OP84ODj/OTk5/zk5Of85OTn/OTk5/zk5Of85OTn/OTk5/zk5Of85OTn/OTk5/zk5Of86Ojr/OTk5/zg4OP84ODj/ODg4/zg4OP84ODj/ODg4/zc3N/83Nzf/OTk5/zo6Ov86Ojr/OTk5/zk5Of86Ojr/Ojo6/zo6Ov86Ojr/OTk5/zk5Of86Ojr/Ojo6/zs7O/87Ozv/Ojo6/zk5Of86Ojr/Ojo6/zo6Ov86Ojr/Ozs7/z09Pf88PDz/Ozs7/zs7O/86Ojr/Ojo6/zs7O/87Ozv/Ozs7/zs7O/87Ozv/Ozs7/zo6Ov86Ojr/OTk5/zk5Of85OTn/ODg4/zo6Ov88PDz/PT09/z8/P/8+Pj7/PT09/zw8PP86Ojr/Ojo6/zs7O/87Ozv/PDw8/zw8PP88PDz/PDw8/zs7O/87Ozv/Ozs7/zs7O/88PDz/PT09/z09Pf8+Pj7/Pj4+/z8/P/8/Pz//Pz8//z8/P/8/Pz//Pz8//z4+Pv8+Pj7/Pj4+/z4+Pv8+Pj7/Pj4+/z09Pf89PT3/PDw8/zw8PP88PDz/PDw8/zw8PP87Ozv/Ozs7/zk5Of86Ojr/PDw8/zw8PP89PT3/PT09/z4+Pv8+Pj7/Pz8//z8/P/8+Pj7/Pj4+/z4+Pv8+Pj7/Pj4+/z8/P/8/Pz//QEBA/0BAQP9BQUH/QEBA/z4+Pv8+Pj7/Pj4+/z4+Pv8+Pj7/Pj4+/z4+Pv8+Pj7/Pj4+/z4+Pv89PT3/PT09/zw8PP87Ozv/Ozs7/zw8PP8+Pj7/QEBA/0FBQf9AQED/QEBA/z8/P/8/Pz//Pj4+/z4+Pv89PT3/PT09/z09Pf89PT3/Pj4+/z8/P/8/Pz//Pj4+/z4+Pv89PT3/Pj4+/z8/P/9AQED/QUFB/0FBQf9AQED/QEBA/z8/P/8/Pz//QEBA/0BAQP9AQED/QEBA/0BAQP9BQUH/QEBA/z4+Pv8+Pj7/Pz8//z8/P/8/Pz//Pz8//z8/P/8/Pz//Pz8//z8/P/8/Pz//Pz8//z8/P/9AQED/QUFB/0JCQv9BQUH/Pz8//z4+Pv89PT3/Pj4+/0BAQP9AQED/Pz8//z8/P/9AQED/QEBA/0FBQf9BQUH/QUFB/0FBQf9BQUH/QUFB/0BAQP9AQED/QEBA/0BAQP9AQED/QEBA/0BAQP9AQED/QEBA/z8/P/8/Pz//Pz8//z8/P/8/Pz//Pz8//0BAQP9BQUH/Pz8//z09Pf89PT3/PDw8/z4+Pv9AQED/QEBA/z8/P/8/Pz//QEBA/0BAQP8/Pz//Pz8//0BAQP9AQED/Pz8//z8/P/8/Pz//Pz8//z8/P/9AQED/QEBA/0FBQf9AQED/QEBA/0BAQP8/Pz//Pz8//z8/P/8/Pz//QEBA/0BAQP8/Pz//Pj4+/z8/P/9AQED/QUFB/0JCQv9AQED/Kioq/ywsLP8tLS3/LS0t/y0tLf8sLCz/Kysr/yoqKv8oKCj/KCgo/ykpKf8pKSn/KSkp/yoqKv8sLCz/LS0t/y8vL/8wMDD/Ly8v/y0tLf8sLCz/Kioq/ycnJ/8iIiL/ICAg/x0dHf8dHR3/HR0d/x8fH/8iIiL/IiIi/yAgIP8eHh7/Gxsb/xkZGf8YGBj/FxcX/xYWFv8VFRX/FRUV/xUVFf8VFRX/FBQU/xQUFP8TExP/ExMT/xISEv8SEhL/EBAQ/xAQEP8RERH/ERER/xISEv8UFBT/GBgY/xwcHP8dHR3/Hx8f/yAgIP8hISH/ISEh/yEhIf8iIiL/IyMj/yMjI/8kJCT/JCQk/yQkJP8kJCT/JCQk/yQkJP8kJCT/JCQk/yUlJf8lJSX/JiYm/ygoKP8nJyf/JiYm/yQkJP8gICD/HR0d/xkZGf8YGBj/FRUV/xUVFf8UFBT/FBQU/xUVFf8VFRX/FxcX/xcXF/8XFxf/FxcX/xgYGP8YGBj/GRkZ/xsbG/8cHBz/Hh4e/yEhIf8mJib/KSkp/y0tLf8tLS3/Kysr/yoqKv8qKir/Kioq/yoqKv8qKir/Kysr/y0tLf8rKyv/KCgo/yoqKv8sLCz/Li4u/zExMf8vLy//LCws/ywsLP8sLCz/LCws/y0tLf8tLS3/LCws/ysrK/8pKSn/Jycn/yYmJv8lJSX/JCQk/yMjI/8kJCT/JCQk/yMjI/8gICD/Hh4e/xwcHP8bGxv/Ghoa/xkZGf8YGBj/FxcX/xcXF/8WFhb/FRUV/xQUFP8VFRX/FRUV/xUVFf8WFhb/GBgY/xsbG/8eHh7/IiIi/ycnJ/8uLi7/MzMz/zs7O/89PT3/Pj4+/z4+Pv8/Pz//Pz8//z8/P/8/Pz//Pz8//z8/P/8/Pz//Pj4+/z09Pf87Ozv/Ozs7/zo6Ov83Nzf/MTEx/zAwMP8uLi7/Ly8v/zExMf81NTX/QkJC/0pKSv9NTU3/UFBQ/0xMTP9ISEj/QEBA/zc3N/81NTX/MjIy/zIyMv8zMzP/MzMz/zU1Nf83Nzf/Ozs7/zw8PP88PDz/Ozs7/zc3N/81NTX/NDQ0/zMzM/8zMzP/MzMz/zMzM/8yMjL/MTEx/zAwMP8xMTH/MTEx/zMzM/82Njb/PDw8/0lJSf9NTU3/T09P/01NTf9BQUH/Ojo6/zQ0NP8wMDD/MTEx/zIyMv8yMjL/MTEx/zExMf8wMDD/MDAw/y8vL/8vLy//MDAw/zAwMP8vLy//Ly8v/y8vL/8vLy//MDAw/zAwMP8xMTH/MjIy/zY2Nv86Ojr/QkJC/01NTf9PT0//U1NT/05OTv9GRkb/QEBA/zY2Nv8zMzP/MTEx/zAwMP8vLy//Li4u/y8vL/8wMDD/MTEx/zIyMv8xMTH/MTEx/zAwMP8wMDD/MDAw/zAwMP8xMTH/MzMz/zIyMv8wMDD/MDAw/zAwMP8wMDD/MTEx/zExMf8yMjL/MjIy/zExMf8xMTH/MDAw/zAwMP8wMDD/MTEx/zExMf8xMTH/MTEx/zExMf8yMjL/MzMz/zMzM/8yMjL/MTEx/zMzM/8zMzP/MjIy/zExMf8xMTH/MTEx/zIyMv8yMjL/MjIy/zIyMv8yMjL/MzMz/zMzM/8zMzP/MzMz/zMzM/8zMzP/NDQ0/zQ0NP8zMzP/MjIy/zMzM/8zMzP/MzMz/zMzM/8zMzP/MjIy/zMzM/8zMzP/MjIy/zExMf8yMjL/MzMz/zMzM/8yMjL/MjIy/zIyMv8zMzP/NTU1/zY2Nv81NTX/NDQ0/zQ0NP8+Pj7/PT09/zs7O/89PT3/QEBA/z8/P/89PT3/Ozs7/zg4OP80NDT/LS0t/ygoKP8fHx//HBwc/xsbG/8eHh7/LCws/zc3N/9BQUH/SkpK/05OTv9SUlL/UVFR/05OTv9LS0v/RkZG/0RERP9CQkL/RkZG/1BQUP9UVFT/VVVV/1VVVf9UVFT/UlJS/09PT/9NTU3/TU1N/0xMTP9LS0v/SkpK/0lJSf9GRkb/QkJC/zs7O/8yMjL/ICAg/xwcHP8YGBj/GRkZ/x4eHv8iIiL/LCws/zIyMv81NTX/Nzc3/zk5Of86Ojr/Ojo6/zs7O/87Ozv/Ojo6/zo6Ov86Ojr/Ojo6/zs7O/87Ozv/Ozs7/zs7O/86Ojr/Ozs7/z09Pf8+Pj7/PT09/z09Pf88PDz/PDw8/zw8PP88PDz/Ozs7/zs7O/87Ozv/Ojo6/zk5Of85OTn/ODg4/zg4OP84ODj/ODg4/zg4OP84ODj/ODg4/zY2Nv80NDT/MTEx/y8vL/8oKCj/Hx8f/xwcHP8YGBj/Hh4e/ycnJ/8zMzP/SUlJ/1BQUP9XV1f/WVlZ/1dXV/9WVlb/VFRU/1NTU/9SUlL/UlJS/09PT/9NTU3/S0tL/0lJSf9LS0v/Tk5O/09PT/9QUFD/T09P/0xMTP9KSkr/R0dH/0ZGRv9GRkb/RUVF/0JCQv9AQED/PDw8/zg4OP80NDT/MDAw/y0tLf8pKSn/JCQk/x0dHf8aGhr/FhYW/xUVFf8UFBT/FBQU/xMTE/8TExP/ExMT/xMTE/8TExP/ExMT/xMTE/8UFBT/GBgY/x0dHf8rKyv/PT09/zw8PP86Ojr/MDAw/x4eHv8ZGRn/FRUV/xUVFf8YGBj/HBwc/yUlJf8qKir/Kysr/ysrK/8tLS3/Li4u/y0tLf8sLCz/Kysr/ysrK/8qKir/Kioq/yoqKv8pKSn/JiYm/yEhIf8dHR3/GBgY/xUVFf8UFBT/ExMT/xQUFP8VFRX/HR0d/yUlJf8tLS3/NTU1/yoqKv8cHBz/GRkZ/xUVFf8WFhb/FxcX/xgYGP8aGhr/HBwc/x8fH/8gICD/ISEh/yEhIf8hISH/ISEh/x8fH/8eHh7/Hh4e/x4eHv8eHh7/HR0d/xwcHP8ZGRn/FxcX/xQUFP8TExP/EhIS/xISEv8UFBT/FxcX/yEhIf8pKSn/MjIy/zg4OP8sLCz/Hh4e/xoaGv8UFBT/FBQU/xUVFf8WFhb/GRkZ/xkZGf8ZGRn/Ghoa/xwcHP8gICD/Jycn/ysrK/8rKyv/Kysr/ygoKP8mJib/ISEh/x0dHf8aGhr/FhYW/xUVFf8TExP/ExMT/xISEv8SEhL/ExMT/xYWFv8cHBz/ICAg/ykpKf8qKir/ICAg/xgYGP8VFRX/EhIS/xQUFP8WFhb/Ghoa/x8fH/8fHx//ICAg/yUlJf8uLi7/NDQ0/z8/P/9BQUH/Pz8//zw8PP8zMzP/Li4u/ywsLP8qKir/JiYm/yIiIv8bGxv/ExMT/xMTE/8RERH/EhIS/xISEv8WFhb/HBwc/x8fH/8lJSX/IyMj/xgYGP8UFBT/EhIS/xEREf8RERH/ERER/xMTE/8UFBT/FRUV/xcXF/8cHBz/IiIi/ycnJ/8uLi7/Kysr/ycnJ/8jIyP/HBwc/xkZGf8WFhb/FRUV/xQUFP8TExP/ExMT/xMTE/8TExP/ExMT/xUVFf8YGBj/Hx8f/ykpKf8rKyv/LS0t/ycnJ/8aGhr/FxcX/xMTE/8SEhL/ExMT/xQUFP8VFRX/FhYW/xgYGP8ZGRn/GRkZ/0JCQv9BQUH/QUFB/0FBQf9BQUH/QEBA/z8/P/8/Pz//Pj4+/z8/P/8/Pz//QEBA/0BAQP9AQED/QEBA/0BAQP9AQED/QUFB/0JCQv9CQkL/QkJC/0FBQf9BQUH/QEBA/0BAQP9AQED/QUFB/0JCQv9CQkL/QUFB/0FBQf9CQkL/QkJC/0JCQv9DQ0P/Q0ND/0RERP9DQ0P/QkJC/0JCQv9BQUH/QUFB/0FBQf9BQUH/QkJC/0JCQv9CQkL/QUFB/0BAQP9AQED/QUFB/0JCQv9BQUH/QUFB/0FBQf9BQUH/QUFB/0JCQv9CQkL/Q0ND/0NDQ/9CQkL/QkJC/0JCQv9BQUH/QEBA/0BAQP9BQUH/QUFB/0JCQv9CQkL/QkJC/0JCQv9CQkL/Q0ND/0JCQv9BQUH/QUFB/0FBQf9BQUH/QUFB/0FBQf9CQkL/QkJC/0NDQ/9DQ0P/Q0ND/0NDQ/9DQ0P/QkJC/0JCQv9BQUH/QkJC/0JCQv9CQkL/QkJC/0JCQv9DQ0P/Q0ND/0NDQ/9DQ0P/Q0ND/0NDQ/9CQkL/QkJC/0NDQ/9ERET/Q0ND/0JCQv9BQUH/QEBA/0FBQf9CQkL/QUFB/0FBQf9CQkL/Q0ND/0JCQv9BQUH/QkJC/0NDQ/9DQ0P/RERE/0RERP9ERET/RERE/0RERP9DQ0P/Q0ND/0NDQ/9DQ0P/Q0ND/0NDQ/9ERET/Q0ND/0NDQ/9CQkL/QkJC/0JCQv9CQkL/QkJC/0JCQv9CQkL/QkJC/0FBQf9BQUH/QUFB/0FBQf9BQUH/QUFB/0JCQv9CQkL/QkJC/0JCQv9DQ0P/QkJC/0JCQv9CQkL/Q0ND/0NDQ/9DQ0P/Q0ND/0JCQv9CQkL/Q0ND/0NDQ/9CQkL/QkJC/0JCQv9CQkL/QUFB/0FBQf9BQUH/QkJC/0JCQv9CQkL/QkJC/0JCQv9CQkL/Q0ND/0NDQ/9ERET/RERE/0NDQ/9DQ0P/Q0ND/0NDQ/9ERET/RUVF/0ZGRv9HR0f/RkZG/0ZGRv9GRkb/R0dH/0dHR/9HR0f/RkZG/0RERP9ERET/Q0ND/0NDQ/9DQ0P/RERE/0RERP9ERET/RUVF/0VFRf9ERET/RERE/0NDQ/9DQ0P/Q0ND/0RERP9ERET/RUVF/0RERP9ERET/Q0ND/0NDQ/9DQ0P/Q0ND/0NDQ/9ERET/RERE/0RERP9ERET/Q0ND/0NDQ/9CQkL/QUFB/0JCQv9FRUX/RUVF/0VFRf9FRUX/RUVF/0VFRf9ERET/RERE/0RERP9FRUX/RUVF/0VFRf9GRkb/R0dH/0ZGRv9GRkb/RkZG/0VFRf9FRUX/Q0ND/0NDQ/9DQ0P/Q0ND/0JCQv9CQkL/QkJC/0JCQv9CQkL/QkJC/0JCQv9CQkL/QUFB/0BAQP9BQUH/Q0ND/0NDQ/9ERET/Q0ND/0JCQv9CQkL/QUFB/0FBQf9BQUH/QUFB/0NDQ/9ERET/Q0ND/0NDQ/9DQ0P/Q0ND/0VFRf9ISEj/R0dH/0dHR/9GRkb/RUVF/0RERP9DQ0P/Q0ND/0RERP9ERET/RERE/0RERP9DQ0P/Q0ND/0JCQv9CQkL/QkJC/0JCQv9BQUH/QUFB/0FBQf9BQUH/QkJC/0NDQ/9DQ0P/RERE/0RERP9ERET/RERE/0VFRf9FRUX/RERE/0NDQ/9BQUH/QEBA/0BAQP9AQED/QEBA/0FBQf9BQUH/QUFB/0FBQf9AQED/QEBA/0BAQP9AQED/QUFB/0JCQv9BQUH/QUFB/0BAQP9AQED/QEBA/0FBQf8/Pz//NTU1/zU1Nf82Njb/NjY2/zU1Nf81NTX/NDQ0/zU1Nf81NTX/NTU1/zY2Nv83Nzf/ODg4/zg4OP83Nzf/NjY2/zU1Nf81NTX/NTU1/zU1Nf81NTX/NjY2/zY2Nv81NTX/NTU1/zU1Nf82Njb/NjY2/zY2Nv81NTX/NjY2/zc3N/83Nzf/NjY2/zY2Nv82Njb/NjY2/zY2Nv82Njb/NjY2/zU1Nf82Njb/NjY2/zY2Nv81NTX/NTU1/zY2Nv82Njb/Nzc3/zc3N/82Njb/NTU1/zU1Nf81NTX/NjY2/zg4OP84ODj/ODg4/zk5Of85OTn/Ojo6/zo6Ov86Ojr/Ojo6/zo6Ov85OTn/OTk5/zg4OP83Nzf/Nzc3/zc3N/84ODj/ODg4/zk5Of86Ojr/OTk5/zg4OP83Nzf/Nzc3/zg4OP85OTn/OTk5/zg4OP83Nzf/NjY2/zc3N/84ODj/ODg4/zg4OP84ODj/OTk5/zo6Ov86Ojr/Ojo6/zo6Ov86Ojr/Ojo6/zo6Ov86Ojr/Ozs7/zo6Ov86Ojr/Ojo6/zk5Of86Ojr/Ojo6/zo6Ov86Ojr/Ojo6/zk5Of85OTn/OTk5/zk5Of87Ozv/PDw8/zw8PP88PDz/Ozs7/zs7O/87Ozv/Ozs7/zs7O/86Ojr/Ojo6/zo6Ov86Ojr/OTk5/zk5Of86Ojr/Ojo6/zo6Ov86Ojr/Ozs7/zw8PP88PDz/PT09/z09Pf88PDz/Ozs7/zo6Ov86Ojr/Ozs7/zw8PP89PT3/Pj4+/z09Pf88PDz/PDw8/zs7O/87Ozv/Ozs7/zw8PP88PDz/PDw8/zw8PP88PDz/PDw8/zw8PP88PDz/PDw8/zw8PP89PT3/Pj4+/z4+Pv8+Pj7/PT09/z09Pf89PT3/PDw8/zw8PP87Ozv/Ozs7/zs7O/87Ozv/Ozs7/zw8PP88PDz/PDw8/zw8PP89PT3/Pj4+/z8/P/8/Pz//QEBA/0BAQP8/Pz//Pj4+/z4+Pv8+Pj7/PT09/z09Pf8+Pj7/Pz8//0BAQP9BQUH/QUFB/z8/P/8+Pj7/PT09/z09Pf8+Pj7/Pj4+/z4+Pv8+Pj7/Pj4+/z09Pf89PT3/PT09/z09Pf88PDz/PDw8/zw8PP88PDz/PT09/z4+Pv8+Pj7/Pj4+/z8/P/8/Pz//Pj4+/z4+Pv89PT3/PT09/z09Pf89PT3/Pj4+/z4+Pv8+Pj7/Pj4+/z4+Pv8+Pj7/Pj4+/z4+Pv8/Pz//QEBA/0BAQP9BQUH/QUFB/0JCQv9CQkL/QUFB/0BAQP8/Pz//Pz8//z8/P/8/Pz//QEBA/0FBQf9AQED/Pz8//z4+Pv89PT3/PT09/z09Pf89PT3/Pj4+/z4+Pv8+Pj7/Pj4+/z4+Pv8+Pj7/Pj4+/z4+Pv9AQED/QkJC/0BAQP8+Pj7/Pj4+/z4+Pv8/Pz//QEBA/0BAQP8/Pz//Pj4+/z4+Pv8+Pj7/QEBA/0BAQP9BQUH/QUFB/0BAQP8+Pj7/Pz8//z8/P/8/Pz//Pz8//z8/P/8/Pz//QEBA/0FBQf9BQUH/QUFB/0FBQf9AQED/Pz8//z8/P/8+Pj7/Pz8//z8/P/8+Pj7/Pj4+/z09Pf89PT3/Pj4+/0BAQP9AQED/QEBA/0BAQP8/Pz//Pz8//0BAQP9AQED/QEBA/0BAQP8/Pz//Pz8//z8/P/8+Pj7/Pz8//z8/P/8/Pz//Pz8//z8/P/8/Pz//Pz8//0BAQP8/Pz//Pj4+/z8/P/8/Pz//Pz8//z8/P/8/Pz//QEBA/0BAQP9AQED/QUFB/0FBQf8tLS3/LS0t/y4uLv8uLi7/Li4u/y4uLv8uLi7/LS0t/yoqKv8qKir/Kysr/ysrK/8sLCz/LCws/y0tLf8uLi7/Li4u/y0tLf8rKyv/KCgo/ycnJ/8mJib/JCQk/yEhIf8gICD/Hh4e/x4eHv8eHh7/Hx8f/yAgIP8gICD/Hx8f/x4eHv8bGxv/GRkZ/xgYGP8YGBj/FxcX/xYWFv8VFRX/FRUV/xUVFf8UFBT/FBQU/xQUFP8TExP/ExMT/xISEv8RERH/ERER/xAQEP8QEBD/ERER/xISEv8VFRX/GBgY/xwcHP8fHx//ICAg/yAgIP8gICD/ICAg/yIiIv8jIyP/JCQk/yMjI/8kJCT/JSUl/yUlJf8lJSX/JCQk/yQkJP8jIyP/JCQk/yQkJP8kJCT/IyMj/yIiIv8hISH/Hx8f/xsbG/8ZGRn/FxcX/xYWFv8UFBT/FBQU/xQUFP8VFRX/FhYW/xcXF/8YGBj/GRkZ/xoaGv8bGxv/HBwc/x0dHf8eHh7/Hx8f/yMjI/8qKir/LCws/y8vL/8vLy//MDAw/y8vL/8tLS3/LS0t/y4uLv8vLy//MDAw/zAwMP8tLS3/Kysr/ysrK/8qKir/LCws/y8vL/8wMDD/MTEx/zAwMP8tLS3/LS0t/y0tLf8sLCz/Kysr/ysrK/8pKSn/KSkp/ykpKf8pKSn/Jycn/yUlJf8kJCT/JCQk/yUlJf8nJyf/JiYm/yUlJf8kJCT/JCQk/yMjI/8iIiL/ICAg/xwcHP8aGhr/GRkZ/xgYGP8XFxf/FxcX/xYWFv8WFhb/FhYW/xUVFf8WFhb/FxcX/xoaGv8dHR3/IiIi/ykpKf8uLi7/NjY2/zk5Of89PT3/Pj4+/z4+Pv8+Pj7/Pz8//z8/P/9AQED/QkJC/0FBQf8/Pz//Pj4+/z09Pf88PDz/Ozs7/zg4OP8zMzP/MTEx/y4uLv8uLi7/MDAw/zU1Nf9BQUH/SEhI/01NTf9QUFD/Tk5O/01NTf9ISEj/QkJC/0BAQP89PT3/PDw8/zo6Ov86Ojr/PDw8/z09Pf9AQED/QEBA/z4+Pv88PDz/Nzc3/zMzM/8yMjL/MDAw/zExMf8yMjL/MjIy/zMzM/8zMzP/MzMz/zQ0NP81NTX/OTk5/z8/P/9ERET/TU1N/1FRUf9TU1P/UVFR/0lJSf9DQ0P/Pj4+/zk5Of84ODj/NjY2/zQ0NP8yMjL/MTEx/y8vL/8vLy//Li4u/y8vL/8wMDD/MDAw/zAwMP8wMDD/MDAw/zExMf8xMTH/MjIy/zMzM/80NDT/NjY2/zk5Of9BQUH/S0tL/01NTf9RUVH/T09P/0tLS/9FRUX/Ojo6/zY2Nv8zMzP/MTEx/zAwMP8vLy//MDAw/zAwMP8wMDD/MTEx/zAwMP8wMDD/Ly8v/y8vL/8vLy//MDAw/zExMf8zMzP/MjIy/zAwMP8wMDD/MTEx/zExMf8xMTH/MjIy/zIyMv8yMjL/MTEx/zAwMP8wMDD/MDAw/zAwMP8wMDD/MDAw/zAwMP8xMTH/MjIy/zIyMv8zMzP/MzMz/zMzM/8zMzP/MzMz/zQ0NP80NDT/NDQ0/zMzM/8yMjL/MjIy/zIyMv8yMjL/MTEx/zIyMv8zMzP/MzMz/zMzM/8zMzP/MzMz/zMzM/8zMzP/MzMz/zMzM/8zMzP/MzMz/zQ0NP80NDT/NDQ0/zQ0NP80NDT/NDQ0/zQ0NP8zMzP/MzMz/zMzM/8zMzP/MzMz/zIyMv8zMzP/NTU1/zU1Nf81NTX/NTU1/zU1Nf81NTX/NTU1/zw8PP88PDz/Ozs7/z4+Pv9BQUH/QEBA/z4+Pv88PDz/ODg4/zQ0NP8sLCz/Jycn/x8fH/8cHBz/Gxsb/x4eHv8tLS3/OTk5/0NDQ/9PT0//UlJS/1VVVf9SUlL/Tk5O/0tLS/9HR0f/RUVF/0JCQv9HR0f/UlJS/1ZWVv9XV1f/V1dX/1RUVP9SUlL/TU1N/0pKSv9KSkr/S0tL/0tLS/9LS0v/SUlJ/0dHR/9DQ0P/PDw8/zIyMv8gICD/HBwc/xkZGf8aGhr/Hh4e/yMjI/8sLCz/MjIy/zU1Nf83Nzf/ODg4/zk5Of85OTn/Ojo6/zo6Ov86Ojr/Ojo6/zk5Of86Ojr/PDw8/zw8PP87Ozv/Ozs7/zs7O/87Ozv/PT09/z4+Pv89PT3/PT09/zw8PP88PDz/PDw8/zs7O/87Ozv/Ojo6/zo6Ov85OTn/OTk5/zg4OP84ODj/ODg4/zg4OP84ODj/ODg4/zg4OP84ODj/NjY2/zQ0NP8yMjL/Ly8v/ygoKP8fHx//HBwc/xgYGP8dHR3/Jycn/zIyMv9GRkb/T09P/1hYWP9bW1v/WVlZ/1dXV/9UVFT/UVFR/1BQUP9PT0//TExM/0lJSf9ISEj/R0dH/0lJSf9LS0v/TU1N/09PT/9OTk7/TExM/0pKSv9HR0f/RUVF/0RERP9DQ0P/QUFB/z8/P/89PT3/Ozs7/zk5Of84ODj/NDQ0/zAwMP8qKir/ICAg/xwcHP8XFxf/FhYW/xQUFP8UFBT/ExMT/xMTE/8TExP/ExMT/xMTE/8TExP/FBQU/xQUFP8YGBj/HR0d/ysrK/88PDz/Ozs7/zg4OP8vLy//Hh4e/xkZGf8VFRX/FBQU/xUVFf8WFhb/Ghoa/xwcHP8cHBz/HR0d/x4eHv8gICD/Hx8f/x4eHv8eHh7/Hh4e/x4eHv8eHh7/HR0d/x0dHf8bGxv/GBgY/xYWFv8VFRX/FBQU/xMTE/8TExP/FBQU/xUVFf8cHBz/JCQk/ywsLP80NDT/Kioq/x0dHf8aGhr/FhYW/xcXF/8YGBj/GBgY/xYWFv8WFhb/FxcX/xcXF/8YGBj/GBgY/xgYGP8YGBj/GBgY/xgYGP8YGBj/FxcX/xcXF/8WFhb/FhYW/xYWFv8VFRX/FRUV/xQUFP8TExP/ExMT/xUVFf8YGBj/IiIi/ykpKf8yMjL/ODg4/ysrK/8eHh7/Ghoa/xQUFP8VFRX/FRUV/xYWFv8WFhb/FhYW/xUVFf8WFhb/GBgY/xwcHP8mJib/Kioq/ykpKf8oKCj/JiYm/yQkJP8fHx//GRkZ/xcXF/8TExP/ExMT/xMTE/8TExP/ExMT/xMTE/8UFBT/FxcX/xwcHP8gICD/KCgo/ykpKf8eHh7/GBgY/xQUFP8RERH/EhIS/xQUFP8WFhb/GBgY/xkZGf8aGhr/Hx8f/ykpKf8vLy//Ozs7/zw8PP84ODj/MzMz/yYmJv8gICD/HR0d/xoaGv8ZGRn/FxcX/xQUFP8RERH/ERER/xEREf8RERH/EhIS/xYWFv8cHBz/ICAg/yYmJv8jIyP/GRkZ/xUVFf8TExP/ERER/xEREf8QEBD/ERER/xISEv8UFBT/FRUV/xsbG/8iIiL/JiYm/ysrK/8oKCj/ISEh/x0dHf8YGBj/FhYW/xQUFP8TExP/ExMT/xMTE/8TExP/FBQU/xQUFP8VFRX/FhYW/xkZGf8gICD/Kioq/ywsLP8uLi7/KCgo/xsbG/8YGBj/ExMT/xISEv8SEhL/EhIS/xISEv8TExP/FRUV/xcXF/8XFxf/Q0ND/0JCQv9BQUH/QUFB/0JCQv9BQUH/Pj4+/z4+Pv8+Pj7/Pz8//0BAQP9AQED/QEBA/0BAQP8/Pz//Pj4+/z8/P/9AQED/QkJC/0NDQ/9CQkL/QUFB/0FBQf9AQED/QEBA/0BAQP9AQED/QUFB/0FBQf9BQUH/QUFB/0JCQv9CQkL/Q0ND/0NDQ/9DQ0P/Q0ND/0JCQv9BQUH/QUFB/0BAQP9AQED/QEBA/0FBQf9CQkL/QkJC/0JCQv9BQUH/Pz8//0BAQP9BQUH/QkJC/0FBQf9BQUH/QEBA/0BAQP9BQUH/QkJC/0NDQ/9ERET/Q0ND/0FBQf9BQUH/QkJC/0FBQf9AQED/QEBA/0JCQv9CQkL/QkJC/0JCQv9BQUH/QUFB/0JCQv9CQkL/QkJC/0JCQv9CQkL/QUFB/0FBQf9AQED/QUFB/0JCQv9DQ0P/RERE/0RERP9ERET/RERE/0NDQ/9DQ0P/QkJC/0FBQf9BQUH/QUFB/0JCQv9CQkL/QkJC/0JCQv9CQkL/QkJC/0JCQv9CQkL/QkJC/0FBQf9BQUH/QkJC/0JCQv9CQkL/QkJC/0FBQf9AQED/QUFB/0JCQv9BQUH/QEBA/0FBQf9DQ0P/QkJC/0FBQf9BQUH/QkJC/0NDQ/9ERET/RERE/0VFRf9FRUX/RUVF/0VFRf9ERET/Q0ND/0NDQ/9CQkL/Q0ND/0NDQ/9DQ0P/QkJC/0JCQv9CQkL/QkJC/0FBQf9BQUH/QUFB/0FBQf9AQED/QEBA/z8/P/8/Pz//QEBA/0BAQP9BQUH/QUFB/0FBQf9BQUH/QkJC/0NDQ/9CQkL/QUFB/0JCQv9ERET/RERE/0NDQ/9DQ0P/QkJC/0JCQv9CQkL/QkJC/0JCQv9CQkL/Q0ND/0RERP9DQ0P/QUFB/0FBQf9CQkL/QkJC/0JCQv9CQkL/QkJC/0NDQ/9ERET/RUVF/0VFRf9FRUX/RERE/0RERP9ERET/RERE/0RERP9FRUX/RUVF/0ZGRv9GRkb/RkZG/0dHR/9ISEj/SEhI/0hISP9HR0f/RUVF/0RERP9CQkL/QkJC/0NDQ/9DQ0P/RERE/0RERP9ERET/RERE/0RERP9ERET/RERE/0RERP9ERET/RUVF/0VFRf9GRkb/RkZG/0VFRf9ERET/Q0ND/0NDQ/9DQ0P/Q0ND/0RERP9FRUX/RUVF/0VFRf9ERET/RERE/0NDQ/9BQUH/Q0ND/0ZGRv9GRkb/R0dH/0ZGRv9FRUX/RERE/0NDQ/9CQkL/RERE/0VFRf9FRUX/RUVF/0ZGRv9ISEj/R0dH/0ZGRv9FRUX/RERE/0RERP9DQ0P/Q0ND/0RERP9ERET/QkJC/0JCQv9DQ0P/RERE/0NDQ/9CQkL/Q0ND/0NDQ/9CQkL/QEBA/0FBQf9DQ0P/RERE/0VFRf9ERET/QkJC/0JCQv9CQkL/QkJC/0JCQv9DQ0P/RUVF/0VFRf9GRkb/RkZG/0ZGRv9GRkb/SEhI/0pKSv9JSUn/SEhI/0dHR/9FRUX/RUVF/0RERP9ERET/RERE/0RERP9DQ0P/Q0ND/0JCQv9CQkL/Q0ND/0NDQ/9DQ0P/Q0ND/0NDQ/9DQ0P/Q0ND/0NDQ/9DQ0P/RERE/0RERP9FRUX/RUVF/0RERP9ERET/RUVF/0ZGRv9ERET/Q0ND/0FBQf8/Pz//Pz8//z4+Pv8/Pz//QEBA/0BAQP9BQUH/QEBA/z8/P/8/Pz//Pz8//0BAQP9BQUH/QUFB/0JCQv9CQkL/QEBA/z8/P/8/Pz//Pj4+/z09Pf81NTX/NTU1/zY2Nv82Njb/NTU1/zU1Nf80NDT/NDQ0/zU1Nf81NTX/Nzc3/zc3N/84ODj/ODg4/zc3N/83Nzf/NjY2/zY2Nv82Njb/NjY2/zY2Nv82Njb/NjY2/zU1Nf81NTX/NTU1/zU1Nf82Njb/NjY2/zU1Nf81NTX/NjY2/zc3N/82Njb/NjY2/zc3N/83Nzf/NjY2/zY2Nv82Njb/NTU1/zU1Nf82Njb/NTU1/zQ0NP81NTX/NjY2/zY2Nv83Nzf/Nzc3/zY2Nv82Njb/NTU1/zU1Nf83Nzf/ODg4/zg4OP85OTn/OTk5/zk5Of85OTn/Ojo6/zo6Ov87Ozv/Ozs7/zo6Ov85OTn/ODg4/zg4OP83Nzf/Nzc3/zg4OP84ODj/OTk5/zo6Ov84ODj/Nzc3/zc3N/82Njb/Nzc3/zk5Of84ODj/Nzc3/zY2Nv81NTX/NjY2/zc3N/84ODj/Nzc3/zg4OP86Ojr/Ozs7/zo6Ov86Ojr/Ojo6/zo6Ov86Ojr/Ojo6/zo6Ov87Ozv/Ozs7/zo6Ov86Ojr/OTk5/zk5Of86Ojr/Ojo6/zo6Ov86Ojr/OTk5/zk5Of85OTn/OTk5/zo6Ov88PDz/PDw8/zw8PP88PDz/Ozs7/zs7O/87Ozv/Ozs7/zo6Ov86Ojr/OTk5/zk5Of85OTn/OTk5/zo6Ov86Ojr/Ozs7/zs7O/87Ozv/PDw8/zw8PP88PDz/PDw8/zs7O/87Ozv/Ojo6/zs7O/88PDz/PT09/z4+Pv8/Pz//PT09/z09Pf88PDz/Ozs7/zs7O/87Ozv/Ozs7/zw8PP88PDz/Ozs7/zs7O/87Ozv/Ozs7/zs7O/87Ozv/Ozs7/zw8PP89PT3/Pj4+/z09Pf89PT3/PDw8/zw8PP87Ozv/Ozs7/zs7O/86Ojr/Ojo6/zo6Ov87Ozv/PDw8/zw8PP89PT3/PT09/z4+Pv8+Pj7/Pz8//0BAQP9BQUH/QUFB/z8/P/89PT3/PT09/z4+Pv89PT3/PDw8/z09Pf8/Pz//QEBA/0JCQv9BQUH/Pj4+/z09Pf88PDz/PT09/z4+Pv8+Pj7/Pj4+/z4+Pv89PT3/PT09/z09Pf89PT3/PT09/zw8PP88PDz/PDw8/z09Pf8+Pj7/Pj4+/z09Pf89PT3/Pj4+/z4+Pv8+Pj7/Pj4+/z09Pf88PDz/PT09/z09Pf8+Pj7/Pz8//z8/P/8+Pj7/Pj4+/z4+Pv8+Pj7/Pz8//z8/P/9BQUH/QUFB/0FBQf9BQUH/Q0ND/0NDQ/9BQUH/QEBA/z8/P/8/Pz//Pz8//z8/P/9AQED/QUFB/0BAQP8/Pz//Pj4+/zw8PP88PDz/PDw8/zw8PP89PT3/PT09/z4+Pv8+Pj7/PT09/z09Pf89PT3/PT09/z8/P/9CQkL/QEBA/z4+Pv8+Pj7/Pj4+/z8/P/9BQUH/QEBA/z4+Pv8+Pj7/PT09/z4+Pv8/Pz//QEBA/0FBQf9BQUH/Pz8//z09Pf8+Pj7/Pz8//z8/P/8/Pz//Pz8//z8/P/9AQED/QUFB/0FBQf9CQkL/QUFB/0BAQP9AQED/Pz8//z4+Pv8+Pj7/Pj4+/z4+Pv8+Pj7/Pj4+/z4+Pv8/Pz//QEBA/0BAQP9AQED/QEBA/z8/P/8/Pz//QEBA/0BAQP9AQED/QEBA/z8/P/8/Pz//Pj4+/z4+Pv8+Pj7/Pj4+/z4+Pv8+Pj7/Pj4+/z8/P/8/Pz//QEBA/z8/P/8+Pj7/Pj4+/z8/P/8/Pz//QEBA/0BAQP9AQED/QEBA/0BAQP9AQED/QkJC/y4uLv8uLi7/Li4u/y4uLv8uLi7/Ly8v/zAwMP8vLy//LCws/ysrK/8sLCz/LS0t/y4uLv8uLi7/Li4u/y4uLv8tLS3/Kysr/ykpKf8mJib/JSUl/yMjI/8iIiL/ICAg/yAgIP8fHx//Hx8f/x8fH/8fHx//Hx8f/x8fH/8fHx//Hh4e/xwcHP8aGhr/GRkZ/xgYGP8XFxf/FhYW/xYWFv8VFRX/FRUV/xQUFP8UFBT/FBQU/xQUFP8TExP/ExMT/xEREf8RERH/EBAQ/xAQEP8QEBD/ERER/xQUFP8WFhb/Ghoa/x8fH/8fHx//ICAg/yAgIP8gICD/ISEh/yQkJP8kJCT/IyMj/yQkJP8lJSX/JiYm/yUlJf8lJSX/JCQk/yMjI/8kJCT/JCQk/yIiIv8hISH/Hx8f/x4eHv8bGxv/GBgY/xcXF/8VFRX/FBQU/xMTE/8UFBT/FRUV/xUVFf8XFxf/FxcX/xkZGf8aGhr/HBwc/x0dHf8eHh7/Hx8f/yEhIf8iIiL/KCgo/zAwMP8yMjL/MzMz/zMzM/8yMjL/MTEx/y4uLv8uLi7/MTEx/zIyMv8zMzP/MzMz/y4uLv8qKir/Kysr/ysrK/8uLi7/MTEx/zExMf8xMTH/MDAw/y4uLv8tLS3/LS0t/ywsLP8rKyv/Kioq/ygoKP8oKCj/Kioq/ysrK/8oKCj/JSUl/yUlJf8kJCT/JiYm/ykpKf8pKSn/KCgo/ygoKP8oKCj/Jycn/yYmJv8kJCT/Hh4e/xwcHP8aGhr/GRkZ/xkZGf8YGBj/FxcX/xYWFv8WFhb/FRUV/xUVFf8VFRX/FxcX/xsbG/8fHx//JiYm/yoqKv8zMzP/Nzc3/z09Pf8+Pj7/PT09/z09Pf8+Pj7/Pz8//0FBQf9DQ0P/QkJC/0BAQP8/Pz//Pj4+/z09Pf87Ozv/OTk5/zQ0NP8yMjL/Li4u/y4uLv8wMDD/NDQ0/0BAQP9HR0f/TExM/1BQUP9QUFD/UFBQ/01NTf9JSUn/R0dH/0RERP9CQkL/Pz8//z8/P/9BQUH/QkJC/0NDQ/9DQ0P/QEBA/z09Pf83Nzf/MzMz/zExMf8vLy//MTEx/zIyMv8zMzP/MzMz/zQ0NP81NTX/NjY2/zk5Of89PT3/RERE/0lJSf9QUFD/U1NT/1VVVf9UVFT/TU1N/0lJSf9ERET/QEBA/zw8PP85OTn/Nzc3/zQ0NP8xMTH/Li4u/y4uLv8uLi7/Ly8v/zAwMP8wMDD/MDAw/zAwMP8xMTH/MjIy/zMzM/80NDT/NTU1/zY2Nv84ODj/Ojo6/0FBQf9KSkr/TExM/1BQUP9PT0//Tk5O/0hISP89PT3/OTk5/zQ0NP8zMzP/MTEx/zAwMP8wMDD/MDAw/zAwMP8wMDD/MDAw/y8vL/8vLy//Li4u/y8vL/8wMDD/MTEx/zMzM/8yMjL/MDAw/zAwMP8xMTH/MTEx/zIyMv8yMjL/MzMz/zMzM/8xMTH/Ly8v/zAwMP8wMDD/MDAw/zAwMP8wMDD/MDAw/zExMf8yMjL/MzMz/zQ0NP80NDT/MzMz/zMzM/80NDT/NDQ0/zU1Nf81NTX/NDQ0/zMzM/8yMjL/MjIy/zIyMv8xMTH/MjIy/zMzM/8zMzP/MzMz/zMzM/8zMzP/MzMz/zMzM/8zMzP/MzMz/zMzM/80NDT/NDQ0/zQ0NP80NDT/NDQ0/zU1Nf80NDT/NDQ0/zQ0NP80NDT/NDQ0/zMzM/8zMzP/MjIy/zMzM/82Njb/Nzc3/zY2Nv81NTX/NTU1/zU1Nf81NTX/QUFB/z8/P/89PT3/PT09/z4+Pv8+Pj7/Pz8//z09Pf85OTn/NTU1/y0tLf8oKCj/ICAg/xwcHP8aGhr/Gxsb/yYmJv8wMDD/Ozs7/0dHR/9NTU3/VVVV/1FRUf9MTEz/SEhI/0JCQv8/Pz//PT09/z8/P/9FRUX/SEhI/0pKSv9LS0v/SkpK/0lJSf9JSUn/SUlJ/0dHR/9FRUX/RUVF/0RERP9DQ0P/QUFB/zw8PP80NDT/LCws/x4eHv8aGhr/GRkZ/xoaGv8eHh7/IyMj/y0tLf8zMzP/NTU1/zc3N/85OTn/Ojo6/zo6Ov86Ojr/Ojo6/zo6Ov86Ojr/OTk5/zo6Ov87Ozv/Ozs7/zw8PP88PDz/PDw8/zw8PP87Ozv/Ozs7/zs7O/87Ozv/Ozs7/zs7O/87Ozv/PDw8/zw8PP88PDz/PDw8/zw8PP87Ozv/Ojo6/zo6Ov85OTn/ODg4/zg4OP84ODj/ODg4/zc3N/82Njb/NTU1/zIyMv8vLy//Jycn/x4eHv8cHBz/GBgY/x0dHf8lJSX/Ly8v/0JCQv9ISEj/Tk5O/09PT/9MTEz/S0tL/0tLS/9LS0v/SEhI/0VFRf9ERET/RERE/0RERP9DQ0P/RERE/0VFRf9GRkb/SEhI/0dHR/9FRUX/Q0ND/z8/P/89PT3/PDw8/zs7O/84ODj/NjY2/zU1Nf81NTX/NjY2/zc3N/87Ozv/QEBA/zY2Nv8oKCj/IiIi/xoaGv8YGBj/FRUV/xQUFP8UFBT/FBQU/xQUFP8UFBT/ExMT/xMTE/8UFBT/FRUV/xkZGf8eHh7/Kysr/z09Pf89PT3/Ozs7/zExMf8eHh7/Ghoa/xYWFv8WFhb/Ghoa/xwcHP8gICD/ISEh/x4eHv8bGxv/Gxsb/xsbG/8aGhr/Ghoa/xoaGv8ZGRn/GRkZ/xkZGf8ZGRn/GBgY/xgYGP8WFhb/FhYW/xUVFf8VFRX/FBQU/xQUFP8VFRX/FhYW/x8fH/8oKCj/MTEx/zw8PP81NTX/LCws/ycnJ/8iIiL/ISEh/yEhIf8gICD/HBwc/xwcHP8cHBz/HR0d/x0dHf8dHR3/Hh4e/x8fH/8gICD/IiIi/yAgIP8fHx//Hh4e/x0dHf8dHR3/Hh4e/x4eHv8fHx//Hx8f/x4eHv8eHh7/ICAg/yIiIv8pKSn/Ly8v/zY2Nv87Ozv/Ly8v/yMjI/8fHx//Ghoa/xoaGv8aGhr/Gxsb/xsbG/8bGxv/Ghoa/xsbG/8bGxv/HR0d/yIiIv8kJCT/JSUl/yUlJf8mJib/JiYm/yIiIv8eHh7/HBwc/xgYGP8ZGRn/Ghoa/xsbG/8dHR3/HR0d/x0dHf8fHx//JSUl/ykpKf8tLS3/LCws/yAgIP8ZGRn/FRUV/xISEv8SEhL/ExMT/xQUFP8WFhb/FhYW/xgYGP8cHBz/JCQk/ygoKP8vLy//Ly8v/ysrK/8oKCj/Hx8f/xsbG/8YGBj/FxcX/xUVFf8UFBT/ExMT/xEREf8RERH/ERER/xISEv8TExP/FxcX/yAgIP8lJSX/Li4u/ywsLP8iIiL/Hh4e/xoaGv8ZGRn/FxcX/xcXF/8XFxf/FxcX/xgYGP8ZGRn/HBwc/x8fH/8jIyP/KSkp/ycnJ/8kJCT/ISEh/xsbG/8aGhr/Ghoa/xsbG/8cHBz/HR0d/xwcHP8cHBz/HR0d/x8fH/8gICD/IiIi/ygoKP8wMDD/MjIy/zU1Nf8vLy//JCQk/x8fH/8aGhr/GBgY/xgYGP8YGBj/Ghoa/xwcHP8gICD/IyMj/yMjI/9CQkL/QkJC/0JCQv9CQkL/Q0ND/0JCQv9CQkL/QEBA/z4+Pv8+Pj7/Pz8//0BAQP9AQED/QEBA/0BAQP9AQED/QEBA/0FBQf9CQkL/Q0ND/0JCQv9AQED/QUFB/0FBQf9BQUH/QUFB/0FBQf9CQkL/QUFB/0FBQf9BQUH/QUFB/0JCQv9CQkL/QkJC/0JCQv9CQkL/QkJC/0JCQv9BQUH/QUFB/0BAQP8/Pz//QUFB/0JCQv9CQkL/QkJC/0FBQf8/Pz//Pz8//0FBQf9BQUH/QkJC/0JCQv9CQkL/QkJC/0JCQv9CQkL/QkJC/0JCQv9CQkL/Q0ND/0NDQ/9CQkL/QUFB/0BAQP9AQED/QUFB/0JCQv9CQkL/QkJC/0JCQv9CQkL/QUFB/0FBQf9BQUH/QUFB/0JCQv9CQkL/QkJC/0FBQf9BQUH/QUFB/0FBQf9CQkL/QkJC/0JCQv9CQkL/Q0ND/0NDQ/9ERET/RERE/0NDQ/9DQ0P/QkJC/0JCQv9CQkL/Q0ND/0NDQ/9DQ0P/Q0ND/0NDQ/9DQ0P/Q0ND/0NDQ/9DQ0P/Q0ND/0NDQ/9CQkL/QkJC/0JCQv9DQ0P/RERE/0NDQ/9CQkL/Q0ND/0NDQ/9DQ0P/Q0ND/0NDQ/9CQkL/QkJC/0JCQv9CQkL/Q0ND/0NDQ/9FRUX/RkZG/0VFRf9FRUX/RERE/0RERP9FRUX/RkZG/0VFRf9ERET/RERE/0NDQ/9DQ0P/Q0ND/0NDQ/9CQkL/QkJC/0FBQf9BQUH/QEBA/0BAQP9AQED/QUFB/0JCQv9DQ0P/Q0ND/0NDQ/9DQ0P/Q0ND/0JCQv9BQUH/QkJC/0NDQ/9DQ0P/Q0ND/0RERP9ERET/RERE/0RERP9ERET/Q0ND/0NDQ/9CQkL/QkJC/0FBQf9BQUH/QUFB/0FBQf9CQkL/QkJC/0JCQv9CQkL/QkJC/0RERP9ERET/RERE/0NDQ/9CQkL/QUFB/0JCQv9DQ0P/QkJC/0JCQv9CQkL/QkJC/0JCQv9CQkL/Q0ND/0VFRf9FRUX/RkZG/0ZGRv9FRUX/RERE/0NDQ/9DQ0P/Q0ND/0NDQ/9DQ0P/Q0ND/0NDQ/9DQ0P/Q0ND/0NDQ/9DQ0P/Q0ND/0RERP9ERET/RERE/0NDQ/9DQ0P/QkJC/0JCQv9DQ0P/Q0ND/0RERP9FRUX/RERE/0RERP9ERET/Q0ND/0RERP9ERET/RERE/0NDQ/9ERET/RUVF/0VFRf9FRUX/RUVF/0VFRf9ERET/RERE/0RERP9ERET/RERE/0NDQ/9DQ0P/RERE/0VFRf9FRUX/RUVF/0VFRf9FRUX/RUVF/0VFRf9FRUX/RUVF/0VFRf9DQ0P/Q0ND/0NDQ/9DQ0P/QkJC/0JCQv9CQkL/QkJC/0JCQv9BQUH/QUFB/0JCQv9CQkL/Q0ND/0JCQv9AQED/QEBA/0FBQf9BQUH/Q0ND/0VFRf9KSkr/TU1N/1FRUf9UVFT/VVVV/1ZWVv9UVFT/UVFR/05OTv9KSkr/SEhI/0VFRf9ERET/Q0ND/0NDQ/9DQ0P/Q0ND/0NDQ/9DQ0P/QkJC/0JCQv9DQ0P/RUVF/0hISP9LS0v/Tk5O/1FRUf9RUVH/UlJS/1JSUv9TU1P/U1NT/1NTU/9TU1P/UlJS/1NTU/9UVFT/VVVV/1VVVf9TU1P/TExM/0hISP9ERET/QEBA/0BAQP9BQUH/QUFB/0FBQf9BQUH/QEBA/0BAQP9BQUH/QkJC/0RERP9FRUX/R0dH/0dHR/9FRUX/Q0ND/0JCQv9AQED/QUFB/zQ0NP81NTX/NTU1/zU1Nf81NTX/NTU1/zQ0NP80NDT/NDQ0/zQ0NP81NTX/NjY2/zY2Nv83Nzf/NjY2/zY2Nv81NTX/NDQ0/zU1Nf82Njb/NjY2/zc3N/82Njb/NTU1/zU1Nf80NDT/NDQ0/zU1Nf82Njb/NjY2/zY2Nv81NTX/NTU1/zU1Nf81NTX/NjY2/zc3N/82Njb/NjY2/zY2Nv82Njb/NjY2/zY2Nv81NTX/NDQ0/zU1Nf82Njb/NjY2/zY2Nv82Njb/NjY2/zY2Nv82Njb/NjY2/zc3N/84ODj/ODg4/zg4OP84ODj/ODg4/zg4OP84ODj/ODg4/zg4OP84ODj/ODg4/zc3N/83Nzf/Nzc3/zc3N/83Nzf/ODg4/zk5Of85OTn/OTk5/zg4OP84ODj/ODg4/zg4OP84ODj/ODg4/zg4OP84ODj/Nzc3/zY2Nv82Njb/NjY2/zY2Nv83Nzf/ODg4/zk5Of86Ojr/OTk5/zg4OP84ODj/ODg4/zg4OP85OTn/OTk5/zk5Of85OTn/ODg4/zg4OP84ODj/ODg4/zk5Of85OTn/Ojo6/zo6Ov87Ozv/Ozs7/zo6Ov86Ojr/Ojo6/zs7O/87Ozv/Ozs7/zs7O/88PDz/Ozs7/zo6Ov86Ojr/OTk5/zk5Of86Ojr/Ojo6/zo6Ov86Ojr/Ojo6/zs7O/87Ozv/Ozs7/zs7O/87Ozv/Ozs7/zs7O/87Ozv/Ozs7/zs7O/87Ozv/Ozs7/zs7O/88PDz/PDw8/zw8PP88PDz/Ozs7/zs7O/86Ojr/Ozs7/zs7O/87Ozv/Ozs7/zs7O/87Ozv/Ozs7/zw8PP87Ozv/OTk5/zk5Of85OTn/Ojo6/zs7O/87Ozv/Ozs7/zs7O/87Ozv/Ozs7/zs7O/88PDz/Ozs7/zs7O/86Ojr/Ojo6/zo6Ov87Ozv/Ozs7/zw8PP88PDz/PT09/z09Pf8+Pj7/Pj4+/z4+Pv8+Pj7/PT09/zw8PP88PDz/PDw8/zw8PP88PDz/PT09/z4+Pv8+Pj7/QEBA/z8/P/89PT3/PT09/z4+Pv8/Pz//Pz8//z8/P/8/Pz//Pj4+/z4+Pv89PT3/PT09/z4+Pv89PT3/PT09/z09Pf89PT3/PT09/z09Pf89PT3/Pj4+/z4+Pv8+Pj7/Pj4+/z4+Pv89PT3/PT09/z09Pf89PT3/Pj4+/z4+Pv8+Pj7/Pj4+/z4+Pv8+Pj7/Pj4+/z4+Pv89PT3/Pj4+/z8/P/8/Pz//Pz8//z8/P/8/Pz//Pz8//z4+Pv8+Pj7/Pj4+/z4+Pv8+Pj7/Pj4+/z4+Pv8/Pz//Pz8//z8/P/8+Pj7/PT09/z09Pf8+Pj7/Pj4+/z8/P/8/Pz//Pz8//z8/P/89PT3/PT09/z09Pf8+Pj7/Pz8//0BAQP8/Pz//Pj4+/z4+Pv8+Pj7/Pj4+/z8/P/8/Pz//Pz8//z8/P/8/Pz//Pz8//z8/P/8/Pz//Pj4+/z4+Pv89PT3/PDw8/z09Pf8+Pj7/Pj4+/z4+Pv8+Pj7/Pz8//z8/P/9AQED/QEBA/0BAQP9AQED/QEBA/0BAQP9AQED/Pz8//z4+Pv8+Pj7/Pj4+/z8/P/8+Pj7/PT09/z4+Pv8/Pz//Pz8//z8/P/8/Pz//Pz8//z8/P/8/Pz//Pz8//z4+Pv8+Pj7/Pz8//z8/P/8/Pz//Pz8//z4+Pv89PT3/Pj4+/z8/P/8/Pz//Pz8//z8/P/8/Pz//Pz8//0BAQP9AQED/Pz8//z8/P/9AQED/QEBA/0BAQP9BQUH/QUFB/0FBQf9CQkL/LCws/ysrK/8pKSn/LCws/y8vL/8xMTH/MzMz/zIyMv8vLy//Ly8v/zExMf8xMTH/MDAw/y8vL/8tLS3/Kysr/ykpKf8mJib/JSUl/yQkJP8lJSX/JiYm/yYmJv8nJyf/JSUl/yMjI/8hISH/Hx8f/x4eHv8dHR3/HR0d/x4eHv8dHR3/HBwc/xoaGv8ZGRn/GBgY/xcXF/8XFxf/FhYW/xYWFv8VFRX/FRUV/xQUFP8TExP/ExMT/xQUFP8TExP/ERER/xEREf8QEBD/EBAQ/xAQEP8QEBD/ExMT/xUVFf8ZGRn/HR0d/x8fH/8hISH/ISEh/yIiIv8jIyP/JCQk/yQkJP8kJCT/JCQk/yUlJf8lJSX/JCQk/yQkJP8kJCT/JCQk/yMjI/8jIyP/ISEh/x8fH/8dHR3/Ghoa/xgYGP8WFhb/FhYW/xUVFf8UFBT/FBQU/xQUFP8WFhb/FxcX/xgYGP8ZGRn/Gxsb/x0dHf8gICD/IyMj/yQkJP8lJSX/JiYm/ycnJ/8qKir/Ly8v/y8vL/8uLi7/Li4u/y0tLf8tLS3/LCws/ywsLP8uLi7/Ly8v/y4uLv8tLS3/Kioq/ygoKP8rKyv/Ly8v/zAwMP8xMTH/MjIy/zMzM/8zMzP/MjIy/zAwMP8sLCz/Kysr/y0tLf8uLi7/Li4u/y0tLf8sLCz/Kysr/yoqKv8pKSn/Kioq/ysrK/8qKir/KCgo/ygoKP8oKCj/Jycn/yYmJv8mJib/JiYm/yUlJf8kJCT/IyMj/yEhIf8fHx//HR0d/xsbG/8aGhr/GBgY/xcXF/8WFhb/FhYW/xYWFv8WFhb/GBgY/xsbG/8fHx//IyMj/ysrK/8wMDD/ODg4/zs7O/88PDz/PT09/z8/P/9AQED/QkJC/0RERP9CQkL/QUFB/z8/P/88PDz/PDw8/zw8PP87Ozv/ODg4/zU1Nf8wMDD/Ly8v/y8vL/8zMzP/Pz8//0ZGRv9MTEz/UFBQ/1FRUf9SUlL/UVFR/1BQUP9PT0//Tk5O/05OTv9NTU3/Tk5O/09PT/9PT0//Tk5O/01NTf9KSkr/R0dH/z8/P/86Ojr/NTU1/zExMf8yMjL/MzMz/zc3N/88PDz/Pz8//0RERP9FRUX/R0dH/0pKSv9OTk7/UFBQ/1RUVP9VVVX/V1dX/1ZWVv9TU1P/UVFR/1FRUf9RUVH/TU1N/0pKSv9FRUX/Pj4+/zk5Of8xMTH/MDAw/y8vL/8vLy//MDAw/zExMf8yMjL/NDQ0/zo6Ov89PT3/QUFB/0RERP9FRUX/RUVF/0ZGRv9GRkb/SUlJ/0xMTP9NTU3/Tk5O/09PT/9RUVH/Tk5O/0VFRf9AQED/Nzc3/zQ0NP8yMjL/MjIy/zExMf8xMTH/MTEx/zExMf8xMTH/MTEx/zExMf8xMTH/MTEx/zAwMP8xMTH/MjIy/zIyMv8yMjL/MTEx/zExMf8xMTH/MjIy/zIyMv8zMzP/MzMz/zExMf8wMDD/MTEx/zIyMv8yMjL/MjIy/zIyMv8yMjL/MjIy/zIyMv8zMzP/NDQ0/zQ0NP80NDT/NDQ0/zQ0NP80NDT/MzMz/zMzM/8yMjL/MjIy/zIyMv8zMzP/MzMz/zMzM/8zMzP/NDQ0/zQ0NP80NDT/NDQ0/zQ0NP80NDT/NDQ0/zMzM/8zMzP/MzMz/zMzM/8zMzP/NDQ0/zQ0NP80NDT/NDQ0/zMzM/8yMjL/MzMz/zQ0NP80NDT/MzMz/zMzM/8zMzP/MzMz/zU1Nf81NTX/NTU1/zU1Nf81NTX/NDQ0/zQ0NP9FRUX/QkJC/z4+Pv89PT3/PDw8/z09Pf9AQED/Pj4+/zs7O/82Njb/Li4u/ykpKf8gICD/HBwc/xkZGf8aGhr/IiIi/ykpKf81NTX/QUFB/0pKSv9VVVX/UFBQ/0pKSv9FRUX/Pj4+/zw8PP85OTn/OTk5/zw8PP8+Pj7/QUFB/0JCQv9DQ0P/Q0ND/0ZGRv9ISEj/RERE/0FBQf9BQUH/QEBA/z8/P/89PT3/ODg4/y8vL/8oKCj/HBwc/xoaGv8YGBj/Ghoa/x4eHv8jIyP/LS0t/zMzM/81NTX/Nzc3/zk5Of87Ozv/Ozs7/zo6Ov86Ojr/Ojo6/zo6Ov85OTn/Ojo6/zs7O/87Ozv/PDw8/zw8PP88PDz/PDw8/zo6Ov85OTn/Ojo6/zo6Ov87Ozv/Ozs7/zs7O/88PDz/PDw8/z09Pf89PT3/Pj4+/z09Pf87Ozv/Ozs7/zk5Of85OTn/ODg4/zg4OP83Nzf/Nzc3/zY2Nv82Njb/MzMz/y8vL/8nJyf/HR0d/xsbG/8YGBj/HBwc/yMjI/8tLS3/Pz8//0RERP9HR0f/RkZG/0JCQv9BQUH/RUVF/0ZGRv9CQkL/Pj4+/z8/P/9AQED/QEBA/0FBQf9AQED/QEBA/0FBQf9CQkL/QkJC/0BAQP8+Pj7/OTk5/zc3N/82Njb/NTU1/zExMf8vLy//MDAw/zExMf80NDT/Nzc3/0BAQP9LS0v/QEBA/y4uLv8nJyf/HR0d/xkZGf8VFRX/FBQU/xQUFP8UFBT/FBQU/xQUFP8TExP/ExMT/xQUFP8VFRX/GRkZ/x4eHv8sLCz/PT09/z4+Pv89PT3/MzMz/x8fH/8bGxv/FxcX/xgYGP8dHR3/ICAg/yQkJP8lJSX/Hh4e/xoaGv8YGBj/FxcX/xcXF/8XFxf/FxcX/xYWFv8WFhb/FhYW/xYWFv8VFRX/FRUV/xUVFf8VFRX/FhYW/xYWFv8VFRX/FBQU/xUVFf8XFxf/ISEh/yoqKv81NTX/QUFB/z09Pf83Nzf/MjIy/yoqKv8pKSn/KCgo/yYmJv8iIiL/ISEh/yEhIf8hISH/ISEh/yIiIv8jIyP/JCQk/ycnJ/8qKir/Jycn/yUlJf8kJCT/IyMj/yMjI/8kJCT/JSUl/yYmJv8mJib/JiYm/ycnJ/8oKCj/Kioq/y8vL/8zMzP/OTk5/zw8PP8yMjL/Jycn/yMjI/8fHx//Hx8f/x8fH/8fHx//Hx8f/x8fH/8fHx//Hh4e/x4eHv8eHh7/Hx8f/yAgIP8iIiL/JCQk/yYmJv8nJyf/JSUl/yIiIv8gICD/HR0d/x0dHf8eHh7/ISEh/yUlJf8lJSX/JCQk/yYmJv8sLCz/Ly8v/zExMf8vLy//IiIi/xoaGv8WFhb/EhIS/xMTE/8TExP/FBQU/xQUFP8VFRX/FhYW/xoaGv8gICD/IyMj/ycnJ/8mJib/IiIi/x8fH/8aGhr/FxcX/xUVFf8UFBT/ExMT/xISEv8SEhL/ERER/xEREf8RERH/EhIS/xMTE/8ZGRn/IyMj/ykpKf8zMzP/MjIy/ygoKP8kJCT/ICAg/x4eHv8cHBz/Gxsb/xsbG/8aGhr/Gxsb/xsbG/8dHR3/Hh4e/yIiIv8nJyf/Jycn/yUlJf8jIyP/Hh4e/x4eHv8fHx//ICAg/yMjI/8kJCT/IiIi/yIiIv8kJCT/JiYm/ygoKP8pKSn/Li4u/zU1Nf83Nzf/Ojo6/zQ0NP8qKir/JSUl/x8fH/8dHR3/HR0d/x0dHf8gICD/IiIi/ygoKP8rKyv/Kysr/0JCQv9CQkL/QkJC/0JCQv9DQ0P/Q0ND/0RERP9CQkL/Pz8//z4+Pv8/Pz//Pz8//0BAQP9AQED/QUFB/0FBQf9BQUH/QUFB/0JCQv9DQ0P/QkJC/0BAQP9BQUH/QkJC/0JCQv9CQkL/QkJC/0JCQv9BQUH/QEBA/0BAQP9BQUH/QUFB/0JCQv9CQkL/QkJC/0JCQv9CQkL/QkJC/0JCQv9BQUH/QEBA/z8/P/9AQED/Q0ND/0JCQv9BQUH/QUFB/z8/P/8/Pz//QUFB/0FBQf9CQkL/QkJC/0NDQ/9DQ0P/QkJC/0JCQv9CQkL/QUFB/0JCQv9ERET/Q0ND/0JCQv9BQUH/QEBA/0BAQP9BQUH/QUFB/0JCQv9CQkL/Q0ND/0NDQ/9BQUH/QEBA/0BAQP9BQUH/QkJC/0NDQ/9DQ0P/QkJC/0FBQf9AQED/QEBA/0FBQf9BQUH/QEBA/0FBQf9CQkL/Q0ND/0VFRf9GRkb/RUVF/0RERP9DQ0P/QkJC/0JCQv9DQ0P/Q0ND/0NDQ/9DQ0P/Q0ND/0RERP9FRUX/RUVF/0RERP9ERET/Q0ND/0NDQ/9DQ0P/Q0ND/0RERP9FRUX/RERE/0RERP9ERET/Q0ND/0RERP9FRUX/RERE/0JCQv9CQkL/QUFB/0FBQf9BQUH/QkJC/0VFRf9GRkb/RkZG/0ZGRv9FRUX/RUVF/0ZGRv9ISEj/R0dH/0ZGRv9FRUX/Q0ND/0NDQ/9ERET/RERE/0NDQ/9DQ0P/QkJC/0JCQv9BQUH/QUFB/0FBQf9BQUH/Q0ND/0RERP9ERET/RERE/0RERP9DQ0P/QkJC/0FBQf9BQUH/QkJC/0NDQ/9ERET/RERE/0VFRf9FRUX/RUVF/0VFRf9ERET/RERE/0JCQv9AQED/QEBA/0FBQf9BQUH/QUFB/0FBQf9CQkL/QkJC/0JCQv9CQkL/Q0ND/0NDQ/9DQ0P/QkJC/0BAQP8/Pz//QUFB/0JCQv9BQUH/QEBA/0BAQP9AQED/QEBA/0BAQP9BQUH/Q0ND/0RERP9FRUX/RUVF/0VFRf9FRUX/Q0ND/0NDQ/9DQ0P/Q0ND/0NDQ/9DQ0P/QkJC/0JCQv9CQkL/QkJC/0JCQv9DQ0P/Q0ND/0NDQ/9CQkL/QUFB/0FBQf9AQED/QUFB/0JCQv9DQ0P/RUVF/0ZGRv9ERET/Q0ND/0JCQv9CQkL/Q0ND/0RERP9ERET/RUVF/0VFRf9FRUX/RUVF/0RERP9ERET/RERE/0RERP9FRUX/RUVF/0RERP9ERET/QkJC/0FBQf9CQkL/Q0ND/0NDQ/9ERET/RERE/0VFRf9FRUX/RkZG/0ZGRv9GRkb/RUVF/0RERP9DQ0P/QkJC/0JCQv9CQkL/QkJC/0JCQv9CQkL/QUFB/0FBQf9BQUH/QUFB/0FBQf9BQUH/QEBA/z8/P/8/Pz//QEBA/0FBQf9ERET/R0dH/05OTv9TU1P/Wlpa/15eXv9gYGD/YmJi/1xcXP9VVVX/UVFR/0tLS/9ISEj/RERE/0NDQ/9CQkL/QkJC/0JCQv9CQkL/RERE/0RERP9DQ0P/QkJC/0RERP9GRkb/TExM/1FRUf9WVlb/W1tb/1xcXP9dXV3/XV1d/11dXf9dXV3/XV1d/11dXf9cXFz/XV1d/2BgYP9gYGD/YGBg/15eXv9VVVX/TU1N/0hISP9CQkL/QkJC/0FBQf9BQUH/QUFB/0FBQf9BQUH/QUFB/0JCQv9DQ0P/RkZG/0hISP9LS0v/S0tL/0lJSf9HR0f/RERE/0JCQv9ERET/NDQ0/zQ0NP80NDT/NDQ0/zU1Nf81NTX/NDQ0/zQ0NP8zMzP/MzMz/zQ0NP80NDT/NjY2/zY2Nv81NTX/NTU1/zQ0NP8zMzP/NTU1/zY2Nv82Njb/Nzc3/zY2Nv81NTX/NDQ0/zMzM/80NDT/NTU1/zY2Nv83Nzf/NjY2/zU1Nf80NDT/NDQ0/zQ0NP82Njb/Nzc3/zY2Nv82Njb/NjY2/zY2Nv82Njb/NjY2/zU1Nf80NDT/NTU1/zY2Nv82Njb/NjY2/zY2Nv81NTX/NTU1/zY2Nv83Nzf/ODg4/zg4OP84ODj/ODg4/zg4OP83Nzf/Nzc3/zY2Nv82Njb/NjY2/zY2Nv82Njb/NjY2/zY2Nv82Njb/Nzc3/zc3N/84ODj/OTk5/zk5Of85OTn/OTk5/zg4OP85OTn/Ojo6/zk5Of84ODj/ODg4/zg4OP83Nzf/NjY2/zY2Nv81NTX/NjY2/zc3N/84ODj/OTk5/zk5Of83Nzf/NjY2/zc3N/83Nzf/Nzc3/zg4OP84ODj/ODg4/zc3N/82Njb/Nzc3/zg4OP84ODj/ODg4/zg4OP85OTn/Ojo6/zs7O/88PDz/Ozs7/zo6Ov86Ojr/Ojo6/zo6Ov86Ojr/Ozs7/zw8PP87Ozv/Ojo6/zk5Of84ODj/OTk5/zo6Ov87Ozv/Ozs7/zs7O/87Ozv/Ozs7/zs7O/87Ozv/Ozs7/zs7O/87Ozv/Ozs7/zs7O/87Ozv/Ozs7/zs7O/87Ozv/Ozs7/zs7O/87Ozv/Ozs7/zo6Ov86Ojr/Ojo6/zo6Ov87Ozv/Ozs7/zs7O/87Ozv/Ozs7/zs7O/87Ozv/PDw8/zs7O/84ODj/ODg4/zg4OP84ODj/OTk5/zk5Of86Ojr/Ojo6/zo6Ov86Ojr/Ozs7/zw8PP88PDz/Ozs7/zs7O/86Ojr/Ojo6/zo6Ov86Ojr/Ozs7/zw8PP89PT3/PT09/zw8PP88PDz/Ozs7/zs7O/87Ozv/Ozs7/zs7O/87Ozv/Ozs7/zw8PP88PDz/PT09/z09Pf8+Pj7/PT09/zw8PP89PT3/Pz8//0BAQP9AQED/QEBA/z8/P/8/Pz//Pj4+/z09Pf8+Pj7/Pj4+/z4+Pv89PT3/PT09/z4+Pv89PT3/PDw8/z09Pf8+Pj7/Pj4+/z4+Pv8+Pj7/PT09/z09Pf89PT3/PT09/z4+Pv8+Pj7/Pj4+/z09Pf89PT3/Pj4+/z4+Pv8+Pj7/PT09/zw8PP89PT3/Pj4+/z4+Pv89PT3/PT09/zs7O/87Ozv/PDw8/z09Pf89PT3/PT09/z09Pf89PT3/PT09/z4+Pv8+Pj7/Pz8//z4+Pv89PT3/Pj4+/0BAQP9AQED/QEBA/0BAQP9AQED/Pz8//z09Pf88PDz/Pj4+/z8/P/8/Pz//Pz8//z8/P/8+Pj7/Pj4+/z4+Pv8+Pj7/Pj4+/z8/P/9AQED/QEBA/0FBQf9AQED/Pz8//z4+Pv89PT3/PDw8/zw8PP87Ozv/PDw8/z09Pf89PT3/PT09/z4+Pv8/Pz//Pz8//0BAQP8/Pz//Pj4+/z8/P/9AQED/QUFB/0BAQP9AQED/Pz8//z4+Pv8/Pz//Pz8//z4+Pv89PT3/PT09/z4+Pv8+Pj7/Pz8//z8/P/8/Pz//Pz8//z4+Pv8+Pj7/PT09/z4+Pv8/Pz//QEBA/z8/P/8/Pz//Pj4+/z09Pf8+Pj7/QEBA/0BAQP8/Pz//Pz8//z4+Pv8/Pz//QUFB/0BAQP8/Pz//Pz8//0BAQP9AQED/QUFB/0FBQf9CQkL/QkJC/0JCQv8rKyv/KSkp/yYmJv8qKir/MDAw/zIyMv82Njb/NDQ0/zExMf8yMjL/NDQ0/zQ0NP8yMjL/MDAw/ywsLP8pKSn/JiYm/yMjI/8jIyP/IiIi/yUlJf8oKCj/KSkp/ysrK/8pKSn/JSUl/yMjI/8fHx//Hh4e/xwcHP8cHBz/HR0d/x0dHf8cHBz/Gxsb/xkZGf8YGBj/FxcX/xcXF/8XFxf/FhYW/xYWFv8VFRX/FBQU/xMTE/8TExP/FBQU/xMTE/8RERH/ERER/xAQEP8QEBD/EBAQ/xAQEP8SEhL/ExMT/xgYGP8cHBz/Hh4e/yEhIf8iIiL/IyMj/yMjI/8kJCT/JCQk/yQkJP8kJCT/JCQk/yQkJP8kJCT/JCQk/yQkJP8kJCT/IyMj/yMjI/8gICD/Hh4e/xsbG/8XFxf/FhYW/xUVFf8VFRX/FBQU/xQUFP8UFBT/FRUV/xYWFv8YGBj/GRkZ/xsbG/8dHR3/Hx8f/yMjI/8nJyf/KCgo/ykpKf8qKir/Kioq/ywsLP8vLy//LS0t/yoqKv8qKir/Kioq/yoqKv8rKyv/Kysr/y0tLf8tLS3/Kioq/ykpKf8nJyf/JiYm/ywsLP8yMjL/MjIy/zExMf8zMzP/NTU1/zU1Nf82Njb/MjIy/ysrK/8rKyv/Ly8v/zAwMP8xMTH/MTEx/y4uLv8sLCz/Kysr/ysrK/8tLS3/Ly8v/ywsLP8oKCj/KCgo/ygoKP8nJyf/JSUl/yUlJf8lJSX/JiYm/ygoKP8oKCj/JSUl/yMjI/8gICD/Hh4e/xwcHP8aGhr/GRkZ/xcXF/8XFxf/FhYW/xYWFv8WFhb/GBgY/xoaGv8eHh7/JiYm/ysrK/80NDT/ODg4/zs7O/89PT3/Pz8//0FBQf9DQ0P/RERE/0NDQ/9CQkL/Pz8//zs7O/88PDz/PT09/zw8PP86Ojr/Nzc3/zExMf8vLy//Ly8v/zIyMv8+Pj7/RUVF/0tLS/9QUFD/UVFR/1NTU/9UVFT/VVVV/1VVVf9WVlb/VlZW/1dXV/9YWFj/WVlZ/1hYWP9WVlb/VVVV/1FRUf9OTk7/RUVF/z8/P/84ODj/MzMz/zMzM/80NDT/Ojo6/0JCQv9HR0f/T09P/1BQUP9SUlL/U1NT/1ZWVv9WVlb/VlZW/1ZWVv9XV1f/WFhY/1dXV/9XV1f/Wlpa/11dXf9ZWVn/VlZW/09PT/9GRkb/Pj4+/zMzM/8xMTH/Ly8v/y8vL/8wMDD/MTEx/zMzM/83Nzf/QEBA/0ZGRv9LS0v/T09P/1BQUP9QUFD/UFBQ/09PT/9PT0//Tk5O/01NTf9MTEz/T09P/1NTU/9RUVH/S0tL/0VFRf85OTn/NTU1/zMzM/8zMzP/MjIy/zIyMv8xMTH/MTEx/zIyMv8zMzP/MzMz/zMzM/8yMjL/MDAw/zExMf8yMjL/MjIy/zMzM/8yMjL/MTEx/zAwMP8xMTH/MjIy/zMzM/8zMzP/MjIy/zExMf8yMjL/NDQ0/zQ0NP8zMzP/MzMz/zMzM/8zMzP/MjIy/zMzM/81NTX/NTU1/zQ0NP80NDT/NDQ0/zQ0NP8yMjL/MTEx/zExMf8xMTH/MjIy/zMzM/8zMzP/NDQ0/zQ0NP80NDT/NDQ0/zQ0NP80NDT/NDQ0/zQ0NP80NDT/NDQ0/zMzM/8zMzP/MzMz/zMzM/80NDT/NDQ0/zQ0NP8zMzP/MjIy/zExMf8yMjL/NDQ0/zQ0NP8zMzP/MzMz/zMzM/8zMzP/NDQ0/zQ0NP81NTX/NTU1/zQ0NP80NDT/NDQ0/0FBQf9AQED/Pz8//z4+Pv89PT3/PT09/z8/P/8+Pj7/Ozs7/zc3N/8wMDD/Kioq/yAgIP8cHBz/GRkZ/xkZGf8eHh7/IiIi/ysrK/80NDT/Ozs7/0NDQ/9DQ0P/Q0ND/0JCQv9AQED/QEBA/z8/P/8/Pz//Pz8//z4+Pv87Ozv/Ojo6/zs7O/89PT3/Q0ND/0hISP9FRUX/Q0ND/0FBQf8/Pz//Pz8//z4+Pv86Ojr/MzMz/ysrK/8eHh7/Ghoa/xkZGf8aGhr/ICAg/yUlJf8vLy//NTU1/zY2Nv83Nzf/ODg4/zk5Of85OTn/OTk5/zk5Of86Ojr/Ojo6/zo6Ov86Ojr/Ojo6/zo6Ov87Ozv/Ozs7/zw8PP88PDz/PT09/z09Pf88PDz/PDw8/z09Pf8+Pj7/PT09/z09Pf89PT3/Pj4+/z8/P/9CQkL/QUFB/z8/P/8+Pj7/Ozs7/zo6Ov85OTn/ODg4/zg4OP83Nzf/NjY2/zU1Nf8yMjL/Li4u/ygoKP8fHx//HR0d/xkZGf8aGhr/Hh4e/yQkJP8vLy//MjIy/zMzM/8yMjL/Ly8v/y0tLf8uLi7/Ly8v/ywsLP8qKir/Kysr/ysrK/8rKyv/LCws/ywsLP8sLCz/LCws/y0tLf8tLS3/Kysr/yoqKv8nJyf/JiYm/yYmJv8lJSX/IyMj/yIiIv8jIyP/JCQk/ywsLP80NDT/Q0ND/1ZWVv9SUlL/S0tL/z8/P/8pKSn/IiIi/xkZGf8XFxf/FhYW/xUVFf8VFRX/FBQU/xQUFP8UFBT/FRUV/xYWFv8aGhr/Hh4e/ywsLP8+Pj7/QEBA/0JCQv84ODj/JSUl/yAgIP8aGhr/GRkZ/xsbG/8dHR3/Hx8f/yAgIP8eHh7/HBwc/xwcHP8cHBz/Gxsb/xoaGv8aGhr/Gxsb/xsbG/8bGxv/Ghoa/xoaGv8aGhr/Gxsb/x0dHf8fHx//ICAg/x4eHv8dHR3/Hx8f/yEhIf8qKir/NDQ0/z4+Pv9KSkr/SUlJ/0dHR/9ERET/QEBA/z8/P/8/Pz//Pj4+/zs7O/87Ozv/Ozs7/zs7O/89PT3/PT09/z09Pf89PT3/QEBA/0NDQ/9CQkL/QEBA/z8/P/89PT3/PT09/z4+Pv8+Pj7/Pz8//z4+Pv89PT3/PT09/z09Pf8+Pj7/QEBA/0JCQv9FRUX/RkZG/0FBQf88PDz/Ojo6/zg4OP84ODj/ODg4/zg4OP84ODj/Nzc3/zY2Nv82Njb/NTU1/zQ0NP8yMjL/MTEx/y8vL/8vLy//MDAw/zExMf8xMTH/MTEx/zIyMv8yMjL/MzMz/zQ0NP82Njb/Ozs7/zo6Ov84ODj/ODg4/zo6Ov87Ozv/Ozs7/zg4OP8vLy//KSkp/yQkJP8hISH/Hh4e/xwcHP8cHBz/HBwc/x0dHf8eHh7/ICAg/yQkJP8nJyf/Kioq/yoqKv8oKCj/JSUl/yAgIP8eHh7/HR0d/x0dHf8cHBz/Gxsb/xkZGf8YGBj/GBgY/xkZGf8aGhr/Gxsb/yEhIf8rKyv/MTEx/zo6Ov87Ozv/NjY2/zQ0NP8yMjL/MTEx/zAwMP8vLy//Li4u/ywsLP8sLCz/LCws/y0tLf8uLi7/MTEx/zQ0NP80NDT/NTU1/zMzM/8xMTH/MTEx/zIyMv8zMzP/NTU1/zY2Nv81NTX/NDQ0/zU1Nf82Njb/NjY2/zc3N/85OTn/PT09/z09Pf8+Pj7/PDw8/zY2Nv80NDT/Ly8v/y4uLv8uLi7/Ly8v/zIyMv80NDT/NjY2/zg4OP84ODj/QEBA/0BAQP8/Pz//QEBA/0FBQf9CQkL/Q0ND/0JCQv9AQED/QEBA/0BAQP9AQED/QEBA/0FBQf9BQUH/QUFB/0FBQf9CQkL/QkJC/0JCQv9CQkL/QUFB/0FBQf9CQkL/QkJC/0FBQf9BQUH/QUFB/0FBQf9BQUH/QUFB/0FBQf9CQkL/QUFB/0FBQf9BQUH/QUFB/0FBQf9BQUH/QUFB/0JCQv9BQUH/QUFB/0JCQv9DQ0P/QkJC/0FBQf9BQUH/Pz8//z8/P/9BQUH/QkJC/0JCQv9DQ0P/Q0ND/0NDQ/9CQkL/QkJC/0NDQ/9DQ0P/Q0ND/0NDQ/9DQ0P/QkJC/0FBQf9AQED/QEBA/0BAQP9BQUH/QUFB/0FBQf9CQkL/Q0ND/0FBQf9AQED/QEBA/0BAQP9BQUH/QkJC/0JCQv9DQ0P/QkJC/0BAQP9AQED/QUFB/0FBQf9CQkL/QkJC/0NDQ/9ERET/RERE/0NDQ/9DQ0P/Q0ND/0NDQ/9DQ0P/Q0ND/0NDQ/9DQ0P/RERE/0RERP9ERET/RERE/0VFRf9FRUX/RUVF/0RERP9DQ0P/Q0ND/0NDQ/9DQ0P/RERE/0RERP9ERET/RERE/0RERP9DQ0P/Q0ND/0NDQ/9CQkL/QUFB/0FBQf9BQUH/QUFB/0FBQf9BQUH/Q0ND/0NDQ/9DQ0P/Q0ND/0RERP9FRUX/RUVF/0VFRf9FRUX/RUVF/0RERP9DQ0P/Q0ND/0NDQ/9CQkL/QkJC/0JCQv9CQkL/QkJC/0JCQv9BQUH/QUFB/0FBQf9BQUH/QkJC/0NDQ/9DQ0P/Q0ND/0JCQv9DQ0P/RERE/0RERP9DQ0P/RERE/0VFRf9FRUX/RERE/0NDQ/9ERET/RERE/0RERP9ERET/QkJC/0FBQf9BQUH/QUFB/0FBQf9AQED/QUFB/0JCQv9CQkL/Q0ND/0NDQ/9DQ0P/Q0ND/0NDQ/9DQ0P/Q0ND/0JCQv9DQ0P/Q0ND/0JCQv9CQkL/QUFB/0FBQf9BQUH/QUFB/0JCQv9CQkL/Q0ND/0RERP9ERET/RERE/0RERP9DQ0P/QkJC/0JCQv9CQkL/QkJC/0JCQv9DQ0P/Q0ND/0JCQv9BQUH/QkJC/0JCQv9CQkL/QkJC/0JCQv9CQkL/QUFB/0FBQf9BQUH/QkJC/0NDQ/9DQ0P/Q0ND/0JCQv9BQUH/QUFB/0FBQf9BQUH/QUFB/0FBQf9CQkL/Q0ND/0RERP9DQ0P/Q0ND/0NDQ/9ERET/RUVF/0RERP9ERET/Q0ND/0JCQv9CQkL/QUFB/0JCQv9CQkL/Q0ND/0NDQ/9FRUX/SEhI/0hISP9HR0f/RkZG/0RERP9DQ0P/QkJC/0JCQv9CQkL/QUFB/0FBQf9AQED/QUFB/0FBQf9AQED/QEBA/0FBQf9CQkL/QkJC/0FBQf9AQED/Pz8//0BAQP9CQkL/RkZG/01NTf9RUVH/WFhY/1xcXP9hYWH/ZWVl/2dnZ/9oaGj/ZmZm/2NjY/9eXl7/WFhY/1JSUv9KSkr/R0dH/0RERP9DQ0P/QkJC/0JCQv9DQ0P/Q0ND/0NDQ/9DQ0P/RkZG/0hISP9PT0//VVVV/1paWv9gYGD/YWFh/2NjY/9nZ2f/bGxs/2tra/9oaGj/Z2dn/2dnZ/9qamr/cXFx/3Fxcf9qamr/ZGRk/1hYWP9QUFD/SkpK/0RERP9CQkL/QUFB/0BAQP8/Pz//QEBA/0BAQP9BQUH/QUFB/0RERP9JSUn/TExM/1JSUv9SUlL/Tk5O/0pKSv9FRUX/QUFB/0FBQf80NDT/NDQ0/zU1Nf80NDT/NDQ0/zQ0NP8zMzP/MzMz/zMzM/8zMzP/NDQ0/zQ0NP81NTX/NTU1/zU1Nf81NTX/NTU1/zU1Nf81NTX/NjY2/zc3N/84ODj/Nzc3/zY2Nv81NTX/NTU1/zU1Nf81NTX/NjY2/zc3N/83Nzf/NjY2/zY2Nv82Njb/NjY2/zY2Nv83Nzf/Nzc3/zc3N/83Nzf/Nzc3/zc3N/83Nzf/NjY2/zU1Nf81NTX/NTU1/zU1Nf81NTX/NTU1/zU1Nf81NTX/NjY2/zY2Nv83Nzf/Nzc3/zg4OP85OTn/ODg4/zg4OP84ODj/Nzc3/zc3N/82Njb/NjY2/zc3N/83Nzf/NjY2/zY2Nv82Njb/NjY2/zg4OP85OTn/OTk5/zk5Of85OTn/ODg4/zg4OP84ODj/OTk5/zk5Of85OTn/OTk5/zg4OP83Nzf/Nzc3/zc3N/83Nzf/Nzc3/zg4OP84ODj/ODg4/zg4OP83Nzf/Nzc3/zc3N/83Nzf/ODg4/zg4OP85OTn/ODg4/zg4OP84ODj/ODg4/zg4OP84ODj/OTk5/zk5Of85OTn/OTk5/zk5Of85OTn/OTk5/zo6Ov87Ozv/Ojo6/zk5Of86Ojr/Ozs7/zs7O/86Ojr/Ojo6/zk5Of85OTn/Ojo6/zo6Ov86Ojr/Ojo6/zo6Ov86Ojr/Ozs7/zw8PP88PDz/PDw8/zs7O/86Ojr/Ojo6/zo6Ov86Ojr/Ojo6/zo6Ov86Ojr/Ojo6/zo6Ov86Ojr/Ojo6/zo6Ov86Ojr/Ojo6/zo6Ov86Ojr/Ojo6/zo6Ov86Ojr/Ozs7/zs7O/87Ozv/Ojo6/zg4OP84ODj/OTk5/zk5Of85OTn/OTk5/zo6Ov86Ojr/Ojo6/zo6Ov86Ojr/Ozs7/zs7O/88PDz/PDw8/zw8PP88PDz/PDw8/zw8PP88PDz/PDw8/zw8PP88PDz/PDw8/zs7O/87Ozv/Ozs7/zs7O/87Ozv/PDw8/zw8PP88PDz/PT09/z09Pf89PT3/PT09/z4+Pv8+Pj7/PT09/z4+Pv8/Pz//Pz8//z4+Pv8+Pj7/Pj4+/z4+Pv8+Pj7/Pj4+/z4+Pv8+Pj7/Pj4+/z09Pf89PT3/PT09/z09Pf8+Pj7/Pj4+/z4+Pv8+Pj7/Pj4+/z4+Pv89PT3/PT09/z4+Pv8/Pz//Pz8//z8/P/8+Pj7/Pj4+/z4+Pv8/Pz//Pj4+/z4+Pv89PT3/PT09/z09Pf8/Pz//Pz8//z4+Pv8+Pj7/PDw8/zw8PP89PT3/PT09/zw8PP87Ozv/Ozs7/zs7O/88PDz/PDw8/z09Pf89PT3/PT09/z4+Pv8+Pj7/Pj4+/z4+Pv89PT3/PT09/z4+Pv8+Pj7/PDw8/zw8PP89PT3/Pj4+/z8/P/8/Pz//Pz8//z8/P/8+Pj7/Pj4+/z4+Pv8/Pz//Pj4+/z4+Pv8/Pz//Pz8//z8/P/8/Pz//Pz8//0BAQP9AQED/Pz8//z8/P/8/Pz//Pz8//z4+Pv8+Pj7/Pj4+/z8/P/8/Pz//Pz8//z8/P/8/Pz//Pz8//0BAQP9AQED/QEBA/z8/P/8/Pz//Pj4+/z4+Pv89PT3/Pj4+/z4+Pv8+Pj7/Pj4+/z4+Pv8+Pj7/Pz8//0BAQP9BQUH/QEBA/0BAQP8/Pz//Pz8//z8/P/8/Pz//Pj4+/z4+Pv89PT3/PDw8/z4+Pv9AQED/QEBA/0BAQP8/Pz//Pz8//z8/P/8/Pz//Pz8//z8/P/8+Pj7/Pj4+/z8/P/9AQED/QUFB/0FBQf9BQUH/QUFB/zAwMP8uLi7/Kysr/y0tLf8wMDD/MTEx/zMzM/8zMzP/MTEx/zExMf8xMTH/MTEx/zAwMP8vLy//Ly8v/y4uLv8qKir/Jycn/yYmJv8lJSX/Jycn/yoqKv8qKir/Kioq/ygoKP8lJSX/IyMj/yAgIP8fHx//Hh4e/x4eHv8dHR3/HR0d/xsbG/8aGhr/GRkZ/xgYGP8XFxf/FxcX/xcXF/8WFhb/FRUV/xUVFf8UFBT/FBQU/xQUFP8UFBT/ExMT/xISEv8RERH/ERER/xEREf8RERH/ERER/xISEv8TExP/FhYW/xoaGv8cHBz/Hx8f/yEhIf8jIyP/IyMj/yMjI/8jIyP/IyMj/yQkJP8kJCT/JCQk/yQkJP8kJCT/IyMj/yIiIv8hISH/ICAg/x0dHf8aGhr/GRkZ/xcXF/8WFhb/FRUV/xUVFf8VFRX/FRUV/xYWFv8WFhb/GBgY/xkZGf8aGhr/HBwc/x4eHv8hISH/JSUl/ygoKP8pKSn/Kioq/y0tLf8wMDD/MTEx/zIyMv8xMTH/Ly8v/y8vL/8xMTH/MjIy/zIyMv8xMTH/Li4u/y0tLf8tLS3/LS0t/ysrK/8pKSn/LCws/y8vL/8wMDD/MDAw/zExMf8zMzP/MzMz/zMzM/8wMDD/Kysr/ywsLP8wMDD/MTEx/zExMf8wMDD/Kioq/ycnJ/8nJyf/KCgo/ywsLP8xMTH/Ly8v/ywsLP8sLCz/Kysr/yoqKv8pKSn/KCgo/ycnJ/8nJyf/Jycn/ycnJ/8lJSX/IyMj/yEhIf8fHx//Hh4e/x0dHf8bGxv/GRkZ/xgYGP8XFxf/FhYW/xYWFv8WFhb/GBgY/xsbG/8gICD/JCQk/ywsLP8xMTH/ODg4/zs7O/8+Pj7/Pz8//0BAQP9BQUH/QUFB/0FBQf9AQED/PT09/z09Pf8+Pj7/PT09/zs7O/84ODj/MjIy/zAwMP8vLy//MTEx/zk5Of8/Pz//RUVF/0lJSf9LS0v/Tk5O/09PT/9RUVH/UVFR/1JSUv9TU1P/VFRU/1RUVP9VVVX/VVVV/1RUVP9SUlL/Tk5O/0pKSv9AQED/Ojo6/zU1Nf8xMTH/MjIy/zIyMv85OTn/QEBA/0ZGRv9NTU3/Tk5O/1BQUP9RUVH/U1NT/1RUVP9TU1P/VFRU/1RUVP9VVVX/VVVV/1VVVf9YWFj/Wlpa/1hYWP9XV1f/T09P/0VFRf89PT3/MjIy/zExMf8wMDD/MDAw/zAwMP8xMTH/MzMz/zc3N/9CQkL/SEhI/05OTv9RUVH/UlJS/1NTU/9SUlL/UVFR/09PT/9NTU3/TU1N/01NTf9PT0//VFRU/1FRUf9KSkr/RERE/zk5Of80NDT/MTEx/zAwMP8xMTH/MTEx/zExMf8xMTH/MTEx/zExMf8xMTH/MTEx/zExMf8xMTH/MTEx/zExMf8yMjL/MjIy/zIyMv8xMTH/MTEx/zExMf8yMjL/MjIy/zIyMv8yMjL/MjIy/zIyMv8zMzP/MzMz/zIyMv8yMjL/MjIy/zIyMv8xMTH/MjIy/zMzM/80NDT/NDQ0/zQ0NP80NDT/NDQ0/zMzM/8zMzP/MzMz/zMzM/8yMjL/MjIy/zIyMv8zMzP/MzMz/zMzM/80NDT/NDQ0/zQ0NP80NDT/NDQ0/zQ0NP80NDT/NDQ0/zQ0NP8zMzP/MzMz/zQ0NP80NDT/NDQ0/zQ0NP80NDT/MzMz/zMzM/80NDT/NDQ0/zQ0NP80NDT/NDQ0/zQ0NP8zMzP/NDQ0/zQ0NP80NDT/NDQ0/zQ0NP80NDT/Pj4+/z8/P/9AQED/Pz8//z09Pf89PT3/Pj4+/z09Pf87Ozv/ODg4/zExMf8rKyv/ICAg/xsbG/8ZGRn/GBgY/xoaGv8cHBz/IiIi/ykpKf8uLi7/NDQ0/zg4OP8+Pj7/Pz8//0JCQv9DQ0P/RUVF/0RERP9CQkL/Pj4+/zU1Nf8yMjL/NDQ0/zc3N/9AQED/SEhI/0ZGRv9ERET/QUFB/z4+Pv8+Pj7/Pz8//zw8PP83Nzf/Li4u/x8fH/8bGxv/GRkZ/xsbG/8iIiL/KCgo/zExMf83Nzf/Nzc3/zc3N/83Nzf/Nzc3/zc3N/84ODj/OTk5/zo6Ov86Ojr/Ojo6/zo6Ov85OTn/OTk5/zo6Ov86Ojr/PDw8/z09Pf8/Pz//QEBA/z8/P/8+Pj7/Pz8//0BAQP8/Pz//Pj4+/z4+Pv8/Pz//QUFB/0VFRf9ERET/QkJC/0FBQf89PT3/Ozs7/zo6Ov85OTn/ODg4/zc3N/82Njb/NTU1/zIyMv8uLi7/KCgo/yEhIf8eHh7/GRkZ/xkZGf8ZGRn/HBwc/yIiIv8jIyP/IiIi/yEhIf8eHh7/HBwc/xsbG/8bGxv/Ghoa/xoaGv8aGhr/GRkZ/xkZGf8aGhr/Ghoa/xsbG/8bGxv/Gxsb/xoaGv8ZGRn/GRkZ/xgYGP8YGBj/FxcX/xcXF/8WFhb/FhYW/xgYGP8ZGRn/JSUl/zIyMv9GRkb/X19f/2JiYv9kZGT/U1NT/zQ0NP8pKSn/HR0d/xkZGf8XFxf/FhYW/xUVFf8VFRX/FRUV/xUVFf8WFhb/FhYW/xoaGv8eHh7/LCws/z4+Pv9CQkL/R0dH/z09Pf8rKyv/JSUl/x0dHf8bGxv/GRkZ/xoaGv8bGxv/HBwc/x0dHf8eHh7/Hx8f/yAgIP8eHh7/HBwc/x4eHv8gICD/ICAg/x8fH/8eHh7/HR0d/x4eHv8gICD/IyMj/ycnJ/8oKCj/JSUl/yQkJP8mJib/KSkp/zMzM/89PT3/RkZG/1FRUf9TU1P/VVVV/1RUVP9SUlL/U1NT/1RUVP9TU1P/UVFR/1FRUf9RUVH/UlJS/1RUVP9VVVX/U1NT/1JSUv9WVlb/WVlZ/1hYWP9XV1f/VVVV/1NTU/9TU1P/VFRU/1RUVP9UVFT/U1NT/1BQUP9PT0//UFBQ/1BQUP9PT0//Tk5O/09PT/9PT0//Tk5O/01NTf9NTU3/TU1N/01NTf9NTU3/TU1N/0xMTP9LS0v/SkpK/0pKSv9ISEj/RkZG/0JCQv8/Pz//Ozs7/zg4OP85OTn/OTk5/zw8PP8+Pj7/QUFB/0VFRf9FRUX/RkZG/0lJSf9NTU3/TU1N/0pKSv9ISEj/RkZG/0RERP9DQ0P/QEBA/zo6Ov81NTX/MTEx/y0tLf8pKSn/JCQk/yQkJP8jIyP/JCQk/yUlJf8mJib/KCgo/yoqKv8tLS3/Li4u/ywsLP8rKyv/JiYm/yQkJP8kJCT/JCQk/yMjI/8jIyP/ICAg/x0dHf8eHh7/Hx8f/yAgIP8iIiL/KCgo/zIyMv83Nzf/QUFB/0NDQ/9CQkL/QkJC/0FBQf9BQUH/QUFB/0FBQf8+Pj7/Ozs7/zs7O/86Ojr/Ozs7/zw8PP89PT3/Pz8//0BAQP9CQkL/QUFB/0BAQP9BQUH/QkJC/0NDQ/9ERET/RUVF/0RERP9ERET/Q0ND/0NDQ/9DQ0P/Q0ND/0NDQ/9DQ0P/Q0ND/0JCQv9CQkL/QUFB/0BAQP8+Pj7/PT09/z09Pf8+Pj7/QUFB/0JCQv9DQ0P/Q0ND/0NDQ/8/Pz//Pj4+/z09Pf8+Pj7/QEBA/0FBQf9DQ0P/QkJC/0FBQf9BQUH/QEBA/0BAQP9BQUH/QUFB/0FBQf9BQUH/QkJC/0JCQv9CQkL/QkJC/0JCQv9CQkL/QkJC/0JCQv9BQUH/QEBA/0BAQP9AQED/QUFB/0JCQv9CQkL/QkJC/0JCQv9BQUH/QUFB/0BAQP9AQED/QUFB/0FBQf9BQUH/QkJC/0JCQv9DQ0P/Q0ND/0NDQ/9CQkL/QUFB/0FBQf8/Pz//QEBA/0FBQf9CQkL/Q0ND/0NDQ/9DQ0P/Q0ND/0JCQv9CQkL/Q0ND/0VFRf9ERET/QkJC/0JCQv9CQkL/QUFB/0BAQP9AQED/QEBA/0BAQP9AQED/QEBA/0JCQv9DQ0P/QUFB/0BAQP8/Pz//Pz8//0BAQP9BQUH/QkJC/0NDQ/9CQkL/QEBA/0BAQP9BQUH/QUFB/0NDQ/9DQ0P/RUVF/0RERP9CQkL/QUFB/0JCQv9CQkL/QkJC/0NDQ/9DQ0P/Q0ND/0NDQ/9ERET/RERE/0VFRf9FRUX/RUVF/0VFRf9FRUX/RUVF/0RERP9DQ0P/Q0ND/0NDQ/9DQ0P/Q0ND/0NDQ/9ERET/RERE/0NDQ/9CQkL/QUFB/0BAQP8/Pz//QEBA/0FBQf9BQUH/QUFB/0FBQf9BQUH/QUFB/0FBQf9BQUH/Q0ND/0VFRf9ERET/Q0ND/0RERP9FRUX/RERE/0JCQv9CQkL/QkJC/0FBQf9AQED/QUFB/0JCQv9DQ0P/QkJC/0JCQv9BQUH/QUFB/0BAQP9AQED/QUFB/0NDQ/9DQ0P/QkJC/0NDQ/9GRkb/RUVF/0RERP9FRUX/RkZG/0VFRf9DQ0P/QkJC/0NDQ/9DQ0P/RERE/0RERP9DQ0P/QkJC/0JCQv9BQUH/QUFB/0BAQP9BQUH/QkJC/0NDQ/9ERET/Q0ND/0JCQv9CQkL/RERE/0RERP9FRUX/RUVF/0RERP9ERET/Q0ND/0NDQ/9DQ0P/QkJC/0JCQv9CQkL/QkJC/0JCQv9CQkL/Q0ND/0NDQ/9DQ0P/Q0ND/0JCQv9CQkL/QkJC/0JCQv9BQUH/QUFB/0NDQ/9ERET/Q0ND/0FBQf9BQUH/QkJC/0JCQv9BQUH/QUFB/0JCQv9CQkL/QkJC/0JCQv9CQkL/QkJC/0FBQf9BQUH/QEBA/z8/P/9AQED/QUFB/0BAQP8+Pj7/Pz8//0BAQP9BQUH/Q0ND/0JCQv9BQUH/QkJC/0RERP9FRUX/RERE/0RERP9CQkL/QUFB/0FBQf9BQUH/QkJC/0JCQv9CQkL/Q0ND/0ZGRv9KSkr/SUlJ/0hISP9GRkb/Q0ND/0JCQv9BQUH/QUFB/0FBQf9BQUH/QEBA/z8/P/9AQED/QEBA/0BAQP8/Pz//QUFB/0NDQ/9CQkL/QUFB/0BAQP8/Pz//QUFB/0RERP9JSUn/VFRU/1lZWf9hYWH/ZWVl/2hoaP9qamr/bGxs/25ubv9ubm7/b29v/2lpaf9iYmL/Wlpa/05OTv9KSkr/RUVF/0NDQ/9CQkL/QkJC/0JCQv9CQkL/Q0ND/0RERP9HR0f/SkpK/1FRUf9YWFj/Xl5e/2RkZP9mZmb/aWlp/29vb/94eHj/dnZ2/3Fxcf9wcHD/cXFx/3V1df+AgID/gICA/3Jycv9oaGj/XFxc/1JSUv9LS0v/RUVF/0NDQ/9BQUH/QEBA/z4+Pv8/Pz//QEBA/0BAQP9BQUH/RERE/0tLS/9QUFD/V1dX/1hYWP9SUlL/Tk5O/0ZGRv9BQUH/Pz8//zQ0NP80NDT/NTU1/zQ0NP8zMzP/MzMz/zMzM/8zMzP/MzMz/zMzM/80NDT/NDQ0/zQ0NP80NDT/NTU1/zU1Nf82Njb/NjY2/zY2Nv82Njb/Nzc3/zk5Of84ODj/NjY2/zY2Nv82Njb/NjY2/zU1Nf82Njb/Nzc3/zc3N/84ODj/ODg4/zc3N/83Nzf/Nzc3/zc3N/84ODj/ODg4/zg4OP84ODj/ODg4/zg4OP83Nzf/NjY2/zU1Nf80NDT/NDQ0/zU1Nf81NTX/NDQ0/zQ0NP81NTX/NjY2/zY2Nv82Njb/ODg4/zk5Of85OTn/OTk5/zk5Of84ODj/Nzc3/zY2Nv83Nzf/OTk5/zg4OP83Nzf/NjY2/zU1Nf81NTX/Nzc3/zg4OP85OTn/Ojo6/zk5Of84ODj/ODg4/zc3N/84ODj/Ojo6/zo6Ov86Ojr/OTk5/zc3N/83Nzf/ODg4/zg4OP83Nzf/Nzc3/zg4OP84ODj/ODg4/zg4OP84ODj/Nzc3/zc3N/84ODj/ODg4/zk5Of85OTn/OTk5/zk5Of84ODj/ODg4/zk5Of85OTn/OTk5/zk5Of84ODj/Nzc3/zg4OP85OTn/Ojo6/zs7O/86Ojr/OTk5/zo6Ov87Ozv/Ozs7/zo6Ov86Ojr/Ojo6/zo6Ov86Ojr/Ojo6/zk5Of85OTn/ODg4/zg4OP86Ojr/PDw8/zw8PP88PDz/Ozs7/zo6Ov86Ojr/Ojo6/zo6Ov86Ojr/Ojo6/zk5Of85OTn/OTk5/zk5Of85OTn/OTk5/zo6Ov86Ojr/Ojo6/zo6Ov86Ojr/OTk5/zo6Ov87Ozv/Ozs7/zo6Ov85OTn/ODg4/zk5Of87Ozv/Ojo6/zk5Of84ODj/OTk5/zo6Ov86Ojr/Ojo6/zo6Ov86Ojr/Ozs7/z09Pf89PT3/PT09/z09Pf89PT3/PT09/z09Pf89PT3/PDw8/zw8PP87Ozv/Ozs7/zo6Ov86Ojr/Ozs7/zs7O/88PDz/PT09/z09Pf89PT3/PT09/z09Pf89PT3/Pj4+/z4+Pv8+Pj7/Pj4+/z4+Pv8+Pj7/PT09/z09Pf89PT3/PT09/z4+Pv8+Pj7/Pj4+/z4+Pv8+Pj7/PT09/z09Pf88PDz/PT09/z8/P/8/Pz//Pz8//z8/P/8+Pj7/Pj4+/z09Pf89PT3/Pz8//0BAQP8/Pz//Pz8//z8/P/8/Pz//Pz8//z8/P/8/Pz//Pj4+/z4+Pv89PT3/Pj4+/0FBQf9BQUH/Pz8//z4+Pv89PT3/PDw8/z09Pf89PT3/Ozs7/zo6Ov86Ojr/Ojo6/zo6Ov87Ozv/Ozs7/zw8PP89PT3/Pj4+/z09Pf88PDz/PDw8/zo6Ov86Ojr/PDw8/zw8PP87Ozv/Ozs7/z09Pf8+Pj7/Pj4+/z8/P/8/Pz//Pz8//z8/P/8+Pj7/Pj4+/z8/P/8+Pj7/PT09/z09Pf8+Pj7/Pj4+/z8/P/9AQED/QkJC/0NDQ/9CQkL/QkJC/0FBQf9AQED/Pz8//z4+Pv8+Pj7/Pz8//z8/P/8/Pz//Pz8//z8/P/8/Pz//QEBA/0BAQP8/Pz//Pz8//z4+Pv8+Pj7/PT09/zw8PP89PT3/Pz8//z8/P/8+Pj7/Pj4+/z4+Pv8/Pz//QkJC/0JCQv9CQkL/QkJC/0FBQf9BQUH/QEBA/z8/P/8+Pj7/PT09/zw8PP88PDz/Pj4+/0BAQP9AQED/QEBA/0BAQP8/Pz//Pz8//z4+Pv8+Pj7/Pj4+/z4+Pv89PT3/PT09/z8/P/9AQED/QEBA/0BAQP8/Pz//NTU1/zIyMv8vLy//Ly8v/zAwMP8wMDD/MTEx/zExMf8xMTH/MDAw/y4uLv8uLi7/Li4u/y8vL/8xMTH/MTEx/y4uLv8rKyv/KSkp/ycnJ/8pKSn/Kysr/ysrK/8qKir/KCgo/yUlJf8jIyP/ISEh/yAgIP8fHx//Hx8f/x0dHf8dHR3/Gxsb/xoaGv8ZGRn/GBgY/xcXF/8XFxf/FxcX/xYWFv8VFRX/FBQU/xQUFP8UFBT/FBQU/xQUFP8UFBT/EhIS/xISEv8RERH/ERER/xEREf8RERH/EhIS/xISEv8VFRX/GBgY/xsbG/8eHh7/ICAg/yMjI/8jIyP/IiIi/yIiIv8jIyP/IyMj/yQkJP8kJCT/JCQk/yQkJP8iIiL/ISEh/x8fH/8eHh7/Ghoa/xcXF/8XFxf/FhYW/xYWFv8VFRX/FRUV/xUVFf8WFhb/FxcX/xcXF/8ZGRn/Ghoa/xsbG/8dHR3/ICAg/yMjI/8mJib/KSkp/yoqKv8rKyv/Ly8v/zU1Nf81NTX/NDQ0/zMzM/8yMjL/NDQ0/zc3N/84ODj/ODg4/zY2Nv8wMDD/LS0t/zAwMP8xMTH/Li4u/ysrK/8sLCz/LS0t/y4uLv8wMDD/MDAw/zExMf8xMTH/MDAw/y8vL/8sLCz/LS0t/zExMf8yMjL/MTEx/y4uLv8nJyf/IiIi/yQkJP8lJSX/Kysr/zIyMv8xMTH/Ly8v/y8vL/8uLi7/LS0t/ysrK/8qKir/KCgo/ygoKP8mJib/JiYm/yUlJf8kJCT/ISEh/yAgIP8fHx//Hx8f/x0dHf8aGhr/GRkZ/xcXF/8WFhb/FRUV/xUVFf8WFhb/GBgY/xsbG/8fHx//JiYm/ywsLP80NDT/Ojo6/zw8PP8+Pj7/Pj4+/z4+Pv8/Pz//QUFB/0BAQP8/Pz//Pz8//z4+Pv89PT3/PDw8/zk5Of8zMzP/MTEx/y8vL/8wMDD/NTU1/zk5Of8/Pz//Q0ND/0ZGRv9JSUn/S0tL/01NTf9OTk7/T09P/1BQUP9RUVH/UVFR/1JSUv9SUlL/UlJS/1BQUP9MTEz/R0dH/zw8PP81NTX/MjIy/y8vL/8wMDD/MTEx/zc3N/8/Pz//RERE/0xMTP9NTU3/T09P/1BQUP9SUlL/UlJS/1FRUf9RUVH/UlJS/1JSUv9TU1P/VFRU/1ZWVv9XV1f/V1dX/1dXV/9OTk7/RERE/zw8PP8yMjL/MTEx/zAwMP8wMDD/MTEx/zExMf8zMzP/Nzc3/0NDQ/9JSUn/T09P/1NTU/9VVVX/VlZW/1RUVP9SUlL/T09P/0xMTP9NTU3/Tk5O/1BQUP9UVFT/UVFR/0lJSf9DQ0P/ODg4/zQ0NP8wMDD/Li4u/y8vL/8wMDD/MTEx/zExMf8xMTH/MDAw/zAwMP8wMDD/MDAw/zExMf8xMTH/MTEx/zExMf8xMTH/MTEx/zExMf8xMTH/MTEx/zExMf8yMjL/MjIy/zMzM/8zMzP/MzMz/zIyMv8yMjL/MjIy/zIyMv8xMTH/MTEx/zAwMP8xMTH/MjIy/zIyMv80NDT/NDQ0/zQ0NP80NDT/NDQ0/zQ0NP80NDT/NDQ0/zMzM/8xMTH/MTEx/zIyMv8yMjL/MzMz/zMzM/80NDT/NDQ0/zU1Nf81NTX/NDQ0/zQ0NP81NTX/NTU1/zQ0NP8zMzP/NDQ0/zQ0NP80NDT/NTU1/zU1Nf81NTX/NTU1/zQ0NP80NDT/NDQ0/zQ0NP80NDT/NDQ0/zMzM/8zMzP/MzMz/zMzM/80NDT/NDQ0/zQ0NP9AQED/QEBA/0BAQP8/Pz//Pj4+/z4+Pv8+Pj7/Pj4+/zw8PP84ODj/MjIy/ywsLP8jIyP/Hh4e/xsbG/8ZGRn/Ghoa/xsbG/8gICD/JSUl/ykpKf8tLS3/Ly8v/zMzM/80NDT/NjY2/zc3N/84ODj/ODg4/zc3N/80NDT/LS0t/ysrK/8sLCz/Li4u/zU1Nf87Ozv/Ojo6/zk5Of83Nzf/NDQ0/zQ0NP80NDT/MjIy/y8vL/8oKCj/HR0d/xoaGv8ZGRn/Gxsb/yIiIv8oKCj/MTEx/zY2Nv82Njb/Nzc3/zc3N/84ODj/ODg4/zk5Of85OTn/OTk5/zk5Of85OTn/OTk5/zk5Of86Ojr/Ojo6/zo6Ov86Ojr/Ozs7/z09Pf89PT3/PDw8/zw8PP89PT3/Pj4+/z09Pf89PT3/PT09/z09Pf89PT3/Pz8//z8/P/8+Pj7/PT09/zs7O/86Ojr/OTk5/zg4OP82Njb/NTU1/zU1Nf81NTX/MjIy/y8vL/8qKir/IyMj/x8fH/8aGhr/Ghoa/xoaGv8eHh7/JSUl/yYmJv8lJSX/IyMj/x4eHv8bGxv/Gxsb/xoaGv8aGhr/GRkZ/xkZGf8YGBj/GBgY/xkZGf8ZGRn/GRkZ/xkZGf8ZGRn/GRkZ/xgYGP8XFxf/FxcX/xcXF/8XFxf/FxcX/xcXF/8XFxf/GRkZ/xsbG/8xMTH/R0dH/2JiYv+FhYX/eHh4/2NjY/9WVlb/Q0ND/zg4OP8nJyf/ICAg/xoaGv8YGBj/FhYW/xYWFv8WFhb/FhYW/xcXF/8XFxf/Ghoa/x0dHf8qKir/Ojo6/0BAQP9JSUn/Q0ND/zY2Nv8xMTH/Kysr/yoqKv8pKSn/Kioq/ysrK/8sLCz/Li4u/zAwMP8vLy//Ly8v/y4uLv8sLCz/Li4u/zExMf8wMDD/Ly8v/y8vL/8uLi7/Ly8v/zMzM/81NTX/OTk5/zo6Ov83Nzf/NTU1/zY2Nv83Nzf/Pz8//0ZGRv9PT0//WFhY/1ZWVv9UVFT/UlJS/09PT/9PT0//T09P/09PT/9NTU3/TU1N/05OTv9PT0//UFBQ/1FRUf9PT0//Tk5O/1BQUP9SUlL/UVFR/1BQUP9PT0//TU1N/05OTv9PT0//T09P/05OTv9NTU3/S0tL/0tLS/9LS0v/SkpK/0lJSf9ISEj/SEhI/0hISP9ISEj/R0dH/0dHR/9HR0f/RkZG/0ZGRv9GRkb/R0dH/0dHR/9GRkb/RkZG/0ZGRv9FRUX/QkJC/0BAQP89PT3/Ojo6/zo6Ov86Ojr/Ozs7/z09Pf9AQED/QkJC/0NDQ/9ERET/RUVF/0ZGRv9GRkb/RERE/0JCQv9BQUH/QEBA/z4+Pv89PT3/Ojo6/zk5Of82Njb/MzMz/zExMf8uLi7/Li4u/y0tLf8vLy//MTEx/zIyMv80NDT/NDQ0/zMzM/8zMzP/MjIy/zExMf8uLi7/LS0t/y4uLv8uLi7/LS0t/y0tLf8qKir/JiYm/yYmJv8mJib/Jycn/ycnJ/8rKyv/MTEx/zQ0NP85OTn/Ojo6/zs7O/87Ozv/PDw8/zw8PP88PDz/PDw8/zo6Ov84ODj/OTk5/zo6Ov87Ozv/PDw8/z09Pf89PT3/Pj4+/z4+Pv8+Pj7/PT09/z09Pf89PT3/PT09/z4+Pv8+Pj7/PT09/z09Pf89PT3/PT09/z4+Pv8/Pz//Pz8//z4+Pv89PT3/Ozs7/zs7O/86Ojr/OTk5/zc3N/83Nzf/Nzc3/zc3N/86Ojr/Ozs7/zw8PP89PT3/PT09/z4+Pv8+Pj7/PT09/z4+Pv8/Pz//QEBA/0BAQP9AQED/QEBA/0BAQP9BQUH/QUFB/0FBQf9AQED/QEBA/0BAQP9BQUH/QkJC/0JCQv9CQkL/QUFB/0FBQf9BQUH/QkJC/0JCQv9BQUH/QUFB/0BAQP9BQUH/QkJC/0JCQv9BQUH/QUFB/0FBQf9BQUH/QUFB/0BAQP9BQUH/QkJC/0JCQv9CQkL/QkJC/0NDQ/9DQ0P/QkJC/0JCQv9BQUH/QUFB/z8/P/8/Pz//QUFB/0JCQv9CQkL/QkJC/0JCQv9CQkL/QkJC/0JCQv9DQ0P/Q0ND/0JCQv9CQkL/QkJC/0JCQv9CQkL/QUFB/0FBQf9BQUH/QUFB/0FBQf9BQUH/QUFB/0FBQf9AQED/QEBA/z8/P/8/Pz//QEBA/0FBQf9BQUH/QkJC/0FBQf9AQED/QEBA/0BAQP9BQUH/Q0ND/0NDQ/9ERET/Q0ND/0JCQv9BQUH/QUFB/0JCQv9CQkL/Q0ND/0NDQ/9DQ0P/Q0ND/0NDQ/9ERET/RUVF/0VFRf9FRUX/RUVF/0VFRf9ERET/Q0ND/0NDQ/9ERET/RERE/0RERP9ERET/RERE/0NDQ/9CQkL/QkJC/0FBQf9AQED/QEBA/0BAQP9AQED/QUFB/0BAQP9AQED/QEBA/0BAQP9BQUH/QUFB/0JCQv9DQ0P/RUVF/0RERP9ERET/RERE/0RERP9DQ0P/Q0ND/0JCQv9CQkL/QUFB/0BAQP9AQED/QUFB/0FBQf9BQUH/QUFB/0FBQf9BQUH/QUFB/0FBQf9BQUH/QkJC/0JCQv9CQkL/Q0ND/0VFRf9FRUX/RERE/0RERP9FRUX/RERE/0JCQv9BQUH/QUFB/0JCQv9CQkL/Q0ND/0JCQv9CQkL/QUFB/0FBQf9BQUH/QUFB/0FBQf9CQkL/QkJC/0JCQv9CQkL/QkJC/0JCQv9DQ0P/RERE/0ZGRv9GRkb/RUVF/0RERP9DQ0P/Q0ND/0NDQ/9CQkL/QkJC/0JCQv9CQkL/QkJC/0JCQv9CQkL/QUFB/0FBQf9BQUH/QUFB/0FBQf9CQkL/Q0ND/0NDQ/9DQ0P/RERE/0RERP9DQ0P/QkJC/0FBQf9BQUH/QEBA/0BAQP9AQED/QUFB/0JCQv9CQkL/QkJC/0JCQv9BQUH/QUFB/0FBQf9AQED/QEBA/0FBQf9BQUH/QUFB/0BAQP9BQUH/QkJC/0NDQ/9DQ0P/Q0ND/0JCQv9DQ0P/RERE/0VFRf9ERET/RERE/0JCQv9BQUH/QEBA/0BAQP9BQUH/QUFB/0NDQ/9ERET/RkZG/0hISP9HR0f/RERE/0NDQ/9CQkL/QUFB/0FBQf9BQUH/QUFB/0FBQf9BQUH/QUFB/0FBQf9BQUH/QUFB/0FBQf9CQkL/RERE/0NDQ/9CQkL/QkJC/0FBQf9FRUX/TExM/1FRUf9aWlr/X19f/2JiYv9kZGT/Y2Nj/2NjY/9kZGT/ZWVl/2hoaP9qamr/aGho/2ZmZv9fX1//V1dX/1FRUf9ISEj/RkZG/0NDQ/9DQ0P/Q0ND/0NDQ/9DQ0P/RERE/0hISP9LS0v/VVVV/15eXv9jY2P/Z2dn/2hoaP9oaGj/aWlp/2tra/9nZ2f/X19f/15eXv9fX1//YWFh/2dnZ/9mZmb/X19f/1lZWf9SUlL/TU1N/0lJSf9FRUX/RERE/0JCQv9BQUH/QEBA/0BAQP9BQUH/QkJC/0RERP9GRkb/TExM/1BQUP9ZWVn/Wlpa/1NTU/9OTk7/R0dH/0JCQv9BQUH/MjIy/zMzM/8zMzP/MzMz/zMzM/80NDT/NDQ0/zQ0NP80NDT/NDQ0/zQ0NP81NTX/NTU1/zU1Nf82Njb/NjY2/zY2Nv82Njb/NjY2/zc3N/84ODj/ODg4/zg4OP83Nzf/NjY2/zY2Nv82Njb/NTU1/zY2Nv82Njb/Nzc3/zc3N/83Nzf/NjY2/zY2Nv82Njb/NjY2/zY2Nv83Nzf/Nzc3/zc3N/83Nzf/Nzc3/zc3N/83Nzf/Nzc3/zY2Nv82Njb/NjY2/zY2Nv82Njb/NjY2/zY2Nv82Njb/NjY2/zc3N/83Nzf/ODg4/zg4OP84ODj/ODg4/zc3N/83Nzf/NjY2/zY2Nv83Nzf/Nzc3/zY2Nv82Njb/NTU1/zU1Nf83Nzf/ODg4/zk5Of86Ojr/OTk5/zk5Of85OTn/ODg4/zk5Of86Ojr/Ojo6/zo6Ov85OTn/OTk5/zk5Of85OTn/OTk5/zg4OP83Nzf/ODg4/zg4OP84ODj/ODg4/zg4OP84ODj/ODg4/zk5Of85OTn/OTk5/zk5Of85OTn/OTk5/zg4OP84ODj/OTk5/zk5Of85OTn/OTk5/zg4OP84ODj/OTk5/zk5Of85OTn/Ojo6/zo6Ov85OTn/Ojo6/zs7O/87Ozv/Ojo6/zo6Ov86Ojr/Ozs7/zw8PP88PDz/Ozs7/zo6Ov86Ojr/OTk5/zo6Ov88PDz/PDw8/zw8PP87Ozv/Ozs7/zs7O/87Ozv/Ojo6/zk5Of85OTn/OTk5/zo6Ov86Ojr/Ojo6/zo6Ov86Ojr/Ojo6/zo6Ov86Ojr/Ojo6/zo6Ov85OTn/Ojo6/zs7O/87Ozv/Ozs7/zs7O/86Ojr/Ojo6/zs7O/87Ozv/Ojo6/zo6Ov87Ozv/Ozs7/zw8PP89PT3/PT09/z09Pf89PT3/PT09/z09Pf88PDz/PDw8/zw8PP89PT3/PT09/z09Pf89PT3/PDw8/zw8PP88PDz/PDw8/zw8PP87Ozv/Ozs7/zw8PP89PT3/Pj4+/z8/P/8/Pz//Pj4+/z4+Pv89PT3/PT09/z09Pf89PT3/PT09/z09Pf89PT3/PT09/z09Pf89PT3/PT09/z4+Pv8+Pj7/Pj4+/z4+Pv89PT3/PT09/z09Pf8+Pj7/Pz8//z8/P/8+Pj7/Pj4+/z09Pf89PT3/PT09/z4+Pv8+Pj7/Pj4+/z4+Pv8+Pj7/Pj4+/z4+Pv8+Pj7/Pz8//z4+Pv89PT3/PT09/z4+Pv8/Pz//QEBA/0BAQP8/Pz//Pj4+/z09Pf88PDz/PT09/zw8PP88PDz/Ozs7/zs7O/87Ozv/PDw8/zw8PP88PDz/PDw8/z09Pf8+Pj7/PT09/zw8PP88PDz/Ozs7/zs7O/87Ozv/Ozs7/zs7O/87Ozv/PDw8/z09Pf8+Pj7/Pz8//z8/P/8/Pz//Pz8//z4+Pv8+Pj7/Pj4+/z09Pf89PT3/PT09/z4+Pv8+Pj7/Pz8//z8/P/9AQED/QUFB/0FBQf9AQED/QEBA/z8/P/8/Pz//Pz8//z8/P/8/Pz//Pz8//z8/P/9AQED/QUFB/0FBQf9BQUH/QEBA/z8/P/8/Pz//Pj4+/z4+Pv8+Pj7/Pj4+/z4+Pv8/Pz//Pj4+/z4+Pv8+Pj7/Pj4+/z8/P/9BQUH/QUFB/0FBQf9BQUH/QEBA/0BAQP8+Pj7/Pj4+/z4+Pv8+Pj7/Pj4+/z4+Pv8/Pz//QEBA/0BAQP9AQED/QEBA/0BAQP8/Pz//Pj4+/z4+Pv8+Pj7/PT09/z09Pf89PT3/Pj4+/z8/P/8/Pz//Pz8//z4+Pv8xMTH/MjIy/zMzM/80NDT/NDQ0/zQ0NP8zMzP/NDQ0/zc3N/82Njb/MzMz/zExMf8vLy//Ly8v/y8vL/8vLy//Kysr/ygoKP8mJib/IyMj/yUlJf8oKCj/KCgo/ygoKP8nJyf/JiYm/yYmJv8lJSX/JCQk/yIiIv8hISH/Hx8f/x4eHv8cHBz/Gxsb/xkZGf8YGBj/GBgY/xcXF/8XFxf/FxcX/xYWFv8VFRX/FRUV/xUVFf8UFBT/FBQU/xQUFP8TExP/ExMT/xISEv8RERH/ERER/xEREf8RERH/EhIS/xQUFP8XFxf/Ghoa/x4eHv8gICD/IiIi/yMjI/8iIiL/IyMj/yMjI/8jIyP/IyMj/yMjI/8jIyP/IyMj/yEhIf8gICD/Hh4e/x0dHf8aGhr/FxcX/xcXF/8WFhb/FhYW/xYWFv8WFhb/FhYW/xcXF/8YGBj/GRkZ/xsbG/8dHR3/ISEh/yMjI/8oKCj/Kioq/yoqKv8qKir/Kioq/ykpKf8sLCz/Ly8v/y8vL/8vLy//MDAw/zIyMv81NTX/Ozs7/zw8PP85OTn/NjY2/zAwMP8tLS3/LS0t/ywsLP8sLCz/Kysr/y0tLf8wMDD/MTEx/zExMf8zMzP/NTU1/zQ0NP8xMTH/MDAw/y0tLf8tLS3/Ly8v/y8vL/8tLS3/Kysr/yYmJv8jIyP/JiYm/ykpKf8xMTH/OTk5/zc3N/8zMzP/MTEx/y8vL/8vLy//MDAw/zExMf8xMTH/MDAw/y4uLv8sLCz/KSkp/ycnJ/8kJCT/IiIi/yEhIf8gICD/Hh4e/xsbG/8aGhr/GRkZ/xgYGP8WFhb/FhYW/xYWFv8XFxf/GRkZ/xwcHP8iIiL/JiYm/zAwMP81NTX/Ojo6/z09Pf8+Pj7/Pz8//0BAQP9BQUH/QUFB/0FBQf9BQUH/QUFB/0BAQP8+Pj7/Ozs7/zY2Nv80NDT/MDAw/zAwMP8yMjL/MzMz/zc3N/85OTn/Ozs7/z09Pf8+Pj7/Pz8//z8/P/9AQED/QEBA/0FBQf9BQUH/QkJC/0JCQv9DQ0P/Q0ND/0BAQP89PT3/NjY2/zIyMv8wMDD/Li4u/y8vL/8wMDD/MzMz/zc3N/86Ojr/Pj4+/z8/P/9BQUH/QkJC/0JCQv9CQkL/QUFB/0FBQf9BQUH/QUFB/0NDQ/9FRUX/RkZG/0hISP9HR0f/R0dH/0FBQf86Ojr/NjY2/zExMf8xMTH/MTEx/zAwMP8xMTH/MTEx/zExMf8zMzP/Ojo6/z4+Pv9DQ0P/RUVF/0dHR/9ISEj/R0dH/0dHR/9FRUX/RERE/0RERP9ERET/RUVF/0dHR/9ERET/Pz8//zs7O/81NTX/MjIy/zAwMP8vLy//MDAw/zAwMP8wMDD/MDAw/zAwMP8vLy//Ly8v/zAwMP8wMDD/MDAw/zExMf8xMTH/MTEx/zExMf8wMDD/MDAw/zAwMP8wMDD/MDAw/zExMf8yMjL/MjIy/zIyMv8yMjL/MTEx/zExMf8xMTH/MTEx/zExMf8wMDD/MDAw/zAwMP8wMDD/MTEx/zIyMv8yMjL/MjIy/zMzM/8zMzP/MzMz/zQ0NP80NDT/MzMz/zIyMv8yMjL/MjIy/zMzM/8zMzP/NDQ0/zQ0NP80NDT/NDQ0/zQ0NP80NDT/NDQ0/zQ0NP80NDT/NDQ0/zMzM/8zMzP/NDQ0/zQ0NP81NTX/NTU1/zU1Nf80NDT/NDQ0/zQ0NP80NDT/NDQ0/zMzM/8zMzP/MzMz/zMzM/8zMzP/MzMz/zMzM/8zMzP/MjIy/0NDQ/9CQkL/QUFB/0BAQP8+Pj7/Pj4+/z8/P/8+Pj7/PDw8/zk5Of8zMzP/Li4u/yUlJf8hISH/HBwc/xoaGv8aGhr/Ghoa/x4eHv8hISH/IyMj/yYmJv8mJib/KCgo/ykpKf8qKir/Kysr/y0tLf8tLS3/LS0t/ysrK/8mJib/JCQk/yQkJP8lJSX/Kioq/y8vL/8vLy//Ly8v/ywsLP8qKir/Kioq/yoqKv8pKSn/Jycn/yMjI/8bGxv/Ghoa/xkZGf8cHBz/IyMj/ygoKP8wMDD/NDQ0/zY2Nv83Nzf/ODg4/zk5Of85OTn/Ojo6/zo6Ov85OTn/OTk5/zg4OP85OTn/Ojo6/zo6Ov86Ojr/Ojo6/zk5Of85OTn/Ozs7/zs7O/86Ojr/OTk5/zo6Ov87Ozv/Ozs7/zs7O/87Ozv/Ojo6/zo6Ov85OTn/OTk5/zk5Of85OTn/ODg4/zg4OP83Nzf/Nzc3/zU1Nf80NDT/NTU1/zU1Nf8zMzP/MTEx/ysrK/8kJCT/ICAg/xsbG/8bGxv/Gxsb/x8fH/8pKSn/Kioq/ygoKP8lJSX/Hh4e/xsbG/8aGhr/Ghoa/xkZGf8ZGRn/GBgY/xYWFv8XFxf/FxcX/xcXF/8YGBj/GBgY/xcXF/8XFxf/FhYW/xYWFv8WFhb/FhYW/xcXF/8XFxf/GBgY/xgYGP8bGxv/Hh4e/zw8PP9cXFz/fn5+/6mpqf+NjY3/YmJi/1paWv9RUVH/RkZG/zAwMP8oKCj/HR0d/xkZGf8XFxf/FhYW/xcXF/8XFxf/FxcX/xgYGP8aGhr/HBwc/ygoKP83Nzf/Pz8//0tLS/9ISEj/QEBA/z09Pf85OTn/ODg4/zk5Of85OTn/Ojo6/zs7O/8/Pz//QUFB/z8/P/8+Pj7/PT09/zw8PP8+Pj7/QUFB/0BAQP8/Pz//Pz8//z4+Pv9AQED/RERE/0dHR/9KSkr/S0tL/0hISP9GRkb/RUVF/0VFRf9KSkr/T09P/1ZWVv9eXl7/WVlZ/1JSUv9QUFD/TExM/0tLS/9KSkr/SkpK/0lJSf9KSkr/TExM/0xMTP9NTU3/TU1N/0tLS/9KSkr/SkpK/0tLS/9KSkr/SUlJ/0hISP9HR0f/SEhI/0pKSv9JSUn/SEhI/0dHR/9HR0f/RkZG/0ZGRv9FRUX/Q0ND/0FBQf9BQUH/QUFB/0FBQf9BQUH/QUFB/0BAQP9AQED/QEBA/0BAQP9CQkL/QkJC/0FBQf9CQkL/RERE/0VFRf9DQ0P/QUFB/z4+Pv89PT3/Ozs7/zo6Ov87Ozv/PDw8/z4+Pv9AQED/QUFB/0JCQv9BQUH/QEBA/z8/P/8+Pj7/PT09/zw8PP87Ozv/Ojo6/zo6Ov87Ozv/PDw8/zo6Ov85OTn/ODg4/zc3N/83Nzf/Nzc3/zk5Of88PDz/PT09/z8/P/89PT3/OTk5/zg4OP83Nzf/Nzc3/zY2Nv83Nzf/ODg4/zg4OP83Nzf/NjY2/zMzM/8vLy//Ly8v/y0tLf8tLS3/LS0t/y4uLv8wMDD/MTEx/zExMf8yMjL/NDQ0/zU1Nf83Nzf/Nzc3/zg4OP84ODj/NjY2/zQ0NP83Nzf/Ojo6/zs7O/88PDz/PDw8/zw8PP88PDz/Ozs7/zs7O/86Ojr/OTk5/zg4OP84ODj/ODg4/zg4OP83Nzf/NjY2/zc3N/83Nzf/OTk5/zs7O/86Ojr/OTk5/zg4OP81NTX/NDQ0/zMzM/8yMjL/MjIy/zExMf8xMTH/MTEx/zMzM/81NTX/NjY2/zc3N/83Nzf/PT09/z09Pf8+Pj7/Pj4+/z8/P/8/Pz//Pj4+/z4+Pv8+Pj7/Pz8//0FBQf9CQkL/QEBA/0BAQP8/Pz//Pj4+/0FBQf9CQkL/QUFB/0FBQf9AQED/Pz8//0BAQP9CQkL/QkJC/0JCQv9BQUH/QEBA/0FBQf9CQkL/QkJC/0FBQf9AQED/QUFB/0JCQv9BQUH/QEBA/0JCQv9DQ0P/Q0ND/0JCQv9CQkL/Q0ND/0JCQv9BQUH/QUFB/0FBQf9BQUH/Pz8//z8/P/9BQUH/QUFB/0BAQP9AQED/QEBA/0BAQP9CQkL/Q0ND/0JCQv9AQED/QUFB/0JCQv9CQkL/QkJC/0JCQv9CQkL/QkJC/0JCQv9CQkL/QUFB/0FBQf9AQED/QEBA/z8/P/8/Pz//QEBA/0BAQP9AQED/QUFB/0FBQf9BQUH/QUFB/0BAQP9AQED/QEBA/0FBQf9DQ0P/RERE/0NDQ/9CQkL/QUFB/0BAQP9BQUH/QUFB/0JCQv9CQkL/QkJC/0JCQv9CQkL/Q0ND/0RERP9FRUX/RUVF/0ZGRv9GRkb/RERE/0RERP9DQ0P/Q0ND/0RERP9FRUX/RUVF/0ZGRv9ERET/QUFB/0FBQf9AQED/QEBA/z8/P/9AQED/QkJC/0FBQf9AQED/QEBA/z8/P/8/Pz//QEBA/0BAQP9BQUH/QkJC/0NDQ/9ERET/RERE/0VFRf9ERET/Q0ND/0NDQ/9DQ0P/Q0ND/0JCQv9BQUH/QEBA/0BAQP9AQED/QEBA/0BAQP9AQED/QUFB/0JCQv9CQkL/QkJC/0FBQf9AQED/QUFB/0JCQv9DQ0P/RERE/0RERP9DQ0P/Q0ND/0RERP9DQ0P/QUFB/0BAQP9AQED/QEBA/0FBQf9CQkL/QkJC/0FBQf9BQUH/QUFB/0FBQf9CQkL/QkJC/0JCQv9CQkL/QUFB/0FBQf9BQUH/QUFB/0NDQ/9ERET/RkZG/0hISP9FRUX/RERE/0NDQ/9DQ0P/Q0ND/0NDQ/9DQ0P/QkJC/0JCQv9BQUH/QUFB/0BAQP9AQED/Pj4+/z8/P/9AQED/QEBA/0JCQv9DQ0P/RUVF/0ZGRv9FRUX/RERE/0RERP9DQ0P/QUFB/z8/P/8/Pz//Pz8//0BAQP9BQUH/QUFB/0JCQv9CQkL/QUFB/0FBQf9BQUH/QUFB/0FBQf9BQUH/QUFB/0JCQv9CQkL/Q0ND/0RERP9FRUX/RERE/0NDQ/9DQ0P/Q0ND/0NDQ/9ERET/RERE/0VFRf9ERET/QkJC/0FBQf9AQED/Pz8//0BAQP9AQED/Q0ND/0ZGRv9GRkb/RkZG/0RERP9BQUH/QUFB/0FBQf9BQUH/QEBA/0BAQP9BQUH/QkJC/0NDQ/9DQ0P/Q0ND/0NDQ/9DQ0P/Q0ND/0RERP9FRUX/RERE/0NDQ/9DQ0P/RERE/0lJSf9TU1P/WVlZ/2FhYf9kZGT/ZGRk/2NjY/9eXl7/XFxc/1xcXP9dXV3/YWFh/2VlZf9nZ2f/aWlp/2VlZf9fX1//WFhY/0tLS/9ISEj/RUVF/0RERP9FRUX/RUVF/0RERP9ERET/SEhI/01NTf9ZWVn/ZWVl/2hoaP9ra2v/ampq/2hoaP9kZGT/Xl5e/1hYWP9PT0//TU1N/01NTf9NTU3/Tk5O/05OTv9MTEz/S0tL/0lJSf9ISEj/R0dH/0ZGRv9ERET/QkJC/0JCQv9BQUH/QUFB/0JCQv9DQ0P/RkZG/0hISP9MTEz/UVFR/1paWv9bW1v/U1NT/05OTv9ISEj/RERE/0NDQ/8wMDD/MTEx/zExMf8yMjL/NDQ0/zQ0NP81NTX/NTU1/zU1Nf81NTX/NTU1/zU1Nf82Njb/NjY2/zc3N/83Nzf/NjY2/zU1Nf83Nzf/ODg4/zg4OP84ODj/ODg4/zg4OP83Nzf/NTU1/zU1Nf82Njb/NjY2/zY2Nv82Njb/NjY2/zY2Nv81NTX/NTU1/zU1Nf81NTX/NTU1/zU1Nf82Njb/NjY2/zY2Nv83Nzf/Nzc3/zg4OP84ODj/ODg4/zg4OP84ODj/ODg4/zc3N/83Nzf/Nzc3/zc3N/83Nzf/Nzc3/zc3N/83Nzf/Nzc3/zc3N/83Nzf/NjY2/zY2Nv82Njb/NjY2/zY2Nv82Njb/NjY2/zY2Nv81NTX/NTU1/zc3N/84ODj/OTk5/zo6Ov86Ojr/Ojo6/zo6Ov86Ojr/Ojo6/zo6Ov86Ojr/OTk5/zk5Of86Ojr/Ojo6/zo6Ov86Ojr/ODg4/zg4OP83Nzf/Nzc3/zc3N/83Nzf/ODg4/zk5Of85OTn/Ojo6/zo6Ov85OTn/OTk5/zo6Ov85OTn/ODg4/zg4OP85OTn/OTk5/zo6Ov86Ojr/OTk5/zk5Of85OTn/OTk5/zk5Of85OTn/OTk5/zk5Of86Ojr/PDw8/zs7O/85OTn/Ojo6/zs7O/88PDz/Pj4+/z4+Pv89PT3/PDw8/zs7O/86Ojr/Ozs7/zs7O/87Ozv/Ozs7/zs7O/88PDz/PDw8/zs7O/86Ojr/ODg4/zk5Of86Ojr/Ojo6/zs7O/87Ozv/Ojo6/zo6Ov86Ojr/Ojo6/zo6Ov86Ojr/Ojo6/zo6Ov86Ojr/Ozs7/zs7O/88PDz/PDw8/zw8PP88PDz/Ozs7/zs7O/87Ozv/Ozs7/zw8PP88PDz/Pj4+/z8/P/9AQED/QUFB/z8/P/8+Pj7/PDw8/zo6Ov87Ozv/PDw8/zw8PP89PT3/PT09/z09Pf89PT3/Pj4+/z4+Pv8/Pz//Pj4+/zw8PP86Ojr/PDw8/z09Pf8/Pz//QUFB/0BAQP9AQED/Pj4+/zs7O/87Ozv/PDw8/zw8PP87Ozv/Ozs7/zw8PP88PDz/PDw8/zw8PP89PT3/PT09/z4+Pv8+Pj7/Pj4+/z4+Pv8+Pj7/Pz8//z8/P/8/Pz//Pj4+/z09Pf89PT3/PDw8/zw8PP8+Pj7/Pj4+/z09Pf89PT3/PT09/zw8PP89PT3/PT09/z4+Pv8+Pj7/PT09/zw8PP89PT3/Pz8//z8/P/8/Pz//Pz8//z4+Pv8+Pj7/PT09/z09Pf88PDz/PDw8/zw8PP88PDz/PDw8/z09Pf89PT3/PT09/z09Pf89PT3/PT09/z4+Pv89PT3/PDw8/zw8PP87Ozv/Ozs7/zs7O/87Ozv/Ojo6/zo6Ov87Ozv/PDw8/z4+Pv9AQED/Pz8//z4+Pv8+Pj7/Pz8//z4+Pv88PDz/PDw8/z09Pf89PT3/Pz8//z8/P/8+Pj7/PT09/z4+Pv8+Pj7/Pz8//z8/P/8/Pz//Pj4+/z8/P/9AQED/QEBA/z8/P/8/Pz//Pz8//0BAQP9CQkL/QkJC/0FBQf9BQUH/QEBA/z8/P/8+Pj7/PT09/z8/P/9AQED/Pz8//z4+Pv8+Pj7/Pj4+/z4+Pv8+Pj7/Pz8//0BAQP9AQED/QEBA/0BAQP8/Pz//Pz8//z09Pf88PDz/PT09/z4+Pv8/Pz//QEBA/0BAQP9AQED/QEBA/0BAQP9AQED/QEBA/z8/P/89PT3/PT09/z09Pf89PT3/PT09/z09Pf8+Pj7/Pj4+/z4+Pv8+Pj7/Pj4+/y0tLf8yMjL/Nzc3/zg4OP85OTn/Nzc3/zU1Nf83Nzf/PDw8/zs7O/83Nzf/NDQ0/zAwMP8vLy//Li4u/ywsLP8pKSn/JiYm/yMjI/8fHx//IiIi/yQkJP8lJSX/JSUl/yYmJv8nJyf/Jycn/ykpKf8oKCj/JSUl/yQkJP8hISH/Hx8f/x0dHf8cHBz/Ghoa/xkZGf8YGBj/GBgY/xgYGP8XFxf/FxcX/xYWFv8WFhb/FRUV/xUVFf8UFBT/FBQU/xQUFP8UFBT/EhIS/xISEv8RERH/ERER/xEREf8RERH/ExMT/xUVFf8ZGRn/Hh4e/yAgIP8iIiL/IiIi/yMjI/8jIyP/IyMj/yMjI/8jIyP/IyMj/yIiIv8iIiL/ISEh/yAgIP8eHh7/HBwc/xoaGv8XFxf/FxcX/xYWFv8WFhb/FhYW/xYWFv8XFxf/GBgY/xkZGf8aGhr/HR0d/yAgIP8mJib/Kioq/y8vL/8yMjL/Li4u/ysrK/8pKSn/Jycn/ygoKP8pKSn/Kioq/yoqKv8tLS3/MjIy/zc3N/8/Pz//Pz8//zo6Ov83Nzf/Ly8v/ywsLP8qKir/KSkp/yoqKv8rKyv/Ly8v/zMzM/8zMzP/MzMz/zY2Nv85OTn/Nzc3/zMzM/8xMTH/Li4u/y0tLf8uLi7/LS0t/ysrK/8pKSn/JSUl/yQkJP8oKCj/LCws/zY2Nv9AQED/PDw8/zc3N/80NDT/MDAw/zIyMv81NTX/Nzc3/zo6Ov85OTn/NTU1/zIyMv8tLS3/Kioq/ycnJ/8lJSX/IyMj/yEhIf8fHx//HR0d/xwcHP8aGhr/GRkZ/xcXF/8WFhb/FRUV/xYWFv8XFxf/GRkZ/x0dHf8hISH/Kysr/zIyMv84ODj/PDw8/z8/P/9BQUH/QUFB/0JCQv9CQkL/Q0ND/0NDQ/9ERET/QkJC/z8/P/89PT3/Ojo6/zc3N/8xMTH/Ly8v/y4uLv8uLi7/Ly8v/zAwMP8xMTH/MjIy/zExMf8xMTH/MTEx/zExMf8xMTH/MTEx/zExMf8yMjL/MzMz/zU1Nf82Njb/NDQ0/zMzM/8xMTH/Ly8v/y4uLv8tLS3/Li4u/y8vL/8vLy//Ly8v/zAwMP8xMTH/MjIy/zQ0NP80NDT/MzMz/zMzM/8xMTH/MTEx/zAwMP8xMTH/NDQ0/zU1Nf83Nzf/OTk5/zg4OP83Nzf/NDQ0/zAwMP8wMDD/MTEx/zExMf8xMTH/MTEx/zAwMP8wMDD/Li4u/y8vL/8yMjL/MzMz/zY2Nv84ODj/OTk5/zo6Ov87Ozv/PDw8/zw8PP88PDz/Ozs7/zs7O/86Ojr/Ojo6/zg4OP80NDT/MzMz/zExMf8wMDD/MDAw/zAwMP8wMDD/MDAw/y8vL/8vLy//Ly8v/y4uLv8vLy//MDAw/zAwMP8wMDD/MDAw/zAwMP8wMDD/MDAw/zAwMP8vLy//Ly8v/y4uLv8uLi7/MDAw/zExMf8yMjL/MjIy/zExMf8wMDD/MDAw/zAwMP8wMDD/MDAw/zAwMP8wMDD/MDAw/y8vL/8vLy//MDAw/zAwMP8xMTH/MTEx/zIyMv8yMjL/MzMz/zQ0NP8zMzP/MjIy/zIyMv8yMjL/MzMz/zQ0NP80NDT/NDQ0/zQ0NP80NDT/NDQ0/zQ0NP80NDT/NDQ0/zQ0NP8zMzP/MzMz/zMzM/8zMzP/NDQ0/zQ0NP80NDT/NDQ0/zQ0NP8zMzP/NDQ0/zU1Nf80NDT/MjIy/zExMf8yMjL/MjIy/zIyMv8yMjL/MTEx/zExMf8xMTH/QUFB/0BAQP8/Pz//Pz8//z4+Pv8+Pj7/Pz8//z4+Pv89PT3/Ojo6/zU1Nf8xMTH/Kysr/ycnJ/8jIyP/ISEh/yEhIf8hISH/IyMj/yUlJf8mJib/KCgo/ygoKP8oKCj/KCgo/ykpKf8qKir/Kysr/ysrK/8qKir/KSkp/yYmJv8lJSX/JSUl/yYmJv8pKSn/Kysr/ysrK/8rKyv/Kioq/ykpKf8pKSn/KSkp/ykpKf8oKCj/JSUl/yEhIf8gICD/ISEh/yMjI/8pKSn/LS0t/zMzM/82Njb/Nzc3/zg4OP85OTn/OTk5/zo6Ov86Ojr/Ojo6/zk5Of85OTn/OTk5/zk5Of86Ojr/Ojo6/zo6Ov85OTn/OTk5/zk5Of86Ojr/Ozs7/zs7O/87Ozv/Ozs7/zs7O/87Ozv/Ozs7/zs7O/88PDz/PDw8/zw8PP88PDz/PDw8/zs7O/86Ojr/Ojo6/zk5Of84ODj/Nzc3/zY2Nv82Njb/NjY2/zU1Nf80NDT/Ly8v/ykpKf8mJib/IiIi/x8fH/8bGxv/HBwc/yEhIf8iIiL/ICAg/x4eHv8aGhr/GBgY/xgYGP8XFxf/FxcX/xcXF/8WFhb/FRUV/xUVFf8VFRX/FRUV/xYWFv8WFhb/FRUV/xUVFf8VFRX/FRUV/xYWFv8WFhb/FRUV/xUVFf8WFhb/FhYW/xgYGP8aGhr/Ly8v/0ZGRv9nZ2f/j4+P/4KCgv9tbW3/aGho/2JiYv9bW1v/UFBQ/0RERP8uLi7/JCQk/x4eHv8bGxv/HBwc/xwcHP8dHR3/Hh4e/x8fH/8hISH/KCgo/zIyMv82Njb/Ozs7/zg4OP8yMjL/MDAw/ywsLP8sLCz/LCws/ywsLP8tLS3/Li4u/zAwMP8xMTH/MDAw/zAwMP8vLy//Li4u/zAwMP8yMjL/MjIy/zExMf8xMTH/MTEx/zMzM/84ODj/Ozs7/z8/P/9AQED/Pz8//z4+Pv8+Pj7/Pj4+/0FBQf9ERET/R0dH/0lJSf9FRUX/Pz8//z09Pf85OTn/ODg4/zg4OP83Nzf/Nzc3/zc3N/84ODj/OTk5/zg4OP84ODj/ODg4/zc3N/83Nzf/Nzc3/zc3N/82Njb/NjY2/zU1Nf82Njb/Nzc3/zY2Nv81NTX/NTU1/zU1Nf81NTX/NTU1/zQ0NP8yMjL/MDAw/zAwMP8wMDD/MDAw/zAwMP8wMDD/MDAw/zAwMP8vLy//MDAw/zExMf8xMTH/MTEx/zExMf8zMzP/MzMz/zIyMv8yMjL/MzMz/zQ0NP80NDT/NDQ0/zQ0NP81NTX/NTU1/zY2Nv83Nzf/ODg4/zc3N/81NTX/MzMz/zAwMP8vLy//Li4u/y0tLf8sLCz/Kysr/ywsLP8tLS3/LCws/ywsLP8rKyv/Kioq/yoqKv8qKir/Kysr/y4uLv8vLy//MTEx/zExMf8wMDD/Ly8v/y0tLf8sLCz/Kysr/yoqKv8rKyv/Kysr/ykpKf8oKCj/JiYm/yMjI/8jIyP/IiIi/yIiIv8iIiL/IyMj/yQkJP8lJSX/JSUl/yYmJv8nJyf/KCgo/ykpKf8pKSn/KSkp/ykpKf8pKSn/KCgo/ysrK/8tLS3/MDAw/zIyMv8zMzP/NDQ0/zMzM/8zMzP/MTEx/y8vL/8tLS3/Kysr/ysrK/8qKir/Kioq/ygoKP8oKCj/KCgo/ykpKf8rKyv/LS0t/y4uLv8uLi7/LS0t/yoqKv8pKSn/Jycn/yYmJv8lJSX/JSUl/yQkJP8kJCT/JiYm/ygoKP8qKir/LCws/ywsLP89PT3/Pj4+/z4+Pv8+Pj7/Pz8//z8/P/8/Pz//Pz8//z8/P/9AQED/QUFB/0FBQf9AQED/QEBA/z8/P/8/Pz//QUFB/0JCQv9BQUH/QEBA/z8/P/8+Pj7/Pz8//0FBQf9BQUH/QkJC/0FBQf9BQUH/QUFB/0JCQv9CQkL/QUFB/0FBQf9BQUH/QUFB/0BAQP8/Pz//QUFB/0NDQ/9CQkL/QkJC/0JCQv9CQkL/QUFB/0BAQP9AQED/QEBA/z8/P/8/Pz//Pz8//0BAQP9BQUH/QEBA/0BAQP9AQED/QEBA/0FBQf9BQUH/QUFB/0BAQP9BQUH/QUFB/0FBQf9BQUH/QUFB/0BAQP9AQED/QUFB/0FBQf9BQUH/QUFB/0FBQf9BQUH/QUFB/0FBQf9BQUH/QUFB/0FBQf9BQUH/QUFB/0FBQf9BQUH/QUFB/0FBQf9BQUH/QUFB/0JCQv9CQkL/QkJC/0JCQv9CQkL/QUFB/0FBQf9BQUH/QkJC/0JCQv9CQkL/QkJC/0JCQv9CQkL/QkJC/0NDQ/9DQ0P/QkJC/0JCQv9CQkL/QkJC/0FBQf9BQUH/QkJC/0JCQv9DQ0P/Q0ND/0JCQv9AQED/QEBA/0BAQP9AQED/Pz8//0BAQP9CQkL/QkJC/0FBQf9AQED/Pz8//z8/P/8/Pz//QEBA/0FBQf9BQUH/QkJC/0JCQv9DQ0P/RERE/0NDQ/9DQ0P/QkJC/0JCQv9CQkL/QkJC/0JCQv9CQkL/QkJC/0BAQP9AQED/QEBA/0FBQf9BQUH/QkJC/0JCQv9CQkL/QUFB/0FBQf9BQUH/QkJC/0JCQv9DQ0P/Q0ND/0NDQ/9DQ0P/Q0ND/0JCQv9CQkL/QUFB/0FBQf9BQUH/QkJC/0JCQv9BQUH/QEBA/0BAQP9AQED/QUFB/0FBQf9BQUH/QUFB/0FBQf9BQUH/QkJC/0JCQv9CQkL/Q0ND/0RERP9FRUX/RkZG/0VFRf9FRUX/RERE/0NDQ/9DQ0P/Q0ND/0JCQv9CQkL/QkJC/0FBQf9BQUH/QEBA/z8/P/8+Pj7/Pj4+/0BAQP9AQED/QkJC/0NDQ/9ERET/RERE/0RERP9DQ0P/QkJC/0FBQf9BQUH/Pz8//0BAQP9AQED/QEBA/0FBQf9CQkL/QkJC/0JCQv9BQUH/QUFB/0BAQP9AQED/QEBA/0BAQP9AQED/QUFB/0JCQv9DQ0P/RERE/0ZGRv9FRUX/RERE/0NDQ/9CQkL/QkJC/0NDQ/9DQ0P/RERE/0NDQ/9CQkL/QUFB/0FBQf9BQUH/QkJC/0NDQ/9ERET/RkZG/0ZGRv9GRkb/RERE/0JCQv9CQkL/QkJC/0JCQv9BQUH/QUFB/0NDQ/9DQ0P/Q0ND/0JCQv9CQkL/QkJC/0JCQv9BQUH/QkJC/0NDQ/9DQ0P/QkJC/0NDQ/9GRkb/TExM/1hYWP9dXV3/Y2Nj/2NjY/9dXV3/Wlpa/1VVVf9SUlL/UlJS/1JSUv9WVlb/Wlpa/19fX/9lZWX/ZGRk/2JiYv9bW1v/Tk5O/0pKSv9FRUX/RERE/0RERP9ERET/QkJC/0NDQ/9HR0f/S0tL/1lZWf9lZWX/ampq/29vb/9ra2v/ZmZm/19fX/9UVFT/T09P/0hISP9HR0f/R0dH/0hISP9ISEj/R0dH/0ZGRv9GRkb/RkZG/0VFRf9FRUX/RERE/0NDQ/9CQkL/QkJC/0NDQ/9ERET/RkZG/0pKSv9QUFD/UVFR/09PT/9SUlL/XFxc/11dXf9UVFT/T09P/0hISP9DQ0P/QkJC/zIyMv8xMTH/MTEx/zIyMv80NDT/NDQ0/zQ0NP80NDT/NDQ0/zQ0NP80NDT/NTU1/zY2Nv82Njb/NjY2/zY2Nv82Njb/NTU1/zY2Nv83Nzf/Nzc3/zc3N/83Nzf/Nzc3/zY2Nv81NTX/NTU1/zY2Nv82Njb/NjY2/zc3N/83Nzf/Nzc3/zY2Nv81NTX/NTU1/zY2Nv82Njb/NjY2/zc3N/83Nzf/Nzc3/zc3N/84ODj/ODg4/zg4OP84ODj/ODg4/zg4OP83Nzf/Nzc3/zc3N/83Nzf/Nzc3/zc3N/84ODj/ODg4/zg4OP84ODj/Nzc3/zc3N/82Njb/NjY2/zY2Nv82Njb/Nzc3/zc3N/82Njb/NjY2/zY2Nv83Nzf/ODg4/zk5Of85OTn/Ojo6/zk5Of85OTn/Ojo6/zo6Ov86Ojr/Ojo6/zo6Ov86Ojr/Ojo6/zs7O/87Ozv/Ozs7/zs7O/85OTn/OTk5/zg4OP83Nzf/Nzc3/zg4OP84ODj/ODg4/zk5Of85OTn/OTk5/zk5Of85OTn/OTk5/zk5Of85OTn/OTk5/zk5Of85OTn/Ojo6/zo6Ov86Ojr/OTk5/zk5Of85OTn/OTk5/zk5Of86Ojr/Ojo6/zs7O/88PDz/Ozs7/zo6Ov86Ojr/Ojo6/zs7O/88PDz/PDw8/zs7O/87Ozv/Ojo6/zo6Ov86Ojr/Ozs7/zs7O/87Ozv/PDw8/z09Pf88PDz/Ozs7/zs7O/85OTn/Ojo6/zo6Ov87Ozv/Ozs7/zs7O/87Ozv/Ozs7/zo6Ov86Ojr/Ojo6/zo6Ov86Ojr/Ojo6/zo6Ov87Ozv/Ozs7/zw8PP88PDz/PDw8/zw8PP87Ozv/Ozs7/zw8PP88PDz/PDw8/zw8PP89PT3/Pj4+/z8/P/9AQED/Pz8//z4+Pv89PT3/Ozs7/zw8PP88PDz/PT09/z09Pf89PT3/PT09/z4+Pv8+Pj7/Pj4+/z8/P/8/Pz//PT09/zw8PP89PT3/Pj4+/z8/P/8/Pz//Pz8//z8/P/8+Pj7/PDw8/zw8PP88PDz/PDw8/zw8PP88PDz/PT09/z4+Pv8+Pj7/Pj4+/z09Pf89PT3/Pj4+/z4+Pv8+Pj7/Pj4+/z4+Pv8/Pz//Pj4+/z4+Pv8+Pj7/PT09/z09Pf88PDz/PDw8/z4+Pv8+Pj7/Pj4+/z4+Pv89PT3/PDw8/z09Pf89PT3/PT09/z4+Pv89PT3/PDw8/z09Pf8+Pj7/Pz8//z8/P/8/Pz//Pz8//z8/P/8+Pj7/PT09/zw8PP88PDz/PDw8/zw8PP88PDz/PT09/zw8PP88PDz/PDw8/zw8PP88PDz/PDw8/z09Pf89PT3/PT09/z09Pf89PT3/PT09/zw8PP88PDz/Ozs7/zw8PP89PT3/Pj4+/z8/P/8/Pz//Pj4+/z4+Pv8/Pz//Pz8//z4+Pv8+Pj7/Pj4+/z4+Pv8/Pz//Pz8//z4+Pv8+Pj7/Pj4+/z4+Pv8/Pz//Pz8//z8/P/8+Pj7/Pz8//z8/P/8/Pz//Pz8//0BAQP9BQUH/QkJC/0NDQ/9DQ0P/QUFB/0BAQP9AQED/QEBA/z8/P/8/Pz//QEBA/0BAQP8/Pz//Pj4+/z4+Pv8+Pj7/Pz8//z8/P/8/Pz//QEBA/0BAQP8/Pz//Pz8//z8/P/8/Pz//PT09/z09Pf89PT3/Pj4+/z8/P/8/Pz//Pz8//z8/P/8/Pz//QEBA/0BAQP9AQED/Pz8//z4+Pv89PT3/PT09/z09Pf89PT3/PT09/zw8PP88PDz/PT09/z4+Pv8+Pj7/Kioq/y4uLv8yMjL/NDQ0/zY2Nv81NTX/NDQ0/zc3N/87Ozv/Ozs7/zk5Of82Njb/MDAw/y0tLf8rKyv/KSkp/ygoKP8nJyf/JCQk/yIiIv8jIyP/JSUl/yYmJv8nJyf/Jycn/ycnJ/8oKCj/KSkp/ykpKf8nJyf/JSUl/yEhIf8fHx//HR0d/xwcHP8bGxv/Ghoa/xkZGf8YGBj/GBgY/xgYGP8XFxf/FhYW/xYWFv8VFRX/FRUV/xUVFf8UFBT/FBQU/xQUFP8TExP/EhIS/xEREf8RERH/ERER/xEREf8SEhL/FBQU/xgYGP8dHR3/Hx8f/yEhIf8iIiL/IiIi/yIiIv8jIyP/IyMj/yMjI/8iIiL/IiIi/yEhIf8gICD/Hx8f/xwcHP8aGhr/GBgY/xYWFv8WFhb/FhYW/xYWFv8WFhb/FhYW/xcXF/8YGBj/Ghoa/xwcHP8hISH/JCQk/yoqKv8tLS3/Ly8v/zExMf8vLy//Li4u/y0tLf8sLCz/LCws/ysrK/8rKyv/Kysr/y0tLf8wMDD/MzMz/zk5Of85OTn/Nzc3/zU1Nf8wMDD/LS0t/ysrK/8qKir/Kysr/ysrK/8tLS3/Ly8v/zAwMP8yMjL/MzMz/zU1Nf80NDT/MzMz/zExMf8uLi7/LS0t/y0tLf8tLS3/LCws/ysrK/8oKCj/Jycn/ysrK/8uLi7/NTU1/zw8PP86Ojr/NjY2/zU1Nf8zMzP/MzMz/zU1Nf82Njb/ODg4/zk5Of84ODj/NjY2/zExMf8tLS3/KSkp/yYmJv8kJCT/IyMj/yIiIv8hISH/Hh4e/xsbG/8ZGRn/FxcX/xYWFv8VFRX/FRUV/xYWFv8XFxf/Ghoa/x4eHv8mJib/LCws/zMzM/86Ojr/PT09/0BAQP9BQUH/QkJC/0JCQv9DQ0P/Q0ND/0RERP9DQ0P/QUFB/z8/P/87Ozv/ODg4/zIyMv8wMDD/Li4u/y4uLv8uLi7/Ly8v/y8vL/8vLy//Ly8v/y8vL/8vLy//Li4u/y4uLv8uLi7/Ly8v/zAwMP8yMjL/NTU1/zU1Nf80NDT/MjIy/zAwMP8uLi7/LS0t/y0tLf8tLS3/LS0t/y0tLf8sLCz/LS0t/y4uLv8uLi7/Ly8v/y8vL/8uLi7/Li4u/y0tLf8tLS3/LS0t/y0tLf8vLy//MTEx/zIyMv8zMzP/MzMz/zMzM/8xMTH/Ly8v/y8vL/8vLy//Ly8v/y8vL/8vLy//MDAw/y8vL/8vLy//Ly8v/zExMf8yMjL/NDQ0/zU1Nf81NTX/NjY2/zY2Nv83Nzf/NjY2/zY2Nv82Njb/Nzc3/zY2Nv82Njb/NTU1/zMzM/8yMjL/MDAw/zAwMP8wMDD/MDAw/zAwMP8wMDD/Ly8v/y8vL/8vLy//Ly8v/y8vL/8wMDD/MDAw/zAwMP8wMDD/MDAw/zAwMP8wMDD/Ly8v/y8vL/8vLy//Ly8v/y8vL/8wMDD/MDAw/zAwMP8wMDD/MTEx/zExMf8xMTH/MDAw/zAwMP8wMDD/Ly8v/y8vL/8vLy//Ly8v/y8vL/8wMDD/MDAw/zAwMP8xMTH/MjIy/zIyMv8zMzP/NDQ0/zMzM/8yMjL/MjIy/zIyMv8zMzP/NDQ0/zQ0NP80NDT/NDQ0/zQ0NP80NDT/NDQ0/zQ0NP80NDT/NDQ0/zMzM/8zMzP/MzMz/zMzM/8zMzP/NDQ0/zQ0NP80NDT/NDQ0/zMzM/8zMzP/MzMz/zMzM/8yMjL/MjIy/zIyMv8yMjL/MjIy/zIyMv8zMzP/MzMz/zIyMv8/Pz//Pj4+/zw8PP89PT3/Pj4+/z4+Pv8+Pj7/Pj4+/z09Pf87Ozv/Nzc3/zU1Nf8yMjL/Ly8v/ywsLP8pKSn/KSkp/ykpKf8pKSn/Kioq/ysrK/8rKyv/Kioq/ykpKf8pKSn/Kioq/yoqKv8pKSn/KSkp/ygoKP8oKCj/KCgo/ygoKP8oKCj/KCgo/ygoKP8oKCj/Jycn/ycnJ/8nJyf/KCgo/ygoKP8pKSn/KSkp/yoqKv8pKSn/KCgo/ykpKf8rKyv/LS0t/zAwMP8zMzP/NjY2/zk5Of85OTn/Ojo6/zo6Ov86Ojr/Ojo6/zo6Ov86Ojr/Ojo6/zo6Ov86Ojr/Ojo6/zk5Of85OTn/OTk5/zk5Of85OTn/OTk5/zo6Ov86Ojr/PDw8/z4+Pv89PT3/PDw8/zs7O/86Ojr/Ozs7/z4+Pv8/Pz//QEBA/0BAQP8/Pz//Pz8//z09Pf88PDz/Ozs7/zo6Ov85OTn/ODg4/zg4OP83Nzf/ODg4/zg4OP81NTX/MDAw/y4uLv8rKyv/JSUl/xoaGv8ZGRn/FxcX/xcXF/8XFxf/FhYW/xUVFf8UFBT/FBQU/xQUFP8UFBT/FBQU/xMTE/8TExP/ExMT/xISEv8TExP/ExMT/xMTE/8TExP/FBQU/xQUFP8UFBT/FRUV/xUVFf8UFBT/ExMT/xMTE/8UFBT/FRUV/xYWFv8fHx//KSkp/0dHR/9sbGz/cnJy/3t7e/95eXn/dXV1/3V1df92dnb/aGho/0JCQv8yMjL/Jycn/yIiIv8iIiL/IyMj/yQkJP8lJSX/JiYm/ycnJ/8pKSn/LCws/yoqKv8nJyf/JCQk/yAgIP8eHh7/HBwc/xsbG/8bGxv/Gxsb/xwcHP8cHBz/HBwc/x0dHf8cHBz/HBwc/xwcHP8bGxv/HR0d/x4eHv8fHx//Hx8f/x8fH/8gICD/IiIi/ycnJ/8qKir/MDAw/zIyMv8yMjL/MjIy/zMzM/8zMzP/NDQ0/zY2Nv8yMjL/Li4u/ysrK/8nJyf/JSUl/yIiIv8hISH/ICAg/yAgIP8fHx//Hx8f/yAgIP8gICD/Hx8f/x8fH/8fHx//Hx8f/yAgIP8gICD/ICAg/yAgIP8fHx//Hx8f/x8fH/8fHx//Hx8f/x8fH/8fHx//ICAg/yAgIP8gICD/Hx8f/x0dHf8cHBz/HBwc/xwcHP8cHBz/HBwc/xwcHP8cHBz/HBwc/xsbG/8cHBz/HR0d/x0dHf8dHR3/HR0d/x0dHf8dHR3/Hh4e/yAgIP8lJSX/KCgo/ysrK/8sLCz/LCws/ywsLP8rKyv/KSkp/yoqKv8rKyv/Kioq/ygoKP8lJSX/ICAg/x4eHv8dHR3/HBwc/xsbG/8aGhr/Ghoa/xkZGf8aGhr/Ghoa/xoaGv8ZGRn/GRkZ/xgYGP8ZGRn/Gxsb/xwcHP8eHh7/ICAg/yMjI/8jIyP/ISEh/x8fH/8cHBz/Gxsb/xoaGv8ZGRn/FxcX/xYWFv8VFRX/FBQU/xQUFP8UFBT/FBQU/xQUFP8VFRX/FRUV/xYWFv8WFhb/FxcX/xgYGP8YGBj/GBgY/xgYGP8XFxf/FxcX/xkZGf8aGhr/HBwc/x4eHv8hISH/JiYm/ygoKP8qKir/KSkp/ygoKP8mJib/ISEh/x8fH/8dHR3/Gxsb/xkZGf8YGBj/FxcX/xcXF/8XFxf/FxcX/xkZGf8cHBz/Hh4e/yEhIf8fHx//HR0d/xsbG/8ZGRn/GBgY/xcXF/8WFhb/FRUV/xUVFf8XFxf/GBgY/xwcHP8eHh7/Hh4e/z4+Pv8+Pj7/Pj4+/z4+Pv8/Pz//Pz8//0BAQP9AQED/QEBA/0BAQP9BQUH/QUFB/0BAQP9AQED/QEBA/0BAQP9BQUH/QUFB/0BAQP8/Pz//Pj4+/z09Pf8+Pj7/Pz8//0BAQP9BQUH/QUFB/0FBQf9BQUH/QkJC/0JCQv9CQkL/QUFB/0BAQP8/Pz//Pz8//z4+Pv9AQED/QkJC/0JCQv9CQkL/QUFB/0BAQP9AQED/Pj4+/z4+Pv8+Pj7/Pj4+/z4+Pv8+Pj7/QEBA/0BAQP9BQUH/QUFB/0FBQf9BQUH/QEBA/z8/P/9AQED/QUFB/0FBQf9AQED/QEBA/z8/P/8/Pz//Pj4+/z4+Pv8/Pz//QEBA/0FBQf9BQUH/QkJC/0NDQ/9DQ0P/RERE/0NDQ/9CQkL/QUFB/0FBQf9BQUH/QUFB/0FBQf9CQkL/QkJC/0JCQv9BQUH/QUFB/0FBQf9CQkL/Q0ND/0NDQ/9DQ0P/QkJC/0JCQv9CQkL/Q0ND/0NDQ/9DQ0P/QkJC/0BAQP9AQED/QEBA/z8/P/8+Pj7/Pj4+/z8/P/8/Pz//Pj4+/z4+Pv8+Pj7/Pz8//z8/P/9AQED/Pz8//z8/P/9AQED/QEBA/0BAQP8/Pz//QEBA/0NDQ/9CQkL/QUFB/0BAQP8/Pz//Pj4+/z8/P/8/Pz//QEBA/0BAQP9AQED/QEBA/0FBQf9CQkL/QkJC/0JCQv9CQkL/QUFB/0FBQf9BQUH/QkJC/0RERP9ERET/QUFB/0BAQP9BQUH/QUFB/0JCQv9CQkL/QkJC/0FBQf9BQUH/QkJC/0JCQv9CQkL/QkJC/0JCQv9CQkL/QkJC/0JCQv9BQUH/QkJC/0JCQv9CQkL/QUFB/0FBQf9CQkL/Q0ND/0FBQf8/Pz//Pz8//z8/P/9AQED/QEBA/0BAQP8/Pz//QEBA/0JCQv9CQkL/Q0ND/0NDQ/9DQ0P/Q0ND/0RERP9FRUX/RUVF/0ZGRv9ERET/QkJC/0JCQv9CQkL/QkJC/0JCQv9CQkL/QUFB/0BAQP8/Pz//Pz8//z4+Pv8+Pj7/QEBA/0BAQP9BQUH/QkJC/0JCQv9CQkL/QkJC/0FBQf9AQED/Pz8//0BAQP9AQED/QEBA/0FBQf9BQUH/QkJC/0JCQv9DQ0P/Q0ND/0FBQf9BQUH/Pz8//z4+Pv8/Pz//Pz8//z8/P/8/Pz//QUFB/0NDQ/9FRUX/R0dH/0ZGRv9ERET/Q0ND/0FBQf9BQUH/QUFB/0FBQf9CQkL/QkJC/0FBQf9AQED/QkJC/0RERP9FRUX/R0dH/0dHR/9GRkb/RkZG/0VFRf9ERET/Q0ND/0NDQ/9ERET/Q0ND/0JCQv9DQ0P/RUVF/0VFRf9DQ0P/QUFB/0FBQf9AQED/QEBA/z8/P/9AQED/QEBA/0FBQf9BQUH/RERE/0hISP9PT0//XV1d/2FhYf9lZWX/YmJi/1VVVf9OTk7/SkpK/0dHR/9FRUX/RERE/0hISP9MTEz/VVVV/2BgYP9iYmL/ZWVl/15eXv9QUFD/S0tL/0VFRf9DQ0P/Q0ND/0NDQ/9BQUH/QUFB/0VFRf9JSUn/WFhY/2VlZf9sbGz/dHR0/21tbf9jY2P/WVlZ/0pKSv9GRkb/QkJC/0FBQf9CQkL/QkJC/0JCQv9CQkL/QUFB/0FBQf9CQkL/Q0ND/0JCQv9CQkL/QkJC/0FBQf9DQ0P/RUVF/0hISP9MTEz/UlJS/1xcXP9bW1v/U1NT/1VVVf9eXl7/Xl5e/1ZWVv9QUFD/SUlJ/0NDQ/9BQUH/NDQ0/zIyMv8xMTH/MjIy/zQ0NP80NDT/MzMz/zMzM/8yMjL/MzMz/zQ0NP80NDT/NjY2/zY2Nv82Njb/NjY2/zU1Nf81NTX/NjY2/zY2Nv82Njb/NjY2/zY2Nv81NTX/NTU1/zU1Nf81NTX/NjY2/zY2Nv83Nzf/Nzc3/zg4OP84ODj/NjY2/zU1Nf82Njb/Nzc3/zc3N/84ODj/ODg4/zk5Of84ODj/ODg4/zg4OP84ODj/ODg4/zg4OP84ODj/Nzc3/zc3N/82Njb/NjY2/zY2Nv82Njb/ODg4/zk5Of85OTn/Ojo6/zk5Of84ODj/Nzc3/zY2Nv82Njb/NjY2/zc3N/84ODj/Nzc3/zY2Nv82Njb/Nzc3/zg4OP85OTn/Ojo6/zk5Of85OTn/OTk5/zg4OP85OTn/Ozs7/zo6Ov85OTn/Ojo6/zs7O/87Ozv/PT09/z09Pf89PT3/PDw8/zs7O/85OTn/ODg4/zc3N/84ODj/OTk5/zg4OP83Nzf/ODg4/zg4OP84ODj/OTk5/zk5Of84ODj/OTk5/zo6Ov86Ojr/OTk5/zk5Of86Ojr/Ojo6/zo6Ov86Ojr/OTk5/zk5Of85OTn/Ojo6/zo6Ov87Ozv/Ozs7/zw8PP87Ozv/Ojo6/zo6Ov85OTn/OTk5/zk5Of85OTn/OTk5/zk5Of86Ojr/Ojo6/zo6Ov86Ojr/Ozs7/zs7O/88PDz/Pj4+/z09Pf88PDz/PDw8/zs7O/87Ozv/Ozs7/zs7O/88PDz/PDw8/zw8PP88PDz/Ozs7/zo6Ov86Ojr/OTk5/zo6Ov87Ozv/Ozs7/zo6Ov87Ozv/PDw8/zw8PP88PDz/PDw8/zs7O/88PDz/PT09/z09Pf88PDz/Ozs7/zs7O/88PDz/PT09/z8/P/8/Pz//Pj4+/z09Pf89PT3/PT09/z09Pf89PT3/PT09/z09Pf8+Pj7/Pj4+/z4+Pv8+Pj7/Pz8//z8/P/8/Pz//Pz8//z8/P/8/Pz//Pj4+/z09Pf8+Pj7/Pj4+/z4+Pv89PT3/PT09/zw8PP88PDz/PT09/z09Pf8/Pz//QEBA/0BAQP8/Pz//Pj4+/z09Pf8+Pj7/Pj4+/z4+Pv8/Pz//Pz8//z4+Pv89PT3/PDw8/zw8PP89PT3/PT09/zs7O/88PDz/Pj4+/z8/P/8/Pz//Pz8//z4+Pv89PT3/PT09/z09Pf89PT3/PT09/zw8PP87Ozv/PDw8/z4+Pv8+Pj7/Pj4+/z8/P/9AQED/Pz8//z4+Pv8+Pj7/PT09/zw8PP88PDz/PDw8/zw8PP88PDz/Ozs7/zo6Ov87Ozv/Ozs7/zs7O/86Ojr/Ozs7/z09Pf8+Pj7/QEBA/0BAQP8/Pz//Pj4+/z09Pf89PT3/PT09/z4+Pv8+Pj7/Pj4+/z4+Pv8+Pj7/Pj4+/z8/P/8/Pz//QEBA/z8/P/8/Pz//Pz8//0BAQP9AQED/Pj4+/z4+Pv8/Pz//Pz8//z8/P/9AQED/Pz8//z8/P/8/Pz//Pj4+/z8/P/9AQED/QUFB/0NDQ/9ERET/RUVF/0RERP9BQUH/QEBA/0FBQf9BQUH/QUFB/0JCQv9BQUH/QUFB/z8/P/8+Pj7/Pj4+/z8/P/9AQED/QUFB/0BAQP9AQED/QEBA/z4+Pv8+Pj7/Pz8//z8/P/89PT3/PT09/z4+Pv8+Pj7/Pj4+/z4+Pv8+Pj7/PT09/z4+Pv8/Pz//Pz8//0BAQP8/Pz//Pj4+/z4+Pv8+Pj7/Pj4+/z09Pf88PDz/Ojo6/zo6Ov89PT3/Pz8//z4+Pv8nJyf/Kioq/y0tLf8vLy//MjIy/zMzM/8zMzP/NTU1/zo6Ov86Ojr/Ozs7/zc3N/8vLy//Kioq/ycnJ/8mJib/Jycn/ygoKP8nJyf/JSUl/yYmJv8mJib/Jycn/ykpKf8oKCj/KCgo/ykpKf8qKir/KSkp/ygoKP8mJib/ISEh/x8fH/8eHh7/HR0d/xwcHP8cHBz/Ghoa/xkZGf8ZGRn/GRkZ/xgYGP8XFxf/FxcX/xYWFv8WFhb/FRUV/xUVFf8UFBT/FBQU/xMTE/8TExP/EhIS/xEREf8QEBD/EBAQ/xISEv8TExP/FxcX/xwcHP8eHh7/ISEh/yEhIf8hISH/ISEh/yIiIv8iIiL/IiIi/yIiIv8hISH/ISEh/x8fH/8eHh7/Gxsb/xgYGP8XFxf/FRUV/xYWFv8WFhb/FhYW/xYWFv8XFxf/GBgY/xkZGf8bGxv/Hh4e/yUlJf8pKSn/Li4u/zAwMP8vLy//Ly8v/zExMf8yMjL/MzMz/zMzM/8wMDD/Li4u/y0tLf8tLS3/LS0t/y0tLf8uLi7/MTEx/zIyMv8yMjL/MjIy/zAwMP8vLy//Li4u/y0tLf8sLCz/Kioq/yoqKv8qKir/LS0t/zAwMP8wMDD/Ly8v/zAwMP8zMzP/MjIy/y8vL/8tLS3/LCws/ywsLP8uLi7/Ly8v/y0tLf8sLCz/Li4u/zExMf80NDT/Nzc3/zY2Nv80NDT/NTU1/zU1Nf81NTX/MzMz/zQ0NP82Njb/ODg4/zs7O/87Ozv/NTU1/zExMf8sLCz/KCgo/ycnJ/8mJib/JSUl/yUlJf8hISH/Gxsb/xkZGf8WFhb/FhYW/xUVFf8VFRX/FRUV/xYWFv8XFxf/GRkZ/x8fH/8kJCT/Li4u/zY2Nv87Ozv/Pz8//0FBQf9CQkL/QkJC/0NDQ/9DQ0P/RERE/0NDQ/9CQkL/QEBA/z09Pf85OTn/MzMz/zExMf8vLy//Ly8v/y4uLv8uLi7/Li4u/y0tLf8uLi7/Li4u/y0tLf8sLCz/LCws/ysrK/8tLS3/Ly8v/zExMf82Njb/NjY2/zQ0NP8yMjL/MDAw/y4uLv8tLS3/LCws/ywsLP8rKyv/Kysr/yoqKv8rKyv/Kysr/ysrK/8qKir/Kioq/yoqKv8qKir/Kioq/yoqKv8qKir/Kysr/ysrK/8sLCz/LCws/ywsLP8uLi7/MDAw/y8vL/8uLi7/LS0t/ywsLP8tLS3/LS0t/y4uLv8vLy//Ly8v/zAwMP8wMDD/MTEx/zExMf8xMTH/MjIy/zIyMv8yMjL/MjIy/zIyMv8xMTH/Ly8v/zExMf8zMzP/MjIy/zIyMv8yMjL/MTEx/zExMf8wMDD/MDAw/y8vL/8vLy//Ly8v/y8vL/8wMDD/MDAw/zAwMP8xMTH/MDAw/y8vL/8vLy//Ly8v/y8vL/8vLy//Ly8v/y8vL/8vLy//Ly8v/y8vL/8vLy//Ly8v/y8vL/8vLy//Ly8v/y4uLv8wMDD/MjIy/zExMf8xMTH/MDAw/y8vL/8vLy//Li4u/y4uLv8vLy//Ly8v/zAwMP8wMDD/MDAw/zAwMP8xMTH/MjIy/zMzM/8zMzP/MjIy/zExMf8yMjL/MzMz/zMzM/80NDT/NDQ0/zQ0NP80NDT/NDQ0/zQ0NP80NDT/NDQ0/zQ0NP80NDT/MzMz/zMzM/8zMzP/NDQ0/zQ0NP8zMzP/MzMz/zQ0NP80NDT/MzMz/zIyMv8yMjL/MjIy/zIyMv8yMjL/MzMz/zMzM/8zMzP/MzMz/zQ0NP81NTX/NDQ0/z8/P/8+Pj7/PDw8/z09Pf89PT3/PT09/z4+Pv8+Pj7/Pj4+/zw8PP85OTn/ODg4/zU1Nf8zMzP/MTEx/zAwMP8vLy//Li4u/y4uLv8uLi7/Ly8v/y8vL/8vLy//Li4u/y4uLv8uLi7/Li4u/y4uLv8uLi7/LS0t/y0tLf8tLS3/LS0t/y0tLf8tLS3/LS0t/ywsLP8sLCz/LCws/ywsLP8tLS3/Li4u/y4uLv8uLi7/Li4u/y4uLv8tLS3/Li4u/zAwMP8xMTH/NDQ0/zY2Nv84ODj/Ojo6/zk5Of85OTn/OTk5/zk5Of85OTn/Ojo6/zo6Ov86Ojr/Ojo6/zs7O/86Ojr/Ojo6/zo6Ov85OTn/OTk5/zo6Ov86Ojr/Ozs7/zs7O/89PT3/Pj4+/z09Pf88PDz/PDw8/zs7O/88PDz/PT09/z8/P/9AQED/QEBA/0BAQP8/Pz//Pj4+/z09Pf88PDz/Ozs7/zo6Ov86Ojr/ODg4/zc3N/83Nzf/Nzc3/zU1Nf8xMTH/Ly8v/ysrK/8lJSX/Ghoa/xcXF/8VFRX/FRUV/xQUFP8UFBT/FBQU/xMTE/8TExP/ExMT/xMTE/8TExP/ExMT/xMTE/8TExP/EhIS/xMTE/8TExP/ExMT/xMTE/8TExP/ExMT/xQUFP8UFBT/FBQU/xMTE/8SEhL/ExMT/xMTE/8UFBT/FRUV/xoaGv8gICD/NjY2/1JSUv9iYmL/eHh4/3t7e/98fHz/enp6/3d3d/9paWn/RkZG/zc3N/8sLCz/Jycn/ygoKP8pKSn/LS0t/zExMf85OTn/QUFB/zs7O/8zMzP/Li4u/yYmJv8jIyP/HR0d/xsbG/8YGBj/FxcX/xcXF/8WFhb/FxcX/xcXF/8XFxf/FxcX/xcXF/8XFxf/FxcX/xcXF/8YGBj/GRkZ/xoaGv8aGhr/Gxsb/xwcHP8fHx//JSUl/ygoKP8tLS3/Ly8v/y8vL/8wMDD/MzMz/zY2Nv88PDz/QkJC/zg4OP8tLS3/KCgo/yEhIf8fHx//HBwc/xoaGv8ZGRn/GRkZ/xgYGP8YGBj/GRkZ/xkZGf8YGBj/GBgY/xgYGP8YGBj/GBgY/xkZGf8ZGRn/GRkZ/xgYGP8YGBj/GBgY/xgYGP8YGBj/GBgY/xgYGP8YGBj/GRkZ/xkZGf8YGBj/FxcX/xYWFv8WFhb/FhYW/xYWFv8WFhb/FhYW/xYWFv8WFhb/FhYW/xYWFv8WFhb/FhYW/xYWFv8XFxf/FxcX/xgYGP8ZGRn/HBwc/yEhIf8lJSX/KCgo/yoqKv8pKSn/KSkp/ygoKP8nJyf/KCgo/ykpKf8pKSn/KCgo/yYmJv8iIiL/Hx8f/xoaGv8YGBj/FhYW/xUVFf8VFRX/FBQU/xUVFf8VFRX/FRUV/xQUFP8UFBT/FBQU/xUVFf8WFhb/FxcX/xkZGf8bGxv/ICAg/yAgIP8eHh7/HBwc/xgYGP8WFhb/FRUV/xQUFP8TExP/EhIS/xEREf8QEBD/EBAQ/xAQEP8RERH/ERER/xISEv8SEhL/ExMT/xMTE/8TExP/FBQU/xQUFP8UFBT/FBQU/xQUFP8UFBT/FhYW/xgYGP8aGhr/HR0d/yAgIP8kJCT/JSUl/ygoKP8nJyf/JiYm/yQkJP8gICD/Hh4e/xsbG/8ZGRn/FhYW/xUVFf8UFBT/FBQU/xQUFP8TExP/FhYW/xgYGP8bGxv/Hx8f/x0dHf8ZGRn/GBgY/xUVFf8UFBT/ExMT/xMTE/8TExP/ExMT/xYWFv8ZGRn/HBwc/x8fH/8fHx//Pj4+/z4+Pv8/Pz//Pz8//z8/P/8/Pz//QEBA/0BAQP8/Pz//QEBA/0BAQP9BQUH/QEBA/0BAQP9AQED/QEBA/0BAQP9AQED/Pz8//z4+Pv8+Pj7/PT09/z4+Pv8+Pj7/Pz8//0BAQP9AQED/QEBA/0BAQP9BQUH/QUFB/0JCQv9BQUH/QEBA/0BAQP8/Pz//Pz8//0FBQf9CQkL/QkJC/0JCQv9BQUH/QEBA/z8/P/8+Pj7/Pj4+/z4+Pv8+Pj7/Pz8//z8/P/9AQED/QUFB/0FBQf9BQUH/QUFB/0FBQf9AQED/QEBA/0FBQf9BQUH/QUFB/0BAQP9AQED/Pz8//z8/P/8+Pj7/Pj4+/z8/P/8/Pz//QEBA/0BAQP9BQUH/QkJC/0JCQv9DQ0P/Q0ND/0NDQ/9CQkL/QUFB/0FBQf9BQUH/QUFB/0JCQv9CQkL/QkJC/0JCQv9BQUH/QUFB/0JCQv9DQ0P/QkJC/0JCQv9CQkL/QUFB/0JCQv9CQkL/QkJC/0JCQv9BQUH/QEBA/0BAQP8/Pz//Pz8//z4+Pv8+Pj7/QEBA/0BAQP8/Pz//Pj4+/z8/P/8/Pz//Pz8//0BAQP8/Pz//Pz8//0BAQP9AQED/QEBA/0BAQP9BQUH/QkJC/0JCQv9BQUH/QEBA/z8/P/8+Pj7/Pz8//z8/P/9AQED/QEBA/0BAQP9BQUH/QUFB/0JCQv9CQkL/QkJC/0JCQv9BQUH/QUFB/0JCQv9CQkL/RERE/0RERP9BQUH/QUFB/0JCQv9CQkL/QkJC/0JCQv9CQkL/QUFB/0FBQf9BQUH/QUFB/0JCQv9BQUH/QUFB/0FBQf9CQkL/QkJC/0JCQv9CQkL/Q0ND/0NDQ/9BQUH/QUFB/0JCQv9CQkL/QUFB/z8/P/8/Pz//QEBA/0BAQP9AQED/QEBA/0BAQP9AQED/QkJC/0JCQv9DQ0P/Q0ND/0NDQ/9DQ0P/Q0ND/0RERP9ERET/RUVF/0NDQ/9CQkL/QkJC/0JCQv9CQkL/QUFB/0FBQf9BQUH/QUFB/0BAQP9AQED/QEBA/0BAQP9AQED/QUFB/0JCQv9DQ0P/Q0ND/0NDQ/9CQkL/QUFB/0BAQP8/Pz//Pz8//0BAQP9BQUH/QkJC/0JCQv9CQkL/QkJC/0JCQv9CQkL/QUFB/0FBQf9AQED/QEBA/0BAQP9AQED/QUFB/0FBQf9CQkL/RERE/0VFRf9GRkb/RUVF/0RERP9CQkL/QUFB/0BAQP9BQUH/QUFB/0JCQv9CQkL/QkJC/0JCQv9ERET/RUVF/0ZGRv9GRkb/RkZG/0VFRf9ERET/RERE/0RERP9ERET/RERE/0RERP9DQ0P/QkJC/0JCQv9ERET/RERE/0JCQv9BQUH/QUFB/0BAQP9AQED/Pz8//0BAQP9AQED/QEBA/0FBQf9ERET/SkpK/1FRUf9fX1//YWFh/2BgYP9cXFz/UFBQ/0lJSf9GRkb/RERE/0JCQv9BQUH/RERE/0dHR/9QUFD/Wlpa/19fX/9mZmb/YGBg/1RUVP9OTk7/RkZG/0NDQ/9DQ0P/Q0ND/0FBQf9BQUH/RERE/0dHR/9SUlL/XFxc/2VlZf9ubm7/aWlp/2NjY/9aWlr/TExM/0hISP9CQkL/QUFB/0FBQf9BQUH/QkJC/0FBQf9BQUH/QUFB/0JCQv9CQkL/QkJC/0NDQ/9CQkL/QkJC/0NDQ/9FRUX/RkZG/0lJSf9OTk7/VVVV/1VVVf9RUVH/VFRU/11dXf9eXl7/VVVV/09PT/9ISEj/QkJC/0FBQf80NDT/MzMz/zIyMv8zMzP/NDQ0/zQ0NP8zMzP/MzMz/zIyMv8zMzP/MzMz/zQ0NP81NTX/NjY2/zY2Nv82Njb/NjY2/zY2Nv82Njb/NjY2/zY2Nv81NTX/NTU1/zU1Nf81NTX/NTU1/zU1Nf82Njb/NjY2/zc3N/83Nzf/ODg4/zc3N/82Njb/NTU1/zY2Nv83Nzf/Nzc3/zc3N/84ODj/ODg4/zg4OP83Nzf/Nzc3/zg4OP84ODj/ODg4/zg4OP83Nzf/Nzc3/zY2Nv82Njb/NjY2/zY2Nv83Nzf/ODg4/zk5Of85OTn/ODg4/zc3N/83Nzf/Nzc3/zc3N/82Njb/Nzc3/zc3N/83Nzf/NTU1/zU1Nf83Nzf/Nzc3/zk5Of85OTn/OTk5/zk5Of85OTn/ODg4/zk5Of86Ojr/OTk5/zk5Of85OTn/Ojo6/zs7O/87Ozv/Ozs7/zs7O/87Ozv/Ozs7/zo6Ov85OTn/ODg4/zk5Of86Ojr/OTk5/zg4OP85OTn/OTk5/zk5Of85OTn/OTk5/zg4OP85OTn/Ojo6/zo6Ov85OTn/OTk5/zo6Ov86Ojr/Ojo6/zo6Ov86Ojr/OTk5/zk5Of86Ojr/Ojo6/zo6Ov87Ozv/PDw8/zw8PP87Ozv/Ojo6/zk5Of85OTn/OTk5/zk5Of85OTn/OTk5/zk5Of86Ojr/Ojo6/zs7O/87Ozv/Ozs7/zw8PP8+Pj7/PT09/zw8PP88PDz/Ozs7/zs7O/87Ozv/Ozs7/zs7O/88PDz/PDw8/zw8PP87Ozv/Ojo6/zo6Ov86Ojr/Ojo6/zs7O/87Ozv/Ozs7/zs7O/88PDz/PDw8/zw8PP88PDz/Ozs7/zw8PP89PT3/PT09/zw8PP87Ozv/Ozs7/zs7O/89PT3/Pj4+/z4+Pv8+Pj7/Pj4+/z09Pf89PT3/PT09/z09Pf89PT3/PT09/z4+Pv8+Pj7/PT09/z09Pf8+Pj7/Pj4+/z8/P/8/Pz//Pz8//z8/P/8/Pz//Pj4+/z4+Pv8/Pz//Pj4+/z09Pf89PT3/PDw8/z09Pf89PT3/Pj4+/z8/P/9AQED/QEBA/0BAQP8/Pz//Pj4+/z4+Pv8+Pj7/Pz8//z8/P/8+Pj7/PT09/z09Pf88PDz/PT09/z09Pf89PT3/PT09/z09Pf8/Pz//QEBA/0BAQP9AQED/Pz8//z4+Pv8+Pj7/Pj4+/z4+Pv8+Pj7/PT09/zw8PP89PT3/Pz8//z8/P/8+Pj7/Pj4+/z8/P/8/Pz//Pz8//z4+Pv89PT3/PT09/z09Pf89PT3/PT09/z09Pf88PDz/PDw8/zw8PP88PDz/PDw8/zs7O/88PDz/Pj4+/z4+Pv9AQED/QEBA/z8/P/8/Pz//Pj4+/z09Pf89PT3/Pj4+/z4+Pv8+Pj7/Pj4+/z4+Pv8/Pz//Pz8//z8/P/9AQED/Pz8//z8/P/8/Pz//Pz8//z8/P/8+Pj7/Pj4+/z8/P/8/Pz//QEBA/0BAQP9AQED/Pz8//z8/P/8/Pz//Pz8//0BAQP9BQUH/QkJC/0JCQv9DQ0P/Q0ND/0FBQf9AQED/QUFB/0FBQf9CQkL/QkJC/0JCQv9CQkL/QEBA/z8/P/8/Pz//Pz8//0BAQP9BQUH/QEBA/z8/P/8/Pz//Pj4+/z4+Pv8/Pz//Pz8//z4+Pv8+Pj7/Pj4+/z4+Pv8+Pj7/Pj4+/z4+Pv89PT3/Pj4+/z8/P/8/Pz//QEBA/z8/P/8+Pj7/Pj4+/z4+Pv8+Pj7/Pj4+/z09Pf88PDz/PDw8/z09Pf8/Pz//Pj4+/ycnJ/8pKSn/LCws/y8vL/8yMjL/MjIy/zIyMv80NDT/Nzc3/zg4OP83Nzf/NDQ0/ywsLP8pKSn/JiYm/yUlJf8oKCj/Kioq/ykpKf8oKCj/KCgo/ygoKP8pKSn/Kioq/yoqKv8qKir/Kioq/yoqKv8pKSn/Jycn/yYmJv8hISH/Hx8f/x4eHv8eHh7/Hh4e/x8fH/8dHR3/Gxsb/xoaGv8aGhr/GRkZ/xcXF/8XFxf/FhYW/xYWFv8VFRX/FRUV/xQUFP8UFBT/FBQU/xMTE/8SEhL/ERER/xAQEP8QEBD/ERER/xISEv8WFhb/Gxsb/x0dHf8gICD/ISEh/yIiIv8iIiL/IiIi/yIiIv8iIiL/IiIi/yEhIf8hISH/Hh4e/x0dHf8aGhr/GBgY/xcXF/8WFhb/FhYW/xYWFv8WFhb/FxcX/xgYGP8ZGRn/Gxsb/x4eHv8iIiL/Kioq/y0tLf8wMDD/MTEx/y4uLv8tLS3/Li4u/zAwMP8xMTH/MTEx/zExMf8vLy//Ly8v/zAwMP8vLy//Ly8v/y8vL/8xMTH/MjIy/zQ0NP80NDT/NDQ0/zQ0NP8yMjL/MTEx/y8vL/8tLS3/LCws/ysrK/8tLS3/MDAw/zAwMP8wMDD/MjIy/zY2Nv81NTX/MTEx/y8vL/8sLCz/LCws/y8vL/8wMDD/Li4u/y0tLf8vLy//MTEx/zQ0NP83Nzf/Nzc3/zc3N/82Njb/NTU1/zU1Nf80NDT/NTU1/zc3N/84ODj/Ojo6/zk5Of82Njb/MzMz/zAwMP8uLi7/Kysr/ygoKP8mJib/JSUl/yIiIv8eHh7/Gxsb/xgYGP8XFxf/FhYW/xYWFv8VFRX/FhYW/xYWFv8YGBj/HBwc/yAgIP8qKir/MTEx/zg4OP8+Pj7/QEBA/0JCQv9CQkL/Q0ND/0NDQ/9ERET/Q0ND/0JCQv9BQUH/Pj4+/zs7O/80NDT/MTEx/y8vL/8vLy//Li4u/y4uLv8tLS3/LS0t/y4uLv8vLy//Li4u/y0tLf8sLCz/Kysr/ywsLP8uLi7/MTEx/zU1Nf81NTX/MjIy/zAwMP8uLi7/LS0t/ywsLP8rKyv/Kioq/yoqKv8pKSn/KCgo/ygoKP8pKSn/KCgo/ycnJ/8mJib/JiYm/yYmJv8mJib/JiYm/yYmJv8nJyf/Jycn/ygoKP8oKCj/KCgo/yoqKv8sLCz/LCws/ywsLP8rKyv/Kioq/ysrK/8sLCz/LS0t/y4uLv8uLi7/Ly8v/zAwMP8wMDD/MDAw/zExMf8xMTH/MTEx/zIyMv8xMTH/MTEx/zAwMP8uLi7/MDAw/zIyMv8yMjL/MTEx/zExMf8wMDD/MDAw/zAwMP8wMDD/Ly8v/y8vL/8vLy//Ly8v/y8vL/8vLy//MDAw/zExMf8wMDD/Ly8v/zAwMP8wMDD/MDAw/zAwMP8wMDD/Ly8v/y8vL/8vLy//Ly8v/y8vL/8vLy//MDAw/zAwMP8vLy//Ly8v/zAwMP8yMjL/MTEx/zExMf8wMDD/Ly8v/y8vL/8vLy//Ly8v/zAwMP8wMDD/MDAw/zAwMP8xMTH/MTEx/zIyMv8zMzP/MzMz/zMzM/8yMjL/MjIy/zIyMv8zMzP/MzMz/zMzM/8zMzP/MzMz/zMzM/8zMzP/MzMz/zMzM/8zMzP/MzMz/zMzM/8zMzP/MzMz/zMzM/8zMzP/MzMz/zMzM/8zMzP/NDQ0/zMzM/8zMzP/MzMz/zIyMv8yMjL/MjIy/zMzM/8yMjL/MjIy/zMzM/8zMzP/NDQ0/zQ0NP80NDT/Pz8//z4+Pv89PT3/PT09/zw8PP89PT3/PT09/z4+Pv8/Pz//Pj4+/zw8PP86Ojr/Nzc3/zc3N/83Nzf/ODg4/zc3N/82Njb/NTU1/zQ0NP81NTX/NTU1/zY2Nv83Nzf/NjY2/zY2Nv82Njb/NjY2/zY2Nv82Njb/NjY2/zY2Nv82Njb/NjY2/zY2Nv81NTX/NTU1/zU1Nf81NTX/NjY2/zc3N/83Nzf/Nzc3/zY2Nv82Njb/NjY2/zU1Nf81NTX/NTU1/zY2Nv84ODj/OTk5/zo6Ov87Ozv/OTk5/zg4OP84ODj/Nzc3/zg4OP85OTn/Ojo6/zs7O/87Ozv/PDw8/zw8PP88PDz/Ozs7/zo6Ov86Ojr/Ozs7/zw8PP89PT3/PT09/z4+Pv8+Pj7/PT09/z09Pf88PDz/PDw8/zw8PP88PDz/Pj4+/0BAQP9AQED/Pz8//z8/P/8+Pj7/Pj4+/z09Pf89PT3/PDw8/zs7O/85OTn/ODg4/zY2Nv81NTX/MzMz/zIyMv8vLy//Kioq/yMjI/8ZGRn/FhYW/xUVFf8UFBT/ExMT/xMTE/8TExP/EhIS/xMTE/8TExP/ExMT/xMTE/8TExP/ExMT/xMTE/8TExP/ExMT/xMTE/8TExP/EhIS/xISEv8SEhL/ExMT/xMTE/8TExP/EhIS/xEREf8SEhL/ExMT/xQUFP8VFRX/FxcX/xkZGf8jIyP/Ly8v/0lJSf9wcHD/eHh4/4GBgf98fHz/bW1t/2BgYP9GRkb/Ozs7/zIyMv8vLy//MDAw/zMzM/88PDz/RERE/1dXV/9sbGz/Wlpa/0FBQf84ODj/LCws/yYmJv8dHR3/Ghoa/xcXF/8WFhb/FBQU/xQUFP8TExP/ExMT/xQUFP8VFRX/FRUV/xUVFf8VFRX/FRUV/xUVFf8WFhb/FxcX/xgYGP8ZGRn/HBwc/x8fH/8nJyf/Kioq/y0tLf8uLi7/Li4u/zAwMP83Nzf/Pj4+/0xMTP9bW1v/SUlJ/zQ0NP8qKir/Hh4e/xsbG/8XFxf/FRUV/xQUFP8TExP/ExMT/xMTE/8UFBT/FBQU/xMTE/8TExP/ExMT/xISEv8SEhL/ExMT/xMTE/8TExP/ExMT/xISEv8SEhL/EhIS/xISEv8SEhL/EhIS/xMTE/8TExP/ExMT/xISEv8SEhL/EhIS/xISEv8SEhL/EhIS/xISEv8SEhL/EhIS/xISEv8RERH/ERER/xEREf8SEhL/EhIS/xMTE/8UFBT/FRUV/xcXF/8aGhr/Hx8f/yMjI/8lJSX/KCgo/ycnJ/8nJyf/Jycn/yYmJv8oKCj/Kioq/ysrK/8uLi7/LS0t/yoqKv8mJib/HBwc/xgYGP8UFBT/ExMT/xISEv8SEhL/EhIS/xISEv8SEhL/EhIS/xISEv8SEhL/EhIS/xISEv8TExP/FRUV/xgYGP8eHh7/Hx8f/x0dHf8bGxv/FxcX/xQUFP8TExP/EhIS/xEREf8QEBD/EBAQ/w8PD/8PDw//Dw8P/xAQEP8QEBD/ERER/xEREf8RERH/ERER/xEREf8SEhL/EhIS/xISEv8SEhL/ExMT/xQUFP8WFhb/GRkZ/xwcHP8gICD/ISEh/yMjI/8lJSX/Jycn/ycnJ/8mJib/JSUl/yMjI/8hISH/HR0d/xoaGv8XFxf/FRUV/xQUFP8TExP/ExMT/xISEv8VFRX/FxcX/xoaGv8eHh7/HBwc/xgYGP8WFhb/EhIS/xEREf8RERH/ERER/xMTE/8VFRX/Ghoa/x0dHf8hISH/JCQk/yQkJP8/Pz//Pz8//0BAQP9AQED/QEBA/0BAQP8/Pz//Pz8//z4+Pv8/Pz//QEBA/0BAQP9AQED/QEBA/0BAQP9AQED/Pz8//z4+Pv8+Pj7/PT09/z09Pf89PT3/PT09/z09Pf8+Pj7/Pj4+/z4+Pv8+Pj7/Pz8//0BAQP9AQED/QUFB/0FBQf9BQUH/QUFB/0FBQf9BQUH/QUFB/0JCQv9CQkL/QkJC/0FBQf9AQED/Pz8//z4+Pv8+Pj7/Pz8//z8/P/9AQED/QEBA/0JCQv9CQkL/QUFB/0FBQf9AQED/QEBA/0FBQf9CQkL/QkJC/0FBQf9BQUH/QUFB/0FBQf9AQED/QEBA/0BAQP8/Pz//Pz8//z8/P/8/Pz//Pj4+/z8/P/8/Pz//QEBA/0FBQf9DQ0P/RERE/0JCQv9BQUH/QUFB/0BAQP9AQED/QUFB/0FBQf9CQkL/QkJC/0JCQv9DQ0P/Q0ND/0NDQ/9BQUH/QEBA/0BAQP9AQED/QUFB/0FBQf9BQUH/QEBA/0BAQP9AQED/QEBA/0BAQP9AQED/QEBA/0BAQP9BQUH/QUFB/0FBQf9BQUH/QUFB/0FBQf9BQUH/QUFB/0BAQP8/Pz//QEBA/0FBQf9BQUH/QkJC/0JCQv9CQkL/QkJC/0BAQP9AQED/Pj4+/z4+Pv8+Pj7/Pj4+/z8/P/9AQED/QUFB/0JCQv9CQkL/Q0ND/0JCQv9CQkL/QUFB/0BAQP9BQUH/QkJC/0NDQ/9ERET/RERE/0JCQv9CQkL/Q0ND/0NDQ/9DQ0P/Q0ND/0JCQv9BQUH/QEBA/z8/P/9AQED/QUFB/0BAQP8+Pj7/Pz8//0JCQv9DQ0P/RERE/0RERP9ERET/Q0ND/0FBQf9AQED/QEBA/0BAQP9AQED/QEBA/0BAQP9BQUH/QEBA/0BAQP9BQUH/QUFB/0FBQf9BQUH/QkJC/0NDQ/9DQ0P/Q0ND/0NDQ/9CQkL/QkJC/0JCQv9DQ0P/Q0ND/0NDQ/9DQ0P/Q0ND/0JCQv9AQED/QUFB/0FBQf9BQUH/QkJC/0JCQv9CQkL/QkJC/0FBQf9BQUH/Q0ND/0RERP9ERET/RERE/0JCQv9BQUH/QEBA/z8/P/8/Pz//QEBA/0FBQf9DQ0P/QkJC/0FBQf9BQUH/QEBA/0BAQP9BQUH/QkJC/0JCQv9CQkL/QkJC/0JCQv9DQ0P/RERE/0VFRf9GRkb/RkZG/0RERP9ERET/QkJC/0JCQv9BQUH/QUFB/0FBQf9BQUH/QUFB/0JCQv9ERET/RUVF/0ZGRv9HR0f/RkZG/0RERP9DQ0P/Q0ND/0NDQ/9CQkL/Q0ND/0VFRf9ERET/Q0ND/0JCQv9BQUH/QUFB/0JCQv9CQkL/QkJC/0JCQv9BQUH/QUFB/0BAQP9AQED/QEBA/0BAQP9AQED/QUFB/0ZGRv9OTk7/VFRU/2BgYP9fX1//V1dX/1JSUv9JSUn/RERE/0NDQ/9CQkL/QUFB/z8/P/9BQUH/Q0ND/0pKSv9TU1P/W1tb/2ZmZv9iYmL/Wlpa/1NTU/9HR0f/RERE/0NDQ/9DQ0P/Q0ND/0JCQv9CQkL/QkJC/0dHR/9MTEz/VlZW/2JiYv9jY2P/ZWVl/15eXv9UVFT/Tk5O/0RERP9CQkL/QkJC/0JCQv9DQ0P/Q0ND/0JCQv9CQkL/QkJC/0NDQ/9DQ0P/RERE/0RERP9ERET/Q0ND/0NDQ/9DQ0P/Q0ND/0RERP9GRkb/SEhI/0xMTP9RUVH/W1tb/1xcXP9TU1P/TU1N/0ZGRv9BQUH/QEBA/zQ0NP80NDT/NDQ0/zQ0NP80NDT/NDQ0/zQ0NP80NDT/MzMz/zMzM/8yMjL/MzMz/zU1Nf81NTX/NjY2/zc3N/83Nzf/Nzc3/zY2Nv81NTX/NTU1/zQ0NP80NDT/NDQ0/zQ0NP81NTX/NjY2/zc3N/83Nzf/NjY2/zY2Nv82Njb/NjY2/zY2Nv82Njb/NjY2/zY2Nv82Njb/NjY2/zY2Nv82Njb/NjY2/zY2Nv83Nzf/Nzc3/zg4OP85OTn/ODg4/zc3N/83Nzf/NjY2/zY2Nv82Njb/NjY2/zc3N/83Nzf/Nzc3/zc3N/83Nzf/NjY2/zc3N/84ODj/Nzc3/zc3N/82Njb/NjY2/zU1Nf80NDT/NDQ0/zU1Nf82Njb/Nzc3/zg4OP85OTn/Ojo6/zk5Of85OTn/ODg4/zg4OP84ODj/ODg4/zk5Of85OTn/OTk5/zk5Of85OTn/OTk5/zk5Of86Ojr/Ozs7/zo6Ov86Ojr/Ozs7/zw8PP87Ozv/Ojo6/zo6Ov87Ozv/Ojo6/zo6Ov86Ojr/OTk5/zo6Ov87Ozv/Ozs7/zo6Ov85OTn/OTk5/zk5Of86Ojr/Ojo6/zo6Ov86Ojr/Ojo6/zk5Of85OTn/ODg4/zo6Ov88PDz/PDw8/zw8PP87Ozv/OTk5/zg4OP84ODj/ODg4/zg4OP84ODj/OTk5/zk5Of87Ozv/PT09/zw8PP87Ozv/PDw8/z4+Pv8+Pj7/PT09/z09Pf88PDz/Ozs7/zo6Ov86Ojr/Ozs7/zw8PP89PT3/PT09/zw8PP87Ozv/Ozs7/zs7O/87Ozv/Ozs7/zs7O/88PDz/PDw8/zw8PP88PDz/Ozs7/zs7O/88PDz/PDw8/z09Pf89PT3/PDw8/zs7O/87Ozv/Ozs7/zw8PP89PT3/Pj4+/z4+Pv8+Pj7/PT09/z09Pf89PT3/PT09/z09Pf89PT3/PT09/z09Pf88PDz/PDw8/zw8PP89PT3/Pj4+/z8/P/8/Pz//QEBA/0BAQP9AQED/QEBA/0BAQP8/Pz//Pj4+/z4+Pv89PT3/PT09/z4+Pv8+Pj7/Pz8//z8/P/9AQED/QEBA/z8/P/8/Pz//Pz8//z8/P/8/Pz//Pz8//z4+Pv88PDz/PDw8/z09Pf89PT3/Pj4+/z4+Pv8/Pz//QEBA/0JCQv9CQkL/QUFB/0FBQf9BQUH/QEBA/0BAQP9AQED/QEBA/0BAQP8/Pz//Pj4+/z8/P/9AQED/QEBA/z4+Pv8+Pj7/Pz8//z8/P/8/Pz//Pz8//z4+Pv8+Pj7/Pj4+/z4+Pv8+Pj7/Pz8//z4+Pv8+Pj7/Pj4+/z4+Pv8+Pj7/PT09/z4+Pv8+Pj7/Pj4+/z4+Pv8/Pz//QEBA/z8/P/89PT3/PDw8/z09Pf8+Pj7/Pj4+/z8/P/8/Pz//Pz8//z8/P/8/Pz//Pz8//z8/P/8/Pz//Pj4+/z4+Pv8+Pj7/Pj4+/z4+Pv8+Pj7/Pz8//0BAQP9AQED/QUFB/0BAQP9AQED/QEBA/0FBQf9BQUH/QUFB/0BAQP8/Pz//Pz8//0BAQP9BQUH/QEBA/0BAQP9AQED/QEBA/0JCQv9DQ0P/Q0ND/0RERP9CQkL/QEBA/z8/P/8/Pz//Pz8//0BAQP9AQED/Pj4+/z4+Pv89PT3/Pj4+/0BAQP9BQUH/QEBA/z8/P/8/Pz//Pz8//z8/P/8/Pz//Pj4+/z4+Pv8/Pz//QEBA/0BAQP8/Pz//Pz8//z4+Pv8+Pj7/Pz8//z8/P/8+Pj7/Pj4+/z8/P/8/Pz//Pj4+/z4+Pv8/Pz//KCgo/yoqKv8tLS3/MDAw/zQ0NP8zMzP/MTEx/zIyMv80NDT/MzMz/zAwMP8uLi7/KSkp/yYmJv8lJSX/JSUl/yoqKv8tLS3/LS0t/ywsLP8rKyv/Kioq/ysrK/8sLCz/LCws/ywsLP8rKyv/KSkp/ygoKP8mJib/JCQk/yEhIf8gICD/ICAg/yAgIP8iIiL/IyMj/yEhIf8eHh7/HR0d/xsbG/8ZGRn/FxcX/xcXF/8WFhb/FhYW/xUVFf8VFRX/FRUV/xUVFf8UFBT/ExMT/xISEv8RERH/EBAQ/xAQEP8RERH/ERER/xUVFf8YGBj/Gxsb/x8fH/8gICD/IiIi/yMjI/8jIyP/IyMj/yIiIv8iIiL/IiIi/yEhIf8dHR3/Gxsb/xkZGf8XFxf/FxcX/xgYGP8XFxf/FxcX/xcXF/8YGBj/GRkZ/xsbG/8eHh7/IyMj/ygoKP8xMTH/MzMz/zIyMv8xMTH/LCws/yoqKv8qKir/Kioq/ywsLP8tLS3/Ly8v/zExMf8zMzP/NTU1/zQ0NP8zMzP/NDQ0/zU1Nf82Njb/Nzc3/zk5Of88PDz/PT09/zg4OP81NTX/MzMz/zIyMv8wMDD/LS0t/y4uLv8vLy//MDAw/zIyMv82Njb/PDw8/zo6Ov81NTX/MjIy/y0tLf8sLCz/Ly8v/zExMf8vLy//Ly8v/y8vL/8wMDD/NDQ0/zg4OP85OTn/PDw8/zk5Of80NDT/NDQ0/zY2Nv83Nzf/OTk5/zk5Of83Nzf/NjY2/zU1Nf81NTX/ODg4/zg4OP8xMTH/Kioq/ycnJ/8jIyP/IyMj/yMjI/8gICD/Gxsb/xkZGf8YGBj/FxcX/xYWFv8WFhb/FRUV/xYWFv8YGBj/Gxsb/yMjI/8qKir/MzMz/zw8PP8/Pz//QkJC/0JCQv9DQ0P/Q0ND/0NDQ/9DQ0P/QkJC/0FBQf8/Pz//PDw8/zU1Nf8xMTH/Ly8v/y4uLv8uLi7/LS0t/y0tLf8tLS3/Li4u/zAwMP8vLy//Li4u/y0tLf8rKyv/LCws/y4uLv8wMDD/NDQ0/zQ0NP8wMDD/LS0t/ywsLP8qKir/KSkp/ykpKf8oKCj/KCgo/ycnJ/8lJSX/JSUl/yUlJf8kJCT/IiIi/yIiIv8hISH/ISEh/yEhIf8hISH/ISEh/yEhIf8hISH/IiIi/yIiIv8jIyP/JCQk/yYmJv8oKCj/KSkp/ygoKP8oKCj/KSkp/yoqKv8rKyv/LCws/y0tLf8uLi7/Li4u/y8vL/8vLy//MDAw/zAwMP8yMjL/MzMz/zIyMv8xMTH/MDAw/y8vL/8wMDD/MjIy/zIyMv8xMTH/MDAw/y8vL/8vLy//Ly8v/y8vL/8vLy//Ly8v/y8vL/8vLy//Ly8v/y4uLv8wMDD/MTEx/zAwMP8wMDD/MTEx/zIyMv8xMTH/MTEx/zAwMP8wMDD/MDAw/zAwMP8wMDD/MDAw/zAwMP8wMDD/MTEx/zExMf8xMTH/MTEx/zExMf8xMTH/MTEx/zAwMP8vLy//MDAw/zAwMP8xMTH/MTEx/zExMf8wMDD/MTEx/zMzM/8zMzP/NDQ0/zQ0NP80NDT/NDQ0/zMzM/8zMzP/MjIy/zIyMv8yMjL/MjIy/zIyMv8yMjL/MjIy/zIyMv8yMjL/MjIy/zIyMv8yMjL/MjIy/zMzM/8zMzP/MjIy/zExMf8yMjL/MjIy/zMzM/8zMzP/MzMz/zMzM/8zMzP/MzMz/zMzM/80NDT/MzMz/zIyMv8xMTH/MjIy/zIyMv8zMzP/MzMz/zQ0NP8/Pz//Pz8//z4+Pv89PT3/PDw8/zw8PP89PT3/PT09/z8/P/8+Pj7/PT09/zw8PP85OTn/ODg4/zo6Ov86Ojr/OTk5/zg4OP84ODj/Nzc3/zc3N/83Nzf/ODg4/zk5Of85OTn/ODg4/zg4OP84ODj/ODg4/zk5Of85OTn/OTk5/zo6Ov86Ojr/Ojo6/zk5Of84ODj/ODg4/zg4OP84ODj/OTk5/zk5Of85OTn/OTk5/zg4OP84ODj/ODg4/zg4OP84ODj/ODg4/zk5Of86Ojr/Ozs7/zw8PP86Ojr/OTk5/zg4OP84ODj/ODg4/zk5Of86Ojr/Ozs7/zs7O/87Ozv/Ozs7/zs7O/87Ozv/Ojo6/zo6Ov88PDz/PDw8/z09Pf8+Pj7/Pj4+/z4+Pv89PT3/PDw8/zw8PP87Ozv/Ozs7/zw8PP89PT3/Pz8//z8/P/8+Pj7/Pj4+/z4+Pv89PT3/PT09/zw8PP87Ozv/Ozs7/zk5Of84ODj/NjY2/zQ0NP8zMzP/MTEx/y0tLf8nJyf/IiIi/xgYGP8WFhb/FBQU/xQUFP8TExP/ExMT/xMTE/8TExP/ExMT/xMTE/8TExP/ExMT/xMTE/8TExP/ExMT/xMTE/8TExP/ExMT/xMTE/8TExP/EhIS/xISEv8TExP/ExMT/xMTE/8SEhL/ERER/xISEv8TExP/FBQU/xUVFf8WFhb/FxcX/xwcHP8iIiL/OTk5/1tbW/9jY2P/bm5u/2pqav9cXFz/UlJS/0JCQv86Ojr/NDQ0/zExMf8zMzP/NTU1/0BAQP9LS0v/aGho/4iIiP9xcXH/U1NT/0VFRf8xMTH/KSkp/x8fH/8bGxv/FxcX/xYWFv8UFBT/ExMT/xMTE/8SEhL/ExMT/xQUFP8UFBT/FBQU/xQUFP8UFBT/FBQU/xUVFf8WFhb/FxcX/xoaGv8eHh7/IiIi/ygoKP8rKyv/LS0t/y4uLv8uLi7/Ly8v/zg4OP9BQUH/VVVV/2pqav9XV1f/QUFB/zMzM/8hISH/HBwc/xYWFv8VFRX/ExMT/xISEv8SEhL/EhIS/xISEv8SEhL/EhIS/xISEv8RERH/ERER/xEREf8RERH/ERER/xEREf8RERH/ERER/xEREf8RERH/ERER/xEREf8RERH/ERER/xEREf8RERH/ERER/xEREf8RERH/ERER/xEREf8RERH/ERER/xEREf8RERH/ERER/xAQEP8QEBD/EBAQ/xEREf8RERH/EhIS/xMTE/8UFBT/FxcX/xoaGv8gICD/JCQk/yYmJv8nJyf/Jycn/yYmJv8mJib/JSUl/ycnJ/8qKir/Ly8v/zg4OP8+Pj7/SEhI/0BAQP8nJyf/Hh4e/xYWFv8TExP/ERER/xEREf8RERH/ERER/xEREf8RERH/ERER/xEREf8RERH/ERER/xISEv8UFBT/FxcX/x0dHf8eHh7/HBwc/xoaGv8WFhb/ExMT/xISEv8RERH/EBAQ/xAQEP8QEBD/Dw8P/w8PD/8PDw//Dw8P/xAQEP8QEBD/EBAQ/xEREf8RERH/ERER/xEREf8RERH/ERER/xEREf8TExP/FBQU/xgYGP8bGxv/Hh4e/yEhIf8iIiL/IyMj/yQkJP8mJib/JiYm/ycnJ/8nJyf/JiYm/yQkJP8gICD/HR0d/xgYGP8WFhb/FBQU/xMTE/8TExP/EhIS/xUVFf8YGBj/Gxsb/x4eHv8cHBz/GBgY/xYWFv8SEhL/ERER/xEREf8RERH/FBQU/xcXF/8cHBz/ICAg/yIiIv8kJCT/JCQk/z8/P/8/Pz//QEBA/0BAQP9AQED/QEBA/z8/P/8/Pz//Pz8//z8/P/9AQED/QEBA/0BAQP9AQED/QEBA/0BAQP8/Pz//Pz8//z4+Pv89PT3/PT09/z09Pf8+Pj7/Pj4+/z4+Pv8/Pz//Pz8//z8/P/8/Pz//QEBA/0BAQP9BQUH/QUFB/0FBQf9BQUH/QUFB/0FBQf9BQUH/QkJC/0JCQv9CQkL/QUFB/0BAQP8/Pz//Pz8//z8/P/8/Pz//QEBA/0FBQf9BQUH/Q0ND/0NDQ/9CQkL/QUFB/0FBQf9BQUH/QkJC/0NDQ/9CQkL/QUFB/0FBQf9BQUH/QUFB/0BAQP9AQED/QEBA/0BAQP9AQED/QEBA/z8/P/8/Pz//Pz8//0BAQP9BQUH/QUFB/0JCQv9DQ0P/QkJC/0FBQf9BQUH/QEBA/0FBQf9BQUH/QUFB/0FBQf9CQkL/Q0ND/0NDQ/9DQ0P/QkJC/0BAQP9AQED/QEBA/0BAQP9BQUH/QUFB/0BAQP8/Pz//QEBA/0BAQP9BQUH/QUFB/0FBQf9BQUH/QUFB/0JCQv9CQkL/QUFB/0FBQf9CQkL/QkJC/0FBQf9BQUH/QUFB/0FBQf9BQUH/QUFB/0JCQv9DQ0P/Q0ND/0JCQv9CQkL/QUFB/0BAQP9AQED/Pz8//z8/P/8/Pz//QEBA/0FBQf9CQkL/Q0ND/0NDQ/9DQ0P/QkJC/0JCQv9BQUH/QUFB/0FBQf9DQ0P/Q0ND/0RERP9ERET/Q0ND/0NDQ/9DQ0P/RERE/0NDQ/9CQkL/QkJC/0FBQf9AQED/QEBA/0BAQP9AQED/Pz8//z4+Pv8/Pz//QkJC/0NDQ/9ERET/RUVF/0RERP9DQ0P/QUFB/0BAQP9BQUH/QUFB/0FBQf9AQED/QUFB/0FBQf9BQUH/QEBA/0FBQf9BQUH/QUFB/0FBQf9BQUH/QkJC/0NDQ/9DQ0P/QkJC/0JCQv9CQkL/QkJC/0JCQv9CQkL/Q0ND/0JCQv9CQkL/QUFB/0BAQP9AQED/QUFB/0FBQf9BQUH/QkJC/0NDQ/9CQkL/QUFB/0FBQf9DQ0P/RERE/0RERP9DQ0P/QkJC/0FBQf9AQED/QEBA/0BAQP9BQUH/QkJC/0NDQ/9CQkL/QUFB/0FBQf9AQED/QEBA/0FBQf9CQkL/Q0ND/0NDQ/9DQ0P/Q0ND/0NDQ/9ERET/RUVF/0ZGRv9FRUX/RERE/0RERP9DQ0P/QkJC/0JCQv9CQkL/QkJC/0JCQv9DQ0P/RERE/0VFRf9GRkb/RkZG/0ZGRv9FRUX/Q0ND/0JCQv9CQkL/QkJC/0JCQv9DQ0P/RERE/0RERP9DQ0P/QkJC/0FBQf9BQUH/QUFB/0JCQv9CQkL/QkJC/0JCQv9BQUH/QUFB/0BAQP9AQED/QEBA/0FBQf9BQUH/R0dH/1BQUP9WVlb/YGBg/15eXv9UVFT/Tk5O/0ZGRv9CQkL/QkJC/0FBQf9AQED/Pz8//0BAQP9CQkL/SEhI/1BQUP9aWlr/aGho/2VlZf9dXV3/VlZW/0hISP9FRUX/Q0ND/0NDQ/9CQkL/QkJC/0FBQf9BQUH/RERE/0ZGRv9QUFD/W1tb/2BgYP9lZWX/YWFh/1lZWf9SUlL/R0dH/0RERP9DQ0P/QkJC/0NDQ/9CQkL/QkJC/0FBQf9CQkL/QkJC/0NDQ/9DQ0P/Q0ND/0NDQ/9CQkL/QkJC/0FBQf9BQUH/QUFB/0JCQv9FRUX/S0tL/1BQUP9cXFz/XV1d/1NTU/9MTEz/RkZG/0FBQf9AQED/NDQ0/zU1Nf81NTX/NTU1/zQ0NP80NDT/NDQ0/zQ0NP8zMzP/MzMz/zIyMv8zMzP/NDQ0/zU1Nf82Njb/Nzc3/zc3N/82Njb/NjY2/zU1Nf81NTX/NDQ0/zQ0NP80NDT/NTU1/zU1Nf82Njb/Nzc3/zc3N/82Njb/NjY2/zY2Nv82Njb/NjY2/zY2Nv82Njb/NjY2/zY2Nv82Njb/NTU1/zU1Nf81NTX/NjY2/zY2Nv83Nzf/Nzc3/zg4OP84ODj/Nzc3/zc3N/82Njb/NjY2/zY2Nv82Njb/NjY2/zc3N/83Nzf/Nzc3/zc3N/82Njb/Nzc3/zg4OP83Nzf/Nzc3/zc3N/82Njb/NTU1/zQ0NP80NDT/NTU1/zY2Nv83Nzf/ODg4/zk5Of86Ojr/Ojo6/zk5Of85OTn/Nzc3/zg4OP84ODj/ODg4/zg4OP84ODj/ODg4/zg4OP84ODj/ODg4/zo6Ov86Ojr/Ojo6/zo6Ov87Ozv/PDw8/zs7O/87Ozv/Ozs7/zs7O/87Ozv/Ojo6/zo6Ov85OTn/OTk5/zs7O/86Ojr/OTk5/zk5Of85OTn/OTk5/zo6Ov86Ojr/Ojo6/zo6Ov86Ojr/OTk5/zk5Of84ODj/OTk5/zs7O/87Ozv/PDw8/zs7O/85OTn/ODg4/zg4OP84ODj/OTk5/zk5Of85OTn/Ojo6/zs7O/88PDz/PDw8/zs7O/88PDz/Pj4+/z09Pf89PT3/PT09/zw8PP87Ozv/Ojo6/zo6Ov87Ozv/Ozs7/z09Pf8+Pj7/PDw8/zs7O/87Ozv/Ozs7/zs7O/87Ozv/Ozs7/zw8PP88PDz/PDw8/zw8PP87Ozv/Ozs7/zw8PP88PDz/PT09/z09Pf87Ozv/Ozs7/zs7O/87Ozv/PDw8/zw8PP89PT3/PT09/z09Pf89PT3/PT09/z09Pf88PDz/PDw8/zw8PP88PDz/PDw8/zw8PP88PDz/PDw8/zw8PP8+Pj7/Pz8//z8/P/8/Pz//Pz8//z8/P/8/Pz//QEBA/z8/P/8+Pj7/Pj4+/z09Pf89PT3/PT09/z09Pf8+Pj7/Pj4+/z8/P/8/Pz//Pz8//z8/P/8/Pz//Pz8//z8/P/8/Pz//Pj4+/zw8PP88PDz/PT09/z09Pf89PT3/Pj4+/0BAQP9AQED/QkJC/0JCQv9BQUH/QEBA/0BAQP9BQUH/QUFB/0FBQf9AQED/QEBA/z8/P/8/Pz//Pz8//0FBQf9AQED/Pz8//z8/P/8/Pz//Pz8//z8/P/8/Pz//Pj4+/z4+Pv8+Pj7/PT09/z4+Pv8/Pz//Pz8//z8/P/8+Pj7/PT09/z09Pf8+Pj7/Pj4+/z4+Pv8+Pj7/PT09/z4+Pv8/Pz//Pz8//z09Pf89PT3/PT09/z4+Pv8/Pz//Pz8//z8/P/8/Pz//Pz8//z8/P/8/Pz//Pz8//z8/P/8+Pj7/Pj4+/z09Pf89PT3/Pj4+/z4+Pv8/Pz//QEBA/0FBQf9BQUH/QEBA/0BAQP9AQED/QEBA/0BAQP9AQED/QEBA/z4+Pv8/Pz//QEBA/0BAQP9AQED/QEBA/0BAQP9AQED/QUFB/0JCQv9DQ0P/RERE/0JCQv9AQED/QEBA/z8/P/9AQED/QUFB/0BAQP9AQED/Pz8//z4+Pv8+Pj7/QEBA/0BAQP9AQED/QEBA/z8/P/8/Pz//Pz8//0BAQP8/Pz//Pz8//z8/P/9AQED/QEBA/z8/P/8/Pz//Pj4+/z4+Pv8/Pz//Pz8//z4+Pv8+Pj7/Pz8//z8/P/8+Pj7/Pj4+/z8/P/8oKCj/Kioq/ysrK/8uLi7/MTEx/zAwMP8uLi7/Ly8v/zExMf8wMDD/Li4u/ywsLP8pKSn/Jycn/yYmJv8mJib/Kioq/y0tLf8uLi7/Li4u/y0tLf8sLCz/LCws/y0tLf8tLS3/LS0t/ywsLP8qKir/KSkp/ycnJ/8lJSX/IiIi/yEhIf8hISH/ISEh/yQkJP8mJib/IyMj/yAgIP8eHh7/Gxsb/xoaGv8YGBj/FxcX/xYWFv8WFhb/FRUV/xUVFf8VFRX/FRUV/xQUFP8UFBT/EhIS/xEREf8QEBD/EBAQ/xEREf8RERH/FBQU/xcXF/8aGhr/Hh4e/yAgIP8iIiL/IiIi/yMjI/8iIiL/IiIi/yEhIf8hISH/ICAg/x0dHf8bGxv/Ghoa/xkZGf8YGBj/GBgY/xgYGP8XFxf/GBgY/xgYGP8aGhr/HBwc/yAgIP8mJib/Kysr/zQ0NP82Njb/MzMz/zAwMP8sLCz/KSkp/ykpKf8qKir/Kysr/y0tLf8vLy//MjIy/zMzM/80NDT/NDQ0/zMzM/8zMzP/NTU1/zY2Nv83Nzf/OTk5/zw8PP89PT3/OTk5/zc3N/81NTX/MzMz/zIyMv8xMTH/MjIy/zIyMv8yMjL/MzMz/zc3N/89PT3/PDw8/zg4OP81NTX/Li4u/y0tLf8wMDD/MTEx/zExMf8xMTH/MTEx/zExMf81NTX/OTk5/zs7O/88PDz/OTk5/zMzM/80NDT/NjY2/zc3N/85OTn/ODg4/zY2Nv81NTX/NTU1/zU1Nf85OTn/Ozs7/zMzM/8sLCz/KCgo/yMjI/8kJCT/JCQk/yEhIf8cHBz/Ghoa/xkZGf8YGBj/FxcX/xYWFv8VFRX/FhYW/xcXF/8ZGRn/ICAg/yYmJv8vLy//OTk5/z09Pf9CQkL/Q0ND/0NDQ/9DQ0P/Q0ND/0NDQ/9DQ0P/QkJC/0BAQP89PT3/NjY2/zMzM/8wMDD/Li4u/y4uLv8tLS3/LS0t/y0tLf8uLi7/Ly8v/y4uLv8tLS3/LCws/ysrK/8sLCz/LS0t/y8vL/8zMzP/MjIy/y4uLv8rKyv/Kioq/ykpKf8nJyf/JiYm/yUlJf8lJSX/IyMj/yEhIf8hISH/ISEh/yAgIP8eHh7/Hh4e/x0dHf8dHR3/HR0d/x0dHf8cHBz/HBwc/xwcHP8dHR3/HR0d/x4eHv8fHx//ISEh/yIiIv8kJCT/JCQk/yQkJP8lJSX/Jycn/ygoKP8qKir/Kysr/ywsLP8tLS3/Li4u/y8vL/8vLy//MDAw/zIyMv8zMzP/MjIy/zExMf8wMDD/Ly8v/zAwMP8yMjL/MjIy/zExMf8wMDD/Ly8v/y8vL/8vLy//Ly8v/y8vL/8vLy//Ly8v/y8vL/8uLi7/Li4u/y8vL/8xMTH/MDAw/zAwMP8xMTH/MjIy/zIyMv8xMTH/MDAw/zAwMP8wMDD/Ly8v/y8vL/8wMDD/MDAw/zAwMP8xMTH/MTEx/zIyMv8xMTH/MTEx/zExMf8xMTH/MDAw/zAwMP8wMDD/MTEx/zExMf8xMTH/MTEx/zAwMP8xMTH/MzMz/zQ0NP80NDT/NDQ0/zQ0NP80NDT/MzMz/zIyMv8yMjL/MjIy/zIyMv8yMjL/MjIy/zIyMv8yMjL/MjIy/zIyMv8yMjL/MjIy/zIyMv8yMjL/MjIy/zMzM/8yMjL/MTEx/zIyMv8yMjL/MzMz/zMzM/8zMzP/MzMz/zMzM/8zMzP/MzMz/zMzM/8zMzP/MjIy/zExMf8yMjL/MjIy/zMzM/8zMzP/NDQ0/0FBQf9AQED/QEBA/z4+Pv88PDz/PDw8/zs7O/88PDz/Pj4+/z4+Pv8/Pz//Pj4+/zw8PP87Ozv/Ozs7/zs7O/86Ojr/Ojo6/zo6Ov86Ojr/OTk5/zg4OP85OTn/Ojo6/zk5Of85OTn/OTk5/zg4OP85OTn/Ozs7/zw8PP88PDz/PT09/z09Pf89PT3/PDw8/zs7O/86Ojr/OTk5/zg4OP83Nzf/ODg4/zk5Of85OTn/Ojo6/zo6Ov86Ojr/Ojo6/zo6Ov86Ojr/Ozs7/zs7O/8+Pj7/Pz8//z09Pf88PDz/Ozs7/zk5Of86Ojr/Ojo6/zo6Ov86Ojr/Ojo6/zo6Ov86Ojr/Ojo6/zo6Ov86Ojr/Ojo6/zw8PP88PDz/PT09/z09Pf8+Pj7/Pj4+/zw8PP86Ojr/Ojo6/zo6Ov86Ojr/Ojo6/zs7O/89PT3/PT09/zs7O/87Ozv/PDw8/zw8PP87Ozv/Ojo6/zk5Of85OTn/ODg4/zc3N/82Njb/NDQ0/zIyMv8wMDD/Kioq/yIiIv8eHh7/GBgY/xYWFv8UFBT/ExMT/xQUFP8UFBT/FBQU/xQUFP8UFBT/FBQU/xQUFP8UFBT/ExMT/xMTE/8TExP/FBQU/xQUFP8UFBT/FBQU/xQUFP8UFBT/FBQU/xMTE/8TExP/ExMT/xISEv8SEhL/EhIS/xISEv8SEhL/ExMT/xQUFP8VFRX/FxcX/xkZGf8gICD/LCws/zIyMv89PT3/PDw8/zY2Nv81NTX/NjY2/zY2Nv80NDT/MzMz/zMzM/82Njb/QkJC/05OTv99fX3/sLCw/5aWlv91dXX/XV1d/zo6Ov8wMDD/JSUl/yAgIP8ZGRn/FxcX/xUVFf8UFBT/ExMT/xMTE/8TExP/ExMT/xMTE/8SEhL/ExMT/xMTE/8UFBT/FRUV/xYWFv8YGBj/HBwc/yQkJP8nJyf/Kysr/ywsLP8sLCz/LS0t/y0tLf8vLy//OTk5/0NDQ/9gYGD/fX19/25ubv9eXl7/SEhI/yoqKv8jIyP/GBgY/xYWFv8TExP/ExMT/xISEv8SEhL/EhIS/xEREf8RERH/ERER/xISEv8SEhL/ERER/xAQEP8RERH/ERER/xEREf8RERH/ERER/xEREf8RERH/EBAQ/xAQEP8QEBD/EBAQ/xAQEP8QEBD/EBAQ/xAQEP8QEBD/EBAQ/xAQEP8QEBD/EBAQ/xAQEP8QEBD/ERER/xEREf8SEhL/EhIS/xISEv8SEhL/ExMT/xQUFP8XFxf/Ghoa/yIiIv8mJib/KCgo/ygoKP8nJyf/JSUl/yQkJP8kJCT/JiYm/ysrK/84ODj/Tk5O/2RkZP+NjY3/fn5+/0NDQ/8sLCz/HBwc/xUVFf8SEhL/EBAQ/xAQEP8QEBD/ERER/xEREf8RERH/ERER/xEREf8RERH/EhIS/xUVFf8XFxf/HR0d/x0dHf8bGxv/GRkZ/xQUFP8SEhL/ERER/xAQEP8QEBD/EBAQ/xAQEP8QEBD/Dw8P/w8PD/8PDw//Dw8P/w8PD/8PDw//EBAQ/xAQEP8QEBD/EBAQ/xAQEP8QEBD/ERER/xQUFP8WFhb/Gxsb/x8fH/8hISH/IiIi/yIiIv8iIiL/IyMj/yQkJP8lJSX/KCgo/yoqKv8tLS3/LCws/yUlJf8hISH/HBwc/xkZGf8VFRX/ExMT/xMTE/8TExP/FxcX/xwcHP8dHR3/ICAg/x0dHf8ZGRn/FxcX/xMTE/8SEhL/EhIS/xMTE/8XFxf/Ghoa/x8fH/8iIiL/IiIi/yMjI/8jIyP/Pz8//z8/P/9AQED/QEBA/0FBQf9AQED/Pz8//z8/P/9AQED/QEBA/0BAQP9AQED/QEBA/0BAQP9AQED/QEBA/0FBQf9BQUH/QEBA/z8/P/8/Pz//Pz8//z8/P/9AQED/QEBA/0BAQP9AQED/QEBA/0BAQP8/Pz//QEBA/0FBQf9BQUH/QEBA/z8/P/9AQED/QEBA/0FBQf9CQkL/QkJC/0FBQf9BQUH/QEBA/0BAQP9AQED/QEBA/0BAQP9BQUH/Q0ND/0RERP9FRUX/RUVF/0NDQ/9CQkL/QkJC/0JCQv9CQkL/Q0ND/0NDQ/9DQ0P/Q0ND/0NDQ/9CQkL/QEBA/0BAQP8/Pz//QEBA/0FBQf9BQUH/QUFB/0JCQv9DQ0P/Q0ND/0NDQ/9CQkL/QUFB/0FBQf9AQED/Pz8//0BAQP9CQkL/QUFB/0BAQP9AQED/QEBA/0FBQf9DQ0P/Q0ND/0JCQv9BQUH/QUFB/0FBQf9BQUH/QUFB/0FBQf9BQUH/QUFB/0FBQf9BQUH/QkJC/0JCQv9DQ0P/Q0ND/0NDQ/9CQkL/QkJC/0JCQv9CQkL/QkJC/0FBQf9BQUH/QkJC/0JCQv9DQ0P/RUVF/0NDQ/9BQUH/QUFB/0JCQv9DQ0P/Q0ND/0NDQ/9DQ0P/Q0ND/0NDQ/9DQ0P/QkJC/0JCQv9CQkL/QkJC/0NDQ/9ERET/RERE/0NDQ/9CQkL/QUFB/0JCQv9CQkL/Q0ND/0NDQ/9DQ0P/Q0ND/0NDQ/9ERET/RERE/0RERP9DQ0P/QkJC/0FBQf9BQUH/QUFB/0FBQf9BQUH/QEBA/z8/P/8/Pz//QEBA/0FBQf9CQkL/Q0ND/0RERP9ERET/Q0ND/0NDQ/9CQkL/QkJC/0JCQv9CQkL/QkJC/0JCQv9BQUH/QUFB/0FBQf9BQUH/QUFB/0BAQP9BQUH/QUFB/0FBQf9BQUH/QUFB/0FBQf9BQUH/QkJC/0JCQv9CQkL/QUFB/0FBQf9BQUH/QUFB/0FBQf9AQED/QEBA/0BAQP8/Pz//QEBA/0BAQP9BQUH/QkJC/0FBQf8/Pz//Pz8//0FBQf9DQ0P/QkJC/0JCQv9CQkL/QUFB/0FBQf9BQUH/QkJC/0JCQv9DQ0P/Q0ND/0NDQ/9CQkL/QkJC/0FBQf9CQkL/QkJC/0JCQv9DQ0P/RERE/0NDQ/9CQkL/QkJC/0JCQv9DQ0P/RUVF/0VFRf9FRUX/RUVF/0VFRf9ERET/Q0ND/0NDQ/9FRUX/RkZG/0lJSf9KSkr/SEhI/0dHR/9FRUX/Q0ND/0NDQ/9CQkL/QkJC/0JCQv9CQkL/Q0ND/0NDQ/9DQ0P/Q0ND/0JCQv9BQUH/QkJC/0JCQv9BQUH/QUFB/0JCQv9CQkL/QkJC/0JCQv9CQkL/QkJC/0FBQf9BQUH/QkJC/0NDQ/9JSUn/VFRU/1lZWf9gYGD/XV1d/1JSUv9MTEz/RUVF/0FBQf9AQED/QEBA/z8/P/8/Pz//QEBA/0FBQf9HR0f/Tk5O/1paWv9sbGz/aWlp/2JiYv9aWlr/SkpK/0ZGRv9DQ0P/QkJC/0FBQf9BQUH/QUFB/0FBQf9DQ0P/RERE/0pKSv9RUVH/W1tb/2dnZ/9lZWX/YWFh/1lZWf9NTU3/SUlJ/0RERP9DQ0P/QkJC/0JCQv9AQED/Pz8//0BAQP9BQUH/QUFB/0JCQv9BQUH/QEBA/0BAQP9BQUH/QUFB/0BAQP9BQUH/QkJC/0VFRf9LS0v/UlJS/2BgYP9hYWH/VFRU/0xMTP9GRkb/QUFB/0FBQf82Njb/NjY2/zY2Nv82Njb/NTU1/zU1Nf80NDT/NDQ0/zMzM/8zMzP/MjIy/zMzM/80NDT/NTU1/zY2Nv82Njb/NjY2/zU1Nf81NTX/NTU1/zU1Nf80NDT/NDQ0/zU1Nf81NTX/NjY2/zY2Nv83Nzf/Nzc3/zc3N/83Nzf/Nzc3/zc3N/82Njb/NjY2/zY2Nv81NTX/NTU1/zQ0NP80NDT/NDQ0/zQ0NP80NDT/NTU1/zY2Nv82Njb/NjY2/zY2Nv82Njb/NjY2/zY2Nv82Njb/NjY2/zY2Nv82Njb/NTU1/zc3N/84ODj/Nzc3/zY2Nv82Njb/Nzc3/zc3N/83Nzf/Nzc3/zc3N/82Njb/NjY2/zU1Nf82Njb/NjY2/zc3N/83Nzf/ODg4/zk5Of86Ojr/Ozs7/zo6Ov85OTn/ODg4/zc3N/83Nzf/Nzc3/zc3N/84ODj/ODg4/zg4OP84ODj/OTk5/zk5Of86Ojr/Ojo6/zo6Ov86Ojr/Ojo6/zo6Ov86Ojr/OTk5/zo6Ov88PDz/Ojo6/zg4OP84ODj/ODg4/zg4OP84ODj/ODg4/zk5Of85OTn/Ozs7/zs7O/87Ozv/Ojo6/zo6Ov85OTn/OTk5/zg4OP85OTn/Ojo6/zo6Ov86Ojr/Ojo6/zk5Of85OTn/ODg4/zk5Of86Ojr/Ozs7/zs7O/87Ozv/Ozs7/zs7O/86Ojr/Ojo6/zs7O/89PT3/PT09/z09Pf88PDz/Ozs7/zs7O/85OTn/Ojo6/zs7O/87Ozv/PT09/z4+Pv89PT3/PDw8/zw8PP88PDz/Ozs7/zs7O/87Ozv/PDw8/zw8PP88PDz/PDw8/zw8PP88PDz/Ozs7/zw8PP89PT3/PT09/zs7O/86Ojr/Ojo6/zo6Ov86Ojr/Ozs7/zs7O/87Ozv/Ozs7/zs7O/88PDz/PDw8/zs7O/85OTn/OTk5/zo6Ov87Ozv/PDw8/z09Pf89PT3/PT09/z09Pf89PT3/PT09/z09Pf89PT3/PT09/z09Pf8+Pj7/Pz8//z8/P/8+Pj7/Pj4+/z09Pf88PDz/PDw8/zw8PP88PDz/PDw8/zw8PP89PT3/Pj4+/z8/P/8/Pz//Pz8//z8/P/8+Pj7/PT09/z09Pf88PDz/PDw8/zw8PP89PT3/Pz8//0BAQP9AQED/QEBA/z4+Pv89PT3/Pz8//0BAQP9AQED/QEBA/0BAQP8/Pz//Pz8//0BAQP9AQED/QUFB/0FBQf9AQED/Pz8//z4+Pv8+Pj7/Pj4+/z4+Pv8+Pj7/Pj4+/z09Pf88PDz/PDw8/z09Pf8+Pj7/Pz8//z4+Pv88PDz/PDw8/zw8PP89PT3/PT09/z09Pf88PDz/PDw8/zw8PP89PT3/PT09/z4+Pv8+Pj7/Pz8//z8/P/8/Pz//Pz8//z4+Pv8/Pz//Pz8//z8/P/8/Pz//Pz8//z4+Pv8+Pj7/Pj4+/z4+Pv8+Pj7/Pj4+/z8/P/9AQED/QUFB/0FBQf9AQED/Pj4+/z4+Pv8/Pz//Pz8//z8/P/8/Pz//Pz8//z8/P/9AQED/QEBA/z8/P/8/Pz//Pz8//z4+Pv8/Pz//Pz8//0FBQf9DQ0P/QkJC/0JCQv9BQUH/QUFB/0FBQf9CQkL/Q0ND/0NDQ/9CQkL/Pz8//z8/P/8/Pz//Pz8//z8/P/8/Pz//Pz8//z8/P/9AQED/QUFB/0FBQf9BQUH/QUFB/0FBQf9AQED/QEBA/z8/P/8/Pz//Pz8//z8/P/8/Pz//Pj4+/z09Pf89PT3/Pj4+/z4+Pv8+Pj7/Pz8//ykpKf8oKCj/Jycn/ygoKP8pKSn/KCgo/ygoKP8qKir/LS0t/y0tLf8sLCz/LCws/ywsLP8rKyv/KSkp/ygoKP8qKir/LCws/y4uLv8xMTH/MDAw/y4uLv8uLi7/Li4u/y4uLv8vLy//Li4u/y0tLf8sLCz/KSkp/ygoKP8mJib/JCQk/yMjI/8jIyP/JiYm/ygoKP8mJib/JCQk/yAgIP8cHBz/Gxsb/xkZGf8YGBj/FxcX/xcXF/8WFhb/FhYW/xUVFf8VFRX/FBQU/xQUFP8SEhL/EhIS/xEREf8QEBD/ERER/xISEv8UFBT/FhYW/xkZGf8dHR3/Hx8f/yAgIP8hISH/IiIi/yIiIv8hISH/ICAg/x8fH/8dHR3/Gxsb/xoaGv8cHBz/HBwc/xoaGv8YGBj/GBgY/xcXF/8YGBj/Ghoa/xsbG/8eHh7/IiIi/ykpKf8vLy//ODg4/zk5Of8yMjL/Ly8v/ysrK/8pKSn/Kioq/ysrK/8tLS3/MDAw/zExMf8xMTH/MDAw/y8vL/8vLy//MDAw/zExMf8yMjL/MzMz/zQ0NP81NTX/ODg4/zk5Of84ODj/Nzc3/zY2Nv81NTX/Nzc3/zo6Ov85OTn/OTk5/zc3N/81NTX/Nzc3/zs7O/88PDz/PT09/zo6Ov8yMjL/MDAw/zExMf8yMjL/NDQ0/zU1Nf81NTX/NTU1/zk5Of89PT3/PDw8/zs7O/83Nzf/MjIy/zIyMv80NDT/NTU1/zc3N/83Nzf/NjY2/zU1Nf80NDT/NDQ0/zg4OP86Ojr/NDQ0/y8vL/8qKir/JCQk/yQkJP8lJSX/IiIi/x0dHf8bGxv/GRkZ/xgYGP8YGBj/FxcX/xYWFv8WFhb/FhYW/xcXF/8cHBz/ICAg/ykpKf8zMzP/Ojo6/0JCQv9DQ0P/RUVF/0VFRf9FRUX/RUVF/0RERP9DQ0P/QEBA/z09Pf85OTn/NjY2/zExMf8vLy//Li4u/y4uLv8uLi7/Li4u/y4uLv8uLi7/LS0t/ywsLP8rKyv/Kioq/ysrK/8tLS3/Li4u/zAwMP8vLy//Kysr/ykpKf8nJyf/JiYm/yMjI/8hISH/Hx8f/x0dHf8bGxv/GRkZ/xgYGP8YGBj/FxcX/xcXF/8WFhb/FhYW/xUVFf8VFRX/FRUV/xQUFP8UFBT/FBQU/xUVFf8VFRX/FRUV/xYWFv8XFxf/GBgY/xkZGf8bGxv/HBwc/x4eHv8iIiL/IyMj/yYmJv8nJyf/KSkp/ysrK/8tLS3/Li4u/y8vL/8vLy//MTEx/zIyMv8yMjL/MTEx/zExMf8xMTH/MTEx/zIyMv8yMjL/MjIy/zExMf8xMTH/MDAw/zAwMP8wMDD/Ly8v/y8vL/8vLy//Ly8v/y4uLv8uLi7/Ly8v/y8vL/8wMDD/MTEx/zExMf8yMjL/MTEx/zAwMP8wMDD/Ly8v/y8vL/8uLi7/Li4u/y8vL/8vLy//MDAw/zAwMP8xMTH/MTEx/zExMf8xMTH/MTEx/zExMf8xMTH/MTEx/zExMf8yMjL/MTEx/zAwMP8wMDD/MTEx/zExMf8yMjL/MjIy/zIyMv8yMjL/MjIy/zIyMv8yMjL/MTEx/zExMf8xMTH/MjIy/zIyMv8yMjL/MjIy/zIyMv8yMjL/MjIy/zExMf8xMTH/MTEx/zExMf8yMjL/MjIy/zIyMv8zMzP/MzMz/zMzM/8zMzP/MzMz/zMzM/8zMzP/MzMz/zIyMv8yMjL/MjIy/zIyMv8yMjL/MjIy/zMzM/8zMzP/MzMz/zQ0NP81NTX/QUFB/0FBQf9AQED/Pz8//zw8PP88PDz/Ozs7/zw8PP8+Pj7/Pj4+/z8/P/8/Pz//PT09/zw8PP87Ozv/Ozs7/zs7O/86Ojr/Ozs7/zs7O/86Ojr/OTk5/zo6Ov87Ozv/Ojo6/zo6Ov85OTn/OTk5/zo6Ov88PDz/PT09/z4+Pv8+Pj7/Pj4+/z4+Pv89PT3/PDw8/zs7O/85OTn/OTk5/zg4OP85OTn/Ojo6/zs7O/87Ozv/Ozs7/zs7O/87Ozv/Ozs7/zs7O/87Ozv/PDw8/z4+Pv8/Pz//Pj4+/z09Pf88PDz/Ozs7/zs7O/86Ojr/Ojo6/zs7O/87Ozv/Ojo6/zo6Ov85OTn/OTk5/zo6Ov86Ojr/PDw8/zw8PP89PT3/PT09/z4+Pv8+Pj7/Ozs7/zk5Of85OTn/OTk5/zk5Of86Ojr/Ozs7/zw8PP88PDz/Ojo6/zs7O/88PDz/Ozs7/zo6Ov86Ojr/OTk5/zg4OP83Nzf/Nzc3/zU1Nf8zMzP/MTEx/y0tLf8oKCj/Hx8f/xwcHP8XFxf/FRUV/xMTE/8TExP/FBQU/xQUFP8UFBT/FBQU/xQUFP8UFBT/FBQU/xQUFP8TExP/ExMT/xMTE/8UFBT/FBQU/xQUFP8UFBT/FBQU/xQUFP8UFBT/FBQU/xMTE/8TExP/EhIS/xISEv8RERH/ERER/xISEv8TExP/FBQU/xUVFf8VFRX/FhYW/xgYGP8aGhr/ICAg/ygoKP8pKSn/KSkp/ysrK/8yMjL/NDQ0/zIyMv8yMjL/MjIy/zQ0NP8+Pj7/SkpK/3Z2dv+mpqb/kZGR/3V1df9dXV3/Ozs7/zIyMv8nJyf/IiIi/xoaGv8XFxf/FRUV/xQUFP8TExP/ExMT/xMTE/8TExP/EhIS/xISEv8SEhL/ExMT/xQUFP8VFRX/FxcX/xoaGv8eHh7/JiYm/ykpKf8sLCz/LCws/ysrK/8rKyv/Kysr/y0tLf82Njb/QEBA/1paWv91dXX/a2tr/19fX/9KSkr/LS0t/yUlJf8ZGRn/FxcX/xMTE/8TExP/EhIS/xISEv8RERH/ERER/xEREf8RERH/EhIS/xISEv8RERH/EBAQ/xAQEP8RERH/ERER/xEREf8RERH/ERER/xEREf8QEBD/EBAQ/xAQEP8QEBD/EBAQ/xAQEP8QEBD/EBAQ/xAQEP8QEBD/EBAQ/xAQEP8QEBD/EBAQ/xAQEP8RERH/ERER/xISEv8SEhL/EhIS/xISEv8TExP/FBQU/xcXF/8bGxv/IiIi/ycnJ/8oKCj/KCgo/yYmJv8kJCT/IyMj/yMjI/8mJib/KSkp/zc3N/9OTk7/Z2dn/5WVlf+FhYX/SEhI/y8vL/8eHh7/FRUV/xISEv8QEBD/EBAQ/xAQEP8QEBD/ERER/xEREf8RERH/ERER/xEREf8SEhL/FRUV/xgYGP8dHR3/HR0d/xsbG/8ZGRn/FBQU/xISEv8RERH/EBAQ/xAQEP8QEBD/EBAQ/xAQEP8QEBD/Dw8P/w8PD/8PDw//Dw8P/w8PD/8PDw//EBAQ/xAQEP8QEBD/EBAQ/xAQEP8RERH/FBQU/xcXF/8dHR3/ISEh/yEhIf8iIiL/IiIi/yIiIv8iIiL/IiIi/yQkJP8oKCj/Kysr/zExMf8wMDD/KCgo/yMjI/8eHh7/Gxsb/xcXF/8TExP/ExMT/xMTE/8YGBj/HR0d/x4eHv8gICD/HR0d/xkZGf8XFxf/FBQU/xMTE/8SEhL/FBQU/xgYGP8bGxv/ICAg/yIiIv8hISH/ISEh/yEhIf8/Pz//QEBA/0BAQP9AQED/QEBA/0BAQP9AQED/QEBA/0FBQf9BQUH/QEBA/0BAQP9AQED/QEBA/0BAQP9AQED/QUFB/0FBQf9AQED/Pz8//z8/P/8/Pz//QEBA/0FBQf9BQUH/QUFB/0FBQf9BQUH/QUFB/z8/P/9AQED/QUFB/0FBQf9AQED/Pz8//0BAQP9AQED/QUFB/0JCQv9CQkL/QUFB/0FBQf9AQED/QEBA/0BAQP9AQED/QEBA/0FBQf9DQ0P/RERE/0VFRf9FRUX/Q0ND/0JCQv9CQkL/QkJC/0NDQ/9DQ0P/Q0ND/0NDQ/9DQ0P/Q0ND/0JCQv9BQUH/QEBA/z8/P/9AQED/QUFB/0JCQv9CQkL/QkJC/0RERP9ERET/Q0ND/0JCQv9BQUH/QEBA/0BAQP8/Pz//QEBA/0FBQf9BQUH/QEBA/0BAQP9AQED/QUFB/0JCQv9CQkL/QUFB/0FBQf9BQUH/QUFB/0FBQf9BQUH/QUFB/0FBQf9BQUH/QUFB/0FBQf9CQkL/Q0ND/0RERP9ERET/Q0ND/0NDQ/9DQ0P/QkJC/0JCQv9CQkL/QkJC/0JCQv9CQkL/QkJC/0RERP9GRkb/RERE/0FBQf9CQkL/QkJC/0NDQ/9ERET/RERE/0NDQ/9DQ0P/Q0ND/0NDQ/9DQ0P/Q0ND/0JCQv9CQkL/Q0ND/0VFRf9ERET/Q0ND/0JCQv9BQUH/QkJC/0NDQ/9DQ0P/Q0ND/0NDQ/9DQ0P/RERE/0VFRf9FRUX/RERE/0NDQ/9CQkL/QUFB/0FBQf9CQkL/QkJC/0NDQ/9BQUH/Pz8//0BAQP9BQUH/QUFB/0JCQv9DQ0P/RERE/0RERP9ERET/Q0ND/0NDQ/9DQ0P/Q0ND/0NDQ/9DQ0P/QkJC/0JCQv9BQUH/QUFB/0FBQf9BQUH/QEBA/0FBQf9BQUH/QUFB/0FBQf9BQUH/QkJC/0JCQv9DQ0P/Q0ND/0NDQ/9CQkL/QkJC/0JCQv9CQkL/QUFB/0FBQf9BQUH/QUFB/0FBQf9BQUH/QUFB/0FBQf9CQkL/QkJC/0BAQP8/Pz//QUFB/0JCQv9CQkL/QkJC/0FBQf9BQUH/QUFB/0JCQv9CQkL/Q0ND/0NDQ/9DQ0P/QkJC/0JCQv9CQkL/QkJC/0JCQv9CQkL/Q0ND/0NDQ/9ERET/Q0ND/0JCQv9BQUH/QUFB/0JCQv9ERET/RERE/0VFRf9FRUX/RkZG/0VFRf9ERET/RERE/0VFRf9HR0f/SkpK/0pKSv9ISEj/RkZG/0RERP9CQkL/QkJC/0JCQv9CQkL/QkJC/0JCQv9DQ0P/Q0ND/0NDQ/9CQkL/QUFB/0FBQf9CQkL/QkJC/0JCQv9CQkL/QkJC/0JCQv9CQkL/QkJC/0JCQv9CQkL/QkJC/0JCQv9CQkL/RERE/0tLS/9WVlb/W1tb/2BgYP9dXV3/UVFR/0tLS/9ERET/QUFB/0BAQP9AQED/Pz8//z8/P/9AQED/QUFB/0ZGRv9NTU3/WVlZ/2xsbP9paWn/Y2Nj/1tbW/9LS0v/RkZG/0NDQ/9CQkL/QUFB/0BAQP9BQUH/QUFB/0JCQv9DQ0P/SEhI/01NTf9XV1f/ZWVl/2RkZP9jY2P/XV1d/1FRUf9MTEz/RUVF/0NDQ/9CQkL/QUFB/z8/P/8/Pz//QEBA/0FBQf9BQUH/QUFB/0BAQP8/Pz//QEBA/0FBQf9BQUH/QEBA/0FBQf9CQkL/RUVF/0tLS/9SUlL/YGBg/2JiYv9UVFT/TExM/0ZGRv9BQUH/QUFB/zY2Nv82Njb/Nzc3/zY2Nv81NTX/NDQ0/zQ0NP80NDT/MzMz/zMzM/8yMjL/MzMz/zQ0NP81NTX/NTU1/zY2Nv82Njb/NTU1/zU1Nf81NTX/NTU1/zQ0NP80NDT/NTU1/zU1Nf82Njb/NjY2/zc3N/83Nzf/Nzc3/zc3N/83Nzf/Nzc3/zY2Nv82Njb/NTU1/zU1Nf80NDT/NDQ0/zQ0NP80NDT/NDQ0/zQ0NP81NTX/NjY2/zY2Nv81NTX/NTU1/zU1Nf82Njb/NjY2/zY2Nv82Njb/NjY2/zY2Nv81NTX/Nzc3/zg4OP83Nzf/NjY2/zY2Nv83Nzf/Nzc3/zc3N/83Nzf/Nzc3/zc3N/83Nzf/NjY2/zY2Nv82Njb/Nzc3/zc3N/84ODj/OTk5/zo6Ov87Ozv/Ojo6/zk5Of84ODj/Nzc3/zc3N/83Nzf/Nzc3/zg4OP84ODj/ODg4/zk5Of85OTn/Ojo6/zo6Ov86Ojr/Ojo6/zo6Ov86Ojr/Ojo6/zk5Of85OTn/Ojo6/zw8PP87Ozv/OTk5/zg4OP84ODj/ODg4/zg4OP84ODj/OTk5/zk5Of87Ozv/PDw8/zs7O/86Ojr/Ojo6/zk5Of85OTn/ODg4/zk5Of85OTn/OTk5/zo6Ov86Ojr/OTk5/zk5Of84ODj/OTk5/zs7O/88PDz/Ozs7/zs7O/87Ozv/Ojo6/zo6Ov86Ojr/Ozs7/zw8PP89PT3/PT09/zw8PP87Ozv/Ojo6/zk5Of85OTn/Ojo6/zs7O/89PT3/Pj4+/z09Pf88PDz/PDw8/zw8PP88PDz/Ozs7/zs7O/88PDz/PDw8/zw8PP88PDz/PDw8/zw8PP87Ozv/PDw8/z09Pf89PT3/Ozs7/zo6Ov86Ojr/Ojo6/zo6Ov86Ojr/Ojo6/zo6Ov87Ozv/Ozs7/zw8PP88PDz/Ozs7/zk5Of85OTn/Ojo6/zs7O/88PDz/PT09/z09Pf89PT3/PT09/z09Pf89PT3/PDw8/zw8PP89PT3/PT09/z4+Pv8/Pz//Pz8//z8/P/8+Pj7/PT09/zs7O/87Ozv/Ozs7/zs7O/87Ozv/Ozs7/z09Pf8+Pj7/Pj4+/z8/P/8/Pz//Pz8//z4+Pv8+Pj7/PT09/z09Pf88PDz/Ozs7/zw8PP8/Pz//Pz8//0BAQP8/Pz//PT09/zw8PP8+Pj7/Pz8//z8/P/8/Pz//Pz8//z8/P/8/Pz//QEBA/0BAQP9AQED/QEBA/z8/P/8/Pz//Pz8//z4+Pv8+Pj7/Pj4+/z4+Pv8+Pj7/PT09/zw8PP89PT3/PT09/z4+Pv8/Pz//Pj4+/zw8PP88PDz/PDw8/z09Pf89PT3/PT09/zw8PP88PDz/PDw8/z09Pf89PT3/Pj4+/z4+Pv8/Pz//Pz8//z8/P/8+Pj7/Pj4+/z4+Pv8/Pz//Pz8//z8/P/8+Pj7/Pj4+/z4+Pv8+Pj7/Pj4+/z4+Pv8+Pj7/Pz8//0BAQP9AQED/QUFB/z8/P/8+Pj7/Pj4+/z4+Pv8+Pj7/Pj4+/z8/P/8/Pz//Pz8//0BAQP9AQED/Pz8//z8/P/8+Pj7/Pj4+/z4+Pv8+Pj7/QEBA/0JCQv9CQkL/QUFB/0FBQf9BQUH/QUFB/0JCQv9DQ0P/Q0ND/0JCQv8/Pz//Pz8//z4+Pv8+Pj7/Pz8//z8/P/8/Pz//Pz8//0FBQf9CQkL/QkJC/0JCQv9CQkL/QUFB/0FBQf9AQED/Pz8//z8/P/8/Pz//Pz8//z8/P/8+Pj7/Pj4+/z4+Pv8+Pj7/Pj4+/z4+Pv8/Pz//KCgo/ycnJ/8mJib/JiYm/yYmJv8mJib/JiYm/ycnJ/8qKir/Kioq/ysrK/8rKyv/LS0t/y0tLf8qKir/KSkp/yoqKv8qKir/LS0t/zExMf8vLy//LS0t/y0tLf8tLS3/LS0t/y4uLv8uLi7/Li4u/y0tLf8qKir/KSkp/ycnJ/8mJib/JSUl/yQkJP8nJyf/KSkp/ycnJ/8lJSX/ISEh/xwcHP8bGxv/GRkZ/xgYGP8XFxf/FxcX/xYWFv8WFhb/FRUV/xUVFf8UFBT/FBQU/xMTE/8SEhL/ERER/xAQEP8RERH/EhIS/xMTE/8VFRX/GBgY/xwcHP8eHh7/ICAg/yAgIP8iIiL/IiIi/yEhIf8gICD/Hh4e/xwcHP8bGxv/Gxsb/x0dHf8fHx//HBwc/xgYGP8YGBj/GBgY/xkZGf8bGxv/HBwc/yAgIP8jIyP/Kioq/y8vL/83Nzf/Nzc3/zExMf8uLi7/LCws/ysrK/8rKyv/LCws/y4uLv8wMDD/MTEx/zExMf8wMDD/Li4u/y4uLv8vLy//MTEx/zMzM/80NDT/NDQ0/zU1Nf83Nzf/Nzc3/zY2Nv81NTX/NDQ0/zQ0NP83Nzf/Ozs7/zo6Ov86Ojr/ODg4/zU1Nf83Nzf/Ozs7/zw8PP8/Pz//PT09/zY2Nv80NDT/NDQ0/zQ0NP82Njb/Nzc3/zY2Nv81NTX/OTk5/z09Pf88PDz/Ojo6/zc3N/8zMzP/NDQ0/zY2Nv83Nzf/ODg4/zg4OP82Njb/NTU1/zQ0NP80NDT/Nzc3/zk5Of81NTX/MjIy/ywsLP8mJib/JiYm/yYmJv8jIyP/Hx8f/x0dHf8aGhr/Ghoa/xkZGf8YGBj/FxcX/xYWFv8WFhb/FhYW/xoaGv8dHR3/JiYm/y8vL/83Nzf/QUFB/0NDQ/9FRUX/RUVF/0VFRf9FRUX/RERE/0NDQ/9AQED/Pj4+/zo6Ov83Nzf/MjIy/y8vL/8uLi7/Li4u/y4uLv8uLi7/Li4u/y0tLf8sLCz/Kysr/yoqKv8pKSn/Kioq/ywsLP8tLS3/LS0t/ywsLP8oKCj/JiYm/yQkJP8iIiL/ICAg/x4eHv8bGxv/GRkZ/xcXF/8VFRX/FRUV/xQUFP8UFBT/ExMT/xMTE/8SEhL/EhIS/xISEv8RERH/ERER/xEREf8RERH/ERER/xEREf8RERH/EhIS/xISEv8UFBT/FRUV/xcXF/8ZGRn/Gxsb/x4eHv8fHx//IiIi/yQkJP8nJyf/KCgo/ysrK/8sLCz/Li4u/y8vL/8wMDD/MjIy/zExMf8xMTH/MTEx/zExMf8xMTH/MjIy/zIyMv8yMjL/MTEx/zExMf8xMTH/MDAw/zAwMP8wMDD/Ly8v/y8vL/8vLy//Ly8v/y4uLv8vLy//Ly8v/zAwMP8xMTH/MTEx/zIyMv8xMTH/MTEx/zAwMP8wMDD/Ly8v/y4uLv8uLi7/Ly8v/y8vL/8wMDD/MDAw/zExMf8xMTH/MTEx/zExMf8xMTH/MTEx/zExMf8xMTH/MTEx/zExMf8xMTH/MDAw/zAwMP8xMTH/MTEx/zIyMv8yMjL/MjIy/zIyMv8yMjL/MjIy/zExMf8wMDD/MDAw/zExMf8xMTH/MjIy/zIyMv8yMjL/MjIy/zIyMv8yMjL/MTEx/zExMf8xMTH/MTEx/zIyMv8yMjL/MjIy/zMzM/8zMzP/MzMz/zMzM/8zMzP/MzMz/zMzM/8zMzP/MjIy/zIyMv8xMTH/MTEx/zIyMv8yMjL/MzMz/zMzM/80NDT/NDQ0/zU1Nf9BQUH/QEBA/z4+Pv89PT3/PT09/zw8PP87Ozv/PDw8/z4+Pv8+Pj7/Pj4+/z4+Pv89PT3/PDw8/zs7O/86Ojr/Ozs7/zw8PP88PDz/PT09/zw8PP88PDz/PDw8/z09Pf88PDz/Ozs7/zw8PP88PDz/PT09/z4+Pv8+Pj7/Pj4+/z4+Pv8+Pj7/Pj4+/z09Pf88PDz/PDw8/zs7O/88PDz/PDw8/z4+Pv9AQED/Pz8//z8/P/8+Pj7/PT09/z09Pf87Ozv/Ozs7/zs7O/87Ozv/PDw8/z09Pf89PT3/Pj4+/z09Pf89PT3/PDw8/zw8PP88PDz/PT09/zw8PP88PDz/Ozs7/zk5Of85OTn/Ojo6/zo6Ov88PDz/PDw8/z09Pf8+Pj7/PT09/z09Pf87Ozv/Ojo6/zk5Of84ODj/OTk5/zo6Ov87Ozv/Ozs7/zs7O/87Ozv/Ozs7/zs7O/87Ozv/Ojo6/zo6Ov85OTn/ODg4/zc3N/81NTX/MzMz/zExMf8tLS3/KCgo/yMjI/8bGxv/GBgY/xUVFf8UFBT/ExMT/xMTE/8TExP/EhIS/xISEv8SEhL/ExMT/xMTE/8UFBT/FBQU/xMTE/8SEhL/EhIS/xISEv8SEhL/EhIS/xISEv8SEhL/EhIS/xISEv8TExP/ExMT/xMTE/8SEhL/EhIS/xEREf8RERH/EhIS/xMTE/8UFBT/FBQU/xQUFP8UFBT/FRUV/xYWFv8ZGRn/HR0d/yEhIf8mJib/Kioq/zAwMP8xMTH/Li4u/y0tLf8sLCz/LCws/zAwMP8zMzP/QkJC/1JSUv9PT0//S0tL/0JCQv80NDT/Ly8v/ykpKf8kJCT/Gxsb/xgYGP8VFRX/ExMT/xMTE/8TExP/ExMT/xISEv8SEhL/EhIS/xISEv8TExP/FBQU/xQUFP8YGBj/HR0d/yIiIv8pKSn/Kioq/ykpKf8pKSn/Jycn/ycnJ/8mJib/JiYm/ysrK/8vLy//OTk5/0RERP9BQUH/Pz8//zc3N/8sLCz/JSUl/xoaGv8XFxf/ExMT/xISEv8SEhL/EhIS/xISEv8SEhL/ERER/xEREf8RERH/ERER/xEREf8QEBD/EBAQ/xAQEP8QEBD/EBAQ/xAQEP8QEBD/EBAQ/xAQEP8QEBD/EBAQ/xAQEP8PDw//Dw8P/xAQEP8QEBD/EBAQ/w8PD/8PDw//Dw8P/w8PD/8PDw//EBAQ/xAQEP8QEBD/EBAQ/xEREf8SEhL/EhIS/xMTE/8VFRX/GRkZ/x0dHf8jIyP/JiYm/yYmJv8mJib/JCQk/yMjI/8jIyP/JCQk/yQkJP8kJCT/Kioq/zQ0NP9CQkL/W1tb/1RUVP82Njb/KSkp/xwcHP8VFRX/EhIS/xAQEP8QEBD/EBAQ/xAQEP8QEBD/EBAQ/xAQEP8QEBD/EBAQ/xISEv8VFRX/GBgY/x4eHv8eHh7/HBwc/xkZGf8VFRX/EhIS/xEREf8QEBD/EBAQ/xEREf8QEBD/Dw8P/w8PD/8QEBD/EBAQ/xAQEP8QEBD/EBAQ/xAQEP8RERH/ERER/xAQEP8QEBD/ERER/xISEv8XFxf/Ghoa/x4eHv8iIiL/IiIi/yEhIf8hISH/ISEh/yEhIf8hISH/IiIi/yUlJf8rKyv/Nzc3/zY2Nv8sLCz/Jycn/yIiIv8eHh7/GRkZ/xUVFf8UFBT/ExMT/xkZGf8eHh7/Hx8f/yAgIP8dHR3/GBgY/xYWFv8TExP/ExMT/xMTE/8WFhb/Gxsb/x4eHv8gICD/ICAg/x4eHv8dHR3/HR0d/0FBQf9BQUH/QEBA/z8/P/8/Pz//QEBA/0FBQf9BQUH/QUFB/0FBQf9AQED/QEBA/0FBQf9BQUH/QUFB/0FBQf9AQED/QEBA/z8/P/8/Pz//Pz8//z8/P/8/Pz//Pz8//0BAQP9BQUH/QUFB/0FBQf9BQUH/QEBA/0BAQP9BQUH/QUFB/0FBQf9AQED/QEBA/z8/P/9AQED/QUFB/0JCQv9CQkL/QkJC/0FBQf9BQUH/QUFB/0FBQf9AQED/QEBA/0FBQf9CQkL/Q0ND/0NDQ/9CQkL/QUFB/0FBQf9CQkL/Q0ND/0NDQ/9ERET/RERE/0RERP9CQkL/QkJC/0JCQv9CQkL/QEBA/0BAQP9AQED/QUFB/0JCQv9DQ0P/QkJC/0JCQv9CQkL/QkJC/0JCQv9CQkL/QUFB/0FBQf9AQED/QEBA/0BAQP9BQUH/QUFB/0BAQP9AQED/QUFB/0FBQf9AQED/QEBA/0BAQP9AQED/QEBA/0BAQP9BQUH/QUFB/0FBQf9BQUH/QUFB/0JCQv9CQkL/Q0ND/0NDQ/9DQ0P/Q0ND/0RERP9ERET/Q0ND/0JCQv9DQ0P/Q0ND/0NDQ/9DQ0P/RERE/0VFRf9ERET/Q0ND/0NDQ/9DQ0P/Q0ND/0NDQ/9DQ0P/QkJC/0JCQv9CQkL/QkJC/0NDQ/9DQ0P/QkJC/0JCQv9DQ0P/Q0ND/0NDQ/9DQ0P/Q0ND/0NDQ/9DQ0P/RERE/0VFRf9FRUX/RUVF/0VFRf9FRUX/RkZG/0ZGRv9GRkb/RkZG/0VFRf9ERET/RERE/0VFRf9FRUX/RUVF/0NDQ/9BQUH/QUFB/0JCQv9CQkL/Q0ND/0NDQ/9ERET/RUVF/0VFRf9FRUX/RUVF/0VFRf9ERET/RERE/0NDQ/9CQkL/Q0ND/0NDQ/9CQkL/QEBA/0FBQf9BQUH/QUFB/0FBQf9BQUH/QkJC/0JCQv9ERET/RUVF/0dHR/9JSUn/R0dH/0ZGRv9GRkb/RkZG/0VFRf9FRUX/RUVF/0ZGRv9GRkb/RkZG/0VFRf9ERET/RERE/0VFRf9ERET/QkJC/0FBQf9DQ0P/RERE/0NDQ/9DQ0P/QUFB/0BAQP9BQUH/QkJC/0NDQ/9ERET/Q0ND/0FBQf9AQED/QEBA/0BAQP9AQED/QEBA/0NDQ/9DQ0P/Q0ND/0NDQ/9CQkL/QUFB/0JCQv9CQkL/QkJC/0NDQ/9ERET/RUVF/0VFRf9GRkb/RkZG/0dHR/9GRkb/RkZG/0VFRf9ERET/RERE/0NDQ/9DQ0P/QkJC/0FBQf9CQkL/Q0ND/0JCQv9BQUH/QkJC/0RERP9DQ0P/Q0ND/0NDQ/9CQkL/QkJC/0NDQ/9DQ0P/RERE/0RERP9DQ0P/Q0ND/0JCQv9CQkL/QkJC/0NDQ/9DQ0P/RERE/0VFRf9GRkb/TU1N/1paWv9dXV3/YGBg/1xcXP9PT0//SkpK/0VFRf9CQkL/QkJC/0JCQv9AQED/Pz8//0FBQf9CQkL/R0dH/0xMTP9WVlb/ZGRk/2NjY/9gYGD/WVlZ/0pKSv9GRkb/RERE/0JCQv9BQUH/QEBA/0FBQf9BQUH/QkJC/0NDQ/9GRkb/SUlJ/1BQUP9aWlr/Xl5e/2NjY/9gYGD/WVlZ/1NTU/9HR0f/Q0ND/0BAQP8/Pz//Pz8//0BAQP9CQkL/Q0ND/0NDQ/9CQkL/QkJC/0FBQf9AQED/QEBA/0BAQP9BQUH/QkJC/0JCQv9ERET/SUlJ/09PT/9cXFz/Xl5e/1JSUv9LS0v/RkZG/0JCQv9CQkL/NTU1/zU1Nf81NTX/NDQ0/zQ0NP8zMzP/MzMz/zMzM/80NDT/NDQ0/zQ0NP80NDT/MzMz/zQ0NP81NTX/NTU1/zY2Nv83Nzf/Nzc3/zc3N/82Njb/NTU1/zQ0NP80NDT/NDQ0/zY2Nv82Njb/Nzc3/zc3N/82Njb/NjY2/zY2Nv82Njb/NjY2/zU1Nf81NTX/NTU1/zQ0NP8zMzP/NDQ0/zQ0NP80NDT/NTU1/zU1Nf82Njb/NjY2/zU1Nf81NTX/NDQ0/zQ0NP81NTX/NTU1/zY2Nv82Njb/NjY2/zc3N/82Njb/NjY2/zU1Nf80NDT/NDQ0/zU1Nf82Njb/Nzc3/zc3N/84ODj/ODg4/zg4OP84ODj/ODg4/zc3N/83Nzf/Nzc3/zk5Of86Ojr/Ojo6/zo6Ov86Ojr/OTk5/zk5Of85OTn/OTk5/zo6Ov85OTn/ODg4/zg4OP85OTn/Ojo6/zs7O/87Ozv/Ojo6/zk5Of84ODj/ODg4/zg4OP84ODj/ODg4/zg4OP86Ojr/PDw8/zs7O/86Ojr/Ojo6/zo6Ov86Ojr/Ojo6/zk5Of85OTn/OTk5/zo6Ov87Ozv/Ozs7/zs7O/86Ojr/Ojo6/zo6Ov86Ojr/Ojo6/zo6Ov86Ojr/Ojo6/zo6Ov86Ojr/Ojo6/zo6Ov86Ojr/Ozs7/zs7O/88PDz/PDw8/zs7O/87Ozv/Ojo6/zo6Ov86Ojr/Ozs7/zs7O/87Ozv/Ojo6/zo6Ov85OTn/ODg4/zk5Of85OTn/Ojo6/zw8PP89PT3/PT09/z4+Pv8+Pj7/PT09/zw8PP87Ozv/Ozs7/zs7O/87Ozv/PDw8/zw8PP89PT3/PT09/z09Pf89PT3/PT09/z09Pf88PDz/PDw8/zo6Ov85OTn/Ojo6/zs7O/87Ozv/PDw8/zw8PP88PDz/PT09/z09Pf88PDz/Ozs7/zs7O/86Ojr/Ojo6/zs7O/88PDz/PDw8/zw8PP88PDz/PDw8/z09Pf8+Pj7/Pj4+/z8/P/8/Pz//Pz8//z8/P/8/Pz//Pj4+/z09Pf88PDz/Ozs7/zo6Ov87Ozv/Ozs7/zs7O/87Ozv/PDw8/z09Pf89PT3/PT09/z4+Pv8+Pj7/Pz8//0BAQP9AQED/QEBA/z8/P/89PT3/PDw8/zw8PP89PT3/Pj4+/z4+Pv88PDz/Ozs7/zw8PP88PDz/PDw8/zs7O/88PDz/PT09/z4+Pv8/Pz//Pj4+/z09Pf89PT3/PT09/z4+Pv9AQED/QEBA/0BAQP8/Pz//Pj4+/z4+Pv8/Pz//QEBA/z8/P/8/Pz//Pz8//0BAQP8/Pz//Pj4+/z4+Pv8+Pj7/Pj4+/z4+Pv8+Pj7/PT09/z09Pf8+Pj7/Pj4+/z4+Pv89PT3/Pj4+/z4+Pv8+Pj7/Pj4+/z4+Pv8+Pj7/Pj4+/z4+Pv89PT3/PT09/z09Pf89PT3/PDw8/zw8PP89PT3/PT09/z4+Pv8/Pz//QEBA/0BAQP8/Pz//Pz8//z8/P/8/Pz//Pz8//z8/P/8/Pz//QEBA/0BAQP9AQED/Pz8//0BAQP9AQED/QEBA/z4+Pv89PT3/Pj4+/z4+Pv8/Pz//Pz8//z4+Pv89PT3/Pj4+/z8/P/9AQED/QEBA/0FBQf9CQkL/QUFB/z4+Pv8+Pj7/Pz8//z8/P/8/Pz//Pz8//z8/P/8/Pz//QUFB/0JCQv9CQkL/QkJC/0JCQv9BQUH/QEBA/z8/P/8+Pj7/Pj4+/z4+Pv9AQED/QEBA/0BAQP9AQED/Pz8//z8/P/8/Pz//Pz8//0BAQP8lJSX/JSUl/yQkJP8lJSX/Jycn/yYmJv8lJSX/JSUl/yUlJf8mJib/KSkp/ysrK/8tLS3/Li4u/yoqKv8oKCj/KCgo/ycnJ/8pKSn/Kysr/ykpKf8oKCj/Jycn/yYmJv8nJyf/KSkp/yoqKv8sLCz/LCws/ywsLP8rKyv/KSkp/ygoKP8nJyf/Jycn/ykpKf8qKir/KCgo/ycnJ/8iIiL/HR0d/xwcHP8aGhr/GRkZ/xgYGP8XFxf/FhYW/xYWFv8VFRX/FRUV/xQUFP8UFBT/ExMT/xISEv8RERH/EBAQ/xEREf8RERH/EhIS/xMTE/8XFxf/Gxsb/x0dHf8fHx//ICAg/yIiIv8iIiL/IiIi/yEhIf8dHR3/HBwc/xwcHP8dHR3/ISEh/yQkJP8fHx//GRkZ/xkZGf8aGhr/Gxsb/x0dHf8fHx//IyMj/yUlJf8oKCj/Kioq/y4uLv8vLy//Li4u/y4uLv8wMDD/MDAw/zAwMP8wMDD/Ly8v/y4uLv8vLy//MTEx/zExMf8xMTH/MTEx/zExMf80NDT/ODg4/zo6Ov86Ojr/OTk5/zc3N/81NTX/MjIy/y8vL/8vLy//Ly8v/zExMf8yMjL/NDQ0/zU1Nf81NTX/NDQ0/zY2Nv86Ojr/PT09/0BAQP9AQED/Pj4+/z09Pf87Ozv/OTk5/zk5Of85OTn/NjY2/zMzM/83Nzf/Ojo6/zo6Ov86Ojr/OTk5/zg4OP86Ojr/PT09/z4+Pv89PT3/Ozs7/zU1Nf8zMzP/NDQ0/zQ0NP82Njb/Nzc3/zc3N/83Nzf/MzMz/y4uLv8sLCz/KSkp/ycnJ/8jIyP/ISEh/x4eHv8dHR3/Gxsb/xoaGv8XFxf/FxcX/xYWFv8WFhb/FxcX/xkZGf8gICD/Jycn/zExMf88PDz/QEBA/0VFRf9FRUX/RkZG/0VFRf9CQkL/QkJC/0FBQf8/Pz//Ozs7/zg4OP8yMjL/Li4u/y4uLv8uLi7/Ly8v/zAwMP8uLi7/LS0t/ywsLP8qKir/Kioq/ykpKf8pKSn/KSkp/ykpKf8oKCj/Jycn/yIiIv8gICD/HR0d/xsbG/8YGBj/FhYW/xUVFf8TExP/EhIS/xISEv8RERH/ERER/xEREf8QEBD/EBAQ/xAQEP8QEBD/EBAQ/xAQEP8PDw//Dw8P/w8PD/8PDw//Dw8P/w8PD/8QEBD/EBAQ/xEREf8SEhL/ExMT/xUVFf8WFhb/FxcX/xgYGP8aGhr/HBwc/yAgIP8jIyP/Jycn/ykpKf8sLCz/Li4u/y8vL/8wMDD/MDAw/zAwMP8xMTH/MTEx/zIyMv8zMzP/MjIy/zExMf8xMTH/MTEx/zExMf8xMTH/MTEx/zExMf8xMTH/MTEx/zAwMP8vLy//Ly8v/y8vL/8vLy//MDAw/zAwMP8xMTH/MjIy/zIyMv8yMjL/MjIy/zExMf8xMTH/MDAw/y8vL/8wMDD/MTEx/zExMf8yMjL/MjIy/zIyMv8xMTH/MDAw/zAwMP8wMDD/MDAw/zAwMP8wMDD/MDAw/zAwMP8vLy//MDAw/zIyMv8yMjL/MjIy/zIyMv8yMjL/MjIy/zIyMv8yMjL/MTEx/zExMf8xMTH/MDAw/zExMf8xMTH/MjIy/zMzM/8zMzP/MzMz/zMzM/8zMzP/MjIy/zExMf8xMTH/MjIy/zIyMv8yMjL/MjIy/zIyMv8zMzP/MzMz/zMzM/8zMzP/NDQ0/zMzM/8yMjL/MjIy/zIyMv8yMjL/MjIy/zIyMv8zMzP/MzMz/zMzM/8zMzP/NDQ0/0FBQf8/Pz//PT09/z09Pf89PT3/PDw8/zs7O/88PDz/Pj4+/z4+Pv89PT3/PT09/z09Pf88PDz/Ozs7/zs7O/87Ozv/PDw8/z09Pf89PT3/PT09/z09Pf89PT3/Pj4+/z09Pf88PDz/PT09/z4+Pv8+Pj7/Pj4+/z4+Pv8+Pj7/Pj4+/z4+Pv8+Pj7/PT09/zw8PP88PDz/PDw8/z09Pf8+Pj7/Pz8//0FBQf9BQUH/Pz8//z8/P/8+Pj7/PT09/zs7O/87Ozv/Ozs7/zs7O/88PDz/PDw8/z09Pf8+Pj7/Pj4+/z4+Pv89PT3/PDw8/z09Pf8+Pj7/PT09/z09Pf88PDz/Ojo6/zo6Ov86Ojr/Ozs7/zw8PP89PT3/Pj4+/z4+Pv89PT3/PT09/zs7O/86Ojr/OTk5/zg4OP85OTn/Ojo6/zo6Ov87Ozv/Ozs7/zs7O/87Ozv/Ozs7/zs7O/86Ojr/OTk5/zk5Of84ODj/Nzc3/zU1Nf8zMzP/MTEx/ywsLP8mJib/IiIi/xsbG/8ZGRn/FhYW/xYWFv8WFhb/FhYW/xUVFf8UFBT/ExMT/xMTE/8VFRX/FhYW/xYWFv8XFxf/FhYW/xUVFf8VFRX/FRUV/xUVFf8VFRX/FRUV/xYWFv8WFhb/FhYW/xYWFv8XFxf/FhYW/xYWFv8VFRX/FBQU/xQUFP8UFBT/FBQU/xQUFP8UFBT/FBQU/xQUFP8UFBT/FBQU/xYWFv8ZGRn/HR0d/yUlJf8pKSn/Ly8v/zAwMP8sLCz/Kysr/yoqKv8pKSn/Kysr/ywsLP8tLS3/Ly8v/zMzM/84ODj/NjY2/zExMf8uLi7/Kioq/yUlJf8bGxv/GBgY/xQUFP8TExP/ExMT/xMTE/8SEhL/EhIS/xISEv8SEhL/ExMT/xMTE/8UFBT/FBQU/xkZGf8fHx//JCQk/ysrK/8rKyv/KSkp/ycnJ/8mJib/JSUl/yQkJP8kJCT/JiYm/ygoKP8rKyv/Li4u/y8vL/8xMTH/Li4u/ysrK/8lJSX/Ghoa/xcXF/8TExP/EhIS/xISEv8SEhL/EhIS/xISEv8RERH/ERER/xEREf8RERH/EBAQ/xAQEP8QEBD/EBAQ/xAQEP8QEBD/EBAQ/xAQEP8QEBD/EBAQ/xAQEP8QEBD/EBAQ/w8PD/8PDw//EBAQ/xAQEP8PDw//Dw8P/w8PD/8PDw//Dw8P/w8PD/8PDw//EBAQ/xAQEP8QEBD/ERER/xISEv8SEhL/FBQU/xYWFv8bGxv/Hh4e/yMjI/8mJib/JiYm/yUlJf8kJCT/IiIi/yMjI/8kJCT/IyMj/yIiIv8lJSX/KSkp/zExMf9AQED/PT09/y4uLv8mJib/Gxsb/xUVFf8SEhL/EBAQ/xAQEP8QEBD/EBAQ/xAQEP8QEBD/EBAQ/xAQEP8QEBD/EhIS/xUVFf8YGBj/Hh4e/x8fH/8cHBz/GRkZ/xUVFf8TExP/ERER/xAQEP8RERH/ERER/xAQEP8PDw//Dw8P/xAQEP8QEBD/EBAQ/xAQEP8QEBD/EBAQ/xEREf8RERH/EBAQ/xAQEP8RERH/EhIS/xgYGP8cHBz/Hx8f/yIiIv8hISH/ISEh/yEhIf8hISH/ISEh/yAgIP8hISH/IyMj/yoqKv83Nzf/Nzc3/y0tLf8oKCj/IyMj/yAgIP8aGhr/FhYW/xQUFP8TExP/GBgY/x4eHv8fHx//ICAg/xwcHP8XFxf/FhYW/xMTE/8TExP/FBQU/xYWFv8dHR3/Hx8f/yAgIP8gICD/HR0d/xsbG/8bGxv/QUFB/0FBQf9AQED/Pz8//z4+Pv9AQED/QkJC/0JCQv9BQUH/QUFB/0BAQP9AQED/QUFB/0FBQf9BQUH/QkJC/0BAQP8/Pz//Pz8//z8/P/8/Pz//Pz8//z8/P/8/Pz//QEBA/0FBQf9BQUH/QUFB/0FBQf9AQED/QEBA/0FBQf9BQUH/QUFB/0FBQf9AQED/Pz8//0BAQP9BQUH/QkJC/0NDQ/9CQkL/QUFB/0FBQf9BQUH/QUFB/0BAQP9AQED/QEBA/0FBQf9CQkL/QkJC/0FBQf9AQED/QUFB/0JCQv9DQ0P/Q0ND/0RERP9FRUX/RERE/0JCQv9CQkL/Q0ND/0JCQv9AQED/QEBA/0BAQP9BQUH/QkJC/0NDQ/9CQkL/QUFB/0JCQv9CQkL/QkJC/0NDQ/9CQkL/QUFB/0BAQP8/Pz//QEBA/0FBQf9BQUH/QUFB/0FBQf9BQUH/QUFB/0BAQP9AQED/QEBA/z8/P/9AQED/QEBA/0FBQf9BQUH/QUFB/0FBQf9CQkL/QkJC/0NDQ/9DQ0P/Q0ND/0NDQ/9ERET/RUVF/0RERP9DQ0P/QkJC/0NDQ/9ERET/Q0ND/0NDQ/9ERET/RUVF/0RERP9DQ0P/Q0ND/0NDQ/9DQ0P/Q0ND/0JCQv9BQUH/QUFB/0FBQf9BQUH/QkJC/0NDQ/9CQkL/QkJC/0NDQ/9DQ0P/Q0ND/0NDQ/9DQ0P/Q0ND/0RERP9FRUX/RUVF/0ZGRv9GRkb/RkZG/0ZGRv9GRkb/RkZG/0ZGRv9GRkb/RkZG/0VFRf9GRkb/RkZG/0ZGRv9GRkb/RERE/0JCQv9CQkL/QkJC/0NDQ/9DQ0P/RERE/0VFRf9FRUX/RkZG/0ZGRv9GRkb/RkZG/0VFRf9ERET/Q0ND/0JCQv9DQ0P/RERE/0JCQv9AQED/QUFB/0JCQv9CQkL/QUFB/0FBQf9CQkL/Q0ND/0RERP9FRUX/SUlJ/0pKSv9JSUn/SEhI/0dHR/9HR0f/RkZG/0ZGRv9HR0f/SEhI/0hISP9ISEj/R0dH/0VFRf9FRUX/RUVF/0VFRf9DQ0P/QkJC/0RERP9FRUX/RERE/0NDQ/9CQkL/QEBA/0FBQf9CQkL/Q0ND/0RERP9DQ0P/QEBA/0BAQP8/Pz//Pz8//z8/P/9AQED/Q0ND/0RERP9DQ0P/Q0ND/0JCQv9BQUH/QUFB/0JCQv9CQkL/Q0ND/0RERP9FRUX/RUVF/0ZGRv9GRkb/R0dH/0ZGRv9FRUX/RERE/0JCQv9BQUH/QkJC/0JCQv9CQkL/QUFB/0JCQv9DQ0P/QkJC/0BAQP9CQkL/RERE/0RERP9DQ0P/Q0ND/0JCQv9CQkL/Q0ND/0NDQ/9ERET/RUVF/0RERP9DQ0P/QkJC/0JCQv9CQkL/Q0ND/0RERP9FRUX/RkZG/0dHR/9PT0//W1tb/15eXv9gYGD/W1tb/09PT/9JSUn/RUVF/0NDQ/9DQ0P/QkJC/0FBQf8/Pz//QUFB/0NDQ/9HR0f/TExM/1RUVP9hYWH/YWFh/15eXv9YWFj/SkpK/0ZGRv9ERET/QkJC/0FBQf9AQED/QEBA/0FBQf9CQkL/Q0ND/0RERP9GRkb/TExM/1RUVP9aWlr/Y2Nj/2JiYv9eXl7/V1dX/0pKSv9FRUX/QEBA/z8/P/9AQED/QEBA/0JCQv9DQ0P/Q0ND/0NDQ/9CQkL/QUFB/0BAQP8/Pz//QEBA/0JCQv9CQkL/QkJC/0RERP9JSUn/T09P/1tbW/9cXFz/UVFR/0tLS/9GRkb/Q0ND/0JCQv81NTX/NTU1/zQ0NP80NDT/MzMz/zMzM/8zMzP/MzMz/zQ0NP80NDT/NDQ0/zQ0NP8zMzP/NDQ0/zU1Nf81NTX/NjY2/zc3N/83Nzf/Nzc3/zY2Nv81NTX/NDQ0/zMzM/80NDT/NjY2/zY2Nv83Nzf/Nzc3/zY2Nv82Njb/NjY2/zY2Nv81NTX/NTU1/zU1Nf81NTX/NDQ0/zMzM/80NDT/NDQ0/zU1Nf81NTX/NTU1/zY2Nv82Njb/NTU1/zU1Nf80NDT/NDQ0/zU1Nf81NTX/NjY2/zY2Nv83Nzf/Nzc3/zc3N/82Njb/NTU1/zQ0NP80NDT/NTU1/zY2Nv83Nzf/Nzc3/zg4OP84ODj/OTk5/zk5Of84ODj/ODg4/zc3N/83Nzf/OTk5/zo6Ov86Ojr/Ojo6/zk5Of85OTn/OTk5/zk5Of86Ojr/Ozs7/zo6Ov84ODj/ODg4/zk5Of86Ojr/Ozs7/zs7O/86Ojr/OTk5/zg4OP83Nzf/ODg4/zg4OP84ODj/ODg4/zk5Of88PDz/PDw8/zs7O/87Ozv/Ozs7/zs7O/86Ojr/Ojo6/zo6Ov85OTn/Ojo6/zo6Ov86Ojr/Ozs7/zo6Ov86Ojr/Ojo6/zo6Ov86Ojr/Ojo6/zo6Ov86Ojr/Ojo6/zo6Ov86Ojr/Ojo6/zo6Ov87Ozv/Ozs7/zw8PP88PDz/Ozs7/zs7O/87Ozv/Ojo6/zo6Ov86Ojr/Ojo6/zo6Ov86Ojr/OTk5/zk5Of84ODj/ODg4/zk5Of85OTn/Ozs7/zw8PP89PT3/Pj4+/z4+Pv8+Pj7/PDw8/zs7O/86Ojr/Ojo6/zs7O/88PDz/PDw8/z09Pf89PT3/PT09/z09Pf89PT3/PT09/z09Pf88PDz/Ojo6/zk5Of86Ojr/Ozs7/zw8PP89PT3/PT09/z09Pf89PT3/PT09/z09Pf88PDz/Ozs7/zo6Ov86Ojr/Ozs7/zs7O/88PDz/PDw8/zw8PP88PDz/PT09/z4+Pv8/Pz//QEBA/0BAQP9AQED/Pz8//z8/P/8+Pj7/PT09/zw8PP87Ozv/Ojo6/zs7O/87Ozv/Ozs7/zs7O/88PDz/PDw8/z09Pf89PT3/PT09/z4+Pv8/Pz//QUFB/0FBQf9BQUH/Pz8//z09Pf88PDz/Ozs7/zw8PP89PT3/PT09/zw8PP87Ozv/Ozs7/zs7O/87Ozv/Ojo6/zw8PP89PT3/Pj4+/z8/P/8+Pj7/PDw8/zw8PP88PDz/PT09/0BAQP9BQUH/QEBA/0BAQP8/Pz//Pj4+/0BAQP9BQUH/QEBA/0BAQP9AQED/QEBA/z8/P/8/Pz//Pz8//z4+Pv8+Pj7/Pj4+/z4+Pv8+Pj7/Pj4+/z8/P/8/Pz//Pj4+/z09Pf8+Pj7/Pj4+/z4+Pv8+Pj7/Pj4+/z4+Pv8+Pj7/PT09/z09Pf89PT3/PT09/zw8PP88PDz/PDw8/zw8PP89PT3/PT09/z8/P/9AQED/Pz8//z8/P/8/Pz//Pz8//z8/P/8/Pz//Pz8//0BAQP9AQED/QUFB/0BAQP8/Pz//QEBA/0FBQf9AQED/Pj4+/z4+Pv8+Pj7/Pj4+/z4+Pv8+Pj7/PT09/zw8PP8+Pj7/Pz8//z8/P/8/Pz//QEBA/0FBQf9AQED/Pj4+/z4+Pv8/Pz//QEBA/z8/P/8/Pz//Pz8//z8/P/9AQED/QkJC/0JCQv9CQkL/QkJC/0FBQf9AQED/Pj4+/z4+Pv89PT3/Pj4+/0BAQP9BQUH/QUFB/0FBQf9AQED/QEBA/z8/P/8/Pz//QEBA/yMjI/8jIyP/IiIi/yQkJP8mJib/JSUl/yQkJP8jIyP/IiIi/yMjI/8nJyf/KSkp/ywsLP8tLS3/KSkp/ycnJ/8nJyf/JiYm/ygoKP8pKSn/Jycn/yUlJf8lJSX/JCQk/yUlJf8nJyf/KCgo/ysrK/8sLCz/LCws/ywsLP8pKSn/KCgo/ygoKP8oKCj/KSkp/yoqKv8oKCj/JiYm/yIiIv8dHR3/HBwc/xoaGv8ZGRn/GBgY/xcXF/8WFhb/FhYW/xUVFf8VFRX/FBQU/xQUFP8TExP/EhIS/xEREf8QEBD/ERER/xEREf8SEhL/ExMT/xYWFv8aGhr/HBwc/x8fH/8gICD/IiIi/yMjI/8kJCT/IiIi/x0dHf8cHBz/HR0d/x8fH/8jIyP/JiYm/yAgIP8ZGRn/Ghoa/xsbG/8dHR3/Hh4e/yEhIf8lJSX/JiYm/ygoKP8pKSn/Kysr/ywsLP8tLS3/Li4u/zExMf8zMzP/MjIy/zIyMv8wMDD/Li4u/y8vL/8xMTH/MTEx/zExMf8yMjL/MjIy/zQ0NP86Ojr/PDw8/zw8PP87Ozv/Nzc3/zU1Nf8xMTH/Li4u/y4uLv8vLy//Ly8v/zAwMP8xMTH/MzMz/zQ0NP81NTX/Nzc3/zs7O/89PT3/QEBA/0FBQf9BQUH/QEBA/z09Pf87Ozv/Ojo6/zk5Of82Njb/MzMz/zY2Nv86Ojr/Ojo6/zs7O/87Ozv/Ojo6/zw8PP8/Pz//Pz8//z8/P/88PDz/NjY2/zQ0NP80NDT/NTU1/zU1Nf82Njb/Nzc3/zk5Of81NTX/MTEx/y8vL/8rKyv/KSkp/yUlJf8jIyP/ICAg/x4eHv8cHBz/Gxsb/xgYGP8XFxf/FhYW/xUVFf8WFhb/FxcX/x0dHf8jIyP/LS0t/zk5Of8+Pj7/RERE/0VFRf9GRkb/RUVF/0JCQv9BQUH/QUFB/0BAQP88PDz/OTk5/zIyMv8vLy//Li4u/y4uLv8vLy//MDAw/y4uLv8tLS3/Kysr/yoqKv8pKSn/KSkp/ygoKP8nJyf/JiYm/yUlJf8jIyP/Hh4e/xwcHP8ZGRn/FxcX/xQUFP8SEhL/EhIS/xEREf8QEBD/EBAQ/xAQEP8QEBD/Dw8P/w4ODv8ODg7/Dw8P/w8PD/8PDw//Dw8P/w4ODv8ODg7/Dg4O/w4ODv8ODg7/Dg4O/w8PD/8PDw//EBAQ/xEREf8SEhL/ExMT/xMTE/8TExP/FBQU/xYWFv8YGBj/HBwc/x8fH/8jIyP/JiYm/ykpKf8sLCz/Li4u/y8vL/8vLy//MDAw/zAwMP8xMTH/MjIy/zMzM/8yMjL/MDAw/zAwMP8xMTH/MTEx/zIyMv8yMjL/MjIy/zIyMv8xMTH/MTEx/zAwMP8vLy//Ly8v/y8vL/8wMDD/MDAw/zExMf8yMjL/MjIy/zMzM/8zMzP/MjIy/zExMf8wMDD/MDAw/zExMf8xMTH/MjIy/zIyMv8yMjL/MzMz/zIyMv8wMDD/MDAw/zAwMP8wMDD/MDAw/zAwMP8vLy//Ly8v/y8vL/8wMDD/MjIy/zMzM/8yMjL/MjIy/zIyMv8yMjL/MjIy/zIyMv8yMjL/MTEx/zExMf8wMDD/MTEx/zExMf8yMjL/MzMz/zMzM/8zMzP/MzMz/zMzM/8zMzP/MjIy/zExMf8yMjL/MjIy/zIyMv8xMTH/MjIy/zMzM/8zMzP/MzMz/zMzM/80NDT/MzMz/zIyMv8yMjL/MzMz/zMzM/8yMjL/MjIy/zMzM/8zMzP/MzMz/zMzM/80NDT/Pz8//z4+Pv89PT3/PDw8/zw8PP88PDz/PT09/z09Pf89PT3/PDw8/zs7O/86Ojr/Ozs7/zw8PP88PDz/PDw8/zw8PP89PT3/PDw8/zw8PP88PDz/PDw8/zw8PP89PT3/PDw8/zw8PP88PDz/PDw8/zw8PP88PDz/PDw8/zw8PP88PDz/PT09/z4+Pv89PT3/PDw8/z09Pf89PT3/PT09/zw8PP88PDz/PT09/z09Pf88PDz/PDw8/zs7O/87Ozv/Ojo6/zs7O/87Ozv/Ozs7/zo6Ov86Ojr/PDw8/z09Pf89PT3/PT09/zw8PP87Ozv/PDw8/z4+Pv8+Pj7/Pz8//z4+Pv88PDz/PDw8/z09Pf8+Pj7/Pj4+/z4+Pv8/Pz//Pz8//z4+Pv89PT3/Ozs7/zo6Ov86Ojr/Ojo6/zo6Ov87Ozv/Ozs7/zo6Ov86Ojr/Ojo6/zo6Ov86Ojr/Ojo6/zk5Of84ODj/ODg4/zk5Of84ODj/Nzc3/zU1Nf8zMzP/MDAw/ywsLP8pKSn/JCQk/yQkJP8kJCT/JCQk/yYmJv8lJSX/IiIi/yEhIf8fHx//Hh4e/yEhIf8jIyP/JCQk/yUlJf8lJSX/JiYm/yUlJf8lJSX/JiYm/ycnJ/8pKSn/LCws/y0tLf8tLS3/LCws/ysrK/8qKir/KCgo/ycnJ/8lJSX/IyMj/x4eHv8ZGRn/FxcX/xQUFP8UFBT/FBQU/xQUFP8UFBT/FhYW/xkZGf8eHh7/JiYm/yoqKv8sLCz/LS0t/yoqKv8pKSn/Kioq/ysrK/8wMDD/NTU1/zIyMv8uLi7/Ly8v/zExMf8wMDD/Ly8v/y0tLf8qKir/JiYm/x0dHf8ZGRn/FhYW/xQUFP8UFBT/FBQU/xMTE/8TExP/ExMT/xMTE/8TExP/ExMT/xQUFP8WFhb/Gxsb/yMjI/8nJyf/LCws/ywsLP8oKCj/Jycn/ygoKP8oKCj/KCgo/ygoKP8nJyf/Jycn/ygoKP8qKir/LS0t/zAwMP8uLi7/Kysr/yUlJf8bGxv/GBgY/xMTE/8SEhL/ERER/xEREf8RERH/ERER/xAQEP8QEBD/EBAQ/xAQEP8QEBD/EBAQ/xAQEP8QEBD/EBAQ/xAQEP8QEBD/ERER/xAQEP8QEBD/EBAQ/xAQEP8QEBD/EBAQ/xAQEP8QEBD/EBAQ/xAQEP8QEBD/EBAQ/xAQEP8QEBD/EBAQ/xAQEP8QEBD/EBAQ/xEREf8RERH/ERER/xISEv8UFBT/FhYW/x0dHf8hISH/JiYm/ygoKP8nJyf/JSUl/yQkJP8jIyP/JCQk/yYmJv8lJSX/IyMj/yQkJP8mJib/KSkp/y8vL/8uLi7/Jycn/yIiIv8ZGRn/FRUV/xISEv8RERH/EBAQ/xAQEP8QEBD/EBAQ/xAQEP8RERH/ERER/xEREf8TExP/FRUV/xgYGP8dHR3/HR0d/xsbG/8YGBj/FBQU/xISEv8RERH/ERER/xAQEP8QEBD/EBAQ/w8PD/8PDw//Dw8P/w8PD/8PDw//Dw8P/w8PD/8PDw//EBAQ/xAQEP8QEBD/EBAQ/xISEv8TExP/GBgY/xwcHP8eHh7/ISEh/yAgIP8gICD/ICAg/yEhIf8hISH/ISEh/yIiIv8iIiL/JSUl/yoqKv8qKir/JiYm/yQkJP8hISH/Hh4e/xkZGf8VFRX/ExMT/xEREf8UFBT/GBgY/xsbG/8eHh7/HBwc/xcXF/8VFRX/EhIS/xISEv8UFBT/FxcX/x4eHv8hISH/ISEh/yEhIf8eHh7/HBwc/xwcHP8/Pz//Pz8//z8/P/8/Pz//Pz8//0BAQP9BQUH/QUFB/0BAQP9AQED/Pz8//z8/P/8/Pz//Pz8//0BAQP9BQUH/QUFB/0FBQf9BQUH/QEBA/0BAQP8/Pz//Pz8//z4+Pv8/Pz//Pz8//z8/P/9AQED/QEBA/z8/P/8/Pz//Pz8//z8/P/8/Pz//Pz8//z8/P/9AQED/QUFB/0JCQv9CQkL/QkJC/0JCQv9BQUH/QUFB/0FBQf9BQUH/QUFB/0FBQf9BQUH/QUFB/0FBQf9BQUH/QUFB/0FBQf9CQkL/Q0ND/0JCQv9CQkL/RERE/0VFRf9ERET/Q0ND/0NDQ/9DQ0P/QkJC/0FBQf9BQUH/QUFB/0FBQf9CQkL/QkJC/0JCQv9DQ0P/Q0ND/0RERP9FRUX/RUVF/0RERP9DQ0P/QkJC/0BAQP9AQED/QEBA/0FBQf9DQ0P/RERE/0RERP9ERET/Q0ND/0JCQv9BQUH/QUFB/0FBQf9BQUH/QkJC/0NDQ/9DQ0P/Q0ND/0NDQ/9DQ0P/RERE/0ZGRv9GRkb/RUVF/0VFRf9ERET/RERE/0NDQ/9DQ0P/Q0ND/0NDQ/9DQ0P/Q0ND/0RERP9ERET/RERE/0NDQ/9DQ0P/QkJC/0JCQv9CQkL/QUFB/0BAQP9AQED/QEBA/0FBQf9CQkL/Q0ND/0JCQv9CQkL/Q0ND/0NDQ/9DQ0P/Q0ND/0NDQ/9DQ0P/Q0ND/0RERP9ERET/RUVF/0ZGRv9HR0f/R0dH/0ZGRv9FRUX/RUVF/0RERP9FRUX/RUVF/0ZGRv9GRkb/RkZG/0VFRf9ERET/Q0ND/0NDQ/9ERET/RERE/0VFRf9FRUX/RkZG/0ZGRv9HR0f/RkZG/0VFRf9FRUX/RERE/0RERP9DQ0P/QUFB/0JCQv9DQ0P/QkJC/0FBQf9DQ0P/RUVF/0RERP9DQ0P/Q0ND/0JCQv9CQkL/QkJC/0JCQv9FRUX/R0dH/0dHR/9HR0f/RkZG/0ZGRv9GRkb/RkZG/0dHR/9HR0f/R0dH/0VFRf9ERET/QkJC/0JCQv9CQkL/QkJC/0JCQv9CQkL/Q0ND/0RERP9DQ0P/Q0ND/0JCQv9BQUH/QkJC/0NDQ/9DQ0P/Q0ND/0JCQv9BQUH/QUFB/0FBQf9BQUH/QkJC/0JCQv9ERET/RERE/0RERP9DQ0P/QUFB/0BAQP9AQED/QUFB/0JCQv9DQ0P/RERE/0RERP9ERET/RUVF/0RERP9DQ0P/QkJC/0FBQf9BQUH/QUFB/0FBQf9CQkL/Q0ND/0JCQv9CQkL/QkJC/0NDQ/9CQkL/QUFB/0JCQv9ERET/RERE/0NDQ/9CQkL/QUFB/0FBQf9DQ0P/RERE/0RERP9DQ0P/Q0ND/0JCQv9CQkL/QUFB/0FBQf9AQED/QkJC/0RERP9FRUX/SEhI/1BQUP9cXFz/Xl5e/19fX/9aWlr/TExM/0dHR/9ERET/QkJC/0FBQf9BQUH/QEBA/z8/P/9AQED/QkJC/0ZGRv9KSkr/U1NT/2BgYP9gYGD/Xl5e/1dXV/9JSUn/RUVF/0NDQ/9BQUH/Pz8//z8/P/8+Pj7/Pj4+/z8/P/9AQED/QUFB/0NDQ/9HR0f/TExM/1VVVf9iYmL/ZGRk/2ZmZv9hYWH/VFRU/05OTv9GRkb/QkJC/0BAQP8/Pz//Pz8//0BAQP9AQED/QUFB/0BAQP9AQED/QEBA/0BAQP9AQED/QEBA/0FBQf9CQkL/RUVF/0pKSv9QUFD/XFxc/11dXf9RUVH/SkpK/0VFRf9BQUH/QEBA/zY2Nv82Njb/NjY2/zU1Nf80NDT/NDQ0/zMzM/8zMzP/NDQ0/zQ0NP81NTX/NTU1/zU1Nf81NTX/NTU1/zU1Nf81NTX/NTU1/zU1Nf80NDT/NDQ0/zQ0NP80NDT/NDQ0/zU1Nf81NTX/NjY2/zY2Nv82Njb/NjY2/zY2Nv81NTX/NTU1/zU1Nf80NDT/NDQ0/zQ0NP80NDT/NTU1/zU1Nf81NTX/NTU1/zY2Nv82Njb/Nzc3/zc3N/82Njb/NjY2/zU1Nf81NTX/NTU1/zU1Nf83Nzf/Nzc3/zg4OP84ODj/Nzc3/zU1Nf82Njb/NjY2/zY2Nv82Njb/Nzc3/zc3N/83Nzf/ODg4/zg4OP84ODj/ODg4/zg4OP83Nzf/Nzc3/zc3N/84ODj/OTk5/zk5Of85OTn/OTk5/zk5Of86Ojr/Ojo6/zo6Ov86Ojr/Ojo6/zg4OP84ODj/ODg4/zk5Of86Ojr/Ojo6/zo6Ov86Ojr/OTk5/zk5Of85OTn/OTk5/zg4OP83Nzf/OTk5/zs7O/87Ozv/Ozs7/zs7O/87Ozv/Ozs7/zw8PP88PDz/Ozs7/zs7O/86Ojr/Ojo6/zk5Of85OTn/OTk5/zk5Of85OTn/OTk5/zo6Ov86Ojr/Ojo6/zs7O/87Ozv/Ozs7/zs7O/86Ojr/Ojo6/zo6Ov86Ojr/Ozs7/zw8PP87Ozv/Ozs7/zs7O/86Ojr/Ojo6/zo6Ov86Ojr/Ojo6/zk5Of84ODj/ODg4/zg4OP84ODj/OTk5/zk5Of86Ojr/Ozs7/zw8PP89PT3/PT09/z09Pf88PDz/Ojo6/zo6Ov85OTn/Ojo6/zw8PP88PDz/PT09/z09Pf8+Pj7/PT09/z09Pf88PDz/PDw8/zw8PP86Ojr/OTk5/zk5Of86Ojr/Ojo6/zs7O/87Ozv/PDw8/zw8PP88PDz/PDw8/zs7O/87Ozv/Ozs7/zs7O/87Ozv/Ozs7/zw8PP88PDz/PDw8/zw8PP89PT3/PT09/z4+Pv8/Pz//Pj4+/z4+Pv8+Pj7/Pj4+/z09Pf88PDz/PDw8/zs7O/87Ozv/Ozs7/zs7O/87Ozv/Ozs7/zw8PP89PT3/PT09/z4+Pv8+Pj7/PT09/z4+Pv8/Pz//Pz8//z4+Pv8+Pj7/PT09/zw8PP87Ozv/Ozs7/zw8PP88PDz/PDw8/zs7O/87Ozv/Ojo6/zs7O/88PDz/PT09/z09Pf89PT3/PT09/z09Pf89PT3/PT09/z4+Pv8+Pj7/Pz8//0BAQP8/Pz//Pz8//z4+Pv89PT3/Pj4+/z8/P/8/Pz//Pz8//z8/P/8/Pz//Pz8//z8/P/8/Pz//Pj4+/z4+Pv89PT3/Pj4+/0BAQP9AQED/QEBA/0BAQP8/Pz//Pz8//z8/P/8/Pz//Pz8//z4+Pv8/Pz//Pz8//z8/P/8+Pj7/PT09/z09Pf89PT3/PDw8/zw8PP87Ozv/Ozs7/zw8PP88PDz/PT09/z09Pf8+Pj7/Pj4+/z4+Pv8+Pj7/Pj4+/z4+Pv8/Pz//QEBA/0BAQP9AQED/QEBA/0BAQP9BQUH/QUFB/0FBQf9AQED/QEBA/z8/P/8/Pz//Pj4+/z4+Pv8+Pj7/Pj4+/z8/P/9AQED/QEBA/0BAQP9AQED/QEBA/z8/P/8/Pz//Pz8//z8/P/8/Pz//Pz8//z4+Pv8+Pj7/Pj4+/z8/P/9AQED/QUFB/0JCQv9CQkL/QUFB/0BAQP8/Pz//Pz8//z4+Pv8+Pj7/Pj4+/z8/P/8/Pz//QEBA/0BAQP9AQED/Pz8//z8/P/8/Pz//Hh4e/x4eHv8eHh7/Hh4e/x8fH/8eHh7/Hh4e/x4eHv8dHR3/Hh4e/yEhIf8jIyP/JiYm/yYmJv8mJib/JSUl/ycnJ/8oKCj/KSkp/yoqKv8pKSn/Jycn/ycnJ/8nJyf/Jycn/ycnJ/8oKCj/Kioq/ykpKf8oKCj/KCgo/ycnJ/8mJib/JiYm/yYmJv8lJSX/JSUl/yQkJP8kJCT/ICAg/xwcHP8bGxv/Ghoa/xkZGf8YGBj/GBgY/xcXF/8XFxf/FhYW/xYWFv8VFRX/FBQU/xMTE/8TExP/EhIS/xEREf8RERH/ERER/xISEv8SEhL/FRUV/xkZGf8bGxv/Hh4e/yAgIP8iIiL/JSUl/ykpKf8oKCj/ICAg/x0dHf8hISH/IiIi/yEhIf8hISH/Hh4e/xsbG/8cHBz/Hh4e/x4eHv8fHx//ISEh/yUlJf8mJib/KSkp/ysrK/8uLi7/Ly8v/zAwMP8xMTH/MjIy/zIyMv8yMjL/MjIy/zMzM/8zMzP/MzMz/zIyMv8wMDD/Ly8v/y8vL/8vLy//MjIy/zc3N/86Ojr/PDw8/zw8PP85OTn/Nzc3/zU1Nf80NDT/NjY2/zc3N/81NTX/NDQ0/zQ0NP80NDT/NjY2/zk5Of87Ozv/QEBA/z8/P/89PT3/PT09/z09Pf88PDz/ODg4/zY2Nv82Njb/NTU1/zY2Nv83Nzf/Ojo6/z4+Pv8/Pz//QUFB/z8/P/87Ozv/Ojo6/zk5Of86Ojr/Ozs7/zw8PP8+Pj7/PT09/zk5Of82Njb/NTU1/zMzM/8zMzP/MjIy/zMzM/8zMzP/MjIy/zAwMP8sLCz/JiYm/yUlJf8jIyP/ISEh/x8fH/8dHR3/Gxsb/xkZGf8XFxf/FhYW/xUVFf8WFhb/Ghoa/x4eHv8oKCj/NDQ0/zo6Ov9DQ0P/RERE/0ZGRv9GRkb/RERE/0NDQ/9CQkL/QUFB/z4+Pv88PDz/NjY2/zIyMv8vLy//LS0t/y0tLf8tLS3/LCws/yoqKv8qKir/KSkp/ycnJ/8mJib/JCQk/yEhIf8fHx//Gxsb/xkZGf8XFxf/FhYW/xQUFP8TExP/ERER/xAQEP8QEBD/EBAQ/w8PD/8PDw//Dw8P/w8PD/8ODg7/DQ0N/w4ODv8PDw//Dw8P/xAQEP8QEBD/Dw8P/w8PD/8PDw//Dw8P/w4ODv8ODg7/Dw8P/w8PD/8PDw//EBAQ/xAQEP8QEBD/EBAQ/xAQEP8RERH/ExMT/xQUFP8WFhb/FxcX/xoaGv8cHBz/ICAg/yMjI/8nJyf/Kysr/ywsLP8uLi7/MDAw/zIyMv8yMjL/MjIy/zIyMv8xMTH/MTEx/zIyMv8yMjL/MjIy/zIyMv8zMzP/MzMz/zIyMv8xMTH/MDAw/y8vL/8vLy//MDAw/zAwMP8wMDD/MDAw/zExMf8xMTH/MzMz/zIyMv8xMTH/MTEx/zExMf8xMTH/MTEx/zIyMv8xMTH/MTEx/zIyMv8yMjL/MjIy/zExMf8xMTH/MTEx/zExMf8xMTH/MTEx/zIyMv8yMjL/MjIy/zIyMv8yMjL/MjIy/zMzM/8zMzP/MjIy/zExMf8xMTH/MTEx/zExMf8yMjL/MjIy/zIyMv8yMjL/MjIy/zMzM/80NDT/NDQ0/zMzM/8zMzP/MzMz/zMzM/8yMjL/MjIy/zIyMv8yMjL/MjIy/zIyMv8yMjL/MjIy/zMzM/8zMzP/MzMz/zQ0NP80NDT/MzMz/zQ0NP80NDT/NDQ0/zQ0NP80NDT/NDQ0/zQ0NP80NDT/NDQ0/zU1Nf8+Pj7/Pj4+/z09Pf88PDz/Ozs7/zw8PP8+Pj7/Pj4+/z09Pf88PDz/Ojo6/zo6Ov87Ozv/Ozs7/z09Pf89PT3/PT09/z09Pf88PDz/PDw8/zw8PP87Ozv/Ozs7/zw8PP88PDz/PDw8/zw8PP87Ozv/Ozs7/zo6Ov86Ojr/Ozs7/zw8PP89PT3/Pj4+/z09Pf88PDz/PT09/z4+Pv89PT3/Ozs7/zs7O/87Ozv/Ozs7/zo6Ov86Ojr/Ojo6/zo6Ov86Ojr/Ozs7/zw8PP88PDz/Ojo6/zk5Of87Ozv/PDw8/z09Pf89PT3/PDw8/zo6Ov88PDz/Pj4+/z8/P/9AQED/Pz8//zw8PP89PT3/Pj4+/z8/P/8/Pz//Pz8//z8/P/8/Pz//Pj4+/z09Pf87Ozv/Ojo6/zo6Ov87Ozv/Ozs7/zs7O/87Ozv/Ojo6/zo6Ov86Ojr/Ojo6/zo6Ov86Ojr/ODg4/zc3N/84ODj/OTk5/zg4OP84ODj/Nzc3/zU1Nf8zMzP/MDAw/y0tLf8pKSn/Kioq/y0tLf8uLi7/Ly8v/y4uLv8rKyv/KSkp/yYmJv8mJib/KSkp/ywsLP8tLS3/Li4u/y8vL/8wMDD/Ly8v/y8vL/8wMDD/MjIy/zU1Nf85OTn/Ojo6/zo6Ov85OTn/Nzc3/zY2Nv80NDT/MjIy/y8vL/8sLCz/JCQk/x0dHf8ZGRn/FBQU/xQUFP8UFBT/FBQU/xQUFP8WFhb/GRkZ/x4eHv8nJyf/Kioq/ysrK/8rKyv/KSkp/ygoKP8qKir/LCws/zIyMv85OTn/MzMz/y0tLf8tLS3/LS0t/y0tLf8uLi7/LS0t/yoqKv8mJib/HR0d/xoaGv8WFhb/FRUV/xQUFP8UFBT/ExMT/xMTE/8TExP/ExMT/xMTE/8TExP/FRUV/xcXF/8cHBz/JSUl/ygoKP8tLS3/LCws/ygoKP8nJyf/KCgo/ykpKf8qKir/KSkp/ygoKP8mJib/Jycn/ygoKP8rKyv/Ly8v/y0tLf8rKyv/JSUl/xwcHP8YGBj/ExMT/xISEv8QEBD/EBAQ/xAQEP8QEBD/EBAQ/xAQEP8QEBD/EBAQ/xAQEP8QEBD/EBAQ/xAQEP8QEBD/EBAQ/xAQEP8RERH/ERER/xAQEP8QEBD/EBAQ/xAQEP8RERH/ERER/xAQEP8QEBD/EBAQ/xAQEP8QEBD/EBAQ/xAQEP8QEBD/EBAQ/xAQEP8QEBD/ERER/xEREf8RERH/EhIS/xMTE/8XFxf/Hx8f/yMjI/8nJyf/KSkp/ycnJ/8lJSX/JCQk/yMjI/8lJSX/Jycn/yYmJv8kJCT/JCQk/yQkJP8lJSX/Jycn/yYmJv8kJCT/ICAg/xgYGP8VFRX/EhIS/xEREf8QEBD/EBAQ/xAQEP8QEBD/EBAQ/xEREf8RERH/EhIS/xMTE/8VFRX/GBgY/x0dHf8dHR3/Ghoa/xgYGP8UFBT/EhIS/xEREf8RERH/EBAQ/xAQEP8QEBD/Dw8P/w8PD/8PDw//Dw8P/w8PD/8PDw//Dw8P/w8PD/8PDw//Dw8P/xAQEP8RERH/EhIS/xQUFP8ZGRn/HR0d/x4eHv8gICD/ICAg/x8fH/8gICD/ISEh/yEhIf8iIiL/IiIi/yEhIf8iIiL/JCQk/yQkJP8jIyP/IiIi/yAgIP8eHh7/GRkZ/xUVFf8SEhL/EBAQ/xMTE/8VFRX/GRkZ/x4eHv8bGxv/FhYW/xQUFP8SEhL/EhIS/xQUFP8XFxf/Hh4e/yEhIf8iIiL/ISEh/x8fH/8dHR3/HR0d/z09Pf8+Pj7/Pz8//z8/P/9AQED/QEBA/0FBQf9BQUH/QEBA/0BAQP8/Pz//Pz8//z4+Pv8+Pj7/Pz8//0BAQP9BQUH/QkJC/0FBQf9BQUH/QEBA/z8/P/8/Pz//Pj4+/z4+Pv8+Pj7/Pj4+/z8/P/8/Pz//Pz8//z8/P/8+Pj7/Pj4+/z4+Pv8+Pj7/Pz8//0BAQP9BQUH/QkJC/0JCQv9CQkL/QkJC/0FBQf9BQUH/QUFB/0FBQf9BQUH/QUFB/0FBQf9BQUH/QUFB/0FBQf9BQUH/QUFB/0JCQv9DQ0P/QkJC/0JCQv9DQ0P/RUVF/0RERP9DQ0P/Q0ND/0NDQ/9CQkL/QUFB/0FBQf9CQkL/QkJC/0FBQf9BQUH/QkJC/0NDQ/9ERET/RUVF/0ZGRv9HR0f/RUVF/0RERP9DQ0P/QUFB/0FBQf9AQED/QkJC/0RERP9FRUX/RkZG/0VFRf9ERET/Q0ND/0JCQv9CQkL/QkJC/0JCQv9DQ0P/RERE/0RERP9ERET/RERE/0NDQ/9ERET/RkZG/0dHR/9GRkb/RkZG/0VFRf9ERET/Q0ND/0NDQ/9CQkL/QkJC/0NDQ/9DQ0P/Q0ND/0RERP9ERET/Q0ND/0NDQ/9CQkL/QkJC/0FBQf9BQUH/QEBA/0BAQP9AQED/QUFB/0JCQv9DQ0P/Q0ND/0JCQv9DQ0P/Q0ND/0NDQ/9DQ0P/Q0ND/0NDQ/9DQ0P/Q0ND/0RERP9FRUX/RkZG/0dHR/9HR0f/RUVF/0VFRf9ERET/Q0ND/0RERP9FRUX/RUVF/0ZGRv9FRUX/RUVF/0RERP9DQ0P/RERE/0VFRf9FRUX/RkZG/0ZGRv9HR0f/R0dH/0dHR/9GRkb/RUVF/0RERP9ERET/RERE/0JCQv9BQUH/QUFB/0JCQv9CQkL/QkJC/0NDQ/9GRkb/RUVF/0RERP9DQ0P/QkJC/0JCQv9BQUH/QUFB/0NDQ/9FRUX/RUVF/0ZGRv9GRkb/RkZG/0ZGRv9GRkb/RkZG/0dHR/9GRkb/RERE/0NDQ/9AQED/QEBA/0FBQf9BQUH/QkJC/0JCQv9DQ0P/Q0ND/0NDQ/9DQ0P/Q0ND/0JCQv9DQ0P/Q0ND/0NDQ/9DQ0P/QkJC/0FBQf9BQUH/QkJC/0JCQv9DQ0P/Q0ND/0RERP9FRUX/RERE/0NDQ/9BQUH/Pz8//0BAQP9AQED/QUFB/0NDQ/9DQ0P/RERE/0RERP9ERET/Q0ND/0BAQP9AQED/Pz8//z8/P/9AQED/QUFB/0JCQv9DQ0P/QkJC/0JCQv9CQkL/Q0ND/0JCQv9CQkL/Q0ND/0RERP9ERET/Q0ND/0JCQv9AQED/QUFB/0NDQ/9ERET/Q0ND/0NDQ/9CQkL/QkJC/0JCQv9BQUH/QEBA/z8/P/9BQUH/Q0ND/0VFRf9JSUn/UFBQ/1xcXP9eXl7/X19f/1paWv9MTEz/RkZG/0NDQ/9CQkL/QUFB/0BAQP9AQED/Pz8//0BAQP9BQUH/RUVF/0pKSv9TU1P/YGBg/2BgYP9eXl7/V1dX/0lJSf9FRUX/QkJC/0FBQf8/Pz//Pj4+/z4+Pv89PT3/Pj4+/z8/P/9AQED/QUFB/0RERP9ISEj/UlJS/2BgYP9lZWX/ampq/2ZmZv9bW1v/VFRU/0lJSf9ERET/QEBA/z4+Pv8+Pj7/Pj4+/z8/P/9AQED/QEBA/0BAQP9AQED/QUFB/0BAQP8/Pz//QEBA/0JCQv9FRUX/S0tL/1BQUP9cXFz/XV1d/1FRUf9KSkr/RERE/0BAQP8/Pz//NjY2/zY2Nv83Nzf/NjY2/zU1Nf80NDT/MzMz/zMzM/80NDT/NDQ0/zU1Nf81NTX/NjY2/zY2Nv81NTX/NTU1/zQ0NP80NDT/NDQ0/zMzM/80NDT/NDQ0/zQ0NP81NTX/NTU1/zU1Nf81NTX/NjY2/zY2Nv82Njb/NjY2/zU1Nf81NTX/NDQ0/zQ0NP80NDT/MzMz/zU1Nf82Njb/NjY2/zU1Nf82Njb/NjY2/zY2Nv83Nzf/Nzc3/zc3N/83Nzf/NTU1/zU1Nf81NTX/NjY2/zc3N/84ODj/ODg4/zk5Of83Nzf/NTU1/zY2Nv84ODj/ODg4/zc3N/83Nzf/Nzc3/zc3N/84ODj/ODg4/zg4OP84ODj/Nzc3/zc3N/82Njb/NjY2/zg4OP85OTn/ODg4/zg4OP84ODj/OTk5/zo6Ov87Ozv/Ozs7/zo6Ov85OTn/ODg4/zg4OP84ODj/ODg4/zk5Of85OTn/Ojo6/zo6Ov86Ojr/Ojo6/zk5Of85OTn/ODg4/zc3N/85OTn/Ozs7/zs7O/87Ozv/Ozs7/zs7O/87Ozv/PT09/z09Pf88PDz/PDw8/zs7O/86Ojr/OTk5/zg4OP85OTn/OTk5/zk5Of85OTn/Ojo6/zo6Ov86Ojr/Ozs7/zs7O/87Ozv/Ozs7/zo6Ov86Ojr/OTk5/zk5Of87Ozv/PDw8/zs7O/87Ozv/Ojo6/zo6Ov86Ojr/Ojo6/zo6Ov86Ojr/OTk5/zc3N/83Nzf/ODg4/zg4OP85OTn/OTk5/zo6Ov86Ojr/PDw8/z09Pf88PDz/PDw8/zs7O/86Ojr/Ojo6/zk5Of86Ojr/PDw8/zw8PP89PT3/PT09/z4+Pv8+Pj7/PT09/zw8PP88PDz/PDw8/zo6Ov85OTn/OTk5/zk5Of86Ojr/Ojo6/zs7O/88PDz/PDw8/zw8PP88PDz/Ozs7/zs7O/87Ozv/Ozs7/zs7O/87Ozv/PDw8/zw8PP88PDz/PDw8/z09Pf89PT3/Pj4+/z4+Pv8+Pj7/PT09/z09Pf89PT3/PT09/zw8PP88PDz/Ozs7/zs7O/87Ozv/Ozs7/zs7O/87Ozv/PDw8/z09Pf89PT3/Pj4+/z09Pf89PT3/PT09/z4+Pv8+Pj7/PT09/z09Pf88PDz/PDw8/zs7O/87Ozv/PDw8/zw8PP87Ozv/Ozs7/zo6Ov86Ojr/PDw8/z09Pf89PT3/PT09/z09Pf88PDz/PT09/z4+Pv8+Pj7/Pz8//z8/P/8/Pz//Pz8//z8/P/8/Pz//Pj4+/z09Pf8+Pj7/Pj4+/z8/P/8/Pz//Pz8//z4+Pv8+Pj7/Pz8//z8/P/8+Pj7/Pj4+/z09Pf8+Pj7/QEBA/0FBQf9AQED/QEBA/0BAQP9AQED/QEBA/0BAQP8/Pz//Pj4+/z8/P/9AQED/Pz8//z4+Pv8+Pj7/PT09/z09Pf88PDz/PDw8/zs7O/87Ozv/Ozs7/zs7O/88PDz/PDw8/z09Pf8+Pj7/Pj4+/z4+Pv8+Pj7/Pj4+/z8/P/9AQED/QEBA/0BAQP9AQED/QUFB/0FBQf9CQkL/QkJC/0FBQf9BQUH/QEBA/z8/P/8+Pj7/Pj4+/z4+Pv8/Pz//Pz8//0BAQP9AQED/QEBA/0BAQP8/Pz//Pz8//z8/P/8/Pz//Pz8//z8/P/8+Pj7/Pj4+/z09Pf89PT3/Pj4+/z8/P/9AQED/QkJC/0FBQf9BQUH/QUFB/0BAQP8/Pz//Pj4+/z4+Pv89PT3/PT09/z4+Pv8/Pz//QEBA/0BAQP8/Pz//Pz8//z4+Pv8cHBz/HBwc/xwcHP8cHBz/Gxsb/xsbG/8bGxv/Gxsb/xsbG/8cHBz/Hh4e/x8fH/8iIiL/IyMj/yMjI/8kJCT/JiYm/ygoKP8pKSn/Kysr/yoqKv8oKCj/KCgo/ygoKP8oKCj/Jycn/ygoKP8pKSn/KCgo/yYmJv8mJib/JSUl/yUlJf8lJSX/JSUl/yMjI/8iIiL/IiIi/yIiIv8fHx//HBwc/xsbG/8aGhr/GRkZ/xgYGP8YGBj/FxcX/xcXF/8XFxf/FxcX/xYWFv8VFRX/FBQU/xMTE/8SEhL/ERER/xEREf8RERH/ERER/xISEv8UFBT/GBgY/xoaGv8eHh7/Hx8f/yIiIv8lJSX/Kysr/yoqKv8hISH/Hh4e/yIiIv8kJCT/ISEh/x4eHv8dHR3/HBwc/x0dHf8fHx//Hx8f/yAgIP8iIiL/JSUl/ycnJ/8rKyv/LCws/y8vL/8xMTH/MjIy/zIyMv8yMjL/MjIy/zIyMv8yMjL/NDQ0/zY2Nv80NDT/MjIy/zAwMP8tLS3/LS0t/y4uLv8xMTH/NTU1/zg4OP88PDz/PDw8/zo6Ov85OTn/ODg4/zc3N/85OTn/Ozs7/zk5Of83Nzf/NjY2/zY2Nv84ODj/Ojo6/z09Pf9CQkL/QEBA/zs7O/86Ojr/Ojo6/zk5Of82Njb/NDQ0/zMzM/8zMzP/NjY2/zk5Of88PDz/QEBA/0FBQf9DQ0P/QEBA/zw8PP86Ojr/Nzc3/zg4OP85OTn/PDw8/0JCQv9CQkL/Ozs7/zc3N/80NDT/MjIy/zAwMP8vLy//MTEx/zQ0NP8zMzP/MjIy/y4uLv8nJyf/JiYm/yQkJP8jIyP/ISEh/x8fH/8cHBz/Ghoa/xgYGP8WFhb/FhYW/xUVFf8YGBj/Gxsb/yUlJf8wMDD/Nzc3/0FBQf9ERET/R0dH/0ZGRv9FRUX/RERE/0NDQ/9CQkL/QEBA/z09Pf83Nzf/MzMz/zAwMP8tLS3/LCws/ywsLP8qKir/KSkp/ygoKP8oKCj/JiYm/yQkJP8hISH/HR0d/xoaGv8WFhb/FBQU/xMTE/8TExP/ERER/xEREf8QEBD/Dw8P/w8PD/8PDw//Dw8P/w8PD/8PDw//Dg4O/w4ODv8NDQ3/Dg4O/w8PD/8PDw//EBAQ/xAQEP8QEBD/EBAQ/w8PD/8PDw//Dw8P/w4ODv8PDw//Dw8P/w8PD/8PDw//Dw8P/w8PD/8PDw//Dw8P/xAQEP8RERH/ERER/xISEv8TExP/FBQU/xYWFv8bGxv/Hh4e/yMjI/8nJyf/Kioq/ywsLP8vLy//MjIy/zIyMv8yMjL/MjIy/zExMf8xMTH/MjIy/zIyMv8yMjL/MjIy/zMzM/8zMzP/MjIy/zIyMv8wMDD/Ly8v/zAwMP8wMDD/MDAw/zAwMP8wMDD/MDAw/zExMf8zMzP/MjIy/zAwMP8wMDD/MTEx/zExMf8yMjL/MjIy/zExMf8wMDD/MTEx/zIyMv8yMjL/MjIy/zExMf8xMTH/MTEx/zExMf8yMjL/MzMz/zMzM/8zMzP/MzMz/zIyMv8yMjL/MzMz/zMzM/8yMjL/MTEx/zExMf8xMTH/MjIy/zIyMv8yMjL/MzMz/zMzM/8yMjL/MzMz/zU1Nf80NDT/MzMz/zMzM/8zMzP/MzMz/zIyMv8yMjL/MjIy/zIyMv8yMjL/MjIy/zIyMv8yMjL/MzMz/zMzM/8zMzP/NDQ0/zQ0NP80NDT/NDQ0/zU1Nf81NTX/NTU1/zU1Nf80NDT/NDQ0/zU1Nf81NTX/NTU1/z4+Pv8+Pj7/Pj4+/z09Pf88PDz/PT09/z4+Pv8+Pj7/Pj4+/z4+Pv89PT3/PDw8/z09Pf89PT3/PT09/z4+Pv8+Pj7/Pj4+/zw8PP87Ozv/PDw8/zw8PP88PDz/Ozs7/z09Pf9AQED/Pz8//z09Pf88PDz/Ozs7/zs7O/88PDz/PT09/z4+Pv8/Pz//Pj4+/z4+Pv8/Pz//Pz8//z4+Pv89PT3/PT09/z4+Pv89PT3/Ozs7/zs7O/87Ozv/Ozs7/zw8PP88PDz/PDw8/zw8PP88PDz/PDw8/zw8PP89PT3/PT09/z09Pf89PT3/PDw8/z09Pf89PT3/Pj4+/z8/P/8+Pj7/PT09/z09Pf88PDz/PDw8/zw8PP88PDz/PT09/z09Pf88PDz/Ozs7/zo6Ov85OTn/Ojo6/zo6Ov87Ozv/Ozs7/zs7O/87Ozv/PDw8/z4+Pv89PT3/Ozs7/zo6Ov86Ojr/Ojo6/zk5Of85OTn/OTk5/zk5Of84ODj/ODg4/zc3N/81NTX/NTU1/zU1Nf84ODj/Pj4+/z8/P/9AQED/Pz8//z09Pf87Ozv/NjY2/zU1Nf86Ojr/PT09/z4+Pv8/Pz//QEBA/0FBQf9BQUH/QEBA/0NDQ/9HR0f/SUlJ/0xMTP9MTEz/TExM/0tLS/9JSUn/R0dH/0RERP9CQkL/Pj4+/zo6Ov8vLy//JCQk/x0dHf8WFhb/FRUV/xQUFP8UFBT/ExMT/xUVFf8YGBj/HBwc/yUlJf8oKCj/LCws/ywsLP8pKSn/Jycn/ygoKP8pKSn/Kysr/y4uLv8sLCz/Kioq/yoqKv8rKyv/LS0t/zAwMP8uLi7/LCws/ycnJ/8dHR3/GRkZ/xUVFf8UFBT/ExMT/xMTE/8SEhL/EhIS/xMTE/8TExP/ExMT/xMTE/8VFRX/FxcX/xwcHP8lJSX/KCgo/ywsLP8rKyv/KCgo/ycnJ/8oKCj/KCgo/ygoKP8pKSn/Jycn/ycnJ/8nJyf/Jycn/yoqKv8uLi7/LS0t/ywsLP8lJSX/Gxsb/xgYGP8TExP/EhIS/xEREf8RERH/ERER/xEREf8RERH/ERER/xEREf8RERH/ERER/xEREf8RERH/ERER/xEREf8RERH/ERER/xAQEP8QEBD/EBAQ/xAQEP8RERH/ERER/xEREf8RERH/ERER/xEREf8QEBD/EBAQ/xAQEP8QEBD/EBAQ/w8PD/8PDw//Dw8P/xAQEP8QEBD/ERER/xEREf8SEhL/FBQU/xcXF/8eHh7/IiIi/yYmJv8oKCj/JiYm/yQkJP8jIyP/IyMj/yMjI/8kJCT/IyMj/yMjI/8iIiL/IiIi/yMjI/8lJSX/JSUl/yIiIv8fHx//GRkZ/xUVFf8TExP/ERER/xAQEP8QEBD/EBAQ/xAQEP8QEBD/ERER/xEREf8SEhL/ExMT/xYWFv8ZGRn/Hh4e/x4eHv8bGxv/GRkZ/xUVFf8TExP/ERER/xAQEP8QEBD/EBAQ/xAQEP8QEBD/EBAQ/xAQEP8QEBD/EBAQ/xAQEP8QEBD/EBAQ/xAQEP8QEBD/EBAQ/xEREf8SEhL/FBQU/xsbG/8fHx//ISEh/yMjI/8hISH/ICAg/yEhIf8iIiL/IiIi/yIiIv8iIiL/ISEh/yIiIv8jIyP/JCQk/yQkJP8jIyP/ICAg/x4eHv8YGBj/FBQU/xISEv8RERH/FBQU/xYWFv8aGhr/Hh4e/xwcHP8XFxf/FRUV/xISEv8SEhL/FBQU/xcXF/8eHh7/ISEh/yEhIf8gICD/Hh4e/xwcHP8cHBz/Pj4+/z8/P/9AQED/QEBA/0FBQf9AQED/QEBA/0BAQP9BQUH/QUFB/0FBQf9BQUH/Pz8//z8/P/8/Pz//Pz8//0BAQP9AQED/QEBA/z8/P/8/Pz//Pz8//z8/P/9AQED/QEBA/0BAQP9AQED/QEBA/0BAQP9BQUH/QUFB/0BAQP9AQED/Pz8//z8/P/9AQED/QUFB/0FBQf9CQkL/QkJC/0JCQv9CQkL/QUFB/0FBQf9BQUH/QUFB/0BAQP9AQED/Pz8//z4+Pv8+Pj7/Pz8//0FBQf9CQkL/QkJC/0JCQv9CQkL/QUFB/0JCQv9ERET/Q0ND/0JCQv9CQkL/QUFB/0FBQf9CQkL/QkJC/0JCQv9BQUH/QkJC/0JCQv9DQ0P/Q0ND/0NDQ/9ERET/RERE/0VFRf9ERET/Q0ND/0JCQv9CQkL/QkJC/0NDQ/9DQ0P/RERE/0RERP9ERET/RERE/0JCQv9CQkL/QUFB/0FBQf9CQkL/Q0ND/0NDQ/9DQ0P/Q0ND/0RERP9DQ0P/QkJC/0NDQ/9ERET/RUVF/0ZGRv9GRkb/R0dH/0ZGRv9ERET/QkJC/0JCQv9BQUH/QkJC/0NDQ/9DQ0P/Q0ND/0RERP9ERET/Q0ND/0JCQv9BQUH/QEBA/0FBQf9BQUH/QUFB/0FBQf9BQUH/QkJC/0NDQ/9ERET/RUVF/0ZGRv9HR0f/RkZG/0VFRf9FRUX/RERE/0RERP9ERET/RERE/0RERP9ERET/RUVF/0VFRf9ERET/RERE/0RERP9ERET/RERE/0RERP9DQ0P/QUFB/0JCQv9CQkL/Q0ND/0RERP9DQ0P/Q0ND/0RERP9FRUX/RUVF/0ZGRv9FRUX/RERE/0NDQ/9CQkL/QUFB/0FBQf9BQUH/QUFB/0FBQf9BQUH/QUFB/0JCQv9CQkL/Q0ND/0RERP9ERET/Q0ND/0NDQ/9CQkL/QUFB/0JCQv9CQkL/Q0ND/0RERP9ERET/RERE/0RERP9ERET/RERE/0RERP9ERET/RUVF/0VFRf9FRUX/Q0ND/0FBQf9BQUH/QUFB/0FBQf9CQkL/Q0ND/0NDQ/9ERET/RERE/0RERP9ERET/RUVF/0VFRf9GRkb/RUVF/0RERP9DQ0P/QUFB/0FBQf9BQUH/QkJC/0JCQv9CQkL/Q0ND/0NDQ/9DQ0P/Q0ND/0FBQf9AQED/QEBA/0FBQf9BQUH/QUFB/0FBQf9CQkL/QkJC/0JCQv9BQUH/QEBA/z8/P/8/Pz//Pz8//0BAQP9BQUH/QUFB/0JCQv9CQkL/QkJC/0JCQv9CQkL/QkJC/0FBQf9CQkL/Q0ND/0NDQ/9DQ0P/QkJC/0BAQP9AQED/Q0ND/0NDQ/9DQ0P/Q0ND/0NDQ/9DQ0P/Q0ND/0NDQ/9DQ0P/QkJC/0NDQ/9DQ0P/RUVF/0hISP9QUFD/XFxc/19fX/9iYmL/XFxc/05OTv9ISEj/RERE/0NDQ/9DQ0P/Q0ND/0JCQv9CQkL/QkJC/0NDQ/9HR0f/S0tL/1RUVP9gYGD/YGBg/15eXv9XV1f/SUlJ/0VFRf9DQ0P/QkJC/0JCQv9BQUH/QEBA/z8/P/9AQED/QEBA/0FBQf9CQkL/RERE/0ZGRv9MTEz/VFRU/1tbW/9nZ2f/ZmZm/2JiYv9bW1v/Tk5O/0hISP9ERET/QkJC/0FBQf9BQUH/QkJC/0JCQv9DQ0P/RERE/0NDQ/9CQkL/QUFB/0BAQP9BQUH/QkJC/0VFRf9LS0v/UFBQ/1tbW/9cXFz/U1NT/0xMTP9GRkb/QUFB/0BAQP82Njb/NjY2/zc3N/82Njb/NDQ0/zQ0NP80NDT/NDQ0/zQ0NP80NDT/NDQ0/zQ0NP80NDT/NDQ0/zU1Nf81NTX/NTU1/zU1Nf81NTX/NjY2/zU1Nf81NTX/NTU1/zQ0NP80NDT/NDQ0/zU1Nf82Njb/Nzc3/zc3N/83Nzf/NjY2/zY2Nv81NTX/NTU1/zU1Nf81NTX/NTU1/zY2Nv82Njb/NjY2/zY2Nv83Nzf/Nzc3/zg4OP83Nzf/Nzc3/zc3N/82Njb/NjY2/zY2Nv82Njb/Nzc3/zc3N/84ODj/ODg4/zc3N/83Nzf/ODg4/zk5Of84ODj/ODg4/zc3N/83Nzf/Nzc3/zc3N/83Nzf/ODg4/zg4OP83Nzf/Nzc3/zc3N/83Nzf/Nzc3/zg4OP84ODj/ODg4/zk5Of86Ojr/Ojo6/zo6Ov86Ojr/OTk5/zg4OP83Nzf/Nzc3/zc3N/83Nzf/ODg4/zg4OP85OTn/OTk5/zk5Of85OTn/OTk5/zg4OP84ODj/ODg4/zk5Of86Ojr/Ojo6/zs7O/87Ozv/Ozs7/zs7O/87Ozv/PDw8/zs7O/87Ozv/Ozs7/zs7O/86Ojr/OTk5/zk5Of84ODj/OTk5/zo6Ov87Ozv/PDw8/zw8PP87Ozv/Ozs7/zo6Ov87Ozv/Ozs7/zs7O/85OTn/OTk5/zk5Of86Ojr/Ojo6/zo6Ov86Ojr/OTk5/zo6Ov86Ojr/Ojo6/zo6Ov85OTn/Nzc3/zc3N/84ODj/OTk5/zk5Of86Ojr/OTk5/zo6Ov88PDz/PT09/zw8PP87Ozv/Ozs7/zo6Ov86Ojr/OTk5/zo6Ov88PDz/PT09/zw8PP89PT3/PT09/z09Pf89PT3/PT09/z09Pf89PT3/Ozs7/zo6Ov86Ojr/Ojo6/zo6Ov86Ojr/PDw8/z4+Pv8+Pj7/PT09/z09Pf87Ozv/Ozs7/zw8PP89PT3/PT09/z4+Pv89PT3/PT09/z09Pf89PT3/Pj4+/z4+Pv8+Pj7/Pj4+/z09Pf88PDz/PDw8/z09Pf89PT3/PDw8/zw8PP88PDz/PDw8/zw8PP88PDz/PDw8/z09Pf8+Pj7/Pj4+/z09Pf88PDz/PDw8/zw8PP88PDz/PT09/z09Pf88PDz/PDw8/zs7O/88PDz/PT09/z09Pf89PT3/PT09/zw8PP88PDz/Ozs7/zs7O/88PDz/Pj4+/z09Pf89PT3/PT09/z09Pf89PT3/PT09/z4+Pv8/Pz//Pz8//z8/P/8/Pz//Pz8//0BAQP9AQED/QEBA/0BAQP9AQED/QEBA/0BAQP8/Pz//Pz8//z8/P/9AQED/QEBA/z8/P/8+Pj7/Pj4+/z4+Pv8/Pz//Pz8//z4+Pv89PT3/PT09/zw8PP88PDz/PT09/z09Pf89PT3/PT09/z4+Pv8+Pj7/PT09/z09Pf89PT3/PT09/z09Pf89PT3/PT09/z09Pf88PDz/PDw8/z09Pf8+Pj7/Pj4+/z8/P/8/Pz//Pz8//z8/P/8/Pz//Pz8//z8/P/8+Pj7/Pj4+/z8/P/8/Pz//QEBA/0FBQf9BQUH/QEBA/0BAQP8/Pz//Pz8//z4+Pv89PT3/Pj4+/z8/P/9AQED/QUFB/0BAQP9AQED/QEBA/z8/P/8/Pz//Pj4+/z4+Pv8/Pz//Pz8//z09Pf89PT3/PT09/z4+Pv8+Pj7/Pj4+/z8/P/8/Pz//QEBA/0BAQP9AQED/QEBA/0BAQP8/Pz//Pj4+/z4+Pv8+Pj7/PT09/z09Pf8+Pj7/Pz8//z8/P/8/Pz//Pz8//xsbG/8bGxv/Gxsb/xsbG/8bGxv/Gxsb/xoaGv8aGhr/Ghoa/xoaGv8bGxv/HBwc/x4eHv8fHx//ICAg/yEhIf8jIyP/JSUl/ykpKf8sLCz/KSkp/yUlJf8mJib/KCgo/ykpKf8qKir/Kioq/ykpKf8nJyf/JSUl/yUlJf8kJCT/JCQk/yUlJf8lJSX/IyMj/yIiIv8hISH/Hx8f/x4eHv8bGxv/Gxsb/xkZGf8ZGRn/GBgY/xgYGP8XFxf/FxcX/xcXF/8XFxf/FhYW/xUVFf8UFBT/ExMT/xISEv8SEhL/ERER/xEREf8RERH/ERER/xQUFP8XFxf/GRkZ/x0dHf8eHh7/Hx8f/yAgIP8hISH/ICAg/x0dHf8eHh7/IiIi/yQkJP8gICD/HBwc/xwcHP8bGxv/HBwc/x4eHv8gICD/JCQk/ycnJ/8qKir/LCws/y0tLf8vLy//MTEx/zIyMv8zMzP/MzMz/zIyMv8xMTH/MzMz/zQ0NP8zMzP/MzMz/zIyMv8wMDD/Ly8v/y0tLf8uLi7/MDAw/zExMf8yMjL/MzMz/zU1Nf82Njb/NjY2/zc3N/83Nzf/ODg4/zg4OP84ODj/Ojo6/zw8PP89PT3/PT09/zs7O/84ODj/OTk5/zs7O/86Ojr/Nzc3/zc3N/83Nzf/NjY2/zMzM/8yMjL/MjIy/zMzM/83Nzf/Ojo6/zs7O/88PDz/PDw8/zw8PP89PT3/Pj4+/z4+Pv8+Pj7/Pj4+/z8/P/9AQED/QkJC/0FBQf87Ozv/ODg4/zU1Nf8zMzP/MTEx/zAwMP8xMTH/MzMz/zQ0NP82Njb/MjIy/ywsLP8pKSn/JSUl/yMjI/8iIiL/ICAg/x0dHf8cHBz/Ghoa/xgYGP8XFxf/FhYW/xgYGP8ZGRn/ICAg/ygoKP8xMTH/PT09/0FBQf9GRkb/RkZG/0VFRf9FRUX/RkZG/0RERP9AQED/PT09/zg4OP80NDT/MDAw/ywsLP8rKyv/Kioq/ykpKf8nJyf/JiYm/yQkJP8iIiL/HR0d/xsbG/8XFxf/FhYW/xQUFP8TExP/EhIS/xEREf8QEBD/EBAQ/w8PD/8PDw//Dw8P/w8PD/8PDw//Dw8P/w8PD/8PDw//Dw8P/w4ODv8PDw//EBAQ/xAQEP8QEBD/EBAQ/xAQEP8QEBD/EBAQ/xAQEP8PDw//Dw8P/w8PD/8PDw//Dw8P/w4ODv8PDw//Dw8P/w8PD/8PDw//Dw8P/xAQEP8QEBD/EBAQ/xEREf8SEhL/ExMT/xUVFf8XFxf/Gxsb/x4eHv8iIiL/Jycn/yoqKv8vLy//MDAw/zExMf8yMjL/MjIy/zIyMv8yMjL/MjIy/zExMf8xMTH/MjIy/zIyMv8xMTH/MTEx/zAwMP8wMDD/MDAw/zAwMP8wMDD/MDAw/zAwMP8wMDD/MTEx/zIyMv8yMjL/MDAw/zAwMP8vLy//Ly8v/zExMf8xMTH/MTEx/zExMf8xMTH/MTEx/zExMf8xMTH/MTEx/zAwMP8wMDD/MDAw/zAwMP8xMTH/MTEx/zIyMv8zMzP/MzMz/zMzM/8zMzP/MzMz/zIyMv8xMTH/MTEx/zIyMv8yMjL/MjIy/zIyMv8yMjL/MjIy/zIyMv8yMjL/MjIy/zMzM/8zMzP/MzMz/zMzM/8zMzP/MjIy/zIyMv8yMjL/MjIy/zMzM/80NDT/NDQ0/zMzM/80NDT/NDQ0/zQ0NP8zMzP/NDQ0/zU1Nf80NDT/NDQ0/zQ0NP80NDT/NDQ0/zQ0NP80NDT/NDQ0/zQ0NP81NTX/Pj4+/z8/P/8/Pz//Pj4+/zw8PP89PT3/Pj4+/z4+Pv8/Pz//Pz8//z4+Pv8+Pj7/Pj4+/z4+Pv8+Pj7/Pj4+/z4+Pv8+Pj7/PT09/zs7O/88PDz/PT09/zw8PP87Ozv/Pj4+/0JCQv9AQED/PT09/zw8PP87Ozv/Ozs7/zw8PP89PT3/Pj4+/z8/P/8/Pz//Pz8//z8/P/9AQED/Pz8//z4+Pv8+Pj7/Pz8//z4+Pv87Ozv/Ozs7/zs7O/88PDz/PT09/z09Pf89PT3/PT09/z09Pf89PT3/PT09/z09Pf89PT3/PT09/z09Pf89PT3/PT09/z09Pf89PT3/Pj4+/z4+Pv89PT3/PDw8/zs7O/87Ozv/Ojo6/zo6Ov87Ozv/PDw8/zs7O/86Ojr/OTk5/zk5Of85OTn/Ojo6/zo6Ov87Ozv/Ozs7/zw8PP89PT3/Pz8//z8/P/88PDz/Ozs7/zs7O/87Ozv/Ojo6/zk5Of85OTn/OTk5/zk5Of85OTn/OTk5/zk5Of86Ojr/PDw8/0FBQf9ISEj/SUlJ/0pKSv9JSUn/SEhI/0VFRf9AQED/Pj4+/0RERP9HR0f/SEhI/0lJSf9KSkr/S0tL/0tLS/9LS0v/Tk5O/1NTU/9VVVX/V1dX/1hYWP9XV1f/VlZW/1NTU/9RUVH/Tk5O/0xMTP9ISEj/Q0ND/zU1Nf8pKSn/ICAg/xcXF/8WFhb/FBQU/xQUFP8TExP/FBQU/xcXF/8bGxv/JCQk/ycnJ/8sLCz/LCws/ykpKf8nJyf/Jycn/ycnJ/8nJyf/Jycn/ycnJ/8oKCj/KSkp/yoqKv8tLS3/MTEx/y8vL/8sLCz/Jycn/x0dHf8ZGRn/FRUV/xMTE/8SEhL/EhIS/xISEv8SEhL/ExMT/xMTE/8TExP/ExMT/xUVFf8XFxf/HBwc/yQkJP8nJyf/Kysr/ysrK/8oKCj/Jycn/ycnJ/8nJyf/KCgo/ygoKP8nJyf/Jycn/ycnJ/8nJyf/Kioq/y0tLf8sLCz/LCws/yUlJf8bGxv/GBgY/xMTE/8SEhL/ERER/xEREf8RERH/ERER/xEREf8RERH/EhIS/xISEv8SEhL/EhIS/xISEv8RERH/ERER/xEREf8RERH/EBAQ/xAQEP8QEBD/EBAQ/xEREf8RERH/ERER/xEREf8RERH/ERER/xAQEP8QEBD/EBAQ/xAQEP8QEBD/Dw8P/w8PD/8PDw//Dw8P/xAQEP8RERH/EhIS/xISEv8UFBT/FhYW/x4eHv8iIiL/JSUl/ycnJ/8lJSX/IyMj/yMjI/8jIyP/IyMj/yIiIv8iIiL/IiIi/yIiIv8hISH/IiIi/yUlJf8kJCT/IiIi/x8fH/8ZGRn/FRUV/xMTE/8RERH/EBAQ/xAQEP8QEBD/EBAQ/xAQEP8RERH/ERER/xISEv8UFBT/FxcX/xoaGv8fHx//Hx8f/xsbG/8ZGRn/FhYW/xMTE/8RERH/EBAQ/xAQEP8QEBD/EBAQ/xAQEP8QEBD/EBAQ/xAQEP8QEBD/EBAQ/xAQEP8QEBD/EBAQ/xAQEP8RERH/ERER/xMTE/8VFRX/HBwc/yEhIf8iIiL/JCQk/yMjI/8hISH/ISEh/yIiIv8iIiL/IiIi/yIiIv8hISH/IiIi/yMjI/8jIyP/JSUl/yQkJP8gICD/HR0d/xcXF/8TExP/EhIS/xISEv8UFBT/FxcX/xoaGv8fHx//HBwc/xcXF/8VFRX/EhIS/xMTE/8VFRX/GBgY/x4eHv8hISH/ICAg/yAgIP8eHh7/HBwc/xwcHP8/Pz//Pz8//0BAQP9AQED/QUFB/0BAQP8/Pz//QEBA/0FBQf9BQUH/Q0ND/0JCQv9AQED/Pz8//z8/P/8/Pz//Pz8//z8/P/8+Pj7/Pj4+/z4+Pv8/Pz//QEBA/0FBQf9BQUH/QUFB/0FBQf9AQED/QUFB/0NDQ/9DQ0P/QUFB/0FBQf9AQED/QEBA/0FBQf9BQUH/QUFB/0JCQv9CQkL/QkJC/0JCQv9BQUH/QUFB/0FBQf9BQUH/QEBA/z8/P/8+Pj7/PT09/z09Pf8+Pj7/QEBA/0JCQv9CQkL/QkJC/0FBQf9BQUH/QkJC/0NDQ/9DQ0P/QkJC/0FBQf9AQED/QUFB/0NDQ/9CQkL/QUFB/0FBQf9CQkL/QkJC/0NDQ/9DQ0P/Q0ND/0NDQ/9DQ0P/RERE/0NDQ/9CQkL/QkJC/0JCQv9DQ0P/RERE/0RERP9DQ0P/Q0ND/0NDQ/9DQ0P/QUFB/0FBQf9AQED/QEBA/0JCQv9ERET/Q0ND/0JCQv9DQ0P/RERE/0NDQ/9CQkL/QkJC/0NDQ/9ERET/RUVF/0ZGRv9ISEj/SEhI/0RERP9CQkL/QUFB/0FBQf9CQkL/Q0ND/0NDQ/9DQ0P/RERE/0VFRf9ERET/QkJC/0FBQf9AQED/QUFB/0JCQv9CQkL/QUFB/0FBQf9CQkL/Q0ND/0VFRf9GRkb/R0dH/0lJSf9HR0f/RkZG/0ZGRv9FRUX/RUVF/0VFRf9FRUX/RERE/0RERP9DQ0P/Q0ND/0NDQ/9DQ0P/RERE/0RERP9DQ0P/Q0ND/0FBQf8/Pz//QEBA/0FBQf9CQkL/RERE/0NDQ/9CQkL/Q0ND/0VFRf9FRUX/RUVF/0RERP9DQ0P/QkJC/0BAQP8/Pz//QEBA/0BAQP9AQED/QUFB/0FBQf9BQUH/QUFB/0JCQv9CQkL/Q0ND/0NDQ/9DQ0P/QkJC/0FBQf9BQUH/QkJC/0NDQ/9DQ0P/Q0ND/0NDQ/9DQ0P/Q0ND/0NDQ/9DQ0P/Q0ND/0NDQ/9ERET/RERE/0VFRf9ERET/QUFB/0FBQf9BQUH/QUFB/0JCQv9DQ0P/RERE/0RERP9FRUX/RUVF/0VFRf9GRkb/RkZG/0dHR/9GRkb/RUVF/0RERP9BQUH/QUFB/0FBQf9BQUH/QkJC/0JCQv9CQkL/QkJC/0NDQ/9DQ0P/QkJC/0FBQf9BQUH/QUFB/0FBQf9AQED/QEBA/0FBQf9BQUH/QUFB/0BAQP8/Pz//Pz8//z8/P/8/Pz//QEBA/0BAQP9BQUH/QUFB/0JCQv9CQkL/QkJC/0JCQv9CQkL/QUFB/0JCQv9CQkL/QkJC/0NDQ/9CQkL/Pz8//0BAQP9CQkL/Q0ND/0NDQ/9DQ0P/Q0ND/0NDQ/9ERET/RERE/0RERP9ERET/RERE/0NDQ/9FRUX/SEhI/09PT/9cXFz/YGBg/2NjY/9eXl7/T09P/0lJSf9FRUX/Q0ND/0RERP9FRUX/RERE/0NDQ/9DQ0P/RERE/0hISP9MTEz/VFRU/2BgYP9gYGD/XV1d/1dXV/9JSUn/RUVF/0RERP9DQ0P/Q0ND/0NDQ/9BQUH/QEBA/0FBQf9BQUH/QkJC/0NDQ/9ERET/RUVF/0hISP9MTEz/VVVV/2RkZP9mZmb/ZmZm/2BgYP9RUVH/SkpK/0ZGRv9ERET/Q0ND/0NDQ/9DQ0P/Q0ND/0VFRf9HR0f/RUVF/0JCQv9CQkL/QUFB/0FBQf9CQkL/RUVF/0tLS/9QUFD/Wlpa/1xcXP9TU1P/Tk5O/0dHR/9CQkL/QEBA/zY2Nv82Njb/Nzc3/zU1Nf8zMzP/MzMz/zQ0NP80NDT/NDQ0/zQ0NP80NDT/NDQ0/zIyMv8yMjL/NDQ0/zU1Nf81NTX/NTU1/zY2Nv84ODj/Nzc3/zU1Nf81NTX/NDQ0/zQ0NP8zMzP/NDQ0/zc3N/83Nzf/ODg4/zg4OP82Njb/NjY2/zY2Nv82Njb/NjY2/zY2Nv82Njb/NjY2/zY2Nv83Nzf/Nzc3/zc3N/83Nzf/ODg4/zg4OP83Nzf/Nzc3/zY2Nv82Njb/Nzc3/zc3N/83Nzf/Nzc3/zc3N/83Nzf/ODg4/zg4OP84ODj/OTk5/zk5Of84ODj/ODg4/zc3N/83Nzf/NjY2/zc3N/84ODj/ODg4/zc3N/83Nzf/Nzc3/zc3N/83Nzf/Nzc3/zc3N/84ODj/OTk5/zo6Ov86Ojr/Ojo6/zk5Of84ODj/Nzc3/zY2Nv82Njb/NjY2/zY2Nv84ODj/ODg4/zg4OP84ODj/OTk5/zk5Of84ODj/Nzc3/zg4OP85OTn/OTk5/zk5Of86Ojr/PDw8/zs7O/86Ojr/Ojo6/zs7O/87Ozv/Ozs7/zs7O/87Ozv/Ozs7/zo6Ov86Ojr/OTk5/zg4OP85OTn/Ozs7/zw8PP89PT3/PDw8/zs7O/87Ozv/Ojo6/zo6Ov88PDz/Ozs7/zk5Of84ODj/OTk5/zk5Of85OTn/OTk5/zk5Of85OTn/OTk5/zo6Ov86Ojr/Ojo6/zk5Of83Nzf/ODg4/zk5Of85OTn/Ojo6/zo6Ov85OTn/Ojo6/zw8PP89PT3/PDw8/zs7O/87Ozv/Ojo6/zo6Ov85OTn/Ozs7/z09Pf89PT3/PDw8/zw8PP89PT3/PT09/z4+Pv8+Pj7/Pj4+/z4+Pv88PDz/Ozs7/zo6Ov86Ojr/Ojo6/zo6Ov88PDz/Pz8//z8/P/8+Pj7/PT09/zs7O/88PDz/PT09/z09Pf8/Pz//Pz8//z4+Pv8+Pj7/PT09/z09Pf8+Pj7/Pz8//z4+Pv8+Pj7/PT09/zs7O/88PDz/PT09/z09Pf88PDz/PDw8/z09Pf89PT3/PT09/z09Pf8+Pj7/Pj4+/z8/P/8/Pz//PT09/zs7O/87Ozv/Ozs7/zs7O/88PDz/PDw8/zw8PP88PDz/Ozs7/zw8PP89PT3/Pj4+/z09Pf89PT3/PDw8/zw8PP87Ozv/Ozs7/z09Pf8+Pj7/PT09/z09Pf89PT3/PT09/z09Pf89PT3/Pj4+/0BAQP9AQED/Pz8//z8/P/9AQED/QEBA/0FBQf9BQUH/QUFB/0FBQf9AQED/QEBA/0BAQP8/Pz//QEBA/0FBQf9AQED/Pz8//z8/P/8+Pj7/Pj4+/z8/P/8+Pj7/PT09/zw8PP87Ozv/Ojo6/zs7O/87Ozv/PDw8/zw8PP88PDz/PT09/z09Pf89PT3/PT09/z09Pf89PT3/Pj4+/z4+Pv8+Pj7/Pj4+/z09Pf89PT3/Pj4+/z8/P/8/Pz//Pz8//z8/P/8/Pz//Pz8//z8/P/8/Pz//Pj4+/z4+Pv89PT3/Pj4+/z8/P/8/Pz//QEBA/0BAQP9AQED/QEBA/z8/P/8/Pz//Pj4+/z09Pf8+Pj7/Pz8//0BAQP9BQUH/QUFB/0BAQP9AQED/Pz8//z8/P/89PT3/PT09/z8/P/8+Pj7/PT09/zw8PP89PT3/Pj4+/z4+Pv89PT3/Pj4+/z4+Pv8+Pj7/Pz8//z8/P/9AQED/QEBA/z8/P/8/Pz//Pj4+/z4+Pv88PDz/PDw8/z09Pf8+Pj7/Pz8//z8/P/8/Pz//Gxsb/xsbG/8bGxv/Gxsb/xsbG/8bGxv/Ghoa/xoaGv8ZGRn/GRkZ/xkZGf8aGhr/Gxsb/xwcHP8dHR3/Hh4e/yEhIf8jIyP/KCgo/ywsLP8oKCj/JCQk/yUlJf8oKCj/KSkp/ysrK/8qKir/KCgo/ycnJ/8kJCT/JCQk/yMjI/8jIyP/JCQk/yUlJf8jIyP/IiIi/yAgIP8eHh7/HR0d/xsbG/8aGhr/GRkZ/xkZGf8YGBj/GBgY/xcXF/8XFxf/FxcX/xcXF/8WFhb/FhYW/xUVFf8UFBT/ExMT/xISEv8SEhL/ERER/xEREf8RERH/ExMT/xYWFv8YGBj/HBwc/x0dHf8dHR3/HBwc/xoaGv8aGhr/Gxsb/x0dHf8iIiL/JCQk/x8fH/8bGxv/Gxsb/xsbG/8cHBz/HR0d/yEhIf8nJyf/KSkp/y0tLf8uLi7/Ly8v/zAwMP8yMjL/MzMz/zMzM/8zMzP/MTEx/zAwMP8zMzP/NTU1/zMzM/8xMTH/MDAw/y8vL/8uLi7/LCws/y4uLv8yMjL/MTEx/zAwMP8wMDD/MTEx/zIyMv80NDT/NjY2/zc3N/84ODj/ODg4/zc3N/87Ozv/QEBA/0FBQf9CQkL/PT09/zY2Nv82Njb/Nzc3/zY2Nv81NTX/NTU1/zU1Nf80NDT/MjIy/zExMf8yMjL/NDQ0/zg4OP87Ozv/Ozs7/zo6Ov85OTn/ODg4/zs7O/8+Pj7/QEBA/0JCQv9CQkL/Q0ND/0JCQv9BQUH/Pz8//zs7O/84ODj/NjY2/zQ0NP8yMjL/MDAw/zIyMv8zMzP/NTU1/zg4OP80NDT/Ly8v/ysrK/8lJSX/JCQk/yIiIv8hISH/Hh4e/x0dHf8bGxv/Ghoa/xgYGP8XFxf/FxcX/xgYGP8dHR3/IyMj/y0tLf86Ojr/Pz8//0ZGRv9GRkb/RUVF/0ZGRv9HR0f/RkZG/0FBQf89PT3/ODg4/zQ0NP8vLy//LCws/yoqKv8pKSn/Jycn/yYmJv8kJCT/IiIi/x4eHv8ZGRn/FxcX/xMTE/8TExP/EhIS/xISEv8QEBD/EBAQ/w8PD/8PDw//Dw8P/w8PD/8PDw//Dw8P/w8PD/8PDw//Dw8P/w8PD/8PDw//Dw8P/w8PD/8QEBD/EBAQ/xAQEP8QEBD/EBAQ/xAQEP8QEBD/EBAQ/xAQEP8QEBD/Dw8P/w8PD/8PDw//Dg4O/w4ODv8PDw//Dw8P/w8PD/8PDw//Dw8P/w8PD/8PDw//Dw8P/xAQEP8RERH/EhIS/xMTE/8WFhb/GBgY/x0dHf8jIyP/Jycn/ywsLP8uLi7/MTEx/zIyMv8zMzP/MzMz/zIyMv8yMjL/MTEx/zExMf8xMTH/MTEx/zExMf8xMTH/MDAw/zAwMP8wMDD/MDAw/zAwMP8wMDD/MDAw/zAwMP8xMTH/MjIy/zExMf8wMDD/MDAw/y4uLv8vLy//MDAw/zExMf8xMTH/MTEx/zAwMP8wMDD/MTEx/zExMf8xMTH/MDAw/zAwMP8vLy//Ly8v/zAwMP8xMTH/MjIy/zIyMv80NDT/NDQ0/zMzM/8zMzP/MjIy/zExMf8yMjL/MjIy/zIyMv8yMjL/MjIy/zExMf8xMTH/MjIy/zIyMv8xMTH/MjIy/zMzM/8zMzP/MzMz/zMzM/8yMjL/MjIy/zExMf8xMTH/MzMz/zU1Nf80NDT/NDQ0/zQ0NP81NTX/NDQ0/zMzM/80NDT/NTU1/zQ0NP8zMzP/MzMz/zQ0NP80NDT/NDQ0/zQ0NP80NDT/NDQ0/zU1Nf9CQkL/QUFB/0FBQf9AQED/Pj4+/z8/P/9BQUH/QUFB/0BAQP9AQED/QEBA/0BAQP8/Pz//Pz8//z8/P/8/Pz//QEBA/0FBQf9AQED/Pz8//z4+Pv8+Pj7/PT09/zw8PP89PT3/QEBA/z8/P/89PT3/PDw8/zs7O/87Ozv/Ozs7/zs7O/88PDz/PT09/z4+Pv8+Pj7/Pz8//z8/P/8/Pz//Pj4+/z4+Pv8+Pj7/PT09/zw8PP88PDz/PDw8/zw8PP88PDz/PDw8/zw8PP88PDz/PDw8/z09Pf89PT3/Pj4+/z4+Pv89PT3/PDw8/zs7O/87Ozv/Ozs7/zw8PP88PDz/PDw8/zw8PP87Ozv/Ozs7/zo6Ov86Ojr/Ojo6/zs7O/88PDz/Ojo6/zk5Of85OTn/OTk5/zo6Ov87Ozv/Ozs7/zs7O/87Ozv/PDw8/zw8PP89PT3/PT09/zs7O/87Ozv/Ozs7/zs7O/87Ozv/Ozs7/zo6Ov86Ojr/OTk5/zg4OP84ODj/OTk5/zw8PP9AQED/RERE/0tLS/9KSkr/R0dH/0dHR/9JSUn/SEhI/0RERP9CQkL/RERE/0VFRf9HR0f/SEhI/0pKSv9MTEz/S0tL/0pKSv9MTEz/T09P/1BQUP9SUlL/VFRU/1ZWVv9VVVX/UlJS/1BQUP9OTk7/S0tL/0ZGRv9BQUH/MzMz/yYmJv8eHh7/FhYW/xUVFf8TExP/ExMT/xQUFP8VFRX/FxcX/xsbG/8iIiL/JiYm/ywsLP8tLS3/Kioq/ykpKf8oKCj/Jycn/ycnJ/8oKCj/KCgo/ygoKP8qKir/LCws/y4uLv8yMjL/MDAw/ywsLP8nJyf/HBwc/xgYGP8VFRX/FBQU/xMTE/8TExP/ExMT/xMTE/8TExP/FBQU/xQUFP8UFBT/FRUV/xcXF/8bGxv/IyMj/ycnJ/8tLS3/LS0t/ykpKf8oKCj/KCgo/ygoKP8oKCj/Jycn/ygoKP8oKCj/KCgo/ykpKf8qKir/LCws/ysrK/8pKSn/IyMj/xoaGv8XFxf/FBQU/xMTE/8RERH/ERER/xEREf8SEhL/EhIS/xISEv8SEhL/ERER/xISEv8SEhL/EhIS/xISEv8SEhL/EhIS/xEREf8RERH/ERER/xEREf8RERH/EhIS/xEREf8RERH/ERER/xEREf8RERH/ERER/xEREf8QEBD/EBAQ/xAQEP8QEBD/EBAQ/xAQEP8QEBD/ERER/xEREf8SEhL/EhIS/xQUFP8WFhb/HR0d/yAgIP8lJSX/KCgo/ycnJ/8mJib/JSUl/yQkJP8kJCT/JCQk/yQkJP8jIyP/JCQk/yUlJf8mJib/KCgo/yYmJv8iIiL/Hh4e/xcXF/8UFBT/EhIS/xAQEP8QEBD/EBAQ/xAQEP8QEBD/ERER/xISEv8SEhL/ERER/xMTE/8XFxf/Ghoa/x8fH/8fHx//Gxsb/xkZGf8VFRX/ExMT/xEREf8RERH/ERER/xEREf8QEBD/EBAQ/xAQEP8QEBD/EBAQ/xEREf8QEBD/EBAQ/xAQEP8QEBD/EBAQ/xAQEP8RERH/FBQU/xcXF/8fHx//JSUl/yYmJv8mJib/JCQk/yIiIv8hISH/ISEh/yEhIf8hISH/IiIi/yIiIv8jIyP/IyMj/yQkJP8jIyP/IiIi/x4eHv8aGhr/FhYW/xISEv8SEhL/ERER/xQUFP8XFxf/Ghoa/x8fH/8cHBz/GBgY/xYWFv8TExP/ExMT/xUVFf8XFxf/HR0d/yAgIP8iIiL/IyMj/yEhIf8fHx//Hx8f/0BAQP9AQED/QEBA/0BAQP9AQED/QEBA/z8/P/8/Pz//Pz8//0BAQP9AQED/QEBA/z8/P/8/Pz//Pz8//z4+Pv8/Pz//Pz8//z4+Pv8+Pj7/Pj4+/z4+Pv8/Pz//QEBA/0BAQP9AQED/QEBA/0BAQP9BQUH/Q0ND/0NDQ/9BQUH/QUFB/0FBQf9BQUH/QEBA/0BAQP9AQED/QUFB/0FBQf9CQkL/QkJC/0NDQ/9CQkL/QkJC/0FBQf9AQED/Pz8//z4+Pv89PT3/PT09/z09Pf8/Pz//QEBA/0BAQP9BQUH/QkJC/0JCQv9DQ0P/Q0ND/0JCQv9BQUH/QEBA/z8/P/8/Pz//QEBA/0BAQP9AQED/QEBA/0FBQf9BQUH/QUFB/0FBQf9CQkL/QkJC/0JCQv9CQkL/QUFB/0BAQP9AQED/QUFB/0FBQf9CQkL/QUFB/0FBQf9BQUH/QkJC/0JCQv9BQUH/QEBA/0BAQP9AQED/QUFB/0JCQv9CQkL/QUFB/0JCQv9CQkL/QUFB/0BAQP9AQED/QEBA/0FBQf9CQkL/Q0ND/0NDQ/9DQ0P/QkJC/0FBQf9BQUH/QUFB/0FBQf9CQkL/QkJC/0JCQv9DQ0P/Q0ND/0NDQ/9CQkL/QkJC/0FBQf9AQED/QEBA/0BAQP9AQED/QUFB/0FBQf9CQkL/QkJC/0NDQ/9ERET/RUVF/0VFRf9FRUX/RUVF/0RERP9ERET/RERE/0RERP9DQ0P/RERE/0RERP9ERET/Q0ND/0NDQ/9ERET/RERE/0NDQ/9CQkL/QUFB/0BAQP9BQUH/QkJC/0NDQ/9ERET/Q0ND/0JCQv9CQkL/Q0ND/0RERP9ERET/RERE/0RERP9DQ0P/QUFB/0BAQP9AQED/QEBA/0BAQP8/Pz//Pz8//z8/P/9AQED/QkJC/0JCQv9DQ0P/Q0ND/0NDQ/9CQkL/QUFB/0FBQf9BQUH/QUFB/0JCQv9CQkL/QkJC/0JCQv9CQkL/QkJC/0NDQ/9DQ0P/Q0ND/0RERP9ERET/Q0ND/0JCQv9BQUH/QEBA/0BAQP9AQED/QUFB/0FBQf9CQkL/Q0ND/0RERP9ERET/RERE/0RERP9ERET/RERE/0RERP9DQ0P/QkJC/0FBQf9BQUH/QkJC/0JCQv9BQUH/QUFB/0FBQf9BQUH/QkJC/0JCQv9CQkL/QkJC/0FBQf9BQUH/QUFB/0BAQP9AQED/QEBA/0FBQf9CQkL/QkJC/0FBQf9BQUH/QUFB/0FBQf9AQED/QEBA/0BAQP9AQED/QUFB/0NDQ/9CQkL/QkJC/0NDQ/9ERET/RERE/0RERP9DQ0P/QUFB/0FBQf9AQED/QUFB/0NDQ/9ERET/Q0ND/0NDQ/9DQ0P/Q0ND/0RERP9FRUX/RERE/0RERP9ERET/Q0ND/0VFRf9ISEj/UFBQ/1xcXP9eXl7/YWFh/1xcXP9OTk7/SEhI/0ZGRv9ERET/RERE/0RERP9DQ0P/QkJC/0NDQ/9ERET/SEhI/0xMTP9VVVX/YWFh/2JiYv9hYWH/WVlZ/0pKSv9GRkb/RERE/0NDQ/9CQkL/QUFB/0FBQf9BQUH/QEBA/0BAQP9BQUH/QkJC/0JCQv9CQkL/RUVF/0lJSf9QUFD/XFxc/2BgYP9kZGT/YWFh/1dXV/9RUVH/SUlJ/0ZGRv9FRUX/RUVF/0RERP9DQ0P/Q0ND/0RERP9DQ0P/QkJC/0FBQf8/Pz//QEBA/0FBQf9ERET/S0tL/1BQUP9bW1v/XFxc/1RUVP9OTk7/SEhI/0NDQ/9CQkL/NDQ0/zU1Nf82Njb/NTU1/zMzM/8zMzP/NTU1/zU1Nf81NTX/NTU1/zY2Nv81NTX/MzMz/zMzM/80NDT/NDQ0/zQ0NP80NDT/NTU1/zY2Nv81NTX/NDQ0/zQ0NP81NTX/NDQ0/zMzM/80NDT/NjY2/zY2Nv83Nzf/Nzc3/zc3N/82Njb/NTU1/zQ0NP81NTX/NTU1/zU1Nf80NDT/NjY2/zc3N/83Nzf/NjY2/zY2Nv82Njb/NjY2/zU1Nf81NTX/NTU1/zY2Nv83Nzf/Nzc3/zc3N/84ODj/ODg4/zg4OP83Nzf/Nzc3/zc3N/83Nzf/Nzc3/zc3N/83Nzf/ODg4/zc3N/83Nzf/Nzc3/zc3N/83Nzf/NjY2/zY2Nv83Nzf/Nzc3/zc3N/83Nzf/Nzc3/zc3N/84ODj/OTk5/zk5Of85OTn/OTk5/zg4OP84ODj/ODg4/zg4OP84ODj/ODg4/zg4OP85OTn/OTk5/zo6Ov85OTn/ODg4/zg4OP84ODj/OTk5/zo6Ov86Ojr/Ozs7/zs7O/88PDz/Ozs7/zo6Ov86Ojr/OTk5/zk5Of85OTn/OTk5/zo6Ov86Ojr/Ojo6/zs7O/86Ojr/OTk5/zo6Ov87Ozv/PDw8/zw8PP88PDz/Ozs7/zo6Ov85OTn/OTk5/zo6Ov86Ojr/OTk5/zk5Of85OTn/ODg4/zg4OP84ODj/OTk5/zk5Of86Ojr/Ozs7/zs7O/85OTn/OTk5/zk5Of85OTn/Ojo6/zo6Ov86Ojr/Ojo6/zs7O/87Ozv/PDw8/z09Pf89PT3/PDw8/zs7O/87Ozv/Ojo6/zo6Ov87Ozv/PDw8/zw8PP88PDz/PDw8/z09Pf8+Pj7/Pj4+/z4+Pv88PDz/PDw8/zs7O/86Ojr/Ozs7/zs7O/87Ozv/Ozs7/zs7O/89PT3/PT09/z09Pf88PDz/Ozs7/zs7O/88PDz/PDw8/z09Pf8+Pj7/Pj4+/z4+Pv89PT3/PT09/z09Pf89PT3/PDw8/zw8PP88PDz/PDw8/zw8PP89PT3/PT09/z09Pf89PT3/PT09/z09Pf89PT3/PT09/z4+Pv8/Pz//QEBA/0BAQP8/Pz//PT09/z09Pf88PDz/PDw8/zw8PP88PDz/PDw8/zw8PP88PDz/PDw8/zw8PP88PDz/PDw8/zw8PP88PDz/PDw8/zw8PP88PDz/PDw8/z09Pf89PT3/PDw8/zw8PP88PDz/PDw8/zw8PP89PT3/Pj4+/z4+Pv8+Pj7/Pj4+/z8/P/8/Pz//Pz8//z8/P/8/Pz//Pz8//0BAQP9AQED/QEBA/0BAQP9AQED/QEBA/z8/P/8/Pz//Pj4+/z8/P/8+Pj7/PT09/z09Pf88PDz/PDw8/zw8PP88PDz/PT09/z09Pf8+Pj7/Pj4+/z09Pf88PDz/PDw8/zw8PP89PT3/PT09/z09Pf89PT3/PT09/z09Pf89PT3/PT09/z09Pf8+Pj7/Pj4+/z8/P/9AQED/QEBA/z8/P/8/Pz//Pz8//z8/P/8+Pj7/Pj4+/z8/P/8/Pz//Pz8//z8/P/8/Pz//Pz8//z8/P/8/Pz//Pz8//z4+Pv8+Pj7/Pj4+/z4+Pv8+Pj7/Pj4+/z8/P/9AQED/QUFB/0FBQf9AQED/Pz8//z4+Pv8+Pj7/Pj4+/z4+Pv8+Pj7/PT09/z4+Pv8/Pz//Pz8//z4+Pv8+Pj7/Pj4+/z4+Pv8+Pj7/Pj4+/z4+Pv8+Pj7/PT09/z09Pf89PT3/PT09/zw8PP88PDz/PDw8/z09Pf8+Pj7/Pz8//z8/P/8aGhr/Ghoa/xsbG/8bGxv/Gxsb/xsbG/8bGxv/Ghoa/xoaGv8aGhr/Ghoa/xoaGv8bGxv/HBwc/xwcHP8dHR3/Hh4e/x8fH/8hISH/IyMj/yEhIf8fHx//ICAg/yEhIf8iIiL/IyMj/yMjI/8iIiL/IiIi/yEhIf8hISH/JCQk/yUlJf8kJCT/IyMj/yIiIv8gICD/Hh4e/xwcHP8bGxv/Ghoa/xoaGv8aGhr/GRkZ/xgYGP8YGBj/FxcX/xcXF/8XFxf/FhYW/xYWFv8WFhb/FRUV/xQUFP8TExP/ExMT/xISEv8SEhL/EhIS/xMTE/8UFBT/FRUV/xcXF/8ZGRn/GRkZ/xkZGf8ZGRn/GRkZ/xkZGf8aGhr/Gxsb/x0dHf8eHh7/HBwc/xoaGv8bGxv/Gxsb/xwcHP8eHh7/ISEh/yYmJv8pKSn/LS0t/y0tLf8sLCz/LCws/ysrK/8sLCz/LS0t/y0tLf8sLCz/Kysr/ywsLP8tLS3/Li4u/y8vL/8wMDD/MjIy/zIyMv8xMTH/NDQ0/zg4OP83Nzf/NDQ0/zQ0NP81NTX/Nzc3/zk5Of86Ojr/Ozs7/zw8PP88PDz/PDw8/z09Pf8+Pj7/PT09/zw8PP85OTn/NjY2/zY2Nv82Njb/Nzc3/zg4OP85OTn/Ozs7/zs7O/85OTn/OTk5/zo6Ov87Ozv/PDw8/z09Pf88PDz/Ozs7/zw8PP89PT3/PDw8/zo6Ov87Ozv/PT09/z4+Pv9AQED/QEBA/z4+Pv88PDz/NjY2/zMzM/8yMjL/MTEx/zMzM/80NDT/NTU1/zU1Nf84ODj/PDw8/zg4OP8yMjL/Li4u/ycnJ/8lJSX/IyMj/yIiIv8fHx//HR0d/xoaGv8YGBj/FxcX/xYWFv8WFhb/FxcX/xsbG/8fHx//KCgo/zQ0NP86Ojr/RERE/0VFRf9ERET/RERE/0NDQ/9CQkL/Pj4+/zw8PP83Nzf/MzMz/y4uLv8qKir/KCgo/yYmJv8kJCT/ISEh/x8fH/8cHBz/GRkZ/xYWFv8UFBT/ERER/xEREf8QEBD/EBAQ/xAQEP8PDw//EBAQ/xAQEP8PDw//Dw8P/w8PD/8PDw//Dw8P/w8PD/8PDw//Dw8P/w8PD/8PDw//Dw8P/w8PD/8PDw//Dw8P/xAQEP8QEBD/EBAQ/xAQEP8QEBD/EBAQ/w8PD/8PDw//Dg4O/w4ODv8ODg7/Dg4O/w8PD/8PDw//Dg4O/w4ODv8ODg7/Dg4O/w4ODv8PDw//Dw8P/xAQEP8QEBD/ERER/xISEv8TExP/FxcX/xsbG/8fHx//JSUl/ygoKP8tLS3/Li4u/zAwMP8xMTH/MTEx/zAwMP8wMDD/Ly8v/zAwMP8wMDD/MDAw/zAwMP8xMTH/MTEx/zExMf8yMjL/MTEx/zAwMP8wMDD/MDAw/zExMf8yMjL/MjIy/zExMf8wMDD/Li4u/y8vL/8wMDD/MTEx/zExMf8yMjL/MTEx/zExMf8xMTH/MTEx/zAwMP8vLy//Ly8v/y8vL/8wMDD/MDAw/zExMf8xMTH/MjIy/zMzM/8zMzP/MzMz/zMzM/8yMjL/MjIy/zExMf8xMTH/MTEx/zExMf8xMTH/MDAw/zExMf8yMjL/MTEx/zExMf8xMTH/MjIy/zIyMv8yMjL/MjIy/zMzM/8zMzP/MjIy/zIyMv8zMzP/NDQ0/zQ0NP8zMzP/MzMz/zQ0NP80NDT/NDQ0/zQ0NP80NDT/NDQ0/zMzM/8zMzP/MzMz/zMzM/8zMzP/MzMz/zMzM/8zMzP/MzMz/0RERP9DQ0P/QkJC/0FBQf9AQED/QUFB/0NDQ/9CQkL/QUFB/0FBQf9CQkL/QUFB/0BAQP8/Pz//Pz8//z8/P/9BQUH/Q0ND/0JCQv9BQUH/QEBA/z4+Pv89PT3/PDw8/z09Pf8/Pz//Pj4+/zw8PP88PDz/Ozs7/zs7O/85OTn/OTk5/zs7O/88PDz/PT09/z4+Pv8/Pz//Pz8//z8/P/8+Pj7/Pj4+/z09Pf89PT3/PDw8/zw8PP88PDz/PDw8/zw8PP88PDz/PDw8/zw8PP88PDz/PDw8/z4+Pv8/Pz//Pj4+/z09Pf88PDz/Ojo6/zo6Ov86Ojr/Ojo6/zs7O/87Ozv/Ozs7/zs7O/86Ojr/Ojo6/zo6Ov86Ojr/Ozs7/zw8PP86Ojr/OTk5/zk5Of85OTn/Ojo6/zs7O/87Ozv/Ozs7/zs7O/88PDz/PDw8/zw8PP88PDz/Ozs7/zs7O/88PDz/PDw8/zw8PP88PDz/Ozs7/zs7O/85OTn/Nzc3/zg4OP85OTn/PT09/0NDQ/9GRkb/TExM/0pKSv9FRUX/RkZG/0pKSv9KSkr/R0dH/0VFRf9ERET/Q0ND/0ZGRv9ISEj/SkpK/0xMTP9LS0v/SkpK/0tLS/9MTEz/TU1N/09PT/9RUVH/VVVV/1VVVf9RUVH/T09P/01NTf9LS0v/RUVF/z8/P/8yMjL/JSUl/x0dHf8VFRX/FBQU/xISEv8TExP/FBQU/xUVFf8YGBj/Gxsb/yEhIf8lJSX/LCws/y0tLf8rKyv/Kioq/ygoKP8nJyf/KCgo/ygoKP8oKCj/KCgo/yoqKv8tLS3/Ly8v/zMzM/8xMTH/LCws/yYmJv8cHBz/GBgY/xUVFf8UFBT/FBQU/xQUFP8UFBT/FBQU/xQUFP8UFBT/FRUV/xUVFf8WFhb/FxcX/xsbG/8iIiL/Jycn/y8vL/8uLi7/Kioq/ykpKf8pKSn/KSkp/ygoKP8nJyf/KCgo/ygoKP8pKSn/Kioq/ysrK/8sLCz/Kioq/yYmJv8hISH/Ghoa/xgYGP8VFRX/ExMT/xISEv8RERH/EhIS/xISEv8TExP/ExMT/xISEv8RERH/EhIS/xISEv8TExP/ExMT/xMTE/8SEhL/EhIS/xISEv8SEhL/EhIS/xISEv8SEhL/EhIS/xEREf8RERH/ERER/xEREf8RERH/ERER/xEREf8QEBD/EBAQ/xAQEP8QEBD/EBAQ/xAQEP8RERH/ERER/xISEv8TExP/FBQU/xYWFv8cHBz/ICAg/yYmJv8pKSn/KSkp/ygoKP8mJib/JCQk/yUlJf8lJSX/JSUl/yQkJP8lJSX/KCgo/ykpKf8qKir/KCgo/yIiIv8eHh7/FhYW/xMTE/8RERH/EBAQ/xAQEP8QEBD/EBAQ/xAQEP8RERH/EhIS/xISEv8RERH/ExMT/xcXF/8aGhr/ICAg/x8fH/8bGxv/GRkZ/xQUFP8SEhL/ERER/xEREf8RERH/ERER/xEREf8QEBD/EBAQ/xAQEP8RERH/ERER/xEREf8QEBD/EBAQ/xAQEP8QEBD/EBAQ/xEREf8UFBT/GBgY/yIiIv8pKSn/KCgo/ycnJ/8lJSX/IiIi/yEhIf8gICD/ICAg/yEhIf8iIiL/IyMj/yMjI/8kJCT/JCQk/yIiIv8gICD/Gxsb/xgYGP8VFRX/EhIS/xEREf8RERH/FBQU/xcXF/8aGhr/Hx8f/x0dHf8ZGRn/FxcX/xQUFP8UFBT/FRUV/xcXF/8cHBz/Hx8f/yQkJP8mJib/IyMj/yEhIf8hISH/QEBA/0BAQP9AQED/QEBA/0BAQP9AQED/Pz8//z8/P/8+Pj7/Pj4+/z8/P/8/Pz//Pz8//z8/P/8+Pj7/Pj4+/z8/P/8/Pz//Pj4+/z4+Pv8+Pj7/Pj4+/z4+Pv8/Pz//Pz8//z8/P/8/Pz//QEBA/0FBQf9DQ0P/Q0ND/0FBQf9BQUH/QkJC/0JCQv9AQED/Pz8//0BAQP9AQED/QUFB/0JCQv9DQ0P/RERE/0NDQ/9CQkL/QUFB/0BAQP9AQED/Pj4+/z4+Pv89PT3/PT09/z4+Pv8+Pj7/Pz8//0BAQP9CQkL/Q0ND/0NDQ/9DQ0P/QkJC/0BAQP8/Pz//Pj4+/z4+Pv8+Pj7/Pj4+/z8/P/8/Pz//QEBA/0BAQP9AQED/QEBA/0FBQf9BQUH/QEBA/0BAQP8/Pz//Pj4+/z8/P/9BQUH/QUFB/0BAQP9AQED/Pz8//0BAQP9BQUH/QkJC/0FBQf9AQED/QEBA/0BAQP9AQED/QEBA/0FBQf9BQUH/QUFB/0BAQP9AQED/Pz8//z8/P/8+Pj7/Pz8//0BAQP9AQED/QEBA/0BAQP9AQED/QEBA/0BAQP9AQED/QUFB/0FBQf9BQUH/QkJC/0JCQv9CQkL/QkJC/0JCQv9CQkL/QUFB/0BAQP8/Pz//Pz8//0BAQP9AQED/QUFB/0FBQf9AQED/QEBA/0FBQf9CQkL/Q0ND/0RERP9ERET/RERE/0RERP9ERET/RERE/0NDQ/9ERET/RUVF/0VFRf9DQ0P/Q0ND/0RERP9FRUX/QkJC/0FBQf9BQUH/QUFB/0FBQf9CQkL/Q0ND/0RERP9DQ0P/QUFB/0FBQf9CQkL/Q0ND/0RERP9ERET/RUVF/0RERP9CQkL/QUFB/0BAQP9AQED/Pz8//z4+Pv8+Pj7/Pj4+/0BAQP9CQkL/QkJC/0NDQ/9DQ0P/Q0ND/0JCQv9BQUH/QUFB/0BAQP9AQED/QUFB/0FBQf9CQkL/QkJC/0JCQv9CQkL/QkJC/0NDQ/9DQ0P/RERE/0NDQ/9CQkL/QUFB/0BAQP9AQED/QEBA/0BAQP8/Pz//Pz8//0FBQf9CQkL/Q0ND/0RERP9DQ0P/QkJC/0JCQv9CQkL/QkJC/0JCQv9CQkL/QUFB/0JCQv9DQ0P/QkJC/0FBQf9AQED/QUFB/0FBQf9BQUH/QUFB/0JCQv9CQkL/QkJC/0FBQf9BQUH/QEBA/0BAQP9AQED/QUFB/0JCQv9CQkL/Q0ND/0NDQ/9CQkL/QkJC/0BAQP9AQED/Pz8//z8/P/9BQUH/Q0ND/0JCQv9CQkL/RERE/0ZGRv9GRkb/RUVF/0NDQ/9AQED/QEBA/0BAQP9BQUH/RERE/0VFRf9DQ0P/Q0ND/0JCQv9CQkL/RERE/0VFRf9ERET/RERE/0RERP9DQ0P/RUVF/0lJSf9QUFD/W1tb/15eXv9fX1//Wlpa/01NTf9ISEj/RkZG/0VFRf9ERET/Q0ND/0JCQv9CQkL/Q0ND/0RERP9HR0f/TExM/1VVVf9iYmL/Y2Nj/2NjY/9bW1v/S0tL/0ZGRv9FRUX/Q0ND/0FBQf9AQED/QUFB/0FBQf9AQED/Pz8//0BAQP9BQUH/QUFB/0BAQP9CQkL/RkZG/0tLS/9VVVX/W1tb/2NjY/9iYmL/W1tb/1ZWVv9MTEz/R0dH/0ZGRv9GRkb/RERE/0NDQ/9DQ0P/QkJC/0JCQv9CQkL/QUFB/z4+Pv8/Pz//QUFB/0RERP9LS0v/UVFR/1tbW/9dXV3/VFRU/09PT/9ISEj/RERE/0RERP8yMjL/NDQ0/zY2Nv80NDT/MjIy/zMzM/82Njb/NjY2/zU1Nf81NTX/Nzc3/zY2Nv80NDT/MzMz/zQ0NP80NDT/NDQ0/zQ0NP80NDT/NDQ0/zQ0NP80NDT/NDQ0/zU1Nf80NDT/MzMz/zQ0NP81NTX/NTU1/zc3N/83Nzf/Nzc3/zY2Nv80NDT/MzMz/zQ0NP80NDT/NDQ0/zMzM/81NTX/Nzc3/zc3N/82Njb/NjY2/zU1Nf80NDT/MzMz/zQ0NP81NTX/NTU1/zc3N/83Nzf/ODg4/zg4OP84ODj/ODg4/zc3N/83Nzf/Nzc3/zY2Nv82Njb/Nzc3/zc3N/84ODj/ODg4/zg4OP84ODj/Nzc3/zc3N/81NTX/NTU1/zY2Nv83Nzf/Nzc3/zc3N/83Nzf/NjY2/zc3N/84ODj/ODg4/zk5Of85OTn/ODg4/zg4OP85OTn/OTk5/zk5Of85OTn/OTk5/zk5Of86Ojr/Ozs7/zk5Of84ODj/ODg4/zk5Of85OTn/Ojo6/zs7O/88PDz/PDw8/zw8PP87Ozv/Ojo6/zo6Ov84ODj/ODg4/zg4OP84ODj/OTk5/zk5Of86Ojr/Ozs7/zs7O/86Ojr/Ojo6/zs7O/87Ozv/PDw8/zs7O/86Ojr/OTk5/zc3N/83Nzf/OTk5/zk5Of86Ojr/Ojo6/zk5Of84ODj/ODg4/zg4OP84ODj/OTk5/zo6Ov88PDz/Ozs7/zk5Of85OTn/Ojo6/zo6Ov87Ozv/Ozs7/zo6Ov86Ojr/Ozs7/zw8PP89PT3/PT09/z09Pf89PT3/PDw8/zs7O/87Ozv/Ozs7/zs7O/87Ozv/Ozs7/zw8PP89PT3/Pj4+/z4+Pv8+Pj7/PT09/zs7O/86Ojr/Ojo6/zo6Ov87Ozv/PDw8/zw8PP87Ozv/Ozs7/zs7O/87Ozv/PDw8/zw8PP87Ozv/Ozs7/zs7O/87Ozv/PT09/z09Pf8+Pj7/Pj4+/z09Pf89PT3/PDw8/zs7O/87Ozv/Ojo6/zs7O/88PDz/PDw8/z09Pf89PT3/PT09/z09Pf89PT3/PT09/z09Pf89PT3/Pj4+/z8/P/9AQED/QUFB/0BAQP8/Pz//Pj4+/zw8PP88PDz/PDw8/zw8PP88PDz/PDw8/z09Pf88PDz/Ozs7/zs7O/87Ozv/Ozs7/zw8PP88PDz/PDw8/zw8PP88PDz/PDw8/zw8PP88PDz/PDw8/zs7O/87Ozv/Ozs7/zw8PP89PT3/PT09/z09Pf89PT3/Pj4+/z4+Pv8+Pj7/Pj4+/z4+Pv8+Pj7/Pz8//0BAQP9AQED/QEBA/0BAQP8/Pz//Pz8//z4+Pv8+Pj7/Pz8//z4+Pv88PDz/Ozs7/zw8PP88PDz/PT09/z09Pf8+Pj7/Pz8//z8/P/8/Pz//PT09/zs7O/87Ozv/PDw8/zw8PP89PT3/PT09/z09Pf89PT3/PT09/z09Pf89PT3/PT09/z09Pf89PT3/Pz8//0FBQf9AQED/Pz8//z8/P/8/Pz//Pz8//z4+Pv8/Pz//QUFB/0BAQP8+Pj7/Pj4+/z4+Pv8+Pj7/Pj4+/z4+Pv8+Pj7/Pj4+/z4+Pv8+Pj7/Pj4+/z09Pf89PT3/PT09/z8/P/9CQkL/QkJC/0FBQf9AQED/Pj4+/z4+Pv8+Pj7/Pj4+/z4+Pv8+Pj7/Pz8//0BAQP8/Pz//Pz8//z8/P/8+Pj7/Pj4+/z09Pf89PT3/PDw8/zw8PP88PDz/PDw8/zw8PP88PDz/Ozs7/zs7O/88PDz/PDw8/z4+Pv8/Pz//QEBA/xkZGf8aGhr/Gxsb/xsbG/8bGxv/Gxsb/xsbG/8bGxv/Gxsb/xsbG/8bGxv/Gxsb/xsbG/8bGxv/HBwc/xwcHP8cHBz/HBwc/xwcHP8cHBz/HBwc/xsbG/8bGxv/HBwc/xwcHP8dHR3/HR0d/x4eHv8eHh7/Hh4e/yAgIP8kJCT/JiYm/yQkJP8jIyP/ISEh/x8fH/8dHR3/Gxsb/xsbG/8aGhr/Ghoa/xoaGv8ZGRn/GBgY/xgYGP8XFxf/FxcX/xYWFv8WFhb/FhYW/xYWFv8VFRX/FRUV/xQUFP8TExP/ExMT/xMTE/8TExP/FBQU/xQUFP8VFRX/FhYW/xcXF/8XFxf/FxcX/xcXF/8YGBj/GBgY/xoaGv8aGhr/Ghoa/xoaGv8aGhr/Ghoa/xsbG/8bGxv/HBwc/x4eHv8hISH/JSUl/ygoKP8tLS3/LS0t/yoqKv8pKSn/Jycn/ycnJ/8oKCj/KSkp/ygoKP8nJyf/KCgo/ygoKP8rKyv/LS0t/zAwMP80NDT/NDQ0/zU1Nf84ODj/PDw8/zs7O/84ODj/Nzc3/zk5Of86Ojr/PT09/z4+Pv8+Pj7/Pj4+/z4+Pv8/Pz//PT09/zw8PP86Ojr/Nzc3/zc3N/82Njb/NjY2/zY2Nv83Nzf/Ojo6/zw8PP8/Pz//QEBA/z4+Pv8+Pj7/QEBA/0FBQf8/Pz//Pj4+/z09Pf87Ozv/PT09/0BAQP88PDz/NjY2/zc3N/86Ojr/Ozs7/z4+Pv8+Pj7/PDw8/zk5Of8zMzP/MDAw/zAwMP8wMDD/MzMz/zc3N/83Nzf/Nzc3/zo6Ov8/Pz//Ojo6/zQ0NP8vLy//KSkp/ycnJ/8kJCT/IiIi/x8fH/8dHR3/Ghoa/xgYGP8WFhb/FRUV/xYWFv8WFhb/GRkZ/x0dHf8lJSX/Ly8v/zc3N/9CQkL/Q0ND/0RERP9DQ0P/QEBA/z4+Pv89PT3/Ozs7/zY2Nv8yMjL/LS0t/ykpKf8mJib/JCQk/yEhIf8eHh7/Gxsb/xcXF/8WFhb/ExMT/xISEv8PDw//Dw8P/w8PD/8PDw//Dw8P/w8PD/8QEBD/EBAQ/w8PD/8PDw//Dw8P/w8PD/8PDw//Dw8P/w8PD/8PDw//Dw8P/w8PD/8PDw//Dg4O/w4ODv8PDw//Dw8P/xAQEP8QEBD/EBAQ/xAQEP8PDw//Dw8P/w4ODv8ODg7/Dg4O/w4ODv8ODg7/Dw8P/w8PD/8ODg7/Dg4O/w4ODv8ODg7/Dg4O/w4ODv8PDw//Dw8P/w8PD/8PDw//EBAQ/xAQEP8SEhL/FRUV/xkZGf8fHx//IyMj/ykpKf8sLCz/Ly8v/y8vL/8wMDD/MDAw/y4uLv8uLi7/MDAw/zAwMP8wMDD/MDAw/zExMf8xMTH/MjIy/zMzM/8yMjL/MDAw/zAwMP8wMDD/MTEx/zMzM/8yMjL/MTEx/zAwMP8vLy//Ly8v/zAwMP8xMTH/MjIy/zIyMv8yMjL/MjIy/zIyMv8xMTH/MDAw/y4uLv8uLi7/Ly8v/zAwMP8xMTH/MTEx/zExMf8xMTH/MzMz/zMzM/8zMzP/MzMz/zIyMv8yMjL/MTEx/zAwMP8wMDD/MTEx/zExMf8wMDD/MTEx/zIyMv8xMTH/MDAw/zExMf8yMjL/MjIy/zIyMv8yMjL/MzMz/zMzM/8zMzP/MzMz/zQ0NP80NDT/MzMz/zIyMv8zMzP/NDQ0/zQ0NP80NDT/NDQ0/zMzM/8zMzP/MzMz/zMzM/8yMjL/MjIy/zIyMv8yMjL/MjIy/zIyMv8yMjL/QkJC/0NDQ/9ERET/Q0ND/0NDQ/9DQ0P/RERE/0NDQ/9BQUH/QUFB/0FBQf9BQUH/QEBA/0BAQP8/Pz//Pz8//0BAQP9BQUH/QEBA/z4+Pv89PT3/PDw8/zw8PP87Ozv/PT09/z8/P/8/Pz//Pj4+/z09Pf89PT3/PDw8/zs7O/87Ozv/PDw8/zw8PP89PT3/Pj4+/z8/P/9AQED/Pz8//z8/P/8+Pj7/PT09/zw8PP89PT3/PT09/z09Pf89PT3/Pj4+/z4+Pv88PDz/PDw8/zw8PP88PDz/PT09/z09Pf89PT3/PT09/zw8PP88PDz/Ozs7/zo6Ov87Ozv/Ozs7/zw8PP88PDz/Ozs7/zs7O/87Ozv/Ozs7/zs7O/87Ozv/Ozs7/zo6Ov86Ojr/Ojo6/zo6Ov86Ojr/PDw8/zw8PP89PT3/PDw8/zs7O/87Ozv/Ozs7/zs7O/88PDz/PDw8/zs7O/87Ozv/Ozs7/zs7O/86Ojr/Ojo6/zk5Of84ODj/OTk5/zo6Ov88PDz/QUFB/0ZGRv9OTk7/TU1N/0dHR/9HR0f/SkpK/0pKSv9ISEj/R0dH/0ZGRv9GRkb/SEhI/0tLS/9KSkr/SUlJ/0pKSv9LS0v/TU1N/09PT/9QUFD/UVFR/1JSUv9UVFT/VFRU/1JSUv9QUFD/TExM/0lJSf9CQkL/Ozs7/y8vL/8kJCT/HR0d/xUVFf8UFBT/ExMT/xMTE/8TExP/FBQU/xYWFv8ZGRn/Hh4e/yIiIv8qKir/LS0t/y4uLv8vLy//Li4u/y0tLf8tLS3/LS0t/y0tLf8tLS3/Ly8v/zExMf8zMzP/NTU1/zQ0NP8yMjL/Ly8v/yoqKv8oKCj/JSUl/yQkJP8jIyP/IyMj/yMjI/8jIyP/JCQk/yUlJf8mJib/Jycn/yYmJv8lJSX/KCgo/ywsLP8wMDD/NTU1/zU1Nf8zMzP/MjIy/zExMf8xMTH/Ly8v/y4uLv8uLi7/Li4u/y8vL/8wMDD/MjIy/zMzM/8yMjL/MDAw/y0tLf8nJyf/JSUl/yIiIv8iIiL/ISEh/yEhIf8iIiL/IyMj/yQkJP8lJSX/JSUl/yUlJf8lJSX/JSUl/yUlJf8lJSX/JiYm/yYmJv8mJib/JSUl/yQkJP8jIyP/IyMj/yMjI/8jIyP/ICAg/x8fH/8dHR3/Gxsb/xkZGf8XFxf/FxcX/xcXF/8YGBj/Ghoa/xkZGf8YGBj/GBgY/xkZGf8aGhr/HBwc/xwcHP8dHR3/Hx8f/ycnJ/8tLS3/ODg4/z09Pf82Njb/MDAw/y4uLv8sLCz/LCws/ywsLP8rKyv/Kioq/ysrK/8sLCz/LCws/ysrK/8pKSn/JSUl/yIiIv8dHR3/Ghoa/xcXF/8WFhb/FRUV/xQUFP8UFBT/FBQU/xQUFP8VFRX/FRUV/xUVFf8WFhb/GRkZ/xwcHP8hISH/ISEh/x0dHf8bGxv/GRkZ/xcXF/8XFxf/FxcX/xgYGP8ZGRn/GRkZ/xoaGv8ZGRn/GRkZ/xkZGf8ZGRn/GBgY/xgYGP8XFxf/FBQU/xMTE/8RERH/EhIS/xUVFf8aGhr/Kioq/zMzM/8xMTH/Li4u/yoqKv8lJSX/JSUl/yQkJP8lJSX/JiYm/yUlJf8lJSX/JCQk/yQkJP8iIiL/ICAg/x0dHf8ZGRn/FhYW/xMTE/8RERH/ERER/xEREf8UFBT/GBgY/x4eHv8lJSX/JSUl/yUlJf8kJCT/IyMj/yMjI/8jIyP/JSUl/ykpKf8rKyv/Li4u/y8vL/8sLCz/Kysr/ysrK/9AQED/QEBA/0BAQP9AQED/QEBA/0BAQP8/Pz//Pz8//z4+Pv8+Pj7/Pz8//z8/P/8/Pz//QEBA/0BAQP9AQED/QEBA/z8/P/8/Pz//Pj4+/z4+Pv8/Pz//Pz8//z8/P/8/Pz//Pz8//z8/P/9AQED/QEBA/0JCQv9CQkL/Q0ND/0RERP9DQ0P/Q0ND/0FBQf9AQED/QEBA/0BAQP9AQED/QEBA/0FBQf9DQ0P/Q0ND/0NDQ/9CQkL/QEBA/0BAQP8/Pz//Pz8//0BAQP9AQED/QEBA/0BAQP9AQED/QUFB/0FBQf9BQUH/QkJC/0JCQv9BQUH/Pz8//z8/P/8+Pj7/Pj4+/z4+Pv8+Pj7/Pj4+/z8/P/8/Pz//Pz8//z8/P/9AQED/QEBA/0BAQP9BQUH/QUFB/0BAQP8/Pz//QEBA/0FBQf9BQUH/QUFB/0BAQP9AQED/QEBA/0JCQv9CQkL/QkJC/0FBQf9BQUH/QUFB/0FBQf9CQkL/QUFB/0FBQf9AQED/Pz8//z8/P/8+Pj7/Pj4+/z8/P/8/Pz//QEBA/0FBQf9BQUH/QEBA/0BAQP9AQED/QUFB/0FBQf9BQUH/QEBA/0FBQf9DQ0P/Q0ND/0NDQ/9DQ0P/RERE/0RERP9DQ0P/QkJC/0FBQf9BQUH/QUFB/0FBQf9BQUH/QUFB/0FBQf9CQkL/Q0ND/0RERP9ERET/RUVF/0RERP9DQ0P/Q0ND/0JCQv9DQ0P/Q0ND/0NDQ/9ERET/RERE/0JCQv9CQkL/Q0ND/0NDQ/9BQUH/QEBA/0BAQP9AQED/QUFB/0JCQv9CQkL/Q0ND/0NDQ/9ERET/Q0ND/0NDQ/9DQ0P/RERE/0VFRf9FRUX/RUVF/0NDQ/9CQkL/QUFB/0BAQP9AQED/Pz8//z8/P/8/Pz//QEBA/0FBQf9BQUH/QkJC/0NDQ/9ERET/RERE/0FBQf9AQED/QEBA/0BAQP9AQED/QUFB/0FBQf9BQUH/QUFB/0FBQf9CQkL/QkJC/0JCQv9CQkL/QkJC/0JCQv9BQUH/QEBA/z8/P/8/Pz//Pz8//z8/P/9AQED/QUFB/0FBQf9BQUH/QkJC/0FBQf9BQUH/QkJC/0NDQ/9CQkL/QUFB/0FBQf9BQUH/QkJC/0RERP9ERET/Q0ND/0NDQ/9DQ0P/RERE/0RERP9ERET/RERE/0RERP9DQ0P/QkJC/0FBQf8/Pz//Pz8//z8/P/9AQED/QUFB/0JCQv9DQ0P/Q0ND/0NDQ/9CQkL/QUFB/0FBQf9AQED/Pz8//0FBQf9CQkL/QkJC/0FBQf9CQkL/RERE/0RERP9DQ0P/QkJC/0FBQf9BQUH/QkJC/0NDQ/9ERET/RERE/0JCQv9CQkL/QkJC/0NDQ/9DQ0P/RERE/0NDQ/9DQ0P/QkJC/0JCQv9FRUX/SUlJ/1BQUP9bW1v/Xl5e/2FhYf9cXFz/TU1N/0hISP9GRkb/RERE/0NDQ/9CQkL/Q0ND/0NDQ/9DQ0P/RERE/0dHR/9LS0v/U1NT/15eXv9fX1//YGBg/1lZWf9LS0v/R0dH/0VFRf9ERET/Q0ND/0JCQv9CQkL/QkJC/0JCQv9BQUH/QUFB/0BAQP9AQED/QUFB/0JCQv9ERET/R0dH/05OTv9UVFT/Xl5e/15eXv9XV1f/UlJS/0pKSv9GRkb/RUVF/0VFRf9ERET/RERE/0NDQ/9DQ0P/Q0ND/0NDQ/9BQUH/QEBA/0BAQP9BQUH/RUVF/01NTf9TU1P/XFxc/11dXf9UVFT/Tk5O/0hISP9ERET/Q0ND/zMzM/8zMzP/NDQ0/zQ0NP8zMzP/NDQ0/zQ0NP80NDT/MzMz/zQ0NP81NTX/NTU1/zQ0NP80NDT/NTU1/zU1Nf81NTX/NDQ0/zQ0NP80NDT/NDQ0/zQ0NP81NTX/NTU1/zU1Nf8zMzP/MzMz/zQ0NP81NTX/Nzc3/zc3N/83Nzf/Nzc3/zU1Nf80NDT/NDQ0/zU1Nf81NTX/NTU1/zY2Nv83Nzf/Nzc3/zY2Nv81NTX/NTU1/zQ0NP80NDT/NDQ0/zY2Nv82Njb/Nzc3/zc3N/83Nzf/ODg4/zg4OP84ODj/Nzc3/zc3N/83Nzf/Nzc3/zY2Nv82Njb/NjY2/zc3N/83Nzf/Nzc3/zc3N/83Nzf/Nzc3/zY2Nv82Njb/NjY2/zc3N/83Nzf/ODg4/zg4OP85OTn/OTk5/zk5Of85OTn/Ozs7/zo6Ov86Ojr/OTk5/zk5Of85OTn/Ojo6/zo6Ov85OTn/OTk5/zo6Ov86Ojr/OTk5/zg4OP84ODj/ODg4/zk5Of85OTn/Ojo6/zw8PP88PDz/PDw8/zw8PP87Ozv/Ojo6/zo6Ov86Ojr/Ojo6/zo6Ov86Ojr/Ojo6/zs7O/88PDz/Ozs7/zs7O/87Ozv/PDw8/zw8PP87Ozv/Ozs7/zk5Of85OTn/ODg4/zg4OP85OTn/OTk5/zk5Of85OTn/OTk5/zk5Of85OTn/OTk5/zk5Of86Ojr/Ojo6/zs7O/87Ozv/Ojo6/zo6Ov86Ojr/Ozs7/zs7O/87Ozv/Ozs7/zs7O/87Ozv/Ozs7/zs7O/86Ojr/Ozs7/zw8PP88PDz/PDw8/zw8PP87Ozv/Ozs7/zo6Ov86Ojr/Ozs7/zw8PP89PT3/PT09/z09Pf89PT3/PDw8/zw8PP87Ozv/Ozs7/zs7O/87Ozv/Ozs7/zo6Ov87Ozv/Ozs7/zs7O/87Ozv/PDw8/zw8PP88PDz/PDw8/zw8PP89PT3/PT09/z09Pf89PT3/PT09/zw8PP89PT3/PT09/zw8PP87Ozv/PDw8/z09Pf89PT3/PDw8/zw8PP88PDz/PDw8/zw8PP88PDz/PT09/z09Pf89PT3/Pj4+/z4+Pv8/Pz//Pz8//z4+Pv8+Pj7/Pj4+/z09Pf89PT3/PDw8/zw8PP88PDz/PDw8/zw8PP88PDz/PDw8/zw8PP88PDz/PDw8/z09Pf89PT3/PT09/z09Pf89PT3/PT09/z09Pf89PT3/PT09/z09Pf89PT3/PT09/z4+Pv8+Pj7/Pz8//z8/P/8/Pz//Pz8//z8/P/8/Pz//Pz8//z8/P/8/Pz//Pz8//z8/P/8/Pz//Pz8//0BAQP8/Pz//Pz8//z4+Pv8+Pj7/PT09/zw8PP87Ozv/PDw8/zw8PP89PT3/PT09/z4+Pv8+Pj7/Pj4+/z4+Pv8+Pj7/PT09/z09Pf89PT3/PT09/z09Pf89PT3/PDw8/zw8PP88PDz/PDw8/zw8PP88PDz/PDw8/z09Pf89PT3/Pj4+/z4+Pv89PT3/PT09/z4+Pv8+Pj7/Pz8//z8/P/9AQED/QEBA/z8/P/8/Pz//Pz8//z8/P/8/Pz//Pz8//z8/P/8/Pz//Pj4+/z4+Pv89PT3/PDw8/z09Pf8+Pj7/Pz8//0FBQf9BQUH/QUFB/0BAQP8+Pj7/Pj4+/z4+Pv8+Pj7/Pj4+/z4+Pv8/Pz//QEBA/0BAQP9BQUH/QEBA/z8/P/8+Pj7/Pj4+/z4+Pv8+Pj7/PT09/z09Pf89PT3/PT09/zw8PP88PDz/PDw8/z09Pf8+Pj7/Pz8//0FBQf9AQED/Ghoa/xoaGv8bGxv/Gxsb/xwcHP8bGxv/Ghoa/xoaGv8aGhr/Ghoa/xoaGv8aGhr/Ghoa/xsbG/8cHBz/HR0d/x0dHf8dHR3/HBwc/xwcHP8cHBz/HBwc/xwcHP8bGxv/Gxsb/xsbG/8cHBz/HBwc/xwcHP8cHBz/HR0d/yEhIf8jIyP/IyMj/yMjI/8gICD/Hh4e/xwcHP8aGhr/Gxsb/xsbG/8bGxv/Gxsb/xoaGv8ZGRn/GRkZ/xgYGP8YGBj/FxcX/xcXF/8XFxf/FhYW/xYWFv8VFRX/FRUV/xQUFP8UFBT/ExMT/xMTE/8TExP/FBQU/xQUFP8VFRX/FhYW/xYWFv8WFhb/FhYW/xgYGP8YGBj/Ghoa/xoaGv8aGhr/Ghoa/xoaGv8aGhr/Gxsb/xwcHP8eHh7/ISEh/yQkJP8oKCj/Kysr/y8vL/8uLi7/LCws/ywsLP8sLCz/LS0t/y8vL/8vLy//LS0t/ysrK/8qKir/KSkp/ywsLP8vLy//MTEx/zQ0NP82Njb/Nzc3/zk5Of88PDz/Ozs7/zk5Of83Nzf/NDQ0/zMzM/80NDT/NTU1/zY2Nv83Nzf/Nzc3/zc3N/83Nzf/ODg4/zk5Of86Ojr/PDw8/z8/P/8/Pz//Pj4+/z09Pf89PT3/PDw8/zs7O/87Ozv/Ojo6/zo6Ov8+Pj7/QUFB/0FBQf9CQkL/PT09/zk5Of87Ozv/PT09/zo6Ov83Nzf/OTk5/z4+Pv8+Pj7/Pj4+/z09Pf87Ozv/Ojo6/zk5Of84ODj/OTk5/zo6Ov85OTn/ODg4/zY2Nv80NDT/NDQ0/zQ0NP8yMjL/Ly8v/y0tLf8pKSn/Jycn/yUlJf8kJCT/IiIi/yAgIP8bGxv/GBgY/xcXF/8WFhb/FhYW/xYWFv8YGBj/Ghoa/yEhIf8qKir/MTEx/zw8PP8/Pz//QkJC/0JCQv9AQED/Pj4+/zw8PP85OTn/NDQ0/zAwMP8rKyv/KCgo/yQkJP8hISH/HR0d/xoaGv8YGBj/FRUV/xMTE/8RERH/EBAQ/w8PD/8ODg7/Dg4O/w4ODv8ODg7/Dw8P/w8PD/8PDw//Dw8P/w4ODv8ODg7/Dg4O/w4ODv8ODg7/Dg4O/w4ODv8ODg7/Dg4O/w4ODv8ODg7/Dg4O/w8PD/8PDw//Dw8P/w8PD/8PDw//Dw8P/w8PD/8PDw//Dw8P/w8PD/8PDw//Dw8P/w8PD/8PDw//Dw8P/w8PD/8PDw//Dw8P/w8PD/8PDw//Dw8P/w8PD/8PDw//Dw8P/w8PD/8PDw//EBAQ/xEREf8SEhL/FRUV/xkZGf8dHR3/IyMj/ycnJ/8sLCz/Li4u/y8vL/8vLy//Ly8v/y8vL/8xMTH/MTEx/zExMf8wMDD/MTEx/zExMf8xMTH/MjIy/zExMf8vLy//MDAw/zAwMP8xMTH/MjIy/zExMf8wMDD/Ly8v/y4uLv8uLi7/Li4u/y8vL/8wMDD/MTEx/zIyMv8yMjL/MjIy/zIyMv8xMTH/MDAw/zAwMP8wMDD/MDAw/zAwMP8xMTH/MTEx/zExMf8xMTH/MjIy/zMzM/8zMzP/MjIy/zIyMv8xMTH/MTEx/zExMf8wMDD/MTEx/zExMf8yMjL/MzMz/zIyMv8xMTH/MTEx/zIyMv8yMjL/MjIy/zIyMv8yMjL/MjIy/zIyMv8zMzP/MzMz/zMzM/8zMzP/MjIy/zMzM/8zMzP/MzMz/zMzM/8zMzP/MzMz/zMzM/8zMzP/MjIy/zIyMv8yMjL/MjIy/zIyMv8yMjL/MzMz/zMzM/9BQUH/Q0ND/0VFRf9FRUX/RUVF/0VFRf9FRUX/Q0ND/0BAQP9AQED/QEBA/0BAQP9BQUH/QUFB/0BAQP8/Pz//QEBA/0BAQP89PT3/Ozs7/zs7O/86Ojr/Ojo6/zs7O/88PDz/Pz8//z8/P/8/Pz//Pz8//z4+Pv8+Pj7/PDw8/zw8PP88PDz/PDw8/z09Pf89PT3/Pz8//0BAQP9AQED/Pz8//z4+Pv88PDz/PDw8/z09Pf89PT3/Pj4+/z4+Pv9AQED/Pz8//z09Pf88PDz/Ozs7/zs7O/88PDz/PDw8/z09Pf89PT3/PT09/z09Pf88PDz/Ojo6/zs7O/88PDz/PDw8/zw8PP88PDz/Ozs7/zs7O/88PDz/PDw8/zs7O/86Ojr/Ozs7/zs7O/86Ojr/Ojo6/zs7O/88PDz/PT09/z4+Pv89PT3/Ojo6/zo6Ov86Ojr/Ozs7/zw8PP88PDz/Ozs7/zo6Ov86Ojr/Ojo6/zk5Of85OTn/OTk5/zk5Of85OTn/Ojo6/zw8PP8/Pz//RUVF/1BQUP9OTk7/SUlJ/0lJSf9KSkr/SkpK/0lJSf9ISEj/SEhI/0hISP9LS0v/TU1N/0pKSv9HR0f/SUlJ/0xMTP9OTk7/UlJS/1JSUv9SUlL/UlJS/1NTU/9TU1P/UlJS/1BQUP9LS0v/R0dH/z8/P/84ODj/LS0t/yMjI/8cHBz/FRUV/xQUFP8TExP/ExMT/xISEv8TExP/FRUV/xcXF/8bGxv/Hx8f/ygoKP8sLCz/MTEx/zMzM/8zMzP/MzMz/zIyMv8yMjL/MjIy/zIyMv8zMzP/NTU1/zY2Nv83Nzf/Nzc3/zc3N/83Nzf/NjY2/zU1Nf8zMzP/MjIy/zAwMP8vLy//MDAw/zAwMP8yMjL/MzMz/zU1Nf83Nzf/NDQ0/zExMf8zMzP/NjY2/zg4OP87Ozv/Ozs7/zo6Ov86Ojr/ODg4/zg4OP82Njb/NTU1/zQ0NP8zMzP/NTU1/zY2Nv83Nzf/OTk5/zk5Of85OTn/NjY2/zExMf8wMDD/Li4u/y4uLv8uLi7/Li4u/zAwMP8xMTH/MzMz/zQ0NP81NTX/NjY2/zY2Nv82Njb/NjY2/zU1Nf82Njb/ODg4/zc3N/81NTX/NDQ0/zIyMv8yMjL/MjIy/zExMf8tLS3/Kysr/ycnJ/8jIyP/ICAg/x0dHf8dHR3/HR0d/x8fH/8iIiL/ICAg/x4eHv8fHx//ICAg/yEhIf8kJCT/JSUl/yQkJP8nJyf/MTEx/zk5Of9HR0f/Tk5O/0FBQf83Nzf/NDQ0/zIyMv8yMjL/MjIy/zExMf8vLy//Ly8v/zAwMP8vLy//LCws/yoqKv8oKCj/JiYm/yMjI/8gICD/HR0d/xsbG/8ZGRn/GBgY/xgYGP8XFxf/FxcX/xgYGP8YGBj/GBgY/xkZGf8cHBz/Hh4e/yIiIv8iIiL/Hx8f/x4eHv8dHR3/HBwc/xsbG/8bGxv/HR0d/x8fH/8gICD/IiIi/yIiIv8hISH/ICAg/x8fH/8fHx//Hx8f/x0dHf8XFxf/FRUV/xISEv8SEhL/FhYW/xwcHP8wMDD/PDw8/zk5Of81NTX/Li4u/ycnJ/8nJyf/KCgo/ykpKf8qKir/KSkp/yYmJv8lJSX/IyMj/yEhIf8dHR3/Gxsb/xcXF/8UFBT/EhIS/xAQEP8RERH/ERER/xUVFf8ZGRn/ICAg/yoqKv8sLCz/MDAw/zAwMP8wMDD/MDAw/zAwMP8xMTH/NDQ0/zU1Nf82Njb/Nzc3/zQ0NP8zMzP/MzMz/0BAQP9AQED/QEBA/0BAQP9AQED/QEBA/z8/P/8/Pz//Pj4+/z4+Pv8/Pz//Pz8//0BAQP9AQED/QUFB/0FBQf9AQED/QEBA/z8/P/8+Pj7/Pj4+/z8/P/8/Pz//Pz8//z8/P/8/Pz//Pz8//0BAQP9AQED/QUFB/0JCQv9FRUX/RkZG/0VFRf9ERET/QkJC/0FBQf9AQED/QEBA/0BAQP8/Pz//QEBA/0JCQv9DQ0P/RERE/0NDQ/9AQED/QEBA/0BAQP9AQED/QkJC/0JCQv9CQkL/QkJC/0FBQf9BQUH/QEBA/0BAQP9BQUH/QkJC/0BAQP8+Pj7/Pj4+/z4+Pv8+Pj7/Pj4+/z4+Pv8+Pj7/Pj4+/z4+Pv8+Pj7/Pz8//z8/P/9AQED/QEBA/0FBQf9BQUH/QUFB/0BAQP9AQED/QUFB/0FBQf9BQUH/QUFB/0BAQP9BQUH/QkJC/0NDQ/9DQ0P/Q0ND/0JCQv9BQUH/QkJC/0NDQ/9CQkL/QUFB/0BAQP8/Pz//Pj4+/z09Pf8+Pj7/QEBA/0BAQP9BQUH/QUFB/0FBQf9BQUH/QEBA/z8/P/9BQUH/QkJC/0FBQf9AQED/QUFB/0NDQ/9DQ0P/RERE/0VFRf9GRkb/RUVF/0RERP9ERET/Q0ND/0NDQ/9CQkL/QkJC/0FBQf9AQED/QkJC/0NDQ/9ERET/RUVF/0VFRf9GRkb/RERE/0JCQv9CQkL/QUFB/0JCQv9DQ0P/Q0ND/0RERP9DQ0P/QkJC/0FBQf9BQUH/QUFB/0BAQP8/Pz//QEBA/0BAQP9BQUH/QkJC/0JCQv9CQkL/Q0ND/0ZGRv9FRUX/RERE/0RERP9FRUX/RUVF/0VFRf9FRUX/RERE/0RERP9BQUH/QEBA/0BAQP9AQED/QEBA/z8/P/8/Pz//QEBA/0BAQP9BQUH/Q0ND/0ZGRv9ERET/QUFB/0BAQP8/Pz//Pz8//0BAQP9AQED/QEBA/0BAQP9BQUH/QUFB/0FBQf9CQkL/QUFB/0BAQP9BQUH/QkJC/0FBQf8/Pz//Pj4+/z09Pf8+Pj7/Pz8//0BAQP9AQED/QEBA/0BAQP9AQED/QEBA/0BAQP9CQkL/RERE/0JCQv9AQED/QEBA/0FBQf9DQ0P/RUVF/0ZGRv9FRUX/RUVF/0ZGRv9GRkb/RkZG/0ZGRv9FRUX/RUVF/0NDQ/9CQkL/QUFB/z8/P/8/Pz//Pz8//z8/P/9AQED/QUFB/0RERP9ERET/Q0ND/0NDQ/9CQkL/QkJC/0BAQP8/Pz//QUFB/0JCQv9BQUH/QEBA/0FBQf9CQkL/QkJC/0JCQv9CQkL/QUFB/0JCQv9ERET/RERE/0NDQ/9DQ0P/QUFB/0FBQf9CQkL/Q0ND/0NDQ/9DQ0P/Q0ND/0JCQv9CQkL/QUFB/0VFRf9KSkr/UFBQ/1tbW/9eXl7/YmJi/11dXf9OTk7/SEhI/0VFRf9ERET/Q0ND/0JCQv9DQ0P/Q0ND/0NDQ/9ERET/R0dH/0tLS/9RUVH/Wlpa/1xcXP9dXV3/V1dX/0xMTP9ISEj/RUVF/0RERP9ERET/RERE/0NDQ/9DQ0P/Q0ND/0NDQ/9CQkL/QEBA/0BAQP9BQUH/QUFB/0JCQv9ERET/R0dH/05OTv9aWlr/Wlpa/1NTU/9PT0//SEhI/0VFRf9ERET/RERE/0RERP9ERET/RERE/0RERP9ERET/Q0ND/0JCQv9BQUH/QUFB/0FBQf9FRUX/T09P/1RUVP9cXFz/XFxc/1RUVP9OTk7/SEhI/0RERP9CQkL/MzMz/zMzM/8zMzP/MzMz/zQ0NP80NDT/MzMz/zMzM/8yMjL/MjIy/zMzM/8zMzP/NTU1/zU1Nf82Njb/Nzc3/zU1Nf80NDT/NDQ0/zQ0NP80NDT/NDQ0/zU1Nf82Njb/NTU1/zMzM/8zMzP/MzMz/zQ0NP82Njb/Nzc3/zc3N/83Nzf/NjY2/zU1Nf81NTX/NTU1/zY2Nv82Njb/NjY2/zc3N/83Nzf/NjY2/zU1Nf80NDT/NDQ0/zQ0NP81NTX/Nzc3/zc3N/83Nzf/Nzc3/zc3N/83Nzf/ODg4/zg4OP83Nzf/Nzc3/zc3N/83Nzf/NjY2/zU1Nf82Njb/Nzc3/zc3N/82Njb/NjY2/zc3N/83Nzf/NjY2/zY2Nv82Njb/NjY2/zg4OP85OTn/Ojo6/zs7O/86Ojr/OTk5/zo6Ov88PDz/PDw8/zs7O/86Ojr/ODg4/zk5Of86Ojr/Ojo6/zk5Of84ODj/OTk5/zo6Ov85OTn/ODg4/zg4OP84ODj/ODg4/zk5Of86Ojr/PDw8/zw8PP88PDz/PDw8/zs7O/87Ozv/Ozs7/zs7O/87Ozv/Ozs7/zs7O/87Ozv/PDw8/z09Pf88PDz/Ozs7/zw8PP89PT3/PDw8/zs7O/86Ojr/ODg4/zg4OP85OTn/OTk5/zk5Of85OTn/ODg4/zg4OP85OTn/OTk5/zo6Ov86Ojr/Ojo6/zo6Ov86Ojr/Ojo6/zo6Ov87Ozv/Ozs7/zs7O/87Ozv/PDw8/zw8PP88PDz/PDw8/zs7O/87Ozv/OTk5/zg4OP86Ojr/Ozs7/zw8PP89PT3/PDw8/zs7O/86Ojr/OTk5/zo6Ov87Ozv/Ozs7/zw8PP88PDz/PT09/z09Pf89PT3/PT09/zw8PP88PDz/Ozs7/zs7O/87Ozv/Ojo6/zo6Ov87Ozv/Ozs7/zs7O/88PDz/PT09/z09Pf89PT3/PT09/z09Pf89PT3/PT09/z09Pf88PDz/PDw8/z09Pf8+Pj7/PT09/zw8PP89PT3/Pj4+/z09Pf87Ozv/Ozs7/zs7O/87Ozv/Ozs7/zs7O/89PT3/PT09/zw8PP88PDz/PT09/z09Pf8+Pj7/Pj4+/z4+Pv8/Pz//Pj4+/z09Pf89PT3/PDw8/zw8PP87Ozv/Ozs7/zw8PP88PDz/PDw8/zw8PP89PT3/PT09/z4+Pv8+Pj7/Pj4+/z4+Pv8+Pj7/Pj4+/z4+Pv8+Pj7/Pj4+/z4+Pv8+Pj7/Pz8//z8/P/9AQED/QEBA/z8/P/8/Pz//QEBA/0BAQP8/Pz//Pz8//z8/P/8/Pz//Pz8//z4+Pv8/Pz//QEBA/0BAQP8/Pz//Pj4+/z09Pf89PT3/Ozs7/zs7O/88PDz/PDw8/z09Pf89PT3/Pj4+/z4+Pv8+Pj7/Pj4+/z4+Pv8+Pj7/Pj4+/z4+Pv8+Pj7/PT09/zw8PP86Ojr/Ojo6/zw8PP88PDz/PDw8/zw8PP88PDz/PDw8/zw8PP88PDz/PDw8/zs7O/88PDz/PT09/z4+Pv8/Pz//Pz8//0BAQP9AQED/QEBA/0BAQP9AQED/QEBA/0BAQP9AQED/QEBA/0BAQP8/Pz//Pj4+/z09Pf88PDz/PT09/z8/P/8/Pz//QEBA/0BAQP9AQED/Pz8//z09Pf89PT3/Pz8//z8/P/8+Pj7/Pj4+/z8/P/9AQED/QUFB/0JCQv9BQUH/Pz8//z8/P/8/Pz//Pz8//z8/P/8/Pz//Pj4+/z4+Pv89PT3/PT09/zw8PP88PDz/Pj4+/z8/P/9BQUH/QkJC/0FBQf8aGhr/Ghoa/xsbG/8bGxv/HBwc/xsbG/8YGBj/GBgY/xkZGf8ZGRn/Ghoa/xoaGv8aGhr/Ghoa/xwcHP8dHR3/HR0d/x0dHf8cHBz/HBwc/xwcHP8cHBz/HBwc/xsbG/8bGxv/Ghoa/xoaGv8aGhr/Ghoa/xoaGv8bGxv/Hx8f/yEhIf8jIyP/IyMj/yAgIP8dHR3/Gxsb/xoaGv8bGxv/HBwc/xwcHP8bGxv/Gxsb/xoaGv8aGhr/GRkZ/xkZGf8YGBj/GBgY/xcXF/8XFxf/FhYW/xYWFv8VFRX/FRUV/xQUFP8TExP/ExMT/xISEv8TExP/FBQU/xUVFf8WFhb/FhYW/xUVFf8WFhb/FxcX/xgYGP8aGhr/Ghoa/xkZGf8ZGRn/Ghoa/xoaGv8bGxv/HBwc/yAgIP8kJCT/Jycn/ysrK/8tLS3/MDAw/y8vL/8tLS3/Li4u/zExMf8zMzP/NTU1/zU1Nf8xMTH/Ly8v/ywsLP8qKir/LS0t/zAwMP8yMjL/NTU1/zc3N/85OTn/Ojo6/zw8PP87Ozv/Ojo6/zc3N/8wMDD/Li4u/y0tLf8uLi7/MDAw/zExMf8wMDD/MDAw/zIyMv80NDT/ODg4/zw8PP9AQED/R0dH/0ZGRv9ERET/QkJC/z8/P/88PDz/ODg4/zc3N/82Njb/Nzc3/zw8PP9AQED/Q0ND/0VFRf8+Pj7/Nzc3/zg4OP86Ojr/OTk5/zc3N/87Ozv/QUFB/0FBQf8/Pz//PT09/zo6Ov86Ojr/PT09/z8/P/9CQkL/QkJC/z09Pf84ODj/NTU1/zIyMv8vLy//Kysr/ysrK/8sLCz/Kysr/ykpKf8oKCj/JiYm/yYmJv8lJSX/IyMj/xwcHP8ZGRn/GBgY/xcXF/8WFhb/FhYW/xcXF/8YGBj/Hh4e/yYmJv8tLS3/Nzc3/zs7O/9BQUH/QUFB/z8/P/8+Pj7/Ozs7/zg4OP8yMjL/Li4u/yoqKv8nJyf/IiIi/x4eHv8aGhr/FhYW/xUVFf8TExP/EhIS/w8PD/8PDw//Dg4O/w4ODv8ODg7/Dg4O/w4ODv8ODg7/Dg4O/w4ODv8ODg7/Dg4O/w4ODv8ODg7/Dg4O/w4ODv8ODg7/Dg4O/w4ODv8ODg7/Dg4O/w4ODv8ODg7/Dw8P/w8PD/8PDw//Dw8P/w8PD/8PDw//Dw8P/w8PD/8PDw//Dw8P/w8PD/8PDw//Dw8P/w8PD/8PDw//Dw8P/w8PD/8PDw//Dw8P/w8PD/8PDw//Dw8P/w8PD/8PDw//Dw8P/w8PD/8PDw//EBAQ/xAQEP8SEhL/FBQU/xgYGP8eHh7/IiIi/yoqKv8sLCz/Ly8v/y8vL/8vLy//MDAw/zIyMv8zMzP/MTEx/zAwMP8xMTH/MTEx/zExMf8xMTH/MDAw/y8vL/8vLy//MDAw/zAwMP8xMTH/MDAw/y8vL/8vLy//LS0t/y0tLf8tLS3/LS0t/y8vL/8wMDD/MTEx/zIyMv8yMjL/MjIy/zIyMv8xMTH/MTEx/zAwMP8wMDD/MDAw/zAwMP8xMTH/MTEx/zAwMP8xMTH/MjIy/zMzM/8yMjL/MjIy/zExMf8xMTH/MTEx/zAwMP8xMTH/MjIy/zMzM/80NDT/MzMz/zIyMv8yMjL/MzMz/zMzM/8yMjL/MjIy/zExMf8wMDD/MTEx/zIyMv8zMzP/MzMz/zMzM/8yMjL/MjIy/zMzM/8zMzP/MzMz/zMzM/8zMzP/MzMz/zIyMv8yMjL/MjIy/zIyMv8xMTH/MTEx/zMzM/80NDT/MzMz/0BAQP9BQUH/Q0ND/0NDQ/9DQ0P/Q0ND/0RERP9DQ0P/QEBA/0BAQP9AQED/QEBA/0FBQf9BQUH/Pz8//z4+Pv8+Pj7/PT09/z09Pf88PDz/Ozs7/zo6Ov87Ozv/PDw8/z09Pf8+Pj7/Pz8//0BAQP9AQED/QEBA/z8/P/8/Pz//Pj4+/z4+Pv8+Pj7/PT09/z09Pf89PT3/Pj4+/z4+Pv8+Pj7/PT09/zw8PP88PDz/PDw8/z09Pf89PT3/PT09/z4+Pv8+Pj7/PDw8/zw8PP88PDz/PDw8/zw8PP88PDz/PDw8/z09Pf89PT3/PT09/zw8PP88PDz/PDw8/zs7O/87Ozv/Ozs7/zs7O/87Ozv/Ozs7/zs7O/87Ozv/Ozs7/zs7O/87Ozv/Ozs7/zw8PP88PDz/PDw8/zw8PP89PT3/Pj4+/z09Pf86Ojr/Ojo6/zo6Ov87Ozv/PDw8/zw8PP87Ozv/Ojo6/zo6Ov86Ojr/Ojo6/zo6Ov86Ojr/Ojo6/zo6Ov86Ojr/Ozs7/z09Pf9DQ0P/TExM/0xMTP9KSkr/S0tL/05OTv9PT0//Tk5O/05OTv9NTU3/TExM/0xMTP9MTEz/SUlJ/0dHR/9JSUn/S0tL/01NTf9QUFD/UFBQ/09PT/9PT0//UVFR/1FRUf9RUVH/T09P/0lJSf9FRUX/PT09/zY2Nv8rKyv/ISEh/xsbG/8VFRX/FBQU/xMTE/8TExP/ExMT/xMTE/8UFBT/FxcX/xwcHP8kJCT/NDQ0/z09Pf9ISEj/SkpK/0BAQP84ODj/NTU1/zIyMv8zMzP/MzMz/zc3N/88PDz/Pj4+/0BAQP9BQUH/QUFB/0FBQf9AQED/Pz8//zw8PP87Ozv/Ojo6/zo6Ov89PT3/Pz8//z8/P/8/Pz//QEBA/0FBQf8/Pz//Pj4+/z8/P/9BQUH/QUFB/0BAQP9AQED/QEBA/0FBQf9DQ0P/Q0ND/0FBQf9AQED/Pz8//z4+Pv9AQED/QkJC/0NDQ/9FRUX/RkZG/0ZGRv9ERET/QUFB/0BAQP9AQED/Pz8//z8/P/8/Pz//QEBA/0BAQP9CQkL/Q0ND/0NDQ/9ERET/Q0ND/0NDQ/9CQkL/QkJC/0NDQ/9ERET/RERE/0RERP9DQ0P/QEBA/0BAQP8/Pz//Pj4+/zw8PP86Ojr/ODg4/zY2Nv8xMTH/LS0t/yoqKv8mJib/KCgo/ykpKf8oKCj/JiYm/yYmJv8nJyf/KCgo/yoqKv8rKyv/Kioq/ysrK/8uLi7/MjIy/zo6Ov8+Pj7/ODg4/zMzM/8yMjL/MTEx/zAwMP8wMDD/Ly8v/y4uLv8uLi7/Li4u/y4uLv8tLS3/Li4u/zExMf8xMTH/MDAw/y4uLv8pKSn/JSUl/yIiIv8gICD/ICAg/yEhIf8hISH/ISEh/yEhIf8iIiL/IyMj/yQkJP8lJSX/Jycn/ycnJ/8lJSX/JCQk/yMjI/8jIyP/IiIi/yIiIv8kJCT/JiYm/ygoKP8pKSn/KSkp/yoqKv8qKir/Kysr/ywsLP8vLy//LCws/yUlJf8gICD/GBgY/xUVFf8VFRX/FxcX/yIiIv8pKSn/KCgo/ycnJ/8lJSX/IiIi/yMjI/8lJSX/JSUl/ycnJ/8mJib/JCQk/yIiIv8fHx//HR0d/xkZGf8XFxf/FBQU/xISEv8RERH/ERER/xEREf8SEhL/FxcX/xsbG/8kJCT/Ly8v/zMzM/84ODj/OTk5/zk5Of85OTn/ODg4/zk5Of87Ozv/Ozs7/zw8PP88PDz/Ojo6/zg4OP84ODj/QUFB/0JCQv9CQkL/QUFB/0BAQP9AQED/QEBA/z8/P/8/Pz//Pz8//z8/P/8/Pz//Pz8//z8/P/9AQED/QUFB/0BAQP8/Pz//Pj4+/z4+Pv8+Pj7/Pz8//0BAQP9AQED/QEBA/0BAQP9AQED/QEBA/0BAQP9AQED/QUFB/0RERP9FRUX/RERE/0NDQ/9CQkL/QUFB/0FBQf9AQED/QEBA/0BAQP9BQUH/Q0ND/0NDQ/9DQ0P/QkJC/0BAQP9AQED/QUFB/0FBQf9DQ0P/Q0ND/0JCQv9BQUH/QUFB/0FBQf9BQUH/QEBA/0FBQf9CQkL/QUFB/0BAQP8/Pz//Pz8//z4+Pv8+Pj7/Pj4+/0BAQP9AQED/Pz8//z8/P/9AQED/QEBA/0FBQf9BQUH/QUFB/0FBQf9BQUH/QEBA/0FBQf9BQUH/QUFB/0FBQf9AQED/QEBA/0BAQP9CQkL/Q0ND/0JCQv9CQkL/QUFB/0FBQf9CQkL/Q0ND/0NDQ/9CQkL/QkJC/0FBQf9AQED/Pz8//0BAQP9CQkL/QkJC/0JCQv9BQUH/QEBA/0BAQP9AQED/QEBA/0FBQf9CQkL/QkJC/0JCQv9DQ0P/Q0ND/0NDQ/9DQ0P/Q0ND/0NDQ/9DQ0P/Q0ND/0NDQ/9DQ0P/Q0ND/0NDQ/9CQkL/QUFB/0BAQP9BQUH/QkJC/0NDQ/9ERET/RERE/0VFRf9ERET/Q0ND/0JCQv9CQkL/Q0ND/0NDQ/9DQ0P/Q0ND/0NDQ/9CQkL/QkJC/0JCQv9BQUH/QEBA/z8/P/9AQED/QEBA/0BAQP9CQkL/QUFB/0FBQf9DQ0P/RUVF/0RERP9DQ0P/Q0ND/0NDQ/9DQ0P/Q0ND/0JCQv9CQkL/QUFB/0BAQP9AQED/QUFB/0FBQf9AQED/QEBA/0BAQP9AQED/QUFB/0FBQf9DQ0P/RUVF/0RERP9CQkL/QUFB/0BAQP9AQED/QEBA/0FBQf9BQUH/QUFB/0FBQf9BQUH/QUFB/0JCQv9BQUH/QEBA/0BAQP9BQUH/QEBA/z8/P/8+Pj7/Pj4+/z4+Pv8/Pz//QEBA/0BAQP9AQED/QEBA/0FBQf9BQUH/QUFB/0FBQf9CQkL/QkJC/0FBQf9BQUH/QkJC/0NDQ/9ERET/RUVF/0VFRf9FRUX/RUVF/0RERP9ERET/RERE/0RERP9DQ0P/Q0ND/0JCQv9BQUH/QEBA/0BAQP9AQED/QEBA/0BAQP9BQUH/QkJC/0JCQv9CQkL/Q0ND/0JCQv9CQkL/QkJC/0FBQf9BQUH/QEBA/0BAQP8/Pz//QEBA/0FBQf9BQUH/QUFB/0FBQf9CQkL/QkJC/0JCQv9CQkL/QUFB/0FBQf9BQUH/QkJC/0JCQv9DQ0P/Q0ND/0NDQ/9DQ0P/Q0ND/0NDQ/9DQ0P/RkZG/0lJSf9QUFD/Wlpa/11dXf9gYGD/W1tb/09PT/9KSkr/R0dH/0ZGRv9FRUX/RERE/0RERP9DQ0P/Q0ND/0RERP9GRkb/SkpK/1FRUf9cXFz/XFxc/1xcXP9WVlb/S0tL/0dHR/9ERET/RERE/0RERP9ERET/Q0ND/0NDQ/9DQ0P/Q0ND/0JCQv9AQED/QUFB/0NDQ/9DQ0P/Q0ND/0NDQ/9FRUX/SUlJ/1FRUf9RUVH/TU1N/0pKSv9GRkb/RERE/0RERP9ERET/Q0ND/0NDQ/9DQ0P/Q0ND/0JCQv9CQkL/QUFB/z8/P/9AQED/QUFB/0VFRf9NTU3/U1NT/1xcXP9dXV3/VFRU/05OTv9HR0f/Q0ND/0FBQf8zMzP/MzMz/zMzM/8zMzP/NDQ0/zQ0NP8zMzP/NDQ0/zQ0NP80NDT/NDQ0/zQ0NP80NDT/NDQ0/zU1Nf81NTX/NTU1/zQ0NP80NDT/NDQ0/zQ0NP80NDT/NDQ0/zU1Nf80NDT/MzMz/zMzM/8zMzP/NDQ0/zY2Nv83Nzf/Nzc3/zc3N/81NTX/NTU1/zU1Nf81NTX/NjY2/zY2Nv82Njb/NjY2/zY2Nv82Njb/NjY2/zU1Nf81NTX/NTU1/zU1Nf82Njb/NjY2/zU1Nf81NTX/NjY2/zY2Nv83Nzf/ODg4/zg4OP83Nzf/Nzc3/zc3N/83Nzf/NjY2/zY2Nv83Nzf/Nzc3/zc3N/83Nzf/ODg4/zg4OP83Nzf/NjY2/zY2Nv83Nzf/ODg4/zk5Of85OTn/Ojo6/zk5Of84ODj/OTk5/zs7O/87Ozv/Ozs7/zo6Ov86Ojr/Ojo6/zo6Ov86Ojr/OTk5/zg4OP85OTn/Ojo6/zo6Ov86Ojr/OTk5/zk5Of85OTn/OTk5/zk5Of86Ojr/Ojo6/zs7O/87Ozv/Ozs7/zs7O/87Ozv/Ojo6/zo6Ov86Ojr/Ojo6/zo6Ov87Ozv/PDw8/zs7O/87Ozv/Ozs7/zw8PP87Ozv/Ozs7/zo6Ov85OTn/ODg4/zk5Of84ODj/ODg4/zg4OP85OTn/OTk5/zk5Of85OTn/ODg4/zg4OP85OTn/OTk5/zo6Ov86Ojr/Ojo6/zo6Ov86Ojr/Ojo6/zo6Ov87Ozv/PDw8/zw8PP88PDz/PDw8/zw8PP87Ozv/Ojo6/zs7O/87Ozv/PDw8/z09Pf88PDz/Ozs7/zo6Ov86Ojr/Ojo6/zs7O/87Ozv/Ozs7/zw8PP88PDz/PDw8/zw8PP88PDz/PDw8/zw8PP87Ozv/Ozs7/zo6Ov86Ojr/Ojo6/zs7O/87Ozv/Ozs7/zw8PP88PDz/PDw8/z09Pf89PT3/PT09/zw8PP88PDz/PDw8/zw8PP88PDz/PT09/z4+Pv89PT3/PDw8/zw8PP88PDz/PDw8/zw8PP87Ozv/Ozs7/zs7O/88PDz/PDw8/z09Pf89PT3/PT09/z09Pf89PT3/PT09/z09Pf89PT3/PT09/z4+Pv89PT3/PDw8/zw8PP87Ozv/Ozs7/zs7O/87Ozv/PT09/z09Pf88PDz/PDw8/z09Pf89PT3/Pj4+/z4+Pv8+Pj7/Pj4+/z4+Pv8+Pj7/Pj4+/z4+Pv8+Pj7/Pj4+/z8/P/8/Pz//Pz8//z8/P/8/Pz//Pz8//z8/P/8/Pz//Pz8//z8/P/8/Pz//Pz8//z8/P/8+Pj7/PT09/z09Pf8+Pj7/Pj4+/z4+Pv8+Pj7/PT09/zw8PP88PDz/PDw8/zw8PP88PDz/PT09/z09Pf8+Pj7/Pz8//z8/P/9AQED/QEBA/0BAQP9AQED/Pz8//z8/P/8+Pj7/PT09/zw8PP88PDz/PDw8/zw8PP88PDz/PDw8/zw8PP88PDz/PT09/z09Pf88PDz/Ozs7/zw8PP89PT3/Pj4+/0BAQP9AQED/QEBA/0BAQP9AQED/QEBA/z8/P/8/Pz//QEBA/0BAQP9AQED/Pz8//z8/P/8+Pj7/Pj4+/z09Pf8+Pj7/Pz8//z8/P/9AQED/QEBA/0BAQP8/Pz//Pj4+/z4+Pv8+Pj7/Pj4+/z4+Pv8+Pj7/Pz8//0FBQf9BQUH/QUFB/0BAQP8/Pz//Pz8//0BAQP9AQED/QEBA/z8/P/8+Pj7/Pj4+/z09Pf89PT3/PT09/z09Pf8/Pz//QUFB/0JCQv9CQkL/QkJC/xwcHP8cHBz/HBwc/xwcHP8cHBz/HBwc/xoaGv8aGhr/Ghoa/xoaGv8aGhr/Ghoa/xoaGv8aGhr/Gxsb/xwcHP8cHBz/HBwc/xwcHP8cHBz/HBwc/xsbG/8bGxv/Gxsb/xoaGv8aGhr/Ghoa/xoaGv8aGhr/Ghoa/xsbG/8dHR3/HR0d/x8fH/8fHx//HR0d/xwcHP8bGxv/Gxsb/xwcHP8eHh7/HR0d/xwcHP8cHBz/Gxsb/xsbG/8aGhr/GRkZ/xgYGP8YGBj/GBgY/xgYGP8YGBj/FxcX/xYWFv8VFRX/FBQU/xMTE/8TExP/ExMT/xQUFP8VFRX/FhYW/xYWFv8WFhb/FhYW/xcXF/8YGBj/GRkZ/xoaGv8bGxv/Ghoa/xoaGv8aGhr/Gxsb/xwcHP8dHR3/IyMj/ykpKf8qKir/Kysr/y4uLv8xMTH/MjIy/zIyMv8yMjL/MjIy/zMzM/81NTX/NjY2/zMzM/8xMTH/MTEx/zExMf8yMjL/MzMz/zQ0NP81NTX/NTU1/zU1Nf81NTX/NjY2/zY2Nv83Nzf/NjY2/zQ0NP8zMzP/MzMz/zMzM/80NDT/NDQ0/zMzM/8xMTH/MTEx/zExMf81NTX/OTk5/z09Pf9DQ0P/Q0ND/0NDQ/9DQ0P/QkJC/0BAQP88PDz/Ojo6/zo6Ov86Ojr/PT09/z4+Pv8+Pj7/PT09/zo6Ov82Njb/ODg4/zo6Ov85OTn/Nzc3/zk5Of87Ozv/Ozs7/zo6Ov86Ojr/OTk5/zo6Ov8/Pz//QkJC/0RERP9FRUX/Pj4+/zc3N/81NTX/MzMz/zMzM/80NDT/MzMz/zExMf8uLi7/KSkp/ygoKP8mJib/JSUl/yIiIv8gICD/Gxsb/xgYGP8XFxf/FhYW/xYWFv8WFhb/FhYW/xcXF/8cHBz/IiIi/ygoKP8yMjL/Nzc3/z09Pf8+Pj7/Pj4+/zw8PP85OTn/NjY2/y8vL/8rKyv/Jycn/yMjI/8fHx//Gxsb/xgYGP8VFRX/FBQU/xISEv8RERH/Dw8P/w8PD/8ODg7/Dg4O/w4ODv8ODg7/Dg4O/w4ODv8ODg7/Dg4O/w4ODv8ODg7/Dg4O/w4ODv8ODg7/Dg4O/w4ODv8ODg7/Dg4O/w4ODv8ODg7/Dg4O/w8PD/8PDw//Dw8P/w8PD/8PDw//Dw8P/w8PD/8PDw//Dw8P/w8PD/8PDw//Dw8P/w8PD/8PDw//Dw8P/w8PD/8PDw//Dw8P/w8PD/8PDw//Dw8P/w8PD/8PDw//Dw8P/w8PD/8PDw//Dw8P/w8PD/8PDw//EBAQ/xEREf8TExP/FRUV/xkZGf8eHh7/JCQk/ycnJ/8sLCz/Li4u/y8vL/8wMDD/MTEx/zIyMv8xMTH/MTEx/zExMf8xMTH/MTEx/zExMf8xMTH/MDAw/zExMf8xMTH/MTEx/zAwMP8wMDD/MDAw/y8vL/8uLi7/Li4u/y4uLv8uLi7/Ly8v/y8vL/8wMDD/MjIy/zIyMv8yMjL/MjIy/zExMf8xMTH/MTEx/zAwMP8wMDD/MTEx/zExMf8xMTH/MTEx/zExMf8yMjL/MjIy/zIyMv8yMjL/MTEx/zExMf8wMDD/MDAw/zExMf8xMTH/MjIy/zMzM/8zMzP/MjIy/zIyMv8yMjL/MjIy/zExMf8xMTH/MTEx/zExMf8xMTH/MjIy/zIyMv8zMzP/MjIy/zIyMv8yMjL/MzMz/zMzM/8zMzP/MzMz/zMzM/8zMzP/MzMz/zIyMv8yMjL/MjIy/zIyMv8yMjL/MjIy/zMzM/8zMzP/Pz8//0BAQP9AQED/QUFB/0FBQf9CQkL/Q0ND/0JCQv9AQED/QEBA/0BAQP9AQED/QUFB/0FBQf8/Pz//Pj4+/zw8PP87Ozv/PDw8/z09Pf88PDz/Ozs7/zw8PP8+Pj7/Pj4+/z4+Pv8/Pz//QUFB/0FBQf9BQUH/QUFB/0FBQf9BQUH/QUFB/0BAQP8+Pj7/PDw8/zw8PP88PDz/PDw8/zw8PP88PDz/Ozs7/zs7O/88PDz/PDw8/zw8PP88PDz/PDw8/zw8PP88PDz/PDw8/zw8PP88PDz/PDw8/zw8PP88PDz/PDw8/zw8PP88PDz/PT09/z4+Pv89PT3/Ojo6/zo6Ov86Ojr/Ojo6/zs7O/87Ozv/Ozs7/zs7O/87Ozv/Ozs7/zw8PP88PDz/PT09/z4+Pv89PT3/PDw8/z09Pf8+Pj7/PT09/zo6Ov86Ojr/Ojo6/zo6Ov88PDz/PDw8/zs7O/87Ozv/Ozs7/zs7O/87Ozv/Ozs7/zs7O/87Ozv/Ozs7/zo6Ov87Ozv/PDw8/0FBQf9JSUn/SkpK/0tLS/9NTU3/UVFR/1NTU/9UVFT/VFRU/1JSUv9QUFD/Tk5O/0tLS/9JSUn/RkZG/0hISP9LS0v/TU1N/09PT/9OTk7/TExM/01NTf9PT0//UFBQ/09PT/9NTU3/R0dH/0JCQv86Ojr/NDQ0/yoqKv8gICD/Gxsb/xUVFf8UFBT/ExMT/xMTE/8TExP/ExMT/xQUFP8XFxf/HR0d/ygoKP9AQED/Tk5O/15eXv9hYWH/TU1N/z4+Pv84ODj/MjIy/zMzM/81NTX/Ozs7/0JCQv9FRUX/SkpK/0pKSv9KSkr/SkpK/0pKSv9JSUn/RUVF/0RERP9ERET/RUVF/0pKSv9NTU3/TExM/0tLS/9LS0v/SkpK/0pKSv9KSkr/S0tL/01NTf9LS0v/RkZG/0ZGRv9GRkb/R0dH/01NTf9OTk7/TExM/0pKSv9JSUn/SUlJ/0tLS/9NTU3/T09P/1FRUf9SUlL/U1NT/1JSUv9QUFD/UFBQ/1BQUP9RUVH/UVFR/1BQUP9PT0//T09P/1FRUf9SUlL/UVFR/1FRUf9QUFD/UFBQ/09PT/9OTk7/T09P/1BQUP9RUVH/UlJS/1FRUf9OTk7/TU1N/0xMTP9LS0v/SkpK/0pKSv9JSUn/SEhI/0JCQv88PDz/NjY2/y8vL/8wMDD/MDAw/y8vL/8tLS3/Li4u/y4uLv8vLy//MDAw/zAwMP8wMDD/Ly8v/ywsLP8rKyv/LS0t/y8vL/8vLy//Ly8v/y8vL/8vLy//Ly8v/y4uLv8uLi7/LS0t/ywsLP8rKyv/LS0t/y8vL/8zMzP/Ojo6/zw8PP89PT3/PDw8/zU1Nf8vLy//Kysr/ycnJ/8pKSn/Kioq/yoqKv8pKSn/Kioq/ysrK/8sLCz/LCws/ywsLP8sLCz/LCws/ysrK/8rKyv/Kioq/ykpKf8pKSn/KSkp/ysrK/8tLS3/Ly8v/zAwMP8xMTH/MjIy/zQ0NP83Nzf/Ojo6/z4+Pv87Ozv/MzMz/ysrK/8dHR3/GBgY/xQUFP8TExP/FBQU/xUVFf8XFxf/GRkZ/xsbG/8dHR3/Hx8f/yEhIf8iIiL/IyMj/yMjI/8hISH/Hx8f/xsbG/8ZGRn/FRUV/xMTE/8RERH/EBAQ/xEREf8RERH/EhIS/xMTE/8YGBj/Hh4e/ygoKP81NTX/Ojo6/0BAQP9BQUH/QkJC/0FBQf9AQED/QEBA/0FBQf9BQUH/QkJC/0FBQf8/Pz//Pj4+/z4+Pv9DQ0P/Q0ND/0RERP9CQkL/QEBA/0BAQP9AQED/QEBA/0BAQP9AQED/Pz8//z8/P/8+Pj7/Pz8//0BAQP9BQUH/QEBA/z8/P/8+Pj7/PT09/z4+Pv9AQED/QUFB/0JCQv9CQkL/QkJC/0FBQf9AQED/QEBA/0BAQP9BQUH/Q0ND/0RERP9DQ0P/Q0ND/0JCQv9CQkL/QUFB/0FBQf9BQUH/QUFB/0JCQv9ERET/Q0ND/0JCQv9BQUH/QEBA/0BAQP9CQkL/QkJC/0NDQ/9ERET/QkJC/0FBQf9BQUH/QUFB/0FBQf9BQUH/QkJC/0NDQ/9CQkL/QUFB/0BAQP8/Pz//Pz8//z4+Pv8/Pz//QUFB/0FBQf9AQED/QEBA/0FBQf9BQUH/QkJC/0JCQv9CQkL/QkJC/0JCQv9BQUH/QUFB/0FBQf9BQUH/QEBA/0BAQP8/Pz//QEBA/0JCQv9DQ0P/QkJC/0FBQf9AQED/QEBA/0JCQv9DQ0P/Q0ND/0RERP9DQ0P/Q0ND/0JCQv9BQUH/QkJC/0RERP9DQ0P/QkJC/0FBQf9AQED/Pz8//0BAQP9AQED/QUFB/0FBQf9DQ0P/RUVF/0RERP9ERET/Q0ND/0FBQf9BQUH/QEBA/0FBQf9BQUH/QUFB/0JCQv9CQkL/RERE/0NDQ/9BQUH/QEBA/0FBQf9BQUH/QkJC/0JCQv9DQ0P/Q0ND/0NDQ/9DQ0P/Q0ND/0RERP9ERET/Q0ND/0NDQ/9DQ0P/Q0ND/0NDQ/9DQ0P/QkJC/0JCQv9BQUH/QEBA/z8/P/8/Pz//QEBA/0FBQf9BQUH/QEBA/0JCQv9ERET/Q0ND/0JCQv9CQkL/QUFB/0FBQf9AQED/QEBA/z8/P/8+Pj7/Pz8//0BAQP9BQUH/QkJC/0FBQf9BQUH/QUFB/0BAQP9BQUH/QkJC/0NDQ/9ERET/RERE/0NDQ/9CQkL/QUFB/0FBQf9BQUH/QUFB/0JCQv9DQ0P/QUFB/0BAQP9BQUH/QUFB/0BAQP8/Pz//Pz8//0BAQP8/Pz//Pj4+/z4+Pv8+Pj7/Pj4+/z8/P/8/Pz//QEBA/0FBQf9BQUH/QUFB/0FBQf9CQkL/QUFB/0BAQP9BQUH/QkJC/0NDQ/9ERET/RERE/0NDQ/9ERET/RUVF/0VFRf9ERET/Q0ND/0JCQv9CQkL/QkJC/0JCQv9CQkL/QkJC/0JCQv9CQkL/QUFB/0FBQf9BQUH/QEBA/0BAQP9AQED/QUFB/0JCQv9CQkL/Q0ND/0NDQ/9ERET/Q0ND/0FBQf8/Pz//Pz8//z4+Pv8/Pz//QUFB/0FBQf9AQED/QUFB/0NDQ/9CQkL/QUFB/0FBQf9AQED/QEBA/0FBQf9CQkL/QkJC/0JCQv9DQ0P/Q0ND/0NDQ/9ERET/RUVF/0ZGRv9HR0f/SUlJ/09PT/9aWlr/XFxc/11dXf9ZWVn/UFBQ/0xMTP9JSUn/SEhI/0dHR/9GRkb/RUVF/0RERP9ERET/Q0ND/0ZGRv9JSUn/UVFR/15eXv9dXV3/W1tb/1VVVf9KSkr/RkZG/0RERP9DQ0P/RERE/0RERP9DQ0P/Q0ND/0NDQ/9DQ0P/QkJC/0BAQP9CQkL/RUVF/0RERP9DQ0P/Q0ND/0NDQ/9FRUX/SEhI/0hISP9GRkb/RUVF/0RERP9DQ0P/RERE/0RERP9CQkL/QUFB/0FBQf9BQUH/QUFB/0FBQf9AQED/PT09/z4+Pv9BQUH/RERE/0xMTP9SUlL/XFxc/11dXf9UVFT/Tk5O/0dHR/9CQkL/QUFB/zMzM/8zMzP/MzMz/zMzM/8zMzP/MzMz/zQ0NP81NTX/NjY2/zU1Nf80NDT/NDQ0/zMzM/8zMzP/NDQ0/zQ0NP80NDT/NDQ0/zQ0NP80NDT/NDQ0/zQ0NP80NDT/MzMz/zMzM/8zMzP/MzMz/zQ0NP80NDT/NjY2/zY2Nv84ODj/Nzc3/zU1Nf80NDT/NTU1/zU1Nf82Njb/NjY2/zY2Nv81NTX/NjY2/zc3N/82Njb/NTU1/zU1Nf82Njb/NjY2/zU1Nf81NTX/NDQ0/zMzM/80NDT/NTU1/zc3N/84ODj/ODg4/zg4OP84ODj/Nzc3/zc3N/83Nzf/Nzc3/zg4OP84ODj/ODg4/zg4OP85OTn/OTk5/zc3N/83Nzf/Nzc3/zc3N/84ODj/ODg4/zk5Of85OTn/ODg4/zc3N/85OTn/Ozs7/zs7O/86Ojr/Ojo6/zs7O/86Ojr/OTk5/zk5Of84ODj/ODg4/zk5Of85OTn/Ozs7/zw8PP87Ozv/Ojo6/zo6Ov85OTn/OTk5/zg4OP84ODj/OTk5/zo6Ov87Ozv/Ozs7/zo6Ov86Ojr/OTk5/zk5Of84ODj/ODg4/zk5Of86Ojr/Ozs7/zs7O/87Ozv/Ozs7/zs7O/86Ojr/Ojo6/zk5Of85OTn/ODg4/zg4OP83Nzf/ODg4/zk5Of86Ojr/OTk5/zk5Of83Nzf/NjY2/zc3N/84ODj/OTk5/zs7O/86Ojr/OTk5/zk5Of85OTn/Ojo6/zs7O/87Ozv/PDw8/zw8PP89PT3/PT09/z09Pf89PT3/PDw8/zw8PP88PDz/PDw8/zs7O/86Ojr/Ojo6/zs7O/87Ozv/Ozs7/zs7O/87Ozv/Ozs7/zs7O/87Ozv/PDw8/zw8PP88PDz/PDw8/zs7O/87Ozv/Ojo6/zk5Of86Ojr/Ozs7/zs7O/88PDz/PDw8/zs7O/88PDz/PT09/z09Pf88PDz/PDw8/zs7O/87Ozv/Ozs7/zs7O/89PT3/Pj4+/z09Pf88PDz/Ozs7/zo6Ov87Ozv/PDw8/zw8PP87Ozv/Ozs7/z09Pf89PT3/Pj4+/z4+Pv8/Pz//Pz8//z4+Pv8+Pj7/PDw8/zs7O/88PDz/PT09/zw8PP87Ozv/Ozs7/zo6Ov86Ojr/Ojo6/zs7O/89PT3/Pj4+/zw8PP88PDz/PT09/z09Pf8+Pj7/Pj4+/z4+Pv8+Pj7/Pj4+/z4+Pv8+Pj7/Pj4+/z4+Pv8/Pz//Pz8//z8/P/8/Pz//Pz8//z8/P/8/Pz//Pz8//z8/P/8/Pz//Pj4+/z4+Pv8/Pz//QEBA/z4+Pv88PDz/PDw8/zw8PP88PDz/PT09/z09Pf88PDz/PDw8/zw8PP88PDz/PT09/z09Pf88PDz/PDw8/z4+Pv8/Pz//QEBA/0JCQv9CQkL/QkJC/0FBQf9BQUH/QEBA/z8/P/8+Pj7/PT09/z09Pf88PDz/PDw8/zw8PP88PDz/PDw8/zw8PP8+Pj7/Pz8//z09Pf88PDz/PDw8/z09Pf8/Pz//QUFB/0FBQf9AQED/QEBA/0FBQf9AQED/Pz8//z4+Pv8/Pz//QEBA/z8/P/8/Pz//Pz8//z8/P/8/Pz//Pz8//z8/P/8/Pz//Pz8//0BAQP9AQED/QEBA/0BAQP8/Pz//Pz8//z4+Pv8+Pj7/PT09/z09Pf9AQED/QUFB/0BAQP9AQED/Pz8//z4+Pv8/Pz//QUFB/0FBQf9AQED/Pz8//z4+Pv8+Pj7/PT09/z09Pf89PT3/Pj4+/0BAQP9CQkL/Q0ND/0NDQ/9DQ0P/Hh4e/x4eHv8eHh7/HR0d/x0dHf8dHR3/HBwc/xsbG/8aGhr/Ghoa/xoaGv8aGhr/Ghoa/xoaGv8bGxv/Gxsb/xwcHP8cHBz/HBwc/xwcHP8bGxv/Ghoa/xoaGv8aGhr/Ghoa/xoaGv8aGhr/Gxsb/xsbG/8bGxv/Gxsb/xoaGv8aGhr/Ghoa/xoaGv8bGxv/Gxsb/xwcHP8cHBz/Hh4e/yAgIP8fHx//HR0d/x0dHf8cHBz/Gxsb/xoaGv8ZGRn/GBgY/xgYGP8ZGRn/GRkZ/xkZGf8ZGRn/FxcX/xUVFf8UFBT/ExMT/xQUFP8VFRX/FhYW/xcXF/8XFxf/FxcX/xcXF/8YGBj/GBgY/xgYGP8ZGRn/Gxsb/xwcHP8bGxv/Ghoa/xsbG/8bGxv/HR0d/x8fH/8lJSX/LS0t/y0tLf8sLCz/Ly8v/zMzM/81NTX/NjY2/zY2Nv80NDT/NDQ0/zY2Nv83Nzf/NTU1/zQ0NP82Njb/Nzc3/zc3N/82Njb/NTU1/zU1Nf8zMzP/MTEx/zAwMP8wMDD/MTEx/zQ0NP81NTX/ODg4/zk5Of85OTn/ODg4/zg4OP83Nzf/NTU1/zMzM/8xMTH/Li4u/zIyMv82Njb/Ojo6/z8/P/9AQED/QkJC/0NDQ/9ERET/Q0ND/z8/P/8+Pj7/Pj4+/z09Pf89PT3/PDw8/zk5Of82Njb/NTU1/zU1Nf83Nzf/Ojo6/zk5Of83Nzf/Nzc3/zY2Nv82Njb/NjY2/zc3N/84ODj/Ojo6/0FBQf9ERET/RkZG/0dHR/8+Pj7/NjY2/zU1Nf80NDT/Nzc3/zw8PP86Ojr/NjY2/zExMf8pKSn/Jycn/yYmJv8kJCT/Hx8f/xwcHP8ZGRn/FxcX/xYWFv8WFhb/FhYW/xUVFf8WFhb/FhYW/xoaGv8eHh7/JCQk/y4uLv8yMjL/OTk5/zs7O/88PDz/Ozs7/zc3N/8zMzP/LCws/ycnJ/8jIyP/ICAg/xwcHP8XFxf/FRUV/xMTE/8SEhL/ERER/xAQEP8PDw//Dw8P/w4ODv8ODg7/Dg4O/w4ODv8ODg7/Dg4O/w4ODv8ODg7/DQ0N/w0NDf8NDQ3/DQ0N/w0NDf8ODg7/Dg4O/w0NDf8NDQ3/Dg4O/w4ODv8PDw//Dw8P/w8PD/8PDw//Dg4O/w4ODv8PDw//EBAQ/w8PD/8PDw//Dw8P/w4ODv8ODg7/Dg4O/w4ODv8PDw//Dw8P/w8PD/8PDw//Dw8P/w8PD/8PDw//Dw8P/w8PD/8PDw//Dw8P/w8PD/8PDw//Dw8P/w8PD/8PDw//EBAQ/xEREf8TExP/FRUV/xkZGf8fHx//IyMj/yoqKv8sLCz/Li4u/y8vL/8xMTH/MTEx/zExMf8xMTH/MjIy/zIyMv8yMjL/MjIy/zIyMv8yMjL/MjIy/zMzM/8yMjL/Ly8v/y8vL/8wMDD/MDAw/y8vL/8vLy//Li4u/y4uLv8uLi7/Li4u/zAwMP8xMTH/MTEx/zExMf8xMTH/MjIy/zIyMv8xMTH/MTEx/zExMf8xMTH/MTEx/zExMf8xMTH/MTEx/zIyMv8yMjL/MjIy/zIyMv8xMTH/MDAw/zAwMP8wMDD/MDAw/zExMf8xMTH/MjIy/zIyMv8yMjL/MjIy/zExMf8xMTH/MDAw/zAwMP8xMTH/MTEx/zIyMv8yMjL/MjIy/zIyMv8yMjL/MjIy/zIyMv8zMzP/MzMz/zQ0NP80NDT/NDQ0/zQ0NP8zMzP/MzMz/zIyMv8yMjL/MjIy/zIyMv8yMjL/MjIy/zMzM/8/Pz//Pz8//0BAQP9AQED/QEBA/0FBQf9CQkL/QUFB/0FBQf9BQUH/QUFB/0FBQf9CQkL/QkJC/0BAQP8/Pz//Pj4+/z09Pf89PT3/PT09/zw8PP88PDz/PT09/z4+Pv8+Pj7/Pj4+/z4+Pv8/Pz//Pz8//z4+Pv8/Pz//QEBA/0BAQP9AQED/QEBA/z8/P/8+Pj7/PT09/zw8PP89PT3/PT09/zw8PP87Ozv/PDw8/zw8PP88PDz/PT09/z09Pf89PT3/PT09/zw8PP88PDz/PT09/z09Pf89PT3/PT09/z09Pf89PT3/PT09/z09Pf8+Pj7/Pj4+/z09Pf88PDz/Ozs7/zs7O/87Ozv/Ozs7/zs7O/87Ozv/Ozs7/zs7O/87Ozv/PDw8/zw8PP89PT3/PT09/zw8PP88PDz/PT09/z4+Pv89PT3/Ozs7/zs7O/86Ojr/Ozs7/zw8PP88PDz/PDw8/zs7O/87Ozv/Ozs7/zs7O/87Ozv/Ozs7/zo6Ov86Ojr/OTk5/zo6Ov88PDz/QUFB/0hISP9JSUn/SUlJ/0tLS/9PT0//UVFR/1FRUf9RUVH/T09P/01NTf9MTEz/SkpK/0lJSf9JSUn/S0tL/05OTv9PT0//UFBQ/05OTv9KSkr/SUlJ/0pKSv9JSUn/RkZG/0NDQ/8/Pz//PT09/zk5Of81NTX/Kysr/yEhIf8bGxv/FRUV/xQUFP8TExP/ExMT/xMTE/8TExP/FBQU/xYWFv8bGxv/IyMj/zY2Nv9CQkL/U1NT/1hYWP9FRUX/Nzc3/zMzM/8vLy//MjIy/zU1Nf88PDz/RkZG/0dHR/9HR0f/RERE/z09Pf87Ozv/OTk5/zg4OP81NTX/NDQ0/zQ0NP81NTX/ODg4/zs7O/87Ozv/Ozs7/zw8PP88PDz/Pj4+/0BAQP9AQED/QUFB/z4+Pv85OTn/ODg4/zY2Nv83Nzf/Ozs7/zw8PP87Ozv/Ozs7/zw8PP89PT3/Q0ND/0lJSf9NTU3/UVFR/1BQUP9PT0//TU1N/0pKSv9KSkr/SkpK/0tLS/9NTU3/TU1N/0tLS/9KSkr/S0tL/0tLS/9JSUn/SUlJ/0lJSf9JSUn/SUlJ/0lJSf9JSUn/SUlJ/0lJSf9KSkr/SUlJ/0dHR/9HR0f/R0dH/0dHR/9ISEj/SkpK/01NTf9NTU3/RERE/zw8PP8yMjL/KCgo/ycnJ/8mJib/JCQk/yMjI/8jIyP/IyMj/yQkJP8kJCT/JCQk/yUlJf8kJCT/IiIi/yEhIf8iIiL/IyMj/yQkJP8kJCT/JSUl/yUlJf8lJSX/JSUl/yQkJP8kJCT/IyMj/yIiIv8jIyP/JSUl/ygoKP8wMDD/MzMz/zY2Nv81NTX/LCws/ycnJ/8jIyP/ICAg/yEhIf8iIiL/ISEh/yEhIf8hISH/IiIi/yMjI/8lJSX/JiYm/ygoKP8nJyf/JiYm/yUlJf8iIiL/ISEh/yAgIP8gICD/ISEh/yMjI/8kJCT/JSUl/yYmJv8nJyf/KSkp/y0tLf8yMjL/PDw8/zs7O/82Njb/Ly8v/yAgIP8ZGRn/FRUV/xISEv8SEhL/EhIS/xQUFP8VFRX/FxcX/xgYGP8aGhr/Gxsb/xwcHP8dHR3/HBwc/xsbG/8aGhr/FxcX/xUVFf8TExP/ERER/xAQEP8QEBD/EBAQ/xEREf8SEhL/ExMT/xgYGP8eHh7/KCgo/zU1Nf85OTn/Pj4+/z4+Pv88PDz/Ozs7/zg4OP84ODj/ODg4/zg4OP84ODj/ODg4/zY2Nv81NTX/NTU1/0NDQ/9DQ0P/Q0ND/0JCQv9BQUH/QUFB/0JCQv9BQUH/QEBA/0BAQP8/Pz//Pz8//z4+Pv8/Pz//QEBA/0FBQf9AQED/Pz8//z4+Pv8+Pj7/Pz8//0BAQP9AQED/QEBA/0FBQf9CQkL/QUFB/0BAQP9AQED/QEBA/0FBQf9DQ0P/Q0ND/0NDQ/9CQkL/QkJC/0JCQv9BQUH/QUFB/0FBQf9BQUH/QkJC/0NDQ/9CQkL/QUFB/0FBQf9AQED/QEBA/0JCQv9DQ0P/RERE/0RERP9DQ0P/QkJC/0JCQv9DQ0P/QkJC/0JCQv9DQ0P/Q0ND/0JCQv9BQUH/QUFB/0BAQP9AQED/QEBA/0BAQP9CQkL/QkJC/0FBQf9BQUH/QUFB/0FBQf9BQUH/QkJC/0JCQv9CQkL/QkJC/0FBQf9CQkL/QkJC/0FBQf9AQED/QEBA/0BAQP9BQUH/QkJC/0JCQv9BQUH/QUFB/0FBQf9BQUH/QkJC/0NDQ/9DQ0P/Q0ND/0NDQ/9DQ0P/Q0ND/0NDQ/9DQ0P/Q0ND/0NDQ/9CQkL/QkJC/0FBQf9BQUH/QUFB/0FBQf9BQUH/QUFB/0NDQ/9ERET/RERE/0NDQ/9CQkL/QUFB/0FBQf9BQUH/QkJC/0JCQv9CQkL/QkJC/0JCQv9CQkL/QkJC/0FBQf9AQED/QUFB/0FBQf9BQUH/QkJC/0JCQv9CQkL/QkJC/0JCQv9DQ0P/RERE/0RERP9DQ0P/Q0ND/0NDQ/9DQ0P/Q0ND/0NDQ/9DQ0P/QkJC/0FBQf9AQED/QEBA/0BAQP9BQUH/QUFB/0FBQf9AQED/QUFB/0JCQv9CQkL/QkJC/0JCQv9CQkL/QkJC/0FBQf9AQED/QEBA/z8/P/9AQED/QEBA/0FBQf9CQkL/QUFB/0FBQf9BQUH/QEBA/0FBQf9CQkL/QkJC/0NDQ/9DQ0P/Q0ND/0JCQv9CQkL/QUFB/0FBQf9BQUH/QUFB/0FBQf9BQUH/QEBA/0BAQP9BQUH/QEBA/z8/P/8/Pz//Pz8//z8/P/8+Pj7/Pj4+/z4+Pv8+Pj7/Pj4+/z8/P/9AQED/QUFB/0FBQf9BQUH/QkJC/0JCQv9BQUH/QEBA/0BAQP9BQUH/QUFB/0JCQv9CQkL/Q0ND/0RERP9ERET/RERE/0NDQ/9DQ0P/Q0ND/0NDQ/9DQ0P/Q0ND/0JCQv9CQkL/QkJC/0JCQv9CQkL/Q0ND/0JCQv9BQUH/QUFB/0FBQf9CQkL/Q0ND/0NDQ/9CQkL/QkJC/0NDQ/9CQkL/QEBA/z4+Pv8+Pj7/Pj4+/z8/P/9AQED/QEBA/0BAQP9BQUH/QkJC/0JCQv9CQkL/QUFB/0BAQP9AQED/QkJC/0JCQv9CQkL/QkJC/0JCQv9DQ0P/RERE/0VFRf9FRUX/RUVF/0ZGRv9ISEj/T09P/1paWv9dXV3/Xl5e/1tbW/9RUVH/TU1N/0pKSv9ISEj/R0dH/0ZGRv9FRUX/RERE/0RERP9ERET/R0dH/0pKSv9TU1P/YGBg/19fX/9dXV3/V1dX/0lJSf9GRkb/RERE/0NDQ/9DQ0P/Q0ND/0RERP9FRUX/R0dH/0hISP9FRUX/QUFB/0JCQv9ERET/Q0ND/0NDQ/9DQ0P/RERE/0VFRf9HR0f/SEhI/0hISP9HR0f/RkZG/0ZGRv9FRUX/RUVF/0NDQ/9CQkL/QUFB/0FBQf9BQUH/QUFB/0FBQf9BQUH/QUFB/0NDQ/9GRkb/TU1N/1NTU/9dXV3/XV1d/1NTU/9NTU3/R0dH/0JCQv9BQUH/MzMz/zMzM/8zMzP/MzMz/zMzM/8zMzP/NDQ0/zQ0NP80NDT/NDQ0/zQ0NP80NDT/NDQ0/zQ0NP80NDT/NDQ0/zQ0NP80NDT/NDQ0/zQ0NP80NDT/NDQ0/zQ0NP8zMzP/NDQ0/zQ0NP81NTX/NTU1/zY2Nv82Njb/NjY2/zc3N/83Nzf/NTU1/zU1Nf81NTX/NjY2/zY2Nv82Njb/NTU1/zU1Nf82Njb/Nzc3/zc3N/82Njb/NjY2/zY2Nv82Njb/NjY2/zU1Nf81NTX/NTU1/zY2Nv82Njb/Nzc3/zc3N/83Nzf/ODg4/zg4OP83Nzf/Nzc3/zc3N/83Nzf/ODg4/zc3N/83Nzf/Nzc3/zg4OP84ODj/Nzc3/zc3N/83Nzf/Nzc3/zg4OP84ODj/OTk5/zo6Ov85OTn/ODg4/zk5Of86Ojr/Ojo6/zo6Ov86Ojr/Ojo6/zk5Of84ODj/ODg4/zg4OP84ODj/ODg4/zg4OP85OTn/Ojo6/zk5Of84ODj/OTk5/zk5Of85OTn/ODg4/zk5Of85OTn/Ojo6/zs7O/87Ozv/Ozs7/zo6Ov86Ojr/OTk5/zk5Of84ODj/OTk5/zo6Ov86Ojr/Ozs7/zo6Ov86Ojr/Ojo6/zo6Ov86Ojr/OTk5/zk5Of85OTn/OTk5/zg4OP84ODj/OTk5/zk5Of85OTn/OTk5/zg4OP83Nzf/ODg4/zk5Of85OTn/Ojo6/zo6Ov85OTn/OTk5/zo6Ov86Ojr/Ozs7/zs7O/87Ozv/PDw8/zw8PP88PDz/PDw8/zw8PP88PDz/PDw8/zs7O/87Ozv/Ozs7/zo6Ov86Ojr/Ozs7/zs7O/87Ozv/Ozs7/zs7O/87Ozv/Ozs7/zw8PP88PDz/PDw8/zw8PP88PDz/Ozs7/zs7O/86Ojr/Ojo6/zo6Ov87Ozv/PDw8/zw8PP88PDz/Ozs7/zs7O/88PDz/PDw8/zw8PP88PDz/PDw8/zw8PP88PDz/Ozs7/z09Pf8+Pj7/PT09/zw8PP88PDz/PDw8/zw8PP89PT3/PT09/zw8PP88PDz/PT09/z4+Pv8+Pj7/Pj4+/z8/P/8/Pz//Pj4+/z4+Pv89PT3/PDw8/z09Pf8+Pj7/PT09/zw8PP87Ozv/Ozs7/zs7O/86Ojr/Ozs7/z09Pf89PT3/PT09/z09Pf89PT3/PT09/z4+Pv8+Pj7/Pj4+/z09Pf89PT3/PT09/z09Pf89PT3/Pj4+/z4+Pv8+Pj7/Pz8//z8/P/8/Pz//Pz8//z8/P/8/Pz//Pj4+/z4+Pv8+Pj7/Pj4+/z8/P/9AQED/Pz8//z4+Pv8+Pj7/Pj4+/z4+Pv8+Pj7/Pj4+/z4+Pv89PT3/PT09/z09Pf8+Pj7/Pj4+/z09Pf89PT3/Pz8//0BAQP9BQUH/QkJC/0FBQf9BQUH/QUFB/0FBQf9AQED/Pz8//z8/P/8/Pz//Pj4+/z4+Pv89PT3/PT09/z09Pf89PT3/PT09/z09Pf8+Pj7/PT09/zw8PP89PT3/Pj4+/z8/P/9BQUH/QUFB/0BAQP9BQUH/QUFB/0FBQf8/Pz//Pz8//z8/P/9AQED/QEBA/0FBQf9AQED/QEBA/0BAQP9AQED/QEBA/0BAQP9AQED/QUFB/0FBQf9AQED/QEBA/z8/P/8/Pz//Pz8//z8/P/8+Pj7/Pj4+/0BAQP9BQUH/QEBA/0BAQP8/Pz//Pj4+/z8/P/9BQUH/QUFB/0BAQP9AQED/Pz8//z8/P/8+Pj7/Pj4+/z4+Pv8/Pz//QUFB/0JCQv9CQkL/Q0ND/0NDQ/8eHh7/HR0d/x0dHf8dHR3/HR0d/xwcHP8cHBz/HBwc/xsbG/8bGxv/Gxsb/xsbG/8bGxv/HBwc/xwcHP8cHBz/HBwc/xwcHP8cHBz/HBwc/xsbG/8aGhr/Ghoa/xoaGv8aGhr/Ghoa/xoaGv8bGxv/Gxsb/xsbG/8bGxv/Ghoa/xoaGv8aGhr/Ghoa/xoaGv8aGhr/Gxsb/xsbG/8eHh7/ICAg/yAgIP8fHx//Hh4e/x0dHf8cHBz/Gxsb/xoaGv8ZGRn/GBgY/xkZGf8ZGRn/GRkZ/xkZGf8XFxf/FhYW/xUVFf8UFBT/FRUV/xYWFv8WFhb/FxcX/xcXF/8XFxf/GBgY/xgYGP8YGBj/GBgY/xkZGf8bGxv/Gxsb/xsbG/8bGxv/Gxsb/xsbG/8dHR3/Hx8f/yUlJf8tLS3/LCws/ywsLP8uLi7/MjIy/zMzM/81NTX/NTU1/zMzM/8zMzP/NTU1/zY2Nv82Njb/NjY2/zY2Nv83Nzf/NTU1/zQ0NP80NDT/MzMz/zMzM/8zMzP/MjIy/zExMf8zMzP/NjY2/zc3N/86Ojr/Ojo6/zg4OP83Nzf/Nzc3/zc3N/82Njb/NTU1/zMzM/8yMjL/NDQ0/zY2Nv84ODj/PDw8/z09Pf8+Pj7/QEBA/0JCQv9CQkL/QEBA/z8/P/8+Pj7/PT09/zo6Ov84ODj/NjY2/zQ0NP80NDT/NTU1/zc3N/85OTn/Ojo6/zw8PP87Ozv/Ozs7/zw8PP89PT3/PDw8/zo6Ov86Ojr/PT09/z4+Pv9AQED/QEBA/zk5Of8yMjL/MzMz/zQ0NP83Nzf/Ozs7/zk5Of83Nzf/MjIy/yoqKv8pKSn/KCgo/ycnJ/8jIyP/ISEh/xwcHP8ZGRn/GBgY/xYWFv8WFhb/FRUV/xUVFf8VFRX/GBgY/xsbG/8hISH/Kioq/y8vL/82Njb/Nzc3/zk5Of83Nzf/MzMz/y8vL/8pKSn/JSUl/yEhIf8dHR3/Ghoa/xYWFv8UFBT/EhIS/xEREf8QEBD/EBAQ/w8PD/8ODg7/Dg4O/w4ODv8ODg7/Dg4O/w4ODv8ODg7/Dg4O/w4ODv8ODg7/DQ0N/w0NDf8NDQ3/Dg4O/w4ODv8ODg7/DQ0N/w4ODv8ODg7/Dg4O/w8PD/8PDw//Dw8P/w8PD/8PDw//Dw8P/w8PD/8QEBD/Dw8P/w8PD/8ODg7/Dg4O/w4ODv8ODg7/Dg4O/w8PD/8PDw//Dw8P/w8PD/8PDw//Dw8P/w8PD/8PDw//Dw8P/w8PD/8PDw//Dw8P/w8PD/8PDw//Dw8P/w8PD/8QEBD/EBAQ/xISEv8UFBT/FhYW/xsbG/8fHx//JiYm/ykpKf8uLi7/Ly8v/zExMf8xMTH/MTEx/zExMf8xMTH/MTEx/zExMf8yMjL/MjIy/zIyMv8yMjL/MzMz/zIyMv8wMDD/MDAw/zAwMP8wMDD/MDAw/y8vL/8vLy//Ly8v/y8vL/8vLy//MDAw/zExMf8xMTH/MTEx/zExMf8xMTH/MTEx/zExMf8xMTH/MTEx/zExMf8yMjL/MjIy/zIyMv8yMjL/MjIy/zIyMv8yMjL/MjIy/zExMf8xMTH/MTEx/zExMf8xMTH/MjIy/zIyMv8zMzP/MzMz/zIyMv8yMjL/MjIy/zExMf8xMTH/MTEx/zIyMv8yMjL/MjIy/zMzM/8zMzP/MzMz/zMzM/8zMzP/NDQ0/zQ0NP80NDT/NTU1/zU1Nf80NDT/NDQ0/zMzM/8zMzP/MzMz/zMzM/8zMzP/MzMz/zMzM/8yMjL/MzMz/0BAQP9AQED/Pz8//z8/P/8/Pz//QEBA/0BAQP9AQED/QUFB/0FBQf9CQkL/Q0ND/0RERP9DQ0P/QkJC/0FBQf9AQED/Pz8//z4+Pv89PT3/PT09/z09Pf89PT3/Pj4+/z4+Pv8+Pj7/Pj4+/z09Pf89PT3/Ozs7/zw8PP8+Pj7/Pz8//0BAQP9AQED/QEBA/0BAQP8+Pj7/PT09/z09Pf8+Pj7/PT09/zw8PP88PDz/PDw8/z09Pf8+Pj7/Pj4+/z4+Pv8+Pj7/PT09/z09Pf8+Pj7/Pj4+/z4+Pv8+Pj7/Pj4+/z8/P/8/Pz//Pz8//z8/P/8/Pz//Pj4+/z4+Pv89PT3/PDw8/zw8PP87Ozv/Ozs7/zo6Ov86Ojr/Ozs7/zs7O/88PDz/PDw8/zw8PP88PDz/PDw8/zs7O/88PDz/Pj4+/z09Pf88PDz/Ozs7/zo6Ov87Ozv/PDw8/z09Pf88PDz/PDw8/zw8PP88PDz/Ozs7/zs7O/86Ojr/OTk5/zk5Of84ODj/Ojo6/z09Pf9BQUH/R0dH/0hISP9HR0f/SUlJ/0xMTP9NTU3/TU1N/01NTf9LS0v/SUlJ/0lJSf9JSUn/S0tL/0xMTP9PT0//UVFR/1FRUf9RUVH/Tk5O/0hISP9GRkb/QkJC/z8/P/85OTn/Nzc3/zU1Nf81NTX/Nzc3/zc3N/8tLS3/IyMj/xwcHP8UFBT/ExMT/xISEv8SEhL/ExMT/xMTE/8UFBT/FRUV/xcXF/8cHBz/KCgo/zExMf9DQ0P/SUlJ/zk5Of8uLi7/LS0t/ywsLP8wMDD/NTU1/z4+Pv9KSkr/R0dH/0NDQ/86Ojr/Kysr/yYmJv8iIiL/ICAg/x8fH/8fHx//Hh4e/x8fH/8hISH/IyMj/yQkJP8mJib/KCgo/ykpKf8tLS3/MTEx/zExMf8vLy//LS0t/ygoKP8mJib/IiIi/yEhIf8iIiL/IyMj/yQkJP8mJib/KCgo/ysrK/83Nzf/Q0ND/0lJSf9PT0//TU1N/0lJSf9GRkb/QUFB/0BAQP9AQED/QkJC/0dHR/9HR0f/RERE/0JCQv9BQUH/QEBA/z4+Pv88PDz/PT09/z4+Pv8/Pz//QEBA/0BAQP8/Pz//Pz8//z4+Pv8+Pj7/PT09/z09Pf8+Pj7/QEBA/0RERP9ISEj/UFBQ/1JSUv9GRkb/Ozs7/y0tLf8eHh7/Gxsb/xcXF/8WFhb/FBQU/xQUFP8UFBT/FBQU/xQUFP8UFBT/FRUV/xUVFf8VFRX/FBQU/xUVFf8WFhb/FhYW/xcXF/8XFxf/GBgY/xgYGP8YGBj/GBgY/xcXF/8XFxf/FhYW/xcXF/8XFxf/Gxsb/yIiIv8mJib/Kysr/yoqKv8hISH/Ghoa/xcXF/8VFRX/FRUV/xUVFf8VFRX/FBQU/xQUFP8UFBT/FxcX/xoaGv8dHR3/IiIi/yEhIf8eHh7/Gxsb/xgYGP8WFhb/FBQU/xMTE/8UFBT/FBQU/xQUFP8VFRX/FhYW/xcXF/8aGhr/Hh4e/ygoKP84ODj/Ojo6/zk5Of8yMjL/IyMj/xwcHP8WFhb/ExMT/xISEv8RERH/ERER/xISEv8SEhL/EhIS/xMTE/8UFBT/FBQU/xUVFf8UFBT/FBQU/xMTE/8SEhL/EhIS/xEREf8QEBD/Dw8P/w8PD/8QEBD/EBAQ/xEREf8SEhL/FxcX/x0dHf8oKCj/NTU1/zg4OP87Ozv/OTk5/zQ0NP8xMTH/LS0t/ywsLP8sLCz/LCws/ywsLP8rKyv/Kioq/ykpKf8pKSn/Q0ND/0NDQ/9CQkL/QkJC/0JCQv9CQkL/RERE/0JCQv9AQED/QEBA/z4+Pv8+Pj7/Pz8//z8/P/9AQED/QUFB/0BAQP8/Pz//Pz8//z8/P/8/Pz//Pz8//z8/P/8+Pj7/Pz8//0FBQf9AQED/Pz8//0BAQP9BQUH/QUFB/0JCQv9CQkL/QUFB/0FBQf9BQUH/QUFB/0FBQf9AQED/QEBA/0BAQP9BQUH/QkJC/0FBQf8/Pz//QEBA/0BAQP9AQED/QkJC/0NDQ/9FRUX/RkZG/0RERP9ERET/RERE/0VFRf9ERET/RERE/0NDQ/9DQ0P/Q0ND/0JCQv9CQkL/QkJC/0JCQv9CQkL/QkJC/0NDQ/9DQ0P/Q0ND/0JCQv9CQkL/QUFB/0FBQf9BQUH/QkJC/0JCQv9CQkL/QkJC/0JCQv9DQ0P/QkJC/0FBQf9BQUH/QkJC/0JCQv9CQkL/QkJC/0FBQf9AQED/QUFB/0JCQv9CQkL/QkJC/0JCQv9CQkL/QkJC/0JCQv9DQ0P/RUVF/0RERP9CQkL/QkJC/0JCQv9CQkL/Q0ND/0JCQv9CQkL/QkJC/0FBQf9AQED/QkJC/0NDQ/9DQ0P/QkJC/0JCQv9CQkL/QkJC/0NDQ/9DQ0P/RERE/0NDQ/9CQkL/QkJC/0FBQf9AQED/QEBA/0BAQP9BQUH/QUFB/0FBQf9BQUH/QUFB/0BAQP9BQUH/QUFB/0NDQ/9FRUX/RERE/0NDQ/9DQ0P/Q0ND/0NDQ/9ERET/RERE/0RERP9DQ0P/QUFB/0BAQP9BQUH/QkJC/0JCQv9CQkL/QUFB/0FBQf9BQUH/QEBA/0FBQf9CQkL/QkJC/0NDQ/9DQ0P/QUFB/0FBQf9BQUH/QUFB/0FBQf9BQUH/QUFB/0FBQf9BQUH/QEBA/0BAQP9BQUH/QUFB/0FBQf9CQkL/Q0ND/0NDQ/9CQkL/QkJC/0JCQv9CQkL/QUFB/0FBQf9AQED/Pz8//0BAQP9AQED/QEBA/0FBQf9AQED/Pj4+/z4+Pv8+Pj7/Pj4+/z09Pf89PT3/PT09/z09Pf8+Pj7/Pz8//0BAQP9BQUH/QkJC/0JCQv9CQkL/QkJC/0FBQf9AQED/QEBA/z8/P/8/Pz//Pz8//0FBQf9DQ0P/RERE/0RERP9ERET/Q0ND/0NDQ/9ERET/RERE/0RERP9ERET/QkJC/0FBQf9BQUH/QUFB/0NDQ/9FRUX/Q0ND/0FBQf9BQUH/Q0ND/0NDQ/9ERET/RERE/0JCQv9BQUH/QUFB/0FBQf8/Pz//PT09/z4+Pv8+Pj7/Pz8//z8/P/9AQED/QEBA/0FBQf9CQkL/QkJC/0NDQ/9CQkL/QUFB/0FBQf9CQkL/Q0ND/0JCQv9BQUH/QkJC/0NDQ/9ERET/RkZG/0VFRf9DQ0P/RUVF/0dHR/9OTk7/W1tb/15eXv9gYGD/XFxc/1FRUf9NTU3/SkpK/0lJSf9HR0f/RkZG/0VFRf9FRUX/RUVF/0ZGRv9ISEj/S0tL/1RUVP9iYmL/YmJi/2FhYf9ZWVn/SkpK/0ZGRv9ERET/Q0ND/0JCQv9CQkL/RUVF/0dHR/9LS0v/T09P/0lJSf9DQ0P/Q0ND/0JCQv9CQkL/QkJC/0RERP9GRkb/R0dH/0dHR/9ISEj/SkpK/0tLS/9KSkr/SUlJ/0hISP9GRkb/RUVF/0NDQ/9CQkL/QEBA/0FBQf9CQkL/Q0ND/0VFRf9FRUX/RUVF/0lJSf9PT0//VFRU/15eXv9eXl7/UlJS/0tLS/9GRkb/Q0ND/0FBQf8zMzP/MzMz/zQ0NP80NDT/NDQ0/zQ0NP8zMzP/MzMz/zIyMv8yMjL/NDQ0/zQ0NP81NTX/NTU1/zU1Nf81NTX/NTU1/zU1Nf81NTX/NTU1/zQ0NP8zMzP/MzMz/zQ0NP81NTX/NjY2/zY2Nv83Nzf/Nzc3/zY2Nv82Njb/NTU1/zU1Nf82Njb/NjY2/zY2Nv83Nzf/NjY2/zU1Nf81NTX/NDQ0/zU1Nf83Nzf/Nzc3/zg4OP83Nzf/Nzc3/zc3N/82Njb/NjY2/zY2Nv83Nzf/Nzc3/zg4OP82Njb/NTU1/zc3N/84ODj/ODg4/zc3N/83Nzf/Nzc3/zc3N/83Nzf/NjY2/zU1Nf81NTX/Nzc3/zc3N/82Njb/NjY2/zc3N/84ODj/ODg4/zk5Of86Ojr/PDw8/zo6Ov85OTn/OTk5/zk5Of85OTn/OTk5/zk5Of84ODj/ODg4/zc3N/83Nzf/ODg4/zg4OP83Nzf/Nzc3/zc3N/83Nzf/NjY2/zY2Nv83Nzf/ODg4/zg4OP85OTn/OTk5/zo6Ov86Ojr/Ozs7/zs7O/87Ozv/Ozs7/zo6Ov86Ojr/OTk5/zk5Of85OTn/OTk5/zo6Ov86Ojr/OTk5/zg4OP85OTn/OTk5/zk5Of86Ojr/Ojo6/zo6Ov86Ojr/OTk5/zk5Of84ODj/Nzc3/zg4OP85OTn/ODg4/zg4OP85OTn/Ozs7/zo6Ov84ODj/OTk5/zk5Of86Ojr/Ozs7/zs7O/87Ozv/Ozs7/zs7O/87Ozv/Ozs7/zo6Ov87Ozv/Ozs7/zs7O/87Ozv/Ozs7/zo6Ov86Ojr/OTk5/zo6Ov87Ozv/Ozs7/zo6Ov86Ojr/Ozs7/zs7O/88PDz/PDw8/z09Pf89PT3/PDw8/zw8PP87Ozv/Ozs7/zs7O/87Ozv/Ozs7/zw8PP88PDz/PDw8/zs7O/86Ojr/Ojo6/zs7O/87Ozv/PDw8/zw8PP89PT3/PT09/zw8PP88PDz/PT09/z09Pf89PT3/PDw8/z09Pf8+Pj7/Pj4+/z4+Pv8+Pj7/Pj4+/z4+Pv8+Pj7/Pj4+/z8/P/8/Pz//Pz8//z8/P/8+Pj7/PT09/z09Pf89PT3/Pj4+/0BAQP8/Pz//PT09/zw8PP88PDz/PDw8/zs7O/87Ozv/PT09/z09Pf8+Pj7/Pj4+/z4+Pv8+Pj7/Pj4+/z4+Pv89PT3/PDw8/zw8PP88PDz/PDw8/zw8PP89PT3/PT09/z09Pf8+Pj7/Pj4+/z8/P/8/Pz//Pz8//z8/P/8+Pj7/PT09/z4+Pv8/Pz//QEBA/0FBQf9BQUH/QUFB/0BAQP9AQED/QEBA/0BAQP9AQED/QEBA/z8/P/8/Pz//Pz8//0BAQP9AQED/Pz8//z4+Pv9AQED/QUFB/0FBQf9BQUH/QUFB/0BAQP9AQED/QEBA/0BAQP9AQED/QEBA/0FBQf9AQED/QEBA/z8/P/8+Pj7/Pj4+/z09Pf89PT3/PT09/z09Pf89PT3/PT09/z4+Pv9AQED/QEBA/0BAQP9AQED/QUFB/0FBQf9CQkL/QUFB/0BAQP9AQED/Pz8//0BAQP9BQUH/Q0ND/0JCQv9CQkL/QUFB/0FBQf9BQUH/QUFB/0FBQf9CQkL/QUFB/0BAQP9AQED/QEBA/0BAQP9AQED/QEBA/z8/P/8/Pz//QEBA/0BAQP9AQED/QEBA/z8/P/8+Pj7/Pz8//0BAQP9AQED/QUFB/0FBQf9BQUH/QEBA/0BAQP9AQED/QEBA/0FBQf9CQkL/QkJC/0JCQv9CQkL/Q0ND/x0dHf8dHR3/HBwc/xwcHP8cHBz/HBwc/xwcHP8cHBz/HBwc/xwcHP8cHBz/HBwc/x0dHf8dHR3/HR0d/x0dHf8cHBz/Gxsb/xsbG/8bGxv/Gxsb/xoaGv8aGhr/Gxsb/xsbG/8aGhr/Ghoa/xsbG/8bGxv/Gxsb/xsbG/8aGhr/Ghoa/xoaGv8aGhr/Ghoa/xkZGf8aGhr/Ghoa/x0dHf8hISH/IiIi/yIiIv8gICD/HR0d/xwcHP8bGxv/Ghoa/xkZGf8ZGRn/GBgY/xgYGP8ZGRn/GRkZ/xgYGP8YGBj/FhYW/xUVFf8WFhb/FxcX/xcXF/8YGBj/GBgY/xgYGP8YGBj/GBgY/xgYGP8YGBj/GRkZ/xoaGv8bGxv/HBwc/xwcHP8bGxv/Gxsb/x0dHf8fHx//JSUl/ysrK/8sLCz/LCws/y4uLv8wMDD/MjIy/zQ0NP80NDT/MjIy/zMzM/80NDT/NjY2/zc3N/83Nzf/NjY2/zU1Nf8zMzP/MTEx/zExMf8xMTH/MzMz/zY2Nv81NTX/NDQ0/zU1Nf85OTn/Ojo6/zw8PP87Ozv/Nzc3/zU1Nf81NTX/NTU1/zc3N/84ODj/Nzc3/zc3N/82Njb/NTU1/zY2Nv84ODj/ODg4/zo6Ov87Ozv/Pj4+/z8/P/9AQED/QEBA/z4+Pv88PDz/Nzc3/zQ0NP8zMzP/MjIy/zQ0NP81NTX/NjY2/zc3N/87Ozv/QUFB/0JCQv9DQ0P/RERE/0ZGRv9ERET/PDw8/zk5Of83Nzf/Nzc3/zc3N/83Nzf/MTEx/ywsLP8wMDD/NTU1/zY2Nv84ODj/ODg4/zc3N/8zMzP/LCws/ysrK/8rKyv/Kioq/ykpKf8nJyf/ISEh/x0dHf8ZGRn/FxcX/xYWFv8WFhb/FRUV/xQUFP8WFhb/GBgY/x4eHv8mJib/Kysr/zIyMv8zMzP/NDQ0/zMzM/8uLi7/Kysr/yYmJv8iIiL/HR0d/xkZGf8XFxf/FRUV/xMTE/8RERH/EBAQ/w8PD/8PDw//Dg4O/w4ODv8NDQ3/DQ0N/w4ODv8ODg7/Dg4O/w4ODv8ODg7/Dg4O/w4ODv8ODg7/Dg4O/w4ODv8ODg7/Dg4O/w4ODv8ODg7/Dg4O/w4ODv8ODg7/Dg4O/w4ODv8PDw//Dw8P/w8PD/8PDw//EBAQ/xAQEP8PDw//Dw8P/w4ODv8ODg7/Dg4O/w4ODv8ODg7/Dg4O/w4ODv8PDw//Dw8P/xAQEP8QEBD/Dw8P/w8PD/8ODg7/Dg4O/w4ODv8ODg7/Dw8P/w8PD/8PDw//Dw8P/w8PD/8PDw//EBAQ/xISEv8UFBT/FxcX/xoaGv8hISH/JiYm/y0tLf8vLy//MTEx/zExMf8yMjL/MjIy/zAwMP8vLy//MDAw/zExMf8xMTH/MjIy/zIyMv8zMzP/MzMz/zIyMv8xMTH/MDAw/zAwMP8wMDD/MDAw/zAwMP8wMDD/MDAw/zAwMP8xMTH/MjIy/zExMf8xMTH/MTEx/zAwMP8wMDD/MDAw/zAwMP8wMDD/MTEx/zMzM/8zMzP/MjIy/zIyMv8zMzP/MzMz/zIyMv8yMjL/MjIy/zIyMv8yMjL/MjIy/zIyMv8zMzP/MzMz/zQ0NP80NDT/MzMz/zMzM/8yMjL/MjIy/zMzM/8zMzP/MzMz/zMzM/8zMzP/NDQ0/zQ0NP80NDT/NDQ0/zU1Nf81NTX/NjY2/zY2Nv82Njb/NTU1/zQ0NP80NDT/MzMz/zMzM/80NDT/NDQ0/zQ0NP80NDT/MzMz/zMzM/8zMzP/QkJC/0BAQP8/Pz//Pj4+/z4+Pv8+Pj7/QEBA/0BAQP9AQED/QUFB/0FBQf9CQkL/Q0ND/0JCQv9BQUH/QEBA/z8/P/8/Pz//Pj4+/z4+Pv89PT3/PT09/z09Pf89PT3/PT09/z09Pf89PT3/PDw8/zw8PP87Ozv/Ozs7/z4+Pv8/Pz//QEBA/0BAQP9AQED/Pz8//z4+Pv89PT3/PT09/z09Pf89PT3/PDw8/zw8PP88PDz/PDw8/z09Pf89PT3/PT09/z09Pf89PT3/PT09/z4+Pv8+Pj7/Pj4+/z4+Pv8/Pz//Pz8//z8/P/8/Pz//Pz8//z8/P/8+Pj7/PT09/z09Pf88PDz/PDw8/zs7O/87Ozv/Ozs7/zw8PP88PDz/PDw8/zw8PP88PDz/PDw8/zw8PP88PDz/Ozs7/zw8PP8+Pj7/Pj4+/z09Pf89PT3/PDw8/zw8PP89PT3/PT09/z09Pf89PT3/PT09/zw8PP88PDz/Ozs7/zo6Ov85OTn/OTk5/zg4OP87Ozv/Pj4+/0JCQv9JSUn/SkpK/0pKSv9MTEz/T09P/1BQUP9PT0//Tk5O/0tLS/9JSUn/SUlJ/0lJSf9JSUn/SkpK/0xMTP9PT0//T09P/09PT/9NTU3/SUlJ/0dHR/9CQkL/Pz8//zk5Of83Nzf/Nzc3/zc3N/85OTn/OTk5/y4uLv8kJCT/HR0d/xQUFP8TExP/EhIS/xMTE/8TExP/ExMT/xMTE/8UFBT/FhYW/xkZGf8gICD/Jycn/zMzM/83Nzf/Li4u/ycnJ/8pKSn/Kysr/zAwMP82Njb/Pz8//0tLS/9HR0f/QEBA/zY2Nv8lJSX/ICAg/xsbG/8ZGRn/GRkZ/xgYGP8YGBj/GBgY/xkZGf8bGxv/HR0d/x8fH/8iIiL/JiYm/ykpKf8tLS3/LCws/ykpKf8mJib/ISEh/x4eHv8bGxv/Ghoa/xsbG/8bGxv/HBwc/x0dHf8hISH/JCQk/zExMf8+Pj7/Q0ND/0lJSf9ERET/PT09/zk5Of8zMzP/MjIy/zIyMv8zMzP/Nzc3/zc3N/81NTX/MzMz/zIyMv8xMTH/MDAw/y8vL/8wMDD/MTEx/zExMf8yMjL/MjIy/zExMf8xMTH/MDAw/zAwMP8vLy//MDAw/zExMf8zMzP/ODg4/zw8PP9GRkb/S0tL/0FBQf84ODj/KSkp/xsbG/8XFxf/ExMT/xISEv8QEBD/EBAQ/xEREf8RERH/ERER/xEREf8SEhL/EhIS/xISEv8SEhL/EhIS/xMTE/8TExP/ExMT/xQUFP8UFBT/FBQU/xQUFP8UFBT/FBQU/xQUFP8TExP/ExMT/xQUFP8XFxf/Hx8f/yIiIv8mJib/JiYm/xwcHP8WFhb/FBQU/xISEv8SEhL/EhIS/xISEv8SEhL/EhIS/xISEv8UFBT/GBgY/xsbG/8gICD/ICAg/xsbG/8ZGRn/FRUV/xMTE/8SEhL/ERER/xEREf8RERH/ERER/xEREf8SEhL/ExMT/xYWFv8aGhr/IyMj/zMzM/82Njb/ODg4/zIyMv8iIiL/Gxsb/xUVFf8SEhL/ERER/xAQEP8QEBD/EBAQ/xAQEP8QEBD/ERER/xISEv8SEhL/EhIS/xISEv8RERH/ERER/xAQEP8QEBD/EBAQ/xAQEP8PDw//Dw8P/w8PD/8QEBD/ERER/xISEv8YGBj/Hh4e/ygoKP81NTX/NTU1/zY2Nv8xMTH/Kioq/ycnJ/8kJCT/IyMj/yIiIv8iIiL/IiIi/yIiIv8hISH/ISEh/yEhIf9CQkL/QkJC/0JCQv9CQkL/QkJC/0JCQv9DQ0P/QkJC/0BAQP8/Pz//Pj4+/z8/P/8/Pz//QEBA/0FBQf9BQUH/QEBA/0BAQP9AQED/QEBA/z8/P/8/Pz//Pz8//z8/P/8/Pz//QUFB/0FBQf9AQED/QEBA/0FBQf9CQkL/QkJC/0NDQ/9CQkL/QkJC/0FBQf9BQUH/QUFB/0BAQP9AQED/QEBA/0FBQf9CQkL/QUFB/0FBQf9AQED/QEBA/0BAQP9BQUH/QkJC/0RERP9ERET/RERE/0NDQ/9ERET/RERE/0NDQ/9DQ0P/Q0ND/0NDQ/9CQkL/QkJC/0JCQv9CQkL/QkJC/0JCQv9CQkL/Q0ND/0NDQ/9CQkL/QkJC/0FBQf9AQED/QEBA/0FBQf9BQUH/QkJC/0JCQv9CQkL/QkJC/0NDQ/9CQkL/QUFB/0FBQf9CQkL/QkJC/0JCQv9CQkL/QUFB/0FBQf9CQkL/QkJC/0JCQv9CQkL/QkJC/0FBQf9CQkL/QkJC/0NDQ/9FRUX/RERE/0JCQv9CQkL/QkJC/0JCQv9CQkL/QkJC/0JCQv9BQUH/QUFB/0FBQf9CQkL/Q0ND/0JCQv9CQkL/QkJC/0NDQ/9DQ0P/Q0ND/0NDQ/9DQ0P/Q0ND/0JCQv9BQUH/QUFB/0BAQP9AQED/QEBA/0FBQf9BQUH/QkJC/0JCQv9CQkL/QUFB/0FBQf9CQkL/Q0ND/0RERP9ERET/Q0ND/0NDQ/9ERET/RERE/0RERP9ERET/Q0ND/0NDQ/9CQkL/QUFB/0JCQv9DQ0P/Q0ND/0NDQ/9CQkL/QkJC/0FBQf9AQED/QUFB/0FBQf9CQkL/QkJC/0JCQv9CQkL/QUFB/0FBQf9AQED/QUFB/0FBQf9BQUH/QUFB/0BAQP9AQED/QEBA/0FBQf9BQUH/QUFB/0JCQv9DQ0P/Q0ND/0JCQv9CQkL/QkJC/0JCQv9CQkL/QUFB/0BAQP9AQED/QEBA/0FBQf9BQUH/QUFB/0BAQP8/Pz//Pz8//z8/P/8/Pz//Pz8//z8/P/8+Pj7/Pj4+/z8/P/8/Pz//QUFB/0JCQv9CQkL/QkJC/0JCQv9CQkL/QUFB/0BAQP9BQUH/QUFB/0BAQP9AQED/QUFB/0NDQ/9ERET/RERE/0RERP9DQ0P/Q0ND/0NDQ/9DQ0P/RERE/0RERP9CQkL/QUFB/0FBQf9BQUH/QkJC/0NDQ/9DQ0P/QUFB/0JCQv9DQ0P/Q0ND/0RERP9ERET/QkJC/0FBQf9BQUH/QEBA/z8/P/89PT3/Pj4+/z4+Pv8/Pz//QEBA/0BAQP9BQUH/QUFB/0FBQf9CQkL/Q0ND/0NDQ/9CQkL/QkJC/0NDQ/9DQ0P/QkJC/0FBQf9CQkL/Q0ND/0RERP9FRUX/RERE/0NDQ/9ERET/R0dH/05OTv9aWlr/XV1d/2BgYP9cXFz/UVFR/0xMTP9JSUn/R0dH/0ZGRv9GRkb/RUVF/0RERP9FRUX/RUVF/0dHR/9KSkr/U1NT/2BgYP9gYGD/YGBg/1lZWf9KSkr/RkZG/0RERP9DQ0P/QkJC/0JCQv9GRkb/SkpK/09PT/9TU1P/TU1N/0VFRf9ERET/QkJC/0JCQv9CQkL/Q0ND/0VFRf9GRkb/SEhI/0pKSv9OTk7/UFBQ/1BQUP9PT0//SkpK/0dHR/9FRUX/Q0ND/0JCQv9BQUH/Q0ND/0RERP9HR0f/S0tL/0xMTP9NTU3/T09P/1RUVP9YWFj/X19f/15eXv9SUlL/S0tL/0ZGRv9DQ0P/QkJC/zMzM/80NDT/NDQ0/zQ0NP80NDT/NDQ0/zMzM/8zMzP/MjIy/zMzM/80NDT/NDQ0/zU1Nf81NTX/NDQ0/zU1Nf81NTX/NjY2/zY2Nv81NTX/NDQ0/zMzM/8zMzP/NDQ0/zQ0NP81NTX/NjY2/zc3N/83Nzf/NjY2/zY2Nv81NTX/NTU1/zY2Nv82Njb/NjY2/zc3N/82Njb/NjY2/zU1Nf80NDT/NTU1/zc3N/83Nzf/Nzc3/zc3N/82Njb/NjY2/zY2Nv82Njb/NjY2/zY2Nv83Nzf/Nzc3/zY2Nv81NTX/NjY2/zc3N/83Nzf/Nzc3/zc3N/83Nzf/Nzc3/zc3N/83Nzf/NTU1/zU1Nf83Nzf/Nzc3/zY2Nv82Njb/Nzc3/zg4OP84ODj/OTk5/zo6Ov87Ozv/Ojo6/zg4OP84ODj/ODg4/zg4OP85OTn/OTk5/zg4OP84ODj/ODg4/zg4OP84ODj/ODg4/zg4OP83Nzf/Nzc3/zc3N/82Njb/NjY2/zc3N/83Nzf/ODg4/zg4OP84ODj/OTk5/zk5Of86Ojr/Ojo6/zo6Ov86Ojr/Ojo6/zo6Ov86Ojr/OTk5/zk5Of85OTn/OTk5/zo6Ov86Ojr/OTk5/zk5Of85OTn/OTk5/zo6Ov86Ojr/Ojo6/zo6Ov85OTn/OTk5/zk5Of84ODj/Ojo6/zo6Ov85OTn/OTk5/zo6Ov87Ozv/Ojo6/zk5Of85OTn/OTk5/zo6Ov86Ojr/Ozs7/zs7O/87Ozv/Ozs7/zs7O/86Ojr/Ojo6/zo6Ov86Ojr/Ozs7/zs7O/87Ozv/Ojo6/zo6Ov85OTn/OTk5/zo6Ov86Ojr/Ojo6/zo6Ov87Ozv/Ozs7/zw8PP88PDz/PT09/z09Pf88PDz/Ozs7/zs7O/86Ojr/Ozs7/zs7O/88PDz/PDw8/zw8PP89PT3/PDw8/zs7O/87Ozv/Ozs7/zs7O/87Ozv/PDw8/zw8PP88PDz/PDw8/zs7O/88PDz/PDw8/z09Pf89PT3/Pj4+/z8/P/8/Pz//Pz8//z8/P/8+Pj7/Pj4+/z4+Pv8+Pj7/Pz8//z8/P/8/Pz//Pz8//z4+Pv89PT3/PT09/z09Pf8+Pj7/Pz8//z4+Pv8+Pj7/PT09/zw8PP88PDz/PDw8/zw8PP89PT3/Pj4+/z4+Pv8/Pz//Pj4+/z4+Pv8+Pj7/Pj4+/z09Pf89PT3/PT09/z09Pf89PT3/PT09/z09Pf8+Pj7/Pj4+/z4+Pv8+Pj7/Pz8//z8/P/9AQED/Pz8//z4+Pv8+Pj7/Pz8//0BAQP9AQED/QEBA/0BAQP9AQED/QEBA/0BAQP9AQED/QEBA/0BAQP8/Pz//Pz8//z4+Pv8/Pz//QEBA/0BAQP8/Pz//Pz8//0BAQP9AQED/QUFB/0FBQf9BQUH/QEBA/0BAQP9BQUH/QEBA/0BAQP9AQED/QUFB/0FBQf9AQED/QEBA/z8/P/8+Pj7/PT09/z09Pf89PT3/PT09/z09Pf89PT3/Pj4+/z8/P/9AQED/QUFB/0FBQf9CQkL/QkJC/0JCQv9BQUH/QUFB/0BAQP8/Pz//Pz8//0FBQf9BQUH/QUFB/0FBQf9AQED/Pz8//0BAQP9BQUH/QkJC/0JCQv9BQUH/QEBA/0BAQP8/Pz//Pz8//z8/P/9AQED/QEBA/0BAQP9AQED/QEBA/0BAQP9AQED/QEBA/z8/P/8/Pz//Pz8//z8/P/9AQED/QEBA/0FBQf9BQUH/QEBA/0BAQP9BQUH/QUFB/0FBQf9BQUH/QUFB/0FBQf9CQkL/HR0d/x0dHf8dHR3/HR0d/x0dHf8dHR3/HR0d/xwcHP8cHBz/HBwc/xwcHP8cHBz/HR0d/x0dHf8dHR3/HBwc/xsbG/8bGxv/Gxsb/xsbG/8bGxv/Gxsb/xsbG/8bGxv/Gxsb/xoaGv8bGxv/Gxsb/xsbG/8bGxv/Gxsb/xoaGv8aGhr/Ghoa/xoaGv8ZGRn/GRkZ/xkZGf8aGhr/HR0d/yEhIf8hISH/IiIi/yEhIf8eHh7/HR0d/xsbG/8bGxv/Ghoa/xkZGf8ZGRn/GRkZ/xkZGf8ZGRn/GRkZ/xgYGP8XFxf/FhYW/xcXF/8YGBj/GBgY/xkZGf8ZGRn/GRkZ/xkZGf8YGBj/GBgY/xgYGP8ZGRn/Ghoa/xsbG/8cHBz/HBwc/xwcHP8cHBz/Hh4e/yAgIP8kJCT/Kioq/ysrK/8sLCz/LS0t/y8vL/8vLy//MTEx/zExMf8xMTH/MjIy/zQ0NP81NTX/NjY2/zc3N/82Njb/NDQ0/zMzM/8xMTH/MjIy/zIyMv80NDT/NjY2/zc3N/83Nzf/OTk5/zw8PP88PDz/Ojo6/zk5Of81NTX/MzMz/zMzM/80NDT/NjY2/zc3N/84ODj/OTk5/zg4OP83Nzf/ODg4/zo6Ov86Ojr/Ozs7/zw8PP8+Pj7/Pz8//z8/P/8+Pj7/PDw8/zo6Ov81NTX/MjIy/zIyMv8yMjL/NDQ0/zY2Nv82Njb/Nzc3/zs7O/9AQED/QkJC/0NDQ/9FRUX/SEhI/0ZGRv8/Pz//PDw8/zo6Ov85OTn/ODg4/zY2Nv8xMTH/LS0t/zAwMP80NDT/NjY2/zg4OP83Nzf/NjY2/zMzM/8uLi7/Li4u/y4uLv8tLS3/Kysr/ygoKP8iIiL/Hh4e/xsbG/8YGBj/FxcX/xYWFv8VFRX/FBQU/xYWFv8YGBj/HR0d/yQkJP8pKSn/Ly8v/zExMf8yMjL/MTEx/ysrK/8oKCj/IyMj/yAgIP8bGxv/GBgY/xYWFv8UFBT/EhIS/xAQEP8QEBD/Dw8P/w4ODv8ODg7/Dg4O/w0NDf8NDQ3/Dg4O/w4ODv8ODg7/Dg4O/w4ODv8ODg7/Dg4O/w4ODv8ODg7/Dg4O/w4ODv8ODg7/Dg4O/w4ODv8ODg7/Dg4O/w4ODv8ODg7/Dg4O/w8PD/8PDw//Dw8P/w8PD/8QEBD/EBAQ/xAQEP8PDw//Dw8P/w8PD/8PDw//Dw8P/w4ODv8ODg7/Dw8P/w8PD/8PDw//EBAQ/w8PD/8PDw//Dw8P/w4ODv8ODg7/Dg4O/w4ODv8PDw//Dw8P/w8PD/8PDw//Dw8P/w8PD/8QEBD/ERER/xISEv8UFBT/FxcX/x0dHf8iIiL/KSkp/y0tLf8wMDD/MTEx/zIyMv8yMjL/MTEx/zAwMP8wMDD/MTEx/zExMf8xMTH/MjIy/zMzM/8zMzP/MjIy/zExMf8wMDD/MDAw/zAwMP8xMTH/MTEx/zExMf8xMTH/MTEx/zIyMv8yMjL/MjIy/zExMf8xMTH/MDAw/zAwMP8wMDD/MDAw/zExMf8yMjL/MzMz/zMzM/8yMjL/MjIy/zIyMv8zMzP/MjIy/zIyMv8yMjL/MjIy/zIyMv8yMjL/MzMz/zMzM/8zMzP/NDQ0/zMzM/8zMzP/MzMz/zMzM/8zMzP/NDQ0/zQ0NP80NDT/NDQ0/zQ0NP80NDT/NDQ0/zQ0NP80NDT/NTU1/zU1Nf82Njb/NjY2/zU1Nf81NTX/NDQ0/zQ0NP80NDT/NDQ0/zQ0NP80NDT/NDQ0/zQ0NP80NDT/MzMz/zMzM/9ERET/QkJC/z8/P/8+Pj7/PDw8/z09Pf8/Pz//Pz8//z8/P/8/Pz//Pz8//z8/P/9AQED/QEBA/z8/P/8+Pj7/PT09/z09Pf8+Pj7/Pz8//z4+Pv8+Pj7/PT09/zw8PP88PDz/Ozs7/zs7O/87Ozv/Ozs7/zw8PP88PDz/PT09/z4+Pv9AQED/QUFB/z8/P/89PT3/PT09/zw8PP88PDz/PDw8/zw8PP87Ozv/Ozs7/zs7O/87Ozv/Ozs7/zs7O/86Ojr/Ojo6/zw8PP88PDz/PT09/z4+Pv8+Pj7/Pj4+/z8/P/8/Pz//Pz8//z8/P/8/Pz//Pj4+/z4+Pv88PDz/PDw8/zw8PP88PDz/Ozs7/zw8PP89PT3/Pj4+/z4+Pv8+Pj7/PT09/zw8PP88PDz/PT09/zw8PP86Ojr/PDw8/z8/P/8/Pz//Pz8//z8/P/8/Pz//Pz8//z8/P/8/Pz//Pz8//z4+Pv89PT3/PT09/zw8PP87Ozv/Ojo6/zo6Ov85OTn/OTk5/zw8PP9AQED/RERE/0tLS/9OTk7/UVFR/1NTU/9XV1f/V1dX/1NTU/9QUFD/TExM/0pKSv9JSUn/SEhI/0ZGRv9ERET/RkZG/0lJSf9KSkr/TExM/0xMTP9LS0v/SUlJ/0VFRf9CQkL/PT09/zs7O/89PT3/PT09/z4+Pv88PDz/MDAw/yUlJf8dHR3/FRUV/xQUFP8TExP/ExMT/xMTE/8TExP/EhIS/xMTE/8UFBT/FRUV/xcXF/8ZGRn/HBwc/x4eHv8eHh7/Hh4e/yUlJf8rKyv/MTEx/zc3N/9AQED/TExM/0ZGRv87Ozv/MTEx/x8fH/8aGhr/FRUV/xQUFP8UFBT/FBQU/xQUFP8UFBT/FBQU/xQUFP8WFhb/GRkZ/x8fH/8mJib/KCgo/ysrK/8oKCj/IyMj/yAgIP8aGhr/GBgY/xUVFf8VFRX/FRUV/xUVFf8VFRX/FhYW/xkZGf8dHR3/Kioq/zc3N/86Ojr/Pj4+/zU1Nf8oKCj/JCQk/x4eHv8cHBz/Gxsb/xsbG/8cHBz/HBwc/xwcHP8bGxv/Gxsb/xsbG/8bGxv/Gxsb/xwcHP8cHBz/HBwc/xsbG/8bGxv/Gxsb/xsbG/8aGhr/Ghoa/xoaGv8aGhr/Gxsb/x0dHf8jIyP/KCgo/zU1Nf88PDz/Nzc3/zIyMv8lJSX/GBgY/xUVFf8SEhL/ERER/w8PD/8QEBD/EBAQ/xAQEP8RERH/ERER/xEREf8RERH/ERER/xEREf8SEhL/EhIS/xISEv8SEhL/EhIS/xISEv8SEhL/EhIS/xISEv8SEhL/EhIS/xEREf8SEhL/EhIS/xUVFf8cHBz/Hx8f/yIiIv8hISH/GRkZ/xQUFP8SEhL/ERER/xAQEP8QEBD/EBAQ/xEREf8RERH/EhIS/xQUFP8XFxf/Ghoa/x8fH/8eHh7/Ghoa/xcXF/8TExP/ERER/xEREf8QEBD/EBAQ/xAQEP8QEBD/EBAQ/xEREf8RERH/ExMT/xYWFv8dHR3/Kysr/y8vL/81NTX/MDAw/yEhIf8aGhr/FBQU/xEREf8QEBD/Dw8P/w8PD/8PDw//Dw8P/w4ODv8QEBD/ERER/xEREf8QEBD/EBAQ/xAQEP8PDw//Dw8P/w8PD/8PDw//Dw8P/w8PD/8PDw//Dw8P/w8PD/8RERH/ExMT/xkZGf8fHx//KCgo/zMzM/8xMTH/LCws/yYmJv8cHBz/GRkZ/xYWFv8VFRX/FRUV/xUVFf8VFRX/FRUV/xUVFf8VFRX/FRUV/0FBQf9CQkL/QkJC/0JCQv9BQUH/QUFB/0FBQf9AQED/Pz8//z4+Pv8/Pz//Pz8//0BAQP9AQED/QUFB/0FBQf9BQUH/QUFB/0FBQf9BQUH/QEBA/0BAQP9AQED/QEBA/0BAQP9BQUH/QUFB/0FBQf9CQkL/Q0ND/0NDQ/9DQ0P/RERE/0RERP9DQ0P/QkJC/0FBQf9BQUH/QUFB/0FBQf9BQUH/QUFB/0JCQv9CQkL/Q0ND/0JCQv9AQED/QEBA/0FBQf9BQUH/QkJC/0JCQv9CQkL/QkJC/0JCQv9CQkL/QkJC/0FBQf9CQkL/QkJC/0JCQv9CQkL/QkJC/0JCQv9CQkL/Q0ND/0NDQ/9CQkL/QkJC/0FBQf9AQED/Pz8//z8/P/8/Pz//QEBA/0FBQf9CQkL/QkJC/0JCQv9CQkL/QkJC/0JCQv9BQUH/QkJC/0NDQ/9DQ0P/Q0ND/0NDQ/9CQkL/QkJC/0JCQv9CQkL/QkJC/0FBQf9BQUH/QEBA/0FBQf9CQkL/Q0ND/0RERP9DQ0P/QkJC/0JCQv9DQ0P/QkJC/0JCQv9BQUH/QUFB/0FBQf9CQkL/Q0ND/0NDQ/9CQkL/QkJC/0FBQf9CQkL/RERE/0NDQ/9CQkL/QkJC/0JCQv9CQkL/QUFB/0FBQf9BQUH/QUFB/0FBQf9BQUH/QUFB/0FBQf9DQ0P/RERE/0RERP9DQ0P/Q0ND/0NDQ/9DQ0P/QkJC/0NDQ/9DQ0P/Q0ND/0RERP9FRUX/RERE/0RERP9CQkL/QkJC/0JCQv9DQ0P/Q0ND/0RERP9ERET/RERE/0RERP9ERET/Q0ND/0FBQf9BQUH/QEBA/0BAQP9AQED/QEBA/0FBQf9BQUH/QEBA/z8/P/9AQED/QUFB/0FBQf9AQED/QEBA/z8/P/9AQED/QkJC/0JCQv9BQUH/QUFB/0JCQv9CQkL/QkJC/0JCQv9DQ0P/Q0ND/0NDQ/9DQ0P/QUFB/0FBQf9BQUH/QkJC/0FBQf9BQUH/QUFB/0FBQf9BQUH/QUFB/0JCQv9CQkL/QkJC/0FBQf9AQED/QEBA/0BAQP9CQkL/Q0ND/0NDQ/9CQkL/QkJC/0FBQf9BQUH/QUFB/0JCQv9ERET/Q0ND/0JCQv9CQkL/Q0ND/0NDQ/9DQ0P/Q0ND/0JCQv9CQkL/QkJC/0JCQv9DQ0P/Q0ND/0JCQv9CQkL/QUFB/0FBQf9BQUH/QEBA/0FBQf9CQkL/QkJC/0JCQv9CQkL/QkJC/0JCQv9DQ0P/QkJC/0FBQf9AQED/Pj4+/z09Pf8+Pj7/Pz8//0BAQP9CQkL/QkJC/0JCQv9BQUH/QEBA/0FBQf9DQ0P/RERE/0RERP9DQ0P/QkJC/0JCQv9CQkL/QkJC/0JCQv9CQkL/QkJC/0NDQ/9DQ0P/Q0ND/0RERP9GRkb/TExM/1dXV/9bW1v/Xl5e/1tbW/9PT0//SkpK/0ZGRv9FRUX/RUVF/0VFRf9ERET/Q0ND/0RERP9ERET/RkZG/0hISP9QUFD/XFxc/11dXf9dXV3/V1dX/0pKSv9HR0f/RERE/0NDQ/9CQkL/Q0ND/0lJSf9OTk7/VFRU/1paWv9SUlL/SkpK/0dHR/9DQ0P/QkJC/0FBQf9CQkL/Q0ND/0VFRf9JSUn/TU1N/1RUVP9XV1f/WFhY/1dXV/9PT0//SEhI/0ZGRv9ERET/RERE/0NDQ/9GRkb/SUlJ/01NTf9VVVX/V1dX/1lZWf9aWlr/XFxc/15eXv9gYGD/Xl5e/1FRUf9KSkr/RkZG/0JCQv9DQ0P/NDQ0/zQ0NP81NTX/NDQ0/zQ0NP80NDT/NDQ0/zQ0NP80NDT/NTU1/zU1Nf81NTX/NDQ0/zQ0NP80NDT/NDQ0/zY2Nv83Nzf/Nzc3/zY2Nv81NTX/MzMz/zMzM/8zMzP/NDQ0/zQ0NP81NTX/NTU1/zU1Nf81NTX/NTU1/zU1Nf81NTX/NjY2/zY2Nv82Njb/NjY2/zc3N/84ODj/NjY2/zU1Nf82Njb/Nzc3/zY2Nv82Njb/NTU1/zU1Nf81NTX/NjY2/zY2Nv81NTX/NTU1/zU1Nf81NTX/NjY2/zY2Nv82Njb/NjY2/zY2Nv82Njb/Nzc3/zg4OP84ODj/ODg4/zc3N/82Njb/NjY2/zc3N/83Nzf/NjY2/zY2Nv83Nzf/ODg4/zg4OP84ODj/OTk5/zk5Of84ODj/Nzc3/zc3N/82Njb/NjY2/zg4OP84ODj/OTk5/zk5Of85OTn/Ojo6/zo6Ov85OTn/ODg4/zc3N/83Nzf/ODg4/zc3N/82Njb/NjY2/zY2Nv82Njb/NjY2/zc3N/83Nzf/ODg4/zg4OP85OTn/OTk5/zk5Of86Ojr/Ojo6/zo6Ov86Ojr/OTk5/zg4OP85OTn/Ozs7/zo6Ov86Ojr/Ojo6/zo6Ov86Ojr/OTk5/zk5Of86Ojr/Ojo6/zo6Ov86Ojr/Ojo6/zs7O/88PDz/PDw8/zs7O/87Ozv/Ojo6/zo6Ov86Ojr/Ojo6/zo6Ov86Ojr/Ojo6/zk5Of86Ojr/PDw8/zs7O/86Ojr/Ojo6/zk5Of85OTn/OTk5/zk5Of87Ozv/PDw8/zs7O/87Ozv/Ojo6/zk5Of85OTn/ODg4/zk5Of86Ojr/Ojo6/zw8PP88PDz/Ozs7/zs7O/88PDz/PT09/zs7O/85OTn/OTk5/zk5Of86Ojr/Ozs7/zw8PP89PT3/PT09/z4+Pv8+Pj7/PT09/z09Pf87Ozv/Ojo6/zo6Ov86Ojr/Ozs7/zs7O/87Ozv/Ojo6/zs7O/87Ozv/PT09/z8/P/8/Pz//QUFB/0FBQf9BQUH/QEBA/z8/P/8/Pz//Pz8//z8/P/8/Pz//Pz8//z8/P/8/Pz//Pj4+/z09Pf89PT3/Pj4+/z4+Pv89PT3/Pj4+/z8/P/8+Pj7/PT09/z09Pf89PT3/Pj4+/z4+Pv8+Pj7/Pz8//z8/P/8/Pz//Pj4+/z8/P/8/Pz//Pj4+/z4+Pv8+Pj7/Pj4+/z4+Pv8/Pz//Pz8//z8/P/8+Pj7/Pj4+/z4+Pv9AQED/QEBA/0BAQP9AQED/Pz8//z8/P/9AQED/QUFB/0BAQP8+Pj7/Pz8//z8/P/9AQED/QEBA/0BAQP9AQED/QEBA/z4+Pv8+Pj7/PT09/z09Pf8/Pz//QEBA/0BAQP9AQED/Pz8//z8/P/9AQED/QUFB/0FBQf9BQUH/QUFB/0JCQv9BQUH/QEBA/0FBQf9CQkL/QkJC/0FBQf9AQED/Pz8//z8/P/8+Pj7/PT09/z09Pf8+Pj7/PT09/zw8PP89PT3/Pj4+/0BAQP9CQkL/QkJC/0NDQ/9DQ0P/QUFB/0FBQf9CQkL/QUFB/0BAQP8/Pz//Pz8//z8/P/9AQED/QEBA/z8/P/89PT3/Pz8//0JCQv9CQkL/QkJC/0FBQf8/Pz//Pz8//z4+Pv8+Pj7/Pj4+/z8/P/9BQUH/QkJC/0FBQf9AQED/QEBA/0FBQf9BQUH/QUFB/0BAQP8+Pj7/Pj4+/z4+Pv8/Pz//QEBA/0BAQP9BQUH/QUFB/0FBQf9BQUH/QEBA/z8/P/8/Pz//QEBA/0BAQP8dHR3/HR0d/x4eHv8eHh7/Hx8f/x4eHv8eHh7/HR0d/xwcHP8cHBz/Gxsb/xsbG/8cHBz/HBwc/xwcHP8bGxv/Gxsb/xoaGv8aGhr/Ghoa/xsbG/8cHBz/HBwc/xwcHP8bGxv/Gxsb/xsbG/8bGxv/Gxsb/xsbG/8bGxv/Ghoa/xoaGv8ZGRn/GRkZ/xkZGf8ZGRn/GRkZ/xkZGf8cHBz/ICAg/yEhIf8hISH/ICAg/x4eHv8dHR3/Gxsb/xsbG/8aGhr/Ghoa/xoaGv8aGhr/GRkZ/xkZGf8ZGRn/GRkZ/xkZGf8YGBj/GRkZ/xkZGf8ZGRn/Ghoa/xoaGv8aGhr/GRkZ/xkZGf8ZGRn/GBgY/xkZGf8aGhr/Gxsb/xwcHP8cHBz/HBwc/x0dHf8fHx//IiIi/yUlJf8oKCj/Kioq/y0tLf8tLS3/LS0t/ywsLP8sLCz/LCws/y4uLv8wMDD/MzMz/zU1Nf81NTX/NTU1/zQ0NP8zMzP/MzMz/zIyMv8zMzP/NDQ0/zQ0NP80NDT/Nzc3/z09Pf8/Pz//QUFB/z8/P/83Nzf/NDQ0/zIyMv8xMTH/MTEx/zExMf80NDT/NjY2/zg4OP86Ojr/Ojo6/zo6Ov88PDz/Pj4+/z4+Pv8+Pj7/Pz8//z8/P/8+Pj7/Ozs7/zk5Of83Nzf/NTU1/zExMf8vLy//MTEx/zIyMv81NTX/ODg4/zc3N/82Njb/OTk5/z09Pf8/Pz//Q0ND/0VFRf9ISEj/R0dH/0JCQv9BQUH/QUFB/0BAQP87Ozv/Nzc3/zMzM/8vLy//MDAw/zIyMv81NTX/OTk5/zc3N/81NTX/NDQ0/zMzM/8zMzP/MzMz/zExMf8rKyv/KCgo/yMjI/8gICD/HBwc/xkZGf8YGBj/FxcX/xYWFv8VFRX/FhYW/xcXF/8cHBz/IyMj/ycnJ/8tLS3/Li4u/y8vL/8uLi7/KCgo/yQkJP8fHx//HBwc/xkZGf8WFhb/FBQU/xISEv8QEBD/Dg4O/w4ODv8ODg7/Dg4O/w4ODv8ODg7/Dg4O/w4ODv8ODg7/Dg4O/w4ODv8ODg7/Dw8P/w8PD/8PDw//Dw8P/w8PD/8PDw//Dg4O/w4ODv8ODg7/Dg4O/w4ODv8ODg7/Dg4O/w4ODv8ODg7/Dg4O/w4ODv8PDw//Dw8P/xAQEP8QEBD/EBAQ/xAQEP8QEBD/EBAQ/xAQEP8QEBD/Dw8P/w8PD/8PDw//Dw8P/w8PD/8PDw//Dw8P/w4ODv8ODg7/Dg4O/w4ODv8ODg7/Dg4O/w8PD/8PDw//Dw8P/w8PD/8PDw//Dw8P/w8PD/8PDw//EBAQ/xISEv8UFBT/GBgY/xwcHP8jIyP/KCgo/y4uLv8xMTH/MjIy/zIyMv8xMTH/MTEx/zAwMP8wMDD/MDAw/zAwMP8xMTH/MzMz/zIyMv8xMTH/MTEx/zAwMP8wMDD/MTEx/zIyMv8yMjL/MzMz/zMzM/8zMzP/MjIy/zIyMv8yMjL/MjIy/zExMf8xMTH/MTEx/zAwMP8xMTH/MzMz/zMzM/8yMjL/MjIy/zExMf8xMTH/MjIy/zIyMv8zMzP/MzMz/zIyMv8yMjL/MjIy/zMzM/8zMzP/MzMz/zMzM/8zMzP/MzMz/zMzM/8zMzP/NDQ0/zU1Nf81NTX/NTU1/zU1Nf81NTX/NDQ0/zQ0NP80NDT/NDQ0/zQ0NP81NTX/NTU1/zU1Nf81NTX/NDQ0/zQ0NP81NTX/NTU1/zU1Nf80NDT/MzMz/zMzM/80NDT/NDQ0/zQ0NP80NDT/NDQ0/0RERP9CQkL/Pz8//z4+Pv88PDz/Pj4+/z8/P/9AQED/Pz8//z8/P/8/Pz//Pz8//0BAQP9AQED/Pj4+/z4+Pv89PT3/PT09/z4+Pv8/Pz//Pz8//z8/P/8+Pj7/PT09/zw8PP87Ozv/PDw8/zw8PP89PT3/PT09/z09Pf89PT3/PT09/z8/P/9AQED/Pj4+/z09Pf88PDz/PDw8/zw8PP89PT3/PDw8/zw8PP88PDz/Ozs7/zs7O/87Ozv/Ozs7/zo6Ov87Ozv/PDw8/z09Pf8/Pz//Pz8//z8/P/9AQED/QEBA/0BAQP9AQED/QEBA/0BAQP8/Pz//Pz8//z4+Pv8+Pj7/Pj4+/z09Pf89PT3/PT09/z8/P/9AQED/QEBA/0BAQP8/Pz//Pj4+/z4+Pv8/Pz//Pj4+/zw8PP8+Pj7/QEBA/0FBQf9CQkL/QkJC/0JCQv9BQUH/QUFB/0FBQf9BQUH/QEBA/z8/P/8+Pj7/PT09/z09Pf88PDz/Ozs7/zo6Ov86Ojr/PT09/0FBQf9FRUX/TExM/09PT/9SUlL/VFRU/1hYWP9YWFj/U1NT/1FRUf9OTk7/TExM/0tLS/9KSkr/SEhI/0VFRf9HR0f/SUlJ/0lJSf9JSUn/SUlJ/0lJSf9HR0f/RERE/0FBQf8+Pj7/PT09/z8/P/8/Pz//Pj4+/zw8PP8wMDD/JCQk/x0dHf8VFRX/FBQU/xMTE/8TExP/ExMT/xMTE/8SEhL/ExMT/xQUFP8UFBT/FBQU/xUVFf8VFRX/FhYW/xkZGf8cHBz/JCQk/ywsLP8xMTH/Nzc3/0FBQf9MTEz/RUVF/zo6Ov8vLy//HR0d/xkZGf8UFBT/ExMT/xMTE/8TExP/ExMT/xMTE/8TExP/ExMT/xUVFf8XFxf/Hx8f/yYmJv8nJyf/KCgo/yQkJP8fHx//HBwc/xcXF/8VFRX/ExMT/xMTE/8TExP/ExMT/xMTE/8UFBT/FxcX/xsbG/8nJyf/NDQ0/zc3N/86Ojr/Ly8v/yEhIf8dHR3/FxcX/xYWFv8VFRX/FBQU/xQUFP8UFBT/FBQU/xQUFP8UFBT/FBQU/xQUFP8UFBT/FRUV/xYWFv8VFRX/FBQU/xQUFP8UFBT/FBQU/xMTE/8TExP/ExMT/xQUFP8VFRX/FhYW/xsbG/8gICD/Li4u/zU1Nf8zMzP/MDAw/yQkJP8XFxf/FBQU/xEREf8RERH/EBAQ/xAQEP8QEBD/ERER/xEREf8RERH/ERER/xEREf8RERH/ERER/xISEv8SEhL/EhIS/xISEv8SEhL/ERER/xEREf8RERH/ERER/xEREf8RERH/ERER/xISEv8SEhL/FRUV/xwcHP8eHh7/ICAg/x8fH/8YGBj/ExMT/xISEv8RERH/EBAQ/w8PD/8QEBD/ERER/xEREf8SEhL/FBQU/xcXF/8aGhr/ICAg/x8fH/8aGhr/FxcX/xMTE/8RERH/ERER/xAQEP8QEBD/EBAQ/xAQEP8QEBD/EBAQ/xEREf8SEhL/FBQU/xsbG/8nJyf/LCws/zMzM/8vLy//ICAg/xkZGf8UFBT/ERER/xAQEP8PDw//Dw8P/w8PD/8PDw//Dg4O/w8PD/8RERH/EBAQ/xAQEP8QEBD/Dw8P/w8PD/8PDw//Dw8P/w8PD/8PDw//Dw8P/w8PD/8PDw//Dw8P/xEREf8TExP/GRkZ/x8fH/8nJyf/MjIy/y8vL/8oKCj/IiIi/xcXF/8UFBT/EhIS/xISEv8RERH/ERER/xEREf8RERH/EhIS/xISEv8SEhL/QUFB/0FBQf9CQkL/QUFB/0FBQf9BQUH/QEBA/0BAQP8+Pj7/Pj4+/z8/P/8/Pz//QEBA/0BAQP9BQUH/QUFB/0FBQf9BQUH/QUFB/0FBQf9AQED/QEBA/0BAQP9BQUH/QUFB/0FBQf9BQUH/QkJC/0JCQv9DQ0P/Q0ND/0RERP9ERET/RERE/0RERP9CQkL/QUFB/0FBQf9BQUH/QUFB/0FBQf9BQUH/QUFB/0JCQv9ERET/Q0ND/0FBQf9AQED/QUFB/0FBQf9BQUH/QUFB/0JCQv9CQkL/QkJC/0FBQf9CQkL/QkJC/0JCQv9DQ0P/Q0ND/0NDQ/9CQkL/QkJC/0JCQv9CQkL/QkJC/0FBQf9BQUH/QUFB/0BAQP8/Pz//Pz8//0BAQP9BQUH/QUFB/0JCQv9CQkL/QkJC/0JCQv9CQkL/QkJC/0FBQf9CQkL/Q0ND/0NDQ/9DQ0P/Q0ND/0JCQv9CQkL/QkJC/0JCQv9CQkL/QUFB/0FBQf9AQED/QUFB/0JCQv9DQ0P/RERE/0NDQ/9CQkL/QkJC/0NDQ/9DQ0P/QkJC/0FBQf9AQED/QEBA/0JCQv9DQ0P/Q0ND/0JCQv9CQkL/QUFB/0JCQv9ERET/Q0ND/0JCQv9CQkL/QkJC/0JCQv9BQUH/QUFB/0JCQv9CQkL/QkJC/0JCQv9CQkL/QkJC/0NDQ/9FRUX/RERE/0RERP9DQ0P/Q0ND/0JCQv9CQkL/QkJC/0NDQ/9DQ0P/RERE/0RERP9DQ0P/Q0ND/0JCQv9BQUH/QkJC/0NDQ/9DQ0P/RERE/0RERP9ERET/RERE/0NDQ/9DQ0P/QkJC/0FBQf9BQUH/QUFB/0BAQP9AQED/QkJC/0JCQv9BQUH/QEBA/0FBQf9BQUH/QUFB/0BAQP9AQED/QEBA/0FBQf9CQkL/QkJC/0FBQf9CQkL/QkJC/0JCQv9CQkL/QkJC/0JCQv9CQkL/QkJC/0JCQv9CQkL/QUFB/0JCQv9CQkL/QkJC/0FBQf9BQUH/QUFB/0FBQf9CQkL/QkJC/0JCQv9CQkL/QUFB/0BAQP9AQED/QEBA/0JCQv9DQ0P/QkJC/0JCQv9BQUH/QUFB/0FBQf9CQkL/Q0ND/0ZGRv9FRUX/Q0ND/0NDQ/9DQ0P/Q0ND/0NDQ/9DQ0P/Q0ND/0NDQ/9CQkL/QkJC/0NDQ/9DQ0P/QkJC/0JCQv9CQkL/QUFB/0FBQf9AQED/QUFB/0JCQv9DQ0P/QkJC/0JCQv9CQkL/QkJC/0JCQv9DQ0P/QkJC/0FBQf9AQED/Pz8//z8/P/9AQED/QUFB/0JCQv9CQkL/QkJC/0FBQf9AQED/QUFB/0NDQ/9DQ0P/Q0ND/0NDQ/9CQkL/QkJC/0JCQv9CQkL/QkJC/0JCQv9CQkL/QkJC/0NDQ/9DQ0P/RERE/0ZGRv9MTEz/V1dX/1paWv9fX1//W1tb/09PT/9KSkr/RkZG/0RERP9FRUX/RUVF/0RERP9DQ0P/RERE/0VFRf9GRkb/SUlJ/1BQUP9cXFz/XV1d/11dXf9YWFj/S0tL/0dHR/9ERET/Q0ND/0NDQ/9ERET/S0tL/1BQUP9XV1f/Xl5e/1ZWVv9NTU3/SUlJ/0RERP9DQ0P/QkJC/0JCQv9DQ0P/RUVF/0pKSv9PT0//V1dX/1tbW/9cXFz/W1tb/1BQUP9ISEj/RkZG/0RERP9ERET/RERE/0dHR/9KSkr/T09P/1dXV/9aWlr/Xl5e/19fX/9gYGD/YWFh/2JiYv9eXl7/UlJS/0pKSv9FRUX/QkJC/0NDQ/80NDT/NDQ0/zU1Nf80NDT/NDQ0/zQ0NP80NDT/NDQ0/zU1Nf81NTX/NTU1/zU1Nf80NDT/NDQ0/zQ0NP80NDT/NjY2/zc3N/82Njb/NTU1/zQ0NP8zMzP/MzMz/zQ0NP80NDT/NTU1/zU1Nf82Njb/NjY2/zY2Nv82Njb/NjY2/zY2Nv82Njb/NjY2/zY2Nv82Njb/Nzc3/zc3N/82Njb/NTU1/zY2Nv83Nzf/Nzc3/zY2Nv82Njb/NjY2/zY2Nv82Njb/NjY2/zU1Nf81NTX/NTU1/zU1Nf82Njb/NjY2/zY2Nv82Njb/NjY2/zY2Nv83Nzf/ODg4/zg4OP84ODj/ODg4/zc3N/83Nzf/Nzc3/zc3N/82Njb/NjY2/zc3N/84ODj/ODg4/zg4OP84ODj/OTk5/zg4OP83Nzf/Nzc3/zY2Nv83Nzf/ODg4/zk5Of85OTn/OTk5/zo6Ov86Ojr/Ojo6/zk5Of84ODj/Nzc3/zc3N/84ODj/Nzc3/zY2Nv82Njb/NjY2/zY2Nv82Njb/NjY2/zc3N/83Nzf/ODg4/zg4OP84ODj/OTk5/zk5Of86Ojr/Ojo6/zo6Ov85OTn/OTk5/zo6Ov87Ozv/Ojo6/zo6Ov86Ojr/Ojo6/zo6Ov85OTn/OTk5/zk5Of86Ojr/Ojo6/zo6Ov87Ozv/Ozs7/zw8PP88PDz/Ozs7/zs7O/86Ojr/Ojo6/zo6Ov86Ojr/Ojo6/zo6Ov86Ojr/Ojo6/zo6Ov88PDz/PDw8/zo6Ov86Ojr/OTk5/zk5Of85OTn/Ojo6/zs7O/88PDz/Ozs7/zs7O/86Ojr/Ojo6/zk5Of85OTn/OTk5/zo6Ov87Ozv/PDw8/zw8PP87Ozv/Ozs7/zw8PP88PDz/Ojo6/zk5Of85OTn/OTk5/zo6Ov87Ozv/PDw8/z09Pf89PT3/Pj4+/z4+Pv8+Pj7/PT09/zs7O/86Ojr/Ojo6/zo6Ov87Ozv/Ozs7/zs7O/86Ojr/Ozs7/zs7O/89PT3/Pj4+/z8/P/9AQED/QEBA/0BAQP9AQED/Pz8//z8/P/8/Pz//Pz8//z8/P/8/Pz//Pz8//z8/P/8+Pj7/PT09/z4+Pv8+Pj7/PT09/z09Pf89PT3/Pj4+/z4+Pv89PT3/PT09/z4+Pv8+Pj7/Pj4+/z4+Pv8/Pz//Pz8//z8/P/8+Pj7/Pz8//0BAQP8/Pz//Pz8//z4+Pv8+Pj7/Pz8//z8/P/8/Pz//Pz8//z8/P/8/Pz//Pz8//0BAQP9AQED/QEBA/0BAQP8/Pz//Pz8//0BAQP9BQUH/QEBA/z4+Pv8/Pz//Pz8//z8/P/8/Pz//Pz8//z8/P/8/Pz//Pj4+/z09Pf88PDz/PT09/z8/P/8/Pz//QEBA/0BAQP8/Pz//Pz8//0BAQP9BQUH/QUFB/0FBQf9BQUH/QkJC/0FBQf9AQED/QEBA/0FBQf9BQUH/QEBA/0BAQP8/Pz//Pj4+/z4+Pv8+Pj7/Pj4+/z4+Pv8+Pj7/PT09/z4+Pv8/Pz//QEBA/0JCQv9DQ0P/RERE/0NDQ/9BQUH/QUFB/0FBQf9BQUH/QEBA/z8/P/8/Pz//Pz8//z8/P/9AQED/Pz8//z09Pf8/Pz//QUFB/0JCQv9CQkL/QUFB/0BAQP8/Pz//Pj4+/z4+Pv8+Pj7/Pz8//0FBQf9CQkL/QUFB/0BAQP9AQED/QUFB/0JCQv9CQkL/QUFB/z4+Pv8+Pj7/Pj4+/z8/P/9AQED/QEBA/0FBQf9BQUH/QUFB/0FBQf9AQED/Pz8//0BAQP9AQED/QEBA/xwcHP8dHR3/Hh4e/x4eHv8fHx//Hh4e/x4eHv8dHR3/HBwc/xsbG/8bGxv/Gxsb/xwcHP8cHBz/HBwc/xsbG/8bGxv/Gxsb/xsbG/8aGhr/Gxsb/xwcHP8cHBz/HBwc/xwcHP8bGxv/Gxsb/xsbG/8bGxv/Gxsb/xoaGv8aGhr/Ghoa/xkZGf8ZGRn/GBgY/xgYGP8YGBj/GRkZ/xwcHP8fHx//ICAg/yEhIf8gICD/Hh4e/x0dHf8cHBz/Gxsb/xsbG/8aGhr/Ghoa/xoaGv8ZGRn/GRkZ/xkZGf8ZGRn/GRkZ/xkZGf8ZGRn/GRkZ/xoaGv8bGxv/Gxsb/xsbG/8aGhr/GRkZ/xkZGf8YGBj/GRkZ/xoaGv8bGxv/HBwc/x0dHf8dHR3/Hh4e/yAgIP8iIiL/JSUl/ygoKP8rKyv/Li4u/y4uLv8tLS3/LCws/ysrK/8sLCz/Li4u/zAwMP8yMjL/MzMz/zQ0NP80NDT/MzMz/zMzM/8zMzP/MzMz/zQ0NP81NTX/NDQ0/zMzM/82Njb/Ozs7/z09Pf8/Pz//PT09/zU1Nf8yMjL/MTEx/zAwMP8vLy//Ly8v/zIyMv80NDT/NjY2/zg4OP85OTn/Ozs7/z09Pf8/Pz//Pz8//z8/P/8/Pz//QEBA/z8/P/88PDz/Ojo6/zk5Of83Nzf/NDQ0/zExMf80NDT/NjY2/zg4OP86Ojr/Ojo6/zk5Of87Ozv/PT09/z8/P/9BQUH/Q0ND/0VFRf9FRUX/QkJC/0FBQf9DQ0P/Q0ND/z4+Pv86Ojr/NjY2/zExMf8xMTH/MjIy/zU1Nf86Ojr/OTk5/zY2Nv82Njb/NjY2/zY2Nv81NTX/MjIy/ysrK/8oKCj/IyMj/yEhIf8eHh7/Gxsb/xkZGf8XFxf/FhYW/xUVFf8WFhb/FxcX/xsbG/8hISH/JSUl/ysrK/8sLCz/LS0t/ysrK/8mJib/IiIi/x0dHf8ZGRn/FxcX/xUVFf8TExP/ERER/w8PD/8ODg7/Dg4O/w4ODv8ODg7/Dg4O/w4ODv8ODg7/Dg4O/w4ODv8ODg7/Dg4O/w4ODv8ODg7/Dw8P/w8PD/8PDw//Dw8P/w8PD/8PDw//Dg4O/w4ODv8ODg7/Dw8P/w8PD/8PDw//Dw8P/w8PD/8QEBD/EBAQ/xEREf8RERH/ERER/xEREf8RERH/ERER/xEREf8RERH/EBAQ/xAQEP8QEBD/Dw8P/w8PD/8PDw//Dw8P/w8PD/8PDw//Dg4O/w4ODv8ODg7/Dg4O/w4ODv8ODg7/Dw8P/w8PD/8PDw//Dw8P/w8PD/8PDw//Dw8P/w8PD/8QEBD/EBAQ/xISEv8VFRX/GRkZ/yAgIP8lJSX/LS0t/zExMf8yMjL/MjIy/zExMf8xMTH/MDAw/zAwMP8wMDD/MDAw/zExMf8yMjL/MjIy/zExMf8wMDD/MDAw/zAwMP8xMTH/MTEx/zIyMv8yMjL/MzMz/zMzM/8zMzP/MjIy/zIyMv8yMjL/MjIy/zExMf8xMTH/MTEx/zExMf8zMzP/MzMz/zIyMv8xMTH/MTEx/zExMf8yMjL/MjIy/zMzM/8zMzP/MzMz/zIyMv8yMjL/MzMz/zMzM/8zMzP/MzMz/zMzM/8zMzP/MjIy/zMzM/80NDT/NTU1/zU1Nf81NTX/NTU1/zU1Nf81NTX/NDQ0/zQ0NP80NDT/NDQ0/zU1Nf81NTX/NTU1/zU1Nf80NDT/NDQ0/zU1Nf81NTX/NTU1/zQ0NP80NDT/MzMz/zQ0NP80NDT/NDQ0/zQ0NP80NDT/QUFB/0BAQP8/Pz//Pz8//0BAQP9AQED/QUFB/0FBQf9BQUH/QUFB/0BAQP9AQED/QUFB/0FBQf9AQED/Pz8//z8/P/8/Pz//QEBA/0FBQf9BQUH/QEBA/0BAQP8/Pz//Pj4+/zw8PP89PT3/QEBA/0BAQP8/Pz//Pj4+/z09Pf88PDz/PT09/z4+Pv88PDz/Ozs7/zw8PP89PT3/Pj4+/z4+Pv8/Pz//Pz8//z4+Pv88PDz/PDw8/zs7O/87Ozv/PT09/z09Pf8+Pj7/Pz8//0FBQf9DQ0P/Q0ND/0RERP9DQ0P/QkJC/0NDQ/9DQ0P/Q0ND/0JCQv9CQkL/QkJC/0JCQv9CQkL/QUFB/0FBQf9BQUH/Q0ND/0RERP9DQ0P/QkJC/0JCQv9CQkL/QkJC/0NDQ/9DQ0P/Q0ND/0NDQ/9DQ0P/RERE/0ZGRv9GRkb/RkZG/0ZGRv9HR0f/R0dH/0VFRf9ERET/Q0ND/0JCQv9BQUH/QEBA/z8/P/88PDz/PDw8/zw8PP8+Pj7/QEBA/0VFRf9MTEz/T09P/1JSUv9UVFT/VlZW/1ZWVv9RUVH/UFBQ/1FRUf9RUVH/UVFR/1BQUP9NTU3/SkpK/0xMTP9NTU3/SkpK/0ZGRv9DQ0P/QEBA/z8/P/89PT3/Pj4+/z8/P/8/Pz//QEBA/z8/P/88PDz/OTk5/y0tLf8iIiL/Gxsb/xQUFP8UFBT/ExMT/xMTE/8TExP/ExMT/xMTE/8TExP/ExMT/xMTE/8TExP/ExMT/xQUFP8UFBT/GBgY/xwcHP8lJSX/LS0t/zMzM/85OTn/QUFB/0xMTP9ERET/ODg4/y4uLv8dHR3/GRkZ/xUVFf8VFRX/FRUV/xUVFf8VFRX/FRUV/xQUFP8VFRX/FxcX/xkZGf8gICD/KCgo/yUlJf8iIiL/Hh4e/xgYGP8WFhb/FBQU/xMTE/8SEhL/EhIS/xMTE/8UFBT/ExMT/xQUFP8XFxf/Ghoa/yYmJv8yMjL/NDQ0/zY2Nv8rKyv/HBwc/xkZGf8UFBT/ExMT/xMTE/8TExP/ExMT/xMTE/8TExP/ExMT/xMTE/8TExP/ExMT/xMTE/8TExP/ExMT/xMTE/8TExP/EhIS/xISEv8SEhL/EhIS/xISEv8SEhL/EhIS/xISEv8TExP/FhYW/xsbG/8nJyf/Li4u/y4uLv8tLS3/IiIi/xcXF/8VFRX/EhIS/xEREf8RERH/ERER/xEREf8RERH/EhIS/xISEv8SEhL/EhIS/xISEv8SEhL/EhIS/xISEv8SEhL/EhIS/xISEv8SEhL/ERER/xAQEP8RERH/ExMT/xISEv8SEhL/EhIS/xMTE/8VFRX/Gxsb/x0dHf8eHh7/HR0d/xcXF/8TExP/EhIS/xEREf8RERH/ERER/xAQEP8QEBD/ERER/xISEv8UFBT/GBgY/xwcHP8iIiL/ISEh/xsbG/8YGBj/FBQU/xISEv8RERH/ERER/xAQEP8PDw//Dw8P/w8PD/8QEBD/EBAQ/xEREf8TExP/GRkZ/yQkJP8oKCj/Ly8v/ysrK/8eHh7/GBgY/xMTE/8RERH/EBAQ/xAQEP8QEBD/EBAQ/xAQEP8QEBD/EBAQ/w8PD/8PDw//Dw8P/w8PD/8PDw//Dw8P/w8PD/8PDw//Dw8P/w8PD/8PDw//Dw8P/w8PD/8PDw//ERER/xISEv8YGBj/Hh4e/ycnJ/8yMjL/LS0t/yYmJv8fHx//FRUV/xMTE/8SEhL/ERER/xEREf8RERH/EhIS/xISEv8SEhL/ExMT/xMTE/8/Pz//QEBA/0BAQP9BQUH/QkJC/0JCQv9CQkL/QEBA/z4+Pv8+Pj7/Pz8//z8/P/9AQED/QUFB/0FBQf9BQUH/QUFB/0BAQP9AQED/QEBA/0BAQP9AQED/QUFB/0JCQv9CQkL/QUFB/0JCQv9DQ0P/Q0ND/0NDQ/9DQ0P/Q0ND/0NDQ/9DQ0P/Q0ND/0NDQ/9DQ0P/Q0ND/0NDQ/9DQ0P/Q0ND/0FBQf9AQED/QUFB/0NDQ/9CQkL/QUFB/0FBQf9AQED/QUFB/0JCQv9CQkL/QkJC/0FBQf9CQkL/Q0ND/0NDQ/9ERET/RUVF/0VFRf9FRUX/RERE/0NDQ/9BQUH/QEBA/0BAQP9AQED/QEBA/0BAQP9BQUH/QUFB/0BAQP9AQED/QUFB/0JCQv9DQ0P/RERE/0NDQ/9BQUH/QkJC/0JCQv9CQkL/QkJC/0JCQv9ERET/RERE/0NDQ/9DQ0P/QkJC/0JCQv9DQ0P/RERE/0NDQ/9DQ0P/QkJC/0JCQv9BQUH/QUFB/0JCQv9DQ0P/Q0ND/0JCQv9DQ0P/RERE/0NDQ/9CQkL/QUFB/0BAQP9AQED/QkJC/0JCQv9CQkL/QkJC/0JCQv9BQUH/Q0ND/0VFRf9ERET/Q0ND/0NDQ/9ERET/Q0ND/0JCQv9CQkL/Q0ND/0NDQ/9DQ0P/Q0ND/0NDQ/9DQ0P/RERE/0RERP9ERET/Q0ND/0NDQ/9CQkL/QkJC/0JCQv9CQkL/QkJC/0JCQv9CQkL/QkJC/0FBQf9BQUH/QUFB/0FBQf9CQkL/Q0ND/0NDQ/9DQ0P/Q0ND/0NDQ/9DQ0P/QkJC/0JCQv9DQ0P/Q0ND/0NDQ/9DQ0P/QkJC/0JCQv9DQ0P/Q0ND/0JCQv9CQkL/QUFB/0FBQf9BQUH/QkJC/0JCQv9BQUH/QkJC/0JCQv9CQkL/QkJC/0JCQv9DQ0P/Q0ND/0NDQ/9CQkL/QUFB/0FBQf9BQUH/QUFB/0JCQv9CQkL/QkJC/0NDQ/9CQkL/QkJC/0FBQf9AQED/QUFB/0JCQv9CQkL/QUFB/0FBQf9AQED/Pz8//z8/P/8/Pz//QEBA/0FBQf9BQUH/QEBA/0BAQP9AQED/QkJC/0NDQ/9FRUX/R0dH/0dHR/9FRUX/RUVF/0RERP9ERET/Q0ND/0NDQ/9FRUX/RUVF/0RERP9DQ0P/QkJC/0JCQv9DQ0P/Q0ND/0NDQ/9DQ0P/QkJC/0JCQv9DQ0P/RERE/0RERP9DQ0P/QkJC/0FBQf9BQUH/QkJC/0JCQv9DQ0P/Q0ND/0NDQ/9DQ0P/QkJC/0JCQv9CQkL/Q0ND/0JCQv9BQUH/QkJC/0JCQv9CQkL/QkJC/0JCQv9CQkL/QkJC/0NDQ/9DQ0P/QkJC/0FBQf9CQkL/Q0ND/0NDQ/9DQ0P/Q0ND/0NDQ/9ERET/R0dH/01NTf9YWFj/XFxc/2BgYP9cXFz/UFBQ/0tLS/9HR0f/RUVF/0VFRf9ERET/RERE/0VFRf9FRUX/RkZG/0hISP9KSkr/UlJS/15eXv9fX1//YWFh/1tbW/9NTU3/SUlJ/0RERP9DQ0P/Q0ND/0VFRf9MTEz/UlJS/1xcXP9kZGT/W1tb/1JSUv9MTEz/RUVF/0RERP9DQ0P/QkJC/0JCQv9FRUX/S0tL/1FRUf9dXV3/YWFh/2BgYP9cXFz/T09P/0ZGRv9ERET/Q0ND/0RERP9FRUX/R0dH/0tLS/9PT0//V1dX/1tbW/9hYWH/Y2Nj/2RkZP9lZWX/ZGRk/2BgYP9SUlL/SkpK/0RERP9AQED/QUFB/zU1Nf81NTX/NDQ0/zQ0NP80NDT/NDQ0/zQ0NP81NTX/NjY2/zU1Nf80NDT/NDQ0/zU1Nf81NTX/NTU1/zU1Nf81NTX/NTU1/zQ0NP80NDT/NDQ0/zQ0NP80NDT/NTU1/zY2Nv83Nzf/ODg4/zg4OP84ODj/ODg4/zg4OP84ODj/Nzc3/zc3N/83Nzf/NjY2/zY2Nv82Njb/NjY2/zY2Nv83Nzf/Nzc3/zg4OP84ODj/Nzc3/zc3N/83Nzf/Nzc3/zc3N/82Njb/NTU1/zQ0NP81NTX/NjY2/zY2Nv83Nzf/Nzc3/zc3N/83Nzf/Nzc3/zg4OP85OTn/OTk5/zo6Ov85OTn/OTk5/zg4OP83Nzf/Nzc3/zc3N/83Nzf/Nzc3/zY2Nv83Nzf/Nzc3/zg4OP84ODj/ODg4/zg4OP85OTn/Ojo6/zk5Of85OTn/OTk5/zo6Ov86Ojr/Ojo6/zo6Ov85OTn/OTk5/zg4OP83Nzf/Nzc3/zc3N/83Nzf/Nzc3/zc3N/83Nzf/NjY2/zY2Nv83Nzf/ODg4/zg4OP84ODj/ODg4/zg4OP84ODj/OTk5/zk5Of86Ojr/Ojo6/zo6Ov86Ojr/Ojo6/zo6Ov86Ojr/OTk5/zk5Of85OTn/OTk5/zk5Of85OTn/ODg4/zg4OP84ODj/OTk5/zo6Ov87Ozv/Ojo6/zk5Of86Ojr/Ojo6/zo6Ov85OTn/Ojo6/zo6Ov86Ojr/Ozs7/zs7O/87Ozv/Ozs7/zw8PP87Ozv/Ojo6/zk5Of85OTn/OTk5/zo6Ov87Ozv/Ozs7/zs7O/87Ozv/Ozs7/zs7O/87Ozv/PDw8/zw8PP88PDz/Ozs7/zs7O/88PDz/PDw8/zs7O/87Ozv/PDw8/zw8PP86Ojr/OTk5/zk5Of84ODj/OTk5/zo6Ov87Ozv/PDw8/z09Pf89PT3/PT09/z09Pf89PT3/PDw8/zs7O/86Ojr/Ojo6/zs7O/87Ozv/Ozs7/zs7O/87Ozv/PDw8/zw8PP89PT3/PT09/z09Pf89PT3/PT09/z4+Pv8/Pz//Pz8//z8/P/8/Pz//Pz8//z8/P/8/Pz//Pz8//z4+Pv8+Pj7/Pj4+/z4+Pv89PT3/Ozs7/zw8PP88PDz/PT09/z4+Pv8+Pj7/PT09/z09Pf8+Pj7/Pj4+/z4+Pv8+Pj7/Pj4+/z8/P/9BQUH/QkJC/0FBQf9AQED/QEBA/z8/P/8/Pz//QEBA/0BAQP9AQED/QEBA/0BAQP9AQED/QEBA/0BAQP8/Pz//Pz8//z8/P/8/Pz//QEBA/0BAQP9AQED/QEBA/z8/P/8+Pj7/Pj4+/z09Pf89PT3/Pj4+/z09Pf89PT3/PDw8/zw8PP88PDz/PT09/z4+Pv8/Pz//QEBA/z8/P/8/Pz//QEBA/0BAQP9AQED/Pz8//0BAQP9BQUH/QUFB/z8/P/9AQED/QEBA/0BAQP8+Pj7/Pj4+/z4+Pv8+Pj7/Pz8//0BAQP9AQED/QEBA/z8/P/8+Pj7/QEBA/0JCQv9CQkL/QkJC/0NDQ/9ERET/Q0ND/0BAQP8/Pz//Pz8//z8/P/8/Pz//Pz8//z8/P/9AQED/QEBA/0FBQf9BQUH/QUFB/0FBQf9AQED/QEBA/0BAQP9AQED/QUFB/0BAQP8/Pz//Pz8//z8/P/8/Pz//QEBA/0BAQP9AQED/QEBA/0BAQP9AQED/QkJC/0RERP9CQkL/QEBA/0BAQP8/Pz//Pz8//0BAQP9AQED/QEBA/0BAQP9AQED/QEBA/0BAQP9BQUH/QUFB/0FBQf9AQED/Gxsb/xsbG/8cHBz/HR0d/x0dHf8dHR3/HR0d/xwcHP8bGxv/Gxsb/xsbG/8bGxv/HBwc/xwcHP8cHBz/HR0d/x0dHf8dHR3/HBwc/xsbG/8bGxv/HBwc/xwcHP8cHBz/HBwc/xsbG/8bGxv/Gxsb/xsbG/8aGhr/Ghoa/xoaGv8aGhr/GBgY/xcXF/8XFxf/FxcX/xcXF/8XFxf/Ghoa/x0dHf8eHh7/ICAg/x8fH/8dHR3/HR0d/x0dHf8cHBz/HBwc/xsbG/8aGhr/GRkZ/xkZGf8ZGRn/GRkZ/xoaGv8aGhr/Ghoa/xkZGf8ZGRn/Ghoa/xwcHP8cHBz/HBwc/xsbG/8aGhr/GRkZ/xgYGP8ZGRn/Gxsb/xwcHP8dHR3/Hh4e/x4eHv8fHx//ISEh/yQkJP8mJib/KSkp/y0tLf8yMjL/MTEx/y8vL/8vLy//Ly8v/y8vL/8xMTH/MTEx/zAwMP8wMDD/MDAw/zAwMP8yMjL/MzMz/zQ0NP82Njb/NTU1/zMzM/8yMjL/Ly8v/zAwMP8zMzP/NDQ0/zc3N/82Njb/MjIy/zExMf8yMjL/MTEx/y0tLf8rKyv/LS0t/y8vL/8yMjL/NDQ0/zc3N/86Ojr/PDw8/z4+Pv8+Pj7/PT09/z4+Pv9AQED/QEBA/0BAQP9AQED/QEBA/z8/P/87Ozv/Ojo6/z09Pf9AQED/QEBA/0BAQP9AQED/QEBA/0BAQP9AQED/QEBA/z8/P/8+Pj7/PT09/z09Pf89PT3/Pz8//0VFRf9HR0f/RERE/0JCQv87Ozv/NDQ0/zQ0NP80NDT/ODg4/zw8PP88PDz/PDw8/zw8PP89PT3/Ozs7/zc3N/8zMzP/LCws/ygoKP8kJCT/ISEh/yAgIP8eHh7/HBwc/xkZGf8XFxf/FRUV/xYWFv8WFhb/Ghoa/x8fH/8jIyP/KSkp/ykpKf8pKSn/Jycn/yMjI/8fHx//Ghoa/xcXF/8VFRX/ExMT/xEREf8PDw//Dw8P/w8PD/8PDw//Dw8P/w8PD/8PDw//Dw8P/w4ODv8ODg7/Dg4O/w4ODv8ODg7/Dg4O/w4ODv8NDQ3/Dg4O/w4ODv8PDw//Dw8P/w8PD/8PDw//Dw8P/xAQEP8QEBD/EBAQ/xEREf8SEhL/ExMT/xQUFP8VFRX/FRUV/xUVFf8UFBT/FBQU/xQUFP8TExP/ExMT/xISEv8SEhL/ERER/xAQEP8QEBD/EBAQ/xAQEP8QEBD/Dw8P/w8PD/8PDw//Dw8P/w8PD/8PDw//Dg4O/w4ODv8QEBD/ERER/xAQEP8QEBD/EBAQ/xAQEP8QEBD/EBAQ/xAQEP8PDw//ERER/xMTE/8WFhb/HR0d/yIiIv8rKyv/MDAw/zExMf8yMjL/MTEx/y8vL/8vLy//Ly8v/zAwMP8xMTH/MTEx/zExMf8xMTH/MDAw/zAwMP8vLy//Ly8v/y8vL/8wMDD/MDAw/zAwMP8yMjL/MzMz/zMzM/8zMzP/MzMz/zQ0NP8zMzP/MjIy/zIyMv8yMjL/MjIy/zExMf8xMTH/MDAw/zExMf8xMTH/MTEx/zIyMv8zMzP/MzMz/zMzM/8zMzP/MzMz/zMzM/8yMjL/MjIy/zIyMv8yMjL/MjIy/zIyMv8xMTH/MTEx/zMzM/80NDT/NDQ0/zU1Nf81NTX/NTU1/zU1Nf81NTX/NTU1/zU1Nf80NDT/MzMz/zQ0NP81NTX/NTU1/zQ0NP80NDT/MzMz/zQ0NP80NDT/NDQ0/zQ0NP80NDT/NDQ0/zQ0NP81NTX/NTU1/zU1Nf9BQUH/QEBA/z8/P/9AQED/QUFB/0FBQf9CQkL/QkJC/0FBQf9BQUH/QUFB/0FBQf9BQUH/QUFB/0BAQP9AQED/QEBA/0BAQP9BQUH/QUFB/0FBQf9BQUH/QUFB/0BAQP8/Pz//PT09/z4+Pv9BQUH/QUFB/z8/P/8+Pj7/PT09/zw8PP89PT3/PT09/zw8PP87Ozv/PDw8/z09Pf8+Pj7/Pz8//z8/P/8/Pz//Pj4+/zw8PP88PDz/PDw8/z09Pf9AQED/RERE/0tLS/9QUFD/Wlpa/19fX/9hYWH/YmJi/2FhYf9gYGD/YWFh/2FhYf9hYWH/YGBg/2FhYf9hYWH/YWFh/2BgYP9gYGD/YGBg/2BgYP9hYWH/YmJi/2FhYf9gYGD/YGBg/2BgYP9gYGD/YGBg/2FhYf9hYWH/YWFh/19fX/9hYWH/ZGRk/2RkZP9kZGT/ZGRk/2VlZf9lZWX/Y2Nj/2BgYP9cXFz/WVlZ/1xcXP9eXl7/XFxc/1lZWf9SUlL/S0tL/0dHR/9DQ0P/RkZG/01NTf9OTk7/UVFR/1JSUv9UVFT/U1NT/1BQUP9PT0//UVFR/1JSUv9RUVH/UVFR/05OTv9MTEz/TExM/01NTf9JSUn/Q0ND/0BAQP87Ozv/Ozs7/zs7O/88PDz/Pz8//0BAQP9AQED/Pz8//zs7O/82Njb/Kysr/yAgIP8aGhr/FBQU/xQUFP8TExP/ExMT/xMTE/8TExP/ExMT/xMTE/8TExP/ExMT/xMTE/8TExP/ExMT/xQUFP8YGBj/HBwc/yUlJf8uLi7/MzMz/zk5Of9CQkL/TExM/0RERP84ODj/Li4u/x0dHf8ZGRn/FRUV/xQUFP8UFBT/FBQU/xQUFP8VFRX/FRUV/xUVFf8YGBj/Ghoa/yIiIv8rKyv/Jycn/yIiIv8dHR3/FhYW/xUVFf8TExP/EhIS/xEREf8RERH/ExMT/xMTE/8TExP/ExMT/xcXF/8aGhr/JSUl/zExMf8zMzP/NDQ0/ykpKf8bGxv/FxcX/xMTE/8TExP/EhIS/xISEv8SEhL/EhIS/xISEv8SEhL/EhIS/xISEv8SEhL/EhIS/xISEv8SEhL/EhIS/xISEv8RERH/ERER/xEREf8RERH/ERER/xEREf8RERH/ERER/xISEv8VFRX/GRkZ/yUlJf8rKyv/LCws/ywsLP8iIiL/FxcX/xQUFP8SEhL/ERER/xEREf8RERH/ERER/xEREf8SEhL/EhIS/xISEv8SEhL/EhIS/xISEv8TExP/ExMT/xMTE/8UFBT/ExMT/xMTE/8SEhL/EBAQ/xEREf8TExP/EhIS/xISEv8SEhL/ExMT/xUVFf8bGxv/HR0d/x4eHv8dHR3/FxcX/xMTE/8SEhL/ERER/xEREf8RERH/ERER/xAQEP8RERH/ExMT/xUVFf8aGhr/Hh4e/yQkJP8jIyP/HBwc/xkZGf8UFBT/EhIS/xEREf8RERH/EBAQ/w8PD/8PDw//Dw8P/w8PD/8QEBD/ERER/xMTE/8ZGRn/JCQk/ygoKP8vLy//Kysr/x4eHv8YGBj/ExMT/xEREf8QEBD/EBAQ/xAQEP8QEBD/EBAQ/xAQEP8PDw//Dw8P/w8PD/8PDw//Dw8P/w8PD/8PDw//Dw8P/w8PD/8PDw//Dw8P/w8PD/8PDw//Dw8P/w8PD/8RERH/EhIS/xgYGP8eHh7/Jycn/zIyMv8tLS3/JCQk/x4eHv8VFRX/EhIS/xEREf8RERH/ERER/xEREf8RERH/EhIS/xISEv8TExP/ExMT/z8/P/9AQED/QEBA/0FBQf9CQkL/QkJC/0JCQv9BQUH/Pz8//z8/P/8/Pz//QEBA/0FBQf9BQUH/QUFB/0FBQf9BQUH/QEBA/0BAQP9AQED/QEBA/0BAQP9BQUH/Q0ND/0JCQv9CQkL/QkJC/0NDQ/9DQ0P/Q0ND/0NDQ/9DQ0P/Q0ND/0NDQ/9DQ0P/Q0ND/0NDQ/9DQ0P/Q0ND/0NDQ/9DQ0P/QUFB/z8/P/9AQED/QkJC/0JCQv9BQUH/QUFB/0BAQP9AQED/QkJC/0JCQv9BQUH/QUFB/0JCQv9CQkL/Q0ND/0RERP9FRUX/RkZG/0VFRf9FRUX/Q0ND/0FBQf9AQED/Pz8//z8/P/8/Pz//QEBA/0FBQf9BQUH/QEBA/0BAQP9BQUH/QUFB/0JCQv9DQ0P/QkJC/0FBQf9BQUH/QkJC/0JCQv9CQkL/QkJC/0NDQ/9DQ0P/Q0ND/0NDQ/9CQkL/QkJC/0NDQ/9ERET/Q0ND/0NDQ/9CQkL/QkJC/0FBQf9BQUH/QkJC/0NDQ/9CQkL/QkJC/0NDQ/9ERET/RERE/0NDQ/9CQkL/QUFB/0FBQf9BQUH/QkJC/0JCQv9CQkL/QUFB/0FBQf9CQkL/RERE/0RERP9DQ0P/Q0ND/0NDQ/9DQ0P/QkJC/0JCQv9DQ0P/Q0ND/0RERP9ERET/RERE/0NDQ/9DQ0P/RERE/0NDQ/9DQ0P/QkJC/0JCQv9CQkL/QkJC/0FBQf9BQUH/QUFB/0FBQf9AQED/QEBA/0BAQP9BQUH/QUFB/0JCQv9DQ0P/Q0ND/0NDQ/9CQkL/QkJC/0FBQf9BQUH/QUFB/0NDQ/9DQ0P/RERE/0RERP9DQ0P/Q0ND/0NDQ/9DQ0P/Q0ND/0NDQ/9CQkL/QUFB/0JCQv9CQkL/QkJC/0JCQv9CQkL/QkJC/0JCQv9CQkL/QkJC/0NDQ/9DQ0P/Q0ND/0JCQv9BQUH/QUFB/0FBQf9BQUH/QkJC/0JCQv9DQ0P/Q0ND/0NDQ/9CQkL/QUFB/0BAQP9BQUH/QkJC/0JCQv9BQUH/QUFB/z8/P/8/Pz//Pz8//z8/P/9AQED/QEBA/0BAQP9AQED/QEBA/0BAQP9CQkL/RERE/0VFRf9HR0f/RkZG/0VFRf9FRUX/RERE/0RERP9DQ0P/RERE/0VFRf9FRUX/Q0ND/0JCQv9CQkL/QkJC/0NDQ/9DQ0P/Q0ND/0NDQ/9DQ0P/Q0ND/0NDQ/9ERET/RERE/0NDQ/9CQkL/QUFB/0FBQf9CQkL/QkJC/0NDQ/9ERET/RERE/0RERP9DQ0P/Q0ND/0NDQ/9DQ0P/QkJC/0FBQf9CQkL/Q0ND/0NDQ/9CQkL/QkJC/0FBQf9BQUH/Q0ND/0NDQ/9CQkL/QUFB/0JCQv9DQ0P/Q0ND/0NDQ/9DQ0P/RERE/0VFRf9HR0f/TU1N/1lZWf9cXFz/YGBg/1xcXP9QUFD/S0tL/0dHR/9GRkb/RERE/0RERP9ERET/RUVF/0VFRf9GRkb/SEhI/0tLS/9TU1P/Xl5e/2BgYP9hYWH/W1tb/01NTf9ISEj/RERE/0NDQ/9DQ0P/RUVF/0xMTP9SUlL/XFxc/2VlZf9eXl7/VlZW/1BQUP9ISEj/RkZG/0VFRf9ERET/RERE/0dHR/9OTk7/VFRU/2BgYP9kZGT/YWFh/11dXf9PT0//RUVF/0RERP9DQ0P/RERE/0VFRf9HR0f/SkpK/05OTv9VVVX/Wlpa/2JiYv9kZGT/ZmZm/2ZmZv9mZmb/YWFh/1NTU/9KSkr/RUVF/0FBQf9BQUH/NTU1/zQ0NP80NDT/NDQ0/zQ0NP80NDT/NDQ0/zU1Nf82Njb/NTU1/zQ0NP80NDT/NTU1/zU1Nf81NTX/NTU1/zQ0NP80NDT/NDQ0/zMzM/80NDT/NDQ0/zU1Nf82Njb/Nzc3/zg4OP84ODj/ODg4/zk5Of85OTn/OTk5/zg4OP83Nzf/Nzc3/zY2Nv82Njb/NjY2/zU1Nf81NTX/NjY2/zc3N/83Nzf/ODg4/zg4OP84ODj/ODg4/zg4OP84ODj/ODg4/zc3N/81NTX/NTU1/zY2Nv82Njb/Nzc3/zc3N/83Nzf/Nzc3/zc3N/83Nzf/ODg4/zk5Of85OTn/OTk5/zk5Of85OTn/ODg4/zc3N/83Nzf/Nzc3/zc3N/82Njb/NjY2/zc3N/83Nzf/ODg4/zg4OP84ODj/ODg4/zk5Of87Ozv/Ojo6/zk5Of86Ojr/Ojo6/zo6Ov86Ojr/Ojo6/zk5Of85OTn/ODg4/zc3N/83Nzf/Nzc3/zc3N/83Nzf/Nzc3/zc3N/83Nzf/NjY2/zc3N/84ODj/ODg4/zg4OP84ODj/ODg4/zg4OP84ODj/OTk5/zk5Of86Ojr/Ojo6/zs7O/86Ojr/Ojo6/zo6Ov85OTn/OTk5/zk5Of85OTn/OTk5/zk5Of84ODj/ODg4/zg4OP85OTn/Ojo6/zs7O/85OTn/OTk5/zo6Ov86Ojr/Ojo6/zk5Of86Ojr/Ojo6/zs7O/87Ozv/Ozs7/zs7O/87Ozv/PDw8/zs7O/86Ojr/Ojo6/zo6Ov86Ojr/Ozs7/zs7O/87Ozv/Ozs7/zs7O/87Ozv/Ozs7/zw8PP88PDz/PT09/zw8PP87Ozv/Ozs7/zw8PP88PDz/Ozs7/zs7O/88PDz/PDw8/zo6Ov85OTn/OTk5/zk5Of85OTn/Ojo6/zs7O/87Ozv/PDw8/z09Pf89PT3/PT09/z09Pf88PDz/Ozs7/zo6Ov86Ojr/Ozs7/zs7O/87Ozv/Ozs7/zs7O/88PDz/PDw8/zw8PP88PDz/PDw8/zw8PP88PDz/PDw8/z4+Pv8+Pj7/Pj4+/z4+Pv8+Pj7/Pj4+/z4+Pv8+Pj7/Pj4+/z4+Pv8+Pj7/Pj4+/z09Pf87Ozv/Ozs7/zs7O/88PDz/Pj4+/z4+Pv89PT3/PT09/z4+Pv8+Pj7/PT09/z09Pf8+Pj7/Pz8//0FBQf9CQkL/QUFB/0BAQP9AQED/Pz8//z8/P/8/Pz//Pz8//z8/P/9AQED/QEBA/0BAQP9AQED/Pz8//z4+Pv8+Pj7/Pj4+/z8/P/8/Pz//QEBA/0BAQP9AQED/Pz8//z4+Pv8+Pj7/PT09/z09Pf89PT3/PT09/zw8PP88PDz/PT09/z09Pf89PT3/Pj4+/z8/P/9AQED/QEBA/z8/P/8/Pz//QEBA/z8/P/8/Pz//Pz8//0FBQf9AQED/Pz8//z8/P/9AQED/Pz8//z4+Pv89PT3/PT09/z4+Pv9AQED/QUFB/0BAQP9AQED/Pz8//z8/P/9BQUH/Q0ND/0JCQv9CQkL/QkJC/0NDQ/9CQkL/QEBA/z8/P/8+Pj7/Pj4+/z8/P/8/Pz//QEBA/0BAQP9BQUH/QUFB/0FBQf9CQkL/QUFB/0BAQP9AQED/QEBA/0BAQP9AQED/QEBA/z8/P/8/Pz//Pz8//z8/P/8/Pz//Pz8//0BAQP9AQED/QEBA/0BAQP9BQUH/Q0ND/0JCQv9BQUH/QEBA/z8/P/8/Pz//QEBA/0BAQP9AQED/QEBA/0BAQP9AQED/QUFB/0FBQf9CQkL/QkJC/0FBQf8aGhr/Gxsb/xwcHP8cHBz/HR0d/x0dHf8dHR3/HBwc/xoaGv8aGhr/Gxsb/xsbG/8cHBz/HBwc/x0dHf8dHR3/HR0d/x4eHv8cHBz/Gxsb/xsbG/8cHBz/HBwc/xwcHP8cHBz/Gxsb/xsbG/8bGxv/Gxsb/xkZGf8ZGRn/Ghoa/xkZGf8YGBj/FxcX/xcXF/8WFhb/FxcX/xcXF/8ZGRn/Gxsb/x0dHf8gICD/Hx8f/x0dHf8dHR3/HR0d/x0dHf8cHBz/Gxsb/xoaGv8ZGRn/GRkZ/xkZGf8aGhr/Ghoa/xoaGv8aGhr/Ghoa/xoaGv8bGxv/HR0d/x0dHf8dHR3/HBwc/xoaGv8aGhr/GRkZ/xkZGf8bGxv/HBwc/x0dHf8eHh7/Hx8f/x8fH/8hISH/IyMj/yYmJv8oKCj/LS0t/zMzM/8yMjL/MDAw/zAwMP8wMDD/MTEx/zExMf8xMTH/Ly8v/y8vL/8vLy//MDAw/zIyMv8zMzP/NTU1/zc3N/82Njb/NDQ0/zMzM/8wMDD/MTEx/zIyMv8zMzP/NTU1/zQ0NP8yMjL/MTEx/zExMf8xMTH/Li4u/ywsLP8uLi7/Ly8v/zExMf8zMzP/NTU1/zg4OP86Ojr/PDw8/zw8PP88PDz/PDw8/z4+Pv8/Pz//QEBA/0FBQf9BQUH/QEBA/z09Pf88PDz/Pz8//0JCQv9BQUH/QUFB/0FBQf9BQUH/QUFB/0FBQf9AQED/Pz8//z09Pf86Ojr/Ojo6/zs7O/8+Pj7/RUVF/0hISP9ISEj/R0dH/z8/P/83Nzf/Nzc3/zc3N/86Ojr/Pj4+/z4+Pv8/Pz//Pz8//z4+Pv88PDz/ODg4/zU1Nf8vLy//LCws/yYmJv8jIyP/ISEh/yAgIP8cHBz/GRkZ/xcXF/8VFRX/FRUV/xYWFv8ZGRn/Hh4e/yIiIv8nJyf/KCgo/ycnJ/8lJSX/ICAg/x4eHv8ZGRn/FhYW/xQUFP8TExP/ERER/w8PD/8PDw//Dw8P/w8PD/8PDw//Dw8P/w8PD/8PDw//Dg4O/w4ODv8ODg7/Dg4O/w4ODv8ODg7/DQ0N/w0NDf8ODg7/Dg4O/w8PD/8PDw//Dw8P/w8PD/8QEBD/ERER/xMTE/8VFRX/FhYW/xgYGP8aGhr/HBwc/x0dHf8dHR3/HR0d/xwcHP8bGxv/Ghoa/xkZGf8YGBj/FhYW/xUVFf8TExP/EhIS/xEREf8QEBD/EBAQ/xAQEP8PDw//Dw8P/w8PD/8PDw//Dw8P/w8PD/8PDw//Dw8P/xAQEP8RERH/EBAQ/xAQEP8QEBD/EBAQ/xAQEP8QEBD/EBAQ/w8PD/8QEBD/EhIS/xUVFf8aGhr/Hx8f/ykpKf8uLi7/MTEx/zIyMv8wMDD/Ly8v/y8vL/8vLy//MDAw/zExMf8xMTH/MTEx/zExMf8wMDD/Ly8v/y4uLv8uLi7/Ly8v/y8vL/8vLy//Ly8v/zExMf8yMjL/MzMz/zMzM/8zMzP/NDQ0/zMzM/8yMjL/MjIy/zIyMv8yMjL/MDAw/zAwMP8wMDD/MDAw/zExMf8xMTH/MzMz/zMzM/8zMzP/MzMz/zMzM/8zMzP/MzMz/zIyMv8yMjL/MjIy/zIyMv8yMjL/MTEx/zAwMP8xMTH/MzMz/zMzM/8zMzP/NDQ0/zQ0NP81NTX/NTU1/zU1Nf81NTX/NTU1/zQ0NP8zMzP/NDQ0/zU1Nf80NDT/NDQ0/zQ0NP8zMzP/MzMz/zQ0NP80NDT/NDQ0/zQ0NP80NDT/NDQ0/zU1Nf81NTX/NTU1/0NDQ/9CQkL/QUFB/0BAQP9AQED/QUFB/0JCQv9BQUH/QEBA/0BAQP9AQED/QEBA/0BAQP9AQED/QEBA/0FBQf9CQkL/QkJC/0JCQv9BQUH/QUFB/0BAQP9AQED/QUFB/0BAQP8+Pj7/Pz8//0FBQf9BQUH/Pz8//z8/P/89PT3/PT09/z4+Pv8+Pj7/PT09/zw8PP88PDz/PDw8/z09Pf89PT3/PT09/zw8PP89PT3/PT09/z4+Pv8/Pz//QkJC/0pKSv9YWFj/eXl5/5CQkP+ysrL/x8fH/8zMzP/Q0ND/z8/P/8/Pz//Pz8//z8/P/8/Pz//Pz8//z8/P/8/Pz//Ozs7/zc3N/83Nzf/Ozs7/zs7O/8/Pz//Q0ND/z8/P/8/Pz//Ozs7/zc3N/8vLy//Hx8f/ysrK/83Nzf/Kysr/xcXF/8jIyP/Ozs7/z8/P/9DQ0P/Q0ND/0dHR/8/Pz//Ly8v/xcXF/7Kysv+qqqr/urq6/8jIyP/FxcX/wsLC/6Ojo/99fX3/ampq/09PT/9OTk7/Tk5O/01NTf9KSkr/SkpK/01NTf9OTk7/Tk5O/05OTv9OTk7/Tk5O/05OTv9NTU3/TExM/0pKSv9ISEj/RUVF/0FBQf87Ozv/OTk5/zY2Nv84ODj/Ozs7/z09Pf8/Pz//Pz8//z8/P/8+Pj7/Nzc3/zIyMv8nJyf/Hh4e/xkZGf8UFBT/ExMT/xISEv8SEhL/EhIS/xISEv8SEhL/EhIS/xISEv8SEhL/ExMT/xMTE/8UFBT/FRUV/xkZGf8dHR3/JiYm/y4uLv80NDT/Ozs7/0NDQ/9OTk7/RkZG/zg4OP8uLi7/HR0d/xgYGP8UFBT/EhIS/xISEv8SEhL/EhIS/xMTE/8VFRX/FhYW/xsbG/8gICD/Kioq/zU1Nf8wMDD/KCgo/yEhIf8XFxf/FRUV/xMTE/8SEhL/ERER/xEREf8RERH/EhIS/xISEv8TExP/FhYW/xkZGf8lJSX/MTEx/zExMf8yMjL/KCgo/xoaGv8XFxf/ExMT/xMTE/8SEhL/EhIS/xEREf8RERH/ERER/xEREf8SEhL/EhIS/xISEv8SEhL/EhIS/xISEv8SEhL/ERER/xEREf8RERH/ERER/xAQEP8QEBD/ERER/xEREf8SEhL/ExMT/xYWFv8aGhr/JSUl/ywsLP8sLCz/LCws/yEhIf8WFhb/FBQU/xEREf8QEBD/EBAQ/xEREf8SEhL/EhIS/xMTE/8TExP/ExMT/xMTE/8TExP/FBQU/xYWFv8XFxf/GRkZ/xkZGf8XFxf/FRUV/xMTE/8RERH/ERER/xEREf8RERH/ERER/xISEv8SEhL/FRUV/xwcHP8eHh7/Hx8f/x0dHf8WFhb/EhIS/xEREf8QEBD/EBAQ/xAQEP8QEBD/ERER/xMTE/8VFRX/GRkZ/yEhIf8lJSX/Kysr/ykpKf8hISH/HBwc/xYWFv8SEhL/ERER/xAQEP8PDw//Dg4O/w8PD/8PDw//Dw8P/xAQEP8SEhL/FBQU/xwcHP8oKCj/LS0t/zQ0NP8wMDD/ICAg/xoaGv8UFBT/EhIS/xEREf8QEBD/EBAQ/xAQEP8QEBD/Dw8P/w8PD/8PDw//Dw8P/w8PD/8PDw//Dg4O/w4ODv8ODg7/Dg4O/w8PD/8PDw//EBAQ/xAQEP8QEBD/EBAQ/xEREf8SEhL/GBgY/x8fH/8nJyf/MjIy/ywsLP8jIyP/Hh4e/xQUFP8SEhL/ERER/xAQEP8QEBD/EBAQ/xAQEP8RERH/ERER/xEREf8RERH/QUFB/0FBQf9BQUH/QUFB/0FBQf9BQUH/QUFB/0JCQv9CQkL/QkJC/0FBQf9CQkL/Q0ND/0NDQ/9DQ0P/Q0ND/0JCQv9BQUH/QEBA/z8/P/9AQED/QEBA/0FBQf9CQkL/Q0ND/0NDQ/9DQ0P/QkJC/0JCQv9DQ0P/Q0ND/0NDQ/9DQ0P/RERE/0RERP9ERET/RERE/0JCQv9BQUH/QUFB/0FBQf9AQED/Pj4+/z8/P/9AQED/QEBA/0FBQf9BQUH/QEBA/0BAQP9BQUH/QUFB/0BAQP8/Pz//Pz8//z8/P/9BQUH/QkJC/0NDQ/9ERET/RERE/0RERP9DQ0P/QkJC/0FBQf9BQUH/QEBA/0BAQP9AQED/QEBA/0BAQP9AQED/Pz8//z8/P/8+Pj7/Pz8//z8/P/8/Pz//Pz8//0BAQP9CQkL/QUFB/0BAQP9AQED/QUFB/0FBQf9CQkL/Q0ND/0VFRf9FRUX/RERE/0NDQ/9CQkL/QUFB/0FBQf9BQUH/QUFB/0FBQf9BQUH/QUFB/0JCQv9CQkL/Q0ND/0RERP9ERET/RERE/0NDQ/9CQkL/QUFB/0FBQf9BQUH/QUFB/0FBQf9BQUH/QUFB/0FBQf9CQkL/Q0ND/0RERP9DQ0P/QUFB/0FBQf9AQED/QEBA/0BAQP9BQUH/QkJC/0NDQ/9CQkL/QUFB/0FBQf9CQkL/QkJC/0JCQv9CQkL/QUFB/0FBQf9AQED/QEBA/z8/P/8/Pz//Pz8//z8/P/8/Pz//Pz8//0BAQP9AQED/QUFB/0JCQv9CQkL/QUFB/0BAQP8/Pz//Pz8//z8/P/9BQUH/QkJC/0NDQ/9DQ0P/Q0ND/0JCQv9CQkL/QUFB/0FBQf9CQkL/QkJC/0JCQv9CQkL/QkJC/0JCQv9DQ0P/Q0ND/0NDQ/9DQ0P/Q0ND/0FBQf9BQUH/QkJC/0JCQv9CQkL/QkJC/0JCQv9CQkL/QUFB/0FBQf9CQkL/QkJC/0NDQ/9DQ0P/Q0ND/0NDQ/9CQkL/QEBA/0FBQf9CQkL/QkJC/0FBQf9BQUH/QEBA/0BAQP9BQUH/QUFB/0JCQv9CQkL/QUFB/0FBQf9BQUH/QUFB/0JCQv9CQkL/Q0ND/0NDQ/9DQ0P/QkJC/0NDQ/9DQ0P/RERE/0RERP9ERET/Q0ND/0JCQv9BQUH/QUFB/0FBQf9CQkL/Q0ND/0RERP9DQ0P/QkJC/0JCQv9CQkL/QkJC/0NDQ/9CQkL/QkJC/0FBQf9BQUH/QUFB/0JCQv9DQ0P/Q0ND/0NDQ/9ERET/RUVF/0NDQ/9CQkL/Q0ND/0NDQ/9DQ0P/QkJC/0JCQv9DQ0P/Q0ND/0NDQ/9CQkL/QUFB/0JCQv9DQ0P/RERE/0NDQ/9CQkL/QkJC/0JCQv9DQ0P/Q0ND/0VFRf9HR0f/R0dH/0dHR/9NTU3/WVlZ/1xcXP9fX1//W1tb/09PT/9KSkr/R0dH/0VFRf9DQ0P/Q0ND/0NDQ/9DQ0P/Q0ND/0NDQ/9GRkb/SkpK/1NTU/9fX1//X19f/11dXf9XV1f/SUlJ/0VFRf9CQkL/QkJC/0JCQv9ERET/SUlJ/05OTv9ZWVn/Y2Nj/2BgYP9eXl7/WFhY/1BQUP9OTk7/SkpK/0tLS/9MTEz/UFBQ/1dXV/9cXFz/Z2dn/2lpaf9hYWH/W1tb/09PT/9HR0f/RUVF/0RERP9DQ0P/Q0ND/0RERP9GRkb/SkpK/1BQUP9WVlb/YWFh/2RkZP9oaGj/aGho/2dnZ/9jY2P/VVVV/01NTf9ISEj/RERE/0NDQ/80NDT/NDQ0/zQ0NP80NDT/NDQ0/zQ0NP81NTX/NTU1/zU1Nf81NTX/NTU1/zU1Nf81NTX/NTU1/zU1Nf81NTX/NTU1/zU1Nf81NTX/NTU1/zY2Nv82Njb/NjY2/zc3N/83Nzf/Nzc3/zc3N/83Nzf/Nzc3/zg4OP84ODj/Nzc3/zY2Nv81NTX/NDQ0/zQ0NP81NTX/NTU1/zU1Nf82Njb/NjY2/zY2Nv82Njb/Nzc3/zg4OP84ODj/Nzc3/zg4OP85OTn/OTk5/zg4OP83Nzf/Nzc3/zc3N/83Nzf/NjY2/zc3N/84ODj/Nzc3/zc3N/84ODj/ODg4/zg4OP84ODj/Nzc3/zc3N/83Nzf/NjY2/zY2Nv82Njb/NjY2/zc3N/84ODj/ODg4/zg4OP84ODj/ODg4/zg4OP85OTn/OTk5/zo6Ov86Ojr/Ojo6/zo6Ov86Ojr/Ojo6/zo6Ov86Ojr/OTk5/zk5Of84ODj/ODg4/zc3N/83Nzf/NjY2/zY2Nv82Njb/NjY2/zY2Nv83Nzf/ODg4/zo6Ov86Ojr/Ojo6/zo6Ov85OTn/OTk5/zk5Of84ODj/ODg4/zg4OP85OTn/Ojo6/zk5Of85OTn/OTk5/zo6Ov86Ojr/Ojo6/zo6Ov86Ojr/OTk5/zk5Of85OTn/OTk5/zk5Of86Ojr/Ojo6/zs7O/87Ozv/PDw8/zw8PP87Ozv/Ojo6/zs7O/88PDz/PT09/z09Pf89PT3/PT09/zw8PP87Ozv/Ozs7/zs7O/88PDz/PT09/z09Pf88PDz/PDw8/zs7O/86Ojr/Ojo6/zo6Ov86Ojr/Ojo6/zs7O/88PDz/Ozs7/zo6Ov86Ojr/Ojo6/zs7O/87Ozv/PDw8/zw8PP89PT3/Ozs7/zs7O/87Ozv/PDw8/zs7O/85OTn/OTk5/zo6Ov86Ojr/Ozs7/zw8PP88PDz/PDw8/zs7O/87Ozv/Ojo6/zo6Ov87Ozv/Ozs7/zo6Ov86Ojr/Ozs7/zw8PP88PDz/Ozs7/zw8PP89PT3/PDw8/zs7O/87Ozv/Ozs7/zs7O/88PDz/PDw8/zw8PP88PDz/PDw8/zw8PP88PDz/PT09/z09Pf8+Pj7/Pj4+/z09Pf89PT3/PT09/z4+Pv8/Pz//Pz8//z8/P/8+Pj7/PT09/z09Pf88PDz/PDw8/z09Pf89PT3/Pj4+/z8/P/8+Pj7/Pj4+/z4+Pv8+Pj7/Pj4+/z09Pf89PT3/PT09/z4+Pv8/Pz//Pz8//z8/P/8/Pz//Pj4+/z09Pf89PT3/Pj4+/z4+Pv8/Pz//Pz8//0BAQP9AQED/Pz8//z8/P/8+Pj7/Pj4+/z4+Pv89PT3/PT09/z09Pf8/Pz//Pz8//z4+Pv8+Pj7/Pz8//0BAQP9AQED/QEBA/0BAQP8/Pz//Pj4+/z09Pf8+Pj7/QEBA/0BAQP9AQED/QEBA/z8/P/8/Pz//Pj4+/z4+Pv8+Pj7/Pz8//0BAQP9AQED/Pz8//z4+Pv8+Pj7/Pj4+/0BAQP9BQUH/QUFB/0FBQf9BQUH/QUFB/0FBQf9AQED/QEBA/0BAQP9AQED/QEBA/0FBQf9BQUH/QUFB/0BAQP9AQED/QEBA/0BAQP9AQED/Pz8//z8/P/8/Pz//Pz8//z4+Pv8+Pj7/QEBA/0BAQP9AQED/QEBA/0BAQP9AQED/QEBA/0BAQP8/Pz//Pz8//z8/P/9AQED/QEBA/0BAQP9AQED/Pz8//z8/P/8/Pz//Pz8//z8/P/8/Pz//Pz8//0BAQP9BQUH/QUFB/0JCQv9CQkL/QkJC/xsbG/8bGxv/HBwc/xwcHP8cHBz/HBwc/xwcHP8bGxv/Ghoa/xoaGv8aGhr/Ghoa/xsbG/8bGxv/HBwc/xwcHP8cHBz/HBwc/xwcHP8cHBz/HBwc/xsbG/8bGxv/Gxsb/xsbG/8bGxv/Gxsb/xsbG/8bGxv/Ghoa/xoaGv8ZGRn/GRkZ/xgYGP8YGBj/GBgY/xcXF/8XFxf/FxcX/xgYGP8aGhr/HBwc/x4eHv8eHh7/Hh4e/x4eHv8dHR3/HR0d/xwcHP8cHBz/Gxsb/xoaGv8aGhr/Ghoa/xkZGf8ZGRn/GRkZ/xkZGf8aGhr/HBwc/x4eHv8gICD/ICAg/x8fH/8eHh7/Gxsb/xoaGv8aGhr/Ghoa/xsbG/8cHBz/HR0d/x4eHv8fHx//Hx8f/yAgIP8hISH/IyMj/yUlJf8qKir/MTEx/zIyMv8xMTH/MjIy/zMzM/8yMjL/MDAw/zAwMP8wMDD/MDAw/zIyMv8zMzP/MzMz/zMzM/80NDT/NjY2/zc3N/85OTn/ODg4/zg4OP84ODj/Ojo6/zo6Ov85OTn/ODg4/zQ0NP8yMjL/MDAw/zAwMP8wMDD/MTEx/zQ0NP83Nzf/NTU1/zIyMv8zMzP/MzMz/zU1Nf83Nzf/Nzc3/zY2Nv83Nzf/Nzc3/zg4OP86Ojr/Ozs7/zs7O/87Ozv/Ozs7/zs7O/88PDz/Pj4+/z09Pf89PT3/PDw8/zw8PP8+Pj7/QUFB/0FBQf9AQED/Pj4+/zo6Ov86Ojr/Ozs7/z09Pf9CQkL/RkZG/05OTv9TU1P/SEhI/z4+Pv8+Pj7/Pz8//0BAQP9CQkL/QkJC/0JCQv9AQED/Ozs7/zs7O/87Ozv/PDw8/z09Pf86Ojr/Ly8v/ygoKP8kJCT/ICAg/xwcHP8ZGRn/FxcX/xUVFf8VFRX/FhYW/xkZGf8eHh7/ISEh/yUlJf8lJSX/JCQk/yIiIv8dHR3/Ghoa/xcXF/8VFRX/ExMT/xEREf8QEBD/Dg4O/w4ODv8ODg7/Dg4O/w4ODv8ODg7/Dg4O/w4ODv8ODg7/Dg4O/w8PD/8PDw//Dg4O/w4ODv8ODg7/Dg4O/w4ODv8ODg7/Dw8P/w8PD/8QEBD/EBAQ/xMTE/8XFxf/Gxsb/yIiIv8mJib/LS0t/zAwMP81NTX/NjY2/zY2Nv82Njb/MzMz/zExMf8uLi7/Kysr/ycnJ/8jIyP/Hx8f/xsbG/8YGBj/ExMT/xISEv8RERH/EBAQ/w8PD/8PDw//Dg4O/w4ODv8PDw//Dw8P/w8PD/8QEBD/EBAQ/xAQEP8QEBD/EBAQ/xAQEP8PDw//Dw8P/w8PD/8PDw//Dg4O/w8PD/8RERH/ExMT/xcXF/8bGxv/JCQk/yoqKv8vLy//MjIy/zExMf8wMDD/MDAw/zAwMP8xMTH/MjIy/zExMf8xMTH/MDAw/y8vL/8vLy//Li4u/y4uLv8uLi7/Li4u/y8vL/8vLy//Ly8v/y8vL/8xMTH/MjIy/zIyMv8yMjL/MTEx/zAwMP8wMDD/MTEx/zExMf8xMTH/MTEx/zAwMP8wMDD/MTEx/zIyMv8zMzP/MzMz/zMzM/80NDT/NDQ0/zQ0NP80NDT/MzMz/zMzM/8zMzP/MjIy/zExMf8xMTH/MTEx/zIyMv8zMzP/MzMz/zIyMv8yMjL/MjIy/zMzM/8zMzP/NDQ0/zQ0NP80NDT/NDQ0/zQ0NP80NDT/NDQ0/zQ0NP8zMzP/MzMz/zIyMv8yMjL/MjIy/zMzM/8zMzP/MzMz/zMzM/8zMzP/NDQ0/zU1Nf81NTX/RERE/0NDQ/9BQUH/QEBA/0BAQP9BQUH/QkJC/0FBQf9AQED/QEBA/z8/P/8/Pz//Pz8//z8/P/9AQED/QUFB/0JCQv9DQ0P/QkJC/0FBQf9AQED/QEBA/0BAQP9BQUH/QEBA/z8/P/9AQED/QUFB/0FBQf8/Pz//Pz8//z4+Pv8+Pj7/Pj4+/z8/P/8+Pj7/PT09/z09Pf89PT3/PT09/z09Pf89PT3/PDw8/zw8PP8+Pj7/Pz8//0BAQP9ERET/T09P/19fX/+IiIj/pKSk/83Nzf/m5ub/7u7u//T09P/09PT/9fX1//T09P/z8/P/8/Pz//T09P/09PT/9PT0//Pz8//x8fH/8fHx//Ly8v/y8vL/8vLy//Hx8f/x8fH/8fHx//Dw8P/w8PD/7Ozs/+np6f/r6+v/7u7u/+rq6v/j4+P/5+fn/+3t7f/u7u7/8PDw//Hx8f/x8fH/8PDw/+rq6v/j4+P/zMzM/8LCwv/X19f/6enp/+bm5v/j4+P/u7u7/4uLi/9ycnL/UFBQ/01NTf9LS0v/SEhI/0RERP9ERET/RkZG/0dHR/9ISEj/SUlJ/0lJSf9JSUn/SEhI/0dHR/9GRkb/RUVF/0JCQv8/Pz//Ozs7/zY2Nv80NDT/MjIy/zQ0NP84ODj/Ojo6/zs7O/88PDz/PDw8/zo6Ov8zMzP/Li4u/yUlJf8cHBz/GBgY/xQUFP8TExP/EhIS/xISEv8SEhL/EhIS/xISEv8SEhL/EhIS/xISEv8TExP/ExMT/xQUFP8WFhb/Ghoa/x0dHf8mJib/Li4u/zU1Nf88PDz/RERE/09PT/9HR0f/ODg4/y4uLv8cHBz/GBgY/xMTE/8SEhL/ERER/xISEv8UFBT/FhYW/xgYGP8aGhr/ICAg/yUlJf8vLy//Ozs7/zU1Nf8tLS3/JiYm/xsbG/8ZGRn/FhYW/xUVFf8SEhL/EhIS/xEREf8RERH/EhIS/xMTE/8WFhb/GRkZ/yQkJP8wMDD/MDAw/zAwMP8mJib/GRkZ/xcXF/8TExP/ExMT/xISEv8SEhL/EhIS/xISEv8SEhL/EhIS/xMTE/8TExP/ExMT/xMTE/8SEhL/EhIS/xISEv8RERH/ERER/xEREf8RERH/EBAQ/xAQEP8RERH/ERER/xISEv8TExP/FhYW/xoaGv8lJSX/LCws/y0tLf8sLCz/ISEh/xYWFv8TExP/EBAQ/xEREf8RERH/EhIS/xQUFP8VFRX/FxcX/xcXF/8XFxf/FxcX/xcXF/8ZGRn/HBwc/x8fH/8gICD/ISEh/x4eHv8aGhr/FxcX/xMTE/8SEhL/ERER/xEREf8RERH/ERER/xISEv8VFRX/HR0d/x8fH/8fHx//HR0d/xYWFv8SEhL/EBAQ/w8PD/8QEBD/EBAQ/xISEv8VFRX/FxcX/xkZGf8eHh7/JiYm/ykpKf8vLy//LS0t/yQkJP8fHx//GBgY/xUVFf8TExP/EhIS/xAQEP8PDw//Dw8P/w8PD/8PDw//EBAQ/xISEv8VFRX/HR0d/yoqKv8wMDD/NjY2/zIyMv8hISH/Ghoa/xUVFf8SEhL/ERER/xAQEP8QEBD/EBAQ/w8PD/8PDw//Dw8P/w8PD/8PDw//Dw8P/w8PD/8ODg7/Dg4O/w4ODv8ODg7/Dw8P/w8PD/8QEBD/EBAQ/xAQEP8QEBD/ERER/xISEv8ZGRn/ICAg/ygoKP8yMjL/LCws/yMjI/8dHR3/FRUV/xISEv8RERH/EBAQ/w8PD/8QEBD/EBAQ/xEREf8RERH/ERER/xEREf9CQkL/QUFB/0FBQf9BQUH/QUFB/0FBQf9BQUH/QkJC/0NDQ/9DQ0P/QkJC/0JCQv9DQ0P/RERE/0RERP9DQ0P/QkJC/0FBQf9AQED/Pz8//z8/P/9AQED/QEBA/0JCQv9CQkL/RERE/0NDQ/9CQkL/QkJC/0NDQ/9DQ0P/Q0ND/0NDQ/9DQ0P/RERE/0RERP9DQ0P/QkJC/0BAQP9AQED/QEBA/z8/P/8+Pj7/Pj4+/z8/P/8/Pz//QEBA/0BAQP8/Pz//Pz8//0BAQP9BQUH/QEBA/z8/P/8/Pz//Pj4+/0BAQP9BQUH/QkJC/0NDQ/9DQ0P/Q0ND/0JCQv9CQkL/QkJC/0FBQf9BQUH/QEBA/0BAQP9AQED/QEBA/z8/P/8/Pz//Pj4+/z09Pf89PT3/PT09/z4+Pv8/Pz//QEBA/0JCQv9BQUH/Pz8//z8/P/9AQED/QUFB/0JCQv9DQ0P/RUVF/0ZGRv9ERET/Q0ND/0FBQf9AQED/QUFB/0FBQf9BQUH/QUFB/0FBQf9BQUH/QUFB/0JCQv9CQkL/RERE/0RERP9ERET/Q0ND/0JCQv9CQkL/QUFB/0FBQf9AQED/QEBA/0FBQf9BQUH/QUFB/0FBQf9CQkL/RERE/0NDQ/9AQED/QEBA/z8/P/8/Pz//Pz8//0BAQP9CQkL/QkJC/0FBQf9AQED/QUFB/0FBQf9CQkL/QkJC/0JCQv9BQUH/QEBA/z8/P/8/Pz//Pj4+/z4+Pv8+Pj7/Pz8//z8/P/8/Pz//QEBA/0BAQP9BQUH/QUFB/0FBQf9BQUH/Pz8//z09Pf8+Pj7/Pz8//0BAQP9CQkL/QkJC/0NDQ/9DQ0P/QkJC/0FBQf9AQED/QEBA/0FBQf9CQkL/QkJC/0JCQv9CQkL/QkJC/0NDQ/9ERET/RERE/0RERP9DQ0P/QUFB/0FBQf9BQUH/QUFB/0FBQf9CQkL/Q0ND/0NDQ/9CQkL/QUFB/0JCQv9CQkL/QkJC/0NDQ/9DQ0P/Q0ND/0JCQv9AQED/QUFB/0JCQv9BQUH/QUFB/0FBQf9AQED/QEBA/0FBQf9CQkL/QkJC/0NDQ/9CQkL/QUFB/0FBQf9CQkL/QkJC/0FBQf9BQUH/QUFB/0FBQf9BQUH/QUFB/0NDQ/9DQ0P/RERE/0RERP9CQkL/QUFB/0BAQP9AQED/QUFB/0JCQv9DQ0P/RERE/0JCQv9BQUH/QUFB/0JCQv9CQkL/QkJC/0JCQv9BQUH/QUFB/0FBQf9CQkL/Q0ND/0NDQ/9CQkL/QkJC/0NDQ/9ERET/Q0ND/0JCQv9CQkL/Q0ND/0JCQv9CQkL/QkJC/0NDQ/9DQ0P/Q0ND/0JCQv9BQUH/QUFB/0NDQ/9ERET/Q0ND/0NDQ/9CQkL/QkJC/0JCQv9DQ0P/RUVF/0hISP9ISEj/R0dH/05OTv9ZWVn/XFxc/19fX/9bW1v/Tk5O/0lJSf9GRkb/RUVF/0NDQ/9CQkL/QkJC/0JCQv9CQkL/QkJC/0ZGRv9KSkr/UlJS/19fX/9eXl7/W1tb/1VVVf9ISEj/RERE/0JCQv9BQUH/QkJC/0NDQ/9HR0f/S0tL/1dXV/9iYmL/YmJi/2JiYv9dXV3/VlZW/1NTU/9PT0//UFBQ/1JSUv9WVlb/XV1d/2JiYv9ra2v/a2tr/2FhYf9ZWVn/T09P/0dHR/9GRkb/RERE/0NDQ/9CQkL/Q0ND/0RERP9HR0f/TU1N/1NTU/9fX1//Y2Nj/2pqav9ra2v/aWlp/2RkZP9WVlb/Tk5O/0lJSf9FRUX/RUVF/zQ0NP80NDT/NDQ0/zQ0NP80NDT/NDQ0/zU1Nf81NTX/NTU1/zU1Nf81NTX/NTU1/zU1Nf81NTX/NTU1/zU1Nf81NTX/NTU1/zU1Nf82Njb/NjY2/zc3N/83Nzf/Nzc3/zY2Nv82Njb/NjY2/zY2Nv82Njb/ODg4/zc3N/82Njb/NjY2/zQ0NP8zMzP/NDQ0/zQ0NP80NDT/NTU1/zU1Nf82Njb/NjY2/zU1Nf82Njb/ODg4/zc3N/83Nzf/ODg4/zk5Of85OTn/ODg4/zg4OP84ODj/ODg4/zc3N/82Njb/Nzc3/zg4OP84ODj/Nzc3/zg4OP84ODj/ODg4/zc3N/83Nzf/NjY2/zY2Nv82Njb/NjY2/zY2Nv83Nzf/ODg4/zg4OP84ODj/ODg4/zg4OP84ODj/OTk5/zk5Of85OTn/Ojo6/zo6Ov87Ozv/Ozs7/zo6Ov86Ojr/Ojo6/zo6Ov85OTn/OTk5/zg4OP84ODj/ODg4/zc3N/82Njb/NTU1/zU1Nf82Njb/Nzc3/zg4OP85OTn/Ozs7/zs7O/87Ozv/Ozs7/zo6Ov86Ojr/OTk5/zg4OP84ODj/ODg4/zg4OP85OTn/OTk5/zo6Ov86Ojr/Ojo6/zo6Ov86Ojr/Ojo6/zo6Ov86Ojr/OTk5/zk5Of85OTn/OTk5/zo6Ov86Ojr/Ozs7/zw8PP89PT3/PT09/zw8PP87Ozv/PDw8/z09Pf89PT3/Pj4+/z4+Pv89PT3/PDw8/zo6Ov86Ojr/Ozs7/zw8PP8+Pj7/Pz8//z09Pf88PDz/Ozs7/zk5Of85OTn/OTk5/zk5Of85OTn/Ojo6/zw8PP87Ozv/OTk5/zk5Of86Ojr/Ojo6/zw8PP88PDz/PT09/z09Pf88PDz/Ozs7/zw8PP89PT3/Ozs7/zk5Of85OTn/OTk5/zo6Ov87Ozv/Ozs7/zw8PP88PDz/Ozs7/zs7O/86Ojr/Ojo6/zs7O/87Ozv/Ojo6/zk5Of87Ozv/PDw8/zs7O/87Ozv/PDw8/z09Pf88PDz/Ojo6/zo6Ov86Ojr/Ozs7/zs7O/87Ozv/Ozs7/zs7O/87Ozv/Ozs7/zw8PP88PDz/PT09/z4+Pv8+Pj7/Pj4+/z4+Pv8+Pj7/Pj4+/z8/P/8/Pz//Pz8//z4+Pv89PT3/PT09/zw8PP88PDz/PDw8/zw8PP89PT3/PT09/z09Pf89PT3/PT09/z4+Pv89PT3/PDw8/zw8PP88PDz/PT09/z4+Pv8+Pj7/Pz8//z8/P/8+Pj7/PT09/z09Pf89PT3/PT09/z4+Pv8/Pz//Pz8//z8/P/8/Pz//Pz8//z8/P/8+Pj7/Pj4+/z4+Pv89PT3/Pj4+/z8/P/8/Pz//Pj4+/z4+Pv8/Pz//QEBA/0BAQP9BQUH/QEBA/z4+Pv8+Pj7/PT09/z4+Pv9AQED/QEBA/0BAQP9AQED/Pz8//z8/P/8+Pj7/Pj4+/z8/P/8/Pz//Pz8//0BAQP8+Pj7/PT09/z4+Pv8+Pj7/Pz8//0FBQf9AQED/QEBA/0BAQP9AQED/QEBA/0BAQP9AQED/QEBA/0BAQP9AQED/QUFB/0FBQf9BQUH/QEBA/0BAQP8/Pz//Pz8//z8/P/8/Pz//Pz8//z8/P/8+Pj7/PT09/z4+Pv9AQED/QEBA/0FBQf9BQUH/QUFB/0FBQf9AQED/QEBA/z8/P/8+Pj7/Pz8//z8/P/9AQED/QEBA/0BAQP8/Pz//Pz8//z4+Pv8+Pj7/Pz8//z8/P/8/Pz//Pz8//0BAQP9BQUH/QUFB/0JCQv9CQkL/Gxsb/xwcHP8cHBz/HBwc/xwcHP8cHBz/Gxsb/xsbG/8aGhr/Ghoa/xoaGv8bGxv/Gxsb/xsbG/8cHBz/HBwc/xwcHP8cHBz/HBwc/xwcHP8cHBz/Gxsb/xsbG/8bGxv/Gxsb/xsbG/8bGxv/Gxsb/xsbG/8aGhr/Ghoa/xoaGv8ZGRn/GBgY/xgYGP8YGBj/GBgY/xcXF/8XFxf/GBgY/xkZGf8bGxv/Hh4e/x4eHv8eHh7/Hh4e/x0dHf8dHR3/HBwc/xwcHP8bGxv/Gxsb/xoaGv8aGhr/GRkZ/xkZGf8ZGRn/GBgY/xoaGv8dHR3/Hx8f/yEhIf8hISH/ICAg/x8fH/8cHBz/Gxsb/xoaGv8aGhr/Gxsb/xwcHP8dHR3/Hh4e/x4eHv8fHx//ICAg/yAgIP8iIiL/JCQk/ykpKf8wMDD/MTEx/zIyMv8yMjL/MzMz/zIyMv8vLy//Ly8v/y8vL/8wMDD/MzMz/zU1Nf80NDT/MzMz/zQ0NP80NDT/NjY2/zk5Of86Ojr/Ojo6/zs7O/89PT3/PDw8/zs7O/85OTn/NTU1/zMzM/8xMTH/MTEx/zIyMv80NDT/Nzc3/zo6Ov82Njb/MTEx/zExMf8xMTH/MjIy/zU1Nf81NTX/NTU1/zQ0NP80NDT/NTU1/zg4OP85OTn/OTk5/zk5Of86Ojr/Ozs7/zs7O/88PDz/PDw8/zs7O/86Ojr/OTk5/zw8PP9BQUH/QUFB/0FBQf8/Pz//Ozs7/zo6Ov87Ozv/PT09/0FBQf9FRUX/UFBQ/1ZWVv9MTEz/QkJC/0JCQv9BQUH/QkJC/0NDQ/9DQ0P/Q0ND/z8/P/85OTn/OTk5/zs7O/89PT3/QUFB/z4+Pv8yMjL/Kioq/yQkJP8gICD/HBwc/xkZGf8XFxf/FRUV/xUVFf8WFhb/GRkZ/x0dHf8gICD/JCQk/yQkJP8iIiL/ICAg/xsbG/8YGBj/FhYW/xQUFP8SEhL/ERER/w8PD/8ODg7/Dg4O/w4ODv8ODg7/Dg4O/w4ODv8ODg7/Dg4O/w4ODv8ODg7/Dw8P/w8PD/8ODg7/Dg4O/w4ODv8ODg7/Dg4O/w4ODv8PDw//EBAQ/xEREf8TExP/FxcX/xwcHP8iIiL/LCws/zExMf85OTn/PT09/0FBQf9CQkL/QkJC/0FBQf8+Pj7/Ozs7/zg4OP80NDT/MDAw/ywsLP8nJyf/ISEh/x0dHf8XFxf/FRUV/xISEv8RERH/EBAQ/w8PD/8ODg7/Dg4O/w8PD/8PDw//EBAQ/xAQEP8QEBD/EBAQ/xAQEP8QEBD/EBAQ/w8PD/8PDw//Dw8P/w8PD/8ODg7/Dw8P/xAQEP8SEhL/FRUV/xgYGP8hISH/Jycn/y0tLf8xMTH/MTEx/zExMf8xMTH/MDAw/zExMf8yMjL/MjIy/zExMf8wMDD/Ly8v/y8vL/8wMDD/MDAw/y8vL/8vLy//Ly8v/y4uLv8uLi7/Li4u/zAwMP8yMjL/MTEx/zExMf8wMDD/Ly8v/y8vL/8wMDD/MDAw/zExMf8xMTH/MTEx/zExMf8yMjL/MjIy/zMzM/8zMzP/MzMz/zQ0NP80NDT/NDQ0/zQ0NP80NDT/NDQ0/zMzM/8yMjL/MTEx/zExMf8yMjL/MzMz/zQ0NP8zMzP/MjIy/zIyMv8yMjL/MjIy/zMzM/8zMzP/MzMz/zMzM/8zMzP/NDQ0/zQ0NP80NDT/NDQ0/zMzM/8zMzP/MjIy/zIyMv8yMjL/MjIy/zIyMv8yMjL/MzMz/zMzM/80NDT/NTU1/zQ0NP9FRUX/Q0ND/0BAQP9AQED/Pz8//0BAQP9AQED/QEBA/0BAQP9AQED/Pz8//z8/P/8+Pj7/Pz8//0BAQP9BQUH/QkJC/0NDQ/9CQkL/QUFB/0BAQP8/Pz//Pz8//0BAQP9BQUH/QUFB/0FBQf9BQUH/QUFB/0BAQP9AQED/Pz8//z8/P/8/Pz//Pj4+/z8/P/9AQED/QEBA/0FBQf9AQED/QEBA/z8/P/8/Pz//Pz8//0BAQP9AQED/QUFB/0ZGRv9QUFD/Wlpa/21tbf96enr/jo6O/5ubm/+np6f/srKy/7W1tf+5ubn/tLS0/62trf+vr6//srKy/7S0tP+3t7f/tbW1/6+vr/+vr6//sbGx/66urv+lpaX/oaGh/5+fn/+enp7/oaGh/6Kiov+lpaX/qKio/6Wlpf+ioqL/m5ub/5GRkf+Tk5P/mJiY/5mZmf+ampr/nJyc/6CgoP+goKD/mZmZ/5SUlP+JiYn/hISE/5KSkv+enp7/mpqa/5aWlv97e3v/WVlZ/0pKSv82Njb/MzMz/zIyMv8xMTH/Ly8v/y8vL/8wMDD/MDAw/y8vL/8vLy//MDAw/zAwMP8vLy//Li4u/y0tLf8tLS3/LCws/ywsLP8qKir/Jycn/yYmJv8kJCT/JSUl/ycnJ/8oKCj/KSkp/yoqKv8qKir/KSkp/yUlJf8iIiL/HR0d/xkZGf8WFhb/FBQU/xMTE/8SEhL/EhIS/xISEv8SEhL/ExMT/xMTE/8TExP/ExMT/xMTE/8TExP/FBQU/xYWFv8aGhr/Hh4e/ycnJ/8wMDD/NjY2/zw8PP9HR0f/VVVV/0pKSv84ODj/LS0t/xsbG/8XFxf/FBQU/xQUFP8YGBj/Gxsb/yQkJP8pKSn/LS0t/zExMf80NDT/Nzc3/zs7O/8/Pz//PT09/zs7O/82Njb/Ly8v/y0tLf8rKyv/Jycn/x8fH/8bGxv/FRUV/xMTE/8SEhL/EhIS/xQUFP8XFxf/ISEh/ysrK/8rKyv/Kysr/yMjI/8XFxf/FRUV/xMTE/8SEhL/ExMT/xMTE/8UFBT/FRUV/xYWFv8XFxf/GBgY/xgYGP8XFxf/FhYW/xUVFf8TExP/ExMT/xMTE/8TExP/ExMT/xISEv8RERH/ERER/xEREf8RERH/ERER/xISEv8WFhb/Ghoa/yUlJf8sLCz/LS0t/y0tLf8iIiL/FxcX/xUVFf8SEhL/FRUV/xgYGP8dHR3/JCQk/yYmJv8pKSn/KSkp/ycnJ/8oKCj/Kysr/y8vL/84ODj/PT09/z8/P/9AQED/OTk5/zIyMv8qKir/ICAg/xsbG/8UFBT/EhIS/xEREf8RERH/EhIS/xYWFv8dHR3/Hx8f/x8fH/8dHR3/FxcX/xMTE/8RERH/ERER/xMTE/8XFxf/HR0d/yUlJf8pKSn/Li4u/zAwMP8yMjL/MzMz/zU1Nf8zMzP/LS0t/yoqKv8lJSX/IiIi/yAgIP8eHh7/GRkZ/xQUFP8SEhL/EBAQ/xAQEP8QEBD/EhIS/xYWFv8eHh7/LCws/zExMf82Njb/MTEx/yIiIv8bGxv/FBQU/xEREf8QEBD/Dw8P/w8PD/8PDw//Dg4O/w4ODv8PDw//Dw8P/w8PD/8PDw//Dw8P/w8PD/8PDw//Dw8P/w8PD/8PDw//Dw8P/w8PD/8PDw//Dw8P/w8PD/8RERH/EhIS/xkZGf8gICD/KCgo/zIyMv8tLS3/IyMj/x4eHv8WFhb/FBQU/xISEv8RERH/ERER/xISEv8TExP/FBQU/xUVFf8WFhb/FhYW/0JCQv9BQUH/QEBA/0BAQP9CQkL/QUFB/0BAQP9AQED/QEBA/0BAQP9AQED/QEBA/0FBQf9BQUH/QUFB/0FBQf9AQED/Pz8//z4+Pv8+Pj7/Pj4+/z4+Pv8+Pj7/Pz8//0FBQf9DQ0P/Q0ND/0NDQ/9DQ0P/QkJC/0JCQv9CQkL/QkJC/0JCQv9CQkL/QUFB/0BAQP9AQED/Pz8//0BAQP9BQUH/QEBA/z8/P/8/Pz//Pz8//z8/P/8+Pj7/Pj4+/z4+Pv8+Pj7/Pz8//0BAQP9AQED/QEBA/0BAQP9AQED/QUFB/0JCQv9CQkL/QkJC/0JCQv9CQkL/QUFB/0FBQf9BQUH/QEBA/0BAQP9BQUH/QUFB/0JCQv9CQkL/QEBA/z8/P/8+Pj7/Pj4+/z4+Pv8/Pz//QEBA/0BAQP9BQUH/QUFB/0FBQf9AQED/QEBA/0FBQf9CQkL/QkJC/0JCQv9DQ0P/Q0ND/0JCQv9CQkL/QUFB/0FBQf9BQUH/QUFB/0JCQv9DQ0P/Q0ND/0JCQv9CQkL/QUFB/0JCQv9CQkL/Q0ND/0NDQ/9DQ0P/QkJC/0JCQv9AQED/QEBA/0BAQP9BQUH/QUFB/0JCQv9CQkL/QkJC/0JCQv9DQ0P/QkJC/0BAQP9AQED/QEBA/0BAQP9AQED/QEBA/0FBQf9BQUH/QkJC/0JCQv9CQkL/QkJC/0JCQv9CQkL/QkJC/0FBQf9AQED/Pz8//z8/P/9AQED/QEBA/0BAQP9AQED/QEBA/0FBQf9BQUH/QkJC/0JCQv9DQ0P/QkJC/0FBQf9AQED/QEBA/0BAQP9AQED/QUFB/0FBQf9BQUH/QkJC/0JCQv9BQUH/QUFB/z8/P/8/Pz//QUFB/0FBQf9BQUH/QUFB/0FBQf9BQUH/QUFB/0JCQv9CQkL/Q0ND/0NDQ/9CQkL/Q0ND/0NDQ/9DQ0P/QkJC/0JCQv9DQ0P/Q0ND/0JCQv9CQkL/QUFB/0FBQf9BQUH/QUFB/0FBQf9CQkL/QUFB/0FBQf9BQUH/QUFB/0BAQP9AQED/QEBA/z8/P/9AQED/QEBA/0FBQf9BQUH/QkJC/0FBQf9BQUH/QEBA/0BAQP8/Pz//Pz8//z8/P/9AQED/QEBA/0BAQP9AQED/QUFB/0FBQf9BQUH/QUFB/0FBQf9BQUH/QEBA/0BAQP9AQED/QUFB/0FBQf9BQUH/QUFB/0BAQP9BQUH/Q0ND/0NDQ/9DQ0P/QkJC/0JCQv9CQkL/Q0ND/0NDQ/9DQ0P/QkJC/0FBQf9BQUH/QUFB/0JCQv9BQUH/QUFB/0JCQv9CQkL/QUFB/0BAQP9AQED/QEBA/0FBQf9BQUH/QUFB/0FBQf9BQUH/QkJC/0JCQv9CQkL/QkJC/0FBQf9BQUH/QkJC/0NDQ/9FRUX/R0dH/0hISP9KSkr/UFBQ/1xcXP9eXl7/YGBg/1paWv9MTEz/R0dH/0ZGRv9FRUX/RERE/0RERP9ERET/RUVF/0RERP9DQ0P/RkZG/0pKSv9SUlL/Xl5e/11dXf9bW1v/VVVV/0pKSv9GRkb/RERE/0NDQ/9DQ0P/RERE/0ZGRv9JSUn/VlZW/2FhYf9jY2P/ZWVl/2RkZP9jY2P/YmJi/2BgYP9hYWH/YmJi/2VlZf9sbGz/bm5u/3BwcP9sbGz/W1tb/1FRUf9KSkr/RERE/0RERP9DQ0P/Q0ND/0NDQ/9DQ0P/Q0ND/0VFRf9ISEj/Tk5O/1hYWP9gYGD/b29v/3Fxcf9vb2//aWlp/1ZWVv9MTEz/SEhI/0VFRf9FRUX/NTU1/zU1Nf81NTX/NDQ0/zMzM/8zMzP/NTU1/zU1Nf82Njb/NjY2/zU1Nf81NTX/NTU1/zY2Nv81NTX/NTU1/zU1Nf80NDT/NDQ0/zQ0NP80NDT/NTU1/zU1Nf82Njb/NjY2/zU1Nf81NTX/NTU1/zY2Nv82Njb/Nzc3/zc3N/82Njb/NTU1/zQ0NP80NDT/NDQ0/zQ0NP80NDT/NDQ0/zU1Nf81NTX/NjY2/zY2Nv82Njb/NjY2/zc3N/83Nzf/ODg4/zg4OP84ODj/ODg4/zg4OP84ODj/ODg4/zc3N/84ODj/ODg4/zg4OP85OTn/ODg4/zc3N/83Nzf/ODg4/zg4OP83Nzf/Nzc3/zc3N/83Nzf/ODg4/zk5Of85OTn/OTk5/zo6Ov86Ojr/Ojo6/zk5Of85OTn/OTk5/zo6Ov87Ozv/Ozs7/zo6Ov86Ojr/OTk5/zk5Of85OTn/OTk5/zk5Of85OTn/ODg4/zg4OP84ODj/ODg4/zg4OP84ODj/ODg4/zg4OP85OTn/Ojo6/zo6Ov87Ozv/Ojo6/zk5Of85OTn/Ojo6/zo6Ov87Ozv/Ozs7/zs7O/86Ojr/Ojo6/zo6Ov87Ozv/PDw8/zw8PP87Ozv/Ozs7/zs7O/86Ojr/Ojo6/zo6Ov85OTn/OTk5/zo6Ov86Ojr/Ozs7/zs7O/87Ozv/Ozs7/zw8PP89PT3/PDw8/zs7O/88PDz/PDw8/z09Pf89PT3/PT09/zw8PP87Ozv/Ojo6/zo6Ov86Ojr/Ozs7/z4+Pv8/Pz//PT09/zw8PP88PDz/PDw8/zs7O/86Ojr/Ozs7/zs7O/87Ozv/Ozs7/zs7O/86Ojr/Ojo6/zo6Ov86Ojr/Ozs7/zs7O/88PDz/PDw8/zs7O/87Ozv/Ozs7/zs7O/86Ojr/OTk5/zo6Ov86Ojr/Ozs7/zw8PP88PDz/PT09/zw8PP87Ozv/Ozs7/zk5Of85OTn/OTk5/zo6Ov86Ojr/Ojo6/zo6Ov87Ozv/Ojo6/zo6Ov86Ojr/PDw8/zs7O/87Ozv/Ozs7/zw8PP88PDz/PDw8/zw8PP89PT3/PT09/zw8PP88PDz/PT09/z09Pf89PT3/PT09/z09Pf89PT3/PT09/z09Pf89PT3/PT09/z09Pf88PDz/PDw8/zw8PP89PT3/PT09/z09Pf89PT3/PT09/zw8PP88PDz/PDw8/zw8PP88PDz/PT09/z09Pf89PT3/PT09/zw8PP88PDz/PDw8/z09Pf8+Pj7/Pj4+/z4+Pv8+Pj7/PT09/z09Pf88PDz/Ozs7/zw8PP89PT3/PT09/z09Pf88PDz/PDw8/z09Pf8/Pz//Pj4+/z4+Pv8+Pj7/Pj4+/z4+Pv88PDz/PDw8/z09Pf89PT3/Pj4+/z8/P/8/Pz//QEBA/0BAQP9AQED/QUFB/0FBQf9AQED/Pz8//z8/P/8/Pz//Pz8//z4+Pv89PT3/Pj4+/z4+Pv8+Pj7/Pz8//z4+Pv8+Pj7/Pj4+/z4+Pv8+Pj7/Pz8//z8/P/8+Pj7/Pz8//0BAQP8/Pz//Pj4+/z4+Pv8+Pj7/Pz8//z8/P/8/Pz//QEBA/0BAQP9AQED/Pz8//z8/P/8+Pj7/Pz8//z8/P/8/Pz//QEBA/z8/P/8+Pj7/Pj4+/z8/P/9AQED/QUFB/0FBQf9AQED/QEBA/0BAQP8/Pz//QEBA/0BAQP9AQED/QEBA/0BAQP9BQUH/QUFB/0FBQf9BQUH/QEBA/z8/P/9AQED/Pz8//z4+Pv8+Pj7/Pz8//z8/P/9AQED/QUFB/0JCQv8cHBz/HR0d/x0dHf8cHBz/HBwc/xwcHP8cHBz/HBwc/xwcHP8cHBz/HR0d/x0dHf8cHBz/HBwc/xsbG/8cHBz/HR0d/x0dHf8dHR3/HBwc/xwcHP8cHBz/HBwc/xwcHP8cHBz/HBwc/xwcHP8cHBz/HBwc/xsbG/8bGxv/Gxsb/xsbG/8ZGRn/GRkZ/xgYGP8XFxf/FxcX/xYWFv8XFxf/GBgY/xsbG/8eHh7/Hh4e/x8fH/8eHh7/HR0d/x0dHf8cHBz/HBwc/xsbG/8bGxv/Ghoa/xoaGv8ZGRn/GRkZ/xkZGf8ZGRn/Gxsb/xwcHP8fHx//IiIi/yIiIv8hISH/Hx8f/xwcHP8bGxv/Gxsb/xsbG/8bGxv/Gxsb/xwcHP8dHR3/Hh4e/x4eHv8gICD/ISEh/yQkJP8nJyf/Kioq/y8vL/8vLy//MDAw/y8vL/8vLy//Li4u/ywsLP8sLCz/LS0t/y8vL/8zMzP/NTU1/zU1Nf82Njb/MjIy/y4uLv8vLy//MTEx/zMzM/83Nzf/ODg4/zs7O/87Ozv/Ojo6/zo6Ov86Ojr/Ojo6/zg4OP83Nzf/NjY2/zU1Nf80NDT/MzMz/zExMf8uLi7/Ly8v/zAwMP8xMTH/MzMz/zU1Nf83Nzf/Nzc3/zY2Nv82Njb/Nzc3/zg4OP85OTn/Ojo6/zw8PP8+Pj7/Pj4+/z4+Pv88PDz/Ojo6/zo6Ov86Ojr/PT09/0FBQf9CQkL/QkJC/0FBQf89PT3/PT09/z8/P/9AQED/QUFB/0NDQ/9LS0v/UFBQ/0pKSv9ERET/QkJC/z8/P/89PT3/Ozs7/zs7O/86Ojr/ODg4/zQ0NP80NDT/NTU1/zY2Nv83Nzf/NDQ0/ysrK/8mJib/IiIi/yAgIP8dHR3/Ghoa/xcXF/8VFRX/FRUV/xUVFf8XFxf/Ghoa/x0dHf8iIiL/IiIi/yAgIP8dHR3/GBgY/xYWFv8UFBT/ExMT/xEREf8PDw//Dg4O/w4ODv8ODg7/Dw8P/w8PD/8PDw//Dw8P/w8PD/8PDw//Dw8P/w8PD/8PDw//Dw8P/w8PD/8PDw//Dw8P/w8PD/8PDw//EBAQ/xEREf8TExP/GRkZ/x8fH/8nJyf/MjIy/zg4OP9BQUH/RERE/0lJSf9KSkr/S0tL/0pKSv9HR0f/RUVF/0RERP9CQkL/Pz8//z09Pf88PDz/Ozs7/zg4OP80NDT/Li4u/yQkJP8gICD/GRkZ/xYWFv8SEhL/ERER/xAQEP8PDw//Dw8P/w8PD/8PDw//Dw8P/w8PD/8PDw//Dw8P/w8PD/8PDw//EBAQ/w8PD/8PDw//Dw8P/w8PD/8PDw//EBAQ/xEREf8TExP/FhYW/xwcHP8gICD/KSkp/y8vL/8wMDD/MjIy/zIyMv8zMzP/MjIy/zExMf8xMTH/MDAw/zAwMP8wMDD/NDQ0/zs7O/86Ojr/NDQ0/zExMf8tLS3/Kysr/yoqKv8qKir/LS0t/y8vL/8wMDD/MjIy/zExMf8wMDD/MDAw/zExMf8xMTH/MzMz/zMzM/8zMzP/MzMz/zIyMv8xMTH/MjIy/zIyMv8yMjL/MjIy/zIyMv8zMzP/MzMz/zMzM/8zMzP/NDQ0/zMzM/8yMjL/MjIy/zIyMv8zMzP/NDQ0/zQ0NP80NDT/NDQ0/zMzM/8zMzP/MzMz/zMzM/8zMzP/MzMz/zMzM/80NDT/NDQ0/zQ0NP8zMzP/MjIy/zMzM/8zMzP/MzMz/zIyMv8xMTH/MTEx/zExMf8yMjL/MzMz/zQ0NP80NDT/NTU1/0VFRf9DQ0P/QEBA/0BAQP8/Pz//Pz8//z8/P/9AQED/QEBA/0BAQP8/Pz//Pz8//z4+Pv8/Pz//QEBA/0FBQf9CQkL/Q0ND/0JCQv9BQUH/QEBA/z4+Pv8/Pz//QEBA/0FBQf9CQkL/QUFB/0FBQf9BQUH/QEBA/0BAQP9AQED/QEBA/z8/P/8+Pj7/QEBA/0FBQf9CQkL/QkJC/0JCQv9BQUH/QEBA/0BAQP9AQED/QUFB/0FBQf9BQUH/RUVF/09PT/9UVFT/XV1d/2NjY/9tbW3/dHR0/4ODg/+Pj4//k5OT/5iYmP+RkZH/iIiI/4uLi/+Pj4//kpKS/5eXl/+UlJT/jY2N/42Njf+Ojo7/ioqK/319ff93d3f/dXV1/3R0dP94eHj/e3t7/4CAgP+Ghob/gYGB/3t7e/9zc3P/Z2dn/2lpaf9sbGz/bW1t/25ubv9xcXH/eHh4/3h4eP9ycnL/bm5u/2hoaP9mZmb/cHBw/3h4eP9zc3P/bm5u/1lZWf9AQED/NjY2/ykpKf8nJyf/JiYm/yYmJv8nJyf/JiYm/yUlJf8kJCT/IyMj/yIiIv8kJCT/JSUl/yIiIv8gICD/ICAg/yAgIP8hISH/IiIi/yEhIf8gICD/Hx8f/xwcHP8dHR3/Hh4e/x8fH/8fHx//ICAg/x8fH/8fHx//HR0d/xsbG/8ZGRn/FxcX/xUVFf8UFBT/ExMT/xISEv8SEhL/EhIS/xISEv8TExP/ExMT/xMTE/8TExP/ExMT/xMTE/8UFBT/FhYW/xsbG/8fHx//KCgo/zExMf82Njb/PDw8/0dHR/9XV1f/S0tL/zc3N/8sLCz/Gxsb/xcXF/8UFBT/FRUV/xsbG/8hISH/LS0t/zQ0NP85OTn/PT09/z4+Pv9AQED/QUFB/0JCQv9CQkL/QkJC/z4+Pv85OTn/Nzc3/zY2Nv8xMTH/JiYm/yAgIP8XFxf/FBQU/xMTE/8SEhL/FBQU/xYWFv8gICD/KSkp/ykpKf8pKSn/ISEh/xcXF/8VFRX/EhIS/xMTE/8UFBT/FRUV/xgYGP8ZGRn/Gxsb/xwcHP8dHR3/HR0d/xsbG/8aGhr/GBgY/xUVFf8VFRX/FRUV/xUVFf8VFRX/FBQU/xISEv8RERH/ERER/xEREf8RERH/EhIS/xYWFv8aGhr/JSUl/ywsLP8tLS3/LS0t/yIiIv8XFxf/FRUV/xMTE/8XFxf/HBwc/yMjI/8tLS3/Ly8v/zMzM/8zMzP/MTEx/zIyMv83Nzf/Ozs7/0ZGRv9NTU3/Tk5O/09PT/9HR0f/Pz8//zQ0NP8nJyf/Hx8f/xUVFf8TExP/ERER/xISEv8TExP/FhYW/x0dHf8fHx//Hx8f/x4eHv8XFxf/ExMT/xISEv8RERH/FhYW/xoaGv8jIyP/Li4u/zMzM/85OTn/OTk5/zg4OP84ODj/ODg4/zY2Nv8yMjL/Ly8v/ywsLP8qKir/KCgo/yUlJf8eHh7/FxcX/xQUFP8QEBD/EBAQ/xAQEP8TExP/FxcX/x8fH/8tLS3/MTEx/zY2Nv8xMTH/IiIi/xsbG/8UFBT/ERER/xAQEP8PDw//Dg4O/w4ODv8ODg7/Dg4O/w8PD/8PDw//Dw8P/w8PD/8PDw//Dw8P/w8PD/8PDw//Dw8P/w8PD/8PDw//Dg4O/w4ODv8PDw//Dw8P/xEREf8SEhL/GRkZ/yAgIP8oKCj/MzMz/y0tLf8kJCT/Hx8f/xYWFv8UFBT/EhIS/xISEv8TExP/ExMT/xYWFv8XFxf/GBgY/xkZGf8ZGRn/Q0ND/0FBQf8/Pz//QEBA/0JCQv9BQUH/Pz8//z8/P/8/Pz//Pz8//z8/P/8/Pz//QEBA/0BAQP9AQED/QEBA/z8/P/8+Pj7/Pj4+/z09Pf89PT3/PT09/z4+Pv8+Pj7/QEBA/0NDQ/9DQ0P/RERE/0NDQ/9CQkL/QkJC/0FBQf9BQUH/QUFB/0FBQf9AQED/Pz8//z4+Pv8+Pj7/Pz8//0FBQf9AQED/Pz8//z8/P/8/Pz//Pj4+/z09Pf89PT3/PT09/z4+Pv8/Pz//Pz8//0BAQP9AQED/QUFB/0FBQf9CQkL/QkJC/0JCQv9CQkL/QkJC/0FBQf9BQUH/QEBA/0BAQP9AQED/QEBA/0FBQf9BQUH/QkJC/0JCQv9AQED/Pz8//z8/P/8+Pj7/Pz8//0BAQP9BQUH/QUFB/0FBQf9BQUH/QUFB/0BAQP9BQUH/QkJC/0JCQv9CQkL/QkJC/0FBQf9BQUH/QUFB/0FBQf9BQUH/QUFB/0FBQf9BQUH/QkJC/0RERP9DQ0P/Q0ND/0JCQv9BQUH/QUFB/0JCQv9CQkL/QkJC/0JCQv9CQkL/QkJC/0BAQP8/Pz//QEBA/0FBQf9BQUH/QkJC/0JCQv9DQ0P/Q0ND/0JCQv9BQUH/QEBA/0BAQP9AQED/QEBA/0BAQP9AQED/QEBA/0BAQP9CQkL/Q0ND/0JCQv9CQkL/QkJC/0JCQv9CQkL/QUFB/0BAQP8/Pz//QEBA/0FBQf9BQUH/QUFB/0FBQf9BQUH/QUFB/0JCQv9CQkL/Q0ND/0RERP9CQkL/QUFB/0FBQf9BQUH/QUFB/0FBQf9BQUH/QUFB/0FBQf9BQUH/QUFB/0FBQf9AQED/Pz8//z8/P/9AQED/QUFB/0BAQP9AQED/QEBA/0BAQP9BQUH/QUFB/0JCQv9CQkL/QkJC/0NDQ/9DQ0P/RERE/0NDQ/9CQkL/QkJC/0NDQ/9ERET/Q0ND/0JCQv9BQUH/QUFB/0FBQf9AQED/QEBA/0FBQf9BQUH/QUFB/0FBQf9AQED/QEBA/z8/P/8/Pz//Pz8//z8/P/9AQED/QEBA/0FBQf9BQUH/QUFB/0FBQf9AQED/Pz8//z4+Pv89PT3/Pj4+/z8/P/8/Pz//QEBA/0BAQP9AQED/QEBA/z8/P/8/Pz//QUFB/0FBQf9AQED/QEBA/0BAQP9AQED/QEBA/0BAQP9AQED/QEBA/0FBQf9DQ0P/Q0ND/0NDQ/9DQ0P/QkJC/0JCQv9ERET/RERE/0NDQ/9CQkL/QUFB/0BAQP9AQED/QEBA/0BAQP9BQUH/QUFB/0JCQv9BQUH/Pz8//z8/P/8/Pz//QEBA/0FBQf9BQUH/QEBA/0BAQP9BQUH/QUFB/0JCQv9CQkL/QUFB/0BAQP9BQUH/Q0ND/0RERP9GRkb/SEhI/0tLS/9RUVH/XV1d/19fX/9fX1//Wlpa/0tLS/9GRkb/RUVF/0VFRf9FRUX/RUVF/0VFRf9GRkb/RERE/0NDQ/9GRkb/SkpK/1JSUv9dXV3/XV1d/1paWv9VVVX/SkpK/0dHR/9FRUX/RERE/0RERP9ERET/RUVF/0dHR/9UVFT/YGBg/2NjY/9nZ2f/aGho/2lpaf9paWn/aWlp/2pqav9qamr/bW1t/3Nzc/9zc3P/cXFx/2pqav9XV1f/TExM/0dHR/9DQ0P/Q0ND/0NDQ/9ERET/RERE/0NDQ/9CQkL/Q0ND/0VFRf9KSkr/U1NT/11dXf9wcHD/c3Nz/3Fxcf9qamr/VlZW/0tLS/9HR0f/RUVF/0VFRf81NTX/NTU1/zU1Nf80NDT/MjIy/zMzM/81NTX/NjY2/zc3N/82Njb/NDQ0/zQ0NP82Njb/NjY2/zU1Nf81NTX/NDQ0/zQ0NP80NDT/MzMz/zQ0NP80NDT/NDQ0/zU1Nf81NTX/NTU1/zU1Nf81NTX/NTU1/zY2Nv82Njb/Nzc3/zc3N/82Njb/NTU1/zU1Nf80NDT/NDQ0/zQ0NP80NDT/NDQ0/zU1Nf82Njb/NjY2/zU1Nf82Njb/Nzc3/zc3N/84ODj/ODg4/zg4OP84ODj/ODg4/zg4OP84ODj/ODg4/zg4OP84ODj/OTk5/zo6Ov85OTn/Nzc3/zc3N/84ODj/ODg4/zg4OP84ODj/Nzc3/zg4OP85OTn/Ojo6/zo6Ov86Ojr/Ozs7/zs7O/87Ozv/Ojo6/zo6Ov85OTn/Ojo6/zw8PP87Ozv/OTk5/zk5Of85OTn/OTk5/zk5Of85OTn/OTk5/zk5Of84ODj/ODg4/zk5Of85OTn/OTk5/zk5Of85OTn/Ojo6/zo6Ov87Ozv/Ozs7/zs7O/86Ojr/ODg4/zg4OP86Ojr/Ojo6/zs7O/88PDz/PDw8/zw8PP87Ozv/Ozs7/zw8PP8+Pj7/PT09/zw8PP88PDz/Ozs7/zs7O/86Ojr/OTk5/zg4OP85OTn/Ojo6/zs7O/87Ozv/Ozs7/zs7O/87Ozv/PDw8/z09Pf88PDz/Ozs7/zs7O/88PDz/PDw8/z09Pf88PDz/Ozs7/zs7O/86Ojr/Ojo6/zo6Ov87Ozv/PT09/z4+Pv89PT3/PDw8/zw8PP89PT3/PDw8/zs7O/87Ozv/PDw8/zs7O/86Ojr/Ojo6/zs7O/87Ozv/Ojo6/zs7O/87Ozv/Ozs7/zs7O/87Ozv/Ozs7/zs7O/87Ozv/Ojo6/zo6Ov85OTn/Ojo6/zs7O/88PDz/PT09/z09Pf89PT3/PDw8/zs7O/87Ozv/OTk5/zk5Of85OTn/OTk5/zo6Ov86Ojr/Ojo6/zo6Ov86Ojr/OTk5/zo6Ov87Ozv/Ozs7/zs7O/88PDz/PT09/z09Pf88PDz/PT09/z4+Pv8+Pj7/PT09/zw8PP89PT3/Pj4+/z09Pf88PDz/PT09/z09Pf89PT3/PDw8/zw8PP88PDz/PDw8/zs7O/87Ozv/PDw8/z09Pf8+Pj7/Pj4+/z09Pf89PT3/PDw8/zw8PP88PDz/Ozs7/zw8PP89PT3/PT09/z4+Pv89PT3/PDw8/zw8PP87Ozv/PDw8/z4+Pv8+Pj7/Pz8//z8/P/8+Pj7/PT09/zs7O/86Ojr/Ozs7/zs7O/87Ozv/Ozs7/zs7O/87Ozv/PDw8/z8/P/8/Pz//Pj4+/z4+Pv89PT3/PT09/zs7O/87Ozv/PDw8/zw8PP89PT3/Pj4+/z8/P/9BQUH/QUFB/0JCQv9CQkL/QkJC/0BAQP8+Pj7/Pj4+/z8/P/8/Pz//Pj4+/z09Pf89PT3/PT09/z4+Pv8+Pj7/Pj4+/z4+Pv8+Pj7/Pj4+/z4+Pv8+Pj7/Pj4+/z09Pf8+Pj7/QEBA/z8/P/89PT3/PT09/z4+Pv8+Pj7/Pj4+/z4+Pv8/Pz//QEBA/z8/P/8/Pz//Pz8//z4+Pv8+Pj7/Pz8//z8/P/9AQED/Pz8//z4+Pv8+Pj7/Pz8//z8/P/9AQED/QUFB/0BAQP9AQED/Pz8//z8/P/9AQED/QUFB/0BAQP9AQED/QEBA/0FBQf9BQUH/QkJC/0FBQf9AQED/QEBA/0BAQP8/Pz//Pj4+/z09Pf8+Pj7/Pz8//0FBQf9CQkL/Q0ND/x0dHf8dHR3/HR0d/xwcHP8cHBz/HBwc/x0dHf8dHR3/HR0d/x0dHf8eHh7/Hh4e/xwcHP8cHBz/Gxsb/xsbG/8dHR3/Hh4e/x0dHf8cHBz/HBwc/xwcHP8cHBz/HR0d/x0dHf8cHBz/HBwc/xwcHP8cHBz/HBwc/xwcHP8cHBz/Gxsb/xoaGv8ZGRn/GBgY/xcXF/8XFxf/FhYW/xcXF/8YGBj/Ghoa/x4eHv8eHh7/Hx8f/x4eHv8dHR3/HR0d/xwcHP8cHBz/Gxsb/xsbG/8aGhr/Ghoa/xoaGv8ZGRn/Ghoa/xoaGv8bGxv/HBwc/x8fH/8jIyP/IyMj/yIiIv8gICD/HBwc/xsbG/8bGxv/Gxsb/xsbG/8bGxv/HBwc/xwcHP8dHR3/Hh4e/yAgIP8iIiL/JSUl/ykpKf8rKyv/LS0t/y4uLv8vLy//Li4u/ywsLP8rKyv/Kioq/yoqKv8sLCz/Li4u/zIyMv81NTX/NjY2/zY2Nv8xMTH/Kysr/ywsLP8sLCz/MDAw/zU1Nf83Nzf/OTk5/zk5Of85OTn/Ojo6/z09Pf89PT3/Ozs7/zo6Ov83Nzf/NTU1/zIyMv8vLy//Li4u/ywsLP8tLS3/Ly8v/zExMf8zMzP/NTU1/zg4OP84ODj/Nzc3/zc3N/83Nzf/ODg4/zk5Of86Ojr/PT09/z8/P/8/Pz//Pz8//zw8PP85OTn/Ojo6/zs7O/89PT3/QUFB/0JCQv9DQ0P/QUFB/z8/P/8/Pz//QUFB/0JCQv9BQUH/QkJC/0hISP9MTEz/SUlJ/0ZGRv9CQkL/PT09/zs7O/83Nzf/Nzc3/zY2Nv80NDT/MjIy/zExMf8yMjL/MjIy/zExMf8vLy//KCgo/yQkJP8hISH/ICAg/x0dHf8aGhr/GBgY/xUVFf8VFRX/FRUV/xYWFv8ZGRn/Gxsb/yAgIP8gICD/Hh4e/xwcHP8XFxf/FRUV/xMTE/8SEhL/EBAQ/w4ODv8ODg7/Dg4O/w4ODv8PDw//Dw8P/w8PD/8PDw//Dw8P/w8PD/8PDw//Dw8P/w8PD/8PDw//Dw8P/w8PD/8PDw//Dw8P/xAQEP8RERH/FBQU/xYWFv8eHh7/Jycn/zExMf8+Pj7/RERE/0xMTP9OTk7/UVFR/1FRUf9PT0//Tk5O/0pKSv9ISEj/R0dH/0ZGRv9DQ0P/QUFB/0JCQv9DQ0P/QUFB/z8/P/83Nzf/LS0t/ycnJ/8eHh7/Ghoa/xQUFP8SEhL/EBAQ/xAQEP8PDw//Dw8P/w8PD/8PDw//Dw8P/w8PD/8PDw//Dw8P/w8PD/8QEBD/EBAQ/w8PD/8PDw//Dw8P/w8PD/8PDw//EBAQ/xISEv8UFBT/GRkZ/x0dHf8nJyf/LS0t/zAwMP8yMjL/MzMz/zQ0NP8zMzP/MTEx/zExMf8wMDD/MDAw/zExMf82Njb/QEBA/z8/P/82Njb/MjIy/ywsLP8pKSn/KCgo/ygoKP8rKyv/Li4u/zAwMP8yMjL/MTEx/zAwMP8wMDD/MTEx/zIyMv80NDT/NDQ0/zU1Nf80NDT/MjIy/zExMf8xMTH/MTEx/zExMf8xMTH/MjIy/zIyMv8yMjL/MzMz/zMzM/80NDT/MzMz/zIyMv8yMjL/MjIy/zMzM/80NDT/NDQ0/zU1Nf81NTX/NDQ0/zQ0NP8zMzP/MzMz/zMzM/8zMzP/MzMz/zQ0NP80NDT/NDQ0/zMzM/8yMjL/MzMz/zQ0NP8zMzP/MjIy/zExMf8wMDD/MTEx/zIyMv8zMzP/MzMz/zQ0NP80NDT/QkJC/0FBQf9AQED/QEBA/0BAQP9BQUH/QkJC/0JCQv9CQkL/QUFB/0FBQf9AQED/QEBA/0BAQP9BQUH/QkJC/0NDQ/9ERET/QkJC/0FBQf9AQED/Pz8//z8/P/8/Pz//Pz8//z8/P/8/Pz//QEBA/0BAQP9AQED/QEBA/z8/P/8/Pz//Pj4+/z4+Pv8+Pj7/Pj4+/z4+Pv89PT3/Pj4+/z4+Pv8+Pj7/PT09/z09Pf89PT3/Ojo6/zU1Nf81NTX/Nzc3/zs7O/9FRUX/UFBQ/2tra/98fHz/goKC/4aGhv+FhYX/hISE/4GBgf9+fn7/gYGB/4aGhv+Kior/kZGR/5CQkP+Li4v/i4uL/4qKiv+Ghob/e3t7/3d3d/94eHj/eXl5/319ff+AgID/goKC/4ODg/+AgID/e3t7/3V1df9sbGz/bW1t/29vb/9xcXH/dHR0/3x8fP+MjIz/kZGR/5KSkv+Pj4//hoaG/4GBgf+FhYX/iIiI/3x8fP9wcHD/XFxc/0NDQ/87Ozv/MTEx/zExMf8yMjL/NTU1/zo6Ov83Nzf/Kioq/yYmJv8kJCT/JSUl/ywsLP8vLy//Kioq/yUlJf8iIiL/Hh4e/yAgIP8jIyP/Jycn/y0tLf8oKCj/Hx8f/x0dHf8bGxv/Gxsb/xsbG/8bGxv/Ghoa/xoaGv8ZGRn/GRkZ/xcXF/8WFhb/FRUV/xQUFP8TExP/ExMT/xMTE/8TExP/ExMT/xQUFP8UFBT/FBQU/xMTE/8TExP/ExMT/xQUFP8VFRX/GRkZ/x0dHf8lJSX/LS0t/zMzM/85OTn/Q0ND/09PT/9FRUX/NTU1/ywsLP8cHBz/GBgY/xYWFv8YGBj/ICAg/ycnJ/8yMjL/ODg4/z09Pf9AQED/QUFB/0FBQf9BQUH/QUFB/z8/P/8+Pj7/PDw8/zs7O/87Ozv/Ozs7/zc3N/8tLS3/JiYm/xoaGv8VFRX/ExMT/xMTE/8VFRX/FxcX/yIiIv8sLCz/LCws/y0tLf8kJCT/GBgY/xYWFv8VFRX/GBgY/x0dHf8jIyP/LCws/zAwMP8xMTH/MjIy/zIyMv8yMjL/MTEx/y8vL/8pKSn/IyMj/yIiIv8gICD/ICAg/yAgIP8dHR3/GBgY/xYWFv8SEhL/EhIS/xISEv8TExP/FhYW/xsbG/8mJib/LS0t/y4uLv8uLi7/IyMj/xcXF/8VFRX/FBQU/xkZGf8hISH/KSkp/zQ0NP82Njb/Nzc3/zg4OP85OTn/Ozs7/z8/P/9BQUH/RUVF/0hISP9GRkb/RUVF/0JCQv9AQED/NjY2/yoqKv8hISH/FRUV/xMTE/8RERH/ERER/xMTE/8WFhb/Hx8f/yEhIf8hISH/Hx8f/xgYGP8TExP/EhIS/xISEv8XFxf/HBwc/yUlJf8xMTH/NjY2/z4+Pv88PDz/ODg4/zc3N/81NTX/NTU1/zU1Nf80NDT/MjIy/zAwMP8rKyv/Jycn/yAgIP8ZGRn/FRUV/xEREf8QEBD/EBAQ/xISEv8WFhb/Hh4e/ywsLP8wMDD/NTU1/zAwMP8gICD/GRkZ/xQUFP8RERH/EBAQ/w8PD/8PDw//Dw8P/w8PD/8PDw//Dw8P/xAQEP8PDw//Dw8P/w8PD/8ODg7/Dg4O/w4ODv8PDw//Dw8P/w8PD/8PDw//Dw8P/w8PD/8PDw//ERER/xISEv8ZGRn/ISEh/ykpKf8zMzP/LS0t/yQkJP8eHh7/FhYW/xQUFP8SEhL/ExMT/xgYGP8aGhr/HR0d/x8fH/8iIiL/JCQk/yQkJP9PT0//SEhI/0BAQP9AQED/QUFB/0FBQf9BQUH/QEBA/z8/P/8+Pj7/PT09/z09Pf8+Pj7/Pz8//z8/P/8/Pz//QEBA/0BAQP8/Pz//Pz8//z8/P/8/Pz//Pz8//0BAQP9BQUH/QkJC/0JCQv9DQ0P/Q0ND/0JCQv9CQkL/QUFB/0BAQP9AQED/QEBA/z8/P/8+Pj7/Pj4+/z09Pf8/Pz//QUFB/0BAQP8/Pz//Pz8//z8/P/8/Pz//Pz8//z8/P/8/Pz//Pz8//z8/P/9AQED/QEBA/0BAQP9BQUH/QkJC/0FBQf9BQUH/QUFB/0FBQf9CQkL/Q0ND/0JCQv9BQUH/QEBA/0BAQP9AQED/QUFB/0JCQv9BQUH/QUFB/0FBQf9AQED/QEBA/0BAQP9AQED/QUFB/0FBQf9CQkL/QkJC/0JCQv9CQkL/QUFB/0JCQv9DQ0P/Q0ND/0NDQ/9DQ0P/QkJC/0JCQv9CQkL/QkJC/0FBQf9BQUH/QUFB/0FBQf9BQUH/QUFB/0JCQv9CQkL/QUFB/0BAQP9AQED/QUFB/0FBQf9AQED/QEBA/0JCQv9CQkL/QEBA/0BAQP9AQED/QUFB/0FBQf9CQkL/Q0ND/0RERP9DQ0P/QUFB/0BAQP8/Pz//Pz8//0BAQP9AQED/QEBA/0BAQP9AQED/QEBA/0JCQv9CQkL/Q0ND/0NDQ/9CQkL/QkJC/0JCQv9BQUH/QUFB/0JCQv9CQkL/QkJC/0JCQv9BQUH/QUFB/0BAQP9AQED/QUFB/0FBQf9CQkL/QkJC/0FBQf9BQUH/QUFB/0BAQP9AQED/QEBA/0BAQP9AQED/QUFB/0FBQf9BQUH/QEBA/0BAQP9AQED/QEBA/0BAQP9AQED/QEBA/0FBQf9BQUH/QUFB/0FBQf9CQkL/QkJC/0NDQ/9CQkL/QkJC/0JCQv9BQUH/QUFB/0BAQP9AQED/QkJC/0JCQv9CQkL/Q0ND/0JCQv9CQkL/QUFB/0BAQP9BQUH/QkJC/0JCQv9CQkL/QUFB/0BAQP8/Pz//Pj4+/z4+Pv8+Pj7/Pz8//z8/P/9AQED/QUFB/0JCQv9CQkL/QkJC/0FBQf9AQED/Pz8//z4+Pv8+Pj7/QEBA/0BAQP9AQED/QEBA/0FBQf9BQUH/QEBA/0BAQP9AQED/QUFB/0FBQf9CQkL/QUFB/0FBQf9AQED/QEBA/0BAQP8/Pz//QEBA/0BAQP9BQUH/QkJC/0FBQf9AQED/QEBA/0FBQf9BQUH/QUFB/0FBQf9BQUH/QUFB/0BAQP8/Pz//QEBA/0BAQP9BQUH/QUFB/0BAQP8/Pz//Pz8//0BAQP9AQED/QUFB/0FBQf9BQUH/QUFB/0JCQv9CQkL/Q0ND/0JCQv9BQUH/QEBA/0FBQf9CQkL/Q0ND/0VFRf9GRkb/SUlJ/09PT/9ZWVn/W1tb/1tbW/9WVlb/SkpK/0VFRf9DQ0P/Q0ND/0NDQ/9DQ0P/Q0ND/0NDQ/9DQ0P/Q0ND/0ZGRv9LS0v/U1NT/2BgYP9eXl7/WVlZ/1RUVP9KSkr/R0dH/0RERP9DQ0P/QUFB/0BAQP9BQUH/Q0ND/0tLS/9UVFT/W1tb/2JiYv9lZWX/aWlp/2pqav9ra2v/bGxs/25ubv9tbW3/bGxs/2lpaf9fX1//WVlZ/01NTf9HR0f/RUVF/0RERP9ERET/RUVF/0ZGRv9HR0f/RUVF/0JCQv9CQkL/QkJC/0RERP9JSUn/UFBQ/19fX/9kZGT/ZmZm/2NjY/9SUlL/SUlJ/0ZGRv9ERET/Q0ND/zQ0NP80NDT/NDQ0/zMzM/8zMzP/MzMz/zQ0NP81NTX/NjY2/zU1Nf81NTX/NTU1/zU1Nf81NTX/NTU1/zU1Nf81NTX/NTU1/zU1Nf81NTX/NTU1/zU1Nf81NTX/NDQ0/zU1Nf82Njb/NTU1/zU1Nf81NTX/NTU1/zU1Nf81NTX/NjY2/zY2Nv82Njb/NjY2/zY2Nv82Njb/NTU1/zU1Nf81NTX/NTU1/zU1Nf81NTX/NTU1/zU1Nf81NTX/NTU1/zU1Nf82Njb/NjY2/zY2Nv82Njb/NjY2/zY2Nv83Nzf/Nzc3/zc3N/83Nzf/Nzc3/zg4OP84ODj/Nzc3/zY2Nv82Njb/Nzc3/zg4OP85OTn/OTk5/zk5Of85OTn/Ojo6/zo6Ov87Ozv/PDw8/zw8PP88PDz/Ozs7/zo6Ov86Ojr/Ojo6/zk5Of84ODj/ODg4/zg4OP84ODj/ODg4/zg4OP84ODj/ODg4/zg4OP84ODj/OTk5/zk5Of85OTn/ODg4/zk5Of85OTn/OTk5/zk5Of85OTn/ODg4/zg4OP84ODj/ODg4/zk5Of85OTn/Ojo6/zo6Ov88PDz/PT09/zw8PP88PDz/PDw8/zw8PP88PDz/Ozs7/zs7O/86Ojr/Ojo6/zk5Of85OTn/ODg4/zg4OP85OTn/Ojo6/zo6Ov86Ojr/Ojo6/zo6Ov87Ozv/Ozs7/zs7O/87Ozv/Ozs7/zs7O/87Ozv/PDw8/zs7O/86Ojr/Ojo6/zs7O/87Ozv/PDw8/zw8PP88PDz/PDw8/zs7O/87Ozv/Ozs7/zw8PP88PDz/PDw8/zw8PP88PDz/Ozs7/zo6Ov87Ozv/Ozs7/zw8PP8+Pj7/Pj4+/z09Pf89PT3/PDw8/zw8PP88PDz/PDw8/zw8PP87Ozv/Ozs7/zo6Ov86Ojr/Ozs7/zs7O/88PDz/PDw8/zw8PP88PDz/PT09/z09Pf89PT3/PT09/zw8PP88PDz/PDw8/zs7O/88PDz/PT09/z09Pf89PT3/PDw8/zw8PP88PDz/PDw8/zw8PP89PT3/PT09/z4+Pv8+Pj7/PT09/z09Pf88PDz/Ozs7/zw8PP89PT3/PT09/z4+Pv8/Pz//QEBA/z8/P/8+Pj7/PT09/z09Pf89PT3/PT09/z4+Pv8+Pj7/Pj4+/z4+Pv8+Pj7/PT09/zw8PP88PDz/Ozs7/zw8PP89PT3/PT09/z09Pf89PT3/PT09/z09Pf89PT3/PT09/z09Pf8+Pj7/Pj4+/z8/P/8+Pj7/Pj4+/z09Pf89PT3/PDw8/zs7O/87Ozv/PDw8/zw8PP88PDz/PDw8/zw8PP89PT3/Pz8//z8/P/8+Pj7/Pj4+/z09Pf88PDz/Ozs7/zs7O/88PDz/PDw8/z4+Pv8/Pz//Pz8//z8/P/9AQED/QUFB/0BAQP8/Pz//Pj4+/z09Pf8+Pj7/Pz8//0BAQP9AQED/Pz8//z8/P/8/Pz//Pz8//z8/P/8/Pz//Pz8//0BAQP9AQED/Pz8//z4+Pv8+Pj7/Pj4+/z8/P/8/Pz//Pz8//z4+Pv8/Pz//Pz8//z8/P/8+Pj7/Pj4+/z8/P/9AQED/Pz8//z8/P/8/Pz//Pz8//z4+Pv8+Pj7/Pz8//0BAQP9AQED/QUFB/0BAQP8/Pz//Pz8//z8/P/8/Pz//Pz8//z8/P/9AQED/QEBA/0BAQP9AQED/QEBA/0BAQP9AQED/QEBA/0BAQP9BQUH/QEBA/z8/P/8/Pz//Pz8//z4+Pv8+Pj7/Pj4+/0BAQP9CQkL/S0tL/1FRUf9QUFD/Gxsb/xsbG/8bGxv/Gxsb/xsbG/8bGxv/HBwc/x0dHf8dHR3/HR0d/x4eHv8dHR3/HBwc/xsbG/8aGhr/Ghoa/xsbG/8cHBz/HBwc/xwcHP8cHBz/HBwc/xwcHP8cHBz/HBwc/xwcHP8cHBz/HR0d/xwcHP8cHBz/HBwc/xsbG/8aGhr/GRkZ/xgYGP8YGBj/GBgY/xcXF/8XFxf/FxcX/xcXF/8aGhr/Hh4e/x8fH/8fHx//Hh4e/x0dHf8dHR3/Hh4e/x4eHv8dHR3/HBwc/xwcHP8bGxv/Gxsb/xoaGv8aGhr/Ghoa/xsbG/8dHR3/ICAg/yQkJP8kJCT/IyMj/yEhIf8cHBz/Gxsb/xsbG/8bGxv/HBwc/x0dHf8dHR3/HR0d/x4eHv8fHx//ISEh/yQkJP8lJSX/JiYm/ygoKP8pKSn/Kioq/ysrK/8qKir/KSkp/ygoKP8oKCj/KCgo/ygoKP8pKSn/LS0t/zAwMP8xMTH/MjIy/y8vL/8sLCz/Li4u/zExMf80NDT/OTk5/zk5Of84ODj/Nzc3/zQ0NP81NTX/Nzc3/zg4OP84ODj/Nzc3/zMzM/8wMDD/LS0t/yoqKv8pKSn/KSkp/y0tLf8xMTH/MjIy/zQ0NP80NDT/NjY2/zc3N/84ODj/OTk5/zw8PP88PDz/Ozs7/zs7O/89PT3/Pj4+/z09Pf89PT3/PDw8/zo6Ov86Ojr/Ojo6/zs7O/89PT3/Pj4+/z8/P/8/Pz//Pz8//z8/P/9BQUH/QUFB/0BAQP9AQED/QkJC/0RERP9FRUX/RkZG/0RERP9BQUH/PT09/zg4OP83Nzf/NjY2/zU1Nf8zMzP/MzMz/zQ0NP80NDT/MzMz/zAwMP8pKSn/JSUl/yEhIf8eHh7/Gxsb/xgYGP8XFxf/FRUV/xQUFP8UFBT/FBQU/xYWFv8XFxf/GRkZ/xkZGf8YGBj/FxcX/xQUFP8TExP/ERER/xAQEP8PDw//Dg4O/w4ODv8PDw//Dw8P/w8PD/8PDw//Dw8P/w8PD/8PDw//Dw8P/w8PD/8PDw//Dw8P/w8PD/8PDw//EBAQ/xAQEP8QEBD/ExMT/xYWFv8dHR3/JCQk/ywsLP81NTX/Ozs7/0NDQ/9GRkb/SkpK/0tLS/9NTU3/TU1N/01NTf9MTEz/SkpK/0hISP9ISEj/R0dH/0VFRf9ERET/RUVF/0dHR/9HR0f/RkZG/0NDQ/8+Pj7/ODg4/y0tLf8nJyf/Gxsb/xcXF/8SEhL/EBAQ/w8PD/8PDw//Dw8P/w8PD/8PDw//Dw8P/w8PD/8PDw//Dw8P/w8PD/8PDw//Dw8P/w8PD/8ODg7/Dg4O/w4ODv8PDw//ERER/xMTE/8XFxf/Gxsb/yQkJP8qKir/Ly8v/zMzM/80NDT/NTU1/zQ0NP8yMjL/MTEx/zAwMP8wMDD/MTEx/zQ0NP85OTn/Nzc3/y8vL/8sLCz/KCgo/ycnJ/8mJib/JiYm/ygoKP8qKir/LCws/y8vL/8vLy//MDAw/zAwMP8vLy//MDAw/zExMf8xMTH/MTEx/zExMf8xMTH/MDAw/zExMf8xMTH/MTEx/zExMf8yMjL/MzMz/zIyMv8wMDD/MTEx/zExMf8yMjL/MjIy/zIyMv8zMzP/MzMz/zMzM/8zMzP/NDQ0/zQ0NP8zMzP/MzMz/zIyMv8yMjL/MjIy/zMzM/8zMzP/NDQ0/zQ0NP8zMzP/MzMz/zIyMv8yMjL/MzMz/zMzM/8yMjL/MjIy/zExMf8xMTH/MTEx/zExMf8yMjL/MzMz/zMzM/9BQUH/QUFB/0BAQP9AQED/QEBA/0FBQf9ERET/RERE/0NDQ/9CQkL/QUFB/0FBQf9BQUH/QUFB/0JCQv9CQkL/Q0ND/0RERP9CQkL/QUFB/0BAQP8/Pz//Pz8//z4+Pv8+Pj7/PT09/z4+Pv9AQED/QEBA/0BAQP9AQED/Pz8//z4+Pv8+Pj7/Pj4+/z09Pf88PDz/Ozs7/zo6Ov87Ozv/PDw8/zw8PP88PDz/Ozs7/zo6Ov82Njb/Li4u/ysrK/8oKCj/Kioq/zU1Nf9DQ0P/aWlp/39/f/9/f3//fn5+/3p6ev92dnb/dXV1/3V1df95eXn/fn5+/4ODg/+Li4v/ioqK/4iIiP+Hh4f/hYWF/4GBgf94eHj/dXV1/3d3d/96enr/fn5+/4KCgv+BgYH/gICA/319ff95eXn/dHR0/25ubv9ubm7/b29v/3Fxcf92dnb/gICA/5WVlf+dnZ3/oqKi/6Ghof+VlZX/jo6O/4+Pj/+Ojo7/f39//29vb/9cXFz/RERE/z4+Pv81NTX/NjY2/zk5Of89PT3/RUVF/0BAQP8uLi7/Jycn/yUlJf8mJib/MDAw/zU1Nf8uLi7/KCgo/yMjI/8dHR3/ICAg/yMjI/8qKir/NTU1/y4uLv8gICD/HR0d/xoaGv8ZGRn/GBgY/xgYGP8XFxf/FxcX/xcXF/8XFxf/FhYW/xUVFf8VFRX/FBQU/xQUFP8TExP/FBQU/xQUFP8UFBT/FBQU/xQUFP8UFBT/FBQU/xMTE/8TExP/FBQU/xUVFf8ZGRn/HBwc/yQkJP8rKyv/MTEx/zc3N/8/Pz//S0tL/0JCQv80NDT/Kysr/xwcHP8ZGRn/FxcX/xoaGv8kJCT/Kioq/zU1Nf87Ozv/Pz8//0JCQv9CQkL/QkJC/0FBQf9AQED/Pj4+/zs7O/87Ozv/PDw8/z09Pf8/Pz//Ozs7/zExMf8qKir/Gxsb/xYWFv8UFBT/ExMT/xYWFv8YGBj/IyMj/y4uLv8vLy//Ly8v/yUlJf8ZGRn/FxcX/xYWFv8bGxv/IyMj/ysrK/85OTn/Pj4+/z8/P/9AQED/QEBA/z8/P/8+Pj7/PT09/zU1Nf8tLS3/Kioq/ycnJ/8nJyf/JiYm/yMjI/8dHR3/GRkZ/xMTE/8SEhL/ExMT/xQUFP8XFxf/Gxsb/ycnJ/8tLS3/Li4u/y4uLv8jIyP/FxcX/xYWFv8UFBT/Gxsb/yUlJf8sLCz/OTk5/zo6Ov86Ojr/Ozs7/z8/P/9BQUH/RERE/0VFRf9FRUX/RUVF/0JCQv8/Pz//QEBA/0BAQP83Nzf/LCws/yMjI/8WFhb/ExMT/xAQEP8RERH/ExMT/xcXF/8gICD/IyMj/yIiIv8gICD/GBgY/xMTE/8SEhL/EhIS/xgYGP8dHR3/Jycn/zIyMv84ODj/QEBA/z4+Pv85OTn/NjY2/zQ0NP80NDT/NjY2/zY2Nv81NTX/NDQ0/y4uLv8pKSn/ISEh/xoaGv8WFhb/ERER/xEREf8QEBD/EhIS/xYWFv8eHh7/Kysr/y8vL/80NDT/Ly8v/x8fH/8YGBj/ExMT/xEREf8QEBD/Dw8P/w8PD/8PDw//Dw8P/xAQEP8QEBD/EBAQ/xAQEP8PDw//Dw8P/w4ODv8ODg7/Dg4O/w4ODv8PDw//Dw8P/xAQEP8QEBD/Dw8P/w8PD/8RERH/EhIS/xoaGv8iIiL/Kioq/zQ0NP8uLi7/JCQk/x4eHv8VFRX/ExMT/xISEv8UFBT/Gxsb/x4eHv8hISH/JCQk/ygoKP8rKyv/Kysr/1VVVf9MTEz/QUFB/0FBQf9AQED/QUFB/0JCQv9BQUH/Pj4+/z4+Pv88PDz/PDw8/z4+Pv8+Pj7/Pz8//z8/P/9AQED/QUFB/0BAQP9AQED/QEBA/0BAQP9AQED/QUFB/0FBQf9CQkL/QkJC/0JCQv9CQkL/QkJC/0JCQv9AQED/QEBA/z8/P/8/Pz//Pj4+/z09Pf89PT3/PT09/z8/P/9BQUH/QEBA/z8/P/8/Pz//Pz8//z8/P/9AQED/QEBA/0BAQP9AQED/QEBA/0BAQP9AQED/QEBA/0FBQf9CQkL/QkJC/0FBQf9BQUH/QUFB/0JCQv9ERET/Q0ND/0FBQf9AQED/Pz8//0BAQP9CQkL/QkJC/0BAQP9AQED/QUFB/0FBQf9BQUH/QUFB/0FBQf9BQUH/QUFB/0JCQv9CQkL/QkJC/0JCQv9CQkL/Q0ND/0RERP9ERET/Q0ND/0NDQ/9DQ0P/Q0ND/0JCQv9CQkL/QUFB/0FBQf9BQUH/QUFB/0FBQf9AQED/QUFB/0JCQv9BQUH/Pz8//0BAQP9BQUH/QUFB/z8/P/9AQED/QUFB/0JCQv9BQUH/QEBA/0FBQf9BQUH/QkJC/0JCQv9DQ0P/RERE/0NDQ/9BQUH/QEBA/z4+Pv8/Pz//QEBA/0BAQP9AQED/QEBA/0BAQP9AQED/QUFB/0JCQv9DQ0P/Q0ND/0NDQ/9CQkL/QkJC/0FBQf9CQkL/Q0ND/0NDQ/9DQ0P/QkJC/0FBQf9BQUH/QEBA/0BAQP9AQED/QEBA/0FBQf9BQUH/QUFB/0FBQf9BQUH/QEBA/0BAQP8/Pz//Pz8//0BAQP9AQED/QUFB/0FBQf9AQED/QEBA/0FBQf9BQUH/QEBA/z8/P/9AQED/QUFB/0FBQf9BQUH/QkJC/0NDQ/9DQ0P/Q0ND/0JCQv9BQUH/QUFB/0BAQP9AQED/Pz8//z8/P/9BQUH/QUFB/0JCQv9DQ0P/Q0ND/0NDQ/9BQUH/QEBA/0FBQf9CQkL/QkJC/0NDQ/9CQkL/QEBA/z8/P/89PT3/PT09/z4+Pv8+Pj7/Pz8//0BAQP9CQkL/Q0ND/0JCQv9CQkL/QUFB/0BAQP8/Pz//Pj4+/z8/P/9AQED/QEBA/0BAQP9AQED/QUFB/0FBQf9BQUH/QUFB/0BAQP9AQED/QkJC/0NDQ/9CQkL/QUFB/0BAQP9AQED/QEBA/z8/P/8/Pz//Pz8//0BAQP9BQUH/QEBA/z4+Pv8+Pj7/Pz8//z8/P/9AQED/QUFB/0FBQf9BQUH/QEBA/z8/P/9AQED/QEBA/0BAQP9AQED/QEBA/z8/P/9AQED/QUFB/0FBQf9BQUH/QUFB/0JCQv9CQkL/Q0ND/0NDQ/9DQ0P/Q0ND/0FBQf9AQED/QUFB/0JCQv9DQ0P/RERE/0VFRf9ISEj/TU1N/1ZWVv9XV1f/V1dX/1NTU/9JSUn/RUVF/0JCQv9BQUH/QkJC/0JCQv9CQkL/QkJC/0NDQ/9DQ0P/R0dH/0tLS/9UVFT/YGBg/15eXv9YWFj/U1NT/0pKSv9HR0f/RERE/0JCQv8/Pz//Pj4+/z8/P/9AQED/RkZG/0xMTP9VVVX/Xl5e/2NjY/9paWn/ampq/2xsbP9tbW3/b29v/21tbf9nZ2f/YWFh/1RUVP9OTk7/R0dH/0RERP9ERET/RERE/0VFRf9GRkb/R0dH/0hISP9FRUX/QkJC/0FBQf8/Pz//QEBA/0NDQ/9ISEj/VVVV/1paWv9fX1//XV1d/1BQUP9ISEj/RUVF/0NDQ/9CQkL/MzMz/zMzM/8zMzP/MzMz/zMzM/8zMzP/NDQ0/zQ0NP81NTX/NTU1/zU1Nf81NTX/NTU1/zU1Nf81NTX/NTU1/zU1Nf81NTX/NTU1/zY2Nv82Njb/NjY2/zU1Nf80NDT/NTU1/zY2Nv82Njb/NTU1/zU1Nf80NDT/NDQ0/zU1Nf81NTX/NjY2/zY2Nv83Nzf/Nzc3/zY2Nv82Njb/NjY2/zU1Nf81NTX/NTU1/zU1Nf81NTX/NTU1/zQ0NP80NDT/NDQ0/zQ0NP81NTX/NTU1/zU1Nf81NTX/NjY2/zY2Nv82Njb/Nzc3/zc3N/82Njb/Nzc3/zg4OP83Nzf/NTU1/zY2Nv83Nzf/ODg4/zk5Of86Ojr/ODg4/zg4OP85OTn/Ojo6/zw8PP89PT3/PT09/z09Pf88PDz/Ozs7/zo6Ov85OTn/ODg4/zc3N/83Nzf/ODg4/zg4OP84ODj/ODg4/zc3N/83Nzf/ODg4/zg4OP85OTn/OTk5/zg4OP84ODj/ODg4/zk5Of85OTn/ODg4/zg4OP83Nzf/Nzc3/zg4OP84ODj/OTk5/zk5Of85OTn/OTk5/zw8PP89PT3/PDw8/zw8PP87Ozv/Ozs7/zs7O/87Ozv/Ozs7/zo6Ov86Ojr/OTk5/zk5Of84ODj/ODg4/zk5Of85OTn/OTk5/zk5Of86Ojr/Ojo6/zo6Ov86Ojr/Ojo6/zs7O/87Ozv/Ozs7/zs7O/87Ozv/Ozs7/zo6Ov86Ojr/Ozs7/zs7O/89PT3/PDw8/zs7O/86Ojr/Ojo6/zo6Ov87Ozv/Ozs7/zs7O/88PDz/PDw8/zw8PP87Ozv/Ojo6/zs7O/88PDz/PT09/z8/P/9AQED/Pj4+/z4+Pv89PT3/PDw8/z09Pf89PT3/PDw8/zw8PP87Ozv/Ojo6/zo6Ov87Ozv/Ozs7/zw8PP88PDz/Ozs7/zw8PP8+Pj7/Pz8//0BAQP9AQED/Pz8//z4+Pv89PT3/PDw8/z09Pf8+Pj7/Pj4+/z8/P/8+Pj7/PDw8/zw8PP88PDz/PDw8/z09Pf89PT3/Pz8//z8/P/89PT3/PT09/zs7O/86Ojr/Ozs7/zw8PP8+Pj7/Pz8//0BAQP9BQUH/QEBA/z8/P/8+Pj7/PT09/z4+Pv8/Pz//Pz8//z8/P/8/Pz//Pj4+/z4+Pv89PT3/PDw8/zw8PP87Ozv/PT09/z4+Pv89PT3/PT09/z09Pf89PT3/PT09/z09Pf8+Pj7/Pz8//z8/P/8/Pz//Pz8//z4+Pv8+Pj7/PT09/z09Pf88PDz/Ozs7/zw8PP89PT3/PT09/z09Pf89PT3/PDw8/z09Pf8/Pz//Pz8//z4+Pv8+Pj7/PDw8/zw8PP87Ozv/Ozs7/zw8PP88PDz/Pj4+/z8/P/8/Pz//Pj4+/z8/P/9AQED/Pz8//z09Pf89PT3/PDw8/z09Pf9AQED/QEBA/0FBQf9BQUH/QEBA/0BAQP9AQED/QEBA/0BAQP9AQED/QEBA/0FBQf9AQED/Pj4+/z4+Pv8/Pz//Pz8//z8/P/8/Pz//Pz8//z8/P/9AQED/QEBA/z8/P/8+Pj7/Pz8//0BAQP8/Pz//Pz8//z8/P/8/Pz//Pj4+/z09Pf8+Pj7/QEBA/0FBQf9CQkL/QUFB/z8/P/8+Pj7/Pj4+/z4+Pv8/Pz//Pz8//0BAQP9AQED/Pz8//z8/P/8/Pz//QEBA/0BAQP8/Pz//Pz8//0BAQP9AQED/Pz8//z8/P/8+Pj7/Pj4+/z4+Pv8+Pj7/QUFB/0RERP9QUFD/WVlZ/1dXV/8aGhr/Ghoa/xoaGv8aGhr/Ghoa/xsbG/8cHBz/HBwc/x0dHf8dHR3/Hh4e/x0dHf8cHBz/Gxsb/xoaGv8ZGRn/Ghoa/xsbG/8cHBz/HBwc/xwcHP8cHBz/HBwc/xwcHP8cHBz/HBwc/xwcHP8dHR3/HR0d/xwcHP8cHBz/Ghoa/xoaGv8ZGRn/GBgY/xgYGP8YGBj/FxcX/xcXF/8XFxf/FxcX/xoaGv8fHx//Hx8f/x8fH/8eHh7/HR0d/x4eHv8fHx//Hx8f/x0dHf8dHR3/HBwc/xwcHP8bGxv/Gxsb/xsbG/8aGhr/Gxsb/x0dHf8gICD/JSUl/yUlJf8kJCT/ISEh/xwcHP8bGxv/Gxsb/xwcHP8dHR3/Hh4e/x0dHf8dHR3/Hh4e/x8fH/8iIiL/JSUl/yUlJf8lJSX/JiYm/ycnJ/8oKCj/KSkp/ygoKP8mJib/JiYm/ycnJ/8nJyf/JiYm/yYmJv8rKyv/Li4u/y8vL/8wMDD/Li4u/ywsLP8wMDD/NDQ0/zc3N/87Ozv/Ojo6/zc3N/81NTX/MjIy/zIyMv80NDT/NTU1/zY2Nv81NTX/MDAw/y0tLf8pKSn/JiYm/ycnJ/8nJyf/LCws/zMzM/8zMzP/NDQ0/zQ0NP80NDT/NjY2/zk5Of87Ozv/Pz8//z8/P/88PDz/Ozs7/zw8PP89PT3/PT09/zw8PP88PDz/Ozs7/zo6Ov86Ojr/Ojo6/zo6Ov87Ozv/PT09/z4+Pv8/Pz//Pz8//0FBQf9BQUH/QEBA/z8/P/8+Pj7/Pj4+/0JCQv9GRkb/RUVF/0RERP8/Pz//ODg4/zc3N/82Njb/NTU1/zQ0NP81NTX/NTU1/zU1Nf8zMzP/MTEx/yoqKv8lJSX/ISEh/x4eHv8aGhr/FxcX/xYWFv8VFRX/FBQU/xMTE/8TExP/FBQU/xQUFP8VFRX/FRUV/xQUFP8UFBT/EhIS/xISEv8QEBD/Dw8P/w4ODv8ODg7/Dw8P/w8PD/8PDw//Dw8P/w8PD/8PDw//Dw8P/w8PD/8PDw//Dw8P/w8PD/8PDw//Dw8P/xAQEP8QEBD/EBAQ/xEREf8VFRX/Ghoa/yMjI/8uLi7/NTU1/z4+Pv9CQkL/R0dH/0hISP9JSUn/SkpK/0tLS/9LS0v/TExM/0tLS/9KSkr/SUlJ/0hISP9ISEj/RkZG/0VFRf9HR0f/SUlJ/0pKSv9LS0v/SkpK/0hISP9CQkL/ODg4/y8vL/8gICD/Gxsb/xMTE/8RERH/EBAQ/w8PD/8PDw//Dw8P/w8PD/8PDw//Dw8P/w8PD/8PDw//Dw8P/w8PD/8PDw//Dw8P/w4ODv8ODg7/Dg4O/w8PD/8QEBD/EhIS/xUVFf8ZGRn/ISEh/ygoKP8uLi7/MzMz/zQ0NP82Njb/NTU1/zMzM/8yMjL/MDAw/zAwMP8xMTH/MjIy/zU1Nf8yMjL/Kysr/ygoKP8mJib/JSUl/yUlJf8lJSX/Jycn/ygoKP8qKir/LS0t/y4uLv8wMDD/Ly8v/y4uLv8vLy//MDAw/zAwMP8vLy//Ly8v/zAwMP8wMDD/MTEx/zExMf8xMTH/MTEx/zIyMv8zMzP/MTEx/y8vL/8vLy//MDAw/zExMf8yMjL/MjIy/zMzM/8zMzP/MzMz/zMzM/8zMzP/MzMz/zIyMv8yMjL/MTEx/zExMf8yMjL/MzMz/zMzM/80NDT/NDQ0/zMzM/8zMzP/MjIy/zIyMv8zMzP/MzMz/zMzM/8zMzP/MTEx/zExMf8wMDD/MDAw/zExMf8yMjL/MzMz/0NDQ/9CQkL/QUFB/0BAQP8/Pz//QUFB/0NDQ/9CQkL/QUFB/0FBQf9CQkL/QkJC/0JCQv9BQUH/QUFB/0FBQf9CQkL/Q0ND/0NDQ/9DQ0P/Q0ND/0NDQ/9CQkL/QEBA/0BAQP9BQUH/QUFB/0NDQ/9CQkL/QUFB/0BAQP9AQED/QEBA/0FBQf9CQkL/QUFB/0BAQP9AQED/QEBA/0FBQf9BQUH/QUFB/0BAQP87Ozv/NDQ0/y8vL/8nJyf/JSUl/yMjI/8kJCT/KSkp/y8vL/9BQUH/S0tL/0xMTP9NTU3/S0tL/0lJSf9JSUn/SUlJ/0tLS/9OTk7/UFBQ/1RUVP9TU1P/UlJS/1JSUv9RUVH/UFBQ/0tLS/9JSUn/SkpK/0tLS/9NTU3/T09P/09PT/9PT0//TU1N/0tLS/9JSUn/RkZG/0VFRf9GRkb/R0dH/0pKSv9PT0//WVlZ/1xcXP9eXl7/Xl5e/1lZWf9WVlb/VVVV/1VVVf9OTk7/R0dH/z4+Pv8zMzP/MDAw/ywsLP8sLCz/LCws/y4uLv8xMTH/Li4u/yYmJv8jIyP/IiIi/yMjI/8nJyf/KSkp/yYmJv8jIyP/ISEh/x8fH/8gICD/IiIi/yQkJP8oKCj/JSUl/x8fH/8eHh7/HR0d/xwcHP8bGxv/Gxsb/xoaGv8aGhr/Ghoa/xoaGv8aGhr/GRkZ/xkZGf8YGBj/GBgY/xgYGP8ZGRn/Ghoa/xkZGf8XFxf/FhYW/xQUFP8UFBT/FBQU/xQUFP8UFBT/FRUV/xkZGf8dHR3/JCQk/ysrK/8wMDD/NTU1/z4+Pv9KSkr/QkJC/zQ0NP8qKir/Gxsb/xgYGP8WFhb/Gxsb/ygoKP8vLy//Ozs7/0BAQP9AQED/QEBA/0BAQP9BQUH/QEBA/0BAQP8+Pj7/PDw8/zs7O/85OTn/OTk5/zs7O/84ODj/MjIy/ysrK/8dHR3/FxcX/xQUFP8UFBT/FxcX/xoaGv8mJib/MjIy/zAwMP8uLi7/JSUl/xkZGf8XFxf/FRUV/xoaGv8jIyP/Kysr/zk5Of8/Pz//Q0ND/0VFRf9GRkb/R0dH/0dHR/9HR0f/QUFB/zo6Ov81NTX/Ly8v/y4uLv8tLS3/Jycn/x4eHv8aGhr/FBQU/xMTE/8TExP/FBQU/xcXF/8cHBz/KCgo/y8vL/8wMDD/Ly8v/yQkJP8YGBj/FhYW/xUVFf8cHBz/JiYm/y4uLv87Ozv/Pz8//0RERP9ERET/Q0ND/0NDQ/9FRUX/RkZG/0dHR/9HR0f/RERE/0FBQf9AQED/Pz8//zc3N/8tLS3/IyMj/xUVFf8TExP/ERER/xEREf8TExP/FxcX/yEhIf8jIyP/IiIi/yAgIP8YGBj/EhIS/xISEv8SEhL/GBgY/x8fH/8mJib/Ly8v/zMzM/84ODj/ODg4/zY2Nv81NTX/MjIy/zIyMv8zMzP/MzMz/zQ0NP8zMzP/Li4u/yoqKv8iIiL/Ghoa/xYWFv8SEhL/ERER/xEREf8TExP/FhYW/x0dHf8rKyv/Li4u/zMzM/8uLi7/Hx8f/xgYGP8TExP/ERER/xAQEP8QEBD/Dw8P/w8PD/8PDw//Dw8P/w8PD/8PDw//Dw8P/xAQEP8PDw//Dw8P/w8PD/8PDw//Dw8P/w8PD/8PDw//Dw8P/w8PD/8QEBD/EBAQ/xISEv8TExP/Gxsb/yQkJP8rKyv/NDQ0/y4uLv8lJSX/Hx8f/xUVFf8TExP/ExMT/xYWFv8dHR3/ISEh/yQkJP8mJib/KSkp/ysrK/8rKyv/SkpK/0ZGRv9AQED/Pz8//z4+Pv8+Pj7/Pj4+/z8/P/8/Pz//Pz8//z4+Pv8+Pj7/Pz8//z8/P/8/Pz//QEBA/0BAQP9AQED/QEBA/z8/P/8/Pz//Pj4+/0BAQP9CQkL/QkJC/0JCQv9CQkL/QUFB/0FBQf9BQUH/QUFB/0BAQP8/Pz//QEBA/z8/P/8/Pz//Pj4+/z4+Pv8+Pj7/Pj4+/z8/P/8/Pz//Pz8//0BAQP9CQkL/QkJC/0JCQv9BQUH/QUFB/0BAQP9AQED/QEBA/0BAQP9BQUH/QUFB/0JCQv9CQkL/QkJC/0JCQv9DQ0P/Q0ND/0RERP9DQ0P/QkJC/0JCQv9CQkL/Q0ND/0NDQ/9CQkL/QEBA/0BAQP9AQED/QUFB/0FBQf9CQkL/QkJC/0JCQv9BQUH/QEBA/0BAQP9BQUH/QUFB/0FBQf9CQkL/Q0ND/0NDQ/9DQ0P/Q0ND/0NDQ/9DQ0P/QkJC/0JCQv9BQUH/QEBA/0FBQf9CQkL/QUFB/0FBQf9BQUH/QkJC/0FBQf9AQED/QEBA/0BAQP9AQED/QUFB/0FBQf9AQED/QEBA/0BAQP9AQED/QUFB/0JCQv9CQkL/Q0ND/0NDQ/9DQ0P/QkJC/0JCQv9BQUH/QUFB/0FBQf9BQUH/QUFB/z8/P/8/Pz//QEBA/0FBQf9CQkL/QkJC/0JCQv9CQkL/QkJC/0JCQv9CQkL/QUFB/0JCQv9DQ0P/Q0ND/0NDQ/9CQkL/QUFB/0FBQf9AQED/QEBA/0BAQP9AQED/QEBA/0BAQP9AQED/QEBA/0BAQP9AQED/QEBA/0BAQP9AQED/QEBA/0BAQP9BQUH/QUFB/0FBQf9BQUH/QUFB/0FBQf9AQED/QEBA/0BAQP9BQUH/QkJC/0NDQ/9CQkL/QkJC/0JCQv9DQ0P/QkJC/0FBQf9BQUH/QUFB/0BAQP8+Pj7/Pj4+/z8/P/9AQED/QUFB/0JCQv9CQkL/QkJC/0JCQv9BQUH/QUFB/0FBQf9CQkL/QkJC/0FBQf9BQUH/QEBA/z8/P/8/Pz//Pz8//z8/P/8/Pz//Pz8//0FBQf9CQkL/QUFB/0FBQf9AQED/Pz8//z4+Pv8+Pj7/Pj4+/z4+Pv8+Pj7/Pj4+/z4+Pv8/Pz//Pz8//0BAQP9AQED/QEBA/0BAQP9BQUH/QUFB/0FBQf9AQED/QEBA/0BAQP8/Pz//Pj4+/z8/P/8/Pz//Pz8//0BAQP9AQED/Pz8//z8/P/8+Pj7/Pz8//0BAQP9AQED/QUFB/0FBQf9BQUH/QEBA/0FBQf9BQUH/QUFB/0FBQf9BQUH/QEBA/z8/P/8/Pz//QEBA/0JCQv9CQkL/Q0ND/0NDQ/9DQ0P/Q0ND/0NDQ/9DQ0P/QkJC/0FBQf9BQUH/QUFB/0JCQv9ERET/RERE/0RERP9GRkb/S0tL/0tLS/9LS0v/SUlJ/0RERP9CQkL/QUFB/0FBQf9BQUH/QUFB/0JCQv9CQkL/RERE/0VFRf9HR0f/SUlJ/0xMTP9RUVH/UFBQ/01NTf9LS0v/R0dH/0ZGRv9FRUX/Q0ND/0FBQf8/Pz//Pz8//0BAQP9DQ0P/RkZG/0pKSv9OTk7/UVFR/1VVVf9XV1f/WVlZ/1paWv9bW1v/WVlZ/1VVVf9SUlL/TU1N/0pKSv9HR0f/RUVF/0VFRf9FRUX/RERE/0RERP9FRUX/RkZG/0VFRf9DQ0P/QkJC/0JCQv9CQkL/QkJC/0ZGRv9MTEz/T09P/1NTU/9SUlL/S0tL/0dHR/9FRUX/Q0ND/0NDQ/8yMjL/NDQ0/zU1Nf80NDT/MzMz/zQ0NP81NTX/NDQ0/zQ0NP80NDT/NTU1/zU1Nf81NTX/NTU1/zU1Nf80NDT/NDQ0/zQ0NP80NDT/NTU1/zU1Nf81NTX/NTU1/zQ0NP81NTX/NTU1/zU1Nf82Njb/NTU1/zU1Nf80NDT/NDQ0/zQ0NP81NTX/NjY2/zY2Nv82Njb/Nzc3/zc3N/82Njb/NTU1/zQ0NP8zMzP/NDQ0/zU1Nf81NTX/NTU1/zU1Nf81NTX/NTU1/zU1Nf81NTX/NTU1/zU1Nf81NTX/NTU1/zY2Nv83Nzf/Nzc3/zg4OP83Nzf/Nzc3/zY2Nv81NTX/NTU1/zc3N/84ODj/OTk5/zo6Ov84ODj/ODg4/zk5Of86Ojr/Ojo6/zs7O/86Ojr/OTk5/zk5Of84ODj/ODg4/zc3N/82Njb/NjY2/zY2Nv83Nzf/Nzc3/zg4OP84ODj/Nzc3/zc3N/84ODj/ODg4/zg4OP84ODj/Nzc3/zY2Nv83Nzf/ODg4/zg4OP83Nzf/Nzc3/zc3N/83Nzf/ODg4/zg4OP85OTn/OTk5/zk5Of85OTn/Ojo6/zo6Ov86Ojr/Ojo6/zk5Of85OTn/OTk5/zk5Of86Ojr/Ojo6/zk5Of85OTn/OTk5/zk5Of85OTn/OTk5/zg4OP84ODj/ODg4/zk5Of85OTn/OTk5/zk5Of85OTn/Ojo6/zo6Ov87Ozv/Ozs7/zs7O/87Ozv/Ozs7/zo6Ov86Ojr/Ojo6/zs7O/87Ozv/PDw8/zw8PP87Ozv/Ojo6/zs7O/87Ozv/Ozs7/zs7O/87Ozv/Ojo6/zo6Ov86Ojr/Ozs7/zw8PP89PT3/Pj4+/z4+Pv8+Pj7/PT09/zw8PP88PDz/PDw8/zs7O/87Ozv/Ozs7/zs7O/87Ozv/Ozs7/zs7O/87Ozv/Ojo6/zo6Ov86Ojr/Ozs7/zw8PP89PT3/PT09/z4+Pv89PT3/PT09/zw8PP88PDz/PDw8/z09Pf89PT3/PT09/zw8PP87Ozv/PDw8/zw8PP88PDz/PDw8/z09Pf8+Pj7/PT09/zw8PP88PDz/Ozs7/zo6Ov87Ozv/PDw8/z09Pf8+Pj7/Pj4+/z8/P/8/Pz//QEBA/z8/P/8+Pj7/Pj4+/z8/P/8/Pz//Pz8//z8/P/8/Pz//Pj4+/z4+Pv8+Pj7/Pj4+/z09Pf88PDz/PDw8/zw8PP88PDz/PT09/z4+Pv89PT3/PDw8/z09Pf8+Pj7/Pj4+/z4+Pv8+Pj7/Pj4+/z4+Pv8+Pj7/Pj4+/z4+Pv89PT3/Pj4+/z4+Pv89PT3/PDw8/zw8PP87Ozv/PT09/z8/P/8/Pz//Pz8//z4+Pv89PT3/PT09/zw8PP87Ozv/PDw8/z09Pf89PT3/Pj4+/z4+Pv8/Pz//Pz8//z8/P/8+Pj7/Pj4+/z09Pf89PT3/Pj4+/0BAQP9AQED/QUFB/0FBQf8/Pz//Pz8//z8/P/8/Pz//QEBA/0BAQP9AQED/QEBA/z8/P/8+Pj7/Pz8//0BAQP9AQED/QEBA/0BAQP9AQED/QEBA/0FBQf9BQUH/Pz8//z4+Pv8+Pj7/Pj4+/0BAQP9BQUH/QEBA/0BAQP9AQED/Pz8//z8/P/8/Pz//Pz8//0BAQP8/Pz//Pj4+/z4+Pv8+Pj7/Pj4+/z4+Pv8+Pj7/Pj4+/z4+Pv89PT3/PT09/z09Pf8+Pj7/Pj4+/z4+Pv8/Pz//Pz8//z8/P/8/Pz//Pz8//z8/P/8+Pj7/PDw8/zs7O/87Ozv/PDw8/0JCQv9HR0f/SUlJ/xsbG/8aGhr/Ghoa/xoaGv8bGxv/Gxsb/xwcHP8cHBz/HBwc/x0dHf8dHR3/HR0d/xwcHP8bGxv/Gxsb/xoaGv8bGxv/Gxsb/xsbG/8bGxv/Gxsb/xsbG/8bGxv/Gxsb/xwcHP8cHBz/HBwc/xwcHP8cHBz/Gxsb/xsbG/8aGhr/Ghoa/xkZGf8ZGRn/GBgY/xgYGP8XFxf/FhYW/xYWFv8WFhb/Ghoa/x8fH/8gICD/ISEh/yAgIP8fHx//Hx8f/x4eHv8dHR3/HBwc/xwcHP8cHBz/Gxsb/xwcHP8cHBz/Gxsb/xsbG/8dHR3/Hh4e/yIiIv8oKCj/KCgo/yYmJv8jIyP/HR0d/xwcHP8bGxv/Gxsb/x0dHf8dHR3/Hh4e/x4eHv8fHx//ICAg/yQkJP8oKCj/Kioq/ysrK/8qKir/KCgo/ygoKP8oKCj/KCgo/ygoKP8oKCj/KSkp/yoqKv8rKyv/LS0t/zExMf80NDT/NDQ0/zU1Nf80NDT/MzMz/zMzM/8zMzP/NTU1/zc3N/83Nzf/Nzc3/zY2Nv81NTX/NTU1/zU1Nf81NTX/NDQ0/zQ0NP8xMTH/Li4u/ysrK/8oKCj/KSkp/yoqKv8uLi7/MzMz/zMzM/80NDT/NDQ0/zQ0NP82Njb/OTk5/zo6Ov88PDz/PDw8/zk5Of84ODj/Ojo6/zw8PP8+Pj7/QEBA/z09Pf86Ojr/OTk5/zc3N/84ODj/Ojo6/zs7O/87Ozv/PT09/z8/P/9AQED/QUFB/0FBQf8/Pz//Pj4+/zs7O/85OTn/PT09/0BAQP8/Pz//Pz8//zo6Ov80NDT/NDQ0/zQ0NP80NDT/NjY2/zQ0NP8wMDD/Ly8v/ywsLP8qKir/Jycn/yQkJP8fHx//Gxsb/xoaGv8YGBj/FxcX/xYWFv8UFBT/ExMT/xMTE/8TExP/ExMT/xMTE/8TExP/ExMT/xMTE/8SEhL/EhIS/xEREf8QEBD/Dw8P/w8PD/8PDw//Dw8P/w8PD/8ODg7/Dg4O/w4ODv8ODg7/Dg4O/w4ODv8ODg7/Dw8P/w8PD/8PDw//EBAQ/xEREf8TExP/FhYW/yAgIP8oKCj/MTEx/zk5Of8+Pj7/RERE/0ZGRv9HR0f/SUlJ/0xMTP9LS0v/SUlJ/0hISP9HR0f/RkZG/0ZGRv9GRkb/R0dH/0dHR/9DQ0P/QEBA/z8/P/8+Pj7/QUFB/0RERP9HR0f/SkpK/0dHR/9BQUH/Ojo6/y4uLv8nJyf/HBwc/xcXF/8TExP/EBAQ/w8PD/8PDw//Dw8P/xAQEP8PDw//Dw8P/w8PD/8PDw//Dw8P/w4ODv8ODg7/Dg4O/w4ODv8ODg7/Dg4O/xAQEP8RERH/ExMT/xYWFv8dHR3/IyMj/yoqKv8wMDD/MjIy/zQ0NP80NDT/MzMz/zIyMv8xMTH/MTEx/zAwMP8yMjL/NTU1/zMzM/8rKyv/KCgo/yUlJf8kJCT/JCQk/yQkJP8mJib/Jycn/ykpKf8sLCz/Li4u/zIyMv8xMTH/Ly8v/zAwMP8wMDD/MTEx/zExMf8xMTH/MTEx/zExMf8xMTH/MDAw/zExMf8xMTH/MTEx/zExMf8wMDD/MDAw/zAwMP8xMTH/MjIy/zQ0NP80NDT/MzMz/zMzM/8xMTH/MTEx/zIyMv8yMjL/MjIy/zIyMv8yMjL/MjIy/zMzM/80NDT/NDQ0/zMzM/8zMzP/MjIy/zExMf8wMDD/MTEx/zExMf8xMTH/MjIy/zIyMv8xMTH/MTEx/zAwMP8wMDD/MTEx/zIyMv8yMjL/RERE/0NDQ/9BQUH/QEBA/z8/P/9AQED/QkJC/0FBQf8/Pz//QEBA/0NDQ/9DQ0P/Q0ND/0NDQ/9BQUH/QUFB/0JCQv9DQ0P/RERE/0VFRf9GRkb/RkZG/0VFRf9DQ0P/Q0ND/0RERP9FRUX/RkZG/0VFRf9DQ0P/QkJC/0JCQv9DQ0P/RUVF/0ZGRv9FRUX/RERE/0VFRf9FRUX/RkZG/0ZGRv9FRUX/QkJC/zs7O/8vLy//Kioq/yEhIf8gICD/ICAg/yAgIP8gICD/ISEh/yMjI/8lJSX/Jycn/ygoKP8oKCj/KCgo/ykpKf8pKSn/Kioq/ysrK/8rKyv/LCws/ysrK/8rKyv/Kysr/ysrK/8rKyv/Kioq/ykpKf8pKSn/KSkp/yoqKv8rKyv/Kysr/ywsLP8rKyv/Kioq/ykpKf8pKSn/KCgo/ygoKP8pKSn/Kysr/ysrK/8tLS3/LS0t/y0tLf8tLS3/LS0t/y0tLf8sLCz/Kysr/ysrK/8qKir/KSkp/ygoKP8nJyf/JiYm/yUlJf8kJCT/IyMj/yMjI/8iIiL/ISEh/yAgIP8gICD/ICAg/yAgIP8gICD/ICAg/yAgIP8gICD/ICAg/yEhIf8hISH/ICAg/x8fH/8fHx//Hx8f/x8fH/8fHx//Hx8f/x4eHv8dHR3/HBwc/xwcHP8dHR3/HR0d/x0dHf8cHBz/HBwc/xsbG/8cHBz/HBwc/x0dHf8fHx//HR0d/xoaGv8YGBj/FRUV/xQUFP8UFBT/FBQU/xUVFf8WFhb/Ghoa/x4eHv8lJSX/Kysr/y8vL/80NDT/PT09/0pKSv9BQUH/NDQ0/yoqKv8aGhr/FxcX/xYWFv8cHBz/Kysr/zMzM/8/Pz//RERE/0FBQf8+Pj7/Pz8//0BAQP9AQED/QEBA/z8/P/89PT3/Ojo6/zY2Nv83Nzf/ODg4/zY2Nv8zMzP/LS0t/x4eHv8XFxf/FBQU/xQUFP8XFxf/Gxsb/ygoKP80NDT/MTEx/y4uLv8lJSX/GRkZ/xcXF/8UFBT/GRkZ/yMjI/8rKyv/OTk5/z8/P/9GRkb/SUlJ/0xMTP9NTU3/Tk5O/09PT/9JSUn/RERE/z09Pf80NDT/MzMz/zIyMv8rKyv/Hx8f/xsbG/8VFRX/FBQU/xMTE/8UFBT/GBgY/xwcHP8pKSn/MDAw/zExMf8wMDD/JCQk/xgYGP8XFxf/FRUV/x0dHf8nJyf/MDAw/z09Pf9CQkL/S0tL/0tLS/9GRkb/RUVF/0ZGRv9HR0f/SUlJ/0lJSf9GRkb/Q0ND/0BAQP8+Pj7/NjY2/y0tLf8jIyP/FRUV/xMTE/8RERH/EhIS/xMTE/8XFxf/ISEh/yQkJP8iIiL/ICAg/xcXF/8SEhL/EhIS/xISEv8ZGRn/ICAg/yUlJf8sLCz/Ly8v/zMzM/80NDT/NTU1/zQ0NP8xMTH/MDAw/zAwMP8xMTH/MjIy/zIyMv8uLi7/Kysr/yIiIv8bGxv/FxcX/xISEv8SEhL/ERER/xMTE/8WFhb/HR0d/yoqKv8uLi7/MjIy/y0tLf8fHx//GBgY/xMTE/8RERH/EBAQ/xAQEP8PDw//Dw8P/w8PD/8PDw//Dw8P/w8PD/8PDw//EBAQ/xAQEP8QEBD/EBAQ/xAQEP8QEBD/Dw8P/w8PD/8PDw//Dw8P/xAQEP8QEBD/EhIS/xQUFP8cHBz/JSUl/ywsLP81NTX/Ly8v/yYmJv8fHx//FRUV/xMTE/8UFBT/FxcX/x8fH/8jIyP/JiYm/ycnJ/8qKir/Kysr/ysrK/9CQkL/QUFB/0BAQP8+Pj7/PDw8/zw8PP88PDz/PT09/0BAQP9AQED/Pz8//z8/P/9AQED/QEBA/0BAQP9AQED/QEBA/0BAQP8/Pz//Pz8//z4+Pv89PT3/Pz8//0NDQ/9DQ0P/QkJC/0JCQv9BQUH/QUFB/0BAQP9AQED/Pz8//z8/P/9AQED/QEBA/z8/P/8/Pz//Pz8//z4+Pv8+Pj7/Pj4+/z4+Pv8/Pz//QUFB/0RERP9ERET/Q0ND/0NDQ/9BQUH/QUFB/0BAQP9AQED/QUFB/0FBQf9CQkL/QkJC/0NDQ/9DQ0P/Q0ND/0RERP9ERET/RERE/0NDQ/9CQkL/Q0ND/0VFRf9FRUX/Q0ND/0JCQv9AQED/Pz8//0BAQP9BQUH/QkJC/0JCQv9CQkL/QkJC/0FBQf8/Pz//Pz8//0BAQP9AQED/QUFB/0FBQf9CQkL/QkJC/0NDQ/9DQ0P/Q0ND/0NDQ/9CQkL/QkJC/0FBQf9AQED/QUFB/0NDQ/9CQkL/QUFB/0FBQf9CQkL/QkJC/0FBQf9BQUH/QEBA/0BAQP9CQkL/QUFB/0BAQP8/Pz//Pz8//z8/P/9BQUH/QkJC/0NDQ/9ERET/Q0ND/0JCQv9CQkL/QkJC/0JCQv9DQ0P/Q0ND/0JCQv9BQUH/Pj4+/z4+Pv9BQUH/QkJC/0JCQv9CQkL/QkJC/0JCQv9CQkL/QkJC/0JCQv9BQUH/QkJC/0RERP9DQ0P/QkJC/0JCQv9BQUH/QUFB/0BAQP9AQED/QEBA/0BAQP9AQED/QEBA/0BAQP9AQED/QEBA/0BAQP9AQED/QEBA/0BAQP9AQED/QEBA/0FBQf9BQUH/QkJC/0JCQv9BQUH/QUFB/0BAQP9AQED/QUFB/0FBQf9DQ0P/RERE/0NDQ/9BQUH/QkJC/0NDQ/9CQkL/QUFB/0FBQf9BQUH/QEBA/z4+Pv89PT3/Pz8//z8/P/9AQED/QUFB/0JCQv9CQkL/QkJC/0JCQv9CQkL/QUFB/0FBQf9BQUH/QUFB/0FBQf9BQUH/QEBA/0BAQP8/Pz//Pz8//z8/P/8/Pz//QEBA/0FBQf9AQED/QEBA/z8/P/8+Pj7/Pj4+/z4+Pv8+Pj7/PT09/z09Pf88PDz/PT09/z4+Pv8+Pj7/Pz8//z8/P/8/Pz//Pz8//0BAQP9AQED/QEBA/0BAQP9AQED/QEBA/z8/P/8+Pj7/Pj4+/z8/P/8/Pz//QEBA/0BAQP8/Pz//Pz8//z4+Pv8+Pj7/QEBA/0BAQP9BQUH/QUFB/0FBQf9BQUH/QkJC/0JCQv9CQkL/QkJC/0FBQf9AQED/Pz8//z4+Pv8/Pz//QkJC/0NDQ/9DQ0P/Q0ND/0NDQ/9DQ0P/Q0ND/0NDQ/9CQkL/QkJC/0FBQf9AQED/QkJC/0RERP9DQ0P/QUFB/0FBQf9CQkL/QkJC/0JCQv9BQUH/QEBA/z8/P/9AQED/QEBA/0FBQf9BQUH/QkJC/0JCQv9ERET/R0dH/0dHR/9ISEj/R0dH/0ZGRv9FRUX/RERE/0RERP9FRUX/RUVF/0VFRf9ERET/QUFB/0BAQP9AQED/QEBA/0FBQf9BQUH/QUFB/0JCQv9ERET/R0dH/0lJSf9MTEz/TExM/0xMTP9LS0v/SEhI/0dHR/9HR0f/R0dH/0ZGRv9GRkb/RUVF/0VFRf9ERET/Q0ND/0RERP9FRUX/RERE/0NDQ/9DQ0P/RERE/0NDQ/9CQkL/Q0ND/0ZGRv9ISEj/SkpK/0pKSv9ISEj/RkZG/0RERP9DQ0P/RERE/zIyMv80NDT/NjY2/zU1Nf8zMzP/NDQ0/zU1Nf80NDT/MzMz/zQ0NP81NTX/NTU1/zU1Nf81NTX/NDQ0/zQ0NP8zMzP/MzMz/zQ0NP80NDT/NDQ0/zU1Nf81NTX/NDQ0/zQ0NP81NTX/NTU1/zY2Nv82Njb/NTU1/zU1Nf8zMzP/MzMz/zU1Nf82Njb/NTU1/zU1Nf83Nzf/ODg4/zc3N/81NTX/NDQ0/zIyMv8zMzP/NTU1/zU1Nf82Njb/NjY2/zU1Nf81NTX/NTU1/zU1Nf81NTX/NTU1/zU1Nf81NTX/NjY2/zc3N/84ODj/OTk5/zg4OP82Njb/NTU1/zQ0NP81NTX/Nzc3/zg4OP85OTn/OTk5/zg4OP83Nzf/ODg4/zk5Of85OTn/OTk5/zg4OP83Nzf/Nzc3/zY2Nv82Njb/NTU1/zU1Nf81NTX/NTU1/zY2Nv83Nzf/ODg4/zk5Of83Nzf/Nzc3/zg4OP84ODj/ODg4/zg4OP83Nzf/NTU1/zY2Nv83Nzf/Nzc3/zc3N/83Nzf/Nzc3/zc3N/84ODj/ODg4/zk5Of85OTn/ODg4/zg4OP84ODj/ODg4/zg4OP84ODj/ODg4/zg4OP84ODj/ODg4/zk5Of86Ojr/OTk5/zg4OP85OTn/Ojo6/zo6Ov84ODj/ODg4/zg4OP84ODj/ODg4/zg4OP84ODj/ODg4/zk5Of85OTn/Ojo6/zs7O/87Ozv/Ozs7/zs7O/87Ozv/Ojo6/zk5Of85OTn/Ojo6/zo6Ov88PDz/PT09/zs7O/86Ojr/Ozs7/zs7O/87Ozv/Ozs7/zo6Ov85OTn/OTk5/zo6Ov87Ozv/PDw8/zw8PP89PT3/PT09/z09Pf89PT3/PDw8/zw8PP87Ozv/Ojo6/zo6Ov86Ojr/Ojo6/zs7O/87Ozv/Ozs7/zo6Ov85OTn/OTk5/zo6Ov86Ojr/Ozs7/zs7O/88PDz/PDw8/zw8PP88PDz/Ozs7/zs7O/88PDz/PT09/zw8PP87Ozv/Ozs7/zs7O/87Ozv/PDw8/zw8PP88PDz/PDw8/z09Pf89PT3/Ozs7/zs7O/86Ojr/Ojo6/zs7O/87Ozv/PDw8/z09Pf89PT3/Pj4+/z8/P/9AQED/Pz8//z4+Pv8+Pj7/Pz8//z8/P/8/Pz//Pz8//z8/P/8/Pz//Pz8//z8/P/8/Pz//Pz8//zw8PP86Ojr/Ojo6/zs7O/88PDz/Pj4+/z09Pf88PDz/PDw8/z09Pf89PT3/PT09/z09Pf8+Pj7/Pj4+/z8/P/8/Pz//Pz8//z8/P/8/Pz//Pz8//z4+Pv88PDz/PDw8/zs7O/88PDz/Pz8//z8/P/8/Pz//Pz8//z4+Pv89PT3/PDw8/zs7O/88PDz/PT09/z09Pf89PT3/Pj4+/0BAQP8/Pz//Pj4+/z4+Pv8+Pj7/Pj4+/z4+Pv8/Pz//QEBA/0BAQP9BQUH/QEBA/z8/P/8+Pj7/Pz8//z8/P/9AQED/QEBA/0BAQP9AQED/Pz8//z4+Pv8/Pz//QEBA/0BAQP9BQUH/QUFB/0FBQf9BQUH/QkJC/0FBQf8/Pz//Pj4+/z09Pf89PT3/QEBA/0JCQv9BQUH/QUFB/0FBQf9AQED/QEBA/z8/P/8/Pz//Pj4+/z4+Pv89PT3/PT09/z4+Pv8+Pj7/PT09/z09Pf88PDz/PDw8/zw8PP88PDz/PDw8/zw8PP89PT3/Pj4+/z4+Pv8/Pz//Pz8//z8/P/8/Pz//Pz8//z4+Pv87Ozv/OTk5/zY2Nv81NTX/Nzc3/zk5Of8+Pj7/Gxsb/xsbG/8aGhr/Ghoa/xsbG/8bGxv/HBwc/xwcHP8cHBz/HBwc/x0dHf8dHR3/HBwc/xwcHP8bGxv/Gxsb/xsbG/8bGxv/Gxsb/xsbG/8bGxv/Gxsb/xsbG/8bGxv/Gxsb/xwcHP8cHBz/Gxsb/xsbG/8bGxv/Gxsb/xoaGv8aGhr/GRkZ/xkZGf8YGBj/GBgY/xYWFv8VFRX/FRUV/xYWFv8aGhr/Hx8f/yAgIP8iIiL/ISEh/yAgIP8fHx//HR0d/x0dHf8bGxv/Gxsb/xsbG/8bGxv/HBwc/xwcHP8cHBz/HBwc/x0dHf8fHx//JCQk/ysrK/8qKir/KCgo/yUlJf8eHh7/HR0d/xsbG/8bGxv/HR0d/x0dHf8eHh7/Hh4e/yAgIP8hISH/JiYm/yoqKv8tLS3/MDAw/y0tLf8pKSn/KCgo/ycnJ/8oKCj/KSkp/ykpKf8rKyv/LCws/zAwMP8yMjL/NjY2/zg4OP85OTn/OTk5/zg4OP84ODj/NTU1/zIyMv8zMzP/NDQ0/zU1Nf83Nzf/Nzc3/zc3N/82Njb/NTU1/zU1Nf80NDT/MzMz/zExMf8wMDD/LCws/ykpKf8rKyv/LCws/y8vL/8zMzP/MzMz/zQ0NP80NDT/NDQ0/zU1Nf84ODj/OTk5/zs7O/86Ojr/Nzc3/zY2Nv84ODj/Ozs7/z8/P/9DQ0P/Pz8//zo6Ov84ODj/NTU1/zc3N/87Ozv/Ozs7/zo6Ov88PDz/QEBA/0FBQf9BQUH/QUFB/z8/P/89PT3/ODg4/zU1Nf85OTn/PDw8/zw8PP87Ozv/Nzc3/zExMf8xMTH/MjIy/zQ0NP82Njb/NDQ0/y0tLf8qKir/Jycn/yYmJv8lJSX/JCQk/x4eHv8aGhr/GRkZ/xgYGP8XFxf/FhYW/xUVFf8TExP/ExMT/xMTE/8TExP/EhIS/xISEv8SEhL/EhIS/xISEv8SEhL/ERER/xEREf8QEBD/Dw8P/w8PD/8PDw//Dw8P/w4ODv8ODg7/Dg4O/w4ODv8ODg7/Dg4O/w4ODv8ODg7/Dw8P/w8PD/8RERH/EhIS/xUVFf8aGhr/Jycn/zMzM/86Ojr/QkJC/0VFRf9JSUn/SUlJ/0hISP9KSkr/Tk5O/0xMTP9ISEj/RkZG/0NDQ/9CQkL/Q0ND/0RERP9GRkb/RkZG/0BAQP88PDz/OTk5/zc3N/87Ozv/QEBA/0RERP9LS0v/SkpK/0hISP9DQ0P/ODg4/zAwMP8iIiL/HBwc/xUVFf8RERH/Dw8P/w4ODv8PDw//EBAQ/w8PD/8PDw//Dw8P/w8PD/8PDw//Dg4O/w4ODv8ODg7/Dg4O/w4ODv8ODg7/Dw8P/xAQEP8SEhL/FBQU/xoaGv8fHx//Jycn/y4uLv8wMDD/MzMz/zMzM/8zMzP/MzMz/zIyMv8xMTH/MDAw/zIyMv81NTX/MzMz/ysrK/8oKCj/JSUl/yMjI/8jIyP/IyMj/yUlJf8mJib/KCgo/ysrK/8vLy//MzMz/zIyMv8wMDD/MDAw/zExMf8yMjL/MzMz/zMzM/8yMjL/MjIy/zExMf8wMDD/MTEx/zExMf8wMDD/Ly8v/y8vL/8wMDD/MDAw/zExMf8zMzP/NTU1/zQ0NP8zMzP/MjIy/zAwMP8wMDD/MjIy/zIyMv8yMjL/MjIy/zMzM/8zMzP/NDQ0/zQ0NP80NDT/MzMz/zIyMv8xMTH/MDAw/y8vL/8vLy//MDAw/zAwMP8xMTH/MTEx/zExMf8xMTH/MDAw/zAwMP8xMTH/MjIy/zIyMv9BQUH/QUFB/0BAQP9AQED/QEBA/0FBQf9CQkL/Q0ND/0RERP9LS0v/XV1d/2xsbP+Kior/kZGR/4GBgf95eXn/fX19/4GBgf+QkJD/oKCg/5ycnP+Xl5f/jo6O/4KCgv+NjY3/n5+f/6Kiov+mpqb/o6Oj/5ubm/+Xl5f/jo6O/42Njf+Tk5P/mJiY/5+fn/+lpaX/pqam/6ioqP+jo6P/np6e/4ODg/9eXl7/SkpK/y4uLv8oKCj/ISEh/yAgIP8gICD/ISEh/yQkJP8mJib/LCws/zExMf86Ojr/QUFB/0VFRf9ISEj/SEhI/0hISP9MTEz/UlJS/1ZWVv9cXFz/XFxc/1tbW/9aWlr/Wlpa/1ZWVv9MTEz/SUlJ/0xMTP9PT0//WVlZ/2JiYv9nZ2f/bW1t/2VlZf9bW1v/Wlpa/1hYWP9ZWVn/W1tb/2FhYf9sbGz/bm5u/2xsbP9oaGj/YGBg/15eXv9lZWX/ampq/3Fxcf93d3f/enp6/319ff9wcHD/YGBg/1lZWf9PT0//TU1N/0tLS/9KSkr/SUlJ/0ZGRv9AQED/PDw8/zQ0NP8wMDD/MTEx/zIyMv8zMzP/NDQ0/zExMf8uLi7/LS0t/ywsLP8rKyv/Kioq/yoqKv8qKir/KSkp/ykpKf8oKCj/Jycn/ycnJ/8nJyf/Jycn/ykpKf8pKSn/KCgo/ycnJ/8pKSn/Kioq/y4uLv8yMjL/MDAw/ywsLP8oKCj/IiIi/x4eHv8YGBj/FhYW/xQUFP8UFBT/FBQU/xUVFf8aGhr/Hh4e/yUlJf8sLCz/MTEx/zY2Nv8/Pz//TExM/0JCQv8zMzP/KSkp/xkZGf8XFxf/FhYW/xsbG/8oKCj/MDAw/zk5Of8+Pj7/Pj4+/z4+Pv8/Pz//QEBA/z8/P/8+Pj7/Pj4+/z4+Pv88PDz/ODg4/zg4OP84ODj/NTU1/y4uLv8oKCj/Gxsb/xUVFf8TExP/ExMT/xYWFv8aGhr/Jycn/zMzM/8xMTH/Ly8v/yYmJv8ZGRn/FxcX/xUVFf8cHBz/KCgo/zExMf9AQED/R0dH/01NTf9PT0//UVFR/1JSUv9QUFD/Tk5O/0lJSf9CQkL/PT09/zc3N/82Njb/NTU1/y8vL/8mJib/ISEh/xkZGf8XFxf/FRUV/xYWFv8ZGRn/Hh4e/yoqKv8xMTH/MjIy/zIyMv8mJib/Ghoa/xkZGf8YGBj/ICAg/ysrK/8zMzP/Pz8//0RERP9LS0v/SkpK/0RERP9DQ0P/RERE/0VFRf9GRkb/R0dH/0RERP9CQkL/QEBA/z8/P/83Nzf/Li4u/yQkJP8VFRX/ExMT/xEREf8SEhL/FBQU/xgYGP8hISH/IyMj/yIiIv8fHx//FxcX/xISEv8SEhL/EhIS/xkZGf8gICD/JSUl/yoqKv8tLS3/MTEx/zIyMv8yMjL/MjIy/zExMf8xMTH/MDAw/y8vL/8vLy//LS0t/yoqKv8nJyf/ICAg/xoaGv8WFhb/ERER/xEREf8QEBD/EhIS/xYWFv8dHR3/Kioq/y0tLf8wMDD/LCws/x4eHv8YGBj/ExMT/xAQEP8QEBD/Dw8P/w8PD/8PDw//Dw8P/xAQEP8QEBD/EBAQ/xAQEP8QEBD/EBAQ/xAQEP8QEBD/EBAQ/xAQEP8QEBD/EBAQ/xAQEP8QEBD/ERER/xEREf8TExP/FRUV/x0dHf8lJSX/Li4u/zg4OP8xMTH/JiYm/x8fH/8VFRX/FBQU/xQUFP8XFxf/Hx8f/yMjI/8mJib/KCgo/yoqKv8qKir/Kioq/zg4OP87Ozv/PT09/z4+Pv8+Pj7/Pj4+/z09Pf89PT3/Pj4+/z4+Pv8+Pj7/Pz8//z8/P/8/Pz//Pz8//z8/P/9AQED/QEBA/z8/P/8/Pz//Pz8//z8/P/9AQED/QkJC/0JCQv9BQUH/QEBA/0BAQP8/Pz//Pz8//z8/P/9BQUH/QUFB/0FBQf9BQUH/QUFB/0FBQf9AQED/QEBA/z8/P/8/Pz//Pz8//0FBQf9CQkL/Q0ND/0NDQ/9DQ0P/Q0ND/0NDQ/9DQ0P/QUFB/0FBQf9BQUH/QUFB/0JCQv9CQkL/Q0ND/0NDQ/9DQ0P/Q0ND/0NDQ/9BQUH/QkJC/0JCQv9DQ0P/RERE/0RERP9DQ0P/QkJC/0BAQP9AQED/QEBA/0FBQf9BQUH/QUFB/0FBQf9BQUH/QUFB/0BAQP9AQED/QUFB/0FBQf9BQUH/QUFB/0FBQf9CQkL/QkJC/0JCQv9CQkL/QUFB/0FBQf9AQED/QEBA/z8/P/9AQED/QEBA/0BAQP9AQED/QUFB/0JCQv9BQUH/QUFB/0BAQP9AQED/QEBA/0FBQf9BQUH/QEBA/0BAQP9AQED/QEBA/0BAQP9BQUH/Q0ND/0VFRf9ERET/Q0ND/0JCQv9CQkL/QUFB/0FBQf9BQUH/QEBA/0BAQP8/Pz//Pj4+/z8/P/8/Pz//QEBA/0BAQP9AQED/QEBA/0FBQf9BQUH/QUFB/0BAQP9BQUH/Q0ND/0JCQv9BQUH/QEBA/0BAQP9AQED/QEBA/z8/P/8/Pz//Pz8//z8/P/8/Pz//Pz8//z8/P/8/Pz//Pz8//z8/P/8/Pz//Pz8//z4+Pv8+Pj7/Pz8//z8/P/9AQED/QEBA/0BAQP9AQED/QUFB/0FBQf9CQkL/Q0ND/0NDQ/9DQ0P/QkJC/0BAQP9BQUH/QUFB/0FBQf9BQUH/QUFB/0FBQf9BQUH/Pz8//z8/P/9AQED/QUFB/0FBQf9BQUH/QUFB/0FBQf9BQUH/QUFB/0FBQf9AQED/QUFB/0JCQv9BQUH/QUFB/0FBQf9BQUH/QEBA/0BAQP9AQED/QEBA/0BAQP9BQUH/QUFB/0FBQf9AQED/QEBA/z8/P/8/Pz//Pz8//z4+Pv8+Pj7/Pj4+/z09Pf89PT3/Pj4+/z4+Pv8/Pz//Pz8//0BAQP9BQUH/QEBA/0BAQP8/Pz//Pz8//z8/P/8/Pz//QEBA/0FBQf9BQUH/QUFB/0FBQf9BQUH/QUFB/0JCQv9BQUH/QEBA/z8/P/9AQED/QEBA/0FBQf9BQUH/QUFB/0JCQv9CQkL/QkJC/0JCQv9DQ0P/QkJC/0JCQv9AQED/Pj4+/z8/P/9BQUH/QkJC/0NDQ/9DQ0P/Q0ND/0NDQ/9DQ0P/QkJC/0NDQ/9DQ0P/QkJC/0JCQv9DQ0P/RERE/0JCQv9AQED/QEBA/0FBQf9CQkL/Q0ND/0JCQv9BQUH/QUFB/0FBQf9AQED/QEBA/0BAQP9BQUH/QkJC/0RERP9FRUX/RkZG/0ZGRv9FRUX/RERE/0RERP9DQ0P/Q0ND/0NDQ/9DQ0P/QkJC/0JCQv9AQED/QEBA/0FBQf9CQkL/Q0ND/0NDQ/9CQkL/QUFB/0JCQv9DQ0P/RERE/0VFRf9GRkb/RkZG/0VFRf9DQ0P/QkJC/0NDQ/9DQ0P/Q0ND/0NDQ/9DQ0P/Q0ND/0NDQ/9CQkL/Q0ND/0RERP9ERET/Q0ND/0NDQ/9DQ0P/RERE/0RERP9GRkb/S0tL/05OTv9TU1P/VFRU/1JSUv9PT0//SEhI/0NDQ/9CQkL/MzMz/zQ0NP81NTX/NDQ0/zMzM/8zMzP/MzMz/zMzM/8yMjL/MjIy/zIyMv8yMjL/MzMz/zMzM/8zMzP/MzMz/zMzM/8zMzP/MzMz/zQ0NP80NDT/MzMz/zMzM/8zMzP/MzMz/zQ0NP80NDT/NDQ0/zQ0NP80NDT/NDQ0/zQ0NP80NDT/NTU1/zU1Nf81NTX/NTU1/zY2Nv83Nzf/NjY2/zU1Nf80NDT/MzMz/zQ0NP81NTX/NjY2/zU1Nf81NTX/NDQ0/zQ0NP80NDT/NTU1/zU1Nf81NTX/NTU1/zU1Nf82Njb/NjY2/zc3N/84ODj/Nzc3/zY2Nv81NTX/NDQ0/zU1Nf83Nzf/Nzc3/zk5Of85OTn/Nzc3/zc3N/83Nzf/Nzc3/zc3N/83Nzf/Nzc3/zc3N/83Nzf/Nzc3/zY2Nv82Njb/NjY2/zU1Nf81NTX/NjY2/zc3N/84ODj/ODg4/zc3N/83Nzf/Nzc3/zc3N/83Nzf/Nzc3/zY2Nv80NDT/NTU1/zY2Nv83Nzf/OTk5/zg4OP84ODj/ODg4/zk5Of85OTn/OTk5/zg4OP83Nzf/Nzc3/zc3N/83Nzf/Nzc3/zc3N/84ODj/ODg4/zk5Of86Ojr/OTk5/zk5Of85OTn/ODg4/zg4OP85OTn/ODg4/zc3N/83Nzf/Nzc3/zg4OP84ODj/ODg4/zk5Of86Ojr/Ojo6/zs7O/87Ozv/Ojo6/zo6Ov86Ojr/Ozs7/zs7O/87Ozv/Ojo6/zk5Of85OTn/OTk5/zo6Ov87Ozv/Ozs7/zo6Ov86Ojr/Ojo6/zo6Ov86Ojr/Ojo6/zo6Ov86Ojr/Ozs7/zs7O/87Ozv/Ozs7/zw8PP88PDz/PDw8/zw8PP87Ozv/Ozs7/zo6Ov85OTn/OTk5/zk5Of86Ojr/Ozs7/zw8PP89PT3/PDw8/zs7O/87Ozv/Ozs7/zs7O/87Ozv/Ozs7/z09Pf89PT3/PT09/zw8PP88PDz/PDw8/zw8PP88PDz/PDw8/zw8PP88PDz/PDw8/zw8PP88PDz/Ozs7/zs7O/87Ozv/Ozs7/zs7O/87Ozv/Ozs7/zs7O/87Ozv/Ozs7/zs7O/88PDz/PDw8/z09Pf89PT3/PT09/z09Pf89PT3/PT09/z09Pf8+Pj7/Pj4+/z4+Pv8+Pj7/Pj4+/z4+Pv8+Pj7/Pj4+/z4+Pv8+Pj7/PDw8/zs7O/87Ozv/PDw8/zw8PP89PT3/PDw8/zw8PP88PDz/Pj4+/z4+Pv8+Pj7/Pj4+/z09Pf89PT3/Pj4+/z4+Pv8+Pj7/PT09/z09Pf89PT3/Pj4+/z4+Pv8+Pj7/Pj4+/z8/P/9BQUH/QUFB/0BAQP8/Pz//Pj4+/z09Pf88PDz/PDw8/zw8PP88PDz/PT09/z4+Pv8+Pj7/Pj4+/z4+Pv88PDz/PT09/z09Pf8+Pj7/Pj4+/z4+Pv8+Pj7/Pz8//z8/P/8/Pz//PT09/z09Pf8+Pj7/Pz8//0BAQP9BQUH/QEBA/z8/P/8+Pj7/PT09/z4+Pv8/Pz//QEBA/0BAQP9AQED/QEBA/0BAQP8/Pz//Pz8//z4+Pv89PT3/PT09/z09Pf8+Pj7/Pj4+/z8/P/8/Pz//Pz8//z8/P/8/Pz//Pj4+/z4+Pv8+Pj7/PT09/z09Pf89PT3/PT09/z09Pf8+Pj7/Pj4+/z8/P/9AQED/Pj4+/z09Pf89PT3/PT09/z09Pf8+Pj7/Pz8//0BAQP9BQUH/QkJC/0JCQv9DQ0P/QUFB/zk5Of81NTX/MzMz/zIyMv8zMzP/NDQ0/zY2Nv8bGxv/Gxsb/xsbG/8bGxv/Gxsb/xsbG/8bGxv/Gxsb/xsbG/8cHBz/HBwc/xwcHP8bGxv/Gxsb/xsbG/8aGhr/Ghoa/xoaGv8aGhr/Ghoa/xoaGv8aGhr/Ghoa/xoaGv8aGhr/Ghoa/xoaGv8aGhr/Ghoa/xoaGv8aGhr/Ghoa/xoaGv8ZGRn/GRkZ/xgYGP8XFxf/FhYW/xYWFv8WFhb/FhYW/xoaGv8fHx//ICAg/yMjI/8iIiL/ISEh/yAgIP8eHh7/HR0d/xwcHP8bGxv/Gxsb/xsbG/8bGxv/Gxsb/xwcHP8cHBz/HR0d/x4eHv8hISH/JiYm/yYmJv8mJib/IyMj/x4eHv8cHBz/HBwc/xwcHP8dHR3/HR0d/x4eHv8fHx//ICAg/yEhIf8lJSX/KSkp/ywsLP8vLy//LS0t/ykpKf8oKCj/JiYm/ycnJ/8pKSn/Kysr/y8vL/8xMTH/MzMz/zQ0NP81NTX/NTU1/zY2Nv82Njb/Nzc3/zg4OP80NDT/Ly8v/y8vL/8uLi7/Ly8v/zAwMP8wMDD/MDAw/zAwMP8xMTH/MzMz/zc3N/84ODj/ODg4/zc3N/8yMjL/LS0t/y0tLf8tLS3/Ly8v/zExMf80NDT/ODg4/zg4OP84ODj/ODg4/zc3N/83Nzf/Nzc3/zc3N/81NTX/NTU1/zg4OP86Ojr/PDw8/z4+Pv87Ozv/Nzc3/zU1Nf8yMjL/NDQ0/zg4OP84ODj/OTk5/zs7O/89PT3/Pj4+/0JCQv9CQkL/QUFB/0BAQP88PDz/Ojo6/zw8PP8+Pj7/Pj4+/z8/P/86Ojr/NTU1/zMzM/8xMTH/MjIy/zMzM/8yMjL/MDAw/y4uLv8pKSn/Jycn/yYmJv8kJCT/Hh4e/xoaGv8ZGRn/GBgY/xcXF/8WFhb/FRUV/xQUFP8TExP/ExMT/xMTE/8TExP/ExMT/xMTE/8SEhL/EhIS/xEREf8QEBD/EBAQ/w8PD/8ODg7/Dw8P/w8PD/8PDw//Dw8P/w8PD/8PDw//Dw8P/w8PD/8PDw//Dw8P/w8PD/8PDw//EBAQ/xEREf8UFBT/HR0d/yMjI/8wMDD/Ojo6/0BAQP9GRkb/SEhI/0pKSv9JSUn/R0dH/0hISP9JSUn/R0dH/0NDQ/9BQUH/QEBA/z8/P/8/Pz//QEBA/0JCQv9CQkL/Pj4+/zs7O/84ODj/NTU1/zg4OP86Ojr/Pz8//0VFRf9HR0f/SUlJ/0ZGRv9BQUH/Ozs7/y0tLf8lJSX/Ghoa/xQUFP8RERH/Dw8P/w8PD/8PDw//EBAQ/xAQEP8QEBD/EBAQ/w8PD/8PDw//Dw8P/w8PD/8PDw//Dw8P/w8PD/8PDw//EBAQ/xISEv8UFBT/GBgY/xwcHP8kJCT/LCws/y8vL/80NDT/NDQ0/zQ0NP8zMzP/MTEx/zExMf8wMDD/MjIy/zU1Nf8zMzP/LS0t/ykpKf8mJib/JCQk/yQkJP8kJCT/JSUl/ycnJ/8pKSn/LCws/y8vL/8zMzP/MjIy/zExMf8xMTH/MjIy/zMzM/8yMjL/MjIy/zIyMv8yMjL/MTEx/zExMf8xMTH/MTEx/zExMf8xMTH/MDAw/zAwMP8xMTH/MjIy/zIyMv80NDT/NDQ0/zMzM/8yMjL/MTEx/zExMf8xMTH/MTEx/zIyMv8yMjL/MzMz/zMzM/8zMzP/MjIy/zMzM/8zMzP/MzMz/zIyMv8yMjL/MTEx/zExMf8yMjL/MjIy/zIyMv8yMjL/MjIy/zIyMv8xMTH/MTEx/zMzM/80NDT/MzMz/z8/P/8/Pz//Pz8//0BAQP9BQUH/QUFB/0JCQv9ERET/R0dH/1ZWVv90dHT/kZGR/8rKyv/X19f/urq6/6urq/+xsbH/uLi4/9TU1P/x8fH/6enp/9/f3//Q0ND/u7u7/8/Pz//w8PD/9vb2//v7+//39/f/6urq/+Li4v/S0tL/z8/P/9nZ2f/h4eH/7+/v//r6+v/9/f3///////b29v/s7Oz/urq6/3Z2dv9YWFj/Li4u/yYmJv8hISH/ICAg/yAgIP8iIiL/Jycn/ysrK/81NTX/PDw8/0tLS/9XV1f/Xl5e/2VlZf9kZGT/Y2Nj/2pqav90dHT/fHx8/4eHh/+Hh4f/hYWF/4SEhP+Dg4P/fHx8/2pqav9lZWX/a2tr/3Jycv+Dg4P/k5OT/52dnf+np6f/mZmZ/4eHh/+FhYX/gYGB/4SEhP+JiYn/lJSU/6enp/+pqan/pKSk/52dnf+NjY3/iYmJ/5eXl/+hoaH/r6+v/7u7u//AwMD/xsbG/66urv+SkpL/hYWF/3Nzc/9xcXH/bm5u/21tbf9qamr/ZmZm/1xcXP9UVFT/RUVF/z4+Pv9BQUH/QkJC/0RERP9FRUX/QEBA/zs7O/84ODj/NTU1/zU1Nf80NDT/NDQ0/zMzM/8yMjL/MTEx/zExMf8wMDD/MDAw/zExMf8xMTH/MzMz/zQ0NP8yMjL/MTEx/zQ0NP83Nzf/PT09/0ZGRv9AQED/Nzc3/zExMf8pKSn/JCQk/xoaGv8XFxf/FBQU/xMTE/8UFBT/FRUV/xoaGv8eHh7/JiYm/y0tLf8yMjL/Nzc3/0FBQf9OTk7/Q0ND/zIyMv8pKSn/GRkZ/xYWFv8VFRX/Ghoa/yYmJv8tLS3/NDQ0/zk5Of88PDz/Pj4+/z8/P/9AQED/Pz8//z09Pf8+Pj7/Pz8//z09Pf86Ojr/OTk5/zc3N/8zMzP/Kioq/yQkJP8YGBj/FBQU/xISEv8SEhL/FRUV/xkZGf8mJib/MzMz/zIyMv8wMDD/JiYm/xkZGf8XFxf/FhYW/x4eHv8sLCz/NjY2/0dHR/9NTU3/U1NT/1VVVf9WVlb/VVVV/1JSUv9OTk7/SEhI/0FBQf8+Pj7/Ojo6/zk5Of84ODj/MzMz/ywsLP8mJib/HBwc/xkZGf8XFxf/GBgY/xsbG/8fHx//Kysr/zIyMv8zMzP/MzMz/ycnJ/8bGxv/Gxsb/xsbG/8jIyP/Li4u/zY2Nv9CQkL/RUVF/0pKSv9JSUn/RERE/0JCQv9CQkL/QkJC/0RERP9FRUX/Q0ND/0JCQv9AQED/Pz8//zc3N/8uLi7/JCQk/xYWFv8TExP/EBAQ/xEREf8UFBT/GBgY/yEhIf8jIyP/ISEh/x8fH/8XFxf/EhIS/xISEv8SEhL/GRkZ/yAgIP8kJCT/KSkp/ywsLP8wMDD/MDAw/zAwMP8xMTH/MjIy/zExMf8wMDD/Li4u/ysrK/8pKSn/JiYm/yMjI/8eHh7/GRkZ/xUVFf8RERH/EBAQ/w8PD/8SEhL/FhYW/x0dHf8pKSn/LCws/y4uLv8qKir/HR0d/xcXF/8SEhL/EBAQ/w8PD/8PDw//Dw8P/w8PD/8PDw//EBAQ/xAQEP8QEBD/EBAQ/xAQEP8QEBD/EBAQ/xAQEP8RERH/ERER/xEREf8RERH/ERER/xEREf8SEhL/EhIS/xQUFP8VFRX/HR0d/yYmJv8vLy//PDw8/zMzM/8mJib/ICAg/xYWFv8UFBT/FRUV/xgYGP8fHx//IyMj/ycnJ/8pKSn/Kioq/yoqKv8qKir/MDAw/zU1Nf87Ozv/PT09/0BAQP8/Pz//Pj4+/z4+Pv89PT3/PT09/z4+Pv8+Pj7/Pj4+/z4+Pv8+Pj7/Pj4+/z8/P/9AQED/Pz8//z8/P/9AQED/QUFB/0FBQf9BQUH/QUFB/0BAQP8/Pz//Pj4+/z4+Pv8+Pj7/Pz8//0JCQv9DQ0P/QkJC/0JCQv9CQkL/QkJC/0FBQf9BQUH/QEBA/z8/P/9AQED/QkJC/0JCQv9DQ0P/Q0ND/0JCQv9DQ0P/RUVF/0RERP9CQkL/QUFB/0FBQf9BQUH/QkJC/0JCQv9DQ0P/Q0ND/0NDQ/9DQ0P/QUFB/z8/P/9AQED/Q0ND/0NDQ/9ERET/RERE/0JCQv9CQkL/QEBA/0BAQP9AQED/QEBA/0FBQf9BQUH/QUFB/0FBQf9BQUH/QUFB/0FBQf9BQUH/QUFB/0FBQf9BQUH/QUFB/0FBQf9BQUH/QUFB/0BAQP9AQED/Pz8//z8/P/8/Pz//Pz8//z4+Pv89PT3/Pj4+/z8/P/9AQED/QkJC/0FBQf9AQED/QEBA/0BAQP9AQED/QEBA/0BAQP9AQED/QEBA/0BAQP9AQED/QEBA/0BAQP9CQkL/RUVF/0VFRf9ERET/Q0ND/0FBQf9AQED/Pz8//z8/P/8/Pz//Pz8//z8/P/8/Pz//Pj4+/z09Pf8+Pj7/Pz8//z8/P/8/Pz//QEBA/0FBQf9AQED/Pz8//0BAQP9CQkL/QUFB/z8/P/8/Pz//Pz8//z8/P/8/Pz//Pz8//z8/P/8/Pz//Pz8//z8/P/8/Pz//Pz8//z8/P/8/Pz//Pz8//z4+Pv89PT3/PDw8/zw8PP89PT3/PT09/z4+Pv8+Pj7/Pz8//z8/P/9BQUH/QkJC/0NDQ/9ERET/Q0ND/0JCQv9BQUH/QEBA/0BAQP9AQED/QEBA/0FBQf9BQUH/QUFB/0FBQf9BQUH/QUFB/0JCQv9CQkL/QkJC/0JCQv9BQUH/QEBA/0BAQP9AQED/QEBA/0BAQP9BQUH/QkJC/0JCQv9BQUH/QUFB/0FBQf9BQUH/QEBA/0BAQP9BQUH/QUFB/0FBQf9BQUH/QUFB/0FBQf9AQED/QEBA/0BAQP8/Pz//Pz8//z8/P/8/Pz//Pj4+/z4+Pv8+Pj7/Pj4+/z8/P/9AQED/QUFB/0JCQv9BQUH/QEBA/z8/P/8+Pj7/Pz8//z8/P/9BQUH/Q0ND/0NDQ/9CQkL/QkJC/0JCQv9DQ0P/RERE/0NDQ/9BQUH/QEBA/0BAQP9AQED/QUFB/0FBQf9CQkL/QkJC/0JCQv9CQkL/QkJC/0NDQ/9DQ0P/Q0ND/0FBQf8+Pj7/Pz8//0FBQf9CQkL/Q0ND/0RERP9DQ0P/Q0ND/0JCQv9CQkL/Q0ND/0NDQ/9DQ0P/RERE/0RERP9ERET/QkJC/z8/P/9AQED/QUFB/0JCQv9ERET/RERE/0JCQv9CQkL/QUFB/0FBQf9AQED/Pz8//0FBQf9CQkL/Q0ND/0RERP9ERET/RERE/0RERP9DQ0P/QkJC/0FBQf9BQUH/QUFB/0FBQf9AQED/QEBA/z8/P/9AQED/QkJC/0RERP9FRUX/RUVF/0NDQ/9AQED/QEBA/z8/P/8/Pz//QEBA/0BAQP9AQED/Pz8//z4+Pv8+Pj7/QEBA/0BAQP9BQUH/QUFB/0FBQf9BQUH/QkJC/0JCQv9DQ0P/RERE/0RERP9DQ0P/Q0ND/0NDQ/9ERET/RkZG/0lJSf9PT0//U1NT/1tbW/9dXV3/Wlpa/1dXV/9MTEz/RERE/0FBQf8zMzP/MzMz/zQ0NP8zMzP/MjIy/zIyMv8yMjL/MjIy/zExMf8xMTH/MDAw/zAwMP8xMTH/MTEx/zIyMv8yMjL/MjIy/zIyMv8zMzP/NDQ0/zMzM/8yMjL/MjIy/zIyMv8yMjL/MzMz/zMzM/8zMzP/MzMz/zQ0NP80NDT/NTU1/zU1Nf81NTX/NTU1/zQ0NP80NDT/NjY2/zc3N/82Njb/NTU1/zU1Nf80NDT/NTU1/zY2Nv82Njb/NTU1/zU1Nf8zMzP/MzMz/zQ0NP80NDT/NTU1/zY2Nv81NTX/NTU1/zY2Nv82Njb/NjY2/zc3N/83Nzf/NjY2/zU1Nf80NDT/NTU1/zc3N/83Nzf/ODg4/zg4OP83Nzf/Nzc3/zY2Nv82Njb/NjY2/zY2Nv83Nzf/Nzc3/zc3N/83Nzf/Nzc3/zc3N/82Njb/NTU1/zY2Nv83Nzf/Nzc3/zg4OP84ODj/Nzc3/zc3N/82Njb/NjY2/zc3N/83Nzf/NjY2/zQ0NP81NTX/NjY2/zg4OP86Ojr/Ojo6/zk5Of85OTn/Ojo6/zo6Ov84ODj/ODg4/zc3N/82Njb/NjY2/zY2Nv83Nzf/Nzc3/zc3N/84ODj/OTk5/zs7O/86Ojr/ODg4/zg4OP84ODj/ODg4/zg4OP83Nzf/NjY2/zU1Nf82Njb/Nzc3/zg4OP84ODj/Ojo6/zs7O/88PDz/PT09/zw8PP86Ojr/Ojo6/zo6Ov86Ojr/Ozs7/zs7O/86Ojr/OTk5/zg4OP83Nzf/ODg4/zk5Of86Ojr/Ozs7/zo6Ov85OTn/OTk5/zo6Ov86Ojr/Ozs7/zs7O/87Ozv/Ozs7/zo6Ov86Ojr/Ozs7/zs7O/87Ozv/Ozs7/zo6Ov86Ojr/OTk5/zk5Of84ODj/ODg4/zk5Of87Ozv/PDw8/z4+Pv89PT3/PDw8/zw8PP87Ozv/Ozs7/zs7O/88PDz/PT09/z4+Pv89PT3/PT09/zw8PP88PDz/PDw8/zw8PP88PDz/PDw8/zw8PP89PT3/PDw8/zs7O/87Ozv/Ojo6/zo6Ov86Ojr/Ojo6/zs7O/87Ozv/Ozs7/zs7O/87Ozv/Ozs7/zw8PP88PDz/PDw8/zw8PP88PDz/Ozs7/zs7O/88PDz/PDw8/z09Pf89PT3/Pj4+/z4+Pv89PT3/PT09/z09Pf89PT3/Pj4+/z4+Pv88PDz/Ozs7/zw8PP89PT3/PT09/zw8PP88PDz/Ozs7/zw8PP8/Pz//QEBA/z8/P/8+Pj7/PT09/zw8PP89PT3/PT09/zw8PP88PDz/PDw8/zw8PP8+Pj7/QEBA/0BAQP9AQED/QUFB/0NDQ/9CQkL/QEBA/z8/P/8+Pj7/PT09/zw8PP88PDz/Ozs7/zs7O/89PT3/Pj4+/z4+Pv89PT3/PDw8/zs7O/88PDz/PT09/z09Pf8+Pj7/Pj4+/z09Pf89PT3/PT09/z09Pf88PDz/PDw8/z09Pf8+Pj7/QEBA/0FBQf9AQED/Pj4+/z4+Pv89PT3/Pj4+/z8/P/8/Pz//QEBA/0BAQP8/Pz//Pz8//z09Pf89PT3/PT09/z09Pf89PT3/PT09/zw8PP87Ozv/PDw8/z09Pf89PT3/Pj4+/z4+Pv8+Pj7/Pj4+/z09Pf89PT3/PT09/z09Pf88PDz/PDw8/z4+Pv8/Pz//QkJC/0NDQ/9AQED/Pj4+/z4+Pv89PT3/Pj4+/z8/P/9AQED/QUFB/0JCQv9ERET/RUVF/0dHR/9DQ0P/Nzc3/zIyMv8wMDD/Ly8v/zAwMP8wMDD/MDAw/xsbG/8bGxv/Gxsb/xsbG/8bGxv/Gxsb/xsbG/8bGxv/Gxsb/xsbG/8bGxv/Gxsb/xoaGv8aGhr/Ghoa/xoaGv8aGhr/Ghoa/xoaGv8aGhr/Ghoa/xoaGv8aGhr/GRkZ/xkZGf8ZGRn/GRkZ/xoaGv8aGhr/Ghoa/xoaGv8aGhr/Ghoa/xkZGf8ZGRn/GBgY/xcXF/8WFhb/FhYW/xYWFv8WFhb/Ghoa/x8fH/8hISH/JCQk/yMjI/8iIiL/ISEh/x8fH/8dHR3/HBwc/xsbG/8bGxv/Gxsb/xsbG/8bGxv/HBwc/xwcHP8cHBz/HR0d/x8fH/8jIyP/IyMj/yQkJP8iIiL/HR0d/xwcHP8cHBz/HBwc/x0dHf8dHR3/Hh4e/x8fH/8gICD/ISEh/yUlJf8pKSn/LCws/y8vL/8tLS3/KSkp/ygoKP8lJSX/JiYm/ykpKf8sLCz/MjIy/zQ0NP82Njb/NjY2/zQ0NP8zMzP/MzMz/zMzM/81NTX/ODg4/zMzM/8tLS3/Kysr/ykpKf8qKir/Kysr/ysrK/8qKir/Kysr/y4uLv8xMTH/OTk5/z09Pf8+Pj7/PT09/zc3N/8xMTH/Ly8v/y0tLf8uLi7/MDAw/zU1Nf87Ozv/PDw8/zw8PP86Ojr/NjY2/zU1Nf80NDT/NDQ0/zQ0NP81NTX/Nzc3/zk5Of86Ojr/Ojo6/zc3N/80NDT/MjIy/y8vL/8xMTH/NTU1/zY2Nv85OTn/OTk5/zo6Ov88PDz/QkJC/0RERP9DQ0P/QkJC/0BAQP8+Pj7/Pz8//z8/P/9AQED/QkJC/z4+Pv84ODj/NTU1/zAwMP8wMDD/Ly8v/zAwMP8yMjL/MTEx/ysrK/8oKCj/JiYm/yQkJP8fHx//Gxsb/xkZGf8YGBj/FxcX/xYWFv8VFRX/FBQU/xQUFP8TExP/ExMT/xMTE/8TExP/ExMT/xMTE/8RERH/ERER/xAQEP8PDw//Dg4O/w4ODv8PDw//Dw8P/w8PD/8PDw//Dw8P/w8PD/8PDw//EBAQ/xAQEP8PDw//Dw8P/w8PD/8QEBD/EhIS/xYWFv8jIyP/LCws/zc3N/9AQED/RUVF/0lJSf9KSkr/S0tL/0lJSf9GRkb/RUVF/0RERP9CQkL/Pz8//z4+Pv89PT3/PT09/zw8PP88PDz/Pj4+/z8/P/88PDz/Ojo6/zc3N/80NDT/NDQ0/zU1Nf86Ojr/QUFB/0RERP9JSUn/SkpK/0lJSf9ERET/Nzc3/y4uLv8eHh7/FhYW/xISEv8PDw//Dw8P/w8PD/8QEBD/EBAQ/xAQEP8QEBD/EBAQ/w8PD/8PDw//Dw8P/w8PD/8PDw//Dw8P/w8PD/8QEBD/ERER/xMTE/8WFhb/GRkZ/yIiIv8pKSn/Li4u/zQ0NP80NDT/NDQ0/zIyMv8wMDD/MDAw/zAwMP8yMjL/NTU1/zQ0NP8uLi7/Kysr/ycnJ/8lJSX/JSUl/yUlJf8mJib/Jycn/ykpKf8sLCz/MDAw/zQ0NP8zMzP/MTEx/zIyMv80NDT/MzMz/zIyMv8yMjL/MjIy/zIyMv8yMjL/MjIy/zIyMv8yMjL/MjIy/zIyMv8xMTH/MDAw/zExMf8yMjL/MjIy/zMzM/8zMzP/MzMz/zMzM/8yMjL/MjIy/zAwMP8wMDD/MTEx/zIyMv8zMzP/MzMz/zIyMv8xMTH/MjIy/zMzM/8zMzP/MzMz/zMzM/8zMzP/MzMz/zMzM/8zMzP/MzMz/zMzM/8zMzP/MzMz/zIyMv8yMjL/NDQ0/zU1Nf80NDT/SEhI/0VFRf9CQkL/QUFB/0FBQf9BQUH/QkJC/0hISP9SUlL/YGBg/319ff+MjIz/oaGh/6Ghof+Ghob/eHh4/3t7e/9/f3//kJCQ/6Kiov+enp7/mZmZ/5CQkP+Dg4P/kpKS/6urq/+ysrL/vLy8/7q6uv+wsLD/qamp/5+fn/+cnJz/oKCg/6SkpP+vr6//t7e3/76+vv/ExMT/xcXF/8fHx/+cnJz/YWFh/0pKSv8qKir/JCQk/yAgIP8gICD/IyMj/yYmJv8uLi7/MjIy/zg4OP8/Pz//T09P/11dXf9lZWX/bm5u/2xsbP9ra2v/cXFx/3l5ef9/f3//iIiI/4qKiv+MjIz/i4uL/4eHh/9+fn7/aGho/19fX/9gYGD/YmJi/21tbf92dnb/enp6/39/f/91dXX/aWlp/2lpaf9oaGj/ampq/25ubv92dnb/hISE/4aGhv+Dg4P/f39//3V1df9zc3P/fn5+/4eHh/+UlJT/np6e/5+fn/+goKD/kZGR/39/f/94eHj/bm5u/3BwcP90dHT/dnZ2/3l5ef91dXX/ampq/2BgYP9JSUn/QUFB/0hISP9MTEz/S0tL/0pKSv9CQkL/Ojo6/zU1Nf8vLy//Ly8v/zAwMP8vLy//Ly8v/y4uLv8tLS3/LS0t/ysrK/8rKyv/Kysr/ysrK/8sLCz/LCws/ysrK/8rKyv/Ly8v/zQ0NP9BQUH/UVFR/0xMTP9DQ0P/Ozs7/y0tLf8nJyf/HR0d/xkZGf8WFhb/FRUV/xUVFf8WFhb/Gxsb/x8fH/8mJib/LS0t/zIyMv84ODj/QUFB/0xMTP9DQ0P/NDQ0/yoqKv8aGhr/FxcX/xYWFv8bGxv/KCgo/y4uLv81NTX/OTk5/zs7O/89PT3/Pz8//0FBQf9AQED/Pj4+/z4+Pv8/Pz//PT09/zs7O/85OTn/NjY2/zExMf8oKCj/IiIi/xgYGP8UFBT/ExMT/xMTE/8XFxf/Gxsb/ygoKP81NTX/MzMz/zExMf8nJyf/GRkZ/xgYGP8XFxf/Hx8f/y0tLf83Nzf/RkZG/0tLS/9PT0//UFBQ/1JSUv9SUlL/Tk5O/0tLS/9GRkb/QUFB/z4+Pv87Ozv/Ozs7/zo6Ov86Ojr/OTk5/zMzM/8oKCj/JCQk/yAgIP8fHx//ISEh/yQkJP8uLi7/MzMz/zQ0NP8zMzP/Kysr/yIiIv8lJSX/Jycn/y8vL/84ODj/PT09/0RERP9GRkb/SEhI/0dHR/9FRUX/RERE/0JCQv9CQkL/QkJC/0FBQf9AQED/Pz8//z09Pf87Ozv/MjIy/ygoKP8gICD/FRUV/xISEv8QEBD/ERER/xQUFP8YGBj/ISEh/yMjI/8hISH/Hx8f/xcXF/8SEhL/EhIS/xISEv8aGhr/ISEh/yYmJv8rKyv/LS0t/zAwMP8wMDD/MDAw/zAwMP8wMDD/MDAw/zAwMP8vLy//LCws/yoqKv8mJib/IyMj/x0dHf8XFxf/FBQU/xEREf8QEBD/Dw8P/xISEv8VFRX/HR0d/ykpKf8sLCz/Ly8v/ysrK/8dHR3/GBgY/xMTE/8QEBD/EBAQ/xAQEP8QEBD/EBAQ/xAQEP8QEBD/EBAQ/xAQEP8QEBD/EBAQ/xAQEP8QEBD/ERER/xEREf8SEhL/ExMT/xMTE/8VFRX/FhYW/xYWFv8VFRX/FhYW/xcXF/8eHh7/JiYm/y8vL/86Ojr/MjIy/yUlJf8fHx//FRUV/xQUFP8UFBT/FxcX/x8fH/8jIyP/KCgo/ysrK/8sLCz/LCws/ywsLP8vLy//NDQ0/zk5Of88PDz/Pj4+/z8/P/8+Pj7/Pj4+/z4+Pv8+Pj7/Pj4+/z4+Pv8/Pz//Pz8//z8/P/8/Pz//Pz8//z8/P/8/Pz//Pz8//0BAQP9CQkL/QkJC/0FBQf9BQUH/QUFB/0BAQP9AQED/QEBA/z8/P/8/Pz//QEBA/0FBQf9BQUH/QUFB/0FBQf9BQUH/QUFB/0FBQf9AQED/Pz8//0BAQP9BQUH/QUFB/0JCQv9CQkL/Q0ND/0NDQ/9ERET/RERE/0JCQv9CQkL/QkJC/0JCQv9CQkL/QkJC/0JCQv9DQ0P/QkJC/0FBQf9AQED/Pz8//0BAQP9BQUH/QUFB/0JCQv9CQkL/QUFB/0FBQf9AQED/QEBA/z8/P/8/Pz//Pz8//0BAQP9AQED/QUFB/0BAQP9AQED/QUFB/0FBQf9BQUH/QUFB/0FBQf9BQUH/QUFB/0FBQf9BQUH/QEBA/0BAQP8/Pz//Pz8//z8/P/8/Pz//Pz8//z4+Pv9AQED/QUFB/0JCQv9CQkL/QkJC/0FBQf9BQUH/QUFB/0BAQP9AQED/QEBA/0BAQP9AQED/QEBA/0FBQf9BQUH/QkJC/0NDQ/9FRUX/Q0ND/0JCQv9CQkL/QkJC/0JCQv9CQkL/QUFB/0FBQf9AQED/QEBA/0BAQP8/Pz//Pz8//z8/P/9AQED/QEBA/0BAQP9AQED/QUFB/0BAQP8/Pz//QEBA/0FBQf9BQUH/QUFB/0FBQf9BQUH/QEBA/0BAQP9AQED/QEBA/0BAQP9BQUH/QUFB/0FBQf9BQUH/QEBA/z8/P/8/Pz//Pz8//z4+Pv8+Pj7/Pz8//0BAQP9AQED/QEBA/0BAQP9AQED/QEBA/0JCQv9DQ0P/Q0ND/0RERP9DQ0P/QkJC/0FBQf9AQED/QEBA/0FBQf9BQUH/QkJC/0JCQv9CQkL/QUFB/0FBQf9BQUH/QkJC/0JCQv9CQkL/QkJC/0JCQv9CQkL/QkJC/0JCQv9BQUH/QUFB/0FBQf9BQUH/QEBA/z8/P/8/Pz//Pz8//z8/P/9BQUH/QUFB/0FBQf9CQkL/QkJC/0NDQ/9DQ0P/Q0ND/0JCQv9CQkL/QUFB/0BAQP9AQED/Pz8//z8/P/8/Pz//Pz8//z8/P/9AQED/QEBA/0BAQP8/Pz//Pz8//0BAQP9AQED/Pz8//z8/P/8/Pz//Pz8//0FBQf9DQ0P/Q0ND/0JCQv9CQkL/QkJC/0NDQ/9DQ0P/QkJC/0BAQP9AQED/QEBA/0BAQP9BQUH/QUFB/0JCQv9DQ0P/Q0ND/0NDQ/9DQ0P/QkJC/0JCQv9DQ0P/QkJC/0FBQf9BQUH/QUFB/0JCQv9ERET/RERE/0RERP9DQ0P/Q0ND/0JCQv9DQ0P/Q0ND/0NDQ/9ERET/RERE/0RERP9CQkL/QUFB/0BAQP9BQUH/QUFB/0NDQ/9DQ0P/Q0ND/0JCQv9BQUH/QUFB/0BAQP8/Pz//QEBA/0FBQf9CQkL/QkJC/0JCQv9CQkL/QUFB/0FBQf9BQUH/QUFB/0FBQf9CQkL/QkJC/0FBQf9AQED/QEBA/0BAQP9DQ0P/RERE/0RERP9ERET/Q0ND/0JCQv9BQUH/QEBA/0BAQP9BQUH/QUFB/0FBQf9BQUH/QEBA/0BAQP9AQED/QUFB/0JCQv9CQkL/QkJC/0JCQv9CQkL/QkJC/0NDQ/9ERET/RkZG/0lJSf9PT0//WVlZ/2pqav+JiYn/k5OT/5+fn/+jo6P/pKSk/56env+Ghob/dnZ2/2BgYP9QUFD/TExM/zMzM/80NDT/NTU1/zQ0NP8zMzP/MzMz/zMzM/8zMzP/MjIy/zIyMv8yMjL/MjIy/zIyMv8zMzP/MzMz/zMzM/8zMzP/NDQ0/zQ0NP81NTX/NDQ0/zQ0NP80NDT/MzMz/zMzM/80NDT/NDQ0/zU1Nf81NTX/NTU1/zU1Nf81NTX/NTU1/zQ0NP80NDT/NTU1/zU1Nf82Njb/Nzc3/zY2Nv81NTX/NTU1/zU1Nf82Njb/NjY2/zY2Nv81NTX/NDQ0/zQ0NP80NDT/NTU1/zY2Nv83Nzf/Nzc3/zc3N/82Njb/NjY2/zY2Nv82Njb/NjY2/zY2Nv82Njb/NjY2/zU1Nf82Njb/Nzc3/zg4OP84ODj/ODg4/zc3N/83Nzf/NjY2/zU1Nf81NTX/NTU1/zU1Nf82Njb/NjY2/zY2Nv82Njb/Nzc3/zY2Nv82Njb/NjY2/zc3N/84ODj/ODg4/zg4OP83Nzf/Nzc3/zY2Nv82Njb/Nzc3/zc3N/82Njb/NTU1/zY2Nv82Njb/Nzc3/zg4OP85OTn/OTk5/zk5Of85OTn/OTk5/zg4OP83Nzf/Nzc3/zc3N/83Nzf/ODg4/zg4OP84ODj/ODg4/zg4OP85OTn/Ojo6/zk5Of85OTn/ODg4/zg4OP84ODj/ODg4/zg4OP84ODj/ODg4/zg4OP84ODj/ODg4/zk5Of85OTn/Ojo6/zs7O/88PDz/Ozs7/zo6Ov86Ojr/Ozs7/zs7O/86Ojr/Ojo6/zo6Ov85OTn/ODg4/zg4OP86Ojr/Ojo6/zo6Ov85OTn/OTk5/zk5Of86Ojr/Ojo6/zs7O/87Ozv/Ozs7/zs7O/87Ozv/Ojo6/zo6Ov87Ozv/Ozs7/zs7O/87Ozv/Ozs7/zo6Ov86Ojr/OTk5/zk5Of85OTn/Ojo6/zs7O/88PDz/PT09/zw8PP88PDz/PDw8/zs7O/87Ozv/Ozs7/zs7O/89PT3/PT09/z09Pf89PT3/PDw8/zw8PP88PDz/Ozs7/zs7O/88PDz/PDw8/z09Pf88PDz/Ozs7/zs7O/86Ojr/Ojo6/zk5Of85OTn/Ozs7/zs7O/88PDz/PDw8/zs7O/87Ozv/Ozs7/zw8PP88PDz/PDw8/zw8PP87Ozv/PDw8/zw8PP89PT3/PT09/z4+Pv8/Pz//Pz8//z4+Pv8+Pj7/Pj4+/z09Pf8+Pj7/PT09/z09Pf88PDz/PDw8/z09Pf89PT3/PT09/z09Pf89PT3/PT09/z8/P/8/Pz//Pz8//z4+Pv89PT3/PDw8/z09Pf89PT3/PT09/z09Pf89PT3/PDw8/z4+Pv8/Pz//Pz8//z8/P/8/Pz//QEBA/0BAQP9AQED/Pz8//z8/P/8+Pj7/Pj4+/z4+Pv8+Pj7/Pj4+/z4+Pv89PT3/PT09/z09Pf88PDz/PDw8/z09Pf89PT3/Pj4+/z4+Pv8+Pj7/Pj4+/z4+Pv88PDz/PDw8/zs7O/87Ozv/PT09/z4+Pv9AQED/QUFB/0BAQP8+Pj7/Pj4+/z09Pf89PT3/Pj4+/z4+Pv8+Pj7/Pj4+/z4+Pv8+Pj7/PT09/z09Pf8+Pj7/Pj4+/z4+Pv89PT3/PT09/z09Pf89PT3/PT09/z09Pf8+Pj7/Pj4+/z4+Pv8+Pj7/Pj4+/z4+Pv89PT3/PT09/z09Pf89PT3/Pj4+/z8/P/9AQED/QEBA/z8/P/8+Pj7/Pj4+/z09Pf8+Pj7/Pj4+/z8/P/9AQED/QEBA/0FBQf9BQUH/QUFB/z4+Pv81NTX/MTEx/zAwMP8vLy//MDAw/y8vL/8vLy//Ghoa/xoaGv8aGhr/Ghoa/xoaGv8aGhr/Ghoa/xoaGv8aGhr/Ghoa/xoaGv8bGxv/Ghoa/xoaGv8aGhr/Ghoa/xoaGv8aGhr/Ghoa/xoaGv8aGhr/Ghoa/xoaGv8aGhr/Ghoa/xkZGf8ZGRn/Ghoa/xoaGv8aGhr/Ghoa/xoaGv8ZGRn/GRkZ/xkZGf8YGBj/FxcX/xcXF/8WFhb/FhYW/xYWFv8aGhr/Hx8f/yEhIf8kJCT/JCQk/yIiIv8hISH/Hx8f/x4eHv8cHBz/Gxsb/xsbG/8bGxv/Gxsb/xsbG/8cHBz/HBwc/xwcHP8dHR3/ICAg/yMjI/8jIyP/JCQk/yEhIf8dHR3/HBwc/xwcHP8cHBz/HR0d/x0dHf8eHh7/Hx8f/yAgIP8hISH/JCQk/ycnJ/8qKir/LS0t/y0tLf8sLCz/Kysr/ykpKf8rKyv/LS0t/zAwMP80NDT/NjY2/zg4OP85OTn/Ojo6/zo6Ov84ODj/NjY2/zY2Nv81NTX/MTEx/y0tLf8rKyv/KSkp/ysrK/8vLy//Ly8v/y0tLf8tLS3/Li4u/zAwMP83Nzf/Ojo6/zk5Of84ODj/NDQ0/zAwMP8uLi7/LS0t/y8vL/8xMTH/NDQ0/zo6Ov87Ozv/Ozs7/zs7O/85OTn/Nzc3/zQ0NP8zMzP/MjIy/zExMf8zMzP/MzMz/zQ0NP81NTX/Nzc3/zg4OP84ODj/OTk5/zk5Of86Ojr/PT09/0FBQf9BQUH/QEBA/0BAQP9BQUH/QUFB/0BAQP9AQED/Pz8//z4+Pv8/Pz//Pz8//0BAQP9AQED/Pz8//z8/P/88PDz/ODg4/zU1Nf8yMjL/MzMz/zU1Nf8zMzP/LS0t/ykpKf8mJib/IyMj/x4eHv8bGxv/GRkZ/xgYGP8XFxf/FhYW/xUVFf8UFBT/FBQU/xMTE/8TExP/FBQU/xQUFP8UFBT/FBQU/xISEv8RERH/EBAQ/w8PD/8ODg7/Dg4O/w4ODv8PDw//Dw8P/w8PD/8PDw//Dw8P/w8PD/8QEBD/EBAQ/w8PD/8PDw//Dw8P/xEREf8VFRX/Ghoa/ygoKP8yMjL/PDw8/0NDQ/9ISEj/TExM/0xMTP9MTEz/SUlJ/0ZGRv9DQ0P/QEBA/z4+Pv88PDz/PDw8/z09Pf89PT3/PT09/z09Pf8/Pz//QEBA/z4+Pv89PT3/Ojo6/zY2Nv83Nzf/ODg4/zs7O/8/Pz//Q0ND/0hISP9JSUn/SUlJ/0ZGRv8+Pj7/NjY2/yUlJf8cHBz/FRUV/xAQEP8QEBD/Dw8P/w8PD/8QEBD/EBAQ/xAQEP8PDw//Dw8P/w8PD/8PDw//Dw8P/w8PD/8PDw//Dw8P/w8PD/8RERH/EhIS/xUVFf8YGBj/ISEh/ykpKf8vLy//NjY2/zU1Nf81NTX/NDQ0/zIyMv8xMTH/Ly8v/zAwMP8yMjL/MTEx/y4uLv8sLCz/KSkp/ygoKP8nJyf/Jycn/ygoKP8pKSn/Kysr/y4uLv8wMDD/MjIy/zIyMv8xMTH/MTEx/zIyMv8yMjL/MTEx/zExMf8xMTH/MjIy/zIyMv8xMTH/MTEx/zExMf8xMTH/MTEx/zAwMP8wMDD/MTEx/zIyMv8yMjL/MzMz/zMzM/8zMzP/MzMz/zIyMv8yMjL/MTEx/zExMf8yMjL/MzMz/zMzM/8zMzP/MjIy/zIyMv8zMzP/MzMz/zMzM/8zMzP/MzMz/zMzM/8zMzP/MzMz/zMzM/8zMzP/MzMz/zMzM/8yMjL/MjIy/zIyMv80NDT/NTU1/zQ0NP9RUVH/S0tL/0VFRf9DQ0P/QEBA/0FBQf9DQ0P/TExM/1xcXP9ra2v/hoaG/4iIiP94eHj/a2tr/1JSUv9FRUX/RkZG/0dHR/9NTU3/VFRU/1RUVP9UVFT/UFBQ/0xMTP9WVlb/ZmZm/3BwcP9/f3//fn5+/3Z2dv9ycnL/bW1t/2pqav9nZ2f/Z2dn/29vb/92dnb/gICA/4qKiv+VlZX/oaGh/35+fv9NTU3/PDw8/yYmJv8iIiL/Hx8f/yAgIP8lJSX/Kioq/zQ0NP85OTn/PDw8/0FBQf9UVFT/Y2Nj/2xsbP92dnb/dXV1/3Nzc/93d3f/fX19/4KCgv+Kior/jY2N/5KSkv+RkZH/i4uL/4GBgf9mZmb/WVlZ/1RUVP9SUlL/VlZW/1paWv9YWFj/V1dX/1JSUv9LS0v/TU1N/09PT/9RUVH/U1NT/1hYWP9hYWH/Y2Nj/2NjY/9hYWH/XFxc/1xcXP9mZmb/bW1t/3h4eP+CgoL/fn5+/3p6ev90dHT/bGxs/2tra/9qamr/b29v/3p6ev9/f3//h4eH/4SEhP94eHj/a2tr/05OTv9DQ0P/T09P/1ZWVv9SUlL/T09P/0RERP85OTn/MjIy/yoqKv8qKir/Kysr/ysrK/8rKyv/Kioq/yoqKv8pKSn/JiYm/yUlJf8lJSX/JSUl/yUlJf8lJSX/JSUl/yUlJf8qKir/MDAw/0RERP9cXFz/WFhY/09PT/9ERET/MTEx/yoqKv8gICD/HBwc/xcXF/8WFhb/FhYW/xcXF/8cHBz/ICAg/yYmJv8tLS3/MzMz/zk5Of9BQUH/S0tL/0JCQv81NTX/Kysr/xsbG/8YGBj/FxcX/xwcHP8pKSn/MDAw/zY2Nv86Ojr/Ozs7/zw8PP8/Pz//QkJC/0BAQP8/Pz//Pz8//z4+Pv89PT3/Ozs7/zk5Of81NTX/MDAw/yYmJv8gICD/GBgY/xUVFf8UFBT/FBQU/xgYGP8dHR3/Kioq/zg4OP81NTX/MjIy/ycnJ/8ZGRn/GBgY/xkZGf8gICD/Li4u/zc3N/9FRUX/SkpK/0tLS/9MTEz/TU1N/05OTv9LS0v/SEhI/0RERP9AQED/Pj4+/zw8PP88PDz/PT09/0FBQf9HR0f/QUFB/zMzM/8uLi7/KCgo/yYmJv8nJyf/KSkp/zAwMP80NDT/NDQ0/zQ0NP8vLy//KSkp/y4uLv80NDT/Ojo6/0NDQ/9ERET/R0dH/0ZGRv9FRUX/RkZG/0dHR/9GRkb/Q0ND/0FBQf8/Pz//Pj4+/z09Pf87Ozv/OTk5/zY2Nv8tLS3/IyMj/xwcHP8UFBT/EhIS/w8PD/8QEBD/ExMT/xgYGP8hISH/IyMj/yEhIf8eHh7/FxcX/xMTE/8SEhL/EhIS/xoaGv8jIyP/KCgo/y4uLv8vLy//MTEx/zExMf8xMTH/MDAw/y8vL/8vLy//MDAw/y8vL/8sLCz/Kioq/yYmJv8iIiL/HBwc/xYWFv8TExP/EBAQ/xAQEP8QEBD/EhIS/xUVFf8cHBz/KSkp/y0tLf8wMDD/LCws/x4eHv8YGBj/ExMT/xEREf8RERH/ERER/xEREf8RERH/ERER/xEREf8RERH/EBAQ/xAQEP8RERH/ERER/xEREf8RERH/EhIS/xMTE/8UFBT/FhYW/xkZGf8aGhr/GRkZ/xkZGf8YGBj/GBgY/x8fH/8nJyf/Li4u/zg4OP8wMDD/JCQk/x4eHv8VFRX/ExMT/xMTE/8WFhb/Hx8f/yQkJP8qKir/LS0t/y4uLv8vLy//Ly8v/y4uLv8zMzP/ODg4/zo6Ov89PT3/Pj4+/z8/P/8/Pz//Pz8//z8/P/8+Pj7/Pz8//0BAQP9BQUH/QUFB/0FBQf9AQED/Pz8//z8/P/8/Pz//QUFB/0NDQ/9CQkL/QUFB/0FBQf9BQUH/QkJC/0NDQ/9CQkL/QEBA/0BAQP8/Pz//Pz8//0BAQP9BQUH/QEBA/0BAQP9AQED/QEBA/0BAQP8/Pz//Pz8//0BAQP9AQED/QUFB/0JCQv9ERET/RERE/0NDQ/9DQ0P/Q0ND/0NDQ/9CQkL/QkJC/0JCQv9CQkL/QkJC/0JCQv9BQUH/Pz8//z8/P/8/Pz//Pz8//z8/P/8/Pz//QEBA/0BAQP9AQED/QEBA/0BAQP9AQED/Pz8//z4+Pv8+Pj7/Pj4+/z8/P/9AQED/QEBA/z8/P/9AQED/QkJC/0JCQv9CQkL/QkJC/0FBQf9BQUH/QUFB/0FBQf9AQED/QEBA/z8/P/8/Pz//Pz8//z8/P/8/Pz//QEBA/0JCQv9ERET/Q0ND/0JCQv9CQkL/QkJC/0JCQv9BQUH/QUFB/z8/P/8/Pz//QEBA/0BAQP9BQUH/QUFB/0NDQ/9ERET/RERE/0RERP9CQkL/QEBA/0FBQf9CQkL/Q0ND/0RERP9ERET/QkJC/0JCQv9BQUH/QUFB/0BAQP9AQED/QEBA/0BAQP9AQED/QUFB/0BAQP9AQED/QEBA/0BAQP9AQED/QEBA/0FBQf9DQ0P/Q0ND/0JCQv9CQkL/QUFB/0FBQf9CQkL/QkJC/0JCQv9DQ0P/Q0ND/0NDQ/9BQUH/QEBA/0BAQP8/Pz//Pz8//0BAQP9BQUH/Q0ND/0NDQ/9CQkL/QUFB/0BAQP9AQED/QkJC/0NDQ/9ERET/RERE/0NDQ/9CQkL/QUFB/z8/P/9AQED/QkJC/0JCQv9DQ0P/Q0ND/0JCQv9BQUH/QEBA/0FBQf9CQkL/Q0ND/0JCQv9CQkL/RERE/0VFRf9ERET/RERE/0NDQ/9CQkL/QUFB/0BAQP8/Pz//PT09/z09Pf88PDz/Pj4+/0JCQv9DQ0P/QkJC/0JCQv9ERET/RUVF/0VFRf9FRUX/RERE/0RERP9CQkL/QUFB/0FBQf9AQED/QEBA/0BAQP9AQED/QUFB/0FBQf9BQUH/QEBA/z09Pf89PT3/Pz8//0BAQP9AQED/QEBA/z8/P/8/Pz//QUFB/0NDQ/9DQ0P/Q0ND/0NDQ/9DQ0P/QkJC/0FBQf9BQUH/QEBA/0BAQP9AQED/QEBA/0FBQf9BQUH/Q0ND/0VFRf9ERET/RERE/0NDQ/9BQUH/QUFB/0JCQv9CQkL/Q0ND/0JCQv9BQUH/QkJC/0RERP9FRUX/RERE/0RERP9DQ0P/Q0ND/0JCQv9CQkL/Q0ND/0NDQ/9DQ0P/Q0ND/0NDQ/9CQkL/QUFB/0BAQP9BQUH/QkJC/0JCQv9DQ0P/Q0ND/0JCQv9BQUH/QEBA/z8/P/9AQED/QEBA/0BAQP9AQED/QEBA/z8/P/8/Pz//Pz8//0BAQP9BQUH/QkJC/0NDQ/9DQ0P/QkJC/0FBQf9AQED/QUFB/0NDQ/9FRUX/RERE/0NDQ/9DQ0P/RERE/0NDQ/9BQUH/QUFB/0JCQv9CQkL/QkJC/0JCQv9CQkL/QkJC/0FBQf9BQUH/QkJC/0NDQ/9ERET/RERE/0NDQ/9CQkL/Q0ND/0VFRf9JSUn/Tk5O/1tbW/9vb2//kJCQ/8vLy//c3Nz/7+/v//Ly8v/t7e3/3t7e/7Kysv+UlJT/dHR0/11dXf9XV1f/NDQ0/zU1Nf82Njb/NTU1/zMzM/8zMzP/NDQ0/zQ0NP8zMzP/MzMz/zMzM/8zMzP/NDQ0/zQ0NP80NDT/NDQ0/zQ0NP81NTX/NTU1/zY2Nv82Njb/NjY2/zU1Nf80NDT/NDQ0/zU1Nf81NTX/Nzc3/zc3N/83Nzf/Nzc3/zY2Nv82Njb/NDQ0/zMzM/81NTX/NjY2/zY2Nv82Njb/NjY2/zY2Nv82Njb/Nzc3/zc3N/82Njb/NTU1/zQ0NP80NDT/NTU1/zU1Nf82Njb/Nzc3/zg4OP85OTn/ODg4/zc3N/82Njb/NTU1/zU1Nf81NTX/NTU1/zY2Nv82Njb/Nzc3/zc3N/84ODj/ODg4/zg4OP84ODj/Nzc3/zc3N/82Njb/NTU1/zQ0NP8zMzP/NDQ0/zQ0NP81NTX/NTU1/zU1Nf82Njb/NjY2/zc3N/83Nzf/ODg4/zg4OP84ODj/ODg4/zc3N/83Nzf/NjY2/zY2Nv83Nzf/Nzc3/zc3N/83Nzf/NjY2/zY2Nv82Njb/Nzc3/zc3N/84ODj/ODg4/zk5Of85OTn/Nzc3/zc3N/84ODj/ODg4/zk5Of85OTn/OTk5/zo6Ov85OTn/OTk5/zk5Of84ODj/ODg4/zk5Of84ODj/Nzc3/zc3N/84ODj/OTk5/zo6Ov86Ojr/OTk5/zg4OP85OTn/OTk5/zk5Of85OTn/Ojo6/zo6Ov86Ojr/Ojo6/zs7O/88PDz/Ozs7/zk5Of85OTn/OTk5/zk5Of85OTn/OTk5/zs7O/87Ozv/OTk5/zc3N/85OTn/Ojo6/zo6Ov87Ozv/Ozs7/zs7O/87Ozv/Ojo6/zo6Ov87Ozv/Ozs7/zo6Ov86Ojr/Ozs7/zs7O/87Ozv/Ozs7/zo6Ov85OTn/Ojo6/zs7O/87Ozv/Ozs7/zs7O/87Ozv/Ozs7/zw8PP87Ozv/Ojo6/zo6Ov86Ojr/Ozs7/zw8PP89PT3/PT09/z09Pf88PDz/PDw8/zs7O/86Ojr/Ozs7/zw8PP88PDz/PT09/zw8PP87Ozv/Ozs7/zo6Ov86Ojr/ODg4/zk5Of86Ojr/Ozs7/zw8PP89PT3/Ozs7/zo6Ov87Ozv/Ozs7/zs7O/87Ozv/Ozs7/zw8PP88PDz/PT09/z09Pf89PT3/Pj4+/0BAQP9AQED/Pz8//z8/P/8+Pj7/Pj4+/z09Pf89PT3/PT09/z4+Pv89PT3/PDw8/z09Pf8/Pz//Pz8//z4+Pv8+Pj7/Pj4+/z4+Pv8+Pj7/Pj4+/z09Pf89PT3/PDw8/zw8PP8+Pj7/Pz8//z4+Pv89PT3/PT09/z4+Pv8+Pj7/PT09/z09Pf89PT3/Pj4+/z8/P/8/Pz//QEBA/0BAQP9BQUH/QUFB/0FBQf9AQED/Pz8//z09Pf89PT3/PDw8/zw8PP89PT3/PT09/z4+Pv8+Pj7/Pj4+/z4+Pv8/Pz//Pj4+/zw8PP87Ozv/Ojo6/zs7O/89PT3/Pj4+/0BAQP9BQUH/QEBA/z4+Pv8+Pj7/PT09/z09Pf88PDz/PDw8/zs7O/88PDz/Pj4+/z4+Pv88PDz/PT09/z4+Pv8/Pz//Pj4+/z4+Pv8/Pz//QEBA/z4+Pv89PT3/PT09/z4+Pv8+Pj7/Pz8//z8/P/9AQED/Pz8//z09Pf89PT3/Pj4+/z4+Pv8+Pj7/Pj4+/z4+Pv8+Pj7/Pj4+/z4+Pv8+Pj7/Pj4+/z4+Pv8+Pj7/Pj4+/z4+Pv8+Pj7/Pj4+/z09Pf87Ozv/OTk5/zMzM/8xMTH/MDAw/zAwMP8vLy//Ly8v/y8vL/8YGBj/GRkZ/xkZGf8ZGRn/GBgY/xgYGP8YGBj/GBgY/xkZGf8ZGRn/Ghoa/xoaGv8bGxv/Gxsb/xsbG/8bGxv/Gxsb/xsbG/8aGhr/Ghoa/xoaGv8aGhr/Ghoa/xsbG/8aGhr/GRkZ/xkZGf8aGhr/Ghoa/xoaGv8aGhr/GRkZ/xkZGf8ZGRn/GRkZ/xgYGP8YGBj/FxcX/xYWFv8WFhb/FRUV/xkZGf8gICD/IiIi/yUlJf8kJCT/ISEh/yAgIP8eHh7/Hh4e/xwcHP8cHBz/HBwc/xwcHP8cHBz/HBwc/xwcHP8cHBz/HBwc/x0dHf8gICD/JCQk/yQkJP8jIyP/ISEh/x0dHf8cHBz/Gxsb/xsbG/8dHR3/HR0d/x4eHv8fHx//ICAg/yEhIf8jIyP/JSUl/ygoKP8rKyv/LS0t/y8vL/8uLi7/Li4u/y8vL/8xMTH/MzMz/zU1Nf83Nzf/Ojo6/z09Pf9AQED/QkJC/z09Pf85OTn/NjY2/zIyMv8wMDD/LCws/ysrK/8pKSn/LS0t/zQ0NP8zMzP/MDAw/y8vL/8uLi7/MDAw/zQ0NP82Njb/NDQ0/zMzM/8xMTH/Li4u/y4uLv8tLS3/Ly8v/zIyMv80NDT/ODg4/zk5Of87Ozv/Ozs7/zw8PP86Ojr/NTU1/zIyMv8wMDD/Li4u/y4uLv8uLi7/Ly8v/zExMf82Njb/PT09/z8/P/9CQkL/QUFB/0BAQP9DQ0P/SEhI/0hISP9HR0f/RERE/z8/P/89PT3/PT09/z09Pf8+Pj7/Pj4+/z8/P/8/Pz//Pz8//z4+Pv9BQUH/RUVF/0NDQ/8/Pz//Ozs7/zY2Nv82Njb/Nzc3/zU1Nf8uLi7/Kioq/yUlJf8hISH/Hh4e/xsbG/8ZGRn/GBgY/xcXF/8WFhb/FRUV/xQUFP8UFBT/ExMT/xQUFP8VFRX/FRUV/xYWFv8VFRX/EhIS/xEREf8QEBD/Dw8P/w4ODv8ODg7/Dg4O/w4ODv8ODg7/Dg4O/w4ODv8PDw//Dw8P/xAQEP8QEBD/Dw8P/w8PD/8QEBD/EhIS/xcXF/8eHh7/Li4u/zg4OP9AQED/RkZG/0tLS/9QUFD/Tk5O/01NTf9KSkr/RUVF/0JCQv88PDz/Ozs7/zk5Of86Ojr/PDw8/z09Pf89PT3/Pj4+/0BAQP9BQUH/QEBA/z8/P/88PDz/OTk5/zo6Ov87Ozv/PDw8/z09Pf9BQUH/R0dH/0lJSf9KSkr/SUlJ/0ZGRv8/Pz//LCws/yIiIv8YGBj/EhIS/xAQEP8PDw//Dw8P/w8PD/8PDw//Dw8P/w8PD/8ODg7/Dg4O/w4ODv8ODg7/Dw8P/w8PD/8PDw//Dw8P/xEREf8SEhL/FBQU/xcXF/8gICD/KCgo/zAwMP84ODj/Nzc3/zY2Nv81NTX/MzMz/zExMf8uLi7/Li4u/y4uLv8uLi7/LS0t/y0tLf8rKyv/Kioq/ykpKf8oKCj/Kioq/ysrK/8tLS3/MDAw/zAwMP8xMTH/MTEx/zAwMP8wMDD/MTEx/zExMf8vLy//MDAw/zExMf8xMTH/MTEx/zExMf8wMDD/MDAw/zAwMP8vLy//Ly8v/y8vL/8wMDD/MjIy/zIyMv8zMzP/MzMz/zMzM/8zMzP/MjIy/zIyMv8xMTH/MTEx/zIyMv8zMzP/MzMz/zMzM/8zMzP/MzMz/zMzM/80NDT/NDQ0/zQ0NP80NDT/MzMz/zMzM/8zMzP/MzMz/zIyMv8yMjL/MjIy/zIyMv8xMTH/MTEx/zQ0NP81NTX/NDQ0/0NDQ/8/Pz//Ozs7/zw8PP89PT3/Q0ND/01NTf9eXl7/fHx8/319ff91dXX/bW1t/11dXf9SUlL/Pz8//zY2Nv82Njb/Nzc3/zo6Ov8+Pj7/Pj4+/z8/P/89PT3/Ozs7/0JCQv9NTU3/VFRU/19fX/9fX1//Wlpa/1hYWP9XV1f/VVVV/1NTU/9SUlL/V1dX/1tbW/9jY2P/a2tr/3Nzc/97e3v/YWFh/z09Pf8yMjL/IyMj/yEhIf8hISH/JCQk/yoqKv8uLi7/MzMz/zY2Nv86Ojr/QkJC/2NjY/9+fn7/hISE/4uLi/+Hh4f/g4OD/4WFhf+Hh4f/jIyM/5SUlP+ampr/o6Oj/6Kiov+bm5v/jo6O/29vb/9eXl7/UlJS/0tLS/9MTEz/Tk5O/0xMTP9KSkr/Tk5O/1NTU/9oaGj/h4eH/42Njf+Tk5P/lpaW/5ubm/+cnJz/nZ2d/5ycnP+ZmZn/mZmZ/5+fn/+kpKT/qqqq/7CwsP+tra3/q6ur/6SkpP+bm5v/iIiI/2xsbP9ra2v/bW1t/29vb/9zc3P/cHBw/2VlZf9bW1v/QkJC/zk5Of9BQUH/RkZG/0NDQ/9AQED/ODg4/y8vL/8qKir/IyMj/yMjI/8kJCT/JCQk/yQkJP8jIyP/IyMj/yIiIv8gICD/Hx8f/x8fH/8fHx//Hx8f/x8fH/8gICD/ISEh/y0tLf87Ozv/UlJS/25ubv9gYGD/SUlJ/0BAQP8xMTH/Kysr/yMjI/8fHx//GRkZ/xcXF/8WFhb/FxcX/xwcHP8gICD/Jycn/y0tLf8zMzP/Ojo6/0FBQf9LS0v/Q0ND/zY2Nv8sLCz/Gxsb/xgYGP8XFxf/HBwc/ygoKP8vLy//ODg4/z09Pf8/Pz//QEBA/0RERP9HR0f/RUVF/0JCQv9AQED/Pj4+/z09Pf87Ozv/ODg4/zMzM/8uLi7/JCQk/x8fH/8YGBj/FRUV/xQUFP8UFBT/GBgY/xwcHP8pKSn/NjY2/zMzM/8wMDD/JiYm/xgYGP8YGBj/GBgY/yAgIP8uLi7/NjY2/0NDQ/9GRkb/R0dH/0hISP9LS0v/TExM/0tLS/9JSUn/RUVF/0JCQv8/Pz//PDw8/zw8PP8+Pj7/QUFB/0hISP9DQ0P/ODg4/zIyMv8qKir/KCgo/ygoKP8qKir/MTEx/zU1Nf80NDT/MzMz/y8vL/8rKyv/MDAw/zY2Nv88PDz/RUVF/0ZGRv9JSUn/SEhI/0ZGRv9HR0f/SUlJ/0hISP9GRkb/RERE/0JCQv9AQED/PT09/zs7O/84ODj/NjY2/y0tLf8iIiL/HBwc/xQUFP8SEhL/EBAQ/xEREf8UFBT/GBgY/yIiIv8kJCT/ISEh/x4eHv8XFxf/ExMT/xMTE/8TExP/Gxsb/yQkJP8qKir/MTEx/zIyMv8zMzP/MjIy/zExMf8xMTH/Ly8v/y8vL/8wMDD/MDAw/y0tLf8rKyv/JiYm/yIiIv8cHBz/FhYW/xMTE/8QEBD/ERER/xEREf8TExP/FhYW/x4eHv8rKyv/Ly8v/zIyMv8tLS3/Hh4e/xgYGP8TExP/ERER/xEREf8RERH/ERER/xEREf8QEBD/EBAQ/xAQEP8QEBD/EBAQ/xEREf8RERH/EhIS/xMTE/8UFBT/FRUV/xcXF/8ZGRn/HR0d/x8fH/8fHx//Hx8f/x4eHv8dHR3/IyMj/yoqKv8wMDD/ODg4/zAwMP8kJCT/Hh4e/xQUFP8TExP/ExMT/xYWFv8fHx//IyMj/ykpKf8sLCz/LS0t/y4uLv8uLi7/Ly8v/zQ0NP84ODj/Ojo6/z09Pf89PT3/Pj4+/z8/P/8/Pz//Pz8//z8/P/8/Pz//QUFB/0FBQf9BQUH/QUFB/0BAQP9AQED/QEBA/0BAQP9BQUH/QkJC/0JCQv9BQUH/QEBA/0BAQP9AQED/QUFB/0FBQf8/Pz//Pz8//z4+Pv8+Pj7/Pz8//0BAQP8/Pz//Pz8//0BAQP9AQED/QEBA/0BAQP9AQED/QEBA/0BAQP9BQUH/QUFB/0JCQv9CQkL/QkJC/0JCQv9DQ0P/Q0ND/0NDQ/9DQ0P/Q0ND/0JCQv9CQkL/QUFB/0BAQP8/Pz//Pz8//z8/P/9AQED/QEBA/0BAQP8/Pz//Pz8//0BAQP9AQED/Pz8//z8/P/8/Pz//Pz8//z8/P/8/Pz//QEBA/0FBQf9BQUH/QUFB/0FBQf9CQkL/QkJC/0JCQv9CQkL/QkJC/0JCQv9CQkL/QUFB/0BAQP9AQED/Pz8//z8/P/9AQED/QEBA/0BAQP9AQED/QUFB/0JCQv9CQkL/QkJC/0JCQv9CQkL/QkJC/0NDQ/9CQkL/QUFB/0FBQf9BQUH/QUFB/0FBQf9BQUH/QkJC/0NDQ/9DQ0P/Q0ND/0JCQv9AQED/QUFB/0NDQ/9ERET/RUVF/0RERP9CQkL/QUFB/0FBQf9BQUH/QEBA/0BAQP9BQUH/QUFB/0FBQf9BQUH/QUFB/0BAQP9AQED/QEBA/0BAQP9AQED/QUFB/0JCQv9CQkL/QkJC/0JCQv9BQUH/QkJC/0JCQv9CQkL/Q0ND/0NDQ/9CQkL/QkJC/0FBQf9AQED/QEBA/z8/P/8/Pz//Pz8//0FBQf9DQ0P/Q0ND/0JCQv9CQkL/QUFB/0JCQv9DQ0P/RERE/0NDQ/9DQ0P/QkJC/0JCQv9BQUH/QEBA/0FBQf9CQkL/QkJC/0NDQ/9CQkL/QUFB/0FBQf9BQUH/QUFB/0JCQv9CQkL/QUFB/0FBQf9CQkL/Q0ND/0NDQ/9CQkL/QkJC/0JCQv9CQkL/QkJC/0FBQf9AQED/QEBA/0BAQP9AQED/QkJC/0JCQv9DQ0P/Q0ND/0RERP9FRUX/RERE/0RERP9ERET/Q0ND/0JCQv9AQED/QEBA/0BAQP9BQUH/QkJC/0JCQv9CQkL/QkJC/0JCQv9BQUH/Pj4+/z4+Pv8/Pz//QEBA/0FBQf9BQUH/QEBA/0BAQP9BQUH/Q0ND/0NDQ/9DQ0P/Q0ND/0NDQ/9CQkL/QUFB/0FBQf9BQUH/QUFB/0FBQf9BQUH/QUFB/0JCQv9DQ0P/Q0ND/0NDQ/9DQ0P/QkJC/0FBQf9BQUH/QUFB/0FBQf9CQkL/QkJC/0JCQv9DQ0P/RERE/0VFRf9FRUX/RUVF/0RERP9ERET/Q0ND/0NDQ/9DQ0P/Q0ND/0JCQv9BQUH/QUFB/0FBQf9AQED/Pz8//0BAQP9BQUH/QUFB/0FBQf9BQUH/QEBA/0BAQP8/Pz//Pj4+/z8/P/9AQED/QEBA/0BAQP9AQED/QEBA/0BAQP9BQUH/QUFB/0FBQf9CQkL/Q0ND/0NDQ/9BQUH/QUFB/0FBQf9CQkL/Q0ND/0RERP9DQ0P/Q0ND/0NDQ/9ERET/Q0ND/0JCQv9CQkL/QkJC/0JCQv9CQkL/QkJC/0FBQf9BQUH/QUFB/0FBQf9CQkL/QkJC/0NDQ/9DQ0P/Q0ND/0JCQv9GRkb/SkpK/1lZWf9tbW3/gYGB/6CgoP+0tLT/1dXV/9jY2P/U1NT/0NDQ/8jIyP+7u7v/l5eX/4CAgP9oaGj/VVVV/0xMTP8zMzP/NDQ0/zY2Nv81NTX/NDQ0/zQ0NP80NDT/NDQ0/zQ0NP80NDT/MzMz/zQ0NP80NDT/NDQ0/zQ0NP80NDT/NTU1/zU1Nf81NTX/NjY2/zY2Nv82Njb/NTU1/zU1Nf81NTX/NjY2/zY2Nv83Nzf/Nzc3/zc3N/83Nzf/NjY2/zY2Nv81NTX/NTU1/zY2Nv82Njb/NjY2/zY2Nv82Njb/NjY2/zY2Nv83Nzf/NjY2/zY2Nv81NTX/NTU1/zU1Nf81NTX/NTU1/zY2Nv82Njb/Nzc3/zg4OP83Nzf/Nzc3/zY2Nv82Njb/NjY2/zY2Nv82Njb/Nzc3/zY2Nv82Njb/NjY2/zc3N/83Nzf/ODg4/zk5Of84ODj/Nzc3/zY2Nv81NTX/NDQ0/zQ0NP80NDT/NTU1/zU1Nf81NTX/NTU1/zY2Nv82Njb/Nzc3/zc3N/84ODj/ODg4/zg4OP84ODj/Nzc3/zc3N/82Njb/NTU1/zY2Nv83Nzf/Nzc3/zg4OP83Nzf/NjY2/zc3N/83Nzf/ODg4/zg4OP85OTn/Ojo6/zk5Of84ODj/Nzc3/zg4OP84ODj/ODg4/zk5Of85OTn/OTk5/zk5Of85OTn/OTk5/zk5Of85OTn/OTk5/zg4OP83Nzf/Nzc3/zc3N/84ODj/OTk5/zk5Of84ODj/ODg4/zk5Of85OTn/Ojo6/zo6Ov86Ojr/Ojo6/zo6Ov86Ojr/Ojo6/zo6Ov86Ojr/OTk5/zo6Ov86Ojr/Ojo6/zo6Ov87Ozv/Ozs7/zs7O/85OTn/ODg4/zo6Ov87Ozv/Ozs7/zw8PP88PDz/PDw8/zs7O/87Ozv/Ozs7/zs7O/87Ozv/Ozs7/zs7O/86Ojr/Ojo6/zs7O/86Ojr/Ojo6/zk5Of86Ojr/Ojo6/zs7O/87Ozv/Ozs7/zs7O/87Ozv/PT09/zw8PP88PDz/PDw8/zw8PP88PDz/PT09/z09Pf89PT3/PT09/zw8PP88PDz/Ozs7/zs7O/87Ozv/PDw8/z09Pf8+Pj7/PT09/zw8PP88PDz/Ozs7/zs7O/86Ojr/Ozs7/zs7O/88PDz/PT09/z09Pf89PT3/PT09/zw8PP88PDz/PDw8/zw8PP89PT3/PT09/z09Pf89PT3/PT09/z09Pf8+Pj7/QEBA/0FBQf8/Pz//Pz8//z4+Pv89PT3/PT09/z09Pf89PT3/PT09/zw8PP88PDz/PDw8/z09Pf8+Pj7/Pj4+/z4+Pv8+Pj7/Pj4+/z4+Pv8+Pj7/Pj4+/z09Pf89PT3/PT09/z4+Pv8/Pz//Pj4+/z09Pf8+Pj7/Pj4+/z4+Pv8+Pj7/Pj4+/z09Pf89PT3/Pj4+/z4+Pv8+Pj7/Pz8//0BAQP9AQED/QEBA/0BAQP8+Pj7/PT09/z09Pf89PT3/PT09/z09Pf89PT3/PT09/z09Pf89PT3/PT09/z09Pf89PT3/Ozs7/zs7O/86Ojr/Ozs7/z09Pf8+Pj7/Pz8//0BAQP8/Pz//Pj4+/z09Pf89PT3/PDw8/zw8PP88PDz/PDw8/zw8PP8+Pj7/Pj4+/z09Pf89PT3/Pj4+/z4+Pv89PT3/PT09/z4+Pv8+Pj7/Pj4+/z09Pf8+Pj7/Pj4+/z8/P/8/Pz//Pz8//z8/P/8+Pj7/PT09/zw8PP89PT3/PT09/z4+Pv8+Pj7/Pj4+/z4+Pv8+Pj7/Pj4+/z4+Pv8+Pj7/PT09/z09Pf89PT3/PDw8/zw8PP89PT3/PT09/zw8PP86Ojr/NTU1/zIyMv8xMTH/MTEx/zAwMP8vLy//Ly8v/xgYGP8YGBj/GRkZ/xkZGf8YGBj/GBgY/xgYGP8ZGRn/GRkZ/xkZGf8aGhr/Ghoa/xkZGf8aGhr/Ghoa/xoaGv8aGhr/Gxsb/xoaGv8aGhr/Ghoa/xoaGv8aGhr/Ghoa/xoaGv8ZGRn/GRkZ/xoaGv8aGhr/Ghoa/xoaGv8aGhr/GRkZ/xkZGf8ZGRn/GBgY/xgYGP8XFxf/FhYW/xYWFv8VFRX/GRkZ/x4eHv8gICD/IyMj/yMjI/8hISH/ICAg/x8fH/8eHh7/HR0d/xwcHP8cHBz/HBwc/xwcHP8cHBz/HBwc/xwcHP8dHR3/Hh4e/yEhIf8lJSX/JCQk/yIiIv8hISH/HR0d/xwcHP8cHBz/HBwc/x0dHf8eHh7/Hx8f/yAgIP8gICD/ISEh/yQkJP8nJyf/Kioq/y8vL/8wMDD/MDAw/zAwMP8wMDD/MjIy/zY2Nv83Nzf/Nzc3/zg4OP84ODj/OTk5/z09Pf8+Pj7/Ojo6/zc3N/80NDT/MjIy/zIyMv8xMTH/MDAw/y0tLf8uLi7/MDAw/y8vL/8tLS3/LS0t/ywsLP8tLS3/MTEx/zMzM/8yMjL/MTEx/y8vL/8uLi7/LS0t/y0tLf8vLy//MjIy/zQ0NP84ODj/ODg4/zk5Of85OTn/OTk5/zc3N/80NDT/MzMz/zMzM/8yMjL/MTEx/zAwMP8wMDD/MDAw/zY2Nv88PDz/Pj4+/0FBQf9AQED/Pj4+/0BAQP9FRUX/RUVF/0RERP9CQkL/PT09/zw8PP89PT3/PT09/z09Pf89PT3/PT09/z09Pf8+Pj7/QEBA/0FBQf9CQkL/QEBA/z09Pf86Ojr/NjY2/zU1Nf81NTX/MzMz/ywsLP8pKSn/IyMj/yAgIP8dHR3/Gxsb/xoaGv8YGBj/FxcX/xYWFv8VFRX/FBQU/xQUFP8TExP/ExMT/xQUFP8UFBT/FRUV/xQUFP8SEhL/ERER/xAQEP8PDw//Dg4O/w4ODv8ODg7/Dg4O/w4ODv8ODg7/Dw8P/w8PD/8PDw//EBAQ/w8PD/8PDw//Dw8P/xAQEP8TExP/Gxsb/yIiIv8wMDD/OTk5/z8/P/9DQ0P/SEhI/01NTf9MTEz/S0tL/0hISP9ERET/QEBA/zs7O/86Ojr/Ojo6/zs7O/8+Pj7/Pz8//z4+Pv8+Pj7/Pz8//z8/P/8/Pz//Pz8//z09Pf87Ozv/Ozs7/zs7O/87Ozv/PDw8/0BAQP9FRUX/R0dH/0lJSf9JSUn/SUlJ/0NDQ/8xMTH/Jycn/xsbG/8UFBT/ERER/w8PD/8PDw//Dw8P/w8PD/8PDw//Dw8P/w4ODv8PDw//Dw8P/w8PD/8PDw//Dw8P/w8PD/8QEBD/EBAQ/xEREf8UFBT/FxcX/x8fH/8nJyf/MDAw/zk5Of85OTn/OTk5/zc3N/80NDT/MjIy/zAwMP8vLy//Li4u/y4uLv8uLi7/Li4u/y0tLf8tLS3/LCws/ysrK/8sLCz/LCws/y4uLv8wMDD/MTEx/zExMf8xMTH/MTEx/zExMf8yMjL/MTEx/zExMf8xMTH/MTEx/zIyMv8yMjL/MjIy/zExMf8wMDD/MDAw/y8vL/8vLy//Ly8v/zExMf8yMjL/MjIy/zMzM/8zMzP/MzMz/zIyMv8yMjL/MTEx/zExMf8xMTH/MjIy/zMzM/8zMzP/MzMz/zMzM/8zMzP/NDQ0/zQ0NP81NTX/NTU1/zU1Nf80NDT/NDQ0/zQ0NP80NDT/MzMz/zMzM/8yMjL/MjIy/zIyMv8yMjL/NDQ0/zU1Nf80NDT/Ly8v/y4uLv8tLS3/MjIy/zk5Of9GRkb/Wlpa/3V1df+lpaX/lJSU/1xcXP9KSkr/PT09/zY2Nv8tLS3/KCgo/ygoKP8oKCj/Kioq/ywsLP8sLCz/LCws/ywsLP8sLCz/Ly8v/zQ0NP84ODj/Pj4+/z4+Pv89PT3/PT09/z8/P/9AQED/Pj4+/z09Pf8+Pj7/QEBA/0VFRf9KSkr/S0tL/01NTf8/Pz//Kysr/yYmJv8gICD/ISEh/yUlJf8pKSn/MTEx/zIyMv8wMDD/MTEx/zc3N/9ERET/d3d3/6Ghof+jo6P/pqam/5+fn/+YmJj/l5eX/5WVlf+ampr/oqKi/6urq/+6urr/ubm5/7CwsP+hoaH/fHx8/2ZmZv9QUFD/QkJC/0JCQv9BQUH/Pz8//z09Pf9OTk7/YmJi/5GRkf/V1dX/4ODg/+zs7P/u7u7/7+/v/+/v7//v7+//7+/v/+7u7v/u7u7/7+/v//Dw8P/x8fH/8vLy//Ly8v/x8fH/6Ojo/93d3f+xsbH/cHBw/2ZmZv9bW1v/WVlZ/1ZWVv9TU1P/S0tL/0NDQ/8yMjL/Kioq/y0tLf8vLy//Li4u/ywsLP8nJyf/IiIi/x4eHv8aGhr/Ghoa/xoaGv8aGhr/Gxsb/xsbG/8bGxv/Ghoa/xgYGP8XFxf/FxcX/xcXF/8XFxf/GBgY/xoaGv8cHBz/MjIy/0pKSv9kZGT/hYWF/2pqav9AQED/ODg4/zAwMP8tLS3/Jycn/yMjI/8bGxv/GBgY/xYWFv8XFxf/HBwc/yAgIP8nJyf/Li4u/zQ0NP87Ozv/QkJC/0xMTP9ERET/NjY2/ywsLP8cHBz/GBgY/xcXF/8bGxv/Jycn/y8vL/87Ozv/QkJC/0VFRf9HR0f/S0tL/09PT/9LS0v/RkZG/0NDQ/8+Pj7/PT09/zs7O/83Nzf/MTEx/ywsLP8jIyP/Hh4e/xcXF/8VFRX/FBQU/xQUFP8XFxf/Ghoa/ycnJ/80NDT/MTEx/y4uLv8kJCT/GBgY/xcXF/8XFxf/Hx8f/y0tLf80NDT/QEBA/0JCQv9BQUH/QkJC/0hISP9LS0v/S0tL/0tLS/9HR0f/RERE/0BAQP87Ozv/PT09/z8/P/9CQkL/R0dH/0RERP88PDz/Nzc3/y0tLf8pKSn/KCgo/yoqKv8xMTH/NjY2/zQ0NP8zMzP/MDAw/y0tLf8yMjL/ODg4/z4+Pv9GRkb/SEhI/0tLS/9KSkr/R0dH/0hISP9KSkr/S0tL/0pKSv9JSUn/RkZG/0NDQ/8+Pj7/Ozs7/zg4OP81NTX/LCws/yEhIf8cHBz/FBQU/xMTE/8SEhL/ExMT/xUVFf8ZGRn/IyMj/yUlJf8hISH/Hh4e/xcXF/8TExP/ExMT/xQUFP8dHR3/JiYm/y0tLf82Njb/NjY2/zY2Nv80NDT/MjIy/zExMf8wMDD/MDAw/zExMf8wMDD/Ly8v/ywsLP8nJyf/IiIi/xwcHP8XFxf/FBQU/xEREf8RERH/EhIS/xQUFP8XFxf/ICAg/y4uLv8xMTH/NTU1/zAwMP8fHx//GBgY/xMTE/8RERH/EBAQ/xAQEP8QEBD/EBAQ/xAQEP8PDw//Dw8P/w8PD/8QEBD/ERER/xISEv8TExP/FRUV/xcXF/8YGBj/Gxsb/x0dHf8hISH/JCQk/yYmJv8nJyf/JSUl/yQkJP8oKCj/LS0t/zIyMv84ODj/MTEx/yUlJf8eHh7/FBQU/xISEv8TExP/FhYW/x4eHv8jIyP/KCgo/ysrK/8sLCz/LS0t/y0tLf8xMTH/NTU1/zk5Of86Ojr/PDw8/z09Pf89PT3/Pj4+/0BAQP9AQED/QEBA/0BAQP9BQUH/QUFB/0FBQf9BQUH/QUFB/0JCQv9BQUH/QUFB/0FBQf9BQUH/QUFB/0BAQP8/Pz//Pj4+/z4+Pv8/Pz//Pz8//z4+Pv89PT3/Pj4+/z4+Pv8+Pj7/Pj4+/z4+Pv8+Pj7/Pz8//0BAQP9AQED/QUFB/0FBQf9BQUH/QUFB/0BAQP9AQED/QEBA/0FBQf9BQUH/QkJC/0NDQ/9DQ0P/RERE/0VFRf9ERET/Q0ND/0JCQv9AQED/QEBA/0BAQP9AQED/QEBA/0FBQf9CQkL/QUFB/z8/P/8/Pz//QEBA/0BAQP8/Pz//Pj4+/z8/P/9AQED/QEBA/0FBQf9BQUH/QkJC/0JCQv9DQ0P/QkJC/0JCQv9CQkL/QUFB/0JCQv9ERET/RERE/0NDQ/9CQkL/QEBA/z8/P/8/Pz//Pz8//0FBQf9CQkL/QUFB/0BAQP9AQED/QEBA/0FBQf9BQUH/QkJC/0NDQ/9DQ0P/RERE/0RERP9ERET/Q0ND/0JCQv9CQkL/QUFB/0BAQP9BQUH/QUFB/0JCQv9CQkL/QkJC/0FBQf9CQkL/RUVF/0VFRf9FRUX/RERE/0JCQv9BQUH/QEBA/0BAQP9BQUH/QUFB/0FBQf9CQkL/QkJC/0JCQv9BQUH/QUFB/0FBQf9AQED/QEBA/z8/P/9AQED/QEBA/0FBQf9BQUH/QUFB/0JCQv9CQkL/Q0ND/0NDQ/9CQkL/QkJC/0FBQf9AQED/QEBA/0BAQP9AQED/QEBA/z8/P/8+Pj7/Pz8//0JCQv9CQkL/QUFB/0FBQf9CQkL/Q0ND/0RERP9FRUX/Q0ND/0JCQv9CQkL/QUFB/0FBQf9BQUH/QUFB/0JCQv9CQkL/QkJC/0JCQv9AQED/QUFB/0JCQv9BQUH/QUFB/0BAQP9AQED/QEBA/0BAQP9AQED/QEBA/0BAQP9BQUH/QkJC/0NDQ/9ERET/RERE/0RERP9ERET/RERE/0NDQ/9CQkL/QkJC/0RERP9FRUX/RERE/0RERP9ERET/Q0ND/0JCQv9BQUH/QEBA/z8/P/9AQED/QEBA/0JCQv9FRUX/RUVF/0RERP9DQ0P/QkJC/0FBQf8/Pz//Pz8//0BAQP9BQUH/QkJC/0NDQ/9CQkL/QUFB/0JCQv9ERET/RERE/0NDQ/9DQ0P/Q0ND/0JCQv9BQUH/QUFB/0JCQv9CQkL/QkJC/0JCQv9CQkL/QkJC/0JCQv9BQUH/QUFB/0FBQf9BQUH/QEBA/0BAQP8/Pz//QEBA/0BAQP9CQkL/RERE/0RERP9ERET/RUVF/0ZGRv9GRkb/RUVF/0VFRf9FRUX/RUVF/0RERP9DQ0P/QUFB/z8/P/8/Pz//Pj4+/z4+Pv8+Pj7/Pz8//0BAQP9AQED/QEBA/z8/P/8/Pz//Pj4+/z4+Pv89PT3/Pj4+/z8/P/9AQED/QUFB/0FBQf9BQUH/QkJC/0NDQ/9DQ0P/QUFB/0FBQf9CQkL/QkJC/0FBQf9BQUH/QkJC/0NDQ/9DQ0P/Q0ND/0NDQ/9CQkL/Q0ND/0NDQ/9DQ0P/RERE/0NDQ/9DQ0P/Q0ND/0JCQv9CQkL/QEBA/0BAQP9AQED/QEBA/0BAQP9BQUH/QkJC/0JCQv9CQkL/QkJC/0lJSf9SUlL/b29v/5WVlf+ysrL/3t7e/9/f3//Z2dn/yMjI/6SkpP+Xl5f/jY2N/4SEhP9ubm7/YWFh/1RUVP9JSUn/PDw8/zIyMv80NDT/NTU1/zU1Nf82Njb/NTU1/zU1Nf81NTX/NTU1/zU1Nf80NDT/NDQ0/zQ0NP80NDT/NTU1/zU1Nf81NTX/NTU1/zU1Nf81NTX/NTU1/zU1Nf81NTX/NjY2/zY2Nv83Nzf/Nzc3/zc3N/83Nzf/NjY2/zY2Nv83Nzf/Nzc3/zc3N/83Nzf/Nzc3/zc3N/82Njb/NjY2/zY2Nv82Njb/NjY2/zY2Nv82Njb/NTU1/zU1Nf82Njb/NjY2/zU1Nf81NTX/NDQ0/zU1Nf82Njb/NjY2/zc3N/83Nzf/Nzc3/zc3N/83Nzf/ODg4/zg4OP84ODj/Nzc3/zU1Nf81NTX/NTU1/zY2Nv85OTn/OTk5/zg4OP84ODj/Nzc3/zY2Nv81NTX/NTU1/zU1Nf82Njb/NjY2/zY2Nv82Njb/NTU1/zY2Nv84ODj/ODg4/zc3N/83Nzf/Nzc3/zc3N/83Nzf/Nzc3/zU1Nf80NDT/NjY2/zc3N/84ODj/OTk5/zg4OP83Nzf/Nzc3/zg4OP84ODj/ODg4/zk5Of86Ojr/Ojo6/zg4OP84ODj/ODg4/zg4OP84ODj/ODg4/zg4OP84ODj/OTk5/zk5Of85OTn/Ojo6/zk5Of85OTn/ODg4/zc3N/83Nzf/NjY2/zY2Nv83Nzf/ODg4/zg4OP84ODj/OTk5/zk5Of86Ojr/PDw8/zs7O/87Ozv/Ozs7/zs7O/86Ojr/OTk5/zk5Of86Ojr/Ojo6/zs7O/88PDz/PDw8/zw8PP87Ozv/Ojo6/zo6Ov86Ojr/Ozs7/zw8PP88PDz/PT09/z09Pf89PT3/PDw8/zw8PP87Ozv/Ojo6/zs7O/88PDz/Ozs7/zo6Ov85OTn/Ojo6/zo6Ov86Ojr/Ojo6/zo6Ov85OTn/Ojo6/zw8PP87Ozv/Ojo6/zs7O/8+Pj7/Pj4+/z4+Pv8+Pj7/Pj4+/z09Pf89PT3/PT09/zw8PP88PDz/PDw8/zw8PP88PDz/PDw8/zw8PP88PDz/PT09/z8/P/8+Pj7/Pj4+/z09Pf88PDz/PDw8/z09Pf89PT3/PDw8/zw8PP89PT3/Pj4+/z8/P/9AQED/Pj4+/z09Pf89PT3/Pj4+/z4+Pv8/Pz//Pj4+/z4+Pv8+Pj7/PT09/z4+Pv9AQED/QUFB/z8/P/8/Pz//PT09/zw8PP88PDz/PDw8/zw8PP87Ozv/Ozs7/zs7O/87Ozv/Ozs7/zw8PP8+Pj7/Pj4+/z8/P/8/Pz//Pj4+/z4+Pv8+Pj7/Pj4+/z4+Pv8+Pj7/Pz8//0BAQP8/Pz//Pj4+/z4+Pv8/Pz//Pz8//0BAQP8/Pz//PT09/z09Pf88PDz/PDw8/zw8PP89PT3/Pz8//z8/P/8/Pz//Pj4+/z4+Pv8+Pj7/Pj4+/z4+Pv89PT3/PT09/z09Pf88PDz/PDw8/zs7O/87Ozv/Ozs7/zo6Ov86Ojr/Ojo6/zs7O/87Ozv/PDw8/z09Pf8+Pj7/Pj4+/z4+Pv89PT3/PT09/zw8PP88PDz/Ozs7/zw8PP89PT3/PT09/z8/P/8/Pz//Pz8//z4+Pv8+Pj7/PT09/zw8PP87Ozv/PDw8/zw8PP89PT3/PT09/z4+Pv8/Pz//Pz8//z8/P/8+Pj7/PT09/z09Pf87Ozv/Ozs7/zw8PP88PDz/PT09/z09Pf89PT3/PT09/z4+Pv8/Pz//Pj4+/z09Pf88PDz/Ozs7/zs7O/86Ojr/Ojo6/zw8PP89PT3/Pz8//z09Pf83Nzf/NDQ0/zMzM/8yMjL/MDAw/y8vL/8wMDD/GRkZ/xkZGf8YGBj/GBgY/xkZGf8ZGRn/GRkZ/xkZGf8ZGRn/GRkZ/xkZGf8ZGRn/GBgY/xgYGP8ZGRn/GRkZ/xoaGv8aGhr/Ghoa/xoaGv8aGhr/Ghoa/xoaGv8ZGRn/GRkZ/xkZGf8ZGRn/Ghoa/xoaGv8bGxv/Gxsb/xoaGv8aGhr/GRkZ/xgYGP8YGBj/GBgY/xcXF/8XFxf/FhYW/xYWFv8YGBj/Gxsb/x4eHv8hISH/ISEh/yEhIf8gICD/Hx8f/x8fH/8dHR3/HR0d/xwcHP8cHBz/HBwc/xwcHP8cHBz/HR0d/x4eHv8fHx//IiIi/yYmJv8kJCT/IiIi/yAgIP8dHR3/HR0d/x0dHf8dHR3/Hh4e/x8fH/8gICD/ICAg/yEhIf8hISH/JSUl/ykpKf8uLi7/NTU1/zQ0NP8zMzP/MzMz/zMzM/82Njb/Ozs7/zs7O/86Ojr/OTk5/zU1Nf81NTX/Nzc3/zk5Of81NTX/MzMz/zIyMv8xMTH/NDQ0/zg4OP82Njb/MzMz/zAwMP8rKyv/Kioq/ykpKf8pKSn/KSkp/yoqKv8tLS3/Ly8v/y8vL/8uLi7/Li4u/y0tLf8tLS3/LCws/y8vL/8yMjL/NDQ0/zg4OP84ODj/Nzc3/zY2Nv80NDT/MzMz/zIyMv8zMzP/Nzc3/zg4OP82Njb/NTU1/zIyMv8wMDD/NTU1/zo6Ov89PT3/Pz8//z09Pf86Ojr/Ozs7/z8/P/8/Pz//Pz8//z4+Pv87Ozv/Ojo6/zw8PP89PT3/PDw8/zs7O/87Ozv/Ozs7/z4+Pv9CQkL/QEBA/z09Pf87Ozv/OTk5/zg4OP81NTX/NDQ0/zIyMv8wMDD/Kioq/yYmJv8hISH/Hh4e/x0dHf8cHBz/Ghoa/xkZGf8YGBj/FhYW/xUVFf8UFBT/FBQU/xMTE/8TExP/EhIS/xMTE/8TExP/ExMT/xEREf8RERH/EBAQ/w8PD/8ODg7/Dg4O/w4ODv8PDw//Dw8P/w8PD/8PDw//Dw8P/w8PD/8PDw//Dw8P/w8PD/8QEBD/ERER/xUVFf8gICD/Jycn/zIyMv85OTn/PDw8/z8/P/9DQ0P/SEhI/0hISP9ISEj/RUVF/0JCQv8/Pz//Ozs7/zo6Ov86Ojr/PDw8/0BAQP9BQUH/Pz8//z4+Pv89PT3/PT09/z4+Pv8/Pz//Pj4+/z09Pf88PDz/Ojo6/zs7O/87Ozv/Pj4+/0JCQv9ERET/SEhI/0lJSf9MTEz/R0dH/zc3N/8sLCz/Hx8f/xYWFv8TExP/EBAQ/w8PD/8ODg7/Dw8P/w8PD/8PDw//Dw8P/w8PD/8QEBD/EBAQ/xAQEP8QEBD/EBAQ/xAQEP8QEBD/ERER/xQUFP8XFxf/Hh4e/yUlJf8wMDD/PDw8/zw8PP88PDz/Ojo6/zY2Nv80NDT/MTEx/zAwMP8uLi7/LS0t/y4uLv8vLy//MDAw/zAwMP8wMDD/Ly8v/y4uLv8uLi7/Ly8v/zExMf8xMTH/MjIy/zIyMv8yMjL/MjIy/zMzM/8zMzP/MzMz/zIyMv8yMjL/MjIy/zMzM/8zMzP/MjIy/zExMf8wMDD/Ly8v/y8vL/8wMDD/MTEx/zIyMv8yMjL/MjIy/zIyMv8yMjL/MjIy/zExMf8xMTH/MDAw/zExMf8yMjL/MzMz/zMzM/8zMzP/MzMz/zQ0NP80NDT/NTU1/zY2Nv83Nzf/NjY2/zU1Nf81NTX/NTU1/zU1Nf80NDT/NDQ0/zMzM/8zMzP/MzMz/zQ0NP80NDT/NDQ0/zMzM/8qKir/KSkp/ycnJ/8rKyv/MTEx/0BAQP9XV1f/c3Nz/6SkpP+SkpL/VlZW/0JCQv80NDT/LS0t/yYmJv8jIyP/JCQk/yUlJf8mJib/Jycn/ycnJ/8nJyf/Jycn/ygoKP8qKir/LS0t/y4uLv8yMjL/MjIy/zIyMv8zMzP/NTU1/zU1Nf80NDT/NDQ0/zU1Nf83Nzf/Ojo6/z4+Pv8/Pz//QEBA/zY2Nv8pKSn/Jycn/yQkJP8mJib/Kioq/ywsLP8xMTH/MDAw/ysrK/8qKir/Ly8v/zg4OP9gYGD/gICA/4GBgf+Dg4P/fn5+/3l5ef93d3f/dXV1/3l5ef9/f3//hYWF/5CQkP+QkJD/iYmJ/35+fv9jY2P/U1NT/0FBQf83Nzf/NjY2/zU1Nf8zMzP/MjIy/0BAQP9RUVH/eHh4/66urv+4uLj/w8PD/8TExP/ExMT/xMTE/8TExP/FxcX/xcXF/8XFxf/ExMT/w8PD/8PDw//Dw8P/wsLC/8HBwf+5ubn/sLCw/42Njf9ZWVn/UVFR/0pKSv9ISEj/R0dH/0VFRf9AQED/Ozs7/zAwMP8rKyv/LS0t/y8vL/8tLS3/LCws/ygoKP8kJCT/ISEh/x4eHv8eHh7/Hh4e/x8fH/8gICD/ICAg/yEhIf8gICD/Hh4e/x4eHv8dHR3/HBwc/xsbG/8aGhr/Ghoa/xoaGv8rKyv/PT09/1FRUf9qamr/VVVV/zU1Nf8wMDD/LCws/yoqKv8oKCj/JCQk/xwcHP8ZGRn/FxcX/xcXF/8cHBz/ICAg/ycnJ/8vLy//NTU1/zs7O/9ERET/Tk5O/0VFRf82Njb/LCws/xwcHP8YGBj/FxcX/xsbG/8nJyf/Ly8v/zw8PP9ERET/R0dH/0pKSv9NTU3/T09P/0xMTP9HR0f/RERE/0BAQP8/Pz//PDw8/zg4OP8xMTH/LCws/yMjI/8eHh7/FxcX/xUVFf8UFBT/FBQU/xYWFv8ZGRn/JSUl/zExMf8uLi7/Kysr/yMjI/8YGBj/FxcX/xcXF/8eHh7/LS0t/zQ0NP8+Pj7/QUFB/0BAQP9BQUH/SEhI/0tLS/9LS0v/S0tL/0dHR/9DQ0P/QEBA/zw8PP89PT3/Pz8//0BAQP9BQUH/PT09/zQ0NP8vLy//Jycn/yQkJP8kJCT/JiYm/y8vL/8zMzP/MTEx/y8vL/8sLCz/KCgo/ywsLP8xMTH/ODg4/0FBQf9FRUX/SUlJ/0lJSf9ISEj/SEhI/0lJSf9KSkr/S0tL/0tLS/9HR0f/RUVF/0BAQP88PDz/OTk5/zU1Nf8sLCz/IiIi/xwcHP8UFBT/ExMT/xISEv8TExP/FRUV/xkZGf8jIyP/JSUl/yEhIf8eHh7/FxcX/xMTE/8TExP/FBQU/xwcHP8lJSX/LS0t/zY2Nv81NTX/NDQ0/zMzM/8xMTH/MDAw/y8vL/8vLy//MDAw/zAwMP8uLi7/LCws/ycnJ/8kJCT/HR0d/xcXF/8UFBT/ERER/xEREf8RERH/FBQU/xcXF/8gICD/Li4u/zIyMv81NTX/MDAw/x8fH/8YGBj/ExMT/xEREf8RERH/EBAQ/xAQEP8QEBD/EBAQ/w8PD/8PDw//EBAQ/xAQEP8SEhL/ExMT/xUVFf8XFxf/Ghoa/xsbG/8dHR3/Hh4e/yIiIv8kJCT/JiYm/ycnJ/8mJib/JiYm/yoqKv8vLy//MzMz/zk5Of8xMTH/JSUl/x4eHv8UFBT/EhIS/xMTE/8WFhb/HR0d/yIiIv8oKCj/Kysr/y0tLf8uLi7/Li4u/zMzM/83Nzf/Ojo6/zs7O/89PT3/PT09/z09Pf8+Pj7/Pz8//z8/P/8/Pz//QEBA/0BAQP9AQED/QEBA/0BAQP9AQED/QUFB/0BAQP9AQED/QEBA/0BAQP9AQED/QEBA/0BAQP8/Pz//Pz8//0BAQP8/Pz//Pj4+/z4+Pv8/Pz//Pz8//z8/P/8/Pz//Pz8//0BAQP9AQED/QUFB/0FBQf9CQkL/QkJC/0JCQv9BQUH/QUFB/0BAQP9AQED/QEBA/0FBQf9BQUH/Q0ND/0NDQ/9ERET/RERE/0NDQ/9CQkL/QkJC/0FBQf9BQUH/QUFB/0FBQf9AQED/QEBA/0FBQf9AQED/Pj4+/z4+Pv9AQED/QEBA/z8/P/8/Pz//QEBA/0BAQP9BQUH/QUFB/0FBQf9BQUH/QkJC/0JCQv9CQkL/QUFB/0FBQf9BQUH/QkJC/0RERP9ERET/QkJC/0FBQf8/Pz//Pz8//z8/P/8/Pz//QEBA/0FBQf9AQED/QEBA/0BAQP8/Pz//QEBA/0BAQP9BQUH/Q0ND/0NDQ/9ERET/RERE/0NDQ/9CQkL/QUFB/0FBQf9BQUH/QUFB/0FBQf9CQkL/QkJC/0JCQv9CQkL/QUFB/0NDQ/9FRUX/RERE/0RERP9DQ0P/QUFB/0BAQP8/Pz//Pz8//0BAQP9BQUH/QkJC/0JCQv9CQkL/QkJC/0FBQf9BQUH/QUFB/0BAQP9AQED/Pz8//z8/P/9AQED/QEBA/0BAQP9BQUH/QUFB/0FBQf9CQkL/Q0ND/0NDQ/9CQkL/QkJC/0FBQf9AQED/QEBA/0BAQP9BQUH/QEBA/0BAQP9BQUH/Q0ND/0JCQv9CQkL/QkJC/0JCQv9DQ0P/Q0ND/0RERP9CQkL/QkJC/0FBQf9AQED/QEBA/0BAQP9BQUH/QkJC/0JCQv9BQUH/QUFB/z8/P/9AQED/QUFB/0FBQf9AQED/QEBA/0BAQP9AQED/QEBA/0BAQP9AQED/QUFB/0JCQv9DQ0P/RERE/0VFRf9FRUX/RUVF/0VFRf9ERET/Q0ND/0FBQf9CQkL/RERE/0VFRf9FRUX/RUVF/0VFRf9FRUX/Q0ND/0JCQv9BQUH/QEBA/0BAQP9AQED/QkJC/0VFRf9ERET/Q0ND/0JCQv9BQUH/QUFB/0BAQP9AQED/QUFB/0FBQf9CQkL/QkJC/0FBQf9AQED/QUFB/0NDQ/9CQkL/QkJC/0JCQv9DQ0P/QkJC/0FBQf9BQUH/QUFB/0FBQf9BQUH/QUFB/0FBQf9BQUH/QUFB/0FBQf9BQUH/QUFB/0FBQf9AQED/QEBA/z8/P/8/Pz//QEBA/0FBQf9DQ0P/Q0ND/0NDQ/9DQ0P/RUVF/0ZGRv9ERET/RERE/0RERP9ERET/Q0ND/0NDQ/9BQUH/QEBA/0BAQP8/Pz//QEBA/0BAQP9AQED/QUFB/0FBQf9AQED/QEBA/z8/P/8/Pz//Pj4+/z4+Pv8/Pz//QEBA/0FBQf9BQUH/QUFB/0BAQP9BQUH/Q0ND/0JCQv9BQUH/QUFB/0FBQf9BQUH/QUFB/0FBQf9CQkL/QkJC/0JCQv9CQkL/QkJC/0JCQv9CQkL/QkJC/0NDQ/9DQ0P/Q0ND/0JCQv9CQkL/QUFB/0FBQf9AQED/QEBA/z8/P/9AQED/QEBA/0FBQf9CQkL/QkJC/0NDQ/9ERET/T09P/1tbW/9/f3//rq6u/729vf/S0tL/1tbW/9nZ2f/Ly8v/qqqq/5mZmf9+fn7/b29v/1tbW/9QUFD/SkpK/0VFRf84ODj/MzMz/zQ0NP81NTX/NjY2/zY2Nv82Njb/NjY2/zU1Nf81NTX/NTU1/zU1Nf81NTX/NDQ0/zQ0NP81NTX/NTU1/zU1Nf81NTX/NTU1/zU1Nf81NTX/NTU1/zU1Nf82Njb/NjY2/zc3N/83Nzf/Nzc3/zc3N/83Nzf/Nzc3/zc3N/83Nzf/Nzc3/zc3N/83Nzf/Nzc3/zc3N/82Njb/NjY2/zY2Nv82Njb/NjY2/zY2Nv82Njb/NjY2/zY2Nv82Njb/NTU1/zU1Nf81NTX/NTU1/zU1Nf82Njb/Nzc3/zc3N/83Nzf/ODg4/zg4OP84ODj/ODg4/zg4OP83Nzf/NTU1/zU1Nf81NTX/Nzc3/zo6Ov86Ojr/OTk5/zg4OP83Nzf/NjY2/zY2Nv82Njb/NjY2/zY2Nv82Njb/NjY2/zY2Nv81NTX/NjY2/zg4OP84ODj/Nzc3/zc3N/83Nzf/Nzc3/zc3N/83Nzf/NjY2/zU1Nf82Njb/Nzc3/zg4OP84ODj/Nzc3/zc3N/83Nzf/ODg4/zg4OP84ODj/OTk5/zo6Ov86Ojr/OTk5/zg4OP84ODj/ODg4/zg4OP84ODj/ODg4/zg4OP84ODj/OTk5/zk5Of86Ojr/OTk5/zk5Of84ODj/Nzc3/zc3N/82Njb/Nzc3/zc3N/84ODj/ODg4/zk5Of85OTn/Ojo6/zs7O/87Ozv/Ozs7/zo6Ov86Ojr/Ojo6/zk5Of84ODj/ODg4/zo6Ov86Ojr/Ozs7/zw8PP88PDz/PDw8/zs7O/86Ojr/Ojo6/zo6Ov87Ozv/PDw8/zw8PP88PDz/PDw8/z09Pf89PT3/PDw8/zw8PP87Ozv/Ozs7/zw8PP87Ozv/Ojo6/zk5Of86Ojr/Ojo6/zo6Ov86Ojr/Ojo6/zk5Of87Ozv/PDw8/zs7O/86Ojr/Ozs7/z4+Pv8+Pj7/PT09/z09Pf89PT3/PT09/z09Pf89PT3/PDw8/zw8PP87Ozv/Ozs7/zs7O/88PDz/PDw8/zw8PP89PT3/Pj4+/z4+Pv89PT3/PT09/zw8PP89PT3/Pj4+/z4+Pv89PT3/PT09/z4+Pv8+Pj7/Pz8//0BAQP8/Pz//Pj4+/z09Pf89PT3/PT09/z4+Pv8+Pj7/Pj4+/z4+Pv89PT3/Pj4+/z8/P/9AQED/Pz8//z4+Pv89PT3/PDw8/z09Pf89PT3/PT09/zw8PP88PDz/PDw8/zw8PP87Ozv/PDw8/z4+Pv8+Pj7/Pz8//z8/P/8/Pz//Pz8//z8/P/8+Pj7/Pj4+/z4+Pv8/Pz//Pz8//z8/P/8+Pj7/Pj4+/z8/P/8/Pz//QUFB/0BAQP8+Pj7/Pj4+/z4+Pv89PT3/PT09/z09Pf89PT3/Pj4+/z4+Pv89PT3/PT09/z09Pf89PT3/Pj4+/z09Pf88PDz/PDw8/zw8PP88PDz/Ozs7/zs7O/86Ojr/Ojo6/zs7O/87Ozv/PDw8/z09Pf8+Pj7/Pj4+/z4+Pv8+Pj7/Pj4+/z09Pf89PT3/PDw8/zw8PP87Ozv/PDw8/z09Pf8+Pj7/Pz8//z8/P/8/Pz//Pz8//z09Pf89PT3/PDw8/zs7O/88PDz/PDw8/zw8PP89PT3/Pj4+/z8/P/8/Pz//Pz8//z4+Pv89PT3/PDw8/zs7O/88PDz/PDw8/z09Pf89PT3/Pj4+/z4+Pv8+Pj7/Pj4+/z4+Pv8+Pj7/PT09/z09Pf88PDz/Ozs7/zo6Ov86Ojr/PDw8/z09Pf8/Pz//PT09/zg4OP82Njb/NTU1/zQ0NP8yMjL/MTEx/zIyMv8aGhr/GRkZ/xgYGP8YGBj/GRkZ/xkZGf8ZGRn/GRkZ/xkZGf8ZGRn/GRkZ/xgYGP8XFxf/FxcX/xgYGP8ZGRn/Ghoa/xoaGv8aGhr/Ghoa/xsbG/8bGxv/Ghoa/xkZGf8ZGRn/GRkZ/xoaGv8aGhr/Ghoa/xsbG/8bGxv/Ghoa/xkZGf8ZGRn/GBgY/xgYGP8YGBj/FxcX/xYWFv8WFhb/FRUV/xgYGP8bGxv/HR0d/yEhIf8hISH/ISEh/yAgIP8gICD/Hx8f/x4eHv8dHR3/HBwc/xwcHP8cHBz/HBwc/xwcHP8cHBz/HR0d/x4eHv8hISH/JSUl/yMjI/8hISH/ICAg/x0dHf8dHR3/HR0d/x4eHv8fHx//ICAg/yAgIP8gICD/ISEh/yEhIf8kJCT/KCgo/y0tLf8zMzP/MjIy/zExMf8xMTH/MjIy/zU1Nf85OTn/Ojo6/zo6Ov85OTn/NDQ0/zMzM/80NDT/NTU1/zQ0NP80NDT/NDQ0/zU1Nf82Njb/ODg4/zU1Nf8yMjL/Li4u/ykpKf8nJyf/Jycn/ycnJ/8pKSn/Kysr/y8vL/8wMDD/Ly8v/y4uLv8uLi7/LS0t/y0tLf8tLS3/MDAw/zMzM/80NDT/NjY2/zY2Nv80NDT/MzMz/zExMf8xMTH/MjIy/zMzM/83Nzf/ODg4/zc3N/81NTX/MzMz/zAwMP81NTX/Ozs7/zw8PP89PT3/PDw8/zs7O/89PT3/QEBA/0BAQP8/Pz//Pj4+/zw8PP87Ozv/PT09/z4+Pv89PT3/PDw8/zw8PP87Ozv/PT09/0BAQP8+Pj7/Ozs7/zk5Of83Nzf/NjY2/zQ0NP8zMzP/MTEx/y8vL/8qKir/Jycn/yEhIf8eHh7/HR0d/xwcHP8aGhr/GRkZ/xcXF/8WFhb/FRUV/xQUFP8UFBT/ExMT/xMTE/8TExP/ExMT/xMTE/8TExP/ERER/xAQEP8QEBD/Dw8P/w8PD/8ODg7/Dw8P/w8PD/8PDw//Dw8P/w8PD/8PDw//Dw8P/w8PD/8PDw//Dw8P/xAQEP8SEhL/FxcX/yMjI/8qKir/NDQ0/zo6Ov87Ozv/PT09/0BAQP9DQ0P/RUVF/0ZGRv9ERET/QUFB/z4+Pv87Ozv/Ozs7/zw8PP8+Pj7/QUFB/0FBQf8/Pz//PT09/zw8PP87Ozv/PDw8/zw8PP88PDz/PDw8/zs7O/86Ojr/Ozs7/zw8PP8+Pj7/Q0ND/0VFRf9JSUn/S0tL/0xMTP9ISEj/Ojo6/zAwMP8hISH/FxcX/xMTE/8QEBD/Dw8P/w4ODv8PDw//Dw8P/w8PD/8PDw//Dw8P/xAQEP8QEBD/EBAQ/xAQEP8QEBD/EBAQ/xAQEP8RERH/ExMT/xYWFv8dHR3/IyMj/zAwMP89PT3/PT09/zw8PP86Ojr/Nzc3/zQ0NP8xMTH/MDAw/y4uLv8uLi7/Li4u/y8vL/8wMDD/MDAw/y8vL/8vLy//Ly8v/y4uLv8vLy//MDAw/zExMf8yMjL/MjIy/zExMf8yMjL/MjIy/zIyMv8yMjL/MjIy/zExMf8yMjL/MjIy/zIyMv8yMjL/MTEx/zAwMP8vLy//Ly8v/zAwMP8xMTH/MjIy/zIyMv8yMjL/MjIy/zMzM/8yMjL/MTEx/zExMf8xMTH/MTEx/zIyMv8zMzP/MzMz/zMzM/8zMzP/MzMz/zQ0NP80NDT/NTU1/zY2Nv82Njb/NTU1/zU1Nf80NDT/NDQ0/zQ0NP8zMzP/MzMz/zMzM/80NDT/NDQ0/zQ0NP80NDT/NDQ0/ykpKf8lJSX/ICAg/yIiIv8lJSX/NDQ0/0tLS/9mZmb/lZWV/4aGhv9SUlL/Pz8//y4uLv8mJib/ICAg/x4eHv8iIiL/JSUl/yYmJv8mJib/JiYm/yUlJf8lJSX/JiYm/ycnJ/8nJyf/Jycn/ycnJ/8oKCj/KSkp/ykpKf8pKSn/KSkp/yoqKv8rKyv/LS0t/y8vL/8yMjL/NTU1/zY2Nv83Nzf/MzMz/ywsLP8tLS3/LS0t/y8vL/8xMTH/MDAw/y8vL/8rKyv/IyMj/yAgIP8gICD/IiIi/ywsLP8zMzP/NTU1/zc3N/83Nzf/NjY2/zY2Nv82Njb/NjY2/zc3N/84ODj/Ozs7/zs7O/85OTn/Nzc3/zAwMP8sLCz/JiYm/yMjI/8iIiL/ISEh/yIiIv8iIiL/JiYm/ywsLP84ODj/SUlJ/05OTv9WVlb/VlZW/1VVVf9VVVX/VlZW/1dXV/9ZWVn/WFhY/1VVVf9TU1P/UlJS/1FRUf9PT0//TExM/0hISP9DQ0P/Ojo6/y0tLf8tLS3/MDAw/zExMf80NDT/NTU1/zQ0NP80NDT/MjIy/zIyMv81NTX/NjY2/zU1Nf81NTX/MTEx/y0tLf8sLCz/Kioq/ykpKf8pKSn/Kioq/y0tLf8uLi7/Ly8v/y8vL/8tLS3/LCws/yoqKv8pKSn/JSUl/yEhIf8cHBz/GBgY/xsbG/8fHx//JiYm/y4uLv8qKir/JCQk/yQkJP8lJSX/JSUl/ycnJ/8kJCT/HR0d/xoaGv8YGBj/GBgY/xwcHP8fHx//KCgo/zAwMP82Njb/PDw8/0VFRf9SUlL/R0dH/zY2Nv8rKyv/Gxsb/xgYGP8XFxf/Ghoa/yYmJv8uLi7/PT09/0VFRf9JSUn/TExM/01NTf9OTk7/S0tL/0hISP9GRkb/RERE/0JCQv8/Pz//Ozs7/zQ0NP8uLi7/JCQk/x8fH/8XFxf/FBQU/xMTE/8UFBT/FhYW/xgYGP8iIiL/LCws/ykpKf8nJyf/ICAg/xcXF/8XFxf/FxcX/x8fH/8tLS3/NDQ0/zw8PP8/Pz//Pz8//0FBQf9JSUn/TU1N/0tLS/9JSUn/RkZG/0JCQv9AQED/PT09/z4+Pv9AQED/PDw8/zY2Nv8vLy//JCQk/yAgIP8aGhr/Ghoa/xsbG/8fHx//KSkp/y8vL/8rKyv/KSkp/yQkJP8fHx//ISEh/yIiIv8rKyv/ODg4/z09Pf9FRUX/R0dH/0lJSf9JSUn/SEhI/0lJSf9LS0v/TExM/0pKSv9HR0f/Q0ND/z8/P/86Ojr/NDQ0/y0tLf8lJSX/HR0d/xQUFP8TExP/EhIS/xMTE/8VFRX/Ghoa/yMjI/8lJSX/ISEh/x0dHf8WFhb/EhIS/xISEv8TExP/Gxsb/yQkJP8rKyv/MzMz/zIyMv8wMDD/Ly8v/y0tLf8tLS3/LS0t/y4uLv8uLi7/Li4u/ywsLP8rKyv/KSkp/yYmJv8fHx//GBgY/xQUFP8RERH/ERER/xAQEP8TExP/FhYW/x8fH/8vLy//MjIy/zQ0NP8uLi7/Hh4e/xgYGP8UFBT/EhIS/xEREf8RERH/EBAQ/xAQEP8QEBD/Dw8P/xAQEP8RERH/EhIS/xMTE/8VFRX/GRkZ/xsbG/8eHh7/Hx8f/yAgIP8gICD/ISEh/yIiIv8iIiL/IyMj/yUlJf8oKCj/LS0t/zIyMv82Njb/Ojo6/zIyMv8kJCT/Hh4e/xQUFP8TExP/ExMT/xUVFf8cHBz/ICAg/ycnJ/8rKyv/Ly8v/zExMf8xMTH/ODg4/zo6Ov89PT3/Pj4+/z8/P/8+Pj7/PT09/z09Pf89PT3/Pj4+/z4+Pv8/Pz//Pz8//z8/P/8/Pz//Pj4+/z4+Pv8+Pj7/Pj4+/z4+Pv8/Pz//Pz8//0BAQP9BQUH/QUFB/0JCQv9CQkL/QUFB/0FBQf9AQED/QUFB/0FBQf9BQUH/QEBA/0BAQP9BQUH/QkJC/0JCQv9DQ0P/Q0ND/0RERP9DQ0P/Q0ND/0JCQv9CQkL/QUFB/0FBQf9BQUH/QUFB/0FBQf9DQ0P/Q0ND/0JCQv9CQkL/QUFB/0FBQf9DQ0P/RERE/0RERP9DQ0P/QkJC/0FBQf9AQED/Pj4+/z4+Pv89PT3/Pj4+/0BAQP9BQUH/QUFB/0FBQf9BQUH/QUFB/0BAQP9AQED/QEBA/z8/P/9AQED/QEBA/0BAQP8/Pz//Pz8//0FBQf9CQkL/Q0ND/0JCQv9AQED/Pz8//z8/P/8+Pj7/Pj4+/z09Pf8/Pz//Pz8//z8/P/8/Pz//Pz8//z4+Pv8+Pj7/Pj4+/0BAQP9DQ0P/Q0ND/0RERP9DQ0P/QEBA/z8/P/8/Pz//QEBA/0FBQf9CQkL/Q0ND/0RERP9DQ0P/Q0ND/0JCQv9CQkL/Q0ND/0RERP9DQ0P/QkJC/0FBQf9AQED/QEBA/z4+Pv8+Pj7/Pz8//0BAQP9BQUH/QkJC/0JCQv9BQUH/QUFB/0FBQf9BQUH/QUFB/0BAQP9AQED/QEBA/z8/P/8/Pz//Pz8//z8/P/8/Pz//Pz8//0JCQv9DQ0P/Q0ND/0RERP9DQ0P/QkJC/0FBQf9AQED/QUFB/0JCQv9CQkL/Q0ND/0RERP9ERET/RERE/0JCQv9CQkL/QUFB/0FBQf9CQkL/QkJC/0FBQf9BQUH/QEBA/z8/P/8/Pz//Pj4+/0BAQP9CQkL/QUFB/0BAQP8/Pz//Pj4+/z4+Pv8/Pz//QEBA/0BAQP9AQED/QUFB/0FBQf9BQUH/QkJC/0JCQv9CQkL/Q0ND/0RERP9FRUX/R0dH/0ZGRv9ERET/RERE/0NDQ/9CQkL/QUFB/0JCQv9DQ0P/RUVF/0ZGRv9HR0f/SEhI/0lJSf9GRkb/RERE/0NDQ/9CQkL/QUFB/0BAQP9BQUH/QkJC/0JCQv8/Pz//Pz8//z8/P/9AQED/QEBA/0BAQP9BQUH/QkJC/0FBQf9AQED/Pz8//z4+Pv8/Pz//QUFB/0BAQP9AQED/QUFB/0NDQ/9DQ0P/QkJC/0FBQf9BQUH/QEBA/0BAQP8/Pz//Pz8//0BAQP9AQED/QEBA/0FBQf9BQUH/QUFB/0FBQf9AQED/QEBA/0BAQP8/Pz//Pz8//z8/P/8/Pz//QEBA/0FBQf9DQ0P/Q0ND/0JCQv9BQUH/QkJC/0JCQv9CQkL/QkJC/0JCQv9CQkL/QkJC/0JCQv9DQ0P/Q0ND/0NDQ/9DQ0P/Q0ND/0NDQ/9CQkL/QUFB/0FBQf9AQED/QUFB/0JCQv9CQkL/QkJC/0JCQv9AQED/Pz8//z8/P/9BQUH/QUFB/0JCQv9BQUH/QUFB/0FBQf9CQkL/QUFB/0BAQP9AQED/QEBA/0FBQf9BQUH/QUFB/0FBQf9BQUH/QUFB/0FBQf9BQUH/QUFB/0BAQP9AQED/QEBA/z8/P/8/Pz//Pj4+/z8/P/9BQUH/QkJC/0JCQv9DQ0P/RUVF/0ZGRv9YWFj/a2tr/5aWlv/Ozs7/v7+//6Wlpf+1tbX/19fX/9bW1v/Jycn/sLCw/3d3d/9cXFz/R0dH/z09Pf9AQED/QkJC/zU1Nf81NTX/NTU1/zU1Nf82Njb/Nzc3/zc3N/83Nzf/NjY2/zY2Nv82Njb/NjY2/zY2Nv81NTX/NDQ0/zU1Nf81NTX/NjY2/zY2Nv82Njb/NjY2/zY2Nv82Njb/NjY2/zU1Nf82Njb/NjY2/zc3N/84ODj/ODg4/zg4OP84ODj/Nzc3/zc3N/83Nzf/Nzc3/zc3N/83Nzf/Nzc3/zc3N/83Nzf/Nzc3/zc3N/83Nzf/Nzc3/zc3N/82Njb/NjY2/zY2Nv82Njb/NjY2/zU1Nf81NTX/NjY2/zY2Nv83Nzf/Nzc3/zg4OP86Ojr/OTk5/zg4OP84ODj/ODg4/zc3N/81NTX/NTU1/zY2Nv84ODj/Ozs7/zs7O/85OTn/ODg4/zc3N/83Nzf/Nzc3/zc3N/83Nzf/Nzc3/zY2Nv82Njb/NjY2/zY2Nv82Njb/Nzc3/zc3N/84ODj/ODg4/zg4OP84ODj/ODg4/zg4OP84ODj/Nzc3/zg4OP84ODj/Nzc3/zY2Nv82Njb/NjY2/zc3N/85OTn/OTk5/zk5Of85OTn/OTk5/zk5Of85OTn/OTk5/zg4OP84ODj/ODg4/zg4OP84ODj/Nzc3/zg4OP85OTn/OTk5/zk5Of85OTn/ODg4/zg4OP84ODj/ODg4/zc3N/83Nzf/ODg4/zg4OP85OTn/Ojo6/zs7O/87Ozv/Ozs7/zo6Ov86Ojr/OTk5/zk5Of85OTn/ODg4/zc3N/84ODj/OTk5/zk5Of86Ojr/Ozs7/zs7O/87Ozv/Ozs7/zs7O/87Ozv/Ozs7/zs7O/87Ozv/Ojo6/zo6Ov87Ozv/PT09/z09Pf89PT3/PDw8/zw8PP88PDz/Ozs7/zs7O/86Ojr/Ojo6/zo6Ov86Ojr/Ojo6/zo6Ov86Ojr/Ojo6/zs7O/88PDz/Ozs7/zo6Ov87Ozv/PT09/z09Pf88PDz/PDw8/zw8PP89PT3/Pj4+/z09Pf88PDz/Ozs7/zo6Ov86Ojr/Ojo6/zs7O/88PDz/PDw8/zw8PP88PDz/PDw8/zw8PP88PDz/PDw8/z09Pf8/Pz//QEBA/z8/P/8/Pz//Pj4+/z09Pf8+Pj7/Pj4+/z8/P/8/Pz//PT09/zs7O/87Ozv/PDw8/zw8PP89PT3/PT09/z4+Pv8+Pj7/Pj4+/z4+Pv89PT3/PT09/zw8PP88PDz/Pj4+/z8/P/8/Pz//Pz8//z4+Pv8+Pj7/PT09/zw8PP89PT3/Pj4+/z8/P/9AQED/QEBA/0FBQf9BQUH/Pz8//z8/P/8+Pj7/Pj4+/z4+Pv8+Pj7/Pj4+/z4+Pv8+Pj7/Pj4+/0BAQP9CQkL/QUFB/0BAQP9BQUH/QUFB/0BAQP8+Pj7/PT09/zw8PP88PDz/PDw8/zw8PP88PDz/PDw8/zw8PP89PT3/PDw8/zs7O/88PDz/PDw8/zw8PP87Ozv/Ozs7/zs7O/87Ozv/PDw8/zw8PP8+Pj7/Pz8//0BAQP9AQED/Pz8//z4+Pv8+Pj7/Pj4+/z09Pf89PT3/PDw8/zs7O/88PDz/PT09/z4+Pv8/Pz//QEBA/z8/P/8/Pz//PT09/zw8PP88PDz/PDw8/zw8PP88PDz/PDw8/zw8PP8+Pj7/QEBA/z8/P/8+Pj7/Pj4+/zw8PP88PDz/PDw8/zw8PP89PT3/PT09/z4+Pv8/Pz//Pz8//z8/P/8+Pj7/PT09/z4+Pv8+Pj7/Pj4+/z4+Pv89PT3/PDw8/zs7O/87Ozv/PDw8/z09Pf89PT3/Ozs7/zo6Ov85OTn/ODg4/zY2Nv80NDT/NjY2/xsbG/8ZGRn/GBgY/xgYGP8YGBj/GBgY/xgYGP8YGBj/GBgY/xgYGP8YGBj/GBgY/xcXF/8XFxf/GBgY/xgYGP8ZGRn/Ghoa/xoaGv8bGxv/HBwc/x0dHf8bGxv/GRkZ/xkZGf8aGhr/Ghoa/xoaGv8aGhr/Ghoa/xoaGv8ZGRn/GRkZ/xkZGf8ZGRn/GRkZ/xkZGf8XFxf/FRUV/xUVFf8UFBT/FxcX/xoaGv8dHR3/ISEh/yEhIf8gICD/ICAg/yEhIf8gICD/Hh4e/x0dHf8cHBz/Gxsb/xsbG/8bGxv/Gxsb/xsbG/8cHBz/HBwc/x8fH/8iIiL/IiIi/yEhIf8gICD/HR0d/xwcHP8dHR3/Hh4e/yEhIf8iIiL/ISEh/yAgIP8hISH/ISEh/yMjI/8lJSX/KSkp/y0tLf8tLS3/LS0t/y4uLv8wMDD/MTEx/zU1Nf82Njb/OTk5/zg4OP8zMzP/MTEx/zAwMP8vLy//MzMz/zc3N/85OTn/Ozs7/zg4OP80NDT/MTEx/y0tLf8rKyv/JiYm/yUlJf8kJCT/JiYm/ysrK/8uLi7/MzMz/zU1Nf8yMjL/MDAw/y4uLv8tLS3/Ly8v/zAwMP8yMjL/NDQ0/zQ0NP80NDT/MzMz/zAwMP8vLy//LS0t/y4uLv8xMTH/MzMz/zU1Nf82Njb/NjY2/zU1Nf8yMjL/MDAw/zY2Nv88PDz/Ozs7/zo6Ov87Ozv/Pj4+/0FBQf9FRUX/RERE/0FBQf9AQED/Pz8//z4+Pv8/Pz//QEBA/z8/P/8/Pz//PT09/zs7O/87Ozv/Ozs7/zo6Ov85OTn/Nzc3/zY2Nv80NDT/MTEx/zExMf8wMDD/Ly8v/ywsLP8pKSn/IiIi/x4eHv8dHR3/Gxsb/xoaGv8YGBj/FxcX/xUVFf8VFRX/FBQU/xQUFP8UFBT/FBQU/xQUFP8UFBT/FRUV/xQUFP8RERH/EBAQ/w8PD/8PDw//Dw8P/w8PD/8PDw//Dw8P/w8PD/8PDw//Dw8P/w4ODv8ODg7/Dg4O/w8PD/8QEBD/ERER/xMTE/8ZGRn/JiYm/y4uLv82Njb/Ozs7/zo6Ov85OTn/Ozs7/z09Pf9AQED/RERE/0JCQv8/Pz//Pj4+/zw8PP89PT3/QUFB/0JCQv9BQUH/QEBA/z4+Pv89PT3/Ozs7/zo6Ov85OTn/Nzc3/zg4OP84ODj/OTk5/zo6Ov87Ozv/PT09/0BAQP9GRkb/SEhI/0xMTP9NTU3/TU1N/0lJSf8+Pj7/NTU1/yQkJP8aGhr/FBQU/xAQEP8PDw//Dw8P/w8PD/8PDw//Dw8P/w8PD/8PDw//Dw8P/w8PD/8PDw//Dw8P/w8PD/8PDw//EBAQ/xAQEP8SEhL/FBQU/xsbG/8hISH/Ly8v/z4+Pv89PT3/Ozs7/zo6Ov83Nzf/NTU1/zExMf8vLy//Li4u/y4uLv8tLS3/Li4u/y4uLv8uLi7/LS0t/y0tLf8uLi7/Ly8v/y8vL/8vLy//MTEx/zMzM/8yMjL/MDAw/zExMf8xMTH/MTEx/zAwMP8wMDD/MDAw/zAwMP8wMDD/MDAw/zExMf8yMjL/MTEx/zAwMP8wMDD/Ly8v/zAwMP8yMjL/MjIy/zIyMv8zMzP/NDQ0/zMzM/8xMTH/MTEx/zIyMv8yMjL/MjIy/zIyMv8yMjL/MjIy/zIyMv8yMjL/MzMz/zMzM/80NDT/NDQ0/zU1Nf81NTX/NDQ0/zMzM/8yMjL/MjIy/zIyMv8yMjL/MjIy/zMzM/80NDT/NTU1/zY2Nv81NTX/KCgo/yMjI/8eHh7/Hx8f/yEhIf8wMDD/R0dH/2ZmZv+dnZ3/kZGR/2NjY/9NTU3/MTEx/yYmJv8hISH/ICAg/ycnJ/8sLCz/Kysr/yoqKv8pKSn/KCgo/ykpKf8rKyv/Kysr/ysrK/8rKyv/KSkp/ykpKf8rKyv/Kysr/yoqKv8qKir/LCws/y0tLf8wMDD/MjIy/zU1Nf85OTn/OTk5/zo6Ov83Nzf/MjIy/zMzM/81NTX/NDQ0/zIyMv8wMDD/Kysr/ygoKP8gICD/HR0d/xwcHP8dHR3/Hx8f/yAgIP8jIyP/JSUl/yYmJv8oKCj/KCgo/ygoKP8oKCj/Jycn/ycnJ/8mJib/JiYm/yYmJv8mJib/JSUl/yQkJP8iIiL/ICAg/x0dHf8cHBz/HBwc/x0dHf8fHx//ISEh/yUlJf8pKSn/LS0t/zMzM/80NDT/NTU1/zU1Nf82Njb/Nzc3/zc3N/82Njb/MjIy/y8vL/8uLi7/Li4u/ysrK/8oKCj/JiYm/yQkJP8iIiL/ICAg/yQkJP8tLS3/MTEx/zk5Of86Ojr/OTk5/zo6Ov88PDz/Pj4+/0FBQf9CQkL/QkJC/0FBQf89PT3/OTk5/zc3N/81NTX/NDQ0/zQ0NP82Njb/ODg4/zk5Of87Ozv/Ozs7/zo6Ov85OTn/NjY2/zQ0NP8vLy//Kioq/yEhIf8ZGRn/GBgY/xcXF/8ZGRn/Gxsb/xwcHP8eHh7/Hx8f/yIiIv8kJCT/Jycn/yUlJf8eHh7/Gxsb/xkZGf8ZGRn/HBwc/yAgIP8oKCj/MDAw/zY2Nv88PDz/RUVF/1FRUf9HR0f/NTU1/ysrK/8bGxv/GBgY/xYWFv8aGhr/JiYm/y4uLv88PDz/RERE/0lJSf9MTEz/TExM/0xMTP9KSkr/SEhI/0dHR/9GRkb/RERE/0BAQP87Ozv/NDQ0/y8vL/8lJSX/Hx8f/xcXF/8UFBT/ExMT/xMTE/8WFhb/GRkZ/yIiIv8rKyv/KSkp/ycnJ/8gICD/FxcX/xcXF/8XFxf/Hx8f/y0tLf8zMzP/Ozs7/z4+Pv8/Pz//QUFB/0lJSf9NTU3/SkpK/0dHR/9ERET/QUFB/z8/P/89PT3/Pj4+/0BAQP87Ozv/MjIy/ysrK/8eHh7/Ghoa/xYWFv8WFhb/GBgY/xwcHP8nJyf/LCws/ykpKf8mJib/ISEh/xwcHP8cHBz/HBwc/yUlJf8yMjL/ODg4/0JCQv9FRUX/SUlJ/0lJSf9ISEj/SEhI/0tLS/9LS0v/SUlJ/0dHR/9DQ0P/QEBA/zo6Ov80NDT/LS0t/yUlJf8dHR3/FBQU/xMTE/8SEhL/ExMT/xYWFv8aGhr/JCQk/yUlJf8iIiL/Hh4e/xcXF/8SEhL/EhIS/xISEv8aGhr/IyMj/ykpKf8xMTH/MDAw/y4uLv8uLi7/LCws/ywsLP8tLS3/LS0t/y8vL/8uLi7/LS0t/ywsLP8pKSn/JiYm/x8fH/8YGBj/FRUV/xEREf8RERH/EBAQ/xISEv8WFhb/Hx8f/y4uLv8xMTH/MzMz/y0tLf8eHh7/FxcX/xMTE/8RERH/ERER/xEREf8QEBD/EBAQ/xAQEP8PDw//EBAQ/xEREf8TExP/FRUV/xcXF/8bGxv/HR0d/x8fH/8gICD/ISEh/yEhIf8hISH/ISEh/yIiIv8jIyP/JiYm/ykpKf8uLi7/NDQ0/zc3N/87Ozv/MjIy/yQkJP8eHh7/FBQU/xMTE/8TExP/FRUV/xwcHP8gICD/JiYm/yoqKv8uLi7/MTEx/zExMf85OTn/PDw8/z4+Pv8+Pj7/Pz8//z4+Pv8+Pj7/Pj4+/z4+Pv8+Pj7/Pz8//z8/P/9AQED/QEBA/z8/P/8/Pz//Pj4+/z09Pf8+Pj7/Pj4+/z8/P/9AQED/QEBA/0FBQf9CQkL/Q0ND/0NDQ/9BQUH/QUFB/0FBQf9CQkL/QkJC/0FBQf9AQED/QEBA/0FBQf9CQkL/Q0ND/0NDQ/9DQ0P/RERE/0NDQ/9DQ0P/QkJC/0JCQv9CQkL/QUFB/0FBQf9BQUH/QUFB/0JCQv9CQkL/QUFB/0FBQf9BQUH/QkJC/0NDQ/9FRUX/RERE/0RERP9DQ0P/QUFB/z8/P/89PT3/Pj4+/z4+Pv8/Pz//QUFB/0FBQf9BQUH/QUFB/0FBQf9BQUH/QUFB/0FBQf9AQED/Pz8//z8/P/9AQED/Pz8//z4+Pv8/Pz//QEBA/0FBQf9CQkL/QkJC/0BAQP8/Pz//Pz8//z4+Pv8+Pj7/Pj4+/z8/P/8/Pz//Pz8//z8/P/8/Pz//Pz8//z4+Pv8+Pj7/Pz8//0JCQv9DQ0P/Q0ND/0JCQv9AQED/Pz8//z8/P/9AQED/QUFB/0JCQv9DQ0P/Q0ND/0NDQ/9DQ0P/Q0ND/0JCQv9DQ0P/Q0ND/0JCQv9BQUH/QUFB/0BAQP9AQED/Pj4+/z4+Pv9AQED/QUFB/0FBQf9CQkL/QUFB/0FBQf9BQUH/QUFB/0FBQf9BQUH/QUFB/0BAQP9AQED/Pz8//z8/P/8/Pz//Pz8//z8/P/9AQED/QUFB/0JCQv9DQ0P/Q0ND/0JCQv9CQkL/QUFB/0BAQP9BQUH/QUFB/0JCQv9DQ0P/RERE/0VFRf9ERET/QkJC/0JCQv9BQUH/QUFB/0JCQv9CQkL/QkJC/0FBQf9AQED/Pz8//z4+Pv8+Pj7/Pz8//0FBQf9BQUH/QEBA/z8/P/8+Pj7/Pj4+/z8/P/9AQED/QEBA/0BAQP9BQUH/QkJC/0JCQv9CQkL/QkJC/0JCQv9DQ0P/RERE/0VFRf9HR0f/R0dH/0ZGRv9GRkb/RkZG/0VFRf9ERET/RERE/0RERP9ERET/RUVF/0ZGRv9HR0f/SEhI/0ZGRv9ERET/RERE/0NDQ/9CQkL/QUFB/0FBQf9BQUH/QEBA/z8/P/8/Pz//Pz8//z8/P/9AQED/QEBA/0FBQf9BQUH/QEBA/0BAQP8/Pz//PT09/z8/P/9AQED/QEBA/0BAQP9BQUH/Q0ND/0JCQv9CQkL/QUFB/0BAQP9AQED/QEBA/0BAQP8/Pz//Pz8//0BAQP9AQED/QUFB/0FBQf9BQUH/QUFB/0FBQf9AQED/QEBA/0BAQP8/Pz//Pz8//z8/P/9AQED/QUFB/0JCQv9CQkL/QUFB/0BAQP9BQUH/QkJC/0JCQv9CQkL/QkJC/0JCQv9CQkL/Q0ND/0NDQ/9ERET/RERE/0RERP9DQ0P/Q0ND/0JCQv9BQUH/QUFB/0FBQf9AQED/QUFB/0JCQv9CQkL/QkJC/0BAQP8+Pj7/Pz8//0BAQP9BQUH/QkJC/0JCQv9BQUH/QUFB/0JCQv9BQUH/QEBA/z8/P/9AQED/QEBA/0BAQP9AQED/QEBA/0FBQf9BQUH/QUFB/0BAQP9AQED/QEBA/0BAQP9AQED/Pz8//z8/P/8+Pj7/Pj4+/0BAQP9BQUH/QkJC/0JCQv9ERET/RkZG/1RUVP9kZGT/iYmJ/7i4uP+srKz/lpaW/6Ghof+5ubn/uLi4/66urv+ZmZn/ZWVl/05OTv89PT3/NjY2/zo6Ov88PDz/MjIy/zU1Nf81NTX/NTU1/zY2Nv83Nzf/Nzc3/zc3N/82Njb/NTU1/zY2Nv82Njb/NjY2/zU1Nf80NDT/NTU1/zU1Nf82Njb/NjY2/zY2Nv82Njb/NjY2/zY2Nv81NTX/NTU1/zU1Nf82Njb/NjY2/zc3N/83Nzf/ODg4/zc3N/83Nzf/Nzc3/zc3N/83Nzf/Nzc3/zY2Nv83Nzf/Nzc3/zc3N/83Nzf/Nzc3/zc3N/83Nzf/Nzc3/zc3N/82Njb/NjY2/zY2Nv82Njb/NTU1/zU1Nf82Njb/NjY2/zc3N/84ODj/OTk5/zo6Ov85OTn/ODg4/zg4OP84ODj/Nzc3/zY2Nv82Njb/Nzc3/zg4OP87Ozv/Ozs7/zk5Of84ODj/ODg4/zg4OP83Nzf/Nzc3/zc3N/83Nzf/Nzc3/zY2Nv82Njb/Nzc3/zc3N/83Nzf/ODg4/zg4OP84ODj/ODg4/zg4OP84ODj/ODg4/zg4OP84ODj/ODg4/zg4OP83Nzf/NjY2/zY2Nv83Nzf/ODg4/zk5Of85OTn/OTk5/zk5Of85OTn/OTk5/zk5Of85OTn/ODg4/zg4OP84ODj/ODg4/zg4OP83Nzf/ODg4/zk5Of85OTn/OTk5/zk5Of85OTn/OTk5/zk5Of84ODj/Nzc3/zc3N/84ODj/ODg4/zk5Of86Ojr/Ozs7/zw8PP87Ozv/Ojo6/zo6Ov85OTn/OTk5/zk5Of85OTn/ODg4/zg4OP85OTn/Ojo6/zo6Ov87Ozv/Ozs7/zs7O/87Ozv/Ozs7/zs7O/87Ozv/Ozs7/zs7O/86Ojr/OTk5/zs7O/89PT3/PT09/z09Pf88PDz/PDw8/zw8PP87Ozv/Ozs7/zo6Ov86Ojr/Ozs7/zs7O/87Ozv/Ozs7/zs7O/87Ozv/Ozs7/zw8PP88PDz/Ozs7/zw8PP89PT3/PT09/zs7O/87Ozv/PDw8/z09Pf89PT3/PT09/zw8PP87Ozv/Ojo6/zo6Ov86Ojr/Ozs7/zw8PP88PDz/PDw8/zw8PP88PDz/PDw8/zw8PP88PDz/PT09/z8/P/8/Pz//Pz8//z8/P/8+Pj7/PT09/z4+Pv8+Pj7/Pj4+/z8/P/89PT3/Ozs7/zs7O/88PDz/PDw8/z4+Pv8+Pj7/Pj4+/z4+Pv89PT3/PT09/zw8PP88PDz/PDw8/zw8PP8+Pj7/Pz8//z8/P/8/Pz//Pj4+/z4+Pv89PT3/PDw8/z09Pf8+Pj7/Pj4+/z8/P/9AQED/QUFB/0FBQf8/Pz//Pj4+/z4+Pv89PT3/PT09/z09Pf89PT3/Pj4+/z4+Pv8+Pj7/Pz8//0FBQf9BQUH/QEBA/0FBQf9BQUH/QEBA/z4+Pv89PT3/PDw8/zw8PP88PDz/PT09/zw8PP88PDz/PDw8/z09Pf88PDz/PDw8/zw8PP88PDz/PDw8/zs7O/87Ozv/Ozs7/zw8PP88PDz/PT09/z4+Pv8/Pz//QEBA/0BAQP8/Pz//Pj4+/z4+Pv8+Pj7/Pj4+/z09Pf89PT3/PDw8/zw8PP89PT3/Pj4+/0BAQP9AQED/Pz8//z8/P/89PT3/PDw8/zw8PP89PT3/PT09/z09Pf89PT3/PT09/z4+Pv9AQED/Pz8//z4+Pv8+Pj7/PDw8/zw8PP88PDz/PT09/z09Pf8+Pj7/Pz8//z8/P/8/Pz//Pz8//z4+Pv89PT3/PT09/z4+Pv8+Pj7/Pj4+/z4+Pv89PT3/PDw8/zw8PP88PDz/PDw8/zw8PP87Ozv/Ozs7/zs7O/86Ojr/ODg4/zc3N/84ODj/Gxsb/xkZGf8YGBj/GBgY/xgYGP8ZGRn/GRkZ/xkZGf8YGBj/GBgY/xgYGP8YGBj/GBgY/xgYGP8YGBj/GRkZ/xkZGf8aGhr/Ghoa/xsbG/8bGxv/HBwc/xsbG/8ZGRn/GRkZ/xoaGv8aGhr/Ghoa/xoaGv8aGhr/GRkZ/xkZGf8ZGRn/GRkZ/xkZGf8ZGRn/GRkZ/xcXF/8VFRX/FRUV/xQUFP8WFhb/Ghoa/x0dHf8hISH/ISEh/yAgIP8gICD/ISEh/yAgIP8eHh7/HR0d/xwcHP8bGxv/Gxsb/xsbG/8bGxv/Gxsb/xwcHP8cHBz/Hx8f/yMjI/8jIyP/IiIi/yAgIP8cHBz/HBwc/x0dHf8fHx//IyMj/yQkJP8iIiL/ICAg/yAgIP8hISH/IiIi/yMjI/8mJib/Kioq/ysrK/8tLS3/Li4u/y8vL/8wMDD/MTEx/zMzM/81NTX/NTU1/zIyMv8wMDD/Li4u/y4uLv8zMzP/ODg4/zo6Ov88PDz/ODg4/zIyMv8wMDD/Li4u/ywsLP8oKCj/Jycn/yUlJf8nJyf/LCws/y8vL/81NTX/Nzc3/zQ0NP8xMTH/Ly8v/y0tLf8vLy//MDAw/zExMf8yMjL/MzMz/zMzM/8yMjL/MTEx/zAwMP8uLi7/Ly8v/zIyMv80NDT/NTU1/zY2Nv81NTX/NTU1/zMzM/8yMjL/ODg4/z4+Pv88PDz/OTk5/zo6Ov88PDz/Pz8//0VFRf9ERET/QkJC/0FBQf8/Pz//Pz8//z8/P/8+Pj7/Pj4+/z4+Pv89PT3/Ozs7/zs7O/87Ozv/Ozs7/zs7O/85OTn/Nzc3/zU1Nf8yMjL/MTEx/zAwMP8uLi7/Kioq/ycnJ/8hISH/Hh4e/xwcHP8aGhr/GRkZ/xgYGP8WFhb/FRUV/xUVFf8UFBT/FBQU/xQUFP8UFBT/FRUV/xUVFf8WFhb/FRUV/xEREf8QEBD/EBAQ/w8PD/8PDw//Dw8P/w8PD/8PDw//Dw8P/w8PD/8ODg7/Dg4O/w4ODv8ODg7/Dw8P/xAQEP8RERH/FBQU/xoaGv8oKCj/MDAw/zg4OP88PDz/Ozs7/zo6Ov87Ozv/PDw8/0BAQP9ERET/QkJC/0BAQP8/Pz//PT09/z4+Pv9BQUH/QUFB/0FBQf9AQED/Pj4+/z09Pf88PDz/Ojo6/zg4OP82Njb/NjY2/zY2Nv84ODj/OTk5/zo6Ov88PDz/QEBA/0VFRf9ISEj/TExM/01NTf9NTU3/SUlJ/z8/P/83Nzf/JiYm/xsbG/8VFRX/EBAQ/xAQEP8PDw//Dw8P/w8PD/8PDw//Dw8P/w8PD/8PDw//Dw8P/w8PD/8PDw//Dw8P/w8PD/8QEBD/EBAQ/xISEv8UFBT/Ghoa/yAgIP8uLi7/PT09/zw8PP87Ozv/Ojo6/zc3N/81NTX/MTEx/zAwMP8vLy//Ly8v/y4uLv8uLi7/Ly8v/y8vL/8uLi7/LS0t/y4uLv8wMDD/MDAw/y8vL/8xMTH/MjIy/zExMf8wMDD/MDAw/zExMf8wMDD/Ly8v/y8vL/8wMDD/MDAw/y8vL/8vLy//MTEx/zExMf8xMTH/MDAw/zAwMP8vLy//MDAw/zIyMv8yMjL/MjIy/zIyMv8zMzP/MzMz/zExMf8xMTH/MjIy/zIyMv8yMjL/MjIy/zIyMv8yMjL/MjIy/zIyMv8zMzP/MzMz/zQ0NP80NDT/NTU1/zU1Nf80NDT/MzMz/zMzM/8yMjL/MjIy/zIyMv8zMzP/NDQ0/zQ0NP81NTX/NTU1/zU1Nf8kJCT/ISEh/x4eHv8fHx//ICAg/y4uLv9FRUX/cXFx/76+vv+5ubn/kJCQ/3Nzc/9AQED/Kysr/ycnJ/8nJyf/NDQ0/z09Pf85OTn/NDQ0/zMzM/8xMTH/NDQ0/zc3N/85OTn/PDw8/zs7O/82Njb/NjY2/zc3N/83Nzf/ODg4/zg4OP84ODj/OTk5/z09Pf9AQED/RERE/0hISP9HR0f/R0dH/0RERP8/Pz//QEBA/0NDQ/89PT3/MDAw/ysrK/8kJCT/ISEh/x0dHf8cHBz/HBwc/x4eHv8iIiL/JiYm/yoqKv8tLS3/Ly8v/zIyMv8yMjL/MjIy/zIyMv8xMTH/MTEx/zAwMP8vLy//Li4u/y4uLv8uLi7/LS0t/ygoKP8lJSX/Hx8f/xoaGv8bGxv/HBwc/x4eHv8gICD/ICAg/yAgIP8kJCT/KSkp/ywsLP8xMTH/MjIy/zMzM/8yMjL/MDAw/y0tLf8nJyf/IyMj/yMjI/8iIiL/ISEh/yEhIf8hISH/ISEh/yAgIP8fHx//KCgo/zk5Of9DQ0P/U1NT/1RUVP9PT0//T09P/1RUVP9XV1f/W1tb/15eXv9dXV3/W1tb/1ZWVv9RUVH/Tk5O/0lJSf9JSUn/SUlJ/0tLS/9NTU3/Tk5O/09PT/9QUFD/UFBQ/1BQUP9NTU3/SkpK/0RERP8+Pj7/Li4u/x8fH/8aGhr/FRUV/xYWFv8XFxf/FxcX/xkZGf8bGxv/Hx8f/yIiIv8nJyf/JSUl/x4eHv8bGxv/Ghoa/xoaGv8eHh7/ISEh/yoqKv8yMjL/Nzc3/zw8PP9ERET/Tk5O/0RERP81NTX/Kysr/xsbG/8YGBj/FhYW/xoaGv8lJSX/LS0t/zk5Of9AQED/RUVF/0hISP9HR0f/RkZG/0dHR/9JSUn/SUlJ/0pKSv9GRkb/QEBA/zw8PP81NTX/Ly8v/yUlJf8fHx//GBgY/xUVFf8UFBT/FBQU/xcXF/8bGxv/JSUl/y8vL/8sLCz/KCgo/yEhIf8XFxf/FxcX/xcXF/8eHh7/LCws/zIyMv86Ojr/PDw8/z8/P/9BQUH/R0dH/0pKSv9HR0f/RERE/0FBQf8+Pj7/Pj4+/z09Pf8+Pj7/QEBA/zo6Ov8xMTH/KSkp/xsbG/8XFxf/FBQU/xQUFP8XFxf/Ghoa/yQkJP8qKir/Jycn/yUlJf8fHx//GBgY/xgYGP8XFxf/Hh4e/ykpKf8xMTH/PT09/0JCQv9HR0f/SEhI/0lJSf9ISEj/SEhI/0dHR/9GRkb/RUVF/0JCQv9AQED/Ojo6/zQ0NP8sLCz/IyMj/xwcHP8UFBT/EhIS/xEREf8TExP/FhYW/xsbG/8lJSX/Jycn/yQkJP8hISH/GRkZ/xMTE/8TExP/EhIS/xkZGf8fHx//JSUl/ywsLP8sLCz/LS0t/y0tLf8tLS3/LS0t/y0tLf8uLi7/MDAw/zExMf8wMDD/Li4u/ykpKf8lJSX/Hh4e/xcXF/8VFRX/EhIS/xEREf8QEBD/ExMT/xcXF/8fHx//LS0t/y8vL/8xMTH/LCws/xwcHP8WFhb/EhIS/xAQEP8QEBD/EBAQ/xEREf8RERH/ERER/xEREf8RERH/ExMT/xUVFf8YGBj/Gxsb/x4eHv8fHx//ICAg/yAgIP8gICD/ICAg/yEhIf8iIiL/IyMj/yUlJf8pKSn/LS0t/zExMf81NTX/ODg4/zw8PP8yMjL/IyMj/x0dHf8UFBT/EhIS/xMTE/8WFhb/HBwc/yAgIP8lJSX/KCgo/ywsLP8vLy//Ly8v/zs7O/88PDz/Pj4+/z4+Pv8+Pj7/Pz8//z8/P/9AQED/QUFB/0FBQf9BQUH/QUFB/0JCQv9CQkL/QUFB/0BAQP8/Pz//Pz8//z4+Pv8+Pj7/QEBA/0FBQf9CQkL/QkJC/0NDQ/9ERET/Q0ND/0JCQv9CQkL/QkJC/0JCQv9CQkL/QUFB/0BAQP8/Pz//QEBA/0FBQf9BQUH/QkJC/0JCQv9CQkL/QkJC/0FBQf9CQkL/Q0ND/0JCQv9BQUH/QUFB/0BAQP9AQED/QUFB/0FBQf9BQUH/QUFB/0JCQv9DQ0P/Q0ND/0NDQ/9ERET/RERE/0JCQv9AQED/Pz8//z4+Pv8/Pz//QUFB/0JCQv9CQkL/QkJC/0FBQf9BQUH/QEBA/0BAQP9BQUH/QkJC/0FBQf9BQUH/QEBA/z4+Pv8+Pj7/Pj4+/z4+Pv8/Pz//QEBA/0BAQP9BQUH/QUFB/0BAQP9AQED/QEBA/z8/P/8/Pz//QEBA/0BAQP8/Pz//Pz8//0BAQP9AQED/Pz8//z4+Pv8/Pz//QEBA/0FBQf9CQkL/QkJC/0FBQf9AQED/QEBA/0BAQP9AQED/QEBA/0FBQf9CQkL/QkJC/0NDQ/9DQ0P/Q0ND/0JCQv9BQUH/QUFB/0BAQP9AQED/QEBA/0BAQP9BQUH/QUFB/0FBQf9CQkL/QUFB/0FBQf9BQUH/QEBA/0FBQf9BQUH/QUFB/0BAQP9BQUH/QkJC/0FBQf9AQED/QEBA/0BAQP9BQUH/QkJC/0JCQv9BQUH/QUFB/0FBQf9BQUH/QUFB/0BAQP9AQED/QEBA/0BAQP9AQED/QEBA/0JCQv9CQkL/RERE/0NDQ/9CQkL/QUFB/0JCQv9CQkL/RERE/0VFRf9DQ0P/QkJC/0FBQf8/Pz//Pj4+/zw8PP8+Pj7/QEBA/0BAQP9AQED/QEBA/z8/P/9AQED/QEBA/0FBQf9BQUH/QUFB/0NDQ/9ERET/Q0ND/0NDQ/9CQkL/QEBA/0JCQv9DQ0P/RUVF/0ZGRv9ISEj/SUlJ/0tLS/9PT0//T09P/01NTf9LS0v/RkZG/0RERP9DQ0P/QkJC/0NDQ/9DQ0P/Q0ND/0RERP9ERET/RERE/0NDQ/9CQkL/QUFB/z8/P/8/Pz//QEBA/0BAQP9AQED/QEBA/z8/P/8/Pz//Pz8//z8/P/9AQED/QEBA/z8/P/8+Pj7/Pz8//0FBQf9CQkL/Q0ND/0NDQ/9CQkL/QUFB/0BAQP9AQED/QUFB/0FBQf9CQkL/QkJC/0FBQf9AQED/Pz8//z8/P/9BQUH/Q0ND/0NDQ/9DQ0P/QkJC/0JCQv9BQUH/QUFB/0FBQf9AQED/QEBA/0FBQf9BQUH/QUFB/0FBQf9BQUH/QUFB/0FBQf9AQED/QUFB/0JCQv9BQUH/QEBA/0FBQf9CQkL/Q0ND/0RERP9ERET/Q0ND/0JCQv9CQkL/QkJC/0FBQf9AQED/Pz8//z8/P/9AQED/QUFB/0FBQf9AQED/QEBA/z8/P/9AQED/QUFB/0FBQf9DQ0P/Q0ND/0VFRf9ERET/QUFB/0BAQP9AQED/QEBA/z8/P/8/Pz//Pz8//z8/P/8/Pz//Pz8//0BAQP9AQED/QEBA/0BAQP9AQED/QUFB/0FBQf9AQED/Pz8//zw8PP88PDz/PT09/z4+Pv8/Pz//QEBA/0FBQf9CQkL/RUVF/0dHR/9UVFT/ZWVl/3Z2dv+Ojo7/g4OD/2tra/9gYGD/UlJS/0pKSv88PDz/Nzc3/zMzM/8xMTH/MDAw/y4uLv8pKSn/NjY2/zU1Nf80NDT/NTU1/zY2Nv82Njb/NTU1/zU1Nf80NDT/NDQ0/zQ0NP80NDT/NDQ0/zQ0NP82Njb/NjY2/zY2Nv81NTX/NTU1/zQ0NP80NDT/NDQ0/zU1Nf81NTX/NTU1/zQ0NP81NTX/NTU1/zU1Nf82Njb/Nzc3/zc3N/83Nzf/NjY2/zY2Nv81NTX/NTU1/zU1Nf82Njb/Nzc3/zc3N/83Nzf/NjY2/zc3N/84ODj/Nzc3/zY2Nv82Njb/NjY2/zY2Nv82Njb/NjY2/zY2Nv83Nzf/OTk5/zs7O/87Ozv/Ozs7/zo6Ov86Ojr/OTk5/zk5Of85OTn/ODg4/zg4OP85OTn/OTk5/zk5Of86Ojr/Ojo6/zo6Ov85OTn/OTk5/zg4OP83Nzf/Nzc3/zg4OP83Nzf/NjY2/zc3N/84ODj/ODg4/zk5Of85OTn/OTk5/zg4OP83Nzf/Nzc3/zc3N/83Nzf/Nzc3/zg4OP84ODj/ODg4/zc3N/83Nzf/Nzc3/zg4OP85OTn/Ojo6/zk5Of84ODj/ODg4/zg4OP84ODj/ODg4/zg4OP84ODj/OTk5/zk5Of85OTn/ODg4/zg4OP84ODj/OTk5/zk5Of86Ojr/Ojo6/zo6Ov87Ozv/Ozs7/zo6Ov84ODj/ODg4/zg4OP84ODj/ODg4/zk5Of86Ojr/Ozs7/zs7O/86Ojr/Ojo6/zk5Of85OTn/Ojo6/zo6Ov86Ojr/Ozs7/zs7O/87Ozv/PDw8/zs7O/87Ozv/Ozs7/zs7O/87Ozv/Ozs7/zs7O/87Ozv/Ozs7/zo6Ov86Ojr/Ozs7/zw8PP88PDz/Ozs7/zw8PP88PDz/PDw8/zs7O/87Ozv/Ozs7/zs7O/88PDz/PDw8/zw8PP88PDz/PDw8/zw8PP89PT3/Pj4+/z4+Pv8+Pj7/Pj4+/z4+Pv89PT3/Ozs7/zw8PP89PT3/Pj4+/z09Pf89PT3/PDw8/zs7O/87Ozv/Ozs7/zs7O/88PDz/PDw8/zw8PP88PDz/PDw8/zw8PP88PDz/PDw8/z09Pf89PT3/PT09/z4+Pv8+Pj7/Pj4+/z4+Pv8+Pj7/PT09/zw8PP89PT3/PT09/z09Pf88PDz/PT09/z09Pf8+Pj7/Pz8//z8/P/8+Pj7/Pj4+/z09Pf88PDz/Ozs7/zs7O/88PDz/PDw8/zw8PP88PDz/PDw8/z09Pf89PT3/PDw8/z09Pf89PT3/PT09/z4+Pv8+Pj7/Pj4+/z8/P/9AQED/QEBA/z4+Pv88PDz/Ozs7/zs7O/87Ozv/PDw8/zw8PP88PDz/PT09/z4+Pv8+Pj7/Pj4+/z4+Pv8/Pz//Pj4+/z4+Pv8+Pj7/Pj4+/z8/P/8+Pj7/Pj4+/z4+Pv8+Pj7/Pj4+/z09Pf89PT3/PT09/z09Pf89PT3/PT09/z09Pf89PT3/PT09/z09Pf89PT3/PDw8/zw8PP88PDz/PT09/z09Pf8/Pz//Pz8//z8/P/8+Pj7/Pj4+/z4+Pv8+Pj7/Pj4+/z4+Pv89PT3/Pj4+/z4+Pv8+Pj7/QEBA/0BAQP8/Pz//Pz8//z09Pf89PT3/Pj4+/z4+Pv8/Pz//Pz8//z8/P/8/Pz//Pz8//z8/P/8/Pz//QEBA/z8/P/89PT3/PT09/z09Pf8+Pj7/Pj4+/z8/P/8/Pz//Pz8//z4+Pv8+Pj7/Pj4+/z09Pf89PT3/PDw8/z4+Pv9AQED/Pz8//z4+Pv8+Pj7/PT09/zw8PP88PDz/Ozs7/zw8PP88PDz/PT09/z4+Pv88PDz/Ozs7/zs7O/8aGhr/GRkZ/xgYGP8ZGRn/Ghoa/xoaGv8aGhr/Ghoa/xoaGv8ZGRn/GRkZ/xkZGf8ZGRn/GRkZ/xkZGf8ZGRn/GRkZ/xgYGP8ZGRn/GRkZ/xoaGv8bGxv/Ghoa/xoaGv8aGhr/Ghoa/xoaGv8ZGRn/GRkZ/xkZGf8YGBj/GBgY/xcXF/8XFxf/FxcX/xgYGP8YGBj/FxcX/xUVFf8VFRX/FRUV/xcXF/8ZGRn/HBwc/yEhIf8hISH/ISEh/yAgIP8gICD/Hx8f/x4eHv8dHR3/HBwc/xwcHP8cHBz/HBwc/xwcHP8cHBz/HBwc/x0dHf8gICD/JiYm/yUlJf8kJCT/ISEh/xwcHP8cHBz/HR0d/yAgIP8lJSX/Jycn/yMjI/8hISH/ICAg/x8fH/8gICD/ISEh/yIiIv8kJCT/KCgo/y8vL/8wMDD/MTEx/y8vL/8rKyv/Kysr/ywsLP8sLCz/Li4u/y8vL/8uLi7/Li4u/zMzM/83Nzf/OTk5/zo6Ov81NTX/Li4u/zAwMP8zMzP/MjIy/zAwMP8uLi7/Kysr/ywsLP8vLy//MTEx/zc3N/85OTn/Nzc3/zY2Nv8yMjL/Ly8v/y8vL/8vLy//Ly8v/y4uLv8wMDD/MTEx/zMzM/81NTX/NTU1/zMzM/80NDT/NTU1/zY2Nv82Njb/NjY2/zU1Nf81NTX/Nzc3/zg4OP89PT3/QkJC/z09Pf84ODj/NjY2/zQ0NP84ODj/QEBA/0JCQv9CQkL/QkJC/0BAQP8+Pj7/PDw8/zo6Ov85OTn/ODg4/zs7O/89PT3/PDw8/zw8PP8/Pz//QUFB/0BAQP89PT3/Ozs7/zg4OP81NTX/MDAw/ywsLP8mJib/IyMj/x8fH/8cHBz/Gxsb/xkZGf8YGBj/FxcX/xYWFv8VFRX/FRUV/xQUFP8UFBT/FBQU/xUVFf8YGBj/GBgY/xcXF/8WFhb/EhIS/xEREf8QEBD/EBAQ/w8PD/8PDw//Dg4O/w0NDf8NDQ3/DQ0N/w4ODv8ODg7/Dg4O/w8PD/8PDw//Dw8P/xEREf8VFRX/HBwc/yoqKv8yMjL/Ojo6/z4+Pv8+Pj7/Pj4+/z8/P/9AQED/QkJC/0RERP9DQ0P/QkJC/0FBQf8/Pz//Pz8//z4+Pv8+Pj7/QEBA/0BAQP8/Pz//Pj4+/z09Pf88PDz/ODg4/zQ0NP81NTX/NTU1/zU1Nf82Njb/ODg4/zo6Ov89PT3/QkJC/0VFRf9KSkr/S0tL/0tLS/9ISEj/Pz8//zc3N/8nJyf/HR0d/xcXF/8SEhL/ERER/xAQEP8QEBD/EBAQ/xAQEP8QEBD/EBAQ/xAQEP8QEBD/Dw8P/w8PD/8QEBD/EBAQ/xAQEP8QEBD/EhIS/xQUFP8aGhr/ICAg/y0tLf88PDz/PDw8/zw8PP86Ojr/Nzc3/zY2Nv8zMzP/MzMz/zExMf8xMTH/MTEx/zExMf8xMTH/MTEx/zAwMP8vLy//MDAw/zExMf8xMTH/MTEx/zExMf8xMTH/MDAw/y8vL/8vLy//Ly8v/zAwMP8wMDD/MDAw/zAwMP8wMDD/MDAw/zAwMP8wMDD/MDAw/zAwMP8wMDD/MDAw/zExMf8xMTH/MDAw/zExMf8xMTH/MTEx/zExMf8xMTH/MTEx/zExMf8yMjL/MjIy/zMzM/8zMzP/MjIy/zIyMv8yMjL/MjIy/zMzM/80NDT/NTU1/zY2Nv82Njb/NjY2/zU1Nf81NTX/NDQ0/zMzM/8zMzP/MzMz/zQ0NP80NDT/NDQ0/zQ0NP80NDT/NTU1/yYmJv8jIyP/ICAg/x8fH/8fHx//LCws/0BAQP9paWn/srKy/6+vr/+Ojo7/c3Nz/z8/P/8rKyv/KCgo/yoqKv86Ojr/RUVF/z8/P/85OTn/ODg4/zc3N/86Ojr/Pj4+/0FBQf9FRUX/Q0ND/z4+Pv89PT3/PDw8/z09Pf8+Pj7/Pj4+/z09Pf89PT3/QkJC/0VFRf9ISEj/S0tL/0tLS/9LS0v/SEhI/0NDQ/9ERET/RkZG/z09Pf8tLS3/Jycn/yEhIf8eHh7/HBwc/xwcHP8dHR3/Hx8f/yUlJf8qKir/LS0t/zExMf8zMzP/Nzc3/zc3N/83Nzf/NjY2/zY2Nv81NTX/NDQ0/zMzM/8yMjL/MjIy/zIyMv8xMTH/LCws/ycnJ/8gICD/Ghoa/xsbG/8cHBz/HR0d/x8fH/8fHx//Hx8f/yQkJP8tLS3/Nzc3/0lJSf9NTU3/Tk5O/0pKSv88PDz/NDQ0/yoqKv8jIyP/ICAg/x8fH/8eHh7/Hh4e/x4eHv8fHx//Hx8f/x4eHv8qKir/Pz8//0tLS/9eXl7/YGBg/1paWv9ZWVn/XV1d/2BgYP9kZGT/ZmZm/2VlZf9jY2P/X19f/1tbW/9XV1f/UlJS/1NTU/9UVFT/VVVV/1hYWP9YWFj/Wlpa/1paWv9bW1v/Wlpa/1ZWVv9SUlL/TExM/0VFRf8zMzP/ISEh/xsbG/8VFRX/FRUV/xUVFf8WFhb/FxcX/xoaGv8eHh7/IiIi/ycnJ/8mJib/Hx8f/xwcHP8bGxv/Gxsb/x8fH/8iIiL/LCws/zU1Nf85OTn/PT09/0RERP9NTU3/Q0ND/zQ0NP8qKir/Gxsb/xgYGP8WFhb/GRkZ/yMjI/8qKir/NDQ0/zo6Ov8/Pz//QkJC/0FBQf9AQED/QkJC/0RERP9FRUX/RkZG/0JCQv89PT3/OTk5/zIyMv8tLS3/IyMj/x4eHv8XFxf/FBQU/xMTE/8UFBT/GBgY/xwcHP8mJib/MTEx/y4uLv8qKir/IiIi/xgYGP8YGBj/GBgY/x8fH/8tLS3/MzMz/zo6Ov89PT3/Pz8//0FBQf9GRkb/SEhI/0ZGRv9DQ0P/QUFB/z8/P/8+Pj7/PT09/z4+Pv8/Pz//OTk5/y8vL/8nJyf/GRkZ/xYWFv8TExP/FBQU/xYWFv8aGhr/JCQk/ykpKf8nJyf/JSUl/x4eHv8XFxf/FhYW/xUVFf8aGhr/IyMj/yoqKv82Njb/Ozs7/0FBQf9CQkL/Q0ND/0JCQv9BQUH/QEBA/z8/P/8+Pj7/PDw8/zo6Ov81NTX/MDAw/ykpKf8gICD/Gxsb/xMTE/8SEhL/ERER/xMTE/8WFhb/Gxsb/yYmJv8oKCj/JSUl/yIiIv8ZGRn/FBQU/xMTE/8SEhL/FxcX/xwcHP8hISH/Jycn/ygoKP8pKSn/KSkp/yoqKv8qKir/Kioq/ysrK/8tLS3/Li4u/y0tLf8rKyv/JiYm/yIiIv8cHBz/FhYW/xQUFP8SEhL/ERER/xAQEP8TExP/FxcX/x8fH/8tLS3/Ly8v/zExMf8rKyv/HBwc/xYWFv8SEhL/EBAQ/xAQEP8QEBD/ERER/xEREf8RERH/ERER/xISEv8TExP/FhYW/xoaGv8dHR3/ICAg/yAgIP8gICD/ICAg/yAgIP8gICD/ISEh/yIiIv8jIyP/JSUl/ysrK/8wMDD/MzMz/zc3N/85OTn/Ozs7/zIyMv8iIiL/HBwc/xMTE/8SEhL/EhIS/xUVFf8cHBz/Hx8f/yQkJP8nJyf/Kioq/ywsLP8sLCz/Ozs7/z09Pf8+Pj7/Pj4+/z4+Pv8/Pz//QEBA/0FBQf9CQkL/QkJC/0JCQv9CQkL/Q0ND/0NDQ/9CQkL/QUFB/0BAQP8/Pz//Pz8//z4+Pv9AQED/QkJC/0JCQv9CQkL/Q0ND/0RERP9DQ0P/QkJC/0JCQv9DQ0P/QkJC/0JCQv9BQUH/QEBA/0BAQP9AQED/QUFB/0FBQf9CQkL/QkJC/0JCQv9CQkL/QUFB/0JCQv9DQ0P/QkJC/0FBQf9AQED/QEBA/0BAQP9BQUH/QUFB/0FBQf9BQUH/QkJC/0JCQv9CQkL/QkJC/0NDQ/9DQ0P/QUFB/z8/P/8/Pz//Pj4+/0BAQP9CQkL/QkJC/0JCQv9CQkL/QUFB/0FBQf9BQUH/QUFB/0JCQv9DQ0P/QkJC/0FBQf9AQED/Pj4+/z8/P/8/Pz//Pz8//0BAQP9AQED/QEBA/0FBQf9BQUH/QUFB/0BAQP9AQED/QEBA/0BAQP9AQED/QEBA/0BAQP9AQED/QUFB/0JCQv9AQED/Pj4+/z8/P/9AQED/QUFB/0JCQv9CQkL/QUFB/0FBQf9AQED/QEBA/0BAQP9AQED/QEBA/0FBQf9CQkL/Q0ND/0NDQ/9DQ0P/QkJC/0BAQP9AQED/QEBA/0BAQP9AQED/QUFB/0JCQv9CQkL/QkJC/0JCQv9BQUH/QUFB/0BAQP9AQED/QEBA/0FBQf9BQUH/QEBA/0FBQf9BQUH/QUFB/0BAQP9AQED/QUFB/0FBQf9CQkL/QkJC/0BAQP9AQED/QEBA/0BAQP9AQED/QEBA/0BAQP9AQED/QEBA/z8/P/9AQED/QUFB/0JCQv9DQ0P/Q0ND/0FBQf9BQUH/QkJC/0JCQv9ERET/RUVF/0RERP9CQkL/QUFB/z8/P/8+Pj7/PDw8/z4+Pv8/Pz//QEBA/0BAQP9AQED/QEBA/0BAQP9BQUH/QUFB/0FBQf9BQUH/RERE/0VFRf9ERET/Q0ND/0JCQv9AQED/QkJC/0NDQ/9FRUX/R0dH/0tLS/9SUlL/WVlZ/2ZmZv9kZGT/Wlpa/1RUVP9KSkr/RkZG/0NDQ/9BQUH/QUFB/0FBQf9CQkL/RERE/0RERP9ERET/Q0ND/0JCQv9BQUH/Pz8//z8/P/9BQUH/QUFB/0BAQP9AQED/Pz8//z8/P/8/Pz//Pz8//z8/P/9AQED/Pz8//z8/P/9AQED/QUFB/0JCQv9ERET/Q0ND/0JCQv9BQUH/QEBA/0BAQP9AQED/QUFB/0JCQv9CQkL/QUFB/0BAQP9AQED/Pz8//0FBQf9CQkL/QkJC/0JCQv9CQkL/QkJC/0JCQv9BQUH/QUFB/0FBQf9BQUH/QUFB/0FBQf9AQED/QEBA/0BAQP9BQUH/QEBA/0BAQP9BQUH/QkJC/0FBQf9AQED/QUFB/0JCQv9CQkL/Q0ND/0NDQ/9BQUH/QUFB/0FBQf9BQUH/QEBA/0BAQP8/Pz//Pj4+/z8/P/9AQED/QEBA/0BAQP9AQED/Pz8//0BAQP9BQUH/QkJC/0NDQ/9ERET/RUVF/0RERP9BQUH/QEBA/0BAQP9AQED/Pz8//z8/P/8/Pz//Pj4+/z8/P/8/Pz//Pz8//0BAQP9AQED/QEBA/0BAQP9BQUH/QEBA/0BAQP8/Pz//PT09/zw8PP88PDz/PT09/z4+Pv8/Pz//QEBA/0BAQP89PT3/Ojo6/z4+Pv9DQ0P/Wlpa/3x8fP9sbGz/SUlJ/z4+Pv8zMzP/MTEx/zQ0NP81NTX/NTU1/zQ0NP8wMDD/LS0t/yoqKv82Njb/NTU1/zQ0NP81NTX/NjY2/zU1Nf81NTX/NDQ0/zMzM/80NDT/NDQ0/zQ0NP80NDT/NTU1/zY2Nv83Nzf/NjY2/zU1Nf81NTX/NDQ0/zQ0NP80NDT/NTU1/zU1Nf81NTX/NDQ0/zQ0NP80NDT/NTU1/zY2Nv82Njb/Nzc3/zc3N/82Njb/NjY2/zU1Nf80NDT/NTU1/zY2Nv82Njb/Nzc3/zc3N/82Njb/Nzc3/zg4OP83Nzf/NjY2/zY2Nv82Njb/NjY2/zY2Nv82Njb/Nzc3/zg4OP86Ojr/Ozs7/zs7O/87Ozv/Ojo6/zo6Ov85OTn/OTk5/zk5Of85OTn/OTk5/zk5Of85OTn/OTk5/zk5Of85OTn/OTk5/zk5Of85OTn/ODg4/zc3N/83Nzf/ODg4/zc3N/82Njb/Nzc3/zk5Of85OTn/ODg4/zg4OP85OTn/ODg4/zc3N/83Nzf/Nzc3/zc3N/84ODj/ODg4/zg4OP84ODj/ODg4/zc3N/84ODj/OTk5/zo6Ov86Ojr/Ojo6/zg4OP84ODj/ODg4/zg4OP83Nzf/Nzc3/zg4OP85OTn/OTk5/zk5Of85OTn/ODg4/zg4OP85OTn/OTk5/zo6Ov86Ojr/Ozs7/zs7O/88PDz/Ozs7/zk5Of84ODj/ODg4/zg4OP84ODj/OTk5/zo6Ov87Ozv/Ojo6/zo6Ov86Ojr/OTk5/zo6Ov86Ojr/Ojo6/zs7O/87Ozv/PDw8/zw8PP88PDz/Ozs7/zs7O/87Ozv/Ozs7/zs7O/87Ozv/Ozs7/zs7O/86Ojr/Ojo6/zo6Ov87Ozv/PDw8/zw8PP87Ozv/Ozs7/zw8PP88PDz/Ozs7/zs7O/87Ozv/Ozs7/zw8PP88PDz/PDw8/zw8PP88PDz/PT09/z09Pf8+Pj7/Pj4+/z8/P/8+Pj7/Pj4+/z09Pf87Ozv/PDw8/z09Pf89PT3/PT09/z09Pf88PDz/Ozs7/zs7O/87Ozv/Ozs7/zw8PP88PDz/PDw8/zw8PP88PDz/PDw8/zw8PP88PDz/PT09/z09Pf89PT3/PT09/z09Pf89PT3/Pj4+/z8/P/89PT3/PDw8/z09Pf89PT3/PT09/z09Pf89PT3/Pj4+/z8/P/9AQED/Pz8//z4+Pv89PT3/PDw8/zw8PP87Ozv/Ozs7/zw8PP88PDz/PDw8/zw8PP88PDz/PDw8/zw8PP88PDz/PDw8/z09Pf89PT3/Pj4+/z4+Pv8+Pj7/Pz8//0BAQP9AQED/Pj4+/zw8PP87Ozv/Ozs7/zs7O/87Ozv/PDw8/z09Pf89PT3/Pj4+/z4+Pv89PT3/Pj4+/z4+Pv8+Pj7/PT09/z09Pf8+Pj7/Pz8//z8/P/8/Pz//Pz8//z8/P/8+Pj7/Pj4+/z4+Pv89PT3/Pj4+/z4+Pv8+Pj7/PT09/z09Pf89PT3/PT09/z09Pf89PT3/PT09/zw8PP88PDz/PT09/z4+Pv8/Pz//Pj4+/z4+Pv8+Pj7/Pj4+/z4+Pv8+Pj7/Pj4+/z4+Pv8+Pj7/Pj4+/z8/P/9AQED/QEBA/z8/P/8+Pj7/Pj4+/z09Pf8+Pj7/Pz8//0BAQP9AQED/QEBA/0BAQP8/Pz//Pz8//z8/P/9AQED/Pz8//z09Pf89PT3/Pj4+/z4+Pv8/Pz//Pz8//z8/P/8+Pj7/Pj4+/z4+Pv89PT3/PT09/z09Pf89PT3/Pj4+/0BAQP9AQED/Pz8//z8/P/89PT3/PT09/zw8PP87Ozv/PDw8/zw8PP8+Pj7/Pz8//z4+Pv89PT3/PDw8/xoaGv8ZGRn/GBgY/xkZGf8aGhr/Ghoa/xsbG/8aGhr/Ghoa/xkZGf8ZGRn/GRkZ/xkZGf8ZGRn/Ghoa/xoaGv8ZGRn/GBgY/xkZGf8ZGRn/GRkZ/xoaGv8aGhr/Ghoa/xoaGv8aGhr/Ghoa/xkZGf8ZGRn/GBgY/xgYGP8XFxf/FxcX/xcXF/8XFxf/GBgY/xgYGP8XFxf/FRUV/xUVFf8VFRX/FxcX/xoaGv8dHR3/IiIi/yIiIv8hISH/ISEh/x8fH/8eHh7/HR0d/x0dHf8cHBz/HBwc/xwcHP8cHBz/HBwc/xwcHP8cHBz/HR0d/yEhIf8nJyf/Jycn/yUlJf8iIiL/HR0d/xwcHP8eHh7/ICAg/yYmJv8oKCj/JCQk/yEhIf8gICD/Hx8f/x8fH/8gICD/ICAg/yEhIf8mJib/LS0t/y4uLv8wMDD/Li4u/ykpKf8pKSn/KCgo/yoqKv8uLi7/Ly8v/y4uLv8uLi7/MjIy/zY2Nv82Njb/Nzc3/zMzM/8uLi7/MDAw/zQ0NP8zMzP/MjIy/zAwMP8tLS3/LS0t/y8vL/8xMTH/NjY2/zg4OP83Nzf/NTU1/zExMf8uLi7/LS0t/y0tLf8tLS3/LCws/y4uLv8wMDD/MjIy/zY2Nv82Njb/NTU1/zU1Nf82Njb/Nzc3/zc3N/83Nzf/Nzc3/zc3N/85OTn/Ozs7/z8/P/9CQkL/Pj4+/zc3N/81NTX/MjIy/zY2Nv8+Pj7/Pz8//0FBQf9BQUH/QEBA/z8/P/89PT3/PDw8/zg4OP82Njb/OTk5/zw8PP89PT3/Pj4+/0BAQP9DQ0P/QkJC/z8/P/89PT3/OTk5/zY2Nv8vLy//Kioq/yQkJP8gICD/HR0d/xsbG/8aGhr/GRkZ/xgYGP8XFxf/FhYW/xUVFf8UFBT/FBQU/xQUFP8UFBT/FRUV/xgYGP8YGBj/FxcX/xYWFv8SEhL/ERER/xAQEP8QEBD/Dw8P/w8PD/8ODg7/DQ0N/w0NDf8NDQ3/Dg4O/w4ODv8ODg7/Dw8P/w8PD/8PDw//ERER/xYWFv8dHR3/LCws/zQ0NP87Ozv/QEBA/0BAQP9BQUH/QkJC/0JCQv9DQ0P/RUVF/0RERP9DQ0P/QkJC/z8/P/8+Pj7/PDw8/zw8PP8/Pz//QEBA/z8/P/8/Pz//Pj4+/zw8PP84ODj/NDQ0/zQ0NP80NDT/NDQ0/zU1Nf82Njb/ODg4/zs7O/9BQUH/RERE/0lJSf9KSkr/S0tL/0hISP8/Pz//Nzc3/ygoKP8eHh7/FxcX/xISEv8RERH/EBAQ/xAQEP8QEBD/EBAQ/xAQEP8QEBD/EBAQ/xAQEP8PDw//Dw8P/xAQEP8QEBD/EBAQ/xAQEP8SEhL/FBQU/xoaGv8gICD/LS0t/zs7O/87Ozv/PDw8/zo6Ov83Nzf/NjY2/zQ0NP8zMzP/MjIy/zIyMv8yMjL/MjIy/zIyMv8yMjL/MTEx/zAwMP8xMTH/MjIy/zExMf8xMTH/MTEx/zAwMP8wMDD/Ly8v/y8vL/8vLy//Ly8v/zAwMP8wMDD/MDAw/zAwMP8wMDD/MDAw/zAwMP8wMDD/MDAw/zAwMP8wMDD/MTEx/zAwMP8wMDD/MDAw/zExMf8xMTH/MTEx/zExMf8xMTH/MjIy/zIyMv8yMjL/MzMz/zMzM/8yMjL/MjIy/zIyMv8yMjL/MzMz/zQ0NP80NDT/NjY2/zY2Nv82Njb/NTU1/zU1Nf80NDT/MzMz/zMzM/8zMzP/NDQ0/zQ0NP80NDT/MzMz/zMzM/80NDT/MzMz/y0tLf8lJSX/IiIi/x4eHv8jIyP/Kysr/zo6Ov9UVFT/UlJS/0RERP86Ojr/Jycn/yEhIf8mJib/LCws/z09Pf9JSUn/QkJC/zs7O/88PDz/PT09/0JCQv9ISEj/S0tL/05OTv9NTU3/SUlJ/0ZGRv9CQkL/QkJC/0RERP9ERET/QEBA/z4+Pv9CQkL/RUVF/0RERP9DQ0P/RERE/0VFRf9ERET/Q0ND/z8/P/85OTn/MTEx/yMjI/8fHx//HBwc/xwcHP8cHBz/HR0d/yIiIv8lJSX/Kysr/zAwMP8yMjL/NDQ0/zY2Nv85OTn/OTk5/zk5Of84ODj/Nzc3/zY2Nv81NTX/NTU1/zU1Nf81NTX/NTU1/zQ0NP8uLi7/Kioq/yIiIv8cHBz/HBwc/x0dHf8eHh7/Hx8f/yMjI/8oKCj/NjY2/0xMTP9tbW3/rKys/7m5uf+7u7v/rKys/3p6ev9eXl7/Q0ND/zIyMv8pKSn/ISEh/x4eHv8cHBz/HBwc/xwcHP8dHR3/Hx8f/ywsLP9ERET/UVFR/2ZmZv9oaGj/ZGRk/2FhYf9eXl7/XV1d/15eXv9fX1//X19f/15eXv9eXl7/XV1d/1xcXP9aWlr/XFxc/19fX/9gYGD/Y2Nj/2RkZP9lZWX/ZWVl/2NjY/9gYGD/WVlZ/1VVVf9PT0//SEhI/zU1Nf8iIiL/HBwc/xYWFv8VFRX/FBQU/xUVFf8WFhb/GRkZ/x4eHv8iIiL/KSkp/ygoKP8hISH/Hh4e/xwcHP8cHBz/ICAg/yQkJP8zMzP/QkJC/0JCQv9DQ0P/R0dH/0xMTP9CQkL/MzMz/yoqKv8bGxv/GBgY/xUVFf8WFhb/Gxsb/x8fH/8mJib/Kioq/ywsLP8uLi7/Li4u/y8vL/8wMDD/MTEx/zExMf8xMTH/MDAw/y0tLf8rKyv/Jycn/yMjI/8cHBz/GBgY/xQUFP8TExP/EhIS/xMTE/8YGBj/HR0d/ykpKf80NDT/MTEx/y0tLf8lJSX/Ghoa/xsbG/8dHR3/JCQk/zMzM/84ODj/Pz8//0FBQf9AQED/QUFB/0NDQ/9FRUX/RUVF/0VFRf9GRkb/SEhI/0JCQv88PDz/Ozs7/zs7O/80NDT/KSkp/yIiIv8XFxf/FRUV/xMTE/8TExP/FhYW/xsbG/8mJib/LCws/ykpKf8nJyf/Hh4e/xYWFv8UFBT/ExMT/xUVFf8YGBj/HBwc/yIiIv8lJSX/Kioq/yoqKv8rKyv/Kysr/ysrK/8qKir/KSkp/ygoKP8nJyf/JSUl/yIiIv8fHx//HBwc/xcXF/8VFRX/ExMT/xMTE/8SEhL/ExMT/xcXF/8cHBz/Jycn/ykpKf8lJSX/ISEh/xkZGf8UFBT/EhIS/xEREf8TExP/FBQU/xcXF/8aGhr/Gxsb/xwcHP8cHBz/HR0d/x0dHf8cHBz/HBwc/x0dHf8dHR3/HR0d/x0dHf8aGhr/GBgY/xUVFf8TExP/ExMT/xMTE/8SEhL/ERER/xMTE/8XFxf/ICAg/y4uLv8wMDD/MTEx/ysrK/8dHR3/FhYW/xISEv8QEBD/EBAQ/xEREf8RERH/ERER/xEREf8RERH/ExMT/xQUFP8YGBj/HR0d/x8fH/8gICD/ICAg/x8fH/8fHx//Hx8f/x8fH/8fHx//Hx8f/yEhIf8kJCT/LS0t/zY2Nv84ODj/Ojo6/zo6Ov86Ojr/MDAw/yEhIf8bGxv/FBQU/xISEv8RERH/ExMT/xkZGf8cHBz/ICAg/yIiIv8jIyP/JCQk/yQkJP88PDz/Pj4+/z8/P/8/Pz//Pz8//z8/P/9BQUH/QkJC/0RERP9ERET/RERE/0NDQ/9DQ0P/Q0ND/0RERP9ERET/QUFB/0BAQP9AQED/QEBA/0FBQf9CQkL/QkJC/0FBQf9DQ0P/RUVF/0RERP9CQkL/QkJC/0JCQv9CQkL/QkJC/0NDQ/9DQ0P/Q0ND/0JCQv9CQkL/QkJC/0FBQf9BQUH/QUFB/0FBQf9CQkL/QkJC/0JCQv9BQUH/QEBA/z8/P/8/Pz//Pz8//0BAQP9AQED/QEBA/0BAQP9AQED/Pz8//z8/P/8/Pz//QEBA/0BAQP8/Pz//Pj4+/z8/P/9AQED/QUFB/0FBQf9BQUH/QUFB/0FBQf9BQUH/QUFB/0FBQf9CQkL/QkJC/0JCQv9CQkL/QkJC/0FBQf9AQED/QUFB/0FBQf9CQkL/Q0ND/0NDQ/9CQkL/QkJC/0JCQv9CQkL/QUFB/0FBQf9AQED/QEBA/0FBQf9CQkL/Q0ND/0NDQ/9ERET/RERE/0JCQv9AQED/QEBA/0BAQP9AQED/QUFB/0FBQf9AQED/QEBA/0BAQP8/Pz//Pz8//z8/P/9AQED/QEBA/0JCQv9ERET/Q0ND/0NDQ/9CQkL/QkJC/0JCQv9CQkL/QkJC/0JCQv9BQUH/QUFB/0FBQf9BQUH/QEBA/0BAQP9AQED/Pz8//z4+Pv9AQED/QkJC/0FBQf9AQED/QEBA/0BAQP9AQED/Pz8//0BAQP9AQED/QEBA/0FBQf9AQED/Pz8//z8/P/8/Pz//Pz8//0BAQP9AQED/QEBA/0BAQP9AQED/Pz8//z8/P/9AQED/QUFB/0FBQf9BQUH/QEBA/0BAQP9BQUH/QUFB/0JCQv9CQkL/QUFB/0FBQf9AQED/QEBA/z8/P/8+Pj7/Pz8//0FBQf9BQUH/QEBA/0BAQP8/Pz//QEBA/0FBQf9BQUH/QUFB/0FBQf9DQ0P/Q0ND/0NDQ/9CQkL/QkJC/0JCQv9DQ0P/RERE/0dHR/9KSkr/WVlZ/29vb/+Hh4f/srKy/6mpqf+Dg4P/b29v/1ZWVv9KSkr/RUVF/0JCQv9BQUH/QEBA/0JCQv9ERET/RERE/0RERP9DQ0P/Q0ND/0JCQv9AQED/QUFB/0JCQv9CQkL/QEBA/0BAQP9AQED/QEBA/0BAQP9AQED/QEBA/0BAQP9AQED/QUFB/0FBQf9BQUH/QkJC/0RERP9ERET/Q0ND/0JCQv9BQUH/QEBA/z8/P/8/Pz//QUFB/0FBQf9BQUH/QUFB/0FBQf9AQED/QEBA/z8/P/8/Pz//Pz8//0BAQP9CQkL/QkJC/0FBQf9BQUH/QEBA/0BAQP9AQED/QEBA/0BAQP8/Pz//Pz8//0BAQP9BQUH/QUFB/0FBQf9BQUH/QEBA/z8/P/9AQED/QEBA/0BAQP9AQED/Pz8//z4+Pv8/Pz//QEBA/0BAQP8/Pz//Pz8//z8/P/8/Pz//Pz8//z8/P/9AQED/QEBA/0BAQP9AQED/QEBA/0BAQP9BQUH/Q0ND/0NDQ/9CQkL/QkJC/0JCQv9BQUH/QUFB/0FBQf9AQED/Pz8//z8/P/8/Pz//QEBA/0BAQP8/Pz//Pj4+/z4+Pv8+Pj7/Pj4+/z8/P/8/Pz//Pz8//z8/P/8/Pz//Pz8//z4+Pv8+Pj7/Pj4+/z4+Pv89PT3/PT09/zY2Nv8uLi7/Ly8v/zAwMP83Nzf/QEBA/z09Pf80NDT/NTU1/zk5Of8/Pz//SkpK/01NTf9JSUn/RUVF/z4+Pv85OTn/NjY2/zU1Nf81NTX/NTU1/zU1Nf81NTX/NTU1/zQ0NP80NDT/NDQ0/zU1Nf81NTX/NjY2/zY2Nv82Njb/Nzc3/zc3N/82Njb/NTU1/zU1Nf81NTX/NTU1/zU1Nf81NTX/NjY2/zU1Nf81NTX/NTU1/zU1Nf82Njb/NjY2/zY2Nv82Njb/NjY2/zY2Nv81NTX/NDQ0/zQ0NP81NTX/NjY2/zY2Nv82Njb/NjY2/zc3N/83Nzf/ODg4/zg4OP84ODj/Nzc3/zY2Nv82Njb/Nzc3/zc3N/83Nzf/ODg4/zk5Of85OTn/Ojo6/zo6Ov85OTn/ODg4/zg4OP84ODj/OTk5/zo6Ov86Ojr/Ozs7/zs7O/87Ozv/Ojo6/zg4OP83Nzf/Nzc3/zc3N/83Nzf/Nzc3/zc3N/83Nzf/NjY2/zU1Nf82Njb/ODg4/zc3N/82Njb/NjY2/zc3N/83Nzf/ODg4/zg4OP84ODj/ODg4/zk5Of85OTn/ODg4/zc3N/83Nzf/ODg4/zk5Of86Ojr/Ojo6/zs7O/86Ojr/Ojo6/zk5Of84ODj/ODg4/zg4OP84ODj/ODg4/zg4OP85OTn/Ojo6/zk5Of85OTn/OTk5/zg4OP85OTn/Ojo6/zo6Ov86Ojr/Ojo6/zo6Ov86Ojr/OTk5/zk5Of84ODj/ODg4/zk5Of86Ojr/Ojo6/zo6Ov86Ojr/Ojo6/zo6Ov86Ojr/Ozs7/zs7O/87Ozv/Ojo6/zs7O/88PDz/PDw8/zs7O/86Ojr/OTk5/zk5Of87Ozv/PDw8/zs7O/87Ozv/OTk5/zg4OP85OTn/OTk5/zo6Ov87Ozv/Ozs7/zs7O/87Ozv/Ozs7/zs7O/87Ozv/Ozs7/zs7O/87Ozv/Ojo6/zo6Ov86Ojr/OTk5/zo6Ov87Ozv/PDw8/z09Pf89PT3/PT09/z09Pf89PT3/PT09/zs7O/87Ozv/PDw8/zw8PP88PDz/PDw8/zw8PP88PDz/Ozs7/zs7O/87Ozv/Ozs7/zs7O/88PDz/PT09/z4+Pv89PT3/PDw8/zw8PP88PDz/PDw8/zw8PP88PDz/PDw8/z09Pf8+Pj7/Pj4+/z4+Pv8+Pj7/Pj4+/z4+Pv8+Pj7/Pj4+/z4+Pv8+Pj7/Pj4+/z4+Pv8+Pj7/PT09/z09Pf89PT3/PT09/zw8PP88PDz/PT09/z4+Pv8+Pj7/Pj4+/zw8PP87Ozv/Ozs7/zs7O/87Ozv/PDw8/zw8PP89PT3/PT09/z8/P/9AQED/QkJC/0JCQv9AQED/Pz8//z4+Pv89PT3/PT09/z09Pf8+Pj7/Pz8//z8/P/8/Pz//Pz8//z4+Pv8+Pj7/Pj4+/z4+Pv89PT3/PT09/z09Pf89PT3/PT09/z4+Pv8+Pj7/Pj4+/z4+Pv8+Pj7/Pj4+/z4+Pv8+Pj7/Pj4+/z4+Pv8+Pj7/Pj4+/z4+Pv8+Pj7/Pj4+/z4+Pv8+Pj7/Pj4+/z4+Pv8+Pj7/Pj4+/z4+Pv8+Pj7/PT09/z09Pf89PT3/Pj4+/z8/P/8/Pz//Pj4+/z4+Pv8+Pj7/Pz8//0BAQP8/Pz//Pj4+/z4+Pv8+Pj7/Pj4+/z8/P/9AQED/QEBA/0BAQP8/Pz//Pz8//z4+Pv8+Pj7/Pj4+/z4+Pv8+Pj7/Pj4+/z4+Pv8+Pj7/Pj4+/z4+Pv89PT3/PT09/z09Pf89PT3/PT09/z09Pf89PT3/Pz8//0BAQP9BQUH/QUFB/0FBQf9BQUH/QEBA/z8/P/8+Pj7/PT09/zw8PP88PDz/PDw8/z09Pf8+Pj7/Pj4+/z4+Pv89PT3/GRkZ/xkZGf8ZGRn/GRkZ/xkZGf8ZGRn/Ghoa/xkZGf8ZGRn/GBgY/xgYGP8YGBj/GRkZ/xkZGf8aGhr/Ghoa/xoaGv8ZGRn/Ghoa/xoaGv8aGhr/GRkZ/xkZGf8ZGRn/GRkZ/xkZGf8ZGRn/GRkZ/xkZGf8YGBj/GBgY/xgYGP8YGBj/FxcX/xcXF/8XFxf/FxcX/xcXF/8WFhb/FxcX/xcXF/8aGhr/HR0d/yEhIf8mJib/JSUl/yMjI/8hISH/Hx8f/x4eHv8dHR3/HR0d/x0dHf8dHR3/HBwc/xwcHP8cHBz/Gxsb/xwcHP8eHh7/IyMj/yoqKv8pKSn/KSkp/yUlJf8eHh7/HR0d/x4eHv8gICD/JiYm/ycnJ/8jIyP/ISEh/x8fH/8eHh7/Hx8f/yAgIP8fHx//Hh4e/yAgIP8jIyP/JSUl/ygoKP8pKSn/Kysr/ysrK/8qKir/Kysr/y8vL/8wMDD/Ly8v/y4uLv8vLy//MDAw/zAwMP8wMDD/MDAw/y8vL/8wMDD/MTEx/zExMf8vLy//Li4u/ywsLP8sLCz/LS0t/y8vL/8xMTH/MTEx/y8vL/8tLS3/Kysr/ygoKP8pKSn/Kioq/ykpKf8pKSn/Kioq/yoqKv8uLi7/NTU1/zU1Nf80NDT/NDQ0/zQ0NP81NTX/Ojo6/zw8PP89PT3/PT09/z4+Pv8+Pj7/Pz8//0BAQP88PDz/ODg4/zY2Nv80NDT/NjY2/zk5Of85OTn/OTk5/zs7O/8/Pz//QkJC/0dHR/9HR0f/PDw8/zU1Nf82Njb/Nzc3/z09Pf9DQ0P/QkJC/0JCQv9AQED/PT09/zs7O/84ODj/NDQ0/ysrK/8nJyf/ICAg/x4eHv8cHBz/Ghoa/xkZGf8YGBj/FxcX/xYWFv8VFRX/FBQU/xMTE/8TExP/ExMT/xMTE/8UFBT/FhYW/xYWFv8VFRX/ExMT/xEREf8QEBD/Dw8P/w4ODv8ODg7/Dg4O/w4ODv8ODg7/Dg4O/w4ODv8ODg7/Dg4O/w4ODv8ODg7/Dg4O/w8PD/8RERH/FhYW/x4eHv8uLi7/Nzc3/z4+Pv9CQkL/Q0ND/0VFRf9GRkb/R0dH/0hISP9ISEj/RkZG/0JCQv9AQED/PDw8/zs7O/85OTn/Ojo6/z09Pf8+Pj7/QEBA/0BAQP8/Pz//PT09/zg4OP80NDT/NDQ0/zQ0NP80NDT/NDQ0/zQ0NP81NTX/OTk5/z8/P/9CQkL/SEhI/0lJSf9MTEz/SUlJ/0BAQP85OTn/KSkp/x8fH/8XFxf/ERER/xAQEP8PDw//Dw8P/w8PD/8PDw//Dw8P/xAQEP8QEBD/EBAQ/w8PD/8PDw//Dw8P/w8PD/8QEBD/EBAQ/xISEv8TExP/Ghoa/yAgIP8tLS3/Ozs7/zs7O/87Ozv/OTk5/zY2Nv81NTX/MzMz/zIyMv8wMDD/MDAw/zAwMP8wMDD/MTEx/zExMf8xMTH/MTEx/zExMf8xMTH/MTEx/zExMf8xMTH/MTEx/zExMf8wMDD/MDAw/zAwMP8wMDD/MTEx/zExMf8xMTH/MTEx/zExMf8xMTH/MDAw/zAwMP8wMDD/MDAw/zAwMP8wMDD/Ly8v/y8vL/8wMDD/MTEx/zIyMv8zMzP/MzMz/zMzM/8zMzP/MzMz/zMzM/8yMjL/MjIy/zMzM/8zMzP/MzMz/zMzM/8zMzP/MjIy/zMzM/80NDT/NDQ0/zQ0NP80NDT/NDQ0/zMzM/8yMjL/MjIy/zIyMv8yMjL/MzMz/zMzM/8zMzP/MjIy/zQ0NP85OTn/MjIy/ykpKf8lJSX/Hx8f/yAgIP8hISH/JCQk/ykpKf8oKCj/IyMj/yAgIP8cHBz/HR0d/yUlJf8tLS3/QEBA/01NTf9FRUX/Pj4+/z8/P/9BQUH/RkZG/01NTf9PT0//UlJS/1BQUP9OTk7/S0tL/0ZGRv9FRUX/SEhI/0dHR/9CQkL/QEBA/0NDQ/9GRkb/Q0ND/0BAQP9BQUH/QkJC/0JCQv9DQ0P/PT09/zQ0NP8sLCz/Hh4e/xsbG/8aGhr/Ghoa/xwcHP8eHh7/JSUl/ykpKf8uLi7/MzMz/zQ0NP82Njb/ODg4/zo6Ov86Ojr/Ojo6/zk5Of84ODj/Nzc3/zU1Nf81NTX/NjY2/zc3N/82Njb/NTU1/y8vL/8qKir/IyMj/x0dHf8dHR3/HR0d/x4eHv8gICD/JiYm/y4uLv8+Pj7/WFhY/4KCgv/Q0ND/4uLi/+fn5//T09P/k5OT/29vb/9PT0//OTk5/y0tLf8jIyP/Hx8f/xsbG/8bGxv/Gxsb/xwcHP8fHx//Li4u/0hISP9VVVX/ampq/2xsbP9oaGj/ZGRk/15eXv9bW1v/W1tb/1xcXP9cXFz/XFxc/11dXf9eXl7/X19f/19fX/9hYWH/ZGRk/2VlZf9nZ2f/aWlp/2pqav9qamr/Z2dn/2NjY/9cXFz/V1dX/1FRUf9KSkr/NjY2/yMjI/8dHR3/FhYW/xUVFf8UFBT/FRUV/xYWFv8ZGRn/Hh4e/yIiIv8pKSn/KCgo/yEhIf8eHh7/HBwc/xwcHP8iIiL/Jycn/zc3N/9HR0f/SEhI/0pKSv9LS0v/TU1N/0JCQv8yMjL/KSkp/xsbG/8YGBj/FRUV/xYWFv8ZGRn/Gxsb/x8fH/8hISH/IyMj/yQkJP8lJSX/JiYm/yYmJv8mJib/JiYm/yYmJv8mJib/JSUl/yMjI/8hISH/Hh4e/xgYGP8WFhb/ExMT/xISEv8SEhL/ExMT/xgYGP8dHR3/Kioq/zY2Nv8zMzP/Ly8v/yYmJv8bGxv/HBwc/yAgIP8nJyf/NTU1/zk5Of8/Pz//Pz8//z09Pf89PT3/Pj4+/z8/P/9AQED/QUFB/0RERP9HR0f/QEBA/zg4OP83Nzf/NjY2/y8vL/8kJCT/Hx8f/xYWFv8UFBT/EhIS/xMTE/8XFxf/Gxsb/yYmJv8tLS3/Kioq/ycnJ/8eHh7/FRUV/xQUFP8SEhL/ExMT/xQUFP8WFhb/GRkZ/xsbG/8eHh7/Hx8f/x8fH/8fHx//Hx8f/x8fH/8eHh7/HR0d/xwcHP8bGxv/GRkZ/xcXF/8VFRX/ExMT/xMTE/8TExP/EhIS/xISEv8UFBT/FxcX/xwcHP8oKCj/KSkp/yQkJP8gICD/GRkZ/xQUFP8SEhL/ERER/xEREf8RERH/ExMT/xUVFf8VFRX/FRUV/xYWFv8WFhb/FhYW/xYWFv8WFhb/FhYW/xYWFv8WFhb/FhYW/xUVFf8UFBT/EhIS/xEREf8SEhL/ExMT/xISEv8RERH/FBQU/xgYGP8gICD/Ly8v/zExMf8xMTH/Kysr/x0dHf8XFxf/EhIS/xAQEP8RERH/ERER/xEREf8RERH/ERER/xEREf8TExP/FRUV/xkZGf8fHx//ICAg/yEhIf8gICD/Hh4e/x4eHv8eHh7/Hh4e/x4eHv8fHx//ICAg/yMjI/8tLS3/Nzc3/zk5Of87Ozv/Ojo6/zk5Of8wMDD/ISEh/xsbG/8UFBT/EhIS/xEREf8SEhL/FxcX/xoaGv8dHR3/Hx8f/x8fH/8gICD/ICAg/z09Pf8+Pj7/Pz8//z8/P/8/Pz//QEBA/0FBQf9CQkL/RUVF/0VFRf9ERET/RERE/0NDQ/9DQ0P/RERE/0RERP9CQkL/QEBA/0BAQP9BQUH/QUFB/0JCQv9BQUH/QUFB/0JCQv9ERET/RERE/0JCQv9BQUH/QUFB/0FBQf9CQkL/Q0ND/0RERP9ERET/Q0ND/0NDQ/9CQkL/QUFB/0FBQf9BQUH/QkJC/0JCQv9CQkL/QUFB/0FBQf9AQED/Pz8//z8/P/9AQED/QEBA/0BAQP9AQED/QEBA/z8/P/8+Pj7/Pj4+/z4+Pv8/Pz//Pz8//z8/P/8+Pj7/Pz8//0FBQf9BQUH/QUFB/0FBQf9BQUH/QUFB/0FBQf9BQUH/QkJC/0JCQv9CQkL/QkJC/0JCQv9CQkL/QUFB/0FBQf9BQUH/QkJC/0JCQv9ERET/Q0ND/0NDQ/9CQkL/QkJC/0JCQv9BQUH/QUFB/0BAQP9AQED/QkJC/0NDQ/9ERET/RUVF/0VFRf9FRUX/Q0ND/0FBQf9AQED/QEBA/0BAQP9BQUH/QUFB/0BAQP9AQED/Pz8//z8/P/8/Pz//Pz8//0BAQP9AQED/QkJC/0RERP9DQ0P/Q0ND/0JCQv9CQkL/QkJC/0NDQ/9DQ0P/QkJC/0JCQv9BQUH/QUFB/0BAQP9AQED/QEBA/0BAQP8/Pz//PT09/0BAQP9DQ0P/QkJC/0BAQP9AQED/Pz8//z8/P/8/Pz//Pz8//0BAQP9AQED/QEBA/0BAQP8/Pz//Pj4+/z8/P/8/Pz//QEBA/0BAQP9AQED/QEBA/0BAQP8/Pz//Pz8//0BAQP9AQED/QEBA/0BAQP9AQED/QEBA/0FBQf9BQUH/QUFB/0FBQf9AQED/QEBA/0BAQP9AQED/QEBA/z8/P/9AQED/QkJC/0FBQf9AQED/QEBA/z8/P/9AQED/QUFB/0FBQf9BQUH/QUFB/0JCQv9DQ0P/QkJC/0JCQv9CQkL/Q0ND/0NDQ/9ERET/SEhI/05OTv9iYmL/hISE/6Kiov/V1dX/x8fH/5OTk/95eXn/WVlZ/0tLS/9ERET/QUFB/0BAQP8/Pz//QkJC/0VFRf9ISEj/S0tL/0hISP9FRUX/Q0ND/0FBQf9BQUH/QkJC/0JCQv9AQED/QEBA/0BAQP9AQED/QEBA/0FBQf9AQED/QEBA/0FBQf9CQkL/QUFB/0FBQf9CQkL/RERE/0NDQ/9DQ0P/QkJC/0FBQf9AQED/Pz8//z8/P/9AQED/QUFB/0FBQf9BQUH/QUFB/0FBQf9AQED/Pz8//z4+Pv8+Pj7/Pz8//0JCQv9BQUH/QUFB/0FBQf9AQED/QEBA/0BAQP9AQED/Pz8//z8/P/8/Pz//Pz8//0FBQf9CQkL/QUFB/0FBQf9AQED/Pz8//z8/P/9AQED/Pz8//z4+Pv8+Pj7/Pj4+/z4+Pv8/Pz//Pz8//z8/P/8/Pz//QEBA/0BAQP9AQED/Pz8//0BAQP9AQED/QEBA/0BAQP9AQED/QEBA/0FBQf9DQ0P/QkJC/0FBQf9BQUH/QkJC/0JCQv9CQkL/QUFB/0BAQP8/Pz//Pz8//z8/P/9AQED/QUFB/z8/P/89PT3/PT09/z09Pf8+Pj7/Pz8//z8/P/8+Pj7/Pj4+/0BAQP9AQED/Pz8//z8/P/8+Pj7/PT09/zw8PP87Ozv/MjIy/ykpKf8oKCj/Jycn/ycnJ/8mJib/KCgo/y0tLf80NDT/QkJC/0xMTP9cXFz/X19f/1VVVf9OTk7/RkZG/z8/P/88PDz/NTU1/zY2Nv82Njb/NjY2/zU1Nf81NTX/NDQ0/zQ0NP81NTX/NTU1/zY2Nv82Njb/NjY2/zc3N/83Nzf/NjY2/zU1Nf81NTX/NTU1/zY2Nv81NTX/NTU1/zU1Nf82Njb/NTU1/zU1Nf81NTX/NjY2/zY2Nv82Njb/NjY2/zY2Nv82Njb/NTU1/zU1Nf80NDT/NDQ0/zU1Nf82Njb/NjY2/zY2Nv82Njb/Nzc3/zc3N/84ODj/ODg4/zg4OP83Nzf/NjY2/zY2Nv83Nzf/Nzc3/zg4OP84ODj/ODg4/zg4OP85OTn/Ojo6/zg4OP83Nzf/Nzc3/zg4OP85OTn/Ojo6/zo6Ov87Ozv/Ozs7/zs7O/86Ojr/Nzc3/zY2Nv82Njb/NjY2/zc3N/83Nzf/Nzc3/zY2Nv82Njb/NTU1/zY2Nv84ODj/Nzc3/zU1Nf81NTX/NjY2/zY2Nv84ODj/ODg4/zk5Of85OTn/OTk5/zk5Of84ODj/Nzc3/zg4OP84ODj/OTk5/zo6Ov86Ojr/Ozs7/zo6Ov86Ojr/OTk5/zg4OP84ODj/ODg4/zg4OP84ODj/ODg4/zk5Of86Ojr/OTk5/zk5Of85OTn/ODg4/zk5Of86Ojr/Ojo6/zo6Ov86Ojr/Ojo6/zo6Ov85OTn/OTk5/zg4OP84ODj/Ojo6/zo6Ov86Ojr/Ojo6/zo6Ov86Ojr/Ojo6/zs7O/87Ozv/Ozs7/zo6Ov86Ojr/Ozs7/zw8PP87Ozv/Ozs7/zo6Ov85OTn/OTk5/zs7O/88PDz/Ozs7/zs7O/85OTn/Nzc3/zg4OP85OTn/Ojo6/zs7O/87Ozv/Ozs7/zs7O/87Ozv/Ozs7/zs7O/87Ozv/Ozs7/zs7O/86Ojr/OTk5/zk5Of84ODj/OTk5/zo6Ov87Ozv/PDw8/zw8PP88PDz/PDw8/z09Pf88PDz/Ozs7/zs7O/87Ozv/Ozs7/zw8PP88PDz/PDw8/zw8PP87Ozv/Ozs7/zs7O/86Ojr/Ozs7/zw8PP89PT3/Pz8//z4+Pv88PDz/PDw8/zs7O/87Ozv/PDw8/zw8PP88PDz/PDw8/z09Pf8+Pj7/Pj4+/z4+Pv8+Pj7/Pz8//z4+Pv8+Pj7/Pj4+/z4+Pv8+Pj7/Pj4+/z09Pf88PDz/PDw8/z09Pf89PT3/PT09/z09Pf89PT3/Pj4+/z4+Pv8/Pz//PT09/zo6Ov86Ojr/Ojo6/zs7O/88PDz/PDw8/zw8PP89PT3/QEBA/0FBQf9CQkL/QkJC/0FBQf9AQED/Pz8//z4+Pv89PT3/PT09/z4+Pv9AQED/Pz8//z8/P/8/Pz//Pz8//z8/P/8+Pj7/Pj4+/z09Pf89PT3/PDw8/zw8PP89PT3/PT09/z09Pf89PT3/Pj4+/z4+Pv8/Pz//Pz8//z8/P/8+Pj7/Pz8//z8/P/8/Pz//Pz8//z8/P/8+Pj7/Pj4+/z8/P/8/Pz//Pz8//z8/P/8+Pj7/Pj4+/z09Pf89PT3/PT09/z09Pf8+Pj7/QEBA/z8/P/8+Pj7/Pj4+/z4+Pv8+Pj7/Pz8//z8/P/89PT3/PT09/z4+Pv8+Pj7/Pz8//0BAQP9AQED/QEBA/z8/P/8+Pj7/Pj4+/z4+Pv8+Pj7/PT09/z4+Pv8/Pz//Pz8//z4+Pv8+Pj7/PT09/z09Pf88PDz/PDw8/zw8PP88PDz/PT09/z09Pf8/Pz//QkJC/0JCQv9CQkL/QkJC/0FBQf9AQED/Pz8//z8/P/8+Pj7/PT09/zw8PP88PDz/PT09/z09Pf8+Pj7/Pj4+/z4+Pv8ZGRn/GRkZ/xkZGf8ZGRn/GRkZ/xkZGf8ZGRn/GRkZ/xgYGP8YGBj/GBgY/xgYGP8ZGRn/GRkZ/xoaGv8aGhr/Ghoa/xoaGv8aGhr/Ghoa/xkZGf8ZGRn/GRkZ/xkZGf8ZGRn/GRkZ/xkZGf8ZGRn/GRkZ/xgYGP8YGBj/GBgY/xgYGP8XFxf/FxcX/xcXF/8XFxf/FxcX/xcXF/8XFxf/GBgY/xsbG/8fHx//IiIi/ycnJ/8mJib/JCQk/yIiIv8fHx//Hh4e/x0dHf8dHR3/HR0d/x0dHf8cHBz/HBwc/xwcHP8bGxv/HBwc/x4eHv8jIyP/Kioq/ysrK/8qKir/Jycn/x8fH/8eHh7/Hh4e/x8fH/8lJSX/JiYm/yMjI/8hISH/Hx8f/x4eHv8fHx//ICAg/x4eHv8cHBz/HR0d/x4eHv8gICD/JCQk/yYmJv8rKyv/Kysr/ysrK/8sLCz/Ly8v/zAwMP8vLy//Ly8v/y8vL/8vLy//Ly8v/y4uLv8vLy//MTEx/zExMf8xMTH/MTEx/y8vL/8uLi7/LCws/ywsLP8tLS3/Li4u/y8vL/8vLy//LS0t/ysrK/8pKSn/Jycn/ygoKP8oKCj/KCgo/ygoKP8oKCj/KCgo/y0tLf80NDT/NDQ0/zMzM/8zMzP/MzMz/zU1Nf86Ojr/PT09/z4+Pv8/Pz//QEBA/0BAQP8/Pz//Pz8//zw8PP85OTn/ODg4/zY2Nv83Nzf/ODg4/zc3N/83Nzf/ODg4/z4+Pv9CQkL/SUlJ/0pKSv89PT3/NDQ0/zU1Nf81NTX/PT09/0RERP9CQkL/QEBA/z4+Pv88PDz/Ojo6/zg4OP8zMzP/Kioq/yUlJf8fHx//HR0d/xsbG/8aGhr/GRkZ/xgYGP8XFxf/FhYW/xUVFf8TExP/ExMT/xMTE/8TExP/ExMT/xQUFP8VFRX/FRUV/xMTE/8SEhL/ERER/xAQEP8PDw//Dg4O/w0NDf8NDQ3/Dg4O/w8PD/8ODg7/Dg4O/w4ODv8ODg7/Dg4O/w4ODv8ODg7/Dw8P/xEREf8XFxf/Hh4e/y8vL/83Nzf/Pj4+/0NDQ/9FRUX/RkZG/0hISP9JSUn/SkpK/0pKSv9HR0f/Q0ND/0BAQP87Ozv/Ojo6/zg4OP85OTn/PDw8/z4+Pv9AQED/QUFB/z8/P/8+Pj7/OTk5/zY2Nv82Njb/NjY2/zU1Nf80NDT/NDQ0/zU1Nf84ODj/Pz8//0JCQv9HR0f/SUlJ/0xMTP9KSkr/QUFB/zk5Of8pKSn/Hx8f/xcXF/8RERH/EBAQ/w8PD/8PDw//Dg4O/w4ODv8PDw//Dw8P/xAQEP8QEBD/Dw8P/w8PD/8PDw//Dw8P/xAQEP8QEBD/ERER/xMTE/8ZGRn/ICAg/y0tLf87Ozv/Ozs7/zs7O/85OTn/Nzc3/zU1Nf8zMzP/MTEx/y8vL/8vLy//Ly8v/y8vL/8wMDD/MTEx/zExMf8xMTH/MTEx/zExMf8xMTH/MTEx/zExMf8xMTH/MTEx/zExMf8xMTH/MDAw/zAwMP8xMTH/MTEx/zIyMv8yMjL/MTEx/zExMf8wMDD/MDAw/zAwMP8wMDD/MDAw/y8vL/8vLy//Ly8v/zAwMP8xMTH/MjIy/zQ0NP80NDT/NDQ0/zQ0NP8zMzP/MzMz/zIyMv8yMjL/MzMz/zMzM/8zMzP/NDQ0/zIyMv8xMTH/MjIy/zMzM/8zMzP/NDQ0/zMzM/8zMzP/MzMz/zExMf8xMTH/MTEx/zExMf8yMjL/MzMz/zIyMv8yMjL/NDQ0/zw8PP82Njb/MDAw/ysrK/8jIyP/ISEh/x4eHv8eHh7/Hx8f/x8fH/8cHBz/HBwc/xsbG/8eHh7/KCgo/zExMf9GRkb/VFRU/1BQUP9LS0v/SEhI/0VFRf9JSUn/T09P/05OTv9LS0v/TExM/09PT/9PT0//T09P/09PT/9OTk7/TU1N/0tLS/9JSUn/SkpK/0tLS/9FRUX/QEBA/z8/P/8+Pj7/Pz8//0BAQP86Ojr/MTEx/ykpKf8cHBz/Ghoa/xkZGf8aGhr/ICAg/yQkJP8sLCz/MDAw/zMzM/81NTX/NjY2/zc3N/83Nzf/Nzc3/zg4OP85OTn/ODg4/zY2Nv81NTX/NDQ0/zQ0NP80NDT/NDQ0/zMzM/8xMTH/Kioq/yYmJv8gICD/HBwc/xwcHP8cHBz/ISEh/yYmJv8sLCz/NTU1/0BAQP9QUFD/bGxs/6CgoP+0tLT/ycnJ/7+/v/+Kior/bGxs/09PT/88PDz/MjIy/ykpKf8iIiL/HBwc/xoaGv8ZGRn/HBwc/yAgIP8wMDD/TU1N/1lZWf9tbW3/bW1t/2RkZP9fX1//WFhY/1ZWVv9YWFj/Wlpa/1tbW/9dXV3/X19f/2FhYf9jY2P/ZWVl/2VlZf9jY2P/ZGRk/2ZmZv9nZ2f/aGho/2lpaf9qamr/aWlp/2RkZP9gYGD/WFhY/1BQUP85OTn/IyMj/xwcHP8VFRX/FRUV/xQUFP8VFRX/FxcX/xoaGv8fHx//IyMj/ykpKf8oKCj/ISEh/x4eHv8dHR3/Hx8f/yoqKv8zMzP/PDw8/0VFRf9UVFT/ZWVl/11dXf9SUlL/RUVF/zExMf8pKSn/HBwc/xkZGf8ZGRn/Ghoa/x0dHf8dHR3/HBwc/xsbG/8bGxv/Gxsb/xwcHP8dHR3/HR0d/x0dHf8dHR3/HBwc/xwcHP8cHBz/Gxsb/xoaGv8ZGRn/FhYW/xQUFP8TExP/EhIS/xISEv8UFBT/GRkZ/x8fH/8sLCz/OTk5/zY2Nv8yMjL/Kioq/x4eHv8gICD/JSUl/yoqKv8xMTH/MTEx/y4uLv8tLS3/KSkp/ygoKP8oKCj/KCgo/ygoKP8oKCj/KSkp/yoqKv8nJyf/JCQk/yMjI/8hISH/Hh4e/xkZGf8XFxf/ExMT/xISEv8RERH/EhIS/xYWFv8aGhr/Jycn/y0tLf8qKir/Jycn/x4eHv8VFRX/FBQU/xMTE/8TExP/FRUV/xUVFf8VFRX/FhYW/xcXF/8YGBj/GBgY/xgYGP8YGBj/FxcX/xYWFv8VFRX/FRUV/xUVFf8VFRX/FBQU/xMTE/8SEhL/EhIS/xISEv8SEhL/ERER/xMTE/8WFhb/Gxsb/ycnJ/8pKSn/JSUl/yEhIf8YGBj/ExMT/xISEv8RERH/ERER/xEREf8SEhL/EhIS/xISEv8TExP/ExMT/xMTE/8TExP/ExMT/xMTE/8TExP/ExMT/xMTE/8TExP/EhIS/xISEv8RERH/ERER/xEREf8RERH/ERER/xAQEP8UFBT/GBgY/yEhIf8wMDD/MjIy/zIyMv8sLCz/HR0d/xcXF/8TExP/ERER/xEREf8RERH/ERER/xEREf8RERH/EhIS/xQUFP8YGBj/HBwc/yEhIf8iIiL/ISEh/yAgIP8eHh7/Hh4e/x8fH/8fHx//Hx8f/x8fH/8fHx//ISEh/ycnJ/8tLS3/MjIy/zg4OP85OTn/Ozs7/zExMf8iIiL/HR0d/xQUFP8SEhL/ERER/xEREf8TExP/FBQU/xUVFf8WFhb/FhYW/xcXF/8XFxf/Pj4+/z4+Pv8+Pj7/QEBA/0JCQv9CQkL/QkJC/0NDQ/9ERET/RERE/0NDQ/9CQkL/QUFB/0FBQf9CQkL/QkJC/0FBQf9BQUH/QEBA/z8/P/8/Pz//Pz8//z8/P/9AQED/QUFB/0NDQ/9CQkL/QEBA/0BAQP9AQED/QEBA/0BAQP9BQUH/QkJC/0NDQ/9CQkL/QkJC/0FBQf9AQED/QUFB/0JCQv9CQkL/Q0ND/0JCQv9CQkL/QkJC/0JCQv9CQkL/QkJC/0JCQv9BQUH/QUFB/0FBQf9BQUH/QUFB/0BAQP9AQED/QEBA/0BAQP9AQED/QEBA/z8/P/9AQED/QEBA/0FBQf9CQkL/QkJC/0FBQf9BQUH/QkJC/0JCQv9CQkL/QkJC/0JCQv9BQUH/QkJC/0JCQv9BQUH/QEBA/0BAQP9BQUH/QUFB/0JCQv9CQkL/QUFB/0FBQf9BQUH/QEBA/0BAQP8/Pz//Pz8//z8/P/9AQED/QkJC/0JCQv9DQ0P/RERE/0RERP9ERET/Q0ND/0JCQv9BQUH/QEBA/0BAQP8/Pz//Pz8//z8/P/8+Pj7/Pj4+/z8/P/8/Pz//QEBA/0FBQf9CQkL/Q0ND/0JCQv9CQkL/QkJC/0FBQf9BQUH/QkJC/0JCQv9BQUH/QUFB/0BAQP9AQED/QEBA/0FBQf9CQkL/QkJC/0FBQf9AQED/QUFB/0NDQ/9DQ0P/QkJC/0FBQf9AQED/QEBA/0BAQP9AQED/QUFB/0FBQf9BQUH/QEBA/z8/P/8/Pz//QEBA/0FBQf9AQED/Pz8//0BAQP9AQED/QEBA/0BAQP9AQED/Pz8//0BAQP9BQUH/QUFB/0BAQP9AQED/Pz8//z8/P/9AQED/QEBA/0FBQf9BQUH/QkJC/0NDQ/9CQkL/QUFB/0JCQv9DQ0P/Q0ND/0NDQ/9CQkL/Pz8//z8/P/9AQED/QEBA/0FBQf9CQkL/QkJC/0JCQv9CQkL/QUFB/0FBQf9BQUH/Q0ND/0VFRf9NTU3/WFhY/3t7e/+ysrL/xcXF/9/f3//IyMj/iIiI/21tbf9QUFD/Q0ND/z09Pf85OTn/OTk5/zk5Of9ERET/Tk5O/19fX/9zc3P/ZGRk/05OTv9ISEj/QEBA/z8/P/9AQED/QEBA/0BAQP9AQED/Pz8//z8/P/8/Pz//Pz8//z8/P/8/Pz//Pz8//z8/P/8/Pz//QEBA/0FBQf9CQkL/QkJC/0JCQv9BQUH/QUFB/0FBQf9BQUH/QUFB/0FBQf9AQED/QUFB/0FBQf9BQUH/QUFB/0JCQv9DQ0P/Q0ND/0NDQ/9BQUH/QEBA/0BAQP9AQED/QEBA/0FBQf9CQkL/QkJC/0FBQf8/Pz//Pj4+/z4+Pv8+Pj7/Pz8//0FBQf9AQED/QEBA/0BAQP9AQED/QEBA/0FBQf9AQED/Pz8//z8/P/9AQED/QEBA/0BAQP9BQUH/QUFB/0JCQv9BQUH/QUFB/0FBQf9BQUH/QkJC/0JCQv9BQUH/QEBA/0FBQf9BQUH/QkJC/0JCQv9CQkL/QkJC/0JCQv9BQUH/QUFB/0FBQf9AQED/Pz8//z4+Pv8/Pz//QEBA/0FBQf9CQkL/QEBA/z4+Pv8+Pj7/Pj4+/z8/P/9AQED/Pz8//z4+Pv8/Pz//QEBA/0BAQP8/Pz//Pz8//z4+Pv89PT3/OTk5/zY2Nv8uLi7/JSUl/yQkJP8jIyP/JCQk/yYmJv8tLS3/OTk5/0lJSf9paWn/eHh4/42Njf+MjIz/bW1t/1paWv9LS0v/QUFB/z4+Pv82Njb/NjY2/zc3N/82Njb/NDQ0/zQ0NP8zMzP/MzMz/zQ0NP80NDT/NDQ0/zQ0NP80NDT/NDQ0/zQ0NP80NDT/MzMz/zMzM/8zMzP/NDQ0/zU1Nf82Njb/NTU1/zU1Nf80NDT/MzMz/zQ0NP81NTX/NjY2/zY2Nv83Nzf/Nzc3/zY2Nv82Njb/NTU1/zMzM/8yMjL/MzMz/zQ0NP81NTX/NTU1/zY2Nv82Njb/NjY2/zc3N/83Nzf/Nzc3/zc3N/83Nzf/NjY2/zY2Nv82Njb/Nzc3/zc3N/83Nzf/Nzc3/zc3N/84ODj/ODg4/zc3N/83Nzf/ODg4/zg4OP84ODj/ODg4/zk5Of85OTn/ODg4/zc3N/81NTX/NTU1/zY2Nv82Njb/Nzc3/zc3N/83Nzf/Nzc3/zg4OP84ODj/ODg4/zk5Of84ODj/Nzc3/zc3N/82Njb/NjY2/zc3N/84ODj/OTk5/zo6Ov86Ojr/Ojo6/zo6Ov85OTn/ODg4/zc3N/84ODj/ODg4/zg4OP84ODj/OTk5/zk5Of85OTn/Nzc3/zc3N/83Nzf/Nzc3/zc3N/83Nzf/Nzc3/zc3N/84ODj/ODg4/zg4OP85OTn/OTk5/zo6Ov86Ojr/OTk5/zk5Of85OTn/ODg4/zg4OP84ODj/ODg4/zk5Of86Ojr/Ozs7/zs7O/87Ozv/Ojo6/zk5Of85OTn/OTk5/zk5Of85OTn/Ojo6/zs7O/87Ozv/Ozs7/zw8PP88PDz/PDw8/z09Pf89PT3/PDw8/zw8PP88PDz/PDw8/zs7O/86Ojr/Ozs7/zs7O/87Ozv/PDw8/zw8PP88PDz/PDw8/zw8PP88PDz/PDw8/zw8PP88PDz/Ozs7/zs7O/86Ojr/OTk5/zk5Of86Ojr/Ozs7/zw8PP89PT3/PT09/z09Pf89PT3/PDw8/zw8PP87Ozv/PDw8/z09Pf89PT3/PDw8/zw8PP88PDz/Ozs7/zw8PP88PDz/PT09/z09Pf89PT3/PT09/z4+Pv9AQED/Pj4+/zw8PP87Ozv/Ojo6/zs7O/87Ozv/Ozs7/zw8PP88PDz/PDw8/z09Pf89PT3/PT09/z4+Pv8+Pj7/Pj4+/z4+Pv8+Pj7/PT09/z09Pf87Ozv/Ozs7/zs7O/87Ozv/Ozs7/zs7O/87Ozv/Ozs7/zw8PP88PDz/PT09/z4+Pv89PT3/PDw8/zs7O/86Ojr/Ojo6/zs7O/87Ozv/PT09/z4+Pv9AQED/QUFB/0JCQv9CQkL/QEBA/z8/P/8+Pj7/PT09/z09Pf88PDz/PT09/z8/P/8+Pj7/Pj4+/z4+Pv8+Pj7/Pj4+/z4+Pv8+Pj7/PT09/z09Pf88PDz/PDw8/z09Pf89PT3/PT09/z09Pf8+Pj7/Pj4+/0BAQP9CQkL/QEBA/z8/P/8/Pz//QEBA/0BAQP8/Pz//Pz8//z4+Pv8+Pj7/Pz8//z8/P/89PT3/PT09/z09Pf89PT3/Pj4+/z4+Pv8+Pj7/Pj4+/z4+Pv8+Pj7/Pj4+/z09Pf8+Pj7/Pj4+/z4+Pv8+Pj7/Pj4+/z09Pf89PT3/Pj4+/z4+Pv8+Pj7/Pz8//z8/P/8/Pz//Pj4+/z09Pf8+Pj7/Pj4+/z4+Pv8+Pj7/Pj4+/z4+Pv8+Pj7/Pz8//z4+Pv89PT3/PT09/zs7O/87Ozv/PDw8/z09Pf8+Pj7/Pj4+/0BAQP9BQUH/QkJC/0JCQv9CQkL/QkJC/0FBQf8/Pz//Pz8//0BAQP8/Pz//PT09/z09Pf88PDz/PDw8/z09Pf8+Pj7/Pj4+/xkZGf8ZGRn/GRkZ/xkZGf8ZGRn/GRkZ/xgYGP8YGBj/FxcX/xcXF/8XFxf/GBgY/xkZGf8ZGRn/Ghoa/xoaGv8aGhr/GRkZ/xkZGf8ZGRn/GRkZ/xkZGf8ZGRn/GRkZ/xkZGf8ZGRn/GRkZ/xkZGf8ZGRn/GBgY/xgYGP8XFxf/FxcX/xcXF/8WFhb/FhYW/xYWFv8WFhb/FhYW/xYWFv8XFxf/Ghoa/x0dHf8hISH/Jycn/yYmJv8kJCT/IiIi/yAgIP8eHh7/HR0d/x0dHf8dHR3/HR0d/xwcHP8cHBz/HBwc/xwcHP8dHR3/Hx8f/yMjI/8pKSn/Kioq/ywsLP8oKCj/ICAg/x4eHv8cHBz/HR0d/yAgIP8iIiL/ICAg/yAgIP8fHx//Hx8f/yAgIP8hISH/Hx8f/x0dHf8dHR3/HR0d/x8fH/8hISH/IyMj/yYmJv8oKCj/Kysr/ywsLP8tLS3/Li4u/zIyMv80NDT/NTU1/zY2Nv81NTX/NDQ0/zY2Nv86Ojr/OTk5/zg4OP84ODj/Nzc3/zU1Nf8yMjL/MjIy/zExMf8xMTH/MzMz/zQ0NP8yMjL/MTEx/y8vL/8tLS3/Kysr/yoqKv8qKir/Kysr/ysrK/8rKyv/Li4u/zIyMv8yMjL/MTEx/zExMf8xMTH/MjIy/zQ0NP81NTX/Nzc3/zk5Of89PT3/QEBA/z8/P/8+Pj7/Pz8//0BAQP8/Pz//PDw8/zw8PP88PDz/Ozs7/zk5Of85OTn/OTk5/zo6Ov88PDz/PT09/zk5Of83Nzf/Nzc3/zg4OP87Ozv/Pz8//z09Pf86Ojr/OTk5/zk5Of85OTn/OTk5/zU1Nf8tLS3/KCgo/yAgIP8dHR3/HR0d/xwcHP8aGhr/GRkZ/xcXF/8WFhb/FRUV/xMTE/8TExP/ExMT/xMTE/8TExP/FBQU/xYWFv8WFhb/FBQU/xMTE/8RERH/EBAQ/w8PD/8ODg7/Dg4O/w4ODv8ODg7/Dg4O/w4ODv8ODg7/Dg4O/w4ODv8ODg7/Dg4O/w4ODv8PDw//ERER/xcXF/8eHh7/LS0t/zQ0NP87Ozv/Pz8//0NDQ/9GRkb/SEhI/0pKSv9KSkr/S0tL/0hISP9ERET/QkJC/z8/P/89PT3/Ojo6/zs7O/8+Pj7/Pz8//0JCQv9DQ0P/QkJC/0FBQf9AQED/Pz8//z8/P/8/Pz//PT09/zo6Ov86Ojr/Ojo6/zw8PP9BQUH/Q0ND/0VFRf9HR0f/SkpK/0dHR/8/Pz//ODg4/yoqKv8hISH/GBgY/xISEv8QEBD/Dw8P/w8PD/8ODg7/Dg4O/w4ODv8ODg7/Dw8P/w8PD/8PDw//Dw8P/w8PD/8PDw//Dw8P/xAQEP8SEhL/FBQU/xkZGf8fHx//LCws/zo6Ov87Ozv/PDw8/zs7O/85OTn/Nzc3/zQ0NP8yMjL/MDAw/zAwMP8wMDD/MDAw/zAwMP8wMDD/MDAw/zAwMP8xMTH/MTEx/zExMf8wMDD/MDAw/zAwMP8wMDD/MTEx/zExMf8wMDD/MDAw/zAwMP8xMTH/MTEx/zExMf8xMTH/MTEx/zExMf8xMTH/MTEx/zExMf8xMTH/MDAw/y8vL/8uLi7/Ly8v/zExMf8yMjL/MzMz/zMzM/8zMzP/MzMz/zIyMv8yMjL/MjIy/zIyMv8yMjL/MjIy/zIyMv8xMTH/MTEx/zExMf8yMjL/MzMz/zMzM/8yMjL/MjIy/zMzM/8zMzP/MjIy/zIyMv8yMjL/MjIy/zMzM/8zMzP/MzMz/zMzM/81NTX/PT09/zk5Of81NTX/Li4u/yYmJv8iIiL/HR0d/xwcHP8aGhr/Ghoa/xkZGf8aGhr/Gxsb/x4eHv8qKir/NDQ0/0pKSv9ZWVn/VlZW/1JSUv9NTU3/R0dH/0tLS/9QUFD/TU1N/0hISP9KSkr/T09P/1FRUf9TU1P/U1NT/1FRUf9QUFD/Tk5O/01NTf9NTU3/TExM/0ZGRv9AQED/Pj4+/zs7O/89PT3/Pz8//zk5Of8vLy//KCgo/xsbG/8ZGRn/GBgY/xsbG/8iIiL/Jycn/y8vL/80NDT/NjY2/zc3N/83Nzf/Nzc3/zc3N/82Njb/Nzc3/zk5Of84ODj/NTU1/zU1Nf80NDT/NDQ0/zMzM/8zMzP/MjIy/y8vL/8oKCj/IyMj/x8fH/8bGxv/HBwc/x0dHf8iIiL/KSkp/zAwMP85OTn/QEBA/0tLS/9eXl7/g4OD/5aWlv+zs7P/ra2t/4GBgf9oaGj/Tk5O/z09Pf80NDT/LCws/yUlJf8dHR3/Gxsb/xgYGP8cHBz/ISEh/zIyMv9PT0//W1tb/21tbf9tbW3/YmJi/11dXf9WVlb/VFRU/1hYWP9aWlr/XFxc/15eXv9gYGD/Y2Nj/2VlZf9paWn/Z2dn/2NjY/9kZGT/ZGRk/2VlZf9nZ2f/aGho/2xsbP9sbGz/aGho/2RkZP9bW1v/UlJS/zo6Ov8jIyP/HBwc/xUVFf8VFRX/FBQU/xUVFf8XFxf/Ghoa/x8fH/8jIyP/KSkp/ygoKP8gICD/Hh4e/x0dHf8gICD/Ly8v/zo6Ov9CQkL/SUlJ/1xcXP9xcXH/ZWVl/1VVVf9HR0f/MTEx/ykpKf8dHR3/Gxsb/xsbG/8cHBz/Hx8f/x4eHv8aGhr/GBgY/xcXF/8XFxf/FxcX/xgYGP8YGBj/GBgY/xgYGP8XFxf/FxcX/xcXF/8XFxf/FhYW/xUVFf8UFBT/FBQU/xMTE/8SEhL/ExMT/xQUFP8aGhr/Hx8f/y0tLf87Ozv/ODg4/zQ0NP8rKyv/ICAg/yMjI/8oKCj/Kysr/y4uLv8sLCz/JSUl/yIiIv8eHh7/HBwc/xwcHP8cHBz/Gxsb/xsbG/8aGhr/Ghoa/xkZGf8ZGRn/FxcX/xYWFv8VFRX/ExMT/xISEv8RERH/ERER/xEREf8SEhL/FhYW/xoaGv8nJyf/LS0t/yoqKv8mJib/Hh4e/xUVFf8UFBT/ExMT/xQUFP8VFRX/FBQU/xMTE/8TExP/FBQU/xQUFP8VFRX/FBQU/xMTE/8TExP/EhIS/xEREf8RERH/EhIS/xISEv8SEhL/EhIS/xISEv8RERH/ERER/xEREf8RERH/EhIS/xYWFv8bGxv/Jycn/ykpKf8lJSX/ISEh/xgYGP8TExP/EhIS/xEREf8RERH/ERER/xEREf8RERH/ERER/xEREf8RERH/ERER/xEREf8RERH/ERER/xEREf8RERH/ERER/xEREf8RERH/ERER/xEREf8RERH/EBAQ/xAQEP8QEBD/EBAQ/xMTE/8ZGRn/ISEh/zAwMP8yMjL/MjIy/ywsLP8dHR3/FxcX/xQUFP8SEhL/ERER/xEREf8RERH/ERER/xEREf8SEhL/FRUV/xkZGf8dHR3/IyMj/yMjI/8hISH/ICAg/x8fH/8eHh7/Hx8f/x8fH/8fHx//Hx8f/x8fH/8gICD/JCQk/ygoKP8vLy//NjY2/zg4OP88PDz/MjIy/yMjI/8dHR3/FBQU/xISEv8RERH/ERER/xEREf8RERH/ERER/xEREf8RERH/EhIS/xISEv8+Pj7/Pj4+/z4+Pv9AQED/Q0ND/0NDQ/9DQ0P/Q0ND/0RERP9DQ0P/QkJC/0JCQv9BQUH/QEBA/0FBQf9BQUH/QUFB/0FBQf8/Pz//Pj4+/z4+Pv8+Pj7/Pj4+/z8/P/9AQED/QkJC/0FBQf8/Pz//Pz8//z8/P/8/Pz//Pz8//0BAQP9CQkL/Q0ND/0JCQv9BQUH/QEBA/0BAQP9BQUH/QkJC/0JCQv9DQ0P/Q0ND/0JCQv9CQkL/Q0ND/0NDQ/9DQ0P/Q0ND/0JCQv9CQkL/QkJC/0JCQv9BQUH/QUFB/0FBQf9BQUH/QUFB/0BAQP9AQED/QEBA/0BAQP9AQED/QEBA/0JCQv9CQkL/QUFB/0FBQf9CQkL/QkJC/0JCQv9CQkL/QUFB/0FBQf9BQUH/QkJC/0FBQf8/Pz//Pz8//0BAQP9AQED/QUFB/0FBQf9AQED/QEBA/0BAQP9AQED/Pz8//z8/P/8+Pj7/Pj4+/0BAQP9BQUH/QUFB/0JCQv9DQ0P/RERE/0RERP9ERET/Q0ND/0FBQf9AQED/Pz8//z8/P/8+Pj7/Pj4+/z4+Pv8+Pj7/Pz8//z8/P/9AQED/QUFB/0FBQf9CQkL/QkJC/0JCQv9BQUH/QEBA/0FBQf9CQkL/QkJC/0FBQf9AQED/Pz8//z8/P/9BQUH/QUFB/0JCQv9DQ0P/QkJC/0FBQf9CQkL/Q0ND/0NDQ/9DQ0P/QkJC/0FBQf9BQUH/QEBA/0BAQP9BQUH/QUFB/0FBQf9BQUH/QEBA/z8/P/9BQUH/QkJC/0BAQP8/Pz//QEBA/0BAQP9AQED/QEBA/0BAQP8/Pz//QEBA/0JCQv9BQUH/QEBA/0BAQP8/Pz//Pj4+/z8/P/9AQED/QUFB/0FBQf9CQkL/RERE/0NDQ/9CQkL/QkJC/0NDQ/9DQ0P/RERE/0JCQv9AQED/Pz8//z8/P/9AQED/QUFB/0JCQv9CQkL/QkJC/0FBQf9BQUH/QUFB/0BAQP9CQkL/RUVF/09PT/9dXV3/hoaG/8XFxf/S0tL/3t7e/8PDw/9/f3//ZGRk/0pKSv8+Pj7/ODg4/zU1Nf81NTX/NjY2/0NDQ/9RUVH/aWlp/4WFhf9wcHD/U1NT/0pKSv8/Pz//Pj4+/z4+Pv8/Pz//QEBA/0BAQP8/Pz//Pz8//z4+Pv8+Pj7/Pj4+/z4+Pv8+Pj7/Pj4+/z4+Pv8/Pz//QEBA/0FBQf9BQUH/QUFB/0FBQf9BQUH/QUFB/0NDQ/9CQkL/QUFB/0BAQP9BQUH/QUFB/0FBQf9BQUH/Q0ND/0ZGRv9FRUX/RUVF/0NDQ/8/Pz//Pz8//z8/P/9AQED/QkJC/0JCQv9DQ0P/QkJC/z8/P/8+Pj7/PT09/z09Pf8/Pz//QEBA/0BAQP8/Pz//QEBA/0BAQP9AQED/QUFB/0BAQP8/Pz//QEBA/0FBQf9CQkL/QUFB/0FBQf9CQkL/QkJC/0JCQv9BQUH/QUFB/0JCQv9CQkL/Q0ND/0JCQv9AQED/QUFB/0JCQv9CQkL/QkJC/0JCQv9CQkL/QkJC/0FBQf9BQUH/QEBA/0BAQP8/Pz//Pj4+/z8/P/9AQED/QUFB/0JCQv9AQED/Pj4+/z8/P/8/Pz//Pz8//0BAQP9AQED/Pj4+/z8/P/9AQED/QUFB/z8/P/8/Pz//Pj4+/z09Pf84ODj/MzMz/ysrK/8jIyP/IiIi/yAgIP8iIiL/JiYm/y8vL/8/Pz//U1NT/3p6ev+Li4v/oqKi/56env91dXX/XV1d/01NTf9BQUH/Pz8//zY2Nv82Njb/Nzc3/zY2Nv80NDT/NDQ0/zMzM/8zMzP/MzMz/zMzM/8zMzP/MzMz/zMzM/8zMzP/MzMz/zMzM/8zMzP/MjIy/zMzM/8zMzP/NDQ0/zY2Nv81NTX/NDQ0/zMzM/8yMjL/MzMz/zU1Nf81NTX/Nzc3/zc3N/83Nzf/Nzc3/zY2Nv81NTX/MzMz/zExMf8yMjL/MzMz/zQ0NP81NTX/NTU1/zY2Nv82Njb/NjY2/zY2Nv83Nzf/Nzc3/zc3N/83Nzf/NTU1/zU1Nf82Njb/Nzc3/zY2Nv82Njb/Nzc3/zc3N/83Nzf/Nzc3/zc3N/84ODj/Nzc3/zc3N/83Nzf/ODg4/zc3N/82Njb/NjY2/zU1Nf80NDT/NjY2/zY2Nv83Nzf/Nzc3/zg4OP84ODj/ODg4/zk5Of85OTn/OTk5/zk5Of84ODj/Nzc3/zY2Nv82Njb/Nzc3/zc3N/85OTn/Ojo6/zo6Ov87Ozv/Ojo6/zo6Ov84ODj/Nzc3/zc3N/83Nzf/Nzc3/zc3N/84ODj/OTk5/zg4OP82Njb/NjY2/zY2Nv82Njb/NjY2/zY2Nv82Njb/NjY2/zc3N/84ODj/OTk5/zk5Of85OTn/Ojo6/zo6Ov85OTn/OTk5/zg4OP84ODj/Nzc3/zg4OP85OTn/OTk5/zo6Ov87Ozv/Ozs7/zs7O/86Ojr/OTk5/zk5Of84ODj/ODg4/zg4OP85OTn/Ozs7/zs7O/87Ozv/Ozs7/zw8PP89PT3/Pj4+/z4+Pv89PT3/PDw8/zw8PP88PDz/PDw8/zw8PP88PDz/PDw8/zw8PP88PDz/PDw8/zw8PP88PDz/PT09/z09Pf89PT3/PT09/zw8PP88PDz/Ozs7/zs7O/86Ojr/OTk5/zo6Ov87Ozv/PDw8/z4+Pv8+Pj7/Pj4+/z09Pf88PDz/PDw8/zs7O/88PDz/PT09/z09Pf88PDz/PDw8/zs7O/87Ozv/PDw8/z09Pf8+Pj7/Pj4+/z4+Pv89PT3/Pj4+/0BAQP8+Pj7/Ozs7/zs7O/86Ojr/Ojo6/zs7O/87Ozv/PDw8/zw8PP88PDz/PDw8/z09Pf89PT3/Pj4+/z4+Pv8+Pj7/Pj4+/z4+Pv89PT3/PDw8/zo6Ov86Ojr/Ojo6/zo6Ov86Ojr/Ojo6/zo6Ov86Ojr/Ozs7/zs7O/88PDz/PT09/z09Pf89PT3/PDw8/zo6Ov86Ojr/Ojo6/zs7O/89PT3/Pj4+/0BAQP9BQUH/QkJC/0JCQv9AQED/Pz8//z4+Pv89PT3/PDw8/zw8PP89PT3/Pj4+/z4+Pv8+Pj7/Pj4+/z4+Pv8+Pj7/Pj4+/z4+Pv89PT3/PT09/zw8PP88PDz/PT09/z09Pf89PT3/PT09/z4+Pv8+Pj7/QEBA/0NDQ/9BQUH/Pz8//0BAQP9BQUH/QEBA/z8/P/8/Pz//Pj4+/z4+Pv8/Pz//Pj4+/z09Pf88PDz/PT09/z09Pf8+Pj7/Pj4+/z4+Pv8+Pj7/Pj4+/z09Pf89PT3/PT09/z09Pf8+Pj7/Pj4+/z09Pf89PT3/PDw8/z09Pf8+Pj7/Pj4+/z4+Pv8+Pj7/Pj4+/z4+Pv8+Pj7/PT09/z4+Pv8+Pj7/Pj4+/z4+Pv8+Pj7/Pj4+/z4+Pv8/Pz//Pz8//z4+Pv89PT3/Ozs7/zs7O/88PDz/PT09/z4+Pv8/Pz//QEBA/0FBQf9BQUH/QkJC/0JCQv9CQkL/QUFB/z8/P/8/Pz//QUFB/0BAQP8+Pj7/PT09/zw8PP88PDz/PT09/z4+Pv8+Pj7/GRkZ/xkZGf8ZGRn/GRkZ/xkZGf8ZGRn/GBgY/xgYGP8XFxf/FxcX/xcXF/8XFxf/GBgY/xkZGf8aGhr/Ghoa/xkZGf8ZGRn/GRkZ/xkZGf8ZGRn/GRkZ/xkZGf8ZGRn/GRkZ/xkZGf8ZGRn/GRkZ/xkZGf8YGBj/GBgY/xcXF/8XFxf/FhYW/xYWFv8WFhb/FhYW/xUVFf8VFRX/FhYW/xcXF/8ZGRn/HR0d/yEhIf8mJib/JiYm/yQkJP8jIyP/ICAg/x8fH/8eHh7/HR0d/x0dHf8dHR3/HBwc/xwcHP8cHBz/HBwc/x0dHf8fHx//IiIi/ygoKP8qKir/Li4u/ykpKf8gICD/Hh4e/xwcHP8cHBz/Hh4e/x8fH/8fHx//Hx8f/x8fH/8fHx//ICAg/yEhIf8gICD/Hh4e/x4eHv8dHR3/HR0d/x8fH/8gICD/JCQk/yYmJv8qKir/Kysr/ywsLP8tLS3/MzMz/zc3N/84ODj/OTk5/zg4OP83Nzf/Ojo6/z09Pf89PT3/PDw8/zs7O/87Ozv/OTk5/zY2Nv81NTX/MzMz/zMzM/82Njb/Nzc3/zU1Nf80NDT/MjIy/zAwMP8uLi7/Kysr/ywsLP8sLCz/LS0t/y0tLf8vLy//MTEx/zExMf8wMDD/MDAw/zExMf8xMTH/MTEx/zIyMv80NDT/NjY2/zs7O/9AQED/Pz8//z09Pf9AQED/RERE/0JCQv8/Pz//Pz8//z8/P/8+Pj7/Ozs7/zk5Of83Nzf/NjY2/zY2Nv82Njb/ODg4/zg4OP85OTn/OTk5/zs7O/89PT3/Ojo6/zY2Nv82Njb/Nzc3/zg4OP85OTn/NTU1/y0tLf8oKCj/ICAg/x0dHf8dHR3/HR0d/xsbG/8ZGRn/FxcX/xYWFv8VFRX/ExMT/xMTE/8TExP/ExMT/xMTE/8UFBT/FxcX/xYWFv8VFRX/ExMT/xEREf8QEBD/Dw8P/w4ODv8ODg7/Dg4O/w4ODv8ODg7/Dg4O/w4ODv8ODg7/Dg4O/w4ODv8ODg7/Dg4O/w8PD/8RERH/FxcX/x4eHv8rKyv/MjIy/zg4OP89PT3/QkJC/0ZGRv9ISEj/SkpK/0tLS/9MTEz/SUlJ/0VFRf9ERET/QUFB/z8/P/87Ozv/Ozs7/z4+Pv9AQED/Q0ND/0RERP9DQ0P/Q0ND/0NDQ/9ERET/RERE/0RERP9BQUH/PT09/z09Pf88PDz/Pj4+/0JCQv9DQ0P/RUVF/0ZGRv9ISEj/RkZG/z4+Pv83Nzf/Kysr/yEhIf8ZGRn/EhIS/xAQEP8PDw//Dw8P/w4ODv8ODg7/DQ0N/w4ODv8PDw//Dw8P/w8PD/8PDw//Dw8P/w8PD/8PDw//Dw8P/xISEv8UFBT/GRkZ/x8fH/8rKyv/OTk5/zo6Ov88PDz/Ozs7/zo6Ov84ODj/NDQ0/zMzM/8wMDD/MDAw/zAwMP8wMDD/MDAw/zAwMP8wMDD/MDAw/zExMf8xMTH/MDAw/zAwMP8vLy//Ly8v/zAwMP8xMTH/MTEx/zAwMP8wMDD/MDAw/zAwMP8xMTH/MTEx/zExMf8xMTH/MTEx/zExMf8xMTH/MjIy/zExMf8wMDD/Ly8v/y0tLf8vLy//MjIy/zIyMv8zMzP/MzMz/zIyMv8yMjL/MjIy/zIyMv8yMjL/MjIy/zIyMv8yMjL/MTEx/zAwMP8xMTH/MTEx/zIyMv8zMzP/MjIy/zExMf8yMjL/MzMz/zMzM/8zMzP/MzMz/zIyMv8yMjL/MzMz/zMzM/80NDT/NDQ0/zU1Nf86Ojr/Ojo6/zo6Ov81NTX/Li4u/ykpKf8hISH/Hx8f/xsbG/8aGhr/Ghoa/xsbG/8eHh7/IyMj/zExMf88PDz/UlJS/2FhYf9ZWVn/UVFR/05OTv9LS0v/TU1N/1BQUP9OTk7/SkpK/0tLS/9OTk7/Tk5O/01NTf9MTEz/S0tL/0lJSf9GRkb/RERE/0JCQv9BQUH/Pz8//z09Pf8+Pj7/Pz8//0BAQP9BQUH/PDw8/zIyMv8qKir/Gxsb/xgYGP8ZGRn/Gxsb/yMjI/8oKCj/MDAw/zQ0NP82Njb/Nzc3/zg4OP84ODj/ODg4/zk5Of85OTn/Ozs7/zo6Ov83Nzf/Nzc3/zY2Nv81NTX/NDQ0/zMzM/8yMjL/Ly8v/ycnJ/8hISH/Hx8f/x4eHv8gICD/IyMj/ykpKf8wMDD/NTU1/zo6Ov88PDz/Pj4+/0ZGRv9VVVX/XV1d/2lpaf9nZ2f/VlZW/0xMTP9CQkL/Ozs7/zY2Nv8yMjL/Kioq/yIiIv8fHx//HBwc/yAgIP8lJSX/NDQ0/05OTv9XV1f/ZGRk/2ZmZv9lZWX/ZGRk/2NjY/9iYmL/ZGRk/2VlZf9lZWX/ZmZm/2dnZ/9paWn/aGho/2dnZ/9mZmb/ZmZm/2RkZP9gYGD/YmJi/2ZmZv9oaGj/a2tr/2pqav9lZWX/YWFh/1dXV/9NTU3/ODg4/yMjI/8dHR3/FhYW/xUVFf8VFRX/FRUV/xYWFv8aGhr/Hx8f/yIiIv8oKCj/JiYm/x8fH/8dHR3/HBwc/yAgIP8yMjL/QkJC/2BgYP98fHz/b29v/2BgYP9cXFz/V1dX/0pKSv82Njb/Ly8v/yYmJv8jIyP/Hx8f/x0dHf8bGxv/Ghoa/xgYGP8XFxf/FhYW/xYWFv8XFxf/FxcX/xgYGP8YGBj/FxcX/xYWFv8WFhb/FhYW/xYWFv8VFRX/FRUV/xUVFf8VFRX/FRUV/xUVFf8VFRX/FxcX/xwcHP8hISH/Li4u/zs7O/83Nzf/MzMz/y0tLf8lJSX/JiYm/ycnJ/8mJib/IyMj/yEhIf8cHBz/Ghoa/xkZGf8YGBj/GBgY/xcXF/8XFxf/FxcX/xYWFv8WFhb/FRUV/xUVFf8UFBT/FBQU/xMTE/8SEhL/EhIS/xEREf8RERH/ERER/xISEv8VFRX/GRkZ/yUlJf8sLCz/KSkp/yYmJv8eHh7/FRUV/xQUFP8SEhL/EhIS/xISEv8SEhL/ERER/xEREf8SEhL/EhIS/xISEv8SEhL/ERER/xEREf8RERH/EBAQ/xAQEP8QEBD/EBAQ/w8PD/8QEBD/EBAQ/xAQEP8QEBD/ERER/xEREf8TExP/FxcX/x4eHv8rKyv/Li4u/ygoKP8iIiL/GRkZ/xISEv8RERH/EBAQ/xAQEP8QEBD/EBAQ/xAQEP8QEBD/EBAQ/xAQEP8QEBD/EBAQ/w8PD/8PDw//Dw8P/w8PD/8QEBD/EBAQ/xAQEP8QEBD/EBAQ/xAQEP8QEBD/Dw8P/xAQEP8QEBD/FBQU/xkZGf8jIyP/MzMz/zQ0NP8zMzP/LS0t/x0dHf8XFxf/ExMT/xEREf8RERH/ERER/xEREf8RERH/ERER/xISEv8VFRX/GRkZ/x4eHv8lJSX/JSUl/yUlJf8jIyP/ISEh/yAgIP8fHx//Hx8f/x8fH/8eHh7/Hx8f/x8fH/8jIyP/Jycn/y0tLf80NDT/Nzc3/zw8PP8zMzP/JCQk/x4eHv8UFBT/EhIS/xAQEP8QEBD/EBAQ/xAQEP8QEBD/EBAQ/xAQEP8QEBD/EBAQ/0FBQf9BQUH/QkJC/0NDQ/9ERET/Q0ND/0NDQ/9DQ0P/Q0ND/0NDQ/9DQ0P/Q0ND/0JCQv9BQUH/QUFB/0FBQf9AQED/QEBA/0BAQP9AQED/QEBA/z8/P/8/Pz//Pz8//0BAQP9BQUH/QEBA/0BAQP9AQED/QEBA/0BAQP9AQED/QEBA/0FBQf9BQUH/QEBA/z8/P/8/Pz//Pj4+/0BAQP9BQUH/QkJC/0JCQv9CQkL/Q0ND/0JCQv9BQUH/QUFB/0FBQf9BQUH/QUFB/0FBQf9CQkL/QkJC/0JCQv9CQkL/QUFB/0BAQP9AQED/QUFB/0BAQP8/Pz//Pz8//z4+Pv8/Pz//QEBA/0FBQf9AQED/QEBA/0FBQf9BQUH/QUFB/0FBQf9BQUH/QUFB/0FBQf9BQUH/QUFB/0BAQP9AQED/Pz8//0BAQP9BQUH/QUFB/0FBQf9AQED/QEBA/0BAQP9AQED/QEBA/0BAQP9AQED/QEBA/0BAQP9BQUH/QUFB/0FBQf9BQUH/QUFB/0FBQf9BQUH/QUFB/0FBQf9AQED/QEBA/0BAQP9AQED/Pz8//z8/P/8/Pz//Pz8//0BAQP9BQUH/QUFB/0JCQv9CQkL/Q0ND/0FBQf9AQED/QEBA/0FBQf9AQED/Pz8//z8/P/9AQED/QUFB/0FBQf9CQkL/Q0ND/0NDQ/9CQkL/QkJC/0JCQv9DQ0P/QkJC/0FBQf9AQED/QEBA/0FBQf9DQ0P/Q0ND/0JCQv9BQUH/QUFB/0FBQf9AQED/QEBA/0FBQf9BQUH/QUFB/0FBQf9BQUH/QkJC/0JCQv9BQUH/QUFB/0BAQP9AQED/QEBA/0BAQP9BQUH/QUFB/0BAQP9AQED/QEBA/z8/P/9AQED/QEBA/0FBQf9CQkL/QkJC/0FBQf9BQUH/QUFB/0FBQf9BQUH/QEBA/0BAQP9AQED/QEBA/0BAQP9BQUH/QUFB/0FBQf9BQUH/QkJC/0NDQ/9CQkL/QkJC/0JCQv9DQ0P/SkpK/1NTU/9paWn/jIyM/5KSkv+VlZX/hYWF/19fX/9PT0//Pj4+/zY2Nv8zMzP/MTEx/zAwMP8wMDD/Nzc3/z09Pf9MTEz/XV1d/1VVVf9KSkr/RkZG/0BAQP8/Pz//QEBA/0BAQP8/Pz//Pz8//z8/P/8/Pz//Pj4+/z4+Pv8+Pj7/Pz8//z4+Pv8+Pj7/Pj4+/z8/P/8/Pz//QEBA/0BAQP9AQED/QEBA/0BAQP9BQUH/Q0ND/0JCQv9BQUH/QEBA/0BAQP9AQED/QUFB/0JCQv9DQ0P/RUVF/0RERP9DQ0P/QUFB/z8/P/8/Pz//Pz8//0BAQP9BQUH/QkJC/0NDQ/9CQkL/QUFB/0BAQP8/Pz//Pz8//0FBQf9DQ0P/QkJC/0JCQv9BQUH/QUFB/0FBQf9BQUH/QUFB/0BAQP9AQED/Pz8//0BAQP9AQED/QEBA/0BAQP8/Pz//QEBA/0BAQP9AQED/QEBA/0BAQP9AQED/QUFB/0FBQf9BQUH/QUFB/0FBQf9AQED/QEBA/0FBQf9BQUH/QUFB/0BAQP9AQED/QEBA/0BAQP9AQED/Pz8//z8/P/9AQED/QUFB/0JCQv9CQkL/QkJC/0JCQv9BQUH/QUFB/0BAQP8/Pz//Pz8//z8/P/8/Pz//Pz8//z4+Pv89PT3/Ozs7/zU1Nf8wMDD/KCgo/yEhIf8gICD/Hx8f/yMjI/8pKSn/Ly8v/zk5Of9DQ0P/VVVV/1xcXP9jY2P/YGBg/09PT/9ERET/PT09/zg4OP85OTn/MzMz/zQ0NP81NTX/NDQ0/zMzM/80NDT/NDQ0/zQ0NP8zMzP/NDQ0/zU1Nf82Njb/NjY2/zU1Nf81NTX/NDQ0/zQ0NP80NDT/NDQ0/zMzM/80NDT/NDQ0/zQ0NP8zMzP/MzMz/zMzM/8zMzP/NDQ0/zU1Nf82Njb/NjY2/zc3N/83Nzf/NjY2/zU1Nf80NDT/MzMz/zQ0NP82Njb/NTU1/zQ0NP81NTX/NTU1/zY2Nv83Nzf/Nzc3/zY2Nv83Nzf/Nzc3/zc3N/81NTX/NDQ0/zQ0NP80NDT/NTU1/zU1Nf83Nzf/ODg4/zc3N/82Njb/NjY2/zU1Nf82Njb/NjY2/zY2Nv83Nzf/Nzc3/zY2Nv82Njb/NjY2/zY2Nv83Nzf/ODg4/zk5Of85OTn/ODg4/zc3N/83Nzf/NjY2/zc3N/83Nzf/Nzc3/zg4OP84ODj/ODg4/zg4OP83Nzf/Nzc3/zc3N/84ODj/ODg4/zg4OP84ODj/Nzc3/zc3N/83Nzf/Nzc3/zc3N/83Nzf/NjY2/zc3N/84ODj/Nzc3/zY2Nv82Njb/Nzc3/zc3N/83Nzf/Nzc3/zc3N/83Nzf/ODg4/zk5Of85OTn/OTk5/zk5Of85OTn/OTk5/zg4OP85OTn/OTk5/zk5Of85OTn/OTk5/zk5Of85OTn/Ojo6/zo6Ov85OTn/OTk5/zk5Of84ODj/ODg4/zk5Of85OTn/OTk5/zo6Ov87Ozv/Ojo6/zk5Of85OTn/Ojo6/zs7O/88PDz/PT09/zw8PP87Ozv/PDw8/zw8PP87Ozv/Ozs7/zw8PP89PT3/PDw8/zw8PP88PDz/PT09/z09Pf89PT3/PT09/zw8PP89PT3/PT09/z09Pf88PDz/Ozs7/zw8PP88PDz/PT09/z09Pf89PT3/PT09/z4+Pv9AQED/Pz8//z8/P/8+Pj7/PDw8/zw8PP89PT3/PDw8/zs7O/87Ozv/Ozs7/zw8PP88PDz/PT09/z4+Pv8+Pj7/Pj4+/z4+Pv8+Pj7/Pz8//z09Pf87Ozv/Ozs7/zw8PP88PDz/Ozs7/zs7O/88PDz/PDw8/zw8PP89PT3/PT09/z4+Pv8+Pj7/Pj4+/z4+Pv89PT3/PT09/zw8PP87Ozv/OTk5/zk5Of86Ojr/Ozs7/zw8PP88PDz/Ozs7/zs7O/88PDz/PDw8/z09Pf89PT3/PT09/zw8PP87Ozv/Ojo6/zs7O/87Ozv/PDw8/z4+Pv8/Pz//QEBA/0FBQf9AQED/QEBA/z4+Pv89PT3/PT09/zw8PP89PT3/PT09/z09Pf8+Pj7/Pj4+/z4+Pv8+Pj7/PT09/z09Pf89PT3/PT09/z09Pf89PT3/PT09/zw8PP88PDz/PDw8/z09Pf89PT3/Pj4+/z8/P/9AQED/QUFB/0BAQP9AQED/QEBA/0BAQP8/Pz//Pj4+/z4+Pv8+Pj7/Pj4+/z8/P/8/Pz//Pj4+/z4+Pv8/Pz//QEBA/z8/P/8/Pz//Pj4+/z09Pf89PT3/Pj4+/z09Pf88PDz/PT09/z09Pf8+Pj7/Pj4+/z4+Pv8+Pj7/Pz8//z8/P/8+Pj7/Pj4+/z09Pf8+Pj7/Pj4+/z4+Pv8/Pz//Pz8//0BAQP9AQED/Pz8//z8/P/8/Pz//Pz8//z8/P/8/Pz//Pz8//z8/P/8/Pz//Pj4+/z4+Pv8+Pj7/Pz8//0BAQP9AQED/QUFB/0BAQP9AQED/QEBA/0BAQP9AQED/Pz8//z8/P/8/Pz//Pz8//z4+Pv8+Pj7/Pj4+/z4+Pv8+Pj7/Pz8//0BAQP8aGhr/Ghoa/xoaGv8ZGRn/GBgY/xgYGP8XFxf/FxcX/xgYGP8XFxf/FxcX/xcXF/8XFxf/FxcX/xcXF/8XFxf/GBgY/xgYGP8YGBj/GBgY/xgYGP8YGBj/GBgY/xgYGP8YGBj/GBgY/xgYGP8XFxf/FxcX/xgYGP8YGBj/FxcX/xcXF/8WFhb/FhYW/xYWFv8VFRX/FRUV/xUVFf8WFhb/FhYW/xkZGf8dHR3/ISEh/ycnJ/8mJib/JCQk/yIiIv8gICD/Hx8f/x4eHv8eHh7/HR0d/x0dHf8cHBz/HBwc/xsbG/8bGxv/HBwc/x4eHv8hISH/JiYm/ykpKf8tLS3/Kioq/yMjI/8gICD/HBwc/xsbG/8cHBz/HR0d/x0dHf8eHh7/Hh4e/x8fH/8fHx//ICAg/x8fH/8dHR3/HBwc/xsbG/8bGxv/HBwc/x0dHf8fHx//ICAg/yMjI/8lJSX/KCgo/yoqKv8wMDD/NDQ0/zQ0NP81NTX/MzMz/zIyMv80NDT/Nzc3/zc3N/84ODj/OTk5/zo6Ov85OTn/Nzc3/zc3N/84ODj/Ojo6/zw8PP89PT3/Ojo6/zc3N/81NTX/MjIy/zAwMP8uLi7/Ly8v/zAwMP8yMjL/MzMz/zQ0NP82Njb/NTU1/zMzM/8yMjL/MzMz/zMzM/8zMzP/NDQ0/zY2Nv84ODj/PT09/0JCQv9AQED/Pz8//0BAQP9BQUH/QEBA/z8/P/8+Pj7/Pj4+/z4+Pv8+Pj7/Pj4+/z4+Pv89PT3/Ojo6/zg4OP87Ozv/PDw8/zs7O/85OTn/OTk5/zk5Of81NTX/Ly8v/y8vL/8uLi7/LS0t/ywsLP8pKSn/IyMj/yAgIP8dHR3/Gxsb/xsbG/8bGxv/GRkZ/xgYGP8XFxf/FRUV/xUVFf8UFBT/ExMT/xMTE/8TExP/ExMT/xQUFP8XFxf/FxcX/xUVFf8UFBT/ERER/xAQEP8PDw//Dg4O/w4ODv8ODg7/Dg4O/w8PD/8ODg7/Dg4O/w4ODv8ODg7/Dg4O/w4ODv8ODg7/Dw8P/xEREf8VFRX/Gxsb/ygoKP8uLi7/NTU1/zk5Of8/Pz//RERE/0hISP9MTEz/TExM/01NTf9LS0v/SEhI/0ZGRv9CQkL/QEBA/zw8PP88PDz/PT09/z4+Pv9AQED/QUFB/0FBQf9CQkL/QkJC/0NDQ/9CQkL/QkJC/0BAQP8+Pj7/Pz8//0BAQP9BQUH/RERE/0VFRf9GRkb/RkZG/0RERP9CQkL/Ozs7/zU1Nf8pKSn/ICAg/xgYGP8RERH/EBAQ/w8PD/8PDw//Dw8P/w4ODv8ODg7/Dg4O/w4ODv8ODg7/Dg4O/w4ODv8ODg7/Dg4O/w4ODv8PDw//ERER/xMTE/8ZGRn/Hh4e/ywsLP86Ojr/Ozs7/z09Pf87Ozv/OTk5/zg4OP80NDT/MzMz/zAwMP8vLy//Ly8v/zAwMP8yMjL/MjIy/zIyMv8yMjL/MTEx/zAwMP8vLy//Li4u/y4uLv8vLy//MDAw/zAwMP8xMTH/MTEx/zExMf8xMTH/MTEx/zExMf8xMTH/MjIy/zMzM/8yMjL/MTEx/zExMf8wMDD/MDAw/zExMf8xMTH/MTEx/zExMf8zMzP/MjIy/zIyMv8xMTH/MTEx/zExMf8xMTH/MTEx/zExMf8yMjL/MjIy/zMzM/8yMjL/MTEx/zIyMv8zMzP/MzMz/zQ0NP8zMzP/MjIy/zIyMv8yMjL/MjIy/zExMf8xMTH/MjIy/zMzM/8yMjL/MzMz/zMzM/80NDT/NDQ0/zg4OP86Ojr/PT09/zk5Of8zMzP/Li4u/yQkJP8hISH/HR0d/xsbG/8bGxv/HBwc/yAgIP8mJib/NTU1/0JCQv9XV1f/ZmZm/1xcXP9RUVH/T09P/01NTf9PT0//UVFR/09PT/9MTEz/TExM/01NTf9MTEz/SUlJ/0hISP9HR0f/RUVF/0BAQP89PT3/Ozs7/zo6Ov86Ojr/Ozs7/z4+Pv9BQUH/QkJC/0NDQ/89PT3/NDQ0/ysrK/8bGxv/GBgY/xkZGf8cHBz/JCQk/ykpKf8wMDD/NDQ0/zY2Nv83Nzf/ODg4/zk5Of85OTn/Ojo6/zs7O/88PDz/Ozs7/zg4OP84ODj/Nzc3/zY2Nv81NTX/NDQ0/zIyMv8wMDD/JiYm/yAgIP8fHx//Hx8f/yMjI/8nJyf/LS0t/zU1Nf83Nzf/Ozs7/zk5Of82Njb/Nzc3/zk5Of85OTn/Ojo6/zo6Ov86Ojr/Ojo6/zk5Of85OTn/Nzc3/zY2Nv8uLi7/JiYm/yMjI/8fHx//IyMj/ygoKP82Njb/Tk5O/1VVVf9eXl7/YmJi/2dnZ/9paWn/a2tr/2tra/9ra2v/a2tr/2tra/9ra2v/bGxs/21tbf9qamr/ZWVl/2ZmZv9nZ2f/ZGRk/15eXv9gYGD/ZWVl/2dnZ/9qamr/aWlp/2RkZP9fX1//VFRU/0tLS/83Nzf/JCQk/x0dHf8WFhb/FhYW/xUVFf8VFRX/FhYW/xkZGf8fHx//IiIi/ycnJ/8lJSX/Hh4e/xwcHP8bGxv/Hx8f/zMzM/9GRkb/cXFx/5ubm/96enr/VlZW/1ZWVv9YWFj/TExM/zk5Of80NDT/LS0t/ygoKP8hISH/Hh4e/xkZGf8XFxf/FxcX/xYWFv8WFhb/FhYW/xYWFv8XFxf/GBgY/xgYGP8YGBj/FhYW/xYWFv8WFhb/FhYW/xYWFv8WFhb/FhYW/xYWFv8WFhb/FhYW/xcXF/8YGBj/HR0d/yEhIf8uLi7/Ozs7/zc3N/8zMzP/Li4u/ygoKP8nJyf/JiYm/yIiIv8cHBz/GRkZ/xYWFv8VFRX/FRUV/xUVFf8VFRX/FRUV/xQUFP8UFBT/ExMT/xMTE/8TExP/ExMT/xMTE/8SEhL/EhIS/xISEv8SEhL/ERER/xEREf8RERH/EhIS/xUVFf8ZGRn/JCQk/ysrK/8pKSn/JiYm/x4eHv8VFRX/ExMT/xEREf8RERH/ERER/xAQEP8PDw//EBAQ/xEREf8RERH/ERER/xEREf8QEBD/EBAQ/xAQEP8QEBD/Dw8P/w8PD/8PDw//Dg4O/w4ODv8PDw//Dw8P/xAQEP8QEBD/ERER/xMTE/8YGBj/Hx8f/y4uLv8xMTH/KSkp/yMjI/8ZGRn/EhIS/xAQEP8PDw//Dw8P/w8PD/8PDw//Dw8P/w8PD/8PDw//Dw8P/w8PD/8PDw//Dg4O/w4ODv8ODg7/Dg4O/w8PD/8PDw//Dw8P/w8PD/8PDw//Dw8P/w8PD/8PDw//Dw8P/xAQEP8UFBT/Ghoa/yQkJP81NTX/NjY2/zQ0NP8tLS3/HR0d/xcXF/8SEhL/EBAQ/xEREf8RERH/ERER/xEREf8RERH/EhIS/xYWFv8aGhr/Hx8f/ycnJ/8nJyf/Jycn/yUlJf8iIiL/ISEh/x8fH/8fHx//Hh4e/x4eHv8fHx//Hx8f/yMjI/8mJib/LCws/zMzM/83Nzf/PDw8/zMzM/8kJCT/Hh4e/xQUFP8SEhL/EBAQ/w8PD/8PDw//Dw8P/w8PD/8PDw//Dw8P/w8PD/8PDw//QkJC/0NDQ/9ERET/RERE/0RERP9ERET/Q0ND/0NDQ/9CQkL/Q0ND/0RERP9ERET/QkJC/0JCQv9BQUH/QUFB/0BAQP8/Pz//QEBA/0FBQf9BQUH/QEBA/0BAQP8/Pz//Pz8//0BAQP9AQED/QEBA/0BAQP9BQUH/QUFB/0BAQP9AQED/QEBA/0BAQP8/Pz//Pj4+/z4+Pv89PT3/Pz8//0FBQf9BQUH/QkJC/0JCQv9DQ0P/QkJC/0BAQP8/Pz//QEBA/0BAQP9BQUH/QUFB/0JCQv9CQkL/QkJC/0JCQv9AQED/Pz8//0BAQP9BQUH/QEBA/z8/P/8+Pj7/PT09/z4+Pv9AQED/QEBA/0BAQP9AQED/QEBA/0BAQP9BQUH/QUFB/0FBQf9BQUH/QUFB/0FBQf9BQUH/QEBA/0BAQP8/Pz//QEBA/0JCQv9CQkL/QUFB/0FBQf9AQED/QEBA/0BAQP9AQED/QUFB/0FBQf9AQED/QEBA/0BAQP9AQED/QEBA/0BAQP9AQED/Pz8//0BAQP9BQUH/QUFB/0BAQP9AQED/QUFB/0FBQf9AQED/QEBA/z8/P/8/Pz//QEBA/0FBQf9BQUH/QkJC/0JCQv9DQ0P/QUFB/z8/P/8/Pz//QEBA/z8/P/8+Pj7/Pz8//0BAQP9BQUH/QkJC/0JCQv9DQ0P/Q0ND/0JCQv9CQkL/QkJC/0NDQ/9BQUH/Pz8//z8/P/9AQED/QkJC/0VFRf9ERET/QkJC/0JCQv9BQUH/QUFB/0FBQf9BQUH/QUFB/0FBQf9BQUH/QkJC/0JCQv9DQ0P/Q0ND/0JCQv9BQUH/QEBA/0BAQP8/Pz//QEBA/0JCQv9CQkL/QUFB/0FBQf9AQED/Pz8//0BAQP9AQED/QUFB/0FBQf9BQUH/QUFB/0FBQf9AQED/QEBA/z8/P/8/Pz//QEBA/0BAQP9BQUH/QUFB/0BAQP9AQED/QEBA/0BAQP9CQkL/RERE/0NDQ/9DQ0P/QkJC/0JCQv9GRkb/TU1N/1dXV/9nZ2f/aGho/2ZmZv9eXl7/S0tL/0FBQf82Njb/MTEx/y8vL/8vLy//Li4u/y0tLf8vLy//MTEx/zk5Of9DQ0P/RERE/0RERP9DQ0P/QEBA/0BAQP9BQUH/QEBA/z8/P/8/Pz//Pz8//z8/P/8+Pj7/Pj4+/z8/P/8/Pz//Pj4+/z4+Pv8+Pj7/Pz8//z8/P/8/Pz//Pz8//0BAQP9AQED/QEBA/0FBQf9CQkL/QkJC/0FBQf9AQED/Pz8//z8/P/9BQUH/QkJC/0NDQ/9ERET/Q0ND/0JCQv9BQUH/Pz8//z8/P/8/Pz//QEBA/0FBQf9BQUH/Q0ND/0NDQ/9BQUH/QUFB/0BAQP8/Pz//QkJC/0RERP9DQ0P/Q0ND/0JCQv9BQUH/QUFB/0FBQf9BQUH/QEBA/z8/P/8+Pj7/Pj4+/0BAQP8/Pz//Pj4+/z09Pf8+Pj7/Pz8//z8/P/8/Pz//Pz8//z8/P/9AQED/QUFB/0FBQf9AQED/QEBA/z8/P/9AQED/QUFB/0FBQf9AQED/QEBA/0BAQP9AQED/QUFB/0FBQf8/Pz//Pj4+/z8/P/9BQUH/Q0ND/0VFRf9ERET/Q0ND/0JCQv9BQUH/QUFB/0BAQP8/Pz//Pj4+/z4+Pv8+Pj7/Pj4+/zs7O/85OTn/NDQ0/y4uLv8nJyf/Hx8f/x8fH/8fHx//JCQk/ywsLP8wMDD/NjY2/zk5Of8+Pj7/Pj4+/zs7O/85OTn/Nzc3/zY2Nv80NDT/MjIy/zU1Nf8yMjL/MzMz/zQ0NP80NDT/MzMz/zQ0NP81NTX/NDQ0/zMzM/80NDT/NjY2/zc3N/83Nzf/Nzc3/zY2Nv81NTX/NjY2/zY2Nv80NDT/MzMz/zMzM/8zMzP/MzMz/zMzM/8zMzP/MzMz/zMzM/80NDT/NTU1/zY2Nv82Njb/Nzc3/zc3N/82Njb/NTU1/zQ0NP80NDT/NjY2/zc3N/82Njb/NDQ0/zQ0NP81NTX/NjY2/zg4OP83Nzf/NjY2/zY2Nv84ODj/Nzc3/zU1Nf80NDT/MzMz/zIyMv80NDT/NTU1/zc3N/84ODj/Nzc3/zU1Nf81NTX/NDQ0/zU1Nf82Njb/NjY2/zY2Nv82Njb/NjY2/zY2Nv83Nzf/Nzc3/zg4OP85OTn/Ojo6/zs7O/85OTn/Nzc3/zY2Nv81NTX/NTU1/zY2Nv83Nzf/ODg4/zg4OP85OTn/ODg4/zc3N/82Njb/NjY2/zY2Nv82Njb/NjY2/zY2Nv82Njb/Nzc3/zc3N/83Nzf/Nzc3/zc3N/82Njb/NjY2/zc3N/83Nzf/NjY2/zc3N/84ODj/ODg4/zc3N/83Nzf/ODg4/zg4OP85OTn/OTk5/zk5Of85OTn/OTk5/zk5Of85OTn/ODg4/zk5Of86Ojr/Ojo6/zo6Ov86Ojr/OTk5/zk5Of85OTn/OTk5/zg4OP84ODj/ODg4/zg4OP85OTn/OTk5/zk5Of85OTn/Ojo6/zs7O/86Ojr/ODg4/zg4OP84ODj/OTk5/zs7O/88PDz/Ozs7/zs7O/88PDz/PDw8/zs7O/86Ojr/Ozs7/z09Pf88PDz/PDw8/z09Pf8+Pj7/Pj4+/z09Pf89PT3/PDw8/zw8PP8+Pj7/PT09/zw8PP87Ozv/PT09/z4+Pv8+Pj7/Pj4+/z09Pf89PT3/Pz8//0FBQf9AQED/QEBA/z8/P/88PDz/PDw8/zw8PP88PDz/Ozs7/zo6Ov87Ozv/PDw8/z09Pf89PT3/PT09/z4+Pv8+Pj7/Pz8//z8/P/8+Pj7/PT09/zs7O/88PDz/Pj4+/z09Pf87Ozv/Ozs7/zw8PP88PDz/PT09/z09Pf8+Pj7/Pj4+/z4+Pv8+Pj7/Pj4+/z09Pf88PDz/Ozs7/zo6Ov84ODj/OTk5/zs7O/88PDz/PT09/z09Pf87Ozv/Ozs7/zw8PP89PT3/PT09/z09Pf89PT3/PDw8/zs7O/86Ojr/Ozs7/zw8PP89PT3/Pz8//0BAQP9BQUH/QEBA/z8/P/8+Pj7/PT09/zw8PP88PDz/PDw8/z09Pf89PT3/PT09/z4+Pv8+Pj7/Pj4+/z4+Pv89PT3/PT09/z09Pf89PT3/PT09/z09Pf89PT3/PT09/zw8PP87Ozv/PDw8/z09Pf8+Pj7/Pz8//0BAQP9AQED/QEBA/0BAQP9AQED/Pz8//z8/P/8+Pj7/Pj4+/z4+Pv8+Pj7/Pz8//z8/P/8/Pz//Pz8//0BAQP9BQUH/QEBA/0BAQP8/Pz//PT09/z09Pf8+Pj7/PT09/zw8PP88PDz/PT09/z4+Pv8/Pz//Pz8//0BAQP9AQED/Pz8//z8/P/8+Pj7/PT09/z4+Pv8+Pj7/Pz8//0BAQP9AQED/QUFB/0FBQf9AQED/QEBA/z8/P/8/Pz//Pz8//z8/P/9AQED/QEBA/0FBQf9BQUH/QEBA/z8/P/9AQED/QEBA/0BAQP9BQUH/QEBA/z4+Pv8+Pj7/Pz8//z8/P/8/Pz//Pz8//z4+Pv8+Pj7/Pz8//z8/P/8/Pz//Pz8//z8/P/8/Pz//QUFB/xoaGv8aGhr/Ghoa/xkZGf8YGBj/GBgY/xcXF/8XFxf/GBgY/xgYGP8XFxf/FxcX/xYWFv8WFhb/FhYW/xYWFv8XFxf/FxcX/xcXF/8XFxf/GBgY/xgYGP8YGBj/GBgY/xgYGP8XFxf/FxcX/xYWFv8WFhb/GBgY/xgYGP8XFxf/FxcX/xYWFv8WFhb/FRUV/xUVFf8VFRX/FRUV/xUVFf8WFhb/GRkZ/x4eHv8iIiL/Jycn/yYmJv8kJCT/IiIi/yAgIP8gICD/Hh4e/x4eHv8dHR3/HR0d/xwcHP8cHBz/Gxsb/xoaGv8bGxv/HR0d/yAgIP8lJSX/KCgo/ywsLP8qKir/JSUl/yIiIv8dHR3/Gxsb/xsbG/8bGxv/HBwc/x0dHf8eHh7/Hx8f/x8fH/8fHx//Hh4e/x0dHf8cHBz/Ghoa/xoaGv8aGhr/Gxsb/xwcHP8dHR3/Hh4e/yAgIP8lJSX/KCgo/y4uLv8yMjL/MjIy/zIyMv8xMTH/Ly8v/zExMf8zMzP/NDQ0/zY2Nv83Nzf/OTk5/zk5Of83Nzf/ODg4/zw8PP89PT3/QEBA/0BAQP88PDz/OTk5/zY2Nv80NDT/MTEx/y8vL/8xMTH/MzMz/zQ0NP83Nzf/ODg4/zo6Ov84ODj/NDQ0/zMzM/80NDT/NDQ0/zU1Nf81NTX/Nzc3/zk5Of8+Pj7/Q0ND/0FBQf9AQED/QEBA/0BAQP8/Pz//Pj4+/z4+Pv89PT3/Pj4+/0BAQP9BQUH/QkJC/0FBQf88PDz/Ojo6/z09Pf8/Pz//PDw8/zk5Of84ODj/Nzc3/zIyMv8sLCz/Kioq/ygoKP8mJib/IyMj/yEhIf8dHR3/HBwc/xoaGv8aGhr/GRkZ/xkZGf8YGBj/GBgY/xYWFv8VFRX/FBQU/xQUFP8UFBT/ExMT/xMTE/8TExP/FRUV/xgYGP8XFxf/FRUV/xQUFP8SEhL/ERER/w8PD/8ODg7/Dg4O/w4ODv8PDw//Dw8P/w8PD/8ODg7/Dg4O/w4ODv8ODg7/Dg4O/w4ODv8PDw//ERER/xQUFP8ZGRn/JSUl/ywsLP8yMjL/Nzc3/z09Pf9CQkL/SEhI/01NTf9NTU3/TU1N/0xMTP9KSkr/R0dH/0NDQ/9AQED/PT09/zw8PP89PT3/Pj4+/z8/P/8/Pz//QEBA/0FBQf9CQkL/QkJC/0JCQv9BQUH/QEBA/z8/P/9AQED/QkJC/0NDQ/9GRkb/RkZG/0dHR/9GRkb/QkJC/z8/P/85OTn/MzMz/ygoKP8gICD/GBgY/xEREf8QEBD/Dw8P/w8PD/8PDw//Dw8P/w8PD/8PDw//Dg4O/w4ODv8ODg7/Dg4O/w4ODv8ODg7/Dg4O/w8PD/8RERH/ExMT/xgYGP8eHh7/LCws/zs7O/88PDz/PT09/zs7O/85OTn/Nzc3/zQ0NP8zMzP/MDAw/y8vL/8vLy//MDAw/zMzM/80NDT/MzMz/zMzM/8xMTH/MDAw/y8vL/8tLS3/Li4u/y8vL/8vLy//MDAw/zExMf8yMjL/MjIy/zIyMv8yMjL/MTEx/zIyMv8zMzP/NDQ0/zIyMv8xMTH/MDAw/y8vL/8wMDD/MTEx/zIyMv8zMzP/MzMz/zMzM/8yMjL/MTEx/zExMf8wMDD/MDAw/zAwMP8wMDD/MTEx/zExMf8yMjL/MzMz/zIyMv8yMjL/MzMz/zQ0NP80NDT/NTU1/zQ0NP8yMjL/MjIy/zExMf8xMTH/MDAw/zExMf8yMjL/MzMz/zIyMv8yMjL/MzMz/zQ0NP8zMzP/NjY2/zo6Ov8/Pz//PT09/zo6Ov82Njb/MjIy/zAwMP8uLi7/LS0t/yoqKv8rKyv/Ly8v/zU1Nf9ERET/T09P/11dXf9nZ2f/X19f/1dXV/9VVVX/UlJS/1NTU/9VVVX/VVVV/1ZWVv9VVVX/U1NT/1FRUf9OTk7/TExM/0pKSv9HR0f/Pj4+/zk5Of84ODj/ODg4/zk5Of85OTn/PDw8/z8/P/9BQUH/RUVF/z8/P/83Nzf/Li4u/x4eHv8bGxv/Gxsb/x4eHv8lJSX/Kioq/zExMf81NTX/Nzc3/zg4OP85OTn/Ojo6/zo6Ov85OTn/OTk5/zk5Of84ODj/NjY2/zY2Nv83Nzf/Nzc3/zY2Nv81NTX/MzMz/y8vL/8lJSX/Hx8f/x0dHf8cHBz/ISEh/yYmJv8uLi7/Nzc3/zg4OP85OTn/Nzc3/zU1Nf81NTX/Nzc3/zg4OP84ODj/Nzc3/zc3N/83Nzf/ODg4/zg4OP83Nzf/NjY2/zIyMv8uLi7/LS0t/ysrK/8xMTH/OTk5/0dHR/9eXl7/ZGRk/2lpaf9qamr/ampq/2tra/9sbGz/bW1t/29vb/9wcHD/cnJy/3Nzc/9zc3P/c3Nz/3Fxcf9ubm7/b29v/3Jycv9ubm7/Z2dn/2ZmZv9lZWX/ZmZm/2lpaf9qamr/Z2dn/2RkZP9aWlr/UVFR/zo6Ov8kJCT/Hh4e/xYWFv8VFRX/FBQU/xUVFf8WFhb/Ghoa/x8fH/8iIiL/KCgo/yYmJv8eHh7/Gxsb/xkZGf8aGhr/JSUl/zAwMP9PT0//bGxs/2RkZP9bW1v/W1tb/1paWv9TU1P/SEhI/0JCQv85OTn/MzMz/ykpKf8lJSX/IiIi/yAgIP8gICD/ICAg/yAgIP8fHx//Hx8f/x8fH/8gICD/ICAg/yAgIP8gICD/ISEh/yIiIv8hISH/ICAg/x8fH/8fHx//Hx8f/x4eHv8eHh7/Hx8f/yAgIP8jIyP/JiYm/y8vL/85OTn/NTU1/zExMf8tLS3/KCgo/yUlJf8gICD/HBwc/xcXF/8WFhb/FBQU/xMTE/8TExP/ExMT/xMTE/8TExP/ExMT/xMTE/8SEhL/EhIS/xISEv8SEhL/ERER/xEREf8RERH/ERER/xEREf8RERH/ERER/xEREf8SEhL/FRUV/xkZGf8kJCT/Kioq/ycnJ/8kJCT/HBwc/xQUFP8TExP/ERER/xEREf8RERH/ERER/xAQEP8QEBD/EBAQ/xAQEP8QEBD/EBAQ/xAQEP8PDw//EBAQ/xAQEP8QEBD/EBAQ/w8PD/8PDw//Dw8P/w8PD/8PDw//EBAQ/xAQEP8QEBD/ExMT/xcXF/8eHh7/LS0t/y8vL/8nJyf/IiIi/xkZGf8TExP/ERER/xAQEP8PDw//Dw8P/w8PD/8ODg7/Dw8P/w8PD/8PDw//EBAQ/w8PD/8PDw//Dw8P/w8PD/8PDw//Dw8P/w8PD/8PDw//Dw8P/w8PD/8ODg7/Dg4O/w4ODv8PDw//EBAQ/xQUFP8aGhr/IyMj/zQ0NP81NTX/MzMz/y0tLf8dHR3/FxcX/xMTE/8RERH/ERER/xEREf8RERH/ERER/xISEv8TExP/GRkZ/yIiIv8oKCj/MjIy/y8vL/8pKSn/JiYm/yEhIf8gICD/Hh4e/x4eHv8fHx//Hx8f/x8fH/8gICD/IyMj/yUlJf8rKyv/MjIy/zU1Nf86Ojr/MDAw/yIiIv8cHBz/FBQU/xISEv8PDw//Dw8P/w8PD/8PDw//Dw8P/w8PD/8PDw//Dw8P/w8PD/9BQUH/QkJC/0JCQv9CQkL/QUFB/0FBQf9BQUH/QUFB/0JCQv9CQkL/QkJC/0JCQv9CQkL/QkJC/0FBQf9AQED/QEBA/0BAQP9AQED/QUFB/0FBQf9AQED/QEBA/z8/P/8/Pz//Pz8//0BAQP9CQkL/QkJC/0FBQf9BQUH/Pz8//z8/P/9AQED/QEBA/z8/P/8+Pj7/Pj4+/z8/P/9AQED/QEBA/0FBQf9CQkL/Q0ND/0NDQ/9DQ0P/QkJC/0FBQf9AQED/QEBA/0BAQP9BQUH/QkJC/0JCQv9CQkL/QUFB/0FBQf9BQUH/QUFB/0JCQv9BQUH/QEBA/0BAQP8/Pz//Pz8//z8/P/9AQED/QEBA/0BAQP9AQED/QEBA/0BAQP9BQUH/QUFB/0JCQv9CQkL/Q0ND/0JCQv9BQUH/QUFB/0FBQf9BQUH/QUFB/0FBQf9BQUH/QUFB/0FBQf9BQUH/QEBA/0BAQP9AQED/QEBA/0FBQf9BQUH/QkJC/0NDQ/9DQ0P/QkJC/0JCQv9BQUH/QUFB/0BAQP9BQUH/QUFB/0FBQf9BQUH/QUFB/0BAQP9AQED/QEBA/0BAQP9BQUH/QkJC/0JCQv9BQUH/QUFB/0FBQf9BQUH/QEBA/0BAQP9BQUH/QEBA/z8/P/8/Pz//QEBA/0FBQf9BQUH/QkJC/0NDQ/9DQ0P/Q0ND/0JCQv9CQkL/QkJC/0JCQv9CQkL/QkJC/0JCQv9DQ0P/RERE/0RERP9DQ0P/QkJC/0JCQv9CQkL/QkJC/0JCQv9BQUH/QUFB/0FBQf9AQED/QUFB/0JCQv9CQkL/QkJC/0JCQv9DQ0P/Q0ND/0NDQ/9ERET/RUVF/0RERP9BQUH/QEBA/z8/P/8+Pj7/Pz8//z8/P/9AQED/QkJC/0FBQf9AQED/QUFB/0JCQv9CQkL/QkJC/0JCQv9BQUH/QUFB/0BAQP9AQED/QEBA/z8/P/8/Pz//Pz8//0FBQf9CQkL/QkJC/0JCQv9CQkL/QUFB/0VFRf9KSkr/Tk5O/1RUVP9TU1P/UFBQ/0pKSv8+Pj7/ODg4/zExMf8uLi7/LS0t/ywsLP8qKir/KSkp/yoqKv8sLCz/MjIy/zo6Ov89PT3/QUFB/0FBQf9AQED/QEBA/0BAQP9AQED/QEBA/z8/P/8/Pz//Pj4+/z09Pf89PT3/Pj4+/z8/P/8+Pj7/Pj4+/z4+Pv8+Pj7/Pz8//0FBQf9AQED/QEBA/0BAQP9AQED/QUFB/0JCQv9CQkL/QUFB/0FBQf9AQED/QEBA/0FBQf9BQUH/QkJC/0JCQv9CQkL/QUFB/0JCQv9CQkL/QUFB/0BAQP9AQED/QUFB/0FBQf9BQUH/QUFB/0FBQf9CQkL/QkJC/0JCQv9CQkL/QkJC/0JCQv9CQkL/QkJC/0JCQv9BQUH/QEBA/0BAQP9AQED/QEBA/z8/P/8/Pz//QEBA/0BAQP8/Pz//Pj4+/z8/P/9AQED/Pz8//z4+Pv8/Pz//QEBA/0BAQP9AQED/QEBA/z8/P/8/Pz//QEBA/0BAQP9AQED/QEBA/0BAQP9AQED/Pz8//z8/P/8/Pz//QEBA/z8/P/89PT3/Pj4+/z8/P/9AQED/QkJC/0FBQf9AQED/Pz8//z4+Pv8+Pj7/Pj4+/z09Pf89PT3/PDw8/z09Pf89PT3/Ozs7/zk5Of8zMzP/LS0t/ycnJ/8fHx//Hx8f/x8fH/8lJSX/Ly8v/zIyMv82Njb/Nzc3/zc3N/84ODj/Ojo6/z4+Pv9JSUn/S0tL/z8/P/82Njb/NjY2/zMzM/8yMjL/MjIy/zMzM/8zMzP/MzMz/zQ0NP8zMzP/MzMz/zMzM/81NTX/NjY2/zg4OP84ODj/NjY2/zQ0NP80NDT/NDQ0/zQ0NP8zMzP/MzMz/zQ0NP80NDT/NDQ0/zU1Nf81NTX/NTU1/zU1Nf81NTX/NTU1/zY2Nv82Njb/NjY2/zY2Nv81NTX/NTU1/zQ0NP81NTX/NjY2/zY2Nv81NTX/NjY2/zY2Nv83Nzf/ODg4/zc3N/82Njb/NjY2/zc3N/83Nzf/NjY2/zU1Nf80NDT/NDQ0/zU1Nf82Njb/Nzc3/zc3N/83Nzf/NjY2/zY2Nv82Njb/NjY2/zY2Nv82Njb/NTU1/zY2Nv82Njb/NjY2/zg4OP84ODj/ODg4/zg4OP84ODj/OTk5/zg4OP83Nzf/Nzc3/zY2Nv82Njb/NTU1/zY2Nv83Nzf/ODg4/zk5Of85OTn/ODg4/zg4OP84ODj/ODg4/zc3N/83Nzf/NjY2/zY2Nv83Nzf/ODg4/zg4OP85OTn/OTk5/zg4OP84ODj/ODg4/zg4OP83Nzf/Nzc3/zg4OP85OTn/ODg4/zg4OP83Nzf/Nzc3/zc3N/83Nzf/Nzc3/zc3N/83Nzf/Nzc3/zg4OP85OTn/OTk5/zk5Of85OTn/ODg4/zg4OP84ODj/OTk5/zo6Ov87Ozv/Ojo6/zk5Of85OTn/OTk5/zk5Of86Ojr/OTk5/zg4OP84ODj/ODg4/zg4OP85OTn/OTk5/zo6Ov86Ojr/PDw8/zw8PP88PDz/Ozs7/zs7O/87Ozv/Ojo6/zk5Of86Ojr/Ojo6/zo6Ov85OTn/Ojo6/zs7O/87Ozv/PDw8/zw8PP87Ozv/Ozs7/zw8PP88PDz/Ozs7/zs7O/88PDz/PDw8/zw8PP88PDz/Ozs7/zo6Ov88PDz/PT09/z09Pf88PDz/Ozs7/zo6Ov86Ojr/Ozs7/zs7O/88PDz/PT09/z09Pf89PT3/PDw8/zw8PP88PDz/PT09/z09Pf89PT3/PT09/z09Pf89PT3/PDw8/zw8PP88PDz/PDw8/zs7O/87Ozv/PDw8/zw8PP89PT3/PT09/z09Pf89PT3/PT09/z09Pf89PT3/PDw8/zw8PP88PDz/Ozs7/zs7O/87Ozv/PDw8/zw8PP89PT3/PDw8/zs7O/86Ojr/Ojo6/zo6Ov88PDz/PT09/z09Pf89PT3/PDw8/zs7O/87Ozv/Ozs7/zw8PP8+Pj7/Pz8//0BAQP8/Pz//Pz8//z4+Pv89PT3/PDw8/zw8PP88PDz/PDw8/zw8PP88PDz/PDw8/z09Pf8+Pj7/Pz8//z8/P/8/Pz//Pj4+/z4+Pv8+Pj7/Pj4+/z4+Pv8+Pj7/Pj4+/z4+Pv9AQED/QEBA/0BAQP9AQED/QEBA/0FBQf9AQED/Pz8//z4+Pv89PT3/Pj4+/z4+Pv8+Pj7/PT09/z4+Pv8/Pz//Pz8//z8/P/9AQED/QUFB/0FBQf9AQED/Pz8//z8/P/8/Pz//Pz8//z8/P/8/Pz//Pj4+/z09Pf89PT3/PT09/z09Pf89PT3/PT09/z09Pf8+Pj7/Pj4+/z4+Pv8+Pj7/PT09/z09Pf8+Pj7/Pz8//z8/P/8/Pz//Pz8//z8/P/8/Pz//Pz8//z8/P/8+Pj7/Pz8//z8/P/9AQED/QUFB/0FBQf8/Pz//Pj4+/z8/P/8/Pz//QEBA/0BAQP8/Pz//PT09/z4+Pv8/Pz//Pz8//z4+Pv89PT3/PDw8/zw8PP89PT3/Pj4+/z8/P/8/Pz//Pz8//z8/P/9AQED/Gxsb/xoaGv8aGhr/GRkZ/xkZGf8YGBj/GBgY/xgYGP8ZGRn/GBgY/xgYGP8YGBj/GBgY/xgYGP8XFxf/FxcX/xcXF/8XFxf/GBgY/xgYGP8ZGRn/GRkZ/xkZGf8ZGRn/GBgY/xcXF/8XFxf/FhYW/xYWFv8XFxf/FxcX/xcXF/8XFxf/FxcX/xYWFv8WFhb/FhYW/xYWFv8WFhb/FhYW/xcXF/8ZGRn/HR0d/yEhIf8mJib/JSUl/yMjI/8iIiL/Hx8f/x4eHv8dHR3/HR0d/xwcHP8cHBz/HBwc/xsbG/8bGxv/Gxsb/xsbG/8cHBz/Hh4e/yEhIf8kJCT/KCgo/ygoKP8oKCj/JSUl/x8fH/8dHR3/HBwc/xsbG/8cHBz/HBwc/x4eHv8fHx//Hx8f/x8fH/8fHx//Hh4e/x0dHf8bGxv/Gxsb/xsbG/8bGxv/Gxsb/xsbG/8cHBz/Hh4e/yEhIf8kJCT/KSkp/y0tLf8wMDD/MjIy/zExMf8wMDD/MDAw/zAwMP8wMDD/MDAw/zAwMP8wMDD/MDAw/zAwMP8yMjL/NjY2/zg4OP85OTn/OTk5/zY2Nv80NDT/MzMz/zIyMv8wMDD/Li4u/y8vL/8wMDD/MzMz/zc3N/86Ojr/Pj4+/z09Pf86Ojr/ODg4/zU1Nf81NTX/Nzc3/zg4OP85OTn/OTk5/zw8PP8+Pj7/PT09/zs7O/87Ozv/PDw8/zs7O/86Ojr/Ojo6/zo6Ov87Ozv/PT09/z4+Pv8+Pj7/PT09/zg4OP83Nzf/Ojo6/zw8PP86Ojr/ODg4/zs7O/89PT3/OTk5/zMzM/8vLy//Kioq/ycnJ/8iIiL/Hx8f/xsbG/8aGhr/Ghoa/xkZGf8aGhr/GRkZ/xkZGf8YGBj/FhYW/xQUFP8UFBT/ExMT/xMTE/8SEhL/ExMT/xQUFP8VFRX/GBgY/xcXF/8WFhb/FRUV/xISEv8RERH/Dw8P/w4ODv8ODg7/Dg4O/w4ODv8ODg7/Dg4O/w4ODv8ODg7/DQ0N/w4ODv8ODg7/Dg4O/w8PD/8QEBD/ExMT/xcXF/8hISH/Jycn/y8vL/81NTX/Ojo6/z8/P/9FRUX/S0tL/0xMTP9OTk7/TExM/0pKSv9ISEj/RUVF/0RERP9CQkL/QkJC/0VFRf9FRUX/RERE/0NDQ/9CQkL/QUFB/0NDQ/9ERET/Q0ND/0FBQf9BQUH/QUFB/0JCQv9DQ0P/RERE/0VFRf9HR0f/SkpK/0hISP9DQ0P/Pz8//zg4OP8yMjL/JSUl/xwcHP8WFhb/ERER/xAQEP8PDw//Dw8P/w8PD/8PDw//Dw8P/w8PD/8PDw//Dw8P/w8PD/8PDw//Dw8P/w8PD/8PDw//EBAQ/xEREf8UFBT/Ghoa/x8fH/8uLi7/PT09/z09Pf8+Pj7/PDw8/zk5Of83Nzf/MzMz/zIyMv8wMDD/MDAw/zAwMP8wMDD/MjIy/zIyMv8yMjL/MjIy/zExMf8xMTH/MTEx/zAwMP8wMDD/Ly8v/y8vL/8wMDD/MTEx/zIyMv8yMjL/MTEx/zExMf8yMjL/MjIy/zMzM/8zMzP/MjIy/zIyMv8xMTH/MTEx/zIyMv8yMjL/MjIy/zIyMv8yMjL/MjIy/zIyMv8xMTH/MDAw/zAwMP8wMDD/MDAw/zAwMP8xMTH/MTEx/zIyMv8yMjL/MzMz/zMzM/80NDT/NTU1/zQ0NP8zMzP/MzMz/zIyMv8yMjL/MjIy/zIyMv8zMzP/MzMz/zQ0NP80NDT/MzMz/zIyMv8zMzP/NDQ0/zMzM/80NDT/Ojo6/0FBQf9AQED/Pj4+/z4+Pv89PT3/PT09/zw8PP86Ojr/NjY2/zc3N/87Ozv/QEBA/09PT/9ZWVn/YWFh/2dnZ/9hYWH/W1tb/1lZWf9WVlb/V1dX/1hYWP9aWlr/Xl5e/1xcXP9XV1f/VVVV/1JSUv9QUFD/TU1N/0lJSf88PDz/NTU1/zY2Nv83Nzf/ODg4/zg4OP87Ozv/Pj4+/0FBQf9GRkb/QUFB/zk5Of8wMDD/ICAg/x0dHf8dHR3/Hx8f/yUlJf8qKir/MjIy/zY2Nv83Nzf/ODg4/zk5Of86Ojr/Ojo6/zk5Of84ODj/Nzc3/zY2Nv81NTX/NjY2/zc3N/83Nzf/ODg4/zc3N/8zMzP/Li4u/yQkJP8eHh7/HBwc/xoaGv8gICD/JiYm/y4uLv84ODj/ODg4/zc3N/82Njb/MzMz/zQ0NP83Nzf/Nzc3/zY2Nv82Njb/NDQ0/zU1Nf83Nzf/ODg4/zc3N/82Njb/NTU1/zQ0NP80NDT/NDQ0/zw8PP9GRkb/VFRU/2pqav9ubm7/cXFx/3BwcP9sbGz/bGxs/21tbf9vb2//cXFx/3Nzc/92dnb/eXl5/3h4eP93d3f/dnZ2/3R0dP92dnb/enp6/3Z2dv9ubm7/a2tr/2VlZf9lZWX/aWlp/2pqav9paWn/Z2dn/19fX/9WVlb/PDw8/yUlJf8eHh7/FhYW/xUVFf8UFBT/FRUV/xcXF/8aGhr/Hx8f/yMjI/8pKSn/Jycn/x4eHv8aGhr/FxcX/xcXF/8bGxv/ICAg/zQ0NP9ISEj/U1NT/2BgYP9eXl7/XFxc/1hYWP9SUlL/TExM/0JCQv87Ozv/Ly8v/ysrK/8oKCj/Jycn/ygoKP8oKCj/Jycn/ycnJ/8mJib/JSUl/yUlJf8mJib/Jycn/ygoKP8pKSn/Kioq/ykpKf8nJyf/JiYm/yUlJf8lJSX/JCQk/yQkJP8lJSX/JSUl/ycnJ/8qKir/MDAw/zc3N/8zMzP/Ly8v/ywsLP8oKCj/IyMj/xsbG/8YGBj/FBQU/xMTE/8SEhL/EhIS/xISEv8SEhL/EhIS/xISEv8SEhL/EhIS/xEREf8RERH/ERER/xEREf8RERH/EBAQ/xAQEP8RERH/ERER/xEREf8RERH/EhIS/xMTE/8VFRX/GRkZ/yQkJP8pKSn/JiYm/yIiIv8bGxv/FBQU/xMTE/8RERH/ERER/xEREf8RERH/EBAQ/xAQEP8QEBD/EBAQ/xAQEP8QEBD/Dw8P/w8PD/8QEBD/EBAQ/xAQEP8QEBD/EBAQ/xAQEP8QEBD/Dw8P/w8PD/8QEBD/EBAQ/xAQEP8SEhL/FxcX/x4eHv8sLCz/LS0t/yUlJf8gICD/GRkZ/xQUFP8SEhL/EBAQ/xAQEP8PDw//Dw8P/w4ODv8ODg7/Dw8P/w8PD/8QEBD/EBAQ/xAQEP8QEBD/Dw8P/w8PD/8PDw//Dw8P/w8PD/8PDw//Dg4O/w4ODv8ODg7/Dg4O/w8PD/8QEBD/FBQU/xoaGv8jIyP/NDQ0/zU1Nf8zMzP/LS0t/x0dHf8XFxf/ExMT/xEREf8RERH/ERER/xEREf8RERH/EhIS/xMTE/8cHBz/KCgo/y8vL/87Ozv/NTU1/yoqKv8mJib/ISEh/x8fH/8eHh7/Hh4e/x8fH/8gICD/ICAg/yAgIP8jIyP/JSUl/ysrK/8xMTH/NDQ0/zg4OP8vLy//ICAg/xsbG/8TExP/ERER/w8PD/8PDw//Dw8P/w8PD/8PDw//Dw8P/w8PD/8PDw//Dw8P/0FBQf9BQUH/QUFB/0BAQP8/Pz//Pz8//0BAQP9BQUH/QkJC/0JCQv9BQUH/QUFB/0JCQv9CQkL/QUFB/0BAQP9AQED/QEBA/0FBQf9BQUH/QUFB/0BAQP9AQED/Pz8//z8/P/8/Pz//QEBA/0NDQ/9CQkL/QUFB/0BAQP8/Pz//Pj4+/z8/P/9AQED/Pz8//z4+Pv8/Pz//QEBA/0BAQP9AQED/QUFB/0JCQv9DQ0P/RERE/0RERP9DQ0P/QkJC/0FBQf9AQED/QEBA/0BAQP9CQkL/Q0ND/0JCQv9BQUH/QkJC/0JCQv9CQkL/Q0ND/0JCQv9BQUH/QUFB/0BAQP9AQED/Pz8//z8/P/9AQED/QEBA/z8/P/8/Pz//QEBA/0FBQf9CQkL/QkJC/0NDQ/9ERET/Q0ND/0FBQf9BQUH/QkJC/0FBQf9AQED/QUFB/0JCQv9CQkL/QkJC/0FBQf9AQED/Pz8//0BAQP9AQED/QUFB/0FBQf9DQ0P/RUVF/0VFRf9ERET/Q0ND/0JCQv9BQUH/QEBA/0FBQf9CQkL/QkJC/0FBQf9BQUH/QEBA/0BAQP9AQED/QEBA/0FBQf9CQkL/QkJC/0FBQf9BQUH/QEBA/0BAQP9BQUH/QUFB/0FBQf9AQED/Pz8//z8/P/9AQED/QEBA/0FBQf9BQUH/Q0ND/0RERP9DQ0P/QkJC/0JCQv9BQUH/QkJC/0RERP9ERET/Q0ND/0NDQ/9ERET/RERE/0NDQ/9DQ0P/Q0ND/0NDQ/9CQkL/QkJC/0FBQf9BQUH/QEBA/z8/P/9AQED/QkJC/0JCQv9CQkL/Q0ND/0VFRf9FRUX/RkZG/0dHR/9ISEj/RkZG/0JCQv9AQED/Pz8//z4+Pv8+Pj7/Pj4+/0BAQP9CQkL/QUFB/0BAQP9BQUH/Q0ND/0RERP9FRUX/RERE/0FBQf9BQUH/QEBA/0BAQP8/Pz//Pz8//z4+Pv8+Pj7/QEBA/0FBQf9BQUH/QUFB/0FBQf9BQUH/RERE/0hISP9HR0f/RUVF/0NDQ/8/Pz//Ozs7/zQ0NP8xMTH/Li4u/y0tLf8rKyv/Kioq/ygoKP8mJib/Jycn/ygoKP8tLS3/MzMz/zg4OP9AQED/QEBA/0BAQP9AQED/QEBA/0BAQP9AQED/QEBA/z4+Pv8+Pj7/PT09/zw8PP8+Pj7/Pz8//z8/P/8+Pj7/Pj4+/z4+Pv9AQED/QkJC/0FBQf9AQED/QEBA/0BAQP9AQED/QkJC/0JCQv9CQkL/QkJC/0FBQf9BQUH/QUFB/0FBQf9BQUH/QUFB/0FBQf9BQUH/QkJC/0RERP9DQ0P/QEBA/0BAQP9BQUH/QUFB/z8/P/9AQED/QUFB/0JCQv9DQ0P/RERE/0JCQv9BQUH/QkJC/0JCQv9CQkL/Q0ND/0FBQf8/Pz//Pz8//0BAQP9AQED/QEBA/0BAQP9AQED/QEBA/z8/P/8/Pz//QEBA/0FBQf8/Pz//PT09/z8/P/9BQUH/QEBA/z8/P/8/Pz//Pz8//z8/P/9AQED/QEBA/0BAQP9AQED/QEBA/0BAQP8/Pz//Pj4+/z8/P/8/Pz//Pj4+/z09Pf8+Pj7/Pj4+/z8/P/9AQED/Pz8//z09Pf89PT3/PDw8/zw8PP88PDz/PDw8/zs7O/87Ozv/PDw8/z09Pf87Ozv/OTk5/zMzM/8tLS3/JiYm/x8fH/8fHx//Hx8f/yYmJv8yMjL/NDQ0/zc3N/82Njb/MzMz/zQ0NP86Ojr/QkJC/1ZWVv9cXFz/R0dH/zk5Of82Njb/MzMz/zIyMv8xMTH/MjIy/zMzM/8zMzP/MzMz/zMzM/8yMjL/MzMz/zQ0NP81NTX/ODg4/zg4OP81NTX/NDQ0/zMzM/8zMzP/MzMz/zMzM/8zMzP/NDQ0/zQ0NP81NTX/NjY2/zc3N/82Njb/NTU1/zU1Nf81NTX/NTU1/zU1Nf81NTX/NjY2/zY2Nv81NTX/NDQ0/zU1Nf81NTX/NTU1/zY2Nv82Njb/Nzc3/zc3N/84ODj/Nzc3/zY2Nv82Njb/NjY2/zY2Nv82Njb/NjY2/zU1Nf81NTX/NjY2/zY2Nv83Nzf/Nzc3/zc3N/83Nzf/Nzc3/zg4OP83Nzf/NjY2/zY2Nv81NTX/NTU1/zY2Nv83Nzf/ODg4/zk5Of84ODj/Nzc3/zc3N/83Nzf/Nzc3/zc3N/83Nzf/Nzc3/zY2Nv80NDT/NTU1/zc3N/84ODj/Ojo6/zo6Ov85OTn/OTk5/zk5Of85OTn/ODg4/zg4OP83Nzf/NjY2/zc3N/84ODj/OTk5/zo6Ov86Ojr/Ojo6/zo6Ov85OTn/OTk5/zg4OP84ODj/OTk5/zk5Of85OTn/OTk5/zc3N/82Njb/NjY2/zY2Nv82Njb/NjY2/zY2Nv82Njb/ODg4/zo6Ov85OTn/ODg4/zg4OP83Nzf/Nzc3/zg4OP85OTn/Ozs7/zw8PP87Ozv/Ojo6/zo6Ov86Ojr/Ojo6/zo6Ov85OTn/Nzc3/zc3N/82Njb/Nzc3/zk5Of86Ojr/Ozs7/zs7O/88PDz/PDw8/zw8PP88PDz/Ozs7/zo6Ov85OTn/OTk5/zk5Of84ODj/ODg4/zc3N/84ODj/OTk5/zo6Ov87Ozv/Ozs7/zo6Ov86Ojr/Ozs7/zs7O/87Ozv/Ozs7/zs7O/87Ozv/Ojo6/zo6Ov85OTn/ODg4/zk5Of87Ozv/Ojo6/zk5Of85OTn/OTk5/zk5Of86Ojr/Ozs7/z4+Pv8/Pz//Pj4+/z4+Pv88PDz/Ozs7/zw8PP88PDz/PDw8/zw8PP88PDz/PT09/z09Pf88PDz/PDw8/zs7O/87Ozv/Ozs7/zs7O/88PDz/PDw8/z09Pf89PT3/PT09/z09Pf89PT3/PT09/z09Pf88PDz/PDw8/zw8PP88PDz/PT09/z09Pf89PT3/PT09/z09Pf88PDz/Ozs7/zo6Ov85OTn/ODg4/zs7O/89PT3/PT09/z09Pf88PDz/Ozs7/zs7O/87Ozv/PDw8/z4+Pv8+Pj7/Pz8//z8/P/8+Pj7/Pj4+/zw8PP88PDz/PDw8/zw8PP88PDz/PDw8/zw8PP87Ozv/PDw8/z4+Pv8/Pz//QUFB/0BAQP8/Pz//Pz8//z8/P/8/Pz//Pz8//z8/P/9AQED/QEBA/0JCQv9DQ0P/QUFB/0BAQP9AQED/QUFB/0BAQP8+Pj7/PT09/zw8PP89PT3/Pj4+/z4+Pv89PT3/PT09/z8/P/8/Pz//QEBA/0BAQP9BQUH/QUFB/z8/P/8+Pj7/Pz8//0BAQP9AQED/QEBA/0BAQP8/Pz//Pj4+/z09Pf88PDz/Ozs7/zs7O/87Ozv/PDw8/z09Pf8+Pj7/Pj4+/z4+Pv89PT3/PT09/z09Pf8+Pj7/Pj4+/z09Pf8+Pj7/Pz8//z8/P/8/Pz//Pz8//z4+Pv8+Pj7/Pz8//z8/P/9BQUH/QUFB/z8/P/89PT3/Pj4+/z8/P/8/Pz//Pz8//z4+Pv89PT3/Pj4+/z8/P/8+Pj7/PT09/zw8PP86Ojr/Ozs7/zw8PP89PT3/Pj4+/z8/P/8/Pz//Pz8//0BAQP8bGxv/Gxsb/xoaGv8aGhr/GRkZ/xkZGf8ZGRn/GRkZ/xkZGf8ZGRn/GRkZ/xkZGf8ZGRn/GRkZ/xgYGP8YGBj/FxcX/xcXF/8YGBj/GRkZ/xkZGf8aGhr/Ghoa/xkZGf8YGBj/FxcX/xcXF/8WFhb/FhYW/xYWFv8WFhb/FxcX/xcXF/8XFxf/FxcX/xYWFv8WFhb/FhYW/xYWFv8WFhb/FxcX/xkZGf8dHR3/ICAg/yQkJP8kJCT/IiIi/yEhIf8fHx//Hh4e/xwcHP8cHBz/Gxsb/xsbG/8bGxv/Gxsb/xsbG/8bGxv/Gxsb/xwcHP8dHR3/Hh4e/yAgIP8kJCT/JiYm/ykpKf8nJyf/ISEh/x4eHv8cHBz/Gxsb/xsbG/8bGxv/HR0d/x8fH/8fHx//Hx8f/x8fH/8fHx//Hh4e/xwcHP8cHBz/Gxsb/xsbG/8aGhr/Ghoa/xsbG/8cHBz/Hx8f/yEhIf8lJSX/KSkp/y4uLv8yMjL/MTEx/zExMf8wMDD/Li4u/y0tLf8sLCz/Kysr/ykpKf8qKir/Kysr/y0tLf8yMjL/MzMz/zQ0NP80NDT/MTEx/zAwMP8wMDD/MDAw/y8vL/8uLi7/Li4u/y4uLv8yMjL/ODg4/zs7O/9BQUH/QUFB/z4+Pv88PDz/NjY2/zU1Nf84ODj/Ojo6/zo6Ov86Ojr/Ozs7/zs7O/85OTn/Nzc3/zg4OP85OTn/ODg4/zc3N/83Nzf/Nzc3/zg4OP87Ozv/PDw8/zo6Ov85OTn/NjY2/zU1Nf84ODj/Ozs7/zk5Of84ODj/PDw8/0FBQf8+Pj7/OTk5/zMzM/8rKyv/Jycn/yEhIf8eHh7/Ghoa/xkZGf8ZGRn/GRkZ/xoaGv8aGhr/GRkZ/xgYGP8WFhb/FBQU/xMTE/8SEhL/EhIS/xISEv8TExP/FRUV/xYWFv8YGBj/FxcX/xYWFv8VFRX/EhIS/xEREf8PDw//Dg4O/w4ODv8ODg7/Dg4O/w4ODv8ODg7/Dg4O/w4ODv8NDQ3/DQ0N/w4ODv8ODg7/Dw8P/xAQEP8SEhL/FRUV/x4eHv8kJCT/LS0t/zMzM/84ODj/PT09/0NDQ/9KSkr/TExM/05OTv9MTEz/SkpK/0lJSf9HR0f/RkZG/0VFRf9HR0f/S0tL/0tLS/9HR0f/RUVF/0NDQ/9BQUH/RERE/0ZGRv9DQ0P/QUFB/0JCQv9DQ0P/Q0ND/0NDQ/9ERET/RUVF/0dHR/9MTEz/SkpK/0NDQ/8/Pz//ODg4/zExMf8jIyP/Ghoa/xUVFf8RERH/EBAQ/w8PD/8PDw//Dw8P/w8PD/8PDw//Dw8P/xAQEP8QEBD/EBAQ/xAQEP8PDw//Dw8P/xAQEP8QEBD/EhIS/xQUFP8aGhr/ISEh/y8vL/8/Pz//Pz8//z4+Pv88PDz/OTk5/zc3N/8zMzP/MTEx/zAwMP8wMDD/MDAw/zAwMP8xMTH/MTEx/zExMf8xMTH/MjIy/zIyMv8yMjL/MjIy/zExMf8vLy//Ly8v/zAwMP8xMTH/MjIy/zIyMv8xMTH/MTEx/zIyMv8yMjL/MjIy/zIyMv8yMjL/MjIy/zMzM/8zMzP/MzMz/zMzM/8zMzP/MjIy/zIyMv8yMjL/MTEx/zAwMP8wMDD/Ly8v/y8vL/8wMDD/MDAw/zExMf8xMTH/MjIy/zIyMv8zMzP/MzMz/zQ0NP81NTX/NDQ0/zIyMv8yMjL/MjIy/zIyMv8zMzP/NDQ0/zU1Nf81NTX/NTU1/zU1Nf8zMzP/MjIy/zMzM/80NDT/MzMz/zMzM/86Ojr/QUFB/09PT/9gYGD/c3Nz/5CQkP+Hh4f/cXFx/2VlZf9SUlL/SkpK/0JCQv9CQkL/Tk5O/1ZWVv9gYGD/Z2dn/2ZmZv9kZGT/YmJi/2BgYP9jY2P/aGho/2ZmZv9kZGT/YmJi/2BgYP9eXl7/Wlpa/1dXV/9RUVH/S0tL/z8/P/84ODj/ODg4/zg4OP86Ojr/PT09/0FBQf9GRkb/R0dH/0hISP9CQkL/ODg4/y4uLv8eHh7/HBwc/xwcHP8fHx//JiYm/ysrK/8yMjL/NjY2/zg4OP85OTn/Ojo6/zs7O/87Ozv/PDw8/zo6Ov85OTn/ODg4/zY2Nv82Njb/Nzc3/zc3N/83Nzf/NjY2/zExMf8sLCz/IyMj/x0dHf8bGxv/Ghoa/yAgIP8lJSX/LCws/zU1Nf82Njb/Nzc3/zY2Nv80NDT/NTU1/zc3N/83Nzf/NjY2/zU1Nf80NDT/MzMz/zU1Nf82Njb/ODg4/zo6Ov9FRUX/UVFR/1JSUv9TU1P/UVFR/05OTv9XV1f/aWlp/3BwcP95eXn/eHh4/3Fxcf9xcXH/dXV1/3d3d/93d3f/d3d3/3R0dP9ycnL/b29v/2xsbP9ra2v/ampq/21tbf9zc3P/cnJy/3BwcP9ubm7/a2tr/2pqav9paWn/aWlp/2pqav9paWn/Y2Nj/1xcXP9AQED/JiYm/x4eHv8WFhb/FRUV/xUVFf8VFRX/FxcX/xoaGv8fHx//IiIi/ygoKP8mJib/Hx8f/xsbG/8YGBj/FhYW/xkZGf8cHBz/JiYm/zExMf89PT3/SkpK/09PT/9VVVX/UVFR/0xMTP9JSUn/RERE/z4+Pv8xMTH/LS0t/yoqKv8oKCj/Jycn/ycnJ/8nJyf/JiYm/yYmJv8mJib/JiYm/yUlJf8mJib/JiYm/ycnJ/8nJyf/Jycn/yYmJv8lJSX/JCQk/yQkJP8kJCT/JCQk/yUlJf8mJib/KCgo/ysrK/8zMzP/Ozs7/zY2Nv8xMTH/Kioq/yIiIv8eHh7/FxcX/xUVFf8TExP/EhIS/xISEv8SEhL/EhIS/xISEv8SEhL/ERER/xEREf8RERH/ERER/xEREf8RERH/ERER/xEREf8RERH/ERER/xEREf8RERH/ERER/xEREf8RERH/EhIS/xUVFf8YGBj/IiIi/ygoKP8kJCT/ICAg/xkZGf8SEhL/ERER/xAQEP8QEBD/ERER/xEREf8RERH/EBAQ/xAQEP8QEBD/EBAQ/xAQEP8QEBD/EBAQ/xAQEP8QEBD/EBAQ/xAQEP8QEBD/EBAQ/xAQEP8QEBD/EBAQ/xAQEP8QEBD/EBAQ/xMTE/8YGBj/Hh4e/ysrK/8tLS3/JiYm/yEhIf8ZGRn/FBQU/xISEv8QEBD/EBAQ/w8PD/8PDw//Dw8P/w8PD/8PDw//Dw8P/w8PD/8QEBD/EBAQ/xAQEP8QEBD/EBAQ/xAQEP8PDw//Dw8P/w8PD/8PDw//Dw8P/w8PD/8PDw//EBAQ/xEREf8UFBT/Ghoa/yMjI/8zMzP/NTU1/zQ0NP8uLi7/Hh4e/xgYGP8UFBT/EhIS/xISEv8SEhL/EhIS/xISEv8TExP/FBQU/yAgIP8uLi7/QUFB/15eXv9TU1P/Ozs7/zIyMv8nJyf/JCQk/yQkJP8kJCT/JSUl/yUlJf8kJCT/IyMj/yQkJP8lJSX/Kysr/zIyMv80NDT/Nzc3/y4uLv8fHx//Ghoa/xMTE/8RERH/EBAQ/w8PD/8PDw//Dw8P/w8PD/8PDw//Dw8P/xAQEP8QEBD/Pz8//z8/P/8/Pz//Pz8//z4+Pv8/Pz//Pz8//0BAQP9BQUH/QUFB/0FBQf9CQkL/QkJC/0JCQv9BQUH/QUFB/0BAQP9AQED/QUFB/0JCQv9BQUH/QUFB/0FBQf9BQUH/QUFB/0BAQP9AQED/QUFB/0FBQf9AQED/QEBA/z8/P/8/Pz//Pz8//z8/P/8/Pz//Pz8//0BAQP9BQUH/QkJC/0JCQv9CQkL/QkJC/0JCQv9CQkL/QkJC/0NDQ/9DQ0P/Q0ND/0NDQ/9CQkL/QkJC/0NDQ/9DQ0P/QkJC/0JCQv9CQkL/Q0ND/0NDQ/9CQkL/QkJC/0FBQf9BQUH/QEBA/0BAQP8/Pz//Pz8//z8/P/8/Pz//Pz8//z8/P/8/Pz//QEBA/0JCQv9DQ0P/RERE/0RERP9DQ0P/QkJC/0FBQf9AQED/QEBA/0BAQP9BQUH/QkJC/0JCQv9BQUH/QEBA/z4+Pv89PT3/Pj4+/z4+Pv8+Pj7/Pj4+/z8/P/9AQED/QUFB/0FBQf9BQUH/QUFB/0FBQf9BQUH/QUFB/0JCQv9DQ0P/Q0ND/0NDQ/9CQkL/QUFB/0FBQf9CQkL/QkJC/0JCQv9CQkL/QEBA/0FBQf9CQkL/QkJC/0FBQf9BQUH/QUFB/0BAQP8/Pz//Pz8//0BAQP9AQED/QUFB/0FBQf9DQ0P/Q0ND/0JCQv9BQUH/QkJC/0JCQv9DQ0P/RERE/0NDQ/9CQkL/QkJC/0JCQv9CQkL/QkJC/0JCQv9CQkL/QkJC/0JCQv9BQUH/QUFB/0BAQP9AQED/Pz8//0BAQP9AQED/QUFB/0JCQv9DQ0P/RUVF/0VFRf9FRUX/RUVF/0VFRf9ERET/QUFB/0BAQP8/Pz//Pj4+/z4+Pv8+Pj7/QEBA/0FBQf9BQUH/Pz8//0FBQf9CQkL/QkJC/0JCQv9CQkL/QUFB/0FBQf9AQED/Pz8//z8/P/8+Pj7/Pz8//z8/P/9AQED/QUFB/0FBQf9CQkL/QkJC/0NDQ/9DQ0P/RERE/0NDQ/9BQUH/QEBA/zw8PP86Ojr/NTU1/zIyMv8vLy//LS0t/ysrK/8qKir/KCgo/ycnJ/8oKCj/KCgo/y4uLv80NDT/OTk5/z8/P/9AQED/QEBA/0BAQP9AQED/QEBA/0BAQP9AQED/Pz8//z4+Pv8+Pj7/Pj4+/z4+Pv8/Pz//Pz8//0BAQP9BQUH/Q0ND/0NDQ/9DQ0P/QkJC/0BAQP9AQED/Pz8//0BAQP9BQUH/QUFB/0FBQf9BQUH/QUFB/0FBQf9BQUH/QkJC/0JCQv9CQkL/QkJC/0JCQv9CQkL/QkJC/0FBQf9AQED/Pz8//z8/P/9AQED/QEBA/0FBQf9CQkL/Q0ND/0VFRf9FRUX/RERE/0NDQ/9DQ0P/Q0ND/0NDQ/9ERET/Q0ND/0FBQf9BQUH/QUFB/0FBQf9BQUH/QUFB/0FBQf9BQUH/QUFB/0FBQf9BQUH/QEBA/0BAQP9AQED/QEBA/0BAQP8/Pz//Pj4+/z4+Pv8+Pj7/Pj4+/z4+Pv8/Pz//Pz8//z8/P/8/Pz//Pz8//z4+Pv8+Pj7/Pz8//z8/P/8/Pz//Pz8//z8/P/9AQED/QUFB/0JCQv9BQUH/QEBA/z8/P/8+Pj7/Pj4+/zw8PP88PDz/PDw8/zw8PP8+Pj7/Pj4+/zs7O/85OTn/MTEx/yoqKv8mJib/ISEh/yEhIf8hISH/KCgo/zMzM/81NTX/Nzc3/zY2Nv8yMjL/MzMz/zY2Nv87Ozv/SEhI/0xMTP8/Pz//NjY2/zU1Nf80NDT/MzMz/zMzM/80NDT/NDQ0/zQ0NP80NDT/NDQ0/zQ0NP80NDT/NDQ0/zU1Nf82Njb/NjY2/zU1Nf80NDT/MzMz/zMzM/8zMzP/MzMz/zQ0NP81NTX/NTU1/zU1Nf82Njb/NjY2/zY2Nv81NTX/NTU1/zU1Nf80NDT/NDQ0/zQ0NP80NDT/NDQ0/zQ0NP81NTX/NTU1/zY2Nv82Njb/NTU1/zc3N/84ODj/ODg4/zg4OP84ODj/Nzc3/zc3N/83Nzf/Nzc3/zc3N/82Njb/NTU1/zU1Nf81NTX/NjY2/zc3N/84ODj/Nzc3/zc3N/84ODj/OTk5/zg4OP83Nzf/Nzc3/zY2Nv82Njb/NTU1/zY2Nv83Nzf/ODg4/zg4OP84ODj/ODg4/zg4OP84ODj/ODg4/zg4OP84ODj/Nzc3/zc3N/83Nzf/Nzc3/zg4OP86Ojr/Ojo6/zk5Of85OTn/OTk5/zo6Ov86Ojr/Ojo6/zk5Of84ODj/ODg4/zk5Of85OTn/OTk5/zk5Of84ODj/OTk5/zk5Of85OTn/OTk5/zk5Of85OTn/OTk5/zk5Of84ODj/Nzc3/zY2Nv82Njb/NTU1/zY2Nv83Nzf/Nzc3/zc3N/84ODj/OTk5/zk5Of85OTn/ODg4/zc3N/83Nzf/Nzc3/zc3N/84ODj/OTk5/zo6Ov86Ojr/Ojo6/zs7O/87Ozv/Ozs7/zo6Ov85OTn/ODg4/zg4OP84ODj/ODg4/zk5Of86Ojr/Ojo6/zo6Ov86Ojr/Ojo6/zo6Ov85OTn/OTk5/zk5Of85OTn/OTk5/zk5Of85OTn/OTk5/zk5Of86Ojr/Ojo6/zo6Ov86Ojr/Ojo6/zo6Ov87Ozv/PDw8/zw8PP88PDz/Ozs7/zs7O/86Ojr/OTk5/zk5Of85OTn/Ojo6/zo6Ov86Ojr/Ojo6/zo6Ov87Ozv/Ozs7/zs7O/87Ozv/PDw8/zw8PP88PDz/PDw8/zs7O/87Ozv/PDw8/zw8PP88PDz/Ozs7/zs7O/87Ozv/PDw8/zw8PP88PDz/PDw8/zw8PP88PDz/PDw8/zw8PP89PT3/PT09/z09Pf89PT3/PT09/z09Pf89PT3/PT09/z09Pf89PT3/PT09/z09Pf88PDz/PT09/z09Pf89PT3/PT09/z09Pf88PDz/Ozs7/zo6Ov86Ojr/PDw8/zw8PP88PDz/PDw8/zw8PP88PDz/PDw8/zw8PP89PT3/Pj4+/z4+Pv8+Pj7/Pj4+/z09Pf89PT3/PDw8/zw8PP88PDz/PT09/z09Pf89PT3/PT09/z09Pf89PT3/Pj4+/z8/P/9AQED/QEBA/z8/P/8/Pz//QEBA/0BAQP8/Pz//Pz8//z8/P/8/Pz//QUFB/0JCQv9AQED/Pz8//z8/P/8/Pz//Pz8//z8/P/8+Pj7/Pj4+/z4+Pv9AQED/QEBA/z4+Pv8+Pj7/Pj4+/z4+Pv8/Pz//Pz8//0BAQP9BQUH/Pz8//z09Pf89PT3/Pj4+/z4+Pv8+Pj7/Pz8//z8/P/8/Pz//Pz8//z4+Pv8+Pj7/Pj4+/z4+Pv8+Pj7/Pz8//z8/P/8/Pz//Pz8//z4+Pv89PT3/PT09/z4+Pv8+Pj7/Pj4+/z4+Pv8+Pj7/Pj4+/z09Pf89PT3/PT09/z09Pf8+Pj7/Pj4+/z4+Pv8+Pj7/Pj4+/z4+Pv8/Pz//QEBA/0BAQP9AQED/Pz8//z8/P/8+Pj7/Pj4+/z4+Pv8+Pj7/PT09/zw8PP89PT3/Pj4+/z4+Pv8/Pz//QEBA/0BAQP9AQED/Pz8//xoaGv8aGhr/Gxsb/xkZGf8XFxf/GBgY/xgYGP8YGBj/GBgY/xgYGP8YGBj/GBgY/xgYGP8YGBj/GBgY/xgYGP8YGBj/GBgY/xgYGP8YGBj/GRkZ/xkZGf8ZGRn/GBgY/xgYGP8XFxf/FxcX/xYWFv8WFhb/FhYW/xYWFv8WFhb/FhYW/xYWFv8WFhb/FhYW/xUVFf8VFRX/FRUV/xUVFf8VFRX/FxcX/xoaGv8dHR3/IiIi/yIiIv8hISH/ICAg/x4eHv8eHh7/HR0d/xwcHP8cHBz/HBwc/xwcHP8cHBz/HBwc/xwcHP8cHBz/HBwc/x0dHf8dHR3/Hx8f/yEhIf8kJCT/KSkp/ygoKP8lJSX/IiIi/x4eHv8bGxv/Gxsb/xsbG/8cHBz/HR0d/x4eHv8eHh7/Hh4e/x4eHv8dHR3/HBwc/xsbG/8aGhr/Ghoa/xkZGf8ZGRn/GRkZ/xoaGv8cHBz/Hh4e/yIiIv8mJib/Kysr/zAwMP8vLy//Li4u/ywsLP8pKSn/KSkp/ykpKf8qKir/Kysr/y0tLf8xMTH/MzMz/zY2Nv82Njb/NTU1/zU1Nf8yMjL/MTEx/zMzM/80NDT/NDQ0/zQ0NP80NDT/MzMz/zU1Nf85OTn/Ozs7/z4+Pv8+Pj7/Ozs7/zk5Of81NTX/NTU1/zc3N/84ODj/ODg4/zg4OP85OTn/OTk5/zk5Of85OTn/PDw8/z8/P/8+Pj7/PDw8/zs7O/85OTn/Ojo6/zw8PP87Ozv/ODg4/zY2Nv8yMjL/MDAw/zIyMv8zMzP/NDQ0/zU1Nf83Nzf/Ojo6/zc3N/8zMzP/Ly8v/ygoKP8lJSX/ICAg/x4eHv8bGxv/Gxsb/xsbG/8bGxv/Gxsb/xoaGv8ZGRn/FxcX/xYWFv8VFRX/FBQU/xMTE/8TExP/ExMT/xQUFP8VFRX/FhYW/xcXF/8XFxf/FhYW/xUVFf8SEhL/ERER/w8PD/8ODg7/Dg4O/w4ODv8ODg7/Dw8P/w8PD/8PDw//Dg4O/w4ODv8ODg7/DQ0N/w4ODv8ODg7/Dw8P/xEREf8UFBT/HBwc/yIiIv8sLCz/MjIy/zc3N/86Ojr/QEBA/0ZGRv9ISEj/SkpK/0lJSf9HR0f/R0dH/0hISP9ISEj/SUlJ/0pKSv9NTU3/TU1N/0tLS/9KSkr/R0dH/0VFRf9FRUX/RUVF/0RERP9DQ0P/Q0ND/0NDQ/9CQkL/QUFB/0NDQ/9ISEj/SUlJ/0pKSv9ISEj/QkJC/z09Pf80NDT/LS0t/yAgIP8XFxf/ExMT/xAQEP8PDw//Dw8P/w8PD/8PDw//Dw8P/w8PD/8PDw//Dw8P/w8PD/8PDw//Dw8P/w8PD/8PDw//Dw8P/w8PD/8SEhL/FBQU/xsbG/8iIiL/MDAw/z8/P/8+Pj7/PDw8/zo6Ov83Nzf/NTU1/zIyMv8xMTH/MDAw/zAwMP8wMDD/MTEx/zExMf8xMTH/MDAw/zAwMP8xMTH/MTEx/zExMf8wMDD/MDAw/y8vL/8vLy//Ly8v/zAwMP8xMTH/MTEx/zAwMP8wMDD/MjIy/zIyMv8xMTH/MTEx/zExMf8yMjL/MjIy/zIyMv8yMjL/MTEx/zIyMv8yMjL/MjIy/zMzM/8zMzP/MjIy/zIyMv8xMTH/MTEx/zExMf8xMTH/MjIy/zIyMv8zMzP/MzMz/zMzM/8zMzP/MzMz/zQ0NP80NDT/MzMz/zMzM/8zMzP/MzMz/zMzM/8zMzP/NDQ0/zQ0NP80NDT/MzMz/zMzM/8zMzP/NDQ0/zQ0NP80NDT/MzMz/zo6Ov9CQkL/XFxc/39/f/+jo6P/29vb/8rKyv+ioqL/jIyM/2tra/9cXFz/SEhI/0NDQ/9MTEz/U1NT/19fX/9nZ2f/ampq/21tbf9ra2v/aGho/25ubv93d3f/cnJy/2lpaf9oaGj/aWlp/2dnZ/9iYmL/Xl5e/1RUVP9NTU3/QUFB/zs7O/85OTn/ODg4/z09Pf9CQkL/R0dH/01NTf9MTEz/SkpK/0NDQ/82Njb/LS0t/x0dHf8aGhr/Gxsb/x4eHv8nJyf/LS0t/zMzM/82Njb/ODg4/zo6Ov87Ozv/PDw8/z09Pf8+Pj7/PDw8/zo6Ov85OTn/NjY2/zY2Nv83Nzf/Nzc3/zc3N/81NTX/Ly8v/ysrK/8hISH/HBwc/xsbG/8aGhr/Hx8f/yQkJP8rKyv/MzMz/zU1Nf83Nzf/NjY2/zU1Nf82Njb/Nzc3/zc3N/82Njb/NTU1/zMzM/8yMjL/MzMz/zQ0NP85OTn/Pj4+/1RUVP9ra2v/bGxs/25ubv9jY2P/VFRU/1tbW/9oaGj/cXFx/4CAgP9/f3//dnZ2/3V1df99fX3/f39//319ff96enr/c3Nz/2xsbP9oaGj/Y2Nj/2JiYv9gYGD/ZWVl/21tbf9vb2//cnJy/3Jycv9xcXH/b29v/2pqav9paWn/ampq/2pqav9oaGj/YmJi/0NDQ/8nJyf/Hx8f/xYWFv8WFhb/FRUV/xYWFv8XFxf/Ghoa/x8fH/8iIiL/Jycn/yYmJv8fHx//HBwc/xgYGP8WFhb/FxcX/xcXF/8aGhr/HBwc/ykpKf83Nzf/QUFB/05OTv9LS0v/RUVF/0ZGRv9HR0f/QUFB/zIyMv8uLi7/Kysr/ykpKf8nJyf/JiYm/yYmJv8mJib/JiYm/yYmJv8mJib/JSUl/yUlJf8lJSX/JSUl/yUlJf8lJSX/JCQk/yQkJP8jIyP/IyMj/yMjI/8jIyP/JCQk/yYmJv8pKSn/LCws/zU1Nf8+Pj7/ODg4/zIyMv8pKSn/HR0d/xkZGf8UFBT/ExMT/xISEv8SEhL/EhIS/xISEv8SEhL/EhIS/xEREf8RERH/ERER/xEREf8RERH/ERER/xEREf8RERH/ERER/xEREf8RERH/ERER/xEREf8RERH/ERER/xEREf8SEhL/FBQU/xgYGP8hISH/JiYm/yIiIv8eHh7/FxcX/xEREf8QEBD/Dw8P/xAQEP8RERH/ERER/xEREf8RERH/EBAQ/xAQEP8QEBD/EBAQ/xEREf8RERH/EBAQ/xAQEP8QEBD/EBAQ/xAQEP8QEBD/EBAQ/xAQEP8QEBD/EBAQ/xAQEP8RERH/ExMT/xgYGP8eHh7/Kioq/ywsLP8mJib/ISEh/xkZGf8UFBT/EhIS/xAQEP8QEBD/Dw8P/w8PD/8PDw//Dw8P/w8PD/8PDw//Dw8P/w8PD/8QEBD/EBAQ/xAQEP8QEBD/EBAQ/xAQEP8PDw//Dw8P/w8PD/8PDw//Dw8P/xAQEP8QEBD/ERER/xUVFf8bGxv/JCQk/zMzM/81NTX/NTU1/y8vL/8fHx//GRkZ/xQUFP8SEhL/EhIS/xISEv8SEhL/EhIS/xMTE/8VFRX/IyMj/zQ0NP9SUlL/fX19/21tbf9KSkr/PT09/ywsLP8oKCj/Kioq/yoqKv8rKyv/Kioq/ygoKP8mJib/JSUl/yQkJP8rKyv/MzMz/zQ0NP82Njb/LS0t/x4eHv8ZGRn/ExMT/xEREf8QEBD/EBAQ/w8PD/8PDw//Dw8P/w8PD/8QEBD/EBAQ/xAQEP8+Pj7/Pj4+/z4+Pv8+Pj7/Pj4+/z4+Pv8+Pj7/Pz8//0BAQP9BQUH/QkJC/0JCQv9DQ0P/Q0ND/0JCQv9CQkL/QEBA/z8/P/9BQUH/QkJC/0JCQv9BQUH/QkJC/0NDQ/9CQkL/QEBA/0BAQP8/Pz//Pz8//z8/P/8/Pz//QEBA/0BAQP8/Pz//Pz8//z8/P/8/Pz//QUFB/0JCQv9DQ0P/RERE/0NDQ/9CQkL/QUFB/0BAQP9BQUH/Q0ND/0RERP9GRkb/RkZG/0RERP9ERET/Q0ND/0NDQ/9DQ0P/Q0ND/0NDQ/9DQ0P/Q0ND/0JCQv9CQkL/QUFB/0FBQf9AQED/QEBA/z8/P/8/Pz//Pz8//z8/P/8+Pj7/Pj4+/z8/P/8/Pz//QkJC/0RERP9ERET/RERE/0NDQ/9CQkL/QEBA/z4+Pv8/Pz//QEBA/0FBQf9CQkL/QkJC/0BAQP8/Pz//PT09/zw8PP88PDz/PDw8/zw8PP88PDz/PDw8/zw8PP89PT3/Pj4+/z8/P/9AQED/QEBA/0FBQf9CQkL/Q0ND/0NDQ/9FRUX/RERE/0NDQ/9CQkL/Q0ND/0NDQ/9DQ0P/Q0ND/0JCQv9AQED/QkJC/0RERP9DQ0P/QUFB/0FBQf9BQUH/QEBA/z4+Pv8+Pj7/QEBA/0BAQP9BQUH/QUFB/0JCQv9DQ0P/QkJC/0FBQf9CQkL/Q0ND/0NDQ/9ERET/QkJC/0BAQP9AQED/QUFB/0FBQf9CQkL/QkJC/0JCQv9CQkL/QUFB/0FBQf9AQED/QEBA/z8/P/8/Pz//Pz8//z8/P/9AQED/QkJC/0NDQ/9FRUX/RUVF/0VFRf9ERET/Q0ND/0JCQv9BQUH/QEBA/z8/P/8/Pz//Pj4+/z4+Pv9AQED/QUFB/0BAQP8/Pz//QEBA/0FBQf9BQUH/QEBA/0BAQP9BQUH/QEBA/z8/P/8/Pz//Pj4+/z4+Pv8/Pz//Pz8//0BAQP9AQED/QUFB/0JCQv9DQ0P/RERE/0JCQv9AQED/Pz8//z4+Pv89PT3/Ojo6/zk5Of82Njb/NDQ0/zAwMP8uLi7/LCws/yoqKv8pKSn/KCgo/ygoKP8oKCj/Li4u/zU1Nf85OTn/Pz8//z8/P/9AQED/QEBA/0BAQP9AQED/QUFB/0BAQP8/Pz//Pj4+/z8/P/8/Pz//Pz8//z8/P/9AQED/QUFB/0RERP9HR0f/RUVF/0NDQ/9CQkL/QEBA/z8/P/8+Pj7/Pz8//0BAQP9BQUH/QUFB/0FBQf9BQUH/QUFB/0JCQv9CQkL/Q0ND/0NDQ/9DQ0P/Q0ND/0JCQv9BQUH/QEBA/z8/P/8/Pz//Pj4+/z8/P/9AQED/QkJC/0NDQ/9ERET/RkZG/0dHR/9GRkb/RUVF/0VFRf9ERET/RERE/0RERP9ERET/Q0ND/0NDQ/9CQkL/QkJC/0FBQf9BQUH/QkJC/0JCQv9DQ0P/Q0ND/0FBQf9AQED/QUFB/0JCQv9BQUH/Pz8//z8/P/8+Pj7/Pj4+/z09Pf89PT3/PT09/z4+Pv8/Pz//Pz8//z8/P/8/Pz//Pj4+/z4+Pv8/Pz//Pz8//0BAQP9BQUH/QUFB/0FBQf9CQkL/RERE/0NDQ/9CQkL/QUFB/0BAQP8/Pz//PT09/zw8PP89PT3/PT09/z8/P/8/Pz//PDw8/zg4OP8vLy//Jycn/yUlJf8jIyP/IyMj/yIiIv8pKSn/MzMz/zU1Nf83Nzf/NTU1/zIyMv8xMTH/MjIy/zQ0NP88PDz/Pz8//zg4OP8zMzP/MzMz/zQ0NP80NDT/NTU1/zU1Nf81NTX/NTU1/zQ0NP81NTX/NjY2/zU1Nf80NDT/NDQ0/zU1Nf81NTX/NDQ0/zQ0NP8zMzP/MzMz/zMzM/8zMzP/NDQ0/zU1Nf81NTX/NjY2/zY2Nv82Njb/NjY2/zU1Nf81NTX/NDQ0/zQ0NP8zMzP/MzMz/zMzM/8zMzP/NDQ0/zU1Nf82Njb/Nzc3/zY2Nv81NTX/Nzc3/zk5Of85OTn/ODg4/zg4OP83Nzf/Nzc3/zc3N/83Nzf/Nzc3/zc3N/81NTX/NDQ0/zU1Nf82Njb/Nzc3/zg4OP84ODj/Nzc3/zg4OP86Ojr/OTk5/zg4OP83Nzf/NjY2/zY2Nv81NTX/NTU1/zc3N/83Nzf/ODg4/zg4OP84ODj/ODg4/zg4OP84ODj/ODg4/zg4OP84ODj/OTk5/zk5Of84ODj/OTk5/zs7O/86Ojr/OTk5/zg4OP86Ojr/Ojo6/zs7O/88PDz/Ojo6/zk5Of85OTn/OTk5/zk5Of85OTn/ODg4/zc3N/84ODj/OTk5/zk5Of86Ojr/Ojo6/zk5Of85OTn/ODg4/zg4OP83Nzf/Nzc3/zY2Nv81NTX/NjY2/zc3N/83Nzf/Nzc3/zg4OP85OTn/OTk5/zk5Of84ODj/Nzc3/zc3N/82Njb/NjY2/zY2Nv82Njb/OTk5/zo6Ov87Ozv/Ozs7/zs7O/87Ozv/Ozs7/zo6Ov86Ojr/OTk5/zk5Of84ODj/ODg4/zk5Of85OTn/OTk5/zk5Of84ODj/ODg4/zg4OP84ODj/OTk5/zk5Of85OTn/Ojo6/zo6Ov87Ozv/Ozs7/zo6Ov86Ojr/OTk5/zk5Of86Ojr/Ojo6/zw8PP88PDz/PT09/z09Pf88PDz/Ozs7/zo6Ov85OTn/OTk5/zo6Ov86Ojr/Ojo6/zo6Ov87Ozv/Ozs7/zw8PP88PDz/Ozs7/zs7O/86Ojr/Ojo6/zo6Ov86Ojr/Ozs7/zs7O/88PDz/PDw8/zw8PP87Ozv/Ozs7/zo6Ov87Ozv/PDw8/zw8PP89PT3/PT09/zw8PP88PDz/PT09/z09Pf89PT3/PT09/z09Pf89PT3/PT09/z09Pf89PT3/Pj4+/z4+Pv89PT3/PT09/zw8PP88PDz/PT09/z09Pf89PT3/PT09/zw8PP88PDz/PDw8/zw8PP88PDz/PDw8/zw8PP88PDz/PDw8/z09Pf89PT3/PT09/z09Pf8+Pj7/Pj4+/z4+Pv8+Pj7/PDw8/zw8PP88PDz/PDw8/z09Pf89PT3/Pj4+/z4+Pv8+Pj7/Pj4+/z4+Pv8+Pj7/Pz8//0BAQP8/Pz//Pj4+/z8/P/9BQUH/QUFB/z8/P/8/Pz//Pj4+/z4+Pv9AQED/QUFB/z8/P/8+Pj7/Pj4+/z09Pf8+Pj7/Pz8//z8/P/8/Pz//QEBA/0JCQv9BQUH/Pz8//z4+Pv89PT3/PDw8/z09Pf8+Pj7/QEBA/0FBQf8+Pj7/PDw8/zw8PP88PDz/PDw8/z09Pf8+Pj7/Pz8//z8/P/9AQED/QEBA/0FBQf9BQUH/QUFB/0FBQf9AQED/QEBA/0BAQP9AQED/Pj4+/z09Pf89PT3/Pj4+/z4+Pv8+Pj7/Pj4+/z4+Pv89PT3/Ozs7/zs7O/88PDz/PDw8/z4+Pv8+Pj7/PDw8/zs7O/89PT3/Pj4+/z8/P/9AQED/QEBA/0FBQf9BQUH/QEBA/z8/P/89PT3/PT09/z4+Pv8+Pj7/Pj4+/z4+Pv8/Pz//Pz8//0BAQP9BQUH/QEBA/0BAQP8/Pz//Ghoa/xoaGv8bGxv/GRkZ/xYWFv8WFhb/FxcX/xcXF/8XFxf/FxcX/xgYGP8YGBj/GBgY/xgYGP8YGBj/GBgY/xgYGP8YGBj/GBgY/xgYGP8YGBj/GBgY/xgYGP8XFxf/FxcX/xcXF/8XFxf/FhYW/xYWFv8VFRX/FRUV/xUVFf8VFRX/FRUV/xUVFf8VFRX/FRUV/xUVFf8VFRX/FBQU/xMTE/8VFRX/GBgY/xsbG/8gICD/ICAg/yAgIP8gICD/Hh4e/x4eHv8dHR3/HR0d/x0dHf8dHR3/HBwc/xwcHP8cHBz/HBwc/xwcHP8cHBz/HBwc/x0dHf8dHR3/Hh4e/yEhIf8oKCj/KSkp/ygoKP8mJib/Hx8f/xwcHP8bGxv/Ghoa/xsbG/8cHBz/HR0d/x0dHf8dHR3/HR0d/x0dHf8cHBz/Gxsb/xkZGf8YGBj/FxcX/xcXF/8YGBj/GBgY/xoaGv8bGxv/Hx8f/yMjI/8pKSn/Li4u/y0tLf8sLCz/KCgo/yQkJP8lJSX/Jycn/ykpKf8tLS3/MDAw/zY2Nv84ODj/OTk5/zk5Of83Nzf/NjY2/zMzM/8yMjL/NTU1/zg4OP84ODj/OTk5/zk5Of84ODj/OTk5/zo6Ov87Ozv/PDw8/zs7O/85OTn/Nzc3/zU1Nf80NDT/NTU1/zY2Nv83Nzf/Nzc3/zg4OP84ODj/OTk5/zs7O/8/Pz//RERE/0JCQv9AQED/Pj4+/zs7O/87Ozv/PT09/zs7O/83Nzf/NDQ0/y4uLv8sLCz/LCws/ywsLP8vLy//MjIy/zMzM/80NDT/MTEx/y4uLv8rKyv/JiYm/yMjI/8fHx//HR0d/xwcHP8cHBz/HBwc/xwcHP8bGxv/Gxsb/xgYGP8XFxf/FhYW/xUVFf8UFBT/ExMT/xMTE/8UFBT/FBQU/xUVFf8VFRX/FhYW/xYWFv8VFRX/FBQU/xMTE/8RERH/Dw8P/w4ODv8ODg7/Dg4O/w8PD/8PDw//Dw8P/w8PD/8PDw//Dg4O/w4ODv8NDQ3/DQ0N/w4ODv8PDw//EBAQ/xISEv8ZGRn/Hx8f/ysrK/8yMjL/NTU1/zg4OP89PT3/QkJC/0RERP9HR0f/RkZG/0VFRf9GRkb/SEhI/0lJSf9MTEz/TU1N/09PT/9PT0//T09P/05OTv9LS0v/SUlJ/0ZGRv9ERET/RUVF/0VFRf9ERET/Q0ND/0FBQf8/Pz//Q0ND/0pKSv9KSkr/SEhI/0ZGRv9BQUH/PDw8/zExMf8qKir/HR0d/xUVFf8RERH/Dw8P/w8PD/8PDw//Dw8P/w8PD/8PDw//Dw8P/w8PD/8PDw//Dw8P/w8PD/8PDw//Dw8P/w8PD/8ODg7/Dw8P/xEREf8UFBT/HBwc/yMjI/8wMDD/Pz8//z09Pf87Ozv/OTk5/zU1Nf80NDT/MjIy/zExMf8wMDD/MDAw/zExMf8xMTH/MjIy/zIyMv8wMDD/Ly8v/zAwMP8wMDD/MDAw/y8vL/8vLy//Ly8v/y8vL/8uLi7/Ly8v/zAwMP8wMDD/Ly8v/zAwMP8xMTH/MjIy/zExMf8wMDD/MTEx/zExMf8xMTH/MTEx/zExMf8wMDD/MTEx/zIyMv8zMzP/NDQ0/zQ0NP80NDT/MzMz/zIyMv8yMjL/MTEx/zExMf8yMjL/MzMz/zQ0NP80NDT/MzMz/zMzM/8zMzP/MzMz/zMzM/80NDT/NDQ0/zQ0NP80NDT/MzMz/zMzM/8zMzP/MzMz/zIyMv8yMjL/MzMz/zQ0NP81NTX/NTU1/zQ0NP80NDT/Ozs7/0JCQv9WVlb/cHBw/4mJif+vr6//tLS0/7m5uf+np6f/e3t7/2RkZP9ERET/Ojo6/0FBQf9ISEj/WFhY/2NjY/9kZGT/ZGRk/2RkZP9kZGT/Z2dn/2tra/9oaGj/ZWVl/2dnZ/9sbGz/a2tr/2dnZ/9iYmL/VlZW/1BQUP9JSUn/RUVF/0dHR/9JSUn/Tk5O/1NTU/9WVlb/WVlZ/1hYWP9VVVX/TU1N/z8/P/80NDT/ICAg/x0dHf8cHBz/Hx8f/ycnJ/8tLS3/NDQ0/zg4OP86Ojr/Ozs7/zs7O/88PDz/PDw8/z09Pf87Ozv/OTk5/zg4OP83Nzf/Nzc3/zc3N/83Nzf/NjY2/zQ0NP8vLy//Kysr/yIiIv8dHR3/Gxsb/xoaGv8eHh7/IyMj/yoqKv8yMjL/MzMz/zU1Nf81NTX/NTU1/zU1Nf82Njb/NjY2/zY2Nv81NTX/MzMz/zIyMv8zMzP/NDQ0/zc3N/86Ojr/SkpK/1paWv9oaGj/eHh4/2VlZf9ISEj/T09P/19fX/9paWn/e3t7/319ff97e3v/fHx8/39/f/9/f3//fX19/3p6ev92dnb/cnJy/29vb/9ra2v/a2tr/2xsbP9wcHD/dnZ2/3Z2dv91dXX/dXV1/3V1df9ycnL/bGxs/2lpaf9nZ2f/ZWVl/2FhYf9bW1v/Pz8//yUlJf8eHh7/FhYW/xUVFf8VFRX/FhYW/xcXF/8aGhr/Hx8f/yIiIv8oKCj/JiYm/x8fH/8cHBz/GBgY/xYWFv8WFhb/FxcX/xkZGf8cHBz/KSkp/zc3N/9DQ0P/U1NT/05OTv9FRUX/QEBA/zo6Ov81NTX/LCws/ykpKf8lJSX/IyMj/yEhIf8fHx//Hx8f/x8fH/8gICD/ISEh/yAgIP8gICD/Hx8f/x8fH/8eHh7/Hh4e/x4eHv8dHR3/HR0d/x0dHf8dHR3/HR0d/x0dHf8eHh7/Hx8f/yUlJf8qKir/Nzc3/0VFRf89PT3/NDQ0/ykpKf8bGxv/GBgY/xQUFP8TExP/EhIS/xISEv8SEhL/ERER/xEREf8RERH/EBAQ/xAQEP8QEBD/EBAQ/xAQEP8QEBD/EBAQ/xAQEP8QEBD/ERER/xEREf8RERH/ERER/xEREf8RERH/ERER/xISEv8VFRX/GBgY/yIiIv8nJyf/IyMj/x8fH/8ZGRn/EhIS/xEREf8QEBD/EBAQ/xEREf8RERH/ERER/xEREf8QEBD/EBAQ/xAQEP8QEBD/EBAQ/xEREf8QEBD/EBAQ/xAQEP8QEBD/EBAQ/xAQEP8QEBD/EBAQ/xAQEP8QEBD/EBAQ/xEREf8TExP/GBgY/x4eHv8rKyv/LS0t/yYmJv8hISH/GRkZ/xMTE/8SEhL/EBAQ/xAQEP8PDw//Dw8P/w8PD/8PDw//Dw8P/w8PD/8PDw//Dw8P/xAQEP8QEBD/EBAQ/xAQEP8QEBD/EBAQ/xAQEP8PDw//Dw8P/w8PD/8QEBD/EBAQ/xEREf8RERH/FhYW/xwcHP8lJSX/NjY2/zc3N/82Njb/Ly8v/x8fH/8ZGRn/FBQU/xISEv8SEhL/EhIS/xISEv8SEhL/EhIS/xMTE/8cHBz/JiYm/zk5Of9WVlb/TExM/zc3N/8vLy//JiYm/yQkJP8mJib/JiYm/ycnJ/8mJib/JCQk/yMjI/8jIyP/IiIi/yoqKv8yMjL/NTU1/zk5Of8vLy//Hx8f/xoaGv8TExP/ERER/w8PD/8PDw//Dw8P/w8PD/8PDw//Dw8P/xAQEP8QEBD/EBAQ/z4+Pv8/Pz//Pz8//z8/P/8+Pj7/Pj4+/z4+Pv8/Pz//Pz8//0BAQP9BQUH/QUFB/0JCQv9CQkL/QkJC/0JCQv9BQUH/QEBA/0FBQf9BQUH/QUFB/0FBQf9BQUH/QkJC/0FBQf9AQED/QEBA/0BAQP8/Pz//Pz8//0BAQP9AQED/QEBA/z8/P/8/Pz//Pz8//0BAQP9BQUH/QkJC/0JCQv9DQ0P/QkJC/0JCQv9BQUH/QEBA/0BAQP9BQUH/QUFB/0JCQv9DQ0P/RERE/0RERP9DQ0P/QkJC/0JCQv9BQUH/QUFB/0JCQv9BQUH/QUFB/0FBQf9BQUH/QEBA/0BAQP9AQED/QEBA/0BAQP9AQED/Pz8//z4+Pv8+Pj7/Pz8//0BAQP9BQUH/QkJC/0JCQv9DQ0P/QkJC/0JCQv9BQUH/Pz8//0BAQP9AQED/QUFB/0NDQ/9DQ0P/QUFB/0BAQP8/Pz//Pj4+/z4+Pv8+Pj7/Pj4+/z8/P/8/Pz//Pj4+/z8/P/8/Pz//QEBA/0BAQP9AQED/QUFB/0FBQf9BQUH/QkJC/0NDQ/9DQ0P/QkJC/0JCQv9CQkL/Q0ND/0NDQ/9CQkL/QkJC/0BAQP9CQkL/Q0ND/0JCQv9BQUH/QUFB/0FBQf9AQED/Pz8//z8/P/8/Pz//QEBA/0BAQP9AQED/QUFB/0JCQv9CQkL/QkJC/0JCQv9DQ0P/Q0ND/0NDQ/9CQkL/QEBA/0BAQP9AQED/QEBA/0JCQv9CQkL/QkJC/0NDQ/9DQ0P/Q0ND/0FBQf9AQED/Pz8//z8/P/8/Pz//Pz8//0BAQP9BQUH/QkJC/0NDQ/9DQ0P/Q0ND/0NDQ/9CQkL/QkJC/0FBQf9AQED/QEBA/0BAQP9AQED/QEBA/0FBQf9BQUH/QUFB/0BAQP9AQED/QEBA/0BAQP8/Pz//QEBA/0BAQP9AQED/Pz8//z4+Pv8+Pj7/Pj4+/z8/P/8/Pz//Pz8//z8/P/9AQED/QUFB/0JCQv9CQkL/QUFB/z8/P/8/Pz//Pj4+/z09Pf89PT3/Ozs7/zc3N/81NTX/MjIy/zAwMP8tLS3/Kysr/ysrK/8qKir/LCws/y0tLf8xMTH/NjY2/zo6Ov8/Pz//QEBA/0FBQf9BQUH/QUFB/0FBQf9BQUH/QUFB/0BAQP9AQED/QUFB/0FBQf9AQED/QEBA/0BAQP9BQUH/Q0ND/0VFRf9ERET/Q0ND/0JCQv9BQUH/QEBA/z8/P/8/Pz//Pz8//0BAQP9AQED/QEBA/0BAQP9AQED/QEBA/0BAQP9BQUH/QUFB/0FBQf9BQUH/QUFB/0FBQf9AQED/QEBA/z8/P/8/Pz//Pz8//0BAQP9BQUH/QkJC/0NDQ/9ERET/RUVF/0RERP9DQ0P/Q0ND/0RERP9ERET/RERE/0NDQ/9CQkL/QkJC/0JCQv9BQUH/QUFB/0FBQf9BQUH/QUFB/0FBQf9BQUH/QUFB/0FBQf9BQUH/QUFB/0FBQf8/Pz//Pz8//z8/P/8/Pz//Pj4+/z4+Pv9AQED/QEBA/0BAQP9AQED/Pz8//z8/P/8+Pj7/Pj4+/z8/P/8/Pz//QEBA/0FBQf9CQkL/RERE/0RERP9ERET/Q0ND/0FBQf9BQUH/QUFB/0BAQP8/Pz//Pj4+/z8/P/8/Pz//QEBA/0BAQP89PT3/OTk5/zAwMP8nJyf/JCQk/yEhIf8hISH/ISEh/ycnJ/8xMTH/NDQ0/zc3N/82Njb/MzMz/zIyMv8xMTH/MjIy/zU1Nf82Njb/MzMz/zExMf8zMzP/NDQ0/zQ0NP80NDT/NDQ0/zQ0NP80NDT/NDQ0/zQ0NP81NTX/NTU1/zU1Nf81NTX/NjY2/zY2Nv81NTX/NTU1/zQ0NP80NDT/MzMz/zMzM/80NDT/NTU1/zU1Nf81NTX/NTU1/zY2Nv82Njb/NjY2/zY2Nv81NTX/NTU1/zQ0NP80NDT/NDQ0/zQ0NP81NTX/NTU1/zY2Nv83Nzf/NjY2/zU1Nf82Njb/Nzc3/zc3N/83Nzf/NjY2/zY2Nv82Njb/NjY2/zY2Nv82Njb/NjY2/zU1Nf81NTX/NjY2/zc3N/83Nzf/ODg4/zg4OP84ODj/OTk5/zk5Of85OTn/ODg4/zc3N/82Njb/NjY2/zY2Nv82Njb/NjY2/zc3N/84ODj/ODg4/zg4OP84ODj/ODg4/zg4OP83Nzf/Nzc3/zc3N/84ODj/Nzc3/zc3N/84ODj/OTk5/zk5Of85OTn/OTk5/zk5Of85OTn/OTk5/zk5Of84ODj/ODg4/zg4OP84ODj/ODg4/zk5Of85OTn/OTk5/zk5Of85OTn/OTk5/zg4OP84ODj/ODg4/zg4OP84ODj/ODg4/zg4OP84ODj/ODg4/zg4OP84ODj/OTk5/zk5Of84ODj/ODg4/zk5Of84ODj/ODg4/zc3N/83Nzf/Nzc3/zY2Nv82Njb/Nzc3/zc3N/85OTn/Ojo6/zo6Ov87Ozv/Ojo6/zo6Ov86Ojr/Ojo6/zk5Of84ODj/ODg4/zg4OP84ODj/OTk5/zk5Of86Ojr/Ojo6/zo6Ov86Ojr/OTk5/zg4OP85OTn/OTk5/zk5Of86Ojr/Ojo6/zo6Ov86Ojr/Ojo6/zk5Of85OTn/OTk5/zo6Ov86Ojr/Ozs7/zw8PP88PDz/PDw8/zw8PP88PDz/PDw8/zs7O/88PDz/PDw8/zw8PP87Ozv/Ozs7/zw8PP88PDz/PDw8/z09Pf89PT3/PDw8/zs7O/87Ozv/Ozs7/zo6Ov87Ozv/Ozs7/zw8PP88PDz/PT09/z09Pf88PDz/Ozs7/zs7O/88PDz/Ozs7/zs7O/87Ozv/PDw8/zw8PP88PDz/PDw8/z09Pf89PT3/PT09/z09Pf89PT3/PT09/z4+Pv8+Pj7/Pj4+/z09Pf89PT3/PDw8/zw8PP88PDz/PT09/z09Pf89PT3/PDw8/zs7O/88PDz/PT09/z09Pf8+Pj7/Pj4+/z8/P/8+Pj7/PT09/z4+Pv8+Pj7/Pj4+/z8/P/8/Pz//Pz8//z4+Pv89PT3/PT09/zw8PP88PDz/PT09/z4+Pv8/Pz//QEBA/z8/P/8+Pj7/Pz8//z8/P/8/Pz//Pz8//z8/P/8/Pz//Pz8//0BAQP9AQED/Pz8//z8/P/8/Pz//Pz8//0BAQP9BQUH/QEBA/z8/P/8+Pj7/PT09/z4+Pv8+Pj7/Pj4+/z8/P/9AQED/QEBA/0BAQP8/Pz//Pj4+/z09Pf89PT3/PT09/z4+Pv9AQED/QUFB/z8/P/8+Pj7/Pj4+/z4+Pv8+Pj7/Pj4+/z8/P/8/Pz//Pz8//z8/P/8/Pz//QEBA/0BAQP9AQED/QEBA/0BAQP8/Pz//Pz8//z4+Pv8+Pj7/Pj4+/z4+Pv8+Pj7/Pj4+/z4+Pv8+Pj7/Pj4+/z09Pf88PDz/PDw8/zw8PP89PT3/Pj4+/z4+Pv8+Pj7/PT09/z09Pf8+Pj7/Pz8//0BAQP9AQED/QEBA/0BAQP9AQED/Pz8//z4+Pv89PT3/Pj4+/z4+Pv8+Pj7/Pj4+/z8/P/8/Pz//QEBA/0BAQP9AQED/Pz8//z8/P/8ZGRn/Ghoa/xsbG/8ZGRn/FxcX/xcXF/8XFxf/FxcX/xcXF/8XFxf/FxcX/xgYGP8YGBj/FxcX/xcXF/8XFxf/FxcX/xcXF/8XFxf/FxcX/xcXF/8YGBj/FxcX/xcXF/8XFxf/FxcX/xYWFv8WFhb/FRUV/xUVFf8VFRX/FRUV/xUVFf8VFRX/FRUV/xUVFf8VFRX/FBQU/xQUFP8UFBT/ExMT/xUVFf8XFxf/Ghoa/x8fH/8gICD/ICAg/x8fH/8eHh7/Hh4e/x0dHf8dHR3/HR0d/xwcHP8cHBz/HBwc/xwcHP8cHBz/HBwc/xwcHP8cHBz/HR0d/x0dHf8dHR3/ICAg/yUlJf8mJib/Jycn/yYmJv8hISH/Hh4e/xwcHP8bGxv/Gxsb/xwcHP8cHBz/HR0d/x0dHf8dHR3/HR0d/xwcHP8bGxv/Ghoa/xkZGf8XFxf/FxcX/xcXF/8YGBj/Ghoa/xsbG/8dHR3/Hx8f/yMjI/8nJyf/KSkp/ysrK/8qKir/KCgo/ykpKf8pKSn/Kysr/y0tLf8vLy//NTU1/zY2Nv84ODj/ODg4/zc3N/81NTX/MjIy/zExMf8yMjL/MzMz/zQ0NP80NDT/NTU1/zY2Nv83Nzf/Nzc3/zk5Of87Ozv/Ojo6/zg4OP83Nzf/Nzc3/zc3N/83Nzf/NjY2/zQ0NP8zMzP/NTU1/zg4OP85OTn/Ozs7/z4+Pv9DQ0P/QUFB/z09Pf88PDz/Ojo6/zs7O/88PDz/PDw8/zk5Of83Nzf/MzMz/zExMf8zMzP/NDQ0/zc3N/87Ozv/Ojo6/zo6Ov82Njb/MDAw/ywsLP8mJib/JCQk/yAgIP8eHh7/HR0d/x0dHf8dHR3/HR0d/xsbG/8aGhr/GBgY/xYWFv8VFRX/FRUV/xQUFP8TExP/FBQU/xQUFP8VFRX/FhYW/xYWFv8WFhb/FRUV/xUVFf8UFBT/ExMT/xEREf8QEBD/Dg4O/w4ODv8ODg7/Dw8P/w8PD/8PDw//Dw8P/w4ODv8ODg7/DQ0N/w0NDf8NDQ3/Dg4O/w8PD/8QEBD/EhIS/xYWFv8bGxv/Jycn/y4uLv8zMzP/ODg4/zw8PP9AQED/QUFB/0JCQv9ERET/RUVF/0dHR/9LS0v/S0tL/0xMTP9NTU3/TU1N/01NTf9NTU3/TU1N/0xMTP9KSkr/R0dH/0VFRf9ERET/RERE/0NDQ/9DQ0P/Q0ND/0RERP9GRkb/SUlJ/0dHR/9ERET/QkJC/z4+Pv85OTn/LS0t/yUlJf8aGhr/ExMT/xEREf8PDw//Dw8P/w8PD/8PDw//Dw8P/w8PD/8PDw//Dw8P/w8PD/8PDw//Dw8P/w8PD/8PDw//Dw8P/w4ODv8PDw//EhIS/xUVFf8dHR3/JCQk/zExMf8+Pj7/PT09/zw8PP86Ojr/Nzc3/zU1Nf8zMzP/MjIy/zExMf8wMDD/MTEx/zAwMP8wMDD/MDAw/y8vL/8vLy//Ly8v/zAwMP8vLy//Li4u/y4uLv8vLy//Ly8v/y8vL/8vLy//Ly8v/y8vL/8vLy//MDAw/zExMf8xMTH/MTEx/zExMf8xMTH/MTEx/zExMf8xMTH/MDAw/zAwMP8xMTH/MjIy/zMzM/8zMzP/MzMz/zIyMv8yMjL/MjIy/zIyMv8yMjL/MjIy/zIyMv8zMzP/MzMz/zMzM/8zMzP/MzMz/zMzM/8zMzP/MzMz/zMzM/8zMzP/MzMz/zMzM/8zMzP/MzMz/zMzM/8zMzP/MzMz/zMzM/80NDT/NTU1/zU1Nf81NTX/NTU1/zY2Nv88PDz/Q0ND/1BQUP9hYWH/bm5u/4KCgv+fn5//0NDQ/8HBwf+Kior/bW1t/0BAQP8xMTH/Nzc3/z09Pf9RUVH/X19f/15eXv9cXFz/Xl5e/2BgYP9gYGD/Xl5e/19fX/9gYGD/ZmZm/3BwcP9wcHD/bGxs/2ZmZv9YWFj/UlJS/1BQUP9QUFD/VVVV/1lZWf9eXl7/ZGRk/2VlZf9mZmb/Y2Nj/2BgYP9XV1f/SEhI/zo6Ov8kJCT/Hx8f/x0dHf8fHx//KCgo/y0tLf81NTX/OTk5/zs7O/89PT3/PDw8/zs7O/87Ozv/Ozs7/zo6Ov83Nzf/Nzc3/zg4OP84ODj/ODg4/zc3N/81NTX/MzMz/y8vL/8rKyv/IyMj/x4eHv8cHBz/Ghoa/x4eHv8hISH/KCgo/zExMf8yMjL/NDQ0/zQ0NP80NDT/NTU1/zY2Nv82Njb/NjY2/zU1Nf8zMzP/MjIy/zMzM/80NDT/NTU1/zc3N/9AQED/SkpK/2RkZP+Dg4P/ZmZm/zs7O/9DQ0P/VlZW/2JiYv91dXX/fHx8/4GBgf+CgoL/gYGB/39/f/99fX3/e3t7/3l5ef94eHj/dnZ2/3Nzc/91dXX/eHh4/3p6ev9+fn7/fHx8/3h4eP94eHj/eHh4/3Z2dv9ubm7/ampq/2RkZP9gYGD/W1tb/1RUVP87Ozv/JCQk/x0dHf8VFRX/FRUV/xUVFf8WFhb/FxcX/xoaGv8fHx//IyMj/ykpKf8nJyf/ICAg/xwcHP8YGBj/FhYW/xYWFv8WFhb/GRkZ/xsbG/8oKCj/Nzc3/0VFRf9XV1f/UFBQ/0RERP87Ozv/LS0t/ykpKf8lJSX/IyMj/x8fH/8dHR3/Ghoa/xkZGf8YGBj/GBgY/xoaGv8cHBz/Gxsb/xsbG/8aGhr/GRkZ/xgYGP8XFxf/FhYW/xYWFv8WFhb/FxcX/xcXF/8XFxf/FxcX/xcXF/8ZGRn/ISEh/ygoKP86Ojr/S0tL/0FBQf81NTX/KSkp/xoaGv8XFxf/ExMT/xISEv8RERH/ERER/xEREf8RERH/EBAQ/xAQEP8PDw//Dw8P/w8PD/8PDw//Dw8P/w8PD/8PDw//Dw8P/w8PD/8QEBD/EBAQ/xEREf8RERH/EhIS/xISEv8SEhL/ExMT/xUVFf8ZGRn/IyMj/ygoKP8kJCT/ICAg/xoaGv8TExP/EhIS/xEREf8RERH/ERER/xEREf8RERH/ERER/xAQEP8QEBD/EBAQ/xAQEP8QEBD/EBAQ/xEREf8RERH/EBAQ/xAQEP8QEBD/Dw8P/w8PD/8QEBD/EBAQ/xEREf8RERH/EBAQ/xISEv8XFxf/Hh4e/ywsLP8tLS3/JSUl/yAgIP8YGBj/ExMT/xEREf8QEBD/EBAQ/xAQEP8QEBD/Dw8P/w8PD/8ODg7/Dg4O/w8PD/8PDw//EBAQ/xAQEP8QEBD/EBAQ/xAQEP8QEBD/EBAQ/xAQEP8QEBD/EBAQ/xAQEP8RERH/ERER/xISEv8WFhb/HBwc/ycnJ/84ODj/OTk5/zc3N/8wMDD/Hx8f/xkZGf8VFRX/ExMT/xISEv8RERH/ERER/xEREf8RERH/ERER/xQUFP8YGBj/ISEh/y4uLv8rKyv/IyMj/yEhIf8gICD/ICAg/yIiIv8iIiL/IiIi/yIiIv8hISH/ICAg/yAgIP8gICD/KSkp/zIyMv82Njb/Ozs7/zExMf8fHx//Ghoa/xISEv8QEBD/Dw8P/w4ODv8QEBD/EBAQ/xAQEP8QEBD/Dw8P/w8PD/8PDw//Pz8//0BAQP9BQUH/QEBA/z4+Pv8+Pj7/Pz8//z8/P/8+Pj7/Pz8//0BAQP9BQUH/QkJC/0JCQv9CQkL/QkJC/0FBQf9BQUH/QEBA/0BAQP9AQED/QEBA/0BAQP9AQED/QEBA/0BAQP9AQED/QEBA/0BAQP9AQED/QEBA/0BAQP9AQED/Pz8//z8/P/9AQED/QEBA/0FBQf9BQUH/QkJC/0JCQv9CQkL/QUFB/0FBQf9AQED/Pz8//z4+Pv8/Pz//Pz8//0BAQP9DQ0P/RERE/0NDQ/9CQkL/QEBA/z8/P/9AQED/QEBA/0BAQP9AQED/QEBA/0BAQP9AQED/QEBA/0BAQP9BQUH/QUFB/0BAQP9AQED/Pj4+/z4+Pv9AQED/QUFB/0BAQP9AQED/QUFB/0FBQf9BQUH/QUFB/0FBQf9BQUH/QUFB/0FBQf9CQkL/RUVF/0VFRf9CQkL/QUFB/0FBQf9AQED/Pz8//z8/P/9AQED/QkJC/0FBQf9BQUH/QUFB/0FBQf9BQUH/QEBA/0FBQf9CQkL/QUFB/0BAQP9AQED/QkJC/0JCQv9CQkL/QkJC/0JCQv9CQkL/QkJC/0JCQv9CQkL/QUFB/0JCQv9DQ0P/QkJC/0BAQP9AQED/QEBA/0BAQP9AQED/QEBA/z8/P/8/Pz//Pz8//z8/P/9AQED/QUFB/0JCQv9DQ0P/QkJC/0JCQv9CQkL/QUFB/0FBQf9AQED/Pz8//z4+Pv8/Pz//QkJC/0NDQ/9DQ0P/Q0ND/0RERP9ERET/QkJC/0BAQP8/Pz//Pz8//z8/P/8+Pj7/Pz8//0BAQP9AQED/QEBA/0FBQf9BQUH/QUFB/0FBQf9BQUH/QUFB/0FBQf9BQUH/QUFB/0FBQf9CQkL/QkJC/0JCQv9BQUH/QUFB/0BAQP8/Pz//Pz8//z4+Pv8/Pz//QEBA/0BAQP8+Pj7/Pj4+/z4+Pv8+Pj7/Pz8//0BAQP8+Pj7/PT09/z8/P/9AQED/QEBA/0BAQP8/Pz//Pj4+/z4+Pv8+Pj7/Pj4+/z8/P/89PT3/OTk5/zc3N/81NTX/MzMz/y8vL/8tLS3/LS0t/y0tLf8vLy//MTEx/zQ0NP84ODj/Ozs7/0BAQP9BQUH/QkJC/0JCQv9CQkL/QkJC/0FBQf9BQUH/QkJC/0JCQv9DQ0P/Q0ND/0FBQf9AQED/QEBA/0FBQf9CQkL/QkJC/0JCQv9CQkL/QkJC/0JCQv9BQUH/Pz8//z8/P/8+Pj7/Pj4+/z4+Pv8+Pj7/Pz8//0BAQP8/Pz//Pj4+/z8/P/8/Pz//Pz8//z8/P/9AQED/QEBA/0BAQP9AQED/QEBA/z8/P/8/Pz//QEBA/0BAQP9BQUH/QUFB/0NDQ/9DQ0P/QkJC/0BAQP9CQkL/Q0ND/0NDQ/9DQ0P/QkJC/0BAQP9AQED/QUFB/0FBQf9AQED/QEBA/0BAQP9AQED/QEBA/0BAQP9BQUH/QUFB/0FBQf9BQUH/QUFB/0BAQP9AQED/QUFB/0BAQP8+Pj7/QEBA/0JCQv9CQkL/QkJC/0FBQf9AQED/Pz8//z4+Pv8+Pj7/Pz8//z8/P/9AQED/QUFB/0RERP9HR0f/RkZG/0RERP9DQ0P/QEBA/0FBQf9CQkL/QkJC/0FBQf9BQUH/QUFB/0FBQf9BQUH/QEBA/z4+Pv87Ozv/MTEx/ygoKP8jIyP/Hh4e/x8fH/8fHx//JiYm/y8vL/8zMzP/ODg4/zg4OP81NTX/MzMz/zExMf8wMDD/Li4u/y0tLf8uLi7/MDAw/zMzM/81NTX/NDQ0/zMzM/8zMzP/MjIy/zMzM/80NDT/NDQ0/zMzM/80NDT/NTU1/zY2Nv83Nzf/ODg4/zY2Nv82Njb/NTU1/zU1Nf80NDT/MzMz/zQ0NP81NTX/NDQ0/zMzM/80NDT/NjY2/zc3N/84ODj/Nzc3/zY2Nv82Njb/NTU1/zU1Nf81NTX/NTU1/zU1Nf81NTX/NjY2/zY2Nv82Njb/NTU1/zU1Nf81NTX/NTU1/zU1Nf81NTX/NTU1/zU1Nf81NTX/NTU1/zU1Nf81NTX/NjY2/zY2Nv83Nzf/Nzc3/zg4OP85OTn/OTk5/zk5Of85OTn/OTk5/zk5Of84ODj/Nzc3/zY2Nv82Njb/NjY2/zY2Nv82Njb/NjY2/zg4OP85OTn/ODg4/zg4OP84ODj/Nzc3/zc3N/82Njb/NjY2/zY2Nv82Njb/NjY2/zc3N/84ODj/ODg4/zk5Of85OTn/ODg4/zg4OP84ODj/Nzc3/zc3N/82Njb/NjY2/zY2Nv84ODj/Ojo6/zo6Ov87Ozv/Ojo6/zk5Of84ODj/Nzc3/zY2Nv83Nzf/Nzc3/zc3N/83Nzf/OTk5/zo6Ov86Ojr/Ozs7/zs7O/87Ozv/Ojo6/zo6Ov85OTn/ODg4/zc3N/82Njb/NjY2/zc3N/83Nzf/NjY2/zY2Nv83Nzf/ODg4/zk5Of86Ojr/Ojo6/zo6Ov86Ojr/OTk5/zk5Of86Ojr/OTk5/zc3N/83Nzf/ODg4/zg4OP85OTn/OTk5/zs7O/87Ozv/PDw8/zs7O/85OTn/ODg4/zk5Of85OTn/OTk5/zo6Ov86Ojr/OTk5/zk5Of85OTn/OTk5/zk5Of85OTn/Ojo6/zo6Ov87Ozv/Ozs7/zw8PP88PDz/PT09/z09Pf89PT3/Pj4+/z4+Pv8/Pz//Pj4+/zw8PP88PDz/PT09/z09Pf89PT3/PT09/z8/P/8+Pj7/PT09/zw8PP87Ozv/Ozs7/zo6Ov86Ojr/PDw8/z09Pf8+Pj7/Pz8//z4+Pv89PT3/PDw8/zs7O/86Ojr/OTk5/zo6Ov88PDz/PDw8/zs7O/88PDz/PT09/z4+Pv89PT3/PT09/z09Pf8+Pj7/Pj4+/z4+Pv8+Pj7/Pj4+/z09Pf87Ozv/Ozs7/zw8PP88PDz/PT09/zw8PP87Ozv/Ozs7/zw8PP89PT3/Pz8//0BAQP9BQUH/QkJC/0BAQP8+Pj7/Pj4+/z8/P/8/Pz//QEBA/0BAQP9AQED/Pz8//z4+Pv89PT3/PDw8/zs7O/89PT3/Pj4+/0BAQP9CQkL/QEBA/z8/P/9AQED/QUFB/0BAQP8+Pj7/Pz8//0BAQP9AQED/QEBA/0BAQP8+Pj7/Pj4+/z8/P/9AQED/QUFB/0FBQf9AQED/QEBA/z8/P/8+Pj7/Pj4+/z09Pf8+Pj7/Pz8//z8/P/8/Pz//Pz8//z4+Pv8+Pj7/PT09/z09Pf89PT3/Pj4+/0BAQP9BQUH/QEBA/0BAQP9AQED/QEBA/0BAQP9AQED/QEBA/0BAQP8/Pz//PT09/z4+Pv8/Pz//Pz8//0BAQP9AQED/Pz8//z8/P/89PT3/PDw8/z4+Pv8/Pz//Pj4+/z09Pf89PT3/Pj4+/z4+Pv89PT3/PT09/z09Pf89PT3/PT09/z09Pf8/Pz//Pz8//0BAQP8/Pz//Pj4+/z09Pf8+Pj7/Pz8//z8/P/8/Pz//Pz8//z8/P/8/Pz//Pj4+/z4+Pv89PT3/PT09/z4+Pv8+Pj7/Pz8//z8/P/8/Pz//Pz8//z8/P/8/Pz//Pz8//xcXF/8ZGRn/Ghoa/xoaGv8ZGRn/GBgY/xcXF/8XFxf/FhYW/xYWFv8XFxf/FxcX/xcXF/8XFxf/FhYW/xYWFv8WFhb/FhYW/xYWFv8WFhb/FxcX/xgYGP8XFxf/FhYW/xYWFv8WFhb/FhYW/xUVFf8VFRX/FBQU/xQUFP8VFRX/FRUV/xQUFP8UFBT/FBQU/xQUFP8UFBT/ExMT/xMTE/8UFBT/FRUV/xcXF/8aGhr/Hx8f/x8fH/8fHx//Hx8f/x4eHv8eHh7/HR0d/x0dHf8cHBz/HBwc/xsbG/8bGxv/Gxsb/xsbG/8bGxv/HBwc/xwcHP8cHBz/HBwc/xwcHP8eHh7/IiIi/yQkJP8mJib/JiYm/yMjI/8hISH/Hh4e/xwcHP8bGxv/Gxsb/xwcHP8dHR3/HR0d/x4eHv8dHR3/HBwc/xwcHP8bGxv/Ghoa/xcXF/8XFxf/FxcX/xgYGP8aGhr/Gxsb/xsbG/8bGxv/Hh4e/yAgIP8lJSX/Kioq/ysrK/8sLCz/LCws/ywsLP8sLCz/LS0t/y8vL/8zMzP/NTU1/zY2Nv82Njb/NjY2/zU1Nf8xMTH/Ly8v/y4uLv8uLi7/Ly8v/zAwMP8yMjL/NDQ0/zQ0NP80NDT/Nzc3/zs7O/86Ojr/Nzc3/zc3N/85OTn/OTk5/zg4OP82Njb/MTEx/y8vL/8zMzP/Nzc3/zk5Of86Ojr/Pj4+/0JCQv8/Pz//Ozs7/zo6Ov86Ojr/Ozs7/zw8PP88PDz/Ozs7/zo6Ov84ODj/Nzc3/zk5Of88PDz/Pz8//0NDQ/9CQkL/QEBA/zo6Ov8yMjL/LS0t/ycnJ/8kJCT/ICAg/x8fH/8dHR3/HR0d/x4eHv8eHh7/Gxsb/xkZGf8XFxf/FhYW/xUVFf8UFBT/FBQU/xQUFP8UFBT/FRUV/xYWFv8XFxf/FhYW/xUVFf8VFRX/FBQU/xQUFP8SEhL/EhIS/xAQEP8PDw//Dw8P/w8PD/8PDw//Dw8P/w8PD/8ODg7/Dg4O/w0NDf8NDQ3/DQ0N/w0NDf8ODg7/Dw8P/xAQEP8RERH/ExMT/xcXF/8iIiL/Kioq/zExMf83Nzf/Ojo6/z09Pf89PT3/Pj4+/0FBQf9GRkb/SUlJ/01NTf9NTU3/TU1N/01NTf9LS0v/S0tL/0xMTP9MTEz/TU1N/0xMTP9JSUn/RkZG/0RERP9CQkL/Q0ND/0NDQ/9GRkb/SUlJ/0lJSf9HR0f/RUVF/0BAQP8+Pj7/PDw8/zY2Nv8oKCj/Hx8f/xcXF/8RERH/EBAQ/w8PD/8PDw//Dg4O/w4ODv8ODg7/Dg4O/w4ODv8ODg7/Dw8P/w8PD/8ODg7/Dg4O/w4ODv8ODg7/Dw8P/xAQEP8SEhL/FRUV/x4eHv8lJSX/MTEx/z4+Pv8+Pj7/PT09/zs7O/84ODj/Nzc3/zQ0NP8zMzP/MTEx/zExMf8wMDD/MDAw/y8vL/8uLi7/Ly8v/y8vL/8vLy//Ly8v/y4uLv8tLS3/Li4u/y8vL/8vLy//MDAw/y8vL/8uLi7/Ly8v/zAwMP8wMDD/MTEx/zExMf8xMTH/MTEx/zIyMv8yMjL/MTEx/zAwMP8wMDD/MDAw/zExMf8yMjL/MjIy/zMzM/8yMjL/MDAw/zExMf8yMjL/MjIy/zMzM/8zMzP/MjIy/zIyMv8xMTH/MTEx/zIyMv8zMzP/MzMz/zIyMv8yMjL/MjIy/zIyMv8xMTH/MjIy/zQ0NP80NDT/NDQ0/zQ0NP8zMzP/MzMz/zU1Nf82Njb/NjY2/zY2Nv81NTX/PT09/0dHR/9RUVH/UlJS/1JSUv9bW1v/aWlp/35+fv+kpKT/l5eX/2xsbP9VVVX/NTU1/yoqKv8vLy//NTU1/0pKSv9aWlr/WVlZ/1hYWP9YWFj/WVlZ/1hYWP9XV1f/WFhY/1lZWf9eXl7/Z2dn/2dnZ/9lZWX/YGBg/1ZWVv9TU1P/U1NT/1VVVf9aWlr/Xl5e/2BgYP9iYmL/YWFh/2BgYP9eXl7/Wlpa/1JSUv9ERET/ODg4/yMjI/8fHx//HR0d/x8fH/8oKCj/LS0t/zQ0NP85OTn/Ozs7/zw8PP88PDz/Ozs7/zs7O/87Ozv/OTk5/zg4OP84ODj/ODg4/zg4OP84ODj/Nzc3/zU1Nf8zMzP/MDAw/ywsLP8kJCT/Hx8f/xwcHP8aGhr/HR0d/yAgIP8nJyf/MDAw/zIyMv82Njb/NjY2/zc3N/83Nzf/ODg4/zg4OP83Nzf/NjY2/zQ0NP80NDT/NDQ0/zQ0NP8zMzP/MjIy/zY2Nv87Ozv/TU1N/2RkZP9QUFD/MjIy/zs7O/9OTk7/Wlpa/25ubv91dXX/fn5+/4GBgf+AgID/f39//3x8fP96enr/enp6/3l5ef92dnb/c3Nz/3Z2dv96enr/enp6/3p6ev95eXn/d3d3/3d3d/93d3f/dHR0/21tbf9oaGj/Xl5e/1hYWP9RUVH/SkpK/zU1Nf8hISH/Gxsb/xUVFf8VFRX/FRUV/xYWFv8YGBj/Gxsb/yAgIP8kJCT/Kioq/ygoKP8gICD/HBwc/xgYGP8WFhb/FhYW/xYWFv8YGBj/Ghoa/ygoKP83Nzf/RkZG/1lZWf9OTk7/PT09/zQ0NP8mJib/IyMj/yAgIP8eHh7/Ghoa/xgYGP8XFxf/FhYW/xUVFf8VFRX/FxcX/xgYGP8YGBj/FxcX/xcXF/8WFhb/FRUV/xQUFP8UFBT/FBQU/xQUFP8UFBT/FBQU/xUVFf8WFhb/FhYW/xgYGP8fHx//JiYm/zc3N/9ISEj/Pj4+/zMzM/8oKCj/GRkZ/xYWFv8TExP/FBQU/xUVFf8WFhb/FxcX/xcXF/8XFxf/FhYW/xYWFv8WFhb/FRUV/xQUFP8UFBT/ExMT/xQUFP8UFBT/FBQU/xQUFP8TExP/EhIS/xEREf8SEhL/EhIS/xEREf8SEhL/FRUV/xkZGf8jIyP/KSkp/yQkJP8gICD/GRkZ/xMTE/8SEhL/EBAQ/xAQEP8QEBD/EBAQ/xAQEP8QEBD/EBAQ/xAQEP8QEBD/EBAQ/xAQEP8QEBD/EBAQ/xAQEP8QEBD/EBAQ/w8PD/8ODg7/Dw8P/w8PD/8QEBD/ERER/xEREf8QEBD/ExMT/xcXF/8eHh7/LCws/y0tLf8lJSX/ICAg/xgYGP8SEhL/ERER/xAQEP8PDw//Dw8P/w8PD/8PDw//Dw8P/w8PD/8PDw//EBAQ/xAQEP8QEBD/EBAQ/xAQEP8QEBD/EBAQ/xAQEP8QEBD/EBAQ/w8PD/8PDw//EBAQ/xEREf8RERH/EhIS/xYWFv8cHBz/JiYm/zY2Nv84ODj/NTU1/y8vL/8fHx//GRkZ/xYWFv8UFBT/ExMT/xMTE/8TExP/EhIS/xISEv8SEhL/ExMT/xUVFf8aGhr/ISEh/x8fH/8cHBz/Gxsb/xsbG/8bGxv/HR0d/x0dHf8dHR3/HR0d/xwcHP8cHBz/HR0d/x4eHv8oKCj/MjIy/zY2Nv87Ozv/MDAw/yAgIP8aGhr/ExMT/xISEv8SEhL/FBQU/xgYGP8ZGRn/GBgY/xgYGP8XFxf/FhYW/xYWFv8/Pz//QEBA/0BAQP8/Pz//Pj4+/z4+Pv8/Pz//Pj4+/z4+Pv8+Pj7/Pz8//0BAQP9BQUH/QkJC/0JCQv9BQUH/QUFB/0BAQP9AQED/QEBA/0BAQP9AQED/QEBA/0BAQP9AQED/QEBA/0BAQP9AQED/QEBA/0FBQf9BQUH/QEBA/0BAQP8/Pz//Pz8//z8/P/9AQED/QEBA/0FBQf9CQkL/Q0ND/0NDQ/9CQkL/QUFB/0FBQf9AQED/Pz8//z8/P/8/Pz//QEBA/0FBQf9CQkL/QkJC/0JCQv9BQUH/QUFB/0FBQf9BQUH/QUFB/0FBQf9BQUH/QUFB/0FBQf9AQED/QUFB/0FBQf9BQUH/QEBA/0BAQP8/Pz//Pj4+/0BAQP9BQUH/QEBA/0BAQP9BQUH/QUFB/0BAQP9AQED/QEBA/0FBQf9BQUH/QUFB/0JCQv9ERET/Q0ND/0FBQf9AQED/QEBA/0BAQP8/Pz//Pz8//0BAQP9BQUH/QUFB/0FBQf9BQUH/QUFB/0FBQf9AQED/QUFB/0NDQ/9CQkL/QEBA/0BAQP9BQUH/QUFB/0JCQv9CQkL/QkJC/0JCQv9CQkL/QkJC/0JCQv9BQUH/QkJC/0NDQ/9CQkL/QEBA/0BAQP9AQED/QEBA/0BAQP9AQED/QEBA/0BAQP9AQED/QEBA/0BAQP9BQUH/QUFB/0JCQv9CQkL/QkJC/0FBQf9AQED/QEBA/0BAQP9AQED/Pz8//0BAQP9CQkL/Q0ND/0NDQ/9DQ0P/RERE/0NDQ/9BQUH/Pz8//z8/P/8/Pz//Pz8//z4+Pv8/Pz//QEBA/0BAQP9AQED/QEBA/0JCQv9CQkL/QUFB/0FBQf9AQED/QEBA/0BAQP9AQED/QUFB/0FBQf9BQUH/QUFB/0FBQf9AQED/QEBA/z8/P/8/Pz//Pz8//z8/P/9AQED/QEBA/z8/P/8/Pz//Pz8//z8/P/8/Pz//QEBA/z8/P/8/Pz//QEBA/0BAQP9AQED/QEBA/z8/P/8+Pj7/Pj4+/z4+Pv8+Pj7/Pj4+/z09Pf86Ojr/OTk5/zg4OP83Nzf/NjY2/zU1Nf8zMzP/MjIy/zQ0NP81NTX/ODg4/zs7O/89PT3/QEBA/0FBQf9BQUH/QkJC/0JCQv9CQkL/QkJC/0JCQv9CQkL/Q0ND/0NDQ/9ERET/Q0ND/0NDQ/9DQ0P/Q0ND/0RERP9ERET/RERE/0RERP9ERET/RERE/0NDQ/9BQUH/QEBA/z8/P/8/Pz//QEBA/0BAQP9BQUH/QUFB/0BAQP9AQED/QEBA/0BAQP9BQUH/QUFB/0FBQf9BQUH/QUFB/0FBQf9BQUH/QEBA/0FBQf9CQkL/QkJC/0JCQv9CQkL/QkJC/0JCQv9BQUH/QEBA/0FBQf9CQkL/QUFB/0BAQP9AQED/Pz8//z8/P/9AQED/QEBA/0BAQP9AQED/QEBA/0BAQP9BQUH/QUFB/0JCQv9CQkL/QkJC/0FBQf9BQUH/QEBA/0BAQP9BQUH/QEBA/z8/P/9AQED/QkJC/0JCQv9BQUH/QUFB/z8/P/8/Pz//Pj4+/z4+Pv8+Pj7/Pz8//0BAQP9BQUH/Q0ND/0VFRf9ERET/Q0ND/0JCQv9BQUH/QkJC/0NDQ/9DQ0P/RERE/0RERP9CQkL/QkJC/0JCQv9BQUH/Pj4+/zs7O/8zMzP/Kysr/yUlJf8eHh7/Hh4e/x4eHv8jIyP/Kysr/zAwMP83Nzf/ODg4/zY2Nv81NTX/NDQ0/zMzM/8xMTH/MTEx/zIyMv80NDT/OTk5/zU1Nf80NDT/MzMz/zMzM/8yMjL/MjIy/zMzM/8zMzP/MzMz/zMzM/81NTX/NjY2/zc3N/83Nzf/Nzc3/zY2Nv82Njb/NTU1/zU1Nf80NDT/NDQ0/zU1Nf80NDT/MzMz/zMzM/81NTX/NTU1/zc3N/83Nzf/NjY2/zY2Nv81NTX/NTU1/zU1Nf81NTX/NTU1/zU1Nf82Njb/NjY2/zU1Nf80NDT/NDQ0/zQ0NP80NDT/NDQ0/zQ0NP81NTX/NTU1/zU1Nf81NTX/NDQ0/zU1Nf82Njb/Nzc3/zc3N/84ODj/ODg4/zk5Of84ODj/ODg4/zg4OP85OTn/OTk5/zg4OP84ODj/Nzc3/zc3N/83Nzf/Nzc3/zY2Nv82Njb/ODg4/zk5Of84ODj/ODg4/zg4OP83Nzf/Nzc3/zY2Nv82Njb/NjY2/zY2Nv82Njb/NjY2/zc3N/84ODj/ODg4/zk5Of84ODj/ODg4/zg4OP84ODj/Nzc3/zc3N/83Nzf/Nzc3/zg4OP86Ojr/Ojo6/zs7O/87Ozv/Ojo6/zk5Of84ODj/Nzc3/zc3N/84ODj/ODg4/zg4OP86Ojr/Ozs7/zo6Ov86Ojr/Ojo6/zo6Ov86Ojr/Ojo6/zo6Ov85OTn/ODg4/zc3N/83Nzf/ODg4/zc3N/83Nzf/Nzc3/zc3N/84ODj/OTk5/zo6Ov86Ojr/Ojo6/zo6Ov85OTn/Ojo6/zo6Ov86Ojr/OTk5/zk5Of85OTn/OTk5/zk5Of85OTn/Ojo6/zs7O/87Ozv/Ozs7/zo6Ov85OTn/Ojo6/zs7O/87Ozv/Ozs7/zs7O/87Ozv/Ozs7/zs7O/86Ojr/OTk5/zo6Ov86Ojr/Ojo6/zo6Ov87Ozv/PDw8/zw8PP88PDz/PT09/z09Pf89PT3/Pj4+/z4+Pv8+Pj7/PT09/z09Pf8+Pj7/PT09/zw8PP89PT3/Pj4+/z09Pf88PDz/PDw8/zw8PP88PDz/PDw8/zw8PP88PDz/PDw8/z09Pf8+Pj7/Pj4+/z09Pf88PDz/Ozs7/zs7O/86Ojr/Ozs7/z09Pf89PT3/PDw8/zw8PP89PT3/PT09/z4+Pv8+Pj7/PT09/z09Pf8+Pj7/Pj4+/z4+Pv8+Pj7/PT09/zw8PP88PDz/PDw8/zw8PP89PT3/PT09/zw8PP87Ozv/PDw8/z09Pf8/Pz//QEBA/0BAQP9AQED/Pz8//z09Pf89PT3/PT09/z4+Pv8/Pz//Pz8//0FBQf9AQED/Pz8//z8/P/8+Pj7/PT09/z8/P/8/Pz//QEBA/0FBQf9AQED/Pj4+/z8/P/9AQED/QEBA/z4+Pv8/Pz//QEBA/0BAQP8/Pz//Pz8//z4+Pv8+Pj7/Pz8//z8/P/9AQED/QEBA/0BAQP9AQED/Pz8//z4+Pv8+Pj7/PT09/z4+Pv8/Pz//Pj4+/z4+Pv8+Pj7/Pj4+/z4+Pv89PT3/PT09/z09Pf8+Pj7/Pz8//0BAQP9AQED/QEBA/0BAQP9AQED/QEBA/0BAQP8/Pz//Pz8//z8/P/89PT3/Pj4+/z8/P/8/Pz//QEBA/z8/P/8+Pj7/PT09/z09Pf89PT3/Pj4+/z8/P/8+Pj7/Pj4+/z4+Pv8/Pz//Pj4+/z09Pf89PT3/PT09/z09Pf89PT3/PT09/z8/P/8/Pz//Pz8//z8/P/8+Pj7/Pj4+/z8/P/9AQED/QEBA/z8/P/8/Pz//Pz8//z4+Pv8+Pj7/PT09/z09Pf89PT3/Pj4+/z4+Pv8+Pj7/Pj4+/z8/P/8/Pz//Pz8//z8/P/8/Pz//FxcX/xcXF/8YGBj/GBgY/xcXF/8XFxf/FxcX/xcXF/8WFhb/FhYW/xYWFv8XFxf/FxcX/xYWFv8WFhb/FhYW/xYWFv8WFhb/FxcX/xcXF/8XFxf/GBgY/xcXF/8WFhb/FhYW/xYWFv8VFRX/FBQU/xQUFP8UFBT/FBQU/xQUFP8UFBT/FBQU/xQUFP8UFBT/FBQU/xMTE/8TExP/ExMT/xMTE/8VFRX/FxcX/xoaGv8fHx//Hx8f/yAgIP8fHx//Hx8f/x4eHv8eHh7/HR0d/x0dHf8cHBz/HBwc/xsbG/8bGxv/Gxsb/xsbG/8cHBz/HBwc/xwcHP8cHBz/HBwc/x0dHf8fHx//ISEh/yQkJP8lJSX/JSUl/yQkJP8gICD/HR0d/xwcHP8bGxv/HBwc/x0dHf8eHh7/Hx8f/x4eHv8dHR3/HBwc/xsbG/8aGhr/GBgY/xcXF/8WFhb/FxcX/xkZGf8aGhr/Ghoa/xoaGv8cHBz/HR0d/yMjI/8oKCj/Kysr/y4uLv8uLi7/Li4u/y4uLv8uLi7/MDAw/zQ0NP80NDT/NDQ0/zQ0NP82Njb/NjY2/zMzM/8xMTH/MTEx/zExMf8xMTH/MDAw/zExMf8yMjL/MjIy/zExMf8zMzP/NjY2/zY2Nv80NDT/NDQ0/zU1Nf81NTX/NTU1/zU1Nf8yMjL/MDAw/zQ0NP83Nzf/ODg4/zk5Of88PDz/QUFB/0BAQP8+Pj7/PT09/zw8PP88PDz/Ojo6/zo6Ov86Ojr/Ojo6/zk5Of85OTn/PDw8/z8/P/9BQUH/Q0ND/0FBQf8+Pj7/OTk5/zIyMv8tLS3/JiYm/yQkJP8hISH/ICAg/x0dHf8dHR3/Hh4e/x0dHf8aGhr/GBgY/xYWFv8VFRX/FBQU/xQUFP8UFBT/FBQU/xUVFf8WFhb/FxcX/xkZGf8YGBj/FRUV/xUVFf8UFBT/ExMT/xISEv8SEhL/EBAQ/xAQEP8QEBD/Dw8P/w8PD/8PDw//Dw8P/w4ODv8ODg7/DQ0N/w0NDf8NDQ3/DQ0N/w4ODv8ODg7/Dw8P/xAQEP8SEhL/FRUV/x4eHv8lJSX/LS0t/zQ0NP83Nzf/Ozs7/z09Pf8+Pj7/QUFB/0RERP9GRkb/SUlJ/0pKSv9LS0v/S0tL/0lJSf9KSkr/S0tL/0xMTP9OTk7/Tk5O/0tLS/9ISEj/RUVF/0NDQ/9CQkL/QUFB/0NDQ/9FRUX/RERE/0JCQv9AQED/PDw8/zo6Ov82Njb/MDAw/yMjI/8bGxv/FRUV/xAQEP8QEBD/Dw8P/w8PD/8ODg7/Dg4O/w4ODv8ODg7/Dg4O/w4ODv8ODg7/Dg4O/w4ODv8ODg7/Dg4O/w8PD/8QEBD/ERER/xQUFP8XFxf/ISEh/ykpKf8zMzP/Pj4+/z09Pf88PDz/Ojo6/zc3N/82Njb/NDQ0/zIyMv8xMTH/MDAw/zAwMP8wMDD/Ly8v/y8vL/8wMDD/MDAw/zAwMP8wMDD/Ly8v/y4uLv8vLy//Ly8v/zAwMP8wMDD/MDAw/y8vL/8vLy//MDAw/zAwMP8wMDD/MDAw/zExMf8xMTH/MTEx/zExMf8xMTH/MDAw/zExMf8xMTH/MTEx/zIyMv8yMjL/MjIy/zExMf8xMTH/MTEx/zIyMv8yMjL/MzMz/zMzM/8zMzP/MjIy/zIyMv8yMjL/MjIy/zMzM/8zMzP/MzMz/zMzM/8zMzP/MjIy/zIyMv8yMjL/MzMz/zQ0NP80NDT/MzMz/zMzM/8zMzP/MzMz/zQ0NP80NDT/NTU1/zU1Nf9HR0f/VlZW/2ZmZv9VVVX/Pz8//0RERP9NTU3/VVVV/2JiYv9ZWVn/Pj4+/zMzM/8lJSX/ISEh/yYmJv8sLCz/QkJC/1NTU/9TU1P/U1NT/1FRUf9PT0//T09P/1BQUP9PT0//T09P/1NTU/9aWlr/W1tb/1lZWf9XV1f/VFRU/1NTU/9XV1f/Wlpa/15eXv9iYmL/X19f/1tbW/9ZWVn/VlZW/1RUVP9RUVH/SUlJ/z09Pf8zMzP/ISEh/x4eHv8dHR3/ICAg/ygoKP8tLS3/NDQ0/zg4OP85OTn/Ojo6/zs7O/88PDz/Ozs7/zo6Ov86Ojr/OTk5/zk5Of84ODj/ODg4/zc3N/83Nzf/NTU1/zQ0NP8yMjL/Ly8v/yYmJv8hISH/HR0d/xoaGv8dHR3/Hx8f/yYmJv8uLi7/MjIy/zg4OP85OTn/Ojo6/zs7O/88PDz/Ozs7/zk5Of84ODj/NjY2/zU1Nf81NTX/MzMz/y8vL/8rKyv/Kioq/ygoKP8vLy//Nzc3/zAwMP8mJib/MTEx/0VFRf9RUVH/ZGRk/21tbf96enr/fn5+/39/f/9+fn7/e3t7/3h4eP95eXn/enp6/3Z2dv9xcXH/dXV1/3t7e/94eHj/c3Nz/3Nzc/90dHT/dHR0/3V1df9ycnL/a2tr/2VlZf9WVlb/TU1N/0VFRf89PT3/LS0t/x0dHf8ZGRn/FRUV/xUVFf8WFhb/FxcX/xkZGf8cHBz/IiIi/yUlJf8rKyv/KSkp/yAgIP8cHBz/FxcX/xUVFf8VFRX/FRUV/xcXF/8ZGRn/Jycn/zc3N/9HR0f/W1tb/0xMTP8zMzP/Kysr/x8fH/8cHBz/GRkZ/xcXF/8UFBT/ExMT/xMTE/8TExP/ExMT/xMTE/8TExP/FBQU/xQUFP8UFBT/ExMT/xMTE/8SEhL/EhIS/xEREf8RERH/ERER/xISEv8SEhL/FBQU/xUVFf8VFRX/FhYW/x0dHf8jIyP/MzMz/0JCQv86Ojr/MDAw/yYmJv8YGBj/FhYW/xMTE/8WFhb/Gxsb/x0dHf8fHx//ICAg/x8fH/8fHx//ICAg/yAgIP8dHR3/Gxsb/xsbG/8aGhr/Ghoa/xsbG/8aGhr/GRkZ/xYWFv8SEhL/EhIS/xEREf8RERH/EBAQ/xISEv8VFRX/Ghoa/yQkJP8pKSn/JCQk/x8fH/8ZGRn/EhIS/xEREf8PDw//Dw8P/w8PD/8PDw//Dw8P/w8PD/8QEBD/EBAQ/xAQEP8QEBD/Dw8P/w8PD/8PDw//Dw8P/w8PD/8PDw//Dg4O/w0NDf8ODg7/Dg4O/w8PD/8QEBD/EBAQ/xEREf8TExP/GBgY/x4eHv8sLCz/LS0t/yUlJf8gICD/FxcX/xISEv8QEBD/Dw8P/w8PD/8ODg7/Dw8P/w8PD/8QEBD/ERER/xEREf8RERH/ERER/xEREf8RERH/ERER/xEREf8QEBD/EBAQ/w8PD/8PDw//Dw8P/w4ODv8QEBD/ERER/xEREf8SEhL/FhYW/xwcHP8lJSX/NDQ0/zU1Nf80NDT/Li4u/yAgIP8aGhr/GBgY/xYWFv8WFhb/FRUV/xUVFf8VFRX/FBQU/xMTE/8TExP/ExMT/xMTE/8UFBT/FRUV/xQUFP8VFRX/FRUV/xUVFf8WFhb/FhYW/xYWFv8WFhb/FhYW/xYWFv8ZGRn/HBwc/yYmJv8yMjL/NTU1/zo6Ov8wMDD/ICAg/xsbG/8TExP/ExMT/xcXF/8bGxv/IyMj/yUlJf8kJCT/IyMj/yEhIf8gICD/ICAg/z8/P/8/Pz//Pz8//z8/P/8+Pj7/Pj4+/z4+Pv8+Pj7/PT09/z4+Pv8/Pz//QEBA/0FBQf9CQkL/QUFB/0FBQf9AQED/Pz8//0BAQP9AQED/QEBA/0FBQf9BQUH/QUFB/0FBQf9AQED/QEBA/0BAQP9AQED/QkJC/0JCQv9BQUH/QUFB/0BAQP8/Pz//Pz8//z8/P/9AQED/QUFB/0NDQ/9FRUX/RERE/0NDQ/9CQkL/QkJC/0FBQf8/Pz//Pz8//z8/P/8/Pz//Pz8//z8/P/9AQED/QUFB/0JCQv9DQ0P/QkJC/0JCQv9CQkL/QkJC/0JCQv9CQkL/QUFB/0FBQf9BQUH/QUFB/0FBQf9BQUH/QEBA/z8/P/8+Pj7/Pz8//0BAQP9BQUH/QUFB/0FBQf9BQUH/QEBA/z4+Pv8/Pz//QEBA/0BAQP9BQUH/QUFB/0FBQf9BQUH/QEBA/z8/P/8/Pz//Pz8//z4+Pv8+Pj7/Pj4+/z8/P/9AQED/QkJC/0FBQf9AQED/QEBA/0FBQf9CQkL/RUVF/0RERP9BQUH/QEBA/0BAQP9AQED/QUFB/0FBQf9CQkL/QkJC/0JCQv9CQkL/QkJC/0FBQf9BQUH/QkJC/0FBQf9AQED/QEBA/0BAQP9AQED/QUFB/0FBQf9CQkL/QkJC/0JCQv9BQUH/QUFB/0BAQP9AQED/Pz8//0BAQP9BQUH/QEBA/z8/P/9AQED/QEBA/0BAQP9AQED/QEBA/0JCQv9CQkL/QkJC/0JCQv9CQkL/QkJC/0BAQP8+Pj7/Pj4+/z4+Pv8+Pj7/Pz8//z8/P/8/Pz//Pz8//z8/P/9AQED/QkJC/0JCQv9BQUH/QUFB/0BAQP8/Pz//Pz8//z8/P/8/Pz//Pz8//z8/P/8/Pz//Pz8//z8/P/8/Pz//QEBA/0BAQP9AQED/QEBA/0BAQP9AQED/Pz8//z8/P/9AQED/QEBA/0BAQP8/Pz//QUFB/0FBQf9BQUH/QUFB/0BAQP9AQED/QEBA/z8/P/8/Pz//Pj4+/z09Pf88PDz/PDw8/zo6Ov86Ojr/PDw8/z09Pf9AQED/QEBA/zw8PP85OTn/OTk5/zk5Of88PDz/Pz8//0BAQP9BQUH/QUFB/0BAQP9BQUH/Q0ND/0NDQ/9CQkL/QkJC/0NDQ/9DQ0P/Q0ND/0NDQ/9GRkb/R0dH/0dHR/9GRkb/R0dH/0dHR/9HR0f/R0dH/0dHR/9HR0f/RkZG/0NDQ/9CQkL/QUFB/0FBQf9CQkL/QkJC/0NDQ/9DQ0P/QkJC/0JCQv9CQkL/Q0ND/0NDQ/9DQ0P/Q0ND/0JCQv9CQkL/QkJC/0JCQv9CQkL/Q0ND/0VFRf9FRUX/Q0ND/0NDQ/9CQkL/QkJC/0FBQf9BQUH/QUFB/0BAQP8/Pz//PT09/z09Pf89PT3/Pj4+/z8/P/9AQED/QUFB/0FBQf9AQED/QEBA/0JCQv9DQ0P/Q0ND/0NDQ/9CQkL/QkJC/0FBQf8/Pz//QEBA/0BAQP9AQED/QUFB/0FBQf9BQUH/QUFB/0BAQP9AQED/Pz8//z8/P/8+Pj7/Pj4+/z4+Pv8+Pj7/QEBA/0FBQf9CQkL/Q0ND/0JCQv9AQED/QUFB/0NDQ/9DQ0P/RUVF/0ZGRv9ISEj/R0dH/0VFRf9DQ0P/QkJC/0FBQf8/Pz//PDw8/zU1Nf8vLy//Jycn/x8fH/8eHh7/HBwc/yAgIP8lJSX/Kysr/zY2Nv84ODj/ODg4/zg4OP84ODj/ODg4/zc3N/83Nzf/OTk5/zo6Ov9BQUH/NTU1/zQ0NP80NDT/MzMz/zIyMv8yMjL/MTEx/zIyMv8yMjL/MzMz/zQ0NP80NDT/NTU1/zY2Nv82Njb/Nzc3/zY2Nv82Njb/NTU1/zU1Nf80NDT/NDQ0/zMzM/8yMjL/MzMz/zMzM/80NDT/NTU1/zU1Nf81NTX/NTU1/zU1Nf81NTX/NTU1/zU1Nf80NDT/NDQ0/zY2Nv83Nzf/NTU1/zMzM/8zMzP/MzMz/zMzM/8zMzP/MzMz/zQ0NP80NDT/NDQ0/zQ0NP8zMzP/NDQ0/zY2Nv84ODj/ODg4/zk5Of84ODj/ODg4/zc3N/82Njb/Nzc3/zg4OP84ODj/OTk5/zk5Of84ODj/ODg4/zg4OP83Nzf/NjY2/zY2Nv84ODj/OTk5/zg4OP84ODj/ODg4/zg4OP83Nzf/Nzc3/zc3N/82Njb/NjY2/zY2Nv82Njb/Nzc3/zc3N/84ODj/ODg4/zk5Of85OTn/OTk5/zk5Of85OTn/OTk5/zk5Of85OTn/OTk5/zk5Of86Ojr/PDw8/zw8PP88PDz/Ozs7/zo6Ov85OTn/ODg4/zg4OP85OTn/Ojo6/zs7O/88PDz/Ojo6/zg4OP85OTn/OTk5/zo6Ov86Ojr/Ojo6/zo6Ov85OTn/ODg4/zg4OP85OTn/ODg4/zc3N/83Nzf/Nzc3/zg4OP86Ojr/Ozs7/zs7O/87Ozv/Ojo6/zo6Ov86Ojr/Ozs7/zs7O/87Ozv/Ozs7/zs7O/86Ojr/OTk5/zk5Of86Ojr/Ojo6/zs7O/87Ozv/Ozs7/zs7O/88PDz/PT09/z4+Pv8+Pj7/Pj4+/z09Pf89PT3/PT09/zw8PP86Ojr/Ojo6/zo6Ov86Ojr/Ojo6/zo6Ov87Ozv/PDw8/zw8PP88PDz/PDw8/zs7O/88PDz/PT09/z4+Pv8/Pz//Pz8//z8/P/8+Pj7/PDw8/zw8PP88PDz/PDw8/zs7O/88PDz/PT09/z4+Pv8+Pj7/PT09/zw8PP87Ozv/PDw8/zw8PP89PT3/PT09/z09Pf88PDz/PDw8/zw8PP88PDz/Pj4+/z4+Pv89PT3/PT09/zw8PP88PDz/Pj4+/z8/P/89PT3/PDw8/z09Pf8+Pj7/Pj4+/z09Pf89PT3/Pj4+/z09Pf88PDz/PT09/z4+Pv8+Pj7/PT09/z09Pf89PT3/PT09/z8/P/9BQUH/Pz8//z4+Pv89PT3/Ozs7/zs7O/87Ozv/PDw8/z09Pf8/Pz//QUFB/0JCQv9BQUH/QUFB/0BAQP9AQED/QUFB/0FBQf9AQED/QEBA/z8/P/89PT3/Pj4+/z8/P/8/Pz//Pz8//z8/P/8/Pz//Pz8//z4+Pv8+Pj7/Pj4+/z4+Pv89PT3/PT09/z4+Pv8+Pj7/Pz8//z8/P/8/Pz//Pz8//z4+Pv89PT3/PT09/z4+Pv8+Pj7/PDw8/z09Pf8+Pj7/Pj4+/z4+Pv8+Pj7/Pj4+/z4+Pv8+Pj7/Pj4+/z4+Pv8/Pz//QEBA/0BAQP9AQED/Pz8//z8/P/8+Pj7/Pj4+/z09Pf8+Pj7/Pz8//z8/P/8/Pz//Pj4+/zw8PP88PDz/PDw8/z09Pf8+Pj7/Pj4+/z4+Pv8/Pz//Pz8//0BAQP8/Pz//Pj4+/z09Pf88PDz/PDw8/z09Pf89PT3/Pz8//z8/P/8/Pz//Pz8//z4+Pv8+Pj7/QEBA/0JCQv9BQUH/QEBA/z8/P/8+Pj7/Pj4+/z09Pf89PT3/PT09/z09Pf89PT3/PT09/z09Pf89PT3/Pj4+/z4+Pv8/Pz//Pz8//z8/P/8WFhb/FhYW/xYWFv8VFRX/FRUV/xUVFf8XFxf/FhYW/xUVFf8VFRX/FhYW/xYWFv8WFhb/FhYW/xUVFf8VFRX/FhYW/xcXF/8XFxf/GBgY/xcXF/8XFxf/FxcX/xYWFv8WFhb/FRUV/xUVFf8TExP/ExMT/xMTE/8TExP/ExMT/xMTE/8TExP/ExMT/xMTE/8TExP/ExMT/xMTE/8TExP/EhIS/xQUFP8WFhb/Ghoa/x8fH/8gICD/ISEh/yAgIP8fHx//Hx8f/x4eHv8eHh7/HR0d/x0dHf8cHBz/HBwc/xsbG/8bGxv/Gxsb/xsbG/8bGxv/HBwc/xwcHP8cHBz/HBwc/xwcHP8dHR3/ISEh/yMjI/8nJyf/Jycn/yIiIv8eHh7/HR0d/xsbG/8cHBz/Hh4e/x8fH/8hISH/ICAg/x4eHv8dHR3/Gxsb/xoaGv8YGBj/FxcX/xYWFv8WFhb/GBgY/xkZGf8ZGRn/Ghoa/xoaGv8bGxv/ICAg/yYmJv8qKir/Ly8v/y8vL/8wMDD/MDAw/y8vL/8xMTH/NDQ0/zQ0NP8xMTH/MjIy/zU1Nf83Nzf/NTU1/zU1Nf82Njb/ODg4/zU1Nf8yMjL/MTEx/zAwMP8vLy//Li4u/y8vL/8wMDD/MDAw/zAwMP8vLy//Ly8v/y8vL/8xMTH/MzMz/zIyMv8zMzP/NTU1/zc3N/83Nzf/Nzc3/zs7O/8/Pz//QUFB/0RERP9CQkL/QEBA/z09Pf84ODj/Nzc3/zk5Of86Ojr/Ozs7/zw8PP8/Pz//QUFB/0FBQf9BQUH/Pj4+/zs7O/83Nzf/MTEx/ywsLP8lJSX/JCQk/yMjI/8hISH/HBwc/xsbG/8cHBz/Gxsb/xgYGP8WFhb/FRUV/xQUFP8UFBT/ExMT/xMTE/8TExP/FRUV/xgYGP8aGhr/Gxsb/xkZGf8WFhb/FRUV/xMTE/8TExP/EhIS/xISEv8RERH/ERER/xAQEP8QEBD/Dw8P/w8PD/8PDw//Dw8P/w4ODv8NDQ3/DQ0N/w0NDf8NDQ3/Dg4O/w4ODv8ODg7/Dw8P/xAQEP8SEhL/GRkZ/x8fH/8nJyf/Li4u/zMzM/85OTn/PDw8/0FBQf9BQUH/QUFB/0JCQv9DQ0P/RUVF/0hISP9ISEj/R0dH/0dHR/9KSkr/TExM/09PT/9QUFD/TU1N/0pKSv9HR0f/RERE/0FBQf8/Pz//Pz8//z8/P/8+Pj7/Ozs7/zk5Of83Nzf/NDQ0/y4uLv8pKSn/HBwc/xYWFv8SEhL/EBAQ/w8PD/8PDw//Dw8P/w8PD/8ODg7/Dg4O/w4ODv8NDQ3/DQ0N/w0NDf8ODg7/Dw8P/w8PD/8PDw//Dw8P/xEREf8SEhL/FhYW/xkZGf8kJCT/Li4u/zU1Nf89PT3/PDw8/zo6Ov85OTn/NjY2/zU1Nf8zMzP/MTEx/zAwMP8wMDD/MTEx/zExMf8xMTH/MTEx/zExMf8xMTH/MTEx/zExMf8xMTH/MTEx/zAwMP8wMDD/MDAw/zAwMP8wMDD/MDAw/zAwMP8wMDD/MDAw/y8vL/8vLy//MDAw/zAwMP8wMDD/MDAw/zExMf8xMTH/MTEx/zIyMv8yMjL/MjIy/zExMf8wMDD/MTEx/zExMf8xMTH/MjIy/zIyMv8zMzP/MzMz/zMzM/8zMzP/MzMz/zMzM/8zMzP/MzMz/zQ0NP81NTX/NDQ0/zQ0NP8zMzP/MzMz/zMzM/8zMzP/MzMz/zMzM/8zMzP/MjIy/zIyMv8xMTH/MTEx/zIyMv8zMzP/NDQ0/3Fxcf9vb2//bm5u/1hYWP88PDz/Ozs7/z09Pf9AQED/RERE/z4+Pv8tLS3/JiYm/x8fH/8dHR3/ICAg/yUlJf83Nzf/RERE/0VFRf9GRkb/RERE/0JCQv9DQ0P/RUVF/0RERP9ERET/R0dH/0xMTP9NTU3/S0tL/0pKSv9ISEj/SUlJ/0xMTP9PT0//UlJS/1VVVf9RUVH/Tk5O/01NTf9LS0v/SUlJ/0ZGRv8/Pz//NTU1/y0tLf8fHx//HR0d/x0dHf8fHx//KCgo/y0tLf80NDT/ODg4/zk5Of86Ojr/Ozs7/zw8PP88PDz/Ozs7/zo6Ov85OTn/OTk5/zk5Of85OTn/OTk5/zg4OP83Nzf/NTU1/zMzM/8wMDD/KSkp/yMjI/8fHx//Gxsb/x0dHf8fHx//JCQk/ysrK/8wMDD/Nzc3/zo6Ov89PT3/Pj4+/z8/P/8/Pz//PT09/zw8PP85OTn/ODg4/zU1Nf8yMjL/LCws/ycnJ/8kJCT/ISEh/yQkJP8nJyf/JCQk/yAgIP8pKSn/OTk5/0NDQ/9SUlL/Wlpa/2VlZf9paWn/aWlp/2lpaf9mZmb/ZWVl/2dnZ/9qamr/ampq/2pqav9ubm7/c3Nz/21tbf9lZWX/Y2Nj/2FhYf9hYWH/YGBg/15eXv9ZWVn/VFRU/0dHR/8/Pz//ODg4/zIyMv8mJib/Gxsb/xgYGP8VFRX/FRUV/xYWFv8XFxf/GRkZ/x0dHf8iIiL/JSUl/ysrK/8pKSn/ICAg/xwcHP8YGBj/FhYW/xUVFf8VFRX/FxcX/xkZGf8oKCj/Nzc3/0VFRf9WVlb/SEhI/zAwMP8oKCj/HR0d/xoaGv8XFxf/FhYW/xUVFf8VFRX/FhYW/xcXF/8YGBj/GBgY/xoaGv8cHBz/HR0d/x4eHv8eHh7/Hh4e/x0dHf8cHBz/Gxsb/xgYGP8XFxf/FBQU/xMTE/8UFBT/FRUV/xUVFf8WFhb/HBwc/yIiIv8xMTH/QEBA/zg4OP8vLy//JSUl/xgYGP8WFhb/FRUV/xsbG/8lJSX/KSkp/y0tLf8uLi7/Kysr/yoqKv8qKir/Kioq/ycnJ/8mJib/JiYm/ycnJ/8oKCj/KSkp/ycnJ/8kJCT/Hx8f/xYWFv8UFBT/EhIS/xEREf8QEBD/ERER/xUVFf8ZGRn/IyMj/ygoKP8jIyP/Hh4e/xgYGP8SEhL/ERER/xAQEP8QEBD/EhIS/xISEv8TExP/ExMT/xQUFP8UFBT/FBQU/xQUFP8TExP/ExMT/xMTE/8TExP/ExMT/xMTE/8RERH/EBAQ/w8PD/8PDw//Dw8P/xAQEP8QEBD/ERER/xMTE/8YGBj/Hh4e/ysrK/8tLS3/JSUl/yAgIP8YGBj/EhIS/xEREf8QEBD/ERER/xISEv8TExP/FRUV/xcXF/8ZGRn/Ghoa/xoaGv8ZGRn/GRkZ/xgYGP8YGBj/FxcX/xYWFv8WFhb/FBQU/xISEv8RERH/Dw8P/xAQEP8RERH/ERER/xISEv8WFhb/HBwc/yQkJP8zMzP/NTU1/zQ0NP8uLi7/ISEh/xwcHP8cHBz/Gxsb/xsbG/8bGxv/GRkZ/xgYGP8WFhb/FBQU/xMTE/8SEhL/EhIS/xISEv8SEhL/ExMT/xMTE/8TExP/FBQU/xQUFP8UFBT/FBQU/xQUFP8UFBT/FBQU/xcXF/8bGxv/JiYm/zIyMv81NTX/OTk5/y8vL/8gICD/Gxsb/xMTE/8UFBT/GRkZ/x4eHv8oKCj/Kysr/ykpKf8oKCj/Jycn/yUlJf8lJSX/Pz8//z8/P/8/Pz//Pz8//z8/P/8/Pz//Pz8//z4+Pv89PT3/Pj4+/z4+Pv8/Pz//QUFB/0FBQf9BQUH/QUFB/z8/P/8/Pz//Pz8//0BAQP9AQED/QUFB/0FBQf9BQUH/QEBA/0BAQP9AQED/QEBA/0FBQf9BQUH/QkJC/0FBQf9BQUH/QEBA/z8/P/8/Pz//Pz8//0BAQP9BQUH/Q0ND/0RERP9DQ0P/QkJC/0JCQv9BQUH/QUFB/0BAQP9AQED/QEBA/0BAQP8/Pz//Pz8//0BAQP9BQUH/QkJC/0NDQ/9CQkL/QUFB/0FBQf9BQUH/QUFB/0JCQv9BQUH/QUFB/0FBQf9BQUH/QUFB/0BAQP9AQED/Pz8//z8/P/8/Pz//QEBA/0FBQf9BQUH/QkJC/0JCQv9BQUH/Pz8//0BAQP9AQED/QUFB/0FBQf9BQUH/QkJC/0FBQf9AQED/QEBA/0BAQP9AQED/Pz8//z8/P/8/Pz//Pz8//0BAQP9BQUH/QUFB/0BAQP9BQUH/QkJC/0NDQ/9FRUX/RERE/0FBQf9AQED/QEBA/0FBQf9BQUH/QUFB/0FBQf9CQkL/QkJC/0JCQv9CQkL/QUFB/0FBQf9CQkL/QUFB/0FBQf9BQUH/QEBA/0BAQP9BQUH/QUFB/0FBQf9BQUH/QkJC/0JCQv9BQUH/QEBA/0BAQP8/Pz//QEBA/0BAQP9AQED/Pz8//z8/P/9AQED/QEBA/0BAQP9AQED/QUFB/0JCQv9CQkL/QkJC/0JCQv9BQUH/QEBA/z8/P/8/Pz//Pz8//z8/P/8/Pz//Pz8//z8/P/8/Pz//QEBA/0FBQf9DQ0P/Q0ND/0FBQf9BQUH/QEBA/0BAQP9AQED/QEBA/0BAQP9BQUH/QEBA/0BAQP8/Pz//Pz8//0BAQP9AQED/QEBA/0BAQP9AQED/QEBA/0BAQP8/Pz//Pz8//0BAQP9AQED/QEBA/0BAQP9BQUH/QkJC/0FBQf9BQUH/QUFB/0BAQP9AQED/QEBA/z8/P/8/Pz//Pz8//z4+Pv89PT3/PDw8/z09Pf8/Pz//QEBA/0NDQ/9ERET/QUFB/z4+Pv8+Pj7/PT09/z8/P/9BQUH/QkJC/0NDQ/9DQ0P/QkJC/0JCQv9DQ0P/Q0ND/0NDQ/9DQ0P/RERE/0RERP9ERET/RERE/0VFRf9HR0f/RkZG/0VFRf9GRkb/R0dH/0dHR/9HR0f/R0dH/0dHR/9FRUX/Q0ND/0JCQv9BQUH/QUFB/0JCQv9CQkL/QkJC/0JCQv9CQkL/QUFB/0JCQv9DQ0P/Q0ND/0RERP9DQ0P/QkJC/0JCQv9CQkL/QkJC/0JCQv9DQ0P/RUVF/0VFRf9ERET/Q0ND/0JCQv9BQUH/QUFB/0FBQf9BQUH/QUFB/z8/P/89PT3/Pj4+/z4+Pv8+Pj7/Pz8//z8/P/9AQED/QEBA/0FBQf9BQUH/QkJC/0JCQv9CQkL/QkJC/0JCQv9CQkL/QUFB/z8/P/8/Pz//QEBA/0BAQP9AQED/QEBA/0BAQP9AQED/QEBA/z8/P/8/Pz//Pz8//z4+Pv8+Pj7/Pj4+/z8/P/9AQED/QUFB/0JCQv9DQ0P/QkJC/0BAQP9BQUH/QkJC/0JCQv9DQ0P/RERE/0ZGRv9FRUX/Q0ND/0JCQv9CQkL/QUFB/z8/P/89PT3/Nzc3/zExMf8pKSn/ICAg/x4eHv8cHBz/Hh4e/yEhIf8nJyf/MTEx/zQ0NP83Nzf/ODg4/zo6Ov87Ozv/Pz8//0NDQ/9OTk7/V1dX/2RkZP81NTX/NDQ0/zQ0NP8zMzP/MjIy/zIyMv8yMjL/MjIy/zMzM/8zMzP/NDQ0/zQ0NP81NTX/NjY2/zY2Nv83Nzf/NjY2/zY2Nv81NTX/NTU1/zU1Nf81NTX/NDQ0/zMzM/8zMzP/MzMz/zQ0NP81NTX/NTU1/zU1Nf81NTX/NjY2/zY2Nv81NTX/NTU1/zU1Nf80NDT/NjY2/zc3N/81NTX/NDQ0/zMzM/8zMzP/MzMz/zQ0NP80NDT/NDQ0/zQ0NP80NDT/NDQ0/zQ0NP80NDT/NjY2/zc3N/84ODj/ODg4/zg4OP84ODj/ODg4/zc3N/83Nzf/ODg4/zg4OP84ODj/ODg4/zc3N/83Nzf/ODg4/zc3N/82Njb/NjY2/zg4OP85OTn/ODg4/zg4OP84ODj/ODg4/zg4OP84ODj/Nzc3/zc3N/83Nzf/Nzc3/zc3N/84ODj/ODg4/zg4OP84ODj/OTk5/zk5Of85OTn/OTk5/zk5Of85OTn/ODg4/zg4OP84ODj/ODg4/zk5Of87Ozv/Ozs7/zs7O/86Ojr/Ojo6/zk5Of84ODj/OTk5/zo6Ov86Ojr/Ozs7/zs7O/86Ojr/OTk5/zk5Of86Ojr/Ojo6/zo6Ov86Ojr/Ojo6/zo6Ov85OTn/OTk5/zk5Of85OTn/ODg4/zc3N/83Nzf/ODg4/zo6Ov87Ozv/Ozs7/zs7O/87Ozv/Ozs7/zs7O/87Ozv/Ozs7/zo6Ov86Ojr/Ozs7/zo6Ov85OTn/OTk5/zo6Ov86Ojr/Ojo6/zo6Ov87Ozv/Ozs7/zw8PP89PT3/Pj4+/z4+Pv8+Pj7/Pz8//z4+Pv89PT3/PDw8/zs7O/86Ojr/Ojo6/zo6Ov87Ozv/Ozs7/zw8PP89PT3/PT09/z09Pf88PDz/PDw8/zw8PP89PT3/Pj4+/z8/P/8/Pz//Pz8//z4+Pv89PT3/PT09/z09Pf89PT3/PDw8/zw8PP89PT3/PT09/z4+Pv8+Pj7/PT09/zw8PP88PDz/PT09/z09Pf8+Pj7/PT09/z09Pf88PDz/PDw8/z09Pf8/Pz//Pz8//z4+Pv89PT3/PT09/z09Pf8+Pj7/Pz8//z4+Pv89PT3/PT09/z4+Pv89PT3/PDw8/z09Pf8+Pj7/Pj4+/z09Pf89PT3/Pj4+/z4+Pv8+Pj7/Pj4+/z4+Pv8+Pj7/QEBA/0FBQf8/Pz//PT09/zw8PP87Ozv/Ozs7/zs7O/88PDz/PT09/z8/P/9BQUH/QkJC/0JCQv9BQUH/QUFB/0FBQf9BQUH/QUFB/0BAQP9AQED/Pz8//z4+Pv8+Pj7/QEBA/z8/P/8/Pz//Pz8//z8/P/8/Pz//Pj4+/z4+Pv8+Pj7/Pj4+/z4+Pv8+Pj7/Pj4+/z8/P/8/Pz//Pz8//z8/P/8+Pj7/Pj4+/z09Pf89PT3/PT09/z09Pf89PT3/PT09/z8/P/8/Pz//Pj4+/z4+Pv8+Pj7/Pz8//z8/P/8/Pz//Pz8//0BAQP9AQED/Pz8//z8/P/8/Pz//Pz8//z8/P/8/Pz//Pj4+/z4+Pv8/Pz//Pz8//z8/P/8+Pj7/PDw8/zw8PP89PT3/PT09/z4+Pv8+Pj7/Pj4+/z8/P/8/Pz//Pz8//z8/P/8+Pj7/PT09/z09Pf89PT3/Pj4+/z4+Pv8/Pz//Pz8//z8/P/8+Pj7/Pz8//z8/P/9BQUH/Q0ND/0FBQf9AQED/Pz8//z4+Pv8+Pj7/Pj4+/z09Pf89PT3/PT09/z09Pf89PT3/PT09/z09Pf8+Pj7/Pz8//z8/P/8/Pz//Pz8//xYWFv8WFhb/FRUV/xUVFf8VFRX/FRUV/xcXF/8WFhb/FRUV/xUVFf8WFhb/FhYW/xYWFv8WFhb/FhYW/xUVFf8WFhb/FxcX/xcXF/8XFxf/FxcX/xcXF/8WFhb/FhYW/xYWFv8VFRX/FRUV/xQUFP8UFBT/FBQU/xQUFP8UFBT/FBQU/xMTE/8TExP/ExMT/xMTE/8TExP/ExMT/xISEv8SEhL/FBQU/xYWFv8aGhr/ICAg/yEhIf8hISH/ICAg/x8fH/8fHx//Hh4e/x4eHv8dHR3/HBwc/xwcHP8cHBz/Gxsb/xsbG/8bGxv/Gxsb/xwcHP8cHBz/HBwc/xwcHP8cHBz/HBwc/x0dHf8fHx//IiIi/yYmJv8mJib/IiIi/x8fH/8dHR3/Gxsb/x0dHf8eHh7/Hx8f/yEhIf8gICD/Hh4e/x0dHf8cHBz/Gxsb/xkZGf8YGBj/FhYW/xYWFv8YGBj/GBgY/xkZGf8aGhr/Ghoa/xoaGv8eHh7/IiIi/yYmJv8qKir/LCws/y0tLf8uLi7/Ly8v/zExMf81NTX/NTU1/zMzM/8zMzP/NTU1/zY2Nv81NTX/NTU1/zc3N/84ODj/NjY2/zMzM/8xMTH/Ly8v/y8vL/8vLy//MDAw/zExMf8xMTH/MDAw/y8vL/8tLS3/LS0t/zAwMP8xMTH/MjIy/zQ0NP82Njb/ODg4/zc3N/83Nzf/Ojo6/z09Pf8/Pz//Q0ND/0JCQv9BQUH/Pj4+/zk5Of84ODj/OTk5/zo6Ov86Ojr/Ojo6/zw8PP89PT3/Ozs7/zo6Ov83Nzf/NDQ0/zExMf8tLS3/KSkp/yMjI/8iIiL/ISEh/x8fH/8bGxv/Ghoa/xoaGv8aGhr/FxcX/xYWFv8VFRX/FBQU/xQUFP8TExP/FBQU/xQUFP8WFhb/GRkZ/xkZGf8aGhr/GBgY/xUVFf8UFBT/ExMT/xISEv8SEhL/EhIS/xEREf8RERH/EBAQ/xAQEP8PDw//Dw8P/w8PD/8PDw//Dg4O/w0NDf8NDQ3/DQ0N/w4ODv8ODg7/Dg4O/w4ODv8PDw//Dw8P/xEREf8WFhb/Ghoa/yIiIv8pKSn/Ly8v/zY2Nv87Ozv/QUFB/0FBQf9DQ0P/QkJC/0JCQv9DQ0P/RUVF/0ZGRv9FRUX/RkZG/0hISP9JSUn/SkpK/0tLS/9ISEj/RkZG/0NDQ/9AQED/Pj4+/z09Pf88PDz/PDw8/zo6Ov84ODj/Nzc3/zQ0NP8wMDD/KCgo/yIiIv8YGBj/ExMT/xEREf8PDw//Dw8P/w8PD/8PDw//Dw8P/w8PD/8ODg7/Dg4O/w0NDf8NDQ3/DQ0N/w4ODv8PDw//Dw8P/w8PD/8QEBD/ERER/xMTE/8XFxf/Gxsb/ycnJ/8xMTH/NjY2/zw8PP87Ozv/OTk5/zc3N/81NTX/MzMz/zExMf8wMDD/Ly8v/y8vL/8wMDD/MDAw/zAwMP8wMDD/MDAw/zAwMP8wMDD/MDAw/zAwMP8wMDD/MDAw/zAwMP8wMDD/Ly8v/zAwMP8wMDD/MDAw/zAwMP8wMDD/Ly8v/y8vL/8wMDD/MDAw/zAwMP8xMTH/MTEx/zExMf8xMTH/MTEx/zIyMv8yMjL/MTEx/zAwMP8xMTH/MTEx/zIyMv8yMjL/MjIy/zMzM/8zMzP/MzMz/zIyMv8yMjL/MjIy/zMzM/8zMzP/NDQ0/zQ0NP80NDT/NDQ0/zQ0NP8zMzP/MzMz/zMzM/8zMzP/MjIy/zIyMv8yMjL/MTEx/zExMf8xMTH/MjIy/zMzM/80NDT/vr6+/5ycnP92dnb/XV1d/zw8PP80NDT/KCgo/yYmJv8lJSX/IyMj/x4eHv8dHR3/Gxsb/xoaGv8aGhr/HBwc/yQkJP8qKir/LCws/y4uLv8tLS3/LS0t/y8vL/8yMjL/MzMz/zMzM/80NDT/NjY2/zY2Nv80NDT/NDQ0/zQ0NP80NDT/NjY2/zc3N/84ODj/OTk5/zg4OP83Nzf/ODg4/zk5Of83Nzf/MzMz/y8vL/8pKSn/JCQk/xwcHP8bGxv/Gxsb/x4eHv8nJyf/LS0t/zMzM/83Nzf/ODg4/zk5Of87Ozv/PT09/zw8PP88PDz/Ozs7/zo6Ov86Ojr/Ozs7/zw8PP88PDz/Ozs7/zk5Of84ODj/NjY2/zQ0NP8tLS3/KCgo/yIiIv8dHR3/HR0d/x4eHv8iIiL/JiYm/ywsLP80NDT/OTk5/0FBQf9DQ0P/RERE/0VFRf9FRUX/Q0ND/z8/P/87Ozv/NTU1/zAwMP8oKCj/ISEh/x4eHv8bGxv/Ghoa/xkZGf8ZGRn/GRkZ/x0dHf8lJSX/Kioq/zMzM/83Nzf/Pj4+/0BAQP9AQED/QEBA/z8/P/8/Pz//RERE/0pKSv9TU1P/XV1d/2BgYP9kZGT/Wlpa/0tLS/9FRUX/PT09/zs7O/85OTn/ODg4/zc3N/80NDT/LS0t/ykpKf8kJCT/ISEh/xwcHP8YGBj/FxcX/xYWFv8WFhb/FRUV/xcXF/8aGhr/HR0d/yIiIv8lJSX/Kioq/ygoKP8hISH/HR0d/xkZGf8XFxf/FhYW/xUVFf8YGBj/Ghoa/ygoKP83Nzf/QEBA/0xMTP9BQUH/Li4u/ycnJ/8cHBz/GRkZ/xUVFf8WFhb/GRkZ/xsbG/8fHx//ISEh/yMjI/8lJSX/KSkp/ywsLP8wMDD/NDQ0/zU1Nf82Njb/NTU1/zIyMv8uLi7/Jycn/yIiIv8YGBj/FhYW/xUVFf8UFBT/FBQU/xUVFf8cHBz/IiIi/zAwMP8+Pj7/NjY2/y0tLf8kJCT/GBgY/xgYGP8ZGRn/IyMj/zg4OP8+Pj7/RUVF/0VFRf8/Pz//PDw8/zo6Ov85OTn/ODg4/zc3N/86Ojr/PT09/0BAQP9DQ0P/Pz8//zg4OP8uLi7/Hh4e/xkZGf8TExP/ERER/xAQEP8RERH/FBQU/xgYGP8iIiL/Jycn/yEhIf8dHR3/GBgY/xMTE/8SEhL/ERER/xMTE/8XFxf/GRkZ/xsbG/8bGxv/HBwc/xwcHP8cHBz/HBwc/xsbG/8bGxv/HBwc/xwcHP8bGxv/Ghoa/xgYGP8VFRX/ExMT/xAQEP8QEBD/EBAQ/xAQEP8RERH/ExMT/xcXF/8dHR3/Kioq/ywsLP8lJSX/ICAg/xgYGP8TExP/EhIS/xEREf8VFRX/GRkZ/x0dHf8iIiL/JSUl/yoqKv8qKir/Kysr/yoqKv8oKCj/Jycn/yQkJP8jIyP/IiIi/yEhIf8dHR3/GRkZ/xUVFf8RERH/ERER/xEREf8RERH/EhIS/xYWFv8cHBz/JCQk/zMzM/81NTX/NDQ0/y8vL/8jIyP/ICAg/yIiIv8kJCT/JSUl/yUlJf8hISH/HR0d/xoaGv8WFhb/FBQU/xMTE/8TExP/EhIS/xISEv8SEhL/EhIS/xISEv8SEhL/EhIS/xISEv8SEhL/EhIS/xISEv8SEhL/FhYW/xoaGv8mJib/MjIy/zU1Nf84ODj/Ly8v/x8fH/8bGxv/FBQU/xUVFf8aGhr/ICAg/y0tLf8xMTH/Ly8v/y4uLv8tLS3/LCws/ywsLP8/Pz//Pz8//z4+Pv8/Pz//QEBA/0BAQP9AQED/Pz8//z4+Pv8+Pj7/PT09/z4+Pv9AQED/QEBA/0BAQP9AQED/Pz8//z4+Pv8/Pz//Pz8//0BAQP9AQED/QEBA/0BAQP9AQED/Pz8//0BAQP9BQUH/QUFB/0FBQf9BQUH/QUFB/0FBQf9AQED/QEBA/z8/P/8+Pj7/QEBA/0FBQf9CQkL/Q0ND/0JCQv9BQUH/QEBA/0BAQP9BQUH/QUFB/0JCQv9CQkL/QkJC/0BAQP8/Pz//QEBA/0BAQP9BQUH/QkJC/0FBQf9AQED/QEBA/z8/P/9AQED/QkJC/0FBQf8/Pz//QEBA/0BAQP9AQED/Pz8//z8/P/8/Pz//Pz8//0BAQP9AQED/QUFB/0JCQv9DQ0P/RERE/0NDQ/9CQkL/QkJC/0FBQf9BQUH/QkJC/0JCQv9DQ0P/Q0ND/0JCQv9CQkL/Q0ND/0NDQ/9BQUH/QEBA/0BAQP9AQED/QEBA/0BAQP9BQUH/QUFB/0JCQv9DQ0P/Q0ND/0RERP9DQ0P/QUFB/0BAQP9BQUH/QUFB/0FBQf9AQED/QUFB/0FBQf9CQkL/QkJC/0JCQv9CQkL/QkJC/0FBQf9CQkL/QkJC/0JCQv9BQUH/QUFB/0BAQP9AQED/QEBA/0BAQP9BQUH/QUFB/0FBQf9BQUH/QEBA/0BAQP9AQED/Pz8//z8/P/8/Pz//Pz8//z8/P/8/Pz//Pz8//0BAQP9BQUH/QUFB/0JCQv9CQkL/QUFB/0BAQP9BQUH/QUFB/0BAQP9AQED/Pz8//z4+Pv8/Pz//Pz8//0BAQP9BQUH/QkJC/0RERP9DQ0P/QUFB/0FBQf9DQ0P/Q0ND/0NDQ/9DQ0P/Q0ND/0RERP9CQkL/QUFB/0BAQP9AQED/QEBA/0BAQP9AQED/QEBA/0BAQP8/Pz//Pz8//z8/P/8/Pz//Pz8//z8/P/9AQED/QEBA/0FBQf9BQUH/QUFB/0FBQf9BQUH/QEBA/0BAQP9BQUH/QUFB/0FBQf9BQUH/QUFB/0FBQf9BQUH/QUFB/0JCQv9DQ0P/RkZG/0dHR/9FRUX/RERE/0RERP9DQ0P/RERE/0RERP9FRUX/R0dH/0ZGRv9FRUX/RUVF/0RERP9ERET/RkZG/0ZGRv9FRUX/RUVF/0VFRf9FRUX/RERE/0RERP9DQ0P/QkJC/0NDQ/9FRUX/RUVF/0ZGRv9FRUX/RERE/0NDQ/9CQkL/QkJC/0FBQf9BQUH/QUFB/0FBQf9BQUH/QEBA/0BAQP9AQED/QUFB/0JCQv9DQ0P/RERE/0RERP9DQ0P/QkJC/0FBQf9BQUH/QUFB/0JCQv9FRUX/RUVF/0RERP9DQ0P/QUFB/0BAQP9AQED/QEBA/0FBQf9CQkL/QUFB/z8/P/9AQED/QEBA/0BAQP8+Pj7/Pj4+/z8/P/9AQED/QUFB/0FBQf9BQUH/QEBA/0BAQP9BQUH/QkJC/0NDQ/9BQUH/QEBA/0BAQP8/Pz//Pz8//z8/P/8/Pz//Pz8//z8/P/8/Pz//Pz8//z4+Pv8+Pj7/Pj4+/z4+Pv8/Pz//QEBA/0FBQf9CQkL/Q0ND/0VFRf9DQ0P/QUFB/0BAQP9AQED/QEBA/0BAQP9AQED/QUFB/0BAQP9AQED/QEBA/0BAQP8/Pz//Pz8//z4+Pv84ODj/MjIy/ysrK/8jIyP/ICAg/xsbG/8cHBz/HR0d/yEhIf8oKCj/LCws/zMzM/82Njb/Ozs7/0BAQP9MTEz/WFhY/3Z2dv+Ojo7/pqam/zU1Nf80NDT/MzMz/zIyMv8xMTH/MjIy/zMzM/80NDT/NDQ0/zU1Nf81NTX/NTU1/zY2Nv82Njb/NjY2/zY2Nv82Njb/NTU1/zU1Nf81NTX/NjY2/zc3N/81NTX/NDQ0/zQ0NP80NDT/NDQ0/zU1Nf81NTX/NjY2/zY2Nv82Njb/Nzc3/zY2Nv82Njb/NTU1/zU1Nf82Njb/NjY2/zU1Nf81NTX/NDQ0/zMzM/80NDT/NTU1/zU1Nf81NTX/NTU1/zQ0NP80NDT/NTU1/zU1Nf81NTX/NTU1/zY2Nv83Nzf/ODg4/zk5Of84ODj/ODg4/zc3N/83Nzf/Nzc3/zY2Nv82Njb/NTU1/zY2Nv83Nzf/Nzc3/zY2Nv82Njb/ODg4/zk5Of84ODj/ODg4/zg4OP83Nzf/ODg4/zk5Of84ODj/ODg4/zg4OP84ODj/OTk5/zk5Of85OTn/ODg4/zg4OP84ODj/ODg4/zg4OP84ODj/ODg4/zg4OP83Nzf/NjY2/zY2Nv81NTX/NjY2/zg4OP85OTn/OTk5/zk5Of84ODj/ODg4/zk5Of85OTn/Ojo6/zo6Ov86Ojr/Ojo6/zo6Ov86Ojr/Ojo6/zs7O/87Ozv/Ozs7/zs7O/86Ojr/Ojo6/zo6Ov85OTn/OTk5/zk5Of84ODj/ODg4/zg4OP84ODj/OTk5/zo6Ov87Ozv/PDw8/zw8PP89PT3/PDw8/zo6Ov86Ojr/OTk5/zk5Of86Ojr/Ojo6/zk5Of85OTn/OTk5/zk5Of85OTn/OTk5/zo6Ov86Ojr/Ozs7/zw8PP89PT3/PT09/z8/P/9AQED/QEBA/z4+Pv89PT3/PDw8/zs7O/87Ozv/Ozs7/zw8PP89PT3/PT09/z4+Pv8+Pj7/Pj4+/z09Pf89PT3/PT09/z09Pf89PT3/Pj4+/z4+Pv8/Pz//Pz8//z8/P/8/Pz//Pz8//z4+Pv88PDz/PDw8/zw8PP88PDz/PT09/z4+Pv89PT3/PT09/z4+Pv8/Pz//Pz8//0BAQP8/Pz//Pj4+/z09Pf88PDz/PT09/0FBQf9BQUH/Pj4+/z09Pf89PT3/PT09/z8/P/9BQUH/QEBA/z8/P/8+Pj7/PT09/zw8PP87Ozv/PDw8/z4+Pv8+Pj7/Pj4+/z4+Pv8+Pj7/Pj4+/z8/P/8/Pz//Pz8//0BAQP9AQED/QUFB/z8/P/8+Pj7/PT09/zs7O/88PDz/PDw8/z09Pf8/Pz//Pz8//0FBQf9CQkL/QkJC/0JCQv9BQUH/QUFB/0BAQP9AQED/QEBA/0BAQP8/Pz//Pz8//0BAQP9BQUH/QEBA/z8/P/8/Pz//Pj4+/z4+Pv8/Pz//Pz8//z4+Pv8+Pj7/Pz8//0BAQP9AQED/QEBA/z8/P/8+Pj7/Pj4+/z09Pf8+Pj7/Pj4+/z09Pf88PDz/PT09/z4+Pv8/Pz//QEBA/0BAQP8/Pz//Pz8//z8/P/9AQED/QUFB/0JCQv9CQkL/QUFB/0BAQP8+Pj7/Pz8//z8/P/9AQED/QUFB/0FBQf9AQED/QEBA/0BAQP8/Pz//Pj4+/z4+Pv88PDz/PDw8/z09Pf8+Pj7/PT09/z09Pf8+Pj7/Pj4+/z4+Pv8+Pj7/Pj4+/zw8PP89PT3/Pj4+/z8/P/9AQED/QEBA/z8/P/8/Pz//Pj4+/z4+Pv8/Pz//QEBA/0JCQv9ERET/QkJC/0FBQf9AQED/Pz8//z8/P/8/Pz//Pj4+/z4+Pv8+Pj7/PT09/z09Pf89PT3/PT09/z8/P/9AQED/QEBA/0BAQP8/Pz//FhYW/xYWFv8WFhb/FhYW/xYWFv8WFhb/FhYW/xYWFv8VFRX/FRUV/xYWFv8WFhb/FxcX/xcXF/8WFhb/FhYW/xYWFv8WFhb/FhYW/xYWFv8WFhb/FhYW/xYWFv8WFhb/FhYW/xUVFf8VFRX/FRUV/xUVFf8VFRX/FRUV/xUVFf8VFRX/FBQU/xQUFP8TExP/ExMT/xMTE/8SEhL/EhIS/xEREf8TExP/FxcX/xoaGv8gICD/ISEh/yEhIf8gICD/Hx8f/x4eHv8fHx//Hh4e/xwcHP8bGxv/Gxsb/xsbG/8bGxv/Gxsb/xsbG/8cHBz/HBwc/xwcHP8cHBz/HBwc/xwcHP8dHR3/HR0d/x4eHv8gICD/IyMj/yQkJP8hISH/ICAg/x4eHv8cHBz/HR0d/x4eHv8fHx//ISEh/yAgIP8eHh7/Hh4e/x4eHv8dHR3/HBwc/xoaGv8YGBj/GBgY/xkZGf8ZGRn/GRkZ/xkZGf8ZGRn/GRkZ/xsbG/8dHR3/Hx8f/yEhIf8jIyP/JiYm/ykpKf8uLi7/MjIy/zc3N/84ODj/ODg4/zg4OP81NTX/NDQ0/zQ0NP80NDT/NTU1/zY2Nv82Njb/NTU1/zExMf8tLS3/MDAw/zMzM/80NDT/NTU1/zQ0NP8yMjL/MDAw/y0tLf8sLCz/Li4u/y8vL/8yMjL/NDQ0/zc3N/85OTn/ODg4/zc3N/84ODj/OTk5/zs7O/8/Pz//QEBA/0FBQf9AQED/PT09/zw8PP88PDz/Ozs7/zg4OP82Njb/NDQ0/zIyMv8vLy//Kysr/yoqKv8pKSn/KCgo/yUlJf8jIyP/Hh4e/x0dHf8cHBz/Gxsb/xkZGf8YGBj/GBgY/xcXF/8WFhb/FRUV/xQUFP8UFBT/FBQU/xQUFP8VFRX/FhYW/xcXF/8YGBj/FxcX/xYWFv8VFRX/ExMT/xISEv8RERH/ERER/xEREf8RERH/EBAQ/xAQEP8QEBD/Dw8P/w8PD/8PDw//Dw8P/w4ODv8ODg7/Dg4O/w4ODv8ODg7/Dg4O/w4ODv8ODg7/Dw8P/w8PD/8PDw//EBAQ/xISEv8UFBT/Gxsb/yEhIf8pKSn/MTEx/zg4OP9AQED/Q0ND/0dHR/9GRkb/QkJC/0JCQv9BQUH/QkJC/0RERP9ERET/RUVF/0RERP9BQUH/Pz8//z09Pf88PDz/Ojo6/zg4OP85OTn/Ojo6/zk5Of83Nzf/Nzc3/zc3N/80NDT/Ly8v/ykpKf8eHh7/GBgY/xISEv8PDw//Dw8P/w4ODv8ODg7/Dg4O/w8PD/8PDw//Dw8P/w4ODv8ODg7/Dg4O/w4ODv8ODg7/Dg4O/w8PD/8PDw//Dw8P/xAQEP8SEhL/FBQU/xoaGv8fHx//Kysr/zU1Nf83Nzf/Ojo6/zk5Of84ODj/NTU1/zIyMv8xMTH/MDAw/y8vL/8uLi7/Li4u/y4uLv8uLi7/Li4u/y4uLv8uLi7/Ly8v/y8vL/8vLy//Ly8v/y8vL/8vLy//Ly8v/y8vL/8uLi7/Ly8v/zAwMP8wMDD/MTEx/zExMf8wMDD/MDAw/y8vL/8vLy//MTEx/zIyMv8xMTH/MTEx/zExMf8wMDD/MTEx/zIyMv8xMTH/MDAw/zExMf8yMjL/MjIy/zExMf8yMjL/MzMz/zMzM/8yMjL/MTEx/zExMf8xMTH/MjIy/zMzM/8zMzP/MzMz/zQ0NP80NDT/NDQ0/zQ0NP8zMzP/MjIy/zIyMv8xMTH/MTEx/zExMf8xMTH/MTEx/zExMf8zMzP/NDQ0/zQ0NP/R0dH/r6+v/4qKiv9qamr/Pz8//zMzM/8iIiL/Hx8f/xwcHP8cHBz/Gxsb/xoaGv8aGhr/GRkZ/xkZGf8ZGRn/Hh4e/yIiIv8lJSX/Jycn/ygoKP8pKSn/Li4u/zQ0NP82Njb/Nzc3/zg4OP85OTn/Nzc3/zQ0NP80NDT/NTU1/zY2Nv84ODj/OTk5/zo6Ov87Ozv/Ojo6/zo6Ov86Ojr/Ozs7/zk5Of83Nzf/MzMz/y4uLv8oKCj/Hh4e/xwcHP8cHBz/Hx8f/ygoKP8tLS3/MzMz/zY2Nv84ODj/OTk5/zs7O/8+Pj7/PT09/z09Pf88PDz/Ojo6/zo6Ov87Ozv/PDw8/zw8PP87Ozv/OTk5/zg4OP83Nzf/NTU1/y8vL/8rKyv/JCQk/x8fH/8fHx//Hh4e/yEhIf8jIyP/Kysr/zU1Nf8/Pz//UFBQ/1VVVf9dXV3/Xl5e/19fX/9aWlr/SUlJ/0BAQP81NTX/LS0t/yYmJv8fHx//HBwc/xkZGf8XFxf/FhYW/xYWFv8XFxf/Ghoa/yAgIP8lJSX/Li4u/zIyMv84ODj/ODg4/zU1Nf80NDT/NjY2/zg4OP88PDz/QEBA/0hISP9RUVH/VFRU/1dXV/9NTU3/PT09/zc3N/8uLi7/LCws/yoqKv8pKSn/KSkp/ycnJ/8jIyP/ICAg/x0dHf8bGxv/GRkZ/xcXF/8XFxf/FhYW/xYWFv8VFRX/GBgY/xwcHP8fHx//JCQk/ykpKf80NDT/MjIy/yYmJv8hISH/Gxsb/xgYGP8XFxf/FhYW/xgYGP8aGhr/KCgo/zc3N/8/Pz//SkpK/z8/P/8uLi7/JiYm/xwcHP8ZGRn/FRUV/xcXF/8cHBz/ICAg/yUlJf8oKCj/Kioq/y0tLf8xMTH/NjY2/zo6Ov9AQED/QUFB/0RERP9BQUH/Pj4+/zk5Of8wMDD/KSkp/x0dHf8ZGRn/FhYW/xQUFP8UFBT/FRUV/xwcHP8iIiL/MDAw/z4+Pv82Njb/Li4u/yUlJf8ZGRn/GRkZ/xsbG/8nJyf/Pz8//0ZGRv9OTk7/TU1N/0ZGRv9CQkL/Pz8//z09Pf88PDz/Ozs7/z8/P/9DQ0P/R0dH/0tLS/9GRkb/Pz8//zMzM/8hISH/HBwc/xQUFP8SEhL/ERER/xEREf8VFRX/GBgY/yIiIv8nJyf/IiIi/x0dHf8YGBj/ExMT/xISEv8SEhL/FhYW/xwcHP8eHh7/ISEh/yEhIf8gICD/ICAg/yAgIP8fHx//Hx8f/x8fH/8gICD/ISEh/x8fH/8eHh7/HBwc/xkZGf8WFhb/ERER/xEREf8QEBD/EBAQ/xEREf8TExP/FxcX/x0dHf8qKir/LCws/yUlJf8gICD/GBgY/xMTE/8SEhL/EhIS/xgYGP8eHh7/JCQk/yoqKv8tLS3/MjIy/zIyMv8zMzP/MjIy/y8vL/8uLi7/Kysr/yoqKv8pKSn/Jycn/yMjI/8fHx//GRkZ/xQUFP8TExP/ERER/xISEv8SEhL/FhYW/xwcHP8lJSX/MzMz/zU1Nf80NDT/Ly8v/yUlJf8iIiL/JCQk/yYmJv8mJib/JiYm/yMjI/8fHx//HBwc/xgYGP8WFhb/FBQU/xMTE/8SEhL/EhIS/xISEv8SEhL/EhIS/xISEv8SEhL/EhIS/xISEv8SEhL/EhIS/xISEv8WFhb/Ghoa/yUlJf8xMTH/NDQ0/zc3N/8uLi7/Hx8f/xsbG/8VFRX/FhYW/xwcHP8iIiL/Ly8v/zMzM/8xMTH/MDAw/y8vL/8uLi7/Li4u/z4+Pv8+Pj7/Pj4+/z8/P/9BQUH/QUFB/0BAQP9AQED/Pz8//z8/P/8+Pj7/Pz8//0BAQP9AQED/QUFB/0BAQP8/Pz//Pj4+/z8/P/8/Pz//Pz8//z8/P/8/Pz//QEBA/z8/P/8/Pz//QEBA/0BAQP9BQUH/QUFB/0FBQf9BQUH/QUFB/0BAQP8/Pz//Pz8//z4+Pv9AQED/QUFB/0FBQf9CQkL/QUFB/0BAQP9AQED/QEBA/0BAQP9BQUH/QkJC/0JCQv9CQkL/QEBA/0BAQP9AQED/QUFB/0FBQf9CQkL/QEBA/z8/P/8/Pz//Pz8//0BAQP9CQkL/QUFB/0BAQP9AQED/QEBA/0BAQP8+Pj7/Pj4+/z8/P/8/Pz//QEBA/0FBQf9BQUH/QkJC/0NDQ/9DQ0P/Q0ND/0JCQv9CQkL/QUFB/0FBQf9CQkL/Q0ND/0RERP9DQ0P/QkJC/0JCQv9DQ0P/Q0ND/0FBQf9AQED/QEBA/0BAQP9AQED/QEBA/0BAQP9BQUH/QkJC/0NDQ/9DQ0P/RERE/0NDQ/9BQUH/QUFB/0FBQf9BQUH/QUFB/0FBQf9BQUH/QkJC/0JCQv9CQkL/QkJC/0JCQv9BQUH/QUFB/0JCQv9DQ0P/QkJC/0FBQf9BQUH/QEBA/0BAQP9AQED/QEBA/0FBQf9BQUH/QUFB/0FBQf9BQUH/QEBA/0BAQP9AQED/QEBA/0BAQP9AQED/QEBA/z8/P/8/Pz//QEBA/0FBQf9BQUH/QkJC/0JCQv9BQUH/QUFB/0JCQv9CQkL/QUFB/0BAQP9AQED/Pz8//z8/P/8/Pz//QEBA/0FBQf9CQkL/RERE/0NDQ/9BQUH/QUFB/0NDQ/9DQ0P/QkJC/0JCQv9DQ0P/RERE/0JCQv9BQUH/QEBA/0BAQP9AQED/QEBA/0BAQP9AQED/QEBA/0BAQP9AQED/Pz8//z8/P/9AQED/QEBA/0BAQP9AQED/QUFB/0FBQf9BQUH/QUFB/0FBQf9AQED/QUFB/0FBQf9BQUH/QkJC/0JCQv9CQkL/QkJC/0JCQv9CQkL/QkJC/0NDQ/9FRUX/R0dH/0ZGRv9GRkb/RkZG/0VFRf9FRUX/RERE/0VFRf9HR0f/RkZG/0VFRf9FRUX/RUVF/0VFRf9GRkb/RkZG/0VFRf9ERET/RUVF/0VFRf9DQ0P/Q0ND/0JCQv9BQUH/QkJC/0NDQ/9ERET/RERE/0RERP9DQ0P/QkJC/0JCQv9BQUH/QUFB/0FBQf9BQUH/QUFB/0BAQP9AQED/QEBA/z8/P/9BQUH/QkJC/0NDQ/9ERET/Q0ND/0NDQ/9CQkL/QUFB/0FBQf9CQkL/Q0ND/0ZGRv9GRkb/RERE/0NDQ/9BQUH/QUFB/0FBQf9BQUH/QUFB/0JCQv9BQUH/QEBA/0BAQP9AQED/QEBA/z8/P/8/Pz//QEBA/0FBQf9DQ0P/Q0ND/0FBQf9AQED/QEBA/0BAQP9BQUH/QkJC/0FBQf9AQED/QEBA/z8/P/8/Pz//Pz8//z8/P/8/Pz//Pz8//0BAQP9AQED/QEBA/z8/P/8/Pz//Pj4+/z8/P/9AQED/QUFB/0JCQv9DQ0P/RERE/0JCQv9AQED/Pz8//z4+Pv8/Pz//Pz8//z8/P/8/Pz//Pz8//z8/P/8/Pz//Pz8//z4+Pv8+Pj7/PT09/zk5Of80NDT/Li4u/ycnJ/8jIyP/HR0d/x0dHf8cHBz/Hx8f/yQkJP8oKCj/Ly8v/zIyMv84ODj/Pz8//1BQUP9gYGD/g4OD/5+fn/+4uLj/NTU1/zQ0NP8zMzP/MjIy/zExMf8yMjL/NDQ0/zQ0NP81NTX/NTU1/zU1Nf81NTX/NTU1/zY2Nv82Njb/NjY2/zU1Nf81NTX/NTU1/zU1Nf82Njb/NjY2/zY2Nv80NDT/NDQ0/zQ0NP80NDT/NTU1/zU1Nf82Njb/NjY2/zc3N/83Nzf/NjY2/zY2Nv81NTX/NTU1/zY2Nv82Njb/NTU1/zU1Nf80NDT/MzMz/zQ0NP81NTX/NTU1/zU1Nf81NTX/NDQ0/zQ0NP81NTX/NTU1/zU1Nf81NTX/NjY2/zc3N/84ODj/OTk5/zg4OP84ODj/ODg4/zc3N/83Nzf/NjY2/zY2Nv81NTX/NjY2/zc3N/82Njb/NjY2/zY2Nv83Nzf/ODg4/zg4OP84ODj/ODg4/zc3N/84ODj/OTk5/zg4OP83Nzf/ODg4/zk5Of85OTn/OTk5/zk5Of84ODj/ODg4/zg4OP84ODj/ODg4/zg4OP84ODj/ODg4/zc3N/82Njb/NjY2/zU1Nf82Njb/Nzc3/zg4OP84ODj/ODg4/zg4OP85OTn/OTk5/zk5Of86Ojr/Ojo6/zo6Ov86Ojr/Ojo6/zo6Ov86Ojr/Ozs7/zs7O/87Ozv/Ojo6/zo6Ov86Ojr/Ojo6/zo6Ov85OTn/OTk5/zg4OP84ODj/ODg4/zg4OP86Ojr/Ojo6/zs7O/88PDz/PDw8/zw8PP87Ozv/Ojo6/zk5Of84ODj/OTk5/zo6Ov86Ojr/OTk5/zk5Of86Ojr/Ojo6/zk5Of85OTn/OTk5/zo6Ov87Ozv/PDw8/zw8PP89PT3/Pj4+/0BAQP8/Pz//Pj4+/z09Pf88PDz/PDw8/zs7O/88PDz/PT09/z09Pf8+Pj7/Pj4+/z4+Pv8+Pj7/Pj4+/z09Pf89PT3/PT09/z09Pf8+Pj7/Pj4+/z8/P/8/Pz//Pz8//z8/P/8/Pz//Pj4+/z09Pf88PDz/PDw8/zw8PP89PT3/Pj4+/z4+Pv89PT3/Pj4+/0BAQP9AQED/QEBA/z8/P/8+Pj7/PT09/zw8PP8+Pj7/QUFB/0FBQf8+Pj7/PT09/z09Pf89PT3/Pz8//0BAQP8/Pz//Pj4+/z4+Pv89PT3/PDw8/zs7O/88PDz/PT09/z4+Pv8+Pj7/Pj4+/z4+Pv8+Pj7/Pj4+/z8/P/8/Pz//QEBA/0BAQP9AQED/Pz8//z4+Pv89PT3/Ozs7/zw8PP89PT3/Pj4+/z8/P/9AQED/QUFB/0FBQf9BQUH/QUFB/0BAQP9AQED/QEBA/0BAQP9AQED/QEBA/z8/P/8/Pz//QEBA/0BAQP9AQED/Pz8//z8/P/8+Pj7/Pj4+/z4+Pv8+Pj7/Pj4+/z4+Pv8/Pz//QEBA/z8/P/8/Pz//Pj4+/z4+Pv89PT3/PT09/z09Pf8+Pj7/PT09/zw8PP89PT3/Pz8//z8/P/9AQED/QEBA/z8/P/8/Pz//Pz8//0BAQP9BQUH/QkJC/0JCQv9CQkL/QEBA/z4+Pv8+Pj7/Pz8//0BAQP9BQUH/QUFB/0BAQP9AQED/QEBA/0BAQP8/Pz//Pj4+/z09Pf89PT3/Pj4+/z4+Pv8+Pj7/PT09/z4+Pv8+Pj7/Pj4+/z4+Pv8+Pj7/PT09/z09Pf8/Pz//Pz8//0FBQf9AQED/QEBA/z8/P/8+Pj7/Pj4+/z8/P/9BQUH/QkJC/0RERP9CQkL/QUFB/0BAQP8/Pz//Pz8//z8/P/8/Pz//Pz8//z4+Pv8+Pj7/Pj4+/z4+Pv8+Pj7/QEBA/0BAQP9AQED/QEBA/z8/P/8WFhb/FhYW/xYWFv8WFhb/FhYW/xYWFv8WFhb/FhYW/xUVFf8VFRX/FhYW/xYWFv8XFxf/FxcX/xYWFv8WFhb/FhYW/xYWFv8WFhb/FhYW/xYWFv8WFhb/FhYW/xYWFv8WFhb/FRUV/xUVFf8VFRX/FRUV/xUVFf8VFRX/FRUV/xUVFf8VFRX/FBQU/xQUFP8TExP/EhIS/xISEv8SEhL/ERER/xQUFP8XFxf/Gxsb/yEhIf8hISH/ISEh/yEhIf8fHx//Hx8f/x8fH/8fHx//HR0d/xwcHP8bGxv/Gxsb/xsbG/8bGxv/HBwc/xwcHP8cHBz/HBwc/xwcHP8cHBz/HBwc/x0dHf8dHR3/Hh4e/x8fH/8iIiL/IyMj/yIiIv8gICD/Hh4e/xwcHP8dHR3/HR0d/x8fH/8hISH/ICAg/x4eHv8eHh7/Hx8f/x4eHv8cHBz/Gxsb/xkZGf8YGBj/GRkZ/xkZGf8ZGRn/GRkZ/xkZGf8ZGRn/Ghoa/xsbG/8dHR3/Hh4e/yAgIP8kJCT/KCgo/y8vL/8yMjL/NjY2/zc3N/83Nzf/Nzc3/zQ0NP8zMzP/MjIy/zIyMv8zMzP/NDQ0/zQ0NP8zMzP/MDAw/ywsLP8vLy//NDQ0/zU1Nf83Nzf/NjY2/zMzM/8xMTH/Li4u/y0tLf8uLi7/Ly8v/zExMf8zMzP/NjY2/zk5Of84ODj/ODg4/zg4OP84ODj/OTk5/zs7O/89PT3/QEBA/z8/P/89PT3/PDw8/zw8PP86Ojr/NjY2/zMzM/8wMDD/LS0t/yoqKv8mJib/JiYm/yUlJf8kJCT/IiIi/yAgIP8dHR3/Gxsb/xoaGv8ZGRn/GBgY/xgYGP8XFxf/FhYW/xUVFf8VFRX/FBQU/xQUFP8UFBT/FBQU/xUVFf8WFhb/FxcX/xgYGP8WFhb/FRUV/xQUFP8SEhL/ERER/xEREf8RERH/ERER/xEREf8QEBD/EBAQ/w8PD/8PDw//Dw8P/w8PD/8PDw//Dg4O/w4ODv8ODg7/Dg4O/w4ODv8ODg7/Dg4O/w4ODv8PDw//Dw8P/w8PD/8PDw//EBAQ/xISEv8XFxf/HBwc/yQkJP8sLCz/NDQ0/z09Pf9CQkL/SEhI/0ZGRv9DQ0P/QkJC/0FBQf9CQkL/RERE/0VFRf9FRUX/RERE/0BAQP89PT3/Ozs7/zo6Ov84ODj/Nzc3/zg4OP85OTn/Nzc3/zQ0NP8zMzP/MjIy/y8vL/8oKCj/IyMj/xgYGP8UFBT/EBAQ/w4ODv8ODg7/Dg4O/w4ODv8ODg7/Dw8P/w8PD/8ODg7/Dg4O/w4ODv8ODg7/Dg4O/w4ODv8ODg7/Dw8P/w8PD/8PDw//EBAQ/xISEv8VFRX/Gxsb/yEhIf8tLS3/Nzc3/zg4OP84ODj/Nzc3/zY2Nv80NDT/MTEx/zAwMP8vLy//Ly8v/y4uLv8uLi7/Li4u/y4uLv8uLi7/Li4u/y4uLv8uLi7/Ly8v/y8vL/8vLy//Ly8v/y8vL/8vLy//Li4u/y4uLv8vLy//MDAw/zAwMP8xMTH/MTEx/zExMf8wMDD/MDAw/zAwMP8xMTH/MjIy/zExMf8xMTH/MDAw/zAwMP8xMTH/MjIy/zExMf8xMTH/MTEx/zIyMv8yMjL/MTEx/zExMf8yMjL/MjIy/zExMf8xMTH/MDAw/zAwMP8xMTH/MzMz/zMzM/8zMzP/MzMz/zMzM/8zMzP/MzMz/zMzM/8yMjL/MjIy/zExMf8xMTH/MTEx/zExMf8xMTH/MjIy/zMzM/80NDT/NDQ0/8fHx//CwsL/vb29/4qKiv9HR0f/Nzc3/yEhIf8fHx//Hh4e/x4eHv8dHR3/HBwc/xoaGv8aGhr/GRkZ/xoaGv8dHR3/ISEh/yUlJf8pKSn/Kysr/y4uLv85OTn/SUlJ/01NTf9SUlL/UlJS/1FRUf9OTk7/R0dH/0ZGRv9ISEj/S0tL/1BQUP9TU1P/VVVV/1dXV/9WVlb/VVVV/1JSUv9QUFD/T09P/09PT/9LS0v/RUVF/zo6Ov8lJSX/ICAg/x4eHv8gICD/KSkp/y4uLv80NDT/Nzc3/zk5Of86Ojr/PT09/z8/P/8/Pz//Pz8//z09Pf85OTn/OTk5/zk5Of85OTn/Ojo6/zo6Ov83Nzf/Nzc3/zY2Nv81NTX/MzMz/zExMf8qKir/JCQk/yEhIf8fHx//ICAg/yIiIv8sLCz/Ojo6/1FRUf92dnb/hYWF/52dnf+ioqL/oqKi/5OTk/9jY2P/SUlJ/zU1Nf8nJyf/ISEh/xsbG/8ZGRn/FxcX/xcXF/8XFxf/GBgY/xkZGf8bGxv/ICAg/ykpKf87Ozv/QEBA/0VFRf9CQkL/NjY2/zMzM/89PT3/RERE/0FBQf8+Pj7/PT09/zw8PP89PT3/Pz8//zc3N/8rKyv/Jycn/yEhIf8gICD/Hh4e/x4eHv8dHR3/HBwc/xoaGv8ZGRn/GBgY/xcXF/8XFxf/FxcX/xcXF/8WFhb/FhYW/xcXF/8aGhr/ICAg/yQkJP8qKir/Nzc3/1FRUf9OTk7/Nzc3/ysrK/8gICD/Ghoa/xgYGP8YGBj/GRkZ/xsbG/8pKSn/ODg4/0BAQP9LS0v/QEBA/y4uLv8mJib/HBwc/xkZGf8XFxf/Ghoa/yQkJP8pKSn/Li4u/zExMf82Njb/OTk5/z4+Pv9CQkL/SUlJ/1BQUP9TU1P/VlZW/1JSUv9MTEz/R0dH/z09Pf81NTX/JSUl/x8fH/8YGBj/FRUV/xUVFf8WFhb/HBwc/yIiIv8xMTH/QEBA/zk5Of8xMTH/Jycn/xkZGf8aGhr/HR0d/yoqKv9DQ0P/S0tL/1JSUv9RUVH/SEhI/0NDQ/8+Pj7/Ozs7/zo6Ov86Ojr/Pj4+/0JCQv9HR0f/TExM/0hISP9DQ0P/ODg4/yUlJf8fHx//FRUV/xMTE/8SEhL/ExMT/xcXF/8bGxv/JSUl/yoqKv8kJCT/Hx8f/xkZGf8UFBT/FBQU/xMTE/8bGxv/JiYm/ygoKP8sLCz/Kioq/ycnJ/8lJSX/JSUl/yQkJP8jIyP/IyMj/yUlJf8mJib/JSUl/yUlJf8jIyP/ICAg/xsbG/8VFRX/ExMT/xEREf8RERH/ERER/xMTE/8YGBj/Hh4e/ysrK/8sLCz/JCQk/x8fH/8XFxf/EhIS/xMTE/8VFRX/Hh4e/ygoKP8uLi7/NjY2/zg4OP87Ozv/Ozs7/zs7O/86Ojr/Nzc3/zY2Nv80NDT/MzMz/zMzM/8xMTH/LS0t/yoqKv8gICD/GBgY/xUVFf8TExP/ExMT/xQUFP8YGBj/Hh4e/yYmJv8zMzP/NDQ0/zMzM/8vLy//Jycn/yQkJP8kJCT/JCQk/yMjI/8jIyP/IiIi/yEhIf8fHx//Hh4e/xsbG/8XFxf/FhYW/xQUFP8UFBT/FBQU/xMTE/8TExP/ExMT/xMTE/8TExP/ExMT/xMTE/8TExP/FBQU/xcXF/8bGxv/JSUl/zAwMP8zMzP/NjY2/y0tLf8fHx//Gxsb/xYWFv8YGBj/Hx8f/yUlJf8xMTH/NTU1/zIyMv8wMDD/MDAw/zAwMP8wMDD/PT09/z09Pf89PT3/Pj4+/0BAQP9AQED/QEBA/0BAQP9BQUH/QUFB/0JCQv9CQkL/QkJC/0JCQv9CQkL/QkJC/0BAQP8/Pz//Pj4+/z4+Pv8+Pj7/Pj4+/z4+Pv8+Pj7/Pz8//0BAQP9AQED/Pz8//0BAQP9AQED/QEBA/0FBQf9BQUH/Pz8//z4+Pv8/Pz//Pz8//0BAQP9AQED/QEBA/0BAQP8/Pz//Pj4+/z4+Pv8+Pj7/Pz8//0BAQP9BQUH/QUFB/0FBQf9BQUH/QUFB/0JCQv9BQUH/QUFB/0BAQP8/Pz//Pj4+/z4+Pv8/Pz//QEBA/0FBQf9BQUH/QUFB/0FBQf9AQED/QEBA/z4+Pv8+Pj7/Pz8//0BAQP9BQUH/QkJC/0FBQf9BQUH/QUFB/0JCQv9BQUH/QEBA/0BAQP9BQUH/QkJC/0NDQ/9DQ0P/RERE/0NDQ/9CQkL/QUFB/0FBQf9BQUH/QUFB/0FBQf9BQUH/QkJC/0FBQf9AQED/QEBA/0FBQf9BQUH/QkJC/0NDQ/9DQ0P/Q0ND/0JCQv9CQkL/QEBA/0BAQP9BQUH/QkJC/0NDQ/9DQ0P/QkJC/0BAQP9AQED/QEBA/0FBQf9CQkL/QkJC/0FBQf9BQUH/QEBA/0BAQP9AQED/QEBA/0BAQP9AQED/QkJC/0JCQv9CQkL/QUFB/0FBQf9CQkL/QUFB/0FBQf9BQUH/QUFB/0FBQf9BQUH/QUFB/0BAQP9AQED/QkJC/0JCQv9BQUH/QkJC/0NDQ/9DQ0P/QkJC/0JCQv9CQkL/QkJC/0FBQf9AQED/QEBA/0BAQP9AQED/QUFB/0JCQv9CQkL/QkJC/0JCQv9BQUH/QUFB/0FBQf9AQED/Pz8//0BAQP9AQED/QEBA/z8/P/9AQED/QUFB/0FBQf9BQUH/QUFB/0JCQv9CQkL/QkJC/0JCQv9AQED/QEBA/0JCQv9CQkL/QUFB/0FBQf9CQkL/Q0ND/0JCQv9CQkL/QUFB/0BAQP9BQUH/QkJC/0JCQv9BQUH/QUFB/0FBQf9BQUH/QkJC/0JCQv9CQkL/QkJC/0JCQv9DQ0P/RkZG/0dHR/9GRkb/RUVF/0RERP9CQkL/Q0ND/0RERP9ERET/RERE/0RERP9FRUX/RUVF/0VFRf9ERET/QkJC/0FBQf9BQUH/QUFB/0FBQf9BQUH/QUFB/0FBQf9BQUH/QkJC/0FBQf9AQED/QEBA/0FBQf9BQUH/QEBA/0BAQP9AQED/QEBA/0BAQP9AQED/QEBA/0BAQP9AQED/QEBA/0FBQf9BQUH/QkJC/0JCQv9CQkL/QUFB/0FBQf9BQUH/QkJC/0VFRf9GRkb/R0dH/0ZGRv9DQ0P/QkJC/0JCQv9CQkL/Q0ND/0RERP9DQ0P/QUFB/0BAQP8/Pz//Pz8//z4+Pv8+Pj7/Pz8//0FBQf9DQ0P/RERE/0ZGRv9GRkb/Q0ND/0FBQf9BQUH/QEBA/0BAQP9BQUH/QUFB/0FBQf9AQED/QEBA/z8/P/8+Pj7/Pz8//0BAQP9AQED/QUFB/0JCQv9ERET/Q0ND/0BAQP8/Pz//Pz8//z8/P/9BQUH/Q0ND/0JCQv9CQkL/QEBA/z09Pf89PT3/PT09/z09Pf8+Pj7/Pj4+/z8/P/8/Pz//Pz8//z8/P/89PT3/PDw8/zw8PP87Ozv/OTk5/zg4OP80NDT/MTEx/ysrK/8jIyP/ISEh/x4eHv8fHx//ICAg/yIiIv8lJSX/KSkp/zExMf86Ojr/UlJS/2VlZf+IiIj/o6Oj/7W1tf80NDT/NDQ0/zMzM/8zMzP/MzMz/zMzM/8zMzP/MzMz/zMzM/8zMzP/MzMz/zQ0NP80NDT/NTU1/zY2Nv83Nzf/NjY2/zU1Nf81NTX/NDQ0/zQ0NP81NTX/NTU1/zY2Nv81NTX/NDQ0/zQ0NP81NTX/NTU1/zY2Nv82Njb/NjY2/zY2Nv82Njb/NTU1/zY2Nv82Njb/NjY2/zc3N/81NTX/MzMz/zQ0NP80NDT/NDQ0/zY2Nv82Njb/NjY2/zY2Nv80NDT/NDQ0/zU1Nf81NTX/NTU1/zY2Nv82Njb/Nzc3/zc3N/83Nzf/Nzc3/zc3N/83Nzf/ODg4/zg4OP83Nzf/Nzc3/zc3N/82Njb/NjY2/zY2Nv82Njb/NjY2/zY2Nv83Nzf/Nzc3/zg4OP84ODj/OTk5/zg4OP83Nzf/Nzc3/zY2Nv83Nzf/ODg4/zg4OP84ODj/ODg4/zc3N/83Nzf/ODg4/zg4OP85OTn/OTk5/zk5Of85OTn/ODg4/zg4OP83Nzf/Nzc3/zc3N/82Njb/NjY2/zY2Nv83Nzf/OTk5/zk5Of84ODj/ODg4/zk5Of85OTn/Ojo6/zo6Ov85OTn/ODg4/zo6Ov87Ozv/Ojo6/zk5Of85OTn/OTk5/zk5Of85OTn/OTk5/zg4OP84ODj/ODg4/zg4OP85OTn/OTk5/zo6Ov87Ozv/Ozs7/zo6Ov87Ozv/Ozs7/zo6Ov85OTn/OTk5/zg4OP85OTn/Ojo6/zo6Ov86Ojr/Ozs7/zs7O/87Ozv/Ojo6/zo6Ov84ODj/ODg4/zk5Of86Ojr/Ozs7/zs7O/89PT3/Pz8//z4+Pv88PDz/PDw8/zs7O/87Ozv/PDw8/zw8PP89PT3/Pj4+/z8/P/8/Pz//Pz8//z8/P/8+Pj7/Pj4+/z4+Pv8+Pj7/PT09/zw8PP89PT3/PT09/z09Pf8+Pj7/Pj4+/z09Pf89PT3/PDw8/zw8PP88PDz/PDw8/z4+Pv8/Pz//Pj4+/z09Pf8+Pj7/Pz8//z8/P/8+Pj7/Pj4+/z09Pf89PT3/PT09/z4+Pv9AQED/QEBA/z4+Pv89PT3/PDw8/zw8PP88PDz/PT09/z09Pf89PT3/PDw8/zw8PP88PDz/PDw8/zw8PP88PDz/PDw8/zw8PP88PDz/PT09/z09Pf89PT3/Pj4+/z4+Pv8+Pj7/Pz8//z8/P/8+Pj7/PDw8/zw8PP89PT3/PT09/z4+Pv8+Pj7/Pz8//z8/P/9AQED/QEBA/z4+Pv89PT3/PT09/z09Pf8+Pj7/Pz8//z8/P/8+Pj7/Pj4+/z4+Pv8+Pj7/Pz8//z4+Pv8+Pj7/Pj4+/z4+Pv8+Pj7/PT09/z09Pf8+Pj7/Pj4+/z4+Pv8+Pj7/Pj4+/z4+Pv89PT3/PT09/z09Pf88PDz/PDw8/zw8PP89PT3/PT09/z09Pf8+Pj7/Pj4+/z8/P/8/Pz//Pj4+/z4+Pv8+Pj7/Pj4+/z4+Pv8+Pj7/Pz8//0BAQP8/Pz//Pj4+/z4+Pv8/Pz//QEBA/0BAQP9AQED/QEBA/0BAQP8/Pz//QEBA/0FBQf9BQUH/QEBA/z8/P/8+Pj7/Pj4+/z4+Pv8+Pj7/Pj4+/z8/P/8/Pz//Pz8//z8/P/8+Pj7/Pz8//z8/P/8/Pz//QEBA/0BAQP9AQED/Pz8//z4+Pv8+Pj7/QEBA/0JCQv9CQkL/Q0ND/0JCQv9BQUH/QEBA/z8/P/8/Pz//Pz8//z8/P/9AQED/QEBA/0BAQP9AQED/QEBA/0BAQP9BQUH/QUFB/0BAQP8/Pz//Pj4+/xQUFP8UFBT/FBQU/xUVFf8WFhb/FhYW/xUVFf8VFRX/FRUV/xUVFf8WFhb/FhYW/xcXF/8XFxf/FxcX/xcXF/8XFxf/FxcX/xcXF/8XFxf/FhYW/xYWFv8WFhb/FhYW/xYWFv8VFRX/FRUV/xUVFf8VFRX/FBQU/xQUFP8VFRX/FRUV/xUVFf8VFRX/FBQU/xMTE/8SEhL/EhIS/xISEv8SEhL/FBQU/xgYGP8bGxv/ISEh/yIiIv8iIiL/ISEh/yAgIP8fHx//Hx8f/x8fH/8eHh7/HR0d/xwcHP8cHBz/HBwc/xwcHP8cHBz/HBwc/xwcHP8cHBz/HBwc/xwcHP8cHBz/HR0d/x0dHf8eHh7/Hx8f/yEhIf8iIiL/IiIi/yIiIv8fHx//HBwc/xsbG/8bGxv/HR0d/x8fH/8fHx//Hx8f/x8fH/8eHh7/Hh4e/xwcHP8bGxv/GRkZ/xkZGf8YGBj/GBgY/xgYGP8YGBj/GRkZ/xoaGv8ZGRn/GRkZ/xsbG/8dHR3/Hx8f/yMjI/8oKCj/MDAw/zExMf8xMTH/MTEx/zExMf8wMDD/MDAw/y8vL/8uLi7/LS0t/y4uLv8uLi7/Li4u/y4uLv8sLCz/Kysr/y0tLf8yMjL/NTU1/zo6Ov84ODj/MzMz/zIyMv8yMjL/MjIy/zAwMP8vLy//Ly8v/y8vL/8zMzP/NjY2/zg4OP86Ojr/OTk5/zg4OP83Nzf/NTU1/zY2Nv86Ojr/Ojo6/zs7O/87Ozv/Ozs7/zk5Of8zMzP/Ly8v/ysrK/8oKCj/JiYm/yQkJP8jIyP/IiIi/yEhIf8gICD/Hh4e/xsbG/8aGhr/GRkZ/xgYGP8XFxf/FxcX/xYWFv8WFhb/FRUV/xQUFP8VFRX/FRUV/xQUFP8UFBT/FhYW/xgYGP8XFxf/FhYW/xUVFf8UFBT/EhIS/xEREf8QEBD/EBAQ/xAQEP8QEBD/EBAQ/xAQEP8QEBD/Dw8P/w8PD/8PDw//Dw8P/w8PD/8PDw//Dg4O/w4ODv8ODg7/Dg4O/w4ODv8PDw//Dw8P/xAQEP8QEBD/EBAQ/xAQEP8QEBD/EBAQ/xMTE/8VFRX/HBwc/yMjI/8rKyv/NjY2/zw8PP9FRUX/RUVF/0RERP9DQ0P/QkJC/0NDQ/9ISEj/SUlJ/0hISP9HR0f/QkJC/0BAQP8+Pj7/PDw8/zs7O/86Ojr/Ojo6/zo6Ov82Njb/MDAw/ywsLP8mJib/IiIi/xsbG/8YGBj/EhIS/xAQEP8PDw//Dw8P/w8PD/8PDw//Dw8P/w8PD/8ODg7/Dg4O/w4ODv8NDQ3/DQ0N/w0NDf8NDQ3/Dg4O/w4ODv8ODg7/Dw8P/xAQEP8RERH/ExMT/xYWFv8dHR3/JCQk/zAwMP86Ojr/ODg4/zc3N/82Njb/NTU1/zMzM/8xMTH/MDAw/y4uLv8uLi7/Li4u/y4uLv8vLy//Ly8v/y8vL/8vLy//Ly8v/zAwMP8wMDD/MDAw/zAwMP8wMDD/Ly8v/y0tLf8uLi7/Ly8v/y8vL/8vLy//MDAw/zIyMv8yMjL/MjIy/zExMf8wMDD/MDAw/zExMf8xMTH/MDAw/y8vL/8wMDD/MDAw/zExMf8yMjL/MjIy/zIyMv8yMjL/MTEx/zExMf8xMTH/MTEx/zIyMv8yMjL/MTEx/zExMf8wMDD/MDAw/zExMf8xMTH/MjIy/zIyMv8yMjL/MjIy/zExMf8xMTH/MTEx/zExMf8yMjL/MjIy/zMzM/8zMzP/MzMz/zMzM/8zMzP/MzMz/zMzM/80NDT/ubm5/7m5uf+5ubn/h4eH/0VFRf82Njb/IyMj/yEhIf8iIiL/ISEh/x8fH/8eHh7/HBwc/xsbG/8aGhr/Gxsb/x4eHv8gICD/JCQk/ycnJ/8qKir/Li4u/zk5Of9JSUn/Tk5O/1NTU/9TU1P/UlJS/09PT/9HR0f/RkZG/0lJSf9LS0v/UVFR/1RUVP9WVlb/WFhY/1dXV/9WVlb/U1NT/1BQUP9QUFD/UVFR/01NTf9HR0f/PDw8/ycnJ/8iIiL/ICAg/yIiIv8qKir/Ly8v/zQ0NP83Nzf/OTk5/zo6Ov89PT3/Pz8//z8/P/8/Pz//PT09/zo6Ov85OTn/OTk5/zk5Of86Ojr/OTk5/zc3N/82Njb/NjY2/zY2Nv81NTX/MzMz/y0tLf8oKCj/JCQk/yEhIf8hISH/IiIi/ysrK/84ODj/UVFR/3l5ef+MjIz/qKio/66urv+vr6//nZ2d/2ZmZv9ISEj/MjIy/yQkJP8fHx//Ghoa/xkZGf8YGBj/GBgY/xkZGf8ZGRn/Ghoa/xwcHP8gICD/KSkp/zs7O/9BQUH/RERE/0FBQf8zMzP/Ly8v/zs7O/9CQkL/Pj4+/zo6Ov82Njb/MjIy/zMzM/81NTX/Li4u/yMjI/8gICD/HBwc/xsbG/8aGhr/GRkZ/xgYGP8YGBj/FxcX/xcXF/8WFhb/FhYW/xYWFv8WFhb/FhYW/xYWFv8WFhb/FxcX/xwcHP8kJCT/Kioq/zQ0NP9DQ0P/X19f/11dXf9HR0f/Ojo6/ygoKP8fHx//Gxsb/xkZGf8aGhr/HBwc/ykpKf84ODj/QUFB/0xMTP9AQED/Li4u/yYmJv8cHBz/Ghoa/xgYGP8dHR3/KSkp/y8vL/80NDT/Nzc3/zs7O/8+Pj7/Q0ND/0hISP9PT0//VlZW/1lZWf9cXFz/WFhY/1FRUf9MTEz/RERE/zw8PP8sLCz/JSUl/xsbG/8XFxf/FhYW/xcXF/8dHR3/IyMj/zIyMv9BQUH/Ojo6/zIyMv8oKCj/Ghoa/xwcHP8fHx//LS0t/0ZGRv9NTU3/VVVV/1RUVP9MTEz/R0dH/0JCQv8/Pz//Pj4+/z4+Pv9BQUH/RUVF/0pKSv9PT0//S0tL/0dHR/87Ozv/KCgo/yEhIf8WFhb/FBQU/xMTE/8UFBT/FxcX/xwcHP8mJib/Kysr/yQkJP8fHx//Ghoa/xQUFP8UFBT/FBQU/x0dHf8qKir/LS0t/zAwMP8uLi7/Kioq/ygoKP8nJyf/JiYm/yUlJf8lJSX/Jycn/ygoKP8nJyf/Jycn/yUlJf8jIyP/HR0d/xYWFv8UFBT/ERER/xEREf8RERH/ExMT/xgYGP8eHh7/Kysr/ywsLP8jIyP/Hh4e/xcXF/8TExP/FBQU/xYWFv8hISH/LCws/zMzM/88PDz/PT09/z8/P/8/Pz//Pj4+/z09Pf86Ojr/OTk5/zg4OP83Nzf/Nzc3/zY2Nv8zMzP/Ly8v/yYmJv8dHR3/GRkZ/xUVFf8WFhb/FhYW/xoaGv8gICD/Jycn/zMzM/80NDT/MjIy/y8vL/8oKCj/JSUl/yMjI/8jIyP/IiIi/yIiIv8iIiL/IiIi/yIiIv8hISH/Hh4e/xoaGv8YGBj/FhYW/xYWFv8WFhb/FhYW/xUVFf8VFRX/FRUV/xUVFf8VFRX/FRUV/xYWFv8XFxf/Ghoa/x0dHf8mJib/MDAw/zIyMv81NTX/LS0t/yEhIf8dHR3/GRkZ/xwcHP8jIyP/KSkp/zMzM/82Njb/MzMz/zExMf8xMTH/MTEx/zExMf89PT3/PT09/z09Pf8+Pj7/QEBA/0BAQP9AQED/QEBA/0FBQf9CQkL/QkJC/0JCQv9CQkL/QkJC/0NDQ/9DQ0P/QEBA/z8/P/8/Pz//Pj4+/z4+Pv89PT3/PT09/z4+Pv8/Pz//QEBA/0BAQP9AQED/QEBA/0BAQP9AQED/QUFB/0FBQf8/Pz//Pz8//z8/P/8/Pz//QEBA/0BAQP8/Pz//Pz8//z8/P/8/Pz//Pz8//z4+Pv8/Pz//QEBA/0BAQP9BQUH/QUFB/0JCQv9CQkL/QkJC/0JCQv9BQUH/QEBA/z8/P/89PT3/Pj4+/z8/P/9AQED/QUFB/0FBQf9BQUH/QUFB/0FBQf9AQED/Pz8//z8/P/9AQED/QEBA/0FBQf9CQkL/QUFB/0FBQf9BQUH/QUFB/0BAQP8/Pz//QEBA/0FBQf9BQUH/Q0ND/0NDQ/9DQ0P/Q0ND/0FBQf9BQUH/QEBA/0BAQP9BQUH/QUFB/0JCQv9CQkL/QUFB/0BAQP9AQED/QEBA/0FBQf9CQkL/QkJC/0NDQ/9DQ0P/Q0ND/0JCQv9AQED/QEBA/0FBQf9CQkL/Q0ND/0NDQ/9CQkL/QEBA/0BAQP9AQED/QUFB/0JCQv9BQUH/QUFB/0BAQP9AQED/QEBA/0BAQP9AQED/QEBA/0BAQP9CQkL/QkJC/0FBQf9BQUH/QUFB/0JCQv9CQkL/QkJC/0JCQv9CQkL/QkJC/0JCQv9BQUH/QEBA/0BAQP9CQkL/QkJC/0FBQf9BQUH/Q0ND/0NDQ/9DQ0P/QkJC/0JCQv9CQkL/QkJC/0FBQf9BQUH/QEBA/0FBQf9CQkL/QkJC/0JCQv9CQkL/QkJC/0JCQv9BQUH/QEBA/z8/P/8+Pj7/Pz8//z8/P/8/Pz//Pz8//0BAQP9BQUH/QUFB/0FBQf9BQUH/QUFB/0JCQv9CQkL/QkJC/0BAQP9BQUH/QkJC/0NDQ/9CQkL/QUFB/0JCQv9DQ0P/QkJC/0JCQv9BQUH/Pz8//0BAQP9CQkL/QUFB/0FBQf9BQUH/QUFB/0FBQf9CQkL/QkJC/0FBQf9BQUH/QUFB/0FBQf9FRUX/R0dH/0ZGRv9FRUX/Q0ND/0FBQf9CQkL/Q0ND/0NDQ/9CQkL/Q0ND/0VFRf9FRUX/RERE/0NDQ/9BQUH/QEBA/0BAQP9AQED/QEBA/0FBQf9BQUH/QUFB/0FBQf9BQUH/QEBA/z4+Pv8/Pz//QEBA/0BAQP9AQED/QEBA/0BAQP9AQED/QEBA/0BAQP9AQED/QEBA/0BAQP9AQED/QEBA/0FBQf9BQUH/QkJC/0FBQf9BQUH/QUFB/0FBQf9CQkL/RkZG/0ZGRv9GRkb/RUVF/0NDQ/9CQkL/Q0ND/0NDQ/9ERET/RERE/0NDQ/9BQUH/QEBA/0BAQP8/Pz//Pj4+/z8/P/9AQED/QkJC/0RERP9FRUX/R0dH/0dHR/9ERET/QkJC/0FBQf9AQED/QEBA/0BAQP9BQUH/QUFB/0BAQP9AQED/Pz8//z4+Pv8/Pz//QEBA/0BAQP9CQkL/Q0ND/0VFRf9FRUX/QUFB/z8/P/8/Pz//Pz8//0FBQf9DQ0P/QkJC/0FBQf8/Pz//PT09/z09Pf88PDz/PT09/z4+Pv8/Pz//Pz8//z8/P/8/Pz//Pz8//z09Pf88PDz/Ozs7/zo6Ov86Ojr/OTk5/zc3N/81NTX/Ly8v/ygoKP8kJCT/Hx8f/x8fH/8eHh7/Hx8f/yEhIf8kJCT/LS0t/zg4OP9TU1P/aGho/4yMjP+oqKj/sLCw/zU1Nf80NDT/MzMz/zMzM/8zMzP/MzMz/zMzM/8zMzP/MzMz/zMzM/8zMzP/MzMz/zQ0NP80NDT/NjY2/zY2Nv81NTX/NDQ0/zQ0NP80NDT/NDQ0/zQ0NP81NTX/NjY2/zU1Nf80NDT/NDQ0/zU1Nf81NTX/NjY2/zY2Nv82Njb/NjY2/zY2Nv81NTX/NjY2/zY2Nv83Nzf/Nzc3/zU1Nf80NDT/NDQ0/zQ0NP81NTX/NjY2/zY2Nv83Nzf/NjY2/zU1Nf81NTX/NTU1/zU1Nf82Njb/NjY2/zc3N/83Nzf/Nzc3/zc3N/83Nzf/Nzc3/zc3N/83Nzf/Nzc3/zg4OP83Nzf/Nzc3/zc3N/82Njb/NjY2/zY2Nv82Njb/NjY2/zY2Nv83Nzf/ODg4/zg4OP85OTn/ODg4/zc3N/82Njb/NTU1/zY2Nv84ODj/ODg4/zg4OP84ODj/Nzc3/zc3N/84ODj/ODg4/zk5Of85OTn/OTk5/zk5Of84ODj/ODg4/zg4OP84ODj/Nzc3/zY2Nv82Njb/NjY2/zc3N/86Ojr/Ojo6/zk5Of84ODj/OTk5/zk5Of85OTn/Ojo6/zk5Of84ODj/OTk5/zs7O/86Ojr/OTk5/zk5Of85OTn/OTk5/zk5Of85OTn/ODg4/zg4OP84ODj/ODg4/zk5Of85OTn/Ojo6/zs7O/86Ojr/Ojo6/zo6Ov86Ojr/Ojo6/zo6Ov85OTn/OTk5/zk5Of86Ojr/Ojo6/zs7O/87Ozv/Ozs7/zs7O/86Ojr/Ojo6/zg4OP84ODj/OTk5/zo6Ov86Ojr/Ozs7/zw8PP8+Pj7/PT09/zs7O/87Ozv/Ozs7/zs7O/88PDz/PDw8/z09Pf8+Pj7/Pz8//z8/P/8/Pz//Pz8//z4+Pv8+Pj7/Pj4+/z4+Pv89PT3/PDw8/z09Pf89PT3/PT09/z09Pf89PT3/PT09/z09Pf88PDz/PDw8/zw8PP88PDz/PT09/z8/P/8+Pj7/Pj4+/z8/P/9AQED/Pz8//z4+Pv8+Pj7/PT09/z09Pf89PT3/Pj4+/z8/P/8/Pz//Pj4+/z09Pf88PDz/Ozs7/zs7O/88PDz/PDw8/zw8PP88PDz/PDw8/zw8PP88PDz/Ozs7/zs7O/87Ozv/Ozs7/zs7O/88PDz/PT09/z09Pf89PT3/Pj4+/z4+Pv8+Pj7/Pj4+/z09Pf88PDz/PDw8/z09Pf89PT3/Pj4+/z4+Pv8/Pz//Pz8//z8/P/8/Pz//PDw8/zw8PP88PDz/PDw8/z4+Pv8/Pz//Pz8//z4+Pv8+Pj7/Pj4+/z4+Pv8+Pj7/Pj4+/z4+Pv8+Pj7/Pj4+/z09Pf88PDz/PDw8/z09Pf8+Pj7/Pj4+/z4+Pv89PT3/PT09/z09Pf89PT3/PT09/zw8PP88PDz/PDw8/z09Pf89PT3/PT09/z4+Pv8+Pj7/Pj4+/z4+Pv8+Pj7/Pj4+/z09Pf89PT3/PT09/z09Pf8+Pj7/QEBA/z8/P/8+Pj7/Pj4+/z8/P/8/Pz//QEBA/0BAQP9AQED/QEBA/z8/P/9AQED/QUFB/0FBQf9AQED/Pz8//z8/P/8+Pj7/Pj4+/z4+Pv8/Pz//Pz8//z8/P/8/Pz//Pz8//z8/P/8/Pz//Pz8//z8/P/9AQED/QEBA/0BAQP8/Pz//Pj4+/z4+Pv9AQED/QkJC/0JCQv9CQkL/QkJC/0FBQf9AQED/Pz8//z8/P/8/Pz//Pz8//0FBQf9BQUH/QEBA/0BAQP9AQED/QUFB/0FBQf9AQED/Pz8//z8/P/8+Pj7/FBQU/xQUFP8UFBT/FRUV/xYWFv8VFRX/FRUV/xUVFf8VFRX/FRUV/xYWFv8WFhb/FhYW/xcXF/8XFxf/FxcX/xcXF/8XFxf/FxcX/xcXF/8WFhb/FhYW/xYWFv8WFhb/FRUV/xUVFf8VFRX/FRUV/xQUFP8UFBT/FBQU/xUVFf8VFRX/FhYW/xYWFv8UFBT/ExMT/xISEv8SEhL/EhIS/xISEv8UFBT/FxcX/xsbG/8hISH/IiIi/yIiIv8hISH/ICAg/yAgIP8fHx//Hx8f/x4eHv8eHh7/HR0d/xwcHP8cHBz/HBwc/xwcHP8cHBz/HBwc/xwcHP8cHBz/HBwc/xwcHP8dHR3/HR0d/x4eHv8eHh7/ICAg/yEhIf8iIiL/IiIi/x8fH/8cHBz/Gxsb/xoaGv8cHBz/Hx8f/x8fH/8fHx//Hh4e/x4eHv8dHR3/HBwc/xwcHP8aGhr/GRkZ/xgYGP8YGBj/GBgY/xgYGP8ZGRn/Ghoa/xkZGf8YGBj/Ghoa/xsbG/8eHh7/IiIi/ycnJ/8vLy//MDAw/y8vL/8vLy//Ly8v/y8vL/8wMDD/Ly8v/y4uLv8tLS3/LS0t/y0tLf8tLS3/LS0t/y0tLf8sLCz/Li4u/zIyMv81NTX/Ozs7/zo6Ov80NDT/NDQ0/zU1Nf81NTX/MzMz/zExMf8vLy//Li4u/zIyMv82Njb/OTk5/zw8PP87Ozv/OTk5/zY2Nv8zMzP/NDQ0/zY2Nv84ODj/Ojo6/zs7O/87Ozv/OTk5/zIyMv8tLS3/KSkp/yYmJv8kJCT/IyMj/yIiIv8hISH/ICAg/x8fH/8dHR3/Gxsb/xoaGv8YGBj/GBgY/xcXF/8XFxf/FhYW/xYWFv8VFRX/FBQU/xUVFf8VFRX/FRUV/xQUFP8WFhb/GBgY/xcXF/8WFhb/FRUV/xMTE/8SEhL/ERER/xAQEP8QEBD/EBAQ/xAQEP8QEBD/EBAQ/xAQEP8PDw//Dw8P/w8PD/8PDw//Dw8P/w8PD/8PDw//Dg4O/w4ODv8ODg7/Dg4O/w8PD/8PDw//EBAQ/xAQEP8QEBD/EBAQ/w8PD/8PDw//ERER/xISEv8XFxf/HR0d/yUlJf8vLy//Nzc3/0BAQP9BQUH/QkJC/0JCQv9BQUH/Q0ND/0hISP9JSUn/SUlJ/0dHR/9DQ0P/QUFB/z8/P/8+Pj7/PDw8/zs7O/86Ojr/ODg4/zMzM/8sLCz/Jycn/yAgIP8cHBz/FRUV/xMTE/8QEBD/Dw8P/w8PD/8PDw//Dw8P/w8PD/8PDw//Dw8P/w4ODv8ODg7/Dg4O/w0NDf8NDQ3/DQ0N/w0NDf8ODg7/Dg4O/w4ODv8PDw//EBAQ/xEREf8UFBT/FxcX/x8fH/8mJib/MTEx/zo6Ov84ODj/NTU1/zU1Nf80NDT/MzMz/zExMf8wMDD/Li4u/y4uLv8uLi7/Li4u/y8vL/8vLy//Ly8v/y8vL/8vLy//MDAw/zAwMP8wMDD/MDAw/zAwMP8vLy//LS0t/y4uLv8vLy//Ly8v/y8vL/8wMDD/MjIy/zIyMv8yMjL/MjIy/zExMf8wMDD/MTEx/zExMf8wMDD/Ly8v/zAwMP8wMDD/MTEx/zIyMv8yMjL/MzMz/zIyMv8wMDD/MDAw/zExMf8xMTH/MjIy/zIyMv8xMTH/MTEx/zAwMP8wMDD/MTEx/zExMf8xMTH/MjIy/zIyMv8xMTH/MTEx/zAwMP8xMTH/MTEx/zIyMv8zMzP/MzMz/zMzM/8zMzP/MzMz/zMzM/8zMzP/NDQ0/zQ0NP+MjIz/dnZ2/19fX/9KSkr/Ly8v/ywsLP8pKSn/Kioq/y0tLf8sLCz/KCgo/yUlJf8iIiL/ICAg/x8fH/8fHx//Hx8f/x8fH/8gICD/ISEh/yIiIv8kJCT/KCgo/y4uLv8vLy//MTEx/zExMf8wMDD/Ly8v/y0tLf8tLS3/LS0t/y4uLv8vLy//MDAw/zExMf8xMTH/MjIy/zIyMv8yMjL/MjIy/zMzM/8zMzP/MTEx/y0tLf8pKSn/IyMj/yIiIv8kJCT/Jycn/y4uLv8yMjL/NTU1/zc3N/84ODj/OTk5/zo6Ov88PDz/PT09/z09Pf88PDz/Ozs7/zs7O/88PDz/PDw8/zs7O/86Ojr/ODg4/zc3N/82Njb/NjY2/zY2Nv81NTX/MjIy/y8vL/8sLCz/KCgo/yYmJv8lJSX/JiYm/ykpKf83Nzf/T09P/15eXv93d3f/fX19/39/f/9zc3P/S0tL/zY2Nv8nJyf/Hh4e/xwcHP8aGhr/Ghoa/xsbG/8bGxv/HBwc/xwcHP8dHR3/HR0d/x8fH/8iIiL/Kioq/ywsLP8uLi7/LCws/yQkJP8iIiL/JiYm/ykpKf8oKCj/KCgo/yoqKv8rKyv/LS0t/y8vL/8pKSn/Hx8f/xwcHP8YGBj/FxcX/xYWFv8WFhb/FhYW/xYWFv8WFhb/FhYW/xUVFf8VFRX/FBQU/xQUFP8UFBT/FBQU/xYWFv8YGBj/ISEh/y0tLf89PT3/VlZW/19fX/9ra2v/bm5u/3BwcP9lZWX/QkJC/y8vL/8kJCT/HBwc/x0dHf8eHh7/Kysr/zk5Of9CQkL/TU1N/0FBQf8uLi7/JiYm/xwcHP8bGxv/HBwc/yIiIv8xMTH/ODg4/z09Pf8/Pz//QUFB/0JCQv9HR0f/TU1N/1JSUv9XV1f/V1dX/1dXV/9UVFT/T09P/09PT/9OTk7/SEhI/zw8PP8zMzP/JCQk/x0dHf8bGxv/Ghoa/x8fH/8lJSX/MjIy/0BAQP84ODj/MDAw/ygoKP8dHR3/ICAg/yYmJv8yMjL/SkpK/1JSUv9aWlr/W1tb/1dXV/9VVVX/UVFR/09PT/9PT0//T09P/1JSUv9WVlb/VlZW/1dXV/9UVFT/UVFR/0NDQ/8sLCz/IyMj/xgYGP8VFRX/FBQU/xQUFP8XFxf/Gxsb/yUlJf8qKir/IyMj/x0dHf8YGBj/FBQU/xUVFf8WFhb/Hx8f/ysrK/8vLy//NDQ0/zIyMv8tLS3/Kysr/ykpKf8oKCj/Jycn/yYmJv8mJib/JiYm/yYmJv8lJSX/JCQk/yMjI/8dHR3/FxcX/xUVFf8SEhL/ERER/xAQEP8TExP/FxcX/x0dHf8pKSn/KSkp/yEhIf8cHBz/FxcX/xQUFP8VFRX/FxcX/yMjI/8vLy//ODg4/0JCQv9DQ0P/RERE/0NDQ/9AQED/Pj4+/zs7O/86Ojr/Ojo6/zo6Ov87Ozv/Ozs7/zk5Of83Nzf/Ly8v/ygoKP8iIiL/HR0d/x4eHv8gICD/IiIi/yUlJf8rKyv/NDQ0/zQ0NP8yMjL/Ly8v/ygoKP8lJSX/IyMj/yIiIv8iIiL/IyMj/yUlJf8mJib/JiYm/ycnJ/8kJCT/ICAg/x8fH/8eHh7/Hh4e/yAgIP8fHx//Hh4e/x0dHf8cHBz/HBwc/x4eHv8fHx//ICAg/yEhIf8kJCT/JiYm/ywsLP8yMjL/MzMz/zQ0NP8vLy//JiYm/yQkJP8jIyP/JiYm/y8vL/8zMzP/Ojo6/zw8PP84ODj/NjY2/zQ0NP8zMzP/MzMz/z8/P/8/Pz//Pz8//z8/P/8/Pz//Pz8//z8/P/8/Pz//Pz8//z8/P/9AQED/QEBA/0FBQf9CQkL/QkJC/0NDQ/9AQED/Pj4+/z8/P/8/Pz//Pj4+/z09Pf8+Pj7/Pz8//z8/P/9BQUH/QUFB/0FBQf9BQUH/QUFB/0FBQf9AQED/QEBA/0FBQf9CQkL/QUFB/0FBQf9AQED/Pz8//z8/P/8/Pz//QEBA/0JCQv9BQUH/QEBA/0BAQP8/Pz//QEBA/0JCQv9CQkL/QkJC/0JCQv9BQUH/QEBA/0BAQP8/Pz//Pz8//z8/P/9AQED/QEBA/0BAQP8/Pz//Pz8//z8/P/9AQED/QkJC/0JCQv9CQkL/QUFB/0FBQf9BQUH/QUFB/0FBQf9BQUH/QUFB/0FBQf9CQkL/QUFB/0BAQP9AQED/QEBA/0FBQf9BQUH/QkJC/0JCQv9CQkL/QUFB/0FBQf9BQUH/QUFB/0JCQv9CQkL/QkJC/0JCQv9BQUH/Pz8//z8/P/8+Pj7/Pz8//0BAQP9BQUH/QUFB/0JCQv9CQkL/QkJC/0BAQP8/Pz//QUFB/0FBQf9CQkL/QkJC/0FBQf9BQUH/QUFB/0FBQf9BQUH/QUFB/0FBQf9AQED/QEBA/z8/P/8/Pz//Pz8//z8/P/8/Pz//Pz8//0BAQP9AQED/QEBA/0BAQP9AQED/QEBA/0FBQf9CQkL/QUFB/0FBQf9BQUH/QUFB/0FBQf8/Pz//QEBA/0JCQv9CQkL/QUFB/0FBQf9CQkL/QkJC/0JCQv9CQkL/QkJC/0JCQv9CQkL/QkJC/0JCQv9CQkL/Q0ND/0RERP9DQ0P/QkJC/0JCQv9DQ0P/Q0ND/0FBQf9BQUH/QEBA/z8/P/8/Pz//Pj4+/z8/P/9AQED/Pz8//z8/P/8/Pz//QEBA/z8/P/8/Pz//Pz8//0BAQP9AQED/QEBA/0BAQP9CQkL/QkJC/0JCQv9CQkL/QkJC/0FBQf9BQUH/QEBA/z8/P/89PT3/Pz8//0BAQP9AQED/QEBA/0BAQP9AQED/QEBA/0JCQv9CQkL/QUFB/0BAQP9AQED/QUFB/0JCQv9DQ0P/Q0ND/0NDQ/9DQ0P/QkJC/0JCQv9BQUH/QUFB/0BAQP9BQUH/QkJC/0JCQv9CQkL/QUFB/0BAQP9AQED/Pz8//z8/P/9AQED/QEBA/0BAQP8/Pz//Pz8//z8/P/8/Pz//QEBA/0BAQP8/Pz//Pz8//z8/P/8/Pz//Pz8//z8/P/8/Pz//Pz8//0BAQP9AQED/Pz8//z8/P/8/Pz//QEBA/0BAQP9BQUH/QUFB/0FBQf9BQUH/QUFB/0FBQf9CQkL/Q0ND/0NDQ/9DQ0P/Q0ND/0NDQ/9CQkL/QkJC/0JCQv9BQUH/QUFB/0BAQP9BQUH/QkJC/0FBQf9AQED/QUFB/0JCQv9DQ0P/RERE/0VFRf9GRkb/RUVF/0RERP9CQkL/QUFB/0BAQP9BQUH/QUFB/0FBQf9AQED/QEBA/z8/P/8/Pz//Pz8//z8/P/8/Pz//QEBA/0JCQv9DQ0P/RERE/0RERP9BQUH/QEBA/z8/P/8/Pz//QEBA/0JCQv9DQ0P/Q0ND/0JCQv9AQED/Pz8//z4+Pv8+Pj7/Pz8//0BAQP9AQED/QEBA/z8/P/8/Pz//PT09/zw8PP87Ozv/Ojo6/zo6Ov86Ojr/OTk5/zg4OP81NTX/MTEx/ysrK/8iIiL/ICAg/x0dHf8cHBz/HR0d/yAgIP8oKCj/NDQ0/1NTU/9ra2v/lpaW/7Ozs/+fn5//Nzc3/zU1Nf80NDT/NDQ0/zQ0NP80NDT/NDQ0/zQ0NP80NDT/NDQ0/zQ0NP80NDT/NTU1/zU1Nf80NDT/NDQ0/zMzM/8yMjL/MzMz/zQ0NP80NDT/MzMz/zQ0NP80NDT/NTU1/zU1Nf81NTX/NjY2/zY2Nv83Nzf/Nzc3/zc3N/83Nzf/Nzc3/zY2Nv83Nzf/Nzc3/zc3N/83Nzf/Nzc3/zY2Nv82Njb/NjY2/zY2Nv83Nzf/Nzc3/zY2Nv82Njb/Nzc3/zc3N/82Njb/NjY2/zY2Nv83Nzf/Nzc3/zc3N/83Nzf/NjY2/zY2Nv82Njb/NjY2/zU1Nf81NTX/NjY2/zY2Nv82Njb/NTU1/zU1Nf81NTX/NjY2/zY2Nv82Njb/NjY2/zY2Nv82Njb/NjY2/zc3N/83Nzf/ODg4/zc3N/82Njb/Nzc3/zg4OP84ODj/Nzc3/zc3N/83Nzf/Nzc3/zc3N/83Nzf/OTk5/zo6Ov85OTn/ODg4/zg4OP84ODj/ODg4/zg4OP84ODj/Nzc3/zc3N/83Nzf/ODg4/zo6Ov86Ojr/OTk5/zk5Of85OTn/OTk5/zk5Of85OTn/OTk5/zk5Of85OTn/Ojo6/zo6Ov86Ojr/Ojo6/zo6Ov86Ojr/OTk5/zk5Of85OTn/OTk5/zk5Of85OTn/OTk5/zk5Of85OTn/Ojo6/zo6Ov87Ozv/Ozs7/zw8PP88PDz/PDw8/zw8PP89PT3/PDw8/zs7O/87Ozv/Ojo6/zo6Ov86Ojr/Ojo6/zo6Ov86Ojr/OTk5/zk5Of85OTn/OTk5/zo6Ov86Ojr/PDw8/z09Pf88PDz/Ozs7/zs7O/88PDz/PDw8/zs7O/88PDz/PDw8/z09Pf8/Pz//QEBA/z8/P/8+Pj7/PT09/z09Pf8+Pj7/Pz8//z4+Pv89PT3/Pj4+/z4+Pv8+Pj7/Pj4+/z4+Pv8+Pj7/Pj4+/zw8PP87Ozv/Ojo6/zo6Ov88PDz/Pj4+/z8/P/9AQED/QUFB/0NDQ/9BQUH/QEBA/z4+Pv88PDz/PT09/z4+Pv8+Pj7/Pj4+/z4+Pv8+Pj7/PT09/zw8PP88PDz/Ozs7/zs7O/87Ozv/Ozs7/zw8PP89PT3/PDw8/zs7O/87Ozv/Ozs7/zs7O/87Ozv/Ozs7/zs7O/88PDz/PT09/z09Pf8+Pj7/Pz8//z4+Pv8+Pj7/PT09/zw8PP88PDz/PT09/z09Pf89PT3/PT09/z09Pf89PT3/PT09/z09Pf88PDz/PDw8/z09Pf8+Pj7/Pz8//0BAQP8/Pz//Pz8//z4+Pv8+Pj7/Pj4+/z4+Pv8+Pj7/Pz8//z4+Pv89PT3/PT09/z09Pf89PT3/PDw8/zw8PP88PDz/PT09/z09Pf89PT3/PT09/z4+Pv8+Pj7/Pj4+/z4+Pv89PT3/PT09/zw8PP89PT3/Pz8//0BAQP9AQED/QEBA/z4+Pv8+Pj7/PT09/z09Pf89PT3/Pj4+/z4+Pv8/Pz//Pz8//z8/P/8/Pz//Pj4+/z8/P/9BQUH/QEBA/z8/P/9AQED/QEBA/0FBQf9BQUH/QUFB/z8/P/8+Pj7/Pj4+/z4+Pv8/Pz//QEBA/0BAQP8/Pz//Pj4+/z4+Pv8+Pj7/Pz8//z8/P/9AQED/Pz8//z8/P/8+Pj7/Pj4+/z4+Pv89PT3/PT09/z8/P/9BQUH/QEBA/0BAQP8/Pz//Pz8//z8/P/8+Pj7/Pj4+/z4+Pv8/Pz//QEBA/0BAQP8+Pj7/Pj4+/z8/P/8/Pz//Pz8//z8/P/8+Pj7/Pj4+/z4+Pv8UFBT/FBQU/xQUFP8UFBT/FRUV/xQUFP8UFBT/FBQU/xUVFf8VFRX/FRUV/xUVFf8VFRX/FhYW/xYWFv8WFhb/FhYW/xYWFv8WFhb/FhYW/xYWFv8VFRX/FRUV/xUVFf8VFRX/FBQU/xQUFP8UFBT/ExMT/xMTE/8UFBT/FRUV/xUVFf8WFhb/FhYW/xMTE/8SEhL/ERER/xEREf8SEhL/EhIS/xMTE/8VFRX/GRkZ/x8fH/8gICD/ISEh/yEhIf8gICD/Hx8f/x4eHv8eHh7/HR0d/x0dHf8dHR3/HR0d/x0dHf8dHR3/HBwc/xsbG/8cHBz/HBwc/x0dHf8dHR3/HR0d/xsbG/8bGxv/HBwc/x0dHf8eHh7/Hx8f/yIiIv8iIiL/Hx8f/x0dHf8bGxv/Ghoa/xsbG/8dHR3/HR0d/x4eHv8dHR3/HR0d/x0dHf8dHR3/HR0d/xwcHP8bGxv/GRkZ/xgYGP8YGBj/FxcX/xgYGP8YGBj/GBgY/xgYGP8YGBj/GRkZ/xwcHP8gICD/IyMj/ykpKf8qKir/LCws/y4uLv8zMzP/NTU1/zc3N/83Nzf/NjY2/zQ0NP8zMzP/MjIy/zIyMv8zMzP/MzMz/zMzM/80NDT/NTU1/zg4OP88PDz/Ozs7/zg4OP85OTn/PT09/z09Pf85OTn/NjY2/zMzM/8yMjL/Nzc3/zs7O/8+Pj7/QkJC/z8/P/88PDz/OTk5/zQ0NP8zMzP/MjIy/zQ0NP86Ojr/PDw8/z4+Pv88PDz/NDQ0/y4uLv8qKir/JiYm/yQkJP8iIiL/ISEh/yEhIf8fHx//HR0d/xwcHP8cHBz/Gxsb/xoaGv8ZGRn/GBgY/xcXF/8WFhb/FRUV/xQUFP8UFBT/FBQU/xQUFP8VFRX/FhYW/xcXF/8ZGRn/GBgY/xYWFv8VFRX/ExMT/xMTE/8SEhL/ERER/xEREf8RERH/EBAQ/xAQEP8QEBD/EBAQ/xAQEP8QEBD/Dw8P/w8PD/8PDw//Dg4O/w4ODv8ODg7/Dg4O/w4ODv8ODg7/Dw8P/w8PD/8PDw//Dw8P/w8PD/8PDw//Dw8P/w8PD/8PDw//EBAQ/xISEv8VFRX/Ghoa/yEhIf8nJyf/Ly8v/zQ0NP86Ojr/Ozs7/z09Pf8/Pz//Q0ND/0VFRf9GRkb/RkZG/0JCQv9AQED/QUFB/0BAQP89PT3/Ojo6/zU1Nf8xMTH/Kysr/yMjI/8fHx//GBgY/xUVFf8RERH/Dw8P/w8PD/8ODg7/Dg4O/w4ODv8ODg7/Dg4O/w4ODv8ODg7/Dg4O/w4ODv8ODg7/Dg4O/w4ODv8ODg7/Dg4O/w4ODv8ODg7/Dg4O/w8PD/8RERH/ExMT/xYWFv8aGhr/IyMj/yoqKv8yMjL/ODg4/zU1Nf8yMjL/MjIy/zMzM/8xMTH/MDAw/y8vL/8vLy//Ly8v/y8vL/8vLy//Ly8v/y8vL/8uLi7/Li4u/y4uLv8vLy//Ly8v/y8vL/8vLy//Ly8v/y8vL/8uLi7/Li4u/y8vL/8vLy//MDAw/zAwMP8xMTH/MTEx/zExMf8xMTH/MTEx/zExMf8xMTH/MTEx/zAwMP8wMDD/MTEx/zIyMv8yMjL/MTEx/zExMf8xMTH/MTEx/zExMf8xMTH/MjIy/zIyMv8zMzP/MzMz/zIyMv8xMTH/MTEx/zExMf8xMTH/MTEx/zExMf8yMjL/MjIy/zIyMv8yMjL/MjIy/zExMf8xMTH/MjIy/zMzM/80NDT/NDQ0/zQ0NP80NDT/NTU1/zU1Nf82Njb/NjY2/3BwcP9UVFT/NTU1/y8vL/8nJyf/KSkp/y0tLf8vLy//MzMz/zExMf8sLCz/Kioq/yYmJv8lJSX/JCQk/yMjI/8iIiL/ISEh/yEhIf8gICD/ICAg/yEhIf8iIiL/IyMj/yMjI/8jIyP/IyMj/yMjI/8jIyP/IyMj/yMjI/8jIyP/IyMj/yIiIv8iIiL/IiIi/yIiIv8jIyP/JCQk/yYmJv8oKCj/KSkp/yoqKv8pKSn/JiYm/yUlJf8lJSX/JiYm/ykpKf8sLCz/MTEx/zU1Nf83Nzf/OTk5/zk5Of86Ojr/Ozs7/zw8PP89PT3/PT09/z09Pf89PT3/Pj4+/z4+Pv8+Pj7/PT09/zw8PP85OTn/ODg4/zg4OP83Nzf/ODg4/zc3N/82Njb/NTU1/zIyMv8uLi7/Kysr/ygoKP8mJib/JCQk/ywsLP87Ozv/R0dH/11dXf9iYmL/ZGRk/1tbW/89PT3/Li4u/yQkJP8eHh7/HR0d/xwcHP8dHR3/Hx8f/x8fH/8gICD/ICAg/yAgIP8gICD/ISEh/yIiIv8lJSX/JiYm/ycnJ/8mJib/ICAg/x4eHv8dHR3/HR0d/x4eHv8gICD/JCQk/ygoKP8qKir/LS0t/ycnJ/8dHR3/Ghoa/xYWFv8WFhb/FRUV/xUVFf8WFhb/FhYW/xYWFv8WFhb/FRUV/xQUFP8UFBT/ExMT/xMTE/8TExP/FRUV/xkZGf8iIiL/MTEx/0ZGRv9paWn/cnJy/3h4eP98fHz/goKC/3l5ef9SUlL/Ozs7/ysrK/8hISH/ICAg/yAgIP8sLCz/OTk5/0JCQv9NTU3/QUFB/y4uLv8nJyf/HR0d/x0dHf8gICD/Jycn/zg4OP8/Pz//RERE/0ZGRv9FRUX/RERE/0lJSf9OTk7/UlJS/1ZWVv9WVlb/VVVV/1NTU/9PT0//UVFR/1RUVP9QUFD/RkZG/zw8PP8qKir/IiIi/x4eHv8dHR3/IiIi/yYmJv8zMzP/Pz8//zg4OP8wMDD/KSkp/yEhIf8lJSX/LCws/zg4OP9OTk7/VVVV/1xcXP9eXl7/XV1d/1xcXP9ZWVn/WFhY/1hYWP9XV1f/Wlpa/1xcXP9bW1v/Wlpa/1hYWP9WVlb/R0dH/y8vL/8mJib/Ghoa/xcXF/8WFhb/FhYW/xgYGP8cHBz/JiYm/yoqKv8iIiL/HBwc/xkZGf8VFRX/FxcX/xkZGf8iIiL/Ly8v/zIyMv82Njb/NDQ0/y8vL/8tLS3/Kysr/ykpKf8oKCj/KCgo/ycnJ/8mJib/JiYm/yUlJf8lJSX/JCQk/x4eHv8YGBj/FRUV/xISEv8RERH/EBAQ/xISEv8XFxf/HBwc/ycnJ/8oKCj/ICAg/xsbG/8XFxf/FBQU/xYWFv8YGBj/JCQk/zExMf85OTn/RERE/0VFRf9FRUX/RERE/0FBQf8/Pz//Ozs7/zo6Ov87Ozv/Ozs7/zw8PP89PT3/PT09/zw8PP81NTX/Li4u/ygoKP8hISH/IyMj/yUlJf8mJib/KCgo/y0tLf80NDT/NTU1/zMzM/8wMDD/KSkp/yUlJf8iIiL/ISEh/yIiIv8jIyP/JiYm/ygoKP8qKir/LCws/ygoKP8kJCT/IyMj/yEhIf8iIiL/JCQk/yMjI/8iIiL/ISEh/yAgIP8gICD/IiIi/yMjI/8lJSX/JiYm/ygoKP8qKir/Li4u/zMzM/8zMzP/NDQ0/y8vL/8pKSn/KCgo/ygoKP8sLCz/NTU1/zg4OP89PT3/Pj4+/zs7O/84ODj/NjY2/zQ0NP80NDT/QEBA/0BAQP9AQED/Pz8//z8/P/8/Pz//Pj4+/z4+Pv8+Pj7/Pj4+/z8/P/8/Pz//QEBA/0FBQf9CQkL/QkJC/0BAQP8+Pj7/Pz8//0BAQP8/Pz//PT09/z4+Pv8/Pz//QEBA/0FBQf9BQUH/QkJC/0JCQv9BQUH/QUFB/0BAQP9AQED/QkJC/0NDQ/9CQkL/QkJC/0BAQP8+Pj7/Pz8//z8/P/9AQED/Q0ND/0JCQv9BQUH/QEBA/z8/P/9AQED/QkJC/0JCQv9CQkL/QkJC/0FBQf9AQED/QEBA/z8/P/9AQED/QEBA/0BAQP9BQUH/QEBA/z4+Pv8+Pj7/Pj4+/0BAQP9CQkL/Q0ND/0NDQ/9CQkL/QUFB/0FBQf9BQUH/QUFB/0FBQf9BQUH/QUFB/0JCQv9BQUH/QEBA/0BAQP9AQED/QEBA/0FBQf9BQUH/QUFB/0FBQf9BQUH/QUFB/0FBQf9BQUH/QkJC/0NDQ/9CQkL/QkJC/0BAQP8/Pz//Pj4+/z09Pf8+Pj7/QEBA/0BAQP9BQUH/QUFB/0JCQv9BQUH/QEBA/z8/P/9BQUH/QUFB/0FBQf9BQUH/QUFB/0FBQf9CQkL/QkJC/0FBQf9BQUH/QEBA/0BAQP8/Pz//Pj4+/z4+Pv8+Pj7/Pj4+/z8/P/8/Pz//Pz8//z8/P/8/Pz//Pz8//z8/P/9AQED/QUFB/0JCQv9BQUH/QEBA/0BAQP9BQUH/QEBA/z8/P/9AQED/QkJC/0JCQv9BQUH/QUFB/0FBQf9BQUH/QkJC/0JCQv9CQkL/QkJC/0JCQv9CQkL/QkJC/0NDQ/9ERET/RUVF/0RERP9CQkL/QkJC/0NDQ/9DQ0P/QUFB/0FBQf9AQED/QEBA/z8/P/8+Pj7/Pz8//0BAQP8/Pz//Pj4+/z8/P/8/Pz//Pz8//z4+Pv8+Pj7/Pz8//z8/P/9AQED/QEBA/0FBQf9CQkL/QkJC/0JCQv9BQUH/QUFB/0BAQP8/Pz//Pj4+/zw8PP8+Pj7/QEBA/0BAQP8/Pz//Pz8//z8/P/9AQED/QkJC/0JCQv9BQUH/QEBA/0BAQP9AQED/QUFB/0FBQf9BQUH/QkJC/0JCQv9DQ0P/QkJC/0BAQP9AQED/Pz8//0BAQP9BQUH/QUFB/0FBQf9BQUH/QEBA/0BAQP8/Pz//Pz8//0BAQP9AQED/Pz8//z4+Pv8+Pj7/Pj4+/z8/P/9BQUH/QEBA/z8/P/8/Pz//Pz8//z8/P/8/Pz//Pz8//z8/P/8/Pz//QEBA/0BAQP8/Pz//Pj4+/z8/P/9AQED/QEBA/0BAQP9AQED/QUFB/0FBQf9BQUH/QUFB/0FBQf9BQUH/QUFB/0JCQv9DQ0P/Q0ND/0JCQv9CQkL/QUFB/0BAQP9AQED/QEBA/0FBQf9DQ0P/QkJC/0FBQf9CQkL/Q0ND/0NDQ/9ERET/RERE/0VFRf9ERET/Q0ND/0JCQv9BQUH/QEBA/0FBQf9CQkL/QUFB/0BAQP8/Pz//Pj4+/z8/P/8/Pz//Pz8//z8/P/9AQED/QUFB/0JCQv9DQ0P/Q0ND/0FBQf9AQED/Pz8//z4+Pv9AQED/QkJC/0NDQ/9ERET/Q0ND/0FBQf9AQED/Pj4+/z8/P/9AQED/QEBA/0BAQP9AQED/Pz8//z4+Pv89PT3/PDw8/zs7O/86Ojr/Ozs7/zs7O/87Ozv/Ojo6/zg4OP81NTX/Ly8v/yUlJf8iIiL/HR0d/xwcHP8cHBz/Hx8f/yUlJf8wMDD/Tk5O/2ZmZv+QkJD/q6ur/42Njf84ODj/NjY2/zQ0NP80NDT/NDQ0/zQ0NP80NDT/NDQ0/zQ0NP80NDT/NDQ0/zQ0NP81NTX/NTU1/zQ0NP8zMzP/MjIy/zExMf8zMzP/NDQ0/zQ0NP8zMzP/NDQ0/zQ0NP80NDT/NTU1/zU1Nf82Njb/NjY2/zc3N/83Nzf/Nzc3/zc3N/83Nzf/Nzc3/zc3N/83Nzf/Nzc3/zc3N/83Nzf/Nzc3/zc3N/83Nzf/Nzc3/zc3N/83Nzf/NjY2/zY2Nv83Nzf/Nzc3/zY2Nv82Njb/Nzc3/zc3N/83Nzf/Nzc3/zY2Nv82Njb/NjY2/zY2Nv81NTX/NDQ0/zU1Nf81NTX/NTU1/zU1Nf81NTX/NTU1/zU1Nf82Njb/NjY2/zY2Nv82Njb/NjY2/zU1Nf82Njb/NjY2/zc3N/84ODj/Nzc3/zY2Nv83Nzf/ODg4/zc3N/83Nzf/Nzc3/zc3N/83Nzf/NjY2/zY2Nv84ODj/Ojo6/zk5Of84ODj/ODg4/zg4OP84ODj/ODg4/zg4OP84ODj/ODg4/zg4OP85OTn/Ozs7/zs7O/86Ojr/OTk5/zk5Of85OTn/ODg4/zg4OP84ODj/OTk5/zk5Of86Ojr/Ojo6/zs7O/87Ozv/Ozs7/zo6Ov85OTn/OTk5/zk5Of85OTn/Ojo6/zo6Ov85OTn/OTk5/zk5Of85OTn/Ojo6/zs7O/88PDz/PT09/z09Pf89PT3/PT09/z4+Pv89PT3/Ozs7/zo6Ov86Ojr/Ojo6/zk5Of85OTn/Ojo6/zo6Ov86Ojr/Ojo6/zo6Ov85OTn/Ojo6/zo6Ov87Ozv/PDw8/zw8PP87Ozv/Ozs7/zw8PP88PDz/Ozs7/zs7O/88PDz/PDw8/z8/P/8/Pz//Pj4+/z4+Pv89PT3/PDw8/z09Pf8/Pz//Pj4+/z4+Pv8+Pj7/Pj4+/z4+Pv8/Pz//Pz8//z8/P/8+Pj7/PDw8/zs7O/85OTn/OTk5/zs7O/89PT3/Pz8//0FBQf9CQkL/Q0ND/0JCQv9AQED/Pj4+/zw8PP89PT3/Pj4+/z4+Pv8+Pj7/Pj4+/z09Pf89PT3/PDw8/zw8PP87Ozv/Ojo6/zs7O/87Ozv/PDw8/z09Pf88PDz/Ojo6/zs7O/87Ozv/Ozs7/zs7O/87Ozv/Ozs7/zs7O/89PT3/PT09/z4+Pv8/Pz//Pj4+/z4+Pv89PT3/PDw8/z09Pf89PT3/PT09/zw8PP88PDz/PDw8/zw8PP88PDz/PDw8/zs7O/88PDz/PT09/z4+Pv8/Pz//QEBA/0BAQP8/Pz//Pz8//z4+Pv8+Pj7/Pj4+/z8/P/8/Pz//Pj4+/zw8PP88PDz/PT09/zw8PP87Ozv/Ozs7/zw8PP88PDz/PT09/z09Pf8+Pj7/Pj4+/z8/P/8/Pz//Pj4+/z4+Pv89PT3/PDw8/z09Pf9AQED/QEBA/0FBQf9AQED/Pj4+/z4+Pv89PT3/PT09/z4+Pv8+Pj7/Pz8//z8/P/8/Pz//Pz8//z8/P/8+Pj7/Pz8//0FBQf9AQED/Pz8//0BAQP9BQUH/QUFB/0FBQf9AQED/Pz8//z4+Pv8+Pj7/Pj4+/0BAQP9BQUH/QEBA/z8/P/8+Pj7/PT09/z4+Pv8/Pz//Pz8//0BAQP8/Pz//Pj4+/z4+Pv89PT3/PT09/zw8PP89PT3/Pj4+/0BAQP8/Pz//Pz8//z8/P/8+Pj7/Pj4+/z4+Pv8+Pj7/Pj4+/z4+Pv9AQED/Pz8//z09Pf89PT3/Pz8//z8/P/8/Pz//Pj4+/z4+Pv8+Pj7/Pz8//xQUFP8UFBT/FBQU/xQUFP8UFBT/FBQU/xQUFP8UFBT/FRUV/xUVFf8UFBT/FBQU/xUVFf8VFRX/FhYW/xYWFv8WFhb/FhYW/xYWFv8WFhb/FhYW/xUVFf8VFRX/FRUV/xUVFf8UFBT/FBQU/xMTE/8TExP/ExMT/xMTE/8VFRX/FRUV/xUVFf8VFRX/ExMT/xEREf8RERH/ERER/xEREf8SEhL/ExMT/xQUFP8YGBj/Hh4e/yAgIP8hISH/ICAg/x8fH/8fHx//Hh4e/x4eHv8dHR3/HBwc/x0dHf8dHR3/HR0d/x0dHf8cHBz/Gxsb/xsbG/8cHBz/HR0d/x4eHv8dHR3/Ghoa/xsbG/8cHBz/HBwc/x0dHf8fHx//ISEh/yMjI/8gICD/Hh4e/xwcHP8aGhr/Gxsb/xwcHP8cHBz/HR0d/x0dHf8dHR3/HR0d/x4eHv8eHh7/HR0d/xsbG/8ZGRn/GBgY/xgYGP8XFxf/FxcX/xcXF/8XFxf/GBgY/xgYGP8YGBj/Ghoa/x4eHv8hISH/JSUl/ygoKP8rKyv/Li4u/zQ0NP83Nzf/OTk5/zo6Ov85OTn/ODg4/zU1Nf80NDT/NDQ0/zU1Nf81NTX/NjY2/zY2Nv82Njb/ODg4/zs7O/87Ozv/OTk5/zo6Ov8/Pz//Pz8//zo6Ov83Nzf/NTU1/zMzM/84ODj/PDw8/z8/P/9CQkL/QEBA/zw8PP85OTn/NDQ0/zIyMv8vLy//MjIy/zg4OP87Ozv/PT09/zw8PP8zMzP/Li4u/ykpKf8mJib/IyMj/yEhIf8hISH/ISEh/x8fH/8cHBz/HBwc/xwcHP8bGxv/Ghoa/xkZGf8YGBj/FxcX/xUVFf8VFRX/FBQU/xQUFP8UFBT/FBQU/xYWFv8XFxf/GBgY/xkZGf8XFxf/FhYW/xUVFf8TExP/ExMT/xISEv8SEhL/ERER/xEREf8QEBD/EBAQ/xAQEP8QEBD/EBAQ/xAQEP8QEBD/Dw8P/w8PD/8ODg7/Dg4O/w4ODv8ODg7/Dg4O/w4ODv8PDw//Dw8P/w8PD/8PDw//Dg4O/w4ODv8PDw//Dw8P/w8PD/8PDw//EBAQ/xEREf8VFRX/GRkZ/x4eHv8mJib/Kysr/zMzM/82Njb/OTk5/zs7O/8/Pz//QUFB/0NDQ/9DQ0P/QEBA/z4+Pv8/Pz//Pz8//zs7O/82Njb/MTEx/ysrK/8mJib/Hh4e/xoaGv8TExP/ERER/w8PD/8ODg7/Dg4O/w4ODv8ODg7/Dg4O/w4ODv8ODg7/Dg4O/w4ODv8ODg7/Dg4O/w4ODv8ODg7/Dg4O/w4ODv8ODg7/Dg4O/w4ODv8ODg7/Dw8P/xISEv8TExP/FxcX/xsbG/8mJib/LS0t/zIyMv83Nzf/MzMz/zAwMP8xMTH/MjIy/zExMf8vLy//Ly8v/y8vL/8vLy//Ly8v/y8vL/8vLy//Ly8v/y4uLv8uLi7/Li4u/y4uLv8vLy//Ly8v/y8vL/8vLy//Ly8v/y4uLv8vLy//Ly8v/zAwMP8wMDD/MDAw/zAwMP8wMDD/MTEx/zExMf8xMTH/MTEx/zExMf8xMTH/MDAw/zAwMP8xMTH/MzMz/zIyMv8xMTH/MTEx/zAwMP8wMDD/MTEx/zExMf8yMjL/MzMz/zQ0NP80NDT/MjIy/zExMf8xMTH/MTEx/zExMf8xMTH/MjIy/zIyMv8yMjL/MzMz/zMzM/8yMjL/MjIy/zExMf8yMjL/MzMz/zQ0NP81NTX/NTU1/zU1Nf81NTX/NjY2/zc3N/83Nzf/Pz8//zc3N/8vLy//Ly8v/y8vL/8wMDD/MzMz/zQ0NP81NTX/NTU1/zQ0NP8zMzP/MzMz/zMzM/8yMjL/MTEx/zAwMP8vLy//Li4u/y4uLv8tLS3/LS0t/y4uLv8vLy//Ly8v/y8vL/8vLy//Ly8v/y8vL/8vLy//MDAw/zAwMP8xMTH/MDAw/zAwMP8vLy//Ly8v/zExMf8yMjL/ODg4/z4+Pv9CQkL/R0dH/0ZGRv9FRUX/QkJC/z4+Pv89PT3/PDw8/z09Pf8/Pz//QEBA/0NDQ/9FRUX/RERE/0RERP9FRUX/RUVF/0VFRf9GRkb/RkZG/0dHR/9HR0f/R0dH/0ZGRv9GRkb/RUVF/0NDQ/9CQkL/QUFB/0FBQf9CQkL/Q0ND/0JCQv9CQkL/QkJC/0JCQv89PT3/NjY2/zMzM/8wMDD/MjIy/zU1Nf86Ojr/QUFB/0NDQ/9ERET/QEBA/zQ0NP8uLi7/Kysr/ykpKf8qKir/Kioq/y0tLf8wMDD/MDAw/zAwMP8wMDD/Ly8v/zExMf8zMzP/NjY2/zs7O/89PT3/Pz8//zw8PP8vLy//Jycn/yEhIf8cHBz/HBwc/x0dHf8iIiL/Jycn/ykpKf8rKyv/JSUl/xwcHP8ZGRn/FhYW/xUVFf8VFRX/FRUV/xUVFf8VFRX/FRUV/xUVFf8VFRX/FRUV/xQUFP8UFBT/FBQU/xQUFP8VFRX/FhYW/x8fH/8sLCz/TExM/4SEhP+VlZX/qqqq/6Ojo/+FhYX/dnZ2/2lpaf9dXV3/Q0ND/zExMf8sLCz/KCgo/zAwMP85OTn/QEBA/0lJSf8+Pj7/LS0t/ygoKP8iIiL/JiYm/y8vL/85OTn/S0tL/1NTU/9WVlb/V1dX/09PT/9JSUn/SUlJ/0lJSf9OTk7/VFRU/1NTU/9TU1P/VFRU/1ZWVv9ZWVn/Xl5e/1xcXP9YWFj/T09P/zk5Of8vLy//Kioq/ycnJ/8rKyv/Li4u/zc3N/9AQED/OTk5/zMzM/8xMTH/Ly8v/zg4OP9GRkb/Tk5O/1tbW/9eXl7/YGBg/2FhYf9gYGD/YGBg/19fX/9eXl7/W1tb/1hYWP9XV1f/VlZW/1dXV/9ZWVn/Wlpa/1tbW/9OTk7/OTk5/zAwMP8iIiL/Hx8f/x4eHv8eHh7/Hx8f/yEhIf8pKSn/LCws/yUlJf8fHx//Hh4e/xwcHP8hISH/Jycn/zIyMv9BQUH/QEBA/zw8PP85OTn/MjIy/zExMf8wMDD/Ly8v/y0tLf8sLCz/Kioq/ykpKf8pKSn/KSkp/yoqKv8qKir/IyMj/xsbG/8XFxf/EhIS/xEREf8QEBD/EhIS/xYWFv8bGxv/JiYm/yYmJv8eHh7/Ghoa/xYWFv8UFBT/FhYW/xgYGP8kJCT/MDAw/zY2Nv8+Pj7/QEBA/0JCQv9AQED/PT09/zw8PP86Ojr/Ojo6/zw8PP88PDz/PDw8/zw8PP8/Pz//QEBA/zw8PP84ODj/MDAw/ygoKP8nJyf/JiYm/ygoKP8rKyv/MDAw/zg4OP84ODj/NjY2/zIyMv8rKyv/Jycn/yIiIv8gICD/ISEh/yIiIv8mJib/Kioq/zIyMv88PDz/NDQ0/ykpKf8mJib/IyMj/yMjI/8kJCT/JCQk/yMjI/8iIiL/ISEh/yEhIf8iIiL/IyMj/yQkJP8lJSX/JiYm/ycnJ/8sLCz/MjIy/zMzM/80NDT/Ly8v/ygoKP8pKSn/LS0t/zExMf85OTn/PDw8/z4+Pv8/Pz//Pj4+/z09Pf85OTn/Nzc3/zc3N/9AQED/QEBA/z8/P/8/Pz//Pj4+/z4+Pv89PT3/PT09/z09Pf89PT3/PT09/z4+Pv9AQED/QEBA/0BAQP9AQED/QUFB/0FBQf9AQED/QEBA/z8/P/8+Pj7/Pj4+/z4+Pv9AQED/QUFB/0JCQv9BQUH/QUFB/0BAQP9AQED/QEBA/0BAQP9BQUH/QUFB/0JCQv9DQ0P/QUFB/0BAQP9AQED/Pz8//0BAQP9AQED/QEBA/z8/P/8/Pz//Pj4+/z8/P/9AQED/QEBA/0FBQf9BQUH/QUFB/0FBQf9BQUH/QEBA/0BAQP9AQED/QEBA/0BAQP8/Pz//Pj4+/z8/P/9AQED/QUFB/0JCQv9CQkL/QkJC/0FBQf9AQED/Pz8//z8/P/8+Pj7/Pz8//0BAQP9AQED/QUFB/0FBQf9AQED/QEBA/z8/P/9AQED/QkJC/0FBQf9BQUH/QUFB/0BAQP9AQED/QEBA/0BAQP9AQED/QEBA/0BAQP9AQED/Pz8//z8/P/8+Pj7/Pj4+/z8/P/9BQUH/QUFB/0BAQP9AQED/QUFB/0BAQP9AQED/QEBA/0FBQf9BQUH/QUFB/0JCQv9CQkL/QkJC/0NDQ/9DQ0P/QUFB/z8/P/8/Pz//Pz8//z8/P/8/Pz//Pz8//z8/P/8/Pz//Pj4+/z8/P/8/Pz//QEBA/0FBQf9BQUH/QkJC/0NDQ/9CQkL/QUFB/0BAQP8/Pz//QEBA/0FBQf9BQUH/QUFB/0FBQf9CQkL/QkJC/0JCQv9CQkL/QkJC/0JCQv9ERET/RUVF/0RERP9DQ0P/QkJC/0FBQf9BQUH/QkJC/0JCQv9CQkL/QkJC/0FBQf9BQUH/QkJC/0JCQv9BQUH/QEBA/z8/P/8/Pz//Pj4+/z4+Pv8/Pz//QUFB/0BAQP8/Pz//QEBA/0FBQf9AQED/Pz8//z8/P/9AQED/QEBA/z8/P/9AQED/QEBA/0FBQf9AQED/QEBA/0FBQf9BQUH/QUFB/0FBQf8/Pz//PT09/z4+Pv9AQED/QEBA/0BAQP9AQED/QkJC/0JCQv9ERET/RERE/0JCQv9BQUH/QEBA/0BAQP9AQED/QEBA/0FBQf9BQUH/QUFB/0JCQv9CQkL/QUFB/0FBQf8/Pz//Pz8//0BAQP9AQED/QEBA/0BAQP9BQUH/QUFB/0BAQP9AQED/QEBA/0FBQf9AQED/Pz8//z8/P/8+Pj7/Pz8//0FBQf9AQED/Pz8//z8/P/9AQED/QEBA/z8/P/8/Pz//QEBA/0BAQP8/Pz//Pz8//z4+Pv89PT3/PT09/z09Pf8+Pj7/Pz8//z8/P/9AQED/QUFB/0FBQf9BQUH/QkJC/0JCQv9CQkL/Q0ND/0NDQ/9ERET/Q0ND/0NDQ/9CQkL/QUFB/0JCQv9DQ0P/Q0ND/0JCQv9CQkL/QEBA/0FBQf9CQkL/Q0ND/0RERP9ERET/RERE/0NDQ/9CQkL/QUFB/0BAQP8/Pz//Pz8//z8/P/8/Pz//Pj4+/z4+Pv8+Pj7/QEBA/0JCQv9CQkL/QUFB/0BAQP9BQUH/QUFB/0FBQf9BQUH/QEBA/0BAQP8/Pz//Pz8//0FBQf9DQ0P/Q0ND/0NDQ/9CQkL/QEBA/0BAQP8/Pz//Pz8//0BAQP8/Pz//Pj4+/z09Pf89PT3/PT09/zw8PP88PDz/PDw8/z09Pf89PT3/PT09/zw8PP87Ozv/OTk5/zg4OP8zMzP/LCws/ykpKf8jIyP/ISEh/x8fH/8fHx//ICAg/yQkJP8wMDD/OTk5/0pKSv9UVFT/SkpK/zU1Nf81NTX/NDQ0/zQ0NP8zMzP/MzMz/zMzM/8zMzP/NDQ0/zQ0NP8zMzP/MzMz/zMzM/80NDT/MzMz/zMzM/8zMzP/MzMz/zQ0NP80NDT/NDQ0/zU1Nf81NTX/NTU1/zU1Nf81NTX/NTU1/zU1Nf82Njb/Nzc3/zg4OP84ODj/ODg4/zc3N/83Nzf/Nzc3/zY2Nv82Njb/NjY2/zg4OP86Ojr/OTk5/zg4OP84ODj/ODg4/zc3N/82Njb/NjY2/zY2Nv82Njb/NTU1/zY2Nv82Njb/Nzc3/zc3N/83Nzf/NjY2/zY2Nv82Njb/NjY2/zY2Nv81NTX/NjY2/zY2Nv83Nzf/ODg4/zc3N/81NTX/NTU1/zU1Nf81NTX/NjY2/zY2Nv82Njb/NjY2/zY2Nv82Njb/NjY2/zc3N/83Nzf/Nzc3/zY2Nv82Njb/NjY2/zY2Nv82Njb/NjY2/zY2Nv81NTX/NjY2/zc3N/84ODj/Nzc3/zY2Nv83Nzf/Nzc3/zc3N/83Nzf/Nzc3/zc3N/83Nzf/Nzc3/zg4OP86Ojr/Ojo6/zo6Ov86Ojr/Ojo6/zo6Ov85OTn/ODg4/zg4OP84ODj/OTk5/zs7O/87Ozv/Ojo6/zo6Ov85OTn/OTk5/zg4OP85OTn/OTk5/zk5Of86Ojr/Ojo6/zo6Ov86Ojr/OTk5/zg4OP84ODj/OTk5/zo6Ov87Ozv/Ojo6/zo6Ov86Ojr/Ojo6/zo6Ov85OTn/OTk5/zg4OP84ODj/OTk5/zo6Ov87Ozv/PDw8/z09Pf8+Pj7/PDw8/zo6Ov86Ojr/Ozs7/zo6Ov86Ojr/Ojo6/zo6Ov86Ojr/Ozs7/zs7O/87Ozv/Ozs7/zs7O/88PDz/PDw8/zw8PP88PDz/Ozs7/zs7O/87Ozv/PDw8/z09Pf89PT3/Pj4+/z4+Pv8/Pz//Pz8//z4+Pv8+Pj7/Pj4+/z09Pf88PDz/Ozs7/zs7O/88PDz/PT09/z4+Pv8+Pj7/Pz8//z8/P/9AQED/Pz8//z8/P/89PT3/PDw8/zw8PP89PT3/PT09/z09Pf89PT3/PT09/z09Pf89PT3/PT09/zw8PP87Ozv/Ozs7/zo6Ov88PDz/PT09/zw8PP87Ozv/Ozs7/zw8PP88PDz/PDw8/zw8PP87Ozv/Ozs7/z09Pf89PT3/PT09/zw8PP89PT3/PT09/z09Pf89PT3/Pj4+/z4+Pv8+Pj7/Pj4+/z8/P/8/Pz//Pz8//z8/P/8/Pz//PT09/z09Pf8+Pj7/Pz8//0BAQP9AQED/QUFB/0FBQf9BQUH/QUFB/0BAQP9AQED/QEBA/0BAQP8/Pz//Pj4+/z4+Pv89PT3/PDw8/zs7O/87Ozv/PDw8/zw8PP8+Pj7/Pj4+/z8/P/9AQED/QEBA/z8/P/8+Pj7/PT09/z09Pf89PT3/Pj4+/z8/P/8/Pz//Pj4+/z4+Pv89PT3/PT09/z4+Pv8+Pj7/Pz8//z8/P/8+Pj7/Pj4+/z8/P/9AQED/Pz8//z8/P/9AQED/QkJC/0FBQf9AQED/QEBA/0BAQP9AQED/QEBA/0FBQf9BQUH/QUFB/z8/P/8+Pj7/Pz8//z8/P/8/Pz//Pj4+/z09Pf88PDz/PDw8/z4+Pv8+Pj7/Pz8//z4+Pv89PT3/PT09/zw8PP88PDz/PT09/z09Pf8+Pj7/Pz8//z8/P/9AQED/Pz8//z4+Pv8+Pj7/PT09/z09Pf89PT3/PT09/z8/P/8/Pz//PT09/z4+Pv8/Pz//QEBA/0BAQP9AQED/QEBA/0BAQP9AQED/FRUV/xUVFf8VFRX/FRUV/xUVFf8VFRX/FRUV/xUVFf8UFBT/FBQU/xUVFf8VFRX/FRUV/xUVFf8VFRX/FRUV/xYWFv8WFhb/FhYW/xcXF/8WFhb/FhYW/xYWFv8WFhb/FRUV/xQUFP8UFBT/ExMT/xMTE/8UFBT/FBQU/xQUFP8UFBT/FBQU/xQUFP8SEhL/ERER/xEREf8QEBD/EBAQ/xEREf8SEhL/FRUV/xgYGP8eHh7/Hx8f/yAgIP8gICD/Hx8f/x8fH/8eHh7/Hh4e/x0dHf8cHBz/HBwc/xwcHP8cHBz/HBwc/xsbG/8bGxv/Gxsb/xwcHP8cHBz/HBwc/xwcHP8bGxv/Gxsb/xsbG/8cHBz/HR0d/x8fH/8hISH/IyMj/yMjI/8jIyP/ICAg/xwcHP8cHBz/HBwc/xwcHP8dHR3/HR0d/x0dHf8dHR3/Hh4e/x4eHv8dHR3/HR0d/xwcHP8bGxv/Ghoa/xoaGv8ZGRn/GBgY/xcXF/8XFxf/FhYW/xYWFv8YGBj/Ghoa/x4eHv8kJCT/Jycn/ywsLP8uLi7/MzMz/zQ0NP81NTX/NjY2/zY2Nv82Njb/NDQ0/zExMf8yMjL/MzMz/zMzM/8zMzP/MjIy/zAwMP8yMjL/NDQ0/zQ0NP8zMzP/MzMz/zQ0NP80NDT/MjIy/zExMf8xMTH/MjIy/zU1Nf83Nzf/ODg4/zg4OP83Nzf/NjY2/zU1Nf80NDT/MjIy/y4uLv8vLy//MTEx/zIyMv8zMzP/MjIy/ysrK/8nJyf/JCQk/yEhIf8gICD/Hh4e/x8fH/8fHx//HR0d/xsbG/8cHBz/HBwc/xsbG/8aGhr/GBgY/xYWFv8VFRX/FBQU/xQUFP8UFBT/FRUV/xUVFf8VFRX/FhYW/xYWFv8WFhb/FhYW/xUVFf8UFBT/ExMT/xISEv8SEhL/ERER/xEREf8RERH/ERER/xAQEP8QEBD/EBAQ/xAQEP8QEBD/EBAQ/xAQEP8QEBD/Dw8P/w8PD/8ODg7/Dg4O/w4ODv8ODg7/Dg4O/w8PD/8PDw//Dg4O/w4ODv8ODg7/Dg4O/w8PD/8PDw//Dw8P/w8PD/8PDw//EBAQ/xEREf8SEhL/FRUV/xkZGf8dHR3/ISEh/yQkJP8oKCj/Kysr/zAwMP8yMjL/NjY2/zY2Nv80NDT/MzMz/zExMf8vLy//Kioq/yUlJf8hISH/HBwc/xkZGf8WFhb/FBQU/xEREf8QEBD/Dg4O/w4ODv8ODg7/Dg4O/w4ODv8ODg7/Dg4O/w4ODv8ODg7/Dw8P/w8PD/8PDw//Dg4O/w4ODv8ODg7/Dg4O/w4ODv8ODg7/Dw8P/xAQEP8RERH/FBQU/xYWFv8aGhr/Hx8f/ysrK/8zMzP/NDQ0/zU1Nf8yMjL/Ly8v/y8vL/8vLy//Ly8v/zAwMP8vLy//Ly8v/y8vL/8vLy//Ly8v/zAwMP8vLy//Li4u/y0tLf8uLi7/Li4u/y8vL/8vLy//Ly8v/zAwMP8wMDD/MDAw/zExMf8yMjL/MTEx/zAwMP8wMDD/MTEx/zExMf8xMTH/MTEx/zExMf8yMjL/MTEx/zExMf8wMDD/MDAw/zAwMP8wMDD/MTEx/zIyMv8yMjL/MTEx/zExMf8yMjL/MjIy/zMzM/8zMzP/NDQ0/zQ0NP8zMzP/MjIy/zIyMv8yMjL/MjIy/zIyMv8yMjL/MjIy/zIyMv8yMjL/MjIy/zExMf8xMTH/MTEx/zExMf8yMjL/MzMz/zQ0NP81NTX/NDQ0/zQ0NP80NDT/NDQ0/zQ0NP8mJib/KSkp/ywsLP8vLy//MzMz/zQ0NP82Njb/Nzc3/zc3N/83Nzf/ODg4/zk5Of86Ojr/Ozs7/zo6Ov85OTn/Nzc3/zY2Nv82Njb/NTU1/zU1Nf80NDT/NTU1/zU1Nf82Njb/NjY2/zY2Nv82Njb/NjY2/zY2Nv83Nzf/ODg4/zg4OP83Nzf/Nzc3/zc3N/82Njb/ODg4/zo6Ov9CQkL/SkpK/1BQUP9XV1f/V1dX/1ZWVv9TU1P/TU1N/0tLS/9ISEj/R0dH/0hISP9ISEj/S0tL/01NTf9MTEz/S0tL/0tLS/9LS0v/S0tL/0tLS/9MTEz/TU1N/01NTf9MTEz/TExM/0tLS/9LS0v/SkpK/0lJSf9ISEj/SEhI/0lJSf9KSkr/SkpK/0pKSv9MTEz/Tk5O/0dHR/8/Pz//PDw8/zg4OP83Nzf/NTU1/zQ0NP80NDT/NDQ0/zQ0NP8zMzP/MjIy/zExMf8xMTH/MTEx/zMzM/80NDT/Nzc3/zo6Ov87Ozv/Ozs7/zo6Ov84ODj/Ozs7/z8/P/9CQkL/SEhI/0tLS/9NTU3/SEhI/zc3N/8tLS3/IyMj/xwcHP8cHBz/Gxsb/yEhIf8nJyf/KCgo/yoqKv8kJCT/Gxsb/xgYGP8WFhb/FRUV/xUVFf8VFRX/FRUV/xUVFf8VFRX/FRUV/xUVFf8VFRX/FBQU/xQUFP8UFBT/FBQU/xQUFP8VFRX/HR0d/ygoKP9NTU3/jo6O/6Wlpf/ExMT/ubm5/4mJif94eHj/d3d3/3BwcP9SUlL/PT09/zU1Nf8tLS3/MzMz/zk5Of8/Pz//R0dH/z09Pf8tLS3/Kioq/yYmJv8sLCz/Ojo6/0RERP9XV1f/X19f/2FhYf9gYGD/VVVV/01NTf9KSkr/R0dH/0xMTP9SUlL/UlJS/1JSUv9VVVX/Wlpa/11dXf9jY2P/Y2Nj/2FhYf9YWFj/QEBA/zY2Nv8vLy//LCws/y8vL/8yMjL/OTk5/0BAQP86Ojr/NDQ0/zU1Nf83Nzf/QkJC/1RUVP9aWlr/Y2Nj/2RkZP9iYmL/YmJi/2JiYv9iYmL/YmJi/2FhYf9dXV3/WVlZ/1ZWVv9SUlL/VlZW/1lZWf9bW1v/Xl5e/1JSUv9AQED/NjY2/ycnJ/8kJCT/JCQk/yMjI/8jIyP/JCQk/ysrK/8tLS3/Jycn/yEhIf8hISH/ISEh/ygoKP8wMDD/Ozs7/0pKSv9HR0f/QEBA/zw8PP81NTX/NDQ0/zQ0NP8zMzP/MDAw/y4uLv8sLCz/Kioq/ysrK/8rKyv/LS0t/y8vL/8mJib/HBwc/xgYGP8SEhL/ERER/xAQEP8SEhL/FRUV/xoaGv8lJSX/JiYm/x4eHv8ZGRn/FRUV/xMTE/8WFhb/GRkZ/yQkJP8wMDD/NTU1/zs7O/89PT3/QEBA/z4+Pv87Ozv/Ojo6/zk5Of86Ojr/PDw8/zw8PP88PDz/PDw8/0BAQP9DQ0P/QEBA/z09Pf80NDT/Kioq/ykpKf8nJyf/KSkp/y0tLf8yMjL/Ojo6/zo6Ov84ODj/NDQ0/ywsLP8oKCj/IyMj/yAgIP8gICD/ISEh/yUlJf8qKir/NjY2/0RERP85OTn/Kysr/ygoKP8jIyP/IyMj/yMjI/8jIyP/IyMj/yIiIv8hISH/ISEh/yIiIv8iIiL/IyMj/yMjI/8lJSX/JiYm/ysrK/8xMTH/MjIy/zQ0NP8vLy//Jycn/ykpKf8uLi7/MjIy/zo6Ov89PT3/Pj4+/z8/P/9BQUH/QEBA/zw8PP85OTn/OTk5/0BAQP8/Pz//Pz8//z8/P/8+Pj7/Pj4+/z09Pf89PT3/PDw8/zw8PP88PDz/PT09/z8/P/9AQED/Pz8//z8/P/9BQUH/QkJC/0FBQf9AQED/Pz8//z8/P/8+Pj7/Pj4+/z8/P/9CQkL/QkJC/0FBQf9BQUH/QEBA/0BAQP9AQED/QEBA/0BAQP9AQED/QkJC/0NDQ/9CQkL/QUFB/0BAQP8/Pz//Pz8//z8/P/8/Pz//Pj4+/z4+Pv8+Pj7/Pj4+/z8/P/8/Pz//QEBA/0FBQf9CQkL/QkJC/0FBQf9BQUH/QUFB/0BAQP9AQED/Pz8//z8/P/8+Pj7/Pz8//0FBQf9BQUH/QkJC/0JCQv9BQUH/QUFB/0BAQP8/Pz//Pj4+/z09Pf8+Pj7/Pz8//0BAQP9BQUH/QUFB/0BAQP9AQED/Pz8//0BAQP9BQUH/QUFB/0FBQf9BQUH/QEBA/0BAQP8/Pz//Pz8//z8/P/8/Pz//Pz8//z8/P/8/Pz//Pz8//z8/P/8+Pj7/Pz8//0FBQf9BQUH/QEBA/0BAQP9AQED/QEBA/0BAQP9AQED/QUFB/0FBQf9CQkL/QkJC/0NDQ/9DQ0P/Q0ND/0NDQ/9BQUH/Pj4+/z4+Pv8+Pj7/Pj4+/z8/P/8/Pz//Pz8//z8/P/8+Pj7/Pz8//0BAQP9AQED/QUFB/0JCQv9ERET/RUVF/0NDQ/9AQED/QEBA/z8/P/9AQED/QUFB/0FBQf9CQkL/QkJC/0JCQv9CQkL/QkJC/0JCQv9CQkL/Q0ND/0VFRf9HR0f/RUVF/0NDQ/9CQkL/QEBA/0FBQf9CQkL/QkJC/0FBQf9BQUH/QEBA/0BAQP9BQUH/QUFB/0BAQP9AQED/Pz8//z4+Pv8+Pj7/Pj4+/z8/P/9BQUH/QEBA/0BAQP9BQUH/QkJC/0FBQf9AQED/QEBA/0BAQP9AQED/Pz8//z8/P/9AQED/QEBA/z8/P/8/Pz//QEBA/0FBQf9CQkL/QkJC/0BAQP8+Pj7/Pz8//0BAQP9AQED/QEBA/0FBQf9DQ0P/Q0ND/0VFRf9ERET/Q0ND/0JCQv9BQUH/QEBA/0BAQP9AQED/QUFB/0FBQf9BQUH/QUFB/0FBQf9CQkL/QUFB/z8/P/8/Pz//Pz8//z8/P/9AQED/QEBA/0FBQf9BQUH/QEBA/0BAQP9BQUH/QUFB/0FBQf9AQED/Pz8//z4+Pv8/Pz//QUFB/0BAQP8/Pz//QEBA/0FBQf9BQUH/QEBA/z8/P/9AQED/QEBA/0BAQP8/Pz//Pj4+/z09Pf88PDz/Ozs7/z09Pf8+Pj7/Pz8//0BAQP9AQED/QUFB/0FBQf9CQkL/QkJC/0NDQ/9DQ0P/RERE/0RERP9ERET/RERE/0JCQv9BQUH/QkJC/0RERP9DQ0P/QkJC/0FBQf9AQED/QUFB/0JCQv9CQkL/RERE/0RERP9DQ0P/Q0ND/0FBQf9BQUH/QEBA/z8/P/8/Pz//Pj4+/z4+Pv89PT3/Pj4+/z4+Pv9AQED/RERE/0NDQ/9BQUH/QUFB/0BAQP9AQED/QEBA/0BAQP9AQED/QEBA/z8/P/8/Pz//QkJC/0RERP9DQ0P/Q0ND/0JCQv9AQED/QEBA/z8/P/8/Pz//QEBA/z8/P/89PT3/PDw8/zw8PP88PDz/PDw8/zw8PP89PT3/Pj4+/z4+Pv8+Pj7/PT09/zs7O/86Ojr/OTk5/zY2Nv8xMTH/Li4u/ygoKP8lJSX/ISEh/yAgIP8eHh7/Hx8f/yEhIf8iIiL/JCQk/yYmJv8mJib/NDQ0/zQ0NP80NDT/NDQ0/zMzM/8zMzP/MjIy/zMzM/80NDT/MzMz/zIyMv8yMjL/MzMz/zMzM/8zMzP/MzMz/zQ0NP80NDT/NDQ0/zQ0NP81NTX/NjY2/zY2Nv81NTX/NTU1/zU1Nf81NTX/NTU1/zY2Nv83Nzf/ODg4/zg4OP84ODj/Nzc3/zc3N/82Njb/NjY2/zU1Nf81NTX/ODg4/zs7O/86Ojr/ODg4/zg4OP84ODj/Nzc3/zY2Nv82Njb/NTU1/zU1Nf81NTX/NTU1/zY2Nv83Nzf/Nzc3/zc3N/82Njb/NjY2/zY2Nv82Njb/NjY2/zY2Nv82Njb/Nzc3/zc3N/85OTn/ODg4/zY2Nv81NTX/NTU1/zU1Nf82Njb/NjY2/zc3N/83Nzf/NjY2/zY2Nv82Njb/NjY2/zY2Nv83Nzf/NjY2/zU1Nf81NTX/NTU1/zU1Nf81NTX/NTU1/zU1Nf81NTX/NjY2/zc3N/82Njb/NTU1/zY2Nv83Nzf/Nzc3/zc3N/83Nzf/Nzc3/zc3N/82Njb/Nzc3/zk5Of86Ojr/Ozs7/zs7O/87Ozv/Ozs7/zk5Of84ODj/Nzc3/zc3N/85OTn/Ozs7/zo6Ov86Ojr/OTk5/zg4OP84ODj/ODg4/zg4OP85OTn/OTk5/zo6Ov86Ojr/Ozs7/zo6Ov84ODj/Nzc3/zg4OP84ODj/OTk5/zo6Ov85OTn/ODg4/zg4OP84ODj/ODg4/zg4OP84ODj/Nzc3/zg4OP85OTn/Ozs7/zw8PP89PT3/Pz8//z8/P/89PT3/Ojo6/zo6Ov87Ozv/Ojo6/zg4OP85OTn/OTk5/zk5Of86Ojr/Ojo6/zs7O/87Ozv/Ozs7/zs7O/87Ozv/Ozs7/zo6Ov86Ojr/Ozs7/zs7O/88PDz/PDw8/z09Pf8+Pj7/Pj4+/z8/P/8/Pz//Pj4+/z4+Pv89PT3/PDw8/zs7O/87Ozv/PDw8/z09Pf8+Pj7/Pj4+/z4+Pv8+Pj7/Pj4+/z4+Pv8+Pj7/Pj4+/z09Pf87Ozv/PDw8/z09Pf89PT3/PT09/z09Pf89PT3/PT09/z09Pf89PT3/PDw8/zw8PP87Ozv/Ojo6/zs7O/89PT3/PT09/zw8PP88PDz/PDw8/zw8PP89PT3/PT09/zs7O/87Ozv/PDw8/z09Pf88PDz/Ozs7/zw8PP89PT3/Pj4+/z4+Pv8+Pj7/Pj4+/z4+Pv8/Pz//QEBA/0FBQf9BQUH/QUFB/0BAQP8/Pz//Pj4+/z8/P/8/Pz//QEBA/0BAQP9BQUH/QkJC/0JCQv9CQkL/QUFB/0FBQf9BQUH/QEBA/0BAQP8/Pz//Pj4+/zw8PP88PDz/Ozs7/zo6Ov88PDz/PDw8/z4+Pv8/Pz//QEBA/0FBQf9AQED/Pz8//z4+Pv88PDz/PT09/z4+Pv8+Pj7/Pj4+/z4+Pv89PT3/PT09/zw8PP88PDz/Pj4+/z8/P/8/Pz//Pz8//z4+Pv8+Pj7/Pz8//0BAQP8/Pz//Pz8//0BAQP9CQkL/QUFB/0BAQP9AQED/Pz8//z8/P/9AQED/QUFB/0NDQ/9DQ0P/QEBA/z4+Pv8+Pj7/Pj4+/z4+Pv8+Pj7/PT09/zs7O/88PDz/PT09/z09Pf8+Pj7/PT09/zw8PP88PDz/PDw8/zw8PP89PT3/PT09/z4+Pv8+Pj7/Pz8//0BAQP8/Pz//Pj4+/z4+Pv89PT3/PT09/zw8PP89PT3/Pz8//z4+Pv89PT3/Pj4+/z8/P/9AQED/QUFB/0FBQf9BQUH/QUFB/0BAQP8VFRX/FRUV/xUVFf8VFRX/FRUV/xUVFf8VFRX/FRUV/xQUFP8UFBT/FRUV/xUVFf8VFRX/FRUV/xUVFf8VFRX/FhYW/xYWFv8WFhb/FxcX/xcXF/8WFhb/FhYW/xYWFv8VFRX/FBQU/xQUFP8TExP/ExMT/xQUFP8UFBT/FBQU/xQUFP8TExP/ExMT/xISEv8RERH/EBAQ/xAQEP8QEBD/EBAQ/xISEv8VFRX/GBgY/x4eHv8fHx//ICAg/yAgIP8fHx//Hx8f/x4eHv8eHh7/HR0d/xwcHP8cHBz/HBwc/xsbG/8bGxv/Gxsb/xsbG/8bGxv/HBwc/xwcHP8bGxv/Gxsb/xsbG/8bGxv/Gxsb/xwcHP8dHR3/Hx8f/yEhIf8jIyP/JSUl/yYmJv8iIiL/HR0d/x0dHf8cHBz/HBwc/x0dHf8dHR3/HR0d/x0dHf8eHh7/Hh4e/x4eHv8eHh7/HR0d/x0dHf8cHBz/Gxsb/xkZGf8YGBj/FxcX/xYWFv8WFhb/FRUV/xYWFv8YGBj/HBwc/yMjI/8mJib/Kysr/y4uLv8xMTH/MzMz/zMzM/8zMzP/NTU1/zU1Nf8zMzP/MDAw/zExMf8yMjL/MjIy/zExMf8wMDD/Li4u/y4uLv8wMDD/MDAw/zAwMP8wMDD/Ly8v/y4uLv8uLi7/Li4u/zAwMP8xMTH/MzMz/zQ0NP80NDT/MzMz/zMzM/8yMjL/MzMz/zQ0NP8yMjL/LS0t/y0tLf8tLS3/LS0t/y0tLf8sLCz/Jycn/yMjI/8hISH/Hx8f/x4eHv8dHR3/HR0d/x4eHv8dHR3/Gxsb/xsbG/8cHBz/Gxsb/xkZGf8YGBj/FRUV/xUVFf8TExP/ExMT/xQUFP8VFRX/FhYW/xYWFv8VFRX/FRUV/xQUFP8UFBT/ExMT/xMTE/8TExP/EhIS/xISEv8RERH/ERER/xEREf8RERH/EBAQ/xAQEP8QEBD/EBAQ/xAQEP8QEBD/EBAQ/xAQEP8QEBD/Dw8P/w8PD/8ODg7/Dg4O/w4ODv8ODg7/Dw8P/w8PD/8ODg7/Dg4O/w4ODv8ODg7/Dw8P/w8PD/8PDw//Dw8P/w8PD/8PDw//Dw8P/w8PD/8RERH/ExMT/xUVFf8XFxf/Ghoa/x4eHv8hISH/JiYm/ykpKf8tLS3/Li4u/y0tLf8rKyv/KCgo/yUlJf8gICD/Gxsb/xgYGP8UFBT/ExMT/xEREf8RERH/EBAQ/w8PD/8ODg7/Dg4O/w4ODv8ODg7/Dg4O/w4ODv8ODg7/Dg4O/w8PD/8PDw//Dw8P/w8PD/8PDw//Dg4O/w4ODv8ODg7/Dg4O/w4ODv8PDw//ERER/xISEv8VFRX/GBgY/xwcHP8iIiL/Li4u/zY2Nv81NTX/NDQ0/zExMf8uLi7/Li4u/y4uLv8vLy//MDAw/zAwMP8vLy//Ly8v/y8vL/8vLy//MDAw/y8vL/8uLi7/LS0t/y4uLv8uLi7/Ly8v/y8vL/8vLy//MDAw/zAwMP8xMTH/MjIy/zMzM/8yMjL/MDAw/zAwMP8yMjL/MjIy/zExMf8xMTH/MjIy/zIyMv8xMTH/MTEx/zAwMP8wMDD/MDAw/y8vL/8wMDD/MjIy/zIyMv8yMjL/MjIy/zIyMv8yMjL/MzMz/zMzM/80NDT/NDQ0/zMzM/8zMzP/MzMz/zMzM/8zMzP/MzMz/zIyMv8yMjL/MjIy/zIyMv8yMjL/MTEx/zExMf8xMTH/MTEx/zExMf8yMjL/NDQ0/zU1Nf80NDT/MzMz/zIyMv8yMjL/MzMz/zAwMP8xMTH/MzMz/zU1Nf83Nzf/ODg4/zo6Ov85OTn/ODg4/zk5Of85OTn/OTk5/zo6Ov87Ozv/Ozs7/zs7O/86Ojr/OTk5/zk5Of85OTn/OTk5/zk5Of85OTn/OTk5/zg4OP84ODj/ODg4/zg4OP85OTn/OTk5/zk5Of85OTn/OTk5/zk5Of85OTn/ODg4/zg4OP87Ozv/Pj4+/0VFRf9OTk7/VVVV/11dXf9fX1//YmJi/2BgYP9cXFz/W1tb/1lZWf9ZWVn/W1tb/11dXf9hYWH/Y2Nj/2BgYP9dXV3/W1tb/1paWv9bW1v/XFxc/1xcXP9cXFz/W1tb/1lZWf9ZWVn/Wlpa/1lZWf9ZWVn/WVlZ/1paWv9bW1v/Wlpa/1paWv9ZWVn/WVlZ/1lZWf9aWlr/V1dX/1NTU/9RUVH/T09P/09PT/9PT0//TU1N/0pKSv9KSkr/SUlJ/0lJSf9JSUn/SUlJ/0pKSv9LS0v/SkpK/0pKSv9LS0v/TExM/0xMTP9MTEz/S0tL/0lJSf9JSUn/SkpK/01NTf9RUVH/UVFR/1BQUP9KSkr/Ojo6/y8vL/8kJCT/HR0d/xwcHP8cHBz/IiIi/ygoKP8pKSn/Kysr/yUlJf8dHR3/Ghoa/xcXF/8WFhb/FhYW/xYWFv8WFhb/FRUV/xUVFf8UFBT/FBQU/xQUFP8UFBT/FBQU/xQUFP8UFBT/FBQU/xQUFP8YGBj/Hh4e/zMzM/9XV1f/eXl5/7e3t/+/v7//rKys/56env+EhIT/dXV1/2hoaP9cXFz/SUlJ/zc3N/85OTn/Ozs7/0FBQf9ISEj/QUFB/zc3N/84ODj/Ozs7/0RERP9XV1f/Xl5e/2dnZ/9qamr/a2tr/2pqav9hYWH/Wlpa/1RUVP9OTk7/Tk5O/09PT/9SUlL/VVVV/1hYWP9cXFz/YGBg/2dnZ/9kZGT/XFxc/1JSUv88PDz/MjIy/yoqKv8nJyf/Kysr/y8vL/84ODj/QUFB/zo6Ov8yMjL/MjIy/zMzM/8+Pj7/UFBQ/1hYWP9iYmL/ZGRk/2NjY/9kZGT/ZWVl/2VlZf9mZmb/ZmZm/2FhYf9dXV3/Wlpa/1dXV/9ZWVn/W1tb/1tbW/9bW1v/U1NT/0VFRf89PT3/Ly8v/ysrK/8oKCj/Jycn/ygoKP8pKSn/Ly8v/zExMf8sLCz/Jycn/ygoKP8pKSn/MTEx/zk5Of9AQED/SUlJ/0lJSf9HR0f/RUVF/z8/P/89PT3/Ojo6/zc3N/8zMzP/MDAw/y0tLf8sLCz/Li4u/zAwMP8yMjL/NjY2/ysrK/8eHh7/GRkZ/xMTE/8SEhL/ERER/xMTE/8XFxf/HBwc/ycnJ/8oKCj/Hx8f/xoaGv8VFRX/ExMT/xcXF/8bGxv/Kioq/zo6Ov89PT3/QUFB/0BAQP8/Pz//PT09/zo6Ov86Ojr/Ojo6/zo6Ov86Ojr/Ozs7/zw8PP89PT3/QUFB/0JCQv87Ozv/NDQ0/ywsLP8jIyP/IiIi/yIiIv8oKCj/MTEx/zU1Nf89PT3/Pj4+/z4+Pv86Ojr/MjIy/ywsLP8lJSX/ISEh/yAgIP8gICD/IyMj/yUlJf8sLCz/MzMz/y4uLv8nJyf/JSUl/yEhIf8gICD/HR0d/xwcHP8bGxv/Gxsb/xoaGv8aGhr/Ghoa/xoaGv8bGxv/HBwc/x4eHv8gICD/Kioq/zMzM/81NTX/Nzc3/y8vL/8iIiL/IiIi/yMjI/8nJyf/MDAw/zU1Nf87Ozv/Pj4+/0NDQ/9ERET/Q0ND/0JCQv9CQkL/PT09/z4+Pv8+Pj7/Pj4+/z09Pf89PT3/PDw8/zw8PP89PT3/PDw8/zw8PP89PT3/Pj4+/z8/P/8/Pz//Pz8//z8/P/8/Pz//Pj4+/z09Pf89PT3/PT09/z09Pf89PT3/Pj4+/z8/P/9AQED/QEBA/0BAQP8/Pz//Pz8//0BAQP9AQED/QEBA/z8/P/8/Pz//Pz8//z8/P/9AQED/QEBA/0BAQP9AQED/QEBA/z8/P/8/Pz//Pz8//z8/P/8/Pz//Pj4+/z4+Pv8+Pj7/Pz8//0BAQP9AQED/QUFB/0JCQv9BQUH/QEBA/0BAQP9AQED/QEBA/0BAQP9AQED/QUFB/0FBQf9AQED/QEBA/0FBQf9BQUH/QUFB/0BAQP8/Pz//Pj4+/z4+Pv8+Pj7/QEBA/0JCQv9BQUH/QUFB/0BAQP89PT3/Pj4+/z4+Pv8/Pz//QEBA/0BAQP9AQED/Pz8//z8/P/8+Pj7/Pj4+/z4+Pv8/Pz//Pz8//z8/P/8+Pj7/Pj4+/z4+Pv8/Pz//QEBA/0BAQP9CQkL/QkJC/0FBQf9BQUH/QEBA/0BAQP9AQED/QEBA/0FBQf9BQUH/QkJC/0NDQ/9DQ0P/Q0ND/0JCQv9AQED/Pz8//z4+Pv8/Pz//QEBA/0BAQP9BQUH/QUFB/0FBQf9BQUH/QkJC/0NDQ/9DQ0P/RERE/0RERP9FRUX/RERE/0NDQ/9CQkL/QUFB/0FBQf9AQED/QEBA/0BAQP9AQED/QEBA/0FBQf9CQkL/QkJC/0JCQv9CQkL/RERE/0RERP9DQ0P/QkJC/0JCQv9BQUH/QUFB/0FBQf9BQUH/QkJC/0JCQv9BQUH/QUFB/0FBQf9BQUH/QEBA/0BAQP8/Pz//Pz8//z4+Pv8+Pj7/Pj4+/z4+Pv8/Pz//Pz8//0FBQf9DQ0P/QkJC/0FBQf9BQUH/QUFB/0FBQf8/Pz//Pz8//z8/P/8/Pz//Pz8//z8/P/9AQED/QUFB/0JCQv9CQkL/QUFB/0BAQP9BQUH/QkJC/0JCQv9CQkL/QkJC/0FBQf9CQkL/RERE/0RERP9ERET/Q0ND/0RERP9ERET/QkJC/0FBQf9BQUH/QUFB/0BAQP9AQED/QEBA/0FBQf9AQED/QEBA/z8/P/8/Pz//Pz8//0FBQf9BQUH/QUFB/0FBQf9AQED/QEBA/0BAQP9AQED/QUFB/0JCQv9BQUH/QEBA/0FBQf9CQkL/QUFB/0BAQP9AQED/QEBA/0FBQf9CQkL/QkJC/0JCQv9CQkL/QkJC/0FBQf9AQED/Pj4+/z4+Pv8+Pj7/Pz8//0BAQP9AQED/QUFB/0FBQf9CQkL/QUFB/0BAQP9BQUH/QUFB/0JCQv9CQkL/Q0ND/0RERP9ERET/Q0ND/0JCQv9CQkL/QUFB/0FBQf9BQUH/QEBA/z8/P/8/Pz//QUFB/0FBQf9CQkL/Q0ND/0JCQv9CQkL/QUFB/0FBQf9BQUH/QEBA/0BAQP8/Pz//QEBA/0FBQf9AQED/QEBA/0FBQf9BQUH/QUFB/0FBQf9BQUH/QUFB/0BAQP9AQED/QEBA/z8/P/8+Pj7/Pj4+/z8/P/9AQED/QUFB/0FBQf9AQED/QEBA/z8/P/8/Pz//Pj4+/z8/P/9AQED/QEBA/0BAQP9AQED/QEBA/0BAQP8/Pz//Pz8//z8/P/9AQED/QUFB/0FBQf8/Pz//PT09/zw8PP88PDz/Ojo6/zg4OP82Njb/MjIy/zExMf8uLi7/LCws/yoqKv8qKir/LCws/y0tLf8vLy//MDAw/zAwMP80NDT/NDQ0/zMzM/8zMzP/MjIy/zIyMv8yMjL/MjIy/zMzM/8zMzP/MzMz/zMzM/8zMzP/NDQ0/zQ0NP80NDT/MzMz/zMzM/80NDT/NDQ0/zU1Nf81NTX/NTU1/zU1Nf81NTX/NTU1/zU1Nf81NTX/NTU1/zY2Nv82Njb/Nzc3/zc3N/82Njb/NTU1/zY2Nv82Njb/NTU1/zU1Nf82Njb/Nzc3/zc3N/82Njb/NTU1/zU1Nf81NTX/NTU1/zQ0NP80NDT/NDQ0/zQ0NP80NDT/NjY2/zY2Nv82Njb/NTU1/zY2Nv82Njb/Nzc3/zg4OP84ODj/Nzc3/zc3N/81NTX/NjY2/zc3N/82Njb/NTU1/zU1Nf81NTX/NjY2/zY2Nv83Nzf/Nzc3/zc3N/82Njb/NjY2/zY2Nv81NTX/NjY2/zY2Nv82Njb/NjY2/zY2Nv82Njb/NTU1/zU1Nf81NTX/NTU1/zY2Nv83Nzf/Nzc3/zc3N/82Njb/Nzc3/zc3N/83Nzf/ODg4/zg4OP84ODj/ODg4/zc3N/84ODj/OTk5/zk5Of85OTn/OTk5/zo6Ov86Ojr/OTk5/zk5Of84ODj/ODg4/zg4OP84ODj/ODg4/zg4OP84ODj/ODg4/zg4OP83Nzf/Nzc3/zc3N/83Nzf/Nzc3/zc3N/84ODj/ODg4/zg4OP84ODj/ODg4/zk5Of85OTn/OTk5/zg4OP83Nzf/ODg4/zg4OP84ODj/Nzc3/zc3N/83Nzf/ODg4/zo6Ov87Ozv/Ozs7/zs7O/87Ozv/Ozs7/zo6Ov85OTn/Ojo6/zs7O/87Ozv/Ozs7/zs7O/86Ojr/OTk5/zg4OP85OTn/Ozs7/zw8PP89PT3/PDw8/zs7O/86Ojr/Ozs7/zs7O/88PDz/PDw8/z09Pf89PT3/Pj4+/z4+Pv8+Pj7/Pj4+/z09Pf89PT3/PDw8/zw8PP87Ozv/Ozs7/zs7O/88PDz/PT09/z09Pf89PT3/PT09/z09Pf89PT3/PT09/z4+Pv8/Pz//Pj4+/z09Pf89PT3/Pj4+/z4+Pv8/Pz//Pz8//z4+Pv89PT3/PT09/z09Pf88PDz/Ozs7/zw8PP88PDz/PT09/z4+Pv89PT3/PT09/z4+Pv8/Pz//Pz8//z4+Pv89PT3/Ozs7/zs7O/87Ozv/Ozs7/zs7O/88PDz/PDw8/z09Pf8+Pj7/Pj4+/z4+Pv8/Pz//QEBA/0FBQf9BQUH/QEBA/0BAQP9AQED/QEBA/z8/P/8/Pz//QEBA/0BAQP9AQED/QEBA/0BAQP9AQED/QEBA/z8/P/9AQED/QEBA/0FBQf9BQUH/QUFB/0BAQP9AQED/Pj4+/z09Pf88PDz/PDw8/zw8PP89PT3/Pj4+/z4+Pv8/Pz//QEBA/z8/P/8/Pz//PT09/zs7O/88PDz/PT09/z09Pf8+Pj7/Pj4+/z4+Pv89PT3/PDw8/zw8PP88PDz/PT09/z09Pf89PT3/PT09/z09Pf8+Pj7/Pz8//z4+Pv8+Pj7/Pz8//0FBQf9BQUH/QEBA/0BAQP8/Pz//Pz8//0BAQP9AQED/QkJC/0JCQv9AQED/Pz8//z8/P/9AQED/Pj4+/z09Pf88PDz/PDw8/zw8PP89PT3/PT09/z4+Pv89PT3/PDw8/zw8PP88PDz/PT09/z4+Pv8+Pj7/Pz8//z8/P/9AQED/QEBA/z8/P/8/Pz//Pj4+/z4+Pv89PT3/PDw8/zw8PP8+Pj7/Pj4+/z09Pf89PT3/Pj4+/z4+Pv8/Pz//QEBA/0BAQP9AQED/Pj4+/xYWFv8WFhb/FhYW/xcXF/8XFxf/FxcX/xYWFv8WFhb/FRUV/xUVFf8VFRX/FRUV/xUVFf8UFBT/FRUV/xUVFf8WFhb/FhYW/xYWFv8WFhb/FhYW/xYWFv8WFhb/FRUV/xUVFf8UFBT/FBQU/xMTE/8TExP/ExMT/xMTE/8TExP/ExMT/xMTE/8TExP/EhIS/xEREf8QEBD/Dw8P/xAQEP8QEBD/EhIS/xQUFP8YGBj/HR0d/x4eHv8fHx//Hx8f/x8fH/8fHx//Hh4e/x4eHv8dHR3/HBwc/xwcHP8bGxv/Gxsb/xoaGv8aGhr/Ghoa/xsbG/8bGxv/Gxsb/xwcHP8cHBz/HBwc/xwcHP8cHBz/HBwc/xwcHP8dHR3/Hx8f/yEhIf8mJib/KSkp/yUlJf8hISH/Hx8f/xwcHP8cHBz/Gxsb/xwcHP8cHBz/HR0d/x4eHv8eHh7/Hh4e/x4eHv8dHR3/HR0d/xwcHP8bGxv/Ghoa/xkZGf8YGBj/FxcX/xYWFv8WFhb/FhYW/xcXF/8ZGRn/HBwc/x8fH/8kJCT/Jycn/ysrK/8tLS3/Ly8v/zAwMP8yMjL/MzMz/zIyMv8xMTH/MzMz/zQ0NP8yMjL/MDAw/zExMf8yMjL/NDQ0/zc3N/81NTX/MTEx/zExMf8zMzP/MzMz/zIyMv8yMjL/MjIy/zIyMv80NDT/NjY2/zU1Nf8yMjL/MjIy/zExMf8yMjL/NDQ0/zExMf8sLCz/Kioq/ygoKP8nJyf/KCgo/ycnJ/8kJCT/IiIi/x8fH/8eHh7/Hh4e/x4eHv8dHR3/HBwc/xsbG/8aGhr/Ghoa/xoaGv8ZGRn/FxcX/xYWFv8UFBT/FBQU/xQUFP8UFBT/FRUV/xYWFv8WFhb/FhYW/xUVFf8UFBT/FBQU/xMTE/8SEhL/EhIS/xISEv8RERH/ERER/xEREf8RERH/EhIS/xISEv8RERH/ERER/xEREf8RERH/ERER/xEREf8QEBD/EBAQ/xAQEP8PDw//Dw8P/w4ODv8ODg7/Dg4O/w4ODv8PDw//Dw8P/w4ODv8ODg7/Dg4O/w4ODv8ODg7/Dg4O/w4ODv8ODg7/Dg4O/w4ODv8PDw//Dw8P/xAQEP8RERH/EhIS/xMTE/8UFBT/FhYW/xcXF/8ZGRn/Ghoa/xwcHP8cHBz/HBwc/xwcHP8aGhr/GRkZ/xcXF/8UFBT/ExMT/xAQEP8QEBD/Dw8P/w8PD/8PDw//Dw8P/w4ODv8ODg7/Dw8P/w8PD/8PDw//Dw8P/w8PD/8PDw//Dw8P/w8PD/8PDw//Dw8P/w8PD/8ODg7/Dg4O/w0NDf8ODg7/Dw8P/xAQEP8TExP/FRUV/xcXF/8aGhr/ISEh/ycnJ/8xMTH/Nzc3/zU1Nf8zMzP/MTEx/y8vL/8vLy//Ly8v/y8vL/8vLy//Ly8v/y8vL/8vLy//Ly8v/y8vL/8vLy//Li4u/y0tLf8tLS3/LS0t/y0tLf8uLi7/Ly8v/y8vL/8wMDD/MDAw/zAwMP8wMDD/MDAw/zAwMP8vLy//MDAw/zExMf8xMTH/MTEx/zExMf8xMTH/MTEx/zExMf8wMDD/MDAw/y8vL/8vLy//MDAw/zAwMP8xMTH/MTEx/zAwMP8xMTH/MTEx/zExMf8xMTH/MTEx/zIyMv8yMjL/MDAw/zAwMP8xMTH/MTEx/zIyMv8yMjL/MjIy/zIyMv8yMjL/MjIy/zIyMv8xMTH/MTEx/zIyMv8yMjL/MjIy/zMzM/80NDT/NDQ0/zQ0NP80NDT/MzMz/zMzM/80NDT/NjY2/zc3N/84ODj/OTk5/zo6Ov87Ozv/PDw8/zs7O/85OTn/OTk5/zo6Ov86Ojr/Ojo6/zs7O/88PDz/PT09/zs7O/86Ojr/Ozs7/zs7O/88PDz/PDw8/zw8PP87Ozv/Ojo6/zk5Of85OTn/Ojo6/zo6Ov87Ozv/Ozs7/zo6Ov85OTn/Ojo6/zs7O/85OTn/ODg4/zw8PP9AQED/SEhI/1FRUf9YWFj/YWFh/2RkZP9paWn/aGho/2VlZf9kZGT/Y2Nj/2RkZP9nZ2f/aWlp/29vb/9ycnL/bGxs/2hoaP9lZWX/Y2Nj/2RkZP9mZmb/ZmZm/2ZmZv9kZGT/YWFh/2JiYv9jY2P/Y2Nj/2JiYv9jY2P/ZmZm/2ZmZv9lZWX/ZGRk/2NjY/9iYmL/YWFh/2FhYf9gYGD/YGBg/19fX/9eXl7/X19f/2BgYP9eXl7/WVlZ/1hYWP9XV1f/V1dX/1hYWP9YWFj/Wlpa/1tbW/9ZWVn/WFhY/1dXV/9XV1f/V1dX/1dXV/9VVVX/U1NT/1NTU/9SUlL/U1NT/1ZWVv9VVVX/UlJS/0xMTP87Ozv/MTEx/yUlJf8dHR3/HR0d/x0dHf8iIiL/KCgo/yoqKv8sLCz/JiYm/x4eHv8bGxv/GBgY/xcXF/8WFhb/FhYW/xYWFv8WFhb/FRUV/xQUFP8UFBT/FBQU/xQUFP8UFBT/FBQU/xQUFP8UFBT/FBQU/xYWFv8YGBj/IiIi/zMzM/9bW1v/ra2t/8HBwf/CwsL/t7e3/4+Pj/96enr/dnZ2/3BwcP9WVlb/PT09/z09Pf89PT3/QkJC/0lJSf9ERET/PDw8/0BAQP9ISEj/U1NT/2hoaP9ubm7/cXFx/3Jycv9xcXH/b29v/2lpaf9jY2P/W1tb/1NTU/9RUVH/T09P/1JSUv9XV1f/Wlpa/15eXv9iYmL/aWlp/2RkZP9YWFj/Tk5O/zg4OP8uLi7/Jycn/yQkJP8oKCj/LCws/zY2Nv9BQUH/Ojo6/zExMf8xMTH/MDAw/zs7O/9NTU3/VVVV/2JiYv9kZGT/ZGRk/2VlZf9mZmb/Z2dn/2hoaP9oaGj/Y2Nj/2BgYP9dXV3/Wlpa/1tbW/9dXV3/W1tb/1lZWf9TU1P/SUlJ/0FBQf8zMzP/Ly8v/ysrK/8qKir/Kysr/ywsLP8yMjL/NDQ0/y8vL/8rKyv/LS0t/y8vL/82Njb/Pj4+/0NDQ/9JSUn/SkpK/0xMTP9KSkr/RkZG/0NDQ/8+Pj7/Ojo6/zU1Nf8yMjL/Li4u/y0tLf8wMDD/MzMz/zY2Nv86Ojr/LS0t/x4eHv8aGhr/ExMT/xMTE/8SEhL/FBQU/xgYGP8dHR3/KSkp/ykpKf8gICD/Gxsb/xUVFf8TExP/FxcX/xwcHP8uLi7/QUFB/0NDQ/9FRUX/QkJC/z4+Pv88PDz/OTk5/zk5Of86Ojr/Ojo6/zk5Of86Ojr/PDw8/z4+Pv9BQUH/QUFB/zg4OP8uLi7/JiYm/x4eHv8fHx//Hx8f/ygoKP81NTX/OTk5/z8/P/9AQED/QkJC/z4+Pv81NTX/Ly8v/yYmJv8iIiL/ISEh/yAgIP8hISH/IiIi/yUlJf8pKSn/Jycn/yUlJf8jIyP/ICAg/x4eHv8ZGRn/GBgY/xYWFv8WFhb/FhYW/xYWFv8VFRX/FRUV/xYWFv8WFhb/Ghoa/x0dHf8oKCj/NTU1/zc3N/85OTn/Ly8v/x8fH/8dHR3/Gxsb/x8fH/8pKSn/Ly8v/zk5Of8+Pj7/RERE/0dHR/9HR0f/SEhI/0hISP87Ozv/PDw8/z4+Pv89PT3/PDw8/zw8PP88PDz/PDw8/z09Pf89PT3/PDw8/zw8PP8+Pj7/Pj4+/z8/P/8/Pz//Pj4+/z09Pf89PT3/PDw8/zw8PP88PDz/PDw8/z09Pf89PT3/Pj4+/z8/P/9AQED/Pz8//z4+Pv8+Pj7/QEBA/0BAQP8/Pz//Pz8//z4+Pv89PT3/Pj4+/z8/P/8/Pz//QEBA/0BAQP9AQED/QEBA/z8/P/8/Pz//Pz8//z8/P/8+Pj7/Pj4+/z09Pf89PT3/Pj4+/z8/P/9BQUH/QkJC/0FBQf9AQED/QEBA/0FBQf9BQUH/QUFB/0FBQf9BQUH/QEBA/z8/P/9AQED/QUFB/0JCQv9BQUH/QUFB/0BAQP8/Pz//Pj4+/z4+Pv9AQED/QkJC/0JCQv9CQkL/QEBA/zw8PP88PDz/PDw8/z09Pf9AQED/QEBA/z8/P/8/Pz//Pj4+/z4+Pv8+Pj7/Pj4+/z8/P/8/Pz//Pz8//z4+Pv8+Pj7/Pj4+/z4+Pv8/Pz//QEBA/0NDQ/9DQ0P/QkJC/0JCQv9AQED/QEBA/z8/P/8/Pz//QEBA/0FBQf9CQkL/Q0ND/0NDQ/9DQ0P/QkJC/0FBQf9AQED/Pj4+/z8/P/9BQUH/QUFB/0JCQv9CQkL/QkJC/0JCQv9DQ0P/RERE/0VFRf9FRUX/RUVF/0VFRf9FRUX/RERE/0NDQ/9CQkL/QUFB/0BAQP9AQED/Pz8//z8/P/8/Pz//QEBA/0FBQf9CQkL/QkJC/0JCQv9DQ0P/Q0ND/0JCQv9BQUH/QUFB/0JCQv9BQUH/QEBA/0FBQf9DQ0P/QkJC/0FBQf9BQUH/QUFB/0FBQf9AQED/QEBA/z8/P/8/Pz//Pj4+/z4+Pv8+Pj7/PT09/z4+Pv8/Pz//QUFB/0NDQ/9CQkL/QUFB/0FBQf9CQkL/QUFB/0BAQP8/Pz//Pz8//z8/P/8/Pz//Pz8//0BAQP9BQUH/QkJC/0JCQv9CQkL/QUFB/0JCQv9DQ0P/Q0ND/0RERP9DQ0P/QEBA/0FBQf9DQ0P/RERE/0RERP9ERET/RUVF/0ZGRv9ERET/QkJC/0JCQv9BQUH/QEBA/z8/P/8/Pz//QEBA/0BAQP9AQED/Pz8//z4+Pv8/Pz//QUFB/0JCQv9BQUH/QUFB/0BAQP9AQED/QEBA/0BAQP9CQkL/Q0ND/0JCQv9BQUH/QUFB/0JCQv9BQUH/QEBA/0BAQP9AQED/QUFB/0NDQ/9ERET/RERE/0RERP9DQ0P/Q0ND/0FBQf8/Pz//QEBA/0BAQP9AQED/QUFB/0FBQf9CQkL/QkJC/0JCQv9BQUH/Pz8//0BAQP9BQUH/QUFB/0JCQv9CQkL/Q0ND/0RERP9DQ0P/Q0ND/0FBQf8/Pz//QEBA/0FBQf9AQED/Pj4+/z8/P/9AQED/QUFB/0JCQv9CQkL/QUFB/0FBQf9BQUH/QUFB/0FBQf9BQUH/QEBA/0BAQP9BQUH/Q0ND/0JCQv9BQUH/QUFB/0BAQP9AQED/QUFB/0FBQf9BQUH/QUFB/0BAQP8/Pz//Pj4+/z09Pf8+Pj7/Pj4+/z8/P/9AQED/QEBA/z8/P/8/Pz//Pj4+/z4+Pv8+Pj7/Pz8//0BAQP9BQUH/QkJC/0JCQv9DQ0P/QkJC/0FBQf9AQED/QUFB/0FBQf9CQkL/Q0ND/0FBQf8+Pj7/Pj4+/z09Pf89PT3/PDw8/zs7O/85OTn/ODg4/zY2Nv80NDT/MjIy/zIyMv8zMzP/NDQ0/zY2Nv83Nzf/Nzc3/zQ0NP80NDT/MzMz/zMzM/8yMjL/MjIy/zIyMv8yMjL/MzMz/zMzM/8zMzP/MzMz/zQ0NP80NDT/NDQ0/zQ0NP8zMzP/MzMz/zQ0NP80NDT/NDQ0/zU1Nf81NTX/NTU1/zU1Nf81NTX/NTU1/zU1Nf81NTX/NTU1/zU1Nf82Njb/NjY2/zU1Nf80NDT/NTU1/zY2Nv81NTX/NTU1/zU1Nf81NTX/NTU1/zQ0NP80NDT/NDQ0/zQ0NP80NDT/NDQ0/zMzM/8zMzP/MzMz/zMzM/81NTX/NjY2/zU1Nf80NDT/NTU1/zY2Nv83Nzf/OTk5/zk5Of84ODj/Nzc3/zQ0NP81NTX/NjY2/zY2Nv80NDT/NDQ0/zY2Nv82Njb/Nzc3/zc3N/83Nzf/Nzc3/zc3N/82Njb/NjY2/zU1Nf81NTX/NjY2/zY2Nv83Nzf/Nzc3/zY2Nv82Njb/NTU1/zU1Nf82Njb/NjY2/zc3N/83Nzf/Nzc3/zc3N/83Nzf/Nzc3/zc3N/84ODj/ODg4/zg4OP84ODj/ODg4/zg4OP84ODj/ODg4/zg4OP84ODj/OTk5/zk5Of85OTn/OTk5/zg4OP84ODj/Nzc3/zY2Nv82Njb/Nzc3/zc3N/84ODj/ODg4/zc3N/83Nzf/NjY2/zY2Nv81NTX/NTU1/zc3N/83Nzf/ODg4/zk5Of85OTn/OTk5/zk5Of84ODj/ODg4/zc3N/83Nzf/ODg4/zg4OP83Nzf/Nzc3/zc3N/84ODj/Ojo6/zs7O/86Ojr/Ojo6/zk5Of84ODj/OTk5/zk5Of86Ojr/Ozs7/zw8PP89PT3/PDw8/zo6Ov85OTn/Nzc3/zg4OP87Ozv/PDw8/z4+Pv89PT3/Ozs7/zo6Ov87Ozv/PDw8/z09Pf89PT3/PT09/z4+Pv8+Pj7/Pj4+/z4+Pv89PT3/PT09/zw8PP88PDz/Ozs7/zs7O/86Ojr/Ozs7/zw8PP89PT3/PT09/z09Pf89PT3/PT09/z09Pf89PT3/Pj4+/z8/P/8/Pz//Pj4+/z4+Pv8+Pj7/Pz8//0BAQP9AQED/Pj4+/z09Pf89PT3/PT09/zw8PP87Ozv/PDw8/z09Pf89PT3/Pj4+/z4+Pv89PT3/Pj4+/0FBQf9AQED/Pj4+/z09Pf88PDz/Ozs7/zo6Ov86Ojr/Ozs7/zw8PP89PT3/PT09/z4+Pv8+Pj7/Pj4+/z8/P/9AQED/QkJC/0FBQf9AQED/QEBA/z8/P/8/Pz//QEBA/0BAQP9AQED/QEBA/0BAQP9AQED/Pz8//z8/P/8/Pz//Pj4+/z8/P/9AQED/QUFB/0JCQv9CQkL/QUFB/0BAQP8/Pz//Pz8//z09Pf89PT3/PT09/z09Pf8+Pj7/Pj4+/z8/P/8/Pz//Pz8//z8/P/89PT3/Ozs7/zs7O/88PDz/PT09/z4+Pv8+Pj7/Pj4+/z09Pf88PDz/Ozs7/zs7O/87Ozv/PDw8/zw8PP88PDz/PDw8/z09Pf8+Pj7/Pj4+/z09Pf8/Pz//QUFB/0FBQf9AQED/QEBA/z8/P/8/Pz//QEBA/0BAQP9BQUH/QUFB/0BAQP8/Pz//QEBA/0FBQf8/Pz//PDw8/zw8PP88PDz/PDw8/z09Pf89PT3/Pj4+/z09Pf87Ozv/Ozs7/z09Pf89PT3/Pj4+/z8/P/9AQED/QEBA/0BAQP9AQED/Pz8//z8/P/8/Pz//Pz8//z4+Pv87Ozv/PDw8/z09Pf89PT3/PT09/z09Pf89PT3/PT09/z4+Pv8/Pz//Pz8//z8/P/89PT3/FhYW/xYWFv8XFxf/FxcX/xgYGP8YGBj/FxcX/xYWFv8VFRX/FRUV/xUVFf8VFRX/FBQU/xQUFP8VFRX/FRUV/xYWFv8WFhb/FhYW/xYWFv8WFhb/FhYW/xYWFv8VFRX/FRUV/xQUFP8UFBT/ExMT/xMTE/8SEhL/EhIS/xMTE/8TExP/ExMT/xMTE/8SEhL/ERER/xAQEP8PDw//Dw8P/xAQEP8SEhL/FBQU/xcXF/8dHR3/HR0d/x4eHv8eHh7/Hx8f/x8fH/8eHh7/Hh4e/x0dHf8cHBz/Gxsb/xsbG/8bGxv/Ghoa/xoaGv8aGhr/Ghoa/xsbG/8bGxv/HBwc/xwcHP8cHBz/HBwc/x0dHf8dHR3/Gxsb/xwcHP8eHh7/ICAg/yYmJv8sLCz/Jycn/yMjI/8gICD/HBwc/xsbG/8aGhr/Gxsb/xwcHP8dHR3/Hh4e/x4eHv8eHh7/Hh4e/x0dHf8dHR3/HBwc/xwcHP8bGxv/Ghoa/xkZGf8XFxf/FxcX/xYWFv8WFhb/FhYW/xcXF/8YGBj/Ghoa/yAgIP8iIiL/Jycn/ykpKf8sLCz/Li4u/zExMf8yMjL/MTEx/zExMf8zMzP/NjY2/zMzM/8vLy//MTEx/zU1Nf83Nzf/Ozs7/zg4OP8xMTH/MTEx/zU1Nf82Njb/NTU1/zQ0NP8zMzP/MjIy/zU1Nf84ODj/NTU1/zIyMv8xMTH/MTEx/zIyMv80NDT/MDAw/ysrK/8oKCj/JSUl/yQkJP8kJCT/IyMj/yIiIv8gICD/Hh4e/x0dHf8dHR3/Hh4e/xwcHP8aGhr/Ghoa/xoaGv8aGhr/GRkZ/xgYGP8WFhb/FRUV/xMTE/8TExP/FBQU/xQUFP8VFRX/FhYW/xYWFv8WFhb/FRUV/xQUFP8TExP/EhIS/xISEv8RERH/ERER/xEREf8RERH/ERER/xEREf8SEhL/EhIS/xISEv8SEhL/ERER/xEREf8RERH/ERER/xAQEP8QEBD/EBAQ/w8PD/8PDw//Dg4O/w4ODv8ODg7/Dg4O/w8PD/8PDw//Dg4O/w4ODv8ODg7/Dg4O/w4ODv8ODg7/Dg4O/w4ODv8ODg7/Dg4O/w4ODv8PDw//Dw8P/xAQEP8QEBD/ERER/xEREf8QEBD/EBAQ/xAQEP8QEBD/ERER/xEREf8SEhL/EhIS/xEREf8RERH/EBAQ/xAQEP8PDw//Dg4O/w4ODv8ODg7/Dg4O/w4ODv8ODg7/Dg4O/w4ODv8PDw//Dw8P/w8PD/8PDw//Dw8P/w8PD/8PDw//Dw8P/w8PD/8PDw//Dw8P/w4ODv8ODg7/DQ0N/w4ODv8QEBD/EhIS/xQUFP8WFhb/GBgY/xwcHP8kJCT/Kioq/zMzM/84ODj/NTU1/zMzM/8xMTH/MDAw/zAwMP8vLy//Ly8v/y8vL/8vLy//Ly8v/y8vL/8vLy//Ly8v/y4uLv8uLi7/LS0t/y0tLf8tLS3/LS0t/y4uLv8vLy//Ly8v/zAwMP8wMDD/Ly8v/y8vL/8vLy//Ly8v/y8vL/8vLy//MDAw/zAwMP8xMTH/MTEx/zAwMP8wMDD/MDAw/zAwMP8vLy//Ly8v/y8vL/8wMDD/MDAw/zAwMP8wMDD/Ly8v/zAwMP8xMTH/MTEx/zAwMP8wMDD/MTEx/zExMf8vLy//Li4u/y8vL/8wMDD/MTEx/zIyMv8yMjL/MjIy/zIyMv8yMjL/MjIy/zExMf8xMTH/MjIy/zIyMv8zMzP/MzMz/zQ0NP80NDT/NDQ0/zQ0NP80NDT/NDQ0/zQ0NP87Ozv/Ozs7/zw8PP87Ozv/Ojo6/zs7O/87Ozv/Ozs7/zs7O/88PDz/PT09/z09Pf89PT3/PT09/z09Pf89PT3/PDw8/zw8PP88PDz/PDw8/zw8PP89PT3/PT09/z4+Pv8+Pj7/Pj4+/z09Pf87Ozv/PDw8/zw8PP89PT3/PT09/z09Pf88PDz/PDw8/zw8PP88PDz/PT09/z8/P/9ERET/SkpK/09PT/9XV1f/W1tb/2BgYP9hYWH/YGBg/19fX/9dXV3/Xl5e/2NjY/9mZmb/bGxs/29vb/9qamr/Z2dn/2RkZP9hYWH/Y2Nj/2VlZf9lZWX/ZGRk/2NjY/9hYWH/YWFh/2JiYv9iYmL/YWFh/2FhYf9hYWH/YmJi/2BgYP9fX1//Xl5e/11dXf9bW1v/WVlZ/1lZWf9YWFj/WFhY/1hYWP9aWlr/XV1d/11dXf9aWlr/WVlZ/1ZWVv9VVVX/VVVV/1ZWVv9bW1v/XV1d/1paWv9YWFj/VlZW/1VVVf9UVFT/VFRU/1JSUv9QUFD/UFBQ/09PT/9PT0//UVFR/09PT/9KSkr/RERE/zY2Nv8tLS3/IyMj/x0dHf8eHh7/Hx8f/yQkJP8qKir/MjIy/zw8PP8zMzP/JSUl/yEhIf8aGhr/GBgY/xYWFv8WFhb/FhYW/xYWFv8VFRX/FRUV/xQUFP8UFBT/FBQU/xQUFP8UFBT/FRUV/xUVFf8VFRX/FhYW/xcXF/8cHBz/JSUl/zw8PP9tbW3/jIyM/8PDw//Q0ND/v7+//62trf9+fn7/Wlpa/0ZGRv8yMjL/Nzc3/zw8PP9DQ0P/TU1N/0VFRf84ODj/OTk5/z09Pf9FRUX/VVVV/15eXv9qamr/b29v/21tbf9sbGz/a2tr/2lpaf9nZ2f/ZGRk/2NjY/9iYmL/YWFh/19fX/9eXl7/XV1d/19fX/9hYWH/WVlZ/0ZGRv87Ozv/LCws/yUlJf8gICD/Hh4e/yQkJP8pKSn/NjY2/0JCQv86Ojr/MDAw/zExMf8yMjL/NTU1/zk5Of9DQ0P/VVVV/1tbW/9hYWH/YmJi/2FhYf9hYWH/YGBg/2BgYP9eXl7/XFxc/1tbW/9ZWVn/WVlZ/1lZWf9WVlb/UVFR/0tLS/9CQkL/Ojo6/ysrK/8nJyf/IyMj/yIiIv8kJCT/Jycn/y8vL/8yMjL/LCws/ygoKP8nJyf/JiYm/y0tLf81NTX/PT09/0dHR/9LS0v/UVFR/09PT/9JSUn/R0dH/0NDQ/9AQED/PT09/zs7O/84ODj/Nzc3/zg4OP86Ojr/Ozs7/z09Pf8vLy//Hx8f/xoaGv8TExP/EhIS/xEREf8UFBT/GBgY/x0dHf8pKSn/KSkp/yAgIP8bGxv/FhYW/xMTE/8XFxf/Gxsb/yoqKv87Ozv/Pz8//0RERP9DQ0P/QUFB/z8/P/87Ozv/Ojo6/zs7O/87Ozv/Ojo6/zs7O/8/Pz//QUFB/0BAQP8+Pj7/MTEx/yUlJf8gICD/Gxsb/yEhIf8nJyf/Pj4+/2BgYP9aWlr/SkpK/0ZGRv9BQUH/PDw8/zQ0NP8uLi7/JSUl/yEhIf8gICD/ICAg/yAgIP8hISH/IyMj/yYmJv8lJSX/JCQk/yEhIf8dHR3/Ghoa/xYWFv8VFRX/FBQU/xQUFP8TExP/ExMT/xMTE/8TExP/ExMT/xQUFP8XFxf/Gxsb/yYmJv8zMzP/NDQ0/zU1Nf8rKyv/HBwc/xoaGv8YGBj/Gxsb/yQkJP8qKir/NjY2/zs7O/89PT3/Pz8//0BAQP9CQkL/QkJC/zw8PP89PT3/PT09/z09Pf88PDz/PT09/z4+Pv8+Pj7/Pj4+/z4+Pv8+Pj7/Pj4+/z09Pf89PT3/Pj4+/z4+Pv8+Pj7/Pj4+/z4+Pv8+Pj7/Pj4+/z4+Pv8/Pz//Pz8//z8/P/9AQED/QEBA/0BAQP8/Pz//Pj4+/z4+Pv9AQED/QEBA/z8/P/8+Pj7/Pj4+/z4+Pv8+Pj7/Pj4+/z8/P/8/Pz//QUFB/0JCQv9CQkL/QUFB/0BAQP9AQED/Pz8//z8/P/8/Pz//Pj4+/z4+Pv8+Pj7/Pz8//0BAQP9AQED/QEBA/z8/P/8/Pz//Pz8//0BAQP9AQED/QEBA/0BAQP8/Pz//Pz8//z8/P/8/Pz//Pz8//z8/P/8+Pj7/Pj4+/z4+Pv8/Pz//QEBA/0FBQf9BQUH/QUFB/0BAQP8/Pz//Pj4+/z4+Pv89PT3/Pj4+/z8/P/8/Pz//Pz8//z8/P/8/Pz//Pz8//z8/P/8/Pz//Pz8//0BAQP8/Pz//Pz8//z8/P/9AQED/Pz8//z8/P/9AQED/Q0ND/0NDQ/9DQ0P/QkJC/0BAQP9AQED/QEBA/0BAQP9BQUH/QkJC/0JCQv9DQ0P/Q0ND/0NDQ/9DQ0P/Q0ND/0NDQ/9CQkL/QkJC/0FBQf9AQED/Pz8//z8/P/9AQED/QUFB/0FBQf9CQkL/QkJC/0JCQv9DQ0P/RERE/0RERP9FRUX/RERE/0NDQ/9CQkL/QkJC/0JCQv9BQUH/QUFB/0BAQP9AQED/QEBA/0BAQP9BQUH/QUFB/0FBQf9BQUH/QUFB/0FBQf9CQkL/Q0ND/0JCQv9CQkL/QkJC/0NDQ/9DQ0P/Q0ND/0JCQv9AQED/Pz8//0BAQP9AQED/QUFB/0FBQf9AQED/QEBA/z8/P/8/Pz//Pz8//0BAQP9BQUH/QkJC/0JCQv9BQUH/QUFB/0JCQv9CQkL/QUFB/0FBQf9CQkL/QkJC/0NDQ/9ERET/Q0ND/0NDQ/9DQ0P/QkJC/0JCQv9CQkL/QkJC/0FBQf9BQUH/QEBA/z8/P/8+Pj7/Pz8//0BAQP9BQUH/QUFB/0JCQv9DQ0P/RERE/0NDQ/9DQ0P/QkJC/0JCQv9BQUH/QUFB/0FBQf9BQUH/QEBA/z8/P/8/Pz//Pz8//0BAQP9DQ0P/RERE/0NDQ/9DQ0P/QkJC/0JCQv9CQkL/QkJC/0NDQ/9ERET/Q0ND/0JCQv9CQkL/QkJC/0JCQv9BQUH/QEBA/z8/P/9AQED/QUFB/0FBQf9BQUH/QUFB/0FBQf9BQUH/QEBA/0BAQP9AQED/QEBA/0BAQP9AQED/QUFB/0JCQv9BQUH/QEBA/0FBQf9BQUH/QUFB/0JCQv9BQUH/QUFB/0FBQf9CQkL/Q0ND/0NDQ/9ERET/QkJC/0FBQf9AQED/QEBA/0BAQP8/Pz//Pz8//0BAQP9AQED/QUFB/0FBQf9BQUH/QUFB/0FBQf9AQED/QUFB/0FBQf9BQUH/QkJC/0JCQv9BQUH/QUFB/0JCQv9CQkL/QkJC/0JCQv9DQ0P/QkJC/0JCQv9BQUH/QEBA/0BAQP8/Pz//Pz8//z8/P/9AQED/QEBA/0FBQf9AQED/Pj4+/z4+Pv8/Pz//Pz8//0BAQP9AQED/QUFB/0FBQf9CQkL/QkJC/0JCQv9CQkL/QUFB/0FBQf9CQkL/Q0ND/0JCQv9BQUH/QUFB/0BAQP8/Pz//Pj4+/z09Pf88PDz/Ozs7/zk5Of85OTn/OTk5/zg4OP84ODj/ODg4/zk5Of85OTn/Ojo6/zo6Ov87Ozv/MzMz/zMzM/80NDT/MzMz/zMzM/8zMzP/MzMz/zMzM/8zMzP/MzMz/zMzM/80NDT/NDQ0/zQ0NP8zMzP/MzMz/zQ0NP80NDT/NDQ0/zU1Nf80NDT/NDQ0/zQ0NP80NDT/NDQ0/zQ0NP81NTX/NTU1/zU1Nf81NTX/NTU1/zU1Nf81NTX/NTU1/zU1Nf81NTX/NTU1/zU1Nf81NTX/NTU1/zU1Nf82Njb/NjY2/zY2Nv81NTX/NTU1/zY2Nv82Njb/NjY2/zY2Nv81NTX/NTU1/zU1Nf82Njb/NjY2/zY2Nv82Njb/Nzc3/zc3N/83Nzf/Nzc3/zY2Nv82Njb/NTU1/zY2Nv82Njb/NjY2/zY2Nv82Njb/Nzc3/zc3N/83Nzf/Nzc3/zc3N/83Nzf/Nzc3/zc3N/82Njb/NjY2/zY2Nv82Njb/NjY2/zY2Nv82Njb/NjY2/zY2Nv83Nzf/Nzc3/zc3N/84ODj/ODg4/zg4OP84ODj/ODg4/zg4OP85OTn/OTk5/zk5Of84ODj/Nzc3/zc3N/83Nzf/Nzc3/zc3N/83Nzf/Nzc3/zc3N/83Nzf/Nzc3/zc3N/83Nzf/Nzc3/zc3N/83Nzf/Nzc3/zc3N/84ODj/ODg4/zc3N/83Nzf/Nzc3/zY2Nv83Nzf/Nzc3/zc3N/83Nzf/OTk5/zo6Ov85OTn/ODg4/zg4OP84ODj/ODg4/zk5Of85OTn/OTk5/zk5Of85OTn/OTk5/zk5Of86Ojr/Ojo6/zs7O/87Ozv/Ozs7/zs7O/86Ojr/OTk5/zg4OP84ODj/OTk5/zs7O/89PT3/PDw8/zs7O/87Ozv/Ozs7/zo6Ov85OTn/Ojo6/zs7O/88PDz/PDw8/zw8PP86Ojr/Ojo6/zs7O/88PDz/PDw8/zw8PP88PDz/PT09/z09Pf88PDz/PDw8/zw8PP88PDz/PDw8/zw8PP89PT3/PDw8/zs7O/88PDz/PT09/z09Pf89PT3/PT09/z09Pf8+Pj7/Pz8//z8/P/8/Pz//Pj4+/z09Pf89PT3/PT09/zw8PP89PT3/Pj4+/z4+Pv89PT3/PDw8/zw8PP88PDz/PT09/z09Pf89PT3/PT09/z4+Pv8/Pz//Pz8//z8/P/8/Pz//Pz8//z8/P/8/Pz//Pz8//z4+Pv89PT3/PT09/z09Pf8+Pj7/Pj4+/z8/P/8/Pz//Pz8//z8/P/8/Pz//Pj4+/z8/P/8/Pz//Pz8//z4+Pv8/Pz//Pz8//0BAQP9AQED/QEBA/z8/P/8+Pj7/Pz8//z8/P/8/Pz//Pz8//z8/P/8/Pz//Pz8//z8/P/9AQED/QUFB/0FBQf9CQkL/QUFB/z8/P/8/Pz//Pz8//z8/P/8/Pz//QEBA/0BAQP9BQUH/QEBA/0BAQP9AQED/QUFB/0BAQP8+Pj7/Pj4+/z4+Pv8/Pz//Pz8//z8/P/8/Pz//Pj4+/z09Pf89PT3/PT09/z09Pf8+Pj7/Pz8//z8/P/8/Pz//Pz8//z4+Pv8+Pj7/PT09/z8/P/9BQUH/QUFB/0FBQf9AQED/QEBA/0BAQP9AQED/QUFB/0FBQf9BQUH/QEBA/0BAQP9BQUH/QUFB/0BAQP8/Pz//Pj4+/z4+Pv89PT3/PDw8/z09Pf89PT3/PDw8/zo6Ov86Ojr/Ozs7/zw8PP89PT3/Pj4+/z4+Pv8+Pj7/Pj4+/z4+Pv8/Pz//QEBA/0BAQP9AQED/Pz8//zw8PP88PDz/PT09/z09Pf89PT3/PT09/z09Pf89PT3/Pj4+/z4+Pv89PT3/PT09/z09Pf8WFhb/FhYW/xYWFv8XFxf/FxcX/xcXF/8WFhb/FhYW/xYWFv8WFhb/FhYW/xUVFf8VFRX/FRUV/xYWFv8WFhb/FhYW/xUVFf8VFRX/FRUV/xUVFf8VFRX/FRUV/xUVFf8VFRX/FBQU/xQUFP8TExP/ExMT/xMTE/8TExP/ExMT/xMTE/8SEhL/EhIS/xEREf8RERH/EBAQ/xAQEP8QEBD/ERER/xISEv8UFBT/GBgY/x4eHv8fHx//ICAg/yAgIP8gICD/Hx8f/x4eHv8eHh7/HR0d/xwcHP8cHBz/Gxsb/xsbG/8bGxv/Gxsb/xwcHP8cHBz/HR0d/x0dHf8dHR3/HBwc/xwcHP8cHBz/HBwc/xwcHP8cHBz/HBwc/x4eHv8fHx//IyMj/yYmJv8mJib/JiYm/yMjI/8eHh7/HR0d/xoaGv8aGhr/Gxsb/xwcHP8dHR3/Hh4e/yAgIP8gICD/ICAg/yAgIP8fHx//Hh4e/x0dHf8cHBz/Ghoa/xgYGP8XFxf/FxcX/xYWFv8WFhb/FhYW/xcXF/8YGBj/Gxsb/x4eHv8iIiL/JiYm/ysrK/8uLi7/Li4u/y4uLv8tLS3/LCws/y0tLf8uLi7/LS0t/ysrK/8uLi7/MzMz/zQ0NP81NTX/NDQ0/y8vL/8vLy//MTEx/zExMf8vLy//LS0t/ywsLP8sLCz/Li4u/zExMf8wMDD/MDAw/y8vL/8sLCz/LCws/ysrK/8pKSn/JSUl/yMjI/8hISH/ICAg/yAgIP8fHx//Hh4e/x0dHf8cHBz/Gxsb/xsbG/8bGxv/Gxsb/xsbG/8aGhr/GRkZ/xkZGf8YGBj/FxcX/xUVFf8VFRX/FBQU/xQUFP8UFBT/FBQU/xUVFf8VFRX/FRUV/xQUFP8TExP/EhIS/xISEv8RERH/ERER/xAQEP8RERH/ERER/xEREf8RERH/ERER/xEREf8RERH/ERER/xEREf8RERH/EBAQ/xAQEP8QEBD/ERER/xEREf8QEBD/EBAQ/w8PD/8PDw//Dg4O/w4ODv8ODg7/Dg4O/w4ODv8ODg7/Dg4O/w4ODv8ODg7/Dg4O/w8PD/8PDw//Dw8P/w4ODv8ODg7/Dg4O/w4ODv8PDw//Dw8P/xAQEP8QEBD/EBAQ/xAQEP8QEBD/EBAQ/xAQEP8QEBD/EBAQ/xAQEP8QEBD/EBAQ/xAQEP8QEBD/Dw8P/w8PD/8PDw//Dw8P/w8PD/8PDw//Dw8P/w8PD/8PDw//Dw8P/w8PD/8PDw//Dw8P/w4ODv8ODg7/Dg4O/w4ODv8ODg7/Dg4O/w4ODv8ODg7/Dg4O/w4ODv8ODg7/EBAQ/xMTE/8UFBT/FxcX/xgYGP8bGxv/Hx8f/yoqKv8xMTH/NTU1/zg4OP81NTX/MjIy/zExMf8vLy//Ly8v/y4uLv8uLi7/Li4u/y8vL/8vLy//Ly8v/y8vL/8vLy//Ly8v/y4uLv8uLi7/Li4u/y4uLv8uLi7/Li4u/y4uLv8vLy//Ly8v/y8vL/8vLy//Ly8v/y8vL/8vLy//MDAw/zAwMP8xMTH/MTEx/zExMf8xMTH/MDAw/zAwMP8wMDD/MDAw/zAwMP8vLy//Ly8v/zAwMP8wMDD/MTEx/zExMf8xMTH/MTEx/zAwMP8wMDD/MTEx/zExMf8xMTH/MTEx/zAwMP8vLy//MDAw/zExMf8yMjL/MjIy/zIyMv8yMjL/MjIy/zExMf8xMTH/MjIy/zIyMv8yMjL/MzMz/zMzM/8zMzP/MzMz/zMzM/8zMzP/MzMz/zMzM/8zMzP/MzMz/z4+Pv8+Pj7/Pz8//z09Pf86Ojr/Ojo6/zs7O/88PDz/PT09/z4+Pv8/Pz//Pz8//z8/P/8/Pz//Pj4+/z4+Pv89PT3/PT09/z09Pf89PT3/PT09/z09Pf8+Pj7/QEBA/0FBQf9CQkL/QEBA/z09Pf89PT3/Pj4+/z4+Pv9AQED/QEBA/z4+Pv89PT3/Pj4+/z8/P/8+Pj7/Pj4+/0FBQf9FRUX/SUlJ/09PT/9TU1P/WVlZ/1tbW/9dXV3/W1tb/1hYWP9ZWVn/X19f/2NjY/9paWn/bGxs/2lpaf9mZmb/YmJi/19fX/9iYmL/ZWVl/2RkZP9jY2P/YmJi/2BgYP9gYGD/YmJi/2FhYf9fX1//X19f/15eXv9eXl7/XV1d/1xcXP9bW1v/Wlpa/1ZWVv9TU1P/UlJS/1JSUv9SUlL/U1NT/1ZWVv9bW1v/XFxc/1tbW/9ZWVn/VFRU/1NTU/9TU1P/VFRU/1tbW/9eXl7/W1tb/1hYWP9VVVX/U1NT/1JSUv9RUVH/UFBQ/05OTv9NTU3/TExM/0xMTP9NTU3/SkpK/0RERP8+Pj7/MjIy/yoqKv8iIiL/HR0d/x8fH/8hISH/JiYm/ysrK/84ODj/SEhI/z09Pf8rKyv/JSUl/xwcHP8aGhr/FxcX/xYWFv8WFhb/FhYW/xUVFf8VFRX/FBQU/xQUFP8UFBT/FBQU/xQUFP8VFRX/FRUV/xUVFf8WFhb/FxcX/xgYGP8aGhr/JCQk/zs7O/9kZGT/wsLC/+Pj4//k5OT/09PT/4ODg/9KSkr/OTk5/ykpKf8yMjL/PDw8/0VFRf9QUFD/RkZG/zU1Nf80NDT/NTU1/zo6Ov9GRkb/UVFR/2VlZf9sbGz/aWlp/2lpaf9sbGz/bm5u/3BwcP9ycnL/cnJy/3Fxcf9sbGz/ZGRk/2FhYf9dXV3/XFxc/1tbW/9QUFD/Nzc3/y0tLf8iIiL/HR0d/xoaGv8aGhr/ISEh/ycnJ/81NTX/Q0ND/zo6Ov8vLy//MTEx/zQ0NP8wMDD/KSkp/zQ0NP9MTEz/VFRU/15eXv9gYGD/XV1d/1xcXP9bW1v/Wlpa/1paWv9aWlr/WVlZ/1lZWf9YWFj/VlZW/1FRUf9LS0v/RkZG/z09Pf80NDT/JSUl/yAgIP8cHBz/HBwc/x8fH/8jIyP/LCws/zExMf8qKir/JSUl/yIiIv8gICD/JiYm/y4uLv84ODj/RkZG/0xMTP9UVFT/UlJS/0xMTP9KSkr/R0dH/0VFRf9DQ0P/QUFB/z8/P/8+Pj7/Pz8//z8/P/8/Pz//Pz8//zExMf8fHx//Ghoa/xISEv8SEhL/ERER/xMTE/8YGBj/Hh4e/ykpKf8pKSn/ICAg/xsbG/8WFhb/ExMT/xYWFv8aGhr/Jycn/zY2Nv88PDz/RERE/0RERP9DQ0P/QEBA/zw8PP87Ozv/PDw8/zw8PP87Ozv/PT09/0JCQv9DQ0P/Pz8//zs7O/8sLCz/Hh4e/xwcHP8ZGRn/IiIi/y4uLv9PT0//gYGB/3Nzc/9TU1P/SkpK/0BAQP87Ozv/MzMz/y0tLf8kJCT/ICAg/x8fH/8fHx//ICAg/yAgIP8hISH/IyMj/yMjI/8kJCT/ICAg/xoaGv8YGBj/FBQU/xMTE/8SEhL/EhIS/xEREf8RERH/ERER/xEREf8RERH/ERER/xUVFf8ZGRn/JSUl/zIyMv8yMjL/MjIy/ykpKf8aGhr/GBgY/xUVFf8YGBj/Hx8f/yYmJv80NDT/OTk5/zg4OP85OTn/Ozs7/z09Pf89PT3/PT09/z09Pf89PT3/PT09/zw8PP89PT3/Pz8//z8/P/8+Pj7/Pj4+/z8/P/8/Pz//PT09/z09Pf89PT3/PT09/z4+Pv8+Pj7/Pz8//z8/P/8/Pz//QEBA/0BAQP9BQUH/QUFB/0FBQf9BQUH/QEBA/z8/P/8+Pj7/Pj4+/0BAQP9AQED/Pz8//z4+Pv8+Pj7/Pj4+/z4+Pv8+Pj7/Pj4+/z8/P/9BQUH/RERE/0NDQ/9CQkL/QUFB/0BAQP9AQED/QEBA/0BAQP8/Pz//Pz8//z4+Pv8+Pj7/Pz8//z8/P/8/Pz//Pz8//z8/P/8+Pj7/Pj4+/z8/P/8/Pz//Pz8//z8/P/8+Pj7/Pj4+/z4+Pv8+Pj7/PDw8/zw8PP89PT3/PT09/z8/P/9BQUH/QUFB/0FBQf9AQED/Pz8//z8/P/9AQED/Pz8//z4+Pv8+Pj7/Pz8//z8/P/8/Pz//Pz8//z8/P/8/Pz//Pz8//z8/P/9AQED/QUFB/0BAQP8/Pz//QEBA/0FBQf9AQED/Pz8//0BAQP9DQ0P/Q0ND/0NDQ/9CQkL/QUFB/0BAQP9AQED/QEBA/0FBQf9CQkL/Q0ND/0NDQ/9DQ0P/Q0ND/0RERP9FRUX/RUVF/0VFRf9ERET/QUFB/0BAQP8+Pj7/PT09/z8/P/8/Pz//QEBA/0BAQP9AQED/QEBA/0JCQv9ERET/RERE/0VFRf9ERET/Q0ND/0NDQ/9ERET/RERE/0NDQ/9CQkL/QUFB/0FBQf8/Pz//Pz8//0BAQP9BQUH/QEBA/z8/P/9AQED/QUFB/0JCQv9DQ0P/Q0ND/0NDQ/9DQ0P/Q0ND/0NDQ/9ERET/QkJC/z8/P/8+Pj7/QEBA/0BAQP9BQUH/QkJC/0FBQf9BQUH/QEBA/0BAQP9AQED/QUFB/0FBQf9BQUH/QUFB/0FBQf9BQUH/QkJC/0JCQv9DQ0P/Q0ND/0RERP9ERET/RkZG/0dHR/9GRkb/RUVF/0NDQ/9CQkL/QkJC/0NDQ/9CQkL/QEBA/z8/P/89PT3/PT09/z09Pf89PT3/Pj4+/z4+Pv9AQED/QEBA/0FBQf9CQkL/Q0ND/0NDQ/9DQ0P/Q0ND/0NDQ/9CQkL/QkJC/0FBQf9AQED/Pz8//z8/P/9AQED/QUFB/0RERP9FRUX/RERE/0RERP9DQ0P/Q0ND/0RERP9ERET/RERE/0RERP9ERET/Q0ND/0NDQ/9CQkL/QkJC/0FBQf9AQED/Pj4+/z8/P/9AQED/QEBA/z4+Pv8+Pj7/Pz8//z8/P/9AQED/QEBA/0BAQP9AQED/QEBA/0BAQP9BQUH/QkJC/0FBQf8/Pz//QEBA/0NDQ/9DQ0P/QkJC/0JCQv9BQUH/QEBA/0FBQf9CQkL/Q0ND/0RERP9DQ0P/QkJC/0FBQf8/Pz//Pz8//0BAQP9AQED/QEBA/0BAQP9BQUH/QUFB/0FBQf9BQUH/QEBA/0BAQP9BQUH/QUFB/0JCQv9DQ0P/QkJC/0BAQP9BQUH/QkJC/0JCQv9DQ0P/Q0ND/0RERP9DQ0P/QkJC/0JCQv9AQED/QEBA/0BAQP9AQED/QUFB/0FBQf9BQUH/QUFB/0BAQP8+Pj7/Pj4+/z8/P/9AQED/QUFB/0FBQf9CQkL/QkJC/0JCQv9CQkL/QUFB/0FBQf9CQkL/QkJC/0NDQ/9ERET/QkJC/0BAQP9AQED/QUFB/0BAQP8+Pj7/PT09/zw8PP87Ozv/OTk5/zo6Ov87Ozv/Ozs7/z09Pf89PT3/Pj4+/z4+Pv89PT3/PT09/z4+Pv8zMzP/MzMz/zQ0NP80NDT/NDQ0/zQ0NP8zMzP/MzMz/zMzM/8zMzP/NDQ0/zQ0NP80NDT/NDQ0/zMzM/8yMjL/NDQ0/zU1Nf81NTX/NTU1/zQ0NP8zMzP/MzMz/zQ0NP80NDT/NDQ0/zU1Nf82Njb/NjY2/zU1Nf81NTX/NDQ0/zQ0NP81NTX/NjY2/zU1Nf81NTX/NTU1/zU1Nf81NTX/NTU1/zY2Nv84ODj/Nzc3/zU1Nf82Njb/Nzc3/zc3N/84ODj/ODg4/zc3N/83Nzf/NjY2/zU1Nf83Nzf/ODg4/zc3N/83Nzf/Nzc3/zY2Nv82Njb/NTU1/zU1Nf82Njb/NjY2/zc3N/83Nzf/Nzc3/zc3N/84ODj/ODg4/zc3N/83Nzf/Nzc3/zc3N/83Nzf/Nzc3/zc3N/83Nzf/Nzc3/zY2Nv82Njb/NjY2/zY2Nv82Njb/NjY2/zg4OP84ODj/OTk5/zk5Of85OTn/OTk5/zg4OP84ODj/OTk5/zo6Ov86Ojr/OTk5/zg4OP83Nzf/Nzc3/zY2Nv82Njb/Nzc3/zc3N/83Nzf/Nzc3/zY2Nv81NTX/NjY2/zY2Nv83Nzf/Nzc3/zg4OP84ODj/ODg4/zg4OP84ODj/Nzc3/zc3N/82Njb/NjY2/zc3N/83Nzf/ODg4/zk5Of87Ozv/PDw8/zk5Of84ODj/Nzc3/zc3N/84ODj/OTk5/zo6Ov87Ozv/Ojo6/zk5Of86Ojr/Ozs7/zw8PP89PT3/PT09/zs7O/87Ozv/Ozs7/zs7O/84ODj/Nzc3/zg4OP85OTn/Ozs7/z4+Pv88PDz/Ojo6/zo6Ov87Ozv/Ozs7/zs7O/87Ozv/Ozs7/zs7O/87Ozv/Ozs7/zo6Ov85OTn/Ozs7/zw8PP87Ozv/Ozs7/zs7O/88PDz/PDw8/zs7O/87Ozv/PDw8/zw8PP87Ozv/PDw8/z4+Pv8+Pj7/PDw8/zw8PP89PT3/Pj4+/z09Pf88PDz/Pj4+/z8/P/9AQED/QUFB/z8/P/89PT3/PT09/zw8PP88PDz/Ozs7/zs7O/88PDz/PDw8/zw8PP88PDz/PDw8/zw8PP89PT3/Pj4+/z09Pf89PT3/Pj4+/z8/P/9AQED/QUFB/0BAQP8+Pj7/Pz8//0BAQP9AQED/Pz8//z8/P/8+Pj7/Pj4+/z8/P/9AQED/QUFB/0FBQf9AQED/QEBA/z8/P/8+Pj7/Pj4+/z09Pf89PT3/PT09/z4+Pv9AQED/QEBA/0BAQP8/Pz//Pj4+/z09Pf8+Pj7/Pz8//z8/P/8/Pz//Pz8//z8/P/8/Pz//Pj4+/z8/P/9AQED/QUFB/0JCQv9BQUH/Pz8//z8/P/9AQED/QEBA/0FBQf9BQUH/QkJC/0NDQ/9BQUH/QEBA/0FBQf9DQ0P/QkJC/0BAQP9AQED/QEBA/0BAQP9AQED/QEBA/z8/P/8/Pz//Pj4+/z4+Pv8/Pz//Pz8//0BAQP9BQUH/QkJC/0JCQv9AQED/Pj4+/z4+Pv89PT3/Pz8//0JCQv9CQkL/QUFB/0FBQf9BQUH/QUFB/0FBQf9BQUH/QUFB/0FBQf9BQUH/QUFB/0FBQf9BQUH/QUFB/0FBQf9AQED/Pz8//z4+Pv88PDz/PDw8/zw8PP87Ozv/OTk5/zk5Of87Ozv/Ozs7/zw8PP89PT3/PT09/z09Pf89PT3/PT09/z4+Pv9AQED/QEBA/0FBQf8/Pz//PT09/z09Pf89PT3/PT09/z09Pf89PT3/PT09/z09Pf89PT3/PT09/zw8PP88PDz/PT09/xYWFv8WFhb/FhYW/xYWFv8WFhb/FhYW/xYWFv8WFhb/FxcX/xcXF/8WFhb/FhYW/xYWFv8WFhb/FxcX/xcXF/8WFhb/FRUV/xUVFf8VFRX/FRUV/xUVFf8VFRX/FRUV/xUVFf8UFBT/FBQU/xMTE/8TExP/ExMT/xMTE/8TExP/ExMT/xISEv8RERH/ERER/xEREf8QEBD/EBAQ/xAQEP8RERH/EhIS/xQUFP8YGBj/Hx8f/yAgIP8hISH/ISEh/yAgIP8gICD/Hh4e/x4eHv8dHR3/HR0d/xwcHP8bGxv/Gxsb/xsbG/8cHBz/Hh4e/x4eHv8eHh7/Hh4e/x0dHf8dHR3/HBwc/xwcHP8bGxv/Gxsb/xwcHP8cHBz/HR0d/x4eHv8gICD/IiIi/yUlJf8pKSn/JSUl/yAgIP8eHh7/Ghoa/xoaGv8bGxv/Gxsb/xwcHP8dHR3/ISEh/yIiIv8iIiL/IiIi/yEhIf8gICD/Hh4e/x0dHf8bGxv/GRkZ/xgYGP8XFxf/FxcX/xYWFv8WFhb/FhYW/xcXF/8YGBj/Ghoa/x8fH/8jIyP/Kioq/y0tLf8sLCz/LCws/yoqKv8oKCj/KCgo/ygoKP8oKCj/KCgo/ywsLP8yMjL/MjIy/zExMf8wMDD/LS0t/y0tLf8tLS3/LCws/ykpKf8oKCj/Jycn/ycnJ/8pKSn/Kysr/y0tLf8vLy//LCws/ykpKf8nJyf/JSUl/yMjI/8gICD/Hx8f/x4eHv8eHh7/HBwc/xwcHP8bGxv/Gxsb/xoaGv8aGhr/GRkZ/xkZGf8aGhr/Gxsb/xoaGv8ZGRn/GBgY/xcXF/8WFhb/FBQU/xQUFP8UFBT/FBQU/xQUFP8UFBT/FRUV/xUVFf8UFBT/ExMT/xISEv8RERH/ERER/xAQEP8QEBD/EBAQ/xAQEP8RERH/ERER/xEREf8RERH/EBAQ/xAQEP8QEBD/EBAQ/xAQEP8QEBD/EBAQ/xAQEP8RERH/ERER/xEREf8QEBD/EBAQ/w8PD/8PDw//Dg4O/w4ODv8ODg7/Dg4O/w4ODv8ODg7/Dg4O/w4ODv8PDw//Dw8P/w8PD/8PDw//Dg4O/w4ODv8ODg7/Dg4O/w4ODv8PDw//Dw8P/w8PD/8PDw//EBAQ/xAQEP8QEBD/EBAQ/w8PD/8PDw//Dw8P/w8PD/8PDw//Dw8P/w8PD/8PDw//Dw8P/w8PD/8PDw//Dw8P/w8PD/8PDw//Dw8P/w8PD/8PDw//Dw8P/w8PD/8ODg7/Dg4O/w4ODv8ODg7/Dg4O/w4ODv8ODg7/Dg4O/w4ODv8ODg7/Dg4O/w8PD/8RERH/FRUV/xYWFv8ZGRn/Ghoa/xwcHP8hISH/Ly8v/zU1Nf83Nzf/ODg4/zU1Nf8yMjL/MDAw/y4uLv8uLi7/Li4u/y4uLv8uLi7/Ly8v/zAwMP8wMDD/Ly8v/y8vL/8vLy//Ly8v/y4uLv8uLi7/Li4u/y4uLv8uLi7/Li4u/y4uLv8uLi7/Li4u/y8vL/8vLy//Ly8v/y8vL/8wMDD/MTEx/zIyMv8yMjL/MTEx/zExMf8wMDD/Ly8v/zAwMP8xMTH/MDAw/y8vL/8vLy//MDAw/zAwMP8xMTH/MTEx/zIyMv8xMTH/MDAw/zAwMP8xMTH/MTEx/zExMf8xMTH/MDAw/zAwMP8xMTH/MjIy/zIyMv8yMjL/MjIy/zIyMv8yMjL/MTEx/zExMf8yMjL/MjIy/zMzM/8zMzP/MzMz/zMzM/8zMzP/MzMz/zMzM/8zMzP/MzMz/zMzM/8zMzP/Pz8//z8/P/8+Pj7/PT09/zs7O/88PDz/PDw8/z09Pf8+Pj7/Pz8//0FBQf9BQUH/QUFB/0FBQf8/Pz//PT09/z4+Pv8+Pj7/Pj4+/z8/P/8+Pj7/PT09/z4+Pv8/Pz//QEBA/0BAQP8/Pz//PT09/z09Pf8/Pz//Pz8//0BAQP9AQED/Pz8//z4+Pv8+Pj7/Pj4+/z8/P/8/Pz//QEBA/0JCQv9FRUX/SEhI/0pKSv9NTU3/TU1N/01NTf9NTU3/S0tL/0xMTP9PT0//UVFR/1VVVf9XV1f/VVVV/1NTU/9RUVH/T09P/1FRUf9TU1P/U1NT/1NTU/9SUlL/UVFR/1FRUf9RUVH/UFBQ/1BQUP9QUFD/UVFR/1JSUv9TU1P/U1NT/1FRUf9PT0//TU1N/0pKSv9JSUn/SUlJ/0hISP9ISEj/SkpK/0xMTP9MTEz/S0tL/0pKSv9ISEj/R0dH/0dHR/9ISEj/TExM/05OTv9MTEz/S0tL/0pKSv9ISEj/RkZG/0VFRf9FRUX/RERE/0RERP9FRUX/RERE/0NDQ/9BQUH/PT09/zk5Of8wMDD/Kysr/yQkJP8gICD/JSUl/yoqKv82Njb/Q0ND/0VFRf9HR0f/QEBA/zc3N/8vLy//IyMj/x8fH/8aGhr/GBgY/xcXF/8WFhb/FhYW/xUVFf8VFRX/FBQU/xQUFP8UFBT/FBQU/xMTE/8UFBT/FBQU/xUVFf8WFhb/FhYW/xcXF/8dHR3/KSkp/z8/P/9ycnL/iIiI/5iYmP+VlZX/Y2Nj/0BAQP80NDT/KSkp/zMzM/8+Pj7/RUVF/05OTv9GRkb/ODg4/zs7O/9DQ0P/QkJC/zw8PP9DQ0P/WVlZ/2JiYv9lZWX/aGho/2pqav9tbW3/bm5u/3BwcP9vb2//bm5u/2pqav9kZGT/YWFh/11dXf9aWlr/VVVV/0pKSv8yMjL/KCgo/x8fH/8bGxv/GRkZ/xkZGf8gICD/JiYm/zIyMv8/Pz//NTU1/ysrK/8qKir/Kioq/ycnJ/8jIyP/LS0t/0JCQv9LS0v/WFhY/1paWv9YWFj/V1dX/1VVVf9UVFT/VlZW/1dXV/9WVlb/VFRU/1FRUf9OTk7/SUlJ/0FBQf86Ojr/Li4u/ygoKP8fHx//HBwc/xkZGf8ZGRn/HBwc/yAgIP8rKyv/MDAw/ykpKf8iIiL/ISEh/yAgIP8jIyP/JiYm/zIyMv9CQkL/RkZG/0tLS/9ISEj/Q0ND/0JCQv9BQUH/QUFB/0FBQf9AQED/QEBA/0BAQP9AQED/QEBA/z4+Pv87Ozv/LS0t/x0dHf8YGBj/ExMT/xISEv8SEhL/FBQU/xkZGf8fHx//Kysr/ywsLP8iIiL/HBwc/xcXF/8UFBT/FxcX/xoaGv8nJyf/NTU1/zs7O/9CQkL/RERE/0ZGRv9FRUX/RERE/0RERP9FRUX/RUVF/0JCQv9CQkL/QkJC/0FBQf88PDz/Nzc3/ykpKf8cHBz/Ghoa/xcXF/8dHR3/JSUl/zw8PP9fX1//WVlZ/0pKSv9DQ0P/Ojo6/zU1Nf8tLS3/KCgo/yIiIv8fHx//ICAg/yAgIP8gICD/ISEh/yEhIf8iIiL/IiIi/yIiIv8eHh7/GBgY/xYWFv8SEhL/EhIS/xEREf8RERH/ERER/xAQEP8QEBD/ERER/xEREf8RERH/FRUV/xkZGf8lJSX/MjIy/zIyMv8xMTH/KCgo/xoaGv8XFxf/FBQU/xcXF/8eHh7/JSUl/zQ0NP86Ojr/PT09/z8/P/9AQED/QUFB/0FBQf89PT3/PT09/z09Pf89PT3/PDw8/z09Pf89PT3/PT09/z09Pf8+Pj7/Pj4+/z4+Pv8/Pz//Pz8//z8/P/8/Pz//Pj4+/z09Pf89PT3/PT09/z4+Pv8/Pz//QEBA/0BAQP9BQUH/QUFB/0FBQf9AQED/QEBA/z8/P/8+Pj7/Pj4+/z4+Pv8+Pj7/PT09/z09Pf8+Pj7/Pz8//0BAQP9AQED/QEBA/0BAQP9BQUH/QkJC/0JCQv9CQkL/QkJC/0JCQv9AQED/QEBA/z4+Pv8+Pj7/Pz8//z8/P/9AQED/QUFB/0FBQf9CQkL/QUFB/0BAQP8/Pz//Pz8//z8/P/8/Pz//Pz8//z8/P/8/Pz//Pj4+/z09Pf8+Pj7/Pj4+/z4+Pv8+Pj7/Pz8//0BAQP9AQED/Pz8//z8/P/8+Pj7/Pz8//z8/P/8/Pz//Pz8//z8/P/8/Pz//Pz8//z8/P/8/Pz//Pz8//z8/P/9AQED/QEBA/0BAQP9AQED/QEBA/0FBQf9BQUH/QEBA/0BAQP8/Pz//Pz8//0FBQf9CQkL/QkJC/0JCQv9BQUH/QUFB/0FBQf9BQUH/Q0ND/0RERP9ERET/RERE/0RERP9FRUX/RERE/0JCQv9CQkL/QkJC/0JCQv9BQUH/QEBA/z8/P/8/Pz//Pz8//0BAQP9AQED/QEBA/0BAQP9AQED/QUFB/0FBQf9CQkL/Q0ND/0NDQ/9CQkL/QkJC/0JCQv9CQkL/QkJC/0FBQf9AQED/QEBA/z8/P/8/Pz//QEBA/0BAQP9AQED/QEBA/0BAQP9AQED/QEBA/0FBQf9CQkL/Q0ND/0NDQ/9DQ0P/Q0ND/0NDQ/9CQkL/QEBA/0BAQP9AQED/QUFB/0FBQf9BQUH/QkJC/0JCQv9CQkL/QUFB/0FBQf9BQUH/QUFB/0BAQP9BQUH/QUFB/0FBQf9BQUH/QUFB/0FBQf9CQkL/Q0ND/0NDQ/9ERET/RERE/0NDQ/9CQkL/QkJC/0FBQf9CQkL/QkJC/0FBQf9AQED/Pz8//z4+Pv8+Pj7/Pj4+/z4+Pv8+Pj7/Pj4+/z8/P/8/Pz//QEBA/0BAQP9AQED/QEBA/0BAQP9AQED/QUFB/0JCQv9CQkL/QUFB/0BAQP9AQED/QEBA/z8/P/9BQUH/RERE/0RERP9FRUX/RERE/0RERP9ERET/Q0ND/0RERP9ERET/RUVF/0RERP9DQ0P/Q0ND/0NDQ/9CQkL/QkJC/0FBQf9AQED/QEBA/0FBQf9BQUH/QEBA/0BAQP9AQED/QEBA/0FBQf9CQkL/QUFB/0FBQf9BQUH/QUFB/0FBQf9CQkL/QUFB/0BAQP9AQED/QUFB/0FBQf9CQkL/QkJC/0JCQv9CQkL/Q0ND/0NDQ/9ERET/RERE/0RERP9DQ0P/QUFB/0BAQP9AQED/QEBA/0BAQP9AQED/QEBA/0BAQP9AQED/QUFB/0FBQf9BQUH/QUFB/0NDQ/9ERET/RERE/0RERP9DQ0P/QkJC/0JCQv9ERET/Q0ND/0NDQ/9DQ0P/RERE/0RERP9DQ0P/Q0ND/0JCQv9BQUH/QUFB/0FBQf9BQUH/QUFB/0FBQf9AQED/Pz8//z4+Pv8+Pj7/Pj4+/z8/P/9AQED/QUFB/0FBQf9BQUH/QUFB/0FBQf9AQED/QEBA/0BAQP9AQED/QUFB/0JCQv9BQUH/QEBA/0BAQP9AQED/Pz8//z4+Pv8+Pj7/PT09/z09Pf88PDz/PDw8/z09Pf89PT3/Pj4+/z4+Pv8+Pj7/Pj4+/z4+Pv89PT3/Pj4+/zIyMv8zMzP/MzMz/zMzM/8zMzP/MzMz/zMzM/8zMzP/MzMz/zMzM/8zMzP/MzMz/zMzM/8zMzP/MzMz/zMzM/8zMzP/NDQ0/zQ0NP80NDT/NDQ0/zQ0NP80NDT/NDQ0/zU1Nf82Njb/NjY2/zY2Nv82Njb/NTU1/zU1Nf81NTX/NTU1/zU1Nf81NTX/NTU1/zU1Nf81NTX/NTU1/zU1Nf80NDT/NTU1/zU1Nf81NTX/NTU1/zU1Nf82Njb/NjY2/zY2Nv82Njb/NjY2/zY2Nv81NTX/NTU1/zY2Nv83Nzf/Nzc3/zc3N/83Nzf/NjY2/zU1Nf81NTX/NTU1/zU1Nf82Njb/NjY2/zc3N/83Nzf/Nzc3/zc3N/83Nzf/NjY2/zY2Nv82Njb/Nzc3/zg4OP84ODj/ODg4/zg4OP84ODj/ODg4/zc3N/83Nzf/Nzc3/zc3N/83Nzf/ODg4/zg4OP84ODj/ODg4/zg4OP84ODj/ODg4/zc3N/83Nzf/Nzc3/zc3N/83Nzf/Nzc3/zc3N/83Nzf/NjY2/zY2Nv83Nzf/Nzc3/zc3N/83Nzf/Nzc3/zc3N/83Nzf/Nzc3/zc3N/84ODj/OTk5/zo6Ov86Ojr/Ojo6/zk5Of85OTn/OTk5/zg4OP84ODj/ODg4/zk5Of85OTn/OTk5/zk5Of85OTn/ODg4/zg4OP84ODj/OTk5/zo6Ov87Ozv/Ozs7/zw8PP87Ozv/Ojo6/zk5Of84ODj/OTk5/zs7O/88PDz/PDw8/zw8PP87Ozv/Ozs7/zk5Of85OTn/OTk5/zo6Ov87Ozv/PDw8/zw8PP87Ozv/Ozs7/zo6Ov87Ozv/Ozs7/zs7O/87Ozv/Ojo6/zo6Ov86Ojr/Ozs7/zs7O/89PT3/Pj4+/z4+Pv8+Pj7/Pj4+/z8/P/8+Pj7/Pj4+/z4+Pv8/Pz//Pj4+/z4+Pv8+Pj7/Pz8//z8/P/89PT3/PT09/z4+Pv8+Pj7/Pj4+/z4+Pv8+Pj7/Pz8//z8/P/8/Pz//Pj4+/z09Pf89PT3/PDw8/zw8PP88PDz/PDw8/z09Pf89PT3/PDw8/zw8PP88PDz/PDw8/z09Pf8+Pj7/Pj4+/z4+Pv8+Pj7/QEBA/z8/P/8/Pz//Pz8//z09Pf89PT3/Pj4+/z4+Pv8/Pz//QEBA/0BAQP9BQUH/QEBA/0BAQP9BQUH/QUFB/0FBQf9AQED/Pz8//z8/P/8/Pz//Pz8//z8/P/8+Pj7/Pz8//0BAQP9AQED/Pz8//z8/P/89PT3/PT09/z4+Pv8+Pj7/Pj4+/z4+Pv8+Pj7/Pj4+/z4+Pv8+Pj7/Pz8//z8/P/9AQED/QkJC/0FBQf9AQED/Pz8//z8/P/8/Pz//Pz8//z8/P/9AQED/QUFB/0BAQP9AQED/QUFB/0JCQv9BQUH/QUFB/0BAQP8/Pz//Pz8//0BAQP9AQED/Pz8//z4+Pv8/Pz//Pj4+/z4+Pv8+Pj7/QEBA/0BAQP9AQED/QEBA/z8/P/89PT3/PT09/zw8PP8+Pj7/QEBA/0FBQf9BQUH/QUFB/0BAQP9AQED/QEBA/0BAQP9AQED/QEBA/0FBQf9BQUH/QUFB/0JCQv9BQUH/QEBA/0BAQP9AQED/Pz8//z4+Pv8+Pj7/PT09/z09Pf87Ozv/Ozs7/zs7O/87Ozv/PT09/z4+Pv8+Pj7/Pz8//z4+Pv8+Pj7/Pj4+/z8/P/8/Pz//Pz8//z8/P/89PT3/PT09/z09Pf89PT3/PT09/z09Pf89PT3/Pj4+/z4+Pv89PT3/PT09/z09Pf89PT3/FhYW/xYWFv8WFhb/FhYW/xYWFv8WFhb/FhYW/xYWFv8WFhb/FhYW/xYWFv8VFRX/FRUV/xYWFv8XFxf/FxcX/xcXF/8WFhb/FhYW/xYWFv8VFRX/FRUV/xUVFf8UFBT/FBQU/xQUFP8UFBT/ExMT/xISEv8SEhL/EhIS/xISEv8SEhL/ERER/xEREf8RERH/ERER/xAQEP8QEBD/EBAQ/xEREf8TExP/FhYW/xoaGv8gICD/ISEh/yEhIf8gICD/Hx8f/x8fH/8eHh7/Hh4e/x0dHf8dHR3/HBwc/xsbG/8cHBz/HBwc/x0dHf8eHh7/Hh4e/x4eHv8eHh7/HR0d/x0dHf8dHR3/HBwc/xwcHP8cHBz/HBwc/x0dHf8dHR3/HR0d/x4eHv8gICD/IyMj/ycnJ/8mJib/JCQk/yEhIf8cHBz/HBwc/xsbG/8bGxv/Gxsb/x0dHf8fHx//ISEh/yMjI/8kJCT/JCQk/yMjI/8hISH/Hx8f/x0dHf8bGxv/Ghoa/xkZGf8YGBj/GBgY/xcXF/8WFhb/FhYW/xcXF/8YGBj/Gxsb/x4eHv8kJCT/JiYm/ygoKP8oKCj/KSkp/ykpKf8qKir/LCws/ykpKf8nJyf/KCgo/ysrK/8rKyv/LCws/ywsLP8qKir/Kioq/ysrK/8rKyv/KSkp/ygoKP8nJyf/JiYm/ycnJ/8oKCj/KSkp/yoqKv8pKSn/KCgo/ycnJ/8mJib/JCQk/yEhIf8gICD/Hx8f/x4eHv8dHR3/HBwc/xsbG/8bGxv/Gxsb/xsbG/8aGhr/Ghoa/xkZGf8ZGRn/GRkZ/xcXF/8XFxf/FhYW/xUVFf8VFRX/FRUV/xUVFf8UFBT/FBQU/xQUFP8UFBT/FBQU/xMTE/8SEhL/ERER/xAQEP8QEBD/EBAQ/xAQEP8QEBD/EBAQ/xAQEP8QEBD/EBAQ/xAQEP8QEBD/EBAQ/xAQEP8QEBD/EBAQ/xAQEP8QEBD/EBAQ/xAQEP8QEBD/EBAQ/xAQEP8QEBD/EBAQ/w8PD/8PDw//Dw8P/w8PD/8ODg7/Dg4O/w4ODv8ODg7/Dg4O/w4ODv8PDw//Dw8P/w8PD/8PDw//Dw8P/w8PD/8PDw//Dw8P/w8PD/8PDw//Dw8P/w8PD/8PDw//Dw8P/w8PD/8PDw//Dw8P/w8PD/8PDw//Dw8P/w8PD/8PDw//Dw8P/w8PD/8PDw//Dw8P/w8PD/8PDw//Dw8P/w8PD/8PDw//Dw8P/w8PD/8PDw//Dg4O/w8PD/8PDw//Dw8P/w8PD/8PDw//Dw8P/w8PD/8PDw//Dw8P/w8PD/8QEBD/ERER/xMTE/8WFhb/GBgY/xoaGv8dHR3/JCQk/yoqKv80NDT/OTk5/zc3N/82Njb/MzMz/zAwMP8vLy//Li4u/y4uLv8uLi7/Li4u/y8vL/8vLy//Ly8v/y8vL/8uLi7/Li4u/y4uLv8uLi7/Ly8v/y8vL/8vLy//Ly8v/y8vL/8vLy//Ly8v/y8vL/8vLy//Li4u/y8vL/8vLy//MDAw/zAwMP8wMDD/MTEx/zExMf8yMjL/MTEx/zAwMP8wMDD/MDAw/zAwMP8wMDD/MDAw/zAwMP8xMTH/MTEx/zIyMv8yMjL/MjIy/zExMf8wMDD/MDAw/zExMf8xMTH/MTEx/zExMf8xMTH/MTEx/zIyMv8zMzP/MzMz/zMzM/8yMjL/MTEx/zExMf8xMTH/MTEx/zAwMP8xMTH/MjIy/zIyMv8zMzP/MzMz/zMzM/8zMzP/MzMz/zIyMv8yMjL/MTEx/zIyMv9AQED/Pz8//z4+Pv89PT3/PDw8/z09Pf8+Pj7/Pj4+/z8/P/9AQED/QkJC/0NDQ/9ERET/Q0ND/z8/P/89PT3/Pj4+/z4+Pv8/Pz//QEBA/z8/P/89PT3/Pj4+/z8/P/8/Pz//Pj4+/z4+Pv89PT3/Pj4+/0BAQP9AQED/QEBA/0BAQP8/Pz//Pz8//z4+Pv8+Pj7/Pz8//z8/P/8/Pz//QEBA/0BAQP9BQUH/QUFB/0FBQf9BQUH/Pz8//z8/P/8/Pz//Pz8//z8/P/9AQED/QkJC/0NDQ/9CQkL/QUFB/0FBQf9AQED/QkJC/0NDQ/9ERET/RERE/0NDQ/9CQkL/QkJC/0FBQf9BQUH/QUFB/0JCQv9FRUX/R0dH/0pKSv9LS0v/SEhI/0ZGRv9ERET/QUFB/0FBQf9AQED/Pz8//z4+Pv8+Pj7/Pj4+/z4+Pv89PT3/PT09/zw8PP88PDz/PT09/z09Pf8+Pj7/Pj4+/z8/P/9AQED/Pz8//z09Pf88PDz/Ojo6/zs7O/87Ozv/PDw8/z4+Pv89PT3/Ozs7/zk5Of82Njb/NDQ0/y8vL/8sLCz/JSUl/yIiIv8qKir/MjIy/0VFRf9aWlr/UVFR/0VFRf9DQ0P/QUFB/zg4OP8pKSn/JCQk/x0dHf8aGhr/FxcX/xYWFv8WFhb/FhYW/xUVFf8VFRX/FBQU/xQUFP8TExP/EhIS/xMTE/8UFBT/FBQU/xUVFf8VFRX/FRUV/xYWFv8aGhr/Hh4e/ykpKf81NTX/UlJS/1tbW/9GRkb/NjY2/y8vL/8oKCj/NDQ0/0FBQf9GRkb/TU1N/0ZGRv86Ojr/QUFB/1BQUP9ISEj/MjIy/zY2Nv9OTk7/Wlpa/2JiYv9nZ2f/aWlp/2tra/9tbW3/bm5u/21tbf9sbGz/aWlp/2RkZP9hYWH/XFxc/1hYWP9PT0//RERE/y0tLf8kJCT/HBwc/xkZGf8YGBj/GBgY/x4eHv8kJCT/MDAw/zs7O/8yMjL/Jycn/yQkJP8gICD/Hx8f/x0dHf8nJyf/Ojo6/0NDQ/9RUVH/VVVV/1RUVP9SUlL/UFBQ/09PT/9SUlL/VFRU/1JSUv9QUFD/S0tL/0ZGRv9AQED/OTk5/y8vL/8hISH/Hh4e/xsbG/8ZGRn/FxcX/xcXF/8aGhr/Hh4e/yoqKv8vLy//Jycn/yAgIP8gICD/ICAg/yAgIP8fHx//LCws/z8/P/9BQUH/QkJC/0BAQP87Ozv/Ozs7/zw8PP89PT3/Pj4+/z8/P/9BQUH/QkJC/0JCQv9CQkL/PDw8/zc3N/8qKir/Ghoa/xcXF/8TExP/ExMT/xISEv8VFRX/Gxsb/yEhIf8uLi7/Li4u/yMjI/8dHR3/FxcX/xQUFP8XFxf/Ghoa/ycnJ/81NTX/Ojo6/0FBQf9ERET/SUlJ/0pKSv9MTEz/TExM/05OTv9NTU3/SUlJ/0dHR/9DQ0P/QEBA/zo6Ov80NDT/Jycn/xsbG/8YGBj/FRUV/xkZGf8dHR3/Kysr/0BAQP9BQUH/QUFB/z09Pf81NTX/MDAw/ygoKP8kJCT/ISEh/x8fH/8gICD/ICAg/yEhIf8hISH/ISEh/yIiIv8hISH/ICAg/xwcHP8WFhb/FBQU/xEREf8RERH/EBAQ/xAQEP8QEBD/EBAQ/xAQEP8QEBD/ERER/xEREf8VFRX/GBgY/yQkJP8yMjL/MTEx/zAwMP8nJyf/GRkZ/xYWFv8TExP/FhYW/xwcHP8kJCT/NDQ0/zw8PP9CQkL/RUVF/0RERP9ERET/RERE/z09Pf89PT3/PT09/z09Pf88PDz/PDw8/zw8PP88PDz/PT09/z09Pf8+Pj7/Pj4+/0BAQP9AQED/QUFB/0FBQf8/Pz//PT09/zw8PP87Ozv/PT09/z8/P/8/Pz//QEBA/0FBQf9CQkL/QUFB/0BAQP9AQED/Pz8//z4+Pv89PT3/PDw8/z09Pf89PT3/PT09/z09Pf8/Pz//QUFB/0FBQf9AQED/QEBA/z8/P/9AQED/QkJC/0NDQ/9ERET/Q0ND/0FBQf8/Pz//Pj4+/z09Pf8/Pz//QEBA/0JCQv9DQ0P/Q0ND/0RERP9DQ0P/QUFB/0BAQP8/Pz//Pz8//z8/P/8/Pz//QEBA/z8/P/8+Pj7/PT09/z8/P/8/Pz//Pz8//z8/P/8/Pz//Pz8//z8/P/8+Pj7/Pj4+/z4+Pv8+Pj7/Pz8//z8/P/9AQED/Pz8//z4+Pv8+Pj7/Pz8//z8/P/8+Pj7/Pj4+/0BAQP9BQUH/QEBA/z8/P/9AQED/QkJC/0FBQf9AQED/Pz8//z4+Pv8/Pz//QEBA/0FBQf9CQkL/QkJC/0JCQv9CQkL/QkJC/0JCQv9FRUX/RkZG/0VFRf9ERET/RUVF/0dHR/9ERET/QEBA/0BAQP9AQED/QEBA/0BAQP9AQED/QEBA/0BAQP9AQED/QEBA/0BAQP9AQED/QEBA/0BAQP8/Pz//Pz8//0BAQP9CQkL/QkJC/0JCQv9CQkL/QUFB/0FBQf9AQED/QEBA/z8/P/8/Pz//Pz8//z8/P/8/Pz//Pz8//0BAQP9AQED/Pz8//z8/P/8/Pz//Pz8//0FBQf9DQ0P/Q0ND/0NDQ/9DQ0P/QkJC/0JCQv9BQUH/QUFB/0FBQf9BQUH/QEBA/0BAQP9CQkL/Q0ND/0JCQv9CQkL/QkJC/0FBQf9BQUH/QEBA/0BAQP9BQUH/QUFB/0FBQf9BQUH/QEBA/0BAQP9CQkL/QkJC/0JCQv9CQkL/QUFB/0BAQP9BQUH/QUFB/0FBQf9BQUH/QEBA/z8/P/8/Pz//Pz8//z8/P/8+Pj7/Pj4+/z4+Pv8+Pj7/Pj4+/z4+Pv8+Pj7/Pj4+/z4+Pv8+Pj7/Pj4+/z4+Pv9AQED/QkJC/0JCQv9BQUH/QUFB/0BAQP9AQED/Pz8//0BAQP9DQ0P/RERE/0VFRf9FRUX/RERE/0RERP9DQ0P/Q0ND/0RERP9FRUX/RERE/0NDQ/9DQ0P/Q0ND/0NDQ/9CQkL/QkJC/0JCQv9CQkL/QkJC/0JCQv9BQUH/QUFB/0FBQf9BQUH/QkJC/0NDQ/9CQkL/QkJC/0JCQv9BQUH/QUFB/0JCQv9BQUH/QEBA/0BAQP8/Pz//QEBA/0FBQf9CQkL/Q0ND/0NDQ/9ERET/RERE/0VFRf9FRUX/RERE/0NDQ/9CQkL/QUFB/0FBQf9AQED/QEBA/0FBQf9AQED/Pz8//z8/P/9BQUH/QUFB/0JCQv9CQkL/RUVF/0ZGRv9FRUX/RUVF/0RERP9DQ0P/RERE/0VFRf9ERET/QkJC/0NDQ/9FRUX/RUVF/0RERP9ERET/Q0ND/0NDQ/9CQkL/QkJC/0JCQv9CQkL/QUFB/0BAQP8/Pz//Pj4+/z4+Pv8+Pj7/Pz8//0BAQP9AQED/QEBA/0BAQP9AQED/QEBA/z8/P/8/Pz//Pj4+/z4+Pv8/Pz//QEBA/0BAQP9AQED/QEBA/z8/P/8/Pz//Pj4+/z4+Pv8+Pj7/Pj4+/z4+Pv8+Pj7/Pz8//z8/P/8/Pz//Pz8//z8/P/8/Pz//Pj4+/z09Pf8/Pz//MjIy/zIyMv8yMjL/MjIy/zMzM/8zMzP/MzMz/zMzM/8yMjL/MjIy/zMzM/8zMzP/MzMz/zMzM/8zMzP/MzMz/zMzM/8zMzP/NDQ0/zQ0NP80NDT/NDQ0/zQ0NP81NTX/NjY2/zc3N/83Nzf/NjY2/zY2Nv81NTX/NTU1/zU1Nf81NTX/NTU1/zU1Nf81NTX/NTU1/zU1Nf81NTX/NTU1/zQ0NP80NDT/MzMz/zMzM/80NDT/NDQ0/zU1Nf81NTX/NTU1/zU1Nf81NTX/NTU1/zU1Nf81NTX/NjY2/zY2Nv83Nzf/Nzc3/zc3N/82Njb/NTU1/zQ0NP80NDT/NTU1/zU1Nf82Njb/NjY2/zc3N/83Nzf/NjY2/zY2Nv81NTX/NDQ0/zY2Nv83Nzf/ODg4/zk5Of85OTn/OTk5/zk5Of85OTn/OTk5/zg4OP84ODj/ODg4/zg4OP84ODj/ODg4/zc3N/83Nzf/ODg4/zg4OP83Nzf/Nzc3/zY2Nv81NTX/NTU1/zY2Nv82Njb/Nzc3/zc3N/82Njb/Nzc3/zg4OP84ODj/NjY2/zc3N/84ODj/OTk5/zg4OP83Nzf/ODg4/zk5Of86Ojr/Ozs7/zs7O/87Ozv/Ozs7/zs7O/87Ozv/Ojo6/zo6Ov86Ojr/Ojo6/zo6Ov85OTn/ODg4/zc3N/84ODj/ODg4/zk5Of86Ojr/Ozs7/zw8PP88PDz/PT09/zw8PP86Ojr/OTk5/zY2Nv83Nzf/OTk5/zs7O/88PDz/PT09/zw8PP87Ozv/Ojo6/zo6Ov86Ojr/Ojo6/zo6Ov87Ozv/Ozs7/zs7O/87Ozv/Ojo6/zo6Ov87Ozv/Ozs7/zo6Ov86Ojr/OTk5/zo6Ov88PDz/PT09/z4+Pv8/Pz//QEBA/0BAQP9AQED/QUFB/0FBQf9BQUH/QUFB/0FBQf9BQUH/QEBA/0BAQP9AQED/Pz8//z4+Pv89PT3/Pj4+/z8/P/8/Pz//Pz8//z8/P/8/Pz//Pz8//z4+Pv8+Pj7/PT09/z09Pf88PDz/PDw8/z09Pf89PT3/Pz8//z4+Pv88PDz/Ozs7/zw8PP88PDz/PT09/z4+Pv8+Pj7/Pj4+/z8/P/9AQED/Pz8//z4+Pv89PT3/PDw8/zw8PP88PDz/PT09/z8/P/9BQUH/QkJC/0NDQ/9BQUH/QEBA/0FBQf9CQkL/QUFB/0BAQP9AQED/Pz8//0BAQP9BQUH/QEBA/z8/P/9AQED/QUFB/0BAQP8/Pz//Pj4+/z09Pf89PT3/Pj4+/z4+Pv8+Pj7/Pj4+/z4+Pv8+Pj7/Pj4+/z4+Pv8+Pj7/Pz8//0BAQP9CQkL/QUFB/0BAQP9AQED/Pj4+/z4+Pv89PT3/PDw8/z4+Pv8/Pz//QEBA/0BAQP9BQUH/QUFB/0FBQf9BQUH/QEBA/z4+Pv8/Pz//QEBA/z8/P/8+Pj7/Pj4+/z8/P/8/Pz//Pj4+/z09Pf8/Pz//QEBA/z8/P/8/Pz//Pj4+/z09Pf89PT3/PDw8/z09Pf8/Pz//QEBA/0FBQf9AQED/Pz8//z8/P/8/Pz//Pz8//z8/P/8/Pz//QEBA/0FBQf9CQkL/QkJC/0FBQf8/Pz//Pz8//0BAQP9AQED/QEBA/z8/P/8+Pj7/Pj4+/z09Pf89PT3/Ozs7/zs7O/89PT3/Pj4+/z8/P/9AQED/Pz8//z8/P/8/Pz//Pj4+/z4+Pv8+Pj7/Pj4+/z09Pf89PT3/PT09/z09Pf89PT3/PT09/z4+Pv8+Pj7/Pj4+/z4+Pv89PT3/PT09/z09Pf8WFhb/FhYW/xYWFv8WFhb/FhYW/xYWFv8WFhb/FhYW/xUVFf8VFRX/FRUV/xUVFf8VFRX/FRUV/xcXF/8YGBj/FxcX/xcXF/8WFhb/FhYW/xYWFv8VFRX/FRUV/xQUFP8UFBT/FBQU/xMTE/8SEhL/EhIS/xISEv8SEhL/EhIS/xISEv8RERH/ERER/xEREf8RERH/EBAQ/xAQEP8QEBD/ERER/xQUFP8YGBj/HBwc/yEhIf8iIiL/ISEh/yAgIP8fHx//Hh4e/x4eHv8eHh7/HR0d/x0dHf8cHBz/Gxsb/xwcHP8dHR3/HR0d/x4eHv8eHh7/Hh4e/x4eHv8dHR3/HR0d/x0dHf8dHR3/HR0d/x0dHf8dHR3/HR0d/xwcHP8cHBz/HR0d/x0dHf8hISH/JSUl/yYmJv8oKCj/JCQk/x4eHv8dHR3/Ghoa/xoaGv8bGxv/HBwc/x0dHf8fHx//IyMj/yUlJf8mJib/JiYm/yQkJP8hISH/Hh4e/xwcHP8cHBz/Gxsb/xoaGv8ZGRn/GBgY/xUVFf8VFRX/FhYW/xYWFv8YGBj/GRkZ/x4eHv8hISH/IyMj/yUlJf8oKCj/Kioq/ywsLP8vLy//Kysr/yUlJf8lJSX/JCQk/yUlJf8oKCj/KCgo/ycnJ/8oKCj/KSkp/yoqKv8pKSn/KCgo/yYmJv8lJSX/JiYm/yYmJv8mJib/JiYm/yYmJv8nJyf/Jycn/yYmJv8lJSX/IiIi/yEhIf8fHx//Hh4e/x0dHf8cHBz/Gxsb/xoaGv8bGxv/HBwc/xsbG/8aGhr/GRkZ/xgYGP8XFxf/FhYW/xUVFf8UFBT/FBQU/xUVFf8VFRX/FRUV/xUVFf8UFBT/FBQU/xMTE/8TExP/EhIS/xISEv8RERH/EBAQ/xAQEP8QEBD/EBAQ/xAQEP8QEBD/EBAQ/xAQEP8QEBD/EBAQ/xAQEP8QEBD/EBAQ/xAQEP8QEBD/EBAQ/xAQEP8QEBD/EBAQ/xAQEP8QEBD/EBAQ/xAQEP8QEBD/EBAQ/xAQEP8QEBD/Dw8P/w8PD/8ODg7/Dg4O/w4ODv8ODg7/Dg4O/w4ODv8PDw//Dw8P/w8PD/8PDw//Dw8P/w8PD/8PDw//Dw8P/w8PD/8PDw//Dw8P/w4ODv8ODg7/Dg4O/w4ODv8ODg7/Dg4O/w8PD/8PDw//Dw8P/w8PD/8PDw//Dw8P/w8PD/8PDw//Dw8P/w8PD/8PDw//Dw8P/w8PD/8PDw//Dw8P/w4ODv8ODg7/Dw8P/w8PD/8PDw//Dw8P/w8PD/8PDw//Dw8P/w8PD/8PDw//EBAQ/xEREf8SEhL/FBQU/xgYGP8ZGRn/Gxsb/yAgIP8rKyv/MTEx/zk5Of88PDz/ODg4/zU1Nf8yMjL/Ly8v/y8vL/8uLi7/Li4u/y4uLv8vLy//MDAw/zAwMP8vLy//Li4u/y0tLf8tLS3/LCws/y0tLf8vLy//MDAw/zAwMP8wMDD/Ly8v/y8vL/8vLy//Ly8v/y8vL/8uLi7/Ly8v/zAwMP8wMDD/MDAw/zAwMP8xMTH/MTEx/zIyMv8yMjL/MTEx/zExMf8wMDD/Ly8v/zAwMP8wMDD/MTEx/zIyMv8yMjL/MzMz/zMzM/8yMjL/MTEx/zAwMP8xMTH/MjIy/zIyMv8wMDD/MDAw/zExMf8yMjL/MzMz/zQ0NP8zMzP/MzMz/zIyMv8xMTH/MTEx/zExMf8wMDD/Ly8v/zAwMP8xMTH/MjIy/zMzM/8zMzP/MzMz/zMzM/8yMjL/MjIy/zExMf8wMDD/MTEx/z8/P/8/Pz//Pj4+/z4+Pv8+Pj7/Pj4+/z8/P/8/Pz//Pz8//0BAQP9BQUH/QkJC/0JCQv9CQkL/QEBA/z8/P/8/Pz//Pz8//z8/P/8/Pz//Pz8//z4+Pv9AQED/QUFB/0FBQf9BQUH/QEBA/z8/P/9AQED/QEBA/0FBQf9BQUH/QUFB/0BAQP9AQED/Pz8//z8/P/8/Pz//Pz8//0BAQP9BQUH/QUFB/0JCQv9CQkL/QUFB/0FBQf8/Pz//Pz8//0BAQP9BQUH/QUFB/0FBQf9CQkL/QkJC/0JCQv9BQUH/QkJC/0NDQ/9ERET/RUVF/0ZGRv9HR0f/RkZG/0RERP9ERET/RERE/0NDQ/9DQ0P/Q0ND/0VFRf9GRkb/R0dH/0hISP9GRkb/RUVF/0VFRf9ERET/RUVF/0VFRf9ERET/QkJC/0FBQf8/Pz//Pz8//z8/P/8/Pz//QEBA/0BAQP9AQED/QEBA/z8/P/8+Pj7/Pz8//z8/P/8+Pj7/Pj4+/z09Pf89PT3/PDw8/zs7O/88PDz/Pj4+/z4+Pv89PT3/PDw8/zg4OP82Njb/MTEx/y4uLv8oKCj/JSUl/yoqKv8vLy//R0dH/2BgYP9WVlb/SkpK/0hISP9GRkb/RERE/z8/P/83Nzf/JiYm/yAgIP8aGhr/GBgY/xcXF/8XFxf/FhYW/xUVFf8VFRX/FBQU/xQUFP8TExP/FBQU/xQUFP8VFRX/FRUV/xUVFf8VFRX/FRUV/xcXF/8aGhr/ICAg/yYmJv82Njb/PDw8/zExMf8pKSn/Jycn/yUlJf8yMjL/QUFB/0dHR/9OTk7/RERE/zU1Nf82Njb/Ojo6/zU1Nf8pKSn/Ly8v/0dHR/9SUlL/XV1d/2RkZP9oaGj/a2tr/2tra/9qamr/aGho/2ZmZv9iYmL/XV1d/1tbW/9ZWVn/VFRU/0pKSv8/Pz//KSkp/yEhIf8aGhr/FxcX/xYWFv8XFxf/HBwc/yEhIf8tLS3/OTk5/zAwMP8lJSX/ISEh/xwcHP8bGxv/Ghoa/yIiIv8xMTH/Ojo6/0lJSf9NTU3/Tk5O/05OTv9MTEz/TExM/1BQUP9TU1P/UFBQ/0xMTP9GRkb/QEBA/zo6Ov8yMjL/Kioq/x4eHv8bGxv/GBgY/xcXF/8WFhb/FhYW/xkZGf8dHR3/KCgo/y0tLf8lJSX/Hh4e/xwcHP8aGhr/Gxsb/xwcHP8sLCz/QkJC/0RERP9FRUX/Q0ND/z4+Pv89PT3/PT09/z09Pf88PDz/PDw8/z09Pf89PT3/Pj4+/z4+Pv85OTn/NDQ0/ygoKP8ZGRn/FxcX/xMTE/8TExP/ExMT/xYWFv8cHBz/IiIi/y8vL/8vLy//JCQk/x4eHv8YGBj/FBQU/xYWFv8ZGRn/JiYm/zQ0NP86Ojr/QkJC/0VFRf9ISEj/SEhI/0hISP9ISEj/SEhI/0ZGRv9DQ0P/QkJC/0BAQP8+Pj7/Nzc3/zExMf8lJSX/Ghoa/xcXF/8VFRX/FxcX/xkZGf8kJCT/NTU1/zk5Of8+Pj7/Ozs7/zQ0NP8vLy//KSkp/yYmJv8kJCT/IyMj/yQkJP8kJCT/IyMj/yIiIv8iIiL/IiIi/yAgIP8dHR3/Ghoa/xUVFf8TExP/ERER/xAQEP8QEBD/EBAQ/xAQEP8QEBD/EBAQ/xAQEP8QEBD/ERER/xUVFf8ZGRn/JCQk/zExMf8wMDD/Ly8v/yYmJv8ZGRn/FhYW/xMTE/8UFBT/GBgY/x4eHv8pKSn/Ly8v/zQ0NP83Nzf/ODg4/zg4OP84ODj/Pj4+/z4+Pv8+Pj7/Pj4+/z09Pf89PT3/PT09/z4+Pv8+Pj7/Pj4+/z4+Pv8+Pj7/Pj4+/z4+Pv8+Pj7/Pz8//z4+Pv89PT3/PT09/zw8PP89PT3/Pz8//z8/P/8/Pz//Pz8//0BAQP9AQED/QEBA/z8/P/8+Pj7/PT09/z09Pf88PDz/PT09/zw8PP88PDz/PDw8/z4+Pv8/Pz//Pz8//z8/P/8/Pz//Pz8//0BAQP9BQUH/QkJC/0RERP9ERET/RUVF/0RERP9BQUH/QEBA/0BAQP9AQED/QEBA/0BAQP9BQUH/QkJC/0FBQf9AQED/QEBA/z8/P/8/Pz//Pz8//z8/P/8/Pz//Pz8//z09Pf89PT3/Pj4+/z8/P/8/Pz//Pz8//0BAQP9AQED/QEBA/0BAQP9AQED/Pz8//z8/P/8/Pz//Pz8//0BAQP8/Pz//Pj4+/z4+Pv8+Pj7/Pj4+/z4+Pv8+Pj7/QEBA/0FBQf9AQED/QEBA/0FBQf9CQkL/QUFB/0BAQP9AQED/Pj4+/z8/P/9AQED/QEBA/0FBQf9BQUH/QUFB/0FBQf9BQUH/QUFB/0JCQv9DQ0P/Q0ND/0JCQv9CQkL/Q0ND/0FBQf8/Pz//Pz8//0BAQP9AQED/QEBA/0BAQP9AQED/QUFB/0FBQf9BQUH/QkJC/0JCQv9BQUH/QEBA/0BAQP8/Pz//QUFB/0JCQv9CQkL/QkJC/0JCQv9AQED/QEBA/0BAQP8/Pz//Pz8//z8/P/8/Pz//Pz8//z8/P/9AQED/QEBA/0FBQf9BQUH/QkJC/0JCQv9BQUH/Q0ND/0VFRf9FRUX/RERE/0NDQ/9DQ0P/QkJC/0FBQf9BQUH/QEBA/z8/P/8/Pz//Pz8//0BAQP9BQUH/QUFB/0FBQf9BQUH/QUFB/0BAQP9AQED/QEBA/0FBQf9AQED/QEBA/0BAQP9AQED/QEBA/0BAQP9BQUH/QUFB/0FBQf9AQED/Pz8//0BAQP9BQUH/QEBA/0BAQP8/Pz//Pz8//z8/P/8/Pz//Pj4+/z4+Pv8+Pj7/Pz8//z8/P/8/Pz//Pz8//z8/P/8/Pz//Pz8//z4+Pv8+Pj7/Pj4+/0BAQP9CQkL/QkJC/0JCQv9CQkL/QUFB/0FBQf9BQUH/QkJC/0NDQ/9ERET/RUVF/0ZGRv9GRkb/RUVF/0RERP9DQ0P/Q0ND/0NDQ/9DQ0P/Q0ND/0NDQ/9DQ0P/Q0ND/0JCQv9CQkL/QkJC/0FBQf9BQUH/QUFB/0FBQf9BQUH/QUFB/0FBQf9CQkL/Q0ND/0NDQ/9CQkL/QUFB/0BAQP9AQED/QUFB/0BAQP9AQED/QEBA/0BAQP9BQUH/QkJC/0NDQ/9FRUX/RkZG/0VFRf9FRUX/RUVF/0VFRf9ERET/RERE/0NDQ/9CQkL/QkJC/0FBQf9BQUH/QUFB/0JCQv9CQkL/QkJC/0NDQ/9DQ0P/QkJC/0JCQv9ERET/RUVF/0RERP9ERET/Q0ND/0NDQ/9DQ0P/Q0ND/0NDQ/9CQkL/Q0ND/0NDQ/9DQ0P/QkJC/0JCQv9DQ0P/Q0ND/0JCQv9CQkL/QUFB/0BAQP9AQED/QEBA/0BAQP9AQED/QUFB/0FBQf9AQED/QEBA/0BAQP9AQED/QEBA/0BAQP9AQED/Pz8//z8/P/8/Pz//Pz8//z8/P/9AQED/QEBA/0BAQP9AQED/Pz8//z8/P/8+Pj7/Pz8//0BAQP9AQED/QEBA/z8/P/8/Pz//Pz8//z8/P/9AQED/QEBA/0BAQP8/Pz//Pz8//z8/P/8yMjL/MjIy/zIyMv8yMjL/MzMz/zIyMv8yMjL/MjIy/zIyMv8yMjL/MjIy/zIyMv8zMzP/MzMz/zMzM/8zMzP/MzMz/zMzM/80NDT/NDQ0/zQ0NP80NDT/NDQ0/zQ0NP81NTX/NjY2/zY2Nv83Nzf/Nzc3/zY2Nv81NTX/NTU1/zU1Nf81NTX/NTU1/zU1Nf81NTX/NTU1/zU1Nf81NTX/NTU1/zU1Nf80NDT/NDQ0/zQ0NP80NDT/NTU1/zU1Nf81NTX/NTU1/zU1Nf82Njb/NjY2/zY2Nv83Nzf/Nzc3/zc3N/83Nzf/Nzc3/zY2Nv82Njb/NTU1/zY2Nv83Nzf/Nzc3/zY2Nv82Njb/NjY2/zY2Nv82Njb/NjY2/zU1Nf81NTX/Nzc3/zg4OP84ODj/OTk5/zk5Of85OTn/OTk5/zk5Of84ODj/ODg4/zg4OP84ODj/ODg4/zc3N/83Nzf/Nzc3/zg4OP84ODj/ODg4/zg4OP83Nzf/Nzc3/zc3N/83Nzf/NjY2/zY2Nv83Nzf/NjY2/zY2Nv82Njb/Nzc3/zg4OP83Nzf/ODg4/zk5Of85OTn/OTk5/zk5Of85OTn/OTk5/zo6Ov87Ozv/Ojo6/zo6Ov86Ojr/Ojo6/zo6Ov85OTn/OTk5/zk5Of85OTn/OTk5/zg4OP83Nzf/Nzc3/zg4OP85OTn/Ojo6/zo6Ov87Ozv/Ozs7/zw8PP89PT3/PDw8/zs7O/85OTn/Nzc3/zg4OP85OTn/Ojo6/zs7O/87Ozv/Ojo6/zo6Ov86Ojr/Ozs7/zs7O/87Ozv/PDw8/zw8PP88PDz/Ozs7/zs7O/87Ozv/Ozs7/zs7O/87Ozv/Ozs7/zs7O/87Ozv/Ozs7/zw8PP89PT3/Pj4+/z4+Pv8+Pj7/Pz8//z8/P/8/Pz//Pz8//z8/P/8/Pz//Pj4+/z4+Pv8+Pj7/Pj4+/z8/P/8/Pz//Pz8//z4+Pv8+Pj7/Pj4+/z4+Pv8+Pj7/Pz8//z8/P/8+Pj7/PT09/z09Pf88PDz/PDw8/zs7O/87Ozv/PDw8/z09Pf8+Pj7/Pj4+/z09Pf88PDz/PDw8/z09Pf89PT3/PT09/z4+Pv8+Pj7/Pz8//z8/P/8/Pz//Pz8//z8/P/89PT3/PT09/z09Pf8+Pj7/Pz8//0BAQP9CQkL/QkJC/0BAQP8/Pz//Pz8//0BAQP8/Pz//Pz8//z8/P/8/Pz//Pz8//0BAQP9AQED/QEBA/0BAQP9AQED/QEBA/0BAQP8/Pz//Pj4+/z4+Pv8/Pz//Pz8//z8/P/8/Pz//Pz8//z8/P/8/Pz//Pj4+/z8/P/8/Pz//QEBA/0FBQf9BQUH/QEBA/0BAQP8/Pz//Pj4+/z4+Pv8+Pj7/Pz8//0BAQP9AQED/QEBA/0FBQf9BQUH/QUFB/0FBQf9AQED/Pz8//z8/P/8/Pz//Pz8//z09Pf89PT3/Pj4+/z4+Pv8+Pj7/Pj4+/z8/P/9AQED/QEBA/0BAQP9AQED/QEBA/0BAQP9AQED/QEBA/z8/P/8/Pz//Pz8//z8/P/9AQED/QEBA/0FBQf9BQUH/QUFB/0FBQf9CQkL/QkJC/0JCQv9DQ0P/QUFB/z8/P/8/Pz//Pz8//z8/P/8/Pz//Pz8//z09Pf89PT3/PT09/zw8PP88PDz/PDw8/z09Pf89PT3/Pj4+/z8/P/8/Pz//Pz8//z8/P/8+Pj7/Pz8//z8/P/8/Pz//Pj4+/z09Pf88PDz/PDw8/zw8PP88PDz/Pj4+/z4+Pv89PT3/PT09/z4+Pv8+Pj7/Pj4+/xYWFv8WFhb/FhYW/xYWFv8WFhb/FhYW/xYWFv8WFhb/FhYW/xYWFv8WFhb/FhYW/xYWFv8WFhb/FxcX/xcXF/8XFxf/FhYW/xYWFv8WFhb/FRUV/xUVFf8VFRX/FBQU/xUVFf8VFRX/FBQU/xQUFP8TExP/ExMT/xMTE/8SEhL/EhIS/xEREf8RERH/ERER/xEREf8QEBD/EBAQ/xEREf8RERH/FBQU/xgYGP8cHBz/IyMj/yMjI/8hISH/ICAg/x8fH/8fHx//Hx8f/x4eHv8dHR3/HR0d/xwcHP8cHBz/HBwc/x0dHf8dHR3/Hh4e/x4eHv8eHh7/Hh4e/x4eHv8eHh7/HR0d/x0dHf8cHBz/HBwc/xwcHP8cHBz/HBwc/xwcHP8dHR3/HR0d/x8fH/8iIiL/IyMj/yUlJf8kJCT/IiIi/yEhIf8fHx//Hh4e/xsbG/8bGxv/HBwc/x4eHv8gICD/IiIi/yQkJP8lJSX/IyMj/yEhIf8fHx//HBwc/xwcHP8cHBz/Gxsb/xoaGv8ZGRn/GBgY/xcXF/8XFxf/FxcX/xcXF/8YGBj/Gxsb/x0dHf8gICD/IyMj/yUlJf8oKCj/Kioq/y0tLf8qKir/JiYm/yYmJv8lJSX/JiYm/ycnJ/8mJib/JCQk/yQkJP8lJSX/JSUl/yUlJf8lJSX/JCQk/yQkJP8kJCT/JSUl/yQkJP8kJCT/JCQk/yQkJP8jIyP/IiIi/yEhIf8gICD/Hx8f/x4eHv8eHh7/HR0d/xwcHP8bGxv/Gxsb/xsbG/8bGxv/Gxsb/xoaGv8ZGRn/FxcX/xYWFv8WFhb/FRUV/xUVFf8VFRX/FRUV/xUVFf8VFRX/FRUV/xQUFP8TExP/EhIS/xISEv8RERH/ERER/xEREf8QEBD/EBAQ/xAQEP8QEBD/EBAQ/xAQEP8QEBD/EBAQ/xAQEP8QEBD/EBAQ/xAQEP8QEBD/EBAQ/xAQEP8QEBD/EBAQ/xAQEP8QEBD/EBAQ/xAQEP8QEBD/EBAQ/xAQEP8QEBD/EBAQ/xAQEP8PDw//Dw8P/w8PD/8ODg7/Dg4O/w4ODv8ODg7/Dg4O/w8PD/8PDw//Dw8P/w8PD/8PDw//Dw8P/w8PD/8PDw//Dw8P/w8PD/8PDw//Dw8P/w8PD/8PDw//Dw8P/w8PD/8PDw//Dw8P/w8PD/8PDw//Dw8P/w8PD/8PDw//Dw8P/w8PD/8PDw//Dw8P/w8PD/8PDw//Dw8P/w8PD/8PDw//Dg4O/w4ODv8PDw//Dw8P/w8PD/8PDw//Dw8P/w8PD/8PDw//Dw8P/xAQEP8QEBD/EhIS/xUVFf8WFhb/GBgY/xsbG/8gICD/JSUl/zAwMP81NTX/ODg4/zk5Of81NTX/MjIy/zAwMP8vLy//Ly8v/y4uLv8uLi7/Ly8v/y8vL/8vLy//Ly8v/y4uLv8tLS3/LS0t/y0tLf8tLS3/LS0t/y8vL/8vLy//MDAw/zAwMP8wMDD/Ly8v/y8vL/8vLy//Li4u/y4uLv8uLi7/MDAw/zAwMP8wMDD/MDAw/zAwMP8wMDD/MTEx/zExMf8wMDD/Ly8v/y8vL/8vLy//Ly8v/zAwMP8wMDD/MTEx/zExMf8yMjL/MjIy/zIyMv8xMTH/MTEx/zExMf8yMjL/MjIy/zIyMv8xMTH/MjIy/zIyMv8zMzP/MzMz/zMzM/8yMjL/MjIy/zExMf8xMTH/MTEx/zExMf8wMDD/MTEx/zIyMv8yMjL/MjIy/zMzM/8zMzP/MzMz/zIyMv8xMTH/MTEx/zExMf8xMTH/Pj4+/z4+Pv8+Pj7/Pz8//0BAQP9AQED/QEBA/0BAQP9AQED/QEBA/0BAQP9AQED/QEBA/0BAQP9BQUH/QUFB/0BAQP9AQED/Pj4+/z09Pf8+Pj7/QEBA/0FBQf9ERET/RERE/0RERP9DQ0P/QkJC/0JCQv9BQUH/QUFB/0JCQv9CQkL/QUFB/0FBQf9AQED/Pz8//z8/P/9AQED/QUFB/0JCQv9CQkL/Q0ND/0NDQ/9CQkL/QUFB/z8/P/9AQED/QUFB/0JCQv9DQ0P/Q0ND/0NDQ/9CQkL/QUFB/0FBQf9DQ0P/RkZG/0ZGRv9HR0f/SEhI/0pKSv9JSUn/RkZG/0ZGRv9HR0f/RkZG/0RERP9ERET/RUVF/0VFRf9FRUX/RUVF/0VFRf9ERET/RkZG/0hISP9JSUn/SkpK/0hISP9GRkb/RERE/0BAQP9AQED/QUFB/0JCQv9ERET/RERE/0NDQ/9CQkL/QEBA/z8/P/8+Pj7/PT09/z4+Pv8/Pz//Pz8//0BAQP89PT3/Ojo6/zs7O/8+Pj7/Pz8//0BAQP8/Pz//Ojo6/zg4OP80NDT/MDAw/ysrK/8oKCj/KSkp/ysrK/9ISEj/Z2dn/1xcXP9PT0//TU1N/0tLS/9PT0//VlZW/0pKSv8wMDD/Jycn/x4eHv8aGhr/GRkZ/xgYGP8XFxf/FhYW/xUVFf8VFRX/FRUV/xUVFf8VFRX/FRUV/xUVFf8VFRX/FRUV/xQUFP8UFBT/FBQU/xUVFf8XFxf/GRkZ/xsbG/8cHBz/Gxsb/xsbG/8eHh7/IiIi/zExMf9BQUH/R0dH/09PT/9DQ0P/Ly8v/yoqKv8jIyP/ISEh/yAgIP8oKCj/Pz8//0tLS/9YWFj/YWFh/2dnZ/9sbGz/aWlp/2ZmZv9jY2P/X19f/1tbW/9VVVX/VVVV/1ZWVv9QUFD/RUVF/zo6Ov8lJSX/Hh4e/xgYGP8WFhb/FRUV/xUVFf8aGhr/Hx8f/ysrK/83Nzf/LS0t/yIiIv8eHh7/GBgY/xcXF/8WFhb/HBwc/ygoKP8xMTH/QEBA/0VFRf9ISEj/SUlJ/0hISP9ISEj/Tk5O/1JSUv9NTU3/SEhI/0FBQf85OTn/MzMz/ywsLP8lJSX/Gxsb/xgYGP8WFhb/FRUV/xQUFP8VFRX/GBgY/xwcHP8mJib/Kysr/yMjI/8cHBz/GBgY/xUVFf8XFxf/GRkZ/ysrK/9ERET/R0dH/0hISP9GRkb/QUFB/z8/P/8/Pz//PT09/zk5Of84ODj/ODg4/zk5Of85OTn/OTk5/zU1Nf8xMTH/JiYm/xgYGP8WFhb/ExMT/xMTE/8UFBT/FxcX/x0dHf8jIyP/MDAw/zAwMP8mJib/Hx8f/xgYGP8UFBT/FhYW/xgYGP8lJSX/MjIy/zo6Ov9ERET/RUVF/0hISP9HR0f/RUVF/0NDQ/9BQUH/QEBA/z09Pf89PT3/PT09/zw8PP81NTX/Ly8v/yMjI/8YGBj/FhYW/xQUFP8VFRX/FRUV/x4eHv8qKir/MDAw/zs7O/85OTn/MzMz/y8vL/8qKir/KCgo/ygoKP8oKCj/KCgo/ygoKP8mJib/JCQk/yMjI/8iIiL/Hx8f/xoaGv8YGBj/FBQU/xISEv8QEBD/EBAQ/w8PD/8PDw//Dw8P/w8PD/8PDw//Dw8P/xAQEP8SEhL/FhYW/xoaGv8lJSX/MDAw/y8vL/8uLi7/JiYm/xgYGP8VFRX/ExMT/xMTE/8UFBT/FxcX/x4eHv8iIiL/JiYm/ykpKf8rKyv/LCws/ywsLP8/Pz//Pz8//0BAQP8/Pz//Pj4+/z4+Pv8/Pz//Pz8//0BAQP9AQED/Pz8//z4+Pv88PDz/Ozs7/zw8PP88PDz/PT09/z4+Pv8+Pj7/Pj4+/z4+Pv8+Pj7/Pj4+/z4+Pv8+Pj7/PT09/z4+Pv8/Pz//Pj4+/z09Pf88PDz/PT09/z09Pf88PDz/PDw8/zs7O/87Ozv/PDw8/z09Pf8+Pj7/Pj4+/z4+Pv8/Pz//Pz8//0BAQP9BQUH/RERE/0VFRf9JSUn/SEhI/0RERP9CQkL/QEBA/z8/P/89PT3/PT09/z4+Pv8/Pz//Pz8//z8/P/8/Pz//QEBA/0BAQP8/Pz//Pz8//z8/P/8+Pj7/PT09/zw8PP8+Pj7/Pj4+/z8/P/8/Pz//QEBA/0FBQf9BQUH/QkJC/0FBQf9BQUH/QEBA/z8/P/8/Pz//Pz8//z8/P/8+Pj7/Pj4+/z4+Pv8+Pj7/Pj4+/z4+Pv9AQED/QUFB/0BAQP9AQED/QUFB/0JCQv9CQkL/QUFB/0BAQP8+Pj7/Pz8//0BAQP9AQED/QUFB/0FBQf9AQED/QEBA/0BAQP9AQED/QEBA/0BAQP9AQED/QEBA/z8/P/8/Pz//Pj4+/z09Pf8/Pz//QUFB/0FBQf9AQED/QEBA/0FBQf9BQUH/QkJC/0JCQv9DQ0P/Q0ND/0FBQf9AQED/QEBA/0BAQP9BQUH/QkJC/0JCQv9DQ0P/QUFB/z8/P/8/Pz//Pz8//z8/P/8/Pz//Pz8//z8/P/8/Pz//QEBA/0BAQP9BQUH/QUFB/0NDQ/9FRUX/RERE/0RERP9FRUX/R0dH/0ZGRv9FRUX/RERE/0NDQ/9CQkL/QUFB/0BAQP8+Pj7/PT09/z4+Pv8+Pj7/Pz8//z8/P/9AQED/QEBA/0BAQP9AQED/QEBA/0BAQP9AQED/QEBA/0BAQP8/Pz//Pz8//z8/P/8/Pz//Pz8//z8/P/9AQED/QEBA/z8/P/8+Pj7/Pz8//0BAQP9AQED/Pz8//z8/P/8+Pj7/Pj4+/z4+Pv8+Pj7/PT09/z4+Pv8/Pz//QEBA/0FBQf9BQUH/QEBA/0BAQP8/Pz//Pz8//z8/P/8/Pz//QUFB/0NDQ/9DQ0P/Q0ND/0NDQ/9CQkL/QkJC/0NDQ/9DQ0P/Q0ND/0RERP9GRkb/R0dH/0dHR/9GRkb/RUVF/0NDQ/9CQkL/QUFB/0JCQv9CQkL/Q0ND/0RERP9DQ0P/QkJC/0JCQv9BQUH/QUFB/0BAQP9AQED/QEBA/0BAQP9AQED/QEBA/0JCQv9ERET/Q0ND/0JCQv9BQUH/Pz8//z8/P/8/Pz//Pz8//0BAQP9BQUH/QkJC/0JCQv9ERET/RUVF/0dHR/9ISEj/R0dH/0ZGRv9FRUX/RUVF/0VFRf9FRUX/RERE/0RERP9DQ0P/Q0ND/0NDQ/9CQkL/Q0ND/0VFRf9GRkb/RkZG/0VFRf9DQ0P/QkJC/0NDQ/9ERET/Q0ND/0JCQv9CQkL/QkJC/0JCQv9BQUH/QkJC/0NDQ/9CQkL/QUFB/0BAQP9AQED/QUFB/0JCQv9DQ0P/QkJC/0JCQv9AQED/Pj4+/z8/P/9AQED/QUFB/0NDQ/9DQ0P/RERE/0JCQv9AQED/QEBA/0FBQf9BQUH/QEBA/0BAQP8/Pz//Pz8//z8/P/8/Pz//QEBA/0BAQP9AQED/QEBA/0BAQP8/Pz//Pz8//z4+Pv8/Pz//QkJC/0JCQv9CQkL/QUFB/z8/P/8+Pj7/QEBA/0BAQP9BQUH/QUFB/0FBQf9BQUH/Pz8//zExMf8yMjL/MjIy/zIyMv8yMjL/MjIy/zExMf8yMjL/MzMz/zIyMv8xMTH/MjIy/zMzM/8zMzP/MzMz/zMzM/80NDT/NDQ0/zQ0NP80NDT/NDQ0/zMzM/8zMzP/MzMz/zQ0NP80NDT/NTU1/zg4OP83Nzf/NjY2/zY2Nv82Njb/NjY2/zU1Nf80NDT/NDQ0/zQ0NP80NDT/NDQ0/zU1Nf82Njb/NTU1/zU1Nf81NTX/NTU1/zU1Nf80NDT/NDQ0/zU1Nf81NTX/NjY2/zY2Nv83Nzf/ODg4/zg4OP84ODj/Nzc3/zc3N/83Nzf/NjY2/zY2Nv82Njb/Nzc3/zk5Of84ODj/NjY2/zY2Nv82Njb/NjY2/zY2Nv82Njb/NjY2/zY2Nv84ODj/Ojo6/zk5Of84ODj/ODg4/zg4OP84ODj/ODg4/zg4OP83Nzf/Nzc3/zg4OP84ODj/NjY2/zY2Nv83Nzf/ODg4/zk5Of85OTn/ODg4/zg4OP85OTn/Ojo6/zg4OP82Njb/NjY2/zY2Nv82Njb/NjY2/zY2Nv83Nzf/Nzc3/zg4OP85OTn/OTk5/zk5Of86Ojr/Ozs7/zo6Ov86Ojr/Ojo6/zo6Ov86Ojr/OTk5/zk5Of85OTn/ODg4/zc3N/84ODj/OTk5/zk5Of84ODj/Nzc3/zc3N/83Nzf/OTk5/zo6Ov86Ojr/Ojo6/zo6Ov86Ojr/Ozs7/z09Pf88PDz/Ozs7/zo6Ov84ODj/ODg4/zk5Of85OTn/OTk5/zk5Of85OTn/OTk5/zo6Ov87Ozv/PDw8/z09Pf89PT3/PT09/zw8PP88PDz/PDw8/zw8PP88PDz/PDw8/zw8PP87Ozv/Ozs7/zw8PP89PT3/PT09/z09Pf89PT3/PT09/z09Pf89PT3/PT09/zw8PP88PDz/PDw8/zw8PP87Ozv/Ozs7/zs7O/88PDz/Pj4+/z4+Pv8/Pz//Pz8//z09Pf88PDz/PDw8/zw8PP8+Pj7/QEBA/z4+Pv88PDz/PDw8/zs7O/86Ojr/OTk5/zo6Ov88PDz/PDw8/z09Pf89PT3/Pj4+/z4+Pv89PT3/PT09/zw8PP88PDz/Pj4+/z8/P/8/Pz//Pj4+/z8/P/9BQUH/QEBA/z4+Pv8+Pj7/Pj4+/z4+Pv9AQED/QEBA/0FBQf9BQUH/Pj4+/z09Pf89PT3/PT09/z4+Pv8+Pj7/Pj4+/z4+Pv8+Pj7/Pz8//0BAQP9BQUH/QUFB/0BAQP9AQED/QUFB/0BAQP8/Pz//Pz8//0BAQP9AQED/QEBA/0FBQf9AQED/QEBA/z8/P/8/Pz//Pz8//0BAQP9AQED/QUFB/0FBQf9AQED/QEBA/z8/P/8/Pz//QEBA/0BAQP9AQED/QEBA/0FBQf9BQUH/QUFB/0JCQv9CQkL/QUFB/0FBQf9AQED/Pz8//z4+Pv8+Pj7/PDw8/zw8PP89PT3/PT09/z4+Pv8/Pz//QEBA/0BAQP9BQUH/QkJC/0JCQv9DQ0P/Q0ND/0RERP9CQkL/QEBA/z8/P/89PT3/Pz8//0FBQf9CQkL/Q0ND/0NDQ/9DQ0P/Q0ND/0NDQ/9DQ0P/Q0ND/0RERP9BQUH/Pj4+/z4+Pv89PT3/Pj4+/z8/P/8+Pj7/PDw8/zw8PP88PDz/PDw8/zw8PP88PDz/PDw8/zw8PP89PT3/Pj4+/z4+Pv8+Pj7/Pj4+/z8/P/9AQED/QUFB/0BAQP8+Pj7/PT09/zs7O/87Ozv/Ojo6/zs7O/89PT3/Pj4+/z09Pf88PDz/Pj4+/z8/P/8/Pz//FRUV/xYWFv8WFhb/FhYW/xYWFv8WFhb/FhYW/xYWFv8WFhb/FhYW/xcXF/8XFxf/FhYW/xYWFv8WFhb/FhYW/xYWFv8WFhb/FhYW/xUVFf8VFRX/FRUV/xUVFf8VFRX/FRUV/xYWFv8WFhb/FRUV/xUVFf8UFBT/FBQU/xISEv8SEhL/ERER/xEREf8QEBD/EBAQ/xEREf8RERH/ERER/xISEv8VFRX/GRkZ/x0dHf8kJCT/JCQk/yEhIf8hISH/ICAg/yAgIP8fHx//Hx8f/x4eHv8dHR3/HR0d/x0dHf8dHR3/HR0d/x0dHf8dHR3/HR0d/x4eHv8eHh7/Hx8f/x4eHv8dHR3/HR0d/xsbG/8bGxv/HBwc/xwcHP8cHBz/HBwc/x0dHf8dHR3/Hh4e/x4eHv8gICD/IiIi/yQkJP8lJSX/JSUl/yQkJP8hISH/HBwc/xsbG/8bGxv/HBwc/x4eHv8fHx//IiIi/yMjI/8iIiL/IiIi/x8fH/8dHR3/HR0d/x0dHf8cHBz/HBwc/xsbG/8aGhr/GRkZ/xgYGP8XFxf/FhYW/xcXF/8ZGRn/Ghoa/x0dHf8gICD/IyMj/yUlJf8oKCj/Kioq/ykpKf8oKCj/Jycn/ycnJ/8mJib/JSUl/yQkJP8hISH/ICAg/yEhIf8hISH/ISEh/yIiIv8jIyP/IyMj/yMjI/8jIyP/IyMj/yIiIv8hISH/ICAg/yAgIP8fHx//Hh4e/x0dHf8dHR3/HR0d/x0dHf8dHR3/HR0d/xwcHP8cHBz/Gxsb/xsbG/8aGhr/Ghoa/xgYGP8WFhb/FhYW/xUVFf8VFRX/FRUV/xUVFf8VFRX/FRUV/xUVFf8VFRX/ExMT/xMTE/8SEhL/ERER/xAQEP8QEBD/EBAQ/xAQEP8QEBD/EBAQ/xAQEP8QEBD/EBAQ/xAQEP8QEBD/EBAQ/xAQEP8RERH/ERER/xAQEP8QEBD/EBAQ/xAQEP8QEBD/EBAQ/xAQEP8QEBD/EBAQ/xAQEP8QEBD/ERER/xEREf8RERH/EBAQ/w8PD/8PDw//Dw8P/w8PD/8PDw//Dw8P/w8PD/8PDw//Dg4O/w4ODv8ODg7/Dg4O/w4ODv8ODg7/Dg4O/w4ODv8ODg7/Dw8P/w8PD/8PDw//Dw8P/xAQEP8QEBD/EBAQ/xAQEP8PDw//Dw8P/w8PD/8PDw//Dw8P/w8PD/8PDw//Dw8P/w8PD/8PDw//Dw8P/w8PD/8PDw//Dw8P/w8PD/8ODg7/Dg4O/w8PD/8PDw//Dw8P/w8PD/8PDw//Dw8P/w8PD/8PDw//EBAQ/xEREf8UFBT/FxcX/xgYGP8ZGRn/HR0d/yUlJf8rKyv/NTU1/zg4OP83Nzf/NTU1/zIyMv8vLy//Ly8v/y8vL/8vLy//Li4u/y8vL/8wMDD/Ly8v/y4uLv8tLS3/LCws/ywsLP8tLS3/LS0t/y4uLv8uLi7/Li4u/y4uLv8wMDD/MTEx/zAwMP8wMDD/Ly8v/y8vL/8uLi7/LS0t/y4uLv8wMDD/MDAw/zAwMP8wMDD/Ly8v/y8vL/8wMDD/MDAw/y8vL/8uLi7/Li4u/y4uLv8vLy//Ly8v/y8vL/8vLy//MDAw/zAwMP8xMTH/MTEx/zExMf8yMjL/MjIy/zMzM/8zMzP/MzMz/zMzM/8yMjL/MjIy/zIyMv8yMjL/MjIy/zExMf8yMjL/MjIy/zIyMv8yMjL/MjIy/zIyMv8yMjL/MzMz/zMzM/8yMjL/MjIy/zMzM/8zMzP/MTEx/zAwMP8xMTH/MjIy/zExMf9AQED/QEBA/z8/P/9AQED/QkJC/0JCQv9CQkL/QkJC/0FBQf9BQUH/QEBA/0FBQf9BQUH/QUFB/0FBQf9BQUH/QUFB/0BAQP8/Pz//Pj4+/0BAQP9CQkL/Q0ND/0RERP9ERET/Q0ND/0JCQv9BQUH/QUFB/0BAQP9AQED/QUFB/0FBQf9BQUH/QUFB/0BAQP8/Pz//QEBA/0BAQP9BQUH/QUFB/0FBQf9CQkL/QUFB/0BAQP8/Pz//Pj4+/z8/P/9BQUH/QkJC/0NDQ/9ERET/Q0ND/0NDQ/9CQkL/QUFB/0NDQ/9FRUX/RkZG/0dHR/9JSUn/S0tL/0lJSf9HR0f/RkZG/0dHR/9GRkb/RUVF/0VFRf9GRkb/RkZG/0ZGRv9GRkb/RkZG/0ZGRv9HR0f/SEhI/0hISP9JSUn/SEhI/0ZGRv9ERET/QUFB/0FBQf9BQUH/QkJC/0RERP9ERET/RERE/0NDQ/9AQED/Pz8//z4+Pv8+Pj7/Pj4+/z4+Pv8/Pz//Pz8//z4+Pv87Ozv/PDw8/z09Pf8+Pj7/Pz8//z4+Pv87Ozv/OTk5/zY2Nv80NDT/Ly8v/ywsLP8rKyv/Kysr/z4+Pv9SUlL/VFRU/1VVVf9VVVX/VVVV/11dXf9ra2v/Y2Nj/05OTv9BQUH/Kysr/yIiIv8cHBz/GRkZ/xcXF/8WFhb/FRUV/xUVFf8VFRX/FRUV/xUVFf8VFRX/FRUV/xUVFf8UFBT/FBQU/xQUFP8UFBT/FBQU/xUVFf8WFhb/FhYW/xcXF/8YGBj/GRkZ/xwcHP8gICD/Ly8v/0BAQP9GRkb/Tk5O/0FBQf8tLS3/JiYm/x0dHf8cHBz/HBwc/yMjI/82Njb/QUFB/01NTf9VVVX/Wlpa/15eXv9bW1v/WVlZ/1ZWVv9SUlL/T09P/0lJSf9LS0v/T09P/0lJSf89PT3/MzMz/yEhIf8bGxv/FxcX/xUVFf8UFBT/FRUV/xkZGf8eHh7/Kioq/zc3N/8tLS3/IiIi/x0dHf8XFxf/FxcX/xYWFv8aGhr/ISEh/ycnJ/8xMTH/NDQ0/zc3N/83Nzf/Nzc3/zc3N/86Ojr/PT09/zo6Ov83Nzf/MjIy/ywsLP8oKCj/IyMj/x8fH/8YGBj/FhYW/xUVFf8UFBT/FBQU/xUVFf8YGBj/HBwc/yYmJv8rKyv/IiIi/xsbG/8XFxf/FBQU/xUVFf8XFxf/JCQk/zc3N/85OTn/Ozs7/zo6Ov82Njb/NjY2/zg4OP83Nzf/NDQ0/zIyMv8xMTH/MTEx/zExMf8yMjL/Li4u/ysrK/8hISH/FhYW/xUVFf8TExP/ExMT/xQUFP8XFxf/Hh4e/yQkJP8xMTH/MjIy/ycnJ/8gICD/GRkZ/xQUFP8VFRX/FhYW/yAgIP8rKyv/MjIy/zs7O/88PDz/PT09/zw8PP86Ojr/OTk5/zg4OP83Nzf/NTU1/zQ0NP80NDT/MzMz/y0tLf8oKCj/Hx8f/xYWFv8VFRX/FBQU/xQUFP8VFRX/HR0d/ykpKf8wMDD/Ozs7/zo6Ov8zMzP/Ly8v/yoqKv8nJyf/Jycn/yYmJv8mJib/JiYm/yUlJf8jIyP/ISEh/x8fH/8cHBz/GBgY/xUVFf8TExP/EhIS/xAQEP8QEBD/Dw8P/w8PD/8PDw//Dw8P/w8PD/8PDw//EBAQ/xEREf8VFRX/Ghoa/yUlJf8xMTH/MDAw/zAwMP8nJyf/GRkZ/xYWFv8TExP/EhIS/xMTE/8VFRX/GRkZ/xsbG/8eHh7/ICAg/yEhIf8iIiL/IiIi/z8/P/8/Pz//QEBA/z8/P/8+Pj7/Pj4+/z8/P/8/Pz//Pz8//z8/P/8/Pz//Pz8//z09Pf88PDz/PDw8/zw8PP89PT3/PT09/z4+Pv8+Pj7/Pz8//z8/P/8/Pz//Pz8//z4+Pv8+Pj7/Pz8//0BAQP9AQED/Pj4+/z4+Pv8+Pj7/Pj4+/z4+Pv8+Pj7/PT09/z09Pf8+Pj7/Pj4+/z4+Pv8+Pj7/Pj4+/z4+Pv8/Pz//Pz8//0BAQP9BQUH/Q0ND/0ZGRv9HR0f/RUVF/0RERP9BQUH/QEBA/z8/P/8+Pj7/Pz8//0BAQP9AQED/QEBA/0BAQP9AQED/QEBA/z8/P/8/Pz//Pz8//z4+Pv89PT3/PT09/z09Pf8+Pj7/Pz8//z8/P/9AQED/QEBA/0BAQP9BQUH/QUFB/0FBQf9AQED/QEBA/0BAQP9AQED/QEBA/0BAQP8/Pz//Pz8//z8/P/8/Pz//Pz8//0FBQf9CQkL/QUFB/0BAQP9AQED/QUFB/0FBQf9BQUH/QEBA/0BAQP9AQED/QUFB/0FBQf9BQUH/QUFB/0BAQP9AQED/QUFB/0FBQf9BQUH/QUFB/0FBQf9AQED/QEBA/z8/P/8/Pz//Pj4+/z8/P/9BQUH/QUFB/0BAQP9AQED/QUFB/0FBQf9BQUH/QkJC/0RERP9ERET/QkJC/0FBQf9BQUH/QEBA/0FBQf9BQUH/QkJC/0NDQ/9CQkL/QUFB/0BAQP8/Pz//Pz8//z8/P/8/Pz//QEBA/0BAQP9AQED/QUFB/0FBQf9CQkL/Q0ND/0RERP9DQ0P/Q0ND/0RERP9FRUX/RERE/0RERP9DQ0P/QkJC/0FBQf9BQUH/QEBA/z8/P/8+Pj7/Pz8//z8/P/8+Pj7/Pj4+/z8/P/8/Pz//QEBA/0BAQP9BQUH/QUFB/0FBQf9AQED/QEBA/z8/P/8/Pz//QEBA/0BAQP8/Pz//Pz8//0BAQP9AQED/Pz8//z4+Pv8/Pz//QEBA/0BAQP8/Pz//Pj4+/z09Pf89PT3/Pj4+/z4+Pv89PT3/Pj4+/z8/P/8/Pz//QUFB/0FBQf9BQUH/QUFB/0BAQP9AQED/QEBA/0BAQP9BQUH/QkJC/0JCQv9CQkL/QkJC/0FBQf9BQUH/QUFB/0JCQv9CQkL/QkJC/0RERP9FRUX/RUVF/0VFRf9ERET/Q0ND/0JCQv9CQkL/QkJC/0JCQv9CQkL/RERE/0NDQ/9BQUH/QUFB/0FBQf9AQED/QEBA/0BAQP8/Pz//Pz8//0BAQP9BQUH/Q0ND/0RERP9DQ0P/QUFB/0BAQP8/Pz//Pz8//z8/P/8/Pz//Pz8//z8/P/9BQUH/QUFB/0NDQ/9ERET/RkZG/0dHR/9GRkb/RUVF/0RERP9ERET/RERE/0RERP9DQ0P/Q0ND/0NDQ/9DQ0P/QkJC/0JCQv9CQkL/RERE/0RERP9ERET/RERE/0JCQv9CQkL/QkJC/0NDQ/9ERET/RUVF/0VFRf9ERET/Q0ND/0FBQf9BQUH/QkJC/0JCQv9CQkL/QkJC/0JCQv9CQkL/QkJC/0JCQv9BQUH/QUFB/0BAQP9AQED/QEBA/0FBQf9BQUH/QkJC/0NDQ/9ERET/Q0ND/0JCQv9BQUH/QUFB/0FBQf9BQUH/QUFB/0FBQf9BQUH/QUFB/0FBQf9BQUH/QUFB/0JCQv9CQkL/QUFB/0BAQP8/Pz//Pz8//0BAQP9CQkL/QkJC/0NDQ/9CQkL/QkJC/0JCQv9CQkL/Q0ND/0RERP9ERET/Q0ND/0JCQv9BQUH/MjIy/zIyMv8zMzP/MzMz/zIyMv8yMjL/MTEx/zIyMv8zMzP/MzMz/zIyMv8yMjL/MzMz/zMzM/8zMzP/MzMz/zMzM/80NDT/NDQ0/zQ0NP8zMzP/MzMz/zMzM/8zMzP/MzMz/zQ0NP81NTX/NjY2/zY2Nv81NTX/NTU1/zU1Nf81NTX/NDQ0/zQ0NP8zMzP/MzMz/zQ0NP80NDT/NTU1/zY2Nv82Njb/NTU1/zU1Nf82Njb/NTU1/zU1Nf80NDT/NDQ0/zQ0NP81NTX/NjY2/zY2Nv83Nzf/Nzc3/zg4OP83Nzf/Nzc3/zc3N/82Njb/NjY2/zU1Nf82Njb/Nzc3/zc3N/82Njb/NjY2/zY2Nv82Njb/Nzc3/zc3N/83Nzf/ODg4/zk5Of86Ojr/OTk5/zg4OP84ODj/ODg4/zg4OP84ODj/ODg4/zg4OP84ODj/OTk5/zg4OP83Nzf/Nzc3/zc3N/83Nzf/ODg4/zk5Of84ODj/Nzc3/zg4OP84ODj/ODg4/zc3N/83Nzf/Nzc3/zY2Nv82Njb/NjY2/zc3N/83Nzf/OTk5/zk5Of84ODj/ODg4/zk5Of86Ojr/OTk5/zk5Of85OTn/OTk5/zg4OP83Nzf/ODg4/zk5Of84ODj/NjY2/zc3N/83Nzf/ODg4/zc3N/83Nzf/Nzc3/zg4OP85OTn/Ojo6/zo6Ov86Ojr/Ojo6/zo6Ov87Ozv/PDw8/zw8PP87Ozv/Ojo6/zk5Of85OTn/OTk5/zk5Of86Ojr/Ojo6/zo6Ov86Ojr/Ojo6/zs7O/87Ozv/PDw8/zw8PP88PDz/PDw8/zs7O/87Ozv/Ozs7/zs7O/87Ozv/Ozs7/zs7O/87Ozv/Ozs7/zw8PP88PDz/PDw8/zw8PP88PDz/PDw8/zw8PP88PDz/PDw8/zw8PP88PDz/PDw8/zs7O/87Ozv/Ojo6/zs7O/88PDz/PT09/z4+Pv8/Pz//PT09/zw8PP88PDz/Ozs7/z09Pf8+Pj7/PT09/zw8PP88PDz/Ozs7/zs7O/86Ojr/Ojo6/zs7O/88PDz/PDw8/z09Pf8+Pj7/Pj4+/z8/P/8/Pz//Pz8//z8/P/9AQED/QUFB/0BAQP8/Pz//QEBA/0FBQf9AQED/Pz8//z8/P/8+Pj7/Pz8//0FBQf9BQUH/QUFB/0FBQf8/Pz//Pj4+/z4+Pv8/Pz//Pz8//z8/P/8/Pz//Pz8//0BAQP9AQED/QEBA/0FBQf9BQUH/QEBA/0BAQP9AQED/QEBA/z8/P/8/Pz//QEBA/0BAQP9BQUH/QUFB/0BAQP8/Pz//Pz8//z8/P/8/Pz//QEBA/0BAQP9AQED/QEBA/0BAQP9AQED/Pz8//z8/P/8/Pz//QEBA/0BAQP9BQUH/QUFB/0FBQf9CQkL/QkJC/0FBQf9BQUH/QUFB/0BAQP9AQED/Pz8//z4+Pv89PT3/PT09/z09Pf89PT3/Pj4+/z8/P/8/Pz//Pz8//0BAQP9BQUH/QUFB/0JCQv9CQkL/Q0ND/0FBQf9AQED/Pz8//z4+Pv8/Pz//QUFB/0FBQf9BQUH/QkJC/0JCQv9CQkL/QkJC/0NDQ/9DQ0P/QkJC/0BAQP8+Pj7/Pj4+/z09Pf8+Pj7/Pz8//z4+Pv89PT3/PDw8/zw8PP88PDz/PDw8/zw8PP88PDz/PT09/z4+Pv8+Pj7/Pz8//z8/P/9AQED/QEBA/0BAQP9AQED/QEBA/z4+Pv8+Pj7/PT09/zw8PP88PDz/PDw8/z4+Pv8+Pj7/PT09/z09Pf8+Pj7/Pz8//z8/P/8VFRX/FhYW/xYWFv8WFhb/FhYW/xYWFv8WFhb/FhYW/xYWFv8WFhb/FxcX/xcXF/8WFhb/FhYW/xYWFv8WFhb/FhYW/xYWFv8VFRX/FRUV/xUVFf8VFRX/FRUV/xUVFf8VFRX/FhYW/xYWFv8VFRX/FRUV/xQUFP8UFBT/EhIS/xISEv8SEhL/ERER/xEREf8QEBD/ERER/xEREf8RERH/EhIS/xQUFP8YGBj/HR0d/yUlJf8kJCT/IiIi/yIiIv8hISH/ICAg/x8fH/8fHx//HR0d/x0dHf8dHR3/HR0d/x0dHf8dHR3/HR0d/x0dHf8dHR3/Hh4e/x4eHv8fHx//Hh4e/x4eHv8dHR3/HBwc/xwcHP8cHBz/HBwc/xwcHP8cHBz/HBwc/x0dHf8dHR3/HR0d/x8fH/8gICD/IiIi/yUlJf8mJib/JiYm/yQkJP8fHx//HR0d/xwcHP8cHBz/HBwc/x0dHf8fHx//ICAg/yAgIP8gICD/Hx8f/x0dHf8dHR3/HR0d/x0dHf8cHBz/HBwc/xwcHP8bGxv/Ghoa/xoaGv8ZGRn/GBgY/xkZGf8aGhr/HBwc/x4eHv8gICD/IiIi/yQkJP8nJyf/JiYm/yUlJf8mJib/JiYm/yYmJv8lJSX/JCQk/yEhIf8gICD/ICAg/yAgIP8hISH/ISEh/yIiIv8iIiL/IiIi/yEhIf8hISH/ISEh/yAgIP8gICD/Hx8f/x4eHv8eHh7/HR0d/x0dHf8cHBz/HBwc/xwcHP8cHBz/HBwc/xsbG/8aGhr/GRkZ/xkZGf8ZGRn/FxcX/xYWFv8VFRX/FRUV/xUVFf8WFhb/FhYW/xcXF/8WFhb/FhYW/xUVFf8TExP/EhIS/xEREf8RERH/ERER/xAQEP8QEBD/EBAQ/xAQEP8QEBD/EBAQ/xAQEP8QEBD/EBAQ/xAQEP8QEBD/ERER/xEREf8RERH/ERER/xEREf8QEBD/EBAQ/xAQEP8QEBD/EBAQ/xAQEP8QEBD/EBAQ/xEREf8RERH/ERER/xISEv8RERH/EBAQ/w8PD/8PDw//Dw8P/w8PD/8PDw//Dw8P/w8PD/8ODg7/Dg4O/w4ODv8ODg7/Dg4O/w4ODv8ODg7/Dg4O/w4ODv8PDw//Dw8P/w8PD/8PDw//Dw8P/w8PD/8PDw//EBAQ/w8PD/8PDw//Dw8P/w8PD/8PDw//Dw8P/w8PD/8PDw//Dw8P/w8PD/8PDw//Dw8P/w8PD/8PDw//Dg4O/w4ODv8ODg7/Dg4O/w8PD/8PDw//Dw8P/w8PD/8PDw//Dw8P/xAQEP8RERH/ExMT/xUVFf8YGBj/Ghoa/x0dHf8iIiL/Kysr/zAwMP83Nzf/ODg4/zY2Nv80NDT/MTEx/y8vL/8uLi7/Li4u/y4uLv8uLi7/Ly8v/zAwMP8vLy//Li4u/y4uLv8tLS3/LS0t/y0tLf8uLi7/Ly8v/y8vL/8vLy//Ly8v/zAwMP8wMDD/MDAw/zAwMP8wMDD/MDAw/y8vL/8uLi7/Ly8v/y8vL/8vLy//MDAw/zAwMP8vLy//MDAw/zAwMP8wMDD/Ly8v/y4uLv8uLi7/Li4u/y8vL/8vLy//Ly8v/y8vL/8vLy//MDAw/zAwMP8xMTH/MTEx/zExMf8xMTH/MTEx/zExMf8yMjL/MjIy/zIyMv8yMjL/MTEx/zExMf8xMTH/MTEx/zIyMv8yMjL/MjIy/zIyMv8yMjL/MjIy/zIyMv8zMzP/MjIy/zIyMv8yMjL/MzMz/zIyMv8xMTH/MTEx/zExMf8yMjL/MjIy/0JCQv9CQkL/QkJC/0NDQ/9ERET/RERE/0RERP9ERET/Q0ND/0JCQv9BQUH/QUFB/0NDQ/9DQ0P/QkJC/0JCQv9BQUH/QEBA/0BAQP9BQUH/Q0ND/0VFRf9FRUX/RERE/0NDQ/9BQUH/QUFB/0BAQP9AQED/Pz8//z8/P/9AQED/QEBA/0BAQP9AQED/QEBA/0BAQP9AQED/QEBA/0BAQP9AQED/QEBA/z8/P/8+Pj7/PT09/z09Pf89PT3/Pj4+/0BAQP9CQkL/Q0ND/0RERP9ERET/RERE/0JCQv9BQUH/QkJC/0NDQ/9FRUX/SEhI/0lJSf9LS0v/SkpK/0dHR/9HR0f/RkZG/0ZGRv9HR0f/R0dH/0dHR/9ISEj/SEhI/0lJSf9ISEj/SEhI/0hISP9HR0f/RkZG/0ZGRv9FRUX/RUVF/0RERP9BQUH/QUFB/0JCQv9CQkL/RERE/0RERP9ERET/Q0ND/0FBQf8/Pz//Pz8//z8/P/8+Pj7/PDw8/z09Pf8+Pj7/Pj4+/z09Pf89PT3/PDw8/zw8PP88PDz/Ozs7/zs7O/86Ojr/Ojo6/zg4OP80NDT/MTEx/y4uLv8rKyv/Ly8v/zMzM/9GRkb/XV1d/2BgYP9jY2P/cHBw/4aGhv+EhIT/eXl5/2ZmZv89PT3/LCws/yAgIP8aGhr/GBgY/xYWFv8VFRX/FRUV/xUVFf8UFBT/FBQU/xQUFP8UFBT/FBQU/xQUFP8TExP/ExMT/xMTE/8TExP/FBQU/xQUFP8UFBT/FRUV/xYWFv8YGBj/Gxsb/x8fH/8uLi7/Pz8//0ZGRv9OTk7/QEBA/yoqKv8jIyP/GRkZ/xgYGP8ZGRn/Hh4e/ywsLP80NDT/Pj4+/0RERP9HR0f/SUlJ/0dHR/9FRUX/Q0ND/0JCQv8+Pj7/Ojo6/z4+Pv9FRUX/Pz8//zIyMv8qKir/HBwc/xgYGP8VFRX/FBQU/xMTE/8UFBT/GRkZ/x4eHv8qKir/NjY2/ywsLP8hISH/HR0d/xcXF/8XFxf/FhYW/xcXF/8YGBj/GRkZ/xwcHP8dHR3/Hh4e/x4eHv8eHh7/Hh4e/x4eHv8eHh7/Hh4e/x0dHf8cHBz/Gxsb/xkZGf8YGBj/FhYW/xQUFP8UFBT/ExMT/xMTE/8TExP/FBQU/xgYGP8dHR3/Jycn/ysrK/8iIiL/Ghoa/xcXF/8TExP/ExMT/xQUFP8aGhr/IyMj/yUlJf8oKCj/KCgo/ycnJ/8pKSn/Li4u/y4uLv8sLCz/Kysr/ykpKf8nJyf/Jycn/ycnJ/8lJSX/IiIi/xsbG/8TExP/ExMT/xMTE/8TExP/FBQU/xgYGP8fHx//JiYm/zMzM/80NDT/KSkp/yIiIv8ZGRn/FBQU/xMTE/8TExP/GRkZ/yAgIP8nJyf/Li4u/y4uLv8tLS3/LCws/ysrK/8rKyv/Kysr/yoqKv8pKSn/KCgo/ygoKP8nJyf/IyMj/yAgIP8ZGRn/FBQU/xMTE/8TExP/FBQU/xYWFv8eHh7/KSkp/zExMf89PT3/Ozs7/zQ0NP8vLy//KSkp/ycnJ/8lJSX/IyMj/yMjI/8jIyP/IiIi/yEhIf8eHh7/Gxsb/xgYGP8UFBT/ExMT/xEREf8RERH/EBAQ/xAQEP8QEBD/EBAQ/xAQEP8QEBD/Dw8P/w8PD/8QEBD/ERER/xUVFf8ZGRn/JSUl/zIyMv8yMjL/MjIy/ykpKf8aGhr/FxcX/xMTE/8SEhL/EhIS/xMTE/8UFBT/FBQU/xUVFf8VFRX/FhYW/xYWFv8WFhb/Pj4+/z8/P/9BQUH/QEBA/z4+Pv8+Pj7/Pz8//z8/P/8+Pj7/Pz8//0BAQP8/Pz//Pj4+/z09Pf88PDz/PDw8/zw8PP88PDz/Pj4+/z8/P/8/Pz//QEBA/0BAQP9AQED/QEBA/0BAQP9AQED/QUFB/0JCQv9BQUH/QUFB/0BAQP9AQED/QEBA/0BAQP9AQED/QEBA/0BAQP9AQED/Pz8//z4+Pv8+Pj7/PT09/z09Pf89PT3/PT09/z4+Pv8/Pz//Q0ND/0RERP9FRUX/RUVF/0NDQ/9CQkL/QUFB/0BAQP9BQUH/QkJC/0JCQv9DQ0P/QkJC/0FBQf9AQED/Pz8//z8/P/8+Pj7/Pj4+/z4+Pv8+Pj7/PT09/z09Pf8/Pz//QEBA/0BAQP8/Pz//Pz8//z4+Pv8/Pz//QEBA/0BAQP9BQUH/QUFB/0JCQv9CQkL/QkJC/0FBQf9AQED/QEBA/0BAQP9BQUH/QkJC/0JCQv9BQUH/Pz8//0BAQP9AQED/QUFB/0FBQf9BQUH/QkJC/0JCQv9CQkL/QkJC/0JCQv9BQUH/QEBA/0BAQP9BQUH/QkJC/0JCQv9CQkL/QUFB/0FBQf9AQED/QEBA/0BAQP9BQUH/QUFB/0FBQf9BQUH/QUFB/0FBQf9AQED/QEBA/0FBQf9CQkL/RERE/0VFRf9DQ0P/QkJC/0FBQf9BQUH/QUFB/0BAQP9CQkL/RERE/0NDQ/9DQ0P/QUFB/z8/P/8/Pz//QEBA/0BAQP9BQUH/QUFB/0FBQf9CQkL/QkJC/0NDQ/9DQ0P/Q0ND/0JCQv9AQED/QUFB/0JCQv9CQkL/QkJC/0FBQf9AQED/QEBA/0FBQf9BQUH/QUFB/0BAQP9AQED/QEBA/z4+Pv89PT3/Pj4+/z4+Pv8/Pz//QUFB/0JCQv9DQ0P/QkJC/0BAQP9AQED/QEBA/0BAQP9BQUH/QUFB/0BAQP9AQED/Pz8//z8/P/8/Pz//Pz8//z8/P/9AQED/QEBA/0BAQP8+Pj7/Ozs7/zw8PP8+Pj7/Pj4+/z4+Pv8+Pj7/PT09/z4+Pv9BQUH/QkJC/0JCQv9CQkL/QUFB/0FBQf9BQUH/QUFB/0FBQf9BQUH/QUFB/0FBQf9BQUH/Pz8//z8/P/8/Pz//Pz8//z8/P/9AQED/QEBA/0FBQf9BQUH/QkJC/0JCQv9CQkL/QkJC/0NDQ/9CQkL/QUFB/0JCQv9DQ0P/QkJC/0BAQP9AQED/QEBA/0BAQP8/Pz//Pz8//z4+Pv8/Pz//QUFB/0JCQv9ERET/RUVF/0NDQ/9AQED/QEBA/0BAQP9AQED/Pz8//z4+Pv89PT3/Pj4+/z8/P/9AQED/QkJC/0JCQv9DQ0P/RERE/0RERP9ERET/Q0ND/0JCQv9CQkL/QkJC/0JCQv9BQUH/QkJC/0JCQv9CQkL/QUFB/0FBQf9BQUH/QUFB/0FBQf9BQUH/QUFB/0FBQf9BQUH/QkJC/0ZGRv9KSkr/SEhI/0ZGRv9ERET/QUFB/0FBQf9AQED/QkJC/0RERP9ERET/RERE/0RERP9BQUH/QEBA/0BAQP9AQED/QUFB/0JCQv9CQkL/QkJC/0JCQv9BQUH/Q0ND/0VFRf9ERET/RERE/0NDQ/9BQUH/QUFB/0JCQv9CQkL/Q0ND/0NDQ/9DQ0P/Q0ND/0NDQ/9ERET/RERE/0RERP9DQ0P/QUFB/0FBQf9BQUH/QUFB/0NDQ/9DQ0P/RERE/0VFRf9GRkb/R0dH/0ZGRv9HR0f/SEhI/0hISP9GRkb/RERE/0NDQ/8zMzP/MzMz/zQ0NP8zMzP/MzMz/zMzM/8yMjL/MjIy/zMzM/8zMzP/MjIy/zIyMv8zMzP/MzMz/zMzM/8zMzP/MzMz/zMzM/8zMzP/MzMz/zMzM/8zMzP/MzMz/zIyMv8zMzP/NDQ0/zQ0NP8zMzP/MzMz/zQ0NP80NDT/NDQ0/zQ0NP8zMzP/MzMz/zMzM/8yMjL/NDQ0/zU1Nf81NTX/NjY2/zY2Nv81NTX/NjY2/zc3N/82Njb/NTU1/zQ0NP8zMzP/MzMz/zQ0NP80NDT/NTU1/zU1Nf82Njb/Nzc3/zc3N/83Nzf/Nzc3/zY2Nv81NTX/NDQ0/zU1Nf81NTX/NjY2/zY2Nv82Njb/Nzc3/zc3N/84ODj/OTk5/zk5Of86Ojr/OTk5/zk5Of84ODj/Nzc3/zg4OP85OTn/OTk5/zk5Of85OTn/Ojo6/zo6Ov86Ojr/OTk5/zg4OP83Nzf/Nzc3/zY2Nv83Nzf/ODg4/zc3N/82Njb/NjY2/zY2Nv83Nzf/OTk5/zg4OP84ODj/Nzc3/zU1Nf81NTX/NjY2/zc3N/84ODj/OTk5/zg4OP83Nzf/ODg4/zg4OP84ODj/Nzc3/zc3N/83Nzf/NjY2/zU1Nf82Njb/ODg4/zc3N/81NTX/NTU1/zU1Nf82Njb/Nzc3/zg4OP84ODj/ODg4/zk5Of85OTn/Ojo6/zs7O/86Ojr/OTk5/zo6Ov87Ozv/Ozs7/zs7O/87Ozv/Ojo6/zo6Ov85OTn/Ojo6/zs7O/88PDz/Ozs7/zs7O/86Ojr/Ojo6/zo6Ov86Ojr/Ojo6/zo6Ov86Ojr/Ojo6/zo6Ov86Ojr/Ojo6/zo6Ov86Ojr/Ojo6/zo6Ov86Ojr/OTk5/zk5Of85OTn/OTk5/zk5Of86Ojr/Ojo6/zs7O/87Ozv/Ozs7/zw8PP88PDz/PDw8/zs7O/85OTn/Ojo6/zo6Ov87Ozv/PT09/z09Pf89PT3/PT09/zs7O/86Ojr/Ozs7/zw8PP88PDz/PDw8/zw8PP87Ozv/Ozs7/zs7O/87Ozv/Ozs7/zs7O/88PDz/PT09/z4+Pv8/Pz//QUFB/0JCQv9CQkL/Q0ND/0RERP9ERET/QkJC/0BAQP9AQED/QEBA/0BAQP9AQED/QEBA/z8/P/9AQED/QkJC/0JCQv9BQUH/QUFB/z8/P/8/Pz//QEBA/0FBQf9BQUH/QUFB/0FBQf9CQkL/QkJC/0JCQv9BQUH/QUFB/0FBQf9AQED/QEBA/z8/P/8/Pz//Pj4+/z4+Pv9AQED/QUFB/0FBQf9CQkL/QEBA/z4+Pv8/Pz//Pz8//z8/P/9AQED/QEBA/z8/P/8/Pz//QEBA/z8/P/8+Pj7/Pj4+/z8/P/8/Pz//QUFB/0JCQv9CQkL/QkJC/0JCQv9CQkL/QUFB/0BAQP9AQED/QUFB/0BAQP8/Pz//Pz8//z4+Pv89PT3/PDw8/zw8PP8+Pj7/Pj4+/z4+Pv8+Pj7/Pj4+/z4+Pv8/Pz//QEBA/0BAQP9AQED/QEBA/z8/P/8/Pz//Pz8//z8/P/9AQED/QEBA/0BAQP8/Pz//Pz8//0BAQP9BQUH/QkJC/0FBQf9AQED/Pz8//z4+Pv8+Pj7/PT09/z09Pf8+Pj7/Pj4+/z09Pf89PT3/PT09/z09Pf89PT3/PT09/z09Pf89PT3/Pj4+/z8/P/9AQED/QUFB/0JCQv9DQ0P/QUFB/z8/P/8/Pz//Pz8//z8/P/8/Pz//Pz8//z4+Pv8/Pz//Pz8//z8/P/8/Pz//Pz8//z8/P/8/Pz//Pz8//xYWFv8WFhb/FhYW/xYWFv8XFxf/FxcX/xYWFv8WFhb/FhYW/xYWFv8WFhb/FhYW/xYWFv8WFhb/FhYW/xYWFv8WFhb/FhYW/xUVFf8VFRX/FRUV/xUVFf8VFRX/FBQU/xQUFP8VFRX/FRUV/xYWFv8VFRX/FBQU/xQUFP8SEhL/EhIS/xISEv8SEhL/ERER/xEREf8RERH/ERER/xEREf8RERH/FBQU/xgYGP8dHR3/JSUl/yUlJf8kJCT/IyMj/yIiIv8hISH/ICAg/x8fH/8dHR3/HBwc/xwcHP8cHBz/HBwc/xwcHP8dHR3/HR0d/x0dHf8eHh7/Hh4e/x4eHv8eHh7/Hh4e/x4eHv8dHR3/HBwc/xwcHP8bGxv/HBwc/xwcHP8cHBz/HBwc/xwcHP8cHBz/HR0d/x4eHv8gICD/JCQk/yYmJv8qKir/KCgo/yIiIv8gICD/HR0d/xwcHP8bGxv/Gxsb/xwcHP8dHR3/HR0d/x4eHv8eHh7/Hh4e/x4eHv8eHh7/HR0d/x0dHf8dHR3/Hh4e/x4eHv8dHR3/HR0d/xwcHP8bGxv/Ghoa/xoaGv8bGxv/HBwc/x0dHf8dHR3/Hx8f/yIiIv8iIiL/IiIi/yMjI/8kJCT/JSUl/yUlJf8kJCT/ISEh/yEhIf8gICD/ICAg/yEhIf8iIiL/ISEh/yEhIf8gICD/Hx8f/x8fH/8fHx//Hx8f/x8fH/8fHx//Hh4e/x0dHf8cHBz/HBwc/xsbG/8bGxv/Gxsb/xsbG/8bGxv/Ghoa/xgYGP8XFxf/FxcX/xYWFv8WFhb/FRUV/xUVFf8VFRX/FhYW/xgYGP8YGBj/GRkZ/xgYGP8WFhb/FRUV/xMTE/8SEhL/ERER/xEREf8RERH/ERER/xAQEP8QEBD/EBAQ/xAQEP8QEBD/EBAQ/xAQEP8RERH/ERER/xEREf8RERH/EhIS/xISEv8SEhL/EhIS/xEREf8RERH/EBAQ/xAQEP8QEBD/ERER/xEREf8RERH/ERER/xEREf8SEhL/ExMT/xISEv8QEBD/Dw8P/w4ODv8ODg7/Dw8P/w8PD/8ODg7/Dg4O/w4ODv8ODg7/Dg4O/w4ODv8ODg7/Dg4O/w4ODv8ODg7/Dg4O/w4ODv8ODg7/Dg4O/w4ODv8NDQ3/Dg4O/w8PD/8PDw//EBAQ/xAQEP8PDw//Dw8P/w8PD/8ODg7/Dw8P/w8PD/8PDw//Dg4O/w4ODv8ODg7/Dg4O/w4ODv8ODg7/Dg4O/w4ODv8ODg7/Dg4O/w4ODv8ODg7/Dw8P/w8PD/8QEBD/ERER/xMTE/8VFRX/FhYW/xgYGP8cHBz/JCQk/yoqKv80NDT/Nzc3/zg4OP83Nzf/NTU1/zMzM/8wMDD/Li4u/y0tLf8sLCz/LS0t/y4uLv8vLy//MDAw/y8vL/8uLi7/Li4u/y8vL/8uLi7/Li4u/y8vL/8wMDD/MTEx/zAwMP8wMDD/Ly8v/y8vL/8wMDD/MDAw/zAwMP8xMTH/MTEx/zExMf8wMDD/Li4u/y8vL/8vLy//Ly8v/zAwMP8wMDD/MDAw/zAwMP8vLy//Ly8v/y8vL/8vLy//Ly8v/zAwMP8vLy//Ly8v/y8vL/8wMDD/MDAw/zAwMP8wMDD/Ly8v/y8vL/8vLy//Ly8v/zExMf8xMTH/MTEx/zExMf8wMDD/Ly8v/zExMf8yMjL/MjIy/zIyMv8yMjL/MjIy/zIyMv8yMjL/MjIy/zIyMv8yMjL/MjIy/zIyMv8yMjL/MjIy/zIyMv8yMjL/MTEx/zExMf8yMjL/Q0ND/0NDQ/9ERET/RUVF/0ZGRv9GRkb/RkZG/0VFRf9DQ0P/Q0ND/0JCQv9CQkL/RERE/0VFRf9ERET/Q0ND/0JCQv9CQkL/QkJC/0JCQv9ERET/RUVF/0VFRf9ERET/RERE/0NDQ/9DQ0P/QkJC/0JCQv9AQED/QEBA/0FBQf9BQUH/QUFB/0FBQf9BQUH/QUFB/0FBQf9BQUH/QUFB/0FBQf9AQED/Pz8//z8/P/89PT3/Pj4+/z8/P/8/Pz//QUFB/0JCQv9DQ0P/RERE/0RERP9DQ0P/QkJC/0FBQf9CQkL/QkJC/0VFRf9ISEj/SUlJ/0pKSv9JSUn/R0dH/0ZGRv9GRkb/RkZG/0dHR/9ISEj/SEhI/0lJSf9JSUn/SUlJ/0lJSf9JSUn/SEhI/0dHR/9GRkb/RkZG/0VFRf9FRUX/RERE/0NDQ/9DQ0P/RERE/0RERP9FRUX/RUVF/0VFRf9ERET/Q0ND/0JCQv9BQUH/QEBA/z4+Pv89PT3/Pj4+/z8/P/8+Pj7/Pj4+/z09Pf89PT3/PDw8/zw8PP87Ozv/Ozs7/zs7O/86Ojr/OTk5/zY2Nv80NDT/MDAw/y0tLf8sLCz/Kysr/z09Pf9TU1P/YGBg/3Jycv99fX3/jY2N/46Ojv+NjY3/fX19/1ZWVv9CQkL/LCws/yAgIP8aGhr/FxcX/xYWFv8VFRX/FRUV/xQUFP8UFBT/FBQU/xQUFP8UFBT/FBQU/xMTE/8TExP/ExMT/xMTE/8UFBT/FBQU/xQUFP8UFBT/FRUV/xcXF/8aGhr/Hh4e/y4uLv8/Pz//RkZG/09PT/9AQED/KSkp/yIiIv8ZGRn/GRkZ/xoaGv8eHh7/KCgo/y0tLf8zMzP/NjY2/zg4OP85OTn/ODg4/zY2Nv81NTX/NDQ0/zExMf8uLi7/MTEx/zc3N/8yMjL/KSkp/yMjI/8aGhr/FxcX/xUVFf8UFBT/FBQU/xUVFf8aGhr/Hh4e/yoqKv81NTX/LS0t/yMjI/8eHh7/GBgY/xgYGP8XFxf/FhYW/xYWFv8XFxf/FxcX/xgYGP8YGBj/GRkZ/xkZGf8ZGRn/GRkZ/xkZGf8YGBj/GBgY/xgYGP8XFxf/FxcX/xYWFv8VFRX/FBQU/xQUFP8UFBT/FBQU/xQUFP8WFhb/Ghoa/x4eHv8oKCj/LCws/yIiIv8aGhr/FxcX/xMTE/8TExP/FBQU/xcXF/8cHBz/Hh4e/yAgIP8gICD/ICAg/yIiIv8lJSX/JiYm/yUlJf8kJCT/IiIi/yEhIf8gICD/ICAg/x4eHv8dHR3/GBgY/xISEv8SEhL/ExMT/xMTE/8UFBT/GBgY/yAgIP8nJyf/NTU1/zU1Nf8pKSn/IiIi/xkZGf8UFBT/ExMT/xMTE/8XFxf/Gxsb/yAgIP8lJSX/JCQk/yMjI/8jIyP/IyMj/yMjI/8jIyP/IiIi/yEhIf8hISH/ISEh/yAgIP8dHR3/Gxsb/xcXF/8TExP/ExMT/xMTE/8UFBT/FhYW/x4eHv8qKir/MjIy/z4+Pv88PDz/MzMz/y4uLv8mJib/IyMj/yEhIf8gICD/Hx8f/x8fH/8eHh7/Hh4e/xsbG/8YGBj/FRUV/xMTE/8SEhL/ERER/xEREf8QEBD/EBAQ/xAQEP8QEBD/EBAQ/xAQEP8PDw//Dw8P/xAQEP8RERH/FRUV/xkZGf8lJSX/MjIy/zQ0NP81NTX/LS0t/x8fH/8bGxv/FhYW/xUVFf8UFBT/FBQU/xUVFf8VFRX/FRUV/xUVFf8WFhb/FhYW/xYWFv89PT3/Pz8//0BAQP8/Pz//Pj4+/z4+Pv8+Pj7/Pj4+/z8/P/8/Pz//QEBA/0BAQP8+Pj7/Pj4+/z09Pf88PDz/PDw8/zw8PP8+Pj7/Pz8//z8/P/8/Pz//Pz8//0BAQP9AQED/QEBA/0BAQP9BQUH/QUFB/0FBQf9BQUH/QEBA/0BAQP9AQED/QEBA/0FBQf9BQUH/QEBA/0BAQP8/Pz//Pj4+/z4+Pv8+Pj7/Pj4+/z4+Pv8+Pj7/PT09/z4+Pv9BQUH/QkJC/0RERP9ERET/Q0ND/0JCQv9CQkL/QkJC/0JCQv9BQUH/QkJC/0JCQv9CQkL/QEBA/0BAQP9AQED/Pz8//z4+Pv8+Pj7/Pz8//z8/P/8+Pj7/Pj4+/z8/P/9AQED/QEBA/0BAQP8/Pz//Pz8//0BAQP9AQED/QEBA/0BAQP9BQUH/QUFB/0FBQf9BQUH/QUFB/0BAQP8/Pz//QEBA/0FBQf9CQkL/Q0ND/0FBQf9AQED/QEBA/0FBQf9BQUH/QUFB/0FBQf9CQkL/QkJC/0JCQv9CQkL/QkJC/0JCQv9BQUH/QUFB/0JCQv9DQ0P/Q0ND/0JCQv9CQkL/QkJC/0FBQf9BQUH/QUFB/0JCQv9CQkL/QUFB/0FBQf9BQUH/QUFB/0BAQP9AQED/QEBA/0FBQf9DQ0P/Q0ND/0NDQ/9CQkL/QUFB/0FBQf9AQED/QEBA/0FBQf9DQ0P/Q0ND/0NDQ/9CQkL/QEBA/0BAQP9AQED/QEBA/0BAQP9AQED/QUFB/0FBQf9CQkL/QkJC/0JCQv9CQkL/QUFB/0BAQP9BQUH/QUFB/0FBQf9CQkL/QUFB/0BAQP9AQED/QUFB/0FBQf9BQUH/QUFB/0BAQP9AQED/Pj4+/z09Pf8+Pj7/Pj4+/z8/P/9BQUH/QkJC/0NDQ/9DQ0P/QUFB/0FBQf9BQUH/QUFB/0FBQf9BQUH/QEBA/0BAQP9AQED/Pz8//z8/P/8/Pz//Pz8//z8/P/8/Pz//Pz8//z09Pf87Ozv/PDw8/z4+Pv8+Pj7/Pz8//z4+Pv8+Pj7/Pj4+/0BAQP9BQUH/QkJC/0JCQv9BQUH/QUFB/0FBQf9BQUH/QUFB/0JCQv9BQUH/QEBA/0BAQP8/Pz//Pz8//0BAQP9AQED/QEBA/0BAQP9BQUH/QUFB/0FBQf9CQkL/QkJC/0JCQv9CQkL/QkJC/0JCQv9BQUH/QUFB/0JCQv9BQUH/QEBA/0BAQP9AQED/QEBA/z8/P/8/Pz//Pj4+/z4+Pv9AQED/QUFB/0NDQ/9ERET/QkJC/0BAQP9AQED/QEBA/0BAQP8/Pz//Pz8//z4+Pv8/Pz//QEBA/0FBQf9CQkL/QkJC/0NDQ/9DQ0P/Q0ND/0NDQ/9DQ0P/QkJC/0JCQv9CQkL/QUFB/0BAQP9AQED/QUFB/0FBQf9AQED/QEBA/0FBQf9CQkL/RkZG/0ZGRv9DQ0P/QkJC/0FBQf9BQUH/RkZG/0lJSf9ISEj/R0dH/0VFRf9BQUH/QUFB/0BAQP9CQkL/RERE/0RERP9ERET/Q0ND/0FBQf9AQED/Pz8//0BAQP9CQkL/Q0ND/0RERP9GRkb/RERE/0NDQ/9ERET/RkZG/0VFRf9FRUX/RERE/0JCQv9CQkL/QkJC/0NDQ/9DQ0P/Q0ND/0NDQ/9DQ0P/Q0ND/0RERP9ERET/RERE/0NDQ/9BQUH/QUFB/0JCQv9CQkL/Q0ND/0RERP9ERET/RUVF/0ZGRv9HR0f/R0dH/0dHR/9JSUn/SUlJ/0dHR/9GRkb/RERE/zMzM/8zMzP/NDQ0/zMzM/8zMzP/MzMz/zIyMv8yMjL/MzMz/zMzM/8yMjL/MjIy/zMzM/8zMzP/MzMz/zMzM/8zMzP/MzMz/zMzM/8zMzP/MzMz/zMzM/8zMzP/MzMz/zMzM/80NDT/NDQ0/zMzM/8zMzP/NDQ0/zQ0NP80NDT/NDQ0/zQ0NP80NDT/MzMz/zMzM/80NDT/NTU1/zU1Nf81NTX/NTU1/zQ0NP81NTX/NjY2/zY2Nv81NTX/NDQ0/zQ0NP80NDT/NDQ0/zQ0NP81NTX/NTU1/zY2Nv82Njb/Nzc3/zc3N/83Nzf/Nzc3/zY2Nv80NDT/NDQ0/zU1Nf81NTX/NjY2/zY2Nv83Nzf/Nzc3/zg4OP84ODj/OTk5/zk5Of85OTn/ODg4/zg4OP83Nzf/ODg4/zk5Of85OTn/OTk5/zk5Of86Ojr/Ojo6/zo6Ov86Ojr/ODg4/zg4OP82Njb/NjY2/zY2Nv83Nzf/NjY2/zU1Nf81NTX/NDQ0/zY2Nv84ODj/ODg4/zc3N/82Njb/NTU1/zU1Nf81NTX/NjY2/zc3N/83Nzf/Nzc3/zc3N/83Nzf/Nzc3/zc3N/82Njb/Nzc3/zc3N/82Njb/NTU1/zY2Nv84ODj/ODg4/zY2Nv82Njb/NjY2/zY2Nv83Nzf/Nzc3/zc3N/84ODj/OTk5/zk5Of86Ojr/Ojo6/zo6Ov85OTn/Ojo6/zo6Ov86Ojr/Ojo6/zo6Ov86Ojr/Ojo6/zo6Ov86Ojr/PDw8/zw8PP88PDz/PDw8/zs7O/86Ojr/Ojo6/zo6Ov86Ojr/Ozs7/zo6Ov86Ojr/Ojo6/zo6Ov86Ojr/Ojo6/zo6Ov86Ojr/Ojo6/zo6Ov86Ojr/Ojo6/zo6Ov86Ojr/Ojo6/zo6Ov87Ozv/PDw8/z09Pf89PT3/PT09/z09Pf88PDz/Ozs7/zk5Of85OTn/Ojo6/zo6Ov88PDz/PT09/z4+Pv8+Pj7/PT09/z09Pf89PT3/PT09/z4+Pv8+Pj7/PT09/z09Pf89PT3/PDw8/zw8PP88PDz/PT09/z4+Pv8/Pz//QUFB/0JCQv9ERET/RkZG/0ZGRv9GRkb/RkZG/0ZGRv9ERET/QkJC/0JCQv9BQUH/QUFB/0BAQP9AQED/QEBA/0FBQf9DQ0P/Q0ND/0JCQv9CQkL/QkJC/0JCQv9DQ0P/RERE/0NDQ/9DQ0P/Q0ND/0NDQ/9CQkL/QkJC/0JCQv9CQkL/QkJC/0FBQf9BQUH/QEBA/0BAQP9AQED/QUFB/0FBQf9CQkL/QkJC/0NDQ/9BQUH/Pz8//z8/P/9AQED/QUFB/0FBQf9BQUH/QEBA/0BAQP9BQUH/QEBA/z8/P/8+Pj7/Pz8//0BAQP9BQUH/QkJC/0JCQv9CQkL/QkJC/0JCQv9BQUH/QEBA/0BAQP9AQED/QEBA/z8/P/8/Pz//Pj4+/z4+Pv8+Pj7/Pj4+/z8/P/9AQED/Pz8//z8/P/8/Pz//Pj4+/z8/P/8/Pz//QEBA/0BAQP9AQED/Pz8//z8/P/8/Pz//Pz8//z8/P/8/Pz//Pz8//z8/P/9AQED/QUFB/0JCQv9CQkL/QEBA/z8/P/8+Pj7/PT09/z09Pf88PDz/PT09/z09Pf89PT3/PT09/z09Pf88PDz/PT09/z09Pf89PT3/PT09/z09Pf8+Pj7/Pz8//0BAQP9AQED/QUFB/0FBQf9AQED/Pz8//z8/P/8+Pj7/Pj4+/z4+Pv8+Pj7/Pj4+/z4+Pv8+Pj7/Pj4+/z4+Pv8+Pj7/Pj4+/z09Pf89PT3/FRUV/xUVFf8VFRX/FhYW/xYWFv8WFhb/FRUV/xUVFf8VFRX/FRUV/xUVFf8VFRX/FRUV/xUVFf8VFRX/FRUV/xYWFv8WFhb/FRUV/xUVFf8VFRX/FRUV/xUVFf8UFBT/FRUV/xUVFf8VFRX/FhYW/xUVFf8UFBT/ExMT/xMTE/8SEhL/EhIS/xISEv8SEhL/ERER/xEREf8RERH/ERER/xISEv8UFBT/GBgY/x0dHf8lJSX/JSUl/yQkJP8jIyP/IiIi/yEhIf8fHx//Hh4e/x0dHf8cHBz/HBwc/xwcHP8cHBz/HBwc/xwcHP8cHBz/HR0d/x0dHf8dHR3/HR0d/x4eHv8eHh7/Hh4e/x0dHf8dHR3/HBwc/xwcHP8cHBz/HBwc/xwcHP8cHBz/HBwc/xwcHP8dHR3/HR0d/x8fH/8iIiL/JCQk/ygoKP8nJyf/JSUl/yMjI/8fHx//HR0d/xsbG/8bGxv/Gxsb/xwcHP8cHBz/HBwc/x0dHf8dHR3/HR0d/x0dHf8dHR3/HR0d/x4eHv8fHx//Hx8f/x4eHv8eHh7/HR0d/x0dHf8bGxv/Gxsb/xwcHP8cHBz/HR0d/x0dHf8fHx//ISEh/yEhIf8hISH/IiIi/yMjI/8jIyP/JCQk/yMjI/8hISH/ISEh/yAgIP8gICD/ISEh/yEhIf8hISH/ISEh/x8fH/8eHh7/Hh4e/x8fH/8fHx//Hh4e/x4eHv8dHR3/HR0d/xwcHP8bGxv/Gxsb/xsbG/8aGhr/Ghoa/xkZGf8ZGRn/FxcX/xYWFv8WFhb/FhYW/xUVFf8VFRX/FhYW/xYWFv8XFxf/GBgY/xkZGf8ZGRn/GBgY/xYWFv8VFRX/EhIS/xISEv8RERH/ERER/xEREf8RERH/ERER/xAQEP8QEBD/ERER/xAQEP8QEBD/EBAQ/xEREf8RERH/ERER/xEREf8SEhL/EhIS/xISEv8SEhL/ERER/xEREf8QEBD/EBAQ/xAQEP8RERH/ERER/xEREf8RERH/ERER/xISEv8TExP/EhIS/xEREf8QEBD/Dw8P/w8PD/8PDw//Dw8P/w8PD/8PDw//Dg4O/w4ODv8ODg7/Dg4O/w4ODv8ODg7/Dg4O/w4ODv8ODg7/Dg4O/w4ODv8ODg7/Dg4O/w0NDf8ODg7/Dg4O/w8PD/8PDw//Dw8P/w8PD/8PDw//Dw8P/w4ODv8PDw//Dw8P/w8PD/8PDw//Dg4O/w4ODv8ODg7/Dg4O/w4ODv8ODg7/Dg4O/w4ODv8ODg7/Dg4O/w4ODv8PDw//EBAQ/xEREf8SEhL/FBQU/xcXF/8ZGRn/Gxsb/yAgIP8oKCj/LS0t/zY2Nv84ODj/Nzc3/zY2Nv80NDT/MjIy/zAwMP8uLi7/LS0t/ywsLP8tLS3/Li4u/y4uLv8vLy//Ly8v/y4uLv8uLi7/Li4u/y4uLv8uLi7/Li4u/zAwMP8wMDD/MDAw/zAwMP8wMDD/Ly8v/zAwMP8wMDD/MDAw/zExMf8xMTH/MTEx/zAwMP8vLy//Ly8v/y8vL/8vLy//Ly8v/y8vL/8vLy//Ly8v/y8vL/8vLy//Ly8v/y8vL/8wMDD/MDAw/zAwMP8wMDD/MDAw/zAwMP8wMDD/MDAw/zAwMP8wMDD/Ly8v/y8vL/8vLy//MTEx/zIyMv8xMTH/MTEx/zAwMP8wMDD/MTEx/zIyMv8yMjL/MjIy/zIyMv8xMTH/MjIy/zIyMv8yMjL/MzMz/zMzM/8zMzP/MzMz/zMzM/8zMzP/MjIy/zIyMv8yMjL/MjIy/zIyMv9ERET/RUVF/0dHR/9HR0f/R0dH/0dHR/9HR0f/RkZG/0RERP9ERET/Q0ND/0NDQ/9GRkb/RkZG/0ZGRv9FRUX/RUVF/0VFRf9FRUX/RERE/0RERP9ERET/RUVF/0VFRf9FRUX/RkZG/0ZGRv9HR0f/RkZG/0RERP9ERET/Q0ND/0NDQ/9DQ0P/Q0ND/0NDQ/9DQ0P/Q0ND/0NDQ/9DQ0P/Q0ND/0JCQv9AQED/QEBA/0BAQP9BQUH/QkJC/0JCQv9DQ0P/RERE/0RERP9ERET/Q0ND/0NDQ/9CQkL/QUFB/0FBQf9AQED/RERE/0hISP9JSUn/SUlJ/0hISP9GRkb/RkZG/0VFRf9GRkb/R0dH/0hISP9JSUn/SUlJ/0lJSf9ISEj/SEhI/0hISP9ISEj/SEhI/0dHR/9HR0f/RkZG/0VFRf9GRkb/R0dH/0hISP9JSUn/SUlJ/0hISP9ISEj/R0dH/0dHR/9HR0f/R0dH/0RERP9BQUH/QEBA/z8/P/9AQED/QEBA/0BAQP9AQED/Pz8//z8/P/8+Pj7/PT09/zw8PP87Ozv/Ojo6/zo6Ov86Ojr/OTk5/zc3N/80NDT/MDAw/ywsLP8oKCj/MTEx/zw8PP9cXFz/jIyM/4+Pj/+Pj4//lZWV/6Ojo/+bm5v/gYGB/2tra/9BQUH/Kysr/yAgIP8YGBj/FxcX/xUVFf8VFRX/FRUV/xQUFP8UFBT/FBQU/xQUFP8UFBT/ExMT/xMTE/8UFBT/FBQU/xQUFP8UFBT/ExMT/xMTE/8UFBT/FRUV/xoaGv8eHh7/LS0t/z4+Pv9HR0f/UlJS/0JCQv8pKSn/IyMj/xsbG/8bGxv/Hx8f/yEhIf8kJCT/JCQk/yIiIv8gICD/ISEh/yEhIf8hISH/ICAg/yAgIP8fHx//Hh4e/x0dHf8eHh7/Hx8f/x4eHv8aGhr/GRkZ/xYWFv8VFRX/FRUV/xUVFf8VFRX/FhYW/xoaGv8fHx//Kioq/zQ0NP8uLi7/JiYm/yEhIf8bGxv/GRkZ/xgYGP8XFxf/FxcX/xcXF/8WFhb/FxcX/xcXF/8YGBj/GBgY/xkZGf8ZGRn/Ghoa/xkZGf8YGBj/GBgY/xcXF/8XFxf/FxcX/xcXF/8WFhb/FhYW/xYWFv8WFhb/FhYW/xgYGP8dHR3/ISEh/yoqKv8tLS3/IyMj/xsbG/8YGBj/FBQU/xQUFP8VFRX/FhYW/xcXF/8YGBj/GBgY/xgYGP8YGBj/GBgY/xkZGf8ZGRn/GRkZ/xgYGP8YGBj/GBgY/xcXF/8XFxf/FhYW/xYWFv8VFRX/ExMT/xMTE/8SEhL/ExMT/xQUFP8YGBj/ISEh/ykpKf83Nzf/Nzc3/yoqKv8iIiL/Ghoa/xUVFf8UFBT/FBQU/xUVFf8WFhb/FhYW/xcXF/8XFxf/FxcX/xcXF/8YGBj/GBgY/xgYGP8YGBj/FxcX/xcXF/8XFxf/FxcX/xYWFv8WFhb/FBQU/xMTE/8TExP/EhIS/xUVFf8YGBj/ICAg/ywsLP8zMzP/QEBA/z09Pf8zMzP/LCws/yEhIf8dHR3/Gxsb/xoaGv8ZGRn/GRkZ/xgYGP8XFxf/FRUV/xMTE/8SEhL/ERER/xEREf8RERH/ERER/xAQEP8QEBD/Dw8P/w8PD/8QEBD/EBAQ/xAQEP8QEBD/EhIS/xMTE/8WFhb/Ghoa/yYmJv8zMzP/NjY2/zo6Ov8zMzP/Jycn/yMjI/8cHBz/Ghoa/xgYGP8YGBj/GRkZ/xoaGv8aGhr/Ghoa/xoaGv8aGhr/Ghoa/zw8PP89PT3/Pj4+/z4+Pv8+Pj7/Pj4+/z09Pf8+Pj7/Pz8//0BAQP9BQUH/QUFB/z4+Pv89PT3/PT09/z09Pf88PDz/Ozs7/z4+Pv9AQED/Pj4+/z09Pf8+Pj7/QUFB/0BAQP8/Pz//QEBA/0BAQP9AQED/Pz8//z8/P/8+Pj7/Pj4+/z4+Pv8/Pz//QEBA/0BAQP9AQED/QEBA/z8/P/8/Pz//Pz8//z8/P/9AQED/QEBA/z8/P/89PT3/PT09/z8/P/8/Pz//QEBA/0FBQf9DQ0P/RERE/0RERP9DQ0P/QkJC/0BAQP9BQUH/QUFB/0BAQP8/Pz//Pz8//0FBQf9AQED/Pz8//z8/P/9AQED/QEBA/z8/P/8/Pz//QEBA/0BAQP9AQED/QUFB/0FBQf9CQkL/QkJC/0FBQf9AQED/Pz8//z8/P/8/Pz//QEBA/0BAQP9AQED/Pj4+/z4+Pv9AQED/QUFB/0NDQ/9ERET/Q0ND/0JCQv9CQkL/QkJC/0FBQf9BQUH/QUFB/0JCQv9CQkL/QkJC/0JCQv9CQkL/QkJC/0FBQf9BQUH/RERE/0RERP9ERET/RERE/0RERP9DQ0P/Q0ND/0NDQ/9DQ0P/Q0ND/0NDQ/9BQUH/QUFB/0JCQv9BQUH/Pz8//z8/P/8/Pz//QEBA/0BAQP9BQUH/QkJC/0JCQv9BQUH/QUFB/0BAQP8/Pz//QEBA/0FBQf9BQUH/QkJC/0JCQv9CQkL/QUFB/z8/P/8/Pz//PT09/z09Pf8+Pj7/Pz8//0BAQP9BQUH/QUFB/0FBQf9BQUH/QUFB/0FBQf9BQUH/QUFB/0FBQf9BQUH/QUFB/0FBQf9AQED/QEBA/0FBQf9BQUH/QEBA/0BAQP8/Pz//Pj4+/z09Pf89PT3/Pz8//0BAQP9CQkL/RUVF/0RERP9DQ0P/Q0ND/0JCQv9BQUH/QUFB/0FBQf9BQUH/QUFB/0FBQf9BQUH/QEBA/z8/P/8/Pz//Pj4+/z4+Pv8+Pj7/PT09/z09Pf89PT3/Pz8//z8/P/9AQED/Pz8//z8/P/8/Pz//Pz8//0BAQP9BQUH/QkJC/0FBQf9BQUH/QUFB/0JCQv9CQkL/Q0ND/0FBQf8/Pz//QEBA/0BAQP9AQED/QUFB/0JCQv9DQ0P/Q0ND/0NDQ/9DQ0P/Q0ND/0NDQ/9CQkL/QkJC/0JCQv9BQUH/QUFB/0FBQf9BQUH/QUFB/0FBQf9BQUH/QUFB/0FBQf9AQED/Pz8//z4+Pv89PT3/PT09/z4+Pv8+Pj7/QEBA/0JCQv9BQUH/QUFB/0BAQP8/Pz//Pz8//0BAQP9AQED/QEBA/0FBQf9DQ0P/Q0ND/0NDQ/9DQ0P/QkJC/0JCQv9CQkL/QkJC/0JCQv9CQkL/QkJC/0FBQf8/Pz//PT09/z4+Pv8/Pz//Pz8//z8/P/9AQED/QkJC/0dHR/9RUVH/UVFR/0hISP9DQ0P/QUFB/0FBQf9DQ0P/RkZG/0dHR/9ISEj/RUVF/0FBQf9BQUH/QUFB/0FBQf9CQkL/QkJC/0JCQv9BQUH/QEBA/z8/P/9AQED/QEBA/0NDQ/9GRkb/SUlJ/01NTf9KSkr/R0dH/0dHR/9HR0f/R0dH/0dHR/9GRkb/RUVF/0RERP9DQ0P/Q0ND/0JCQv9DQ0P/Q0ND/0RERP9DQ0P/QkJC/0NDQ/9DQ0P/QkJC/0BAQP9CQkL/Q0ND/0RERP9FRUX/RUVF/0VFRf9FRUX/RERE/0VFRf9GRkb/SEhI/0pKSv9KSkr/SUlJ/0dHR/9GRkb/MzMz/zMzM/8zMzP/MzMz/zMzM/8zMzP/MjIy/zMzM/80NDT/NDQ0/zMzM/8zMzP/MjIy/zIyMv8yMjL/MTEx/zIyMv8zMzP/MzMz/zQ0NP80NDT/NDQ0/zQ0NP80NDT/NDQ0/zQ0NP80NDT/NDQ0/zU1Nf81NTX/NDQ0/zQ0NP80NDT/NTU1/zU1Nf81NTX/NTU1/zU1Nf81NTX/NTU1/zQ0NP80NDT/MzMz/zQ0NP80NDT/NDQ0/zQ0NP80NDT/NTU1/zQ0NP80NDT/NDQ0/zU1Nf82Njb/NjY2/zU1Nf82Njb/Nzc3/zc3N/84ODj/NjY2/zQ0NP80NDT/NTU1/zU1Nf82Njb/NjY2/zY2Nv82Njb/NjY2/zY2Nv83Nzf/Nzc3/zc3N/83Nzf/Nzc3/zc3N/84ODj/ODg4/zk5Of86Ojr/Ojo6/zk5Of86Ojr/Ozs7/zo6Ov85OTn/Nzc3/zU1Nf80NDT/NTU1/zU1Nf80NDT/MzMz/zMzM/8zMzP/NTU1/zc3N/82Njb/NTU1/zQ0NP80NDT/NDQ0/zQ0NP80NDT/NTU1/zU1Nf82Njb/NjY2/zY2Nv81NTX/NTU1/zU1Nf83Nzf/ODg4/zc3N/83Nzf/ODg4/zo6Ov85OTn/ODg4/zg4OP83Nzf/NjY2/zU1Nf81NTX/NjY2/zc3N/85OTn/Ojo6/zo6Ov85OTn/OTk5/zk5Of85OTn/OTk5/zk5Of85OTn/Ojo6/zs7O/87Ozv/Ozs7/zs7O/88PDz/PDw8/z09Pf89PT3/PDw8/zs7O/86Ojr/OTk5/zo6Ov88PDz/Ozs7/zo6Ov86Ojr/Ozs7/zo6Ov85OTn/OTk5/zo6Ov86Ojr/Ozs7/zw8PP88PDz/PDw8/zw8PP88PDz/PDw8/z09Pf8+Pj7/QEBA/z8/P/8/Pz//Pj4+/zw8PP87Ozv/OTk5/zk5Of85OTn/Ojo6/zw8PP8+Pj7/Pz8//0BAQP9BQUH/QkJC/0JCQv9DQ0P/QkJC/0FBQf9BQUH/QEBA/0BAQP8/Pz//Pz8//z4+Pv8/Pz//QUFB/0NDQ/9FRUX/R0dH/0tLS/9MTEz/S0tL/0lJSf9JSUn/SEhI/0hISP9HR0f/RkZG/0RERP9DQ0P/QUFB/0FBQf9CQkL/Q0ND/0RERP9ERET/RERE/0VFRf9GRkb/R0dH/0dHR/9HR0f/R0dH/0hISP9GRkb/RUVF/0NDQ/9CQkL/Q0ND/0RERP9ERET/Q0ND/0JCQv9CQkL/Q0ND/0VFRf9FRUX/RERE/0RERP9ERET/RERE/0JCQv9BQUH/QUFB/0JCQv9DQ0P/RERE/0NDQ/9CQkL/QkJC/0JCQv9CQkL/QUFB/0BAQP9BQUH/QUFB/0JCQv9CQkL/QkJC/0JCQv9CQkL/QkJC/0FBQf9AQED/QEBA/z8/P/8/Pz//Pz8//z8/P/8+Pj7/Pz8//0BAQP9CQkL/Q0ND/0RERP9CQkL/QUFB/0BAQP8/Pz//Pz8//z4+Pv8/Pz//Pz8//z8/P/9AQED/QEBA/z8/P/8/Pz//Pj4+/z4+Pv8/Pz//QEBA/0JCQv9DQ0P/Q0ND/0JCQv8/Pz//PT09/zw8PP87Ozv/Ozs7/zs7O/87Ozv/Ozs7/zs7O/88PDz/PDw8/zs7O/88PDz/PT09/z4+Pv89PT3/PDw8/z09Pf8+Pj7/Pj4+/z4+Pv8+Pj7/Pj4+/z4+Pv8/Pz//Pj4+/z09Pf89PT3/PT09/zw8PP88PDz/Ozs7/zs7O/87Ozv/Ozs7/zs7O/87Ozv/Ojo6/zs7O/8UFBT/FBQU/xQUFP8UFBT/FBQU/xQUFP8UFBT/ExMT/xMTE/8UFBT/FBQU/xQUFP8UFBT/FBQU/xQUFP8UFBT/FRUV/xUVFf8VFRX/FBQU/xQUFP8UFBT/FBQU/xUVFf8VFRX/FRUV/xUVFf8VFRX/FRUV/xMTE/8TExP/ExMT/xMTE/8SEhL/EhIS/xISEv8SEhL/EhIS/xISEv8SEhL/ExMT/xYWFv8ZGRn/Hh4e/yUlJf8lJSX/IyMj/yIiIv8gICD/Hx8f/x4eHv8eHh7/HR0d/x0dHf8cHBz/HBwc/xwcHP8bGxv/Gxsb/xsbG/8bGxv/Gxsb/xwcHP8cHBz/HR0d/x0dHf8dHR3/HR0d/x0dHf8dHR3/HBwc/xwcHP8bGxv/Gxsb/xsbG/8cHBz/HR0d/x0dHf8dHR3/Hh4e/x8fH/8gICD/IiIi/yQkJP8oKCj/Jycn/yIiIv8gICD/HR0d/xsbG/8bGxv/Ghoa/xsbG/8bGxv/HBwc/xwcHP8cHBz/HBwc/x0dHf8dHR3/HR0d/x4eHv8eHh7/Hx8f/x8fH/8fHx//Hx8f/x0dHf8cHBz/HBwc/x0dHf8eHh7/Hx8f/x8fH/8gICD/ISEh/yIiIv8hISH/ISEh/yEhIf8iIiL/IiIi/yEhIf8hISH/ICAg/x8fH/8fHx//Hx8f/yAgIP8gICD/Hx8f/x4eHv8eHh7/Hh4e/x4eHv8dHR3/HR0d/xwcHP8cHBz/Gxsb/xsbG/8aGhr/Ghoa/xkZGf8YGBj/FxcX/xYWFv8VFRX/FRUV/xUVFf8VFRX/FRUV/xUVFf8XFxf/GRkZ/xkZGf8aGhr/GRkZ/xgYGP8XFxf/FRUV/xQUFP8SEhL/ERER/xEREf8RERH/ERER/xEREf8RERH/ERER/xEREf8SEhL/ERER/xAQEP8QEBD/EBAQ/xAQEP8RERH/ERER/xEREf8SEhL/EhIS/xISEv8RERH/EBAQ/xAQEP8QEBD/EBAQ/xAQEP8QEBD/EBAQ/xAQEP8QEBD/ERER/xMTE/8TExP/ExMT/xISEv8RERH/EBAQ/xAQEP8QEBD/EBAQ/xAQEP8PDw//Dw8P/w8PD/8PDw//Dw8P/w8PD/8PDw//Dw8P/w8PD/8ODg7/Dg4O/w4ODv8ODg7/Dg4O/w4ODv8ODg7/Dg4O/w4ODv8ODg7/Dw8P/w8PD/8PDw//Dw8P/w8PD/8PDw//Dw8P/xAQEP8PDw//Dw8P/w8PD/8ODg7/Dg4O/w4ODv8ODg7/Dg4O/w4ODv8PDw//Dw8P/xAQEP8SEhL/ExMT/xQUFP8WFhb/GBgY/x0dHf8iIiL/Jycn/y8vL/8yMjL/NjY2/zc3N/81NTX/NDQ0/zMzM/8yMjL/MDAw/y8vL/8uLi7/LS0t/y0tLf8tLS3/Li4u/y4uLv8uLi7/Li4u/y4uLv8tLS3/LS0t/y0tLf8tLS3/Li4u/y8vL/8wMDD/MTEx/zAwMP8wMDD/MDAw/zAwMP8wMDD/MTEx/zExMf8wMDD/MDAw/zAwMP8vLy//Ly8v/y8vL/8uLi7/Li4u/y4uLv8uLi7/Ly8v/y8vL/8wMDD/MDAw/zAwMP8wMDD/MTEx/zExMf8xMTH/MTEx/zExMf8wMDD/MDAw/zExMf8xMTH/MTEx/zExMf8yMjL/MzMz/zIyMv8yMjL/MjIy/zIyMv8yMjL/MzMz/zMzM/8zMzP/MjIy/zAwMP8xMTH/MjIy/zMzM/80NDT/NDQ0/zQ0NP81NTX/NTU1/zQ0NP8zMzP/MjIy/zIyMv8zMzP/MzMz/0VFRf9HR0f/SEhI/0hISP9ISEj/SEhI/0dHR/9HR0f/RUVF/0VFRf9FRUX/RUVF/0dHR/9HR0f/SEhI/0hISP9HR0f/R0dH/0ZGRv9GRkb/RkZG/0ZGRv9GRkb/RkZG/0dHR/9ISEj/SUlJ/0hISP9ISEj/RkZG/0ZGRv9FRUX/RUVF/0VFRf9FRUX/RERE/0NDQ/9DQ0P/RERE/0RERP9ERET/Q0ND/0FBQf9CQkL/QkJC/0NDQ/9DQ0P/RERE/0RERP9ERET/RERE/0RERP9ERET/Q0ND/0JCQv9BQUH/QUFB/0FBQf9ERET/SEhI/0lJSf9JSUn/SUlJ/0hISP9HR0f/R0dH/0hISP9JSUn/SUlJ/0tLS/9LS0v/SkpK/0lJSf9JSUn/SUlJ/0lJSf9KSkr/SUlJ/0hISP9HR0f/RkZG/0dHR/9JSUn/SkpK/0pKSv9KSkr/SkpK/0pKSv9JSUn/SEhI/0hISP9ISEj/RUVF/0JCQv9CQkL/QUFB/0FBQf9CQkL/QUFB/0BAQP9AQED/Pz8//z4+Pv8+Pj7/PT09/zw8PP87Ozv/Ozs7/zo6Ov86Ojr/OTk5/zU1Nf8yMjL/Li4u/ykpKf8tLS3/MjIy/1NTU/+Dg4P/jIyM/5eXl/+dnZ3/pqam/6Ojo/+UlJT/goKC/1VVVf87Ozv/KSkp/x0dHf8ZGRn/FhYW/xYWFv8VFRX/FRUV/xQUFP8UFBT/FBQU/xQUFP8TExP/ExMT/xQUFP8UFBT/FBQU/xQUFP8UFBT/FBQU/xQUFP8VFRX/GRkZ/x4eHv8tLS3/PT09/0ZGRv9QUFD/QkJC/yoqKv8jIyP/Gxsb/xwcHP8fHx//ISEh/yEhIf8hISH/HBwc/xoaGv8aGhr/Ghoa/xoaGv8aGhr/Ghoa/xkZGf8ZGRn/GBgY/xgYGP8ZGRn/GBgY/xcXF/8XFxf/FhYW/xYWFv8VFRX/FRUV/xYWFv8XFxf/HBwc/yEhIf8sLCz/Nzc3/zMzM/8uLi7/Kioq/yUlJf8jIyP/ISEh/yEhIf8gICD/Hx8f/x8fH/8fHx//Hx8f/x8fH/8gICD/ISEh/yIiIv8jIyP/IiIi/yIiIv8hISH/ISEh/yEhIf8hISH/ISEh/yAgIP8gICD/Hx8f/x8fH/8gICD/IiIi/yYmJv8pKSn/Ly8v/zExMf8oKCj/ICAg/xsbG/8WFhb/FhYW/xYWFv8XFxf/GBgY/xgYGP8ZGRn/GBgY/xcXF/8XFxf/FxcX/xYWFv8XFxf/FxcX/xYWFv8WFhb/FhYW/xYWFv8WFhb/FhYW/xYWFv8VFRX/FRUV/xQUFP8VFRX/FhYW/xoaGv8jIyP/Kioq/zg4OP84ODj/LCws/yUlJf8dHR3/GRkZ/xcXF/8WFhb/FhYW/xUVFf8VFRX/FBQU/xQUFP8UFBT/FRUV/xYWFv8WFhb/FhYW/xYWFv8VFRX/FRUV/xUVFf8VFRX/FRUV/xYWFv8VFRX/FRUV/xUVFf8UFBT/FxcX/xoaGv8iIiL/LS0t/zQ0NP8/Pz//PDw8/zIyMv8rKyv/Hh4e/xoaGv8ZGRn/GBgY/xcXF/8WFhb/FRUV/xQUFP8TExP/EhIS/xEREf8RERH/ERER/xEREf8RERH/EBAQ/xAQEP8QEBD/EBAQ/xAQEP8QEBD/EBAQ/xEREf8SEhL/ExMT/xcXF/8aGhr/JiYm/zMzM/84ODj/Pj4+/zg4OP8vLy//Kysr/yQkJP8iIiL/ICAg/yAgIP8iIiL/IiIi/yIiIv8iIiL/IiIi/yIiIv8iIiL/PDw8/z09Pf8+Pj7/Pj4+/z4+Pv8+Pj7/PT09/z4+Pv8/Pz//QEBA/0FBQf9AQED/Pj4+/z09Pf89PT3/PT09/zw8PP88PDz/PT09/z8/P/8+Pj7/PDw8/z4+Pv9AQED/Pz8//z4+Pv8+Pj7/Pz8//z4+Pv8+Pj7/Pj4+/z4+Pv8+Pj7/Pj4+/z4+Pv8/Pz//QEBA/0BAQP9AQED/Pz8//z8/P/8/Pz//QEBA/0BAQP9AQED/Pz8//z4+Pv8+Pj7/Pj4+/z4+Pv8/Pz//Pz8//0JCQv9DQ0P/Q0ND/0RERP9CQkL/QEBA/0BAQP9AQED/Pz8//z4+Pv8/Pz//QEBA/0BAQP8/Pz//Pz8//0BAQP9AQED/QEBA/0BAQP9AQED/QUFB/0FBQf9CQkL/QkJC/0NDQ/9CQkL/QUFB/0BAQP8/Pz//Pz8//z8/P/9AQED/QEBA/0BAQP8+Pj7/Pj4+/z8/P/9AQED/QkJC/0NDQ/9DQ0P/QkJC/0JCQv9CQkL/QUFB/0FBQf9BQUH/QkJC/0JCQv9CQkL/QkJC/0JCQv9CQkL/QkJC/0JCQv9DQ0P/RERE/0RERP9DQ0P/RERE/0RERP9DQ0P/QkJC/0NDQ/9DQ0P/QkJC/0FBQf9BQUH/QkJC/0FBQf8/Pz//Pz8//z8/P/8/Pz//QEBA/0BAQP9BQUH/QkJC/0FBQf9BQUH/QEBA/z8/P/8/Pz//QEBA/0FBQf9CQkL/QkJC/0JCQv9BQUH/Pz8//z4+Pv89PT3/PT09/z4+Pv8+Pj7/Pz8//0BAQP9AQED/QUFB/0FBQf9BQUH/QUFB/0FBQf9BQUH/QUFB/0FBQf9CQkL/QUFB/0BAQP9AQED/QEBA/0BAQP9AQED/Pz8//z8/P/8+Pj7/Pj4+/z09Pf8+Pj7/QEBA/0FBQf9ERET/RERE/0NDQ/9DQ0P/QkJC/0JCQv9BQUH/QUFB/0FBQf9BQUH/QUFB/0BAQP9AQED/Pz8//z8/P/8+Pj7/Pj4+/z09Pf89PT3/PT09/z4+Pv8/Pz//Pz8//0BAQP9AQED/QEBA/0BAQP9AQED/QEBA/0FBQf9BQUH/QUFB/0BAQP9BQUH/QUFB/0JCQv9DQ0P/QUFB/0BAQP9AQED/QEBA/0FBQf9CQkL/QkJC/0NDQ/9DQ0P/Q0ND/0JCQv9CQkL/QkJC/0JCQv9CQkL/QUFB/0FBQf9BQUH/QUFB/0BAQP8/Pz//QEBA/0FBQf9BQUH/QEBA/0BAQP8/Pz//Pj4+/z4+Pv89PT3/Pj4+/z4+Pv9AQED/QUFB/0JCQv9CQkL/QUFB/0BAQP9AQED/Pz8//z8/P/9AQED/QUFB/0NDQ/9DQ0P/Q0ND/0JCQv9CQkL/QkJC/0JCQv9CQkL/QkJC/0JCQv9CQkL/QUFB/z8/P/89PT3/Pj4+/z8/P/8/Pz//Pz8//0BAQP9CQkL/RkZG/1FRUf9RUVH/SEhI/0NDQ/9CQkL/QUFB/0NDQ/9FRUX/RkZG/0dHR/9ERET/QUFB/0FBQf9BQUH/QUFB/0FBQf9BQUH/QUFB/0FBQf9AQED/QEBA/0BAQP9BQUH/RERE/0dHR/9KSkr/Tk5O/0tLS/9HR0f/R0dH/0dHR/9HR0f/R0dH/0dHR/9ISEj/R0dH/0ZGRv9FRUX/Q0ND/0JCQv9DQ0P/RERE/0JCQv9CQkL/QkJC/0NDQ/9CQkL/QEBA/0JCQv9ERET/RERE/0RERP9ERET/RERE/0RERP9DQ0P/Q0ND/0ZGRv9HR0f/SUlJ/0pKSv9JSUn/SEhI/0dHR/8zMzP/MzMz/zMzM/8zMzP/MzMz/zMzM/8yMjL/MzMz/zU1Nf80NDT/NDQ0/zMzM/8yMjL/MjIy/zExMf8xMTH/MjIy/zMzM/8zMzP/NDQ0/zQ0NP80NDT/NDQ0/zQ0NP80NDT/NDQ0/zQ0NP81NTX/NTU1/zU1Nf80NDT/MzMz/zMzM/81NTX/NTU1/zY2Nv82Njb/NTU1/zU1Nf81NTX/NDQ0/zQ0NP8zMzP/MzMz/zQ0NP80NDT/NDQ0/zQ0NP81NTX/NTU1/zQ0NP80NDT/NTU1/zY2Nv81NTX/NTU1/zY2Nv83Nzf/Nzc3/zc3N/82Njb/NDQ0/zQ0NP81NTX/NTU1/zY2Nv82Njb/NjY2/zU1Nf81NTX/NTU1/zY2Nv83Nzf/Nzc3/zc3N/83Nzf/Nzc3/zc3N/83Nzf/ODg4/zk5Of85OTn/Ojo6/zw8PP9BQUH/QUFB/z4+Pv87Ozv/NTU1/zIyMv8xMTH/MTEx/zAwMP8wMDD/MDAw/zAwMP8xMTH/MzMz/zIyMv8xMTH/MTEx/zExMf8xMTH/MTEx/zExMf8xMTH/MTEx/zIyMv8zMzP/MjIy/zIyMv8yMjL/MjIy/zMzM/81NTX/NTU1/zQ0NP81NTX/NjY2/zY2Nv82Njb/NTU1/zQ0NP8zMzP/MjIy/zIyMv8zMzP/NDQ0/zY2Nv83Nzf/Nzc3/zY2Nv82Njb/NjY2/zY2Nv82Njb/NjY2/zc3N/83Nzf/ODg4/zg4OP84ODj/OTk5/zo6Ov86Ojr/Ozs7/zw8PP86Ojr/OTk5/zg4OP83Nzf/ODg4/zo6Ov86Ojr/Ojo6/zo6Ov87Ozv/Ojo6/zg4OP84ODj/OTk5/zk5Of86Ojr/Ozs7/zw8PP88PDz/Ozs7/zs7O/89PT3/Pj4+/0FBQf9FRUX/RkZG/0ZGRv9FRUX/Q0ND/0BAQP89PT3/PT09/z4+Pv9BQUH/SEhI/0xMTP9TU1P/VlZW/1VVVf9VVVX/U1NT/1FRUf9QUFD/T09P/05OTv9MTEz/S0tL/0lJSf9KSkr/TExM/1FRUf9cXFz/YWFh/2hoaP9ra2v/bGxs/2xsbP9ra2v/a2tr/2xsbP9tbW3/bGxs/2tra/9nZ2f/YmJi/15eXv9YWFj/W1tb/2JiYv9lZWX/Z2dn/2hoaP9oaGj/aWlp/2pqav9qamr/a2tr/2xsbP9tbW3/bW1t/2tra/9oaGj/ZmZm/2NjY/9jY2P/Y2Nj/2FhYf9eXl7/XV1d/1tbW/9dXV3/YWFh/2NjY/9jY2P/Y2Nj/2VlZf9nZ2f/ZGRk/2JiYv9hYWH/X19f/15eXv9cXFz/Wlpa/1hYWP9XV1f/VVVV/1RUVP9TU1P/VVVV/1tbW/9bW1v/VVVV/1BQUP9OTk7/TExM/01NTf9OTk7/T09P/1BQUP9QUFD/UFBQ/05OTv9KSkr/SUlJ/0hISP9JSUn/T09P/1FRUf9QUFD/T09P/0pKSv9HR0f/RkZG/0RERP9DQ0P/Q0ND/0NDQ/9DQ0P/QkJC/0FBQf9BQUH/QEBA/z8/P/8/Pz//QEBA/0NDQ/9ERET/RUVF/0VFRf9DQ0P/QkJC/z8/P/89PT3/PDw8/zs7O/87Ozv/PDw8/zs7O/87Ozv/PDw8/z09Pf89PT3/PDw8/z09Pf8+Pj7/Pj4+/z09Pf88PDz/PT09/z4+Pv8+Pj7/Pj4+/z4+Pv89PT3/Pj4+/z8/P/8+Pj7/PT09/zw8PP87Ozv/Ozs7/zs7O/87Ozv/Ojo6/zo6Ov87Ozv/Ozs7/zo6Ov85OTn/Ojo6/xQUFP8UFBT/FBQU/xQUFP8TExP/ExMT/xMTE/8TExP/ExMT/xMTE/8TExP/ExMT/xMTE/8TExP/FBQU/xQUFP8VFRX/FRUV/xUVFf8UFBT/FBQU/xQUFP8UFBT/FRUV/xUVFf8VFRX/FRUV/xUVFf8UFBT/ExMT/xMTE/8TExP/ExMT/xISEv8SEhL/EhIS/xISEv8SEhL/EhIS/xISEv8TExP/FRUV/xkZGf8eHh7/JCQk/yQkJP8iIiL/ISEh/x8fH/8fHx//Hh4e/x4eHv8dHR3/HR0d/xwcHP8cHBz/HBwc/xsbG/8bGxv/Gxsb/xsbG/8bGxv/Gxsb/xwcHP8cHBz/HR0d/x0dHf8dHR3/HR0d/x0dHf8dHR3/HBwc/xsbG/8bGxv/Gxsb/xwcHP8dHR3/HR0d/x0dHf8dHR3/Hh4e/x4eHv8fHx//IiIi/ycnJ/8nJyf/JCQk/yMjI/8gICD/Hh4e/xwcHP8cHBz/HBwc/xwcHP8cHBz/HBwc/xwcHP8cHBz/HBwc/x0dHf8dHR3/Hh4e/x4eHv8fHx//Hx8f/yAgIP8fHx//HR0d/x0dHf8dHR3/Hh4e/x8fH/8fHx//ICAg/yAgIP8hISH/IiIi/yEhIf8gICD/ISEh/yEhIf8hISH/ISEh/yAgIP8fHx//Hx8f/x4eHv8eHh7/Hx8f/yAgIP8fHx//Hh4e/x4eHv8eHh7/Hh4e/x0dHf8dHR3/HBwc/xwcHP8bGxv/Ghoa/xoaGv8ZGRn/GBgY/xcXF/8WFhb/FhYW/xUVFf8VFRX/FRUV/xUVFf8VFRX/FRUV/xcXF/8ZGRn/GRkZ/xkZGf8YGBj/FhYW/xUVFf8UFBT/ExMT/xEREf8RERH/ERER/xEREf8RERH/ERER/xEREf8RERH/ERER/xISEv8RERH/EBAQ/xAQEP8QEBD/EBAQ/xEREf8RERH/ERER/xEREf8SEhL/EhIS/xEREf8QEBD/EBAQ/xAQEP8QEBD/EBAQ/xAQEP8QEBD/EBAQ/xAQEP8RERH/EhIS/xISEv8TExP/EhIS/xEREf8RERH/EBAQ/xAQEP8QEBD/EBAQ/xAQEP8PDw//Dw8P/w8PD/8PDw//Dw8P/w8PD/8PDw//Dw8P/w4ODv8ODg7/Dg4O/w4ODv8ODg7/Dg4O/w4ODv8ODg7/Dg4O/w4ODv8ODg7/Dw8P/w8PD/8PDw//Dw8P/w8PD/8PDw//EBAQ/w8PD/8PDw//Dw8P/w4ODv8ODg7/Dg4O/w4ODv8ODg7/Dw8P/xAQEP8QEBD/EhIS/xMTE/8UFBT/FhYW/xkZGf8cHBz/ISEh/ygoKP8sLCz/MjIy/zMzM/82Njb/NTU1/zQ0NP8zMzP/MjIy/zExMf8wMDD/Li4u/y4uLv8tLS3/LS0t/y0tLf8uLi7/Li4u/y4uLv8uLi7/Li4u/y0tLf8tLS3/LS0t/y0tLf8uLi7/Li4u/zAwMP8xMTH/MDAw/zAwMP8wMDD/MDAw/zAwMP8wMDD/MDAw/zAwMP8wMDD/MDAw/y8vL/8vLy//Ly8v/y4uLv8uLi7/LS0t/y4uLv8vLy//Ly8v/zAwMP8wMDD/MDAw/zAwMP8xMTH/MjIy/zExMf8xMTH/MDAw/zAwMP8wMDD/MTEx/zExMf8xMTH/MTEx/zIyMv8yMjL/MjIy/zIyMv8yMjL/MjIy/zIyMv8zMzP/MzMz/zMzM/8yMjL/MDAw/zExMf8yMjL/MjIy/zMzM/80NDT/NDQ0/zU1Nf80NDT/NDQ0/zMzM/8yMjL/MzMz/zMzM/8zMzP/SUlJ/0pKSv9KSkr/SUlJ/0lJSf9JSUn/SUlJ/0lJSf9JSUn/SUlJ/0lJSf9ISEj/SEhI/0lJSf9LS0v/TU1N/0xMTP9LS0v/SUlJ/0dHR/9JSUn/SkpK/0pKSv9KSkr/S0tL/01NTf9MTEz/SkpK/0lJSf9ISEj/SEhI/0lJSf9JSUn/SEhI/0dHR/9FRUX/Q0ND/0RERP9FRUX/RUVF/0ZGRv9FRUX/RUVF/0VFRf9GRkb/RkZG/0VFRf9FRUX/RkZG/0VFRf9ERET/RERE/0RERP9ERET/Q0ND/0JCQv9DQ0P/RERE/0ZGRv9JSUn/SUlJ/0tLS/9LS0v/TExM/01NTf9NTU3/TU1N/0xMTP9NTU3/T09P/09PT/9NTU3/TExM/0xMTP9MTEz/TU1N/05OTv9NTU3/TExM/0tLS/9ISEj/SUlJ/0pKSv9KSkr/SkpK/0tLS/9OTk7/Tk5O/01NTf9MTEz/SUlJ/0ZGRv9FRUX/RERE/0NDQ/9DQ0P/Q0ND/0NDQ/9DQ0P/QkJC/0BAQP8+Pj7/Pj4+/z8/P/8/Pz//Pz8//z4+Pv89PT3/PDw8/zs7O/86Ojr/ODg4/zY2Nv8yMjL/LS0t/y0tLf8sLCz/Ozs7/1JSUv90dHT/ra2t/66urv+enp7/np6e/6ioqP+goKD/e3t7/2JiYv9AQED/KSkp/yEhIf8aGhr/GBgY/xcXF/8WFhb/FhYW/xUVFf8UFBT/FBQU/xQUFP8UFBT/FBQU/xQUFP8UFBT/FBQU/xYWFv8WFhb/FRUV/xQUFP8YGBj/HBwc/ysrK/88PDz/QkJC/0pKSv8+Pj7/LCws/yUlJf8cHBz/HBwc/x0dHf8eHh7/Hh4e/x0dHf8bGxv/GRkZ/xoaGv8bGxv/Gxsb/xwcHP8aGhr/GRkZ/xkZGf8ZGRn/Ghoa/xwcHP8bGxv/Ghoa/xkZGf8YGBj/FxcX/xcXF/8XFxf/GBgY/xoaGv8hISH/KCgo/zMzM/8+Pj7/QEBA/0JCQv9BQUH/QEBA/z4+Pv87Ozv/Ozs7/zo6Ov85OTn/ODg4/zc3N/83Nzf/Nzc3/zg4OP85OTn/Ozs7/z09Pf89PT3/PT09/z09Pf89PT3/PDw8/zs7O/87Ozv/Ozs7/zo6Ov85OTn/Ojo6/zw8PP88PDz/PDw8/z09Pf8+Pj7/Pj4+/zQ0NP8rKyv/JCQk/x0dHf8bGxv/GRkZ/xsbG/8dHR3/Hh4e/yAgIP8fHx//Gxsb/xsbG/8bGxv/Gxsb/xsbG/8bGxv/Gxsb/xoaGv8aGhr/Ghoa/xsbG/8bGxv/Gxsb/xwcHP8bGxv/Gxsb/xsbG/8bGxv/Hx8f/ycnJ/8tLS3/OTk5/zo6Ov8yMjL/LS0t/ygoKP8jIyP/Hx8f/xwcHP8aGhr/GRkZ/xgYGP8XFxf/FxcX/xcXF/8YGBj/GRkZ/xoaGv8aGhr/Ghoa/xgYGP8XFxf/GBgY/xkZGf8aGhr/Ghoa/xsbG/8bGxv/Gxsb/xsbG/8dHR3/ICAg/yYmJv8vLy//NDQ0/zs7O/84ODj/MDAw/yoqKv8dHR3/GBgY/xYWFv8VFRX/FBQU/xQUFP8TExP/ExMT/xISEv8RERH/ERER/xEREf8RERH/ERER/xEREf8RERH/ERER/xEREf8RERH/EhIS/xISEv8SEhL/EhIS/xISEv8TExP/FxcX/xsbG/8oKCj/NTU1/zw8PP9ERET/QUFB/z09Pf86Ojr/Nzc3/zY2Nv81NTX/NTU1/zY2Nv82Njb/Nzc3/zc3N/83Nzf/Nzc3/zc3N/86Ojr/Ozs7/zw8PP89PT3/PT09/z09Pf89PT3/PT09/z09Pf89PT3/PT09/z09Pf88PDz/PDw8/zw8PP88PDz/PDw8/z09Pf89PT3/Pj4+/z09Pf89PT3/PT09/zw8PP88PDz/Ozs7/zs7O/87Ozv/PDw8/zw8PP89PT3/PT09/z09Pf8+Pj7/Pz8//z8/P/8+Pj7/Pj4+/z4+Pv8/Pz//Pz8//z8/P/9AQED/QEBA/0FBQf9BQUH/QEBA/0BAQP8/Pz//Pz8//z4+Pv8+Pj7/Pz8//0BAQP9CQkL/Q0ND/0JCQv9CQkL/QEBA/z8/P/8+Pj7/Pj4+/z4+Pv8+Pj7/Pj4+/z8/P/8/Pz//Pz8//z8/P/9AQED/QUFB/0JCQv9CQkL/Q0ND/0NDQ/9ERET/RERE/0NDQ/9CQkL/QkJC/0JCQv9BQUH/QEBA/0BAQP9BQUH/QUFB/0BAQP9AQED/Pz8//z8/P/9AQED/QUFB/0FBQf9BQUH/QUFB/0BAQP9AQED/Pz8//0BAQP9AQED/QUFB/0JCQv9CQkL/QkJC/0JCQv9CQkL/QkJC/0FBQf9BQUH/QUFB/0JCQv9CQkL/QkJC/0JCQv9BQUH/QEBA/z8/P/9AQED/QUFB/0JCQv9DQ0P/Q0ND/0FBQf9BQUH/QEBA/0BAQP8/Pz//QEBA/0FBQf9CQkL/QUFB/0BAQP8/Pz//PT09/z8/P/9AQED/QUFB/0NDQ/9CQkL/QUFB/0BAQP8/Pz//Pz8//z4+Pv8+Pj7/Pj4+/z8/P/8/Pz//Pz8//z8/P/9AQED/QUFB/0FBQf9BQUH/QUFB/0FBQf9AQED/QUFB/0FBQf9BQUH/QEBA/0BAQP9AQED/Pz8//z8/P/8+Pj7/Pz8//z8/P/8+Pj7/PT09/z4+Pv8+Pj7/QEBA/0FBQf9BQUH/QkJC/0JCQv9BQUH/QUFB/0FBQf9BQUH/QEBA/0BAQP8/Pz//Pz8//z8/P/9AQED/QEBA/0BAQP8/Pz//Pj4+/z09Pf89PT3/Pj4+/z8/P/8/Pz//Pz8//0BAQP9CQkL/QkJC/0NDQ/9DQ0P/QUFB/0BAQP8/Pz//Pz8//z8/P/9AQED/QUFB/0JCQv9CQkL/QUFB/0FBQf9CQkL/QkJC/0JCQv9CQkL/QkJC/0FBQf9BQUH/QUFB/0FBQf9BQUH/QUFB/0BAQP9AQED/QEBA/0BAQP8/Pz//Pz8//z4+Pv8+Pj7/Pz8//z8/P/8/Pz//Pz8//0BAQP9AQED/Pz8//z8/P/9AQED/QUFB/0JCQv9DQ0P/Q0ND/0NDQ/9DQ0P/QkJC/0BAQP8+Pj7/Pj4+/z4+Pv8/Pz//QEBA/0BAQP9BQUH/QUFB/0JCQv9CQkL/QUFB/0FBQf9BQUH/QkJC/0JCQv9BQUH/QEBA/z8/P/9AQED/QUFB/0FBQf9AQED/QEBA/0FBQf9CQkL/R0dH/0dHR/9DQ0P/QkJC/0NDQ/9DQ0P/Q0ND/0NDQ/9ERET/RERE/0NDQ/9BQUH/QUFB/0FBQf9BQUH/QEBA/0BAQP9BQUH/QUFB/0FBQf9BQUH/QUFB/0JCQv9FRUX/SEhI/0lJSf9KSkr/SEhI/0ZGRv9GRkb/RUVF/0VFRf9FRUX/SUlJ/1BQUP9QUFD/T09P/0xMTP9FRUX/Q0ND/0NDQ/9DQ0P/QUFB/0FBQf9BQUH/QkJC/0JCQv9CQkL/QkJC/0JCQv9DQ0P/Q0ND/0NDQ/9DQ0P/QkJC/0FBQf9CQkL/RUVF/0ZGRv9HR0f/SEhI/0hISP9JSUn/SUlJ/zIyMv8yMjL/MjIy/zIyMv8yMjL/MjIy/zIyMv8zMzP/NDQ0/zQ0NP81NTX/NDQ0/zMzM/8zMzP/MjIy/zExMf8yMjL/MzMz/zMzM/8zMzP/MzMz/zMzM/80NDT/NDQ0/zQ0NP80NDT/NDQ0/zQ0NP80NDT/NDQ0/zQ0NP8zMzP/MzMz/zMzM/80NDT/NDQ0/zQ0NP81NTX/NTU1/zU1Nf81NTX/NDQ0/zQ0NP80NDT/NDQ0/zQ0NP81NTX/NTU1/zU1Nf81NTX/NTU1/zU1Nf81NTX/NTU1/zQ0NP80NDT/NDQ0/zU1Nf82Njb/NjY2/zU1Nf8zMzP/NDQ0/zQ0NP80NDT/NDQ0/zQ0NP80NDT/NDQ0/zQ0NP80NDT/NTU1/zU1Nf81NTX/NTU1/zU1Nf81NTX/NTU1/zQ0NP82Njb/ODg4/zk5Of87Ozv/Q0ND/1JSUv9TU1P/TU1N/0VFRf80NDT/LCws/ykpKf8oKCj/KCgo/ygoKP8oKCj/Jycn/ycnJ/8nJyf/Jycn/ycnJ/8oKCj/KCgo/ygoKP8oKCj/KCgo/ygoKP8oKCj/KSkp/ykpKf8pKSn/KSkp/ykpKf8pKSn/Kioq/ysrK/8sLCz/LCws/ywsLP8tLS3/LCws/ywsLP8rKyv/Kysr/ysrK/8rKyv/LCws/ywsLP8tLS3/Li4u/y8vL/8vLy//Ly8v/y8vL/8vLy//Ly8v/y8vL/8vLy//MDAw/zAwMP8vLy//MDAw/zExMf8xMTH/MzMz/zQ0NP81NTX/NjY2/zU1Nf81NTX/MzMz/zExMf8yMjL/MzMz/zY2Nv85OTn/Ojo6/zo6Ov85OTn/NjY2/zU1Nf81NTX/NTU1/zY2Nv83Nzf/Ojo6/zw8PP86Ojr/OTk5/z09Pf9AQED/SUlJ/1JSUv9WVlb/W1tb/1lZWf9VVVX/UFBQ/0ZGRv9HR0f/S0tL/1RUVP9paWn/dnZ2/4mJif+SkpL/jY2N/4iIiP+AgID/eHh4/3d3d/92dnb/c3Nz/25ubv9paWn/Y2Nj/2hoaP9zc3P/hISE/6ampv+1tbX/x8fH/8zMzP/FxcX/wsLC/8bGxv/Kysr/z8/P/9XV1f/T09P/0dHR/8bGxv+2trb/rKys/5ycnP+mpqb/vr6+/8bGxv/Ozs7/0NDQ/8/Pz//Pz8//zs7O/87Ozv/S0tL/1dXV/9XV1f/W1tb/0tLS/83Nzf/Jycn/wsLC/7+/v/+5ubn/tLS0/6ysrP+oqKj/oqKi/6Wlpf+xsbH/t7e3/7q6uv+9vb3/xMTE/8rKyv/FxcX/wMDA/7q6uv+ysrL/qqqq/56env+bm5v/l5eX/5KSkv+JiYn/h4eH/4iIiP+Pj4//paWl/6ioqP+MjIz/eXl5/29vb/9oaGj/bW1t/3Jycv94eHj/f39//4GBgf+Dg4P/e3t7/2xsbP9oaGj/Y2Nj/2hoaP94eHj/enp6/3Jycv9ra2v/X19f/1ZWVv9VVVX/U1NT/1JSUv9QUFD/T09P/09PT/9LS0v/RUVF/0RERP9CQkL/QkJC/0NDQ/9GRkb/TU1N/05OTv9JSUn/RkZG/0NDQ/9BQUH/QEBA/z8/P/8/Pz//Pj4+/z4+Pv89PT3/Pj4+/z4+Pv8+Pj7/Pz8//z8/P/8/Pz//Pz8//z8/P/8/Pz//PT09/zw8PP8+Pj7/Pz8//z8/P/8/Pz//Pj4+/zw8PP89PT3/PT09/z09Pf88PDz/Ozs7/zk5Of85OTn/OTk5/zo6Ov87Ozv/Ozs7/zo6Ov86Ojr/OTk5/zk5Of86Ojr/FBQU/xQUFP8UFBT/FBQU/xMTE/8TExP/EhIS/xISEv8SEhL/ERER/xISEv8SEhL/ExMT/xMTE/8UFBT/FRUV/xUVFf8WFhb/FhYW/xYWFv8VFRX/FRUV/xUVFf8UFBT/FBQU/xQUFP8UFBT/FBQU/xQUFP8UFBT/FBQU/xMTE/8TExP/ExMT/xMTE/8TExP/ExMT/xISEv8SEhL/EhIS/xISEv8UFBT/FxcX/xsbG/8hISH/IiIi/yEhIf8hISH/Hx8f/x8fH/8eHh7/HR0d/x0dHf8cHBz/HBwc/xwcHP8cHBz/HBwc/xsbG/8bGxv/Gxsb/xwcHP8cHBz/HBwc/xwcHP8cHBz/HBwc/xwcHP8cHBz/HBwc/xwcHP8cHBz/HBwc/xwcHP8cHBz/HBwc/xsbG/8bGxv/Gxsb/xwcHP8cHBz/HR0d/x4eHv8fHx//IiIi/yQkJP8nJyf/KCgo/yYmJv8kJCT/IiIi/yAgIP8fHx//HR0d/xwcHP8aGhr/Gxsb/xsbG/8cHBz/HR0d/x0dHf8eHh7/Hh4e/x8fH/8fHx//ICAg/yAgIP8fHx//Hh4e/x8fH/8fHx//ICAg/yEhIf8gICD/ICAg/yAgIP8gICD/ICAg/yAgIP8gICD/ICAg/yAgIP8gICD/Hx8f/x4eHv8eHh7/Hx8f/x8fH/8fHx//Hx8f/x4eHv8dHR3/Hh4e/x4eHv8eHh7/HR0d/x0dHf8cHBz/Gxsb/xoaGv8ZGRn/GBgY/xcXF/8WFhb/FhYW/xYWFv8WFhb/FhYW/xYWFv8WFhb/FxcX/xYWFv8VFRX/FRUV/xYWFv8WFhb/FRUV/xUVFf8UFBT/ExMT/xISEv8RERH/ERER/xAQEP8QEBD/Dw8P/w8PD/8PDw//EBAQ/xAQEP8RERH/ERER/xEREf8QEBD/EBAQ/xAQEP8QEBD/EBAQ/xAQEP8QEBD/EBAQ/xAQEP8RERH/EBAQ/xAQEP8QEBD/Dw8P/xAQEP8QEBD/EBAQ/xAQEP8QEBD/ERER/xEREf8RERH/ERER/xEREf8RERH/ERER/xEREf8QEBD/EBAQ/xAQEP8QEBD/EBAQ/xAQEP8PDw//Dw8P/w8PD/8ODg7/Dg4O/w4ODv8ODg7/Dg4O/w4ODv8ODg7/Dg4O/w0NDf8NDQ3/Dg4O/w4ODv8ODg7/Dg4O/w4ODv8ODg7/Dg4O/w4ODv8ODg7/Dg4O/w4ODv8ODg7/Dg4O/w4ODv8ODg7/Dg4O/w4ODv8NDQ3/Dg4O/xAQEP8RERH/ExMT/xQUFP8VFRX/FRUV/xcXF/8ZGRn/Hh4e/yUlJf8pKSn/MDAw/zIyMv8zMzP/MzMz/zMzM/8zMzP/MzMz/zMzM/8yMjL/MTEx/y4uLv8tLS3/LS0t/y0tLf8tLS3/Li4u/y4uLv8uLi7/Ly8v/zAwMP8uLi7/LCws/ywsLP8sLCz/LS0t/y4uLv8uLi7/MDAw/zAwMP8wMDD/MDAw/zAwMP8vLy//Ly8v/y8vL/8vLy//Li4u/y4uLv8uLi7/Ly8v/y8vL/8vLy//Ly8v/y8vL/8uLi7/Li4u/y8vL/8vLy//MDAw/zAwMP8wMDD/MDAw/zAwMP8wMDD/MDAw/zAwMP8wMDD/MDAw/zAwMP8wMDD/MDAw/zAwMP8wMDD/MTEx/zExMf8xMTH/MTEx/zExMf8xMTH/MTEx/zExMf8yMjL/MjIy/zIyMv8xMTH/MTEx/zAwMP8xMTH/MjIy/zMzM/8zMzP/MzMz/zMzM/8zMzP/MjIy/zIyMv8yMjL/MjIy/zIyMv9LS0v/SkpK/0pKSv9JSUn/SUlJ/0lJSf9ISEj/SUlJ/0lJSf9JSUn/SkpK/0pKSv9JSUn/SkpK/01NTf9OTk7/TU1N/0xMTP9KSkr/SEhI/0pKSv9MTEz/TExM/0xMTP9NTU3/T09P/01NTf9KSkr/SkpK/0pKSv9KSkr/S0tL/0tLS/9KSkr/SUlJ/0ZGRv9ERET/RUVF/0dHR/9GRkb/RkZG/0ZGRv9GRkb/RkZG/0dHR/9HR0f/RkZG/0dHR/9HR0f/R0dH/0VFRf9FRUX/RkZG/0ZGRv9FRUX/RERE/0VFRf9GRkb/R0dH/0lJSf9KSkr/TExM/01NTf9OTk7/T09P/1BQUP9PT0//Tk5O/05OTv9RUVH/UlJS/1BQUP9PT0//T09P/09PT/9QUFD/UVFR/1BQUP9PT0//TU1N/0tLS/9LS0v/TExM/0xMTP9MTEz/TU1N/1BQUP9QUFD/T09P/05OTv9KSkr/R0dH/0ZGRv9GRkb/RUVF/0VFRf9FRUX/RERE/0RERP9DQ0P/QUFB/z8/P/8/Pz//QEBA/0BAQP9AQED/QEBA/z4+Pv89PT3/PDw8/zs7O/86Ojr/ODg4/zQ0NP8wMDD/Li4u/yoqKv8yMjL/PDw8/2NjY/+mpqb/qamp/56env+goKD/rKys/6enp/+Kior/dHR0/1BQUP82Njb/KSkp/x4eHv8bGxv/GBgY/xcXF/8WFhb/FhYW/xQUFP8UFBT/FBQU/xQUFP8UFBT/FBQU/xQUFP8VFRX/FhYW/xYWFv8VFRX/FRUV/xgYGP8bGxv/Kioq/zo6Ov9BQUH/SUlJ/0BAQP8wMDD/Kioq/yEhIf8gICD/ISEh/yEhIf8hISH/ICAg/x8fH/8eHh7/Hx8f/yAgIP8hISH/ISEh/yAgIP8eHh7/Hh4e/x4eHv8fHx//IiIi/yIiIv8gICD/ICAg/x4eHv8eHh7/HR0d/x0dHf8eHh7/ICAg/ygoKP8vLy//OTk5/0RERP9ISEj/TExM/0xMTP9LS0v/SkpK/0dHR/9GRkb/RUVF/0RERP9DQ0P/Q0ND/0NDQ/9CQkL/Q0ND/0RERP9GRkb/SUlJ/0lJSf9KSkr/SkpK/0pKSv9JSUn/R0dH/0dHR/9HR0f/RkZG/0RERP9FRUX/R0dH/0hISP9GRkb/RUVF/0VFRf9DQ0P/Ojo6/zMzM/8rKyv/JCQk/yIiIv8fHx//ISEh/yQkJP8lJSX/Jycn/yUlJf8iIiL/ISEh/yEhIf8hISH/IiIi/yIiIv8hISH/ISEh/yEhIf8hISH/IiIi/yIiIv8iIiL/IyMj/yIiIv8hISH/ISEh/yEhIf8lJSX/Kysr/zExMf86Ojr/Ozs7/zY2Nv8zMzP/Ly8v/ysrK/8mJib/IiIi/yEhIf8fHx//Hh4e/x0dHf8dHR3/HR0d/x4eHv8gICD/ICAg/yAgIP8fHx//HR0d/x0dHf8eHh7/Hx8f/yAgIP8gICD/ISEh/yEhIf8iIiL/IiIi/yQkJP8lJSX/Kioq/zIyMv80NDT/ODg4/zY2Nv8vLy//KSkp/x0dHf8YGBj/FhYW/xYWFv8VFRX/FRUV/xUVFf8UFBT/ExMT/xMTE/8TExP/ExMT/xMTE/8UFBT/FBQU/xQUFP8UFBT/FBQU/xQUFP8VFRX/FRUV/xUVFf8VFRX/FRUV/xUVFf8ZGRn/HR0d/ykpKf82Njb/PT09/0ZGRv9FRUX/QkJC/0BAQP89PT3/PDw8/zw8PP88PDz/PT09/z09Pf8+Pj7/Pj4+/z4+Pv8+Pj7/Pj4+/zk5Of86Ojr/Ozs7/zs7O/88PDz/Ozs7/zs7O/87Ozv/Ozs7/zs7O/87Ozv/Ozs7/zs7O/87Ozv/Ozs7/zs7O/88PDz/PDw8/zw8PP88PDz/PDw8/zw8PP87Ozv/Ojo6/zo6Ov85OTn/OTk5/zk5Of86Ojr/Ozs7/zs7O/88PDz/PDw8/z09Pf8+Pj7/PT09/z09Pf89PT3/PT09/z4+Pv8+Pj7/Pz8//0FBQf9CQkL/Q0ND/0NDQ/9BQUH/QUFB/z8/P/8/Pz//Pj4+/z4+Pv8+Pj7/Pz8//0FBQf9CQkL/QkJC/0JCQv9AQED/Pj4+/z4+Pv8+Pj7/Pj4+/z09Pf8+Pj7/Pz8//z8/P/8+Pj7/Pj4+/0BAQP9BQUH/QkJC/0JCQv9DQ0P/Q0ND/0RERP9ERET/Q0ND/0JCQv9CQkL/Q0ND/0JCQv9AQED/QUFB/0JCQv9CQkL/QUFB/0FBQf9AQED/Pz8//0BAQP9AQED/QEBA/0BAQP9AQED/QEBA/z8/P/8/Pz//Pz8//0BAQP9AQED/QkJC/0JCQv9CQkL/QkJC/0JCQv9CQkL/QUFB/0BAQP9BQUH/QUFB/0JCQv9CQkL/QUFB/0BAQP8/Pz//Pj4+/z8/P/9AQED/QUFB/0NDQ/9DQ0P/QkJC/0FBQf9AQED/QEBA/z8/P/8/Pz//QUFB/0JCQv9BQUH/QEBA/z8/P/89PT3/Pz8//0BAQP9BQUH/QkJC/0JCQv9AQED/QEBA/z8/P/8/Pz//Pj4+/z4+Pv8/Pz//QEBA/z8/P/8/Pz//Pz8//0BAQP9AQED/QUFB/0FBQf9BQUH/QUFB/0BAQP9AQED/QUFB/0BAQP9AQED/QEBA/z8/P/8/Pz//Pj4+/z4+Pv8/Pz//Pz8//z4+Pv89PT3/Pj4+/z4+Pv8/Pz//QEBA/0BAQP9BQUH/QUFB/0FBQf9BQUH/QUFB/0BAQP9AQED/Pz8//z8/P/8+Pj7/Pz8//0BAQP9AQED/QEBA/z8/P/8/Pz//Pj4+/z4+Pv8+Pj7/Pz8//z8/P/8/Pz//QEBA/0JCQv9DQ0P/Q0ND/0NDQ/9BQUH/QEBA/z8/P/8+Pj7/Pz8//z8/P/9AQED/QkJC/0JCQv9CQkL/QkJC/0JCQv9CQkL/QkJC/0JCQv9BQUH/QUFB/0BAQP9AQED/QEBA/0BAQP9AQED/QEBA/0BAQP9AQED/QEBA/z8/P/8/Pz//Pj4+/z4+Pv8/Pz//Pz8//z4+Pv8/Pz//QEBA/0FBQf8/Pz//Pz8//0FBQf9CQkL/Q0ND/0NDQ/9ERET/RUVF/0RERP9DQ0P/QEBA/z09Pf89PT3/Pj4+/z4+Pv8/Pz//Pz8//0BAQP9AQED/QkJC/0JCQv9BQUH/QUFB/0JCQv9DQ0P/QkJC/0FBQf9BQUH/QEBA/0FBQf9CQkL/QkJC/0FBQf9BQUH/QEBA/0FBQf9DQ0P/Q0ND/0JCQv9BQUH/Q0ND/0NDQ/9DQ0P/Q0ND/0NDQ/9ERET/Q0ND/0FBQf9BQUH/QUFB/0FBQf9AQED/QEBA/0FBQf9BQUH/QUFB/0FBQf9CQkL/Q0ND/0ZGRv9ISEj/SEhI/0lJSf9HR0f/RUVF/0VFRf9FRUX/RUVF/0VFRf9KSkr/UlJS/1NTU/9UVFT/UFBQ/0dHR/9DQ0P/Q0ND/0NDQ/9CQkL/QUFB/0JCQv9CQkL/QkJC/0JCQv9CQkL/QkJC/0JCQv9CQkL/QkJC/0NDQ/9CQkL/QUFB/0JCQv9FRUX/RkZG/0dHR/9HR0f/SEhI/0lJSf9KSkr/MjIy/zIyMv8yMjL/MjIy/zIyMv8yMjL/MjIy/zMzM/80NDT/NDQ0/zU1Nf80NDT/MzMz/zMzM/8yMjL/MTEx/zIyMv8zMzP/MzMz/zMzM/8zMzP/MzMz/zMzM/80NDT/NDQ0/zQ0NP80NDT/NDQ0/zQ0NP80NDT/NDQ0/zMzM/8zMzP/MzMz/zMzM/8zMzP/NDQ0/zQ0NP81NTX/NTU1/zU1Nf80NDT/NDQ0/zQ0NP80NDT/NDQ0/zU1Nf81NTX/NTU1/zU1Nf82Njb/NjY2/zU1Nf81NTX/NDQ0/zMzM/80NDT/NTU1/zU1Nf81NTX/NDQ0/zMzM/80NDT/NDQ0/zQ0NP80NDT/NDQ0/zQ0NP80NDT/NDQ0/zQ0NP81NTX/NTU1/zU1Nf81NTX/NTU1/zU1Nf80NDT/MzMz/zU1Nf83Nzf/ODg4/zs7O/9DQ0P/VFRU/1VVVf9QUFD/SEhI/zMzM/8qKir/JiYm/yQkJP8kJCT/JCQk/yQkJP8jIyP/IiIi/yEhIf8iIiL/IyMj/yMjI/8jIyP/JCQk/yQkJP8kJCT/JCQk/yQkJP8kJCT/JCQk/yQkJP8kJCT/JCQk/yUlJf8mJib/Jycn/ygoKP8oKCj/KCgo/ygoKP8nJyf/Jycn/ycnJ/8mJib/Jycn/ygoKP8oKCj/KSkp/ykpKf8qKir/Kioq/yoqKv8qKir/Kioq/yoqKv8rKyv/Kysr/ysrK/8sLCz/Kysr/yoqKv8rKyv/LCws/y0tLf8vLy//MDAw/zExMf8yMjL/MTEx/zExMf8vLy//LS0t/y4uLv8wMDD/MzMz/zc3N/83Nzf/Nzc3/zY2Nv8yMjL/MjIy/zExMf8xMTH/MzMz/zQ0NP84ODj/OTk5/zc3N/82Njb/Ojo6/z8/P/9JSUn/VFRU/1lZWf9gYGD/XV1d/1dXV/9SUlL/SEhI/0lJSf9PT0//WVlZ/3Fxcf+AgID/lJSU/56env+Xl5f/kZGR/4qKiv+Dg4P/gYGB/39/f/96enr/dHR0/3BwcP9sbGz/cnJy/39/f/+SkpL/ubm5/8rKyv/d3d3/4uLi/9jY2P/U1NT/3Nzc/+Pj4//p6en/8PDw/+3t7f/p6en/29vb/8jIyP+9vb3/ra2t/7m5uf/U1NT/3d3d/+bm5v/o6Oj/5+fn/+bm5v/l5eX/5eXl/+vr6//v7+//7+/v//Dw8P/r6+v/5ubm/+Li4v/c3Nz/19fX/8/Pz//Jycn/v7+//7u7u/+0tLT/t7e3/8TExP/Ly8v/0NDQ/9TU1P/b29v/4eHh/93d3f/Z2dn/0tLS/8nJyf+/v7//sbGx/66urv+qqqr/pKSk/5iYmP+Wlpb/l5eX/6CgoP+5ubn/vLy8/5ubm/+EhIT/enp6/3Fxcf94eHj/fn5+/4WFhf+Ojo7/kJCQ/5SUlP+Kior/eHh4/3Nzc/9tbW3/c3Nz/4aGhv+JiYn/f39//3d3d/9mZmb/XFxc/1paWv9ZWVn/V1dX/1VVVf9UVFT/U1NT/05OTv9GRkb/RERE/0FBQf9CQkL/RUVF/0lJSf9TU1P/VFRU/0xMTP9HR0f/Q0ND/0BAQP9AQED/Pz8//z8/P/8+Pj7/Pj4+/z09Pf89PT3/Pj4+/z4+Pv8/Pz//Pz8//z8/P/8/Pz//Pz8//z4+Pv87Ozv/Ozs7/zw8PP89PT3/PT09/z4+Pv89PT3/PDw8/zw8PP88PDz/PDw8/zo6Ov85OTn/ODg4/zg4OP84ODj/OTk5/zk5Of86Ojr/OTk5/zk5Of84ODj/ODg4/zk5Of8UFBT/FBQU/xQUFP8UFBT/ExMT/xMTE/8SEhL/EhIS/xEREf8RERH/ERER/xISEv8TExP/FBQU/xUVFf8VFRX/FhYW/xYWFv8WFhb/FhYW/xYWFv8VFRX/FRUV/xQUFP8UFBT/FBQU/xQUFP8UFBT/FBQU/xQUFP8UFBT/ExMT/xMTE/8TExP/ExMT/xMTE/8TExP/ExMT/xISEv8SEhL/EhIS/xQUFP8XFxf/Ghoa/yAgIP8hISH/ISEh/yAgIP8fHx//Hx8f/x4eHv8dHR3/HBwc/xwcHP8cHBz/HBwc/xwcHP8cHBz/Gxsb/xsbG/8bGxv/HBwc/xwcHP8cHBz/HBwc/xwcHP8cHBz/HBwc/xwcHP8cHBz/HBwc/xwcHP8cHBz/HBwc/xwcHP8cHBz/Gxsb/xsbG/8bGxv/HBwc/xwcHP8cHBz/HR0d/x4eHv8gICD/IiIi/ycnJ/8oKCj/Jycn/yYmJv8kJCT/IyMj/yEhIf8fHx//Hh4e/xwcHP8cHBz/HBwc/x0dHf8dHR3/HR0d/x4eHv8eHh7/Hh4e/x8fH/8fHx//Hx8f/x8fH/8fHx//ICAg/yAgIP8gICD/ISEh/yAgIP8gICD/ICAg/yAgIP8gICD/ICAg/yAgIP8gICD/ICAg/x8fH/8fHx//Hh4e/x4eHv8fHx//Hx8f/x8fH/8fHx//Hh4e/x0dHf8dHR3/HR0d/x0dHf8cHBz/HBwc/xsbG/8bGxv/GRkZ/xgYGP8XFxf/FxcX/xYWFv8WFhb/FxcX/xcXF/8YGBj/GBgY/xgYGP8YGBj/FhYW/xUVFf8VFRX/FRUV/xQUFP8UFBT/ExMT/xMTE/8SEhL/ERER/xEREf8QEBD/EBAQ/w8PD/8PDw//Dw8P/w8PD/8QEBD/EBAQ/xAQEP8RERH/ERER/xAQEP8QEBD/EBAQ/xAQEP8QEBD/EBAQ/xAQEP8QEBD/EBAQ/xAQEP8QEBD/EBAQ/xAQEP8PDw//EBAQ/xAQEP8QEBD/EBAQ/xAQEP8RERH/ERER/xAQEP8QEBD/ERER/xEREf8RERH/ERER/xAQEP8QEBD/EBAQ/xAQEP8QEBD/EBAQ/xAQEP8PDw//Dw8P/w4ODv8ODg7/Dg4O/w4ODv8ODg7/Dg4O/w4ODv8ODg7/DQ0N/w0NDf8ODg7/Dg4O/w4ODv8ODg7/Dg4O/w4ODv8ODg7/Dg4O/w4ODv8ODg7/Dg4O/w4ODv8ODg7/Dg4O/w4ODv8ODg7/Dg4O/w4ODv8PDw//ERER/xISEv8UFBT/FhYW/xcXF/8YGBj/Ghoa/xwcHP8iIiL/Kioq/y4uLv80NDT/NDQ0/zQ0NP8zMzP/MjIy/zIyMv8yMjL/MjIy/zExMf8wMDD/LS0t/ywsLP8sLCz/LS0t/y0tLf8uLi7/Li4u/y4uLv8vLy//MDAw/y8vL/8tLS3/LCws/ywsLP8tLS3/Li4u/y4uLv8vLy//MDAw/zAwMP8wMDD/Ly8v/y8vL/8vLy//Li4u/y4uLv8uLi7/Li4u/y4uLv8uLi7/Ly8v/y8vL/8vLy//Ly8v/y4uLv8uLi7/Ly8v/y8vL/8vLy//MDAw/zAwMP8wMDD/MDAw/zAwMP8wMDD/MDAw/zAwMP8wMDD/MDAw/zAwMP8wMDD/MDAw/zAwMP8xMTH/MTEx/zExMf8xMTH/MTEx/zExMf8xMTH/MTEx/zExMf8yMjL/MTEx/zExMf8xMTH/MDAw/zExMf8yMjL/MjIy/zMzM/8zMzP/MjIy/zIyMv8yMjL/MjIy/zIyMv8yMjL/MjIy/0lJSf9JSUn/SUlJ/0hISP9HR0f/R0dH/0ZGRv9GRkb/RkZG/0ZGRv9ISEj/SUlJ/0xMTP9MTEz/TExM/0tLS/9LS0v/SkpK/0lJSf9ISEj/S0tL/05OTv9NTU3/TExM/01NTf9OTk7/TExM/0hISP9JSUn/TExM/01NTf9QUFD/UFBQ/0xMTP9KSkr/SEhI/0ZGRv9HR0f/SUlJ/0hISP9HR0f/R0dH/0ZGRv9HR0f/SEhI/0hISP9ISEj/SUlJ/0tLS/9LS0v/SkpK/0pKSv9MTEz/TU1N/01NTf9NTU3/S0tL/0hISP9JSUn/SkpK/0xMTP9PT0//UFBQ/1BQUP9QUFD/UFBQ/1BQUP9PT0//UVFR/1hYWP9aWlr/V1dX/1ZWVv9VVVX/VVVV/1VVVf9WVlb/VVVV/1VVVf9TU1P/UVFR/1FRUf9RUVH/UlJS/1RUVP9VVVX/VFRU/1RUVP9SUlL/UVFR/1BQUP9PT0//Tk5O/01NTf9MTEz/S0tL/0hISP9GRkb/RkZG/0ZGRv9FRUX/Q0ND/0JCQv9DQ0P/Q0ND/0JCQv9BQUH/Pz8//z09Pf88PDz/PDw8/zs7O/86Ojr/ODg4/zY2Nv8zMzP/MDAw/zAwMP8wMDD/QkJC/2FhYf98fHz/rKys/6+vr/+cnJz/k5OT/42Njf+FhYX/bGxs/1dXV/9AQED/KSkp/yMjI/8dHR3/Gxsb/xgYGP8XFxf/FhYW/xYWFv8WFhb/FRUV/xUVFf8VFRX/FRUV/xUVFf8VFRX/FRUV/xUVFf8WFhb/GRkZ/xwcHP8oKCj/NjY2/0FBQf9QUFD/S0tL/0JCQv89PT3/NTU1/zMzM/8yMjL/MjIy/zExMf8xMTH/MjIy/zQ0NP82Njb/Nzc3/zg4OP84ODj/Nzc3/zU1Nf80NDT/MzMz/zU1Nf84ODj/ODg4/zc3N/84ODj/ODg4/zc3N/81NTX/NDQ0/zQ0NP81NTX/PDw8/0JCQv9KSkr/U1NT/1RUVP9VVVX/U1NT/1FRUf9QUFD/T09P/05OTv9NTU3/TU1N/01NTf9NTU3/TExM/0xMTP9NTU3/TU1N/05OTv9PT0//UFBQ/1FRUf9SUlL/VFRU/1FRUf9OTk7/TU1N/01NTf9MTEz/SkpK/0pKSv9MTEz/TExM/0tLS/9KSkr/SUlJ/0hISP9ERET/QEBA/z09Pf85OTn/Nzc3/zU1Nf83Nzf/OTk5/zk5Of86Ojr/OTk5/zc3N/82Njb/NjY2/zc3N/84ODj/ODg4/zY2Nv82Njb/Nzc3/zg4OP84ODj/ODg4/zg4OP83Nzf/NjY2/zQ0NP80NDT/NDQ0/zU1Nf85OTn/Ozs7/z8/P/8/Pz//Pz8//z4+Pv89PT3/Ozs7/zg4OP81NTX/NDQ0/zMzM/8zMzP/MjIy/zExMf8xMTH/MjIy/zQ0NP80NDT/MzMz/zExMf8vLy//Li4u/zAwMP8yMjL/MzMz/zMzM/8zMzP/MzMz/zQ0NP81NTX/NDQ0/zMzM/81NTX/Nzc3/zY2Nv81NTX/MjIy/ysrK/8nJyf/Hx8f/xwcHP8dHR3/HR0d/x4eHv8fHx//Hh4e/x0dHf8cHBz/Ghoa/xsbG/8dHR3/HR0d/x8fH/8fHx//Hx8f/x8fH/8fHx//Hx8f/yAgIP8gICD/ICAg/yAgIP8hISH/IiIi/yMjI/8lJSX/Li4u/zc3N/8/Pz//SUlJ/0VFRf9AQED/PT09/zs7O/86Ojr/OTk5/zk5Of86Ojr/Ozs7/zs7O/87Ozv/Ozs7/zs7O/87Ozv/Nzc3/zc3N/84ODj/Nzc3/zY2Nv81NTX/NDQ0/zQ0NP81NTX/NTU1/zU1Nf81NTX/NDQ0/zQ0NP82Njb/Nzc3/zc3N/83Nzf/NjY2/zY2Nv82Njb/NjY2/zY2Nv82Njb/NjY2/zY2Nv82Njb/NjY2/zY2Nv82Njb/NjY2/zY2Nv83Nzf/ODg4/zg4OP85OTn/OTk5/zk5Of85OTn/Ojo6/zs7O/8/Pz//RUVF/0lJSf9OTk7/SkpK/0JCQv9BQUH/Pz8//z8/P/8/Pz//Pz8//z8/P/9AQED/QEBA/0BAQP9BQUH/QkJC/0FBQf9AQED/Pz8//z4+Pv8+Pj7/Pz8//z8/P/8+Pj7/Pj4+/z09Pf89PT3/Pj4+/z4+Pv8/Pz//Pz8//0BAQP9AQED/QkJC/0RERP9CQkL/QUFB/0FBQf9CQkL/QkJC/0FBQf9BQUH/QUFB/0BAQP9AQED/QEBA/0BAQP9AQED/Pz8//z8/P/9AQED/QUFB/0BAQP9AQED/Pz8//z4+Pv8+Pj7/Pz8//z8/P/9BQUH/QUFB/0FBQf9AQED/Pz8//z8/P/9AQED/QEBA/0FBQf9CQkL/QkJC/0NDQ/9BQUH/QEBA/z8/P/8/Pz//Pj4+/z4+Pv8/Pz//QEBA/0BAQP9BQUH/QEBA/z8/P/8+Pj7/Pj4+/z8/P/9AQED/QUFB/0FBQf9AQED/QEBA/z8/P/9AQED/QUFB/0FBQf9BQUH/QEBA/z8/P/8/Pz//Pz8//z8/P/8/Pz//Pz8//0JCQv9DQ0P/QkJC/0FBQf9AQED/Pz8//z8/P/9AQED/QEBA/0BAQP9AQED/QUFB/0BAQP9AQED/Pz8//z8/P/8+Pj7/Pj4+/z09Pf89PT3/PT09/z4+Pv8/Pz//Pz8//z8/P/9AQED/QEBA/0BAQP9AQED/QEBA/z8/P/8/Pz//Pz8//z8/P/8/Pz//Pz8//z8/P/8+Pj7/Pj4+/z4+Pv8+Pj7/Pz8//0BAQP9BQUH/QUFB/0JCQv9BQUH/QEBA/0BAQP8/Pz//Pz8//z4+Pv8/Pz//QEBA/0FBQf9BQUH/QUFB/z8/P/8/Pz//Pz8//0BAQP9AQED/QUFB/0FBQf9BQUH/QUFB/0FBQf9BQUH/QUFB/0FBQf9CQkL/QkJC/0JCQv9BQUH/QEBA/0BAQP8/Pz//Pz8//z8/P/8/Pz//QEBA/0FBQf9BQUH/QUFB/0FBQf9AQED/QEBA/0BAQP8/Pz//Pz8//z8/P/9AQED/QEBA/z8/P/9AQED/QkJC/0NDQ/9ERET/RUVF/0ZGRv9HR0f/RUVF/0JCQv9AQED/PDw8/z09Pf8/Pz//Pz8//z8/P/8/Pz//QEBA/0FBQf9DQ0P/RERE/0RERP9ERET/RUVF/0ZGRv9ERET/QkJC/0FBQf9AQED/QEBA/0FBQf9BQUH/QEBA/0BAQP8/Pz//QEBA/0FBQf9BQUH/QUFB/0FBQf9BQUH/QUFB/0FBQf9BQUH/RERE/0dHR/9FRUX/Q0ND/0NDQ/9CQkL/QkJC/0FBQf9BQUH/QUFB/0FBQf9AQED/QEBA/0FBQf9CQkL/RERE/0VFRf9HR0f/SEhI/0dHR/9GRkb/RUVF/0RERP9ERET/RERE/0hISP9PT0//VFRU/1tbW/9XV1f/SkpK/0VFRf9ERET/Q0ND/0RERP9ERET/RERE/0NDQ/9DQ0P/Q0ND/0JCQv9CQkL/QkJC/0JCQv9DQ0P/RUVF/0VFRf9DQ0P/Q0ND/0RERP9FRUX/RkZG/0dHR/9HR0f/R0dH/0hISP80NDT/MzMz/zExMf8xMTH/MTEx/zIyMv8yMjL/MjIy/zMzM/80NDT/NDQ0/zQ0NP8zMzP/MzMz/zIyMv8yMjL/MzMz/zMzM/8zMzP/NDQ0/zMzM/8yMjL/MjIy/zIyMv8yMjL/MzMz/zQ0NP81NTX/NTU1/zU1Nf81NTX/NDQ0/zMzM/8yMjL/MjIy/zMzM/8zMzP/NDQ0/zQ0NP80NDT/NDQ0/zQ0NP80NDT/NDQ0/zU1Nf80NDT/NDQ0/zQ0NP81NTX/NTU1/zU1Nf81NTX/NTU1/zY2Nv81NTX/NTU1/zU1Nf81NTX/NTU1/zU1Nf81NTX/NDQ0/zU1Nf81NTX/NTU1/zU1Nf81NTX/NTU1/zU1Nf81NTX/NTU1/zY2Nv82Njb/NDQ0/zQ0NP80NDT/NDQ0/zQ0NP80NDT/NjY2/zg4OP83Nzf/NjY2/zk5Of89PT3/QUFB/0dHR/9DQ0P/MDAw/ycnJ/8kJCT/IiIi/yEhIf8hISH/ICAg/x8fH/8fHx//Hx8f/yAgIP8hISH/ISEh/yEhIf8hISH/Hx8f/x8fH/8gICD/ICAg/yEhIf8hISH/ICAg/yAgIP8hISH/IiIi/yMjI/8kJCT/JCQk/yMjI/8iIiL/ISEh/yEhIf8hISH/IiIi/yIiIv8jIyP/JCQk/yQkJP8kJCT/JCQk/yQkJP8jIyP/IyMj/yMjI/8jIyP/IyMj/yQkJP8kJCT/JSUl/yYmJv8lJSX/IyMj/yQkJP8kJCT/JSUl/ygoKP8pKSn/KSkp/yoqKv8pKSn/KSkp/ycnJ/8mJib/KCgo/yoqKv8rKyv/LS0t/y0tLf8sLCz/Kysr/ykpKf8pKSn/KSkp/ykpKf8qKir/Kysr/y4uLv8vLy//LS0t/ywsLP8wMDD/NDQ0/z09Pf9HR0f/TExM/1NTU/9MTEz/QkJC/0BAQP89PT3/QEBA/0dHR/9OTk7/X19f/2ZmZv9sbGz/bm5u/2pqav9nZ2f/bGxs/3BwcP9qamr/Y2Nj/15eXv9XV1f/XV1d/2dnZ/9sbGz/c3Nz/35+fv+UlJT/m5ub/6Kiov+hoaH/mJiY/5aWlv+np6f/tbW1/7m5uf+9vb3/tra2/66urv+goKD/jY2N/4qKiv+IiIj/j4+P/5+fn/+jo6P/p6en/6enp/+kpKT/o6Oj/6ampv+pqan/rq6u/7Kysv+0tLT/tra2/7Gxsf+srKz/ra2t/7CwsP+rq6v/o6Oj/52dnf+UlJT/kpKS/4+Pj/+RkZH/mJiY/5ycnP+fn5//oqKi/6Wlpf+np6f/qKio/6mpqf+np6f/pKSk/6CgoP+ZmZn/mJiY/5aWlv+QkJD/hYWF/4ODg/+Dg4P/iIiI/5eXl/+YmJj/goKC/3R0dP9vb2//bGxs/3Jycv94eHj/fHx8/4KCgv+Ghob/i4uL/4WFhf94eHj/c3Nz/2tra/9wcHD/goKC/4aGhv+AgID/eXl5/2dnZ/9cXFz/Wlpa/1hYWP9XV1f/VVVV/1VVVf9VVVX/Tk5O/0NDQ/9AQED/Ozs7/z4+Pv9GRkb/TU1N/1xcXP9dXV3/Tk5O/0ZGRv9BQUH/Pj4+/zw8PP87Ozv/Ojo6/zo6Ov86Ojr/Ojo6/zk5Of85OTn/Ojo6/zo6Ov87Ozv/PT09/zw8PP86Ojr/ODg4/zQ0NP8zMzP/NDQ0/zQ0NP82Njb/ODg4/zk5Of87Ozv/Ojo6/zo6Ov85OTn/Nzc3/zY2Nv81NTX/NTU1/zU1Nf81NTX/NDQ0/zQ0NP80NDT/MzMz/zMzM/8zMzP/NTU1/xUVFf8UFBT/FBQU/xQUFP8TExP/ExMT/xISEv8SEhL/EhIS/xISEv8SEhL/EhIS/xQUFP8VFRX/FhYW/xYWFv8WFhb/FhYW/xYWFv8WFhb/FhYW/xYWFv8VFRX/FRUV/xQUFP8UFBT/FBQU/xMTE/8TExP/FBQU/xQUFP8UFBT/FBQU/xQUFP8UFBT/ExMT/xMTE/8TExP/ExMT/xMTE/8TExP/FRUV/xYWFv8aGhr/Hx8f/yAgIP8gICD/ICAg/yAgIP8fHx//Hh4e/x0dHf8cHBz/Gxsb/xsbG/8bGxv/Gxsb/xsbG/8bGxv/Gxsb/xsbG/8bGxv/Gxsb/xsbG/8bGxv/HBwc/xwcHP8dHR3/HR0d/xwcHP8cHBz/HBwc/xsbG/8cHBz/HBwc/xwcHP8cHBz/HBwc/xwcHP8dHR3/HR0d/x0dHf8cHBz/HR0d/x0dHf8fHx//IiIi/yMjI/8kJCT/JSUl/yYmJv8mJib/JiYm/yUlJf8kJCT/IyMj/yMjI/8iIiL/ICAg/x0dHf8dHR3/HBwc/xwcHP8cHBz/HBwc/x0dHf8dHR3/Hh4e/x4eHv8fHx//ICAg/yAgIP8gICD/ICAg/x8fH/8fHx//Hx8f/yAgIP8gICD/ICAg/x8fH/8fHx//Hx8f/x8fH/8fHx//Hx8f/x8fH/8fHx//Hh4e/x0dHf8dHR3/HBwc/xwcHP8bGxv/Gxsb/xoaGv8aGhr/GRkZ/xkZGf8YGBj/FxcX/xYWFv8XFxf/GBgY/xkZGf8bGxv/HBwc/x0dHf8dHR3/HBwc/xoaGv8XFxf/FBQU/xQUFP8TExP/ExMT/xMTE/8SEhL/EhIS/xEREf8RERH/ERER/xAQEP8QEBD/EBAQ/xAQEP8QEBD/EBAQ/xAQEP8QEBD/EBAQ/xEREf8RERH/ERER/xEREf8RERH/ERER/xEREf8RERH/ERER/xEREf8RERH/ERER/xEREf8RERH/ERER/xAQEP8RERH/ERER/xEREf8RERH/ERER/xAQEP8QEBD/EBAQ/xAQEP8QEBD/EBAQ/xAQEP8QEBD/ERER/xEREf8RERH/ERER/xEREf8RERH/EBAQ/xAQEP8PDw//Dw8P/w4ODv8ODg7/Dg4O/w8PD/8PDw//Dg4O/w4ODv8ODg7/Dg4O/w4ODv8ODg7/Dw8P/w8PD/8ODg7/Dg4O/w4ODv8ODg7/Dg4O/w8PD/8PDw//Dw8P/w8PD/8PDw//EBAQ/xAQEP8RERH/EhIS/xMTE/8VFRX/FhYW/xcXF/8YGBj/Gxsb/x4eHv8iIiL/JiYm/ywsLP8zMzP/NDQ0/zY2Nv81NTX/NDQ0/zMzM/8yMjL/MjIy/zExMf8wMDD/Li4u/ywsLP8sLCz/Kysr/ywsLP8sLCz/LS0t/y0tLf8tLS3/LS0t/y4uLv8uLi7/Li4u/y4uLv8uLi7/Li4u/y4uLv8uLi7/Li4u/y4uLv8uLi7/Ly8v/y8vL/8vLy//Ly8v/y8vL/8vLy//Ly8v/y8vL/8uLi7/Li4u/y4uLv8uLi7/Li4u/y4uLv8uLi7/Ly8v/y8vL/8uLi7/Li4u/y4uLv8vLy//Ly8v/y8vL/8vLy//Ly8v/y8vL/8wMDD/MDAw/zAwMP8wMDD/MTEx/zExMf8xMTH/MTEx/zExMf8wMDD/MTEx/zExMf8xMTH/MDAw/zAwMP8wMDD/MTEx/zExMf8xMTH/MDAw/zExMf8xMTH/MTEx/zExMf8xMTH/MTEx/zExMf8xMTH/MTEx/zExMf8xMTH/MjIy/zMzM/8zMzP/SEhI/0hISP9JSUn/SEhI/0ZGRv9GRkb/RUVF/0VFRf9ERET/RUVF/0dHR/9JSUn/TU1N/01NTf9LS0v/SkpK/0pKSv9KSkr/SUlJ/0lJSf9MTEz/T09P/05OTv9MTEz/TU1N/01NTf9LS0v/SEhI/0lJSf9NTU3/T09P/1JSUv9SUlL/Tk5O/0tLS/9JSUn/SEhI/0lJSf9KSkr/SUlJ/0hISP9ISEj/R0dH/0dHR/9ISEj/SEhI/0lJSf9KSkr/TExM/0xMTP9LS0v/TExM/05OTv9QUFD/UFBQ/1FRUf9NTU3/SUlJ/0lJSf9KSkr/TU1N/1FRUf9RUVH/UVFR/1FRUf9RUVH/UlJS/1NTU/9YWFj/ZWVl/2lpaf9nZ2f/ZWVl/19fX/9aWlr/WVlZ/1hYWP9YWFj/WFhY/1dXV/9VVVX/VVVV/1RUVP9WVlb/WVlZ/1lZWf9XV1f/VlZW/1RUVP9TU1P/UlJS/1JSUv9RUVH/UFBQ/05OTv9MTEz/SkpK/0ZGRv9HR0f/R0dH/0ZGRv9FRUX/RERE/0RERP9ERET/Q0ND/0JCQv9AQED/Pj4+/z09Pf88PDz/PDw8/zs7O/86Ojr/ODg4/zY2Nv8zMzP/MDAw/ysrK/8yMjL/Pz8//2JiYv+oqKj/rq6u/5SUlP+MjIz/jo6O/4yMjP97e3v/bW1t/1JSUv84ODj/Li4u/yIiIv8eHh7/GRkZ/xkZGf8YGBj/GBgY/xcXF/8XFxf/FxcX/xcXF/8WFhb/FhYW/xYWFv8WFhb/FxcX/xgYGP8aGhr/HR0d/ygoKP8zMzP/QEBA/1FRUf9OTk7/SUlJ/0VFRf8+Pj7/PDw8/zs7O/86Ojr/OTk5/zk5Of88PDz/Pj4+/0BAQP9CQkL/QkJC/0NDQ/9BQUH/Pz8//z4+Pv89PT3/Pz8//0JCQv9CQkL/QUFB/0JCQv9DQ0P/QkJC/z8/P/8+Pj7/PT09/z4+Pv9ERET/SkpK/1FRUf9YWFj/V1dX/1ZWVv9UVFT/UlJS/1FRUf9QUFD/T09P/09PT/9PT0//T09P/09PT/9PT0//T09P/09PT/9PT0//T09P/1BQUP9RUVH/UVFR/1NTU/9VVVX/U1NT/09PT/9OTk7/TU1N/0xMTP9KSkr/SkpK/0xMTP9MTEz/SkpK/0lJSf9JSUn/SEhI/0ZGRv9FRUX/Q0ND/0FBQf9AQED/Pj4+/z8/P/9CQkL/QUFB/0FBQf9AQED/Pz8//z8/P/8+Pj7/Pz8//0BAQP9BQUH/Pz8//z4+Pv9AQED/QUFB/0FBQf9AQED/QEBA/z8/P/8+Pj7/PDw8/zs7O/87Ozv/Ozs7/z09Pf8+Pj7/Pz8//z8/P/9BQUH/QUFB/0FBQf9BQUH/Pj4+/zw8PP88PDz/Ozs7/zo6Ov85OTn/OTk5/zk5Of86Ojr/PDw8/zs7O/86Ojr/ODg4/zY2Nv81NTX/ODg4/zk5Of86Ojr/Ojo6/zo6Ov85OTn/Ojo6/zs7O/86Ojr/ODg4/zg4OP83Nzf/NjY2/zIyMv8vLy//KSkp/yYmJv8hISH/Hx8f/yAgIP8hISH/IyMj/yQkJP8jIyP/ISEh/yAgIP8fHx//ICAg/yEhIf8iIiL/JCQk/yQkJP8lJSX/JSUl/yQkJP8kJCT/JSUl/yUlJf8lJSX/JiYm/ycnJ/8nJyf/KCgo/ykpKf8vLy//NjY2/z09Pf9GRkb/Q0ND/zw8PP86Ojr/Nzc3/zc3N/82Njb/NjY2/zc3N/83Nzf/ODg4/zg4OP84ODj/ODg4/zg4OP80NDT/NDQ0/zQ0NP8zMzP/MjIy/zAwMP8vLy//Ly8v/zAwMP8xMTH/MTEx/zAwMP8wMDD/MDAw/zIyMv8zMzP/MzMz/zMzM/8yMjL/MjIy/zIyMv8yMjL/MjIy/zIyMv8yMjL/MjIy/zIyMv8yMjL/MjIy/zIyMv8yMjL/MjIy/zMzM/80NDT/NDQ0/zU1Nf81NTX/NTU1/zU1Nf82Njb/ODg4/z8/P/9ISEj/TExM/1FRUf9NTU3/Q0ND/0BAQP8/Pz//Pz8//z8/P/9AQED/QEBA/0BAQP8/Pz//Pz8//0BAQP9CQkL/QUFB/0FBQf8/Pz//Pj4+/z8/P/9AQED/QEBA/z4+Pv8+Pj7/PDw8/zw8PP89PT3/PT09/z4+Pv8+Pj7/Pz8//z8/P/9BQUH/RERE/0JCQv9AQED/QEBA/0FBQf9BQUH/QkJC/0FBQf9AQED/QEBA/0BAQP9AQED/QEBA/0BAQP8/Pz//Pz8//0BAQP9BQUH/QEBA/0BAQP8/Pz//Pj4+/z4+Pv8+Pj7/Pz8//0FBQf9BQUH/QEBA/z8/P/8+Pj7/Pj4+/z8/P/9AQED/QUFB/0JCQv9CQkL/Q0ND/0JCQv9AQED/QEBA/z8/P/8+Pj7/PT09/z4+Pv8/Pz//Pz8//0BAQP8/Pz//Pj4+/z4+Pv8+Pj7/Pz8//0BAQP9BQUH/QEBA/0BAQP9AQED/QEBA/0FBQf9CQkL/QUFB/0BAQP8/Pz//Pj4+/z4+Pv8/Pz//Pz8//z8/P/9AQED/QkJC/0NDQ/9DQ0P/QkJC/0BAQP8+Pj7/Pz8//0BAQP8/Pz//Pz8//0BAQP9BQUH/QEBA/z8/P/8/Pz//Pj4+/z4+Pv89PT3/PT09/zw8PP88PDz/Pj4+/z8/P/9AQED/QEBA/0FBQf9BQUH/QUFB/0BAQP8/Pz//Pj4+/z4+Pv8+Pj7/Pj4+/z4+Pv8+Pj7/Pj4+/z4+Pv8+Pj7/Pj4+/z4+Pv8+Pj7/QEBA/0FBQf9CQkL/Q0ND/0JCQv9BQUH/QEBA/z8/P/8+Pj7/Pj4+/z8/P/9AQED/QEBA/0BAQP9AQED/Pz8//z4+Pv8/Pz//QEBA/0FBQf9CQkL/QUFB/0FBQf9BQUH/QUFB/0FBQf9BQUH/QkJC/0JCQv9CQkL/QkJC/0JCQv9BQUH/QEBA/z8/P/8+Pj7/Pz8//z8/P/9AQED/QUFB/0FBQf9CQkL/QkJC/0FBQf9BQUH/QEBA/0BAQP8/Pz//Pz8//0BAQP9AQED/Pz8//z8/P/9BQUH/Q0ND/0RERP9FRUX/RkZG/0dHR/9FRUX/QkJC/0BAQP88PDz/Pj4+/0BAQP9AQED/Pz8//z8/P/9AQED/QEBA/0NDQ/9ERET/RUVF/0ZGRv9GRkb/RkZG/0RERP9DQ0P/QUFB/0BAQP9AQED/QUFB/0FBQf9AQED/QEBA/0BAQP9AQED/QEBA/0BAQP9BQUH/QUFB/0BAQP9AQED/QEBA/0BAQP9ERET/R0dH/0ZGRv9ERET/Q0ND/0JCQv9CQkL/QkJC/0JCQv9BQUH/QUFB/0BAQP9AQED/QUFB/0JCQv9DQ0P/RERE/0ZGRv9HR0f/R0dH/0dHR/9FRUX/Q0ND/0NDQ/9ERET/R0dH/05OTv9TU1P/XFxc/1lZWf9LS0v/RUVF/0RERP9DQ0P/RUVF/0ZGRv9FRUX/RERE/0NDQ/9DQ0P/Q0ND/0JCQv9CQkL/QkJC/0RERP9GRkb/RkZG/0RERP9DQ0P/RERE/0VFRf9GRkb/R0dH/0dHR/9GRkb/R0dH/zU1Nf8zMzP/MTEx/zExMf8xMTH/MTEx/zIyMv8yMjL/MzMz/zMzM/80NDT/NDQ0/zMzM/8zMzP/MjIy/zIyMv8zMzP/MzMz/zMzM/80NDT/MzMz/zExMf8xMTH/MTEx/zIyMv8zMzP/NDQ0/zU1Nf81NTX/NjY2/zU1Nf80NDT/MzMz/zIyMv8yMjL/MzMz/zMzM/8zMzP/NDQ0/zQ0NP8zMzP/NDQ0/zQ0NP80NDT/NTU1/zQ0NP8zMzP/NDQ0/zU1Nf81NTX/NDQ0/zQ0NP81NTX/NjY2/zY2Nv82Njb/NjY2/zU1Nf81NTX/NTU1/zU1Nf81NTX/NTU1/zU1Nf81NTX/NTU1/zU1Nf82Njb/NjY2/zY2Nv82Njb/NjY2/zY2Nv80NDT/MzMz/zQ0NP80NDT/NDQ0/zU1Nf82Njb/Nzc3/zY2Nv80NDT/MzMz/zIyMv82Njb/QEBA/z4+Pv8tLS3/JiYm/yMjI/8hISH/ICAg/x8fH/8eHh7/HR0d/x0dHf8eHh7/Hx8f/yAgIP8gICD/ICAg/x8fH/8eHh7/Hh4e/x4eHv8eHh7/Hx8f/yAgIP8fHx//Hh4e/yAgIP8hISH/IiIi/yMjI/8iIiL/ISEh/yAgIP8eHh7/Hh4e/x8fH/8gICD/ISEh/yEhIf8iIiL/IiIi/yIiIv8iIiL/ISEh/yAgIP8fHx//Hx8f/x8fH/8gICD/ICAg/yEhIf8iIiL/IyMj/yIiIv8gICD/ICAg/yEhIf8iIiL/JCQk/yUlJf8lJSX/JiYm/yUlJf8lJSX/JCQk/yMjI/8lJSX/Jycn/ycnJ/8oKCj/KCgo/yYmJv8mJib/JSUl/yUlJf8lJSX/JSUl/yYmJv8nJyf/KSkp/yoqKv8oKCj/Jycn/ysrK/8uLi7/Nzc3/0BAQP9FRUX/S0tL/0RERP84ODj/Nzc3/zg4OP87Ozv/QkJC/0hISP9VVVX/WVlZ/1hYWP9XV1f/VFRU/1NTU/9eXl7/aGho/19fX/9WVlb/UFBQ/0lJSf9TU1P/ZGRk/2lpaf9vb2//dnZ2/4SEhP+Hh4f/h4eH/4WFhf97e3v/enp6/5CQkP+hoaH/paWl/6mpqf+fn5//lJSU/4eHh/90dHT/d3d3/35+fv+EhIT/kJCQ/5KSkv+UlJT/kpKS/4yMjP+Li4v/j4+P/5OTk/+YmJj/nJyc/5+fn/+jo6P/np6e/5mZmf+dnZ3/pKSk/6CgoP+YmJj/k5OT/4uLi/+Kior/iYmJ/4qKiv+Ojo7/kJCQ/5OTk/+VlZX/lZWV/5aWlv+ZmZn/nJyc/5ycnP+cnJz/mpqa/5iYmP+Xl5f/lpaW/5GRkf+Ghob/hISE/4WFhf+IiIj/kZGR/5GRkf+BgYH/d3d3/3V1df90dHT/enp6/4CAgP+BgYH/g4OD/4aGhv+Li4v/h4eH/39/f/97e3v/c3Nz/3h4eP+Hh4f/ioqK/4SEhP99fX3/a2tr/15eXv9bW1v/WVlZ/1hYWP9XV1f/V1dX/1ZWVv9OTk7/Q0ND/z8/P/86Ojr/Pj4+/0dHR/9PT0//Xl5e/15eXv9NTU3/RERE/z8/P/88PDz/Ozs7/zo6Ov85OTn/ODg4/zg4OP83Nzf/Nzc3/zY2Nv82Njb/NjY2/zc3N/85OTn/OTk5/zU1Nf8zMzP/MDAw/y4uLv8vLy//Ly8v/zIyMv81NTX/Nzc3/zg4OP84ODj/ODg4/zY2Nv80NDT/MzMz/zMzM/8yMjL/MjIy/zExMf8xMTH/MDAw/zAwMP8wMDD/MDAw/zAwMP8yMjL/FRUV/xUVFf8UFBT/FBQU/xMTE/8TExP/EhIS/xISEv8SEhL/EhIS/xISEv8TExP/FRUV/xYWFv8XFxf/FxcX/xYWFv8WFhb/FhYW/xYWFv8WFhb/FhYW/xYWFv8VFRX/FRUV/xQUFP8UFBT/ExMT/xMTE/8UFBT/FBQU/xQUFP8UFBT/FBQU/xQUFP8TExP/ExMT/xMTE/8TExP/FBQU/xQUFP8VFRX/FhYW/xkZGf8fHx//Hx8f/yAgIP8gICD/ICAg/yAgIP8eHh7/Hh4e/xwcHP8bGxv/Gxsb/xsbG/8bGxv/Gxsb/xsbG/8bGxv/Gxsb/xsbG/8bGxv/Gxsb/xsbG/8cHBz/HBwc/x0dHf8dHR3/HBwc/xwcHP8bGxv/Gxsb/xwcHP8cHBz/HBwc/xwcHP8cHBz/HR0d/x0dHf8dHR3/HBwc/xwcHP8cHBz/HBwc/x0dHf8fHx//ICAg/yIiIv8kJCT/JiYm/ycnJ/8nJyf/Jycn/ycnJ/8nJyf/JiYm/yUlJf8iIiL/Hh4e/x0dHf8bGxv/Gxsb/xsbG/8bGxv/HBwc/xwcHP8dHR3/Hh4e/x8fH/8gICD/ICAg/yAgIP8fHx//Hx8f/x8fH/8fHx//Hx8f/yAgIP8fHx//Hx8f/x8fH/8fHx//Hx8f/x8fH/8fHx//Hx8f/x8fH/8eHh7/HR0d/xwcHP8cHBz/Gxsb/xoaGv8ZGRn/GRkZ/xgYGP8YGBj/GBgY/xcXF/8XFxf/FxcX/xcXF/8ZGRn/Ghoa/x0dHf8eHh7/Hx8f/x8fH/8dHR3/Ghoa/xcXF/8UFBT/ExMT/xISEv8SEhL/EhIS/xISEv8RERH/ERER/xEREf8RERH/EBAQ/xAQEP8QEBD/EBAQ/xAQEP8QEBD/EBAQ/xAQEP8QEBD/ERER/xEREf8SEhL/EhIS/xISEv8SEhL/EhIS/xISEv8SEhL/EhIS/xISEv8SEhL/ERER/xEREf8RERH/ERER/xEREf8RERH/ERER/xEREf8RERH/EBAQ/xAQEP8QEBD/EBAQ/xAQEP8QEBD/EBAQ/xAQEP8RERH/ERER/xEREf8RERH/ERER/xEREf8QEBD/EBAQ/xAQEP8PDw//Dw8P/w4ODv8PDw//Dw8P/w8PD/8ODg7/Dg4O/w4ODv8ODg7/Dg4O/w4ODv8PDw//Dw8P/w8PD/8ODg7/Dg4O/w4ODv8PDw//EBAQ/xAQEP8QEBD/EBAQ/xEREf8RERH/ERER/xISEv8VFRX/FhYW/xcXF/8YGBj/GRkZ/xoaGv8eHh7/IiIi/ycnJ/8sLCz/MTEx/zc3N/83Nzf/Nzc3/zY2Nv80NDT/MzMz/zIyMv8xMTH/MDAw/y8vL/8sLCz/Kysr/ysrK/8rKyv/LCws/ywsLP8sLCz/LS0t/y0tLf8tLS3/Li4u/y4uLv8uLi7/Ly8v/y8vL/8vLy//Ly8v/y4uLv8uLi7/LS0t/y0tLf8uLi7/Ly8v/y8vL/8vLy//Ly8v/y8vL/8vLy//Ly8v/y8vL/8uLi7/Li4u/y4uLv8uLi7/LS0t/y0tLf8vLy//Ly8v/y4uLv8uLi7/Li4u/y4uLv8uLi7/Li4u/y4uLv8uLi7/Ly8v/zAwMP8wMDD/MDAw/zExMf8yMjL/MjIy/zIyMv8yMjL/MDAw/zAwMP8xMTH/MTEx/zAwMP8wMDD/MDAw/zAwMP8xMTH/MTEx/zExMf8wMDD/MTEx/zIyMv8xMTH/MDAw/zAwMP8xMTH/MTEx/zExMf8xMTH/MTEx/zExMf8yMjL/MzMz/zQ0NP9ISEj/SEhI/0hISP9HR0f/RkZG/0ZGRv9GRkb/RUVF/0VFRf9GRkb/SEhI/0pKSv9NTU3/TU1N/0xMTP9LS0v/S0tL/0tLS/9NTU3/Tk5O/05OTv9NTU3/TU1N/01NTf9LS0v/SUlJ/0hISP9HR0f/SEhI/0xMTP9OTk7/UFBQ/1FRUf9QUFD/T09P/01NTf9LS0v/S0tL/0tLS/9LS0v/S0tL/0tLS/9MTEz/S0tL/0hISP9ISEj/R0dH/0hISP9KSkr/S0tL/0xMTP9MTEz/TExM/0xMTP9LS0v/S0tL/0pKSv9JSUn/SUlJ/0pKSv9NTU3/UFBQ/1FRUf9TU1P/VVVV/1lZWf9eXl7/aGho/3p6ev+pqan/vb29/7y8vP+1tbX/jIyM/2lpaf9hYWH/WFhY/1lZWf9bW1v/XFxc/11dXf9dXV3/XFxc/1xcXP9cXFz/W1tb/1lZWf9XV1f/VVVV/1RUVP9TU1P/U1NT/1FRUf9QUFD/TExM/0lJSf9ISEj/R0dH/0hISP9JSUn/SEhI/0dHR/9GRkb/RERE/0NDQ/9DQ0P/Q0ND/0NDQ/9DQ0P/QUFB/z8/P/8/Pz//Pj4+/zw8PP85OTn/Nzc3/zU1Nf8zMzP/MDAw/zExMf8yMjL/QUFB/2FhYf90dHT/k5OT/5mZmf+Li4v/hoaG/4+Pj/+UlJT/h4eH/3p6ev9ZWVn/NjY2/y0tLf8hISH/ISEh/yEhIf8hISH/ISEh/yEhIf8gICD/ICAg/x8fH/8fHx//ICAg/yAgIP8gICD/ICAg/yIiIv8jIyP/KCgo/y4uLv83Nzf/QkJC/0JCQv9CQkL/QUFB/z8/P/8+Pj7/Pj4+/z09Pf87Ozv/Ozs7/z09Pf8+Pj7/Pj4+/z4+Pv8/Pz//QEBA/z09Pf87Ozv/PDw8/zw8PP8/Pz//QkJC/0FBQf8+Pj7/PDw8/zo6Ov86Ojr/OTk5/zg4OP84ODj/ODg4/z4+Pv9CQkL/RUVF/0hISP9GRkb/Q0ND/0JCQv9BQUH/QEBA/0BAQP8/Pz//Pz8//z8/P/8+Pj7/Pz8//0BAQP9AQED/QEBA/z8/P/8/Pz//Pz8//z8/P/9AQED/QUFB/0JCQv9AQED/Pj4+/z09Pf87Ozv/Ozs7/zs7O/87Ozv/Ozs7/zo6Ov85OTn/OTk5/zg4OP83Nzf/Nzc3/zY2Nv81NTX/NTU1/zU1Nf80NDT/Nzc3/zo6Ov85OTn/NjY2/zY2Nv81NTX/NTU1/zQ0NP80NDT/NDQ0/zQ0NP8zMzP/MjIy/zMzM/8zMzP/NDQ0/zQ0NP80NDT/NDQ0/zMzM/8yMjL/MTEx/zExMf8wMDD/MDAw/zExMf8yMjL/MzMz/zQ0NP80NDT/NDQ0/zMzM/8yMjL/MDAw/zAwMP8wMDD/Ly8v/y4uLv8uLi7/Li4u/y4uLv8wMDD/Ly8v/y4uLv8tLS3/LS0t/y0tLf8uLi7/Li4u/y4uLv8uLi7/LS0t/y0tLf8tLS3/LS0t/ywsLP8sLCz/LCws/ywsLP8sLCz/LCws/ysrK/8oKCj/Jycn/yUlJf8kJCT/JCQk/yQkJP8kJCT/JSUl/yQkJP8kJCT/IyMj/yIiIv8jIyP/JCQk/yUlJf8lJSX/JiYm/yYmJv8mJib/JiYm/yYmJv8nJyf/Jycn/ygoKP8oKCj/KCgo/ygoKP8nJyf/JiYm/ykpKf8sLCz/LS0t/zAwMP8uLi7/Kysr/ysrK/8qKir/Kioq/yoqKv8qKir/Kioq/yoqKv8pKSn/KSkp/ykpKf8pKSn/KSkp/ycnJ/8oKCj/KSkp/ygoKP8nJyf/JiYm/yUlJf8mJib/Jycn/ycnJ/8nJyf/JiYm/yYmJv8mJib/JiYm/ycnJ/8nJyf/Jycn/ygoKP8oKCj/Jycn/ycnJ/8nJyf/Jycn/yYmJv8mJib/JiYm/ycnJ/8nJyf/Jycn/ycnJ/8nJyf/Jycn/ycnJ/8nJyf/KCgo/ygoKP8oKCj/Jycn/yoqKv8tLS3/Ojo6/0xMTP9LS0v/SEhI/0ZGRv9CQkL/QEBA/z4+Pv8+Pj7/PT09/z09Pf89PT3/PT09/z4+Pv8+Pj7/Pz8//0BAQP8/Pz//PT09/z09Pf89PT3/Pz8//0FBQf9BQUH/QEBA/z8/P/89PT3/PT09/z4+Pv8+Pj7/Pz8//z8/P/9AQED/QEBA/0BAQP9BQUH/QUFB/0FBQf9BQUH/QUFB/0FBQf9BQUH/QUFB/0FBQf9BQUH/QUFB/0FBQf9AQED/QEBA/z8/P/8+Pj7/Pz8//0BAQP9AQED/QEBA/z8/P/89PT3/Pj4+/z4+Pv8/Pz//QkJC/0JCQv9AQED/Pz8//z4+Pv8+Pj7/Pj4+/z4+Pv9AQED/QUFB/0FBQf9BQUH/QUFB/0JCQv9BQUH/QEBA/0BAQP8/Pz//Pz8//0BAQP8/Pz//Pj4+/z4+Pv8/Pz//Pz8//z8/P/9AQED/QEBA/0FBQf9AQED/QEBA/z8/P/8+Pj7/Pz8//0BAQP9AQED/Pz8//z8/P/8/Pz//Pz8//z4+Pv8+Pj7/Pz8//z8/P/9AQED/QEBA/0BAQP8/Pz//Pz8//z8/P/8+Pj7/Pj4+/z8/P/9AQED/QUFB/0JCQv9BQUH/Pz8//z8/P/8/Pz//Pj4+/z09Pf89PT3/PDw8/zw8PP8+Pj7/Pz8//0BAQP9BQUH/QUFB/0JCQv9CQkL/QkJC/0FBQf8/Pz//Pj4+/z09Pf89PT3/PT09/z09Pf89PT3/PT09/z4+Pv8+Pj7/Pj4+/z8/P/9AQED/QkJC/0JCQv9CQkL/QUFB/z4+Pv8+Pj7/PDw8/z09Pf8+Pj7/Pz8//z8/P/8/Pz//Pz8//z8/P/8+Pj7/Pj4+/z8/P/8/Pz//QEBA/0FBQf9CQkL/RERE/0NDQ/9CQkL/Q0ND/0RERP9DQ0P/QkJC/0FBQf9CQkL/QkJC/0JCQv9CQkL/QkJC/0FBQf9AQED/Pz8//0BAQP9CQkL/QkJC/0FBQf9BQUH/QUFB/0FBQf9AQED/QEBA/0BAQP9BQUH/QUFB/0FBQf8/Pz//Pz8//z8/P/9AQED/QUFB/0FBQf9CQkL/Q0ND/0JCQv9BQUH/QEBA/z4+Pv8+Pj7/Pz8//z8/P/8+Pj7/Pj4+/z09Pf8+Pj7/Pz8//0BAQP9BQUH/QkJC/0JCQv9CQkL/QUFB/0BAQP8/Pz//Pz8//0BAQP9AQED/QEBA/0FBQf9BQUH/QkJC/0JCQv9CQkL/QkJC/0JCQv9CQkL/QUFB/0FBQf9BQUH/QUFB/0JCQv9DQ0P/QkJC/0FBQf9BQUH/QUFB/0BAQP9AQED/QEBA/0BAQP9AQED/QEBA/0BAQP9BQUH/QUFB/0JCQv9DQ0P/Q0ND/0NDQ/9ERET/RkZG/0RERP9CQkL/Q0ND/0RERP9GRkb/SkpK/0xMTP9RUVH/T09P/0ZGRv9DQ0P/Q0ND/0NDQ/9ERET/RUVF/0RERP9DQ0P/Q0ND/0JCQv9CQkL/QkJC/0JCQv9CQkL/Q0ND/0VFRf9FRUX/RERE/0RERP9FRUX/RkZG/0hISP9JSUn/SEhI/0hISP9ISEj/MzMz/zIyMv8yMjL/MjIy/zIyMv8yMjL/MzMz/zMzM/8zMzP/MzMz/zMzM/8zMzP/MzMz/zMzM/80NDT/NDQ0/zMzM/8zMzP/MzMz/zMzM/8zMzP/MjIy/zIyMv8yMjL/MzMz/zU1Nf81NTX/NDQ0/zQ0NP81NTX/NDQ0/zQ0NP8zMzP/MjIy/zExMf8yMjL/MjIy/zMzM/8zMzP/NDQ0/zQ0NP80NDT/NDQ0/zQ0NP81NTX/NDQ0/zMzM/8yMjL/MzMz/zMzM/80NDT/NTU1/zY2Nv82Njb/NjY2/zY2Nv82Njb/NjY2/zY2Nv82Njb/NTU1/zQ0NP81NTX/NTU1/zU1Nf81NTX/NTU1/zQ0NP80NDT/NTU1/zU1Nf82Njb/NjY2/zU1Nf80NDT/MzMz/zMzM/8zMzP/NDQ0/zQ0NP81NTX/NDQ0/zMzM/8xMTH/LCws/ysrK/8tLS3/Kysr/yUlJf8iIiL/ISEh/yAgIP8fHx//Hh4e/x4eHv8eHh7/Hh4e/x0dHf8dHR3/HR0d/x4eHv8fHx//Hx8f/yAgIP8gICD/Hx8f/x8fH/8fHx//Hx8f/x4eHv8eHh7/Hx8f/yAgIP8gICD/ICAg/yAgIP8gICD/Hx8f/x0dHf8eHh7/Hx8f/yAgIP8hISH/IiIi/yIiIv8iIiL/IiIi/yEhIf8gICD/Hx8f/x8fH/8fHx//Hx8f/yAgIP8gICD/ICAg/yEhIf8hISH/ICAg/x8fH/8fHx//ICAg/yEhIf8jIyP/JCQk/yMjI/8jIyP/IyMj/yIiIv8iIiL/IiIi/yMjI/8kJCT/JCQk/yUlJf8lJSX/JSUl/yUlJf8kJCT/JCQk/yUlJf8mJib/JSUl/yYmJv8mJib/Jycn/yYmJv8lJSX/Jycn/yoqKv8xMTH/OTk5/z09Pf9BQUH/PDw8/zMzM/8zMzP/NDQ0/zc3N/88PDz/QUFB/0xMTP9PT0//TU1N/0xMTP9NTU3/Tk5O/1tbW/9paWn/Xl5e/1FRUf9NTU3/SEhI/1FRUf9fX1//aGho/3d3d/9/f3//jY2N/5CQkP+Pj4//jIyM/4KCgv+BgYH/mZmZ/6ysrP+2trb/wMDA/7Kysv+hoaH/lZWV/4WFhf+UlJT/rq6u/7y8vP/Q0ND/1NTU/9TU1P/Ozs7/vLy8/7a2tv+4uLj/urq6/8HBwf/Hx8f/z8/P/9fX1//T09P/zs7O/9TU1P/c3Nz/3Nzc/9ra2v/Z2dn/1tbW/9XV1f/V1dX/1dXV/9fX1//Y2Nj/2dnZ/9nZ2f/Z2dn/2tra/9vb2//c3Nz/3Nzc/9zc3P/b29v/2tra/9nZ2f/Y2Nj/1NTU/8zMzP/Nzc3/0NDQ/9PT0//V1dX/1NTU/8fHx//AwMD/v7+//76+vv/FxcX/y8vL/8HBwf+1tbX/ra2t/6Kiov+np6f/sLCw/7Ozs/+2trb/tbW1/7Ozs/+urq7/oqKi/5aWlv9/f3//b29v/2dnZ/9gYGD/Y2Nj/2ZmZv9gYGD/WFhY/1FRUf9HR0f/RUVF/0JCQv9GRkb/UFBQ/1FRUf9PT0//S0tL/0BAQP87Ozv/Ojo6/zo6Ov8+Pj7/QkJC/z09Pf83Nzf/NTU1/zIyMv8xMTH/Ly8v/y4uLv8tLS3/LCws/ywsLP8rKyv/Kioq/ykpKf8pKSn/KCgo/ykpKf8pKSn/Kysr/y0tLf8tLS3/Li4u/y4uLv8uLi7/LS0t/ysrK/8rKyv/Kioq/ykpKf8oKCj/KCgo/yYmJv8mJib/Jycn/ycnJ/8mJib/JiYm/yYmJv8VFRX/FRUV/xUVFf8VFRX/FBQU/xQUFP8TExP/ExMT/xMTE/8TExP/ExMT/xMTE/8UFBT/FRUV/xUVFf8WFhb/FhYW/xcXF/8XFxf/FxcX/xcXF/8WFhb/FhYW/xUVFf8VFRX/FRUV/xQUFP8UFBT/FBQU/xQUFP8UFBT/FBQU/xQUFP8UFBT/FBQU/xMTE/8TExP/ExMT/xMTE/8UFBT/FRUV/xYWFv8XFxf/Ghoa/x8fH/8gICD/ISEh/yEhIf8gICD/ICAg/x4eHv8eHh7/HBwc/xsbG/8aGhr/Ghoa/xoaGv8aGhr/Gxsb/xsbG/8bGxv/HBwc/xwcHP8cHBz/HBwc/xwcHP8cHBz/HBwc/xwcHP8cHBz/Gxsb/xwcHP8cHBz/HBwc/xsbG/8cHBz/HBwc/xwcHP8cHBz/HBwc/xsbG/8bGxv/HBwc/xwcHP8bGxv/HBwc/x0dHf8eHh7/Hx8f/x8fH/8gICD/ISEh/yEhIf8iIiL/JCQk/ycnJ/8qKir/LS0t/ykpKf8jIyP/ICAg/xwcHP8bGxv/Gxsb/xsbG/8bGxv/Gxsb/xwcHP8cHBz/HR0d/x4eHv8eHh7/HR0d/x0dHf8eHh7/Hh4e/x4eHv8eHh7/Hh4e/x4eHv8fHx//Hx8f/x8fH/8fHx//Hh4e/x4eHv8dHR3/HR0d/xwcHP8cHBz/Gxsb/xoaGv8ZGRn/GBgY/xgYGP8XFxf/FxcX/xcXF/8YGBj/GBgY/xkZGf8ZGRn/Ghoa/xoaGv8bGxv/HR0d/x4eHv8cHBz/Gxsb/xgYGP8WFhb/FBQU/xISEv8RERH/ERER/xEREf8RERH/ERER/xAQEP8QEBD/EBAQ/xAQEP8QEBD/EBAQ/xAQEP8QEBD/EBAQ/xAQEP8QEBD/EBAQ/xAQEP8RERH/ERER/xEREf8RERH/ERER/xEREf8RERH/ERER/xEREf8RERH/ERER/xEREf8QEBD/EBAQ/xAQEP8QEBD/EBAQ/xAQEP8RERH/ERER/xEREf8QEBD/EBAQ/xEREf8RERH/ERER/xEREf8RERH/ERER/xEREf8RERH/ERER/xEREf8RERH/ERER/xAQEP8QEBD/EBAQ/xAQEP8QEBD/EBAQ/xAQEP8QEBD/EBAQ/xAQEP8QEBD/EBAQ/xAQEP8QEBD/EBAQ/xAQEP8QEBD/EBAQ/xAQEP8RERH/ERER/xISEv8TExP/FBQU/xQUFP8VFRX/FRUV/xUVFf8VFRX/FRUV/xYWFv8XFxf/Ghoa/x0dHf8hISH/JCQk/ykpKf8tLS3/Ly8v/zAwMP8yMjL/NTU1/zU1Nf81NTX/MzMz/zAwMP8wMDD/Ly8v/y8vL/8vLy//Ly8v/y0tLf8sLCz/Kysr/ysrK/8rKyv/Kysr/ywsLP8sLCz/LS0t/y4uLv8uLi7/Ly8v/y8vL/8uLi7/Li4u/y4uLv8uLi7/Li4u/y4uLv8uLi7/Li4u/y4uLv8uLi7/Li4u/y4uLv8vLy//Ly8v/y8vL/8wMDD/Ly8v/y8vL/8uLi7/Li4u/y4uLv8uLi7/Li4u/y4uLv8uLi7/Li4u/y4uLv8uLi7/LS0t/y0tLf8tLS3/Li4u/y8vL/8wMDD/MTEx/zExMf8xMTH/MTEx/zIyMv8yMjL/MjIy/zExMf8wMDD/MDAw/zExMf8xMTH/MTEx/zExMf8xMTH/MTEx/zIyMv8yMjL/MjIy/zIyMv8yMjL/MjIy/zIyMv8xMTH/MTEx/zIyMv8yMjL/MjIy/zIyMv8yMjL/MjIy/zMzM/8zMzP/MzMz/0hISP9ISEj/SEhI/0dHR/9GRkb/RkZG/0ZGRv9GRkb/RUVF/0ZGRv9ISEj/SkpK/01NTf9OTk7/TExM/0tLS/9MTEz/TExM/09PT/9RUVH/T09P/0xMTP9MTEz/TU1N/0tLS/9ISEj/R0dH/0ZGRv9ISEj/TExM/05OTv9QUFD/UFBQ/1FRUf9RUVH/T09P/01NTf9MTEz/TExM/0xMTP9MTEz/TU1N/09PT/9NTU3/SUlJ/0hISP9GRkb/R0dH/0lJSf9KSkr/TExM/0xMTP9LS0v/SkpK/0hISP9HR0f/SEhI/0lJSf9KSkr/SkpK/01NTf9QUFD/UlJS/1RUVP9YWFj/Xl5e/2VlZf9ycnL/i4uL/8rKyv/l5eX/5eXl/9zc3P+ioqL/cnJy/2dnZ/9cXFz/X19f/2NjY/9lZWX/aGho/2dnZ/9kZGT/YmJi/19fX/9eXl7/W1tb/1lZWf9WVlb/VVVV/1VVVf9UVFT/UlJS/1BQUP9MTEz/R0dH/0hISP9JSUn/SkpK/01NTf9MTEz/S0tL/0hISP9ERET/Q0ND/0NDQ/9ERET/RkZG/0ZGRv9DQ0P/QUFB/0FBQf9AQED/PT09/zo6Ov84ODj/NjY2/zU1Nf8zMzP/MDAw/ysrK/8vLy//OTk5/1JSUv+Ojo7/nJyc/4iIiP+EhIT/mpqa/6enp/+jo6P/np6e/3Jycv9CQkL/NjY2/yYmJv8mJib/JiYm/yYmJv8mJib/JiYm/yYmJv8lJSX/JSUl/yUlJf8mJib/JiYm/yUlJf8lJSX/JiYm/ycnJ/8pKSn/Kysr/zExMf85OTn/Ozs7/z09Pf8+Pj7/Pz8//z8/P/8/Pz//Pz8//zw8PP88PDz/Pj4+/z4+Pv88PDz/Ozs7/zw8PP89PT3/Ozs7/zg4OP86Ojr/Ozs7/z4+Pv9CQkL/QEBA/zs7O/85OTn/NTU1/zQ0NP80NDT/NDQ0/zQ0NP80NDT/OTk5/z09Pf8+Pj7/Pj4+/zs7O/84ODj/ODg4/zY2Nv82Njb/NjY2/zY2Nv81NTX/NTU1/zU1Nf81NTX/Nzc3/zc3N/82Njb/NjY2/zY2Nv81NTX/NTU1/zU1Nf82Njb/Nzc3/zU1Nf8zMzP/MjIy/zExMf8xMTH/MTEx/zExMf8xMTH/MDAw/zAwMP8vLy//Li4u/y4uLv8uLi7/LS0t/y0tLf8tLS3/Li4u/y4uLv8xMTH/NTU1/zMzM/8wMDD/Ly8v/y8vL/8vLy//Li4u/y0tLf8tLS3/LCws/ywsLP8sLCz/LCws/ywsLP8sLCz/LS0t/y0tLf8sLCz/LCws/ysrK/8rKyv/Kysr/yoqKv8pKSn/KSkp/yoqKv8rKyv/LCws/ywsLP8sLCz/Kysr/yoqKv8pKSn/KSkp/ykpKf8oKCj/KCgo/ycnJ/8nJyf/Jycn/ygoKP8oKCj/Jycn/ycnJ/8nJyf/KCgo/ygoKP8nJyf/Jycn/yYmJv8mJib/JiYm/yUlJf8lJSX/JSUl/yUlJf8lJSX/JiYm/yYmJv8nJyf/KCgo/ygoKP8nJyf/Jycn/yYmJv8lJSX/JSUl/yUlJf8kJCT/JCQk/yQkJP8kJCT/JCQk/yQkJP8mJib/JiYm/yYmJv8mJib/JiYm/yYmJv8mJib/Jycn/ycnJ/8oKCj/KCgo/ygoKP8oKCj/KCgo/yYmJv8kJCT/JSUl/yUlJf8kJCT/IyMj/yIiIv8iIiL/IiIi/yIiIv8iIiL/IiIi/yMjI/8jIyP/IiIi/yEhIf8hISH/ISEh/yEhIf8hISH/ICAg/yEhIf8iIiL/IiIi/yEhIf8hISH/ICAg/yEhIf8iIiL/IiIi/yEhIf8hISH/ICAg/yAgIP8gICD/ICAg/yAgIP8gICD/IiIi/yMjI/8iIiL/ICAg/yAgIP8gICD/ICAg/x8fH/8gICD/ISEh/yEhIf8hISH/ISEh/yAgIP8gICD/ICAg/yAgIP8gICD/ISEh/yAgIP8gICD/IyMj/ygoKP83Nzf/TExM/0lJSf9CQkL/QUFB/0FBQf9AQED/Pj4+/z09Pf88PDz/PDw8/zw8PP88PDz/PT09/z4+Pv8+Pj7/Pz8//z09Pf87Ozv/PDw8/z09Pf8/Pz//QUFB/0FBQf9BQUH/QEBA/z4+Pv89PT3/Pj4+/z8/P/9AQED/QEBA/0BAQP9AQED/QEBA/0BAQP9BQUH/QkJC/0JCQv9BQUH/QUFB/0FBQf9BQUH/QUFB/0FBQf9BQUH/QUFB/0BAQP9AQED/Pz8//z4+Pv8/Pz//QEBA/0BAQP9AQED/Pz8//z09Pf8+Pj7/Pj4+/0BAQP9DQ0P/QkJC/0BAQP9AQED/Pj4+/z4+Pv89PT3/PT09/z8/P/9AQED/QEBA/0BAQP9BQUH/Q0ND/0JCQv9BQUH/QUFB/0BAQP9AQED/QEBA/z8/P/8+Pj7/Pj4+/z8/P/8/Pz//QEBA/0BAQP9BQUH/QUFB/0BAQP9AQED/Pz8//z09Pf8+Pj7/Pz8//z8/P/8/Pz//Pz8//0BAQP8/Pz//Pj4+/z4+Pv8/Pz//Pz8//z8/P/8/Pz//Pj4+/z09Pf8+Pj7/Pz8//z4+Pv89PT3/Pj4+/0BAQP9BQUH/Q0ND/0JCQv8/Pz//Pz8//z8/P/8/Pz//PT09/z09Pf88PDz/PDw8/z4+Pv8/Pz//QEBA/0FBQf9BQUH/QkJC/0JCQv9DQ0P/QUFB/z8/P/8+Pj7/PT09/z09Pf88PDz/PDw8/z09Pf89PT3/Pj4+/z4+Pv8+Pj7/Pz8//0BAQP9CQkL/QkJC/0JCQv9AQED/PT09/zw8PP87Ozv/PDw8/z8/P/8/Pz//Pj4+/z4+Pv8+Pj7/Pj4+/z4+Pv8+Pj7/Pz8//z8/P/9AQED/QEBA/0NDQ/9GRkb/RUVF/0NDQ/9ERET/RUVF/0RERP9CQkL/QUFB/0JCQv9CQkL/Q0ND/0NDQ/9DQ0P/Q0ND/0FBQf8/Pz//QUFB/0JCQv9BQUH/QUFB/0FBQf9BQUH/QUFB/0BAQP9AQED/QUFB/0FBQf9CQkL/QUFB/z8/P/8+Pj7/Pj4+/z4+Pv8/Pz//Pz8//0BAQP9BQUH/QEBA/0BAQP8/Pz//Pz8//z8/P/8/Pz//Pz8//z4+Pv8+Pj7/PDw8/zw8PP8+Pj7/Pj4+/z8/P/9AQED/QEBA/z8/P/8/Pz//Pj4+/z8/P/8/Pz//Pz8//0BAQP9AQED/QUFB/0JCQv9ERET/RERE/0NDQ/9DQ0P/QkJC/0JCQv9BQUH/QUFB/0FBQf9BQUH/QUFB/0FBQf9AQED/Pz8//z8/P/9AQED/QEBA/z8/P/8/Pz//QEBA/0BAQP9BQUH/QUFB/0BAQP9AQED/QUFB/0JCQv9BQUH/QUFB/0NDQ/9FRUX/RERE/0JCQv9DQ0P/RERE/0VFRf9HR0f/SEhI/0pKSv9JSUn/RERE/0JCQv9CQkL/QkJC/0NDQ/9ERET/Q0ND/0NDQ/9DQ0P/QkJC/0JCQv9CQkL/QkJC/0JCQv9DQ0P/RUVF/0VFRf9ERET/RERE/0ZGRv9HR0f/SUlJ/0pKSv9JSUn/SUlJ/0lJSf8yMjL/MjIy/zIyMv8yMjL/MjIy/zIyMv8zMzP/MzMz/zMzM/8zMzP/MjIy/zIyMv8zMzP/MzMz/zQ0NP81NTX/NDQ0/zMzM/8yMjL/MjIy/zIyMv8zMzP/MzMz/zMzM/80NDT/NjY2/zU1Nf80NDT/NDQ0/zQ0NP80NDT/NDQ0/zQ0NP8yMjL/MTEx/zIyMv8yMjL/MjIy/zMzM/80NDT/NTU1/zQ0NP80NDT/NDQ0/zU1Nf80NDT/MjIy/zIyMv8xMTH/MjIy/zQ0NP81NTX/NjY2/zY2Nv82Njb/NjY2/zY2Nv82Njb/NjY2/zY2Nv81NTX/NDQ0/zQ0NP81NTX/NTU1/zU1Nf81NTX/MzMz/zMzM/81NTX/NTU1/zY2Nv82Njb/NTU1/zU1Nf8zMzP/MjIy/zMzM/80NDT/NDQ0/zMzM/8zMzP/MzMz/y8vL/8oKCj/JiYm/yIiIv8hISH/ICAg/yAgIP8fHx//Hx8f/x4eHv8eHh7/Hh4e/x4eHv8eHh7/HR0d/x0dHf8cHBz/HR0d/x4eHv8fHx//ISEh/yEhIf8gICD/ICAg/x8fH/8fHx//Hh4e/x4eHv8fHx//Hx8f/x8fH/8eHh7/Hh4e/x8fH/8eHh7/HR0d/x4eHv8gICD/ISEh/yIiIv8iIiL/IiIi/yIiIv8hISH/ISEh/yAgIP8fHx//Hx8f/x8fH/8fHx//ICAg/yAgIP8gICD/ICAg/yAgIP8fHx//Hh4e/x4eHv8fHx//ICAg/yIiIv8jIyP/IiIi/yIiIv8hISH/ISEh/yEhIf8hISH/ISEh/yIiIv8iIiL/IyMj/yQkJP8lJSX/JCQk/yMjI/8kJCT/JSUl/yYmJv8lJSX/JSUl/yUlJf8lJSX/JCQk/yQkJP8mJib/Jycn/y0tLf80NDT/Nzc3/zs7O/83Nzf/MDAw/zAwMP8xMTH/MzMz/zc3N/87Ozv/RUVF/0hISP9GRkb/RUVF/0dHR/9KSkr/WFhY/2ZmZv9bW1v/TU1N/0pKSv9GRkb/TU1N/1paWv9lZWX/d3d3/4CAgP+Ojo7/kZGR/4+Pj/+MjIz/goKC/4GBgf+ZmZn/rKys/7m5uf/Gxsb/tbW1/6Ojo/+YmJj/iYmJ/56env/CwsL/0tLS/+vr6//v7+//7u7u/+bm5v/Pz8//xsbG/8fHx//Jycn/0NDQ/9fX1//h4eH/6+vr/+jo6P/k5OT/6urq//Ly8v/09PT/9vb2//b29v/29vb/9vb2//b29v/29vb/9vb2//b29v/29vb/9vb2//b29v/29vb/9vb2//b29v/29vb/9vb2//b29v/29vb/9fX1//Pz8//w8PD/6urq/+zs7P/x8fH/8/Pz//Ly8v/w8PD/5ubm/+Dg4P/f39//39/f/+bm5v/s7Oz/3d3d/8nJyf+8vLz/qqqq/7Ozs//FxcX/y8vL/9PT0//Q0ND/xcXF/7y8vP+srKz/n5+f/4aGhv91dXX/ampq/2FhYf9mZmb/a2tr/2JiYv9WVlb/UFBQ/0hISP9HR0f/RUVF/0lJSf9TU1P/UVFR/0VFRf9AQED/OTk5/zU1Nf82Njb/Nzc3/z4+Pv9ERET/Pj4+/zY2Nv8zMzP/Ly8v/y0tLf8rKyv/Kioq/ycnJ/8mJib/JCQk/yQkJP8jIyP/IyMj/yUlJf8lJSX/JiYm/yYmJv8nJyf/KCgo/ygoKP8oKCj/KCgo/ygoKP8nJyf/JiYm/yYmJv8lJSX/JCQk/yMjI/8iIiL/ISEh/yEhIf8iIiL/IiIi/yEhIf8gICD/ICAg/xUVFf8VFRX/FRUV/xUVFf8VFRX/FRUV/xQUFP8UFBT/ExMT/xMTE/8TExP/ExMT/xQUFP8UFBT/FRUV/xUVFf8WFhb/FxcX/xcXF/8YGBj/FxcX/xYWFv8WFhb/FRUV/xUVFf8VFRX/FRUV/xQUFP8UFBT/FBQU/xQUFP8UFBT/FBQU/xQUFP8UFBT/ExMT/xMTE/8TExP/ExMT/xQUFP8VFRX/FhYW/xgYGP8bGxv/Hx8f/yAgIP8hISH/ISEh/yAgIP8gICD/Hh4e/x4eHv8cHBz/Gxsb/xoaGv8ZGRn/Ghoa/xoaGv8aGhr/Gxsb/xsbG/8cHBz/HBwc/xwcHP8cHBz/HBwc/xwcHP8cHBz/HBwc/xsbG/8bGxv/HBwc/x0dHf8cHBz/Gxsb/xwcHP8cHBz/HBwc/xwcHP8bGxv/Ghoa/xsbG/8cHBz/HBwc/xsbG/8bGxv/HBwc/xwcHP8dHR3/HR0d/x0dHf8dHR3/Hh4e/x8fH/8jIyP/Jycn/ysrK/8wMDD/LCws/yYmJv8iIiL/HR0d/xwcHP8bGxv/Gxsb/xsbG/8bGxv/Gxsb/xsbG/8cHBz/HR0d/xwcHP8cHBz/HBwc/x0dHf8dHR3/HR0d/x0dHf8dHR3/Hh4e/x8fH/8fHx//Hx8f/x8fH/8eHh7/HR0d/xwcHP8cHBz/Gxsb/xsbG/8aGhr/GRkZ/xgYGP8XFxf/FxcX/xYWFv8XFxf/FxcX/xgYGP8ZGRn/Ghoa/xsbG/8bGxv/Gxsb/xsbG/8dHR3/HR0d/xoaGv8YGBj/FhYW/xMTE/8SEhL/ERER/xEREf8QEBD/EBAQ/xAQEP8QEBD/EBAQ/xAQEP8QEBD/EBAQ/xAQEP8QEBD/EBAQ/xAQEP8QEBD/EBAQ/xAQEP8QEBD/EBAQ/xEREf8RERH/ERER/xEREf8RERH/ERER/xEREf8RERH/EBAQ/xAQEP8QEBD/EBAQ/xAQEP8QEBD/EBAQ/xAQEP8QEBD/EBAQ/xAQEP8RERH/ERER/xAQEP8QEBD/ERER/xEREf8SEhL/EhIS/xISEv8SEhL/ERER/xEREf8RERH/ERER/xEREf8RERH/ERER/xAQEP8QEBD/EBAQ/xAQEP8RERH/ERER/xEREf8RERH/ERER/xEREf8RERH/ERER/xEREf8RERH/ERER/xEREf8RERH/EhIS/xISEv8TExP/FBQU/xUVFf8WFhb/FxcX/xcXF/8YGBj/GBgY/xcXF/8YGBj/GBgY/xkZGf8dHR3/ICAg/yYmJv8qKir/Ly8v/zMzM/8zMzP/MzMz/zMzM/80NDT/NDQ0/zQ0NP8yMjL/Li4u/y4uLv8tLS3/LS0t/y8vL/8vLy//LS0t/y0tLf8sLCz/Kysr/ysrK/8rKyv/LCws/ywsLP8tLS3/Ly8v/y8vL/8vLy//Ly8v/y4uLv8uLi7/Li4u/y4uLv8uLi7/Li4u/y8vL/8vLy//Li4u/y0tLf8uLi7/Li4u/y4uLv8vLy//Ly8v/zAwMP8wMDD/Ly8v/y8vL/8uLi7/Li4u/y4uLv8uLi7/Li4u/y4uLv8uLi7/Li4u/y0tLf8tLS3/LS0t/y0tLf8uLi7/MDAw/zAwMP8xMTH/MTEx/zExMf8xMTH/MjIy/zIyMv8yMjL/MTEx/zAwMP8vLy//MDAw/zExMf8yMjL/MjIy/zIyMv8yMjL/MjIy/zIyMv8yMjL/MzMz/zMzM/8yMjL/MjIy/zExMf8xMTH/MjIy/zIyMv8yMjL/MjIy/zMzM/8zMzP/MzMz/zMzM/8yMjL/SUlJ/0hISP9HR0f/R0dH/0dHR/9ISEj/SEhI/0hISP9HR0f/R0dH/0hISP9JSUn/TExM/01NTf9NTU3/TExM/0xMTP9NTU3/Tk5O/09PT/9NTU3/S0tL/0xMTP9OTk7/TExM/0pKSv9LS0v/S0tL/01NTf9PT0//UVFR/1JSUv9TU1P/VFRU/1RUVP9QUFD/TExM/0xMTP9NTU3/TU1N/05OTv9QUFD/UlJS/09PT/9KSkr/SUlJ/0hISP9JSUn/S0tL/0tLS/9MTEz/TExM/0tLS/9KSkr/SUlJ/0hISP9JSUn/S0tL/0xMTP9OTk7/UFBQ/1JSUv9WVlb/Xl5e/2BgYP9iYmL/ZmZm/2xsbP92dnb/jo6O/5mZmf+ampr/mJiY/4iIiP97e3v/goKC/4iIiP+YmJj/qqqq/7Gxsf+6urr/rKys/5OTk/+FhYX/b29v/2lpaf9lZWX/YmJi/11dXf9bW1v/XV1d/15eXv9ZWVn/VFRU/1BQUP9LS0v/Tk5O/1JSUv9fX1//cnJy/2xsbP9fX1//V1dX/0pKSv9HR0f/RUVF/0ZGRv9LS0v/TU1N/0lJSf9GRkb/Q0ND/0FBQf8+Pj7/Ozs7/zo6Ov85OTn/ODg4/zg4OP81NTX/MDAw/zAwMP8wMDD/Ozs7/1lZWf9qamr/goKC/42Njf+Pj4//kZGR/5iYmP+dnZ3/dnZ2/0tLS/8+Pj7/LS0t/ywsLP8qKir/Kysr/ywsLP8sLCz/LCws/y0tLf8uLi7/Li4u/y4uLv8uLi7/Kysr/yoqKv8qKir/Kysr/ywsLP8tLS3/Ly8v/zIyMv80NDT/NjY2/zc3N/86Ojr/Ojo6/zk5Of84ODj/NjY2/zY2Nv82Njb/NjY2/zMzM/8xMTH/MjIy/zIyMv8yMjL/MjIy/zExMf8xMTH/MjIy/zQ0NP8zMzP/MjIy/zExMf8uLi7/Li4u/y4uLv8tLS3/LS0t/y4uLv8wMDD/MTEx/zIyMv8zMzP/MjIy/zAwMP8vLy//Ly8v/y8vL/8uLi7/Li4u/y0tLf8tLS3/LCws/ywsLP8sLCz/LCws/ywsLP8sLCz/LCws/ywsLP8sLCz/Kysr/ywsLP8sLCz/Kysr/yoqKv8qKir/Kysr/ysrK/8rKyv/Kysr/ysrK/8rKyv/Kioq/yoqKv8pKSn/KCgo/ygoKP8nJyf/Jycn/ycnJ/8oKCj/KCgo/yoqKv8sLCz/Kysr/yoqKv8pKSn/KCgo/ygoKP8nJyf/JiYm/yYmJv8mJib/JiYm/yYmJv8mJib/JiYm/ycnJ/8nJyf/Jycn/yYmJv8lJSX/JSUl/yUlJf8lJSX/JSUl/yQkJP8kJCT/JCQk/yQkJP8kJCT/JCQk/yUlJf8lJSX/JCQk/yMjI/8jIyP/IyMj/yMjI/8jIyP/IyMj/yMjI/8iIiL/IiIi/yIiIv8iIiL/ISEh/yIiIv8iIiL/IiIi/yIiIv8hISH/ISEh/yEhIf8iIiL/ISEh/yAgIP8hISH/ISEh/yEhIf8iIiL/IiIi/yMjI/8jIyP/IiIi/yEhIf8gICD/ICAg/x8fH/8fHx//Hh4e/x4eHv8eHh7/Hh4e/x4eHv8eHh7/Hx8f/yAgIP8gICD/ICAg/yAgIP8gICD/ICAg/yAgIP8gICD/ICAg/yEhIf8gICD/ICAg/yAgIP8gICD/Hx8f/x4eHv8eHh7/Hh4e/x0dHf8cHBz/HBwc/xwcHP8dHR3/HR0d/x0dHf8dHR3/HR0d/x0dHf8dHR3/HBwc/xwcHP8cHBz/HBwc/xwcHP8hISH/IiIi/yMjI/8iIiL/IiIi/yEhIf8hISH/ISEh/yEhIf8hISH/IiIi/yIiIv8iIiL/IiIi/yEhIf8hISH/ISEh/yEhIf8iIiL/IiIi/yIiIv8hISH/ICAg/yAgIP8fHx//Hh4e/x4eHv8fHx//Hx8f/x8fH/8fHx//Hx8f/x8fH/8fHx//Hx8f/x8fH/8fHx//Hx8f/x4eHv8gICD/IyMj/y0tLf87Ozv/OTk5/zQ0NP82Njb/Ozs7/zw8PP88PDz/PDw8/zw8PP88PDz/PDw8/zw8PP89PT3/PT09/z09Pf89PT3/PDw8/zo6Ov88PDz/Pj4+/z4+Pv8/Pz//Pz8//z8/P/8+Pj7/PT09/z09Pf8+Pj7/Pj4+/z8/P/8/Pz//Pj4+/z4+Pv8+Pj7/Pj4+/z8/P/9BQUH/QEBA/0BAQP9AQED/Pz8//z8/P/8/Pz//Pz8//0BAQP9AQED/Pz8//z4+Pv8+Pj7/PT09/z4+Pv8+Pj7/Pj4+/z8/P/8/Pz//Pj4+/z8/P/9AQED/QUFB/0JCQv9BQUH/QEBA/0BAQP8/Pz//Pj4+/z4+Pv8+Pj7/Pj4+/z4+Pv8/Pz//Pz8//0BAQP9BQUH/QUFB/0FBQf9BQUH/QUFB/0FBQf9BQUH/QEBA/z8/P/8/Pz//Pz8//z8/P/8+Pj7/Pj4+/z8/P/8/Pz//Pz8//z8/P/8+Pj7/Pj4+/z4+Pv8+Pj7/Pj4+/0BAQP8/Pz//Pz8//z4+Pv89PT3/PT09/z4+Pv8/Pz//Pz8//0BAQP9AQED/Pz8//z8/P/8+Pj7/Pj4+/z4+Pv9AQED/QUFB/0FBQf9CQkL/QUFB/0BAQP9AQED/Pj4+/z4+Pv8+Pj7/PT09/zw8PP88PDz/Pj4+/z8/P/9AQED/QEBA/0FBQf9BQUH/QUFB/0FBQf9AQED/Pz8//z4+Pv89PT3/PT09/z09Pf89PT3/PDw8/zw8PP88PDz/PDw8/zw8PP89PT3/Pj4+/0BAQP9AQED/QUFB/0BAQP8+Pj7/Pj4+/z09Pf89PT3/Pj4+/z4+Pv9AQED/QEBA/z8/P/8/Pz//Pj4+/z4+Pv8/Pz//QEBA/0FBQf9CQkL/QkJC/0JCQv9BQUH/QUFB/0FBQf9CQkL/QkJC/0JCQv9CQkL/QUFB/0FBQf9BQUH/QUFB/0FBQf9BQUH/QEBA/0BAQP9AQED/QUFB/0FBQf9BQUH/QUFB/0FBQf9BQUH/QEBA/0FBQf9CQkL/QkJC/0NDQ/9DQ0P/QkJC/0FBQf9AQED/Pz8//0BAQP9AQED/QEBA/0BAQP8/Pz//Pj4+/z4+Pv8+Pj7/Pj4+/z09Pf8+Pj7/Pj4+/z4+Pv89PT3/Pj4+/z8/P/8/Pz//QEBA/0FBQf9CQkL/Q0ND/0JCQv9AQED/QEBA/0BAQP9AQED/QUFB/0FBQf9BQUH/QUFB/0NDQ/9DQ0P/Q0ND/0NDQ/9CQkL/QkJC/0JCQv9CQkL/QUFB/0BAQP8/Pz//Pz8//z4+Pv8+Pj7/Pj4+/z8/P/9AQED/QEBA/0FBQf9BQUH/QUFB/0JCQv9CQkL/QkJC/0JCQv9CQkL/QkJC/0FBQf9AQED/QUFB/0NDQ/9CQkL/QUFB/0JCQv9DQ0P/Q0ND/0NDQ/9DQ0P/RERE/0RERP9DQ0P/Q0ND/0NDQ/9DQ0P/Q0ND/0NDQ/9DQ0P/Q0ND/0NDQ/9DQ0P/Q0ND/0NDQ/9DQ0P/Q0ND/0RERP9ERET/RERE/0VFRf9FRUX/RkZG/0dHR/9ISEj/SUlJ/0lJSf9JSUn/SUlJ/zIyMv8yMjL/MjIy/zIyMv8xMTH/MjIy/zIyMv8yMjL/MjIy/zIyMv8zMzP/MzMz/zMzM/8zMzP/MzMz/zMzM/8zMzP/MjIy/zMzM/8zMzP/MzMz/zMzM/8zMzP/NDQ0/zQ0NP81NTX/NTU1/zQ0NP80NDT/NTU1/zU1Nf81NTX/NDQ0/zQ0NP8zMzP/MzMz/zMzM/8yMjL/MjIy/zIyMv8zMzP/MzMz/zMzM/8zMzP/NDQ0/zQ0NP8zMzP/MzMz/zIyMv8zMzP/MzMz/zQ0NP82Njb/Nzc3/zY2Nv82Njb/NjY2/zc3N/82Njb/NjY2/zU1Nf80NDT/NDQ0/zU1Nf81NTX/NTU1/zU1Nf80NDT/NDQ0/zU1Nf81NTX/NTU1/zU1Nf81NTX/NDQ0/zMzM/8zMzP/MzMz/zMzM/8zMzP/NDQ0/zMzM/8yMjL/Ly8v/ygoKP8lJSX/IiIi/yAgIP8gICD/Hx8f/x4eHv8eHh7/Hh4e/x4eHv8eHh7/Hx8f/x4eHv8eHh7/Hh4e/x4eHv8eHh7/Hx8f/x8fH/8fHx//Hx8f/x8fH/8fHx//ICAg/yAgIP8gICD/ISEh/yEhIf8hISH/ICAg/x8fH/8fHx//Hh4e/x4eHv8eHh7/Hh4e/yAgIP8hISH/IiIi/yIiIv8hISH/ISEh/yEhIf8hISH/ICAg/yAgIP8fHx//Hx8f/x8fH/8fHx//ICAg/yAgIP8gICD/ISEh/yAgIP8gICD/ICAg/yEhIf8hISH/ISEh/yAgIP8gICD/ICAg/yAgIP8gICD/ISEh/yEhIf8hISH/ISEh/yEhIf8hISH/IiIi/yIiIv8iIiL/IiIi/yIiIv8jIyP/IyMj/yMjI/8jIyP/JCQk/yQkJP8kJCT/JCQk/yUlJf8mJib/KCgo/yoqKv8rKyv/LCws/ysrK/8oKCj/KCgo/ykpKf8pKSn/Kysr/y0tLf8xMTH/MzMz/zMzM/8zMzP/NTU1/zc3N/89PT3/RERE/z4+Pv83Nzf/NTU1/zMzM/82Njb/PDw8/0FBQf9ISEj/TExM/1NTU/9UVFT/VFRU/1NTU/9PT0//T09P/1hYWP9gYGD/ZWVl/2tra/9jY2P/Wlpa/1ZWVv9QUFD/WVlZ/2hoaP9wcHD/fHx8/39/f/+AgID/fHx8/3Nzc/9vb2//b29v/29vb/9ycnL/dHR0/3h4eP97e3v/e3t7/3p6ev99fX3/gYGB/4ODg/+EhIT/hYWF/4WFhf+FhYX/g4OD/4ODg/+CgoL/goKC/4KCgv+Dg4P/g4OD/4SEhP+EhIT/hISE/4WFhf+Ghob/hoaG/4eHh/+Ghob/hISE/4KCgv9+fn7/fn5+/39/f/+AgID/gICA/4CAgP98fHz/enp6/3t7e/98fHz/f39//4ODg/96enr/b29v/2pqav9jY2P/aGho/3Fxcf90dHT/eHh4/3d3d/9zc3P/bm5u/2ZmZv9gYGD/VFRU/0xMTP9GRkb/QUFB/0NDQ/9ERET/QEBA/zs7O/85OTn/NTU1/zU1Nf80NDT/NTU1/zk5Of85OTn/NDQ0/zIyMv8uLi7/LCws/ywsLP8tLS3/MTEx/zQ0NP8wMDD/LCws/ysrK/8pKSn/KSkp/ykpKf8oKCj/Jycn/yYmJv8kJCT/JCQk/yUlJf8mJib/JiYm/yYmJv8lJSX/JSUl/yUlJf8mJib/JiYm/ycnJ/8nJyf/Jycn/ycnJ/8mJib/JSUl/yQkJP8kJCT/JCQk/yQkJP8jIyP/IyMj/yMjI/8jIyP/IiIi/yIiIv8iIiL/FBQU/xQUFP8UFBT/FRUV/xUVFf8VFRX/FRUV/xUVFf8UFBT/FBQU/xQUFP8UFBT/FRUV/xUVFf8WFhb/FhYW/xcXF/8XFxf/FxcX/xcXF/8XFxf/FhYW/xYWFv8WFhb/FhYW/xYWFv8VFRX/FRUV/xUVFf8VFRX/FRUV/xUVFf8VFRX/FRUV/xUVFf8UFBT/FBQU/xMTE/8TExP/FBQU/xQUFP8VFRX/FxcX/xoaGv8fHx//ICAg/yEhIf8hISH/Hx8f/x8fH/8fHx//Hh4e/x0dHf8bGxv/Gxsb/xoaGv8aGhr/Gxsb/xoaGv8aGhr/Ghoa/xsbG/8bGxv/Gxsb/xwcHP8cHBz/HBwc/xwcHP8bGxv/HBwc/xwcHP8cHBz/HBwc/xwcHP8cHBz/HR0d/x0dHf8eHh7/Hh4e/x0dHf8bGxv/HBwc/x0dHf8dHR3/HBwc/xwcHP8dHR3/HR0d/xwcHP8cHBz/HR0d/x0dHf8eHh7/Hh4e/yEhIf8jIyP/Jycn/ysrK/8rKyv/Kioq/ycnJ/8jIyP/ISEh/x0dHf8cHBz/Gxsb/xsbG/8bGxv/Gxsb/xwcHP8cHBz/HBwc/xsbG/8cHBz/HBwc/xwcHP8cHBz/HBwc/xwcHP8dHR3/Hh4e/x4eHv8eHh7/HR0d/xwcHP8bGxv/Gxsb/xsbG/8aGhr/GRkZ/xgYGP8YGBj/FxcX/xcXF/8YGBj/GBgY/xoaGv8cHBz/HBwc/xwcHP8bGxv/Ghoa/xkZGf8YGBj/GBgY/xgYGP8YGBj/FhYW/xUVFf8TExP/EhIS/xEREf8QEBD/EBAQ/xAQEP8QEBD/EBAQ/xAQEP8QEBD/EBAQ/xAQEP8QEBD/EBAQ/xAQEP8QEBD/EBAQ/xAQEP8QEBD/EBAQ/xAQEP8QEBD/EBAQ/xAQEP8QEBD/EBAQ/xAQEP8QEBD/EBAQ/xAQEP8QEBD/EBAQ/xAQEP8QEBD/EBAQ/xAQEP8QEBD/ERER/xEREf8RERH/ERER/xAQEP8QEBD/Dw8P/xAQEP8RERH/ERER/xEREf8SEhL/EhIS/xISEv8RERH/ERER/xEREf8RERH/ERER/xISEv8RERH/ERER/xEREf8RERH/ERER/xEREf8RERH/ERER/xEREf8RERH/ERER/xEREf8RERH/ERER/xISEv8UFBT/FRUV/xcXF/8ZGRn/GBgY/xcXF/8XFxf/FxcX/xcXF/8YGBj/GRkZ/xoaGv8bGxv/HBwc/x4eHv8iIiL/JCQk/yoqKv8sLCz/Ly8v/zAwMP8wMDD/MDAw/y8vL/8uLi7/Ly8v/zAwMP8wMDD/MDAw/y8vL/8uLi7/LS0t/y0tLf8tLS3/Li4u/y4uLv8tLS3/LS0t/ywsLP8sLCz/LCws/ywsLP8sLCz/LS0t/y0tLf8uLi7/Li4u/y0tLf8tLS3/Li4u/y4uLv8tLS3/LS0t/y0tLf8tLS3/LS0t/y0tLf8tLS3/LS0t/y0tLf8tLS3/Li4u/y4uLv8vLy//MDAw/y8vL/8uLi7/Li4u/y8vL/8vLy//Ly8v/y4uLv8uLi7/Li4u/y4uLv8tLS3/Li4u/y4uLv8uLi7/Li4u/y8vL/8vLy//MDAw/zAwMP8wMDD/MTEx/zExMf8xMTH/MTEx/y8vL/8vLy//Ly8v/y8vL/8wMDD/MDAw/zExMf8xMTH/MTEx/zExMf8xMTH/MTEx/zIyMv8zMzP/MzMz/zIyMv8yMjL/MTEx/zExMf8xMTH/MTEx/zExMf8xMTH/MTEx/zExMf8yMjL/MjIy/zIyMv9KSkr/SEhI/0ZGRv9HR0f/SEhI/0lJSf9KSkr/SUlJ/0hISP9ISEj/SEhI/0lJSf9MTEz/TU1N/01NTf9NTU3/TU1N/01NTf9NTU3/TU1N/0xMTP9LS0v/TExM/05OTv9NTU3/TExM/01NTf9PT0//UFBQ/1JSUv9SUlL/VFRU/1VVVf9XV1f/V1dX/1BQUP9LS0v/TExM/01NTf9OTk7/UFBQ/1JSUv9UVFT/UVFR/0xMTP9LS0v/SkpK/0pKSv9MTEz/TExM/0xMTP9MTEz/S0tL/0pKSv9JSUn/SEhI/0pKSv9MTEz/Tk5O/1FRUf9SUlL/U1NT/1lZWf9kZGT/ZWVl/2VlZf9mZmb/aGho/2hoaP9mZmb/ZmZm/2hoaP9ra2v/dnZ2/4GBgf+Tk5P/pqam/7y8vP/Y2Nj/4eHh/+7u7v/Z2dn/tLS0/56env97e3v/cnJy/2xsbP9paWn/YmJi/2BgYP9jY2P/ZGRk/11dXf9XV1f/UlJS/01NTf9SUlL/WFhY/2xsbP+Kior/gICA/2tra/9gYGD/Tk5O/0lJSf9GRkb/R0dH/05OTv9RUVH/TU1N/0lJSf9FRUX/QUFB/z8/P/88PDz/Ozs7/zo6Ov86Ojr/Ozs7/zg4OP80NDT/MDAw/yoqKv8sLCz/NjY2/0lJSf98fHz/kpKS/4eHh/+CgoL/kJCQ/5ycnP94eHj/UVFR/0NDQ/8xMTH/Ly8v/y0tLf8uLi7/Ly8v/zAwMP8wMDD/MTEx/zQ0NP80NDT/MzMz/zIyMv8vLy//LS0t/y0tLf8tLS3/LS0t/y4uLv8uLi7/Li4u/y8vL/8wMDD/MzMz/zc3N/82Njb/NDQ0/zMzM/8yMjL/MTEx/zExMf8wMDD/LCws/yoqKv8qKir/Kysr/ywsLP8tLS3/Kysr/yoqKv8qKir/Kysr/ysrK/8sLCz/Kysr/ykpKf8pKSn/KSkp/ykpKf8pKSn/KSkp/ykpKf8pKSn/Kioq/ywsLP8rKyv/Kioq/yoqKv8qKir/KSkp/ykpKf8oKCj/KCgo/ycnJ/8nJyf/JiYm/yUlJf8lJSX/JSUl/yUlJf8lJSX/JiYm/yUlJf8lJSX/JCQk/yQkJP8jIyP/IyMj/yQkJP8mJib/Jycn/ycnJ/8nJyf/Jycn/yYmJv8mJib/JiYm/yUlJf8kJCT/IyMj/yMjI/8jIyP/IyMj/yMjI/8kJCT/JCQk/yYmJv8mJib/JiYm/yUlJf8jIyP/IiIi/yIiIv8iIiL/ISEh/yEhIf8hISH/IiIi/yIiIv8jIyP/IyMj/yQkJP8iIiL/ISEh/yAgIP8gICD/ICAg/yEhIf8hISH/ISEh/yEhIf8gICD/ICAg/x8fH/8fHx//ICAg/yEhIf8fHx//Hh4e/x4eHv8fHx//Hx8f/yAgIP8gICD/ICAg/x8fH/8eHh7/Hh4e/x4eHv8eHh7/Hh4e/x4eHv8fHx//Hx8f/x0dHf8dHR3/Hh4e/x8fH/8eHh7/HR0d/x4eHv8fHx//Hx8f/x8fH/8fHx//ICAg/x8fH/8eHh7/HR0d/xwcHP8cHBz/Gxsb/xsbG/8aGhr/Ghoa/xkZGf8ZGRn/GRkZ/xoaGv8bGxv/HR0d/xwcHP8cHBz/Gxsb/xsbG/8bGxv/Gxsb/xsbG/8cHBz/HBwc/xsbG/8bGxv/Ghoa/xoaGv8aGhr/Ghoa/xkZGf8ZGRn/GBgY/xgYGP8YGBj/GRkZ/xkZGf8aGhr/Ghoa/xkZGf8ZGRn/GRkZ/xkZGf8ZGRn/GRkZ/xkZGf8ZGRn/GRkZ/yIiIv8iIiL/IyMj/yMjI/8iIiL/IiIi/yEhIf8hISH/ISEh/yEhIf8iIiL/IiIi/yMjI/8jIyP/IiIi/yEhIf8hISH/ISEh/yIiIv8iIiL/IiIi/yEhIf8hISH/ICAg/x8fH/8dHR3/HR0d/x4eHv8eHh7/Hh4e/x4eHv8eHh7/Hh4e/x4eHv8eHh7/Hh4e/x4eHv8dHR3/HR0d/x4eHv8gICD/JiYm/y8vL/8uLi7/Kioq/y4uLv83Nzf/OTk5/zs7O/87Ozv/PDw8/zw8PP87Ozv/Ozs7/zw8PP89PT3/PDw8/zw8PP87Ozv/Ojo6/zw8PP8+Pj7/Pj4+/z09Pf89PT3/PT09/z09Pf89PT3/PT09/z4+Pv8+Pj7/Pj4+/z4+Pv89PT3/PT09/z09Pf89PT3/Pj4+/0BAQP9AQED/Pz8//z8/P/8+Pj7/Pj4+/z4+Pv8+Pj7/QEBA/z8/P/8+Pj7/PT09/z09Pf89PT3/PT09/z09Pf8+Pj7/Pj4+/z4+Pv8/Pz//QEBA/0FBQf9BQUH/QUFB/0FBQf9AQED/QEBA/z8/P/8/Pz//Pj4+/z4+Pv89PT3/PDw8/z4+Pv8/Pz//Pz8//0BAQP9AQED/QUFB/0FBQf9BQUH/QUFB/0FBQf9BQUH/QEBA/0BAQP8/Pz//Pz8//z4+Pv89PT3/Pj4+/z4+Pv8+Pj7/Pj4+/z4+Pv8+Pj7/Pj4+/z09Pf8+Pj7/QEBA/z8/P/8+Pj7/PT09/zw8PP89PT3/Pj4+/z4+Pv8/Pz//QEBA/0FBQf9BQUH/Pz8//z09Pf8+Pj7/Pz8//0BAQP9CQkL/QkJC/0FBQf9BQUH/QUFB/0BAQP8+Pj7/PT09/z4+Pv8+Pj7/PT09/zw8PP8+Pj7/Pz8//z8/P/9AQED/QEBA/0BAQP9AQED/QEBA/0BAQP8/Pz//Pj4+/z09Pf89PT3/PT09/z09Pf88PDz/PDw8/zs7O/87Ozv/Ozs7/zs7O/89PT3/Pj4+/z8/P/9AQED/QEBA/z8/P/8/Pz//Pj4+/z4+Pv89PT3/Pj4+/0BAQP9BQUH/QEBA/0BAQP8/Pz//Pj4+/0BAQP9BQUH/QkJC/0NDQ/9BQUH/Pz8//z8/P/8/Pz//Pz8//z8/P/9AQED/QkJC/0JCQv9BQUH/QUFB/0BAQP9AQED/QEBA/0BAQP9AQED/QEBA/0BAQP9AQED/QEBA/0FBQf9BQUH/QUFB/0FBQf9AQED/QUFB/0NDQ/9DQ0P/RERE/0RERP9DQ0P/Q0ND/0FBQf9AQED/QUFB/0FBQf9AQED/Pz8//z4+Pv88PDz/PDw8/z09Pf89PT3/PDw8/z09Pf8/Pz//Pz8//z4+Pv8+Pj7/Pz8//0BAQP9BQUH/QUFB/0NDQ/9FRUX/Q0ND/0JCQv9CQkL/QUFB/0FBQf9BQUH/QUFB/0FBQf9BQUH/QkJC/0JCQv9ERET/RERE/0JCQv9CQkL/Q0ND/0NDQ/9BQUH/QEBA/z8/P/89PT3/PT09/z09Pf8+Pj7/Pz8//0BAQP9BQUH/QUFB/0JCQv9CQkL/QkJC/0JCQv9DQ0P/Q0ND/0JCQv9CQkL/QUFB/0BAQP9BQUH/QUFB/0FBQf9BQUH/QUFB/0JCQv9BQUH/QEBA/0BAQP9AQED/QUFB/0NDQ/9ERET/RERE/0RERP9DQ0P/Q0ND/0NDQ/9DQ0P/Q0ND/0NDQ/9DQ0P/Q0ND/0RERP9ERET/RERE/0RERP9ERET/RUVF/0ZGRv9HR0f/R0dH/0hISP9ISEj/SUlJ/0lJSf9KSkr/MjIy/zIyMv8yMjL/MjIy/zExMf8xMTH/MTEx/zExMf8yMjL/MjIy/zMzM/8zMzP/MzMz/zMzM/8yMjL/MjIy/zIyMv8yMjL/MjIy/zMzM/8zMzP/MzMz/zMzM/80NDT/NDQ0/zQ0NP80NDT/NDQ0/zQ0NP81NTX/NTU1/zU1Nf81NTX/NTU1/zU1Nf80NDT/MzMz/zIyMv8xMTH/MjIy/zIyMv8yMjL/MjIy/zMzM/80NDT/NDQ0/zQ0NP80NDT/MzMz/zMzM/8zMzP/NDQ0/zY2Nv83Nzf/NjY2/zY2Nv82Njb/Nzc3/zc3N/82Njb/NTU1/zQ0NP80NDT/NTU1/zU1Nf81NTX/NTU1/zQ0NP80NDT/NTU1/zU1Nf81NTX/NTU1/zQ0NP80NDT/NDQ0/zMzM/8zMzP/MzMz/zMzM/80NDT/MzMz/zIyMv8vLy//KCgo/yUlJf8hISH/ICAg/x8fH/8fHx//Hh4e/x0dHf8eHh7/Hh4e/x4eHv8fHx//Hx8f/x4eHv8eHh7/Hx8f/x8fH/8fHx//Hx8f/x4eHv8eHh7/Hx8f/x8fH/8gICD/ICAg/yEhIf8iIiL/IyMj/yMjI/8hISH/Hx8f/x8fH/8eHh7/Hh4e/x4eHv8fHx//ICAg/yEhIf8iIiL/IiIi/yEhIf8hISH/ISEh/yEhIf8gICD/ICAg/x8fH/8fHx//Hx8f/x8fH/8fHx//ICAg/yAgIP8hISH/ISEh/yEhIf8hISH/IiIi/yEhIf8gICD/Hx8f/x8fH/8fHx//ICAg/yAgIP8hISH/ISEh/yEhIf8gICD/ICAg/yAgIP8gICD/ISEh/yEhIf8hISH/ISEh/yEhIf8hISH/IiIi/yIiIv8jIyP/IyMj/yQkJP8kJCT/JSUl/yYmJv8lJSX/IyMj/yMjI/8jIyP/IyMj/yMjI/8jIyP/IyMj/yMjI/8jIyP/IyMj/yUlJf8lJSX/JiYm/ycnJ/8pKSn/Kioq/ysrK/8tLS3/Kysr/ykpKf8oKCj/JiYm/ycnJ/8oKCj/KSkp/yoqKv8qKir/LCws/ywsLP8tLS3/LS0t/y4uLv8uLi7/Li4u/y4uLv8uLi7/Ly8v/y0tLf8rKyv/Kysr/ysrK/8sLCz/LS0t/y8vL/8zMzP/NTU1/zY2Nv82Njb/NTU1/zU1Nf80NDT/NDQ0/zMzM/8zMzP/MjIy/zIyMv8zMzP/NDQ0/zU1Nf83Nzf/ODg4/zo6Ov86Ojr/Ozs7/zo6Ov83Nzf/NjY2/zU1Nf81NTX/NjY2/zc3N/84ODj/OTk5/zk5Of85OTn/Ojo6/zw8PP88PDz/Pj4+/zw8PP86Ojr/OTk5/zY2Nv81NTX/NDQ0/zQ0NP81NTX/NjY2/zY2Nv83Nzf/OTk5/zs7O/88PDz/PT09/zk5Of80NDT/NDQ0/zU1Nf82Njb/OTk5/zs7O/88PDz/PDw8/zw8PP87Ozv/ODg4/zY2Nv8zMzP/MTEx/y8vL/8tLS3/Kysr/yoqKv8pKSn/KSkp/ykpKf8pKSn/KSkp/ygoKP8oKCj/KSkp/ykpKf8pKSn/KCgo/ycnJ/8mJib/JiYm/yYmJv8oKCj/KSkp/ycnJ/8lJSX/JSUl/yYmJv8mJib/Jycn/ycnJ/8mJib/JSUl/yQkJP8lJSX/JiYm/ycnJ/8mJib/JiYm/yUlJf8lJSX/JCQk/yQkJP8lJSX/Jycn/ycnJ/8nJyf/Jycn/yYmJv8lJSX/IyMj/yQkJP8lJSX/JSUl/yUlJf8lJSX/JCQk/yMjI/8jIyP/IyMj/yIiIv8UFBT/FBQU/xQUFP8UFBT/FRUV/xUVFf8VFRX/FRUV/xUVFf8VFRX/FRUV/xUVFf8WFhb/FhYW/xcXF/8XFxf/FxcX/xcXF/8XFxf/FxcX/xcXF/8WFhb/FhYW/xYWFv8WFhb/FhYW/xYWFv8VFRX/FRUV/xUVFf8VFRX/FRUV/xUVFf8VFRX/FRUV/xQUFP8UFBT/ExMT/xMTE/8TExP/FBQU/xUVFf8WFhb/GRkZ/x8fH/8gICD/IiIi/yEhIf8fHx//Hh4e/x8fH/8fHx//HR0d/xwcHP8bGxv/Gxsb/xsbG/8bGxv/Ghoa/xkZGf8aGhr/Gxsb/xsbG/8bGxv/HBwc/x0dHf8cHBz/Gxsb/xsbG/8cHBz/HBwc/xwcHP8cHBz/HR0d/x0dHf8dHR3/Hh4e/x4eHv8fHx//Hh4e/xwcHP8cHBz/HR0d/x0dHf8dHR3/HR0d/x0dHf8dHR3/HBwc/xwcHP8dHR3/HR0d/x4eHv8eHh7/Hx8f/yEhIf8kJCT/KCgo/yoqKv8tLS3/Kysr/ycnJ/8kJCT/Hh4e/x0dHf8bGxv/Gxsb/xoaGv8aGhr/Gxsb/xwcHP8bGxv/Gxsb/xsbG/8bGxv/Gxsb/xsbG/8bGxv/HBwc/xwcHP8dHR3/HR0d/x0dHf8cHBz/Gxsb/xoaGv8aGhr/Ghoa/xkZGf8YGBj/FxcX/xcXF/8XFxf/FxcX/xgYGP8aGhr/HBwc/x8fH/8eHh7/HR0d/xwcHP8aGhr/GBgY/xcXF/8WFhb/FRUV/xQUFP8TExP/ExMT/xISEv8RERH/ERER/xAQEP8QEBD/EBAQ/xAQEP8QEBD/EBAQ/xAQEP8QEBD/EBAQ/xAQEP8QEBD/EBAQ/xAQEP8QEBD/EBAQ/xAQEP8QEBD/EBAQ/xAQEP8QEBD/EBAQ/xAQEP8QEBD/EBAQ/xAQEP8QEBD/EBAQ/xAQEP8QEBD/EBAQ/xAQEP8QEBD/EBAQ/xEREf8RERH/ERER/xEREf8RERH/EBAQ/xAQEP8PDw//EBAQ/xEREf8RERH/ERER/xEREf8SEhL/EhIS/xEREf8RERH/ERER/xEREf8SEhL/EhIS/xISEv8SEhL/EhIS/xISEv8SEhL/ERER/xEREf8RERH/ERER/xEREf8RERH/ERER/xEREf8SEhL/ExMT/xUVFf8YGBj/Gxsb/x4eHv8cHBz/Ghoa/xkZGf8YGBj/GRkZ/xkZGf8aGhr/Gxsb/x0dHf8gICD/IyMj/ygoKP8sLCz/MjIy/zQ0NP81NTX/NDQ0/zExMf8uLi7/LCws/ysrK/8sLCz/LS0t/y0tLf8tLS3/LS0t/y0tLf8tLS3/LS0t/y0tLf8tLS3/LS0t/y0tLf8tLS3/LS0t/y0tLf8tLS3/LS0t/y0tLf8tLS3/LS0t/y0tLf8tLS3/LCws/y0tLf8uLi7/Li4u/y0tLf8tLS3/LCws/ywsLP8sLCz/LCws/y0tLf8tLS3/LS0t/y0tLf8tLS3/Li4u/y8vL/8wMDD/Ly8v/y0tLf8uLi7/Ly8v/y8vL/8vLy//Ly8v/y4uLv8uLi7/LS0t/y0tLf8uLi7/Li4u/y8vL/8vLy//Ly8v/y8vL/8vLy//Ly8v/zAwMP8xMTH/MTEx/zExMf8wMDD/Li4u/y0tLf8vLy//Ly8v/y8vL/8vLy//MDAw/zExMf8xMTH/MTEx/zExMf8xMTH/MjIy/zMzM/8zMzP/MjIy/zIyMv8xMTH/MTEx/zExMf8xMTH/MDAw/zAwMP8wMDD/MDAw/zExMf8xMTH/MjIy/0pKSv9ISEj/R0dH/0hISP9KSkr/S0tL/01NTf9NTU3/TExM/01NTf9OTk7/T09P/1FRUf9RUVH/UVFR/1FRUf9QUFD/T09P/1BQUP9QUFD/T09P/05OTv9OTk7/Tk5O/1BQUP9SUlL/UlJS/1FRUf9SUlL/U1NT/1NTU/9TU1P/U1NT/1ZWVv9WVlb/UlJS/09PT/9QUFD/UFBQ/1JSUv9TU1P/VFRU/1VVVf9TU1P/UFBQ/1FRUf9TU1P/VVVV/1lZWf9ZWVn/V1dX/1VVVf9PT0//S0tL/0tLS/9MTEz/TU1N/09PT/9QUFD/UlJS/1NTU/9VVVX/WFhY/15eXv9gYGD/YmJi/2NjY/9lZWX/ZGRk/19fX/9eXl7/X19f/2JiYv9vb2//fHx8/4qKiv+ZmZn/oqKi/6ysrP+5ubn/y8vL/8/Pz//U1NT/ysrK/7a2tv+mpqb/iIiI/3t7e/9tbW3/Z2dn/2ZmZv9lZWX/XFxc/1VVVf9RUVH/TExM/05OTv9QUFD/XV1d/3BwcP9sbGz/Y2Nj/1tbW/9MTEz/SEhI/0RERP9ERET/SEhI/0lJSf9JSUn/SEhI/0ZGRv9FRUX/Q0ND/0BAQP8/Pz//Pj4+/z09Pf89PT3/Ozs7/zc3N/8zMzP/LS0t/ywsLP8uLi7/Nzc3/1JSUv9jY2P/enp6/4iIiP+BgYH/enp6/1tbW/87Ozv/MTEx/yUlJf8kJCT/IyMj/yMjI/8jIyP/IyMj/yQkJP8lJSX/JiYm/yYmJv8lJSX/JCQk/yMjI/8iIiL/IiIi/yIiIv8iIiL/IiIi/yIiIv8iIiL/IiIi/yMjI/8kJCT/JiYm/yYmJv8lJSX/JSUl/yQkJP8kJCT/IyMj/yIiIv8hISH/ICAg/yAgIP8hISH/ISEh/yIiIv8hISH/ICAg/yAgIP8gICD/ICAg/yAgIP8gICD/Hx8f/x8fH/8fHx//Hx8f/x8fH/8fHx//Hx8f/x8fH/8fHx//ICAg/yAgIP8fHx//ICAg/yAgIP8gICD/Hx8f/x8fH/8eHh7/Hh4e/x0dHf8dHR3/HBwc/xwcHP8cHBz/HR0d/x0dHf8dHR3/HR0d/xwcHP8cHBz/HBwc/xwcHP8cHBz/HBwc/x0dHf8dHR3/HR0d/x0dHf8dHR3/HR0d/xwcHP8cHBz/Gxsb/xsbG/8aGhr/Ghoa/xoaGv8aGhr/Gxsb/xsbG/8cHBz/HBwc/xwcHP8cHBz/HBwc/xsbG/8bGxv/Ghoa/xoaGv8aGhr/Ghoa/xoaGv8aGhr/Ghoa/xoaGv8bGxv/Gxsb/xsbG/8aGhr/Ghoa/xoaGv8aGhr/Gxsb/xsbG/8aGhr/Ghoa/xkZGf8ZGRn/GBgY/xgYGP8ZGRn/GRkZ/xkZGf8YGBj/GRkZ/xkZGf8ZGRn/GRkZ/xkZGf8ZGRn/GRkZ/xgYGP8YGBj/GBgY/xgYGP8YGBj/GBgY/xgYGP8YGBj/FxcX/xcXF/8XFxf/GBgY/xcXF/8XFxf/GBgY/xgYGP8YGBj/GBgY/xgYGP8ZGRn/GRkZ/xgYGP8YGBj/GBgY/xcXF/8XFxf/FxcX/xYWFv8WFhb/FRUV/xUVFf8VFRX/FRUV/xYWFv8XFxf/FxcX/xYWFv8WFhb/FhYW/xYWFv8WFhb/FxcX/xcXF/8XFxf/FhYW/xUVFf8VFRX/FRUV/xUVFf8VFRX/FRUV/xUVFf8VFRX/FRUV/xUVFf8UFBT/FRUV/xUVFf8VFRX/FRUV/xUVFf8VFRX/FRUV/xUVFf8VFRX/FRUV/xUVFf8VFRX/IyMj/yMjI/8iIiL/IiIi/yIiIv8iIiL/ISEh/yEhIf8iIiL/IiIi/yMjI/8jIyP/IyMj/yMjI/8iIiL/IiIi/yMjI/8jIyP/IyMj/yMjI/8iIiL/ICAg/yAgIP8gICD/ICAg/x8fH/8gICD/ICAg/yAgIP8fHx//Hx8f/x8fH/8eHh7/Hh4e/x4eHv8eHh7/Hh4e/x4eHv8eHh7/Hh4e/x4eHv8hISH/JCQk/yUlJf8mJib/LCws/zY2Nv85OTn/Ozs7/zw8PP88PDz/PDw8/zw8PP88PDz/PDw8/zw8PP88PDz/PDw8/zw8PP87Ozv/PDw8/z09Pf8+Pj7/Pj4+/z4+Pv8+Pj7/Pj4+/z4+Pv8+Pj7/Pj4+/z8/P/8/Pz//Pj4+/z4+Pv8+Pj7/PT09/z09Pf89PT3/Pj4+/z4+Pv8+Pj7/Pj4+/z4+Pv8+Pj7/Pz8//z8/P/8/Pz//Pz8//z09Pf89PT3/Pz8//z8/P/8/Pz//Pj4+/z4+Pv8+Pj7/Pz8//0BAQP9AQED/QUFB/0FBQf9BQUH/QUFB/0BAQP8/Pz//QEBA/0BAQP9BQUH/QUFB/z8/P/8+Pj7/Pj4+/z4+Pv8/Pz//Pz8//0BAQP9BQUH/QUFB/0FBQf9BQUH/QEBA/z8/P/8+Pj7/Pj4+/z09Pf89PT3/PT09/z09Pf89PT3/Pj4+/z4+Pv8/Pz//Pz8//z8/P/8/Pz//QEBA/0BAQP9AQED/QEBA/z8/P/8+Pj7/Pj4+/z8/P/8/Pz//QEBA/0FBQf9BQUH/QUFB/0FBQf8/Pz//Pj4+/z8/P/9AQED/QEBA/0FBQf9BQUH/QUFB/0FBQf9BQUH/QEBA/z8/P/8/Pz//Pz8//z8/P/8+Pj7/Pj4+/z09Pf89PT3/Pj4+/z8/P/8/Pz//Pz8//z8/P/8/Pz//Pz8//z4+Pv8+Pj7/Pj4+/z09Pf89PT3/PT09/z09Pf89PT3/PT09/z09Pf89PT3/Pj4+/z09Pf89PT3/Pj4+/z4+Pv8+Pj7/Pj4+/z4+Pv8+Pj7/PT09/zw8PP89PT3/QUFB/0FBQf9BQUH/QUFB/z8/P/8+Pj7/Pz8//z8/P/9AQED/QUFB/0FBQf9BQUH/QEBA/z8/P/8/Pz//Pj4+/z8/P/9BQUH/QEBA/z8/P/8/Pz//Pz8//z8/P/8+Pj7/Pj4+/z8/P/8/Pz//Pz8//z4+Pv8/Pz//Pz8//0BAQP9AQED/QEBA/z8/P/9AQED/QkJC/0NDQ/9DQ0P/Q0ND/0NDQ/9DQ0P/QkJC/0FBQf9BQUH/QEBA/z8/P/8+Pj7/Pj4+/z4+Pv8+Pj7/Pz8//z8/P/89PT3/Pj4+/z8/P/9AQED/QEBA/0BAQP8/Pz//Pz8//0BAQP9BQUH/QUFB/0JCQv9BQUH/QEBA/0FBQf9BQUH/QEBA/z8/P/8/Pz//Pz8//z8/P/9AQED/QEBA/0BAQP9AQED/QEBA/0BAQP9BQUH/QUFB/0FBQf9AQED/Pz8//z4+Pv8+Pj7/Pj4+/z4+Pv8/Pz//QEBA/0FBQf9CQkL/Q0ND/0NDQ/9CQkL/QkJC/0NDQ/9ERET/RERE/0VFRf9DQ0P/QkJC/0RERP9FRUX/RUVF/0VFRf9FRUX/RUVF/0RERP9ERET/Q0ND/0JCQv9CQkL/Q0ND/0NDQ/9DQ0P/Q0ND/0RERP9FRUX/RUVF/0ZGRv9FRUX/RERE/0VFRf9HR0f/SEhI/0pKSv9JSUn/SEhI/0hISP9ISEj/SUlJ/0pKSv9KSkr/SUlJ/0hISP9ISEj/SEhI/0lJSf8yMjL/MTEx/zExMf8xMTH/MjIy/zIyMv8zMzP/MzMz/zMzM/8zMzP/MzMz/zMzM/8zMzP/MjIy/zExMf8xMTH/MTEx/zExMf8yMjL/MjIy/zIyMv8yMjL/MjIy/zIyMv8zMzP/NTU1/zU1Nf80NDT/NDQ0/zQ0NP80NDT/NDQ0/zQ0NP80NDT/NDQ0/zQ0NP8zMzP/MjIy/zIyMv8zMzP/NDQ0/zQ0NP80NDT/NDQ0/zQ0NP80NDT/NTU1/zQ0NP80NDT/NDQ0/zQ0NP80NDT/NTU1/zU1Nf81NTX/NTU1/zU1Nf82Njb/NTU1/zU1Nf81NTX/NTU1/zQ0NP8zMzP/NDQ0/zU1Nf81NTX/NjY2/zY2Nv82Njb/NjY2/zY2Nv81NTX/NTU1/zU1Nf80NDT/MzMz/zQ0NP81NTX/NDQ0/zMzM/8yMjL/MTEx/y0tLf8nJyf/JSUl/yIiIv8gICD/ICAg/yAgIP8eHh7/Hh4e/x0dHf8dHR3/Hh4e/x4eHv8eHh7/Hx8f/x8fH/8fHx//Hx8f/x8fH/8fHx//Hx8f/x8fH/8fHx//ICAg/yAgIP8hISH/IiIi/yIiIv8iIiL/IiIi/yEhIf8gICD/ICAg/yAgIP8gICD/ICAg/yEhIf8jIyP/IyMj/yIiIv8iIiL/ISEh/yEhIf8iIiL/IiIi/yEhIf8gICD/ICAg/yAgIP8gICD/ICAg/yAgIP8hISH/ISEh/yEhIf8hISH/ICAg/yEhIf8hISH/ISEh/yAgIP8fHx//Hx8f/x8fH/8gICD/ICAg/yEhIf8hISH/ISEh/yEhIf8hISH/ISEh/yEhIf8iIiL/IiIi/yIiIv8hISH/ISEh/yEhIf8hISH/IiIi/yIiIv8iIiL/IyMj/yMjI/8jIyP/JCQk/yMjI/8iIiL/IiIi/yIiIv8jIyP/IyMj/yMjI/8jIyP/IyMj/yIiIv8iIiL/IyMj/yQkJP8lJSX/JiYm/ycnJ/8oKCj/KCgo/ykpKf8oKCj/KCgo/ycnJ/8mJib/JiYm/yYmJv8nJyf/KCgo/ygoKP8pKSn/KSkp/ykpKf8qKir/Kioq/ysrK/8sLCz/LS0t/y0tLf8tLS3/Kysr/ykpKf8pKSn/KSkp/ykpKf8rKyv/LCws/y0tLf8uLi7/Li4u/y4uLv8uLi7/Li4u/y4uLv8uLi7/Li4u/y0tLf8tLS3/LS0t/y4uLv8uLi7/Ly8v/zAwMP8wMDD/MTEx/zExMf8xMTH/MDAw/y8vL/8uLi7/Li4u/y4uLv8uLi7/Li4u/y8vL/8wMDD/MTEx/zExMf8xMTH/MjIy/zIyMv8zMzP/MjIy/zExMf8wMDD/Ly8v/y4uLv8uLi7/Li4u/y8vL/8vLy//Ly8v/zAwMP8xMTH/MTEx/zExMf8yMjL/MDAw/y0tLf8tLS3/Li4u/y8vL/8yMjL/MzMz/zQ0NP80NDT/NDQ0/zMzM/8xMTH/Ly8v/y4uLv8sLCz/LCws/ywsLP8qKir/KCgo/ycnJ/8nJyf/Jycn/ycnJ/8nJyf/Jycn/ycnJ/8nJyf/Jycn/yYmJv8mJib/JCQk/yQkJP8kJCT/JSUl/yYmJv8mJib/JSUl/yQkJP8lJSX/JSUl/yUlJf8lJSX/JSUl/yUlJf8kJCT/JCQk/yQkJP8kJCT/JSUl/yQkJP8kJCT/JCQk/yQkJP8jIyP/IyMj/yQkJP8lJSX/JSUl/yUlJf8lJSX/JCQk/yQkJP8kJCT/IyMj/yMjI/8jIyP/IyMj/yMjI/8jIyP/IyMj/yMjI/8jIyP/IyMj/xQUFP8VFRX/FRUV/xUVFf8VFRX/FRUV/xUVFf8VFRX/FRUV/xUVFf8VFRX/FhYW/xYWFv8WFhb/FhYW/xYWFv8XFxf/FxcX/xcXF/8XFxf/FxcX/xcXF/8XFxf/FxcX/xYWFv8WFhb/FhYW/xUVFf8VFRX/FRUV/xQUFP8UFBT/FBQU/xQUFP8UFBT/FBQU/xQUFP8TExP/ExMT/xMTE/8TExP/FRUV/xcXF/8bGxv/ISEh/yEhIf8iIiL/ISEh/x8fH/8eHh7/Hh4e/x4eHv8dHR3/HBwc/xwcHP8cHBz/HBwc/xwcHP8bGxv/Gxsb/xsbG/8cHBz/Gxsb/xsbG/8bGxv/HBwc/xwcHP8cHBz/HBwc/xwcHP8cHBz/HBwc/xwcHP8cHBz/HBwc/x0dHf8dHR3/Hh4e/yAgIP8eHh7/HR0d/x0dHf8dHR3/HR0d/x4eHv8dHR3/HR0d/x0dHf8dHR3/HR0d/x0dHf8dHR3/Hh4e/x4eHv8fHx//Hx8f/yEhIf8iIiL/JiYm/ysrK/8rKyv/Kysr/ykpKf8kJCT/IiIi/x8fH/8dHR3/HBwc/xwcHP8cHBz/HBwc/xsbG/8bGxv/Gxsb/xsbG/8bGxv/Gxsb/xsbG/8bGxv/Gxsb/xwcHP8cHBz/Gxsb/xsbG/8aGhr/Ghoa/xoaGv8aGhr/GRkZ/xkZGf8YGBj/GBgY/xkZGf8aGhr/Gxsb/x0dHf8fHx//IiIi/yAgIP8eHh7/HBwc/xkZGf8XFxf/FhYW/xUVFf8UFBT/ExMT/xMTE/8TExP/EhIS/xISEv8RERH/ERER/xAQEP8QEBD/EBAQ/xAQEP8QEBD/ERER/xEREf8SEhL/EhIS/xEREf8RERH/ERER/xEREf8RERH/ERER/xEREf8RERH/ERER/xEREf8QEBD/EBAQ/xAQEP8PDw//EBAQ/xAQEP8QEBD/EBAQ/xEREf8RERH/ERER/xEREf8RERH/ERER/xEREf8RERH/ERER/xEREf8RERH/ERER/xAQEP8QEBD/EBAQ/xEREf8RERH/ERER/xEREf8RERH/ERER/xEREf8RERH/ERER/xEREf8RERH/ERER/xEREf8RERH/ERER/xEREf8RERH/ERER/xEREf8RERH/ERER/xEREf8RERH/ERER/xISEv8SEhL/ExMT/xUVFf8YGBj/Gxsb/xwcHP8dHR3/Hh4e/yAgIP8iIiL/JSUl/yYmJv8oKCj/KCgo/ygoKP8oKCj/Kioq/ywsLP8vLy//MDAw/zAwMP8vLy//LS0t/ysrK/8rKyv/Kioq/ysrK/8rKyv/Kysr/ysrK/8rKyv/Kysr/ysrK/8rKyv/Kysr/ysrK/8sLCz/LCws/ywsLP8sLCz/LCws/ywsLP8sLCz/LCws/y0tLf8tLS3/LCws/ywsLP8sLCz/LCws/y0tLf8tLS3/LS0t/y0tLf8tLS3/LS0t/y4uLv8uLi7/Li4u/y4uLv8uLi7/Li4u/y4uLv8tLS3/Li4u/y4uLv8uLi7/Li4u/y4uLv8vLy//Ly8v/y8vL/8uLi7/Li4u/y4uLv8uLi7/Li4u/y4uLv8uLi7/Ly8v/y8vL/8vLy//MDAw/zAwMP8xMTH/MDAw/zAwMP8wMDD/MDAw/zAwMP8uLi7/Li4u/y8vL/8vLy//Ly8v/y8vL/8wMDD/MDAw/zAwMP8wMDD/MDAw/zExMf8yMjL/MjIy/zIyMv8yMjL/MjIy/zIyMv8xMTH/MTEx/zExMf8xMTH/MTEx/zExMf8xMTH/MjIy/zIyMv8yMjL/SkpK/0lJSf9HR0f/SUlJ/0tLS/9MTEz/T09P/09PT/9PT0//UFBQ/1NTU/9UVFT/VFRU/1RUVP9UVFT/VFRU/1JSUv9QUFD/UlJS/1NTU/9SUlL/UFBQ/09PT/9OTk7/UVFR/1ZWVv9WVlb/U1NT/1NTU/9UVFT/VFRU/1JSUv9TU1P/VVVV/1ZWVv9UVFT/UlJS/1NTU/9TU1P/VFRU/1ZWVv9WVlb/VlZW/1VVVf9TU1P/VVVV/1paWv9dXV3/Y2Nj/2NjY/9fX1//W1tb/1JSUv9MTEz/TU1N/05OTv9QUFD/UlJS/1JSUv9SUlL/VFRU/1ZWVv9XV1f/Wlpa/1xcXP9gYGD/YmJi/2NjY/9hYWH/Wlpa/1dXV/9YWFj/W1tb/2pqav94eHj/g4OD/4+Pj/+MjIz/iYmJ/5mZmf+vr6//x8fH/+3t7f/t7e3/5OTk/87Ozv+fn5//ioqK/3Z2dv9tbW3/aWlp/2ZmZv9cXFz/U1NT/1BQUP9MTEz/S0tL/0pKSv9RUVH/W1tb/1xcXP9cXFz/V1dX/0tLS/9HR0f/Q0ND/0JCQv9DQ0P/Q0ND/0ZGRv9HR0f/SEhI/0hISP9GRkb/Q0ND/0JCQv9BQUH/QEBA/z4+Pv88PDz/OTk5/zY2Nv8vLy//LCws/ygoKP8oKCj/MDAw/z8/P/9vb2//jIyM/3V1df9fX1//RUVF/ykpKf8jIyP/HBwc/xwcHP8bGxv/Ghoa/xkZGf8aGhr/Gxsb/xsbG/8cHBz/HBwc/xsbG/8aGhr/GRkZ/xkZGf8ZGRn/GRkZ/xkZGf8ZGRn/GRkZ/xgYGP8YGBj/GBgY/xgYGP8ZGRn/GRkZ/xoaGv8aGhr/GRkZ/xkZGf8YGBj/GBgY/xgYGP8YGBj/GRkZ/xkZGf8ZGRn/GRkZ/xkZGf8YGBj/GBgY/xcXF/8XFxf/FxcX/xcXF/8YGBj/GBgY/xcXF/8XFxf/FxcX/xcXF/8XFxf/FxcX/xcXF/8XFxf/FxcX/xcXF/8YGBj/GRkZ/xgYGP8XFxf/FxcX/xcXF/8XFxf/FhYW/xYWFv8VFRX/FRUV/xYWFv8WFhb/FhYW/xYWFv8WFhb/FhYW/xYWFv8WFhb/FhYW/xYWFv8WFhb/FRUV/xUVFf8VFRX/FRUV/xUVFf8VFRX/FBQU/xQUFP8TExP/ExMT/xMTE/8TExP/FBQU/xQUFP8UFBT/FRUV/xUVFf8UFBT/FBQU/xUVFf8VFRX/FRUV/xUVFf8UFBT/FBQU/xQUFP8UFBT/FBQU/xQUFP8TExP/ExMT/xQUFP8VFRX/FRUV/xUVFf8VFRX/FRUV/xUVFf8WFhb/FhYW/xUVFf8VFRX/FBQU/xQUFP8TExP/ExMT/xMTE/8TExP/FBQU/xQUFP8UFBT/FBQU/xQUFP8UFBT/FBQU/xQUFP8UFBT/FBQU/xQUFP8TExP/ExMT/xQUFP8UFBT/ExMT/xMTE/8SEhL/EhIS/xISEv8SEhL/ExMT/xMTE/8TExP/ExMT/xMTE/8TExP/ExMT/xMTE/8TExP/FBQU/xQUFP8UFBT/FBQU/xQUFP8UFBT/ExMT/xMTE/8SEhL/EhIS/xISEv8SEhL/EhIS/xISEv8SEhL/EhIS/xISEv8SEhL/EhIS/xMTE/8TExP/ExMT/xMTE/8SEhL/ERER/xEREf8RERH/EhIS/xISEv8SEhL/EhIS/xISEv8SEhL/EhIS/xEREf8RERH/ERER/xEREf8RERH/ERER/xISEv8SEhL/EhIS/xISEv8SEhL/EhIS/xISEv8kJCT/IyMj/yIiIv8iIiL/IiIi/yIiIv8hISH/ISEh/yIiIv8jIyP/JCQk/yQkJP8jIyP/IyMj/yMjI/8jIyP/JCQk/yUlJf8kJCT/IyMj/yIiIv8gICD/ICAg/yAgIP8gICD/ISEh/yEhIf8iIiL/ISEh/yAgIP8gICD/Hx8f/x8fH/8eHh7/Hh4e/x4eHv8eHh7/Hh4e/x4eHv8eHh7/HR0d/x0dHf8cHBz/Hh4e/yMjI/8pKSn/NjY2/zk5Of87Ozv/PDw8/zw8PP88PDz/PDw8/zw8PP88PDz/PDw8/zw8PP88PDz/PDw8/zw8PP88PDz/PT09/z4+Pv8/Pz//Pz8//z4+Pv8+Pj7/Pj4+/z4+Pv8/Pz//Pz8//z8/P/8/Pz//Pj4+/z4+Pv8+Pj7/PT09/z09Pf88PDz/PDw8/z09Pf89PT3/Pj4+/z4+Pv8/Pz//Pz8//z4+Pv8+Pj7/PT09/z4+Pv9AQED/QUFB/0BAQP8/Pz//Pz8//z4+Pv8/Pz//QEBA/0FBQf9CQkL/QkJC/0FBQf9AQED/Pz8//z8/P/9AQED/QUFB/0JCQv9DQ0P/QUFB/0BAQP8+Pj7/PT09/z4+Pv8/Pz//QEBA/0FBQf9BQUH/QUFB/0BAQP8/Pz//Pj4+/zw8PP88PDz/PDw8/zw8PP88PDz/PDw8/z09Pf8+Pj7/Pz8//z8/P/8/Pz//QEBA/0FBQf9CQkL/QUFB/0BAQP9AQED/Pz8//z8/P/9AQED/QEBA/0FBQf9BQUH/QkJC/0JCQv9BQUH/QUFB/0BAQP8/Pz//Pz8//0BAQP9AQED/QUFB/0FBQf9BQUH/QUFB/0FBQf9BQUH/QEBA/0BAQP9BQUH/QUFB/0BAQP8/Pz//PT09/zw8PP89PT3/Pj4+/z4+Pv8/Pz//Pz8//z8/P/8/Pz//Pj4+/z4+Pv8+Pj7/Pj4+/z09Pf89PT3/Pj4+/z4+Pv8+Pj7/Pj4+/z8/P/9AQED/Pj4+/zw8PP88PDz/PT09/z09Pf8+Pj7/Pj4+/z4+Pv89PT3/Ozs7/z09Pf9BQUH/QkJC/0JCQv9BQUH/Pz8//z09Pf8+Pj7/Pj4+/z8/P/9AQED/QUFB/0JCQv9BQUH/Pz8//z4+Pv89PT3/Pj4+/0BAQP8/Pz//PT09/z09Pf8+Pj7/Pj4+/z09Pf89PT3/Pj4+/z8/P/8+Pj7/PT09/z09Pf8+Pj7/Pj4+/z8/P/8/Pz//Pz8//0BAQP9CQkL/QkJC/0NDQ/9DQ0P/Q0ND/0NDQ/9CQkL/QkJC/0FBQf9AQED/Pz8//z4+Pv8+Pj7/Pz8//0BAQP9BQUH/QEBA/z4+Pv8/Pz//QEBA/0BAQP9BQUH/QEBA/z8/P/8+Pj7/Pz8//0BAQP9AQED/QEBA/0BAQP8/Pz//QEBA/0FBQf9AQED/Pj4+/z4+Pv89PT3/Pj4+/z8/P/8/Pz//PT09/z09Pf8+Pj7/Pj4+/z8/P/9AQED/QEBA/0BAQP9AQED/Pz8//z8/P/8+Pj7/Pz8//0BAQP9AQED/QUFB/0JCQv9ERET/Q0ND/0JCQv9CQkL/Q0ND/0RERP9GRkb/R0dH/0VFRf9ERET/RkZG/0hISP9ISEj/SEhI/0hISP9HR0f/R0dH/0ZGRv9FRUX/RERE/0RERP9CQkL/QkJC/0JCQv9CQkL/RUVF/0ZGRv9HR0f/SEhI/0dHR/9FRUX/R0dH/0pKSv9LS0v/Tk5O/01NTf9LS0v/S0tL/0tLS/9LS0v/TExM/0xMTP9KSkr/SUlJ/0hISP9HR0f/SUlJ/zIyMv8xMTH/MDAw/zExMf8yMjL/MzMz/zU1Nf80NDT/MzMz/zMzM/8zMzP/MzMz/zIyMv8yMjL/MTEx/zAwMP8xMTH/MTEx/zExMf8xMTH/MTEx/zExMf8xMTH/MTEx/zMzM/82Njb/NTU1/zQ0NP80NDT/NDQ0/zQ0NP80NDT/NDQ0/zQ0NP80NDT/MzMz/zMzM/8yMjL/MjIy/zQ0NP82Njb/NjY2/zU1Nf81NTX/NDQ0/zQ0NP81NTX/NTU1/zU1Nf81NTX/NDQ0/zQ0NP80NDT/NDQ0/zQ0NP80NDT/NTU1/zU1Nf81NTX/NDQ0/zQ0NP81NTX/NDQ0/zIyMv8zMzP/NTU1/zY2Nv83Nzf/ODg4/zY2Nv82Njb/NjY2/zY2Nv81NTX/NTU1/zQ0NP8zMzP/NDQ0/zY2Nv81NTX/MzMz/zIyMv8vLy//LCws/yYmJv8kJCT/IiIi/yEhIf8hISH/ISEh/x8fH/8eHh7/HR0d/xwcHP8dHR3/Hh4e/x4eHv8fHx//Hx8f/x8fH/8fHx//Hx8f/x8fH/8gICD/ICAg/yAgIP8gICD/ISEh/yEhIf8iIiL/IiIi/yIiIv8iIiL/IiIi/yEhIf8hISH/ISEh/yEhIf8hISH/IiIi/yUlJf8kJCT/IiIi/yIiIv8hISH/ISEh/yIiIv8jIyP/ISEh/yAgIP8hISH/ISEh/yEhIf8hISH/ISEh/yEhIf8hISH/ISEh/yEhIf8gICD/ICAg/yAgIP8gICD/ICAg/yAgIP8fHx//Hx8f/yAgIP8gICD/ISEh/yEhIf8hISH/ISEh/yEhIf8hISH/ISEh/yIiIv8iIiL/IiIi/yEhIf8gICD/ICAg/yEhIf8hISH/IiIi/yIiIv8iIiL/IiIi/yIiIv8iIiL/IiIi/yIiIv8iIiL/IiIi/yIiIv8jIyP/IyMj/yMjI/8iIiL/ISEh/yEhIf8jIyP/IyMj/yQkJP8lJSX/JiYm/yYmJv8mJib/JiYm/yYmJv8nJyf/Jycn/yYmJv8mJib/JSUl/yUlJf8mJib/JiYm/ycnJ/8nJyf/Jycn/ycnJ/8oKCj/KCgo/ysrK/8tLS3/LCws/ysrK/8pKSn/Jycn/ycnJ/8nJyf/KCgo/ykpKf8pKSn/KSkp/ykpKf8oKCj/KCgo/ykpKf8pKSn/Kioq/yoqKv8pKSn/KSkp/ykpKf8pKSn/KSkp/yoqKv8qKir/Kysr/ysrK/8qKir/Kioq/ykpKf8pKSn/KCgo/ygoKP8oKCj/KCgo/ycnJ/8nJyf/KSkp/yoqKv8qKir/Kysr/ysrK/8qKir/Kioq/yoqKv8qKir/Kioq/yoqKv8pKSn/KSkp/ykpKf8pKSn/Kioq/yoqKv8qKir/Kioq/yoqKv8qKir/KSkp/ykpKf8pKSn/KCgo/ygoKP8oKCj/KSkp/ywsLP8sLCz/LS0t/y0tLf8uLi7/LS0t/ysrK/8qKir/KSkp/ykpKf8qKir/Kysr/ykpKf8mJib/JiYm/yUlJf8lJSX/JSUl/yYmJv8nJyf/Jycn/yYmJv8mJib/JCQk/yQkJP8jIyP/IiIi/yMjI/8kJCT/JCQk/yQkJP8kJCT/JCQk/yQkJP8kJCT/JCQk/yQkJP8kJCT/JCQk/yQkJP8jIyP/IyMj/yMjI/8jIyP/IyMj/yMjI/8jIyP/IyMj/yIiIv8iIiL/IiIi/yMjI/8jIyP/JCQk/yQkJP8jIyP/IyMj/yQkJP8jIyP/IiIi/yIiIv8iIiL/IiIi/yMjI/8jIyP/IyMj/yMjI/8kJCT/FBQU/xUVFf8WFhb/FhYW/xUVFf8VFRX/FRUV/xUVFf8VFRX/FRUV/xYWFv8WFhb/FhYW/xYWFv8WFhb/FhYW/xcXF/8XFxf/FxcX/xcXF/8XFxf/FxcX/xcXF/8XFxf/FxcX/xYWFv8WFhb/FRUV/xUVFf8UFBT/FBQU/xQUFP8UFBT/FBQU/xQUFP8UFBT/FBQU/xMTE/8TExP/ExMT/xMTE/8VFRX/GBgY/xwcHP8iIiL/IyMj/yIiIv8hISH/Hx8f/x4eHv8eHh7/Hh4e/x0dHf8cHBz/HBwc/xwcHP8cHBz/HBwc/xwcHP8cHBz/HBwc/xwcHP8cHBz/Gxsb/xsbG/8bGxv/Gxsb/xwcHP8cHBz/HR0d/x0dHf8cHBz/HBwc/xwcHP8cHBz/HBwc/x0dHf8eHh7/ICAg/x8fH/8dHR3/HR0d/x0dHf8dHR3/Hh4e/x4eHv8dHR3/HR0d/x0dHf8dHR3/HR0d/x0dHf8eHh7/Hh4e/x4eHv8eHh7/Hh4e/x4eHv8jIyP/Kioq/ywsLP8vLy//LS0t/ykpKf8mJib/IiIi/yAgIP8eHh7/HR0d/xwcHP8cHBz/Gxsb/xsbG/8bGxv/Gxsb/xsbG/8bGxv/Gxsb/xoaGv8aGhr/Gxsb/xsbG/8aGhr/Ghoa/xoaGv8aGhr/Ghoa/xoaGv8ZGRn/GRkZ/xkZGf8ZGRn/Ghoa/xwcHP8eHh7/ICAg/yEhIf8kJCT/IiIi/x4eHv8cHBz/GBgY/xcXF/8VFRX/FRUV/xQUFP8TExP/ExMT/xMTE/8SEhL/EhIS/xISEv8RERH/ERER/xAQEP8QEBD/EBAQ/xAQEP8RERH/EhIS/xQUFP8TExP/EhIS/xEREf8SEhL/EhIS/xISEv8SEhL/ERER/xEREf8RERH/ERER/xEREf8QEBD/EBAQ/w8PD/8PDw//EBAQ/xAQEP8RERH/ERER/xEREf8RERH/ERER/xEREf8RERH/ERER/xEREf8RERH/ERER/xISEv8SEhL/ERER/xEREf8QEBD/EBAQ/xEREf8RERH/ERER/xEREf8QEBD/EBAQ/xEREf8RERH/ERER/xEREf8RERH/ERER/xEREf8RERH/ERER/xEREf8RERH/ERER/xEREf8RERH/ERER/xEREf8RERH/EhIS/xISEv8SEhL/ExMT/xYWFv8YGBj/HBwc/x8fH/8iIiL/JiYm/ykpKf8uLi7/MDAw/zMzM/8xMTH/Li4u/ywsLP8rKyv/Kysr/ywsLP8tLS3/LCws/ysrK/8qKir/KSkp/yoqKv8qKir/Kioq/yoqKv8qKir/Kioq/yoqKv8qKir/Kioq/yoqKv8qKir/Kioq/yoqKv8rKyv/LCws/ywsLP8sLCz/Kysr/ysrK/8sLCz/LS0t/y0tLf8sLCz/LCws/ywsLP8sLCz/LCws/ywsLP8tLS3/LS0t/y4uLv8uLi7/Ly8v/y8vL/8vLy//Ly8v/y4uLv8uLi7/LS0t/y0tLf8tLS3/LCws/y0tLf8uLi7/Li4u/y8vL/8vLy//Li4u/y4uLv8uLi7/Li4u/y8vL/8vLy//Li4u/y4uLv8vLy//Ly8v/y8vL/8wMDD/MTEx/zIyMv8xMTH/Ly8v/y8vL/8wMDD/MDAw/y8vL/8vLy//MDAw/zAwMP8vLy//Ly8v/y8vL/8vLy//Ly8v/y8vL/8wMDD/MTEx/zExMf8yMjL/MjIy/zIyMv8yMjL/MjIy/zIyMv8xMTH/MTEx/zExMf8xMTH/MTEx/zExMf8yMjL/MzMz/zIyMv9KSkr/SkpK/0pKSv9MTEz/Tk5O/1BQUP9SUlL/UVFR/09PT/9QUFD/UlJS/1JSUv9TU1P/U1NT/1NTU/9TU1P/VFRU/1RUVP9UVFT/VVVV/1RUVP9SUlL/U1NT/1NTU/9VVVX/WVlZ/1lZWf9YWFj/V1dX/1ZWVv9VVVX/VVVV/1VVVf9YWFj/WVlZ/1dXV/9WVlb/V1dX/1hYWP9YWFj/WVlZ/1lZWf9bW1v/W1tb/1xcXP9dXV3/YGBg/2JiYv9lZWX/ZmZm/2ZmZv9jY2P/Wlpa/1VVVf9VVVX/VVVV/1paWv9gYGD/Y2Nj/2VlZf9kZGT/YmJi/2RkZP9nZ2f/aGho/2hoaP9paWn/ampq/2lpaf9kZGT/YmJi/2NjY/9mZmb/c3Nz/35+fv+Dg4P/iIiI/4WFhf+CgoL/kJCQ/6Ojo/+ysrL/yMjI/8fHx/+/v7//uLi4/6ysrP+qqqr/rq6u/62trf+fn5//k5OT/319ff9qamr/Xl5e/1JSUv9OTk7/SkpK/09PT/9WVlb/VlZW/1ZWVv9SUlL/S0tL/0lJSf9FRUX/Q0ND/0NDQ/9DQ0P/RUVF/0ZGRv9FRUX/RERE/0JCQv9AQED/QEBA/0BAQP9AQED/Pj4+/z09Pf86Ojr/Nzc3/zIyMv8vLy//LCws/ysrK/8tLS3/MzMz/0lJSf9WVlb/SkpK/z8/P/8xMTH/IiIi/x8fH/8bGxv/Gxsb/xoaGv8ZGRn/GRkZ/xkZGf8ZGRn/Ghoa/xoaGv8aGhr/GRkZ/xkZGf8ZGRn/GBgY/xgYGP8YGBj/GBgY/xgYGP8YGBj/GRkZ/xgYGP8YGBj/GBgY/xkZGf8ZGRn/GRkZ/xkZGf8YGBj/GBgY/xgYGP8YGBj/GBgY/xgYGP8YGBj/GBgY/xgYGP8YGBj/GBgY/xcXF/8XFxf/FxcX/xcXF/8XFxf/FxcX/xcXF/8XFxf/FxcX/xYWFv8WFhb/FhYW/xYWFv8VFRX/FhYW/xYWFv8WFhb/FxcX/xcXF/8YGBj/FxcX/xcXF/8WFhb/FhYW/xYWFv8WFhb/FhYW/xYWFv8WFhb/FhYW/xYWFv8WFhb/FhYW/xYWFv8VFRX/FRUV/xUVFf8VFRX/FRUV/xUVFf8VFRX/FRUV/xUVFf8VFRX/FRUV/xQUFP8UFBT/FBQU/xQUFP8UFBT/FBQU/xQUFP8UFBT/FBQU/xQUFP8VFRX/FRUV/xUVFf8VFRX/FBQU/xQUFP8UFBT/FBQU/xQUFP8UFBT/FBQU/xQUFP8UFBT/FBQU/xQUFP8UFBT/FBQU/xQUFP8VFRX/FRUV/xUVFf8VFRX/FRUV/xYWFv8WFhb/FhYW/xUVFf8VFRX/FBQU/xQUFP8UFBT/FBQU/xQUFP8VFRX/FhYW/xYWFv8WFhb/FRUV/xUVFf8VFRX/FhYW/xYWFv8WFhb/FRUV/xUVFf8VFRX/FhYW/xYWFv8WFhb/FhYW/xYWFv8WFhb/FRUV/xUVFf8VFRX/FhYW/xYWFv8WFhb/FhYW/xcXF/8WFhb/FhYW/xYWFv8XFxf/FxcX/xgYGP8YGBj/GBgY/xgYGP8YGBj/GBgY/xcXF/8XFxf/FxcX/xcXF/8XFxf/FxcX/xcXF/8XFxf/FxcX/xcXF/8XFxf/FxcX/xcXF/8XFxf/FxcX/xYWFv8VFRX/FBQU/xQUFP8VFRX/FhYW/xYWFv8XFxf/FxcX/xcXF/8XFxf/FxcX/xcXF/8YGBj/GBgY/xgYGP8XFxf/FhYW/xYWFv8VFRX/FRUV/xcXF/8YGBj/GBgY/yMjI/8jIyP/IyMj/yMjI/8jIyP/IiIi/yEhIf8hISH/IiIi/yIiIv8jIyP/IyMj/yMjI/8iIiL/IiIi/yMjI/8jIyP/IyMj/yMjI/8iIiL/IiIi/yEhIf8hISH/ISEh/yEhIf8hISH/ISEh/yEhIf8hISH/ICAg/yAgIP8fHx//Hh4e/x8fH/8fHx//Hx8f/x8fH/8eHh7/HR0d/x0dHf8cHBz/HBwc/xwcHP8eHh7/IyMj/ykpKf82Njb/OTk5/zs7O/87Ozv/Ozs7/zs7O/87Ozv/PDw8/zw8PP88PDz/PT09/z09Pf89PT3/PT09/zw8PP88PDz/PT09/z4+Pv8+Pj7/Pj4+/z09Pf89PT3/Pj4+/z4+Pv8+Pj7/Pj4+/z8/P/8/Pz//Pz8//z8/P/8+Pj7/Pj4+/z4+Pv8+Pj7/Pj4+/z4+Pv8+Pj7/Pz8//0BAQP9AQED/Pz8//z4+Pv89PT3/PT09/z8/P/9AQED/Pz8//z4+Pv8+Pj7/Pj4+/z8/P/9AQED/QUFB/0FBQf9BQUH/QEBA/0BAQP8/Pz//Pj4+/z4+Pv8/Pz//QEBA/0BAQP8/Pz//Pz8//z4+Pv8+Pj7/Pj4+/z4+Pv8+Pj7/Pj4+/z8/P/8/Pz//Pz8//z8/P/8+Pj7/Pj4+/z09Pf89PT3/PT09/z09Pf89PT3/PDw8/z09Pf8+Pj7/Pj4+/z8/P/8/Pz//QEBA/0BAQP9AQED/QEBA/0BAQP8/Pz//Pz8//z8/P/8/Pz//Pz8//z8/P/8/Pz//Pz8//z8/P/8/Pz//Pz8//0BAQP9AQED/QEBA/0BAQP8/Pz//QEBA/0BAQP9BQUH/QUFB/0FBQf9AQED/QEBA/0BAQP9AQED/Pz8//z4+Pv89PT3/PT09/z09Pf89PT3/Pj4+/z4+Pv8+Pj7/Pj4+/z4+Pv8/Pz//Pj4+/z4+Pv8+Pj7/PT09/z09Pf8+Pj7/Pj4+/z4+Pv8+Pj7/QEBA/0BAQP8/Pz//Pj4+/z4+Pv8/Pz//Pj4+/z09Pf8+Pj7/Pz8//z4+Pv89PT3/Pj4+/z8/P/8/Pz//Pz8//z8/P/8+Pj7/Pj4+/z4+Pv8+Pj7/QEBA/0FBQf9BQUH/QkJC/0FBQf9AQED/Pz8//z8/P/8/Pz//QUFB/0BAQP8/Pz//Pj4+/z8/P/8/Pz//Pj4+/z4+Pv8/Pz//Pz8//z8/P/8/Pz//Pz8//z8/P/8/Pz//QEBA/0BAQP8/Pz//QEBA/0FBQf9BQUH/QUFB/0FBQf9BQUH/QUFB/0FBQf9AQED/QEBA/z8/P/8/Pz//Pz8//z8/P/9AQED/QEBA/0FBQf9BQUH/QUFB/0FBQf9BQUH/QUFB/0FBQf9BQUH/QEBA/0BAQP9BQUH/QkJC/0JCQv9CQkL/QkJC/0FBQf9CQkL/Q0ND/0FBQf8/Pz//Pz8//z8/P/8/Pz//QUFB/0FBQf8/Pz//Pz8//z8/P/9AQED/QEBA/0FBQf9BQUH/QUFB/0BAQP9AQED/QEBA/0BAQP9BQUH/QUFB/0JCQv9ERET/RERE/0RERP9ERET/QkJC/0JCQv9DQ0P/Q0ND/0VFRf9GRkb/RkZG/0dHR/9HR0f/RkZG/0ZGRv9GRkb/RkZG/0ZGRv9GRkb/R0dH/0dHR/9HR0f/R0dH/0RERP9DQ0P/Q0ND/0RERP9FRUX/R0dH/0dHR/9HR0f/RkZG/0RERP9GRkb/R0dH/0lJSf9LS0v/SkpK/0pKSv9KSkr/SkpK/0pKSv9MTEz/TExM/05OTv9OTk7/S0tL/0pKSv9KSkr/MTEx/zExMf8xMTH/MTEx/zIyMv8zMzP/MzMz/zMzM/8zMzP/MzMz/zQ0NP80NDT/MzMz/zIyMv8xMTH/MDAw/zExMf8xMTH/MTEx/zAwMP8xMTH/MjIy/zMzM/80NDT/NTU1/zc3N/83Nzf/NTU1/zU1Nf82Njb/NjY2/zU1Nf81NTX/NTU1/zU1Nf81NTX/NTU1/zU1Nf80NDT/NDQ0/zU1Nf81NTX/NDQ0/zQ0NP80NDT/NDQ0/zU1Nf81NTX/NTU1/zQ0NP80NDT/NDQ0/zQ0NP8zMzP/MzMz/zMzM/8zMzP/NDQ0/zQ0NP8zMzP/NDQ0/zQ0NP80NDT/NDQ0/zQ0NP81NTX/NTU1/zY2Nv82Njb/NjY2/zU1Nf81NTX/NTU1/zQ0NP8zMzP/MzMz/zMzM/80NDT/NTU1/zU1Nf81NTX/MzMz/zAwMP8tLS3/Jycn/yUlJf8iIiL/ISEh/yAgIP8fHx//Hh4e/x0dHf8eHh7/Hh4e/x4eHv8eHh7/Hh4e/x8fH/8fHx//Hx8f/yAgIP8gICD/ICAg/x8fH/8fHx//Hx8f/yAgIP8hISH/ISEh/yEhIf8hISH/IiIi/yIiIv8iIiL/ISEh/yEhIf8hISH/ISEh/yEhIf8iIiL/IyMj/yMjI/8iIiL/ISEh/yEhIf8hISH/ISEh/yEhIf8gICD/ICAg/yAgIP8gICD/ISEh/yEhIf8hISH/ISEh/yIiIv8jIyP/IyMj/yIiIv8hISH/ISEh/yEhIf8hISH/ICAg/yAgIP8gICD/ICAg/yEhIf8hISH/ISEh/yEhIf8iIiL/IiIi/yIiIv8iIiL/IiIi/yIiIv8iIiL/IiIi/yEhIf8hISH/IyMj/yMjI/8jIyP/IyMj/yMjI/8jIyP/IyMj/yMjI/8jIyP/IyMj/yMjI/8jIyP/IyMj/yMjI/8kJCT/JCQk/yQkJP8kJCT/JCQk/yQkJP8lJSX/JSUl/yUlJf8mJib/JiYm/yYmJv8lJSX/JiYm/yYmJv8mJib/JSUl/yUlJf8lJSX/JSUl/yYmJv8mJib/Jycn/ycnJ/8nJyf/Jycn/ycnJ/8nJyf/KSkp/yoqKv8qKir/Kioq/ygoKP8mJib/JiYm/yYmJv8nJyf/KCgo/ygoKP8oKCj/KCgo/ygoKP8oKCj/KSkp/ykpKf8pKSn/KCgo/ygoKP8oKCj/KCgo/ygoKP8oKCj/KCgo/ygoKP8oKCj/KCgo/ygoKP8oKCj/KCgo/ygoKP8oKCj/KCgo/ygoKP8oKCj/KCgo/ygoKP8pKSn/Kioq/yoqKv8qKir/Kioq/ykpKf8pKSn/KSkp/ykpKf8pKSn/KSkp/ykpKf8pKSn/KSkp/ykpKf8pKSn/Kioq/ysrK/8rKyv/Kysr/yoqKv8pKSn/Jycn/ycnJ/8nJyf/KCgo/ygoKP8pKSn/Kioq/yoqKv8qKir/Kioq/yoqKv8qKir/KSkp/ykpKf8pKSn/KCgo/ygoKP8oKCj/Jycn/yYmJv8mJib/JiYm/yYmJv8nJyf/Jycn/ycnJ/8oKCj/KCgo/ygoKP8mJib/JiYm/yUlJf8kJCT/JSUl/yUlJf8lJSX/JSUl/yQkJP8kJCT/JCQk/yQkJP8kJCT/JCQk/yQkJP8kJCT/IyMj/yQkJP8jIyP/IyMj/yMjI/8jIyP/IyMj/yMjI/8jIyP/IyMj/yMjI/8kJCT/JCQk/yQkJP8kJCT/JCQk/yMjI/8jIyP/JCQk/yQkJP8jIyP/IyMj/yMjI/8jIyP/JCQk/yUlJf8lJSX/JCQk/yQkJP8VFRX/FRUV/xUVFf8VFRX/FRUV/xUVFf8WFhb/FhYW/xYWFv8XFxf/FxcX/xcXF/8XFxf/FxcX/xcXF/8XFxf/FxcX/xcXF/8XFxf/GBgY/xgYGP8YGBj/FxcX/xcXF/8XFxf/FhYW/xYWFv8VFRX/FBQU/xQUFP8TExP/ExMT/xMTE/8TExP/FBQU/xQUFP8UFBT/FBQU/xQUFP8TExP/ExMT/xUVFf8YGBj/HBwc/yIiIv8iIiL/IiIi/yEhIf8gICD/Hx8f/x4eHv8dHR3/HBwc/xwcHP8cHBz/HR0d/xwcHP8bGxv/Gxsb/xsbG/8bGxv/Gxsb/xsbG/8bGxv/Gxsb/xsbG/8bGxv/Gxsb/xwcHP8cHBz/HBwc/xwcHP8cHBz/HBwc/xwcHP8cHBz/HBwc/x0dHf8fHx//Hh4e/x0dHf8cHBz/HBwc/x0dHf8dHR3/HR0d/x0dHf8dHR3/HR0d/x0dHf8dHR3/HR0d/x0dHf8dHR3/HR0d/x0dHf8dHR3/HR0d/yEhIf8mJib/KCgo/ysrK/8sLCz/LCws/ysrK/8pKSn/KCgo/yYmJv8kJCT/IiIi/yAgIP8gICD/Hx8f/yAgIP8gICD/ICAg/yEhIf8gICD/Hx8f/x8fH/8fHx//Hx8f/x4eHv8eHh7/HR0d/xwcHP8bGxv/Gxsb/xoaGv8ZGRn/GRkZ/xkZGf8ZGRn/GRkZ/xoaGv8aGhr/Gxsb/xwcHP8bGxv/Ghoa/xgYGP8WFhb/FRUV/xQUFP8TExP/ExMT/xISEv8SEhL/EhIS/xISEv8RERH/ERER/xEREf8RERH/ERER/xEREf8RERH/EhIS/xISEv8SEhL/ExMT/xMTE/8SEhL/EhIS/xISEv8TExP/ExMT/xISEv8SEhL/EhIS/xISEv8SEhL/ERER/xEREf8RERH/ERER/xEREf8RERH/ERER/xEREf8SEhL/EhIS/xISEv8SEhL/EhIS/xISEv8SEhL/EhIS/xISEv8SEhL/ExMT/xISEv8SEhL/EhIS/xISEv8SEhL/EhIS/xISEv8SEhL/ERER/xEREf8RERH/ERER/xISEv8SEhL/EhIS/xISEv8SEhL/EhIS/xISEv8SEhL/EhIS/xISEv8SEhL/EhIS/xISEv8RERH/ERER/xEREf8RERH/EhIS/xISEv8TExP/FhYW/xkZGf8dHR3/IiIi/yQkJP8nJyf/KSkp/ywsLP8tLS3/Li4u/y0tLf8rKyv/Kioq/ykpKf8pKSn/Kioq/yoqKv8qKir/KSkp/ykpKf8pKSn/KSkp/ykpKf8pKSn/KSkp/ykpKf8pKSn/Kioq/yoqKv8rKyv/Kysr/ysrK/8rKyv/Kysr/yoqKv8rKyv/Kysr/ywsLP8sLCz/LCws/y0tLf8tLS3/LCws/ysrK/8rKyv/Kysr/ysrK/8sLCz/LCws/ywsLP8sLCz/LCws/y0tLf8tLS3/LS0t/y0tLf8tLS3/LCws/ywsLP8sLCz/LCws/ywsLP8tLS3/LS0t/y4uLv8uLi7/Li4u/y4uLv8uLi7/Li4u/y4uLv8uLi7/Li4u/y4uLv8uLi7/Li4u/y4uLv8uLi7/Li4u/y4uLv8wMDD/MTEx/zAwMP8vLy//Li4u/y4uLv8uLi7/Li4u/y4uLv8vLy//Ly8v/y8vL/8vLy//Ly8v/zAwMP8wMDD/MDAw/zAwMP8xMTH/MTEx/zAwMP8xMTH/MjIy/zIyMv8zMzP/MjIy/zExMf8xMTH/MTEx/zExMf8xMTH/MTEx/zIyMv8yMjL/MTEx/0pKSv9LS0v/TExM/05OTv9SUlL/U1NT/1ZWVv9UVFT/UFBQ/09PT/9QUFD/UVFR/1JSUv9TU1P/U1NT/1NTU/9VVVX/V1dX/1dXV/9XV1f/VlZW/1RUVP9WVlb/WFhY/1lZWf9cXFz/XFxc/11dXf9bW1v/V1dX/1ZWVv9XV1f/WFhY/1tbW/9dXV3/W1tb/1paWv9bW1v/XFxc/1tbW/9bW1v/XV1d/19fX/9hYWH/ZGRk/2VlZf9lZWX/ZmZm/2dnZ/9paWn/bGxs/2tra/9iYmL/XV1d/1tbW/9bW1v/ZGRk/25ubv9ycnL/dnZ2/3Nzc/9tbW3/b29v/3Nzc/9ycnL/b29v/3BwcP9xcXH/cHBw/2xsbP9ra2v/bm5u/3Fxcf97e3v/hISE/4ODg/+CgoL/f39//3t7e/+Hh4f/mJiY/56env+mpqb/o6Oj/5ycnP+jo6P/uLi4/8fHx//i4uL/6Ojo/9DQ0P+9vb3/nJyc/39/f/9sbGz/WFhY/1FRUf9JSUn/TExM/1FRUf9RUVH/UFBQ/09PT/9MTEz/SkpK/0ZGRv9FRUX/RERE/0NDQ/9FRUX/RkZG/0NDQ/9AQED/Pz8//z09Pf8+Pj7/QEBA/z8/P/8+Pj7/PT09/zs7O/85OTn/NDQ0/zIyMv8wMDD/Li4u/yoqKv8oKCj/JiYm/yUlJf8jIyP/ISEh/x8fH/8cHBz/Gxsb/xoaGv8aGhr/GRkZ/xkZGf8YGBj/GBgY/xgYGP8YGBj/GBgY/xgYGP8YGBj/GBgY/xgYGP8YGBj/FxcX/xcXF/8XFxf/FxcX/xgYGP8ZGRn/GRkZ/xgYGP8YGBj/GRkZ/xkZGf8YGBj/GBgY/xcXF/8XFxf/GBgY/xgYGP8YGBj/GBgY/xcXF/8XFxf/FxcX/xcXF/8XFxf/FxcX/xcXF/8XFxf/FxcX/xcXF/8XFxf/FxcX/xcXF/8WFhb/FhYW/xUVFf8VFRX/FBQU/xQUFP8VFRX/FRUV/xYWFv8XFxf/FxcX/xcXF/8XFxf/FhYW/xYWFv8WFhb/FhYW/xYWFv8WFhb/FhYW/xYWFv8WFhb/FhYW/xYWFv8WFhb/FRUV/xUVFf8VFRX/FRUV/xUVFf8VFRX/FRUV/xUVFf8VFRX/FRUV/xUVFf8UFBT/FBQU/xQUFP8UFBT/FBQU/xQUFP8UFBT/FBQU/xQUFP8UFBT/FBQU/xUVFf8VFRX/FRUV/xUVFf8UFBT/FBQU/xMTE/8TExP/FBQU/xQUFP8UFBT/FBQU/xQUFP8UFBT/FBQU/xQUFP8UFBT/FBQU/xQUFP8VFRX/FRUV/xUVFf8VFRX/FhYW/xYWFv8WFhb/FhYW/xUVFf8VFRX/FRUV/xUVFf8VFRX/FRUV/xYWFv8XFxf/FxcX/xcXF/8XFxf/FhYW/xYWFv8XFxf/FxcX/xcXF/8XFxf/FxcX/xcXF/8YGBj/GBgY/xkZGf8ZGRn/GRkZ/xkZGf8YGBj/GBgY/xgYGP8YGBj/GBgY/xkZGf8ZGRn/Ghoa/xoaGv8ZGRn/GRkZ/xkZGf8aGhr/Gxsb/xwcHP8bGxv/Gxsb/xwcHP8cHBz/Gxsb/xsbG/8bGxv/Gxsb/xsbG/8bGxv/Gxsb/xsbG/8bGxv/Gxsb/xsbG/8bGxv/Gxsb/xsbG/8bGxv/GRkZ/xkZGf8YGBj/FxcX/xgYGP8ZGRn/Ghoa/xsbG/8bGxv/HBwc/xwcHP8dHR3/HR0d/x4eHv8eHh7/Hh4e/x0dHf8bGxv/GRkZ/xgYGP8YGBj/Gxsb/x0dHf8dHR3/IyMj/yMjI/8jIyP/IyMj/yMjI/8iIiL/ISEh/yEhIf8iIiL/IiIi/yIiIv8iIiL/IiIi/yIiIv8iIiL/IiIi/yIiIv8iIiL/IiIi/yIiIv8iIiL/IiIi/yIiIv8hISH/ISEh/yEhIf8hISH/ISEh/yEhIf8gICD/ICAg/x4eHv8eHh7/Hx8f/x8fH/8gICD/ICAg/x4eHv8dHR3/HR0d/xwcHP8cHBz/HBwc/x4eHv8jIyP/Kioq/zc3N/85OTn/Ojo6/zo6Ov86Ojr/Ojo6/zs7O/87Ozv/PDw8/zw8PP89PT3/Pj4+/z4+Pv89PT3/PDw8/zs7O/88PDz/PT09/z09Pf89PT3/PT09/z09Pf89PT3/PT09/z09Pf8+Pj7/Pj4+/0BAQP9BQUH/QEBA/z8/P/8/Pz//Pz8//z8/P/8/Pz//Pz8//z8/P/9AQED/QUFB/0FBQf8/Pz//Pz8//z09Pf89PT3/Pj4+/z8/P/8+Pj7/Pj4+/z4+Pv8+Pj7/Pz8//0BAQP9AQED/QUFB/0BAQP8/Pz//Pz8//z4+Pv8+Pj7/PT09/z09Pf8+Pj7/Pj4+/z4+Pv8+Pj7/Pj4+/z4+Pv8+Pj7/PT09/z09Pf88PDz/PT09/z4+Pv8+Pj7/Pj4+/z4+Pv8/Pz//Pz8//z09Pf89PT3/PT09/z09Pf88PDz/Ozs7/z09Pf8+Pj7/Pj4+/z4+Pv8+Pj7/Pz8//z8/P/9AQED/QEBA/z8/P/8/Pz//Pz8//z8/P/89PT3/PT09/zw8PP88PDz/PT09/z4+Pv8/Pz//QEBA/0BAQP9AQED/Pz8//z09Pf8+Pj7/QEBA/0BAQP9BQUH/QUFB/0BAQP9AQED/Pz8//z8/P/8+Pj7/Pj4+/z09Pf89PT3/PT09/z09Pf89PT3/Pj4+/z4+Pv8+Pj7/Pj4+/z8/P/8/Pz//Pj4+/z09Pf88PDz/PT09/z4+Pv8/Pz//Pj4+/z4+Pv9AQED/QUFB/0BAQP8/Pz//Pz8//0BAQP8+Pj7/PDw8/z09Pf9AQED/QEBA/z8/P/8+Pj7/PT09/z09Pf89PT3/PT09/z4+Pv8+Pj7/Pj4+/z4+Pv9AQED/QkJC/0JCQv9CQkL/QUFB/0BAQP9AQED/QEBA/0FBQf9CQkL/QUFB/z8/P/8/Pz//QEBA/0BAQP8/Pz//Pz8//0BAQP9AQED/QEBA/0BAQP9AQED/Pz8//0BAQP9BQUH/QEBA/z8/P/9AQED/QUFB/0BAQP8/Pz//Pj4+/z8/P/8/Pz//Pz8//z8/P/8/Pz//Pz8//z8/P/8/Pz//Pz8//0BAQP9BQUH/QkJC/0NDQ/9ERET/Q0ND/0FBQf9BQUH/QUFB/0FBQf9BQUH/QUFB/0JCQv9DQ0P/RERE/0RERP9DQ0P/Q0ND/0NDQ/9ERET/QkJC/0BAQP9AQED/QEBA/0FBQf9DQ0P/QkJC/0FBQf9BQUH/QUFB/0FBQf9BQUH/QUFB/0FBQf9BQUH/QUFB/0FBQf9BQUH/QkJC/0JCQv9DQ0P/RERE/0dHR/9GRkb/RUVF/0RERP9DQ0P/QkJC/0JCQv9CQkL/Q0ND/0RERP9HR0f/SkpK/0dHR/9ERET/RERE/0RERP9FRUX/RkZG/0ZGRv9HR0f/SEhI/0pKSv9JSUn/RUVF/0RERP9FRUX/RUVF/0ZGRv9HR0f/R0dH/0dHR/9GRkb/RERE/0RERP9FRUX/RkZG/0hISP9ISEj/SEhI/0hISP9JSUn/SkpK/0tLS/9NTU3/UlJS/1NTU/9PT0//TExM/0tLS/8wMDD/MDAw/zExMf8xMTH/MjIy/zIyMv8yMjL/MjIy/zMzM/80NDT/NjY2/zU1Nf80NDT/MzMz/zExMf8wMDD/MTEx/zIyMv8xMTH/MDAw/zExMf8zMzP/NTU1/zc3N/84ODj/OTk5/zg4OP82Njb/NjY2/zg4OP83Nzf/NjY2/zU1Nf81NTX/NTU1/zc3N/84ODj/NjY2/zU1Nf81NTX/NTU1/zQ0NP8zMzP/MzMz/zQ0NP81NTX/NjY2/zU1Nf80NDT/NDQ0/zQ0NP80NDT/MzMz/zMzM/8yMjL/MTEx/zMzM/80NDT/NDQ0/zMzM/8zMzP/NDQ0/zQ0NP81NTX/NTU1/zU1Nf81NTX/NTU1/zU1Nf81NTX/NTU1/zQ0NP80NDT/MzMz/zIyMv8zMzP/MzMz/zMzM/80NDT/NTU1/zY2Nv80NDT/MTEx/y4uLv8oKCj/JiYm/yMjI/8hISH/Hx8f/x4eHv8dHR3/HR0d/x4eHv8fHx//Hh4e/x4eHv8eHh7/Hx8f/x8fH/8gICD/ICAg/yAgIP8gICD/Hx8f/x8fH/8fHx//ICAg/yEhIf8iIiL/ISEh/yAgIP8hISH/IiIi/yIiIv8hISH/ISEh/yEhIf8hISH/ISEh/yEhIf8iIiL/IiIi/yEhIf8hISH/ICAg/yAgIP8gICD/ICAg/x8fH/8fHx//ICAg/yAgIP8gICD/ISEh/yEhIf8hISH/IyMj/yYmJv8lJSX/IyMj/yMjI/8iIiL/IiIi/yEhIf8hISH/ISEh/yEhIf8hISH/ISEh/yEhIf8hISH/ISEh/yIiIv8iIiL/IyMj/yMjI/8jIyP/IyMj/yIiIv8iIiL/IiIi/yMjI/8kJCT/JSUl/yQkJP8jIyP/IyMj/yMjI/8kJCT/JCQk/yQkJP8kJCT/JCQk/yQkJP8kJCT/JCQk/yQkJP8lJSX/JSUl/yYmJv8mJib/JiYm/yYmJv8lJSX/JSUl/yYmJv8nJyf/JiYm/yUlJf8lJSX/JSUl/yUlJf8lJSX/JSUl/yUlJf8lJSX/JiYm/yYmJv8nJyf/Jycn/ycnJ/8nJyf/JiYm/yYmJv8nJyf/KCgo/ykpKf8pKSn/Jycn/yUlJf8lJSX/JiYm/yYmJv8nJyf/Jycn/ycnJ/8nJyf/Jycn/ygoKP8pKSn/Kioq/ygoKP8nJyf/KCgo/ygoKP8oKCj/KCgo/ygoKP8nJyf/Jycn/yYmJv8mJib/JiYm/yYmJv8nJyf/Jycn/ygoKP8oKCj/KSkp/ykpKf8pKSn/KSkp/ykpKf8pKSn/Kioq/yoqKv8pKSn/KCgo/ygoKP8oKCj/KCgo/ygoKP8oKCj/KCgo/ygoKP8pKSn/KSkp/ykpKf8qKir/LCws/y0tLf8rKyv/Kioq/ygoKP8mJib/JiYm/ycnJ/8oKCj/KSkp/ykpKf8pKSn/KSkp/ygoKP8oKCj/JiYm/yYmJv8oKCj/KCgo/ygoKP8oKCj/JiYm/yUlJf8mJib/JiYm/yYmJv8mJib/Jycn/ygoKP8oKCj/KCgo/ykpKf8qKir/Kioq/ygoKP8oKCj/JiYm/yYmJv8nJyf/Jycn/yYmJv8lJSX/JSUl/yQkJP8kJCT/JCQk/yQkJP8kJCT/JCQk/yMjI/8jIyP/JCQk/yQkJP8jIyP/IyMj/yMjI/8jIyP/IiIi/yIiIv8jIyP/JCQk/yQkJP8lJSX/JSUl/yQkJP8kJCT/IyMj/yMjI/8kJCT/JCQk/yQkJP8kJCT/IyMj/yQkJP8mJib/Jycn/yYmJv8mJib/JCQk/xUVFf8VFRX/FRUV/xUVFf8VFRX/FhYW/xcXF/8XFxf/GBgY/xgYGP8YGBj/GBgY/xcXF/8XFxf/FxcX/xcXF/8XFxf/FxcX/xgYGP8YGBj/GBgY/xgYGP8YGBj/FxcX/xcXF/8WFhb/FRUV/xQUFP8UFBT/ExMT/xMTE/8SEhL/EhIS/xMTE/8TExP/FBQU/xQUFP8UFBT/FBQU/xQUFP8TExP/FRUV/xgYGP8cHBz/ISEh/yIiIv8iIiL/ISEh/yAgIP8fHx//Hh4e/x0dHf8cHBz/Gxsb/x0dHf8eHh7/HBwc/xsbG/8bGxv/Ghoa/xoaGv8aGhr/Ghoa/xoaGv8aGhr/Gxsb/xsbG/8bGxv/Gxsb/xwcHP8cHBz/HBwc/xwcHP8cHBz/HBwc/xwcHP8bGxv/HBwc/x4eHv8dHR3/HBwc/xwcHP8cHBz/HBwc/xwcHP8cHBz/HR0d/x0dHf8dHR3/HR0d/x0dHf8dHR3/HBwc/xwcHP8dHR3/HR0d/x0dHf8dHR3/Hx8f/yIiIv8kJCT/KSkp/ysrK/8vLy//MDAw/zAwMP8vLy//LS0t/ysrK/8nJyf/JCQk/yMjI/8jIyP/JCQk/yUlJf8lJSX/JiYm/yUlJf8kJCT/JCQk/yMjI/8jIyP/IiIi/yEhIf8gICD/Hh4e/x0dHf8cHBz/Ghoa/xkZGf8ZGRn/GRkZ/xgYGP8WFhb/FhYW/xUVFf8VFRX/FRUV/xUVFf8VFRX/FRUV/xMTE/8TExP/EhIS/xISEv8SEhL/EhIS/xISEv8SEhL/ERER/xEREf8RERH/ERER/xEREf8RERH/EhIS/xMTE/8TExP/ExMT/xMTE/8SEhL/EhIS/xISEv8SEhL/ExMT/xMTE/8TExP/ExMT/xISEv8SEhL/EhIS/xISEv8SEhL/EhIS/xISEv8SEhL/EhIS/xEREf8RERH/EhIS/xISEv8TExP/ExMT/xISEv8SEhL/ExMT/xMTE/8TExP/ExMT/xMTE/8TExP/ExMT/xISEv8TExP/FBQU/xMTE/8SEhL/EhIS/xISEv8SEhL/ERER/xEREf8SEhL/EhIS/xISEv8SEhL/EhIS/xISEv8SEhL/EhIS/xISEv8SEhL/EhIS/xISEv8SEhL/EhIS/xISEv8RERH/ERER/xEREf8RERH/EhIS/xMTE/8WFhb/GRkZ/x8fH/8kJCT/JiYm/ykpKf8pKSn/Kioq/yoqKv8pKSn/KSkp/ygoKP8oKCj/Jycn/ycnJ/8nJyf/Jycn/ygoKP8oKCj/KSkp/ykpKf8pKSn/KSkp/ykpKf8pKSn/KSkp/ykpKf8qKir/Kysr/ysrK/8rKyv/Kysr/ysrK/8rKyv/Kioq/ykpKf8qKir/Kysr/ywsLP8tLS3/LS0t/y0tLf8sLCz/Kioq/yoqKv8qKir/Kysr/ywsLP8rKyv/Kioq/yoqKv8rKyv/Kysr/ywsLP8sLCz/Kysr/ysrK/8qKir/Kioq/ysrK/8rKyv/LCws/y0tLf8tLS3/Li4u/y4uLv8tLS3/LS0t/y4uLv8uLi7/LS0t/y0tLf8uLi7/Li4u/y4uLv8uLi7/LS0t/y0tLf8tLS3/LS0t/y4uLv8wMDD/Ly8v/y4uLv8tLS3/LCws/ywsLP8tLS3/LS0t/y4uLv8uLi7/Ly8v/y8vL/8wMDD/MDAw/zExMf8xMTH/MTEx/zExMf8wMDD/Ly8v/zAwMP8yMjL/MzMz/zQ0NP8zMzP/MTEx/zAwMP8yMjL/MjIy/zExMf8xMTH/MTEx/zExMf8wMDD/UlJS/1FRUf9RUVH/U1NT/1ZWVv9ZWVn/Xl5e/11dXf9cXFz/Wlpa/1RUVP9TU1P/VFRU/1VVVf9YWFj/W1tb/2JiYv9nZ2f/ZmZm/2VlZf9kZGT/Y2Nj/2dnZ/9ubm7/dnZ2/4KCgv98fHz/bm5u/2lpaf9hYWH/YGBg/2FhYf9lZWX/cnJy/3l5ef93d3f/dXV1/3Nzc/9wcHD/cnJy/3V1df98fHz/hYWF/4uLi/+VlZX/kZGR/4aGhv+EhIT/hYWF/4qKiv+Xl5f/mZmZ/42Njf+Ghob/gYGB/35+fv+Ojo7/n5+f/6ioqP+ysrL/r6+v/6qqqv+jo6P/l5eX/5eXl/+ampr/nZ2d/6SkpP+np6f/qqqq/6ysrP+vr6//sbGx/7e3t/+7u7v/urq6/7i4uP+ysrL/qqqq/62trf+ysrL/urq6/8fHx//FxcX/vb29/7y8vP++vr7/w8PD/9HR0f/V1dX/zMzM/8LCwv+oqKj/kJCQ/39/f/9sbGz/YmJi/1ZWVv9cXFz/ZWVl/2pqav9xcXH/bW1t/2RkZP9cXFz/T09P/0pKSv9KSkr/SkpK/0pKSv9JSUn/RkZG/0RERP9ERET/Q0ND/0RERP9ERET/Q0ND/0BAQP8/Pz//Pj4+/zw8PP85OTn/Nzc3/zY2Nv80NDT/MDAw/y4uLv8sLCz/Kysr/ygoKP8lJSX/IyMj/yAgIP8fHx//Hh4e/x4eHv8dHR3/HR0d/x0dHf8cHBz/HBwc/xwcHP8cHBz/HR0d/x0dHf8cHBz/HBwc/xwcHP8cHBz/Gxsb/xsbG/8bGxv/Gxsb/x0dHf8cHBz/HBwc/xwcHP8dHR3/HBwc/xwcHP8cHBz/HBwc/xwcHP8cHBz/HBwc/xwcHP8cHBz/Gxsb/xsbG/8bGxv/Gxsb/xsbG/8bGxv/Gxsb/xsbG/8bGxv/Gxsb/xwcHP8cHBz/HBwc/xwcHP8bGxv/Gxsb/xoaGv8aGhr/GRkZ/xoaGv8aGhr/Ghoa/xsbG/8bGxv/Gxsb/xsbG/8bGxv/Ghoa/xoaGv8aGhr/Ghoa/xsbG/8bGxv/Gxsb/xsbG/8bGxv/Ghoa/xoaGv8aGhr/Ghoa/xoaGv8aGhr/Ghoa/xoaGv8aGhr/Ghoa/xoaGv8aGhr/Ghoa/xkZGf8ZGRn/GRkZ/xkZGf8ZGRn/GRkZ/xkZGf8ZGRn/GRkZ/xkZGf8ZGRn/GRkZ/xoaGv8aGhr/Ghoa/xoaGv8aGhr/GRkZ/xkZGf8aGhr/Ghoa/xoaGv8aGhr/Ghoa/xoaGv8aGhr/Ghoa/xoaGv8aGhr/Ghoa/xoaGv8aGhr/Ghoa/xsbG/8dHR3/HR0d/x4eHv8eHh7/HR0d/xwcHP8cHBz/HBwc/xwcHP8cHBz/HR0d/x4eHv8dHR3/HR0d/xwcHP8bGxv/HBwc/xwcHP8dHR3/HR0d/x0dHf8cHBz/HBwc/xwcHP8dHR3/Hh4e/x8fH/8fHx//ICAg/x8fH/8fHx//Hx8f/x8fH/8fHx//Hx8f/yAgIP8hISH/ICAg/x8fH/8fHx//Hh4e/x4eHv8gICD/ICAg/yEhIf8iIiL/IyMj/yMjI/8iIiL/ISEh/yEhIf8hISH/ISEh/yAgIP8gICD/ICAg/yEhIf8hISH/ISEh/yAgIP8gICD/ICAg/yAgIP8gICD/ICAg/x8fH/8fHx//Hx8f/yAgIP8gICD/ICAg/yAgIP8gICD/ICAg/yEhIf8hISH/IiIi/yIiIv8iIiL/ISEh/yAgIP8fHx//HR0d/x0dHf8gICD/IiIi/yIiIv8jIyP/IyMj/yMjI/8jIyP/IyMj/yMjI/8iIiL/IiIi/yIiIv8iIiL/IiIi/yIiIv8iIiL/IiIi/yIiIv8iIiL/IiIi/yIiIv8jIyP/IyMj/yIiIv8iIiL/IiIi/yEhIf8iIiL/IiIi/yIiIv8jIyP/IiIi/yEhIf8gICD/ICAg/x8fH/8fHx//Hx8f/x8fH/8fHx//Hh4e/x0dHf8dHR3/HBwc/xwcHP8cHBz/Hh4e/yIiIv8pKSn/NjY2/zk5Of87Ozv/Ozs7/zo6Ov86Ojr/Ozs7/zs7O/87Ozv/Ojo6/zs7O/89PT3/PDw8/zw8PP88PDz/PDw8/z09Pf8+Pj7/Pj4+/z8/P/8+Pj7/PT09/zw8PP88PDz/PDw8/zw8PP89PT3/Pj4+/z8/P/8+Pj7/Pj4+/z4+Pv8/Pz//QEBA/0FBQf9AQED/QEBA/0BAQP9AQED/QEBA/z8/P/8/Pz//Pz8//z8/P/8/Pz//Pj4+/z4+Pv89PT3/PT09/z4+Pv8+Pj7/Pz8//z8/P/8/Pz//Pz8//z4+Pv8+Pj7/Pj4+/z09Pf89PT3/PT09/z09Pf89PT3/Pj4+/z4+Pv8/Pz//Pz8//z4+Pv89PT3/PT09/zw8PP89PT3/Pz8//z8/P/9AQED/QEBA/z8/P/8/Pz//Pz8//z8/P/8/Pz//Pz8//z4+Pv89PT3/Pj4+/z8/P/8+Pj7/Pj4+/z4+Pv8/Pz//Pz8//0BAQP9AQED/Pz8//z8/P/8/Pz//Pz8//z4+Pv89PT3/PDw8/zw8PP89PT3/Pj4+/z4+Pv8/Pz//Pz8//z8/P/8+Pj7/PDw8/z09Pf8/Pz//Pz8//0BAQP9AQED/Pz8//z8/P/8+Pj7/Pj4+/z8/P/8/Pz//Pz8//z4+Pv8+Pj7/PT09/z4+Pv8/Pz//Pj4+/z4+Pv89PT3/PT09/z09Pf88PDz/Ozs7/zo6Ov87Ozv/PT09/z4+Pv89PT3/PT09/z4+Pv8/Pz//Pz8//z8/P/8/Pz//Pz8//z4+Pv89PT3/Pj4+/z8/P/8/Pz//Pz8//z4+Pv89PT3/PT09/z09Pf89PT3/Pj4+/z4+Pv9AQED/QUFB/0FBQf9BQUH/QUFB/0FBQf9BQUH/QUFB/0FBQf9AQED/QEBA/0FBQf9BQUH/QUFB/0FBQf9AQED/QEBA/z4+Pv8+Pj7/Pj4+/z4+Pv8/Pz//QEBA/z8/P/8/Pz//Pz8//0BAQP9AQED/Pz8//z8/P/9AQED/QEBA/z4+Pv8+Pj7/Pj4+/z4+Pv8/Pz//Pz8//z8/P/8/Pz//Pz8//z8/P/9AQED/QUFB/0JCQv9CQkL/Q0ND/0NDQ/9DQ0P/QkJC/0FBQf9AQED/QEBA/0BAQP9BQUH/QkJC/0NDQ/9DQ0P/RERE/0NDQ/9DQ0P/Q0ND/0NDQ/9CQkL/QUFB/0FBQf9AQED/QUFB/0NDQ/9DQ0P/Q0ND/0JCQv9BQUH/QUFB/0JCQv9DQ0P/QkJC/0FBQf9AQED/QEBA/0FBQf9BQUH/QkJC/0JCQv9DQ0P/RUVF/0RERP9DQ0P/Q0ND/0JCQv9CQkL/QkJC/0JCQv9ERET/RUVF/0ZGRv9HR0f/R0dH/0ZGRv9FRUX/RERE/0RERP9ERET/RERE/0RERP9FRUX/R0dH/0dHR/9ERET/RERE/0ZGRv9HR0f/SEhI/0lJSf9JSUn/SUlJ/0hISP9HR0f/SEhI/0lJSf9LS0v/Tk5O/1RUVP9fX1//ZGRk/2pqav9qamr/Z2dn/2dnZ/9sbGz/bW1t/2ZmZv9gYGD/WVlZ/zAwMP8xMTH/MjIy/zIyMv8yMjL/MTEx/zExMf8yMjL/MjIy/zMzM/80NDT/NDQ0/zIyMv8xMTH/MTEx/zExMf8xMTH/MjIy/zExMf8xMTH/MjIy/zMzM/80NDT/NjY2/zY2Nv83Nzf/Nzc3/zY2Nv82Njb/NjY2/zY2Nv81NTX/NTU1/zU1Nf81NTX/NTU1/zY2Nv81NTX/NDQ0/zQ0NP80NDT/MzMz/zIyMv8yMjL/MzMz/zQ0NP81NTX/NjY2/zU1Nf81NTX/NTU1/zU1Nf81NTX/NTU1/zMzM/8yMjL/MzMz/zMzM/80NDT/NDQ0/zU1Nf81NTX/NjY2/zY2Nv82Njb/NjY2/zU1Nf80NDT/MzMz/zQ0NP80NDT/NDQ0/zQ0NP8zMzP/MjIy/zMzM/8zMzP/MzMz/zQ0NP81NTX/NjY2/zY2Nv81NTX/MTEx/yoqKv8oKCj/JCQk/yMjI/8gICD/Hx8f/x8fH/8fHx//Hx8f/x8fH/8fHx//Hh4e/x8fH/8fHx//ICAg/yAgIP8gICD/ICAg/yAgIP8gICD/Hx8f/x8fH/8gICD/ISEh/yEhIf8hISH/ISEh/yIiIv8iIiL/IiIi/yEhIf8hISH/ISEh/yIiIv8iIiL/IiIi/yIiIv8iIiL/IiIi/yEhIf8hISH/ISEh/yEhIf8hISH/ICAg/x8fH/8gICD/ICAg/yAgIP8hISH/ISEh/yIiIv8jIyP/JSUl/yQkJP8jIyP/IiIi/yEhIf8hISH/ISEh/yEhIf8hISH/ISEh/yEhIf8hISH/ISEh/yEhIf8hISH/IiIi/yIiIv8jIyP/IyMj/yMjI/8jIyP/IiIi/yIiIv8iIiL/IyMj/yQkJP8kJCT/IyMj/yMjI/8jIyP/IyMj/yMjI/8kJCT/JCQk/yQkJP8jIyP/IyMj/yMjI/8kJCT/JSUl/yYmJv8mJib/JiYm/yYmJv8mJib/JiYm/yYmJv8mJib/JiYm/yYmJv8mJib/JSUl/yUlJf8lJSX/JSUl/yUlJf8lJSX/JSUl/yUlJf8lJSX/JiYm/yYmJv8nJyf/Jycn/yYmJv8mJib/JiYm/ycnJ/8oKCj/KCgo/ygoKP8nJyf/JiYm/ycnJ/8nJyf/Jycn/ycnJ/8nJyf/Jycn/ycnJ/8nJyf/Jycn/ygoKP8oKCj/Jycn/ycnJ/8nJyf/KCgo/ygoKP8oKCj/KCgo/ycnJ/8nJyf/Jycn/ycnJ/8nJyf/Jycn/ycnJ/8nJyf/Jycn/ygoKP8oKCj/KSkp/ykpKf8pKSn/Kioq/yoqKv8qKir/Kioq/yoqKv8pKSn/KSkp/ykpKf8pKSn/KSkp/ykpKf8pKSn/KSkp/ykpKf8qKir/Kioq/yoqKv8sLCz/LS0t/ywsLP8qKir/KSkp/ycnJ/8nJyf/Jycn/ycnJ/8oKCj/KCgo/ygoKP8pKSn/KCgo/ygoKP8nJyf/Jycn/ycnJ/8nJyf/Jycn/ycnJ/8mJib/JSUl/yUlJf8mJib/JSUl/yUlJf8mJib/JiYm/yYmJv8nJyf/Jycn/ygoKP8oKCj/KCgo/ygoKP8nJyf/Jycn/ycnJ/8nJyf/JiYm/yUlJf8lJSX/JCQk/yQkJP8kJCT/JCQk/yUlJf8lJSX/JCQk/yQkJP8kJCT/JCQk/yQkJP8kJCT/IyMj/yMjI/8jIyP/IyMj/yQkJP8kJCT/JSUl/yUlJf8lJSX/JCQk/yQkJP8jIyP/IyMj/yQkJP8kJCT/JCQk/yMjI/8jIyP/IyMj/yUlJf8mJib/JSUl/yUlJf8kJCT/FRUV/xUVFf8VFRX/FRUV/xUVFf8WFhb/FxcX/xcXF/8YGBj/GBgY/xgYGP8YGBj/GBgY/xgYGP8YGBj/FxcX/xcXF/8XFxf/GBgY/xgYGP8YGBj/GBgY/xgYGP8XFxf/FxcX/xYWFv8WFhb/FRUV/xQUFP8UFBT/ExMT/xMTE/8TExP/ExMT/xMTE/8TExP/FBQU/xMTE/8TExP/ExMT/xMTE/8VFRX/FxcX/xsbG/8hISH/ISEh/yEhIf8hISH/Hx8f/x8fH/8dHR3/HR0d/xwcHP8bGxv/HBwc/x0dHf8cHBz/Gxsb/xsbG/8aGhr/Ghoa/xoaGv8aGhr/Ghoa/xsbG/8bGxv/Gxsb/xsbG/8bGxv/HBwc/xwcHP8cHBz/HBwc/xwcHP8cHBz/Gxsb/xsbG/8cHBz/Hh4e/x0dHf8cHBz/HBwc/xwcHP8cHBz/HBwc/x0dHf8dHR3/HR0d/x0dHf8dHR3/Hh4e/x4eHv8dHR3/HBwc/xwcHP8dHR3/HR0d/x0dHf8eHh7/ICAg/yIiIv8lJSX/Jycn/ysrK/8sLCz/LS0t/y0tLf8sLCz/Kysr/ycnJ/8mJib/Jycn/ygoKP8oKCj/KSkp/yoqKv8qKir/KSkp/ycnJ/8nJyf/Jycn/ycnJ/8nJyf/JSUl/yIiIv8gICD/HR0d/xwcHP8aGhr/GRkZ/xkZGf8ZGRn/GBgY/xYWFv8WFhb/FRUV/xUVFf8VFRX/FRUV/xUVFf8UFBT/FBQU/xMTE/8TExP/ExMT/xMTE/8TExP/ExMT/xMTE/8SEhL/EhIS/xISEv8RERH/EhIS/xISEv8TExP/ExMT/xMTE/8TExP/ExMT/xMTE/8SEhL/EhIS/xMTE/8TExP/FBQU/xMTE/8TExP/ExMT/xISEv8SEhL/EhIS/xISEv8SEhL/EhIS/xISEv8SEhL/EhIS/xISEv8SEhL/EhIS/xMTE/8TExP/ExMT/xMTE/8TExP/ExMT/xMTE/8TExP/ExMT/xMTE/8TExP/ExMT/xMTE/8UFBT/FBQU/xMTE/8TExP/ExMT/xISEv8SEhL/EhIS/xISEv8SEhL/EhIS/xISEv8SEhL/EhIS/xISEv8SEhL/EhIS/xISEv8SEhL/EhIS/xISEv8SEhL/EhIS/xISEv8SEhL/EhIS/xISEv8TExP/ExMT/xYWFv8YGBj/HBwc/x8fH/8hISH/JCQk/yQkJP8lJSX/JSUl/yUlJf8kJCT/JCQk/yQkJP8kJCT/JCQk/yQkJP8kJCT/JSUl/yUlJf8lJSX/JSUl/yYmJv8nJyf/Jycn/ycnJ/8nJyf/Jycn/ycnJ/8nJyf/Jycn/ygoKP8pKSn/KSkp/ykpKf8oKCj/KCgo/ykpKf8qKir/Kioq/ysrK/8rKyv/Kysr/yoqKv8pKSn/KSkp/yoqKv8qKir/Kysr/yoqKv8qKir/Kioq/yoqKv8qKir/Kioq/yoqKv8qKir/Kysr/yoqKv8qKir/Kioq/yoqKv8rKyv/LCws/ywsLP8tLS3/LS0t/ywsLP8sLCz/LS0t/y0tLf8tLS3/LS0t/y0tLf8tLS3/LS0t/y0tLf8sLCz/Kysr/ysrK/8sLCz/LS0t/y4uLv8tLS3/LS0t/ywsLP8sLCz/LCws/ywsLP8sLCz/LS0t/y0tLf8tLS3/Li4u/y4uLv8vLy//Ly8v/zAwMP8wMDD/MDAw/zAwMP8vLy//MDAw/zExMf8xMTH/MjIy/zExMf8wMDD/MDAw/zAwMP8xMTH/MDAw/zAwMP8wMDD/Ly8v/y8vL/9bW1v/WFhY/1VVVf9XV1f/Wlpa/19fX/9mZmb/aGho/2pqav9lZWX/WVlZ/1ZWVv9VVVX/V1dX/11dXf9jY2P/b29v/3h4eP92dnb/dXV1/3R0dP9zc3P/e3t7/4WFhf+UlJT/qqqq/52dnf+BgYH/d3d3/2xsbP9qamr/bGxs/3R0dP+Li4v/l5eX/5WVlf+SkpL/jIyM/4WFhf+Li4v/kpKS/56env+urq7/ubm5/8rKyv/AwMD/qqqq/6ampv+mpqb/rq6u/8bGxv/Ly8v/u7u7/7Gxsf+pqan/paWl/7u7u//T09P/4eHh//Ly8v/w8PD/7Ozs/9ra2v+9vb3/vr6+/8fHx//Ozs7/29vb/+Li4v/t7e3/8vLy//T09P/29vb/9vb2//f39//19fX/8/Pz/+np6f/d3d3/1tbW/87Ozv/Z2dn/7Ozs/+rq6v/i4uL/2NjY/8PDw/+9vb3/vb29/76+vv/FxcX/x8fH/7S0tP+jo6P/k5OT/4KCgv91dXX/ZWVl/21tbf97e3v/hYWF/5SUlP+Ojo7/fX19/3BwcP9YWFj/UVFR/1JSUv9RUVH/Tk5O/0xMTP9KSkr/SEhI/0lJSf9KSkr/SUlJ/0hISP9GRkb/Q0ND/0JCQv9BQUH/QEBA/z4+Pv89PT3/PDw8/zs7O/84ODj/NjY2/zQ0NP8yMjL/Li4u/yoqKv8nJyf/JCQk/yQkJP8iIiL/IiIi/yEhIf8hISH/ISEh/yEhIf8hISH/ISEh/yEhIf8hISH/ISEh/yEhIf8hISH/ICAg/yAgIP8gICD/Hx8f/x4eHv8fHx//ICAg/yAgIP8gICD/ICAg/yAgIP8gICD/ICAg/yAgIP8gICD/ICAg/yAgIP8gICD/ICAg/x8fH/8fHx//Hx8f/x8fH/8fHx//Hx8f/x8fH/8fHx//Hx8f/yAgIP8gICD/ISEh/yEhIf8hISH/ISEh/yEhIf8hISH/ICAg/yAgIP8fHx//Hx8f/x8fH/8fHx//Hx8f/x8fH/8fHx//Hx8f/x8fH/8fHx//Hx8f/x8fH/8fHx//Hx8f/x8fH/8fHx//ICAg/yAgIP8fHx//Hh4e/x4eHv8eHh7/Hh4e/x4eHv8fHx//Hx8f/x8fH/8eHh7/Hx8f/x8fH/8fHx//Hh4e/x4eHv8eHh7/Hh4e/x4eHv8dHR3/Hh4e/x4eHv8eHh7/HR0d/x4eHv8eHh7/Hx8f/yAgIP8gICD/ICAg/yAgIP8gICD/ICAg/yAgIP8gICD/ICAg/yAgIP8gICD/ICAg/yAgIP8gICD/ISEh/yEhIf8hISH/ICAg/yAgIP8gICD/IiIi/yQkJP8lJSX/JiYm/yYmJv8kJCT/JCQk/yMjI/8jIyP/IyMj/yMjI/8kJCT/JSUl/yQkJP8jIyP/IiIi/yEhIf8iIiL/IiIi/yMjI/8jIyP/IyMj/yIiIv8iIiL/IiIi/yIiIv8kJCT/JSUl/yYmJv8nJyf/JiYm/yYmJv8mJib/Jycn/ycnJ/8mJib/Jycn/ygoKP8nJyf/JiYm/yUlJf8kJCT/JCQk/yQkJP8lJSX/Jycn/ygoKP8qKir/Kysr/ykpKf8nJyf/Jycn/ycnJ/8nJyf/JiYm/yYmJv8mJib/Jycn/ycnJ/8nJyf/JiYm/yUlJf8mJib/JiYm/ycnJ/8nJyf/KCgo/ygoKP8nJyf/Jycn/ycnJ/8mJib/JSUl/yQkJP8lJSX/JSUl/yYmJv8mJib/JiYm/yYmJv8mJib/JSUl/yQkJP8jIyP/JCQk/yYmJv8nJyf/Jycn/yIiIv8jIyP/IyMj/yMjI/8kJCT/JCQk/yQkJP8kJCT/IyMj/yMjI/8jIyP/IyMj/yMjI/8jIyP/IyMj/yMjI/8jIyP/IyMj/yMjI/8kJCT/IyMj/yIiIv8iIiL/IiIi/yMjI/8kJCT/JCQk/yUlJf8kJCT/IiIi/yEhIf8hISH/ICAg/x8fH/8eHh7/Hx8f/x8fH/8eHh7/HBwc/xwcHP8dHR3/HR0d/xwcHP8eHh7/IiIi/ykpKf82Njb/OTk5/zw8PP88PDz/Ozs7/zo6Ov87Ozv/Ozs7/zk5Of84ODj/Ojo6/zs7O/87Ozv/Ozs7/zw8PP89PT3/Pj4+/z8/P/8/Pz//QUFB/0BAQP89PT3/PDw8/zs7O/86Ojr/Ozs7/zs7O/88PDz/PDw8/zw8PP88PDz/Pj4+/0BAQP9BQUH/Q0ND/0JCQv9BQUH/QEBA/z8/P/8/Pz//Pj4+/z8/P/9AQED/QEBA/z8/P/8+Pj7/PT09/zw8PP89PT3/PT09/z4+Pv8+Pj7/Pj4+/z09Pf89PT3/PT09/z09Pf89PT3/PT09/zw8PP88PDz/Ozs7/zw8PP89PT3/Pj4+/z8/P/9AQED/Pj4+/z09Pf89PT3/PDw8/z09Pf9AQED/QEBA/0JCQv9BQUH/Pz8//z8/P/9AQED/QUFB/0FBQf9BQUH/QEBA/z8/P/8/Pz//QEBA/z8/P/8+Pj7/Pj4+/z8/P/8/Pz//QEBA/0BAQP9AQED/QEBA/z8/P/8/Pz//Pj4+/z4+Pv89PT3/PDw8/z09Pf89PT3/PT09/z09Pf89PT3/PT09/zw8PP87Ozv/PDw8/z4+Pv8+Pj7/Pz8//z8/P/8+Pj7/Pj4+/z09Pf8+Pj7/QEBA/0FBQf9AQED/QEBA/z8/P/8+Pj7/Pz8//0BAQP8/Pz//PT09/zw8PP87Ozv/Ozs7/zo6Ov85OTn/ODg4/zk5Of87Ozv/PDw8/zw8PP88PDz/PT09/z09Pf8+Pj7/Pj4+/z4+Pv8+Pj7/Pj4+/z4+Pv8+Pj7/Pj4+/z4+Pv8+Pj7/Pj4+/z09Pf89PT3/PT09/z09Pf8+Pj7/Pz8//0FBQf9DQ0P/QkJC/0BAQP9AQED/Pz8//0BAQP9CQkL/QUFB/0BAQP9AQED/QUFB/0JCQv9DQ0P/Q0ND/0FBQf8/Pz//PT09/zw8PP88PDz/Ozs7/z09Pf8/Pz//Pz8//z8/P/8/Pz//Pz8//z8/P/8/Pz//Pz8//z8/P/8/Pz//Pj4+/z4+Pv89PT3/Pj4+/z8/P/9AQED/QEBA/0BAQP8/Pz//Pz8//0FBQf9DQ0P/Q0ND/0NDQ/9DQ0P/QkJC/0JCQv9CQkL/QUFB/z8/P/8/Pz//QEBA/0BAQP9BQUH/QkJC/0NDQ/9DQ0P/Q0ND/0NDQ/9CQkL/QUFB/0FBQf9CQkL/QUFB/0BAQP9BQUH/Q0ND/0RERP9ERET/Q0ND/0FBQf9BQUH/Q0ND/0RERP9CQkL/QEBA/0BAQP8/Pz//QEBA/0BAQP9BQUH/QkJC/0JCQv9CQkL/QkJC/0FBQf9BQUH/QkJC/0JCQv9CQkL/QkJC/0RERP9FRUX/RERE/0RERP9GRkb/SUlJ/0dHR/9ERET/Q0ND/0JCQv9CQkL/QUFB/0FBQf9DQ0P/Q0ND/0NDQ/9ERET/R0dH/0hISP9KSkr/TExM/0tLS/9LS0v/S0tL/0tLS/9LS0v/TExM/1BQUP9VVVX/YmJi/3l5ef+CgoL/jY2N/42Njf+FhYX/hISE/4iIiP+IiIj/fn5+/3Z2dv9oaGj/Ly8v/zExMf80NDT/MzMz/zExMf8xMTH/MDAw/zExMf8yMjL/MjIy/zIyMv8yMjL/MTEx/zAwMP8xMTH/MTEx/zIyMv8yMjL/MjIy/zIyMv8yMjL/MjIy/zMzM/80NDT/NTU1/zU1Nf81NTX/NTU1/zU1Nf80NDT/NDQ0/zQ0NP80NDT/NDQ0/zQ0NP80NDT/MzMz/zMzM/8zMzP/MzMz/zIyMv8yMjL/MTEx/zExMf8yMjL/MzMz/zU1Nf81NTX/Nzc3/zc3N/83Nzf/Nzc3/zc3N/82Njb/NDQ0/zMzM/8yMjL/MjIy/zQ0NP82Njb/NjY2/zc3N/83Nzf/Nzc3/zc3N/83Nzf/NjY2/zIyMv8yMjL/MzMz/zQ0NP80NDT/NDQ0/zMzM/8zMzP/MzMz/zMzM/8zMzP/NDQ0/zU1Nf83Nzf/Nzc3/zg4OP80NDT/LCws/ykpKf8mJib/JCQk/yIiIv8hISH/ISEh/yEhIf8gICD/Hx8f/x8fH/8fHx//Hx8f/yAgIP8gICD/ISEh/yEhIf8hISH/ISEh/yAgIP8gICD/ICAg/yAgIP8hISH/ISEh/yIiIv8iIiL/IiIi/yIiIv8iIiL/IiIi/yIiIv8iIiL/IiIi/yMjI/8jIyP/IyMj/yMjI/8iIiL/IiIi/yIiIv8iIiL/IiIi/yIiIv8hISH/ICAg/yAgIP8gICD/ICAg/yEhIf8iIiL/IyMj/yMjI/8kJCT/IyMj/yIiIv8iIiL/ICAg/yEhIf8iIiL/IiIi/yEhIf8gICD/ISEh/yEhIf8hISH/ISEh/yEhIf8iIiL/IiIi/yIiIv8iIiL/IyMj/yMjI/8jIyP/IyMj/yMjI/8jIyP/IyMj/yMjI/8iIiL/IiIi/yMjI/8jIyP/IyMj/yMjI/8jIyP/IyMj/yMjI/8iIiL/IyMj/yQkJP8lJSX/Jycn/ygoKP8nJyf/Jycn/yYmJv8mJib/Jycn/ycnJ/8mJib/JSUl/yUlJf8lJSX/JSUl/yUlJf8lJSX/JSUl/yUlJf8lJSX/JSUl/yUlJf8lJSX/JiYm/yYmJv8mJib/JiYm/yYmJv8mJib/Jycn/ycnJ/8nJyf/Jycn/ycnJ/8oKCj/KCgo/ygoKP8oKCj/KCgo/ygoKP8nJyf/Jycn/ycnJ/8nJyf/JiYm/yYmJv8mJib/Jycn/ycnJ/8nJyf/Jycn/ycnJ/8nJyf/KCgo/ygoKP8oKCj/KCgo/ygoKP8oKCj/Jycn/ycnJ/8nJyf/Jycn/ygoKP8oKCj/KCgo/ygoKP8qKir/LCws/ysrK/8rKyv/Kysr/ysrK/8rKyv/Kysr/ysrK/8rKyv/Kysr/yoqKv8qKir/Kioq/yoqKv8rKyv/Kysr/ywsLP8tLS3/LCws/ysrK/8pKSn/KCgo/ycnJ/8mJib/JiYm/yYmJv8nJyf/KCgo/ygoKP8pKSn/KCgo/ycnJ/8nJyf/Jycn/ycnJ/8mJib/JiYm/yYmJv8mJib/JiYm/yUlJf8lJSX/JCQk/yQkJP8kJCT/JSUl/yUlJf8lJSX/JiYm/ycnJ/8oKCj/KCgo/ycnJ/8nJyf/Jycn/ycnJ/8mJib/JSUl/yUlJf8kJCT/JCQk/yQkJP8lJSX/JiYm/yYmJv8lJSX/JSUl/yUlJf8lJSX/JSUl/yUlJf8kJCT/IyMj/yQkJP8kJCT/JCQk/yUlJf8lJSX/JSUl/yUlJf8kJCT/JCQk/yQkJP8kJCT/IyMj/yMjI/8jIyP/IyMj/yMjI/8jIyP/JCQk/yQkJP8kJCT/IyMj/yMjI/8VFRX/FRUV/xUVFf8VFRX/FhYW/xYWFv8XFxf/FxcX/xgYGP8YGBj/GRkZ/xkZGf8ZGRn/GRkZ/xgYGP8YGBj/GBgY/xgYGP8YGBj/GBgY/xgYGP8YGBj/GBgY/xcXF/8XFxf/FhYW/xYWFv8VFRX/FRUV/xQUFP8UFBT/ExMT/xMTE/8TExP/ExMT/xMTE/8TExP/ExMT/xISEv8SEhL/EhIS/xQUFP8XFxf/Ghoa/yAgIP8gICD/ICAg/yAgIP8eHh7/Hh4e/x0dHf8dHR3/HBwc/xsbG/8bGxv/Gxsb/xsbG/8bGxv/Gxsb/xsbG/8bGxv/Ghoa/xoaGv8bGxv/Gxsb/xsbG/8bGxv/Ghoa/xoaGv8cHBz/HBwc/x0dHf8dHR3/HBwc/xsbG/8bGxv/Gxsb/xwcHP8dHR3/HR0d/x0dHf8dHR3/HR0d/x0dHf8dHR3/HR0d/x4eHv8eHh7/HR0d/x0dHf8eHh7/Hx8f/x0dHf8cHBz/HBwc/xwcHP8cHBz/HBwc/x0dHf8eHh7/Hx8f/yEhIf8jIyP/JiYm/ygoKP8qKir/Kysr/ysrK/8rKyv/KCgo/ycnJ/8qKir/LCws/y0tLf8uLi7/Li4u/y4uLv8tLS3/Kysr/ysrK/8rKyv/Kysr/ysrK/8pKSn/JCQk/yEhIf8eHh7/HBwc/xsbG/8aGhr/GRkZ/xgYGP8YGBj/FxcX/xcXF/8WFhb/FhYW/xUVFf8VFRX/FBQU/xQUFP8UFBT/FBQU/xQUFP8UFBT/FBQU/xQUFP8UFBT/FBQU/xMTE/8TExP/EhIS/xISEv8TExP/FBQU/xQUFP8UFBT/FBQU/xQUFP8UFBT/ExMT/xMTE/8TExP/ExMT/xQUFP8VFRX/FBQU/xMTE/8TExP/ExMT/xISEv8SEhL/EhIS/xISEv8SEhL/ExMT/xMTE/8SEhL/EhIS/xISEv8SEhL/ExMT/xMTE/8TExP/ExMT/xMTE/8TExP/ExMT/xMTE/8TExP/ExMT/xMTE/8UFBT/FBQU/xUVFf8VFRX/FBQU/xQUFP8TExP/ExMT/xMTE/8TExP/ExMT/xMTE/8TExP/ExMT/xMTE/8TExP/ExMT/xMTE/8TExP/ExMT/xMTE/8SEhL/EhIS/xISEv8SEhL/ExMT/xMTE/8TExP/ExMT/xQUFP8UFBT/FRUV/xYWFv8YGBj/Gxsb/xwcHP8eHh7/Hh4e/x8fH/8fHx//ICAg/yAgIP8gICD/ISEh/yEhIf8hISH/ISEh/yEhIf8hISH/ISEh/yEhIf8iIiL/IyMj/yQkJP8lJSX/JSUl/yUlJf8kJCT/JCQk/yMjI/8jIyP/JSUl/yYmJv8nJyf/Jycn/ycnJ/8nJyf/KCgo/ygoKP8oKCj/KCgo/ygoKP8oKCj/KCgo/ygoKP8oKCj/KSkp/ykpKf8pKSn/KSkp/ykpKf8pKSn/KCgo/ygoKP8oKCj/KCgo/ykpKf8qKir/Kysr/ysrK/8qKir/KSkp/yoqKv8rKyv/LCws/ywsLP8sLCz/Kysr/ysrK/8sLCz/LCws/ywsLP8sLCz/LCws/ywsLP8tLS3/LS0t/ysrK/8pKSn/Kioq/yoqKv8rKyv/Kysr/ysrK/8rKyv/Kysr/ysrK/8rKyv/Kysr/ysrK/8rKyv/Kysr/ywsLP8sLCz/LS0t/y0tLf8uLi7/Li4u/y4uLv8uLi7/Ly8v/zAwMP8wMDD/Ly8v/y8vL/8vLy//Ly8v/y8vL/8vLy//Ly8v/y8vL/8vLy//Ly8v/y4uLv8tLS3/Li4u/1xcXP9cXFz/XFxc/2NjY/9sbGz/eXl5/42Njf+QkJD/kZGR/4eHh/9vb2//ampq/21tbf9xcXH/fHx8/4SEhP+RkZH/mpqa/5+fn/+lpaX/paWl/6ampv+rq6v/srKy/7u7u//Jycn/urq6/52dnf+Wlpb/lJSU/5aWlv+dnZ3/paWl/7a2tv++vr7/vLy8/7q6uv+zs7P/rKys/7Kysv+6urr/wsLC/87Ozv/W1tb/4eHh/9ra2v/Ly8v/yMjI/8jIyP/Nzc3/3t7e/+Li4v/X19f/0NDQ/8vLy//IyMj/19fX/+fn5//x8fH//Pz8//v7+//5+fn/7Ozs/9fX1//Y2Nj/39/f/+Tk5P/s7Oz/8fHx//n5+f/9/f3//v7+//////////////////7+/v/8/Pz/9fX1/+3t7f/o6Oj/4uLi/+np6f/29vb/9fX1/+/v7//o6Oj/2dnZ/9TU1P/S0tL/09PT/9bW1v/V1dX/vb29/6ioqP+Xl5f/hYWF/4ODg/9/f3//i4uL/5ycnP+goKD/paWl/5ycnP+Hh4f/eXl5/2FhYf9aWlr/W1tb/1tbW/9XV1f/VFRU/1JSUv9QUFD/UVFR/1FRUf9QUFD/TU1N/0tLS/9ISEj/RkZG/0JCQv9BQUH/Pz8//z4+Pv89PT3/PDw8/zo6Ov84ODj/NjY2/zU1Nf8xMTH/Li4u/y0tLf8rKyv/Kioq/yoqKv8pKSn/KSkp/ykpKf8oKCj/KCgo/ygoKP8oKCj/KCgo/ygoKP8oKCj/KCgo/ygoKP8nJyf/KCgo/ygoKP8nJyf/JiYm/yYmJv8nJyf/Jycn/ycnJ/8nJyf/KCgo/ycnJ/8nJyf/Jycn/ycnJ/8nJyf/JiYm/yYmJv8lJSX/JSUl/yUlJf8lJSX/JSUl/yUlJf8lJSX/JSUl/yUlJf8lJSX/JSUl/yYmJv8mJib/JiYm/yYmJv8nJyf/Jycn/yYmJv8mJib/JiYm/yUlJf8lJSX/JCQk/yQkJP8kJCT/JCQk/yQkJP8kJCT/JCQk/yQkJP8jIyP/IyMj/yQkJP8kJCT/JSUl/yUlJf8lJSX/JSUl/yQkJP8kJCT/JCQk/yUlJf8kJCT/JCQk/yQkJP8kJCT/JCQk/yMjI/8jIyP/IyMj/yMjI/8jIyP/IyMj/yMjI/8jIyP/IiIi/yIiIv8jIyP/IyMj/yIiIv8iIiL/IiIi/yIiIv8jIyP/IyMj/yQkJP8kJCT/JCQk/yQkJP8jIyP/IyMj/yQkJP8kJCT/JCQk/yQkJP8kJCT/IyMj/yIiIv8jIyP/IyMj/yMjI/8jIyP/IyMj/yMjI/8kJCT/JiYm/ycnJ/8nJyf/Jycn/yYmJv8mJib/JiYm/yUlJf8lJSX/JSUl/yYmJv8mJib/JiYm/yUlJf8kJCT/JCQk/yQkJP8kJCT/JSUl/yUlJf8lJSX/JCQk/yQkJP8jIyP/JCQk/yYmJv8nJyf/Jycn/ygoKP8nJyf/JiYm/ycnJ/8nJyf/Jycn/yYmJv8nJyf/KCgo/ycnJ/8mJib/JSUl/yMjI/8jIyP/JCQk/yUlJf8mJib/Jycn/ygoKP8pKSn/KCgo/ycnJ/8nJyf/Jycn/yYmJv8mJib/JSUl/yUlJf8lJSX/JiYm/yUlJf8kJCT/JCQk/yUlJf8lJSX/JiYm/yYmJv8mJib/JiYm/yYmJv8mJib/JiYm/yUlJf8lJSX/JCQk/yQkJP8lJSX/JSUl/yYmJv8mJib/JiYm/yUlJf8kJCT/JCQk/yMjI/8kJCT/JSUl/yYmJv8mJib/IiIi/yMjI/8kJCT/JCQk/yQkJP8kJCT/JCQk/yQkJP8kJCT/JCQk/yMjI/8jIyP/IyMj/yMjI/8jIyP/IyMj/yMjI/8jIyP/JCQk/yQkJP8jIyP/IiIi/yIiIv8iIiL/IyMj/yQkJP8lJSX/JiYm/yUlJf8jIyP/IiIi/yIiIv8hISH/ICAg/x8fH/8fHx//Hx8f/x4eHv8dHR3/HR0d/x0dHf8dHR3/HBwc/x4eHv8hISH/KCgo/zY2Nv85OTn/PDw8/zw8PP87Ozv/Ojo6/zs7O/87Ozv/Ojo6/zk5Of86Ojr/Ozs7/zs7O/87Ozv/PDw8/zw8PP89PT3/PT09/z4+Pv9AQED/Pz8//z09Pf88PDz/Ozs7/zs7O/88PDz/PDw8/zw8PP88PDz/PDw8/zw8PP89PT3/Pz8//0BAQP9BQUH/QUFB/0BAQP8/Pz//Pj4+/z4+Pv8+Pj7/Pj4+/z8/P/8/Pz//Pj4+/z4+Pv89PT3/PDw8/z09Pf89PT3/PT09/z09Pf89PT3/PT09/z09Pf8+Pj7/PT09/zw8PP88PDz/Ozs7/zs7O/87Ozv/PDw8/z09Pf8+Pj7/Pj4+/z4+Pv89PT3/PT09/zw8PP88PDz/PT09/z8/P/9AQED/QkJC/0FBQf9AQED/QEBA/0BAQP9AQED/QEBA/0BAQP8/Pz//Pj4+/z4+Pv8/Pz//Pj4+/z4+Pv8+Pj7/Pz8//z8/P/9AQED/QEBA/0BAQP9AQED/Pz8//z4+Pv89PT3/PT09/z09Pf88PDz/PT09/z09Pf89PT3/PT09/z09Pf89PT3/PT09/z09Pf89PT3/Pz8//z8/P/8/Pz//Pj4+/z4+Pv8+Pj7/PT09/z09Pf8/Pz//QEBA/0BAQP9AQED/Pz8//z4+Pv8/Pz//Pz8//z4+Pv8+Pj7/PT09/zs7O/87Ozv/Ojo6/zk5Of85OTn/Ojo6/zw8PP89PT3/PT09/z09Pf8+Pj7/Pj4+/z8/P/8/Pz//Pz8//z8/P/8+Pj7/Pj4+/z4+Pv8+Pj7/Pj4+/z4+Pv8+Pj7/Pj4+/z8/P/8/Pz//Pz8//z8/P/8/Pz//QUFB/0JCQv9CQkL/QUFB/0FBQf9AQED/QUFB/0NDQ/9CQkL/QEBA/0BAQP9BQUH/QUFB/0JCQv9CQkL/QEBA/z8/P/8+Pj7/PT09/z09Pf89PT3/Pj4+/z8/P/8/Pz//QEBA/z8/P/8/Pz//Pz8//z8/P/8/Pz//QEBA/z8/P/8+Pj7/Pj4+/z09Pf89PT3/Pj4+/z8/P/8/Pz//QEBA/0BAQP9AQED/QUFB/0NDQ/9CQkL/QUFB/0FBQf9BQUH/QUFB/0FBQf9BQUH/QEBA/0BAQP9AQED/QEBA/0FBQf9CQkL/Q0ND/0NDQ/9DQ0P/Q0ND/0JCQv9BQUH/QUFB/0FBQf9BQUH/QEBA/0BAQP9CQkL/Q0ND/0RERP9DQ0P/QkJC/0FBQf9DQ0P/RERE/0JCQv9BQUH/QUFB/0FBQf9BQUH/QUFB/0FBQf9CQkL/QkJC/0JCQv9CQkL/QUFB/0FBQf9BQUH/QUFB/0FBQf9CQkL/RERE/0VFRf9ERET/RERE/0ZGRv9JSUn/R0dH/0VFRf9ERET/QkJC/0JCQv9CQkL/Q0ND/0ZGRv9GRkb/RUVF/0ZGRv9ISEj/SkpK/0tLS/9MTEz/S0tL/0pKSv9KSkr/SkpK/0tLS/9NTU3/U1NT/11dXf9vb2//kJCQ/5aWlv+YmJj/lZWV/4qKiv+Hh4f/h4eH/4WFhf96enr/cXFx/2dnZ/8sLCz/Li4u/zAwMP8vLy//Li4u/y4uLv8uLi7/Ly8v/y8vL/8vLy//Ly8v/y4uLv8tLS3/LS0t/y4uLv8uLi7/Ly8v/zAwMP8wMDD/MDAw/zAwMP8wMDD/MDAw/zAwMP8xMTH/MjIy/zIyMv8yMjL/MjIy/zExMf8xMTH/MTEx/zExMf8yMjL/MjIy/zIyMv8xMTH/MjIy/zIyMv8xMTH/MTEx/zAwMP8wMDD/MDAw/zExMf8yMjL/MzMz/zQ0NP81NTX/NTU1/zQ0NP80NDT/NDQ0/zQ0NP8zMzP/MjIy/zIyMv8yMjL/NDQ0/zY2Nv82Njb/ODg4/zg4OP84ODj/Nzc3/zU1Nf80NDT/MjIy/zIyMv81NTX/Nzc3/zY2Nv82Njb/NTU1/zQ0NP80NDT/MzMz/zQ0NP81NTX/Ojo6/0JCQv9QUFD/ZmZm/1xcXP9CQkL/ODg4/ywsLP8nJyf/IyMj/yEhIf8hISH/ISEh/yAgIP8gICD/ICAg/yAgIP8gICD/ISEh/yEhIf8hISH/ISEh/yIiIv8iIiL/ISEh/yEhIf8hISH/ISEh/yEhIf8hISH/IiIi/yIiIv8iIiL/IiIi/yIiIv8iIiL/IiIi/yIiIv8iIiL/IyMj/yMjI/8jIyP/IyMj/yMjI/8jIyP/IyMj/yMjI/8jIyP/IyMj/yIiIv8hISH/ISEh/yEhIf8hISH/IiIi/yIiIv8jIyP/JCQk/yQkJP8kJCT/IyMj/yIiIv8iIiL/IiIi/yIiIv8iIiL/IiIi/yEhIf8iIiL/IiIi/yIiIv8iIiL/IiIi/yIiIv8iIiL/IiIi/yMjI/8kJCT/JCQk/yQkJP8kJCT/JCQk/yQkJP8kJCT/JCQk/yMjI/8jIyP/IyMj/yMjI/8jIyP/JCQk/yMjI/8jIyP/IiIi/yIiIv8jIyP/JCQk/yUlJf8mJib/Jycn/yYmJv8mJib/JiYm/yYmJv8nJyf/Jycn/ycnJ/8nJyf/Jycn/yYmJv8mJib/JiYm/yYmJv8lJSX/JiYm/yYmJv8mJib/JSUl/yYmJv8mJib/JiYm/yYmJv8lJSX/JiYm/yYmJv8nJyf/KCgo/ygoKP8nJyf/Jycn/ygoKP8oKCj/Jycn/ycnJ/8oKCj/KCgo/ycnJ/8nJyf/Jycn/ycnJ/8mJib/JiYm/ycnJ/8nJyf/Jycn/ycnJ/8nJyf/Jycn/ycnJ/8oKCj/KCgo/ycnJ/8oKCj/KCgo/ygoKP8oKCj/KCgo/ygoKP8oKCj/KCgo/ygoKP8oKCj/KCgo/yoqKv8rKyv/Kysr/yoqKv8qKir/Kysr/ysrK/8rKyv/Kysr/ysrK/8rKyv/Kioq/yoqKv8qKir/Kioq/ysrK/8rKyv/LCws/ywsLP8rKyv/Kioq/ykpKf8oKCj/Jycn/yYmJv8mJib/JiYm/ycnJ/8oKCj/KCgo/ykpKf8pKSn/KCgo/ygoKP8nJyf/Jycn/ycnJ/8mJib/Jycn/ycnJ/8nJyf/JiYm/yYmJv8mJib/JiYm/yUlJf8lJSX/JiYm/yYmJv8mJib/Jycn/ycnJ/8nJyf/Jycn/yYmJv8nJyf/Jycn/yYmJv8lJSX/JSUl/yUlJf8lJSX/JSUl/yYmJv8mJib/JiYm/yYmJv8lJSX/JSUl/yUlJf8lJSX/JCQk/yQkJP8jIyP/JCQk/yQkJP8kJCT/JSUl/yUlJf8lJSX/JSUl/yUlJf8lJSX/JCQk/yQkJP8jIyP/IyMj/yMjI/8jIyP/IyMj/yMjI/8kJCT/JCQk/yMjI/8jIyP/IyMj/xUVFf8VFRX/FRUV/xUVFf8WFhb/FhYW/xcXF/8XFxf/FxcX/xgYGP8YGBj/GRkZ/xkZGf8ZGRn/GBgY/xgYGP8YGBj/GBgY/xgYGP8YGBj/GBgY/xgYGP8XFxf/FxcX/xYWFv8WFhb/FhYW/xUVFf8VFRX/FRUV/xQUFP8UFBT/ExMT/xMTE/8TExP/ExMT/xMTE/8TExP/EhIS/xISEv8SEhL/FBQU/xYWFv8ZGRn/Hx8f/yAgIP8gICD/ICAg/x8fH/8eHh7/HR0d/xwcHP8cHBz/Gxsb/xsbG/8bGxv/Gxsb/xsbG/8bGxv/Gxsb/xsbG/8aGhr/Ghoa/xsbG/8bGxv/Gxsb/xoaGv8aGhr/Ghoa/xsbG/8cHBz/HBwc/xwcHP8cHBz/Gxsb/xsbG/8bGxv/HBwc/x0dHf8dHR3/HR0d/x0dHf8dHR3/HR0d/x0dHf8dHR3/Hh4e/x4eHv8eHh7/HR0d/x4eHv8eHh7/HR0d/xwcHP8cHBz/HBwc/xwcHP8cHBz/HR0d/x0dHf8eHh7/ICAg/yEhIf8jIyP/JCQk/ycnJ/8oKCj/KCgo/ygoKP8mJib/JiYm/ycnJ/8pKSn/Kioq/ywsLP8sLCz/Kysr/yoqKv8oKCj/KSkp/ykpKf8pKSn/KSkp/ycnJ/8iIiL/ICAg/x0dHf8cHBz/Gxsb/xoaGv8ZGRn/GRkZ/xgYGP8YGBj/GBgY/xcXF/8XFxf/FhYW/xYWFv8WFhb/FhYW/xUVFf8VFRX/FRUV/xUVFf8VFRX/FRUV/xUVFf8VFRX/FRUV/xQUFP8UFBT/FBQU/xQUFP8VFRX/FRUV/xUVFf8VFRX/FRUV/xUVFf8VFRX/FBQU/xQUFP8UFBT/FRUV/xUVFf8VFRX/FBQU/xQUFP8UFBT/FBQU/xMTE/8TExP/ExMT/xMTE/8UFBT/FBQU/xMTE/8TExP/ExMT/xQUFP8UFBT/FBQU/xQUFP8UFBT/FBQU/xQUFP8UFBT/FBQU/xQUFP8UFBT/FBQU/xUVFf8VFRX/FRUV/xUVFf8UFBT/FBQU/xQUFP8UFBT/FBQU/xQUFP8UFBT/FBQU/xQUFP8UFBT/FBQU/xQUFP8UFBT/FBQU/xQUFP8UFBT/ExMT/xISEv8SEhL/EhIS/xMTE/8TExP/ExMT/xQUFP8UFBT/FBQU/xQUFP8VFRX/FhYW/xcXF/8YGBj/GRkZ/xoaGv8aGhr/Gxsb/xsbG/8bGxv/HBwc/xwcHP8cHBz/HR0d/x0dHf8eHh7/Hh4e/x0dHf8dHR3/HR0d/x4eHv8fHx//ICAg/yAgIP8hISH/ISEh/yAgIP8gICD/Hx8f/x8fH/8gICD/ISEh/yIiIv8iIiL/IiIi/yIiIv8iIiL/IiIi/yIiIv8iIiL/IyMj/yMjI/8jIyP/IyMj/yMjI/8jIyP/IyMj/yQkJP8kJCT/JCQk/yQkJP8jIyP/IyMj/yMjI/8kJCT/JCQk/yUlJf8lJSX/JSUl/yUlJf8kJCT/JSUl/yYmJv8mJib/JiYm/yYmJv8mJib/JiYm/yYmJv8nJyf/Jycn/ycnJ/8nJyf/Jycn/ycnJ/8oKCj/JiYm/yUlJf8lJSX/JiYm/yYmJv8nJyf/Jycn/ycnJ/8nJyf/JiYm/ycnJ/8nJyf/Jycn/ycnJ/8nJyf/KCgo/ygoKP8oKCj/KSkp/ykpKf8qKir/Kioq/yoqKv8rKyv/LCws/ywsLP8rKyv/Kysr/ysrK/8rKyv/Kysr/ysrK/8rKyv/Kysr/ysrK/8rKyv/Kysr/yoqKv8rKyv/XV1d/2FhYf9mZmb/dHR0/4aGhv+fn5//xcXF/8nJyf/Jycn/t7e3/46Ojv+Ghob/j4+P/5iYmP+pqan/tbW1/8DAwP/Ly8v/2tra/+rq6v/s7Oz/7+/v//Dw8P/x8fH/8PDw/+7u7v/f39//w8PD/8PDw//Nzc3/1tbW/+Xl5f/s7Oz/8fHx//Pz8//x8fH/7+/v/+jo6P/h4eH/6Ojo//Dw8P/y8vL/9vb2//f39//6+vr/+Pj4//X19f/19fX/9fX1//b29v/5+fn/+vr6//j4+P/29vb/9fX1//X19f/4+Pj/+/v7//z8/P/+/v7//v7+//7+/v/8/Pz/+Pj4//j4+P/5+fn/+vr6//z8/P/9/f3//v7+///////////////////////////////////////9/f3//Pz8//v7+//6+vr/+/v7//39/f/9/f3//Pz8//v7+//4+Pj/9/f3//f39//29vb/8vLy/+rq6v/Jycn/rKys/5qamv+Ghob/lJSU/6Wlpf+0tLT/ycnJ/8TExP+3t7f/qamp/5CQkP+Dg4P/bm5u/2dnZ/9oaGj/Z2dn/2JiYv9fX1//XV1d/1tbW/9bW1v/W1tb/1hYWP9UVFT/UlJS/1BQUP9LS0v/RERE/0JCQv8/Pz//Pj4+/z09Pf89PT3/Ozs7/zo6Ov84ODj/NjY2/zU1Nf8zMzP/MzMz/zQ0NP80NDT/NDQ0/zMzM/8zMzP/MjIy/zIyMv8yMjL/MzMz/zIyMv8xMTH/MTEx/zIyMv8yMjL/MTEx/zAwMP8yMjL/MzMz/zIyMv8wMDD/MDAw/zAwMP8wMDD/Ly8v/zAwMP8yMjL/MTEx/y8vL/8vLy//MDAw/zAwMP8uLi7/LS0t/y0tLf8sLCz/LS0t/y0tLf8tLS3/LCws/y0tLf8tLS3/LS0t/ywsLP8tLS3/LS0t/y0tLf8sLCz/LCws/y4uLv8vLy//Li4u/y0tLf8tLS3/LS0t/ysrK/8qKir/Kioq/yoqKv8qKir/Kioq/yoqKv8qKir/KSkp/ykpKf8pKSn/Kioq/yoqKv8sLCz/LCws/ysrK/8rKyv/Kysr/ysrK/8sLCz/LS0t/ywsLP8rKyv/Kysr/yoqKv8pKSn/KSkp/ykpKf8pKSn/KSkp/ykpKf8pKSn/KSkp/ykpKf8pKSn/KSkp/ykpKf8pKSn/KCgo/ycnJ/8nJyf/Jycn/ycnJ/8nJyf/KCgo/yoqKv8pKSn/Jycn/ycnJ/8nJyf/Jycn/ygoKP8oKCj/KCgo/ygoKP8mJib/JSUl/yUlJf8mJib/JSUl/yUlJf8mJib/Jycn/ycnJ/8oKCj/Jycn/ycnJ/8nJyf/KCgo/ygoKP8oKCj/Jycn/yYmJv8mJib/JiYm/ycnJ/8nJyf/Jycn/ycnJ/8mJib/JiYm/ycnJ/8nJyf/Jycn/ycnJ/8nJyf/JiYm/yUlJf8lJSX/Jycn/ygoKP8nJyf/Jycn/yYmJv8kJCT/JSUl/yYmJv8mJib/JSUl/yUlJf8lJSX/JSUl/yQkJP8jIyP/IiIi/yIiIv8jIyP/IyMj/yQkJP8lJSX/JSUl/yUlJf8lJSX/JCQk/yQkJP8kJCT/JCQk/yMjI/8jIyP/IiIi/yIiIv8jIyP/IiIi/yIiIv8iIiL/IiIi/yMjI/8jIyP/IyMj/yMjI/8jIyP/IyMj/yMjI/8jIyP/IyMj/yIiIv8iIiL/IiIi/yIiIv8jIyP/IyMj/yQkJP8kJCT/JCQk/yIiIv8iIiL/IiIi/yIiIv8iIiL/IiIi/yIiIv8jIyP/JCQk/yUlJf8kJCT/JCQk/yQkJP8lJSX/JSUl/yUlJf8lJSX/JCQk/yQkJP8jIyP/IyMj/yIiIv8iIiL/IyMj/yQkJP8kJCT/JSUl/yQkJP8jIyP/IyMj/yIiIv8jIyP/JSUl/yYmJv8oKCj/Jycn/yQkJP8jIyP/IiIi/yIiIv8hISH/ISEh/yAgIP8gICD/Hx8f/x8fH/8eHh7/Hh4e/x0dHf8cHBz/Hh4e/yEhIf8oKCj/NjY2/zk5Of87Ozv/Ozs7/zs7O/87Ozv/Ozs7/zs7O/87Ozv/Ozs7/zs7O/86Ojr/Ozs7/zw8PP87Ozv/Ojo6/zs7O/87Ozv/PT09/z8/P/8/Pz//Pj4+/z09Pf88PDz/PDw8/z09Pf8+Pj7/PT09/zw8PP88PDz/PT09/z09Pf88PDz/Pj4+/z8/P/8/Pz//Pj4+/z09Pf88PDz/PT09/z09Pf89PT3/PT09/z09Pf89PT3/PT09/zw8PP88PDz/PT09/z4+Pv89PT3/PDw8/z09Pf8+Pj7/Pj4+/z8/P/8+Pj7/Ozs7/zo6Ov86Ojr/Ojo6/zs7O/88PDz/PT09/z4+Pv89PT3/PDw8/zw8PP88PDz/PDw8/zw8PP89PT3/PT09/z8/P/9CQkL/QkJC/0FBQf9AQED/Pz8//z4+Pv8+Pj7/Pj4+/z09Pf88PDz/PT09/z09Pf89PT3/PT09/z4+Pv8+Pj7/Pz8//0BAQP9AQED/QEBA/z8/P/8+Pj7/PT09/zw8PP88PDz/PT09/z09Pf8+Pj7/Pj4+/z09Pf88PDz/PT09/z4+Pv8/Pz//Pz8//0BAQP9AQED/Pz8//z4+Pv8+Pj7/Pj4+/z4+Pv89PT3/PDw8/z09Pf8+Pj7/Pz8//z8/P/8/Pz//Pz8//z4+Pv89PT3/Pj4+/z8/P/8+Pj7/PDw8/zs7O/86Ojr/Ojo6/zs7O/87Ozv/Pj4+/z8/P/8/Pz//Pz8//0BAQP9BQUH/QUFB/0JCQv9BQUH/QEBA/z8/P/8+Pj7/Pj4+/z09Pf8+Pj7/Pz8//z8/P/9AQED/QUFB/0JCQv9CQkL/QUFB/0FBQf9AQED/QEBA/0FBQf9DQ0P/QkJC/0JCQv9DQ0P/RERE/0NDQ/9BQUH/QUFB/0BAQP9AQED/QEBA/0BAQP8/Pz//Pz8//z8/P/8/Pz//QEBA/0BAQP8/Pz//Pj4+/z8/P/9BQUH/QEBA/z4+Pv8+Pj7/Pj4+/z8/P/9AQED/QEBA/z4+Pv8+Pj7/PT09/z09Pf89PT3/PT09/z4+Pv8/Pz//QEBA/0JCQv9CQkL/QkJC/0BAQP8+Pj7/Pj4+/z4+Pv8/Pz//QEBA/0FBQf9BQUH/QUFB/0BAQP9AQED/QUFB/0JCQv9DQ0P/RERE/0NDQ/9CQkL/QkJC/0FBQf9BQUH/QEBA/0BAQP8/Pz//QEBA/0BAQP9BQUH/Q0ND/0RERP9CQkL/QkJC/0NDQ/9ERET/Q0ND/0JCQv9DQ0P/Q0ND/0NDQ/9DQ0P/QkJC/0JCQv9CQkL/QkJC/0FBQf9AQED/QEBA/z8/P/8/Pz//QEBA/0JCQv9ERET/RUVF/0VFRf9GRkb/R0dH/0lJSf9ISEj/RkZG/0VFRf9DQ0P/RERE/0ZGRv9HR0f/SkpK/0pKSv9ISEj/SEhI/0pKSv9LS0v/S0tL/0tLS/9KSkr/SEhI/0lJSf9JSUn/S0tL/01NTf9YWFj/aGho/4KCgv+urq7/r6+v/6Ghof+ZmZn/jIyM/4WFhf+AgID/e3t7/25ubv9lZWX/YWFh/ycnJ/8pKSn/Kioq/yoqKv8pKSn/Kioq/ysrK/8rKyv/Kysr/yoqKv8pKSn/KSkp/ykpKf8pKSn/KSkp/ykpKf8rKyv/LS0t/ywsLP8sLCz/LS0t/y4uLv8tLS3/Kysr/ywsLP8tLS3/Li4u/y8vL/8uLi7/LS0t/y0tLf8tLS3/LS0t/y8vL/8vLy//Ly8v/y8vL/8vLy//MDAw/zAwMP8vLy//Ly8v/y4uLv8uLi7/MDAw/zAwMP8xMTH/MTEx/zIyMv8xMTH/MDAw/y8vL/8wMDD/MDAw/zExMf8xMTH/MjIy/zMzM/80NDT/NTU1/zc3N/85OTn/OTk5/zo6Ov83Nzf/MzMz/zIyMv8xMTH/MzMz/zk5Of87Ozv/OTk5/zg4OP82Njb/NTU1/zQ0NP80NDT/NTU1/zY2Nv9CQkL/U1NT/3R0dP+rq6v/l5eX/2JiYv9NTU3/NDQ0/ysrK/8lJSX/IiIi/yEhIf8hISH/ISEh/yEhIf8hISH/ISEh/yEhIf8iIiL/IiIi/yIiIv8iIiL/IyMj/yMjI/8jIyP/IyMj/yMjI/8jIyP/IiIi/yIiIv8hISH/ISEh/yEhIf8hISH/IiIi/yIiIv8iIiL/IyMj/yMjI/8iIiL/IiIi/yIiIv8jIyP/JCQk/yQkJP8kJCT/JCQk/yQkJP8kJCT/IyMj/yMjI/8iIiL/IiIi/yMjI/8kJCT/IyMj/yMjI/8kJCT/JSUl/yUlJf8kJCT/JCQk/yQkJP8kJCT/JCQk/yQkJP8jIyP/IyMj/yQkJP8kJCT/JCQk/yQkJP8jIyP/IiIi/yIiIv8jIyP/JCQk/yUlJf8lJSX/JSUl/yUlJf8lJSX/JSUl/yUlJf8lJSX/JCQk/yQkJP8jIyP/IyMj/yQkJP8lJSX/JCQk/yIiIv8iIiL/IiIi/yIiIv8jIyP/JCQk/yQkJP8lJSX/JSUl/yUlJf8lJSX/JiYm/ycnJ/8oKCj/KSkp/yoqKv8pKSn/KSkp/ygoKP8nJyf/JiYm/yYmJv8nJyf/KCgo/ycnJ/8mJib/JiYm/ycnJ/8mJib/JSUl/yUlJf8mJib/Jycn/ygoKP8pKSn/KCgo/ygoKP8oKCj/Jycn/ycnJ/8mJib/Jycn/ycnJ/8nJyf/KCgo/ycnJ/8mJib/JiYm/ycnJ/8oKCj/KCgo/ygoKP8oKCj/KCgo/ygoKP8oKCj/KCgo/ycnJ/8nJyf/JiYm/ycnJ/8pKSn/KSkp/ykpKf8pKSn/KSkp/ykpKf8oKCj/KCgo/ygoKP8oKCj/KSkp/ykpKf8pKSn/KSkp/yoqKv8qKir/Kioq/yoqKv8qKir/Kysr/ysrK/8rKyv/Kysr/ysrK/8rKyv/Kysr/ysrK/8rKyv/Kioq/ykpKf8oKCj/KCgo/ycnJ/8nJyf/Jycn/ycnJ/8nJyf/Jycn/ycnJ/8oKCj/Kioq/yoqKv8pKSn/KSkp/ygoKP8oKCj/Jycn/ycnJ/8nJyf/KCgo/ygoKP8pKSn/KSkp/ykpKf8oKCj/Jycn/ycnJ/8oKCj/Jycn/ycnJ/8nJyf/JiYm/yYmJv8mJib/JSUl/yYmJv8mJib/JiYm/yYmJv8mJib/JiYm/yYmJv8nJyf/Jycn/ycnJ/8nJyf/Jycn/yYmJv8kJCT/JCQk/yQkJP8kJCT/JCQk/yQkJP8kJCT/JCQk/yQkJP8kJCT/JSUl/yUlJf8lJSX/JiYm/yUlJf8lJSX/JSUl/yQkJP8kJCT/JCQk/yQkJP8kJCT/JCQk/yQkJP8kJCT/IyMj/yMjI/8jIyP/FhYW/xUVFf8VFRX/FRUV/xUVFf8VFRX/FhYW/xYWFv8WFhb/FxcX/xgYGP8YGBj/GRkZ/xkZGf8YGBj/GBgY/xcXF/8XFxf/FxcX/xcXF/8YGBj/GBgY/xcXF/8WFhb/FhYW/xYWFv8WFhb/FhYW/xYWFv8VFRX/FRUV/xQUFP8UFBT/ExMT/xMTE/8TExP/ExMT/xMTE/8TExP/ExMT/xMTE/8UFBT/FRUV/xgYGP8eHh7/Hx8f/yAgIP8gICD/Hx8f/x4eHv8dHR3/HBwc/xsbG/8bGxv/Gxsb/xsbG/8bGxv/Ghoa/xoaGv8aGhr/Ghoa/xsbG/8bGxv/Ghoa/xoaGv8aGhr/Ghoa/xoaGv8aGhr/Gxsb/xsbG/8bGxv/Gxsb/xwcHP8cHBz/HBwc/xwcHP8cHBz/HBwc/xwcHP8cHBz/HBwc/xwcHP8cHBz/HR0d/x0dHf8eHh7/Hh4e/x4eHv8eHh7/HR0d/xwcHP8cHBz/HBwc/xwcHP8cHBz/HBwc/xwcHP8cHBz/HBwc/x0dHf8eHh7/Hx8f/x8fH/8gICD/IiIi/yIiIv8jIyP/IyMj/yMjI/8jIyP/IyMj/yMjI/8lJSX/Jycn/yYmJv8lJSX/JSUl/yQkJP8kJCT/JSUl/yUlJf8kJCT/IyMj/yAgIP8eHh7/HR0d/x0dHf8cHBz/Gxsb/xoaGv8aGhr/Ghoa/xoaGv8aGhr/Ghoa/xkZGf8ZGRn/GBgY/xgYGP8YGBj/GBgY/xgYGP8YGBj/GBgY/xgYGP8YGBj/GBgY/xcXF/8XFxf/FxcX/xYWFv8WFhb/FhYW/xYWFv8WFhb/FxcX/xcXF/8XFxf/FxcX/xcXF/8WFhb/FhYW/xYWFv8WFhb/FhYW/xYWFv8WFhb/FhYW/xcXF/8WFhb/FhYW/xUVFf8VFRX/FRUV/xUVFf8VFRX/FRUV/xYWFv8WFhb/FhYW/xYWFv8WFhb/FRUV/xUVFf8VFRX/FRUV/xUVFf8WFhb/FhYW/xYWFv8WFhb/FhYW/xYWFv8WFhb/FhYW/xUVFf8VFRX/FRUV/xUVFf8VFRX/FhYW/xYWFv8WFhb/FRUV/xUVFf8VFRX/FhYW/xYWFv8XFxf/FhYW/xUVFf8UFBT/ExMT/xMTE/8TExP/ExMT/xMTE/8TExP/FBQU/xUVFf8VFRX/FRUV/xUVFf8VFRX/FRUV/xYWFv8WFhb/FhYW/xYWFv8WFhb/FhYW/xYWFv8WFhb/FhYW/xcXF/8XFxf/GBgY/xkZGf8ZGRn/GBgY/xcXF/8YGBj/GBgY/xkZGf8ZGRn/Ghoa/xoaGv8aGhr/Ghoa/xoaGv8aGhr/Ghoa/xoaGv8aGhr/Ghoa/xsbG/8bGxv/Gxsb/xoaGv8aGhr/Ghoa/xoaGv8aGhr/Gxsb/xsbG/8bGxv/Gxsb/xsbG/8bGxv/HBwc/xwcHP8cHBz/HBwc/xwcHP8dHR3/HR0d/x0dHf8dHR3/HR0d/x0dHf8dHR3/HR0d/x0dHf8dHR3/Hh4e/x4eHv8eHh7/Hh4e/x4eHv8eHh7/Hh4e/x4eHv8fHx//ICAg/yAgIP8gICD/ICAg/yAgIP8gICD/Hx8f/x8fH/8fHx//ICAg/yAgIP8gICD/ICAg/yAgIP8gICD/ICAg/yEhIf8hISH/ISEh/yEhIf8hISH/IiIi/yIiIv8iIiL/IyMj/yMjI/8kJCT/JCQk/yUlJf8lJSX/JSUl/yUlJf8lJSX/JSUl/yQkJP8kJCT/JSUl/yYmJv8mJib/JiYm/yYmJv8mJib/JiYm/ycnJ/9nZ2f/a2tr/3BwcP+Hh4f/paWl/7y8vP/e3t7/4ODg/97e3v/Ly8v/oaGh/5ycnP+srKz/t7e3/8bGxv/Q0ND/2dnZ/+Hh4f/u7u7/+/v7//39/f/////////////////9/f3/+fn5/+7u7v/Z2dn/2tra/+Tk5P/r6+v/9/f3//z8/P/+/v7///////7+/v/8/Pz/9/f3//Ly8v/39/f//f39//7+/v////////////////////////////////////////////////////////////////////////////////////////////////////////////////////////////////////////////////////////////////////////////////////////////////////////////////////////////////////////////////////////////7+/v/6+vr/8/Pz/9jY2P/AwMD/ra2t/5mZmf+rq6v/wcHB/83Nzf/f39//2dnZ/83Nzf/CwsL/rq6u/6CgoP+Kior/goKC/35+fv97e3v/dXV1/3Fxcf9wcHD/cHBw/3p6ev+FhYX/goKC/39/f/93d3f/ampq/15eXv9LS0v/RkZG/0JCQv9AQED/Pz8//z4+Pv8+Pj7/PT09/zs7O/86Ojr/ODg4/zc3N/84ODj/OTk5/zk5Of84ODj/ODg4/zY2Nv82Njb/NTU1/zU1Nf82Njb/NjY2/zU1Nf81NTX/NjY2/zY2Nv81NTX/NDQ0/zY2Nv84ODj/NjY2/zQ0NP80NDT/NDQ0/zQ0NP80NDT/NDQ0/zU1Nf81NTX/MzMz/zIyMv8yMjL/MjIy/zExMf8wMDD/MDAw/zAwMP8wMDD/MDAw/zExMf8xMTH/MTEx/zExMf8wMDD/Ly8v/y8vL/8vLy//Ly8v/y4uLv8uLi7/MDAw/zExMf8wMDD/Ly8v/y8vL/8vLy//Li4u/ywsLP8sLCz/LCws/ywsLP8sLCz/LCws/ywsLP8sLCz/Kysr/ysrK/8rKyv/LCws/y0tLf8uLi7/LS0t/y0tLf8sLCz/LS0t/y0tLf8uLi7/Li4u/y0tLf8sLCz/Kysr/yoqKv8qKir/Kioq/yoqKv8qKir/Kioq/yoqKv8qKir/Kioq/yoqKv8qKir/Kioq/yoqKv8qKir/KSkp/ykpKf8pKSn/KCgo/ygoKP8pKSn/Kysr/yoqKv8oKCj/KCgo/ygoKP8oKCj/KSkp/ykpKf8pKSn/KCgo/ycnJ/8mJib/JiYm/ycnJ/8mJib/JiYm/ycnJ/8nJyf/Jycn/ycnJ/8nJyf/Jycn/ycnJ/8nJyf/KCgo/ygoKP8oKCj/Jycn/yYmJv8mJib/JiYm/ycnJ/8nJyf/Jycn/ycnJ/8nJyf/JiYm/yYmJv8mJib/JiYm/yYmJv8mJib/JSUl/yUlJf8nJyf/Jycn/ycnJ/8mJib/JSUl/yQkJP8lJSX/JSUl/yUlJf8kJCT/JSUl/yUlJf8kJCT/JCQk/yMjI/8iIiL/IiIi/yMjI/8jIyP/JCQk/yQkJP8kJCT/JCQk/yQkJP8kJCT/JCQk/yQkJP8jIyP/IyMj/yMjI/8iIiL/IiIi/yIiIv8iIiL/ISEh/yEhIf8iIiL/IiIi/yIiIv8iIiL/IiIi/yIiIv8iIiL/IyMj/yMjI/8jIyP/IyMj/yIiIv8iIiL/IiIi/yIiIv8jIyP/IyMj/yQkJP8jIyP/IiIi/yEhIf8iIiL/IiIi/yIiIv8hISH/ISEh/yMjI/8kJCT/JSUl/yUlJf8kJCT/JCQk/yUlJf8lJSX/JSUl/yUlJf8kJCT/JCQk/yMjI/8jIyP/IyMj/yIiIv8jIyP/JCQk/yUlJf8lJSX/JCQk/yMjI/8jIyP/IiIi/yMjI/8lJSX/JiYm/ycnJ/8nJyf/JSUl/yQkJP8jIyP/IiIi/yEhIf8hISH/ICAg/yAgIP8gICD/Hx8f/x4eHv8eHh7/HR0d/xwcHP8eHh7/ISEh/ykpKf83Nzf/Ojo6/zs7O/87Ozv/Ozs7/zs7O/87Ozv/Ozs7/zs7O/87Ozv/Ojo6/zk5Of86Ojr/Ozs7/zs7O/86Ojr/Ojo6/zs7O/88PDz/Pj4+/z8/P/8+Pj7/Pj4+/z09Pf89PT3/PT09/z4+Pv89PT3/PDw8/zw8PP89PT3/PDw8/zw8PP89PT3/Pj4+/z4+Pv89PT3/PT09/z09Pf89PT3/PT09/z09Pf8+Pj7/Pj4+/z4+Pv8+Pj7/PT09/z09Pf8+Pj7/Pj4+/z09Pf88PDz/PT09/z4+Pv8+Pj7/Pj4+/z09Pf87Ozv/Ojo6/zo6Ov86Ojr/Ozs7/zw8PP89PT3/PT09/zw8PP87Ozv/Ozs7/zs7O/87Ozv/PDw8/zw8PP89PT3/Pj4+/0FBQf9BQUH/QEBA/z8/P/8+Pj7/PT09/z4+Pv8+Pj7/PDw8/zs7O/88PDz/PT09/z09Pf89PT3/Pj4+/z8/P/9AQED/QUFB/0FBQf9AQED/Pz8//z4+Pv89PT3/PT09/z09Pf89PT3/Pj4+/z4+Pv8+Pj7/PT09/zw8PP89PT3/Pj4+/z8/P/9AQED/QEBA/z8/P/8/Pz//Pj4+/z4+Pv8+Pj7/Pj4+/zw8PP88PDz/PT09/z4+Pv8/Pz//Pz8//z8/P/8+Pj7/Pj4+/z09Pf8+Pj7/Pj4+/z4+Pv89PT3/PDw8/zs7O/87Ozv/Ozs7/zw8PP8+Pj7/Pz8//z8/P/8/Pz//QEBA/0BAQP9BQUH/QUFB/0FBQf9AQED/Pz8//z09Pf89PT3/PT09/z09Pf8/Pz//Pz8//0BAQP9AQED/QUFB/0FBQf9AQED/Pz8//z8/P/8+Pj7/QEBA/0FBQf9BQUH/QUFB/0JCQv9DQ0P/QUFB/z8/P/8/Pz//Pz8//z8/P/9AQED/QEBA/z8/P/8+Pj7/Pj4+/z4+Pv8/Pz//QEBA/z8/P/8+Pj7/Pj4+/z8/P/8+Pj7/Pj4+/z09Pf89PT3/Pj4+/z8/P/8/Pz//Pz8//z4+Pv89PT3/PT09/zw8PP88PDz/PT09/z8/P/9AQED/QUFB/0FBQf9AQED/Pz8//z09Pf89PT3/Pj4+/z4+Pv8/Pz//Pz8//0BAQP9AQED/Pz8//z8/P/9AQED/QEBA/0FBQf9CQkL/QUFB/0FBQf9AQED/Pz8//z8/P/8/Pz//Pz8//z8/P/8/Pz//Pz8//0BAQP9CQkL/Q0ND/0JCQv9CQkL/Q0ND/0RERP9CQkL/QUFB/0JCQv9DQ0P/QkJC/0JCQv9BQUH/QUFB/0FBQf9BQUH/QEBA/z8/P/8/Pz//Pj4+/z4+Pv9AQED/QUFB/0NDQ/9FRUX/RkZG/0dHR/9ISEj/SUlJ/0hISP9GRkb/RUVF/0RERP9FRUX/SEhI/0pKSv9MTEz/TExM/0pKSv9KSkr/TU1N/05OTv9OTk7/Tk5O/0xMTP9LS0v/S0tL/0tLS/9OTk7/UlJS/2FhYf95eXn/kZGR/7u7u/+7u7v/ra2t/6SkpP+Wlpb/kJCQ/4+Pj/+Li4v/fHx8/3Fxcf9sbGz/IyMj/yQkJP8lJSX/JSUl/yQkJP8lJSX/JiYm/yYmJv8mJib/JSUl/yQkJP8kJCT/JCQk/yQkJP8kJCT/JCQk/yYmJv8nJyf/Jycn/yYmJv8nJyf/KCgo/ycnJ/8mJib/JiYm/ycnJ/8oKCj/KSkp/ykpKf8oKCj/Jycn/ycnJ/8oKCj/KSkp/yoqKv8pKSn/KSkp/yoqKv8qKir/Kioq/yoqKv8pKSn/KSkp/yoqKv8sLCz/Kysr/ysrK/8rKyv/LCws/ysrK/8qKir/Kioq/yoqKv8qKir/Kysr/ywsLP8tLS3/LS0t/y4uLv8vLy//MTEx/zMzM/8zMzP/NDQ0/zIyMv8uLi7/LS0t/y0tLf8uLi7/MzMz/zU1Nf80NDT/MzMz/zExMf8wMDD/Ly8v/y8vL/8wMDD/MjIy/z09Pf9NTU3/bm5u/6SkpP+bm5v/enp6/2RkZP89PT3/Ly8v/yYmJv8iIiL/IiIi/yIiIv8iIiL/IiIi/yIiIv8iIiL/IiIi/yMjI/8jIyP/IyMj/yMjI/8jIyP/IyMj/yMjI/8jIyP/IyMj/yMjI/8iIiL/IiIi/yIiIv8hISH/ISEh/yIiIv8iIiL/IiIi/yMjI/8jIyP/IyMj/yMjI/8jIyP/IyMj/yMjI/8kJCT/JCQk/yQkJP8kJCT/JCQk/yQkJP8kJCT/IyMj/yMjI/8jIyP/IyMj/yQkJP8kJCT/JCQk/yQkJP8lJSX/JSUl/yQkJP8kJCT/JCQk/yQkJP8kJCT/JCQk/yQkJP8kJCT/JCQk/yUlJf8kJCT/JCQk/yQkJP8jIyP/IyMj/yQkJP8kJCT/JSUl/yUlJf8lJSX/JSUl/yUlJf8lJSX/JSUl/yUlJf8lJSX/JCQk/yQkJP8kJCT/JCQk/yUlJf8kJCT/IyMj/yMjI/8jIyP/IyMj/yMjI/8kJCT/JCQk/yUlJf8lJSX/JSUl/yUlJf8mJib/Jycn/ygoKP8pKSn/Kioq/yoqKv8pKSn/KCgo/ycnJ/8nJyf/JiYm/ycnJ/8oKCj/KCgo/ycnJ/8nJyf/Jycn/ycnJ/8lJSX/JSUl/yYmJv8nJyf/KCgo/ykpKf8oKCj/KCgo/ygoKP8nJyf/Jycn/ycnJ/8nJyf/Jycn/ygoKP8oKCj/KCgo/ycnJ/8nJyf/KCgo/ygoKP8oKCj/KCgo/ygoKP8oKCj/KCgo/ygoKP8oKCj/Jycn/ycnJ/8nJyf/Jycn/ykpKf8pKSn/KSkp/ykpKf8pKSn/KSkp/ykpKf8pKSn/KSkp/ykpKf8pKSn/KSkp/ykpKf8pKSn/Kioq/yoqKv8qKir/Kioq/yoqKv8rKyv/Kysr/ysrK/8rKyv/LCws/ywsLP8rKyv/Kysr/ysrK/8qKir/KSkp/ykpKf8oKCj/KCgo/ygoKP8oKCj/KCgo/ycnJ/8nJyf/KCgo/ygoKP8pKSn/KSkp/ygoKP8oKCj/KCgo/ygoKP8oKCj/KCgo/ygoKP8oKCj/KSkp/ykpKf8qKir/Kioq/ykpKf8pKSn/KSkp/ykpKf8oKCj/KCgo/ygoKP8nJyf/JiYm/yYmJv8mJib/JiYm/yYmJv8mJib/JiYm/yYmJv8mJib/JiYm/ycnJ/8nJyf/Jycn/ycnJ/8nJyf/Jycn/yUlJf8lJSX/JSUl/yUlJf8lJSX/JSUl/yUlJf8lJSX/JSUl/yUlJf8lJSX/JiYm/yYmJv8lJSX/JSUl/yUlJf8lJSX/JCQk/yQkJP8kJCT/JCQk/yQkJP8kJCT/JCQk/yQkJP8jIyP/IyMj/yMjI/8WFhb/FhYW/xUVFf8VFRX/FRUV/xYWFv8WFhb/FhYW/xYWFv8WFhb/FxcX/xgYGP8YGBj/GBgY/xgYGP8YGBj/FxcX/xcXF/8XFxf/FxcX/xcXF/8YGBj/FxcX/xYWFv8WFhb/FhYW/xYWFv8WFhb/FRUV/xUVFf8VFRX/FBQU/xQUFP8TExP/ExMT/xMTE/8TExP/ExMT/xMTE/8TExP/ExMT/xQUFP8VFRX/GRkZ/x4eHv8fHx//ICAg/yAgIP8fHx//Hx8f/x0dHf8cHBz/HBwc/xsbG/8bGxv/Gxsb/xsbG/8aGhr/Ghoa/xoaGv8bGxv/Gxsb/xsbG/8aGhr/Ghoa/xoaGv8aGhr/Ghoa/xoaGv8aGhr/Gxsb/xsbG/8bGxv/Gxsb/xwcHP8cHBz/HBwc/xwcHP8cHBz/HBwc/xwcHP8cHBz/HBwc/xwcHP8dHR3/HR0d/x0dHf8eHh7/Hh4e/x4eHv8dHR3/HBwc/xwcHP8cHBz/HBwc/xwcHP8cHBz/HBwc/xwcHP8cHBz/HR0d/x4eHv8eHh7/Hh4e/x8fH/8gICD/ISEh/yEhIf8hISH/ISEh/yEhIf8hISH/ISEh/yIiIv8kJCT/IyMj/yIiIv8iIiL/IiIi/yIiIv8jIyP/IiIi/yEhIf8gICD/Hh4e/x4eHv8dHR3/HBwc/xsbG/8bGxv/Gxsb/xsbG/8aGhr/Ghoa/xoaGv8aGhr/Ghoa/xkZGf8ZGRn/GRkZ/xkZGf8YGBj/GBgY/xgYGP8ZGRn/GRkZ/xkZGf8YGBj/GBgY/xgYGP8YGBj/GBgY/xgYGP8XFxf/FxcX/xcXF/8XFxf/FxcX/xgYGP8YGBj/GBgY/xcXF/8XFxf/FxcX/xcXF/8XFxf/FxcX/xcXF/8XFxf/GBgY/xcXF/8XFxf/FhYW/xYWFv8WFhb/FhYW/xYWFv8WFhb/FxcX/xcXF/8XFxf/FxcX/xYWFv8WFhb/FhYW/xYWFv8WFhb/FhYW/xcXF/8XFxf/FxcX/xcXF/8XFxf/FhYW/xYWFv8WFhb/FhYW/xYWFv8WFhb/FhYW/xcXF/8XFxf/FxcX/xcXF/8XFxf/FhYW/xYWFv8XFxf/FxcX/xcXF/8XFxf/FhYW/xUVFf8UFBT/FBQU/xQUFP8UFBT/FBQU/xQUFP8VFRX/FhYW/xYWFv8WFhb/FhYW/xYWFv8WFhb/FhYW/xUVFf8VFRX/FRUV/xUVFf8VFRX/FhYW/xYWFv8WFhb/FhYW/xcXF/8XFxf/GBgY/xgYGP8XFxf/FxcX/xcXF/8XFxf/GBgY/xgYGP8YGBj/GRkZ/xkZGf8ZGRn/GRkZ/xkZGf8YGBj/GBgY/xgYGP8YGBj/GBgY/xgYGP8YGBj/GBgY/xgYGP8YGBj/GBgY/xkZGf8ZGRn/GRkZ/xkZGf8ZGRn/GRkZ/xkZGf8aGhr/Ghoa/xoaGv8aGhr/Ghoa/xoaGv8aGhr/Ghoa/xoaGv8aGhr/Ghoa/xoaGv8aGhr/Ghoa/xsbG/8bGxv/Gxsb/xsbG/8bGxv/Gxsb/xsbG/8bGxv/Gxsb/xwcHP8cHBz/HBwc/xwcHP8cHBz/HBwc/xwcHP8cHBz/HBwc/xwcHP8dHR3/HR0d/x0dHf8dHR3/HR0d/xwcHP8dHR3/Hh4e/x4eHv8eHh7/Hh4e/x4eHv8eHh7/Hx8f/x8fH/8gICD/ICAg/yAgIP8gICD/ISEh/yEhIf8hISH/ISEh/yEhIf8gICD/ICAg/yAgIP8gICD/ISEh/yIiIv8iIiL/IiIi/yIiIv8iIiL/IiIi/3x8fP9/f3//goKC/6ioqP/a2tr/5+fn//b29v/19fX/7+/v/97e3v+6urr/u7u7/9nZ2f/m5ub/7+/v//T09P/29vb/+Pj4//v7+//+/v7//v7+//////////////////7+/v/+/v7/+/v7//b29v/29vb/+fn5//r6+v/9/f3//v7+//////////////////7+/v/9/f3//Pz8//39/f/+/v7///////////////////////////////////////////////////////////////////////////////////////////////////////////////////////////////////////////////////////////////////////////////////////////////////////////////////////////////////////////////////////////////////////7+/v/8/Pz/8vLy/+np6f/V1dX/wMDA/9LS0v/p6en/7+/v//f39//29vb/8/Pz/+/v7//n5+f/2tra/8DAwP+0tLT/qKio/6CgoP+Xl5f/kZGR/5WVlf+ZmZn/uLi4/9jY2P/Z2dn/2dnZ/8HBwf+dnZ3/g4OD/1lZWf9PT0//RkZG/0NDQ/9BQUH/QUFB/0JCQv9DQ0P/QkJC/0FBQf8+Pj7/PDw8/z09Pf8+Pj7/Pj4+/z09Pf88PDz/OTk5/zg4OP82Njb/NjY2/zc3N/84ODj/OTk5/zk5Of84ODj/ODg4/zg4OP84ODj/Ojo6/zw8PP87Ozv/OTk5/zk5Of85OTn/OTk5/zo6Ov86Ojr/OTk5/zg4OP82Njb/NDQ0/zMzM/8yMjL/MzMz/zMzM/8zMzP/MzMz/zMzM/8yMjL/NTU1/zg4OP82Njb/NDQ0/zMzM/8xMTH/MTEx/y8vL/8vLy//Ly8v/y8vL/8wMDD/MDAw/zAwMP8wMDD/Ly8v/y8vL/8vLy//Ly8v/y8vL/8vLy//Ly8v/y8vL/8vLy//Ly8v/y4uLv8sLCz/LCws/ywsLP8sLCz/LS0t/y0tLf8uLi7/LS0t/ywsLP8rKyv/LCws/y0tLf8sLCz/LCws/ysrK/8pKSn/KSkp/ykpKf8pKSn/KSkp/ykpKf8pKSn/KSkp/ykpKf8pKSn/KSkp/ykpKf8rKyv/LCws/ysrK/8qKir/Kioq/yoqKv8pKSn/KSkp/yoqKv8sLCz/Kysr/ygoKP8oKCj/KCgo/ygoKP8oKCj/KCgo/ygoKP8oKCj/KCgo/ycnJ/8oKCj/KCgo/ycnJ/8nJyf/Jycn/yYmJv8mJib/JiYm/yUlJf8lJSX/JiYm/yYmJv8mJib/Jycn/ycnJ/8nJyf/Jycn/yYmJv8lJSX/JiYm/yYmJv8nJyf/Jycn/yYmJv8lJSX/JSUl/yUlJf8lJSX/JSUl/yUlJf8lJSX/JSUl/yYmJv8mJib/JiYm/yUlJf8lJSX/JSUl/yUlJf8kJCT/JCQk/yMjI/8kJCT/JCQk/yQkJP8lJSX/JCQk/yQkJP8jIyP/IyMj/yMjI/8jIyP/IyMj/yQkJP8kJCT/JCQk/yUlJf8kJCT/IyMj/yMjI/8jIyP/IyMj/yMjI/8jIyP/IyMj/yMjI/8iIiL/IiIi/yEhIf8hISH/ISEh/yEhIf8iIiL/IiIi/yMjI/8kJCT/JCQk/yQkJP8kJCT/IyMj/yMjI/8iIiL/IiIi/yIiIv8iIiL/IyMj/yMjI/8iIiL/IiIi/yMjI/8jIyP/IyMj/yIiIv8iIiL/JCQk/yQkJP8lJSX/JSUl/yUlJf8lJSX/JCQk/yQkJP8kJCT/JCQk/yQkJP8kJCT/JCQk/yQkJP8jIyP/IyMj/yQkJP8kJCT/JSUl/yUlJf8kJCT/JCQk/yMjI/8iIiL/IyMj/yQkJP8kJCT/JSUl/yUlJf8kJCT/JCQk/yMjI/8iIiL/ISEh/yAgIP8hISH/ISEh/yAgIP8fHx//Hh4e/x0dHf8dHR3/HR0d/x8fH/8iIiL/Kioq/zk5Of88PDz/PDw8/zw8PP87Ozv/Ojo6/zo6Ov85OTn/Ojo6/zo6Ov85OTn/ODg4/zk5Of86Ojr/Ojo6/zo6Ov86Ojr/Ojo6/zs7O/8+Pj7/Pj4+/z4+Pv8+Pj7/Pj4+/z4+Pv89PT3/PT09/zw8PP88PDz/PDw8/zw8PP88PDz/PDw8/z09Pf89PT3/Pj4+/z4+Pv8+Pj7/Pj4+/z4+Pv89PT3/PT09/z8/P/8/Pz//Pz8//z8/P/8/Pz//Pj4+/z8/P/8/Pz//Pj4+/z09Pf89PT3/PT09/zw8PP87Ozv/Ozs7/zs7O/87Ozv/Ozs7/zw8PP88PDz/PDw8/zw8PP88PDz/PDw8/zs7O/86Ojr/Ojo6/zo6Ov87Ozv/PDw8/z09Pf8+Pj7/Pz8//z8/P/89PT3/PT09/zw8PP88PDz/PT09/z4+Pv88PDz/Ozs7/zw8PP88PDz/PT09/z4+Pv8/Pz//QEBA/0FBQf9CQkL/QkJC/0BAQP8/Pz//Pj4+/z4+Pv8+Pj7/Pj4+/z4+Pv8/Pz//Pz8//z8/P/8+Pj7/PDw8/z09Pf8/Pz//QEBA/0FBQf9AQED/Pj4+/z4+Pv8+Pj7/Pj4+/z8/P/8+Pj7/PT09/z09Pf8+Pj7/Pz8//z8/P/8/Pz//Pj4+/z09Pf89PT3/PT09/z09Pf89PT3/PT09/z4+Pv8+Pj7/PT09/z09Pf88PDz/PDw8/z4+Pv8/Pz//Pj4+/z09Pf8+Pj7/Pz8//z8/P/9AQED/QUFB/0FBQf8/Pz//PDw8/zw8PP88PDz/PT09/z4+Pv8+Pj7/Pj4+/z4+Pv8+Pj7/Pj4+/z09Pf88PDz/PDw8/z09Pf89PT3/Pj4+/z8/P/9AQED/QEBA/0BAQP8+Pj7/Ozs7/zw8PP89PT3/Pj4+/0BAQP8/Pz//PT09/zw8PP88PDz/PDw8/z4+Pv8/Pz//Pj4+/z09Pf88PDz/Ozs7/zw8PP88PDz/PDw8/zw8PP88PDz/PT09/z4+Pv8/Pz//Pz8//z4+Pv89PT3/Ozs7/zs7O/88PDz/PT09/z4+Pv9AQED/Pj4+/z09Pf89PT3/PDw8/z09Pf8/Pz//Pj4+/z09Pf89PT3/Pj4+/z09Pf88PDz/Ozs7/zw8PP88PDz/PT09/z4+Pv8+Pj7/Pj4+/z09Pf88PDz/PDw8/zw8PP89PT3/Pj4+/z4+Pv8+Pj7/Pj4+/0BAQP9BQUH/QUFB/0FBQf9CQkL/Q0ND/0FBQf8/Pz//Pz8//0BAQP8/Pz//Pz8//z4+Pv8+Pj7/Pj4+/z4+Pv8+Pj7/Pj4+/z09Pf89PT3/PT09/z4+Pv8/Pz//Q0ND/0VFRf9HR0f/SEhI/0hISP9ISEj/R0dH/0ZGRv9FRUX/RUVF/0dHR/9LS0v/TU1N/05OTv9OTk7/Tk5O/05OTv9QUFD/UVFR/1JSUv9TU1P/UlJS/1FRUf9QUFD/Tk5O/1RUVP9cXFz/c3Nz/5aWlv+qqqr/ycnJ/8rKyv/BwcH/ubm5/6urq/+oqKj/srKy/7Ozs/+enp7/jo6O/4WFhf8cHBz/HBwc/x0dHf8dHR3/HBwc/xwcHP8cHBz/HBwc/x0dHf8dHR3/HBwc/xwcHP8cHBz/HBwc/xwcHP8cHBz/HR0d/x0dHf8dHR3/HR0d/x0dHf8cHBz/HR0d/x0dHf8dHR3/HR0d/x0dHf8eHh7/Hh4e/x4eHv8eHh7/Hh4e/x4eHv8eHh7/Hh4e/x4eHv8eHh7/Hh4e/x8fH/8fHx//Hx8f/x8fH/8fHx//ICAg/yMjI/8iIiL/ISEh/yAgIP8gICD/ICAg/yEhIf8hISH/ICAg/yAgIP8hISH/IiIi/yIiIv8iIiL/IyMj/yQkJP8lJSX/Jycn/ycnJ/8oKCj/Jycn/yQkJP8kJCT/JCQk/yQkJP8mJib/JiYm/yYmJv8mJib/JSUl/yQkJP8kJCT/JCQk/yYmJv8pKSn/Ly8v/zc3N/9PT0//dnZ2/4aGhv+dnZ3/iYmJ/0xMTP81NTX/KCgo/yIiIv8iIiL/IyMj/yMjI/8jIyP/IyMj/yMjI/8jIyP/JCQk/yQkJP8kJCT/JCQk/yQkJP8jIyP/IiIi/yIiIv8iIiL/IiIi/yIiIv8iIiL/IiIi/yIiIv8iIiL/IyMj/yMjI/8jIyP/IyMj/yQkJP8kJCT/JCQk/yQkJP8kJCT/JCQk/yMjI/8jIyP/IyMj/yQkJP8kJCT/JSUl/yQkJP8kJCT/JCQk/yQkJP8kJCT/JCQk/yQkJP8lJSX/JSUl/yUlJf8lJSX/JSUl/yUlJf8lJSX/JSUl/yUlJf8lJSX/JSUl/yUlJf8kJCT/JCQk/yUlJf8lJSX/JSUl/yUlJf8lJSX/JSUl/yUlJf8kJCT/JSUl/yYmJv8mJib/Jycn/yYmJv8mJib/JiYm/yUlJf8lJSX/JSUl/yUlJf8lJSX/JSUl/yUlJf8kJCT/JSUl/yUlJf8lJSX/JCQk/yQkJP8lJSX/JSUl/yYmJv8mJib/JiYm/yYmJv8nJyf/Jycn/ykpKf8pKSn/Kioq/yoqKv8oKCj/JiYm/yYmJv8nJyf/Jycn/ygoKP8oKCj/KCgo/ycnJ/8nJyf/Jycn/ycnJ/8mJib/JiYm/yYmJv8nJyf/KCgo/ygoKP8oKCj/KCgo/ygoKP8oKCj/KCgo/ygoKP8oKCj/KCgo/ykpKf8pKSn/KCgo/ygoKP8oKCj/KCgo/ycnJ/8nJyf/KCgo/ygoKP8oKCj/KCgo/ygoKP8oKCj/KCgo/ygoKP8oKCj/KCgo/ygoKP8oKCj/KCgo/ykpKf8pKSn/KSkp/yoqKv8qKir/Kioq/ykpKf8pKSn/KSkp/yoqKv8qKir/Kioq/yoqKv8qKir/Kioq/yoqKv8qKir/Kysr/ywsLP8tLS3/LS0t/ywsLP8sLCz/Kysr/ysrK/8qKir/Kioq/ykpKf8pKSn/KSkp/ykpKf8pKSn/KCgo/ygoKP8pKSn/KSkp/ygoKP8oKCj/Jycn/ycnJ/8oKCj/KSkp/ykpKf8pKSn/KSkp/ykpKf8pKSn/Kioq/yoqKv8qKir/Kysr/ywsLP8rKyv/Kioq/yoqKv8qKir/Kioq/ygoKP8nJyf/Jycn/ycnJ/8nJyf/KCgo/ycnJ/8mJib/JiYm/yYmJv8mJib/JiYm/yYmJv8mJib/Jycn/ygoKP8nJyf/Jycn/yYmJv8mJib/JiYm/yYmJv8mJib/JiYm/yYmJv8mJib/JiYm/ycnJ/8nJyf/JiYm/yQkJP8lJSX/JSUl/yUlJf8lJSX/JSUl/yUlJf8lJSX/JCQk/yQkJP8jIyP/IyMj/yMjI/8jIyP/IyMj/xYWFv8WFhb/FhYW/xYWFv8WFhb/FhYW/xYWFv8WFhb/FhYW/xYWFv8WFhb/FxcX/xcXF/8XFxf/GBgY/xgYGP8XFxf/FxcX/xcXF/8XFxf/FxcX/xgYGP8YGBj/FxcX/xcXF/8WFhb/FhYW/xUVFf8VFRX/FBQU/xQUFP8UFBT/FBQU/xMTE/8TExP/ExMT/xMTE/8TExP/ExMT/xMTE/8TExP/FBQU/xYWFv8ZGRn/Hx8f/yAgIP8fHx//Hx8f/x8fH/8fHx//Hh4e/x0dHf8cHBz/HBwc/xsbG/8bGxv/Gxsb/xsbG/8aGhr/Ghoa/xsbG/8cHBz/Gxsb/xkZGf8ZGRn/Ghoa/xoaGv8aGhr/Ghoa/xoaGv8ZGRn/Ghoa/xoaGv8bGxv/Gxsb/xwcHP8cHBz/HBwc/x0dHf8cHBz/HBwc/xwcHP8cHBz/HBwc/xwcHP8cHBz/HBwc/xwcHP8dHR3/HR0d/x0dHf8dHR3/HR0d/x0dHf8dHR3/HR0d/x0dHf8dHR3/HR0d/x0dHf8dHR3/HR0d/x0dHf8eHh7/Hx8f/yAgIP8gICD/Hh4e/x4eHv8eHh7/Hx8f/x8fH/8fHx//Hx8f/x8fH/8fHx//Hx8f/x8fH/8gICD/ICAg/yAgIP8fHx//Hh4e/x0dHf8dHR3/HR0d/xwcHP8cHBz/Gxsb/xoaGv8bGxv/HBwc/xsbG/8bGxv/Ghoa/xoaGv8aGhr/GRkZ/xkZGf8YGBj/GBgY/xkZGf8ZGRn/GRkZ/xoaGv8aGhr/Ghoa/xkZGf8ZGRn/GRkZ/xkZGf8ZGRn/GRkZ/xkZGf8YGBj/GBgY/xgYGP8YGBj/GRkZ/xkZGf8ZGRn/GRkZ/xkZGf8YGBj/GBgY/xgYGP8YGBj/GBgY/xkZGf8ZGRn/GRkZ/xgYGP8YGBj/GBgY/xcXF/8XFxf/FxcX/xgYGP8YGBj/GBgY/xgYGP8YGBj/GBgY/xgYGP8YGBj/GBgY/xgYGP8YGBj/GBgY/xgYGP8YGBj/GBgY/xgYGP8XFxf/FxcX/xcXF/8YGBj/GBgY/xgYGP8YGBj/GBgY/xkZGf8ZGRn/GRkZ/xgYGP8YGBj/GBgY/xgYGP8YGBj/GBgY/xgYGP8XFxf/FxcX/xcXF/8XFxf/FxcX/xcXF/8WFhb/FhYW/xcXF/8XFxf/FxcX/xcXF/8XFxf/FxcX/xcXF/8XFxf/FhYW/xYWFv8WFhb/FhYW/xYWFv8XFxf/FxcX/xcXF/8YGBj/GBgY/xkZGf8ZGRn/GRkZ/xgYGP8YGBj/GBgY/xgYGP8YGBj/GBgY/xgYGP8ZGRn/GRkZ/xkZGf8ZGRn/GBgY/xgYGP8XFxf/FxcX/xcXF/8XFxf/FxcX/xcXF/8YGBj/GBgY/xgYGP8YGBj/GRkZ/xoaGv8ZGRn/GBgY/xgYGP8YGBj/GRkZ/xkZGf8ZGRn/GBgY/xgYGP8YGBj/GBgY/xgYGP8YGBj/GBgY/xkZGf8ZGRn/GRkZ/xkZGf8ZGRn/GRkZ/xkZGf8ZGRn/GRkZ/xkZGf8ZGRn/Ghoa/xoaGv8ZGRn/GRkZ/xkZGf8ZGRn/GRkZ/xkZGf8ZGRn/GRkZ/xkZGf8ZGRn/GRkZ/xkZGf8ZGRn/GRkZ/xkZGf8ZGRn/GRkZ/xkZGf8aGhr/Ghoa/xoaGv8aGhr/Ghoa/xoaGv8bGxv/Gxsb/xsbG/8bGxv/Gxsb/xsbG/8bGxv/Gxsb/xsbG/8bGxv/Gxsb/xoaGv8aGhr/Ghoa/xoaGv8bGxv/Gxsb/xwcHP8cHBz/Gxsb/xsbG/8cHBz/ioqK/4qKiv+Kior/tLS0/+vr6//09PT//v7+//v7+//19fX/5eXl/8XFxf/IyMj/6Ojo//X19f/8/Pz///////////////////////////////////////////////////////////////////////////////////////////////////////////////////////////////////////////////////////////////////////////////////////////////////////////////////////////////////////////////////////////////////////////////////////////////////////////////////////////////////////////////////////////////////////////////////////////////////////////////////////7+/v/4+Pj/8vLy/9/f3//Ly8v/3t7e//X19f/5+fn//////////////////f39//n5+f/u7u7/1dXV/8rKyv+/v7//t7e3/6enp/+enp7/o6Oj/6ioqP/MzMz/8vLy//T09P/29vb/3d3d/7m5uf+Xl5f/YGBg/1NTU/9HR0f/RERE/0NDQ/9DQ0P/RkZG/0ZGRv9FRUX/Q0ND/0FBQf8/Pz//QUFB/0NDQ/9DQ0P/Q0ND/0BAQP88PDz/Ojo6/zg4OP84ODj/OTk5/zo6Ov87Ozv/Ozs7/zs7O/86Ojr/Ojo6/zo6Ov87Ozv/PT09/zw8PP88PDz/Ozs7/zs7O/87Ozv/PDw8/zs7O/86Ojr/OTk5/zc3N/82Njb/MzMz/zMzM/8zMzP/MzMz/zQ0NP80NDT/MzMz/zMzM/81NTX/ODg4/zc3N/81NTX/NDQ0/zIyMv8xMTH/Ly8v/y8vL/8vLy//Ly8v/zAwMP8wMDD/MDAw/zAwMP8wMDD/MDAw/zAwMP8wMDD/MDAw/y8vL/8vLy//MDAw/zAwMP8wMDD/Ly8v/y0tLf8sLCz/LCws/ywsLP8sLCz/LS0t/y0tLf8tLS3/LCws/ysrK/8sLCz/LCws/ywsLP8sLCz/Kysr/ykpKf8pKSn/KSkp/ykpKf8pKSn/KSkp/ykpKf8pKSn/KSkp/ykpKf8pKSn/KSkp/yoqKv8rKyv/Kysr/yoqKv8qKir/KSkp/ykpKf8pKSn/Kioq/ywsLP8rKyv/KSkp/ygoKP8oKCj/KCgo/ygoKP8oKCj/KCgo/ygoKP8oKCj/KCgo/ygoKP8oKCj/KCgo/ycnJ/8nJyf/JiYm/yYmJv8lJSX/JSUl/yUlJf8lJSX/JiYm/yYmJv8nJyf/Jycn/ycnJ/8nJyf/JiYm/yYmJv8mJib/JiYm/yYmJv8mJib/JiYm/yUlJf8lJSX/JSUl/yUlJf8lJSX/JSUl/yUlJf8lJSX/JSUl/yUlJf8lJSX/JSUl/yUlJf8lJSX/JSUl/yQkJP8kJCT/IyMj/yQkJP8kJCT/JCQk/yUlJf8lJSX/JCQk/yQkJP8jIyP/IyMj/yMjI/8jIyP/JCQk/yQkJP8kJCT/JSUl/yQkJP8jIyP/IyMj/yMjI/8jIyP/JCQk/yMjI/8jIyP/IiIi/yIiIv8iIiL/ISEh/yEhIf8hISH/ISEh/yIiIv8iIiL/IyMj/yQkJP8kJCT/JCQk/yQkJP8jIyP/IiIi/yIiIv8iIiL/ISEh/yIiIv8iIiL/IiIi/yIiIv8iIiL/IyMj/yMjI/8iIiL/IiIi/yIiIv8lJSX/JSUl/yUlJf8lJSX/JSUl/yUlJf8kJCT/JCQk/yQkJP8kJCT/JCQk/yQkJP8kJCT/JCQk/yQkJP8jIyP/JCQk/yQkJP8kJCT/JSUl/yQkJP8kJCT/IyMj/yIiIv8jIyP/JCQk/yQkJP8kJCT/JCQk/yQkJP8kJCT/IyMj/yIiIv8hISH/ICAg/yEhIf8hISH/ICAg/yAgIP8fHx//Hh4e/x4eHv8eHh7/ICAg/yQkJP8uLi7/QUFB/0JCQv8/Pz//PT09/zo6Ov85OTn/OTk5/zg4OP85OTn/OTk5/zg4OP83Nzf/Nzc3/zg4OP84ODj/OTk5/zk5Of86Ojr/Ozs7/z09Pf89PT3/Pj4+/z4+Pv89PT3/PT09/zw8PP88PDz/Ozs7/zs7O/87Ozv/Ozs7/zs7O/87Ozv/Ozs7/zw8PP88PDz/PT09/z09Pf89PT3/PT09/zw8PP89PT3/Pj4+/z8/P/8/Pz//Pz8//z4+Pv8+Pj7/Pj4+/z4+Pv89PT3/PDw8/zw8PP88PDz/Ozs7/zo6Ov86Ojr/Ojo6/zo6Ov87Ozv/Ozs7/zs7O/87Ozv/Ozs7/zs7O/87Ozv/Ojo6/zk5Of84ODj/OTk5/zo6Ov87Ozv/PDw8/z09Pf89PT3/PT09/zs7O/87Ozv/Ojo6/zs7O/88PDz/PDw8/zs7O/86Ojr/Ozs7/zw8PP89PT3/Pj4+/z8/P/9AQED/QEBA/0JCQv9BQUH/QEBA/z8/P/8+Pj7/PT09/z09Pf89PT3/PT09/z4+Pv8/Pz//Pz8//z09Pf87Ozv/PT09/z4+Pv8/Pz//QEBA/z4+Pv88PDz/PDw8/z09Pf89PT3/Pj4+/z4+Pv88PDz/PT09/z4+Pv8/Pz//Pz8//z4+Pv89PT3/PT09/z09Pf88PDz/PT09/z09Pf89PT3/Pj4+/z4+Pv8+Pj7/Pj4+/zw8PP89PT3/Pj4+/z4+Pv89PT3/PT09/z09Pf8+Pj7/Pz8//z8/P/9AQED/QEBA/z4+Pv87Ozv/Ozs7/zw8PP89PT3/Pj4+/z4+Pv8+Pj7/Pj4+/z09Pf88PDz/Ozs7/zs7O/87Ozv/PDw8/zw8PP89PT3/Pj4+/z8/P/8/Pz//Pz8//z4+Pv87Ozv/Ozs7/z09Pf89PT3/Pz8//z4+Pv88PDz/PDw8/zs7O/87Ozv/PT09/z8/P/8+Pj7/PT09/zw8PP86Ojr/Ozs7/zw8PP88PDz/PDw8/zw8PP87Ozv/PDw8/z8/P/8/Pz//Pj4+/z09Pf87Ozv/Ojo6/zw8PP89PT3/Pj4+/z8/P/8+Pj7/PDw8/zw8PP88PDz/PT09/z4+Pv8+Pj7/PDw8/zw8PP89PT3/PDw8/zs7O/86Ojr/Ozs7/zs7O/88PDz/PDw8/zw8PP88PDz/PDw8/zs7O/87Ozv/Ozs7/zw8PP89PT3/PT09/z09Pf8+Pj7/Pz8//0BAQP9AQED/QUFB/0JCQv9CQkL/QEBA/z8/P/8/Pz//QEBA/z8/P/8+Pj7/Pj4+/z09Pf89PT3/Pj4+/z4+Pv8+Pj7/Pj4+/z4+Pv8+Pj7/Pj4+/z8/P/9CQkL/RUVF/0hISP9KSkr/SUlJ/0dHR/9GRkb/RUVF/0RERP9ERET/R0dH/0tLS/9MTEz/TU1N/01NTf9OTk7/T09P/1JSUv9UVFT/WFhY/1paWv9YWFj/VlZW/1RUVP9SUlL/WFhY/2BgYP95eXn/n5+f/7Kysv/Ozs7/z8/P/8bGxv/CwsL/u7u7/7u7u//ExMT/xMTE/7CwsP+goKD/lZWV/xoaGv8aGhr/Ghoa/xoaGv8aGhr/Ghoa/xkZGf8aGhr/Ghoa/xoaGv8aGhr/Ghoa/xoaGv8ZGRn/GRkZ/xkZGf8aGhr/Ghoa/xoaGv8aGhr/Ghoa/xkZGf8aGhr/Ghoa/xoaGv8aGhr/Gxsb/xsbG/8bGxv/Gxsb/xsbG/8bGxv/Gxsb/xsbG/8bGxv/Gxsb/xsbG/8bGxv/Gxsb/xsbG/8cHBz/HBwc/xwcHP8dHR3/Hx8f/x4eHv8dHR3/HBwc/xwcHP8dHR3/HR0d/x0dHf8dHR3/HR0d/x4eHv8eHh7/Hh4e/x4eHv8fHx//ICAg/yEhIf8iIiL/IiIi/yMjI/8iIiL/ICAg/yAgIP8gICD/ICAg/yAgIP8hISH/ISEh/yEhIf8hISH/ISEh/yEhIf8hISH/IyMj/yUlJf8pKSn/Li4u/0BAQP9dXV3/cHBw/5CQkP+AgID/SEhI/zMzM/8nJyf/IiIi/yIiIv8jIyP/IyMj/yMjI/8jIyP/IyMj/yMjI/8kJCT/JCQk/yUlJf8kJCT/JCQk/yMjI/8iIiL/IiIi/yIiIv8iIiL/IyMj/yMjI/8jIyP/IyMj/yMjI/8kJCT/JCQk/yQkJP8kJCT/JCQk/yUlJf8lJSX/JSUl/yUlJf8lJSX/JCQk/yQkJP8kJCT/JCQk/yUlJf8lJSX/JCQk/yQkJP8kJCT/JCQk/yQkJP8kJCT/JSUl/yUlJf8lJSX/JSUl/yUlJf8lJSX/JSUl/yQkJP8lJSX/JSUl/yUlJf8lJSX/JSUl/yUlJf8kJCT/JSUl/yUlJf8lJSX/JiYm/yYmJv8mJib/JSUl/yQkJP8lJSX/JiYm/yYmJv8nJyf/Jycn/yYmJv8mJib/JSUl/yUlJf8lJSX/JSUl/yUlJf8lJSX/JSUl/yUlJf8mJib/JiYm/yYmJv8lJSX/JSUl/yUlJf8mJib/JiYm/ycnJ/8nJyf/Jycn/ycnJ/8oKCj/KCgo/ykpKf8qKir/Kioq/ykpKf8nJyf/Jycn/ycnJ/8nJyf/KCgo/ygoKP8oKCj/KCgo/ycnJ/8nJyf/Jycn/ycnJ/8mJib/JiYm/ycnJ/8oKCj/KCgo/ygoKP8oKCj/KCgo/ygoKP8oKCj/KCgo/ygoKP8oKCj/KSkp/ykpKf8oKCj/KCgo/ygoKP8oKCj/Jycn/ycnJ/8oKCj/KCgo/ygoKP8oKCj/KCgo/ykpKf8oKCj/KCgo/ygoKP8oKCj/KSkp/ykpKf8pKSn/Kioq/yoqKv8qKir/Kioq/yoqKv8qKir/Kioq/ykpKf8qKir/Kioq/yoqKv8qKir/Kioq/yoqKv8qKir/Kioq/yoqKv8rKyv/LCws/y0tLf8tLS3/LCws/ywsLP8rKyv/Kysr/ysrK/8qKir/Kioq/ykpKf8qKir/Kioq/ykpKf8oKCj/KSkp/ykpKf8pKSn/KCgo/ygoKP8nJyf/Jycn/ygoKP8pKSn/Kioq/yoqKv8pKSn/KSkp/ykpKf8qKir/Kioq/yoqKv8rKyv/LCws/ysrK/8qKir/Kioq/ysrK/8qKir/KCgo/ygoKP8nJyf/Jycn/ygoKP8oKCj/Jycn/yYmJv8mJib/JiYm/yYmJv8mJib/JiYm/yYmJv8nJyf/KCgo/ygoKP8nJyf/Jycn/yYmJv8mJib/JiYm/yYmJv8nJyf/Jycn/ycnJ/8nJyf/Jycn/ycnJ/8mJib/JSUl/yUlJf8lJSX/JSUl/yUlJf8lJSX/JSUl/yUlJf8lJSX/JCQk/yQkJP8kJCT/JCQk/yQkJP8kJCT/FhYW/xYWFv8WFhb/FhYW/xYWFv8WFhb/FhYW/xYWFv8WFhb/FhYW/xYWFv8WFhb/FxcX/xcXF/8XFxf/GBgY/xcXF/8XFxf/FxcX/xcXF/8XFxf/GBgY/xcXF/8XFxf/FxcX/xYWFv8WFhb/FRUV/xUVFf8UFBT/FBQU/xQUFP8UFBT/ExMT/xMTE/8TExP/ExMT/xMTE/8TExP/ExMT/xMTE/8UFBT/FhYW/xoaGv8gICD/ICAg/x8fH/8fHx//Hx8f/x8fH/8eHh7/Hh4e/xwcHP8cHBz/Gxsb/xsbG/8bGxv/Gxsb/xsbG/8aGhr/Gxsb/xwcHP8bGxv/Ghoa/xoaGv8aGhr/Ghoa/xoaGv8aGhr/Ghoa/xkZGf8aGhr/Ghoa/xsbG/8bGxv/Gxsb/xwcHP8cHBz/HR0d/xwcHP8cHBz/HBwc/xwcHP8cHBz/HBwc/x0dHf8dHR3/HR0d/x4eHv8eHh7/HR0d/x0dHf8dHR3/HR0d/x0dHf8dHR3/HR0d/x0dHf8dHR3/HR0d/x0dHf8dHR3/HR0d/x4eHv8eHh7/Hx8f/x8fH/8eHh7/HR0d/x4eHv8eHh7/Hh4e/x4eHv8eHh7/Hh4e/x4eHv8eHh7/Hh4e/x8fH/8fHx//Hx8f/x4eHv8dHR3/HR0d/x0dHf8dHR3/HBwc/xwcHP8bGxv/Ghoa/xsbG/8cHBz/HBwc/xsbG/8bGxv/Ghoa/xoaGv8ZGRn/GRkZ/xkZGf8ZGRn/GRkZ/xoaGv8aGhr/Ghoa/xoaGv8aGhr/GRkZ/xkZGf8ZGRn/GRkZ/xkZGf8ZGRn/GRkZ/xkZGf8ZGRn/GBgY/xkZGf8ZGRn/GRkZ/xkZGf8ZGRn/GRkZ/xkZGf8ZGRn/GRkZ/xkZGf8ZGRn/GRkZ/xkZGf8ZGRn/GRkZ/xkZGf8YGBj/GBgY/xgYGP8YGBj/GBgY/xgYGP8YGBj/GBgY/xgYGP8YGBj/GRkZ/xkZGf8ZGRn/GRkZ/xkZGf8YGBj/GBgY/xgYGP8YGBj/GBgY/xgYGP8XFxf/GBgY/xkZGf8ZGRn/GRkZ/xkZGf8ZGRn/GRkZ/xkZGf8ZGRn/GRkZ/xkZGf8ZGRn/GBgY/xgYGP8YGBj/GBgY/xgYGP8YGBj/GBgY/xgYGP8YGBj/GBgY/xcXF/8XFxf/FxcX/xcXF/8YGBj/GBgY/xgYGP8YGBj/FxcX/xcXF/8XFxf/FhYW/xYWFv8XFxf/FxcX/xgYGP8YGBj/GBgY/xkZGf8ZGRn/GRkZ/xkZGf8ZGRn/GBgY/xgYGP8YGBj/GBgY/xgYGP8YGBj/GRkZ/xkZGf8ZGRn/GRkZ/xkZGf8YGBj/GBgY/xcXF/8XFxf/FxcX/xcXF/8YGBj/GBgY/xgYGP8YGBj/GBgY/xgYGP8ZGRn/Ghoa/xkZGf8YGBj/GBgY/xgYGP8ZGRn/GRkZ/xkZGf8YGBj/GBgY/xgYGP8YGBj/GBgY/xgYGP8YGBj/GBgY/xkZGf8ZGRn/GRkZ/xgYGP8YGBj/GRkZ/xkZGf8ZGRn/GRkZ/xkZGf8ZGRn/GRkZ/xkZGf8ZGRn/GBgY/xkZGf8ZGRn/GRkZ/xkZGf8ZGRn/GRkZ/xgYGP8YGBj/GBgY/xgYGP8YGBj/GBgY/xgYGP8YGBj/GRkZ/xkZGf8ZGRn/GRkZ/xkZGf8ZGRn/GRkZ/xoaGv8aGhr/Ghoa/xoaGv8aGhr/GRkZ/xkZGf8ZGRn/GRkZ/xkZGf8ZGRn/GBgY/xgYGP8YGBj/GRkZ/xkZGf8aGhr/Ghoa/xoaGv8aGhr/GRkZ/xoaGv+goKD/m5ub/5SUlP+6urr/7Ozs//X19f/+/v7//Pz8//b29v/p6en/zc3N/9DQ0P/r6+v/9/f3//z8/P/////////////////////////////////////////////////////////////////////////////////////////////////////////////////////////////////////////////////////////////////////////////////////////////////////////////////////////////////////////////////////////////////////////////////////////////////////////////////////////////////////////////////////////////////////////////////////////////////////////////////9/f3/+/v7//Hx8f/o6Oj/19fX/8bGxv/b29v/9fX1//n5+f/////////////////9/f3/+vr6//Ly8v/h4eH/3Nzc/9/f3//Z2dn/u7u7/6ioqP+rq6v/r6+v/9DQ0P/z8/P/9/f3//z8/P/v7+//3Nzc/7Gxsf9oaGj/V1dX/0dHR/9ERET/RUVF/0dHR/9LS0v/TExM/0dHR/9ERET/RERE/0RERP9HR0f/TExM/05OTv9QUFD/SkpK/0FBQf8/Pz//PDw8/zw8PP88PDz/PT09/z8/P/9AQED/Pz8//z8/P/88PDz/Ozs7/zw8PP89PT3/PT09/z09Pf89PT3/PT09/z09Pf88PDz/Ozs7/zg4OP84ODj/ODg4/zc3N/80NDT/MzMz/zIyMv8yMjL/MjIy/zIyMv8yMjL/MjIy/zMzM/80NDT/NDQ0/zMzM/8yMjL/MTEx/zAwMP8wMDD/MDAw/zAwMP8wMDD/MDAw/zAwMP8wMDD/MDAw/zExMf8xMTH/MDAw/y8vL/8uLi7/LS0t/y4uLv8uLi7/Li4u/y4uLv8uLi7/Li4u/y0tLf8sLCz/LCws/ywsLP8rKyv/LCws/ywsLP8sLCz/LCws/ywsLP8sLCz/LCws/ywsLP8rKyv/Kioq/ykpKf8pKSn/KSkp/ygoKP8oKCj/KCgo/ygoKP8pKSn/KSkp/ygoKP8oKCj/KSkp/ykpKf8oKCj/KCgo/ycnJ/8nJyf/KCgo/ykpKf8qKir/LCws/ysrK/8pKSn/KSkp/ykpKf8pKSn/KCgo/ygoKP8pKSn/KSkp/ykpKf8oKCj/KCgo/ygoKP8oKCj/Jycn/ycnJ/8mJib/JiYm/yYmJv8lJSX/JCQk/yUlJf8mJib/JiYm/ycnJ/8nJyf/KCgo/ygoKP8oKCj/Jycn/ycnJ/8mJib/JSUl/yUlJf8kJCT/JCQk/yQkJP8lJSX/JSUl/yQkJP8kJCT/JCQk/yMjI/8jIyP/IyMj/yQkJP8kJCT/JCQk/yQkJP8kJCT/JSUl/yQkJP8kJCT/JCQk/yQkJP8kJCT/JSUl/yUlJf8lJSX/JSUl/yQkJP8kJCT/IyMj/yMjI/8jIyP/IyMj/yQkJP8lJSX/IyMj/yEhIf8iIiL/IiIi/yIiIv8iIiL/IiIi/yIiIv8hISH/ISEh/yEhIf8iIiL/IiIi/yIiIv8jIyP/IyMj/yMjI/8jIyP/IiIi/yMjI/8jIyP/IiIi/yEhIf8hISH/ICAg/yAgIP8gICD/ICAg/x8fH/8gICD/ISEh/yEhIf8gICD/ICAg/yAgIP8gICD/ICAg/ycnJ/8nJyf/Jycn/yYmJv8mJib/JiYm/yYmJv8lJSX/JSUl/yUlJf8lJSX/JiYm/yYmJv8lJSX/JSUl/yQkJP8kJCT/JCQk/yQkJP8kJCT/JCQk/yQkJP8kJCT/JCQk/yQkJP8kJCT/JCQk/yUlJf8lJSX/JSUl/yUlJf8jIyP/IiIi/yEhIf8hISH/ISEh/yEhIf8iIiL/IiIi/yEhIf8gICD/ICAg/x8fH/8kJCT/LCws/zo6Ov9VVVX/VFRU/0ZGRv9AQED/Ojo6/zc3N/82Njb/NjY2/zY2Nv81NTX/NDQ0/zMzM/8zMzP/NDQ0/zU1Nf82Njb/Nzc3/zk5Of86Ojr/Ozs7/zw8PP88PDz/PDw8/zs7O/86Ojr/OTk5/zk5Of84ODj/Nzc3/zc3N/83Nzf/Nzc3/zc3N/84ODj/Ojo6/zo6Ov85OTn/OTk5/zk5Of85OTn/Ojo6/zo6Ov86Ojr/Ozs7/zs7O/87Ozv/Ozs7/zw8PP87Ozv/Ojo6/zo6Ov86Ojr/Ojo6/zo6Ov85OTn/OTk5/zg4OP83Nzf/Nzc3/zg4OP84ODj/OTk5/zk5Of85OTn/Ojo6/zk5Of85OTn/ODg4/zc3N/83Nzf/NjY2/zc3N/85OTn/OTk5/zk5Of85OTn/ODg4/zg4OP84ODj/ODg4/zg4OP84ODj/ODg4/zc3N/86Ojr/PDw8/z09Pf89PT3/PT09/zw8PP89PT3/Pj4+/z4+Pv8+Pj7/PT09/zs7O/87Ozv/Ojo6/zo6Ov86Ojr/Ojo6/zs7O/88PDz/Ozs7/zo6Ov87Ozv/PDw8/zw8PP88PDz/Ozs7/zk5Of85OTn/Ojo6/zo6Ov87Ozv/Ozs7/zw8PP88PDz/PT09/z4+Pv89PT3/PT09/zw8PP87Ozv/Ozs7/zs7O/87Ozv/PDw8/z09Pf8/Pz//Pz8//z8/P/8/Pz//PT09/zw8PP89PT3/PT09/z09Pf88PDz/PDw8/z09Pf89PT3/Pj4+/z09Pf88PDz/PDw8/zs7O/87Ozv/PDw8/z09Pf8+Pj7/Pj4+/z4+Pv89PT3/Ozs7/zs7O/86Ojr/Ojo6/zs7O/87Ozv/PDw8/zw8PP89PT3/Pj4+/z8/P/9AQED/Pz8//z09Pf88PDz/PDw8/zw8PP88PDz/PDw8/zs7O/86Ojr/Ojo6/zs7O/89PT3/Pj4+/z4+Pv89PT3/PDw8/zw8PP88PDz/PDw8/zw8PP87Ozv/Ozs7/zo6Ov86Ojr/PDw8/z09Pf89PT3/PT09/zs7O/86Ojr/Ozs7/zw8PP8+Pj7/Pz8//z4+Pv89PT3/PDw8/zw8PP88PDz/PT09/z09Pf89PT3/PT09/zw8PP88PDz/Ozs7/zo6Ov86Ojr/Ojo6/zo6Ov87Ozv/Ozs7/zs7O/88PDz/PT09/z09Pf89PT3/PT09/zw8PP89PT3/PT09/z09Pf8+Pj7/Pj4+/z8/P/8/Pz//QUFB/0FBQf9BQUH/QUFB/0JCQv9CQkL/QEBA/z4+Pv8+Pj7/Pz8//z8/P/8/Pz//QEBA/0BAQP9AQED/Pz8//z8/P/8/Pz//Pz8//0JCQv9ERET/SUlJ/05OTv9KSkr/RUVF/0NDQ/9AQED/QUFB/0JCQv9ERET/R0dH/0dHR/9GRkb/R0dH/0pKSv9NTU3/VFRU/1paWv9jY2P/aWlp/2RkZP9fX1//XV1d/1paWv9eXl7/ZGRk/3t7e/+fn5//srKy/9DQ0P/Q0ND/w8PD/8fHx//Z2dn/3t7e/9jY2P/S0tL/xsbG/7u7u/+urq7/Ghoa/xoaGv8aGhr/Ghoa/xoaGv8aGhr/Gxsb/xsbG/8bGxv/Gxsb/xsbG/8bGxv/Gxsb/xsbG/8bGxv/Gxsb/xsbG/8bGxv/Gxsb/xsbG/8bGxv/Gxsb/xsbG/8bGxv/Gxsb/xwcHP8cHBz/HBwc/xwcHP8bGxv/Gxsb/xsbG/8bGxv/Ghoa/xoaGv8bGxv/HBwc/xsbG/8bGxv/Gxsb/xwcHP8cHBz/HR0d/x0dHf8cHBz/HBwc/xsbG/8bGxv/Gxsb/xsbG/8bGxv/HBwc/xwcHP8cHBz/HBwc/x0dHf8dHR3/HR0d/x4eHv8eHh7/Hx8f/x8fH/8fHx//Hx8f/x8fH/8dHR3/HR0d/xwcHP8cHBz/HR0d/x0dHf8eHh7/Hh4e/x8fH/8fHx//ICAg/yEhIf8hISH/ISEh/yQkJP8nJyf/Ly8v/zs7O/8/Pz//R0dH/0FBQf8vLy//KCgo/yMjI/8hISH/IiIi/yIiIv8iIiL/ISEh/yIiIv8iIiL/IyMj/yMjI/8jIyP/IyMj/yMjI/8jIyP/IyMj/yMjI/8jIyP/IyMj/yQkJP8kJCT/JCQk/yQkJP8kJCT/JSUl/yUlJf8lJSX/JSUl/yUlJf8lJSX/JSUl/yUlJf8lJSX/JiYm/yYmJv8lJSX/JSUl/yUlJf8lJSX/JSUl/yUlJf8kJCT/IyMj/yQkJP8kJCT/JSUl/yYmJv8mJib/JiYm/yUlJf8kJCT/JCQk/yQkJP8kJCT/IyMj/yMjI/8kJCT/JCQk/yUlJf8lJSX/JSUl/yUlJf8lJSX/JCQk/yUlJf8lJSX/JiYm/yYmJv8mJib/JiYm/yUlJf8lJSX/JSUl/yYmJv8mJib/JSUl/yUlJf8lJSX/JiYm/yYmJv8mJib/JiYm/yYmJv8lJSX/JSUl/yYmJv8nJyf/Jycn/ycnJ/8nJyf/Jycn/ycnJ/8oKCj/KCgo/ykpKf8pKSn/KSkp/ykpKf8pKSn/KSkp/yoqKv8rKyv/Kioq/ykpKf8pKSn/KCgo/ygoKP8oKCj/KCgo/ygoKP8oKCj/KCgo/ygoKP8nJyf/Jycn/ycnJ/8nJyf/KCgo/ygoKP8oKCj/KCgo/ygoKP8oKCj/KCgo/ykpKf8oKCj/KCgo/ygoKP8pKSn/KSkp/ykpKf8pKSn/KSkp/ykpKf8oKCj/Jycn/ygoKP8pKSn/KSkp/ykpKf8pKSn/Kioq/yoqKv8qKir/Kioq/yoqKv8qKir/LCws/y0tLf8sLCz/LCws/ywsLP8rKyv/Kysr/ysrK/8rKyv/Kysr/ysrK/8sLCz/LCws/ywsLP8rKyv/Kioq/yoqKv8pKSn/Kioq/ywsLP8tLS3/LS0t/y0tLf8sLCz/Kysr/ysrK/8rKyv/Kysr/ysrK/8rKyv/Kysr/ysrK/8rKyv/Kioq/yoqKv8pKSn/KSkp/ykpKf8pKSn/KSkp/ygoKP8oKCj/KSkp/ykpKf8pKSn/KSkp/ykpKf8pKSn/KSkp/yoqKv8pKSn/KCgo/ykpKf8pKSn/KSkp/ykpKf8pKSn/KSkp/ykpKf8oKCj/Jycn/yYmJv8mJib/Jycn/ygoKP8oKCj/KCgo/ycnJ/8nJyf/JiYm/yYmJv8mJib/Jycn/ycnJ/8nJyf/Jycn/ygoKP8nJyf/JiYm/yYmJv8nJyf/KCgo/ykpKf8pKSn/KSkp/ykpKf8oKCj/Jycn/ycnJ/8mJib/JiYm/yYmJv8mJib/JiYm/yYmJv8mJib/JiYm/yYmJv8mJib/JiYm/yUlJf8lJSX/JSUl/yYmJv8VFRX/FRUV/xUVFf8VFRX/FRUV/xYWFv8WFhb/FhYW/xYWFv8WFhb/FhYW/xYWFv8WFhb/FhYW/xYWFv8XFxf/FxcX/xcXF/8XFxf/FxcX/xcXF/8XFxf/FxcX/xYWFv8WFhb/FhYW/xYWFv8VFRX/FRUV/xQUFP8UFBT/ExMT/xMTE/8UFBT/FBQU/xQUFP8VFRX/FBQU/xQUFP8TExP/ExMT/xUVFf8XFxf/Gxsb/yEhIf8hISH/ISEh/yAgIP8fHx//Hx8f/x4eHv8dHR3/HBwc/xoaGv8bGxv/Gxsb/xsbG/8bGxv/Gxsb/xsbG/8bGxv/HBwc/xwcHP8bGxv/Gxsb/xsbG/8bGxv/Gxsb/xsbG/8bGxv/Gxsb/xsbG/8bGxv/Gxsb/xsbG/8bGxv/Gxsb/xsbG/8bGxv/HBwc/xwcHP8cHBz/HBwc/xwcHP8dHR3/Hh4e/yEhIf8hISH/ICAg/yAgIP8fHx//Hh4e/x4eHv8eHh7/HR0d/x0dHf8cHBz/Gxsb/xsbG/8bGxv/HBwc/xwcHP8cHBz/HBwc/x0dHf8dHR3/Hh4e/x0dHf8dHR3/HR0d/x0dHf8dHR3/HR0d/x0dHf8dHR3/HR0d/x0dHf8eHh7/Hh4e/x4eHv8fHx//Hx8f/x4eHv8eHh7/Hh4e/x4eHv8dHR3/HR0d/xsbG/8bGxv/Gxsb/xsbG/8bGxv/HBwc/xwcHP8cHBz/Gxsb/xsbG/8aGhr/Ghoa/xoaGv8bGxv/Ghoa/xoaGv8aGhr/Ghoa/xoaGv8aGhr/Ghoa/xoaGv8aGhr/GRkZ/xkZGf8ZGRn/GRkZ/xkZGf8aGhr/Ghoa/xoaGv8aGhr/GRkZ/xkZGf8ZGRn/GRkZ/xkZGf8ZGRn/GRkZ/xoaGv8aGhr/Gxsb/xsbG/8bGxv/Ghoa/xoaGv8ZGRn/GRkZ/xkZGf8ZGRn/GRkZ/xgYGP8YGBj/GRkZ/xkZGf8ZGRn/Ghoa/xoaGv8aGhr/GRkZ/xkZGf8YGBj/GBgY/xgYGP8YGBj/GBgY/xkZGf8ZGRn/GRkZ/xkZGf8aGhr/Ghoa/xkZGf8ZGRn/GRkZ/xkZGf8ZGRn/GRkZ/xkZGf8ZGRn/GRkZ/xkZGf8ZGRn/GRkZ/xkZGf8ZGRn/GRkZ/xgYGP8YGBj/GBgY/xgYGP8YGBj/GBgY/xcXF/8XFxf/FxcX/xcXF/8YGBj/GBgY/xgYGP8YGBj/GBgY/xgYGP8ZGRn/GRkZ/xkZGf8aGhr/GRkZ/xkZGf8ZGRn/GBgY/xgYGP8YGBj/GBgY/xgYGP8ZGRn/GRkZ/xkZGf8ZGRn/Ghoa/xoaGv8aGhr/GRkZ/xgYGP8YGBj/GBgY/xkZGf8ZGRn/GRkZ/xkZGf8ZGRn/GRkZ/xoaGv8aGhr/Ghoa/xkZGf8ZGRn/GRkZ/xkZGf8ZGRn/GRkZ/xkZGf8aGhr/GRkZ/xkZGf8ZGRn/GRkZ/xkZGf8ZGRn/GRkZ/xkZGf8aGhr/Ghoa/xoaGv8aGhr/Ghoa/xoaGv8aGhr/Ghoa/xoaGv8aGhr/Ghoa/xoaGv8aGhr/Ghoa/xoaGv8aGhr/Ghoa/xoaGv8aGhr/Ghoa/xoaGv8aGhr/Ghoa/xkZGf8ZGRn/GRkZ/xkZGf8ZGRn/GRkZ/xkZGf8ZGRn/GRkZ/xkZGf8YGBj/GBgY/xkZGf8ZGRn/Ghoa/xoaGv8aGhr/Gxsb/xoaGv8ZGRn/GRkZ/xkZGf8ZGRn/GBgY/xgYGP8ZGRn/GRkZ/xkZGf8aGhr/Ghoa/xsbG/8bGxv/Gxsb/xoaGv8aGhr/Ghoa/5ubm/+VlZX/jY2N/66urv/Z2dn/4ODg/+jo6P/m5ub/4eHh/9bW1v/AwMD/wsLC/9nZ2f/i4uL/5+fn/+rq6v/r6+v/6+vr/+vr6//r6+v/6+vr/+zs7P/s7Oz/6+vr/+vr6//q6ur/6+vr/+zs7P/s7Oz/7e3t/+3t7f/u7u7/7u7u/+/v7//w8PD/8PDw//Dw8P/x8fH/8fHx//Hx8f/x8fH/8fHx//Hx8f/x8fH/8PDw//Hx8f/x8fH/8fHx//Dw8P/w8PD/7+/v/+/v7//v7+//7+/v//Dw8P/w8PD/8fHx//Ly8v/09PT/9vb2//b29v/29vb/9vb2//X19f/09PT/8/Pz//Pz8//y8vL/8fHx//Hx8f/x8fH/8PDw//Dw8P/v7+//7u7u/+3t7f/t7e3/7e3t/+zs7P/s7Oz/7Ozs/+zs7P/s7Oz/7Ozs/+zs7P/s7Oz/7e3t/+3t7f/u7u7/7u7u/+zs7P/o6Oj/3d3d/9LS0v/Dw8P/tLS0/8fHx//f39//5OTk/+rq6v/q6ur/6enp/+jo6P/k5OT/3t7e/9DQ0P/Ozs7/1NTU/9DQ0P+xsbH/nZ2d/6CgoP+jo6P/vr6+/9zc3P/h4eH/5ubm/97e3v/S0tL/qqqq/2RkZP9TU1P/Q0ND/0FBQf9DQ0P/RUVF/0lJSf9JSUn/RERE/0FBQf9CQkL/QkJC/0ZGRv9LS0v/TU1N/1BQUP9JSUn/QEBA/z09Pf87Ozv/Ojo6/zo6Ov87Ozv/Pj4+/z4+Pv8+Pj7/PT09/zo6Ov85OTn/Ojo6/zs7O/87Ozv/Ozs7/zs7O/87Ozv/Ojo6/zk5Of84ODj/NTU1/zU1Nf81NTX/NDQ0/zIyMv8xMTH/MDAw/y8vL/8wMDD/MDAw/zAwMP8wMDD/MDAw/zAwMP8wMDD/MTEx/zAwMP8uLi7/Li4u/y4uLv8uLi7/Li4u/y4uLv8uLi7/Li4u/y4uLv8uLi7/Ly8v/zAwMP8uLi7/LS0t/ywsLP8rKyv/Kysr/ywsLP8sLCz/LCws/ywsLP8sLCz/LCws/ysrK/8qKir/Kioq/yoqKv8qKir/Kioq/yoqKv8qKir/Kioq/yoqKv8qKir/Kioq/yoqKv8pKSn/KCgo/ygoKP8nJyf/Jycn/yYmJv8mJib/JiYm/ycnJ/8nJyf/Jycn/ycnJ/8nJyf/Jycn/yYmJv8mJib/JSUl/yUlJf8mJib/KCgo/ykpKf8qKir/KSkp/ygoKP8oKCj/KCgo/ygoKP8nJyf/Jycn/ygoKP8oKCj/Jycn/yYmJv8mJib/JiYm/yYmJv8lJSX/JSUl/yUlJf8lJSX/JSUl/yQkJP8jIyP/IyMj/yQkJP8lJSX/JSUl/yYmJv8mJib/JiYm/yYmJv8mJib/JSUl/yUlJf8kJCT/IyMj/yMjI/8jIyP/IyMj/yQkJP8jIyP/IyMj/yIiIv8iIiL/IiIi/yEhIf8hISH/IiIi/yMjI/8jIyP/IiIi/yMjI/8jIyP/IyMj/yMjI/8jIyP/IiIi/yMjI/8jIyP/IyMj/yMjI/8jIyP/IiIi/yIiIv8iIiL/ISEh/yEhIf8iIiL/IiIi/yMjI/8hISH/ICAg/yAgIP8hISH/ISEh/yEhIf8gICD/ICAg/yAgIP8gICD/ICAg/yAgIP8hISH/ISEh/yEhIf8hISH/ISEh/yEhIf8gICD/ICAg/yAgIP8gICD/Hx8f/x8fH/8fHx//Hh4e/x4eHv8dHR3/HR0d/x0dHf8fHx//Hx8f/x4eHv8eHh7/Hh4e/x4eHv8eHh7/KCgo/ygoKP8nJyf/Jycn/yYmJv8mJib/JiYm/yYmJv8lJSX/JiYm/yYmJv8mJib/JiYm/yYmJv8lJSX/JSUl/yQkJP8kJCT/JCQk/yQkJP8kJCT/JCQk/yQkJP8kJCT/JCQk/yQkJP8lJSX/JSUl/yUlJf8mJib/JSUl/yMjI/8iIiL/IiIi/yIiIv8hISH/ISEh/yIiIv8jIyP/IiIi/yEhIf8hISH/ICAg/ycnJ/8xMTH/QUFB/1xcXP9ZWVn/RkZG/z4+Pv83Nzf/NDQ0/zMzM/8yMjL/MjIy/zExMf8wMDD/Ly8v/y8vL/8vLy//MDAw/zIyMv8zMzP/NTU1/zY2Nv83Nzf/ODg4/zg4OP84ODj/NjY2/zU1Nf81NTX/NDQ0/zMzM/8yMjL/MjIy/zIyMv8yMjL/MjIy/zMzM/81NTX/NTU1/zU1Nf80NDT/NDQ0/zQ0NP81NTX/NjY2/zY2Nv82Njb/NjY2/zY2Nv83Nzf/ODg4/zY2Nv81NTX/NTU1/zY2Nv82Njb/NjY2/zU1Nf81NTX/NTU1/zMzM/8zMzP/NDQ0/zQ0NP81NTX/NTU1/zU1Nf82Njb/NTU1/zU1Nf80NDT/MzMz/zMzM/8zMzP/NDQ0/zU1Nf81NTX/NDQ0/zQ0NP80NDT/NDQ0/zQ0NP80NDT/NDQ0/zQ0NP80NDT/NDQ0/zY2Nv85OTn/OTk5/zo6Ov85OTn/Nzc3/zg4OP85OTn/OTk5/zk5Of85OTn/Nzc3/zc3N/82Njb/NjY2/zY2Nv82Njb/Nzc3/zg4OP83Nzf/NjY2/zc3N/84ODj/Nzc3/zc3N/82Njb/NTU1/zY2Nv82Njb/Nzc3/zc3N/84ODj/OTk5/zk5Of86Ojr/Ojo6/zo6Ov85OTn/OTk5/zg4OP84ODj/Nzc3/zg4OP85OTn/Ojo6/zw8PP88PDz/PT09/zw8PP86Ojr/Ojo6/zo6Ov86Ojr/Ojo6/zo6Ov85OTn/OTk5/zo6Ov86Ojr/OTk5/zg4OP84ODj/ODg4/zk5Of85OTn/Ojo6/zs7O/87Ozv/Ozs7/zs7O/85OTn/ODg4/zg4OP83Nzf/ODg4/zg4OP85OTn/OTk5/zo6Ov87Ozv/PDw8/z09Pf88PDz/Ojo6/zo6Ov86Ojr/Ojo6/zk5Of85OTn/ODg4/zg4OP84ODj/ODg4/zo6Ov87Ozv/Ozs7/zs7O/86Ojr/Ojo6/zo6Ov86Ojr/OTk5/zk5Of84ODj/Nzc3/zg4OP85OTn/Ojo6/zo6Ov86Ojr/OTk5/zg4OP85OTn/Ojo6/zs7O/88PDz/Ozs7/zo6Ov86Ojr/Ojo6/zo6Ov86Ojr/Ojo6/zo6Ov86Ojr/Ojo6/zk5Of84ODj/ODg4/zg4OP84ODj/ODg4/zg4OP84ODj/ODg4/zk5Of87Ozv/Ozs7/zs7O/87Ozv/Ojo6/zs7O/87Ozv/Ozs7/zw8PP88PDz/PDw8/zw8PP8+Pj7/Pz8//z8/P/8/Pz//QEBA/0BAQP8+Pj7/PDw8/zw8PP88PDz/PT09/z09Pf8+Pj7/Pj4+/z4+Pv8+Pj7/PT09/z09Pf89PT3/Pz8//0FBQf9HR0f/TExM/0dHR/9BQUH/Pz8//zw8PP89PT3/Pz8//0FBQf9DQ0P/Q0ND/0FBQf9CQkL/RUVF/0lJSf9QUFD/VlZW/2FhYf9nZ2f/YmJi/11dXf9aWlr/WFhY/1tbW/9gYGD/c3Nz/5KSkv+jo6P/vr6+/7y8vP+xsbH/t7e3/9DQ0P/W1tb/y8vL/8TExP+8vLz/tLS0/6ioqP8aGhr/Ghoa/xoaGv8aGhr/Ghoa/xoaGv8bGxv/Gxsb/xsbG/8bGxv/Gxsb/xsbG/8bGxv/Gxsb/xsbG/8bGxv/Gxsb/xsbG/8bGxv/Gxsb/xsbG/8bGxv/Gxsb/xsbG/8cHBz/HBwc/xwcHP8cHBz/HBwc/xwcHP8bGxv/Gxsb/xsbG/8bGxv/Gxsb/xwcHP8cHBz/HBwc/xsbG/8cHBz/HBwc/xwcHP8dHR3/HBwc/xsbG/8bGxv/Gxsb/xsbG/8bGxv/Gxsb/xsbG/8bGxv/HBwc/xwcHP8cHBz/HBwc/x0dHf8dHR3/HR0d/x4eHv8eHh7/Hh4e/x4eHv8eHh7/HR0d/xwcHP8cHBz/HBwc/xwcHP8cHBz/HBwc/x0dHf8dHR3/Hh4e/x8fH/8gICD/ISEh/yEhIf8gICD/IiIi/yQkJP8nJyf/LCws/ywsLP8pKSn/KCgo/yUlJf8jIyP/ISEh/yAgIP8hISH/IiIi/yEhIf8hISH/ISEh/yIiIv8iIiL/IyMj/yMjI/8jIyP/IyMj/yMjI/8jIyP/IyMj/yMjI/8kJCT/JCQk/yUlJf8lJSX/JSUl/yUlJf8lJSX/JiYm/yYmJv8mJib/JSUl/yUlJf8lJSX/JSUl/yUlJf8mJib/JiYm/yYmJv8mJib/JiYm/yYmJv8lJSX/JSUl/yQkJP8kJCT/JCQk/yQkJP8lJSX/JiYm/yYmJv8mJib/JiYm/yUlJf8lJSX/JCQk/yQkJP8jIyP/IyMj/yQkJP8lJSX/JSUl/yUlJf8mJib/JiYm/yUlJf8kJCT/JSUl/yUlJf8mJib/JiYm/yYmJv8mJib/JiYm/yUlJf8lJSX/JiYm/yYmJv8lJSX/JSUl/yYmJv8mJib/JiYm/yYmJv8mJib/JiYm/yYmJv8lJSX/JiYm/ycnJ/8nJyf/KCgo/ygoKP8nJyf/KCgo/ykpKf8pKSn/Kioq/yoqKv8qKir/Kioq/ykpKf8pKSn/Kioq/ysrK/8qKir/Kioq/ykpKf8oKCj/KCgo/ygoKP8oKCj/KCgo/ygoKP8oKCj/KCgo/ycnJ/8nJyf/Jycn/ycnJ/8oKCj/KCgo/ygoKP8oKCj/KCgo/ygoKP8oKCj/KSkp/ykpKf8oKCj/KCgo/ykpKf8pKSn/Kioq/yoqKv8pKSn/KSkp/ygoKP8oKCj/KSkp/ykpKf8pKSn/KSkp/yoqKv8rKyv/Kysr/yoqKv8qKir/Kioq/ysrK/8tLS3/Li4u/y0tLf8tLS3/LS0t/ywsLP8sLCz/LCws/ywsLP8sLCz/LCws/y0tLf8tLS3/LS0t/ywsLP8rKyv/Kioq/yoqKv8rKyv/LS0t/y0tLf8tLS3/LS0t/ywsLP8sLCz/LCws/ysrK/8rKyv/Kysr/ysrK/8rKyv/Kysr/ysrK/8rKyv/Kioq/yoqKv8pKSn/Kioq/yoqKv8qKir/KSkp/ygoKP8pKSn/KSkp/ykpKf8pKSn/KSkp/ykpKf8qKir/Kioq/ykpKf8oKCj/KCgo/ygoKP8pKSn/KSkp/ykpKf8pKSn/KSkp/ygoKP8nJyf/JiYm/yYmJv8nJyf/KCgo/ygoKP8oKCj/KCgo/ycnJ/8nJyf/JiYm/ycnJ/8nJyf/Jycn/ycnJ/8nJyf/KCgo/ygoKP8nJyf/Jycn/ygoKP8oKCj/KSkp/yoqKv8pKSn/KSkp/ygoKP8nJyf/Jycn/ycnJ/8nJyf/JiYm/ycnJ/8nJyf/Jycn/ycnJ/8nJyf/Jycn/ycnJ/8mJib/JiYm/yYmJv8mJib/Jycn/xUVFf8VFRX/FRUV/xUVFf8VFRX/FRUV/xYWFv8WFhb/FhYW/xYWFv8WFhb/FhYW/xYWFv8WFhb/FhYW/xYWFv8XFxf/FxcX/xcXF/8XFxf/FxcX/xcXF/8XFxf/FhYW/xYWFv8WFhb/FhYW/xUVFf8VFRX/FBQU/xQUFP8UFBT/FBQU/xQUFP8UFBT/FRUV/xUVFf8VFRX/FBQU/xQUFP8TExP/FRUV/xgYGP8cHBz/IiIi/yIiIv8iIiL/ISEh/yAgIP8fHx//Hh4e/x0dHf8bGxv/Ghoa/xsbG/8bGxv/Gxsb/xsbG/8bGxv/Gxsb/xwcHP8cHBz/HBwc/xwcHP8cHBz/Gxsb/xsbG/8bGxv/Gxsb/xsbG/8bGxv/Gxsb/xsbG/8bGxv/Gxsb/xsbG/8bGxv/Gxsb/xsbG/8bGxv/HBwc/xwcHP8cHBz/HR0d/x4eHv8fHx//ISEh/yIiIv8hISH/ISEh/x8fH/8eHh7/Hx8f/x8fH/8eHh7/Hh4e/x0dHf8cHBz/Gxsb/xsbG/8cHBz/HBwc/xwcHP8cHBz/HR0d/x0dHf8dHR3/HR0d/x0dHf8dHR3/HR0d/x0dHf8dHR3/HR0d/x0dHf8dHR3/HR0d/x4eHv8eHh7/Hx8f/x8fH/8gICD/ICAg/x8fH/8eHh7/Hh4e/x0dHf8dHR3/HBwc/xsbG/8bGxv/Gxsb/xwcHP8cHBz/HBwc/xwcHP8cHBz/Gxsb/xsbG/8bGxv/Gxsb/xsbG/8bGxv/Ghoa/xoaGv8aGhr/Ghoa/xoaGv8aGhr/Ghoa/xoaGv8aGhr/GRkZ/xkZGf8ZGRn/Ghoa/xoaGv8aGhr/Ghoa/xoaGv8ZGRn/GRkZ/xkZGf8ZGRn/GRkZ/xkZGf8aGhr/Ghoa/xoaGv8bGxv/Gxsb/xsbG/8aGhr/Ghoa/xoaGv8aGhr/Ghoa/xkZGf8ZGRn/GBgY/xgYGP8ZGRn/GRkZ/xoaGv8aGhr/Ghoa/xoaGv8aGhr/GRkZ/xkZGf8YGBj/GBgY/xgYGP8ZGRn/GRkZ/xkZGf8ZGRn/GRkZ/xoaGv8aGhr/GRkZ/xkZGf8ZGRn/GRkZ/xkZGf8ZGRn/GRkZ/xkZGf8ZGRn/GRkZ/xkZGf8ZGRn/GRkZ/xkZGf8ZGRn/GBgY/xgYGP8YGBj/GBgY/xgYGP8YGBj/GBgY/xcXF/8XFxf/FxcX/xgYGP8YGBj/GBgY/xgYGP8ZGRn/GRkZ/xkZGf8aGhr/Ghoa/xoaGv8aGhr/GRkZ/xkZGf8ZGRn/GBgY/xgYGP8YGBj/GRkZ/xkZGf8ZGRn/GRkZ/xoaGv8aGhr/Ghoa/xoaGv8ZGRn/GBgY/xgYGP8ZGRn/GRkZ/xkZGf8ZGRn/Ghoa/xoaGv8aGhr/Ghoa/xoaGv8aGhr/Ghoa/xkZGf8ZGRn/GRkZ/xkZGf8ZGRn/GRkZ/xoaGv8aGhr/GRkZ/xkZGf8ZGRn/GRkZ/xoaGv8aGhr/Ghoa/xoaGv8aGhr/Ghoa/xoaGv8aGhr/Ghoa/xsbG/8bGxv/Gxsb/xsbG/8aGhr/Ghoa/xoaGv8aGhr/Ghoa/xoaGv8bGxv/Gxsb/xsbG/8bGxv/Gxsb/xsbG/8aGhr/GRkZ/xkZGf8ZGRn/GRkZ/xkZGf8aGhr/Ghoa/xoaGv8ZGRn/GRkZ/xgYGP8YGBj/GRkZ/xkZGf8aGhr/Ghoa/xsbG/8bGxv/Ghoa/xkZGf8ZGRn/GRkZ/xkZGf8ZGRn/GRkZ/xkZGf8aGhr/Ghoa/xsbG/8bGxv/Gxsb/xsbG/8bGxv/Ghoa/xoaGv8aGhr/XFxc/1xcXP9cXFz/ampq/35+fv+AgID/goKC/4GBgf9/f3//e3t7/3Nzc/90dHT/f39//4SEhP+IiIj/jIyM/5CQkP+Tk5P/kZGR/4+Pj/+Tk5P/l5eX/5WVlf+RkZH/j4+P/42Njf+Pj4//lZWV/5eXl/+bm5v/nZ2d/6CgoP+jo6P/qamp/6ysrP+tra3/rq6u/6+vr/+xsbH/srKy/7S0tP+ysrL/sLCw/7CwsP+urq7/r6+v/7Gxsf+xsbH/rq6u/6ysrP+pqan/qKio/6ioqP+oqKj/qamp/6urq/+xsbH/uLi4/8HBwf/MzMz/zc3N/8/Pz//MzMz/x8fH/8TExP++vr7/urq6/7W1tf+0tLT/srKy/7Gxsf+tra3/qqqq/6Wlpf+hoaH/np6e/5qamv+ZmZn/mJiY/5eXl/+Wlpb/lZWV/5SUlP+Tk5P/k5OT/5WVlf+ZmZn/m5ub/6CgoP+hoaH/nJyc/5iYmP+Kior/fX19/3V1df9ra2v/dHR0/39/f/+FhYX/jo6O/4yMjP+IiIj/hISE/3x8fP94eHj/cXFx/29vb/9wcHD/bm5u/2FhYf9aWlr/Wlpa/1tbW/9mZmb/cXFx/3Nzc/90dHT/cXFx/2tra/9cXFz/QUFB/zs7O/80NDT/MzMz/zQ0NP80NDT/NTU1/zY2Nv81NTX/NDQ0/zQ0NP80NDT/NTU1/zY2Nv83Nzf/ODg4/zU1Nf8xMTH/MDAw/y4uLv8uLi7/LS0t/y0tLf8uLi7/Li4u/y4uLv8uLi7/Li4u/y4uLv8vLy//MDAw/y8vL/8vLy//Li4u/y0tLf8tLS3/Kysr/ysrK/8rKyv/Kioq/ygoKP8oKCj/Jycn/ycnJ/8nJyf/Jycn/yYmJv8mJib/JiYm/yYmJv8mJib/Jycn/ygoKP8oKCj/Jycn/yYmJv8mJib/JiYm/yYmJv8nJyf/Jycn/ycnJ/8nJyf/JiYm/yYmJv8mJib/JiYm/yUlJf8kJCT/JCQk/yQkJP8kJCT/JSUl/yQkJP8kJCT/JCQk/yQkJP8kJCT/IyMj/yMjI/8jIyP/IyMj/yQkJP8kJCT/JCQk/yMjI/8jIyP/IyMj/yMjI/8jIyP/IiIi/yIiIv8iIiL/IiIi/yEhIf8hISH/ISEh/yEhIf8hISH/ISEh/yEhIf8hISH/ISEh/yEhIf8hISH/ISEh/yEhIf8hISH/ISEh/yEhIf8iIiL/IiIi/yIiIv8hISH/ISEh/yAgIP8hISH/ISEh/yAgIP8gICD/ICAg/yAgIP8fHx//Hx8f/x8fH/8fHx//Hh4e/x4eHv8eHh7/Hh4e/x4eHv8eHh7/HR0d/xwcHP8dHR3/Hh4e/x8fH/8eHh7/Hh4e/x4eHv8eHh7/Hh4e/x8fH/8eHh7/Hh4e/x4eHv8eHh7/Hh4e/x4eHv8dHR3/HR0d/x0dHf8cHBz/HBwc/xwcHP8cHBz/HBwc/xwcHP8dHR3/HR0d/xwcHP8bGxv/HBwc/xwcHP8cHBz/HBwc/xwcHP8bGxv/Gxsb/xwcHP8bGxv/Gxsb/xsbG/8bGxv/Gxsb/xoaGv8aGhr/Ghoa/xoaGv8bGxv/Gxsb/xoaGv8ZGRn/GRkZ/xoaGv8aGhr/Ghoa/xoaGv8ZGRn/GRkZ/xkZGf8ZGRn/GRkZ/xoaGv8aGhr/Ghoa/xoaGv8aGhr/GRkZ/xgYGP8YGBj/GRkZ/xgYGP8YGBj/GBgY/xgYGP8YGBj/FxcX/xcXF/8XFxf/FxcX/xcXF/8YGBj/FxcX/xcXF/8XFxf/FxcX/xcXF/8oKCj/KCgo/ygoKP8nJyf/Jycn/ycnJ/8nJyf/Jycn/ycnJ/8nJyf/JiYm/yUlJf8lJSX/JSUl/yUlJf8lJSX/JSUl/yUlJf8lJSX/JSUl/yUlJf8lJSX/JSUl/yUlJf8lJSX/JSUl/yYmJv8mJib/JiYm/yYmJv8mJib/JSUl/yUlJf8kJCT/JCQk/yMjI/8jIyP/IyMj/yIiIv8iIiL/ISEh/yEhIf8hISH/LCws/z09Pf9ISEj/Wlpa/1NTU/84ODj/Ly8v/ygoKP8mJib/JSUl/yUlJf8lJSX/JSUl/yQkJP8kJCT/JCQk/yQkJP8kJCT/JCQk/yUlJf8lJSX/JiYm/ycnJ/8nJyf/Jycn/ycnJ/8lJSX/JSUl/yUlJf8lJSX/JSUl/yUlJf8lJSX/JSUl/yUlJf8kJCT/JSUl/yUlJf8lJSX/JSUl/yUlJf8lJSX/JSUl/yYmJv8mJib/Jycn/ycnJ/8nJyf/Jycn/ygoKP8oKCj/Jycn/ycnJ/8nJyf/Jycn/ycnJ/8nJyf/Jycn/ycnJ/8nJyf/Jycn/ycnJ/8nJyf/Jycn/ycnJ/8nJyf/Jycn/ycnJ/8oKCj/KSkp/ygoKP8nJyf/Jycn/ycnJ/8oKCj/KSkp/ykpKf8oKCj/KCgo/ygoKP8oKCj/KCgo/ygoKP8nJyf/Jycn/ygoKP8pKSn/Kioq/yoqKv8qKir/Kysr/yoqKv8pKSn/KSkp/yoqKv8qKir/Kioq/yoqKv8qKir/Kioq/yoqKv8qKir/Kioq/yoqKv8qKir/Kioq/yoqKv8qKir/Kioq/yoqKv8qKir/KSkp/ykpKf8pKSn/KSkp/yoqKv8qKir/Kioq/ysrK/8sLCz/LS0t/y0tLf8tLS3/LS0t/y0tLf8sLCz/LCws/ywsLP8sLCz/LCws/y0tLf8tLS3/Li4u/y8vL/8vLy//Ly8v/y4uLv8uLi7/LS0t/y0tLf8uLi7/Li4u/y4uLv8uLi7/LS0t/y0tLf8tLS3/LCws/ywsLP8rKyv/LCws/y0tLf8tLS3/Li4u/y4uLv8vLy//Ly8v/y4uLv8tLS3/LCws/ywsLP8sLCz/LS0t/y0tLf8uLi7/Li4u/y8vL/8vLy//MDAw/y8vL/8uLi7/Li4u/zAwMP8wMDD/Ly8v/y8vL/8vLy//Li4u/y4uLv8uLi7/Ly8v/zAwMP8vLy//Ly8v/y8vL/8vLy//Ly8v/y8vL/8vLy//Ly8v/y8vL/8uLi7/Ly8v/zAwMP8wMDD/MDAw/y8vL/8uLi7/LS0t/y4uLv8uLi7/Ly8v/y8vL/8vLy//Ly8v/y8vL/8vLy//Ly8v/y8vL/8vLy//Ly8v/y8vL/8vLy//Ly8v/y8vL/8vLy//Ly8v/y8vL/8wMDD/MTEx/zAwMP8vLy//MDAw/zExMf8yMjL/MjIy/zIyMv8zMzP/MjIy/zIyMv8yMjL/MjIy/zIyMv8yMjL/MjIy/zMzM/8zMzP/MzMz/zIyMv8yMjL/MjIy/zIyMv8xMTH/MTEx/zExMf8xMTH/MjIy/zIyMv8yMjL/MjIy/zIyMv8yMjL/MjIy/zIyMv8zMzP/NDQ0/zY2Nv84ODj/Nzc3/zU1Nf80NDT/MzMz/zQ0NP82Njb/Nzc3/zk5Of84ODj/NjY2/zY2Nv82Njb/ODg4/zw8PP8+Pj7/QUFB/0NDQ/9CQkL/QEBA/0BAQP8/Pz//QUFB/0NDQ/9KSkr/VVVV/1tbW/9lZWX/ZWVl/2FhYf9lZWX/cHBw/3Jycv9ubm7/a2tr/2hoaP9lZWX/YWFh/xsbG/8bGxv/Gxsb/xoaGv8aGhr/Ghoa/xsbG/8bGxv/Gxsb/xsbG/8cHBz/HBwc/xwcHP8cHBz/HBwc/x0dHf8dHR3/HR0d/x0dHf8cHBz/HBwc/xwcHP8cHBz/HBwc/x0dHf8dHR3/HR0d/x0dHf8dHR3/HR0d/x0dHf8dHR3/HBwc/xwcHP8cHBz/HR0d/x0dHf8dHR3/HBwc/x0dHf8dHR3/HR0d/xwcHP8cHBz/HBwc/x0dHf8dHR3/HR0d/x0dHf8dHR3/HR0d/x0dHf8dHR3/HR0d/x0dHf8dHR3/HR0d/x0dHf8dHR3/HR0d/x4eHv8eHh7/Hh4e/x4eHv8eHh7/HR0d/x0dHf8eHh7/Hh4e/x4eHv8eHh7/Hh4e/x8fH/8fHx//ICAg/yAgIP8hISH/ISEh/yAgIP8hISH/IiIi/yMjI/8mJib/JiYm/yUlJf8kJCT/IyMj/yIiIv8hISH/ISEh/yEhIf8hISH/ISEh/yEhIf8hISH/ISEh/yIiIv8jIyP/IyMj/yIiIv8jIyP/IyMj/yMjI/8kJCT/JCQk/yQkJP8kJCT/JCQk/yQkJP8kJCT/JCQk/yUlJf8lJSX/JSUl/yUlJf8kJCT/JCQk/yQkJP8lJSX/JSUl/yQkJP8kJCT/JSUl/yUlJf8mJib/JiYm/yYmJv8mJib/JiYm/yYmJv8mJib/JiYm/yYmJv8mJib/Jycn/ycnJ/8oKCj/KCgo/ycnJ/8mJib/JSUl/yUlJf8lJSX/JiYm/yYmJv8nJyf/Jycn/yYmJv8lJSX/JSUl/yUlJf8mJib/JiYm/ycnJ/8nJyf/JiYm/yUlJf8lJSX/JiYm/yYmJv8lJSX/JSUl/yUlJf8mJib/JiYm/yYmJv8mJib/JSUl/yYmJv8nJyf/Jycn/yYmJv8nJyf/Jycn/ycnJ/8nJyf/Jycn/ygoKP8oKCj/KCgo/ygoKP8pKSn/KSkp/yoqKv8qKir/Kioq/yoqKv8qKir/Kioq/ykpKf8pKSn/KSkp/ykpKf8pKSn/KSkp/ykpKf8pKSn/KSkp/ygoKP8oKCj/KCgo/ygoKP8oKCj/KCgo/ygoKP8pKSn/KCgo/ygoKP8oKCj/KSkp/ykpKf8pKSn/KSkp/ykpKf8pKSn/Kioq/ysrK/8rKyv/Kysr/yoqKv8qKir/Kioq/yoqKv8qKir/Kioq/yoqKv8qKir/Kioq/ysrK/8rKyv/Kysr/ywsLP8sLCz/LCws/y0tLf8uLi7/Li4u/y8vL/8vLy//Ly8v/y8vL/8vLy//MDAw/zAwMP8wMDD/MDAw/zAwMP8vLy//Li4u/y0tLf8tLS3/LCws/y0tLf8uLi7/Li4u/y4uLv8uLi7/Li4u/y4uLv8uLi7/Li4u/ywsLP8rKyv/Kysr/ysrK/8rKyv/Kioq/ysrK/8sLCz/LCws/ysrK/8rKyv/Kysr/ysrK/8qKir/Kioq/ykpKf8pKSn/KSkp/yoqKv8rKyv/Kysr/ysrK/8rKyv/Kioq/yoqKv8qKir/Kioq/yoqKv8qKir/Kioq/ykpKf8pKSn/KSkp/ygoKP8oKCj/KCgo/ycnJ/8nJyf/KCgo/ygoKP8oKCj/KCgo/ygoKP8nJyf/Jycn/ycnJ/8nJyf/Jycn/ycnJ/8oKCj/KCgo/ykpKf8pKSn/KCgo/ygoKP8oKCj/KCgo/ykpKf8qKir/Kioq/ykpKf8pKSn/KCgo/ygoKP8oKCj/KCgo/ygoKP8oKCj/KCgo/ygoKP8oKCj/KCgo/ycnJ/8nJyf/Jycn/ycnJ/8nJyf/FhYW/xYWFv8WFhb/FhYW/xYWFv8WFhb/FRUV/xYWFv8XFxf/FxcX/xcXF/8XFxf/FhYW/xYWFv8XFxf/FxcX/xcXF/8XFxf/FxcX/xcXF/8XFxf/FxcX/xcXF/8WFhb/FhYW/xYWFv8WFhb/FhYW/xYWFv8VFRX/FRUV/xUVFf8VFRX/FRUV/xUVFf8VFRX/FhYW/xUVFf8UFBT/FRUV/xUVFf8XFxf/GRkZ/x0dHf8jIyP/JCQk/yUlJf8jIyP/ISEh/x8fH/8eHh7/Hh4e/xwcHP8bGxv/HBwc/xwcHP8bGxv/Gxsb/xwcHP8cHBz/HBwc/xsbG/8bGxv/Gxsb/xsbG/8bGxv/Gxsb/xsbG/8bGxv/Gxsb/xsbG/8cHBz/HBwc/xwcHP8bGxv/Gxsb/xwcHP8cHBz/HBwc/xwcHP8cHBz/HBwc/xwcHP8cHBz/HBwc/x0dHf8eHh7/Hx8f/yAgIP8gICD/ICAg/yAgIP8iIiL/IyMj/yIiIv8hISH/Hx8f/x4eHv8eHh7/HR0d/x4eHv8eHh7/Hh4e/x4eHv8eHh7/Hx8f/x8fH/8eHh7/Hh4e/x4eHv8eHh7/Hh4e/x4eHv8eHh7/Hh4e/x4eHv8eHh7/Hh4e/x8fH/8gICD/IiIi/yIiIv8iIiL/ISEh/x8fH/8eHh7/HR0d/x0dHf8cHBz/HBwc/xwcHP8cHBz/HBwc/x0dHf8dHR3/HR0d/x0dHf8cHBz/HBwc/xwcHP8cHBz/HBwc/xwcHP8cHBz/Gxsb/xsbG/8cHBz/HBwc/x0dHf8cHBz/Gxsb/xoaGv8aGhr/Ghoa/xoaGv8aGhr/Ghoa/xoaGv8ZGRn/Ghoa/xoaGv8aGhr/Ghoa/xoaGv8aGhr/Ghoa/xkZGf8ZGRn/GRkZ/xkZGf8ZGRn/Ghoa/xoaGv8aGhr/Ghoa/xoaGv8aGhr/GRkZ/xkZGf8ZGRn/GRkZ/xoaGv8aGhr/Gxsb/xsbG/8aGhr/Ghoa/xoaGv8aGhr/Ghoa/xkZGf8aGhr/Ghoa/xoaGv8aGhr/Ghoa/xoaGv8aGhr/Ghoa/xoaGv8aGhr/Ghoa/xoaGv8aGhr/Ghoa/xoaGv8aGhr/Ghoa/xoaGv8aGhr/Ghoa/xoaGv8aGhr/Ghoa/xkZGf8ZGRn/GRkZ/xkZGf8ZGRn/GRkZ/xkZGf8ZGRn/GRkZ/xkZGf8YGBj/GRkZ/xkZGf8ZGRn/GRkZ/xoaGv8aGhr/Ghoa/xkZGf8ZGRn/GRkZ/xkZGf8aGhr/Ghoa/xoaGv8aGhr/Ghoa/xkZGf8aGhr/Ghoa/xoaGv8aGhr/Gxsb/xsbG/8bGxv/Gxsb/xoaGv8ZGRn/GRkZ/xkZGf8ZGRn/Ghoa/xoaGv8aGhr/Gxsb/xsbG/8bGxv/Gxsb/xsbG/8aGhr/Ghoa/xoaGv8aGhr/Ghoa/xoaGv8aGhr/Ghoa/xoaGv8aGhr/Ghoa/xoaGv8aGhr/Gxsb/xsbG/8bGxv/Gxsb/xsbG/8bGxv/Ghoa/xoaGv8aGhr/Ghoa/xsbG/8bGxv/Gxsb/xoaGv8aGhr/Gxsb/xsbG/8bGxv/Gxsb/xoaGv8aGhr/Ghoa/xoaGv8aGhr/Ghoa/xoaGv8aGhr/Ghoa/xoaGv8aGhr/Ghoa/xoaGv8aGhr/Ghoa/xsbG/8bGxv/Ghoa/xoaGv8aGhr/Ghoa/xsbG/8bGxv/Gxsb/xwcHP8bGxv/Gxsb/xsbG/8bGxv/Gxsb/xsbG/8bGxv/Gxsb/xwcHP8dHR3/HR0d/xwcHP8bGxv/Gxsb/xoaGv8bGxv/Gxsb/xsbG/89PT3/QEBA/0RERP9JSUn/UFBQ/1BQUP9QUFD/T09P/09PT/9OTk7/TU1N/05OTv9TU1P/VlZW/1paWv9dXV3/YmJi/2VlZf9jY2P/YmJi/2dnZ/9tbW3/ampq/2VlZf9jY2P/Xl5e/2JiYv9paWn/bW1t/3Nzc/92dnb/enp6/35+fv+FhYX/ioqK/4uLi/+NjY3/j4+P/5GRkf+SkpL/lJSU/5KSkv+Pj4//j4+P/46Ojv+Pj4//kpKS/5GRkf+NjY3/i4uL/4eHh/+FhYX/hoaG/4eHh/+JiYn/i4uL/5SUlP+cnJz/qKio/7W1tf+3t7f/ubm5/7W1tf+vr6//qqqq/6Ojo/+enp7/mJiY/5WVlf+Tk5P/kZGR/42Njf+JiYn/goKC/319ff94eHj/dHR0/3Nzc/9ycnL/cXFx/29vb/9ubm7/bGxs/2tra/9qamr/bGxs/3Fxcf90dHT/enp6/3t7e/92dnb/cHBw/2JiYv9WVlb/UFBQ/0pKSv9OTk7/UlJS/1hYWP9hYWH/Xl5e/1hYWP9TU1P/S0tL/0dHR/9ERET/QkJC/0BAQP8/Pz//Ozs7/zk5Of85OTn/OTk5/zw8PP8+Pj7/Pj4+/z09Pf87Ozv/ODg4/zU1Nf8wMDD/Li4u/ysrK/8rKyv/LCws/ywsLP8rKyv/Kysr/ywsLP8tLS3/LCws/ywsLP8sLCz/LCws/ywsLP8sLCz/Kysr/ykpKf8oKCj/Jycn/ycnJ/8mJib/JiYm/yUlJf8lJSX/JiYm/yYmJv8nJyf/KCgo/ykpKf8qKir/KSkp/ygoKP8nJyf/JiYm/yUlJf8kJCT/JCQk/yUlJf8kJCT/IiIi/yEhIf8hISH/ISEh/yIiIv8iIiL/ISEh/yAgIP8gICD/ICAg/yEhIf8iIiL/IiIi/yMjI/8iIiL/ISEh/yEhIf8hISH/ISEh/yIiIv8iIiL/IyMj/yMjI/8iIiL/ISEh/yAgIP8gICD/ICAg/x8fH/8gICD/ICAg/yAgIP8gICD/ICAg/x8fH/8fHx//Hx8f/x8fH/8fHx//Hx8f/x8fH/8fHx//ICAg/yAgIP8gICD/Hx8f/x8fH/8eHh7/Hh4e/x4eHv8eHh7/Hh4e/x4eHv8eHh7/Hh4e/x0dHf8dHR3/HR0d/x0dHf8dHR3/HR0d/x0dHf8dHR3/HR0d/x0dHf8dHR3/HR0d/x4eHv8eHh7/Hh4e/x4eHv8eHh7/HR0d/x0dHf8cHBz/HBwc/xwcHP8cHBz/HBwc/xwcHP8cHBz/Gxsb/xsbG/8aGhr/Ghoa/xsbG/8bGxv/Gxsb/xsbG/8bGxv/Ghoa/xoaGv8aGhr/GRkZ/xkZGf8bGxv/Gxsb/xsbG/8aGhr/Ghoa/xoaGv8aGhr/Ghoa/xoaGv8aGhr/Ghoa/xoaGv8aGhr/Ghoa/xoaGv8aGhr/GRkZ/xkZGf8YGBj/GBgY/xkZGf8ZGRn/GRkZ/xkZGf8ZGRn/GBgY/xgYGP8YGBj/GRkZ/xkZGf8ZGRn/GBgY/xgYGP8YGBj/GBgY/xcXF/8XFxf/FxcX/xcXF/8XFxf/FxcX/xcXF/8XFxf/FxcX/xcXF/8XFxf/FhYW/xYWFv8WFhb/FxcX/xcXF/8XFxf/FhYW/xYWFv8WFhb/FhYW/xYWFv8WFhb/FhYW/xYWFv8XFxf/FxcX/xcXF/8VFRX/FBQU/xQUFP8VFRX/FRUV/xUVFf8VFRX/FRUV/xUVFf8UFBT/FBQU/xQUFP8UFBT/FBQU/xQUFP8UFBT/FBQU/xQUFP8UFBT/FBQU/ygoKP8oKCj/KCgo/ygoKP8nJyf/Jycn/ycnJ/8nJyf/KCgo/ycnJ/8mJib/JSUl/yUlJf8lJSX/JSUl/yUlJf8lJSX/JSUl/yUlJf8lJSX/JSUl/yUlJf8lJSX/JSUl/yUlJf8mJib/JiYm/yYmJv8mJib/JiYm/yYmJv8mJib/JiYm/yUlJf8lJSX/JCQk/yQkJP8jIyP/IiIi/yIiIv8hISH/ISEh/yIiIv8tLS3/Pz8//0hISP9VVVX/TExM/zExMf8nJyf/ISEh/x8fH/8fHx//Hx8f/x8fH/8fHx//Hh4e/x4eHv8eHh7/Hh4e/x4eHv8eHh7/Hh4e/x4eHv8eHh7/Hx8f/x8fH/8fHx//Hh4e/x0dHf8dHR3/Hh4e/x4eHv8eHh7/Hx8f/x8fH/8fHx//Hh4e/x4eHv8eHh7/Hh4e/x4eHv8eHh7/Hh4e/x4eHv8eHh7/Hh4e/x8fH/8fHx//ICAg/yAgIP8gICD/ICAg/yAgIP8gICD/ICAg/yAgIP8gICD/ICAg/yAgIP8gICD/ISEh/yEhIf8hISH/ISEh/yEhIf8hISH/ISEh/yAgIP8gICD/ICAg/yEhIf8iIiL/ISEh/yAgIP8hISH/ISEh/yIiIv8iIiL/IiIi/yIiIv8hISH/ISEh/yEhIf8hISH/ISEh/yEhIf8hISH/IiIi/yMjI/8jIyP/IiIi/yMjI/8jIyP/IyMj/yIiIv8iIiL/ISEh/yEhIf8hISH/IiIi/yMjI/8jIyP/IyMj/yMjI/8jIyP/IyMj/yMjI/8jIyP/IyMj/yMjI/8jIyP/IiIi/yIiIv8iIiL/IiIi/yIiIv8jIyP/JCQk/yQkJP8jIyP/JCQk/yUlJf8mJib/JiYm/yYmJv8mJib/JiYm/yYmJv8lJSX/JSUl/yUlJf8mJib/JiYm/yYmJv8nJyf/Jycn/ygoKP8oKCj/KCgo/ycnJ/8mJib/JSUl/ycnJ/8oKCj/Jycn/ycnJ/8mJib/JiYm/yYmJv8lJSX/JSUl/yQkJP8lJSX/JiYm/yYmJv8nJyf/Jycn/ygoKP8oKCj/KCgo/ycnJ/8mJib/JSUl/yYmJv8mJib/JiYm/ycnJ/8nJyf/KCgo/ygoKP8pKSn/KCgo/ycnJ/8oKCj/KSkp/yoqKv8pKSn/KSkp/ykpKf8pKSn/KCgo/ygoKP8oKCj/KSkp/ykpKf8pKSn/KSkp/ykpKf8pKSn/KSkp/ykpKf8qKir/KSkp/ykpKf8pKSn/Kioq/yoqKv8pKSn/KCgo/ycnJ/8nJyf/Jycn/ygoKP8oKCj/KCgo/ygoKP8oKCj/KCgo/ykpKf8pKSn/KSkp/ykpKf8pKSn/KSkp/ykpKf8pKSn/KSkp/ykpKf8pKSn/Kioq/ysrK/8sLCz/Kysr/yoqKv8qKir/LCws/ywsLP8tLS3/LS0t/y0tLf8tLS3/LS0t/ywsLP8sLCz/LCws/ywsLP8sLCz/LCws/ywsLP8sLCz/Kysr/ysrK/8rKyv/Kysr/ysrK/8rKyv/Kysr/ysrK/8rKyv/Kysr/ysrK/8rKyv/Kysr/ywsLP8sLCz/LCws/ywsLP8tLS3/LS0t/y0tLf8tLS3/LS0t/y0tLf8tLS3/Li4u/zAwMP8xMTH/MjIy/zExMf8wMDD/Ly8v/y4uLv8uLi7/MDAw/zExMf8xMTH/MTEx/zExMf8xMTH/MjIy/zIyMv8zMzP/NDQ0/zU1Nf82Njb/Nzc3/zk5Of85OTn/Ojo6/zw8PP9AQED/QUFB/0BAQP8/Pz//Pj4+/z4+Pv8+Pj7/HBwc/xwcHP8bGxv/Gxsb/xoaGv8aGhr/Gxsb/xsbG/8bGxv/Gxsb/xwcHP8cHBz/HBwc/xwcHP8dHR3/HR0d/x4eHv8eHh7/HR0d/x0dHf8dHR3/HR0d/x0dHf8dHR3/HR0d/x4eHv8eHh7/HR0d/x0dHf8eHh7/Hh4e/x0dHf8dHR3/HR0d/x0dHf8eHh7/Hh4e/x4eHv8dHR3/HR0d/x0dHf8dHR3/HBwc/x0dHf8dHR3/HR0d/x4eHv8eHh7/Hh4e/x4eHv8dHR3/HR0d/x4eHv8eHh7/Hh4e/x4eHv8eHh7/HR0d/x0dHf8dHR3/Hh4e/x4eHv8eHh7/Hh4e/x4eHv8dHR3/Hh4e/x8fH/8fHx//Hx8f/x8fH/8fHx//Hx8f/yAgIP8gICD/ICAg/yEhIf8hISH/ICAg/yEhIf8hISH/IiIi/yMjI/8jIyP/IyMj/yMjI/8iIiL/IiIi/yEhIf8hISH/ISEh/yEhIf8hISH/ISEh/yEhIf8hISH/IiIi/yMjI/8jIyP/IiIi/yIiIv8jIyP/JCQk/yUlJf8lJSX/JCQk/yQkJP8jIyP/IyMj/yMjI/8jIyP/JCQk/yUlJf8lJSX/JCQk/yQkJP8jIyP/JCQk/yUlJf8kJCT/JCQk/yQkJP8lJSX/JiYm/yYmJv8mJib/JiYm/yYmJv8nJyf/Jycn/ycnJ/8nJyf/Jycn/yYmJv8nJyf/KCgo/ykpKf8pKSn/KCgo/ycnJ/8mJib/JiYm/ycnJ/8nJyf/Jycn/ygoKP8oKCj/JiYm/yUlJf8lJSX/JiYm/ycnJ/8nJyf/Jycn/ycnJ/8nJyf/JiYm/yYmJv8mJib/JiYm/yUlJf8lJSX/JiYm/yYmJv8mJib/JiYm/yYmJv8lJSX/JiYm/ycnJ/8nJyf/Jycn/ycnJ/8nJyf/Jycn/ycnJ/8nJyf/KCgo/ygoKP8oKCj/KCgo/ykpKf8pKSn/Kioq/yoqKv8qKir/Kioq/yoqKv8pKSn/KSkp/ykpKf8pKSn/KSkp/ykpKf8qKir/Kioq/yoqKv8pKSn/KCgo/ygoKP8pKSn/KSkp/ygoKP8oKCj/KSkp/ykpKf8pKSn/KCgo/ykpKf8pKSn/KSkp/ykpKf8pKSn/KSkp/yoqKv8rKyv/Kysr/ysrK/8rKyv/Kioq/yoqKv8rKyv/Kysr/ysrK/8rKyv/Kioq/yoqKv8qKir/Kysr/ysrK/8sLCz/LCws/y0tLf8tLS3/LS0t/y0tLf8uLi7/Ly8v/y8vL/8wMDD/MDAw/zExMf8xMTH/MTEx/zExMf8yMjL/MTEx/zAwMP8vLy//Li4u/y4uLv8tLS3/Li4u/y8vL/8vLy//Li4u/y4uLv8uLi7/Ly8v/y8vL/8vLy//LS0t/ysrK/8rKyv/Kysr/ysrK/8qKir/Kysr/y0tLf8tLS3/LCws/ywsLP8sLCz/LCws/ysrK/8rKyv/Kioq/ykpKf8qKir/Kioq/ysrK/8sLCz/Kysr/ysrK/8rKyv/Kysr/ysrK/8rKyv/Kysr/yoqKv8qKir/KSkp/ykpKf8pKSn/KSkp/ykpKf8pKSn/KCgo/ycnJ/8oKCj/KCgo/ykpKf8pKSn/KSkp/ygoKP8oKCj/Jycn/ycnJ/8nJyf/Jycn/ygoKP8pKSn/Kioq/yoqKv8pKSn/KCgo/ygoKP8nJyf/KSkp/ysrK/8qKir/Kioq/ykpKf8oKCj/KCgo/ykpKf8pKSn/KSkp/ykpKf8pKSn/KSkp/ygoKP8oKCj/KCgo/ycnJ/8nJyf/Jycn/ygoKP8XFxf/FxcX/xYWFv8WFhb/FhYW/xYWFv8VFRX/FhYW/xcXF/8XFxf/FxcX/xcXF/8WFhb/FhYW/xcXF/8XFxf/FxcX/xcXF/8XFxf/FxcX/xcXF/8XFxf/FhYW/xYWFv8WFhb/FhYW/xYWFv8WFhb/FhYW/xYWFv8WFhb/FhYW/xYWFv8VFRX/FRUV/xYWFv8WFhb/FRUV/xQUFP8VFRX/FhYW/xgYGP8aGhr/Hh4e/yQkJP8lJSX/JiYm/yQkJP8hISH/ICAg/x8fH/8eHh7/HR0d/xwcHP8cHBz/HBwc/xwcHP8bGxv/HBwc/x0dHf8cHBz/Gxsb/xsbG/8bGxv/Gxsb/xsbG/8bGxv/Gxsb/xsbG/8bGxv/Gxsb/xwcHP8dHR3/HBwc/xsbG/8cHBz/HBwc/xwcHP8cHBz/HBwc/xwcHP8cHBz/HBwc/xwcHP8cHBz/HBwc/x0dHf8dHR3/Hx8f/yAgIP8gICD/ISEh/yMjI/8kJCT/IyMj/yIiIv8hISH/Hx8f/x8fH/8eHh7/Hh4e/x8fH/8fHx//Hx8f/x8fH/8gICD/ICAg/x8fH/8eHh7/Hh4e/x4eHv8fHx//Hx8f/x8fH/8fHx//Hx8f/x4eHv8fHx//ICAg/yEhIf8jIyP/IyMj/yMjI/8iIiL/Hx8f/x4eHv8eHh7/HR0d/x0dHf8cHBz/HBwc/xwcHP8dHR3/HR0d/x4eHv8eHh7/Hh4e/x0dHf8dHR3/HR0d/x0dHf8dHR3/HR0d/xwcHP8cHBz/HBwc/xwcHP8dHR3/Hh4e/xwcHP8bGxv/Gxsb/xoaGv8aGhr/Gxsb/xsbG/8aGhr/Ghoa/xkZGf8aGhr/Gxsb/xsbG/8bGxv/Gxsb/xsbG/8aGhr/Ghoa/xkZGf8ZGRn/GBgY/xkZGf8ZGRn/Ghoa/xoaGv8aGhr/Ghoa/xoaGv8ZGRn/GRkZ/xkZGf8aGhr/Gxsb/xsbG/8bGxv/Gxsb/xoaGv8aGhr/Ghoa/xoaGv8aGhr/Ghoa/xsbG/8bGxv/Gxsb/xsbG/8bGxv/Gxsb/xsbG/8aGhr/Ghoa/xoaGv8aGhr/Ghoa/xoaGv8aGhr/Ghoa/xoaGv8aGhr/Ghoa/xoaGv8aGhr/Ghoa/xoaGv8aGhr/Ghoa/xkZGf8ZGRn/Ghoa/xoaGv8aGhr/Ghoa/xoaGv8aGhr/Ghoa/xkZGf8ZGRn/GRkZ/xoaGv8aGhr/Ghoa/xoaGv8aGhr/GRkZ/xkZGf8ZGRn/GRkZ/xoaGv8aGhr/Gxsb/xsbG/8aGhr/Ghoa/xoaGv8aGhr/Gxsb/xsbG/8bGxv/HBwc/xwcHP8bGxv/Ghoa/xkZGf8ZGRn/GRkZ/xkZGf8aGhr/Ghoa/xsbG/8bGxv/Gxsb/xsbG/8bGxv/Gxsb/xsbG/8aGhr/Ghoa/xoaGv8aGhr/Ghoa/xoaGv8aGhr/Ghoa/xoaGv8aGhr/Ghoa/xoaGv8cHBz/HBwc/xwcHP8cHBz/Gxsb/xsbG/8bGxv/Ghoa/xoaGv8aGhr/Gxsb/xsbG/8bGxv/Ghoa/xoaGv8bGxv/Gxsb/xsbG/8bGxv/Ghoa/xoaGv8aGhr/GRkZ/xoaGv8aGhr/Ghoa/xoaGv8bGxv/Gxsb/xsbG/8bGxv/Gxsb/xoaGv8bGxv/HBwc/xwcHP8bGxv/Ghoa/xsbG/8bGxv/Gxsb/xsbG/8cHBz/HBwc/xwcHP8cHBz/HBwc/xwcHP8cHBz/HBwc/xwcHP8cHBz/HR0d/x4eHv8eHh7/HBwc/xwcHP8bGxv/Ghoa/xsbG/8bGxv/HBwc/zIyMv81NTX/OTk5/zo6Ov87Ozv/PDw8/z09Pf8+Pj7/Pz8//0FBQf9ERET/RkZG/0lJSf9LS0v/S0tL/0tLS/9LS0v/TExM/05OTv9PT0//VlZW/15eXv9bW1v/WFhY/1VVVf9QUFD/UVFR/1RUVP9ZWVn/ZGRk/2lpaf9vb2//cnJy/3V1df94eHj/fX19/4GBgf+BgYH/goKC/4GBgf+AgID/fX19/3l5ef99fX3/hISE/4eHh/+Li4v/i4uL/4iIiP+Ghob/goKC/4KCgv+Ghob/iYmJ/46Ojv+SkpL/l5eX/52dnf+fn5//oaGh/6Kiov+ioqL/n5+f/5ubm/+YmJj/lJSU/5KSkv+MjIz/i4uL/4qKiv+IiIj/g4OD/4CAgP9/f3//fn5+/3x8fP95eXn/fX19/4KCgv+BgYH/gICA/3x8fP91dXX/cXFx/2lpaf9qamr/bm5u/3BwcP9ycnL/cXFx/2hoaP9iYmL/XV1d/1lZWf9WVlb/UlJS/1JSUv9RUVH/UlJS/1JSUv9OTk7/R0dH/0RERP9BQUH/QkJC/0ZGRv9FRUX/Pj4+/zo6Ov80NDT/MTEx/zExMf8xMTH/NTU1/zg4OP81NTX/MTEx/y8vL/8rKyv/KSkp/yYmJv8lJSX/JCQk/yMjI/8kJCT/IyMj/yIiIv8hISH/IiIi/yMjI/8jIyP/JCQk/yQkJP8kJCT/JCQk/yQkJP8jIyP/ISEh/yAgIP8gICD/ICAg/yAgIP8fHx//Hh4e/x4eHv8eHh7/Hh4e/x4eHv8eHh7/Hx8f/yAgIP8fHx//Hh4e/x4eHv8eHh7/HR0d/x0dHf8dHR3/HR0d/xwcHP8bGxv/Gxsb/xsbG/8bGxv/Gxsb/xwcHP8bGxv/Gxsb/xsbG/8cHBz/HBwc/xwcHP8cHBz/Gxsb/xsbG/8bGxv/Gxsb/xsbG/8bGxv/Ghoa/xoaGv8aGhr/Ghoa/xoaGv8aGhr/Ghoa/xoaGv8ZGRn/GRkZ/xkZGf8aGhr/Ghoa/xoaGv8ZGRn/GRkZ/xkZGf8ZGRn/GRkZ/xoaGv8aGhr/Ghoa/xoaGv8aGhr/Ghoa/xkZGf8ZGRn/GBgY/xgYGP8YGBj/GBgY/xgYGP8YGBj/GBgY/xgYGP8YGBj/GBgY/xgYGP8YGBj/GBgY/xgYGP8YGBj/GBgY/xcXF/8XFxf/FxcX/xcXF/8XFxf/FxcX/xgYGP8YGBj/GBgY/xgYGP8YGBj/GBgY/xcXF/8XFxf/FxcX/xcXF/8XFxf/GBgY/xcXF/8XFxf/FhYW/xYWFv8WFhb/FxcX/xcXF/8XFxf/FxcX/xcXF/8XFxf/FhYW/xYWFv8WFhb/FhYW/xcXF/8XFxf/FxcX/xYWFv8WFhb/FRUV/xYWFv8WFhb/FhYW/xYWFv8WFhb/FhYW/xYWFv8WFhb/FhYW/xUVFf8VFRX/FRUV/xUVFf8UFBT/FBQU/xUVFf8VFRX/FhYW/xYWFv8WFhb/FRUV/xUVFf8WFhb/FRUV/xUVFf8VFRX/FBQU/xQUFP8UFBT/FBQU/xQUFP8UFBT/ExMT/xMTE/8UFBT/FBQU/xQUFP8UFBT/FBQU/xQUFP8UFBT/ExMT/xMTE/8TExP/ExMT/xQUFP8UFBT/FBQU/xQUFP8TExP/ExMT/xMTE/8TExP/FBQU/xQUFP8UFBT/FBQU/xQUFP8UFBT/FBQU/xQUFP8UFBT/FBQU/xQUFP8UFBT/ExMT/xMTE/8TExP/ExMT/xMTE/8TExP/ExMT/xMTE/8TExP/ExMT/xMTE/8TExP/KSkp/ykpKf8pKSn/KCgo/ycnJ/8nJyf/Jycn/ycnJ/8oKCj/Jycn/yYmJv8mJib/JiYm/yYmJv8mJib/JiYm/ycnJ/8nJyf/Jycn/ycnJ/8nJyf/JiYm/yYmJv8mJib/JiYm/yYmJv8mJib/JSUl/yUlJf8lJSX/JSUl/yUlJf8lJSX/JSUl/yUlJf8kJCT/IyMj/yQkJP8kJCT/IyMj/yIiIv8hISH/ISEh/yUlJf8sLCz/Ly8v/zMzM/8vLy//JCQk/yEhIf8fHx//Hh4e/x4eHv8eHh7/Hh4e/x8fH/8eHh7/HR0d/x0dHf8dHR3/HR0d/x0dHf8dHR3/HR0d/x0dHf8cHBz/HBwc/xwcHP8cHBz/HBwc/xwcHP8cHBz/HR0d/xwcHP8cHBz/HR0d/x0dHf8dHR3/HR0d/xwcHP8cHBz/HBwc/xwcHP8cHBz/Gxsb/xsbG/8cHBz/HBwc/xwcHP8dHR3/HR0d/x0dHf8dHR3/HR0d/x0dHf8dHR3/HR0d/x0dHf8dHR3/HR0d/x0dHf8eHh7/HR0d/x0dHf8dHR3/HR0d/x0dHf8dHR3/HR0d/xwcHP8cHBz/HR0d/x0dHf8dHR3/HBwc/xwcHP8dHR3/HR0d/x4eHv8eHh7/HR0d/x0dHf8dHR3/HR0d/x0dHf8dHR3/HBwc/x0dHf8dHR3/Hh4e/x4eHv8eHh7/Hh4e/x8fH/8eHh7/HR0d/x0dHf8dHR3/HR0d/x0dHf8dHR3/HR0d/x0dHf8dHR3/HR0d/x4eHv8eHh7/Hh4e/x8fH/8fHx//Hx8f/x4eHv8eHh7/HR0d/x0dHf8dHR3/HR0d/x0dHf8eHh7/Hh4e/x0dHf8eHh7/Hx8f/x8fH/8fHx//Hx8f/x8fH/8fHx//Hx8f/x8fH/8fHx//Hx8f/x8fH/8gICD/ICAg/yEhIf8hISH/ICAg/yAgIP8gICD/Hx8f/x4eHv8eHh7/Hx8f/x8fH/8fHx//Hx8f/x4eHv8eHh7/Hh4e/x4eHv8eHh7/Hh4e/x8fH/8fHx//Hx8f/x8fH/8fHx//Hh4e/x4eHv8eHh7/Hh4e/x4eHv8dHR3/Hh4e/x4eHv8fHx//Hx8f/x8fH/8gICD/ICAg/yAgIP8fHx//Hh4e/x4eHv8fHx//Hx8f/x4eHv8eHh7/Hx8f/x8fH/8fHx//Hx8f/yAgIP8hISH/ICAg/yAgIP8gICD/Hx8f/yAgIP8gICD/ICAg/yAgIP8gICD/Hx8f/x8fH/8fHx//Hx8f/x8fH/8fHx//Hx8f/x8fH/8fHx//ICAg/x8fH/8fHx//Hx8f/yAgIP8gICD/ICAg/yAgIP8gICD/ICAg/x8fH/8fHx//Hx8f/x8fH/8fHx//Hx8f/yAgIP8gICD/ISEh/yEhIf8gICD/ICAg/yAgIP8hISH/ISEh/yIiIv8iIiL/IyMj/yIiIv8iIiL/ISEh/yEhIf8hISH/ISEh/yEhIf8iIiL/IiIi/yIiIv8hISH/ISEh/yEhIf8hISH/ISEh/yEhIf8hISH/ICAg/yAgIP8gICD/ISEh/yEhIf8hISH/IiIi/yIiIv8iIiL/IyMj/yMjI/8iIiL/IiIi/yIiIv8iIiL/IiIi/yIiIv8iIiL/IyMj/yMjI/8kJCT/JSUl/yQkJP8kJCT/JCQk/yUlJf8lJSX/JiYm/yYmJv8nJyf/JiYm/yYmJv8mJib/JiYm/ycnJ/8oKCj/KSkp/yoqKv8rKyv/Kioq/ysrK/8sLCz/LS0t/zAwMP8xMTH/MTEx/zExMf8xMTH/MTEx/zExMf8cHBz/HBwc/xwcHP8cHBz/Gxsb/xsbG/8cHBz/HBwc/xwcHP8dHR3/HR0d/x0dHf8dHR3/HR0d/x0dHf8dHR3/Hh4e/x4eHv8dHR3/HR0d/x0dHf8eHh7/Hh4e/x4eHv8eHh7/HR0d/x0dHf8dHR3/HR0d/x0dHf8dHR3/HR0d/x0dHf8dHR3/Hh4e/x4eHv8fHx//Hh4e/x0dHf8dHR3/Hh4e/x4eHv8eHh7/Hh4e/x4eHv8eHh7/Hx8f/x8fH/8eHh7/Hh4e/x4eHv8eHh7/Hh4e/x4eHv8eHh7/Hh4e/x4eHv8eHh7/Hh4e/x4eHv8eHh7/Hx8f/x8fH/8fHx//Hh4e/x4eHv8eHh7/Hh4e/x4eHv8fHx//Hx8f/x8fH/8fHx//Hx8f/x8fH/8gICD/ICAg/yAgIP8hISH/IiIi/yMjI/8jIyP/IiIi/yIiIv8iIiL/IiIi/yIiIv8iIiL/ISEh/yEhIf8hISH/ICAg/yEhIf8hISH/ISEh/yIiIv8iIiL/IyMj/yMjI/8jIyP/IyMj/yMjI/8jIyP/JCQk/yQkJP8kJCT/JSUl/yQkJP8kJCT/JCQk/yQkJP8kJCT/JCQk/yQkJP8lJSX/JSUl/yQkJP8lJSX/JSUl/yUlJf8mJib/Jycn/ygoKP8oKCj/KSkp/ykpKf8pKSn/KSkp/ygoKP8oKCj/KCgo/ygoKP8oKCj/KCgo/ykpKf8qKir/Kioq/yoqKv8qKir/KSkp/ykpKf8pKSn/KSkp/yoqKv8qKir/KSkp/ykpKf8oKCj/Jycn/ygoKP8oKCj/KSkp/yoqKv8qKir/Kioq/ykpKf8pKSn/KSkp/ykpKf8pKSn/Jycn/ycnJ/8nJyf/Jycn/ygoKP8oKCj/Jycn/yYmJv8nJyf/KCgo/ygoKP8oKCj/Jycn/ycnJ/8nJyf/Jycn/ycnJ/8nJyf/Jycn/ycnJ/8nJyf/KCgo/ygoKP8oKCj/KSkp/ykpKf8pKSn/Kioq/ysrK/8qKir/Kioq/ykpKf8oKCj/KCgo/ykpKf8qKir/Kysr/yoqKv8pKSn/KSkp/yoqKv8qKir/KSkp/ykpKf8qKir/Kioq/yoqKv8qKir/Kioq/yoqKv8qKir/Kysr/ysrK/8rKyv/Kysr/ywsLP8sLCz/LCws/ysrK/8qKir/Kioq/ysrK/8rKyv/Kysr/yoqKv8qKir/Kioq/yoqKv8rKyv/Kysr/ysrK/8rKyv/LCws/ysrK/8rKyv/Kysr/ywsLP8sLCz/LCws/ywsLP8sLCz/LCws/y0tLf8tLS3/Li4u/y4uLv8uLi7/LS0t/y0tLf8tLS3/LS0t/y4uLv8uLi7/Li4u/y4uLv8sLCz/LCws/ywsLP8sLCz/LS0t/y4uLv8uLi7/Li4u/y0tLf8sLCz/LCws/ysrK/8rKyv/Kysr/ywsLP8tLS3/LS0t/y0tLf8sLCz/Kysr/ysrK/8qKir/Kioq/ykpKf8pKSn/Kioq/ysrK/8qKir/Kioq/yoqKv8qKir/Kioq/yoqKv8qKir/Kysr/ysrK/8qKir/Kioq/ykpKf8pKSn/KSkp/yoqKv8pKSn/KCgo/ykpKf8pKSn/KSkp/ykpKf8pKSn/KCgo/ygoKP8oKCj/KCgo/ykpKf8pKSn/KSkp/ykpKf8pKSn/KSkp/ygoKP8oKCj/KSkp/ykpKf8qKir/Kioq/yoqKv8pKSn/KSkp/ykpKf8pKSn/KSkp/ykpKf8pKSn/KSkp/ykpKf8pKSn/KSkp/ykpKf8pKSn/KSkp/ykpKf8qKir/KSkp/xcXF/8XFxf/FxcX/xcXF/8XFxf/FxcX/xcXF/8XFxf/GBgY/xcXF/8XFxf/FxcX/xcXF/8XFxf/FxcX/xcXF/8XFxf/FxcX/xcXF/8WFhb/FhYW/xYWFv8WFhb/FhYW/xYWFv8XFxf/FxcX/xcXF/8XFxf/FxcX/xcXF/8XFxf/FxcX/xYWFv8WFhb/FhYW/xcXF/8WFhb/FhYW/xYWFv8WFhb/FxcX/xkZGf8eHh7/JSUl/yUlJf8kJCT/IyMj/yAgIP8fHx//Hx8f/x4eHv8dHR3/HR0d/xwcHP8bGxv/HBwc/xwcHP8cHBz/HBwc/xsbG/8bGxv/Gxsb/xsbG/8bGxv/HBwc/xwcHP8cHBz/HBwc/xwcHP8cHBz/HBwc/xwcHP8cHBz/HBwc/xsbG/8bGxv/Gxsb/xsbG/8bGxv/Gxsb/xwcHP8cHBz/HBwc/xwcHP8cHBz/HBwc/xwcHP8dHR3/HR0d/x4eHv8eHh7/Hx8f/yAgIP8gICD/ICAg/yAgIP8gICD/Hx8f/x0dHf8dHR3/Hh4e/x4eHv8fHx//ICAg/yEhIf8iIiL/ISEh/yAgIP8fHx//Hx8f/x8fH/8gICD/ICAg/yAgIP8fHx//Hx8f/x8fH/8fHx//ICAg/yEhIf8iIiL/IyMj/yQkJP8jIyP/IyMj/yAgIP8fHx//Hh4e/x4eHv8eHh7/Hh4e/x4eHv8eHh7/Hx8f/yEhIf8gICD/Hx8f/x8fH/8eHh7/HR0d/x0dHf8dHR3/HBwc/xwcHP8cHBz/HR0d/x0dHf8dHR3/HBwc/xsbG/8bGxv/Ghoa/xoaGv8aGhr/Ghoa/xoaGv8aGhr/Ghoa/xsbG/8bGxv/Gxsb/xwcHP8cHBz/HBwc/x0dHf8cHBz/HBwc/xsbG/8aGhr/Ghoa/xoaGv8aGhr/Gxsb/xoaGv8aGhr/Ghoa/xoaGv8aGhr/Ghoa/xoaGv8bGxv/Gxsb/xoaGv8aGhr/Ghoa/xsbG/8bGxv/Gxsb/xsbG/8bGxv/Gxsb/xsbG/8bGxv/Gxsb/xsbG/8cHBz/HBwc/xsbG/8bGxv/Gxsb/xsbG/8aGhr/Ghoa/xoaGv8aGhr/Ghoa/xsbG/8aGhr/Ghoa/xoaGv8bGxv/Gxsb/xsbG/8aGhr/Ghoa/xoaGv8aGhr/Ghoa/xoaGv8aGhr/Ghoa/xsbG/8aGhr/Ghoa/xoaGv8aGhr/Ghoa/xsbG/8aGhr/Ghoa/xoaGv8aGhr/Ghoa/xoaGv8aGhr/Gxsb/xsbG/8bGxv/Gxsb/xsbG/8bGxv/Gxsb/xsbG/8bGxv/Gxsb/xsbG/8bGxv/Gxsb/xwcHP8bGxv/Ghoa/xoaGv8aGhr/Ghoa/xsbG/8bGxv/Gxsb/xsbG/8bGxv/Gxsb/xsbG/8bGxv/Gxsb/xsbG/8bGxv/Gxsb/xsbG/8bGxv/Gxsb/xsbG/8bGxv/Gxsb/xsbG/8bGxv/Gxsb/xwcHP8cHBz/HBwc/xwcHP8cHBz/HBwc/xwcHP8bGxv/Gxsb/xsbG/8bGxv/HBwc/xwcHP8bGxv/Gxsb/xwcHP8cHBz/Gxsb/xsbG/8bGxv/Gxsb/xsbG/8aGhr/Gxsb/xsbG/8bGxv/Gxsb/xsbG/8bGxv/Gxsb/xsbG/8bGxv/Gxsb/xsbG/8cHBz/HBwc/xsbG/8bGxv/HBwc/xwcHP8cHBz/HBwc/xsbG/8bGxv/HBwc/x0dHf8dHR3/HR0d/x0dHf8dHR3/HR0d/x0dHf8dHR3/HR0d/x0dHf8dHR3/HR0d/xwcHP8cHBz/HBwc/xwcHP8cHBz/Li4u/zMzM/85OTn/ODg4/zY2Nv84ODj/Ojo6/zw8PP8+Pj7/QUFB/0dHR/9JSUn/TExM/0xMTP9KSkr/SUlJ/0ZGRv9FRUX/SUlJ/01NTf9UVFT/XFxc/1tbW/9ZWVn/VVVV/1BQUP9QUFD/T09P/1VVVf9jY2P/aWlp/29vb/9ycnL/c3Nz/3R0dP97e3v/gYGB/4CAgP9/f3//fHx8/3p6ev93d3f/c3Nz/3l5ef+Dg4P/h4eH/4yMjP+MjIz/i4uL/4mJif+FhYX/hYWF/4uLi/+Pj4//lZWV/5qamv+enp7/oqKi/5+fn/+bm5v/mpqa/5qamv+YmJj/lJSU/5OTk/+RkZH/j4+P/4uLi/+Kior/iYmJ/4iIiP+Dg4P/gYGB/4ODg/+EhIT/g4OD/4KCgv+IiIj/kJCQ/4+Pj/+Ojo7/iYmJ/4GBgf96enr/cHBw/29vb/9ycnL/c3Nz/3Nzc/9xcXH/aGho/2JiYv9hYWH/YWFh/2BgYP9eXl7/XFxc/1hYWP9VVVX/UVFR/0xMTP9ERET/Q0ND/0RERP9HR0f/Tk5O/05OTv9FRUX/Pj4+/zU1Nf8wMDD/MTEx/zIyMv83Nzf/PDw8/zY2Nv8uLi7/Kioq/yYmJv8kJCT/IiIi/yEhIf8gICD/ICAg/yAgIP8fHx//HR0d/x0dHf8dHR3/Hh4e/yAgIP8hISH/ISEh/yEhIf8hISH/ICAg/x8fH/8dHR3/HR0d/x0dHf8dHR3/HR0d/x0dHf8bGxv/Gxsb/xoaGv8aGhr/Ghoa/xkZGf8aGhr/Ghoa/xoaGv8ZGRn/GRkZ/xkZGf8ZGRn/GRkZ/xkZGf8YGBj/GBgY/xcXF/8XFxf/FxcX/xcXF/8YGBj/GBgY/xgYGP8YGBj/GRkZ/xkZGf8ZGRn/GBgY/xgYGP8XFxf/FxcX/xcXF/8XFxf/FxcX/xcXF/8WFhb/FhYW/xUVFf8VFRX/FhYW/xYWFv8WFhb/FhYW/xYWFv8WFhb/FhYW/xYWFv8WFhb/FhYW/xYWFv8VFRX/FRUV/xYWFv8WFhb/FxcX/xcXF/8XFxf/FxcX/xYWFv8WFhb/FRUV/xUVFf8VFRX/FRUV/xUVFf8VFRX/FRUV/xUVFf8VFRX/FRUV/xUVFf8VFRX/FRUV/xUVFf8VFRX/FRUV/xUVFf8UFBT/FBQU/xQUFP8UFBT/FBQU/xQUFP8UFBT/FBQU/xQUFP8UFBT/FBQU/xUVFf8VFRX/FBQU/xQUFP8UFBT/FBQU/xUVFf8VFRX/FBQU/xQUFP8UFBT/ExMT/xQUFP8VFRX/FRUV/xUVFf8VFRX/FRUV/xUVFf8UFBT/FBQU/xQUFP8UFBT/FRUV/xUVFf8UFBT/FBQU/xMTE/8TExP/FBQU/xQUFP8UFBT/FBQU/xQUFP8UFBT/FBQU/xMTE/8TExP/ExMT/xMTE/8TExP/ExMT/xISEv8SEhL/ExMT/xMTE/8UFBT/FBQU/xQUFP8UFBT/FBQU/xQUFP8UFBT/ExMT/xMTE/8SEhL/EhIS/xISEv8SEhL/EhIS/xISEv8RERH/ERER/xMTE/8TExP/ExMT/xMTE/8TExP/ExMT/xMTE/8SEhL/EhIS/xEREf8RERH/EhIS/xISEv8TExP/ExMT/xISEv8SEhL/EhIS/xISEv8TExP/ExMT/xMTE/8TExP/FBQU/xQUFP8UFBT/ExMT/xMTE/8TExP/ExMT/xMTE/8TExP/EhIS/xISEv8SEhL/EhIS/xISEv8SEhL/EhIS/xISEv8SEhL/EhIS/xISEv8qKir/Kioq/ykpKf8oKCj/Jycn/ycnJ/8nJyf/Jycn/ygoKP8nJyf/JiYm/yYmJv8mJib/JiYm/ycnJ/8nJyf/KCgo/ygoKP8oKCj/KCgo/ycnJ/8nJyf/Jycn/yYmJv8mJib/JiYm/yYmJv8lJSX/JSUl/yUlJf8lJSX/JSUl/yUlJf8lJSX/JSUl/yQkJP8jIyP/JCQk/yUlJf8kJCT/IiIi/yEhIf8gICD/ISEh/yIiIv8hISH/ICAg/x8fH/8eHh7/HR0d/x0dHf8dHR3/HR0d/x0dHf8eHh7/Hx8f/x4eHv8dHR3/HR0d/xwcHP8cHBz/HBwc/xwcHP8cHBz/HBwc/xsbG/8bGxv/Gxsb/xsbG/8bGxv/Gxsb/xwcHP8cHBz/Gxsb/xsbG/8cHBz/HBwc/xwcHP8cHBz/HBwc/xsbG/8bGxv/Gxsb/xsbG/8aGhr/Ghoa/xoaGv8aGhr/Gxsb/xsbG/8bGxv/Gxsb/xsbG/8bGxv/Gxsb/xsbG/8bGxv/Gxsb/xsbG/8cHBz/HBwc/xwcHP8cHBz/Gxsb/xsbG/8bGxv/Gxsb/xsbG/8bGxv/Ghoa/xoaGv8aGhr/Ghoa/xoaGv8aGhr/Ghoa/xoaGv8bGxv/HBwc/xwcHP8bGxv/Gxsb/xoaGv8aGhr/Ghoa/xoaGv8aGhr/Ghoa/xsbG/8bGxv/Gxsb/xsbG/8cHBz/HBwc/xsbG/8aGhr/Ghoa/xoaGv8aGhr/Ghoa/xoaGv8aGhr/Ghoa/xoaGv8aGhr/Gxsb/xsbG/8cHBz/HBwc/xwcHP8cHBz/HBwc/xsbG/8bGxv/Ghoa/xoaGv8aGhr/Ghoa/xoaGv8aGhr/Ghoa/xoaGv8bGxv/Gxsb/xsbG/8bGxv/Gxsb/xsbG/8bGxv/Gxsb/xsbG/8bGxv/Gxsb/xwcHP8cHBz/HR0d/x0dHf8cHBz/HBwc/xsbG/8bGxv/Ghoa/xoaGv8aGhr/Ghoa/xoaGv8aGhr/Ghoa/xoaGv8aGhr/Ghoa/xoaGv8bGxv/Gxsb/xsbG/8bGxv/Ghoa/xoaGv8ZGRn/GRkZ/xkZGf8ZGRn/GRkZ/xkZGf8aGhr/Ghoa/xsbG/8bGxv/Gxsb/xsbG/8bGxv/Gxsb/xoaGv8ZGRn/GRkZ/xkZGf8ZGRn/GBgY/xkZGf8aGhr/Ghoa/xoaGv8aGhr/Gxsb/xwcHP8cHBz/Gxsb/xsbG/8aGhr/Ghoa/xsbG/8bGxv/Ghoa/xoaGv8aGhr/Ghoa/xkZGf8ZGRn/GRkZ/xkZGf8aGhr/Ghoa/xsbG/8bGxv/Gxsb/xoaGv8aGhr/Gxsb/xsbG/8bGxv/Gxsb/xsbG/8bGxv/Ghoa/xoaGv8aGhr/Ghoa/xoaGv8aGhr/Ghoa/xoaGv8bGxv/Gxsb/xsbG/8aGhr/Ghoa/xsbG/8bGxv/HBwc/xwcHP8dHR3/HR0d/xsbG/8bGxv/Gxsb/xsbG/8bGxv/Gxsb/xwcHP8cHBz/HBwc/xwcHP8cHBz/HBwc/xwcHP8bGxv/Gxsb/xsbG/8bGxv/Ghoa/xsbG/8bGxv/HBwc/xwcHP8cHBz/HR0d/x0dHf8dHR3/HR0d/x0dHf8cHBz/HBwc/xwcHP8cHBz/Gxsb/xsbG/8cHBz/HBwc/x0dHf8eHh7/Hh4e/x8fH/8gICD/ICAg/yEhIf8iIiL/IiIi/yMjI/8iIiL/ISEh/yEhIf8hISH/IiIi/yMjI/8kJCT/JiYm/yUlJf8jIyP/JCQk/yYmJv8oKCj/Kysr/ywsLP8uLi7/Ly8v/y0tLf8sLCz/LS0t/xwcHP8cHBz/HBwc/xwcHP8cHBz/HBwc/xwcHP8cHBz/HR0d/x0dHf8eHh7/Hh4e/x0dHf8dHR3/HR0d/x0dHf8eHh7/Hh4e/x0dHf8dHR3/HR0d/x4eHv8eHh7/Hh4e/x4eHv8dHR3/HR0d/x0dHf8dHR3/HR0d/x0dHf8dHR3/HR0d/x4eHv8eHh7/Hx8f/x8fH/8eHh7/HR0d/x4eHv8eHh7/Hh4e/x8fH/8fHx//Hx8f/x8fH/8fHx//Hx8f/x4eHv8eHh7/Hh4e/x4eHv8eHh7/Hh4e/x4eHv8eHh7/Hh4e/x4eHv8eHh7/Hx8f/x8fH/8fHx//Hx8f/x8fH/8fHx//Hh4e/x4eHv8eHh7/Hh4e/x8fH/8fHx//Hx8f/x8fH/8fHx//Hx8f/yAgIP8gICD/ICAg/yEhIf8iIiL/JCQk/yMjI/8iIiL/IiIi/yIiIv8iIiL/IiIi/yIiIv8hISH/ISEh/yAgIP8gICD/ISEh/yEhIf8iIiL/IiIi/yIiIv8jIyP/IyMj/yMjI/8jIyP/IyMj/yMjI/8jIyP/IyMj/yUlJf8lJSX/JSUl/yUlJf8kJCT/JCQk/yQkJP8kJCT/JSUl/yUlJf8lJSX/JSUl/yUlJf8lJSX/JiYm/ygoKP8pKSn/Kioq/yoqKv8qKir/Kioq/yoqKv8qKir/KSkp/ykpKf8pKSn/KSkp/ykpKf8pKSn/Kioq/ysrK/8rKyv/Kysr/ysrK/8rKyv/Kysr/ysrK/8rKyv/Kysr/ysrK/8qKir/KSkp/ykpKf8pKSn/KSkp/ykpKf8qKir/Kysr/ysrK/8rKyv/Kysr/ysrK/8rKyv/Kysr/yoqKv8pKSn/KCgo/ygoKP8oKCj/KSkp/ykpKf8nJyf/JiYm/ycnJ/8oKCj/KCgo/ygoKP8oKCj/Jycn/ycnJ/8nJyf/Jycn/ycnJ/8nJyf/Jycn/ycnJ/8nJyf/Jycn/ygoKP8oKCj/KSkp/ykpKf8qKir/LCws/ysrK/8qKir/KSkp/ycnJ/8oKCj/KSkp/yoqKv8rKyv/Kysr/yoqKv8qKir/Kioq/yoqKv8qKir/Kioq/yoqKv8qKir/Kysr/ysrK/8rKyv/Kioq/ysrK/8sLCz/LCws/ywsLP8sLCz/LS0t/y0tLf8sLCz/LCws/ysrK/8qKir/Kysr/ysrK/8qKir/Kioq/yoqKv8qKir/Kysr/ysrK/8rKyv/Kysr/ysrK/8rKyv/Kysr/yoqKv8qKir/Kioq/yoqKv8qKir/Kioq/yoqKv8qKir/Kysr/ysrK/8rKyv/LCws/ywsLP8sLCz/LCws/ywsLP8tLS3/Li4u/y4uLv8uLi7/LS0t/ysrK/8qKir/Kysr/ysrK/8sLCz/LS0t/y4uLv8vLy//Li4u/y0tLf8sLCz/Kysr/ysrK/8qKir/Kysr/y0tLf8tLS3/LS0t/ywsLP8rKyv/Kysr/yoqKv8qKir/KSkp/ykpKf8qKir/Kioq/yoqKv8qKir/Kioq/yoqKv8qKir/KSkp/yoqKv8rKyv/Kysr/ysrK/8rKyv/KSkp/ykpKf8qKir/Kioq/ykpKf8pKSn/KSkp/ykpKf8pKSn/KSkp/ykpKf8oKCj/KCgo/ygoKP8pKSn/Kioq/yoqKv8qKir/Kioq/ykpKf8pKSn/KSkp/ygoKP8pKSn/Kioq/yoqKv8qKir/Kioq/ykpKf8pKSn/KSkp/ykpKf8pKSn/KSkp/ykpKf8pKSn/KSkp/ykpKf8qKir/Kioq/yoqKv8qKir/Kysr/ysrK/8qKir/FxcX/xcXF/8YGBj/GBgY/xgYGP8YGBj/GBgY/xgYGP8YGBj/GBgY/xcXF/8XFxf/FxcX/xcXF/8XFxf/FxcX/xcXF/8XFxf/FhYW/xYWFv8WFhb/FRUV/xUVFf8WFhb/FhYW/xcXF/8XFxf/GBgY/xgYGP8YGBj/GBgY/xcXF/8XFxf/FhYW/xYWFv8XFxf/FxcX/xcXF/8XFxf/FxcX/xYWFv8XFxf/GRkZ/x4eHv8lJSX/JSUl/yMjI/8iIiL/ICAg/x8fH/8fHx//Hx8f/x4eHv8dHR3/HBwc/xsbG/8cHBz/HR0d/xwcHP8bGxv/Gxsb/xsbG/8bGxv/Gxsb/xsbG/8cHBz/HBwc/xwcHP8cHBz/HBwc/xwcHP8cHBz/HBwc/xwcHP8cHBz/HBwc/xsbG/8bGxv/Ghoa/xsbG/8bGxv/Gxsb/xwcHP8cHBz/HBwc/xwcHP8bGxv/Gxsb/xwcHP8cHBz/HR0d/x0dHf8eHh7/Hh4e/x4eHv8fHx//ICAg/yEhIf8fHx//HR0d/x0dHf8dHR3/Hh4e/x8fH/8gICD/IiIi/yIiIv8hISH/ISEh/yAgIP8fHx//Hx8f/yAgIP8gICD/ICAg/yAgIP8fHx//Hx8f/x8fH/8fHx//ICAg/yEhIf8jIyP/JCQk/yUlJf8lJSX/ISEh/yAgIP8fHx//Hx8f/x8fH/8fHx//Hx8f/x8fH/8gICD/IiIi/yEhIf8gICD/Hx8f/x4eHv8eHh7/HR0d/x0dHf8cHBz/HBwc/x0dHf8dHR3/HR0d/x0dHf8cHBz/Gxsb/xsbG/8aGhr/Ghoa/xoaGv8aGhr/Ghoa/xoaGv8bGxv/Gxsb/xsbG/8bGxv/HBwc/xwcHP8dHR3/Hh4e/x0dHf8dHR3/HBwc/xsbG/8bGxv/Ghoa/xoaGv8bGxv/Gxsb/xoaGv8aGhr/Gxsb/xsbG/8bGxv/Gxsb/xsbG/8bGxv/Ghoa/xkZGf8aGhr/Gxsb/xsbG/8cHBz/HBwc/xwcHP8cHBz/Gxsb/xsbG/8bGxv/Gxsb/xwcHP8cHBz/HBwc/xwcHP8bGxv/Gxsb/xoaGv8aGhr/Ghoa/xoaGv8aGhr/Gxsb/xsbG/8aGhr/Ghoa/xsbG/8bGxv/Gxsb/xsbG/8aGhr/Ghoa/xoaGv8aGhr/Ghoa/xoaGv8bGxv/Gxsb/xsbG/8bGxv/Gxsb/xsbG/8bGxv/Gxsb/xsbG/8aGhr/Ghoa/xoaGv8aGhr/Gxsb/xsbG/8bGxv/Gxsb/xsbG/8bGxv/Gxsb/xsbG/8bGxv/Gxsb/xsbG/8bGxv/Gxsb/xsbG/8bGxv/HBwc/xwcHP8bGxv/Gxsb/xsbG/8bGxv/Gxsb/xsbG/8bGxv/Gxsb/xsbG/8bGxv/Gxsb/xsbG/8bGxv/Gxsb/xsbG/8bGxv/Gxsb/xwcHP8cHBz/HBwc/xwcHP8bGxv/Gxsb/xwcHP8cHBz/HBwc/xwcHP8cHBz/HBwc/xwcHP8cHBz/HBwc/xwcHP8cHBz/HBwc/xwcHP8cHBz/HBwc/xwcHP8cHBz/HBwc/xwcHP8bGxv/Gxsb/xwcHP8cHBz/Gxsb/xsbG/8cHBz/HBwc/xwcHP8cHBz/HBwc/xsbG/8bGxv/Gxsb/xsbG/8bGxv/Gxsb/xwcHP8cHBz/HBwc/xwcHP8cHBz/HBwc/xwcHP8cHBz/Gxsb/xsbG/8cHBz/HR0d/x0dHf8dHR3/HR0d/x0dHf8dHR3/HR0d/x0dHf8dHR3/HR0d/x0dHf8dHR3/HR0d/x0dHf8dHR3/HR0d/xwcHP9QUFD/aWlp/4WFhf+NjY3/mJiY/5qamv+cnJz/np6e/6Kiov+np6f/sbGx/7S0tP+3t7f/t7e3/7a2tv+0tLT/sLCw/62trf+ysrL/tra2/7q6uv++vr7/vb29/7y8vP+6urr/uLi4/7W1tf+ysrL/tbW1/76+vv/CwsL/xcXF/8bGxv/Hx8f/x8fH/8rKyv/MzMz/zMzM/8vLy//Ly8v/ysrK/8jIyP/Hx8f/ycnJ/83Nzf/Pz8//0dHR/9HR0f/Q0ND/0NDQ/87Ozv/Ozs7/0NDQ/9LS0v/U1NT/1tbW/9jY2P/a2tr/2NjY/9fX1//W1tb/1tbW/9XV1f/U1NT/1NTU/9PT0//S0tL/0dHR/9DQ0P/Q0ND/z8/P/83Nzf/MzMz/zc3N/87Ozv/Nzc3/zc3N/8/Pz//S0tL/0tLS/9LS0v/Q0ND/zMzM/8rKyv/FxcX/xcXF/8bGxv/Hx8f/x8fH/8bGxv/CwsL/wMDA/8DAwP/AwMD/v7+//76+vv+9vb3/vLy8/7q6uv+2trb/r6+v/6SkpP+mpqb/r6+v/7Ozs/+4uLj/tra2/6urq/+enp7/d3d3/2BgYP9sbGz/eHh4/4uLi/+enp7/gICA/1tbW/9RUVH/Q0ND/zw8PP8wMDD/Li4u/y0tLf8rKyv/Jycn/yUlJf8kJCT/JSUl/ygoKP8sLCz/NDQ0/z09Pf87Ozv/Ojo6/zY2Nv8wMDD/Kysr/yMjI/8kJCT/JiYm/yoqKv8xMTH/MDAw/yoqKv8mJib/ISEh/x4eHv8dHR3/HR0d/x0dHf8cHBz/HBwc/xwcHP8cHBz/HBwc/x0dHf8dHR3/HR0d/xwcHP8cHBz/Gxsb/xsbG/8aGhr/Ghoa/xoaGv8aGhr/Ghoa/xoaGv8aGhr/Ghoa/xkZGf8ZGRn/GRkZ/xsbG/8aGhr/Ghoa/xoaGv8ZGRn/GRkZ/xkZGf8YGBj/FxcX/xcXF/8YGBj/GRkZ/xgYGP8YGBj/GBgY/xcXF/8XFxf/FxcX/xcXF/8XFxf/FxcX/xYWFv8WFhb/FxcX/xcXF/8XFxf/GBgY/xgYGP8YGBj/FxcX/xcXF/8XFxf/FhYW/xcXF/8XFxf/FxcX/xcXF/8XFxf/FhYW/xYWFv8WFhb/FhYW/xYWFv8WFhb/FhYW/xYWFv8WFhb/FhYW/xYWFv8WFhb/FhYW/xYWFv8WFhb/FhYW/xYWFv8WFhb/FhYW/xYWFv8WFhb/FhYW/xYWFv8VFRX/FRUV/xYWFv8WFhb/FxcX/xcXF/8WFhb/FhYW/xUVFf8VFRX/FRUV/xYWFv8VFRX/FRUV/xUVFf8VFRX/FRUV/xUVFf8VFRX/FRUV/xUVFf8VFRX/FRUV/xUVFf8UFBT/FBQU/xQUFP8UFBT/FBQU/xQUFP8VFRX/FRUV/xUVFf8UFBT/FBQU/xQUFP8VFRX/FRUV/xUVFf8VFRX/FRUV/xUVFf8VFRX/FRUV/xUVFf8VFRX/FBQU/xQUFP8UFBT/FRUV/xQUFP8UFBT/FBQU/xQUFP8UFBT/FBQU/xQUFP8UFBT/FBQU/xMTE/8TExP/FBQU/xQUFP8UFBT/FBQU/xUVFf8VFRX/FRUV/xQUFP8UFBT/ExMT/xMTE/8TExP/ExMT/xQUFP8UFBT/ExMT/xMTE/8UFBT/FBQU/xQUFP8UFBT/FBQU/xQUFP8UFBT/FBQU/xQUFP8UFBT/FBQU/xQUFP8TExP/ExMT/xMTE/8TExP/ExMT/xMTE/8TExP/ExMT/xMTE/8UFBT/FBQU/xMTE/8TExP/ExMT/ysrK/8qKir/Kioq/yoqKv8pKSn/KSkp/ygoKP8oKCj/KCgo/ygoKP8nJyf/Jycn/ycnJ/8nJyf/JiYm/yYmJv8nJyf/Jycn/ycnJ/8nJyf/Jycn/yYmJv8mJib/Jycn/yYmJv8mJib/JiYm/yYmJv8mJib/JiYm/yUlJf8lJSX/JSUl/yUlJf8mJib/JSUl/yUlJf8lJSX/JiYm/yUlJf8jIyP/IyMj/yIiIv8iIiL/ISEh/yEhIf8hISH/ICAg/yAgIP8fHx//Hx8f/x8fH/8eHh7/Hh4e/x8fH/8fHx//Hx8f/x4eHv8eHh7/Hh4e/x4eHv8eHh7/Hh4e/x0dHf8dHR3/HR0d/x0dHf8dHR3/HR0d/x0dHf8dHR3/HR0d/x0dHf8cHBz/HBwc/xwcHP8dHR3/HR0d/xwcHP8cHBz/HBwc/xwcHP8cHBz/HBwc/xwcHP8cHBz/HBwc/x0dHf8eHh7/Hh4e/x0dHf8dHR3/HR0d/x0dHf8dHR3/HR0d/x0dHf8dHR3/HR0d/x0dHf8cHBz/Gxsb/xsbG/8cHBz/HBwc/xwcHP8cHBz/HBwc/xwcHP8cHBz/HBwc/xwcHP8cHBz/HBwc/xsbG/8cHBz/HBwc/xwcHP8cHBz/HBwc/xwcHP8cHBz/HBwc/xwcHP8cHBz/HBwc/xwcHP8dHR3/HR0d/x0dHf8dHR3/HBwc/xwcHP8dHR3/HBwc/xsbG/8bGxv/Gxsb/xsbG/8bGxv/Gxsb/xwcHP8cHBz/HBwc/xwcHP8cHBz/HBwc/xwcHP8dHR3/HR0d/x0dHf8dHR3/HR0d/xwcHP8bGxv/Gxsb/xsbG/8bGxv/Gxsb/xsbG/8bGxv/Gxsb/xwcHP8cHBz/HBwc/xwcHP8cHBz/HBwc/xwcHP8cHBz/HBwc/xwcHP8cHBz/Gxsb/xwcHP8dHR3/HR0d/xwcHP8cHBz/Gxsb/xoaGv8bGxv/Gxsb/xsbG/8bGxv/Gxsb/xsbG/8bGxv/Gxsb/xsbG/8bGxv/Gxsb/xoaGv8bGxv/HBwc/xwcHP8cHBz/HBwc/xsbG/8bGxv/Gxsb/xsbG/8bGxv/Gxsb/xwcHP8cHBz/HBwc/xwcHP8cHBz/HBwc/xwcHP8dHR3/HR0d/xwcHP8cHBz/Ghoa/xoaGv8aGhr/Ghoa/xoaGv8bGxv/Gxsb/xsbG/8cHBz/HBwc/xwcHP8cHBz/Gxsb/xsbG/8bGxv/Gxsb/xsbG/8cHBz/HBwc/xwcHP8cHBz/Gxsb/xsbG/8aGhr/Ghoa/xoaGv8bGxv/Gxsb/xsbG/8bGxv/Gxsb/xsbG/8cHBz/HBwc/x0dHf8dHR3/Hh4e/x4eHv8eHh7/HR0d/x0dHf8cHBz/HBwc/xsbG/8cHBz/HBwc/xwcHP8cHBz/Gxsb/xsbG/8bGxv/HBwc/xwcHP8dHR3/Hh4e/x4eHv8dHR3/HBwc/xwcHP8cHBz/HBwc/xwcHP8dHR3/Hh4e/x4eHv8eHh7/Hh4e/x4eHv8dHR3/HR0d/x0dHf8dHR3/HR0d/x4eHv8eHh7/Hx8f/x8fH/8gICD/ICAg/yEhIf8iIiL/IiIi/yEhIf8hISH/ICAg/yAgIP8fHx//Hx8f/x8fH/8fHx//ISEh/yMjI/8jIyP/IyMj/yIiIv8iIiL/JCQk/ykpKf8vLy//PT09/0JCQv8+Pj7/Ozs7/zQ0NP8tLS3/NjY2/0FBQf9BQUH/QEBA/0BAQP9AQED/PDw8/zU1Nf85OTn/RERE/05OTv9jY2P/b29v/3x8fP9+fn7/Y2Nj/1BQUP9QUFD/HBwc/xwcHP8cHBz/HBwc/xwcHP8cHBz/HR0d/x0dHf8eHh7/Hh4e/x4eHv8eHh7/HR0d/x0dHf8dHR3/HR0d/x0dHf8dHR3/Hh4e/x4eHv8eHh7/Hh4e/x4eHv8dHR3/HR0d/x4eHv8eHh7/Hh4e/x0dHf8dHR3/HR0d/x0dHf8dHR3/Hh4e/x4eHv8fHx//Hx8f/x4eHv8eHh7/Hh4e/x8fH/8fHx//Hx8f/x8fH/8eHh7/Hh4e/x8fH/8fHx//Hh4e/x4eHv8eHh7/Hh4e/x4eHv8fHx//Hx8f/x8fH/8fHx//Hx8f/x8fH/8gICD/ICAg/yAgIP8fHx//Hx8f/x8fH/8fHx//Hh4e/x4eHv8eHh7/Hx8f/x8fH/8fHx//ICAg/yAgIP8gICD/ICAg/yEhIf8hISH/ICAg/yEhIf8iIiL/IiIi/yEhIf8iIiL/IiIi/yMjI/8jIyP/IyMj/yIiIv8iIiL/IiIi/yEhIf8iIiL/IiIi/yIiIv8jIyP/IyMj/yMjI/8jIyP/IyMj/yMjI/8jIyP/IyMj/yMjI/8jIyP/JCQk/yQkJP8kJCT/JCQk/yUlJf8lJSX/JSUl/yUlJf8mJib/JiYm/ygoKP8pKSn/KSkp/ykpKf8pKSn/KSkp/ykpKf8qKir/Kioq/yoqKv8qKir/Kioq/ysrK/8rKyv/Kysr/ysrK/8rKyv/LS0t/y4uLv8wMDD/MjIy/zIyMv8xMTH/MDAw/y4uLv8uLi7/Li4u/y4uLv8uLi7/LS0t/ywsLP8rKyv/LCws/ywsLP8sLCz/LCws/ywsLP8sLCz/LCws/ywsLP8sLCz/LCws/ysrK/8rKyv/Kysr/yoqKv8qKir/Kioq/yoqKv8qKir/Kioq/yoqKv8qKir/Kioq/yoqKv8qKir/Kioq/yoqKv8oKCj/KCgo/ygoKP8oKCj/Jycn/ycnJ/8nJyf/KCgo/ygoKP8oKCj/KCgo/ygoKP8oKCj/KCgo/yoqKv8rKyv/Kysr/ysrK/8qKir/KSkp/ykpKf8qKir/Kioq/yoqKv8qKir/Kioq/yoqKv8rKyv/Kysr/ysrK/8rKyv/Kysr/ysrK/8rKyv/LCws/ywsLP8sLCz/LCws/y0tLf8tLS3/LS0t/y0tLf8tLS3/LS0t/y0tLf8sLCz/LCws/ywsLP8rKyv/Kysr/ywsLP8sLCz/LCws/ywsLP8sLCz/LCws/ywsLP8sLCz/LCws/ywsLP8rKyv/Kysr/ysrK/8rKyv/Kysr/ysrK/8rKyv/Kysr/ysrK/8rKyv/Kysr/ysrK/8rKyv/Kioq/yoqKv8qKir/Kysr/ywsLP8tLS3/LS0t/y0tLf8sLCz/LCws/ysrK/8rKyv/Kysr/ysrK/8rKyv/LCws/y0tLf8sLCz/LCws/ywsLP8sLCz/LCws/ywsLP8sLCz/LCws/ywsLP8sLCz/Kysr/ysrK/8qKir/Kioq/yoqKv8qKir/Kioq/yoqKv8qKir/Kioq/ysrK/8rKyv/Kysr/yoqKv8pKSn/KSkp/yoqKv8rKyv/Kysr/ysrK/8qKir/Kioq/yoqKv8qKir/Kioq/yoqKv8qKir/Kysr/ysrK/8qKir/Kioq/yoqKv8qKir/Kioq/ysrK/8rKyv/Kysr/ywsLP8sLCz/LCws/ysrK/8sLCz/LCws/ywsLP8sLCz/LCws/ywsLP8sLCz/Kysr/ysrK/8rKyv/Kysr/ysrK/8rKyv/Kysr/ysrK/8rKyv/LCws/ywsLP8sLCz/Kysr/ysrK/8rKyv/Kysr/ysrK/8XFxf/FxcX/xcXF/8XFxf/FxcX/xcXF/8XFxf/FxcX/xcXF/8XFxf/FxcX/xcXF/8XFxf/FxcX/xcXF/8XFxf/FxcX/xYWFv8WFhb/FhYW/xYWFv8WFhb/FhYW/xcXF/8XFxf/GBgY/xgYGP8YGBj/GBgY/xcXF/8XFxf/FxcX/xcXF/8WFhb/FhYW/xYWFv8WFhb/FhYW/xYWFv8WFhb/FhYW/xcXF/8YGBj/HR0d/yMjI/8kJCT/IyMj/yIiIv8gICD/Hx8f/x8fH/8eHh7/HR0d/x0dHf8dHR3/HBwc/x0dHf8eHh7/HR0d/x0dHf8dHR3/HR0d/x0dHf8cHBz/HBwc/x0dHf8dHR3/HR0d/x0dHf8dHR3/HR0d/x0dHf8dHR3/HBwc/xwcHP8cHBz/HBwc/xwcHP8cHBz/HBwc/xwcHP8cHBz/HBwc/xwcHP8dHR3/HR0d/xwcHP8cHBz/HR0d/x0dHf8dHR3/Hh4e/x4eHv8eHh7/Hh4e/x4eHv8eHh7/Hx8f/x8fH/8eHh7/Hh4e/x4eHv8eHh7/Hh4e/x8fH/8gICD/ICAg/x8fH/8fHx//Hx8f/x4eHv8fHx//Hx8f/x8fH/8fHx//Hx8f/x8fH/8fHx//Hx8f/x8fH/8gICD/ICAg/yEhIf8iIiL/IiIi/yEhIf8gICD/Hx8f/x8fH/8eHh7/Hh4e/x4eHv8eHh7/Hh4e/x8fH/8gICD/Hx8f/x8fH/8fHx//Hh4e/x4eHv8eHh7/Hh4e/x0dHf8dHR3/Hh4e/x4eHv8dHR3/HR0d/x0dHf8cHBz/HBwc/xwcHP8cHBz/Gxsb/xsbG/8bGxv/Gxsb/xwcHP8cHBz/HBwc/xwcHP8cHBz/HR0d/x0dHf8dHR3/HR0d/x0dHf8cHBz/HBwc/xsbG/8bGxv/Gxsb/xsbG/8bGxv/Gxsb/xsbG/8bGxv/Gxsb/xsbG/8bGxv/Gxsb/xsbG/8bGxv/Gxsb/xsbG/8cHBz/Gxsb/xsbG/8bGxv/HBwc/xwcHP8bGxv/Gxsb/xsbG/8bGxv/Gxsb/xwcHP8cHBz/HBwc/xwcHP8bGxv/Gxsb/xsbG/8aGhr/Ghoa/xoaGv8aGhr/Ghoa/xoaGv8aGhr/Ghoa/xoaGv8aGhr/Ghoa/xkZGf8ZGRn/GRkZ/xoaGv8aGhr/Gxsb/xwcHP8cHBz/Gxsb/xsbG/8bGxv/Gxsb/xsbG/8bGxv/Gxsb/xoaGv8aGhr/GRkZ/xoaGv8aGhr/Gxsb/xsbG/8bGxv/Gxsb/xwcHP8cHBz/HBwc/xwcHP8cHBz/Gxsb/xoaGv8bGxv/Gxsb/xwcHP8dHR3/HBwc/xsbG/8bGxv/Gxsb/xsbG/8cHBz/HBwc/xwcHP8cHBz/Gxsb/xsbG/8bGxv/HBwc/xsbG/8bGxv/Gxsb/xsbG/8bGxv/Gxsb/xsbG/8bGxv/Gxsb/xsbG/8bGxv/HBwc/xwcHP8cHBz/HBwc/xwcHP8cHBz/HBwc/xwcHP8cHBz/HBwc/xwcHP8dHR3/HR0d/x0dHf8cHBz/HBwc/xwcHP8cHBz/HBwc/xwcHP8cHBz/HBwc/xsbG/8bGxv/Gxsb/xwcHP8cHBz/HBwc/xwcHP8cHBz/HBwc/xwcHP8cHBz/HBwc/xsbG/8bGxv/HBwc/x0dHf8dHR3/HBwc/xwcHP8bGxv/HBwc/xwcHP8cHBz/HBwc/xwcHP8cHBz/HBwc/xwcHP8cHBz/HBwc/xwcHP8cHBz/HR0d/x4eHv8eHh7/HR0d/x0dHf8dHR3/Hh4e/x4eHv8eHh7/HR0d/2lpaf+Pj4//ubm5/8jIyP/b29v/3d3d/97e3v/h4eH/5eXl/+vr6//4+Pj//Pz8//7+/v///////v7+//z8/P/39/f/9PT0//j4+P/9/f3//v7+//////////////////7+/v/9/f3/+vr6//T09P/29vb/+/v7//39/f///////////////////////////////////////////////////////////////////////////////////////////////////////////////////////////////////////////////////////////////////////////////////////////////////////////////////////////////////////////////////////////////////////////////////////////////////////////////////////////////////////////////////////////////////////f39//r6+v/y8vL/5OTk/+np6f/39/f/+/v7//7+/v/8/Pz/8PDw/97e3v+kpKT/goKC/5aWlv+oqKj/w8PD/+Dg4P+zs7P/enp6/2tra/9YWFj/TExM/zo6Ov83Nzf/NjY2/zMzM/8sLCz/Kioq/ykpKf8rKyv/MDAw/zY2Nv9ERET/UVFR/09PT/9MTEz/RUVF/zw8PP80NDT/KCgo/ykpKf8tLS3/MjIy/z4+Pv89PT3/MzMz/y4uLv8lJSX/ISEh/yAgIP8fHx//Hx8f/x4eHv8eHh7/Hh4e/x4eHv8eHh7/Hx8f/yAgIP8gICD/Hx8f/x8fH/8eHh7/Hh4e/x0dHf8cHBz/HBwc/xwcHP8cHBz/HBwc/xsbG/8aGhr/Ghoa/xkZGf8bGxv/HR0d/x0dHf8cHBz/Gxsb/xoaGv8aGhr/Ghoa/xoaGv8YGBj/GRkZ/xoaGv8bGxv/Ghoa/xkZGf8ZGRn/GBgY/xgYGP8YGBj/GBgY/xgYGP8YGBj/FxcX/xcXF/8XFxf/FxcX/xgYGP8YGBj/GBgY/xgYGP8YGBj/GBgY/xcXF/8XFxf/GBgY/xgYGP8YGBj/GBgY/xgYGP8XFxf/FxcX/xcXF/8XFxf/FxcX/xcXF/8WFhb/FhYW/xYWFv8WFhb/FxcX/xcXF/8YGBj/GBgY/xgYGP8YGBj/GBgY/xgYGP8YGBj/FxcX/xcXF/8WFhb/FhYW/xYWFv8WFhb/FxcX/xcXF/8YGBj/GBgY/xcXF/8XFxf/FhYW/xYWFv8WFhb/FhYW/xYWFv8VFRX/FRUV/xUVFf8VFRX/FRUV/xUVFf8VFRX/FRUV/xUVFf8VFRX/FRUV/xUVFf8UFBT/FBQU/xQUFP8UFBT/FRUV/xUVFf8VFRX/FRUV/xUVFf8VFRX/FRUV/xYWFv8WFhb/FhYW/xYWFv8WFhb/FhYW/xYWFv8WFhb/FRUV/xUVFf8UFBT/FBQU/xUVFf8VFRX/FRUV/xUVFf8VFRX/FRUV/xUVFf8VFRX/FRUV/xUVFf8VFRX/FBQU/xQUFP8VFRX/FRUV/xUVFf8VFRX/FhYW/xYWFv8WFhb/FhYW/xUVFf8UFBT/FBQU/xQUFP8UFBT/FBQU/xQUFP8UFBT/FBQU/xUVFf8VFRX/FBQU/xQUFP8UFBT/FBQU/xQUFP8UFBT/FBQU/xQUFP8UFBT/FBQU/xQUFP8TExP/ExMT/xMTE/8TExP/ExMT/xMTE/8UFBT/FBQU/xUVFf8VFRX/FBQU/xMTE/8TExP/Kysr/ysrK/8rKyv/Kysr/yoqKv8qKir/KSkp/ykpKf8oKCj/KCgo/ycnJ/8nJyf/Jycn/ycnJ/8mJib/JiYm/yYmJv8mJib/Jycn/ycnJ/8mJib/JSUl/yYmJv8nJyf/Jycn/yYmJv8mJib/JiYm/yYmJv8mJib/JiYm/yUlJf8lJSX/JiYm/yYmJv8mJib/JiYm/yYmJv8mJib/JSUl/yQkJP8kJCT/IyMj/yIiIv8hISH/ISEh/yEhIf8hISH/ISEh/yEhIf8gICD/ICAg/x8fH/8fHx//Hx8f/x8fH/8fHx//Hx8f/x8fH/8fHx//Hx8f/x8fH/8fHx//Hh4e/x4eHv8fHx//Hx8f/x8fH/8fHx//Hx8f/x8fH/8eHh7/Hh4e/x0dHf8cHBz/HR0d/x4eHv8dHR3/HBwc/xwcHP8cHBz/HBwc/x0dHf8dHR3/HR0d/x0dHf8eHh7/Hh4e/yAgIP8gICD/Hx8f/x4eHv8eHh7/Hh4e/x4eHv8eHh7/Hh4e/x4eHv8eHh7/HR0d/xwcHP8bGxv/Gxsb/xwcHP8cHBz/HBwc/xwcHP8dHR3/HR0d/x4eHv8eHh7/HR0d/x0dHf8dHR3/HBwc/x0dHf8eHh7/HR0d/xwcHP8cHBz/HBwc/xwcHP8dHR3/HR0d/x4eHv8eHh7/Hh4e/x4eHv8eHh7/Hh4e/x0dHf8dHR3/HR0d/x0dHf8dHR3/HBwc/xwcHP8cHBz/HBwc/xwcHP8cHBz/HR0d/x0dHf8dHR3/HR0d/xwcHP8cHBz/HR0d/x0dHf8eHh7/Hh4e/x4eHv8eHh7/HR0d/xsbG/8bGxv/HBwc/xwcHP8cHBz/HBwc/xwcHP8cHBz/HR0d/x0dHf8cHBz/HBwc/xwcHP8cHBz/HBwc/xwcHP8cHBz/HBwc/xwcHP8bGxv/HBwc/x0dHf8dHR3/HBwc/xwcHP8aGhr/Ghoa/xsbG/8bGxv/HBwc/xwcHP8cHBz/HBwc/xwcHP8cHBz/HBwc/xsbG/8bGxv/Ghoa/xsbG/8dHR3/HR0d/x0dHf8dHR3/HBwc/xwcHP8cHBz/HBwc/x0dHf8dHR3/HR0d/x0dHf8dHR3/HR0d/x0dHf8dHR3/HR0d/x4eHv8eHh7/Hh4e/x0dHf8bGxv/Gxsb/xsbG/8bGxv/Gxsb/xsbG/8cHBz/HBwc/xwcHP8cHBz/HBwc/xwcHP8cHBz/HBwc/xwcHP8bGxv/HBwc/x0dHf8dHR3/HR0d/x0dHf8cHBz/HBwc/xsbG/8bGxv/Gxsb/xsbG/8bGxv/Gxsb/xsbG/8bGxv/Gxsb/xwcHP8dHR3/Hh4e/x8fH/8gICD/ICAg/yAgIP8gICD/Hh4e/x4eHv8dHR3/HBwc/x0dHf8eHh7/HR0d/x0dHf8cHBz/Gxsb/xwcHP8cHBz/HR0d/x4eHv8eHh7/Hx8f/x4eHv8cHBz/HBwc/x0dHf8dHR3/HR0d/x0dHf8fHx//ICAg/x8fH/8fHx//Hx8f/x4eHv8eHh7/Hh4e/x4eHv8fHx//ICAg/yEhIf8hISH/IiIi/yIiIv8jIyP/JCQk/yUlJf8mJib/JCQk/yMjI/8jIyP/IiIi/yIiIv8hISH/IiIi/yIiIv8lJSX/KCgo/ygoKP8mJib/JiYm/yQkJP8oKCj/MTEx/zo6Ov9RUVH/Wlpa/1JSUv9LS0v/QEBA/zU1Nf9FRUX/V1dX/1ZWVv9VVVX/VFRU/1JSUv9MTEz/QUFB/0dHR/9ZWVn/aWlp/4uLi/+dnZ3/srKy/7S0tP+IiIj/aWlp/2lpaf8cHBz/HBwc/xwcHP8cHBz/HBwc/xwcHP8dHR3/HR0d/x4eHv8eHh7/Hh4e/x4eHv8dHR3/HR0d/x0dHf8dHR3/HR0d/x0dHf8eHh7/Hh4e/x4eHv8eHh7/Hh4e/x0dHf8dHR3/Hh4e/x4eHv8eHh7/Hh4e/x0dHf8dHR3/HR0d/x0dHf8eHh7/Hh4e/x8fH/8fHx//Hx8f/x4eHv8eHh7/Hx8f/x8fH/8fHx//Hh4e/x0dHf8eHh7/Hx8f/x8fH/8eHh7/Hh4e/x4eHv8eHh7/Hx8f/x8fH/8fHx//Hx8f/x8fH/8fHx//Hx8f/yAgIP8gICD/ICAg/yAgIP8fHx//Hx8f/x8fH/8fHx//Hh4e/x4eHv8fHx//Hx8f/yAgIP8gICD/ISEh/yEhIf8hISH/ISEh/yEhIf8gICD/ICAg/yEhIf8hISH/ISEh/yIiIv8jIyP/IyMj/yMjI/8jIyP/IyMj/yMjI/8iIiL/IiIi/yMjI/8jIyP/IyMj/yMjI/8jIyP/IyMj/yMjI/8jIyP/IyMj/yMjI/8jIyP/IyMj/yMjI/8jIyP/IyMj/yQkJP8kJCT/JSUl/yUlJf8mJib/JiYm/ycnJ/8nJyf/KSkp/ywsLP8sLCz/Kysr/ysrK/8qKir/Kioq/yoqKv8qKir/Kioq/yoqKv8rKyv/Kysr/ywsLP8tLS3/LS0t/y0tLf8vLy//MTEx/zQ0NP83Nzf/NjY2/zQ0NP8zMzP/MTEx/zAwMP8wMDD/MDAw/y8vL/8vLy//LS0t/ywsLP8tLS3/Li4u/y4uLv8uLi7/Li4u/y0tLf8tLS3/LS0t/y0tLf8sLCz/LCws/ysrK/8rKyv/Kysr/ysrK/8rKyv/Kysr/ysrK/8rKyv/LCws/ywsLP8sLCz/Kysr/ywsLP8sLCz/Kysr/ykpKf8pKSn/KSkp/ygoKP8mJib/Jycn/ygoKP8oKCj/KCgo/ygoKP8oKCj/KCgo/ygoKP8oKCj/KSkp/yoqKv8rKyv/LCws/ysrK/8qKir/Kioq/yoqKv8qKir/Kioq/yoqKv8qKir/Kioq/ywsLP8sLCz/Kysr/ysrK/8rKyv/Kysr/ywsLP8sLCz/LCws/y0tLf8tLS3/Li4u/y4uLv8tLS3/LS0t/y0tLf8tLS3/LS0t/y0tLf8tLS3/LS0t/ywsLP8rKyv/LCws/y0tLf8uLi7/Li4u/y0tLf8sLCz/LCws/ywsLP8sLCz/LCws/ywsLP8rKyv/Kysr/ysrK/8rKyv/LCws/ywsLP8sLCz/LCws/ysrK/8rKyv/Kysr/yoqKv8pKSn/KCgo/ykpKf8rKyv/Kysr/ywsLP8sLCz/LCws/ywsLP8sLCz/LCws/ysrK/8rKyv/Kioq/yoqKv8rKyv/Kysr/ysrK/8sLCz/LCws/ywsLP8sLCz/LS0t/ywsLP8rKyv/Kysr/ysrK/8rKyv/Kioq/yoqKv8qKir/Kioq/yoqKv8qKir/Kioq/yoqKv8qKir/Kysr/ysrK/8rKyv/Kioq/ykpKf8pKSn/Kioq/ysrK/8sLCz/LCws/ysrK/8rKyv/Kioq/yoqKv8qKir/Kioq/ysrK/8sLCz/LCws/ysrK/8rKyv/LCws/ywsLP8sLCz/LCws/ywsLP8sLCz/LS0t/y0tLf8tLS3/LS0t/y4uLv8uLi7/Li4u/y4uLv8uLi7/LS0t/y0tLf8tLS3/LS0t/y0tLf8tLS3/LS0t/y0tLf8sLCz/LCws/y0tLf8tLS3/LS0t/y0tLf8sLCz/Kysr/ysrK/8rKyv/Kysr/xcXF/8XFxf/FxcX/xcXF/8XFxf/FxcX/xcXF/8XFxf/FxcX/xcXF/8WFhb/FhYW/xcXF/8XFxf/GBgY/xgYGP8XFxf/FhYW/xYWFv8WFhb/FhYW/xYWFv8WFhb/FxcX/xgYGP8ZGRn/GRkZ/xgYGP8YGBj/FxcX/xcXF/8XFxf/FxcX/xYWFv8WFhb/FhYW/xYWFv8WFhb/FhYW/xYWFv8WFhb/FxcX/xgYGP8cHBz/IiIi/yMjI/8iIiL/ISEh/yAgIP8gICD/Hh4e/x4eHv8dHR3/HR0d/x0dHf8dHR3/Hh4e/x4eHv8eHh7/Hh4e/x4eHv8eHh7/Hh4e/x0dHf8dHR3/HR0d/x0dHf8eHh7/Hh4e/x0dHf8dHR3/HR0d/x0dHf8cHBz/HBwc/x0dHf8dHR3/HR0d/x0dHf8dHR3/HR0d/x0dHf8cHBz/HBwc/x0dHf8dHR3/HR0d/x0dHf8dHR3/HR0d/x4eHv8eHh7/Hh4e/x4eHv8eHh7/HR0d/x0dHf8eHh7/Hh4e/x4eHv8eHh7/Hh4e/x4eHv8eHh7/Hh4e/x4eHv8eHh7/Hh4e/x4eHv8eHh7/Hh4e/x4eHv8eHh7/Hh4e/x4eHv8eHh7/Hx8f/x8fH/8fHx//Hx8f/yAgIP8gICD/ICAg/yAgIP8fHx//Hx8f/x8fH/8fHx//Hh4e/x4eHv8eHh7/Hh4e/x4eHv8eHh7/Hh4e/x4eHv8eHh7/Hh4e/x4eHv8eHh7/Hh4e/x4eHv8eHh7/Hh4e/x4eHv8eHh7/Hh4e/x0dHf8dHR3/HR0d/x0dHf8dHR3/HR0d/x0dHf8cHBz/HBwc/xsbG/8bGxv/HBwc/xwcHP8cHBz/HBwc/x0dHf8dHR3/HR0d/x0dHf8dHR3/HR0d/x0dHf8cHBz/HBwc/xwcHP8cHBz/Gxsb/xsbG/8cHBz/HBwc/xsbG/8bGxv/Gxsb/xsbG/8cHBz/HBwc/xwcHP8cHBz/HBwc/xwcHP8bGxv/Ghoa/xsbG/8cHBz/HBwc/xsbG/8bGxv/Gxsb/xsbG/8bGxv/Gxsb/xwcHP8cHBz/HBwc/xwcHP8bGxv/Gxsb/xoaGv8aGhr/Ghoa/xoaGv8aGhr/Ghoa/xoaGv8aGhr/Ghoa/xoaGv8aGhr/GRkZ/xkZGf8ZGRn/GRkZ/xsbG/8bGxv/HBwc/x0dHf8cHBz/Gxsb/xsbG/8bGxv/Gxsb/xsbG/8bGxv/Ghoa/xoaGv8ZGRn/GRkZ/xoaGv8aGhr/Gxsb/xsbG/8cHBz/HBwc/xwcHP8cHBz/HR0d/x0dHf8bGxv/Ghoa/xoaGv8bGxv/HBwc/x0dHf8cHBz/Ghoa/xoaGv8bGxv/Gxsb/x0dHf8dHR3/HBwc/xwcHP8bGxv/Gxsb/xwcHP8cHBz/HBwc/xsbG/8bGxv/Gxsb/xsbG/8bGxv/Gxsb/xsbG/8bGxv/Gxsb/xsbG/8cHBz/HBwc/xwcHP8cHBz/HBwc/xwcHP8cHBz/HBwc/xwcHP8cHBz/HBwc/x0dHf8dHR3/HR0d/x0dHf8cHBz/HBwc/xwcHP8cHBz/HR0d/x0dHf8cHBz/Gxsb/xsbG/8bGxv/HBwc/xwcHP8cHBz/HBwc/xwcHP8cHBz/HBwc/x0dHf8cHBz/Gxsb/xwcHP8dHR3/HR0d/x0dHf8dHR3/HBwc/xsbG/8cHBz/HBwc/xwcHP8cHBz/HBwc/xwcHP8cHBz/HBwc/xwcHP8cHBz/HBwc/xwcHP8dHR3/Hx8f/x8fH/8dHR3/HR0d/x4eHv8eHh7/Hh4e/x4eHv8dHR3/nJyc/7q6uv/b29v/5OTk/+/v7//w8PD/8PDw//Ly8v/z8/P/9vb2//z8/P/+/v7////////////+/v7//v7+//v7+//6+vr//Pz8//7+/v////////////////////////////7+/v/9/f3/+vr6//v7+//9/f3//v7+///////////////////////////////////////////////////////////////////////////////////////////////////////////////////////////////////////////////////////////////////////////////////////////////////////////////////////////////////////////////////////////////////////////////////////////////////////////////////////////////////////////////////////////////////////+/v7//f39//n5+f/z8/P/9fX1//z8/P/9/f3///////39/f/4+Pj/8PDw/9fX1//Hx8f/0NDQ/9jY2P/f39//5+fn/7e3t/97e3v/bm5u/1xcXP9UVFT/R0dH/0lJSf9TU1P/UVFR/0VFRf8/Pz//Nzc3/zY2Nv9BQUH/Tk5O/3d3d/+dnZ3/ioqK/3Z2dv9iYmL/SEhI/z09Pf8uLi7/Li4u/y8vL/8yMjL/OTk5/zg4OP8yMjL/Li4u/yYmJv8jIyP/IiIi/yEhIf8hISH/ISEh/yEhIf8gICD/ICAg/yAgIP8hISH/ISEh/yEhIf8gICD/ICAg/yEhIf8hISH/Hx8f/x8fH/8eHh7/HR0d/x8fH/8fHx//Hh4e/x0dHf8cHBz/Gxsb/xwcHP8dHR3/HR0d/x0dHf8cHBz/Gxsb/xsbG/8bGxv/Ghoa/xoaGv8aGhr/Gxsb/xsbG/8aGhr/Ghoa/xoaGv8ZGRn/GRkZ/xkZGf8ZGRn/Ghoa/xkZGf8ZGRn/GBgY/xgYGP8YGBj/GRkZ/xkZGf8aGhr/Ghoa/xkZGf8YGBj/GBgY/xcXF/8YGBj/GBgY/xgYGP8ZGRn/GBgY/xgYGP8YGBj/GBgY/xgYGP8YGBj/GBgY/xcXF/8XFxf/FxcX/xcXF/8XFxf/GBgY/xgYGP8YGBj/GBgY/xgYGP8YGBj/GBgY/xgYGP8YGBj/GBgY/xcXF/8XFxf/GBgY/xgYGP8ZGRn/GRkZ/xoaGv8aGhr/GRkZ/xkZGf8YGBj/FxcX/xcXF/8XFxf/FxcX/xYWFv8WFhb/FhYW/xYWFv8WFhb/FhYW/xYWFv8WFhb/FhYW/xYWFv8WFhb/FhYW/xYWFv8WFhb/FRUV/xUVFf8VFRX/FhYW/xYWFv8WFhb/FhYW/xYWFv8WFhb/FhYW/xYWFv8WFhb/FhYW/xYWFv8VFRX/FRUV/xUVFf8VFRX/FRUV/xUVFf8VFRX/FhYW/xYWFv8WFhb/FhYW/xYWFv8WFhb/FhYW/xYWFv8WFhb/FhYW/xYWFv8WFhb/FhYW/xYWFv8XFxf/FhYW/xYWFv8WFhb/FhYW/xYWFv8WFhb/FhYW/xUVFf8VFRX/FRUV/xUVFf8VFRX/FRUV/xUVFf8VFRX/FRUV/xYWFv8WFhb/FhYW/xUVFf8VFRX/FRUV/xUVFf8VFRX/FRUV/xUVFf8VFRX/FBQU/xQUFP8UFBT/FBQU/xQUFP8UFBT/FBQU/xUVFf8VFRX/FRUV/xUVFf8UFBT/FBQU/xQUFP8sLCz/LCws/ywsLP8rKyv/KSkp/yoqKv8qKir/Kysr/ywsLP8sLCz/Kysr/yoqKv8oKCj/Jycn/ycnJ/8nJyf/JiYm/yYmJv8nJyf/Jycn/ycnJ/8nJyf/KCgo/ygoKP8oKCj/KCgo/ygoKP8nJyf/Jycn/yYmJv8mJib/JiYm/yYmJv8nJyf/Jycn/ycnJ/8nJyf/JiYm/yYmJv8lJSX/JCQk/yQkJP8kJCT/IyMj/yIiIv8iIiL/IiIi/yEhIf8hISH/ISEh/yEhIf8gICD/ICAg/yAgIP8gICD/ICAg/yAgIP8gICD/ICAg/yAgIP8gICD/ICAg/x8fH/8fHx//Hx8f/yAgIP8gICD/ICAg/yAgIP8gICD/ICAg/yAgIP8gICD/Hx8f/x4eHv8eHh7/Hx8f/x8fH/8eHh7/Hh4e/x4eHv8eHh7/Hx8f/x8fH/8eHh7/Hh4e/x8fH/8gICD/ICAg/yAgIP8fHx//Hx8f/x8fH/8fHx//Hx8f/x8fH/8fHx//Hx8f/x8fH/8fHx//Hx8f/x4eHv8eHh7/Hh4e/x4eHv8eHh7/Hh4e/x4eHv8eHh7/Hh4e/x8fH/8eHh7/Hh4e/x4eHv8eHh7/Hh4e/x4eHv8eHh7/HR0d/x0dHf8dHR3/HR0d/x4eHv8eHh7/Hh4e/x8fH/8fHx//Hx8f/x8fH/8eHh7/Hh4e/x4eHv8eHh7/Hh4e/x0dHf8dHR3/HR0d/x4eHv8eHh7/Hx8f/x8fH/8fHx//Hh4e/x4eHv8dHR3/HR0d/x0dHf8eHh7/Hh4e/x4eHv8fHx//Hx8f/x8fH/8eHh7/HR0d/x0dHf8eHh7/Hh4e/x4eHv8eHh7/HR0d/x0dHf8dHR3/Hh4e/x4eHv8eHh7/Hh4e/x4eHv8eHh7/Hh4e/x0dHf8dHR3/HR0d/x0dHf8dHR3/Hh4e/x4eHv8eHh7/HR0d/xwcHP8cHBz/HBwc/x0dHf8dHR3/Hh4e/x4eHv8eHh7/Hh4e/x4eHv8dHR3/HR0d/x0dHf8cHBz/HR0d/x0dHf8eHh7/Hh4e/x4eHv8eHh7/Hh4e/x4eHv8eHh7/Hh4e/x4eHv8eHh7/Hh4e/x0dHf8dHR3/HR0d/x4eHv8eHh7/Hx8f/x8fH/8fHx//Hh4e/x0dHf8dHR3/HR0d/x0dHf8dHR3/HR0d/x0dHf8dHR3/HR0d/x4eHv8eHh7/Hh4e/x0dHf8dHR3/HR0d/x0dHf8eHh7/Hx8f/x8fH/8fHx//Hh4e/x4eHv8dHR3/HBwc/xwcHP8dHR3/HR0d/x4eHv8eHh7/HR0d/x0dHf8dHR3/HR0d/x0dHf8eHh7/Hx8f/yEhIf8hISH/ISEh/yAgIP8fHx//Hx8f/x4eHv8eHh7/Hx8f/yAgIP8gICD/ICAg/x8fH/8dHR3/HR0d/x4eHv8eHh7/Hx8f/x8fH/8gICD/ICAg/yAgIP8gICD/Hx8f/x8fH/8gICD/ICAg/yEhIf8iIiL/ISEh/yEhIf8iIiL/IiIi/yIiIv8hISH/IiIi/yMjI/8jIyP/IyMj/yMjI/8kJCT/JCQk/yQkJP8lJSX/KCgo/ykpKf8oKCj/KCgo/yYmJv8lJSX/JCQk/yMjI/8lJSX/JiYm/y0tLf83Nzf/NTU1/y8vL/8tLS3/LCws/zExMf9CQkL/U1NT/3p6ev+IiIj/cHBw/15eXv9OTk7/Pz8//1hYWP9zc3P/d3d3/3x8fP9zc3P/Y2Nj/1paWv9NTU3/WVlZ/3d3d/+Ojo7/urq6/8zMzP/V1dX/0dHR/6ampv+JiYn/kpKS/x0dHf8dHR3/Hh4e/x4eHv8eHh7/Hh4e/x4eHv8eHh7/Hh4e/x0dHf8dHR3/HR0d/x4eHv8eHh7/Hh4e/x4eHv8eHh7/Hh4e/x4eHv8eHh7/Hh4e/x4eHv8eHh7/Hh4e/x4eHv8fHx//Hx8f/x8fH/8eHh7/Hh4e/x4eHv8eHh7/Hh4e/x4eHv8eHh7/Hx8f/yAgIP8fHx//Hx8f/x8fH/8gICD/Hx8f/x8fH/8eHh7/Hh4e/x4eHv8fHx//Hx8f/x4eHv8eHh7/Hx8f/x8fH/8hISH/ISEh/yAgIP8gICD/ICAg/yAgIP8gICD/ISEh/yAgIP8gICD/ICAg/yAgIP8fHx//Hx8f/x8fH/8fHx//Hx8f/x8fH/8gICD/ICAg/yAgIP8gICD/ICAg/yEhIf8hISH/ISEh/yIiIv8iIiL/IiIi/yIiIv8iIiL/IiIi/yIiIv8iIiL/IyMj/yQkJP8kJCT/IyMj/yMjI/8jIyP/IyMj/yMjI/8jIyP/JCQk/yQkJP8kJCT/JCQk/yQkJP8kJCT/JCQk/yQkJP8kJCT/JCQk/yQkJP8kJCT/JSUl/yUlJf8lJSX/JiYm/ycnJ/8pKSn/KSkp/ykpKf8qKir/Kysr/ysrK/8qKir/Kioq/yoqKv8qKir/Kysr/ysrK/8sLCz/LS0t/y0tLf8uLi7/Ly8v/zAwMP8xMTH/MjIy/zU1Nf85OTn/PDw8/0BAQP9AQED/Pj4+/z09Pf86Ojr/OTk5/zc3N/81NTX/MzMz/zExMf8wMDD/Ly8v/zAwMP8wMDD/MDAw/zAwMP8wMDD/Ly8v/y8vL/8vLy//Li4u/y0tLf8tLS3/LCws/ywsLP8tLS3/LS0t/y4uLv8vLy//Ly8v/y8vL/8vLy//Ly8v/y8vL/8uLi7/LS0t/ywsLP8rKyv/Kysr/ysrK/8rKyv/Kioq/ygoKP8pKSn/Kioq/yoqKv8pKSn/KSkp/ygoKP8oKCj/KCgo/ykpKf8pKSn/Kioq/ysrK/8sLCz/LCws/y0tLf8sLCz/Kysr/ysrK/8qKir/Kioq/yoqKv8qKir/LCws/ywsLP8sLCz/LCws/ywsLP8sLCz/LCws/y0tLf8tLS3/LS0t/y0tLf8tLS3/LS0t/ywsLP8sLCz/Kysr/ywsLP8sLCz/LS0t/y0tLf8tLS3/LCws/ywsLP8tLS3/Li4u/y4uLv8vLy//Ly8v/y4uLv8uLi7/LS0t/y0tLf8uLi7/Li4u/y0tLf8tLS3/LS0t/y0tLf8tLS3/LS0t/y0tLf8sLCz/LCws/ywsLP8rKyv/Kysr/ysrK/8qKir/Kysr/ywsLP8sLCz/LCws/ywsLP8sLCz/LCws/ywsLP8sLCz/LCws/ywsLP8rKyv/Kysr/ysrK/8rKyv/Kysr/ysrK/8sLCz/LCws/ywsLP8sLCz/LCws/ywsLP8rKyv/Kysr/ysrK/8rKyv/Kysr/ysrK/8rKyv/Kysr/ysrK/8qKir/Kioq/yoqKv8rKyv/Kysr/ysrK/8qKir/Kioq/yoqKv8pKSn/Kioq/ywsLP8sLCz/LCws/ywsLP8sLCz/LCws/ywsLP8sLCz/LCws/y0tLf8sLCz/Kysr/ywsLP8tLS3/Li4u/y8vL/8vLy//Ly8v/zAwMP8wMDD/MDAw/zAwMP8xMTH/MTEx/zExMf8wMDD/MDAw/y8vL/8vLy//Ly8v/y8vL/8vLy//Ly8v/y4uLv8uLi7/Li4u/y0tLf8uLi7/Li4u/y8vL/8uLi7/Li4u/y0tLf8tLS3/LS0t/y0tLf8sLCz/FxcX/xcXF/8XFxf/FxcX/xcXF/8XFxf/GBgY/xgYGP8YGBj/FxcX/xcXF/8XFxf/FhYW/xcXF/8XFxf/FxcX/xcXF/8XFxf/FxcX/xcXF/8WFhb/FhYW/xYWFv8WFhb/FxcX/xgYGP8YGBj/FxcX/xcXF/8XFxf/FhYW/xYWFv8WFhb/FhYW/xUVFf8VFRX/FRUV/xUVFf8VFRX/FhYW/xYWFv8XFxf/GBgY/xwcHP8hISH/IiIi/yEhIf8hISH/ICAg/x8fH/8fHx//Hh4e/x4eHv8eHh7/Hh4e/x4eHv8eHh7/Hx8f/x8fH/8fHx//Hx8f/yAgIP8fHx//Hx8f/x8fH/8eHh7/Hh4e/x4eHv8eHh7/Hh4e/x4eHv8eHh7/Hh4e/x0dHf8dHR3/HR0d/x4eHv8dHR3/HR0d/x0dHf8dHR3/HR0d/x0dHf8dHR3/Hh4e/x4eHv8eHh7/Hh4e/x4eHv8eHh7/Hh4e/x8fH/8fHx//Hx8f/x4eHv8eHh7/Hh4e/x0dHf8eHh7/Hh4e/x4eHv8fHx//Hx8f/yAgIP8gICD/Hx8f/x8fH/8fHx//Hh4e/x4eHv8eHh7/Hh4e/x8fH/8fHx//Hx8f/x8fH/8fHx//Hx8f/yAgIP8gICD/ICAg/yAgIP8gICD/Hx8f/yAgIP8gICD/ICAg/yAgIP8fHx//Hx8f/x8fH/8fHx//Hx8f/x8fH/8fHx//Hx8f/x8fH/8fHx//Hh4e/x4eHv8eHh7/Hx8f/x8fH/8fHx//Hh4e/x4eHv8eHh7/Hh4e/x4eHv8dHR3/HBwc/x0dHf8eHh7/HR0d/x0dHf8dHR3/HR0d/x0dHf8eHh7/Hh4e/x0dHf8dHR3/HR0d/x4eHv8eHh7/Hh4e/x4eHv8eHh7/Hh4e/x4eHv8eHh7/Hh4e/x0dHf8dHR3/HR0d/x0dHf8dHR3/HR0d/x0dHf8dHR3/HR0d/x0dHf8dHR3/HR0d/x0dHf8dHR3/HR0d/x0dHf8dHR3/HR0d/x4eHv8eHh7/HR0d/xwcHP8cHBz/HBwc/xwcHP8cHBz/HBwc/xwcHP8cHBz/HBwc/xwcHP8cHBz/Gxsb/xsbG/8bGxv/Gxsb/xsbG/8bGxv/Gxsb/xwcHP8bGxv/Ghoa/xkZGf8aGhr/Ghoa/xsbG/8bGxv/Gxsb/xwcHP8cHBz/HBwc/xwcHP8cHBz/HBwc/xwcHP8cHBz/HBwc/xwcHP8bGxv/Gxsb/xoaGv8aGhr/Ghoa/xoaGv8bGxv/Gxsb/xsbG/8bGxv/Gxsb/xsbG/8cHBz/HBwc/xsbG/8bGxv/Gxsb/xwcHP8cHBz/HBwc/xsbG/8aGhr/Ghoa/xsbG/8bGxv/HBwc/xwcHP8cHBz/HBwc/xwcHP8cHBz/HBwc/xwcHP8cHBz/HBwc/xwcHP8cHBz/Gxsb/xsbG/8bGxv/HBwc/xwcHP8cHBz/HBwc/xwcHP8cHBz/HBwc/xwcHP8cHBz/HBwc/xwcHP8cHBz/HBwc/xwcHP8cHBz/HR0d/x0dHf8cHBz/HBwc/xwcHP8cHBz/HR0d/x0dHf8dHR3/HR0d/x0dHf8cHBz/HBwc/xwcHP8cHBz/HBwc/xwcHP8bGxv/HBwc/xwcHP8cHBz/HR0d/x0dHf8cHBz/HBwc/x0dHf8dHR3/HR0d/x0dHf8cHBz/HBwc/xwcHP8dHR3/HR0d/x0dHf8dHR3/HR0d/x0dHf8dHR3/HR0d/x0dHf8dHR3/HR0d/x0dHf8eHh7/Hh4e/x0dHf8dHR3/HR0d/x0dHf8dHR3/HR0d/x0dHf/FxcX/3d3d//f39//6+vr///////////////////////////////////////////////////////////////////////////////////////////////////////////////////////////////////////////////////////////////////////////////////////////////////////////////////////////////////////////////////////////////////////////////////////////////////////////////////////////////////////////////////////////////////////////////////////////////////////////////////////////////////////////////////////////////////////////////////////////////////////////////////////////////////////////////////////////////////////////////////////////////////////b29v/s7Oz/urq6/3x8fP9wcHD/YGBg/1paWv9RUVH/WFhY/2pqav9oaGj/Wlpa/1BQUP9CQkL/Pz8//09PT/9iYmL/oKCg/9nZ2f+6urr/l5eX/3l5ef9SUlL/RUVF/zMzM/8xMTH/MDAw/zIyMv81NTX/NTU1/zExMf8uLi7/Jycn/yQkJP8jIyP/IyMj/yMjI/8jIyP/IyMj/yIiIv8iIiL/IiIi/yIiIv8iIiL/IiIi/yEhIf8iIiL/JCQk/yMjI/8iIiL/ISEh/x8fH/8eHh7/ISEh/yIiIv8gICD/Hx8f/x4eHv8cHBz/HBwc/x0dHf8dHR3/HR0d/x0dHf8cHBz/HBwc/xsbG/8bGxv/HBwc/xwcHP8bGxv/Gxsb/xsbG/8bGxv/Ghoa/xoaGv8aGhr/Ghoa/xoaGv8bGxv/Gxsb/xoaGv8ZGRn/GBgY/xkZGf8aGhr/Ghoa/xsbG/8bGxv/Ghoa/xkZGf8YGBj/FxcX/xgYGP8YGBj/GBgY/xkZGf8ZGRn/GRkZ/xkZGf8ZGRn/GRkZ/xkZGf8ZGRn/GBgY/xgYGP8YGBj/GBgY/xgYGP8YGBj/GBgY/xgYGP8YGBj/GBgY/xgYGP8YGBj/GBgY/xkZGf8YGBj/FxcX/xgYGP8ZGRn/GRkZ/xoaGv8aGhr/HBwc/xwcHP8bGxv/Ghoa/xkZGf8YGBj/GBgY/xgYGP8YGBj/FxcX/xcXF/8XFxf/FxcX/xcXF/8XFxf/FxcX/xcXF/8WFhb/FhYW/xcXF/8XFxf/FxcX/xcXF/8WFhb/FhYW/xYWFv8WFhb/FhYW/xcXF/8XFxf/FxcX/xcXF/8WFhb/FhYW/xYWFv8WFhb/FRUV/xUVFf8UFBT/FBQU/xUVFf8VFRX/FhYW/xYWFv8WFhb/FxcX/xcXF/8XFxf/FxcX/xcXF/8XFxf/FxcX/xcXF/8XFxf/FxcX/xcXF/8XFxf/GBgY/xgYGP8XFxf/FxcX/xYWFv8WFhb/FhYW/xYWFv8WFhb/FhYW/xYWFv8WFhb/FhYW/xYWFv8WFhb/FhYW/xYWFv8WFhb/FhYW/xcXF/8XFxf/FhYW/xYWFv8VFRX/FRUV/xUVFf8WFhb/FhYW/xUVFf8VFRX/FRUV/xUVFf8VFRX/FRUV/xUVFf8VFRX/FhYW/xYWFv8VFRX/FRUV/xQUFP8UFBT/FBQU/y0tLf8tLS3/LCws/ysrK/8pKSn/Kioq/ysrK/8tLS3/MDAw/y8vL/8tLS3/LCws/ykpKf8oKCj/KCgo/ygoKP8nJyf/JiYm/ycnJ/8nJyf/KCgo/ykpKf8pKSn/KSkp/ykpKf8pKSn/KSkp/ygoKP8nJyf/JSUl/yUlJf8nJyf/Jycn/ygoKP8oKCj/Jycn/ycnJ/8mJib/JiYm/yUlJf8kJCT/JCQk/yQkJP8kJCT/IyMj/yMjI/8iIiL/IiIi/yEhIf8hISH/ISEh/yEhIf8hISH/ISEh/yEhIf8hISH/ICAg/yAgIP8gICD/ICAg/yAgIP8gICD/ICAg/yAgIP8gICD/ICAg/yAgIP8hISH/ISEh/yEhIf8hISH/IiIi/yIiIv8gICD/Hx8f/yAgIP8gICD/ICAg/yAgIP8gICD/Hx8f/x8fH/8gICD/ICAg/x8fH/8fHx//ISEh/yEhIf8gICD/ICAg/x8fH/8fHx//Hx8f/x8fH/8fHx//ICAg/yAgIP8gICD/ICAg/yEhIf8hISH/ISEh/yEhIf8gICD/ICAg/x8fH/8fHx//Hx8f/x8fH/8fHx//Hx8f/x8fH/8fHx//Hx8f/x8fH/8fHx//Hh4e/x4eHv8eHh7/Hh4e/x4eHv8eHh7/Hx8f/x8fH/8fHx//Hx8f/x8fH/8fHx//Hx8f/x8fH/8eHh7/Hh4e/x4eHv8eHh7/Hh4e/x4eHv8eHh7/Hx8f/yAgIP8hISH/ISEh/yAgIP8gICD/Hh4e/x4eHv8eHh7/Hh4e/x8fH/8fHx//Hx8f/x8fH/8fHx//Hx8f/x8fH/8fHx//Hx8f/x8fH/8fHx//Hx8f/x8fH/8eHh7/Hh4e/x4eHv8eHh7/Hx8f/x8fH/8fHx//Hx8f/x8fH/8fHx//Hx8f/x4eHv8eHh7/Hh4e/x4eHv8fHx//Hx8f/x8fH/8eHh7/HR0d/x0dHf8eHh7/Hh4e/x8fH/8fHx//ICAg/yAgIP8fHx//Hx8f/x8fH/8eHh7/Hh4e/x4eHv8eHh7/Hh4e/x4eHv8eHh7/Hx8f/yAgIP8gICD/ICAg/yAgIP8fHx//Hx8f/x4eHv8eHh7/HR0d/x0dHf8dHR3/Hh4e/x4eHv8fHx//Hx8f/x8fH/8fHx//Hx8f/x8fH/8fHx//Hx8f/x4eHv8eHh7/Hh4e/x4eHv8fHx//Hx8f/x8fH/8fHx//Hx8f/x4eHv8eHh7/Hx8f/yAgIP8hISH/ISEh/yAgIP8gICD/Hx8f/x8fH/8dHR3/HR0d/x4eHv8fHx//ICAg/yAgIP8fHx//Hh4e/x4eHv8eHh7/Hh4e/x4eHv8fHx//IiIi/yIiIv8hISH/ISEh/yAgIP8gICD/Hx8f/x8fH/8gICD/ISEh/yIiIv8iIiL/ISEh/x8fH/8fHx//Hx8f/x8fH/8fHx//ICAg/yEhIf8iIiL/IyMj/yMjI/8hISH/ISEh/yIiIv8iIiL/IyMj/yMjI/8jIyP/IyMj/yQkJP8mJib/JSUl/yMjI/8kJCT/JiYm/yYmJv8lJSX/JSUl/yUlJf8lJSX/JSUl/yYmJv8pKSn/Kysr/ywsLP8sLCz/KSkp/ycnJ/8mJib/JSUl/ycnJ/8qKir/NDQ0/0NDQ/8/Pz//NTU1/zMzM/8xMTH/OTk5/09PT/9mZmb/mpqa/6ysrP+JiYn/bm5u/1lZWf9GRkb/Z2dn/4qKiv+SkpL/nJyc/4uLi/9xcXH/ZmZm/1ZWVv9mZmb/j4+P/6ysrP/g4OD/8vLy//Hx8f/n5+f/vr6+/6Kiov+zs7P/HR0d/x4eHv8fHx//Hx8f/x8fH/8fHx//Hx8f/x4eHv8dHR3/HR0d/x0dHf8dHR3/Hh4e/x4eHv8eHh7/Hh4e/x8fH/8fHx//Hh4e/x4eHv8eHh7/Hh4e/x4eHv8fHx//Hx8f/yAgIP8gICD/Hx8f/x8fH/8eHh7/Hh4e/x4eHv8eHh7/Hh4e/x4eHv8fHx//ICAg/yAgIP8gICD/ICAg/yAgIP8gICD/Hx8f/x8fH/8eHh7/Hh4e/x8fH/8fHx//Hh4e/x4eHv8gICD/ICAg/yIiIv8jIyP/ISEh/yAgIP8hISH/ISEh/yEhIf8hISH/ISEh/yAgIP8gICD/ICAg/yAgIP8fHx//Hx8f/x8fH/8fHx//ICAg/yAgIP8gICD/ICAg/yAgIP8gICD/ISEh/yEhIf8iIiL/IyMj/yMjI/8jIyP/IyMj/yIiIv8iIiL/ISEh/yIiIv8jIyP/JCQk/yQkJP8kJCT/IyMj/yMjI/8jIyP/IyMj/yQkJP8kJCT/JCQk/yQkJP8kJCT/JSUl/yUlJf8kJCT/JCQk/yQkJP8kJCT/JSUl/yUlJf8mJib/JiYm/yYmJv8mJib/KSkp/ysrK/8rKyv/Kysr/ysrK/8rKyv/Kysr/yoqKv8qKir/Kioq/ysrK/8sLCz/LCws/y4uLv8uLi7/MDAw/zAwMP8xMTH/MjIy/zQ0NP82Njb/Ojo6/z8/P/9DQ0P/SEhI/0dHR/9GRkb/RERE/0FBQf8/Pz//PDw8/zo6Ov81NTX/NDQ0/zMzM/8yMjL/MjIy/zIyMv8yMjL/MjIy/zIyMv8xMTH/MTEx/zAwMP8vLy//Li4u/y4uLv8tLS3/LS0t/y4uLv8vLy//MDAw/zExMf8yMjL/MzMz/zIyMv8xMTH/MTEx/zExMf8vLy//LCws/ywsLP8sLCz/LCws/ywsLP8rKyv/Kioq/ysrK/8tLS3/LCws/ysrK/8qKir/KSkp/ygoKP8pKSn/KSkp/yoqKv8qKir/Kysr/ywsLP8tLS3/Ly8v/y4uLv8sLCz/Kysr/yoqKv8qKir/Kioq/yoqKv8sLCz/LCws/y0tLf8tLS3/LCws/ywsLP8tLS3/LS0t/y0tLf8tLS3/LS0t/ywsLP8sLCz/Kysr/ysrK/8qKir/Kioq/ywsLP8sLCz/LS0t/y0tLf8sLCz/LCws/y0tLf8uLi7/Ly8v/zAwMP8wMDD/MDAw/y8vL/8uLi7/Li4u/y8vL/8vLy//Ly8v/y8vL/8vLy//Ly8v/y0tLf8tLS3/LS0t/y0tLf8sLCz/LCws/ywsLP8sLCz/LCws/ywsLP8sLCz/LCws/ywsLP8sLCz/LCws/ywsLP8sLCz/LCws/ywsLP8tLS3/LS0t/ywsLP8sLCz/Kysr/ysrK/8rKyv/Kysr/ysrK/8sLCz/LCws/ywsLP8sLCz/LCws/ywsLP8rKyv/Kysr/ysrK/8rKyv/LCws/ywsLP8rKyv/Kysr/yoqKv8qKir/Kioq/ysrK/8rKyv/Kysr/ysrK/8qKir/Kioq/ykpKf8qKir/LCws/ywsLP8sLCz/LCws/y0tLf8tLS3/Li4u/y4uLv8tLS3/LS0t/ywsLP8rKyv/LCws/y4uLv8vLy//MTEx/zExMf8yMjL/MjIy/zMzM/8zMzP/MzMz/zMzM/80NDT/NDQ0/zIyMv8xMTH/MTEx/zExMf8xMTH/MDAw/zAwMP8wMDD/MDAw/y8vL/8vLy//Li4u/y8vL/8wMDD/MDAw/y8vL/8vLy//Li4u/y4uLv8uLi7/Li4u/y0tLf8XFxf/FxcX/xcXF/8XFxf/FxcX/xcXF/8YGBj/GBgY/xgYGP8YGBj/FxcX/xcXF/8WFhb/FhYW/xcXF/8XFxf/FxcX/xcXF/8XFxf/FxcX/xcXF/8WFhb/FhYW/xYWFv8WFhb/FxcX/xcXF/8XFxf/FxcX/xYWFv8WFhb/FhYW/xYWFv8VFRX/FRUV/xUVFf8VFRX/FRUV/xUVFf8VFRX/FhYW/xcXF/8YGBj/Gxsb/yAgIP8hISH/ISEh/yEhIf8fHx//Hx8f/x8fH/8fHx//Hh4e/x4eHv8fHx//Hx8f/x8fH/8fHx//Hx8f/x8fH/8gICD/ISEh/yEhIf8gICD/ICAg/x8fH/8fHx//Hx8f/x8fH/8eHh7/Hh4e/x4eHv8eHh7/Hh4e/x4eHv8eHh7/Hh4e/x4eHv8dHR3/HR0d/x0dHf8dHR3/Hh4e/x4eHv8fHx//Hx8f/x8fH/8fHx//Hx8f/x8fH/8fHx//Hx8f/x8fH/8fHx//Hx8f/x4eHv8eHh7/HR0d/x0dHf8eHh7/Hx8f/yAgIP8gICD/ISEh/yEhIf8gICD/ICAg/x8fH/8fHx//Hh4e/x4eHv8fHx//Hx8f/x8fH/8fHx//Hx8f/x8fH/8fHx//ICAg/yAgIP8hISH/ICAg/x8fH/8fHx//ICAg/yAgIP8gICD/ICAg/yAgIP8gICD/Hx8f/x8fH/8fHx//ICAg/yAgIP8gICD/ICAg/x8fH/8fHx//Hh4e/x8fH/8hISH/ISEh/x8fH/8fHx//Hh4e/x4eHv8fHx//Hx8f/x0dHf8cHBz/HR0d/x4eHv8eHh7/Hh4e/x4eHv8fHx//Hx8f/x8fH/8fHx//Hh4e/x4eHv8eHh7/Hh4e/x4eHv8eHh7/Hx8f/x8fH/8gICD/ICAg/yAgIP8fHx//Hx8f/x4eHv8eHh7/Hh4e/x4eHv8fHx//Hx8f/x8fH/8fHx//Hh4e/x4eHv8eHh7/Hh4e/x4eHv8eHh7/Hx8f/x8fH/8fHx//ICAg/x8fH/8eHh7/HR0d/xwcHP8cHBz/HBwc/xwcHP8cHBz/HBwc/xwcHP8cHBz/HBwc/xwcHP8cHBz/HBwc/xwcHP8cHBz/HBwc/xwcHP8cHBz/HR0d/xwcHP8ZGRn/GRkZ/xoaGv8bGxv/HBwc/xwcHP8cHBz/HBwc/xwcHP8cHBz/HBwc/xwcHP8cHBz/HBwc/xwcHP8dHR3/HR0d/xwcHP8cHBz/Gxsb/xsbG/8aGhr/Ghoa/xsbG/8bGxv/Gxsb/xsbG/8bGxv/Gxsb/xsbG/8bGxv/HBwc/xwcHP8cHBz/HBwc/xwcHP8bGxv/Gxsb/xoaGv8aGhr/Gxsb/xsbG/8cHBz/HBwc/xwcHP8cHBz/HBwc/xwcHP8cHBz/HBwc/xwcHP8cHBz/HBwc/xwcHP8cHBz/Gxsb/xsbG/8cHBz/HBwc/xwcHP8cHBz/HBwc/xwcHP8dHR3/HR0d/xwcHP8cHBz/HBwc/xwcHP8cHBz/HBwc/xwcHP8dHR3/HR0d/xwcHP8cHBz/HBwc/x0dHf8eHh7/Hh4e/x4eHv8eHh7/HR0d/x0dHf8cHBz/HBwc/xwcHP8cHBz/HBwc/xsbG/8bGxv/HBwc/xwcHP8dHR3/HR0d/x0dHf8dHR3/HR0d/x0dHf8dHR3/HR0d/x0dHf8dHR3/HR0d/x0dHf8dHR3/HR0d/x0dHf8dHR3/HR0d/x4eHv8eHh7/Hh4e/x4eHv8eHh7/Hh4e/x4eHv8eHh7/HR0d/x0dHf8cHBz/HBwc/x0dHf8dHR3/HR0d/7i4uP/V1dX/9fX1//n5+f//////////////////////////////////////////////////////////////////////////////////////////////////////////////////////////////////////////////////////////////////////////////////////////////////////////////////////////////////////////////////////////////////////////////////////////////////////////////////////////////////////////////////////////////////////////////////////////////////////////////////////////////////////////////////////////////////////////////////////////////////////////////////////////////////////////////////////////////////////////////////////////////////////9/f3/+/v7//Dw8P/jIyM/3h4eP9cXFz/VlZW/09PT/9QUFD/VFRU/1FRUf9JSUn/RERE/z09Pf8+Pj7/U1NT/2lpaf+oqKj/4uLi/9HR0f+/v7//kJCQ/1RUVP9FRUX/MjIy/zIyMv8zMzP/NTU1/zk5Of84ODj/NDQ0/zAwMP8pKSn/JSUl/yUlJf8kJCT/IyMj/yIiIv8iIiL/ISEh/yIiIv8iIiL/IiIi/yIiIv8iIiL/ISEh/yEhIf8hISH/ISEh/yAgIP8fHx//Hx8f/x8fH/8gICD/ISEh/yAgIP8eHh7/HR0d/xwcHP8cHBz/HBwc/xwcHP8cHBz/HBwc/xwcHP8cHBz/HBwc/xwcHP8cHBz/HBwc/xwcHP8cHBz/HBwc/xsbG/8bGxv/Gxsb/xoaGv8aGhr/Ghoa/xoaGv8aGhr/Ghoa/xoaGv8ZGRn/GRkZ/xkZGf8aGhr/Gxsb/xsbG/8aGhr/GRkZ/xkZGf8ZGRn/GRkZ/xoaGv8aGhr/Ghoa/xkZGf8ZGRn/GRkZ/xkZGf8YGBj/GBgY/xgYGP8ZGRn/GRkZ/xkZGf8ZGRn/GRkZ/xkZGf8ZGRn/GRkZ/xkZGf8ZGRn/GRkZ/xkZGf8ZGRn/GRkZ/xkZGf8YGBj/GBgY/xkZGf8aGhr/Ghoa/xsbG/8bGxv/Gxsb/xoaGv8ZGRn/GRkZ/xgYGP8YGBj/GBgY/xgYGP8XFxf/FxcX/xcXF/8XFxf/FxcX/xcXF/8XFxf/FxcX/xYWFv8WFhb/FhYW/xYWFv8WFhb/FhYW/xYWFv8WFhb/FhYW/xcXF/8XFxf/FxcX/xcXF/8XFxf/FxcX/xcXF/8XFxf/FxcX/xYWFv8WFhb/FRUV/xUVFf8VFRX/FRUV/xYWFv8WFhb/FxcX/xcXF/8XFxf/FxcX/xYWFv8XFxf/FxcX/xcXF/8XFxf/FxcX/xcXF/8YGBj/GBgY/xgYGP8YGBj/GBgY/xcXF/8XFxf/FxcX/xcXF/8XFxf/FxcX/xcXF/8XFxf/FhYW/xYWFv8WFhb/FhYW/xYWFv8WFhb/FhYW/xYWFv8XFxf/FhYW/xYWFv8WFhb/FhYW/xYWFv8WFhb/FhYW/xYWFv8WFhb/FhYW/xUVFf8VFRX/FRUV/xUVFf8VFRX/FRUV/xUVFf8WFhb/FhYW/xUVFf8VFRX/FRUV/xUVFf8VFRX/Li4u/y4uLv8uLi7/LS0t/ywsLP8sLCz/LCws/y0tLf8uLi7/Li4u/y4uLv8uLi7/LS0t/y0tLf8sLCz/Kysr/ykpKf8nJyf/Jycn/ycnJ/8oKCj/KCgo/ygoKP8oKCj/KCgo/ygoKP8oKCj/KCgo/ycnJ/8mJib/JiYm/yYmJv8nJyf/KCgo/ygoKP8nJyf/JiYm/yYmJv8lJSX/JSUl/yQkJP8kJCT/JCQk/yQkJP8kJCT/IyMj/yMjI/8iIiL/IiIi/yIiIv8iIiL/IiIi/yEhIf8hISH/ISEh/yEhIf8gICD/ICAg/yAgIP8hISH/ISEh/yEhIf8hISH/ISEh/yEhIf8hISH/ISEh/yEhIf8hISH/ISEh/yEhIf8hISH/ISEh/yAgIP8gICD/ICAg/yEhIf8hISH/ISEh/yAgIP8fHx//ICAg/yAgIP8gICD/Hx8f/x8fH/8gICD/ICAg/yAgIP8gICD/ICAg/yAgIP8gICD/ICAg/yAgIP8gICD/ICAg/yAgIP8gICD/ICAg/yAgIP8gICD/ICAg/yEhIf8gICD/ICAg/x8fH/8fHx//Hx8f/x8fH/8fHx//Hx8f/x8fH/8fHx//ICAg/x8fH/8fHx//Hx8f/x8fH/8fHx//Hx8f/yAgIP8gICD/ICAg/x8fH/8fHx//Hx8f/x8fH/8fHx//Hx8f/x8fH/8fHx//Hx8f/x8fH/8fHx//Hx8f/x8fH/8fHx//ICAg/yAgIP8gICD/ICAg/x8fH/8fHx//Hx8f/x8fH/8fHx//Hx8f/yAgIP8gICD/ICAg/yAgIP8gICD/ICAg/yAgIP8fHx//Hx8f/x8fH/8fHx//Hx8f/x8fH/8fHx//Hx8f/x8fH/8fHx//Hx8f/x8fH/8fHx//Hx8f/x8fH/8fHx//Hx8f/x8fH/8fHx//Hx8f/x8fH/8gICD/ICAg/yAgIP8fHx//Hx8f/x4eHv8eHh7/Hx8f/yAgIP8gICD/ICAg/yAgIP8gICD/Hx8f/x8fH/8eHh7/Hh4e/x4eHv8eHh7/Hh4e/x4eHv8fHx//Hx8f/x8fH/8fHx//Hx8f/yAgIP8fHx//Hx8f/x8fH/8fHx//Hh4e/x4eHv8dHR3/Hh4e/x8fH/8fHx//Hx8f/yAgIP8gICD/ICAg/yAgIP8gICD/ICAg/x8fH/8fHx//Hx8f/x8fH/8fHx//Hx8f/x8fH/8fHx//Hx8f/x8fH/8fHx//ICAg/yAgIP8gICD/ICAg/x8fH/8fHx//Hx8f/x4eHv8eHh7/Hx8f/x8fH/8gICD/ISEh/yAgIP8gICD/Hx8f/x8fH/8fHx//Hx8f/yAgIP8hISH/ISEh/yIiIv8iIiL/IiIi/yIiIv8hISH/ISEh/yEhIf8iIiL/IiIi/yIiIv8hISH/ICAg/x8fH/8fHx//Hx8f/yAgIP8iIiL/JCQk/yUlJf8lJSX/JCQk/yMjI/8iIiL/ISEh/yEhIf8iIiL/IyMj/yMjI/8kJCT/JCQk/yUlJf8lJSX/JCQk/yUlJf8mJib/JSUl/yQkJP8kJCT/JCQk/yQkJP8lJSX/JiYm/yoqKv8sLCz/LCws/y0tLf8rKyv/Kioq/yoqKv8pKSn/KSkp/ykpKf8vLy//NjY2/zU1Nf8xMTH/MTEx/zQ0NP8/Pz//WVlZ/21tbf+UlJT/oaGh/4ODg/9ra2v/Wlpa/0lJSf9jY2P/gICA/4SEhP+JiYn/e3t7/2RkZP9fX1//WFhY/3BwcP+mpqb/wcHB/+jo6P/19fX/8fHx/+bm5v+6urr/nJyc/6qqqv8dHR3/Hh4e/x4eHv8fHx//Hx8f/x8fH/8fHx//Hx8f/x4eHv8eHh7/Hh4e/x4eHv8eHh7/Hh4e/x4eHv8eHh7/Hh4e/x8fH/8fHx//Hx8f/x4eHv8dHR3/Hh4e/x4eHv8fHx//Hx8f/x8fH/8fHx//Hx8f/x4eHv8eHh7/Hh4e/x0dHf8dHR3/Hh4e/x4eHv8fHx//Hx8f/x8fH/8gICD/ICAg/yAgIP8gICD/Hx8f/x8fH/8fHx//Hx8f/x8fH/8fHx//Hx8f/yAgIP8hISH/IiIi/yIiIv8iIiL/ISEh/yEhIf8hISH/ISEh/yEhIf8hISH/IiIi/yEhIf8hISH/ICAg/yAgIP8gICD/ICAg/yEhIf8hISH/ISEh/yEhIf8hISH/ISEh/yEhIf8hISH/IiIi/yIiIv8iIiL/IiIi/yIiIv8jIyP/IyMj/yMjI/8jIyP/IyMj/yQkJP8kJCT/JCQk/yQkJP8lJSX/JSUl/yUlJf8lJSX/JCQk/yQkJP8kJCT/JSUl/yUlJf8kJCT/JCQk/yQkJP8jIyP/IyMj/yQkJP8kJCT/JSUl/ycnJ/8oKCj/KSkp/yoqKv8qKir/Kioq/yoqKv8qKir/Kioq/yoqKv8qKir/Kioq/ysrK/8sLCz/Li4u/zAwMP8xMTH/NDQ0/zY2Nv83Nzf/OTk5/zs7O/89PT3/Pj4+/z8/P/9AQED/QUFB/0hISP9RUVH/UlJS/1JSUv9QUFD/TExM/0pKSv9HR0f/Q0ND/zs7O/83Nzf/MzMz/zExMf8yMjL/NDQ0/zU1Nf83Nzf/NjY2/zU1Nf8zMzP/MjIy/zIyMv8xMTH/MTEx/zAwMP8wMDD/MjIy/zMzM/82Njb/ODg4/zo6Ov87Ozv/Ozs7/zo6Ov85OTn/Nzc3/zQ0NP8wMDD/Ly8v/y4uLv8tLS3/LS0t/y0tLf8sLCz/LCws/ywsLP8sLCz/Kysr/yoqKv8qKir/Kioq/yoqKv8qKir/Kioq/yoqKv8qKir/Kysr/ywsLP8sLCz/LCws/ysrK/8rKyv/Kioq/yoqKv8qKir/Kioq/ysrK/8rKyv/LCws/ywsLP8sLCz/LCws/ywsLP8sLCz/LCws/ysrK/8rKyv/Kysr/ysrK/8rKyv/Kysr/yoqKv8qKir/Kysr/ywsLP8sLCz/LCws/ysrK/8rKyv/LCws/ywsLP8tLS3/LS0t/y0tLf8tLS3/LS0t/y0tLf8tLS3/LS0t/y0tLf8tLS3/LS0t/y0tLf8tLS3/LS0t/ywsLP8sLCz/LCws/y0tLf8tLS3/LS0t/y4uLv8uLi7/Ly8v/y4uLv8tLS3/LS0t/y0tLf8tLS3/LS0t/y0tLf8tLS3/LS0t/y0tLf8tLS3/LCws/ywsLP8sLCz/LCws/ywsLP8sLCz/LCws/y0tLf8sLCz/LCws/ywsLP8rKyv/Kysr/ysrK/8rKyv/Kysr/ysrK/8rKyv/Kysr/ysrK/8qKir/Kioq/yoqKv8qKir/Kysr/ysrK/8rKyv/Kysr/ysrK/8rKyv/LCws/ywsLP8tLS3/LS0t/y0tLf8tLS3/LS0t/y0tLf8uLi7/Ly8v/zAwMP8xMTH/MDAw/y8vL/8xMTH/NDQ0/zQ0NP81NTX/Nzc3/zo6Ov86Ojr/OTk5/zk5Of85OTn/OTk5/zg4OP84ODj/NjY2/zQ0NP8zMzP/MjIy/zIyMv8yMjL/MjIy/zMzM/8yMjL/MjIy/zExMf8vLy//Ly8v/y8vL/8vLy//Ly8v/y8vL/8vLy//Ly8v/y8vL/8uLi7/Li4u/xYWFv8XFxf/FxcX/xcXF/8XFxf/GBgY/xgYGP8YGBj/GBgY/xcXF/8XFxf/FhYW/xcXF/8XFxf/FxcX/xcXF/8XFxf/FxcX/xcXF/8WFhb/FhYW/xUVFf8VFRX/FRUV/xYWFv8WFhb/FhYW/xYWFv8WFhb/FhYW/xUVFf8VFRX/FRUV/xUVFf8VFRX/FRUV/xUVFf8VFRX/FRUV/xUVFf8VFRX/FhYW/xcXF/8aGhr/Hx8f/yAgIP8hISH/ISEh/yAgIP8gICD/Hx8f/x8fH/8eHh7/Hh4e/x8fH/8gICD/ICAg/yAgIP8gICD/ICAg/yAgIP8hISH/ISEh/yEhIf8gICD/Hx8f/x8fH/8fHx//Hh4e/x8fH/8fHx//Hx8f/x8fH/8fHx//Hx8f/x8fH/8fHx//Hx8f/x4eHv8eHh7/Hh4e/x4eHv8gICD/ICAg/yAgIP8gICD/ICAg/yAgIP8gICD/ICAg/yAgIP8gICD/ICAg/x8fH/8fHx//Hh4e/x4eHv8fHx//Hx8f/x8fH/8fHx//ICAg/yAgIP8gICD/ICAg/yAgIP8gICD/ICAg/yAgIP8gICD/ICAg/yAgIP8gICD/ICAg/yAgIP8gICD/ICAg/yAgIP8gICD/ISEh/yEhIf8hISH/ICAg/yAgIP8hISH/ISEh/yEhIf8hISH/ISEh/yEhIf8hISH/ISEh/yAgIP8gICD/ICAg/yAgIP8gICD/ICAg/yAgIP8fHx//Hx8f/yAgIP8gICD/Hx8f/x8fH/8fHx//Hx8f/x8fH/8fHx//Hx8f/x8fH/8fHx//Hx8f/x8fH/8fHx//Hx8f/x8fH/8fHx//Hx8f/x8fH/8fHx//Hx8f/x8fH/8fHx//Hx8f/x8fH/8fHx//Hx8f/yAgIP8gICD/ICAg/x8fH/8fHx//Hx8f/x8fH/8fHx//Hx8f/x8fH/8fHx//Hx8f/x8fH/8fHx//Hx8f/x8fH/8fHx//Hx8f/yAgIP8gICD/ICAg/yAgIP8hISH/ICAg/yAgIP8fHx//Hh4e/x4eHv8eHh7/HR0d/x0dHf8dHR3/HR0d/x0dHf8dHR3/HR0d/x0dHf8dHR3/HR0d/x4eHv8eHh7/Hh4e/x4eHv8eHh7/HR0d/xwcHP8cHBz/HBwc/x0dHf8dHR3/HR0d/x0dHf8dHR3/HR0d/x0dHf8dHR3/HR0d/x0dHf8dHR3/Hh4e/x8fH/8eHh7/HR0d/x0dHf8cHBz/HBwc/xsbG/8bGxv/HBwc/xwcHP8cHBz/HR0d/x0dHf8dHR3/HR0d/x0dHf8dHR3/HR0d/x0dHf8dHR3/HR0d/x0dHf8cHBz/HBwc/xwcHP8cHBz/HBwc/xwcHP8cHBz/HBwc/x0dHf8dHR3/HR0d/x0dHf8dHR3/HR0d/x0dHf8dHR3/HR0d/xwcHP8cHBz/HBwc/xwcHP8dHR3/HR0d/x0dHf8dHR3/HR0d/x0dHf8dHR3/HR0d/x0dHf8dHR3/HR0d/x0dHf8dHR3/HR0d/x4eHv8eHh7/HR0d/x0dHf8dHR3/HR0d/x4eHv8eHh7/Hh4e/x0dHf8eHh7/Hh4e/x4eHv8dHR3/HR0d/x0dHf8dHR3/HR0d/x0dHf8eHh7/Hh4e/x4eHv8eHh7/Hh4e/x0dHf8dHR3/HR0d/x0dHf8dHR3/HR0d/x0dHf8dHR3/HR0d/x0dHf8dHR3/HR0d/x4eHv8eHh7/Hh4e/x4eHv8eHh7/Hh4e/x4eHv8eHh7/Hh4e/x4eHv8eHh7/Hh4e/x0dHf8dHR3/HR0d/x0dHf8dHR3/q6ur/83Nzf/z8/P/+Pj4///////////////////////////////////////////////////////////////////////////////////////////////////////////////////////////////////////////////////////////////////////////////////////////////////////////////////////////////////////////////////////////////////////////////////////////////////////////////////////////////////////////////////////////////////////////////////////////////////////////////////////////////////////////////////////////////////////////////////////////////////////////////////////////////////////////////////////////////////////////////////////////////////////5+fn/8vLy/8vLy/+bm5v/f39//1hYWP9SUlL/TU1N/0hISP8/Pz//PDw8/zk5Of84ODj/ODg4/z4+Pv9WVlb/b29v/6+vr//q6ur/5+fn/+Xl5f+lpaX/VVVV/0VFRf8yMjL/MjIy/zU1Nf84ODj/PDw8/zs7O/83Nzf/MjIy/yoqKv8mJib/JiYm/yYmJv8kJCT/IiIi/yIiIv8hISH/ISEh/yIiIv8iIiL/IiIi/yIiIv8hISH/ICAg/x8fH/8fHx//Hh4e/x4eHv8fHx//Hx8f/yAgIP8gICD/Hx8f/x4eHv8dHR3/HBwc/xwcHP8bGxv/Gxsb/xwcHP8cHBz/HBwc/xwcHP8dHR3/HR0d/x0dHf8dHR3/HR0d/x0dHf8cHBz/HBwc/xsbG/8bGxv/Gxsb/xoaGv8aGhr/Ghoa/xoaGv8aGhr/Ghoa/xoaGv8aGhr/GRkZ/xoaGv8bGxv/HBwc/xsbG/8aGhr/Ghoa/xoaGv8aGhr/Gxsb/xsbG/8aGhr/Ghoa/xkZGf8ZGRn/GBgY/xgYGP8YGBj/GBgY/xkZGf8ZGRn/Ghoa/xsbG/8aGhr/Ghoa/xkZGf8ZGRn/GRkZ/xkZGf8ZGRn/GRkZ/xkZGf8ZGRn/GRkZ/xkZGf8ZGRn/Ghoa/xoaGv8bGxv/Gxsb/xsbG/8bGxv/Ghoa/xkZGf8YGBj/GBgY/xgYGP8YGBj/GBgY/xcXF/8XFxf/FxcX/xcXF/8XFxf/FxcX/xcXF/8XFxf/FhYW/xYWFv8WFhb/FhYW/xYWFv8WFhb/FhYW/xYWFv8WFhb/FxcX/xcXF/8XFxf/FxcX/xcXF/8XFxf/FxcX/xcXF/8XFxf/FxcX/xYWFv8WFhb/FRUV/xUVFf8WFhb/FhYW/xcXF/8XFxf/FxcX/xcXF/8XFxf/FhYW/xYWFv8XFxf/FxcX/xcXF/8XFxf/GBgY/xgYGP8YGBj/GBgY/xgYGP8YGBj/FxcX/xcXF/8YGBj/GBgY/xgYGP8YGBj/GBgY/xcXF/8XFxf/FhYW/xYWFv8WFhb/FhYW/xYWFv8WFhb/FxcX/xcXF/8WFhb/FhYW/xYWFv8WFhb/FhYW/xYWFv8WFhb/FhYW/xYWFv8WFhb/FhYW/xUVFf8VFRX/FhYW/xYWFv8VFRX/FRUV/xcXF/8XFxf/FhYW/xUVFf8VFRX/FRUV/xUVFf8uLi7/Li4u/y8vL/8vLy//Li4u/y4uLv8tLS3/LS0t/ywsLP8tLS3/Ly8v/zAwMP8xMTH/MTEx/y8vL/8tLS3/Kioq/ygoKP8nJyf/Jycn/ycnJ/8oKCj/KCgo/ycnJ/8nJyf/Jycn/ycnJ/8nJyf/Jycn/yYmJv8mJib/JiYm/yYmJv8nJyf/KCgo/ycnJ/8mJib/JSUl/yQkJP8kJCT/JCQk/yQkJP8lJSX/JSUl/yQkJP8kJCT/IyMj/yMjI/8jIyP/IyMj/yMjI/8jIyP/ISEh/yAgIP8hISH/ISEh/yAgIP8gICD/ICAg/yEhIf8hISH/ISEh/yEhIf8hISH/ISEh/yEhIf8hISH/IiIi/yIiIv8hISH/ISEh/yEhIf8hISH/ICAg/yAgIP8hISH/IiIi/yIiIv8hISH/ICAg/x8fH/8gICD/ISEh/yAgIP8fHx//Hx8f/yAgIP8gICD/ICAg/yAgIP8gICD/ICAg/yAgIP8gICD/ICAg/yAgIP8gICD/ICAg/yAgIP8gICD/ICAg/yAgIP8gICD/ISEh/yEhIf8gICD/ICAg/x8fH/8fHx//Hh4e/x4eHv8fHx//Hx8f/x8fH/8gICD/ICAg/yAgIP8gICD/ICAg/yAgIP8hISH/ISEh/yEhIf8hISH/Hx8f/x8fH/8eHh7/Hh4e/x8fH/8fHx//ICAg/yAgIP8gICD/ICAg/yAgIP8fHx//Hx8f/yAgIP8gICD/ICAg/yAgIP8fHx//Hx8f/x8fH/8fHx//ICAg/yAgIP8gICD/ICAg/yAgIP8gICD/ICAg/yAgIP8gICD/ICAg/yAgIP8fHx//Hx8f/x8fH/8fHx//Hx8f/x8fH/8fHx//Hx8f/x8fH/8fHx//Hh4e/x4eHv8fHx//Hx8f/x8fH/8fHx//Hx8f/x8fH/8fHx//ICAg/yAgIP8hISH/ISEh/yEhIf8gICD/Hx8f/x4eHv8fHx//ICAg/yEhIf8hISH/ICAg/yAgIP8gICD/Hx8f/x8fH/8eHh7/Hh4e/x4eHv8eHh7/Hx8f/x8fH/8fHx//Hx8f/x8fH/8fHx//ICAg/yAgIP8gICD/ICAg/x8fH/8fHx//Hh4e/x0dHf8eHh7/Hx8f/x8fH/8gICD/ICAg/yAgIP8gICD/ICAg/yAgIP8hISH/ISEh/yAgIP8gICD/Hx8f/x4eHv8fHx//Hx8f/x8fH/8fHx//Hx8f/yAgIP8gICD/Hx8f/x8fH/8fHx//Hx8f/x8fH/8fHx//Hx8f/x8fH/8fHx//Hx8f/yEhIf8iIiL/ISEh/yEhIf8gICD/Hx8f/x8fH/8gICD/ICAg/yEhIf8hISH/IiIi/yIiIv8kJCT/JCQk/yIiIv8iIiL/IiIi/yIiIv8iIiL/IiIi/yEhIf8gICD/Hx8f/x4eHv8gICD/IiIi/yQkJP8nJyf/KCgo/ycnJ/8mJib/JCQk/yMjI/8hISH/ICAg/yEhIf8iIiL/IyMj/yQkJP8kJCT/JCQk/yQkJP8lJSX/JSUl/yYmJv8lJSX/IyMj/yMjI/8iIiL/IyMj/yQkJP8mJib/Kioq/ywsLP8tLS3/Li4u/y0tLf8tLS3/LS0t/y0tLf8rKyv/KSkp/yoqKv8qKir/Kysr/ywsLP8wMDD/Nzc3/0RERP9hYWH/dHR0/4+Pj/+Xl5f/fX19/2lpaf9aWlr/S0tL/2BgYP93d3f/d3d3/3h4eP9ra2v/WFhY/1hYWP9aWlr/eHh4/7u7u//V1dX/8PDw//j4+P/y8vL/5eXl/7e3t/+Wlpb/oaGh/x0dHf8dHR3/Hh4e/x4eHv8fHx//Hx8f/x8fH/8fHx//Hx8f/x8fH/8eHh7/Hh4e/x4eHv8eHh7/HR0d/x0dHf8eHh7/Hx8f/x8fH/8fHx//Hh4e/x0dHf8dHR3/Hh4e/x4eHv8fHx//Hx8f/x8fH/8fHx//Hh4e/x4eHv8dHR3/HR0d/x0dHf8dHR3/HR0d/x0dHf8eHh7/Hx8f/x8fH/8gICD/ICAg/yAgIP8gICD/ICAg/yAgIP8gICD/ICAg/x8fH/8fHx//ISEh/yEhIf8iIiL/IiIi/yIiIv8iIiL/ISEh/yEhIf8hISH/ISEh/yIiIv8jIyP/IiIi/yEhIf8hISH/ISEh/yEhIf8iIiL/IiIi/yIiIv8iIiL/IiIi/yIiIv8iIiL/IiIi/yIiIv8iIiL/IiIi/yIiIv8iIiL/IiIi/yMjI/8kJCT/JCQk/yQkJP8kJCT/JCQk/yQkJP8jIyP/JCQk/yYmJv8nJyf/JiYm/yYmJv8lJSX/JCQk/yQkJP8lJSX/JSUl/yQkJP8kJCT/IyMj/yMjI/8jIyP/IyMj/yQkJP8lJSX/KCgo/yoqKv8sLCz/LS0t/ysrK/8qKir/Kioq/yoqKv8qKir/KSkp/yoqKv8rKyv/LCws/y8vL/8wMDD/MzMz/zY2Nv86Ojr/PDw8/z8/P/9BQUH/RUVF/0hISP9HR0f/R0dH/0VFRf9DQ0P/TU1N/1lZWf9bW1v/XV1d/1tbW/9WVlb/VFRU/1FRUf9MTEz/QEBA/zo6Ov8zMzP/MDAw/zMzM/81NTX/ODg4/zs7O/85OTn/ODg4/zY2Nv80NDT/NDQ0/zQ0NP8zMzP/MjIy/zMzM/81NTX/Nzc3/zs7O/8+Pj7/QkJC/0RERP9DQ0P/QkJC/0BAQP89PT3/ODg4/zMzM/8xMTH/Ly8v/y8vL/8uLi7/Li4u/y0tLf8tLS3/LCws/ywsLP8rKyv/Kysr/ysrK/8rKyv/Kysr/ysrK/8qKir/Kioq/yoqKv8qKir/Kioq/yoqKv8qKir/Kioq/yoqKv8qKir/Kioq/yoqKv8qKir/Kioq/yoqKv8rKyv/Kysr/ywsLP8sLCz/LCws/ywsLP8rKyv/KSkp/ykpKf8qKir/Kioq/ysrK/8rKyv/Kioq/yoqKv8rKyv/Kysr/ywsLP8sLCz/Kysr/yoqKv8qKir/Kioq/ysrK/8rKyv/Kysr/ysrK/8rKyv/Kysr/ysrK/8rKyv/Kysr/yoqKv8qKir/Kysr/ysrK/8sLCz/LCws/ywsLP8sLCz/LS0t/y0tLf8uLi7/MDAw/zAwMP8xMTH/Ly8v/y0tLf8tLS3/LS0t/y0tLf8tLS3/LS0t/y0tLf8tLS3/LS0t/y0tLf8sLCz/LCws/ywsLP8sLCz/LCws/y0tLf8tLS3/LS0t/y0tLf8sLCz/Kysr/yoqKv8qKir/Kysr/ysrK/8rKyv/Kysr/ysrK/8rKyv/Kioq/yoqKv8qKir/Kioq/yoqKv8rKyv/Kysr/ysrK/8rKyv/LCws/y0tLf8uLi7/Li4u/y4uLv8uLi7/Li4u/y4uLv8tLS3/LS0t/y8vL/8wMDD/MjIy/zQ0NP8zMzP/MzMz/zU1Nf85OTn/OTk5/zo6Ov89PT3/QkJC/0FBQf8+Pj7/Pj4+/z4+Pv89PT3/PDw8/zs7O/85OTn/Nzc3/zU1Nf8zMzP/MzMz/zQ0NP81NTX/NjY2/zU1Nf80NDT/MzMz/zAwMP8vLy//Li4u/y4uLv8vLy//Ly8v/zAwMP8wMDD/Ly8v/y8vL/8uLi7/FhYW/xYWFv8XFxf/FxcX/xgYGP8YGBj/GBgY/xgYGP8XFxf/FxcX/xYWFv8WFhb/FxcX/xcXF/8XFxf/FxcX/xcXF/8XFxf/FhYW/xYWFv8WFhb/FRUV/xUVFf8VFRX/FRUV/xUVFf8VFRX/FhYW/xYWFv8VFRX/FRUV/xQUFP8UFBT/FRUV/xUVFf8VFRX/FRUV/xUVFf8VFRX/FRUV/xUVFf8VFRX/FhYW/xkZGf8eHh7/ICAg/yIiIv8iIiL/ISEh/yEhIf8fHx//Hx8f/x4eHv8eHh7/ICAg/yEhIf8gICD/ICAg/yAgIP8gICD/ICAg/yEhIf8hISH/ISEh/yAgIP8fHx//Hx8f/x4eHv8eHh7/Hx8f/x8fH/8gICD/ICAg/yAgIP8gICD/ICAg/yAgIP8gICD/Hx8f/x8fH/8eHh7/Hx8f/yIiIv8iIiL/ISEh/yEhIf8hISH/ISEh/yEhIf8hISH/ISEh/yEhIf8gICD/ICAg/x8fH/8eHh7/Hx8f/yAgIP8gICD/Hx8f/x8fH/8gICD/ICAg/yAgIP8gICD/ICAg/yAgIP8hISH/ISEh/yEhIf8hISH/ISEh/yEhIf8gICD/ICAg/yAgIP8hISH/ISEh/yEhIf8hISH/ISEh/yEhIf8hISH/ISEh/yIiIv8iIiL/ISEh/yEhIf8iIiL/IiIi/yIiIv8iIiL/ISEh/yAgIP8gICD/ICAg/yAgIP8hISH/ISEh/yAgIP8gICD/Hx8f/x8fH/8fHx//Hx8f/x8fH/8fHx//ICAg/yAgIP8gICD/ISEh/yAgIP8gICD/ICAg/x8fH/8fHx//Hx8f/x8fH/8fHx//Hx8f/yAgIP8gICD/ISEh/yEhIf8gICD/Hx8f/x8fH/8fHx//ICAg/yAgIP8gICD/Hx8f/x8fH/8gICD/ICAg/yAgIP8gICD/Hx8f/x8fH/8fHx//Hx8f/yAgIP8gICD/Hx8f/x8fH/8gICD/ISEh/yEhIf8hISH/ISEh/yEhIf8hISH/ISEh/yEhIf8gICD/ICAg/x8fH/8fHx//Hh4e/x4eHv8eHh7/Hh4e/x4eHv8eHh7/Hh4e/x4eHv8eHh7/Hx8f/x8fH/8fHx//Hx8f/x8fH/8fHx//Hx8f/x8fH/8fHx//Hx8f/x4eHv8eHh7/Hh4e/x4eHv8dHR3/HR0d/x0dHf8dHR3/HR0d/x4eHv8fHx//ICAg/x8fH/8eHh7/Hh4e/x0dHf8dHR3/HBwc/xwcHP8dHR3/HR0d/x4eHv8eHh7/Hh4e/x4eHv8eHh7/Hh4e/x4eHv8eHh7/Hh4e/x4eHv8eHh7/Hh4e/x4eHv8eHh7/Hh4e/x0dHf8dHR3/HBwc/xwcHP8dHR3/HR0d/x0dHf8dHR3/Hh4e/x4eHv8eHh7/Hh4e/x4eHv8eHh7/HR0d/xwcHP8cHBz/HR0d/x0dHf8dHR3/HR0d/x0dHf8dHR3/HR0d/x0dHf8dHR3/HR0d/x0dHf8dHR3/HR0d/x0dHf8eHh7/Hx8f/x8fH/8eHh7/Hh4e/x4eHv8eHh7/Hh4e/x4eHv8dHR3/HR0d/x4eHv8eHh7/Hx8f/x8fH/8eHh7/Hh4e/x4eHv8eHh7/Hh4e/x8fH/8fHx//Hx8f/x8fH/8eHh7/Hh4e/x0dHf8dHR3/HR0d/x0dHf8dHR3/HR0d/x0dHf8dHR3/HR0d/x0dHf8dHR3/Hh4e/x4eHv8eHh7/Hh4e/x4eHv8eHh7/Hh4e/x4eHv8fHx//Hx8f/x8fH/8fHx//Hh4e/x4eHv8dHR3/HR0d/x0dHf+jo6P/yMjI//Hx8f/39/f//////////////////////////////////////////////////////////////////////////////////////////////////////////////////////////////////////////////////////////////////////////////////////////////////////////////////////////////////////////////////////////////////////////////////////////////////////////////////////////////////////////////////////////////////////////////////////////////////////////////////////////////////////////////////////////////////////////////////////////////////////////////////////////////////////////////////////////////////v7+//z8/P/5+fn/8fHx/+zs7P/09PT/+/v7//f39//y8vL/zc3N/56env+AgID/VlZW/09PT/9ISEj/RERE/z09Pf86Ojr/Nzc3/zY2Nv84ODj/Pj4+/1RUVP9sbGz/qqqq/+Tk5P/W1tb/x8fH/5OTk/9RUVH/Q0ND/zExMf8xMTH/NDQ0/zY2Nv85OTn/ODg4/zMzM/8vLy//KCgo/yUlJf8lJSX/JSUl/yQkJP8iIiL/IiIi/yEhIf8hISH/IiIi/yIiIv8iIiL/IiIi/yEhIf8hISH/Hx8f/x8fH/8eHh7/Hh4e/x4eHv8fHx//Hx8f/yAgIP8fHx//Hx8f/x4eHv8dHR3/HR0d/xwcHP8cHBz/HBwc/x0dHf8dHR3/HR0d/x0dHf8dHR3/HR0d/x0dHf8dHR3/HBwc/xwcHP8cHBz/Gxsb/xsbG/8bGxv/Ghoa/xoaGv8aGhr/Ghoa/xoaGv8bGxv/Gxsb/xsbG/8aGhr/Ghoa/xsbG/8bGxv/Ghoa/xoaGv8aGhr/Ghoa/xoaGv8bGxv/Ghoa/xoaGv8aGhr/GRkZ/xkZGf8ZGRn/GRkZ/xkZGf8ZGRn/Ghoa/xoaGv8bGxv/Gxsb/xoaGv8ZGRn/GRkZ/xkZGf8ZGRn/GRkZ/xkZGf8ZGRn/GRkZ/xkZGf8ZGRn/GRkZ/xoaGv8aGhr/Gxsb/xsbG/8bGxv/Gxsb/xsbG/8aGhr/GRkZ/xkZGf8YGBj/GBgY/xgYGP8YGBj/FxcX/xcXF/8XFxf/FxcX/xcXF/8XFxf/FxcX/xcXF/8XFxf/FxcX/xcXF/8XFxf/FxcX/xcXF/8XFxf/FxcX/xcXF/8YGBj/GBgY/xgYGP8YGBj/FxcX/xcXF/8XFxf/FxcX/xcXF/8XFxf/FxcX/xYWFv8WFhb/FhYW/xYWFv8WFhb/FxcX/xcXF/8XFxf/FxcX/xYWFv8WFhb/FhYW/xcXF/8XFxf/FxcX/xcXF/8XFxf/GBgY/xgYGP8YGBj/GBgY/xgYGP8YGBj/GBgY/xgYGP8YGBj/GBgY/xgYGP8YGBj/FxcX/xcXF/8WFhb/FhYW/xYWFv8WFhb/FhYW/xcXF/8XFxf/FxcX/xYWFv8WFhb/FhYW/xYWFv8WFhb/FhYW/xYWFv8WFhb/FhYW/xYWFv8WFhb/FRUV/xYWFv8WFhb/FhYW/xYWFv8WFhb/FhYW/xYWFv8VFRX/FRUV/xUVFf8VFRX/FRUV/zExMf8xMTH/MTEx/zAwMP8vLy//Ly8v/y4uLv8uLi7/LS0t/y4uLv8vLy//Ly8v/zAwMP8wMDD/MTEx/zAwMP8vLy//LS0t/ysrK/8pKSn/KSkp/ygoKP8oKCj/KCgo/ygoKP8nJyf/Jycn/ycnJ/8nJyf/Jycn/yYmJv8mJib/JiYm/ycnJ/8nJyf/JiYm/yYmJv8lJSX/JCQk/yUlJf8lJSX/JSUl/yUlJf8lJSX/JCQk/yQkJP8jIyP/IyMj/yMjI/8jIyP/IyMj/yMjI/8iIiL/ISEh/yIiIv8iIiL/IiIi/yMjI/8iIiL/IiIi/yIiIv8iIiL/IiIi/yIiIv8iIiL/ISEh/yEhIf8iIiL/IiIi/yIiIv8iIiL/IiIi/yIiIv8hISH/ISEh/yEhIf8iIiL/ISEh/yEhIf8hISH/ICAg/yAgIP8hISH/ISEh/yAgIP8gICD/ISEh/yEhIf8hISH/ISEh/yEhIf8gICD/ICAg/yAgIP8gICD/ISEh/yEhIf8gICD/ISEh/yEhIf8hISH/ISEh/yEhIf8hISH/ISEh/yAgIP8gICD/ICAg/yAgIP8gICD/Hx8f/x8fH/8fHx//ICAg/yAgIP8hISH/ISEh/yEhIf8gICD/ICAg/yAgIP8gICD/ISEh/yEhIf8gICD/Hx8f/x8fH/8fHx//ICAg/yAgIP8gICD/ISEh/yEhIf8hISH/ISEh/yAgIP8hISH/ISEh/yEhIf8gICD/ICAg/yAgIP8gICD/ICAg/yAgIP8gICD/ICAg/yAgIP8gICD/ICAg/yAgIP8gICD/ICAg/yAgIP8gICD/ICAg/x8fH/8fHx//Hx8f/x8fH/8fHx//Hx8f/yAgIP8gICD/ICAg/yAgIP8gICD/Hx8f/yAgIP8gICD/ICAg/yAgIP8gICD/Hx8f/yAgIP8gICD/ICAg/yEhIf8hISH/ISEh/yAgIP8gICD/ICAg/yAgIP8hISH/ISEh/yEhIf8hISH/ICAg/yAgIP8gICD/ICAg/x8fH/8fHx//Hx8f/x8fH/8fHx//Hx8f/x8fH/8fHx//Hx8f/x8fH/8gICD/ICAg/yAgIP8gICD/ICAg/x8fH/8fHx//Hh4e/x8fH/8gICD/ICAg/yAgIP8gICD/ICAg/yAgIP8gICD/ICAg/yAgIP8gICD/Hx8f/x8fH/8fHx//Hx8f/x8fH/8gICD/ICAg/yAgIP8gICD/ICAg/yAgIP8gICD/ICAg/yAgIP8gICD/ICAg/x8fH/8fHx//ICAg/yAgIP8hISH/ISEh/yIiIv8hISH/ISEh/yAgIP8gICD/ICAg/yAgIP8gICD/ISEh/yEhIf8hISH/IiIi/yMjI/8jIyP/IiIi/yIiIv8iIiL/IiIi/yIiIv8iIiL/ISEh/yAgIP8gICD/Hx8f/yAgIP8iIiL/IyMj/yYmJv8mJib/JiYm/yUlJf8jIyP/IiIi/yEhIf8hISH/IiIi/yMjI/8jIyP/JCQk/yQkJP8kJCT/JSUl/yUlJf8mJib/Jycn/yYmJv8lJSX/JCQk/yMjI/8jIyP/JSUl/yYmJv8pKSn/Kysr/ywsLP8sLCz/LS0t/y4uLv8wMDD/MTEx/y8vL/8sLCz/Kysr/ysrK/8sLCz/Ly8v/zQ0NP8+Pj7/SkpK/2RkZP9zc3P/hoaG/4uLi/90dHT/YmJi/1NTU/9FRUX/UVFR/19fX/9jY2P/aWlp/2JiYv9XV1f/WVlZ/15eXv9/f3//x8fH/+Dg4P/19fX/+vr6//Pz8//n5+f/ubm5/5mZmf+enp7/Hh4e/x4eHv8eHh7/Hx8f/x8fH/8fHx//Hx8f/x8fH/8fHx//Hx8f/x8fH/8fHx//Hx8f/x8fH/8fHx//Hx8f/x8fH/8gICD/ICAg/yAgIP8gICD/Hx8f/x8fH/8fHx//Hx8f/x8fH/8fHx//Hx8f/x8fH/8fHx//Hx8f/x8fH/8fHx//Hh4e/x4eHv8eHh7/Hh4e/x8fH/8fHx//Hx8f/yAgIP8gICD/ICAg/yAgIP8gICD/ICAg/yAgIP8gICD/Hx8f/yAgIP8hISH/ISEh/yIiIv8iIiL/IiIi/yIiIv8hISH/ISEh/yEhIf8hISH/ISEh/yIiIv8iIiL/ISEh/yEhIf8hISH/IiIi/yIiIv8iIiL/IiIi/yIiIv8iIiL/IiIi/yIiIv8iIiL/IiIi/yIiIv8iIiL/IiIi/yIiIv8iIiL/IyMj/yQkJP8kJCT/JCQk/yQkJP8kJCT/JCQk/yQkJP8kJCT/JSUl/yYmJv8lJSX/JSUl/yUlJf8kJCT/JCQk/yUlJf8lJSX/JCQk/yQkJP8kJCT/JCQk/yQkJP8lJSX/Jycn/ygoKP8qKir/Kysr/ywsLP8sLCz/Kysr/yoqKv8qKir/Kioq/yoqKv8qKir/Kysr/y0tLf8wMDD/NTU1/zs7O/9HR0f/SkpK/0xMTP9PT0//VlZW/1paWv9bW1v/XFxc/2NjY/9paWn/YGBg/1dXV/9kZGT/dnZ2/3V1df9ycnL/cHBw/21tbf9nZ2f/XFxc/1NTU/9DQ0P/PT09/zs7O/88PDz/RkZG/01NTf9PT0//UFBQ/05OTv9KSkr/SUlJ/0hISP9FRUX/QUFB/0BAQP8+Pj7/Pj4+/z8/P/9BQUH/RUVF/0dHR/9ISEj/SUlJ/0hISP9HR0f/Q0ND/0BAQP87Ozv/NjY2/zQ0NP8xMTH/MTEx/y8vL/8vLy//Ly8v/y4uLv8uLi7/LS0t/y0tLf8sLCz/LCws/ywsLP8sLCz/LCws/ysrK/8rKyv/Kysr/yoqKv8qKir/Kioq/yoqKv8qKir/Kioq/yoqKv8qKir/Kioq/yoqKv8qKir/Kioq/ysrK/8rKyv/Kysr/ywsLP8rKyv/Kysr/yoqKv8pKSn/Kioq/yoqKv8rKyv/Kysr/ysrK/8qKir/Kysr/ysrK/8rKyv/Kysr/ysrK/8rKyv/Kioq/yoqKv8qKir/Kysr/ysrK/8rKyv/Kysr/ysrK/8rKyv/Kysr/ysrK/8rKyv/Kysr/ysrK/8rKyv/Kysr/ywsLP8sLCz/LCws/ywsLP8tLS3/LS0t/y4uLv8uLi7/Ly8v/zAwMP8vLy//Li4u/y4uLv8uLi7/Li4u/y0tLf8tLS3/LS0t/y0tLf8tLS3/LS0t/ywsLP8sLCz/LCws/ywsLP8tLS3/LS0t/y0tLf8tLS3/LS0t/ywsLP8sLCz/Kysr/ywsLP8tLS3/LCws/ysrK/8rKyv/Kysr/ysrK/8rKyv/Kysr/ysrK/8rKyv/LCws/ywsLP8sLCz/LCws/y0tLf8tLS3/Li4u/y4uLv8vLy//Ly8v/zAwMP8wMDD/MTEx/zIyMv80NDT/ODg4/zs7O/8+Pj7/QUFB/0hISP9PT0//VlZW/2BgYP9dXV3/WFhY/2FhYf9ycnL/b29v/2VlZf9dXV3/T09P/0pKSv9GRkb/RERE/0NDQ/9CQkL/RUVF/0hISP9ERET/Pz8//0JCQv9GRkb/Q0ND/z09Pf88PDz/Ojo6/zg4OP80NDT/MzMz/zMzM/8zMzP/MzMz/zMzM/8yMjL/MTEx/zExMf8WFhb/FhYW/xcXF/8XFxf/FxcX/xcXF/8YGBj/GBgY/xgYGP8XFxf/FhYW/xYWFv8XFxf/FxcX/xcXF/8XFxf/FxcX/xcXF/8WFhb/FhYW/xYWFv8VFRX/FRUV/xUVFf8VFRX/FRUV/xUVFf8VFRX/FhYW/xUVFf8VFRX/FRUV/xUVFf8VFRX/FRUV/xYWFv8WFhb/FhYW/xYWFv8WFhb/FRUV/xUVFf8WFhb/GRkZ/x4eHv8gICD/IiIi/yIiIv8iIiL/IiIi/yAgIP8fHx//Hh4e/x4eHv8fHx//ICAg/yAgIP8gICD/ICAg/yAgIP8gICD/IiIi/yIiIv8hISH/ISEh/yAgIP8gICD/Hx8f/x8fH/8gICD/ICAg/yAgIP8gICD/ICAg/yAgIP8gICD/ICAg/yAgIP8fHx//Hx8f/x8fH/8gICD/ISEh/yIiIv8hISH/IiIi/yIiIv8iIiL/IiIi/yIiIv8iIiL/ISEh/yEhIf8gICD/ICAg/x8fH/8gICD/ICAg/yAgIP8hISH/ISEh/yEhIf8hISH/ISEh/yEhIf8hISH/ISEh/yEhIf8hISH/ISEh/yEhIf8hISH/ISEh/yEhIf8hISH/IiIi/yIiIv8iIiL/IiIi/yIiIv8hISH/ISEh/yEhIf8hISH/IiIi/yIiIv8iIiL/IiIi/yMjI/8jIyP/IyMj/yMjI/8iIiL/ISEh/yEhIf8hISH/IiIi/yIiIv8iIiL/ISEh/yEhIf8gICD/ICAg/yAgIP8gICD/ISEh/yEhIf8hISH/ICAg/yEhIf8hISH/ISEh/yAgIP8gICD/Hx8f/yAgIP8gICD/ICAg/yAgIP8hISH/ISEh/yEhIf8hISH/ISEh/yAgIP8fHx//Hx8f/x8fH/8gICD/ICAg/yAgIP8gICD/ICAg/yAgIP8hISH/ISEh/yEhIf8gICD/ICAg/yAgIP8gICD/ICAg/yAgIP8gICD/ICAg/yAgIP8hISH/ISEh/yIiIv8iIiL/ISEh/yEhIf8hISH/ISEh/yEhIf8hISH/ICAg/yAgIP8fHx//Hx8f/x8fH/8fHx//Hx8f/x8fH/8fHx//Hx8f/yAgIP8gICD/ICAg/yAgIP8gICD/ICAg/yAgIP8gICD/ICAg/yAgIP8gICD/ICAg/yAgIP8gICD/ICAg/x8fH/8fHx//Hh4e/x4eHv8fHx//Hx8f/yAgIP8gICD/ICAg/x8fH/8fHx//Hh4e/x4eHv8eHh7/Hh4e/x4eHv8eHh7/Hx8f/x8fH/8fHx//Hx8f/yAgIP8gICD/ICAg/yAgIP8gICD/ISEh/yEhIf8iIiL/ISEh/yAgIP8gICD/Hx8f/x8fH/8eHh7/Hh4e/x8fH/8fHx//Hx8f/x8fH/8gICD/ICAg/yAgIP8gICD/ICAg/yAgIP8gICD/Hx8f/x8fH/8fHx//Hx8f/x8fH/8fHx//Hx8f/x8fH/8fHx//Hx8f/x8fH/8fHx//Hx8f/x8fH/8fHx//Hx8f/x8fH/8fHx//ICAg/yAgIP8gICD/ICAg/yAgIP8gICD/ICAg/yAgIP8gICD/Hx8f/x8fH/8gICD/ICAg/yAgIP8fHx//Hx8f/x8fH/8gICD/ICAg/yAgIP8hISH/ICAg/yAgIP8fHx//Hx8f/x8fH/8fHx//Hx8f/x8fH/8fHx//Hh4e/x4eHv8eHh7/Hh4e/x8fH/8fHx//Hx8f/x8fH/8fHx//Hx8f/x8fH/8fHx//Hx8f/yAgIP8gICD/ICAg/x8fH/8fHx//Hx8f/x8fH/8eHh7/Hh4e/5qamv/Dw8P/8PDw//b29v/////////////////////////////////////////////////////////////////////////////////////////////////////////////////////////////////////////////////////////////////////////////////////////////////////////////////////////////////////////////////////////////////////////////////////////////////////////////////////////////////////////////////////////////////////////////////////////////////////////////////////////////////////////////////////////////////////////////////////////////////////////////////////////////////////////////////////////////////+/v7/+fn5//Pz8//g4OD/19fX/+jo6P/39/f/9fX1//Pz8//Ozs7/oaGh/4GBgf9VVVX/TExM/0NDQ/9AQED/Ozs7/zk5Of81NTX/NTU1/zg4OP8+Pj7/UlJS/2hoaP+lpaX/3Nzc/8HBwf+kpKT/fn5+/01NTf9BQUH/MTEx/zExMf8yMjL/MzMz/zU1Nf80NDT/Li4u/ysrK/8mJib/JCQk/yUlJf8lJSX/IyMj/yIiIv8iIiL/ISEh/yEhIf8hISH/ISEh/yEhIf8hISH/IiIi/yEhIf8fHx//Hx8f/x4eHv8eHh7/Hh4e/x4eHv8fHx//Hx8f/x8fH/8gICD/Hx8f/x8fH/8eHh7/HR0d/x0dHf8dHR3/HR0d/x4eHv8eHh7/HR0d/x0dHf8cHBz/HBwc/xwcHP8cHBz/Gxsb/xsbG/8bGxv/Gxsb/xsbG/8bGxv/Gxsb/xsbG/8bGxv/Gxsb/xwcHP8dHR3/HBwc/xoaGv8aGhr/Gxsb/xsbG/8aGhr/Ghoa/xoaGv8aGhr/Ghoa/xoaGv8aGhr/Ghoa/xoaGv8aGhr/Ghoa/xoaGv8aGhr/Ghoa/xoaGv8bGxv/Gxsb/xsbG/8bGxv/GRkZ/xgYGP8YGBj/GBgY/xkZGf8ZGRn/GRkZ/xkZGf8ZGRn/Ghoa/xoaGv8aGhr/Ghoa/xsbG/8bGxv/Gxsb/xsbG/8bGxv/Gxsb/xoaGv8aGhr/GRkZ/xkZGf8YGBj/GBgY/xgYGP8YGBj/GBgY/xgYGP8YGBj/GBgY/xgYGP8YGBj/GBgY/xgYGP8YGBj/GBgY/xgYGP8YGBj/GBgY/xgYGP8YGBj/GBgY/xkZGf8ZGRn/GRkZ/xgYGP8YGBj/GBgY/xcXF/8XFxf/FxcX/xcXF/8XFxf/FxcX/xcXF/8XFxf/FxcX/xcXF/8XFxf/FxcX/xcXF/8WFhb/FhYW/xYWFv8WFhb/FxcX/xcXF/8XFxf/FxcX/xcXF/8XFxf/FxcX/xcXF/8YGBj/GBgY/xkZGf8ZGRn/GRkZ/xkZGf8ZGRn/GRkZ/xgYGP8YGBj/GBgY/xcXF/8XFxf/FhYW/xYWFv8XFxf/FxcX/xcXF/8XFxf/FhYW/xYWFv8VFRX/FRUV/xYWFv8WFhb/FhYW/xUVFf8VFRX/FRUV/xUVFf8WFhb/FhYW/xYWFv8WFhb/FxcX/xcXF/8WFhb/FhYW/xUVFf8VFRX/FRUV/xUVFf8VFRX/NDQ0/zMzM/8zMzP/MjIy/zAwMP8vLy//Ly8v/y8vL/8vLy//Ly8v/y4uLv8uLi7/Li4u/y8vL/8yMjL/NDQ0/zMzM/8zMzP/Ly8v/ywsLP8qKir/KSkp/ykpKf8qKir/KSkp/ycnJ/8nJyf/Jycn/ycnJ/8nJyf/Jycn/yYmJv8mJib/JiYm/yYmJv8lJSX/JSUl/yUlJf8lJSX/JSUl/yYmJv8mJib/JSUl/yUlJf8kJCT/JCQk/yMjI/8jIyP/JCQk/yQkJP8kJCT/JCQk/yMjI/8iIiL/IyMj/yQkJP8lJSX/JiYm/yQkJP8jIyP/IyMj/yQkJP8jIyP/IyMj/yIiIv8hISH/ISEh/yIiIv8iIiL/IyMj/yMjI/8jIyP/IyMj/yIiIv8iIiL/ISEh/yEhIf8hISH/ISEh/yEhIf8hISH/ISEh/yIiIv8iIiL/IiIi/yIiIv8iIiL/IiIi/yIiIv8iIiL/ISEh/yEhIf8gICD/Hx8f/yAgIP8iIiL/ISEh/yEhIf8iIiL/IyMj/yMjI/8jIyP/IiIi/yEhIf8hISH/ICAg/yAgIP8hISH/ISEh/yEhIf8hISH/ICAg/yAgIP8gICD/ISEh/yEhIf8iIiL/IiIi/yEhIf8gICD/Hx8f/yAgIP8hISH/ISEh/yAgIP8gICD/ICAg/yAgIP8hISH/ISEh/yEhIf8iIiL/IiIi/yIiIv8iIiL/IiIi/yIiIv8iIiL/IiIi/yEhIf8hISH/ICAg/yAgIP8hISH/ISEh/yAgIP8fHx//ICAg/yAgIP8hISH/ISEh/yEhIf8hISH/ICAg/x8fH/8fHx//ICAg/yAgIP8gICD/ICAg/x8fH/8fHx//ICAg/yEhIf8hISH/ISEh/yEhIf8hISH/ISEh/yEhIf8hISH/IiIi/yEhIf8gICD/ICAg/yAgIP8gICD/ICAg/yAgIP8gICD/ICAg/yEhIf8hISH/IiIi/yIiIv8hISH/ISEh/yEhIf8hISH/ISEh/yEhIf8hISH/ISEh/yAgIP8gICD/ICAg/x8fH/8fHx//Hx8f/x8fH/8fHx//Hx8f/yAgIP8gICD/ICAg/yAgIP8gICD/ICAg/yAgIP8gICD/ISEh/yIiIv8hISH/ISEh/yEhIf8gICD/ICAg/yAgIP8gICD/Hx8f/x8fH/8eHh7/Hh4e/x8fH/8gICD/ICAg/yEhIf8hISH/ISEh/yEhIf8hISH/ISEh/yIiIv8iIiL/ISEh/yEhIf8gICD/ICAg/yAgIP8gICD/IiIi/yMjI/8iIiL/IiIi/yEhIf8hISH/ISEh/yEhIf8hISH/ICAg/yAgIP8gICD/ICAg/yEhIf8iIiL/IyMj/yMjI/8iIiL/ISEh/yIiIv8jIyP/IyMj/yMjI/8iIiL/ISEh/yAgIP8gICD/ISEh/yIiIv8jIyP/JCQk/yQkJP8kJCT/JCQk/yIiIv8hISH/IiIi/yIiIv8kJCT/JSUl/yQkJP8jIyP/JCQk/yQkJP8lJSX/JiYm/ycnJ/8oKCj/Jycn/yYmJv8lJSX/JCQk/yQkJP8lJSX/JiYm/ykpKf8qKir/Kioq/ysrK/8tLS3/Ly8v/zIyMv82Njb/MzMz/zAwMP8uLi7/Kysr/y0tLf8yMjL/OTk5/0ZGRv9RUVH/Z2dn/3Jycv99fX3/fn5+/2lpaf9ZWVn/S0tL/z09Pf9AQED/RERE/01NTf9ZWVn/WFhY/1VVVf9aWlr/Y2Nj/4eHh//U1NT/7Ozs//r6+v/8/Pz/9fX1/+jo6P+7u7v/m5ub/5ubm/8fHx//Hx8f/x8fH/8fHx//ICAg/yAgIP8gICD/ICAg/yAgIP8gICD/ICAg/yAgIP8gICD/ICAg/yAgIP8hISH/ISEh/yEhIf8hISH/IiIi/yIiIv8iIiL/ISEh/yEhIf8gICD/ICAg/yAgIP8gICD/ICAg/yEhIf8hISH/ISEh/yEhIf8gICD/ICAg/yAgIP8gICD/ICAg/yAgIP8gICD/Hx8f/yAgIP8hISH/ISEh/yAgIP8gICD/Hx8f/x8fH/8gICD/ICAg/yEhIf8hISH/IiIi/yIiIv8iIiL/IiIi/yEhIf8hISH/ISEh/yAgIP8gICD/ICAg/yEhIf8iIiL/IiIi/yIiIv8iIiL/IyMj/yMjI/8iIiL/ISEh/yIiIv8iIiL/IyMj/yMjI/8jIyP/IyMj/yMjI/8iIiL/IiIi/yMjI/8jIyP/JCQk/yQkJP8kJCT/JCQk/yQkJP8kJCT/JCQk/yQkJP8kJCT/JCQk/yQkJP8kJCT/JCQk/yQkJP8kJCT/JSUl/yUlJf8lJSX/JSUl/yUlJf8lJSX/JiYm/ycnJ/8qKir/Kysr/ywsLP8sLCz/LCws/ywsLP8rKyv/Kioq/yoqKv8qKir/Kysr/ywsLP8tLS3/Ly8v/zQ0NP89PT3/SEhI/1xcXP9hYWH/YGBg/2RkZP9xcXH/dnZ2/3Jycv9ycnL/gYGB/46Ojv9+fn7/bW1t/39/f/+Wlpb/kZGR/4iIiP+Hh4f/hoaG/3x8fP9nZ2f/Wlpa/0dHR/9BQUH/RERE/0lJSf9bW1v/Z2dn/2hoaP9oaGj/ZGRk/19fX/9fX1//Xl5e/1lZWf9RUVH/Tk5O/0xMTP9LS0v/SkpK/0tLS/9RUVH/UlJS/09PT/9OTk7/TExM/0tLS/9HR0f/RERE/z4+Pv85OTn/Nzc3/zQ0NP8zMzP/MTEx/zExMf8xMTH/MDAw/zAwMP8vLy//Li4u/y4uLv8uLi7/Li4u/y0tLf8tLS3/LCws/ywsLP8rKyv/Kysr/ysrK/8qKir/Kioq/yoqKv8qKir/Kysr/ysrK/8rKyv/Kysr/ykpKf8pKSn/Kioq/ysrK/8rKyv/Kysr/ysrK/8qKir/Kioq/yoqKv8qKir/Kysr/ysrK/8rKyv/Kysr/ysrK/8rKyv/Kysr/ysrK/8rKyv/Kysr/ysrK/8rKyv/Kysr/ysrK/8rKyv/Kysr/ysrK/8rKyv/Kysr/ysrK/8rKyv/LCws/ywsLP8sLCz/LCws/ysrK/8rKyv/LCws/ywsLP8tLS3/LS0t/y0tLf8tLS3/LS0t/ywsLP8tLS3/Li4u/y4uLv8vLy//Ly8v/y8vL/8uLi7/LS0t/y0tLf8sLCz/LCws/y0tLf8tLS3/LCws/ywsLP8tLS3/LS0t/y0tLf8uLi7/Li4u/y4uLv8tLS3/LCws/ywsLP8tLS3/LS0t/y4uLv8uLi7/LCws/ysrK/8rKyv/Kysr/ywsLP8sLCz/LCws/y0tLf8tLS3/Li4u/y4uLv8uLi7/Li4u/y8vL/8vLy//Ly8v/y8vL/8xMTH/MTEx/zIyMv80NDT/ODg4/zs7O/9CQkL/R0dH/0xMTP9QUFD/X19f/25ubv97e3v/i4uL/4WFhf96enr/ioqK/6ioqP+jo6P/j4+P/39/f/9jY2P/V1dX/1FRUf9PT0//Tk5O/09PT/9YWFj/YGBg/1ZWVv9LS0v/UVFR/1hYWP9SUlL/R0dH/0ZGRv9ERET/QUFB/zs7O/85OTn/ODg4/zc3N/83Nzf/Nzc3/zQ0NP8zMzP/MzMz/xYWFv8WFhb/FxcX/xcXF/8WFhb/FxcX/xgYGP8YGBj/GRkZ/xgYGP8WFhb/FhYW/xcXF/8XFxf/GBgY/xgYGP8XFxf/FxcX/xYWFv8WFhb/FhYW/xUVFf8VFRX/FRUV/xUVFf8UFBT/FBQU/xUVFf8VFRX/FhYW/xYWFv8VFRX/FRUV/xYWFv8WFhb/FhYW/xcXF/8XFxf/FxcX/xYWFv8WFhb/FhYW/xUVFf8YGBj/Hh4e/yAgIP8iIiL/IyMj/yQkJP8jIyP/ICAg/x8fH/8eHh7/Hh4e/x8fH/8fHx//ICAg/yAgIP8gICD/Hx8f/yEhIf8jIyP/IyMj/yIiIv8iIiL/ISEh/yEhIf8gICD/ICAg/yEhIf8hISH/ISEh/yEhIf8gICD/ICAg/yAgIP8hISH/ICAg/yAgIP8gICD/ICAg/yAgIP8hISH/ISEh/yIiIv8iIiL/IyMj/yQkJP8kJCT/JCQk/yMjI/8iIiL/ISEh/yEhIf8hISH/ISEh/yAgIP8gICD/ISEh/yMjI/8jIyP/IyMj/yMjI/8jIyP/IyMj/yIiIv8iIiL/ISEh/yEhIf8iIiL/IiIi/yIiIv8iIiL/IiIi/yMjI/8jIyP/JCQk/yMjI/8jIyP/IyMj/yIiIv8iIiL/IiIi/yIiIv8hISH/ISEh/yIiIv8jIyP/JCQk/yQkJP8kJCT/JCQk/yMjI/8jIyP/IyMj/yMjI/8jIyP/IyMj/yMjI/8jIyP/IiIi/yAgIP8gICD/ISEh/yIiIv8iIiL/IyMj/yIiIv8hISH/ISEh/yEhIf8hISH/ISEh/yEhIf8gICD/ICAg/yEhIf8hISH/IiIi/yIiIv8jIyP/IiIi/yEhIf8hISH/ICAg/yAgIP8fHx//Hx8f/yAgIP8gICD/ICAg/yEhIf8hISH/ISEh/yEhIf8iIiL/IiIi/yIiIv8iIiL/IiIi/yIiIv8hISH/ISEh/yAgIP8gICD/ICAg/yAgIP8iIiL/IyMj/yIiIv8iIiL/IiIi/yEhIf8hISH/IiIi/yIiIv8hISH/ICAg/x8fH/8fHx//ICAg/yAgIP8hISH/ISEh/yEhIf8hISH/ISEh/yEhIf8hISH/ISEh/yEhIf8hISH/ISEh/yEhIf8hISH/ISEh/yEhIf8iIiL/IiIi/yIiIv8iIiL/ISEh/yEhIf8gICD/ICAg/yAgIP8hISH/ISEh/yEhIf8gICD/ICAg/yAgIP8gICD/ICAg/yAgIP8gICD/ICAg/yAgIP8gICD/ICAg/yAgIP8hISH/ISEh/yIiIv8iIiL/IiIi/yMjI/8kJCT/JSUl/yYmJv8lJSX/IyMj/yIiIv8hISH/ISEh/yEhIf8hISH/ISEh/yEhIf8hISH/IiIi/yIiIv8iIiL/IiIi/yIiIv8iIiL/IyMj/yMjI/8jIyP/IiIi/yIiIv8iIiL/IiIi/yIiIv8iIiL/ISEh/yEhIf8hISH/ISEh/yEhIf8hISH/ISEh/yEhIf8hISH/ICAg/yAgIP8hISH/IiIi/yIiIv8iIiL/IiIi/yIiIv8iIiL/IiIi/yIiIv8hISH/ICAg/yEhIf8hISH/ISEh/yEhIf8hISH/ISEh/yEhIf8iIiL/IiIi/yMjI/8iIiL/IiIi/yEhIf8hISH/ISEh/yEhIf8hISH/ISEh/yEhIf8gICD/ICAg/yAgIP8gICD/ICAg/yEhIf8hISH/ISEh/yEhIf8hISH/ISEh/yEhIf8hISH/ISEh/yEhIf8gICD/ICAg/yAgIP8gICD/ICAg/yAgIP8fHx//lZWV/8DAwP/v7+//9vb2//////////////////7+/v/8/Pz/9/f3/+zs7P/t7e3/9/f3//z8/P/+/v7////////////////////////////////////////////////////////////////////////////////////////////////////////////////////////////////////////////////////////////////////////////////////////////////////////////////////////////////////////////////////////////////////////////////////////////////////////////////////////////////////////////////////////////////////////////////////////////////////////////////////////////////////////////////////////////////////////////////////////////+/v7/+/v7//T09P/h4eH/1NTU/8TExP++vr7/2tra//T09P/z8/P/8vLy/8zMzP+dnZ3/f39//1NTU/9LS0v/Q0ND/0JCQv9CQkL/QUFB/z09Pf88PDz/Pz8//0RERP9YWFj/bW1t/6ampv/a2tr/t7e3/5KSkv9ycnL/SkpK/0BAQP8yMjL/MTEx/zIyMv8zMzP/MzMz/zIyMv8tLS3/Kioq/ycnJ/8lJSX/JCQk/yQkJP8kJCT/IyMj/yMjI/8iIiL/IiIi/yIiIv8iIiL/IyMj/yMjI/8jIyP/IiIi/yAgIP8gICD/Hx8f/x8fH/8eHh7/Hh4e/x8fH/8fHx//ICAg/yEhIf8gICD/Hx8f/x4eHv8dHR3/Hh4e/x4eHv8eHh7/Hh4e/x4eHv8dHR3/HR0d/xwcHP8cHBz/HBwc/xwcHP8cHBz/HBwc/xwcHP8cHBz/HBwc/xwcHP8cHBz/HBwc/xwcHP8bGxv/HBwc/x0dHf8cHBz/Gxsb/xoaGv8bGxv/Gxsb/xsbG/8aGhr/Ghoa/xoaGv8aGhr/Ghoa/xoaGv8aGhr/Ghoa/xoaGv8aGhr/Ghoa/xoaGv8aGhr/Ghoa/xsbG/8bGxv/Gxsb/xoaGv8ZGRn/GBgY/xgYGP8YGBj/GRkZ/xkZGf8ZGRn/GRkZ/xoaGv8aGhr/Ghoa/xoaGv8aGhr/Gxsb/xsbG/8bGxv/Gxsb/xsbG/8bGxv/Ghoa/xoaGv8ZGRn/GRkZ/xkZGf8YGBj/GBgY/xgYGP8YGBj/GBgY/xgYGP8YGBj/GBgY/xgYGP8YGBj/GBgY/xgYGP8YGBj/GBgY/xgYGP8YGBj/GBgY/xgYGP8YGBj/GRkZ/xkZGf8ZGRn/GRkZ/xgYGP8YGBj/GBgY/xgYGP8YGBj/GBgY/xcXF/8XFxf/GBgY/xgYGP8YGBj/GBgY/xcXF/8XFxf/FxcX/xcXF/8XFxf/FhYW/xcXF/8XFxf/FxcX/xcXF/8XFxf/GBgY/xgYGP8XFxf/FxcX/xgYGP8YGBj/GRkZ/xkZGf8ZGRn/GRkZ/xkZGf8ZGRn/GBgY/xgYGP8YGBj/FxcX/xcXF/8WFhb/FhYW/xYWFv8WFhb/FxcX/xcXF/8WFhb/FhYW/xUVFf8VFRX/FhYW/xYWFv8WFhb/FhYW/xYWFv8WFhb/FhYW/xYWFv8WFhb/FhYW/xYWFv8XFxf/FxcX/xYWFv8WFhb/FhYW/xUVFf8VFRX/FRUV/xUVFf85OTn/ODg4/zc3N/82Njb/NDQ0/zIyMv8wMDD/MDAw/zAwMP8vLy//Ly8v/y8vL/8uLi7/Ly8v/zExMf8yMjL/MzMz/zMzM/8yMjL/MDAw/y4uLv8sLCz/Kysr/yoqKv8pKSn/Jycn/ycnJ/8nJyf/Jycn/ycnJ/8nJyf/Jycn/yYmJv8mJib/JiYm/yYmJv8mJib/JiYm/yUlJf8mJib/JiYm/yYmJv8lJSX/JSUl/yQkJP8kJCT/JCQk/yQkJP8kJCT/JCQk/yQkJP8jIyP/IyMj/yIiIv8jIyP/JCQk/yQkJP8lJSX/JCQk/yMjI/8jIyP/JCQk/yQkJP8kJCT/IyMj/yMjI/8iIiL/IyMj/yMjI/8jIyP/IyMj/yMjI/8jIyP/IyMj/yIiIv8iIiL/IiIi/yIiIv8iIiL/IiIi/yIiIv8iIiL/IyMj/yMjI/8jIyP/IyMj/yIiIv8iIiL/IiIi/yIiIv8hISH/ISEh/yAgIP8gICD/ISEh/yIiIv8iIiL/IiIi/yIiIv8jIyP/IyMj/yMjI/8iIiL/IiIi/yEhIf8hISH/ISEh/yIiIv8iIiL/ISEh/yEhIf8hISH/ICAg/yAgIP8hISH/ISEh/yIiIv8iIiL/ISEh/yEhIf8gICD/ICAg/yEhIf8hISH/ISEh/yEhIf8hISH/ISEh/yEhIf8hISH/IiIi/yIiIv8iIiL/IiIi/yIiIv8iIiL/IiIi/yIiIv8iIiL/ISEh/yEhIf8hISH/ISEh/yEhIf8hISH/ICAg/x8fH/8gICD/ICAg/yEhIf8hISH/ISEh/yEhIf8hISH/ICAg/yAgIP8hISH/ISEh/yAgIP8gICD/ICAg/yAgIP8hISH/ISEh/yEhIf8hISH/ISEh/yEhIf8hISH/ISEh/yEhIf8iIiL/ISEh/yEhIf8hISH/ICAg/yAgIP8hISH/ISEh/yAgIP8hISH/ISEh/yEhIf8iIiL/IiIi/yIiIv8hISH/ISEh/yEhIf8gICD/ICAg/yEhIf8hISH/ISEh/yEhIf8gICD/ICAg/yAgIP8gICD/ICAg/yAgIP8gICD/ISEh/yEhIf8hISH/ISEh/yEhIf8gICD/ICAg/yAgIP8gICD/IiIi/yIiIv8hISH/ISEh/yEhIf8hISH/ICAg/yAgIP8gICD/ICAg/x8fH/8fHx//ICAg/yAgIP8hISH/IiIi/yIiIv8iIiL/IiIi/yEhIf8iIiL/IiIi/yIiIv8hISH/ISEh/yAgIP8gICD/ICAg/yEhIf8iIiL/IyMj/yIiIv8iIiL/ISEh/yEhIf8hISH/ISEh/yEhIf8hISH/ISEh/yEhIf8hISH/IiIi/yIiIv8jIyP/IyMj/yIiIv8iIiL/IyMj/yMjI/8jIyP/IyMj/yMjI/8iIiL/ISEh/yAgIP8hISH/IyMj/yMjI/8lJSX/JCQk/yQkJP8jIyP/IiIi/yEhIf8iIiL/IiIi/yQkJP8lJSX/JCQk/yMjI/8jIyP/JCQk/yQkJP8lJSX/JiYm/ycnJ/8nJyf/JiYm/yYmJv8nJyf/Jycn/ykpKf8pKSn/Kioq/ysrK/8sLCz/LS0t/y4uLv8vLy//MjIy/zY2Nv80NDT/MjIy/zIyMv8yMjL/MzMz/zMzM/84ODj/QkJC/0tLS/9cXFz/ZGRk/25ubv9vb2//XV1d/09PT/9ERET/ODg4/zs7O/8+Pj7/SEhI/1VVVf9aWlr/YGBg/2RkZP9paWn/jIyM/9fX1//u7u7/+/v7//39/f/19fX/5+fn/7q6uv+ampr/l5eX/yEhIf8hISH/ISEh/yEhIf8hISH/IiIi/yIiIv8iIiL/IiIi/yIiIv8iIiL/IiIi/yIiIv8iIiL/IiIi/yIiIv8jIyP/IyMj/yMjI/8kJCT/JCQk/yQkJP8jIyP/IyMj/yIiIv8iIiL/IiIi/yIiIv8jIyP/IyMj/yMjI/8jIyP/IiIi/yIiIv8hISH/IiIi/yIiIv8iIiL/IiIi/yEhIf8hISH/IiIi/yMjI/8jIyP/IiIi/yIiIv8hISH/IiIi/yIiIv8iIiL/IyMj/yMjI/8jIyP/IyMj/yMjI/8jIyP/IyMj/yIiIv8iIiL/IiIi/yIiIv8hISH/IiIi/yMjI/8jIyP/IyMj/yMjI/8kJCT/IyMj/yMjI/8jIyP/IyMj/yMjI/8jIyP/JCQk/yQkJP8kJCT/JCQk/yMjI/8kJCT/JCQk/yUlJf8lJSX/JSUl/yUlJf8lJSX/JSUl/yUlJf8lJSX/JSUl/yUlJf8lJSX/JiYm/yYmJv8mJib/JiYm/yYmJv8nJyf/Jycn/yYmJv8mJib/JiYm/ycnJ/8nJyf/KCgo/ysrK/8sLCz/LCws/ywsLP8sLCz/LCws/ywsLP8rKyv/LCws/ywsLP8uLi7/MDAw/zIyMv83Nzf/PDw8/0VFRf9PT0//YWFh/2VlZf9mZmb/aWlp/3Fxcf91dXX/cnJy/3Fxcf98fHz/hoaG/319ff90dHT/f39//46Ojv+Hh4f/fHx8/3p6ev95eXn/cXFx/19fX/9UVFT/Q0ND/z4+Pv9CQkL/RkZG/1VVVf9gYGD/YmJi/2RkZP9kZGT/ZGRk/2ZmZv9qamr/aWlp/2ZmZv9ra2v/dHR0/21tbf9aWlr/V1dX/1paWv9bW1v/WVlZ/1dXV/9XV1f/V1dX/1NTU/9OTk7/SkpK/0VFRf8/Pz//Nzc3/zU1Nf8zMzP/MzMz/zQ0NP8zMzP/MzMz/zIyMv8xMTH/MDAw/y8vL/8vLy//Li4u/y4uLv8tLS3/LCws/ywsLP8rKyv/Kysr/ysrK/8rKyv/Kysr/ysrK/8rKyv/Kysr/ysrK/8rKyv/Kioq/yoqKv8rKyv/Kysr/ysrK/8rKyv/Kioq/yoqKv8rKyv/Kysr/ysrK/8sLCz/LCws/ywsLP8sLCz/Kysr/ysrK/8rKyv/Kysr/ywsLP8sLCz/Kysr/ysrK/8rKyv/Kysr/ywsLP8sLCz/LCws/y0tLf8sLCz/LCws/ywsLP8tLS3/LS0t/y0tLf8tLS3/LCws/ywsLP8sLCz/LCws/y0tLf8tLS3/LS0t/y4uLv8uLi7/Li4u/y8vL/8wMDD/MDAw/zAwMP8wMDD/Ly8v/y4uLv8tLS3/LS0t/ywsLP8sLCz/LCws/ywsLP8tLS3/LS0t/y0tLf8uLi7/Li4u/y4uLv8uLi7/Li4u/y0tLf8sLCz/LCws/y0tLf8tLS3/Li4u/y0tLf8sLCz/LCws/ysrK/8rKyv/LCws/ywsLP8tLS3/LS0t/y0tLf8uLi7/Li4u/y4uLv8vLy//MDAw/zExMf8yMjL/NDQ0/zg4OP85OTn/Ojo6/zs7O/8/Pz//QkJC/0lJSf9OTk7/VlZW/11dXf9paWn/d3d3/4GBgf+Ojo7/h4eH/3x8fP+Hh4f/np6e/5ycnP+RkZH/h4eH/3Jycv9paWn/YGBg/1tbW/9ZWVn/WFhY/2FhYf9paWn/YGBg/1ZWVv9gYGD/bm5u/2VlZf9YWFj/VlZW/1dXV/9UVFT/T09P/01NTf9KSkr/SEhI/0dHR/9FRUX/Pz8//zs7O/86Ojr/FhYW/xYWFv8WFhb/FhYW/xYWFv8XFxf/GBgY/xgYGP8ZGRn/GBgY/xcXF/8XFxf/FxcX/xcXF/8YGBj/GBgY/xgYGP8XFxf/FxcX/xYWFv8WFhb/FhYW/xYWFv8VFRX/FRUV/xQUFP8UFBT/FRUV/xUVFf8WFhb/FhYW/xUVFf8VFRX/FhYW/xYWFv8WFhb/FxcX/xcXF/8XFxf/FhYW/xYWFv8VFRX/FRUV/xcXF/8bGxv/HBwc/x4eHv8fHx//Hx8f/x8fH/8cHBz/Gxsb/xsbG/8aGhr/Gxsb/xsbG/8bGxv/HBwc/xwcHP8bGxv/HR0d/x4eHv8fHx//Hx8f/x4eHv8eHh7/Hh4e/x4eHv8eHh7/Hh4e/x8fH/8fHx//Hx8f/x8fH/8eHh7/Hh4e/x8fH/8eHh7/HR0d/x4eHv8eHh7/Hx8f/yAgIP8gICD/ISEh/yEhIf8iIiL/IiIi/yIiIv8iIiL/ISEh/yEhIf8gICD/ICAg/x8fH/8fHx//Hx8f/x8fH/8gICD/IiIi/yMjI/8jIyP/IyMj/yMjI/8jIyP/IiIi/yEhIf8hISH/ICAg/yEhIf8hISH/ISEh/yIiIv8jIyP/JCQk/yUlJf8mJib/JSUl/yQkJP8kJCT/IyMj/yMjI/8iIiL/IiIi/yIiIv8iIiL/IyMj/yQkJP8lJSX/JSUl/yYmJv8mJib/JiYm/yUlJf8lJSX/JSUl/yUlJf8lJSX/JSUl/yUlJf8lJSX/JCQk/yQkJP8kJCT/JSUl/yUlJf8lJSX/JCQk/yMjI/8iIiL/IiIi/yIiIv8iIiL/IiIi/yEhIf8iIiL/IyMj/yMjI/8kJCT/JCQk/yQkJP8kJCT/IiIi/yIiIv8hISH/ISEh/yAgIP8gICD/ISEh/yIiIv8jIyP/JCQk/yQkJP8kJCT/JCQk/yQkJP8kJCT/IyMj/yMjI/8jIyP/IiIi/yEhIf8hISH/ISEh/yEhIf8hISH/ISEh/yIiIv8jIyP/IyMj/yIiIv8iIiL/ISEh/yIiIv8iIiL/IiIi/yIiIv8hISH/ISEh/yEhIf8iIiL/IyMj/yMjI/8jIyP/IyMj/yIiIv8iIiL/IiIi/yIiIv8hISH/ISEh/yEhIf8hISH/ISEh/yEhIf8hISH/IiIi/yIiIv8iIiL/IiIi/yIiIv8iIiL/IiIi/yEhIf8hISH/ISEh/yEhIf8hISH/IiIi/yEhIf8hISH/ISEh/yIiIv8iIiL/ISEh/yEhIf8hISH/ISEh/yEhIf8hISH/IiIi/yIiIv8jIyP/IyMj/yMjI/8jIyP/JCQk/yUlJf8lJSX/JiYm/yUlJf8jIyP/IyMj/yIiIv8hISH/ISEh/yEhIf8iIiL/IiIi/yIiIv8iIiL/IiIi/yIiIv8jIyP/IyMj/yMjI/8jIyP/IyMj/yMjI/8jIyP/IyMj/yMjI/8jIyP/IyMj/yMjI/8jIyP/IiIi/yIiIv8iIiL/IiIi/yIiIv8iIiL/IiIi/yIiIv8iIiL/ISEh/yIiIv8jIyP/IyMj/yMjI/8jIyP/IyMj/yMjI/8jIyP/IyMj/yEhIf8hISH/ISEh/yIiIv8iIiL/IiIi/yIiIv8iIiL/IiIi/yIiIv8jIyP/IyMj/yMjI/8jIyP/IyMj/yMjI/8jIyP/IiIi/yIiIv8iIiL/IiIi/yIiIv8iIiL/IiIi/yIiIv8iIiL/IyMj/yMjI/8iIiL/IiIi/yIiIv8iIiL/IiIi/yIiIv8iIiL/IiIi/yIiIv8iIiL/ISEh/yEhIf8iIiL/IiIi/yEhIf+Ojo7/vLy8/+7u7v/19fX//////////////////Pz8//b29v/p6en/zs7O/9HR0f/r6+v/9/f3//z8/P////////////////////////////////////////////////////////////////////////////////////////////////////////////////////////////////////////////////////////////////////////////////////////////////////////////////////////////////////////////////////////////////////////////////////////////////////////////////////////////////////////////////////////////////////////////////////////////////////////////////////////////////////////////////////////////////////////////////////////////z8/P/19fX/5ubm/7u7u/+mpqb/m5ub/5ubm//Hx8f/7+/v//Dw8P/x8fH/ycnJ/5eXl/96enr/UVFR/0pKSv9DQ0P/RkZG/05OTv9OTk7/SEhI/0dHR/9JSUn/T09P/2NjY/92dnb/qamp/9fX1/+srKz/fHx8/2RkZP9GRkb/Pj4+/zMzM/8yMjL/MzMz/zMzM/8yMjL/MDAw/ywsLP8qKir/Jycn/yUlJf8kJCT/IyMj/yQkJP8lJSX/JSUl/yUlJf8lJSX/JSUl/yUlJf8lJSX/JSUl/yUlJf8kJCT/ISEh/yEhIf8hISH/ICAg/x8fH/8eHh7/Hx8f/yAgIP8hISH/IiIi/yAgIP8fHx//Hx8f/x4eHv8fHx//ICAg/x8fH/8eHh7/Hh4e/x0dHf8dHR3/HBwc/xwcHP8cHBz/HBwc/x0dHf8eHh7/HR0d/x0dHf8dHR3/HR0d/x0dHf8dHR3/HBwc/xwcHP8cHBz/HBwc/xwcHP8bGxv/Gxsb/xsbG/8bGxv/Gxsb/xsbG/8bGxv/Gxsb/xoaGv8aGhr/Ghoa/xoaGv8aGhr/Ghoa/xoaGv8bGxv/Gxsb/xoaGv8aGhr/Ghoa/xoaGv8aGhr/Ghoa/xkZGf8ZGRn/GRkZ/xkZGf8ZGRn/Ghoa/xoaGv8aGhr/Ghoa/xoaGv8aGhr/Ghoa/xoaGv8bGxv/Gxsb/xsbG/8bGxv/Gxsb/xsbG/8aGhr/GRkZ/xkZGf8ZGRn/GRkZ/xkZGf8YGBj/GBgY/xgYGP8YGBj/GBgY/xgYGP8YGBj/GBgY/xgYGP8YGBj/GBgY/xkZGf8ZGRn/GRkZ/xkZGf8ZGRn/GRkZ/xkZGf8YGBj/GBgY/xgYGP8YGBj/GRkZ/xkZGf8ZGRn/GRkZ/xkZGf8ZGRn/GBgY/xgYGP8ZGRn/GRkZ/xkZGf8ZGRn/GBgY/xcXF/8XFxf/GBgY/xcXF/8XFxf/FxcX/xcXF/8XFxf/GBgY/xgYGP8ZGRn/GRkZ/xgYGP8YGBj/FxcX/xcXF/8YGBj/GRkZ/xkZGf8ZGRn/GRkZ/xgYGP8YGBj/GBgY/xgYGP8XFxf/FxcX/xcXF/8WFhb/FRUV/xYWFv8XFxf/FxcX/xYWFv8VFRX/FhYW/xYWFv8WFhb/FhYW/xYWFv8XFxf/FxcX/xcXF/8XFxf/FxcX/xcXF/8XFxf/FxcX/xYWFv8WFhb/FhYW/xYWFv8WFhb/FhYW/xYWFv8WFhb/FhYW/0BAQP8/Pz//Pj4+/zw8PP85OTn/NjY2/zIyMv8xMTH/MTEx/zAwMP8wMDD/MDAw/y8vL/8vLy//Ly8v/y8vL/8wMDD/MjIy/zU1Nf83Nzf/NDQ0/zExMf8uLi7/Kioq/ykpKf8oKCj/KCgo/ygoKP8oKCj/KCgo/ygoKP8nJyf/Jycn/ycnJ/8nJyf/Jycn/ycnJ/8mJib/JiYm/yYmJv8mJib/JiYm/yUlJf8lJSX/JSUl/yUlJf8lJSX/JSUl/yQkJP8kJCT/IyMj/yMjI/8jIyP/IyMj/yMjI/8jIyP/IyMj/yMjI/8jIyP/IiIi/yMjI/8jIyP/JCQk/yUlJf8lJSX/JSUl/yQkJP8kJCT/JCQk/yQkJP8kJCT/IyMj/yMjI/8jIyP/IyMj/yMjI/8jIyP/IyMj/yMjI/8jIyP/IyMj/yMjI/8kJCT/JCQk/yQkJP8kJCT/IyMj/yMjI/8iIiL/IiIi/yEhIf8hISH/ISEh/yEhIf8hISH/IiIi/yIiIv8jIyP/IyMj/yQkJP8jIyP/IiIi/yIiIv8iIiL/IiIi/yIiIv8jIyP/IyMj/yMjI/8iIiL/IiIi/yEhIf8gICD/ICAg/yEhIf8hISH/IiIi/yIiIv8iIiL/IiIi/yEhIf8hISH/IiIi/yIiIv8iIiL/IiIi/yIiIv8iIiL/IiIi/yIiIv8hISH/ISEh/yIiIv8jIyP/IiIi/yIiIv8iIiL/ISEh/yEhIf8iIiL/IiIi/yIiIv8iIiL/IyMj/yIiIv8hISH/ICAg/yAgIP8gICD/ISEh/yEhIf8hISH/IiIi/yIiIv8iIiL/IiIi/yIiIv8hISH/ISEh/yEhIf8iIiL/IiIi/yIiIv8iIiL/IiIi/yIiIv8iIiL/IiIi/yIiIv8iIiL/IiIi/yEhIf8hISH/IiIi/yEhIf8hISH/ISEh/yIiIv8iIiL/ISEh/yEhIf8iIiL/IiIi/yIiIv8iIiL/IiIi/yIiIv8hISH/ICAg/yAgIP8fHx//ICAg/yIiIv8iIiL/IiIi/yEhIf8hISH/ISEh/yEhIf8hISH/ISEh/yEhIf8iIiL/IyMj/yIiIv8iIiL/ISEh/yEhIf8gICD/Hx8f/yAgIP8hISH/ISEh/yIiIv8iIiL/IiIi/yIiIv8hISH/ISEh/yEhIf8hISH/ICAg/yAgIP8gICD/ISEh/yIiIv8jIyP/IyMj/yMjI/8iIiL/IiIi/yIiIv8iIiL/IiIi/yEhIf8hISH/ISEh/yEhIf8hISH/ISEh/yIiIv8iIiL/IiIi/yEhIf8hISH/ISEh/yEhIf8iIiL/IiIi/yIiIv8iIiL/IiIi/yIiIv8jIyP/JCQk/yUlJf8kJCT/IyMj/yIiIv8jIyP/JCQk/yMjI/8jIyP/IyMj/yQkJP8iIiL/ISEh/yIiIv8kJCT/JCQk/yYmJv8lJSX/IyMj/yMjI/8iIiL/IiIi/yIiIv8iIiL/JSUl/yYmJv8kJCT/IiIi/yMjI/8jIyP/JCQk/yQkJP8lJSX/JSUl/yYmJv8mJib/Jycn/yoqKv8sLCz/Ly8v/y8vL/8tLS3/LCws/y8vL/8wMDD/Ly8v/y4uLv8xMTH/NDQ0/zQ0NP80NDT/ODg4/z09Pf86Ojr/NTU1/zY2Nv86Ojr/Pz8//0lJSf9QUFD/WVlZ/1tbW/9MTEz/QUFB/zo6Ov8yMjL/NjY2/zs7O/9FRUX/UlJS/19fX/9ycnL/c3Nz/3Fxcf+RkZH/2dnZ/+7u7v/7+/v//f39//T09P/n5+f/ubm5/5eXl/+Tk5P/JCQk/yQkJP8jIyP/IyMj/yMjI/8kJCT/JSUl/yYmJv8mJib/JSUl/yQkJP8kJCT/JSUl/yUlJf8lJSX/JSUl/yYmJv8mJib/JiYm/yYmJv8mJib/JiYm/yYmJv8lJSX/JSUl/yUlJf8mJib/JiYm/yYmJv8mJib/JiYm/yUlJf8kJCT/JCQk/yQkJP8lJSX/JSUl/yUlJf8kJCT/JCQk/yQkJP8lJSX/JiYm/yYmJv8lJSX/JSUl/yUlJf8lJSX/JSUl/yUlJf8lJSX/JSUl/yUlJf8mJib/JiYm/yUlJf8lJSX/JSUl/yUlJf8lJSX/JSUl/yQkJP8kJCT/JSUl/yUlJf8lJSX/JSUl/yUlJf8lJSX/JSUl/yUlJf8lJSX/JSUl/yUlJf8lJSX/JSUl/yYmJv8mJib/JiYm/yYmJv8mJib/Jycn/ycnJ/8nJyf/Jycn/ycnJ/8nJyf/Jycn/ycnJ/8nJyf/Jycn/ygoKP8pKSn/KSkp/ykpKf8pKSn/KSkp/ykpKf8pKSn/KSkp/ykpKf8pKSn/KSkp/ykpKf8pKSn/Kysr/ywsLP8tLS3/LS0t/y0tLf8tLS3/LS0t/y4uLv8vLy//MDAw/zMzM/82Njb/Ojo6/0FBQf9HR0f/UFBQ/1dXV/9kZGT/aGho/2tra/9sbGz/bGxs/2xsbP9ra2v/a2tr/25ubv9xcXH/dXV1/3p6ev96enr/e3t7/3Fxcf9jY2P/YWFh/2FhYf9bW1v/UFBQ/0lJSf89PT3/Ojo6/zw8PP8/Pz//SEhI/09PT/9TU1P/WFhY/19fX/9mZmb/bm5u/3h4eP99fX3/hISE/5SUlP+vr6//n5+f/3BwcP9mZmb/aGho/2dnZ/9lZWX/ZWVl/2hoaP9paWn/ZGRk/15eXv9bW1v/V1dX/0tLS/88PDz/OTk5/zY2Nv82Njb/ODg4/zg4OP83Nzf/NjY2/zQ0NP8zMzP/MTEx/zAwMP8vLy//Ly8v/y4uLv8tLS3/LCws/ysrK/8rKyv/LCws/ywsLP8sLCz/LCws/ysrK/8rKyv/Kysr/ysrK/8rKyv/Kysr/ysrK/8rKyv/Kioq/yoqKv8rKyv/Kysr/ywsLP8tLS3/LS0t/y4uLv8tLS3/LS0t/ywsLP8sLCz/LCws/ywsLP8sLCz/LS0t/y0tLf8sLCz/LCws/ywsLP8sLCz/LS0t/y4uLv8uLi7/Ly8v/y8vL/8uLi7/Li4u/y8vL/8vLy//Li4u/y4uLv8uLi7/LS0t/y0tLf8tLS3/LS0t/y0tLf8uLi7/Ly8v/zAwMP8yMjL/MzMz/zQ0NP8zMzP/MjIy/zExMf8vLy//Li4u/y0tLf8tLS3/LCws/ywsLP8rKyv/LCws/y0tLf8uLi7/Li4u/y8vL/8uLi7/Li4u/y4uLv8tLS3/LCws/ysrK/8sLCz/LS0t/y0tLf8sLCz/LCws/y0tLf8tLS3/LCws/ywsLP8tLS3/LS0t/y0tLf8uLi7/Li4u/y0tLf8uLi7/Li4u/y8vL/8xMTH/MzMz/zY2Nv87Ozv/Q0ND/0VFRf9FRUX/RkZG/0lJSf9LS0v/UlJS/1dXV/9iYmL/bGxs/3R0dP99fX3/goKC/4qKiv+CgoL/dnZ2/3p6ev+Dg4P/hoaG/4yMjP+Li4v/hoaG/4GBgf91dXX/bW1t/2ZmZv9iYmL/ampq/3Fxcf9qamr/Y2Nj/3R0dP+Li4v/gICA/25ubv9vb2//cnJy/3Fxcf9ubm7/a2tr/2RkZP9hYWH/Xl5e/1paWv9PT0//SEhI/0RERP8VFRX/FRUV/xUVFf8WFhb/FhYW/xYWFv8XFxf/FxcX/xgYGP8YGBj/GBgY/xgYGP8YGBj/GBgY/xkZGf8ZGRn/GBgY/xgYGP8XFxf/FxcX/xcXF/8XFxf/FhYW/xYWFv8WFhb/FRUV/xUVFf8UFBT/FBQU/xUVFf8VFRX/FRUV/xUVFf8WFhb/FhYW/xYWFv8WFhb/FhYW/xYWFv8WFhb/FRUV/xUVFf8VFRX/FRUV/xYWFv8XFxf/FxcX/xgYGP8YGBj/FxcX/xcXF/8WFhb/FRUV/xQUFP8UFBT/FRUV/xUVFf8VFRX/FRUV/xUVFf8WFhb/GBgY/xgYGP8ZGRn/GRkZ/xgYGP8ZGRn/Ghoa/xoaGv8bGxv/Gxsb/xsbG/8cHBz/HBwc/xwcHP8bGxv/Gxsb/xoaGv8ZGRn/Ghoa/xwcHP8cHBz/HR0d/x4eHv8eHh7/Hx8f/x8fH/8gICD/ICAg/x8fH/8fHx//Hh4e/x4eHv8dHR3/HR0d/x0dHf8dHR3/HR0d/x8fH/8hISH/IiIi/yQkJP8kJCT/IyMj/yIiIv8hISH/ICAg/yAgIP8fHx//Hx8f/x8fH/8gICD/ISEh/yMjI/8lJSX/JiYm/ygoKP8nJyf/JiYm/yUlJf8kJCT/JCQk/yMjI/8jIyP/IyMj/yMjI/8kJCT/JSUl/ycnJ/8oKCj/KCgo/ygoKP8pKSn/KSkp/ygoKP8nJyf/KCgo/ygoKP8oKCj/KCgo/ygoKP8pKSn/KSkp/ykpKf8pKSn/KCgo/ygoKP8oKCj/Jycn/yUlJf8jIyP/IyMj/yMjI/8jIyP/IyMj/yQkJP8lJSX/JiYm/yYmJv8mJib/JiYm/yUlJf8kJCT/IyMj/yIiIv8iIiL/IiIi/yIiIv8kJCT/JiYm/ycnJ/8oKCj/KCgo/ykpKf8pKSn/KCgo/ycnJ/8mJib/JSUl/yQkJP8jIyP/IiIi/yEhIf8iIiL/IyMj/yMjI/8jIyP/IyMj/yQkJP8jIyP/IyMj/yIiIv8iIiL/IiIi/yIiIv8iIiL/IyMj/yMjI/8jIyP/JCQk/yYmJv8nJyf/Jycn/ycnJ/8lJSX/JCQk/yQkJP8kJCT/IiIi/yEhIf8hISH/IiIi/yIiIv8iIiL/IiIi/yIiIv8iIiL/IyMj/yMjI/8jIyP/IyMj/yMjI/8jIyP/IiIi/yIiIv8iIiL/IiIi/yIiIv8jIyP/IyMj/yMjI/8jIyP/JCQk/yQkJP8kJCT/JCQk/yQkJP8kJCT/JCQk/yQkJP8kJCT/JCQk/yQkJP8lJSX/JSUl/yUlJf8kJCT/JCQk/yQkJP8kJCT/IyMj/yMjI/8jIyP/IiIi/yIiIv8hISH/ISEh/yIiIv8jIyP/IyMj/yMjI/8jIyP/IyMj/yMjI/8kJCT/JCQk/yQkJP8kJCT/IyMj/yQkJP8lJSX/JCQk/yQkJP8kJCT/JCQk/yQkJP8kJCT/JCQk/yMjI/8jIyP/IyMj/yMjI/8jIyP/JCQk/yQkJP8kJCT/JCQk/yUlJf8lJSX/JSUl/yUlJf8lJSX/JCQk/yQkJP8kJCT/IiIi/yIiIv8iIiL/IyMj/yMjI/8kJCT/JCQk/yQkJP8jIyP/IyMj/yMjI/8kJCT/JCQk/yUlJf8lJSX/JSUl/yUlJf8lJSX/JSUl/yUlJf8kJCT/JCQk/yQkJP8kJCT/JCQk/yUlJf8lJSX/JSUl/yUlJf8kJCT/JCQk/yQkJP8kJCT/JSUl/yUlJf8kJCT/JCQk/yQkJP8kJCT/JCQk/yQkJP8kJCT/JCQk/5KSkv+9vb3/7u7u//X19f/+/v7//v7+//39/f/5+fn/8/Pz/+Pj4//BwcH/xcXF/+bm5v/19fX/+/v7/////////////////////////////////////////////////////////////////////////////////////////////////////////////////////////////////////////////////////////////////////////////////////////////////////////////////////////////////////////////////////////////////////////////////////////////////////////////////////////////////////////////////////////////////////////////////////////////////////////////////////////////////////////////////////////////////////////////////////////////Pz8//Pz8//g4OD/rq6u/5WVlf+MjIz/jo6O/8DAwP/t7e3/8PDw//Pz8//Ozs7/oKCg/4CAgP9UVFT/TU1N/0ZGRv9NTU3/XV1d/11dXf9XV1f/VFRU/1JSUv9WVlb/aGho/3p6ev+oqKj/0dHR/62trf+Ghob/ampq/0dHR/8/Pz//MzMz/zMzM/80NDT/NDQ0/zIyMv8wMDD/LCws/yoqKv8oKCj/JiYm/yUlJf8kJCT/JSUl/yYmJv8lJSX/JCQk/yQkJP8kJCT/JSUl/yYmJv8mJib/JiYm/yUlJf8iIiL/ISEh/yEhIf8gICD/Hx8f/x4eHv8fHx//ICAg/yEhIf8hISH/ISEh/yAgIP8fHx//Hh4e/x8fH/8gICD/ICAg/x4eHv8eHh7/HR0d/x0dHf8cHBz/HBwc/xwcHP8dHR3/Hh4e/x4eHv8eHh7/HR0d/x0dHf8dHR3/HR0d/x0dHf8dHR3/HBwc/xwcHP8cHBz/HBwc/xwcHP8cHBz/HBwc/xwcHP8cHBz/HBwc/xwcHP8cHBz/Gxsb/xoaGv8aGhr/Ghoa/xoaGv8aGhr/Gxsb/xsbG/8bGxv/Ghoa/xoaGv8aGhr/Gxsb/xsbG/8aGhr/Ghoa/xoaGv8aGhr/Ghoa/xoaGv8aGhr/Ghoa/xsbG/8aGhr/Ghoa/xoaGv8aGhr/Ghoa/xsbG/8bGxv/Gxsb/xsbG/8bGxv/Gxsb/xoaGv8ZGRn/GRkZ/xkZGf8ZGRn/GRkZ/xgYGP8YGBj/GBgY/xkZGf8ZGRn/GRkZ/xkZGf8ZGRn/GRkZ/xkZGf8ZGRn/GRkZ/xkZGf8ZGRn/GRkZ/xkZGf8ZGRn/GRkZ/xgYGP8YGBj/GBgY/xkZGf8ZGRn/GRkZ/xkZGf8ZGRn/GRkZ/xgYGP8YGBj/GBgY/xkZGf8ZGRn/GRkZ/xkZGf8YGBj/GBgY/xgYGP8YGBj/GBgY/xcXF/8XFxf/FxcX/xcXF/8YGBj/GBgY/xkZGf8ZGRn/GBgY/xgYGP8XFxf/FxcX/xgYGP8ZGRn/GRkZ/xkZGf8YGBj/GBgY/xgYGP8YGBj/FxcX/xcXF/8XFxf/FxcX/xYWFv8WFhb/FhYW/xYWFv8WFhb/FhYW/xUVFf8WFhb/FhYW/xYWFv8WFhb/FhYW/xcXF/8XFxf/FxcX/xcXF/8XFxf/FxcX/xcXF/8XFxf/FhYW/xYWFv8WFhb/FhYW/xYWFv8WFhb/FhYW/xYWFv8WFhb/RkZG/0ZGRv9HR0f/SEhI/0pKSv9GRkb/Pz8//zs7O/80NDT/MzMz/zExMf8wMDD/MDAw/y8vL/8vLy//Ly8v/zAwMP8xMTH/NDQ0/zc3N/81NTX/MzMz/zAwMP8rKyv/Kioq/ykpKf8oKCj/KCgo/ygoKP8oKCj/KCgo/ygoKP8oKCj/KCgo/ygoKP8oKCj/Jycn/ycnJ/8nJyf/Jycn/ycnJ/8mJib/JiYm/yYmJv8mJib/JiYm/yYmJv8lJSX/JCQk/yQkJP8kJCT/JCQk/yQkJP8jIyP/IyMj/yMjI/8jIyP/JCQk/yMjI/8jIyP/IyMj/yMjI/8kJCT/JCQk/yUlJf8lJSX/JSUl/yQkJP8kJCT/JCQk/yQkJP8kJCT/IyMj/yMjI/8jIyP/IyMj/yQkJP8kJCT/JCQk/yQkJP8kJCT/JCQk/yQkJP8kJCT/JCQk/yQkJP8jIyP/IyMj/yMjI/8iIiL/IiIi/yIiIv8iIiL/IiIi/yIiIv8iIiL/IyMj/yMjI/8jIyP/JCQk/yMjI/8iIiL/IiIi/yIiIv8iIiL/IiIi/yMjI/8jIyP/IyMj/yMjI/8iIiL/ISEh/yEhIf8hISH/ISEh/yIiIv8iIiL/IiIi/yMjI/8iIiL/IiIi/yIiIv8iIiL/IiIi/yIiIv8jIyP/IyMj/yMjI/8jIyP/IiIi/yIiIv8hISH/IiIi/yMjI/8jIyP/IyMj/yIiIv8iIiL/IiIi/yIiIv8iIiL/IiIi/yMjI/8jIyP/IyMj/yEhIf8hISH/ISEh/yEhIf8hISH/IiIi/yIiIv8iIiL/IiIi/yIiIv8iIiL/IiIi/yIiIv8hISH/ISEh/yIiIv8iIiL/IiIi/yIiIv8iIiL/IiIi/yIiIv8iIiL/IiIi/yIiIv8iIiL/ISEh/yIiIv8iIiL/IiIi/yEhIf8hISH/IiIi/yIiIv8iIiL/IiIi/yIiIv8iIiL/IiIi/yMjI/8jIyP/IiIi/yIiIv8hISH/ISEh/yAgIP8hISH/IiIi/yIiIv8iIiL/IiIi/yEhIf8hISH/ISEh/yEhIf8hISH/ISEh/yIiIv8iIiL/IiIi/yIiIv8hISH/ISEh/yEhIf8gICD/ISEh/yEhIf8iIiL/IiIi/yIiIv8iIiL/IiIi/yIiIv8iIiL/IiIi/yEhIf8hISH/ISEh/yEhIf8iIiL/IiIi/yMjI/8jIyP/IyMj/yMjI/8iIiL/IiIi/yIiIv8iIiL/ISEh/yEhIf8hISH/ISEh/yEhIf8hISH/IiIi/yIiIv8iIiL/IiIi/yIiIv8iIiL/IiIi/yMjI/8jIyP/IyMj/yMjI/8kJCT/JSUl/ygoKP8pKSn/KSkp/ygoKP8lJSX/IyMj/yQkJP8kJCT/JCQk/yQkJP8kJCT/JCQk/yMjI/8iIiL/IyMj/yQkJP8lJSX/Jycn/yYmJv8kJCT/JCQk/yMjI/8jIyP/IyMj/yMjI/8lJSX/Jycn/yUlJf8kJCT/JCQk/yQkJP8kJCT/JSUl/yUlJf8mJib/JiYm/yYmJv8oKCj/Kysr/ywsLP8uLi7/Li4u/y0tLf8sLCz/Ly8v/zExMf8wMDD/Ly8v/zIyMv81NTX/NjY2/zc3N/88PDz/RERE/0BAQP83Nzf/NjY2/zc3N/86Ojr/QkJC/0hISP9TU1P/VlZW/0tLS/9CQkL/Ojo6/zIyMv82Njb/Ojo6/0lJSf9bW1v/cHBw/4+Pj/+Li4v/f39//5qamv/b29v/7u7u//j4+P/6+vr/9fX1/+vr6//FxcX/qamp/52dnf8lJSX/JSUl/yUlJf8lJSX/JSUl/yUlJf8mJib/Jycn/ycnJ/8nJyf/JSUl/yUlJf8mJib/JiYm/yYmJv8mJib/Jycn/ygoKP8oKCj/KCgo/ygoKP8oKCj/KCgo/ycnJ/8nJyf/Jycn/ycnJ/8nJyf/KCgo/ygoKP8nJyf/JiYm/yYmJv8lJSX/JSUl/yYmJv8nJyf/Jycn/yYmJv8mJib/JiYm/yYmJv8nJyf/Jycn/ycnJ/8nJyf/Jycn/ycnJ/8nJyf/Jycn/ycnJ/8nJyf/Jycn/ycnJ/8nJyf/Jycn/ycnJ/8mJib/JiYm/ycnJ/8mJib/JSUl/yYmJv8mJib/JiYm/yYmJv8mJib/JiYm/yYmJv8mJib/JiYm/yYmJv8mJib/JiYm/yYmJv8nJyf/Jycn/ycnJ/8nJyf/Jycn/ygoKP8oKCj/KCgo/ygoKP8oKCj/KCgo/ygoKP8oKCj/KCgo/ygoKP8oKCj/KSkp/yoqKv8qKir/Kioq/yoqKv8rKyv/Kysr/ysrK/8rKyv/Kioq/yoqKv8qKir/Kysr/ysrK/8sLCz/LCws/y0tLf8uLi7/Li4u/y4uLv8vLy//MTEx/zQ0NP84ODj/Q0ND/09PT/9SUlL/VVVV/1lZWf9eXl7/YWFh/2dnZ/9ra2v/c3Nz/3R0dP9wcHD/bW1t/2tra/9qamr/ampq/2tra/9ycnL/eHh4/3h4eP93d3f/b29v/2JiYv9hYWH/YWFh/1xcXP9PT0//SkpK/0RERP9ERET/SkpK/05OTv9QUFD/UlJS/1VVVf9YWFj/Xl5e/2RkZP9ra2v/dHR0/3h4eP9+fn7/i4uL/6Ojo/+VlZX/bW1t/2RkZP9nZ2f/Z2dn/2VlZf9kZGT/Z2dn/2hoaP9lZWX/YmJi/2ZmZv9paWn/W1tb/0dHR/9BQUH/ODg4/zg4OP85OTn/OTk5/zo6Ov85OTn/ODg4/zY2Nv80NDT/MjIy/zExMf8wMDD/Ly8v/y4uLv8tLS3/LCws/ywsLP8sLCz/LCws/ywsLP8sLCz/Kysr/ysrK/8rKyv/Kysr/ysrK/8rKyv/Kysr/ysrK/8rKyv/Kioq/ysrK/8sLCz/LCws/ywsLP8tLS3/Li4u/y0tLf8tLS3/LCws/ywsLP8sLCz/LCws/ywsLP8tLS3/LS0t/ywsLP8sLCz/LCws/ywsLP8tLS3/Li4u/y8vL/8wMDD/Ly8v/y8vL/8vLy//MDAw/zAwMP8vLy//Li4u/y4uLv8uLi7/LS0t/y0tLf8tLS3/LS0t/y4uLv8vLy//MTEx/zMzM/80NDT/NTU1/zQ0NP8yMjL/MTEx/y4uLv8uLi7/LS0t/y0tLf8tLS3/LCws/ywsLP8sLCz/LS0t/y4uLv8uLi7/Li4u/y4uLv8uLi7/Li4u/y0tLf8sLCz/Kysr/ywsLP8tLS3/LS0t/ywsLP8sLCz/LCws/ywsLP8tLS3/LS0t/y0tLf8uLi7/Li4u/y8vL/8vLy//Li4u/y8vL/8wMDD/MjIy/zU1Nf84ODj/Pj4+/0NDQ/9NTU3/T09P/05OTv9OTk7/TU1N/09PT/9WVlb/W1tb/2NjY/9qamr/cHBw/3V1df96enr/f39//3h4eP9tbW3/cHBw/3h4eP9+fn7/i4uL/42Njf+MjIz/iYmJ/35+fv92dnb/b29v/2lpaf9qamr/a2tr/2dnZ/9jY2P/dHR0/4mJif+CgoL/dXV1/3t7e/+Hh4f/hYWF/3x8fP91dXX/aWlp/2RkZP9gYGD/XFxc/1JSUv9KSkr/SEhI/xUVFf8VFRX/FRUV/xYWFv8WFhb/FhYW/xcXF/8XFxf/GBgY/xgYGP8YGBj/GBgY/xgYGP8YGBj/GBgY/xkZGf8ZGRn/GBgY/xgYGP8YGBj/GBgY/xgYGP8XFxf/FxcX/xYWFv8WFhb/FRUV/xUVFf8VFRX/FRUV/xUVFf8VFRX/FRUV/xUVFf8VFRX/FRUV/xUVFf8VFRX/FRUV/xUVFf8VFRX/FRUV/xUVFf8VFRX/FRUV/xUVFf8VFRX/FRUV/xUVFf8VFRX/FBQU/xQUFP8TExP/EhIS/xISEv8SEhL/ExMT/xMTE/8TExP/ExMT/xQUFP8VFRX/FhYW/xcXF/8XFxf/FxcX/xcXF/8YGBj/GBgY/xkZGf8ZGRn/Ghoa/xoaGv8aGhr/Ghoa/xoaGv8ZGRn/GBgY/xgYGP8YGBj/Ghoa/xsbG/8cHBz/HBwc/x0dHf8dHR3/HR0d/x0dHf8dHR3/HR0d/x0dHf8cHBz/HBwc/xwcHP8cHBz/Gxsb/xsbG/8cHBz/HR0d/x8fH/8fHx//ISEh/yEhIf8gICD/ICAg/x4eHv8eHh7/HR0d/x0dHf8dHR3/HR0d/x4eHv8fHx//ICAg/yIiIv8jIyP/JSUl/yQkJP8jIyP/IiIi/yIiIv8iIiL/IiIi/yIiIv8iIiL/IiIi/yMjI/8jIyP/JSUl/yYmJv8nJyf/KCgo/yoqKv8rKyv/Kysr/ysrK/8sLCz/Li4u/y4uLv8tLS3/LCws/ywsLP8sLCz/LCws/ywsLP8sLCz/Kysr/ysrK/8qKir/KCgo/yYmJv8lJSX/JSUl/yUlJf8mJib/Jycn/ykpKf8pKSn/KSkp/ykpKf8oKCj/Jycn/ycnJ/8mJib/JSUl/yQkJP8kJCT/JCQk/yYmJv8pKSn/Kioq/ysrK/8sLCz/LCws/ywsLP8rKyv/Kioq/ygoKP8oKCj/Jycn/ycnJ/8lJSX/JCQk/yUlJf8lJSX/JSUl/yUlJf8lJSX/JiYm/yYmJv8mJib/JSUl/yMjI/8jIyP/IyMj/yQkJP8lJSX/JiYm/ycnJ/8oKCj/Kioq/ysrK/8rKyv/Kysr/ykpKf8mJib/JiYm/yUlJf8kJCT/IyMj/yMjI/8kJCT/JCQk/yQkJP8kJCT/JCQk/yQkJP8lJSX/JSUl/yUlJf8lJSX/JCQk/yQkJP8kJCT/JCQk/yUlJf8mJib/JiYm/ycnJ/8nJyf/Jycn/ycnJ/8oKCj/Jycn/yYmJv8lJSX/JSUl/yUlJf8lJSX/JSUl/yUlJf8mJib/JiYm/yYmJv8mJib/JiYm/yYmJv8lJSX/JSUl/yQkJP8kJCT/JCQk/yQkJP8kJCT/JCQk/yQkJP8lJSX/JiYm/ycnJ/8nJyf/Jycn/yYmJv8mJib/JSUl/yUlJf8lJSX/JSUl/yUlJf8kJCT/JSUl/yYmJv8mJib/JiYm/yUlJf8lJSX/JSUl/yUlJf8kJCT/JCQk/yQkJP8kJCT/JCQk/yQkJP8lJSX/JSUl/yYmJv8mJib/Jycn/ycnJ/8nJyf/Jycn/yYmJv8mJib/JSUl/yQkJP8jIyP/IyMj/yQkJP8kJCT/JSUl/yUlJf8lJSX/JSUl/yUlJf8kJCT/JCQk/yQkJP8lJSX/JSUl/yUlJf8mJib/JiYm/yYmJv8mJib/JiYm/ycnJ/8nJyf/Jycn/yYmJv8mJib/JiYm/ycnJ/8mJib/JiYm/yUlJf8lJSX/JSUl/yUlJf8mJib/JiYm/yYmJv8mJib/JiYm/yUlJf8lJSX/JSUl/yUlJf8lJSX/nJyc/8PDw//u7u7/9fX1//39/f/7+/v/+Pj4//X19f/w8PD/3d3d/7W1tf+5ubn/4uLi//Pz8//7+/v////////////////////////////////////////////////////////////////////////////////////////////////////////////////////////////////////////////////////////////////////////////////////////////////////////////////////////////////////////////////////////////////////////////////////////////////////////////////////////////////////////////////////////////////////////////////////////////////////////////////////////////////////////////////////////////////////////////////////////////7+/v/8vLy/93d3f+kpKT/iIiI/4GBgf+EhIT/urq6/+zs7P/x8fH/9vb2/9nZ2f+2trb/kJCQ/1paWv9TU1P/TU1N/1paWv93d3f/eXl5/3BwcP9qamr/YGBg/19fX/9vb2//fn5+/6Kiov/Dw8P/tbW1/6Wlpf9+fn7/TExM/0JCQv80NDT/NDQ0/zc3N/82Njb/NDQ0/zIyMv8tLS3/Kysr/ykpKf8nJyf/JiYm/yYmJv8mJib/Jycn/yUlJf8jIyP/IyMj/yMjI/8lJSX/Jycn/ycnJ/8mJib/JSUl/yIiIv8hISH/ICAg/yAgIP8fHx//Hx8f/x8fH/8fHx//ICAg/yAgIP8gICD/ISEh/yAgIP8eHh7/Hx8f/yEhIf8gICD/Hh4e/x4eHv8dHR3/HR0d/x0dHf8dHR3/HR0d/x4eHv8eHh7/Hx8f/x4eHv8eHh7/HR0d/xwcHP8cHBz/HBwc/xwcHP8dHR3/HR0d/x0dHf8dHR3/HR0d/x0dHf8dHR3/HR0d/x0dHf8dHR3/HR0d/x0dHf8cHBz/Ghoa/xoaGv8aGhr/Ghoa/xsbG/8bGxv/Gxsb/xsbG/8bGxv/Gxsb/xwcHP8cHBz/HBwc/xwcHP8bGxv/Gxsb/xsbG/8bGxv/Gxsb/xsbG/8bGxv/HBwc/xsbG/8bGxv/Gxsb/xsbG/8bGxv/Ghoa/xoaGv8ZGRn/Ghoa/xsbG/8bGxv/Ghoa/xoaGv8ZGRn/GRkZ/xkZGf8YGBj/GBgY/xgYGP8ZGRn/Ghoa/xoaGv8aGhr/Ghoa/xoaGv8aGhr/Ghoa/xoaGv8ZGRn/GRkZ/xkZGf8ZGRn/GRkZ/xkZGf8ZGRn/GRkZ/xkZGf8ZGRn/GRkZ/xkZGf8ZGRn/GBgY/xgYGP8XFxf/GBgY/xgYGP8YGBj/GRkZ/xkZGf8aGhr/Ghoa/xkZGf8ZGRn/GBgY/xgYGP8YGBj/FxcX/xcXF/8XFxf/FxcX/xgYGP8YGBj/GRkZ/xkZGf8YGBj/FxcX/xgYGP8YGBj/GBgY/xgYGP8YGBj/GBgY/xgYGP8XFxf/FxcX/xcXF/8XFxf/FxcX/xcXF/8WFhb/FhYW/xcXF/8XFxf/FhYW/xYWFv8WFhb/FhYW/xYWFv8WFhb/FhYW/xYWFv8WFhb/FhYW/xcXF/8XFxf/FxcX/xYWFv8WFhb/FhYW/xYWFv8WFhb/FhYW/xYWFv8WFhb/FhYW/xYWFv8WFhb/FhYW/xYWFv9OTk7/UlJS/1VVVf9gYGD/bm5u/2dnZ/9cXFz/UFBQ/zw8PP82Njb/MjIy/zExMf8xMTH/MDAw/zAwMP8wMDD/MDAw/zAwMP8xMTH/MjIy/zQ0NP82Njb/MjIy/y4uLv8sLCz/Kioq/ykpKf8oKCj/KCgo/ykpKf8qKir/Kioq/ykpKf8pKSn/KSkp/ykpKf8pKSn/KCgo/ygoKP8oKCj/KCgo/ycnJ/8nJyf/Jycn/ycnJ/8nJyf/Jycn/yYmJv8kJCT/JCQk/yQkJP8lJSX/JSUl/yUlJf8kJCT/JCQk/yQkJP8lJSX/JSUl/yQkJP8lJSX/JSUl/yQkJP8jIyP/JCQk/yYmJv8lJSX/JCQk/yQkJP8lJSX/JSUl/yUlJf8lJSX/JCQk/yQkJP8kJCT/JSUl/yUlJf8lJSX/JSUl/yUlJf8kJCT/JCQk/yQkJP8kJCT/JCQk/yQkJP8kJCT/JCQk/yQkJP8kJCT/IyMj/yMjI/8jIyP/IyMj/yMjI/8jIyP/IyMj/yMjI/8jIyP/IyMj/yMjI/8jIyP/IyMj/yIiIv8iIiL/IiIi/yMjI/8kJCT/IyMj/yMjI/8jIyP/IiIi/yIiIv8hISH/IiIi/yMjI/8jIyP/JCQk/yMjI/8jIyP/IyMj/yMjI/8jIyP/IyMj/yQkJP8kJCT/JCQk/yQkJP8kJCT/IyMj/yIiIv8jIyP/JCQk/yQkJP8kJCT/IyMj/yMjI/8iIiL/IiIi/yIiIv8jIyP/JCQk/yMjI/8jIyP/IyMj/yIiIv8iIiL/IiIi/yMjI/8jIyP/IyMj/yMjI/8jIyP/IyMj/yMjI/8jIyP/IyMj/yIiIv8iIiL/ISEh/yEhIf8hISH/ISEh/yIiIv8iIiL/IyMj/yMjI/8iIiL/ISEh/yEhIf8iIiL/IiIi/yIiIv8iIiL/ISEh/yIiIv8jIyP/IyMj/yMjI/8jIyP/IyMj/yMjI/8jIyP/JCQk/yQkJP8kJCT/IyMj/yMjI/8jIyP/IiIi/yIiIv8iIiL/IiIi/yEhIf8hISH/ISEh/yEhIf8gICD/ICAg/yEhIf8hISH/ISEh/yEhIf8hISH/ISEh/yIiIv8iIiL/IiIi/yIiIv8iIiL/IyMj/yMjI/8jIyP/IyMj/yMjI/8jIyP/IyMj/yMjI/8jIyP/IyMj/yIiIv8iIiL/IiIi/yMjI/8jIyP/JCQk/yMjI/8jIyP/IyMj/yMjI/8jIyP/IiIi/yIiIv8iIiL/IiIi/yIiIv8iIiL/IiIi/yIiIv8jIyP/IyMj/yMjI/8jIyP/JCQk/yQkJP8lJSX/JSUl/yUlJf8lJSX/JiYm/ygoKP8rKyv/MjIy/zMzM/8yMjL/Ly8v/ykpKf8mJib/JSUl/yUlJf8lJSX/JSUl/yQkJP8kJCT/IyMj/yMjI/8kJCT/JiYm/ycnJ/8oKCj/KCgo/yYmJv8lJSX/JSUl/yQkJP8kJCT/JSUl/ycnJ/8oKCj/KCgo/ycnJ/8mJib/JSUl/yYmJv8mJib/Jycn/ygoKP8oKCj/Jycn/ygoKP8pKSn/Kioq/yoqKv8rKyv/Kysr/ywsLP8vLy//MTEx/zIyMv8yMjL/NTU1/zc3N/85OTn/PDw8/0RERP9PT0//SUlJ/zw8PP84ODj/NDQ0/zU1Nf86Ojr/QUFB/1FRUf9XV1f/UFBQ/0lJSf8/Pz//NDQ0/zc3N/87Ozv/UlJS/3Fxcf+Tk5P/xsbG/7m5uf+YmJj/qqqq/97e3v/s7Oz/8fHx//T09P/39/f/9fX1/+Li4v/S0tL/t7e3/yYmJv8mJib/JiYm/yYmJv8mJib/Jycn/ycnJ/8nJyf/KCgo/ygoKP8nJyf/Jycn/ygoKP8oKCj/KCgo/ygoKP8oKCj/KSkp/ykpKf8pKSn/KSkp/yoqKv8qKir/KSkp/ykpKf8pKSn/KSkp/ykpKf8pKSn/KSkp/ygoKP8oKCj/KCgo/ygoKP8oKCj/KSkp/ykpKf8pKSn/KCgo/ygoKP8nJyf/Jycn/ygoKP8oKCj/KCgo/ykpKf8pKSn/KSkp/ykpKf8oKCj/KCgo/ygoKP8pKSn/KSkp/ykpKf8pKSn/KSkp/ygoKP8oKCj/KCgo/ygoKP8oKCj/KCgo/ykpKf8pKSn/KCgo/ycnJ/8nJyf/KCgo/ygoKP8oKCj/Jycn/ycnJ/8oKCj/KCgo/ykpKf8qKir/Kioq/ykpKf8pKSn/KSkp/yoqKv8qKir/Kioq/ykpKf8pKSn/KSkp/ykpKf8pKSn/KSkp/yoqKv8qKir/Kioq/ysrK/8rKyv/Kysr/ywsLP8tLS3/Li4u/y4uLv8uLi7/LS0t/y4uLv8vLy//Li4u/y0tLf8tLS3/Li4u/y8vL/8wMDD/MTEx/zQ0NP83Nzf/Pz8//0lJSf9jY2P/hISE/4GBgf98fHz/enp6/3h4eP90dHT/a2tr/3Fxcf+Dg4P/hoaG/3t7e/90dHT/bW1t/2hoaP9paWn/ampq/25ubv9zc3P/dnZ2/3p6ev91dXX/bW1t/21tbf9vb2//Z2dn/1VVVf9TU1P/VVVV/1tbW/9sbGz/cnJy/2lpaf9iYmL/YWFh/2BgYP9fX1//X19f/2BgYP9iYmL/YmJi/2FhYf9kZGT/aWlp/2VlZf9aWlr/Wlpa/19fX/9gYGD/XV1d/1xcXP9dXV3/Xl5e/2BgYP9iYmL/dHR0/4mJif93d3f/Xl5e/1BQUP88PDz/Ojo6/zo6Ov87Ozv/PT09/z4+Pv8+Pj7/PT09/zk5Of83Nzf/NDQ0/zExMf8wMDD/Ly8v/y4uLv8tLS3/LCws/ywsLP8sLCz/Kysr/ysrK/8rKyv/Kysr/ysrK/8rKyv/LCws/ywsLP8sLCz/LCws/ysrK/8rKyv/LCws/y0tLf8sLCz/Kysr/ywsLP8tLS3/LS0t/ywsLP8sLCz/Kysr/ysrK/8rKyv/Kysr/ywsLP8sLCz/LS0t/y0tLf8sLCz/LCws/y0tLf8uLi7/Ly8v/y8vL/8vLy//MDAw/zAwMP8xMTH/MDAw/zAwMP8vLy//Li4u/y0tLf8sLCz/LCws/ywsLP8tLS3/Li4u/y8vL/8xMTH/MjIy/zMzM/80NDT/MzMz/zExMf8wMDD/LS0t/y0tLf8tLS3/LS0t/y4uLv8uLi7/Li4u/y0tLf8tLS3/LS0t/y0tLf8tLS3/Li4u/y4uLv8uLi7/LS0t/y0tLf8sLCz/LCws/y0tLf8tLS3/LS0t/ywsLP8sLCz/LCws/y0tLf8uLi7/Ly8v/zAwMP8wMDD/MDAw/zExMf8xMTH/MzMz/zU1Nf83Nzf/Ozs7/0FBQf9LS0v/U1NT/19fX/9hYWH/XFxc/1lZWf9TU1P/UlJS/1paWv9fX1//X19f/15eXv9gYGD/YmJi/2VlZf9qamr/ZWVl/11dXf9iYmL/bW1t/3h4eP+Kior/j4+P/5CQkP+Ojo7/h4eH/4KCgv96enr/c3Nz/2ZmZv9aWlr/W1tb/11dXf9oaGj/dnZ2/3d3d/94eHj/iIiI/6enp/+ioqL/jIyM/35+fv9nZ2f/XV1d/1paWv9WVlb/T09P/0pKSv9MTEz/FhYW/xYWFv8WFhb/FhYW/xYWFv8WFhb/FxcX/xcXF/8XFxf/FxcX/xYWFv8XFxf/FxcX/xcXF/8YGBj/GBgY/xkZGf8aGhr/GRkZ/xkZGf8ZGRn/GRkZ/xkZGf8YGBj/GBgY/xgYGP8XFxf/FhYW/xUVFf8UFBT/FBQU/xQUFP8UFBT/FBQU/xQUFP8UFBT/FBQU/xQUFP8UFBT/FBQU/xQUFP8UFBT/FBQU/xQUFP8UFBT/FBQU/xQUFP8UFBT/FBQU/xMTE/8TExP/EhIS/xEREf8RERH/ERER/xEREf8RERH/ERER/xEREf8SEhL/EhIS/xMTE/8TExP/FRUV/xUVFf8VFRX/FhYW/xYWFv8XFxf/FxcX/xgYGP8YGBj/GBgY/xgYGP8YGBj/GBgY/xgYGP8XFxf/FhYW/xcXF/8YGBj/GBgY/xkZGf8ZGRn/Ghoa/xoaGv8aGhr/Ghoa/xkZGf8ZGRn/GRkZ/xkZGf8ZGRn/Ghoa/xoaGv8aGhr/GRkZ/xkZGf8ZGRn/Ghoa/xoaGv8aGhr/Ghoa/xoaGv8aGhr/Ghoa/xkZGf8ZGRn/GRkZ/xkZGf8ZGRn/GRkZ/xoaGv8aGhr/Gxsb/xsbG/8cHBz/HBwc/xsbG/8cHBz/HR0d/x4eHv8eHh7/Hh4e/x8fH/8fHx//Hx8f/x8fH/8gICD/ISEh/yMjI/8mJib/Kioq/y4uLv8wMDD/MjIy/zU1Nf85OTn/ODg4/zU1Nf8zMzP/MDAw/zAwMP8wMDD/MTEx/zAwMP8wMDD/Ly8v/y4uLv8tLS3/LCws/yoqKv8pKSn/Kioq/ysrK/8sLCz/Ly8v/y8vL/8uLi7/LS0t/ysrK/8rKyv/LCws/ywsLP8qKir/KCgo/ygoKP8oKCj/Kioq/ywsLP8uLi7/MDAw/zAwMP8xMTH/MDAw/y4uLv8tLS3/LCws/ywsLP8uLi7/LS0t/ywsLP8rKyv/Kioq/ykpKf8pKSn/KCgo/yoqKv8rKyv/LCws/y0tLf8qKir/JiYm/yYmJv8lJSX/Jycn/ykpKf8qKir/LS0t/y4uLv8wMDD/MTEx/zMzM/8zMzP/Ly8v/ywsLP8pKSn/JiYm/yYmJv8mJib/JiYm/ycnJ/8nJyf/KCgo/ygoKP8oKCj/KSkp/ykpKf8pKSn/KSkp/ygoKP8nJyf/JiYm/ycnJ/8oKCj/Kysr/y4uLv8vLy//MDAw/zAwMP8xMTH/MDAw/y0tLf8sLCz/KSkp/ygoKP8mJib/JiYm/ycnJ/8oKCj/KCgo/ykpKf8pKSn/KSkp/ykpKf8pKSn/KSkp/ygoKP8nJyf/JiYm/yYmJv8mJib/JiYm/ycnJ/8pKSn/Kysr/ywsLP8uLi7/Ly8v/y8vL/8uLi7/LS0t/ywsLP8qKir/Jycn/ycnJ/8mJib/Jycn/ycnJ/8oKCj/Kioq/yoqKv8pKSn/KSkp/ygoKP8nJyf/JiYm/yYmJv8lJSX/JSUl/yUlJf8lJSX/JiYm/ycnJ/8oKCj/Kioq/yoqKv8sLCz/Kysr/ysrK/8qKir/KSkp/ygoKP8mJib/JiYm/yUlJf8lJSX/JiYm/yYmJv8nJyf/Jycn/ycnJ/8nJyf/Jycn/yYmJv8mJib/JiYm/yUlJf8lJSX/JSUl/ycnJ/8nJyf/KSkp/ykpKf8qKir/Kioq/yoqKv8qKir/KSkp/ykpKf8oKCj/KCgo/ygoKP8oKCj/Jycn/yYmJv8mJib/Jycn/ycnJ/8nJyf/Jycn/ycnJ/8nJyf/Jycn/ycnJ/8mJib/JiYm/yYmJv+Tk5P/tLS0/9nZ2f/f39//5ubm/+Pj4//d3d3/29vb/9jY2P/Hx8f/oqKi/6enp//Pz8//4eHh/+zs7P/x8fH/7+/v/+/v7//z8/P/+Pj4//r6+v/9/f3//f39//7+/v/7+/v/+Pj4//j4+P/7+/v//Pz8//7+/v/////////////////////////////////////////////////////////////////////////////////////////////////////////////////////////////////////////////////////////////////////////////////////////////////////////////////////////////////////////////////////////////////////////////////////////////////////////////////////////////////9/f3//Pz8//n5+f/39/f/+vr6//7+/v/+/v7//////////////////f39//v7+//39/f/7+/v/+vr6//j4+P/z8/P/5aWlv97e3v/c3Nz/3V1df+mpqb/0tLS/9vb2//k5OT/y8vL/6urq/+IiIj/VVVV/05OTv9JSUn/VlZW/3R0dP93d3f/cHBw/2pqav9eXl7/W1tb/2dnZ/9zc3P/kJCQ/6mpqf+ioqL/m5ub/3Z2dv9ISEj/Pj4+/zIyMv8yMjL/NTU1/zQ0NP8yMjL/MDAw/ywsLP8qKir/KCgo/yYmJv8lJSX/JSUl/yUlJf8mJib/JCQk/yIiIv8iIiL/IiIi/yMjI/8lJSX/JSUl/yUlJf8jIyP/ISEh/yAgIP8gICD/Hx8f/x8fH/8fHx//Hx8f/x8fH/8fHx//ICAg/yAgIP8gICD/Hx8f/x4eHv8fHx//ICAg/yAgIP8eHh7/Hh4e/x0dHf8dHR3/HR0d/x0dHf8eHh7/Hh4e/x8fH/8fHx//Hh4e/x4eHv8dHR3/HBwc/xwcHP8cHBz/HBwc/x0dHf8dHR3/HR0d/x0dHf8dHR3/HR0d/x4eHv8eHh7/HR0d/x0dHf8eHh7/Hh4e/xwcHP8aGhr/Ghoa/xoaGv8bGxv/Gxsb/xsbG/8bGxv/Gxsb/xsbG/8bGxv/HBwc/xwcHP8cHBz/HBwc/xsbG/8bGxv/Gxsb/xsbG/8bGxv/Gxsb/xsbG/8cHBz/Gxsb/xsbG/8bGxv/Gxsb/xsbG/8aGhr/Ghoa/xoaGv8aGhr/Gxsb/xsbG/8aGhr/Ghoa/xoaGv8ZGRn/GRkZ/xgYGP8YGBj/GRkZ/xkZGf8bGxv/Gxsb/xsbG/8bGxv/Ghoa/xoaGv8aGhr/Ghoa/xkZGf8ZGRn/GRkZ/xkZGf8ZGRn/GRkZ/xkZGf8ZGRn/GRkZ/xkZGf8ZGRn/GRkZ/xkZGf8YGBj/GBgY/xgYGP8YGBj/GBgY/xkZGf8ZGRn/GRkZ/xoaGv8aGhr/GRkZ/xkZGf8ZGRn/GBgY/xgYGP8XFxf/FxcX/xcXF/8YGBj/GBgY/xgYGP8ZGRn/GRkZ/xgYGP8XFxf/GBgY/xgYGP8YGBj/GBgY/xgYGP8YGBj/GBgY/xcXF/8XFxf/FxcX/xcXF/8YGBj/FxcX/xcXF/8XFxf/FxcX/xcXF/8XFxf/FhYW/xYWFv8WFhb/FhYW/xYWFv8WFhb/FhYW/xYWFv8WFhb/FhYW/xcXF/8XFxf/FhYW/xYWFv8XFxf/FxcX/xYWFv8WFhb/FhYW/xYWFv8XFxf/FxcX/xcXF/8XFxf/FxcX/1ZWVv9bW1v/X19f/3BwcP+FhYX/fn5+/3Jycv9iYmL/RUVF/z09Pf81NTX/MjIy/zExMf8xMTH/MDAw/zAwMP8wMDD/MDAw/zExMf8xMTH/MzMz/zY2Nv8zMzP/Ly8v/y0tLf8rKyv/Kysr/yoqKv8qKir/Kysr/ysrK/8rKyv/Kysr/ysrK/8rKyv/Kioq/yoqKv8qKir/KSkp/ykpKf8pKSn/KSkp/ygoKP8oKCj/KCgo/ygoKP8oKCj/KCgo/yYmJv8mJib/JiYm/yYmJv8mJib/JiYm/yYmJv8lJSX/JiYm/yYmJv8mJib/JiYm/yYmJv8mJib/JSUl/yQkJP8lJSX/JiYm/yYmJv8lJSX/JSUl/yYmJv8mJib/JiYm/yYmJv8lJSX/JSUl/yUlJf8mJib/JiYm/yYmJv8mJib/JSUl/yUlJf8lJSX/JSUl/yUlJf8lJSX/JSUl/yUlJf8lJSX/JSUl/yUlJf8lJSX/JCQk/yQkJP8kJCT/JCQk/yQkJP8kJCT/JCQk/yQkJP8kJCT/JCQk/yQkJP8kJCT/JCQk/yIiIv8iIiL/JCQk/yQkJP8kJCT/JCQk/yQkJP8kJCT/IyMj/yIiIv8jIyP/JCQk/yQkJP8kJCT/JCQk/yMjI/8jIyP/JCQk/yQkJP8kJCT/JCQk/yUlJf8lJSX/JSUl/yQkJP8kJCT/IyMj/yQkJP8lJSX/JSUl/yUlJf8kJCT/JCQk/yMjI/8jIyP/IyMj/yQkJP8kJCT/JCQk/yMjI/8kJCT/JCQk/yQkJP8kJCT/JCQk/yQkJP8kJCT/JCQk/yQkJP8jIyP/IyMj/yMjI/8jIyP/IiIi/yIiIv8iIiL/IiIi/yIiIv8iIiL/IiIi/yIiIv8jIyP/IyMj/yIiIv8iIiL/IiIi/yIiIv8iIiL/IyMj/yIiIv8iIiL/IiIi/yMjI/8jIyP/IyMj/yMjI/8jIyP/IyMj/yQkJP8kJCT/JCQk/yQkJP8kJCT/JCQk/yQkJP8kJCT/IyMj/yIiIv8iIiL/ISEh/yEhIf8hISH/ISEh/yEhIf8hISH/IiIi/yIiIv8hISH/ISEh/yIiIv8iIiL/IiIi/yIiIv8jIyP/IyMj/yMjI/8kJCT/JCQk/yQkJP8jIyP/IyMj/yMjI/8jIyP/IyMj/yMjI/8jIyP/IyMj/yMjI/8jIyP/IyMj/yMjI/8kJCT/IyMj/yMjI/8jIyP/IyMj/yMjI/8iIiL/IiIi/yMjI/8jIyP/IiIi/yIiIv8iIiL/IiIi/yMjI/8jIyP/JCQk/yQkJP8kJCT/JCQk/yUlJf8lJSX/JiYm/yYmJv8mJib/KCgo/ywsLP8zMzP/NDQ0/zMzM/8wMDD/Kioq/yYmJv8lJSX/JSUl/yUlJf8lJSX/JCQk/yQkJP8kJCT/IyMj/yQkJP8mJib/Jycn/ygoKP8oKCj/JiYm/yYmJv8lJSX/JSUl/yUlJf8lJSX/KCgo/ykpKf8oKCj/KCgo/ycnJ/8mJib/JiYm/yYmJv8nJyf/KCgo/ycnJ/8mJib/Jycn/ygoKP8oKCj/KCgo/ykpKf8qKir/Kysr/y0tLf8vLy//MDAw/zExMf8zMzP/NTU1/zg4OP87Ozv/QkJC/0xMTP9GRkb/Ozs7/zc3N/8xMTH/MTEx/zY2Nv88PDz/S0tL/1FRUf9MTEz/R0dH/z09Pf8zMzP/NjY2/zk5Of9RUVH/cHBw/5KSkv/Gxsb/uLi4/5WVlf+jo6P/zc3N/9nZ2f/d3d3/4ODg/+jo6P/p6en/29vb/83Nzf+wsLD/Jycn/ygoKP8pKSn/KSkp/yoqKv8qKir/Kioq/yoqKv8qKir/Kioq/yoqKv8pKSn/KSkp/ykpKf8pKSn/KSkp/yoqKv8qKir/Kioq/yoqKv8rKyv/LCws/ysrK/8rKyv/Kysr/yoqKv8qKir/Kioq/yoqKv8qKir/Kioq/yoqKv8qKir/Kysr/ywsLP8sLCz/LCws/ysrK/8qKir/KSkp/ygoKP8oKCj/KSkp/ykpKf8pKSn/Kioq/yoqKv8qKir/Kioq/yoqKv8qKir/Kioq/yoqKv8rKyv/Kysr/yoqKv8qKir/Kioq/ykpKf8pKSn/KSkp/yoqKv8rKyv/Kysr/ysrK/8qKir/KSkp/ykpKf8pKSn/KSkp/ygoKP8oKCj/KCgo/ykpKf8pKSn/Kioq/ysrK/8rKyv/Kysr/ysrK/8rKyv/Kysr/ysrK/8rKyv/Kioq/yoqKv8rKyv/Kysr/ysrK/8rKyv/LCws/ywsLP8sLCz/LS0t/y0tLf8tLS3/Li4u/y8vL/8vLy//MDAw/y8vL/8vLy//Ly8v/zAwMP8vLy//Li4u/y4uLv8vLy//MDAw/zIyMv80NDT/ODg4/z09Pf9MTEz/XFxc/3V1df+UlJT/kJCQ/4eHh/+Dg4P/fHx8/3Z2dv9ra2v/cHBw/4SEhP+Ghob/enp6/3Jycv9qamr/ZWVl/2dnZ/9paWn/a2tr/21tbf9xcXH/dnZ2/3V1df9ycnL/cnJy/3R0dP9ra2v/WFhY/1ZWVv9cXFz/Y2Nj/3Nzc/95eXn/bm5u/2ZmZv9jY2P/YGBg/2JiYv9kZGT/ZGRk/2RkZP9gYGD/Wlpa/1hYWP9WVlb/VVVV/1VVVf9YWFj/XV1d/19fX/9gYGD/YGBg/2BgYP9gYGD/Y2Nj/2ZmZv98fHz/k5OT/4ODg/9sbGz/Wlpa/0FBQf89PT3/PDw8/z4+Pv9CQkL/QkJC/0FBQf8/Pz//PDw8/zo6Ov82Njb/MzMz/zExMf8vLy//Li4u/y0tLf8tLS3/LCws/ywsLP8rKyv/Kysr/ysrK/8rKyv/Kysr/ysrK/8sLCz/LCws/ywsLP8sLCz/Kysr/ysrK/8tLS3/Li4u/y0tLf8rKyv/LCws/y0tLf8tLS3/LCws/ywsLP8rKyv/Kysr/ysrK/8rKyv/LCws/ywsLP8tLS3/LS0t/y0tLf8sLCz/LS0t/y4uLv8vLy//Ly8v/y8vL/8wMDD/MDAw/zAwMP8wMDD/MDAw/y8vL/8uLi7/LS0t/ywsLP8sLCz/LCws/y0tLf8uLi7/Ly8v/zAwMP8xMTH/MjIy/zMzM/8yMjL/MDAw/y8vL/8sLCz/LCws/y0tLf8tLS3/Li4u/y4uLv8uLi7/Li4u/y0tLf8tLS3/LS0t/y0tLf8uLi7/Li4u/y4uLv8tLS3/LS0t/y0tLf8tLS3/LS0t/y0tLf8tLS3/LS0t/ywsLP8sLCz/Li4u/y8vL/8wMDD/MTEx/zExMf8xMTH/MzMz/zQ0NP83Nzf/PDw8/z4+Pv9AQED/SUlJ/1hYWP9gYGD/b29v/3Jycv9wcHD/bGxs/2FhYf9eXl7/Y2Nj/2ZmZv9hYWH/XV1d/11dXf9dXV3/YGBg/2RkZP9gYGD/WVlZ/15eXv9nZ2f/cHBw/4KCgv+Hh4f/iIiI/4mJif+Hh4f/hYWF/39/f/94eHj/ZWVl/1RUVP9XV1f/Wlpa/2FhYf9ra2v/cHBw/3d3d/+JiYn/qKio/6Kiov+NjY3/fn5+/2ZmZv9cXFz/WVlZ/1ZWVv9RUVH/Tk5O/1JSUv8WFhb/FhYW/xYWFv8WFhb/FhYW/xYWFv8XFxf/FxcX/xcXF/8XFxf/FhYW/xYWFv8XFxf/FxcX/xgYGP8YGBj/GRkZ/xoaGv8ZGRn/GRkZ/xkZGf8YGBj/GRkZ/xkZGf8YGBj/GBgY/xcXF/8WFhb/FRUV/xQUFP8UFBT/ExMT/xMTE/8UFBT/FBQU/xQUFP8UFBT/FBQU/xQUFP8UFBT/FBQU/xQUFP8UFBT/FBQU/xMTE/8TExP/ExMT/xMTE/8TExP/EhIS/xISEv8SEhL/ERER/xAQEP8QEBD/EBAQ/xAQEP8QEBD/EBAQ/xEREf8RERH/EhIS/xISEv8UFBT/FBQU/xUVFf8VFRX/FhYW/xYWFv8XFxf/FxcX/xcXF/8XFxf/FxcX/xcXF/8XFxf/FxcX/xcXF/8WFhb/FhYW/xcXF/8XFxf/GBgY/xgYGP8YGBj/GBgY/xkZGf8ZGRn/GBgY/xgYGP8YGBj/GBgY/xkZGf8ZGRn/GRkZ/xkZGf8YGBj/GBgY/xgYGP8YGBj/GBgY/xgYGP8YGBj/GBgY/xgYGP8YGBj/GBgY/xgYGP8YGBj/GBgY/xgYGP8YGBj/GBgY/xgYGP8ZGRn/GRkZ/xkZGf8ZGRn/GRkZ/xoaGv8bGxv/HBwc/xwcHP8dHR3/HR0d/x0dHf8dHR3/HR0d/x4eHv8fHx//IiIi/yUlJf8pKSn/Ly8v/zExMf8zMzP/NjY2/zo6Ov85OTn/NjY2/zQ0NP8xMTH/MDAw/zExMf8yMjL/MjIy/zIyMv8xMTH/MDAw/y8vL/8uLi7/LCws/ysrK/8sLCz/Li4u/zAwMP8yMjL/MjIy/zExMf8wMDD/Ly8v/y8vL/8vLy//Ly8v/y0tLf8sLCz/Kysr/ysrK/8tLS3/Ly8v/zExMf80NDT/NTU1/zY2Nv80NDT/MTEx/zExMf8yMjL/MjIy/zMzM/8zMzP/MTEx/zAwMP8tLS3/LCws/yoqKv8qKir/LCws/y8vL/8wMDD/MTEx/y4uLv8rKyv/Kioq/ykpKf8qKir/LS0t/y4uLv8yMjL/NDQ0/zY2Nv83Nzf/ODg4/zg4OP8zMzP/Li4u/yoqKv8nJyf/KCgo/ykpKf8pKSn/Kioq/yoqKv8qKir/Kysr/y0tLf8uLi7/Ly8v/y8vL/8uLi7/LS0t/ysrK/8rKyv/LS0t/y4uLv8zMzP/OTk5/zg4OP84ODj/Nzc3/zU1Nf8zMzP/MDAw/y8vL/8tLS3/LCws/ysrK/8rKyv/LCws/ywsLP8rKyv/Kysr/ysrK/8rKyv/LCws/y4uLv8vLy//MDAw/y4uLv8qKir/KSkp/ygoKP8pKSn/Kioq/ywsLP8uLi7/MDAw/zIyMv8zMzP/MjIy/zIyMv8xMTH/MDAw/y0tLf8qKir/Kioq/ykpKf8qKir/Kysr/ysrK/8tLS3/LS0t/ywsLP8rKyv/Kioq/ykpKf8oKCj/Jycn/ycnJ/8nJyf/Jycn/ycnJ/8pKSn/Kysr/ywsLP8uLi7/Ly8v/zAwMP8wMDD/Ly8v/y4uLv8tLS3/LCws/ykpKf8oKCj/KCgo/ygoKP8pKSn/KSkp/yoqKv8qKir/Kysr/ysrK/8qKir/Kioq/ykpKf8oKCj/KCgo/ycnJ/8oKCj/KSkp/yoqKv8sLCz/LS0t/y4uLv8uLi7/Li4u/y4uLv8tLS3/LS0t/ysrK/8pKSn/Kioq/yoqKv8pKSn/Jycn/ygoKP8pKSn/KSkp/yoqKv8qKir/Kioq/yoqKv8pKSn/KSkp/ygoKP8nJyf/Jycn/2tra/9/f3//lpaW/5mZmf+dnZ3/l5eX/46Ojv+NjY3/j4+P/4eHh/9zc3P/enp6/5qamv+rq6v/vLy8/8TExP++vr7/u7u7/83Nzf/g4OD/6+vr//j4+P/4+Pj/+fn5/+/v7//g4OD/4+Pj/+3t7f/y8vL/+vr6//39/f/+/v7////////////////////////////////////////////////////////////////////////////////////////////////////////////////////////////////////////////////////////////////////////////////////////////////////////////////////////////////////////////////////////////////////////////////////////////////////////////+/v7//f39//j4+P/y8vL/5+fn/97e3v/r6+v/+fn5//z8/P///////v7+//7+/v/4+Pj/7u7u/93d3f++vr7/t7e3/7a2tv+mpqb/dHR0/1xcXP9UVFT/U1NT/2tra/+BgYH/lJSU/6mpqf+RkZH/dHR0/11dXf89PT3/OTk5/zc3N/8/Pz//UFBQ/1VVVf9XV1f/VFRU/0hISP9DQ0P/SEhI/05OTv9aWlr/ZmZm/2FhYf9bW1v/SkpK/zQ0NP8vLy//KSkp/yoqKv8rKyv/Kysr/yoqKv8oKCj/JiYm/yUlJf8jIyP/IiIi/yIiIv8hISH/IiIi/yIiIv8iIiL/ISEh/yAgIP8gICD/ICAg/yEhIf8hISH/ICAg/yAgIP8gICD/Hx8f/x8fH/8eHh7/Hh4e/x4eHv8eHh7/Hh4e/x4eHv8eHh7/Hx8f/x8fH/8eHh7/Hh4e/x8fH/8fHx//Hx8f/x4eHv8eHh7/Hh4e/x4eHv8dHR3/HR0d/x4eHv8eHh7/Hh4e/x4eHv8eHh7/Hh4e/x0dHf8dHR3/HBwc/xwcHP8cHBz/HBwc/xwcHP8cHBz/HBwc/x0dHf8dHR3/HR0d/x0dHf8eHh7/Hh4e/x0dHf8dHR3/HBwc/xwcHP8bGxv/Gxsb/xsbG/8bGxv/Gxsb/xwcHP8cHBz/HBwc/xwcHP8dHR3/HR0d/xwcHP8cHBz/HBwc/xwcHP8bGxv/Gxsb/xsbG/8bGxv/Gxsb/xsbG/8bGxv/Gxsb/xsbG/8bGxv/Gxsb/xsbG/8bGxv/Gxsb/xsbG/8bGxv/Gxsb/xsbG/8bGxv/Gxsb/xsbG/8aGhr/Ghoa/xoaGv8aGhr/Ghoa/xoaGv8aGhr/Gxsb/xsbG/8bGxv/Gxsb/xsbG/8bGxv/Ghoa/xoaGv8aGhr/Ghoa/xoaGv8aGhr/Ghoa/xoaGv8aGhr/Gxsb/xoaGv8aGhr/Ghoa/xoaGv8ZGRn/GRkZ/xkZGf8ZGRn/Ghoa/xoaGv8aGhr/GRkZ/xkZGf8ZGRn/GRkZ/xkZGf8ZGRn/GRkZ/xkZGf8YGBj/GBgY/xgYGP8ZGRn/GRkZ/xoaGv8ZGRn/GBgY/xgYGP8ZGRn/GRkZ/xkZGf8ZGRn/GBgY/xgYGP8YGBj/GBgY/xgYGP8ZGRn/GRkZ/xkZGf8ZGRn/GBgY/xgYGP8ZGRn/GBgY/xgYGP8YGBj/GBgY/xgYGP8YGBj/FxcX/xcXF/8XFxf/FhYW/xYWFv8WFhb/FxcX/xcXF/8YGBj/GBgY/xgYGP8YGBj/GBgY/xgYGP8YGBj/GBgY/xgYGP8YGBj/GBgY/xgYGP8YGBj/Z2dn/2xsbP9xcXH/iYmJ/6mpqf+kpKT/m5ub/4SEhP9cXFz/Tk5O/zw8PP82Njb/MzMz/zIyMv8xMTH/MTEx/zExMf8xMTH/MTEx/zIyMv8yMjL/MzMz/zIyMv8wMDD/MDAw/y8vL/8uLi7/Li4u/y4uLv8vLy//Ly8v/zAwMP8wMDD/Ly8v/y4uLv8uLi7/LS0t/y0tLf8tLS3/LS0t/y0tLf8sLCz/Kysr/ysrK/8rKyv/Kysr/ywsLP8rKyv/Kysr/ysrK/8rKyv/Kioq/ykpKf8pKSn/KSkp/ykpKf8qKir/Kioq/yoqKv8qKir/KSkp/ygoKP8oKCj/KCgo/ykpKf8pKSn/KSkp/ykpKf8pKSn/KSkp/ykpKf8oKCj/KCgo/ycnJ/8nJyf/KCgo/ygoKP8oKCj/KSkp/ygoKP8nJyf/Jycn/ygoKP8nJyf/JiYm/yYmJv8mJib/JiYm/yYmJv8mJib/JiYm/yYmJv8nJyf/Jycn/ycnJ/8oKCj/Jycn/ycnJ/8nJyf/Jycn/ycnJ/8nJyf/Jycn/ygoKP8nJyf/JSUl/yUlJf8lJSX/JiYm/yYmJv8mJib/JiYm/yYmJv8lJSX/JCQk/yUlJf8lJSX/JSUl/yQkJP8kJCT/JCQk/yUlJf8lJSX/JSUl/yUlJf8mJib/Jycn/ycnJ/8mJib/JiYm/yYmJv8mJib/JiYm/yYmJv8mJib/JiYm/yYmJv8lJSX/JSUl/yUlJf8lJSX/JSUl/yUlJf8lJSX/JSUl/yUlJf8lJSX/JSUl/yUlJf8lJSX/JSUl/yYmJv8mJib/JSUl/yUlJf8lJSX/JSUl/yQkJP8kJCT/JCQk/yQkJP8kJCT/JCQk/yQkJP8jIyP/IyMj/yMjI/8kJCT/JCQk/yQkJP8kJCT/JCQk/yQkJP8kJCT/JSUl/yUlJf8lJSX/JSUl/yUlJf8lJSX/JCQk/yQkJP8kJCT/JCQk/yUlJf8lJSX/JSUl/yQkJP8kJCT/JSUl/yUlJf8kJCT/IyMj/yIiIv8iIiL/IiIi/yIiIv8iIiL/IyMj/yMjI/8kJCT/JCQk/yMjI/8jIyP/IyMj/yQkJP8kJCT/JCQk/yMjI/8jIyP/JCQk/yUlJf8lJSX/JSUl/yUlJf8lJSX/JCQk/yQkJP8kJCT/IyMj/yMjI/8kJCT/JCQk/yQkJP8jIyP/IyMj/yIiIv8iIiL/IiIi/yMjI/8jIyP/IyMj/yQkJP8kJCT/JCQk/yQkJP8kJCT/IyMj/yMjI/8jIyP/IyMj/yQkJP8kJCT/JCQk/yMjI/8jIyP/IyMj/yQkJP8kJCT/JCQk/yUlJf8lJSX/KCgo/y0tLf8uLi7/Li4u/y0tLf8oKCj/JSUl/yUlJf8kJCT/JCQk/yQkJP8kJCT/JCQk/yQkJP8jIyP/JCQk/yQkJP8lJSX/JiYm/yYmJv8mJib/JiYm/yUlJf8lJSX/JSUl/yUlJf8oKCj/KSkp/ygoKP8oKCj/Jycn/ycnJ/8nJyf/Jycn/yYmJv8lJSX/JSUl/yQkJP8kJCT/JSUl/yUlJf8mJib/Jycn/ygoKP8pKSn/KCgo/ygoKP8oKCj/KSkp/yoqKv8sLCz/Li4u/zIyMv80NDT/Nzc3/zU1Nf8xMTH/Ly8v/ywsLP8sLCz/Li4u/zExMf85OTn/PDw8/zo6Ov84ODj/MjIy/y0tLf8wMDD/MzMz/0JCQv9XV1f/bm5u/5CQkP+Hh4f/cnJy/3t7e/+VlZX/nZ2d/6SkpP+qqqr/uLi4/7u7u/+mpqb/lZWV/4CAgP8rKyv/LS0t/y4uLv8wMDD/MzMz/zMzM/8zMzP/MjIy/zIyMv8xMTH/Ly8v/y4uLv8sLCz/LCws/ywsLP8tLS3/LS0t/y0tLf8tLS3/Li4u/y4uLv8uLi7/Li4u/y4uLv8tLS3/LCws/ywsLP8sLCz/LCws/ywsLP8tLS3/Ly8v/zExMf8zMzP/NDQ0/zMzM/8xMTH/Ly8v/y0tLf8sLCz/Kioq/yoqKv8qKir/Kioq/ysrK/8rKyv/Kysr/ywsLP8tLS3/Li4u/y4uLv8uLi7/Li4u/y4uLv8sLCz/LCws/ywsLP8sLCz/LCws/ywsLP8tLS3/Li4u/y8vL/8wMDD/Ly8v/y4uLv8tLS3/LCws/ywsLP8rKyv/Kioq/yoqKv8qKir/Kioq/ysrK/8sLCz/LS0t/y0tLf8uLi7/Li4u/y0tLf8tLS3/LS0t/ywsLP8sLCz/LCws/y0tLf8tLS3/Li4u/y8vL/8xMTH/MjIy/zIyMv8yMjL/MjIy/zIyMv8yMjL/MTEx/zExMf8xMTH/MTEx/zAwMP8wMDD/MDAw/zAwMP8wMDD/MTEx/zMzM/80NDT/Nzc3/zo6Ov9DQ0P/TExM/2lpaf+IiIj/jY2N/5OTk/+Ojo7/hoaG/35+fv9xcXH/bGxs/2VlZf9paWn/d3d3/3h4eP9sbGz/ZWVl/19fX/9dXV3/Y2Nj/2lpaf9lZWX/YGBg/2RkZP9oaGj/bm5u/3Z2dv93d3f/dnZ2/21tbf9aWlr/WFhY/2BgYP9lZWX/ampq/2tra/9nZ2f/Y2Nj/15eXv9aWlr/aWlp/3p6ev97e3v/fHx8/3BwcP9fX1//WVlZ/1FRUf9TU1P/WVlZ/1xcXP9hYWH/ZWVl/29vb/90dHT/c3Nz/3Nzc/90dHT/dHR0/4SEhP+Wlpb/jY2N/4GBgf9sbGz/S0tL/0ZGRv9DQ0P/RkZG/01NTf9MTEz/RERE/0FBQf8/Pz//Pj4+/zo6Ov82Njb/MzMz/zExMf8wMDD/Ly8v/y4uLv8tLS3/LCws/ysrK/8rKyv/Kysr/ysrK/8sLCz/LCws/y0tLf8tLS3/LCws/ysrK/8sLCz/LCws/y0tLf8tLS3/LS0t/y0tLf8tLS3/Li4u/y4uLv8uLi7/LS0t/ywsLP8sLCz/LCws/ywsLP8sLCz/LCws/y0tLf8tLS3/LS0t/y4uLv8uLi7/Ly8v/y8vL/8vLy//Ly8v/y4uLv8uLi7/Li4u/y4uLv8uLi7/Li4u/y0tLf8sLCz/LS0t/y0tLf8tLS3/LS0t/y0tLf8tLS3/LS0t/y0tLf8uLi7/Ly8v/y4uLv8uLi7/Li4u/y0tLf8tLS3/Li4u/y4uLv8uLi7/Li4u/y0tLf8tLS3/Li4u/y4uLv8uLi7/Li4u/y4uLv8uLi7/Li4u/y8vL/8uLi7/Li4u/y4uLv8uLi7/Li4u/y0tLf8tLS3/Ly8v/y8vL/8vLy//MDAw/zExMf8yMjL/MjIy/zMzM/82Njb/Ojo6/0NDQ/9OTk7/Tk5O/0xMTP9aWlr/cXFx/319ff+QkJD/mJiY/6Kiov+fn5//ioqK/39/f/98fHz/eHh4/29vb/9mZmb/Y2Nj/19fX/9jY2P/aWlp/2VlZf9eXl7/XV1d/11dXf9gYGD/aGho/2tra/9vb2//c3Nz/4CAgP+FhYX/goKC/35+fv9oaGj/U1NT/1RUVP9WVlb/WVlZ/11dXf9mZmb/dHR0/3x8fP+IiIj/h4eH/35+fv93d3f/Z2dn/2BgYP9dXV3/Wlpa/1hYWP9YWFj/X19f/xcXF/8XFxf/FxcX/xcXF/8XFxf/FxcX/xcXF/8XFxf/FhYW/xYWFv8XFxf/FxcX/xgYGP8YGBj/GBgY/xgYGP8YGBj/GBgY/xgYGP8XFxf/FxcX/xcXF/8XFxf/FxcX/xcXF/8XFxf/FhYW/xUVFf8UFBT/FBQU/xQUFP8UFBT/FBQU/xQUFP8UFBT/FBQU/xMTE/8TExP/ExMT/xMTE/8TExP/ExMT/xMTE/8TExP/EhIS/xISEv8SEhL/EhIS/xEREf8RERH/ERER/xEREf8RERH/ERER/xEREf8RERH/ERER/xEREf8RERH/EBAQ/xAQEP8QEBD/ERER/xMTE/8UFBT/FRUV/xUVFf8WFhb/FhYW/xYWFv8WFhb/FxcX/xcXF/8XFxf/FhYW/xYWFv8WFhb/FhYW/xcXF/8XFxf/FhYW/xYWFv8WFhb/FxcX/xcXF/8XFxf/FxcX/xgYGP8YGBj/GBgY/xkZGf8ZGRn/GRkZ/xkZGf8ZGRn/GBgY/xgYGP8XFxf/FxcX/xYWFv8XFxf/FxcX/xcXF/8XFxf/FxcX/xcXF/8XFxf/FxcX/xcXF/8XFxf/GBgY/xgYGP8YGBj/GBgY/xgYGP8YGBj/GBgY/xkZGf8ZGRn/GRkZ/xoaGv8aGhr/Gxsb/xsbG/8bGxv/Gxsb/xsbG/8bGxv/HBwc/xwcHP8gICD/JCQk/ygoKP8tLS3/Ly8v/zAwMP8xMTH/MzMz/zIyMv8wMDD/Ly8v/y4uLv8uLi7/MDAw/zExMf8yMjL/MjIy/zExMf8vLy//Li4u/y0tLf8tLS3/LCws/zAwMP80NDT/NTU1/zY2Nv82Njb/Nzc3/zc3N/83Nzf/NjY2/zU1Nf80NDT/MzMz/zIyMv8xMTH/MDAw/zIyMv81NTX/OTk5/z4+Pv8+Pj7/Pj4+/zs7O/82Njb/Ojo6/0FBQf9BQUH/Pz8//zw8PP85OTn/NjY2/zExMf8uLi7/LCws/ywsLP8xMTH/NTU1/zY2Nv83Nzf/Nzc3/zc3N/81NTX/MjIy/zIyMv8zMzP/NjY2/z09Pf8/Pz//QkJC/0NDQ/9DQ0P/QUFB/zg4OP8wMDD/LCws/ygoKP8rKyv/Ly8v/zAwMP8xMTH/MDAw/y8vL/8yMjL/ODg4/zo6Ov89PT3/PDw8/zk5Of84ODj/NjY2/zY2Nv86Ojr/Pj4+/0hISP9RUVH/TU1N/0dHR/9BQUH/OTk5/zc3N/80NDT/NTU1/zg4OP85OTn/Ojo6/zo6Ov85OTn/Nzc3/zAwMP8tLS3/Li4u/zAwMP80NDT/OTk5/z8/P/9GRkb/Pz8//zU1Nf8yMjL/Ly8v/y8vL/8wMDD/MTEx/zIyMv8zMzP/NDQ0/zU1Nf82Njb/NjY2/zY2Nv81NTX/MjIy/zAwMP8wMDD/MDAw/zExMf8zMzP/MzMz/zQ0NP80NDT/MjIy/zExMf8uLi7/LS0t/ywsLP8sLCz/LS0t/y0tLf8uLi7/Ly8v/zIyMv81NTX/NjY2/zc3N/84ODj/OTk5/zg4OP83Nzf/NjY2/zU1Nf80NDT/MTEx/zAwMP8uLi7/Li4u/y8vL/8wMDD/MDAw/zExMf8zMzP/NTU1/zQ0NP8yMjL/MTEx/zAwMP8vLy//Li4u/y8vL/8xMTH/MzMz/zU1Nf82Njb/Nzc3/zc3N/84ODj/OTk5/zc3N/81NTX/MjIy/y4uLv8uLi7/LS0t/ywsLP8rKyv/LCws/y4uLv8vLy//MTEx/zExMf8xMTH/MDAw/y4uLv8sLCz/LCws/ysrK/8rKyv/V1dX/2RkZP9ycnL/dHR0/3d3d/9xcXH/ZmZm/2dnZ/9qamr/ZmZm/1paWv9hYWH/e3t7/4mJif+bm5v/o6Oj/5ycnP+YmJj/rq6u/8PDw//Q0ND/39/f/9/f3//g4OD/1dXV/8TExP/Hx8f/0tLS/9jY2P/i4uL/5eXl/+fn5//n5+f/5+fn/+fn5//n5+f/5+fn/+jo6P/o6Oj/5+fn/+fn5//n5+f/5+fn/+fn5//o6Oj/6Ojo/+jo6P/o6Oj/6Ojo/+jo6P/o6Oj/6Ojo/+jo6P/o6Oj/6Ojo/+jo6P/o6Oj/6Ojo/+jo6P/o6Oj/6Ojo/+jo6P/o6Oj/6enp/+np6f/p6en/6enp/+np6f/p6en/6enp/+jo6P/o6Oj/6Ojo/+jo6P/o6Oj/6Ojo/+jo6P/o6Oj/6Ojo/+jo6P/o6Oj/6Ojo/+jo6P/o6Oj/6Ojo/+jo6P/o6Oj/5+fn/+fn5//l5eX/39/f/9nZ2f/MzMz/wcHB/9DQ0P/g4OD/4+Pj/+fn5//m5ub/5eXl/9/f3//T09P/wMDA/5ycnP+VlZX/lpaW/4mJif9gYGD/TExM/0VFRf9CQkL/T09P/1tbW/9vb2//hYWF/3Fxcf9YWFj/SEhI/zMzM/8wMDD/Ly8v/zQ0NP8/Pz//Q0ND/0hISP9HR0f/PDw8/zc3N/86Ojr/PDw8/0FBQf9HR0f/Q0ND/z8/P/82Njb/LCws/ykpKf8mJib/JiYm/ycnJ/8nJyf/JiYm/yUlJf8kJCT/IyMj/yEhIf8hISH/ISEh/yEhIf8hISH/ISEh/yEhIf8gICD/ICAg/x8fH/8fHx//Hx8f/x8fH/8eHh7/Hh4e/x8fH/8fHx//Hx8f/x4eHv8eHh7/Hh4e/x4eHv8eHh7/Hh4e/x4eHv8eHh7/Hh4e/x4eHv8eHh7/Hx8f/x8fH/8fHx//Hh4e/x4eHv8eHh7/Hh4e/x4eHv8eHh7/Hh4e/x4eHv8eHh7/Hh4e/x4eHv8eHh7/Hh4e/x4eHv8dHR3/HR0d/x0dHf8dHR3/HR0d/x0dHf8dHR3/HR0d/x0dHf8dHR3/HR0d/x4eHv8eHh7/Hh4e/x0dHf8dHR3/HR0d/xwcHP8cHBz/HBwc/xwcHP8cHBz/HBwc/xwcHP8cHBz/HR0d/x0dHf8dHR3/HR0d/xwcHP8cHBz/HBwc/xwcHP8bGxv/Gxsb/xsbG/8bGxv/Gxsb/xsbG/8bGxv/HBwc/xwcHP8cHBz/HBwc/xwcHP8cHBz/Gxsb/xsbG/8bGxv/Gxsb/xsbG/8bGxv/Gxsb/xsbG/8bGxv/Gxsb/xsbG/8bGxv/Ghoa/xsbG/8bGxv/Gxsb/xsbG/8bGxv/Gxsb/xsbG/8bGxv/Ghoa/xoaGv8aGhr/Ghoa/xoaGv8aGhr/Ghoa/xsbG/8bGxv/Gxsb/xoaGv8aGhr/Ghoa/xoaGv8aGhr/Ghoa/xoaGv8aGhr/Ghoa/xoaGv8aGhr/GRkZ/xkZGf8ZGRn/GRkZ/xkZGf8ZGRn/GRkZ/xkZGf8ZGRn/GRkZ/xkZGf8aGhr/Ghoa/xoaGv8ZGRn/GRkZ/xoaGv8aGhr/Ghoa/xkZGf8ZGRn/GBgY/xgYGP8YGBj/GRkZ/xkZGf8aGhr/Ghoa/xoaGv8ZGRn/GRkZ/xkZGf8ZGRn/GBgY/xgYGP8YGBj/GBgY/xgYGP8YGBj/GBgY/xcXF/8XFxf/FxcX/xcXF/8XFxf/GBgY/xgYGP8ZGRn/GRkZ/xkZGf8YGBj/GBgY/xkZGf8ZGRn/GRkZ/xkZGf8ZGRn/GRkZ/xkZGf9sbGz/cXFx/3Z2dv+Ojo7/rq6u/6ysrP+np6f/j4+P/2VlZf9VVVX/QEBA/zk5Of81NTX/MzMz/zIyMv8yMjL/MjIy/zIyMv8yMjL/MjIy/zIyMv8yMjL/MjIy/zIyMv8xMTH/MTEx/zExMf8xMTH/MDAw/zAwMP8xMTH/MjIy/zIyMv8xMTH/MDAw/y8vL/8vLy//Ly8v/y8vL/8vLy//Ly8v/y4uLv8tLS3/LS0t/y0tLf8tLS3/LS0t/y4uLv8uLi7/LS0t/y0tLf8tLS3/LCws/ysrK/8rKyv/LCws/ywsLP8tLS3/LS0t/y0tLf8sLCz/Kioq/yoqKv8rKyv/Kysr/ysrK/8rKyv/Kysr/ysrK/8rKyv/Kysr/yoqKv8qKir/KSkp/ykpKf8pKSn/Kioq/yoqKv8rKyv/Kioq/ygoKP8pKSn/Kioq/ykpKf8oKCj/KCgo/ygoKP8oKCj/KCgo/ygoKP8oKCj/KCgo/ygoKP8pKSn/KSkp/yoqKv8pKSn/KSkp/ykpKf8pKSn/KCgo/ygoKP8pKSn/KSkp/ykpKf8nJyf/Jycn/ycnJ/8nJyf/Jycn/ygoKP8oKCj/KCgo/ycnJ/8mJib/JiYm/yYmJv8mJib/JSUl/yUlJf8mJib/JiYm/ycnJ/8nJyf/Jycn/ycnJ/8oKCj/KSkp/ygoKP8nJyf/KCgo/ygoKP8oKCj/KCgo/ygoKP8oKCj/Jycn/ycnJ/8nJyf/Jycn/ycnJ/8nJyf/Jycn/yYmJv8mJib/Jycn/ycnJ/8nJyf/Jycn/ycnJ/8nJyf/Jycn/ygoKP8nJyf/JiYm/yYmJv8mJib/JiYm/yUlJf8lJSX/JiYm/yYmJv8mJib/JiYm/yUlJf8kJCT/JSUl/yUlJf8lJSX/JiYm/yUlJf8lJSX/JSUl/yYmJv8mJib/Jycn/ycnJ/8mJib/JiYm/yYmJv8mJib/JSUl/yUlJf8mJib/JiYm/yYmJv8mJib/JSUl/yUlJf8mJib/Jycn/yYmJv8kJCT/JCQk/yMjI/8jIyP/IyMj/yMjI/8kJCT/JSUl/yUlJf8lJSX/JCQk/yQkJP8lJSX/JSUl/yUlJf8lJSX/JCQk/yQkJP8lJSX/JiYm/yYmJv8mJib/JiYm/yYmJv8lJSX/JSUl/yQkJP8kJCT/JCQk/yUlJf8mJib/JSUl/yQkJP8kJCT/IyMj/yMjI/8jIyP/IyMj/yQkJP8kJCT/JSUl/yUlJf8mJib/JSUl/yUlJf8lJSX/JCQk/yQkJP8kJCT/JSUl/yUlJf8lJSX/JCQk/yMjI/8jIyP/JCQk/yQkJP8lJSX/JSUl/yUlJf8mJib/Kioq/ysrK/8sLCz/Kysr/ycnJ/8mJib/JSUl/yUlJf8lJSX/JSUl/yUlJf8lJSX/JCQk/yQkJP8kJCT/JSUl/yUlJf8mJib/JiYm/yYmJv8mJib/JiYm/yUlJf8lJSX/JiYm/ygoKP8pKSn/KCgo/ygoKP8oKCj/Jycn/ycnJ/8nJyf/JiYm/yQkJP8kJCT/IyMj/yQkJP8kJCT/JSUl/yYmJv8mJib/Jycn/ygoKP8mJib/JSUl/yYmJv8mJib/Jycn/ygoKP8qKir/LS0t/y4uLv8uLi7/Li4u/y0tLf8rKyv/KSkp/ykpKf8qKir/LCws/zAwMP8yMjL/MTEx/zAwMP8tLS3/Kysr/y0tLf8vLy//Ozs7/0lJSf9ZWVn/cXFx/2xsbP9eXl7/Y2Nj/3V1df97e3v/goKC/4iIiP+Xl5f/mpqa/4WFhf91dXX/ZmZm/zAwMP8xMTH/MjIy/zY2Nv86Ojr/OTk5/zg4OP84ODj/ODg4/zc3N/80NDT/MjIy/zAwMP8vLy//MDAw/zExMf8yMjL/MzMz/zQ0NP81NTX/MzMz/zIyMv8xMTH/MDAw/y8vL/8tLS3/Li4u/y8vL/8vLy//Ly8v/zAwMP8zMzP/NTU1/zg4OP85OTn/Nzc3/zY2Nv8zMzP/MTEx/zAwMP8vLy//Li4u/y4uLv8tLS3/LS0t/y0tLf8tLS3/LS0t/y8vL/8wMDD/MTEx/zExMf8xMTH/MDAw/y8vL/8tLS3/Li4u/y4uLv8vLy//Ly8v/zAwMP8yMjL/MzMz/zQ0NP8zMzP/MTEx/zAwMP8vLy//Li4u/y0tLf8sLCz/LCws/ywsLP8tLS3/LS0t/y4uLv8vLy//MDAw/zExMf8wMDD/Ly8v/y8vL/8uLi7/Li4u/y4uLv8uLi7/Ly8v/y8vL/8xMTH/MjIy/zU1Nf82Njb/NjY2/zY2Nv82Njb/NjY2/zU1Nf80NDT/NDQ0/zMzM/8zMzP/MjIy/zIyMv8xMTH/MTEx/zIyMv8zMzP/NTU1/zc3N/86Ojr/PT09/0hISP9SUlL/dHR0/5eXl/+UlJT/kJCQ/4qKiv+BgYH/eXl5/2tra/9nZ2f/ZGRk/2dnZ/9xcXH/cnJy/2pqav9mZmb/X19f/1xcXP9kZGT/bGxs/2dnZ/9iYmL/ZGRk/2dnZ/9tbW3/dnZ2/3d3d/94eHj/b29v/11dXf9bW1v/YmJi/2RkZP9lZWX/ZWVl/2RkZP9iYmL/XFxc/1dXV/9paWn/fHx8/319ff9/f3//dXV1/2RkZP9dXV3/U1NT/1RUVP9aWlr/Xl5e/2NjY/9paWn/dXV1/3t7e/95eXn/eHh4/3d3d/92dnb/g4OD/5KSkv+Pj4//ioqK/3V1df9VVVX/UFBQ/01NTf9OTk7/U1NT/1FRUf9GRkb/QkJC/0BAQP8/Pz//Ozs7/zg4OP81NTX/MTEx/zAwMP8vLy//Li4u/y0tLf8tLS3/Kysr/ysrK/8rKyv/Kysr/ywsLP8sLCz/LS0t/y0tLf8sLCz/Kysr/ywsLP8sLCz/LS0t/y0tLf8tLS3/LS0t/y4uLv8uLi7/Li4u/y4uLv8uLi7/LS0t/y0tLf8sLCz/LCws/ywsLP8sLCz/LS0t/y0tLf8uLi7/Li4u/y8vL/8vLy//Ly8v/y8vL/8vLy//Li4u/y4uLv8tLS3/LS0t/y4uLv8uLi7/LS0t/ywsLP8tLS3/LS0t/y0tLf8tLS3/LS0t/y0tLf8tLS3/LCws/y0tLf8tLS3/LS0t/y0tLf8tLS3/LS0t/y0tLf8uLi7/Li4u/y4uLv8uLi7/LS0t/y0tLf8uLi7/Li4u/y4uLv8uLi7/Li4u/y4uLv8uLi7/Ly8v/y8vL/8vLy//Ly8v/y4uLv8uLi7/Li4u/y4uLv8wMDD/MDAw/zAwMP8xMTH/MjIy/zMzM/80NDT/NTU1/zw8PP9DQ0P/TU1N/1lZWf9ZWVn/WVlZ/2VlZf96enr/hoaG/5ubm/+lpaX/s7Oz/7CwsP+Wlpb/iIiI/4GBgf98fHz/cnJy/2lpaf9nZ2f/ZWVl/2lpaf9ubm7/ampq/2NjY/9gYGD/XV1d/15eXv9jY2P/ZGRk/2ZmZv9ra2v/enp6/4KCgv+Dg4P/gYGB/21tbf9ZWVn/WVlZ/1lZWf9bW1v/Xl5e/2hoaP93d3f/enp6/3x8fP98fHz/enp6/3Z2dv9ra2v/ZmZm/2BgYP9dXV3/XFxc/1xcXP9kZGT/FxcX/xcXF/8XFxf/FxcX/xcXF/8XFxf/FxcX/xcXF/8WFhb/FhYW/xcXF/8XFxf/GBgY/xgYGP8YGBj/GBgY/xgYGP8YGBj/GBgY/xcXF/8WFhb/FhYW/xYWFv8XFxf/FxcX/xYWFv8VFRX/FBQU/xQUFP8UFBT/FBQU/xQUFP8UFBT/FBQU/xQUFP8TExP/ExMT/xMTE/8TExP/ExMT/xMTE/8TExP/ExMT/xISEv8RERH/ERER/xEREf8RERH/ERER/xEREf8RERH/ERER/xEREf8RERH/ERER/xEREf8RERH/ERER/xEREf8QEBD/EBAQ/xAQEP8RERH/ExMT/xMTE/8VFRX/FRUV/xYWFv8WFhb/FhYW/xcXF/8XFxf/FxcX/xYWFv8WFhb/FhYW/xYWFv8WFhb/FxcX/xcXF/8WFhb/FhYW/xYWFv8WFhb/FhYW/xYWFv8XFxf/FxcX/xgYGP8YGBj/GRkZ/xkZGf8ZGRn/GRkZ/xkZGf8YGBj/GBgY/xcXF/8XFxf/FhYW/xYWFv8XFxf/FxcX/xYWFv8WFhb/FxcX/xcXF/8XFxf/FxcX/xgYGP8YGBj/GBgY/xgYGP8YGBj/GBgY/xgYGP8YGBj/GBgY/xkZGf8ZGRn/GRkZ/xkZGf8aGhr/Ghoa/xoaGv8aGhr/Ghoa/xoaGv8bGxv/HBwc/yAgIP8lJSX/KSkp/y4uLv8vLy//Ly8v/zAwMP8xMTH/MTEx/zAwMP8wMDD/Li4u/y4uLv8vLy//MDAw/zIyMv8zMzP/MTEx/y8vL/8uLi7/Li4u/y4uLv8uLi7/MjIy/zc3N/84ODj/ODg4/zg4OP86Ojr/Ojo6/zo6Ov85OTn/Nzc3/zY2Nv81NTX/NDQ0/zMzM/8zMzP/NTU1/zg4OP89PT3/QkJC/0FBQf9AQED/PT09/zk5Of89PT3/RkZG/0ZGRv9CQkL/QEBA/zw8PP85OTn/NDQ0/zExMf8vLy//Li4u/zQ0NP86Ojr/Ozs7/zs7O/88PDz/PT09/zs7O/83Nzf/Nzc3/zY2Nv85OTn/QEBA/0NDQ/9GRkb/R0dH/0ZGRv9ERET/OTk5/zExMf8uLi7/Kysr/y4uLv8yMjL/MzMz/zU1Nf80NDT/MzMz/zc3N/89PT3/QEBA/0NDQ/9DQ0P/Pj4+/z09Pf88PDz/PDw8/0BAQP9ERET/Tk5O/1hYWP9SUlL/TExM/0VFRf87Ozv/ODg4/zU1Nf83Nzf/Ozs7/z09Pf8/Pz//Pz8//z4+Pv88PDz/MzMz/y8vL/8xMTH/MzMz/zg4OP89PT3/RUVF/05OTv9GRkb/OTk5/zc3N/80NDT/NTU1/zc3N/83Nzf/NjY2/zY2Nv82Njb/Nzc3/zg4OP85OTn/ODg4/zg4OP82Njb/NDQ0/zQ0NP81NTX/NjY2/zg4OP84ODj/ODg4/zc3N/82Njb/NDQ0/zAwMP8vLy//Ly8v/zAwMP8wMDD/MTEx/zIyMv80NDT/Nzc3/zo6Ov87Ozv/PDw8/z09Pf8/Pz//Pj4+/z09Pf89PT3/PT09/zw8PP86Ojr/ODg4/zY2Nv81NTX/NTU1/zU1Nf81NTX/NTU1/zc3N/86Ojr/OTk5/zc3N/83Nzf/NjY2/zU1Nf8yMjL/MzMz/zU1Nf83Nzf/Ojo6/zs7O/89PT3/Pj4+/z8/P/8/Pz//PT09/zs7O/86Ojr/ODg4/zU1Nf8yMjL/MTEx/y8vL/8wMDD/MTEx/zIyMv81NTX/NjY2/zY2Nv81NTX/MjIy/zAwMP8wMDD/Ly8v/zAwMP8+Pj7/QkJC/0ZGRv9GRkb/R0dH/0VFRf9CQkL/QkJC/0RERP9CQkL/Pj4+/0FBQf9KSkr/T09P/1ZWVv9ZWVn/VlZW/1VVVf9eXl7/Z2dn/2tra/9xcXH/cXFx/3Jycv9ubm7/aWlp/2pqav9tbW3/cHBw/3R0dP91dXX/dXV1/3Z2dv92dnb/dnZ2/3d3d/93d3f/eHh4/3h4eP93d3f/dnZ2/3Z2dv92dnb/eHh4/3p6ev96enr/e3t7/3x8fP98fHz/fX19/3x8fP98fHz/e3t7/3t7e/98fHz/fX19/319ff99fX3/fX19/319ff98fHz/fHx8/319ff9/f3//f39//39/f/9/f3//fn5+/35+fv9+fn7/fX19/3x8fP98fHz/fHx8/3t7e/98fHz/fHx8/3x8fP98fHz/e3t7/3t7e/97e3v/e3t7/3t7e/96enr/eXl5/3l5ef94eHj/eXl5/3h4eP91dXX/cnJy/25ubv9qamr/bm5u/3Nzc/90dHT/dXV1/3V1df90dHT/cXFx/2xsbP9lZWX/WFhY/1VVVf9TU1P/Tk5O/z8/P/84ODj/NDQ0/zMzM/84ODj/PDw8/0NDQ/9KSkr/Q0ND/zo6Ov81NTX/LS0t/ysrK/8qKir/Kysr/y4uLv8wMDD/MjIy/zExMf8uLi7/LS0t/y0tLf8uLi7/MDAw/zIyMv8xMTH/Ly8v/ywsLP8oKCj/Jycn/yUlJf8lJSX/JSUl/yUlJf8mJib/JiYm/yUlJf8lJSX/JCQk/yQkJP8kJCT/JCQk/yMjI/8jIyP/IyMj/yIiIv8iIiL/ISEh/yEhIf8gICD/ICAg/x8fH/8gICD/ICAg/yAgIP8gICD/ICAg/yAgIP8hISH/ICAg/yAgIP8gICD/Hx8f/yAgIP8gICD/ICAg/yAgIP8gICD/Hx8f/x8fH/8fHx//Hx8f/x8fH/8fHx//Hx8f/x8fH/8gICD/ICAg/yEhIf8hISH/ISEh/yEhIf8hISH/ISEh/yAgIP8gICD/ICAg/yAgIP8fHx//Hx8f/x8fH/8fHx//Hx8f/x8fH/8fHx//Hx8f/x8fH/8gICD/ICAg/yAgIP8gICD/Hx8f/x8fH/8fHx//Hx8f/x4eHv8eHh7/Hh4e/x4eHv8eHh7/Hh4e/x4eHv8eHh7/Hh4e/x4eHv8eHh7/Hh4e/x0dHf8eHh7/Hh4e/x4eHv8eHh7/Hh4e/x4eHv8eHh7/Hx8f/x8fH/8fHx//Hh4e/x0dHf8dHR3/HR0d/x0dHf8dHR3/HR0d/x4eHv8eHh7/Hh4e/x4eHv8dHR3/HR0d/x0dHf8cHBz/HBwc/x0dHf8dHR3/Hh4e/x4eHv8dHR3/HBwc/xwcHP8cHBz/HR0d/x0dHf8cHBz/HBwc/xwcHP8cHBz/HBwc/xwcHP8cHBz/HBwc/xwcHP8cHBz/HBwc/x0dHf8dHR3/HR0d/x0dHf8dHR3/HR0d/xwcHP8cHBz/HBwc/xwcHP8cHBz/HBwc/xwcHP8cHBz/HBwc/xwcHP8bGxv/Gxsb/xsbG/8bGxv/Gxsb/xsbG/8bGxv/Gxsb/xsbG/8bGxv/Ghoa/xoaGv8ZGRn/Ghoa/xsbG/8bGxv/Gxsb/xsbG/8bGxv/Gxsb/xsbG/8aGhr/Ghoa/xoaGv8aGhr/Ghoa/xoaGv8aGhr/Ghoa/xoaGv8aGhr/Ghoa/xkZGf8ZGRn/GRkZ/xoaGv8aGhr/Ghoa/xoaGv8aGhr/Ghoa/xoaGv8aGhr/Gxsb/xsbG/8bGxv/Gxsb/xsbG/8bGxv/Gxsb/2lpaf9qamr/ampq/3R0dP+BgYH/iIiI/5OTk/+Dg4P/Y2Nj/1ZWVv9HR0f/QUFB/zo6Ov83Nzf/Nzc3/zc3N/81NTX/NDQ0/zQ0NP8zMzP/MzMz/zQ0NP80NDT/NTU1/zQ0NP80NDT/MzMz/zMzM/8zMzP/MzMz/zMzM/8zMzP/MzMz/zIyMv8yMjL/MjIy/zIyMv8yMjL/MjIy/zIyMv8yMjL/MTEx/zAwMP8wMDD/MDAw/zAwMP8wMDD/MDAw/zAwMP8xMTH/MTEx/zExMf8wMDD/MDAw/y8vL/8vLy//MDAw/zAwMP8wMDD/MDAw/y8vL/8vLy//Ly8v/y8vL/8vLy//Li4u/y4uLv8uLi7/Li4u/y4uLv8uLi7/LS0t/y0tLf8tLS3/LS0t/y0tLf8tLS3/LS0t/y4uLv8tLS3/LS0t/y0tLf8tLS3/LCws/ysrK/8rKyv/LCws/ywsLP8sLCz/LCws/ywsLP8tLS3/LS0t/y0tLf8tLS3/LS0t/y0tLf8uLi7/LS0t/ysrK/8rKyv/Kysr/ysrK/8sLCz/LCws/ysrK/8rKyv/Kysr/ysrK/8rKyv/Kysr/ysrK/8rKyv/Kioq/ykpKf8pKSn/KSkp/ykpKf8qKir/Kioq/ysrK/8rKyv/Kysr/ysrK/8rKyv/Kysr/ywsLP8sLCz/LCws/ywsLP8tLS3/LS0t/ywsLP8rKyv/LCws/ywsLP8sLCz/Kysr/ysrK/8rKyv/Kysr/ywsLP8sLCz/Kysr/ysrK/8qKir/Kioq/yoqKv8qKir/Kioq/yoqKv8qKir/Kysr/yoqKv8qKir/Kioq/yoqKv8qKir/Kioq/yoqKv8rKyv/Kysr/yoqKv8qKir/Kioq/ykpKf8pKSn/KSkp/yoqKv8qKir/Kioq/yoqKv8qKir/Kioq/yoqKv8rKyv/Kysr/ysrK/8rKyv/Kysr/ysrK/8rKyv/Kioq/yoqKv8qKir/Kioq/ykpKf8pKSn/KSkp/ykpKf8qKir/KSkp/ykpKf8pKSn/KCgo/ygoKP8nJyf/Jycn/ycnJ/8oKCj/KCgo/ygoKP8nJyf/Jycn/ycnJ/8oKCj/KCgo/ygoKP8oKCj/Jycn/ygoKP8pKSn/KSkp/ykpKf8pKSn/KCgo/ygoKP8oKCj/KCgo/ygoKP8oKCj/KSkp/ykpKf8pKSn/KSkp/ykpKf8oKCj/KCgo/ygoKP8oKCj/KSkp/ykpKf8pKSn/KSkp/ykpKf8pKSn/KCgo/ygoKP8oKCj/Jycn/ycnJ/8nJyf/KCgo/ygoKP8nJyf/JiYm/yYmJv8nJyf/Jycn/ygoKP8nJyf/Jycn/ygoKP8qKir/Kioq/ysrK/8rKyv/Kioq/ykpKf8oKCj/Jycn/ygoKP8oKCj/KSkp/yoqKv8pKSn/KCgo/ygoKP8oKCj/KCgo/ykpKf8oKCj/KCgo/ygoKP8oKCj/KCgo/ygoKP8oKCj/KSkp/ykpKf8oKCj/KCgo/ygoKP8nJyf/Jycn/ygoKP8nJyf/JiYm/yYmJv8lJSX/JSUl/yUlJf8mJib/JiYm/ycnJ/8nJyf/Jycn/ycnJ/8mJib/Jycn/ycnJ/8nJyf/Jycn/ygoKP8qKir/Kioq/yoqKv8qKir/KSkp/ykpKf8oKCj/KCgo/ygoKP8pKSn/Kioq/ysrK/8qKir/Kioq/yoqKv8qKir/Kysr/ywsLP8wMDD/NTU1/zo6Ov9DQ0P/QkJC/z09Pf9AQED/RkZG/0hISP9KSkr/TU1N/1JSUv9TU1P/TU1N/0hISP9DQ0P/PT09/z09Pf8+Pj7/QkJC/0dHR/9FRUX/QkJC/0NDQ/9GRkb/RUVF/0FBQf8/Pz//OTk5/zg4OP86Ojr/PT09/0ZGRv9MTEz/Tk5O/1BQUP9ISEj/QEBA/zw8PP82Njb/NTU1/zMzM/80NDT/Nzc3/zc3N/82Njb/Nzc3/zs7O/89PT3/Pj4+/z8/P/8+Pj7/Pj4+/z4+Pv89PT3/Pj4+/0BAQP8+Pj7/PDw8/zk5Of81NTX/NDQ0/zExMf8xMTH/MTEx/zIyMv81NTX/NjY2/zY2Nv82Njb/NTU1/zQ0NP80NDT/NDQ0/zY2Nv84ODj/OTk5/zs7O/87Ozv/Ozs7/zs7O/85OTn/OTk5/zc3N/82Njb/MzMz/zIyMv8yMjL/MzMz/zY2Nv84ODj/Ojo6/zs7O/86Ojr/OTk5/zc3N/81NTX/NDQ0/zMzM/8yMjL/MTEx/zIyMv8zMzP/NDQ0/zc3N/84ODj/Ozs7/zw8PP8+Pj7/Pz8//0BAQP9BQUH/Pz8//z4+Pv87Ozv/OTk5/zg4OP82Njb/NjY2/zU1Nf82Njb/Nzc3/zg4OP86Ojr/Ozs7/z8/P/9CQkL/TU1N/1dXV/9ycnL/j4+P/4uLi/+FhYX/fHx8/25ubv9oaGj/YWFh/2JiYv9oaGj/aWlp/2lpaf9ubm7/fHx8/4CAgP9xcXH/aWlp/3Nzc/98fHz/gICA/4ODg/9+fn7/eHh4/3R0dP9vb2//c3Nz/3t7e/92dnb/aGho/2RkZP9iYmL/YWFh/2BgYP9gYGD/ZGRk/2VlZf9eXl7/V1dX/1lZWf9aWlr/X19f/2VlZf9ra2v/dHR0/29vb/9kZGT/YGBg/1paWv9dXV3/Z2dn/21tbf90dHT/dnZ2/3BwcP9sbGz/aGho/2RkZP9vb2//e3t7/4KCgv+MjIz/goKC/3Fxcf9vb2//b29v/2lpaf9dXV3/VlZW/0pKSv9ERET/Pz8//zw8PP86Ojr/ODg4/zU1Nf8zMzP/MjIy/zAwMP8vLy//Li4u/y4uLv8tLS3/LS0t/y0tLf8sLCz/Kysr/ysrK/8sLCz/LCws/ywsLP8sLCz/LS0t/y0tLf8sLCz/LCws/y0tLf8uLi7/Li4u/y8vL/8vLy//Ly8v/y8vL/8uLi7/Li4u/ywsLP8sLCz/LCws/y0tLf8tLS3/LS0t/y4uLv8vLy//Ly8v/y8vL/8vLy//MDAw/y8vL/8uLi7/Li4u/y4uLv8uLi7/Li4u/y4uLv8uLi7/Li4u/y4uLv8uLi7/LS0t/y0tLf8tLS3/LS0t/y0tLf8tLS3/LS0t/y0tLf8tLS3/LS0t/y0tLf8tLS3/LS0t/y8vL/8vLy//Li4u/y4uLv8tLS3/LS0t/y0tLf8tLS3/Li4u/y4uLv8uLi7/Li4u/y4uLv8uLi7/Li4u/zAwMP8wMDD/MDAw/zAwMP8xMTH/MTEx/zExMf8yMjL/MjIy/zIyMv80NDT/NTU1/zo6Ov8+Pj7/Tk5O/15eXv9kZGT/bGxs/3Nzc/98fHz/eXl5/3R0dP99fX3/kpKS/5ycnP+oqKj/oqKi/4SEhP90dHT/bW1t/2lpaf9oaGj/Z2dn/3Fxcf97e3v/fX19/35+fv93d3f/bW1t/21tbf9vb2//cnJy/3l5ef93d3f/bW1t/2tra/9vb2//dHR0/4CAgP+Hh4f/gICA/3h4eP91dXX/cXFx/3h4eP+CgoL/hoaG/4yMjP+Hh4f/fX19/319ff+BgYH/gICA/3x8fP93d3f/a2tr/2RkZP9dXV3/Wlpa/2FhYf8XFxf/FxcX/xcXF/8XFxf/FxcX/xcXF/8WFhb/FxcX/xcXF/8YGBj/GBgY/xgYGP8ZGRn/GRkZ/xkZGf8ZGRn/GRkZ/xkZGf8YGBj/FhYW/xYWFv8WFhb/FhYW/xYWFv8WFhb/FRUV/xUVFf8VFRX/FRUV/xQUFP8UFBT/FRUV/xUVFf8UFBT/FBQU/xMTE/8TExP/FBQU/xUVFf8VFRX/FBQU/xQUFP8UFBT/ExMT/xISEv8RERH/ERER/xEREf8QEBD/EBAQ/xAQEP8QEBD/ERER/xEREf8RERH/ERER/xEREf8RERH/ERER/xEREf8RERH/ERER/xEREf8SEhL/ExMT/xQUFP8VFRX/FhYW/xcXF/8YGBj/GRkZ/xgYGP8XFxf/FhYW/xYWFv8WFhb/FhYW/xYWFv8XFxf/FhYW/xUVFf8WFhb/FhYW/xYWFv8XFxf/GBgY/xgYGP8YGBj/GBgY/xgYGP8YGBj/GBgY/xgYGP8ZGRn/GRkZ/xgYGP8YGBj/GBgY/xcXF/8XFxf/FxcX/xgYGP8XFxf/FhYW/xYWFv8XFxf/FxcX/xgYGP8ZGRn/GRkZ/xkZGf8ZGRn/GRkZ/xkZGf8ZGRn/GBgY/xgYGP8YGBj/GBgY/xkZGf8ZGRn/GRkZ/xoaGv8aGhr/Ghoa/xoaGv8aGhr/Ghoa/xwcHP8dHR3/JSUl/ywsLP8wMDD/NDQ0/zIyMv8wMDD/MzMz/zc3N/85OTn/Ozs7/zo6Ov81NTX/MjIy/y4uLv8uLi7/MjIy/zQ0NP8zMzP/MjIy/zExMf8xMTH/MTEx/zExMf81NTX/Ojo6/zs7O/87Ozv/PDw8/z09Pf88PDz/Ojo6/zg4OP8zMzP/MjIy/zU1Nf83Nzf/NjY2/zY2Nv85OTn/PDw8/z4+Pv9BQUH/Pz8//z09Pf88PDz/Ojo6/zw8PP9CQkL/QUFB/z4+Pv89PT3/Ozs7/zs7O/87Ozv/Ojo6/zg4OP83Nzf/PT09/0NDQ/9FRUX/R0dH/0VFRf9CQkL/QUFB/0BAQP89PT3/ODg4/zk5Of89PT3/Pz8//0FBQf9CQkL/QEBA/z09Pf82Njb/MTEx/zIyMv8yMjL/NTU1/zk5Of85OTn/Ojo6/zs7O/8+Pj7/QEBA/0VFRf9GRkb/SEhI/0dHR/9CQkL/QEBA/0FBQf9BQUH/QUFB/0FBQf9ERET/R0dH/0ZGRv9ERET/QUFB/zw8PP86Ojr/NTU1/zY2Nv84ODj/Ojo6/z4+Pv8/Pz//PT09/zw8PP84ODj/NjY2/zc3N/84ODj/Ozs7/z09Pf9DQ0P/S0tL/0VFRf87Ozv/Ozs7/z4+Pv9ERET/UFBQ/05OTv9CQkL/PT09/zs7O/87Ozv/PDw8/zw8PP89PT3/PT09/zw8PP87Ozv/PT09/0FBQf9BQUH/QUFB/z8/P/87Ozv/Ozs7/zw8PP86Ojr/NTU1/zQ0NP82Njb/ODg4/zg4OP85OTn/Ozs7/zw8PP89PT3/PT09/0FBQf9GRkb/RkZG/0ZGRv9HR0f/SUlJ/01NTf9VVVX/VlZW/1RUVP9SUlL/TExM/0lJSf9GRkb/Q0ND/z4+Pv86Ojr/PDw8/z4+Pv9AQED/QkJC/0RERP9GRkb/Q0ND/zw8PP87Ozv/Ojo6/zo6Ov89PT3/Pz8//0ZGRv9JSUn/S0tL/0xMTP9MTEz/TExM/1RUVP9cXFz/U1NT/0ZGRv9BQUH/Ojo6/zk5Of84ODj/OTk5/z09Pf8+Pj7/QkJC/0FBQf89PT3/Ojo6/zo6Ov87Ozv/PDw8/zIyMv8xMTH/MTEx/zAwMP8wMDD/MDAw/zAwMP8wMDD/MTEx/zExMf8xMTH/MTEx/zIyMv8zMzP/NDQ0/zU1Nf81NTX/NTU1/zc3N/86Ojr/Ozs7/zw8PP88PDz/PDw8/zw8PP89PT3/PT09/z09Pf89PT3/Pj4+/z4+Pv8+Pj7/Pz8//z8/P/9AQED/QEBA/0FBQf9BQUH/QkJC/0FBQf8/Pz//Pz8//z8/P/9BQUH/RERE/0VFRf9GRkb/R0dH/0hISP9ISEj/R0dH/0dHR/9GRkb/RkZG/0dHR/9ISEj/SEhI/0lJSf9ISEj/SEhI/0hISP9HR0f/SEhI/0pKSv9LS0v/S0tL/0pKSv9KSkr/SkpK/0lJSf9JSUn/SEhI/0dHR/9GRkb/RkZG/0ZGRv9HR0f/R0dH/0dHR/9GRkb/RUVF/0VFRf9GRkb/RUVF/0RERP9ERET/QkJC/0JCQv9DQ0P/Q0ND/0FBQf9AQED/QEBA/z8/P/8/Pz//Pj4+/z4+Pv89PT3/PT09/z09Pf88PDz/Ojo6/zk5Of83Nzf/NTU1/zIyMv8xMTH/Ly8v/y4uLv8tLS3/LCws/y0tLf8uLi7/LS0t/y0tLf8sLCz/LCws/ysrK/8qKir/KSkp/ycnJ/8nJyf/JiYm/yYmJv8nJyf/Jycn/ygoKP8oKCj/Jycn/ycnJ/8oKCj/KCgo/ygoKP8oKCj/Jycn/yYmJv8mJib/JSUl/yUlJf8kJCT/JSUl/yYmJv8mJib/JiYm/yYmJv8lJSX/JSUl/yUlJf8lJSX/JSUl/yQkJP8kJCT/IyMj/yMjI/8iIiL/ISEh/yAgIP8gICD/ICAg/yAgIP8gICD/ICAg/yEhIf8hISH/IiIi/yIiIv8iIiL/ISEh/yEhIf8gICD/ISEh/yEhIf8hISH/ISEh/yAgIP8fHx//ICAg/yAgIP8gICD/ICAg/yAgIP8gICD/ICAg/yEhIf8hISH/IiIi/yIiIv8iIiL/IiIi/yIiIv8iIiL/IiIi/yMjI/8iIiL/ISEh/yEhIf8gICD/ICAg/yAgIP8gICD/Hx8f/x8fH/8gICD/ICAg/yEhIf8hISH/ISEh/yEhIf8hISH/ICAg/yAgIP8gICD/ICAg/x8fH/8fHx//Hx8f/x8fH/8fHx//Hx8f/yAgIP8gICD/ICAg/x8fH/8fHx//Hh4e/x8fH/8fHx//Hx8f/x8fH/8fHx//Hx8f/x8fH/8gICD/ICAg/yAgIP8gICD/Hx8f/x4eHv8eHh7/Hh4e/x4eHv8eHh7/Hx8f/x8fH/8fHx//Hx8f/x8fH/8eHh7/Hh4e/x4eHv8eHh7/Hh4e/x4eHv8fHx//Hx8f/x0dHf8dHR3/HR0d/x0dHf8eHh7/Hh4e/x4eHv8dHR3/HR0d/x0dHf8dHR3/HR0d/x0dHf8dHR3/HR0d/x0dHf8eHh7/Hh4e/x4eHv8fHx//Hx8f/x4eHv8eHh7/Hh4e/x0dHf8dHR3/HR0d/x0dHf8dHR3/HR0d/x0dHf8dHR3/HR0d/x0dHf8cHBz/HBwc/xwcHP8cHBz/HBwc/xwcHP8cHBz/HBwc/xwcHP8bGxv/Gxsb/xsbG/8cHBz/HR0d/x0dHf8dHR3/HR0d/x0dHf8cHBz/Gxsb/xsbG/8bGxv/Gxsb/xsbG/8aGhr/Gxsb/xsbG/8bGxv/Gxsb/xsbG/8bGxv/Gxsb/xoaGv8bGxv/Gxsb/xsbG/8bGxv/Gxsb/xsbG/8bGxv/HBwc/xwcHP8dHR3/HR0d/xwcHP8cHBz/HBwc/x0dHf8dHR3/aWlp/2dnZ/9lZWX/Z2dn/2tra/92dnb/h4eH/3t7e/9iYmL/WVlZ/05OTv9ISEj/Pz8//zw8PP89PT3/PT09/zo6Ov84ODj/NjY2/zQ0NP81NTX/NTU1/zY2Nv82Njb/NTU1/zU1Nf80NDT/NDQ0/zQ0NP80NDT/NDQ0/zMzM/8zMzP/MzMz/zMzM/80NDT/NDQ0/zQ0NP80NDT/NDQ0/zMzM/8zMzP/MjIy/zIyMv8yMjL/MjIy/zIyMv8yMjL/MjIy/zMzM/8zMzP/MzMz/zMzM/8yMjL/MjIy/zExMf8yMjL/MjIy/zIyMv8xMTH/MTEx/zExMf8xMTH/MTEx/zExMf8wMDD/MDAw/y8vL/8vLy//Ly8v/y8vL/8vLy//Ly8v/y8vL/8wMDD/MDAw/zAwMP8vLy//Ly8v/y8vL/8vLy//Ly8v/y4uLv8uLi7/LS0t/y0tLf8uLi7/Li4u/y4uLv8uLi7/Ly8v/y8vL/8vLy//Ly8v/y8vL/8uLi7/Ly8v/zAwMP8vLy//LCws/ywsLP8sLCz/LS0t/y0tLf8uLi7/Li4u/y4uLv8uLi7/LS0t/y0tLf8sLCz/LCws/ywsLP8sLCz/Kysr/ysrK/8qKir/Kysr/ywsLP8tLS3/LS0t/y0tLf8tLS3/Li4u/y4uLv8uLi7/Li4u/y8vL/8vLy//Ly8v/y8vL/8vLy//Li4u/y0tLf8uLi7/Ly8v/y4uLv8uLi7/Li4u/y4uLv8uLi7/Li4u/y4uLv8uLi7/LS0t/y0tLf8sLCz/LCws/ywsLP8sLCz/LCws/ywsLP8sLCz/LCws/ywsLP8sLCz/LCws/ywsLP8sLCz/LS0t/y0tLf8tLS3/LS0t/ywsLP8sLCz/LCws/ywsLP8rKyv/LCws/ywsLP8sLCz/LCws/ywsLP8sLCz/LS0t/y0tLf8tLS3/LS0t/y0tLf8tLS3/LS0t/y0tLf8tLS3/LS0t/ywsLP8sLCz/Kysr/ysrK/8rKyv/Kysr/ysrK/8rKyv/Kysr/ysrK/8rKyv/Kioq/ykpKf8pKSn/KSkp/ykpKf8pKSn/KSkp/ygoKP8oKCj/KSkp/ykpKf8qKir/Kioq/yoqKv8qKir/Kioq/yoqKv8qKir/Kioq/yoqKv8pKSn/KSkp/ykpKf8pKSn/Kioq/yoqKv8rKyv/Kysr/ysrK/8rKyv/Kysr/ysrK/8rKyv/Kioq/ysrK/8rKyv/Kysr/ysrK/8rKyv/Kioq/yoqKv8qKir/Kioq/yoqKv8pKSn/KSkp/ykpKf8pKSn/Kioq/ykpKf8oKCj/KCgo/ygoKP8pKSn/KSkp/ykpKf8oKCj/KSkp/yoqKv8qKir/Kioq/yoqKv8rKyv/Kysr/ykpKf8pKSn/KSkp/yoqKv8rKyv/LCws/ysrK/8qKir/Kioq/yoqKv8qKir/Kioq/yoqKv8pKSn/KSkp/ykpKf8pKSn/KSkp/ykpKf8pKSn/KSkp/ykpKf8oKCj/KCgo/ycnJ/8oKCj/KCgo/ygoKP8nJyf/Jycn/ycnJ/8mJib/JiYm/ycnJ/8nJyf/Jycn/ycnJ/8nJyf/Jycn/ycnJ/8nJyf/Jycn/ycnJ/8nJyf/KCgo/ygoKP8oKCj/KCgo/ygoKP8oKCj/KCgo/ycnJ/8nJyf/Jycn/ycnJ/8nJyf/Jycn/ycnJ/8nJyf/KCgo/ykpKf8qKir/Kysr/ysrK/8rKyv/LCws/y0tLf8tLS3/Li4u/y4uLv8wMDD/MDAw/zAwMP8wMDD/MTEx/zExMf8xMTH/MjIy/zIyMv9ERET/Q0ND/0NDQ/9HR0f/TU1N/0pKSv9GRkb/SEhI/0xMTP9LS0v/SEhI/0RERP8+Pj7/PT09/0BAQP9ERET/T09P/1hYWP9bW1v/XV1d/1NTU/9HR0f/QkJC/zw8PP86Ojr/ODg4/zk5Of88PDz/PDw8/zs7O/87Ozv/Pz8//0BAQP9CQkL/QkJC/0JCQv9CQkL/Q0ND/0RERP9GRkb/SEhI/0ZGRv9DQ0P/QEBA/zs7O/85OTn/NjY2/zY2Nv82Njb/Nzc3/zs7O/88PDz/Ozs7/zs7O/85OTn/ODg4/zk5Of85OTn/Ozs7/z4+Pv8/Pz//QUFB/0FBQf9CQkL/Q0ND/0RERP9DQ0P/Pz8//zw8PP83Nzf/NTU1/zY2Nv83Nzf/PDw8/0BAQP9BQUH/Q0ND/0FBQf8+Pj7/PDw8/zk5Of84ODj/Nzc3/zY2Nv81NTX/NjY2/zg4OP85OTn/Ozs7/zw8PP8/Pz//QUFB/0NDQ/9FRUX/RkZG/0dHR/9FRUX/RERE/0JCQv8/Pz//PT09/zs7O/86Ojr/OTk5/zo6Ov89PT3/Pj4+/z8/P/9AQED/QkJC/0VFRf9OTk7/WFhY/3BwcP+JiYn/hISE/39/f/90dHT/ZGRk/2BgYP9cXFz/YGBg/2pqav9qamr/ZmZm/2xsbP+Dg4P/ioqK/3l5ef9ubm7/eXl5/4ODg/+Kior/kZGR/4mJif99fX3/dXV1/2hoaP9ubm7/enp6/3d3d/9ra2v/ZmZm/2BgYP9dXV3/XV1d/15eXv9lZWX/aWlp/2JiYv9aWlr/U1NT/0tLS/9SUlL/Wlpa/2dnZ/96enr/d3d3/2xsbP9mZmb/W1tb/11dXf9oaGj/bW1t/3Jycv9zc3P/bW1t/2hoaP9iYmL/XV1d/2VlZf9ubm7/eXl5/4iIiP+Dg4P/enp6/3p6ev98fHz/dXV1/2RkZP9bW1v/Tk5O/0dHR/9BQUH/PT09/zo6Ov84ODj/NjY2/zU1Nf8zMzP/MDAw/zAwMP8vLy//Ly8v/y4uLv8uLi7/LS0t/y0tLf8rKyv/Kysr/ywsLP8sLCz/LS0t/y0tLf8tLS3/LS0t/y0tLf8sLCz/LS0t/y4uLv8uLi7/Ly8v/y8vL/8vLy//Ly8v/y8vL/8uLi7/LCws/ysrK/8tLS3/LS0t/y0tLf8tLS3/Li4u/y8vL/8vLy//Ly8v/y8vL/8wMDD/Ly8v/y4uLv8uLi7/Ly8v/y8vL/8uLi7/Li4u/y4uLv8uLi7/Ly8v/y8vL/8uLi7/LS0t/y0tLf8tLS3/LS0t/y0tLf8tLS3/LS0t/y0tLf8tLS3/LS0t/y0tLf8uLi7/Ly8v/y8vL/8uLi7/Li4u/y0tLf8tLS3/LS0t/y0tLf8uLi7/Li4u/y4uLv8uLi7/Li4u/y0tLf8uLi7/MDAw/zAwMP8xMTH/MTEx/zIyMv8yMjL/MjIy/zIyMv8zMzP/NDQ0/zU1Nf83Nzf/PDw8/0JCQv9UVFT/aGho/21tbf9zc3P/fHx8/4uLi/+CgoL/cXFx/3h4eP+MjIz/lJSU/5+fn/+ZmZn/enp6/2lpaf9jY2P/X19f/2RkZP9oaGj/d3d3/4eHh/+Ghob/hoaG/35+fv9ycnL/dXV1/3x8fP9/f3//hYWF/4CAgP9xcXH/bGxs/2tra/9ubm7/f39//4mJif+Hh4f/hYWF/4CAgP97e3v/hYWF/5KSkv+VlZX/mZmZ/5CQkP+AgID/f39//4WFhf+FhYX/goKC/319ff9vb2//Z2dn/2FhYf9dXV3/Y2Nj/xcXF/8XFxf/FxcX/xcXF/8XFxf/FxcX/xYWFv8XFxf/GBgY/xgYGP8YGBj/GBgY/xkZGf8ZGRn/Ghoa/xoaGv8aGhr/Ghoa/xgYGP8WFhb/FhYW/xYWFv8WFhb/FhYW/xYWFv8VFRX/FRUV/xUVFf8VFRX/FBQU/xQUFP8VFRX/FRUV/xQUFP8UFBT/ExMT/xMTE/8UFBT/FhYW/xUVFf8VFRX/FBQU/xQUFP8TExP/EhIS/xISEv8RERH/ERER/xAQEP8QEBD/EBAQ/xAQEP8RERH/ERER/xEREf8RERH/ERER/xEREf8RERH/ERER/xEREf8RERH/ERER/xISEv8SEhL/FBQU/xUVFf8WFhb/FxcX/xkZGf8ZGRn/GBgY/xcXF/8WFhb/FhYW/xYWFv8WFhb/FxcX/xcXF/8WFhb/FRUV/xUVFf8WFhb/FxcX/xgYGP8YGBj/GRkZ/xkZGf8YGBj/GBgY/xcXF/8XFxf/GBgY/xkZGf8YGBj/GBgY/xgYGP8YGBj/GBgY/xcXF/8YGBj/GBgY/xcXF/8WFhb/FhYW/xcXF/8YGBj/GRkZ/xoaGv8aGhr/Ghoa/xoaGv8aGhr/Ghoa/xkZGf8YGBj/GBgY/xgYGP8YGBj/GBgY/xkZGf8ZGRn/Ghoa/xoaGv8aGhr/Ghoa/xoaGv8aGhr/HBwc/x4eHv8mJib/Li4u/zIyMv83Nzf/NDQ0/zAwMP8zMzP/OTk5/zs7O/8/Pz//PT09/zg4OP80NDT/LS0t/y0tLf8yMjL/NTU1/zQ0NP80NDT/MzMz/zIyMv8yMjL/MjIy/zY2Nv87Ozv/PDw8/z09Pf8+Pj7/Pz8//z4+Pv87Ozv/ODg4/zIyMv8xMTH/NTU1/zg4OP84ODj/ODg4/zs7O/8+Pj7/Pz8//0BAQP8+Pj7/Ozs7/zs7O/86Ojr/PDw8/z8/P/8/Pz//PT09/zw8PP88PDz/PDw8/z4+Pv8/Pz//PT09/zw8PP9CQkL/SEhI/0pKSv9MTEz/SUlJ/0RERP9ERET/RERE/0FBQf86Ojr/Ojo6/z09Pf8+Pj7/Pz8//z8/P/88PDz/Ojo6/zY2Nv8yMjL/NDQ0/zc3N/86Ojr/Pj4+/z09Pf89PT3/Pz8//0JCQv9ERET/SEhI/0hISP9JSUn/SEhI/0RERP9CQkL/RERE/0VFRf9DQ0P/QkJC/0FBQf8/Pz//QEBA/0FBQf8/Pz//PT09/zo6Ov82Njb/NjY2/zc3N/85OTn/Pj4+/z8/P/8/Pz//Pj4+/zw8PP87Ozv/Ozs7/zw8PP89PT3/Pj4+/0RERP9KSkr/RERE/zw8PP8+Pj7/QkJC/0pKSv9aWlr/V1dX/0ZGRv9AQED/PT09/zw8PP89PT3/Pj4+/z8/P/9AQED/Pz8//z8/P/9CQkL/RkZG/0ZGRv9FRUX/Q0ND/z8/P/8/Pz//QUFB/z8/P/85OTn/ODg4/zs7O/89PT3/PT09/z09Pf8+Pj7/Pz8//z8/P/8/Pz//RERE/0pKSv9KSkr/SkpK/0xMTP9QUFD/VlZW/19fX/9hYWH/X19f/1xcXP9XV1f/U1NT/05OTv9KSkr/Q0ND/z09Pf8/Pz//QUFB/0RERP9HR0f/SUlJ/01NTf9KSkr/Q0ND/0FBQf8/Pz//QEBA/0JCQv9FRUX/S0tL/09PT/9RUVH/UlJS/1JSUv9TU1P/X19f/2tra/9gYGD/UVFR/0pKSv9BQUH/Pz8//z09Pf89PT3/QEBA/0NDQ/9ISEj/SEhI/0NDQ/9AQED/QUFB/0FBQf9CQkL/MTEx/zExMf8wMDD/Ly8v/y4uLv8uLi7/Ly8v/zAwMP8xMTH/MTEx/zAwMP8xMTH/MTEx/zIyMv8zMzP/MzMz/zQ0NP80NDT/NjY2/zc3N/84ODj/ODg4/zg4OP84ODj/OTk5/zk5Of85OTn/Ojo6/zk5Of85OTn/OTk5/zk5Of86Ojr/Ozs7/zs7O/88PDz/PDw8/zw8PP88PDz/PDw8/zs7O/86Ojr/Ojo6/zw8PP8+Pj7/Pz8//0BAQP9AQED/Pz8//z4+Pv8/Pz//Pz8//z8/P/8/Pz//Pz8//z8/P/8/Pz//Pz8//0BAQP9AQED/Pz8//z8/P/8/Pz//QEBA/0BAQP9AQED/QEBA/0BAQP9AQED/Pz8//z8/P/8/Pz//Pz8//z8/P/8+Pj7/Pz8//z8/P/8/Pz//Pz8//z4+Pv8+Pj7/PT09/z09Pf88PDz/PDw8/zw8PP88PDz/PDw8/zs7O/87Ozv/Ojo6/zo6Ov85OTn/ODg4/zc3N/82Njb/NjY2/zY2Nv82Njb/NjY2/zU1Nf80NDT/MzMz/zExMf8wMDD/Ly8v/y4uLv8tLS3/LCws/ywsLP8rKyv/LCws/y0tLf8sLCz/LCws/ysrK/8qKir/KSkp/ykpKf8oKCj/Jycn/ycnJ/8nJyf/Jycn/ycnJ/8nJyf/Jycn/ycnJ/8nJyf/Jycn/ygoKP8oKCj/KCgo/ygoKP8nJyf/JiYm/yYmJv8nJyf/Jycn/yYmJv8mJib/JiYm/yYmJv8nJyf/Jycn/ycnJ/8nJyf/Jycn/yYmJv8mJib/JSUl/yUlJf8kJCT/IyMj/yMjI/8jIyP/IyMj/yMjI/8jIyP/IyMj/yMjI/8jIyP/IiIi/yIiIv8jIyP/IyMj/yMjI/8iIiL/IiIi/yEhIf8iIiL/IyMj/yIiIv8iIiL/IiIi/yIiIv8iIiL/IyMj/yIiIv8iIiL/IiIi/yEhIf8hISH/IiIi/yIiIv8jIyP/JCQk/yQkJP8lJSX/JSUl/yYmJv8mJib/Jycn/yYmJv8kJCT/IyMj/yMjI/8iIiL/IiIi/yIiIv8hISH/ISEh/yMjI/8jIyP/IyMj/yIiIv8iIiL/IiIi/yIiIv8hISH/ISEh/yEhIf8hISH/ISEh/yEhIf8hISH/ISEh/yIiIv8jIyP/JCQk/yQkJP8jIyP/IyMj/yIiIv8hISH/ISEh/yEhIf8hISH/ICAg/yAgIP8gICD/ICAg/yEhIf8hISH/ISEh/yEhIf8gICD/ICAg/x8fH/8fHx//Hx8f/x8fH/8gICD/ICAg/yEhIf8iIiL/ISEh/yEhIf8hISH/IiIi/yEhIf8gICD/ICAg/x8fH/8fHx//Hh4e/x4eHv8fHx//Hx8f/yAgIP8gICD/ICAg/yAgIP8fHx//Hx8f/x8fH/8eHh7/Hh4e/x4eHv8fHx//Hx8f/yAgIP8hISH/IiIi/yIiIv8jIyP/IiIi/yIiIv8hISH/ICAg/yAgIP8fHx//Hh4e/x4eHv8eHh7/Hh4e/x4eHv8eHh7/Hh4e/x0dHf8dHR3/HBwc/xwcHP8cHBz/HBwc/xwcHP8dHR3/Hh4e/x8fH/8gICD/ICAg/yAgIP8hISH/ISEh/yEhIf8hISH/ISEh/yAgIP8eHh7/Hh4e/x4eHv8dHR3/HR0d/x0dHf8dHR3/HR0d/x0dHf8dHR3/HR0d/x0dHf8dHR3/HBwc/xwcHP8cHBz/HBwc/xwcHP8dHR3/Hh4e/x8fH/8gICD/ISEh/yIiIv8iIiL/IiIi/yIiIv8hISH/ISEh/yEhIf92dnb/bGxs/2FhYf9iYmL/Y2Nj/2tra/92dnb/c3Nz/2tra/9paWn/aGho/2RkZP9aWlr/WFhY/11dXf9eXl7/VFRU/0xMTP9DQ0P/Ojo6/zk5Of84ODj/NjY2/zU1Nf80NDT/MzMz/zMzM/8zMzP/MzMz/zMzM/80NDT/NDQ0/zQ0NP81NTX/NTU1/zY2Nv82Njb/NjY2/zU1Nf80NDT/MjIy/zMzM/81NTX/NTU1/zc3N/84ODj/OTk5/zk5Of84ODj/Nzc3/zY2Nv81NTX/NTU1/zQ0NP8zMzP/MjIy/zIyMv8yMjL/MjIy/zIyMv8yMjL/MjIy/zIyMv8yMjL/MjIy/zExMf8xMTH/MDAw/zAwMP8wMDD/MDAw/zExMf8yMjL/MzMz/zQ0NP80NDT/NDQ0/zMzM/8zMzP/MjIy/zAwMP8wMDD/Ly8v/y4uLv8uLi7/Li4u/y8vL/8vLy//MDAw/zAwMP8xMTH/MTEx/zExMf8xMTH/MTEx/zExMf8xMTH/MTEx/zAwMP8uLi7/Li4u/y8vL/8wMDD/MjIy/zIyMv8yMjL/MjIy/zIyMv8xMTH/MDAw/y4uLv8tLS3/LCws/ywsLP8tLS3/LS0t/y4uLv8vLy//MDAw/zAwMP8wMDD/MDAw/zExMf8xMTH/MzMz/zMzM/8zMzP/MzMz/zIyMv8yMjL/MTEx/zAwMP8xMTH/MTEx/zIyMv8zMzP/MzMz/zMzM/8zMzP/MjIy/zExMf8xMTH/MDAw/zAwMP8wMDD/MDAw/zAwMP8wMDD/MDAw/zAwMP8vLy//Ly8v/y8vL/8uLi7/Li4u/y4uLv8uLi7/Li4u/y4uLv8vLy//MDAw/zAwMP8wMDD/Ly8v/y8vL/8vLy//Ly8v/y4uLv8uLi7/LS0t/y0tLf8sLCz/LS0t/y4uLv8uLi7/Ly8v/y8vL/8vLy//Ly8v/y8vL/8vLy//MTEx/zExMf8wMDD/Ly8v/y4uLv8tLS3/LS0t/y0tLf8tLS3/Li4u/y0tLf8tLS3/LS0t/ywsLP8rKyv/Kioq/yoqKv8qKir/Kioq/ykpKf8pKSn/Kioq/yoqKv8rKyv/Kysr/ywsLP8sLCz/LS0t/y4uLv8tLS3/LS0t/y0tLf8tLS3/LS0t/ywsLP8sLCz/LCws/ywsLP8sLCz/LCws/ywsLP8sLCz/LS0t/y4uLv8uLi7/Li4u/y4uLv8tLS3/LS0t/y0tLf8tLS3/LCws/ywsLP8tLS3/LS0t/y0tLf8sLCz/LCws/ywsLP8rKyv/Kysr/ysrK/8rKyv/Kioq/ykpKf8qKir/Kysr/yoqKv8qKir/KSkp/ykpKf8pKSn/Kysr/ysrK/8sLCz/LCws/ywsLP8sLCz/LCws/ysrK/8rKyv/Kysr/ywsLP8sLCz/Kysr/ysrK/8rKyv/Kysr/ysrK/8rKyv/Kysr/ysrK/8rKyv/Kioq/yoqKv8qKir/Kioq/yoqKv8qKir/Kioq/yoqKv8qKir/Kioq/yoqKv8rKyv/Kysr/yoqKv8qKir/Kioq/yoqKv8qKir/Kioq/yoqKv8qKir/Kioq/yoqKv8pKSn/KSkp/ykpKf8qKir/KSkp/ygoKP8oKCj/KSkp/ykpKf8pKSn/Kioq/yoqKv8qKir/Kioq/yoqKv8qKir/KSkp/ykpKf8oKCj/KSkp/ykpKf8qKir/Kysr/ysrK/8qKir/Kysr/ywsLP8sLCz/LS0t/y0tLf8uLi7/Li4u/y4uLv8uLi7/Li4u/y4uLv8vLy//MDAw/zAwMP8xMTH/MTEx/0pKSv9HR0f/RERE/0RERP9FRUX/Q0ND/0BAQP9CQkL/RkZG/0ZGRv9FRUX/RERE/0FBQf9CQkL/SUlJ/01NTf9SUlL/VlZW/1paWv9eXl7/VlZW/0xMTP9NTU3/Tk5O/0xMTP9JSUn/SkpK/0tLS/9KSkr/RUVF/0RERP9BQUH/QUFB/0RERP9FRUX/RERE/0RERP9GRkb/SEhI/0dHR/9HR0f/SEhI/0pKSv9KSkr/SEhI/0lJSf9JSUn/TExM/1JSUv9TU1P/VFRU/1NTU/9MTEz/SEhI/0VFRf9DQ0P/R0dH/0xMTP9MTEz/TU1N/0tLS/9JSUn/T09P/1paWv9lZWX/eXl5/3Nzc/9bW1v/T09P/0BAQP86Ojr/PDw8/z8/P/9KSkr/U1NT/1JSUv9QUFD/TExM/0hISP9ERET/Pz8//0FBQf9ERET/RERE/0RERP9GRkb/SUlJ/0hISP9ERET/Q0ND/0pKSv9NTU3/S0tL/0lJSf9LS0v/TExM/05OTv9RUVH/VFRU/1paWv9XV1f/UlJS/09PT/9MTEz/Tk5O/1dXV/9ZWVn/VlZW/1JSUv9KSkr/RkZG/0tLS/9RUVH/ZGRk/3h4eP92dnb/c3Nz/2tra/9gYGD/XV1d/1tbW/9fX1//aWlp/2tra/9qamr/bGxs/3R0dP91dXX/a2tr/2VlZf9vb2//eXl5/39/f/+FhYX/d3d3/2VlZf9dXV3/U1NT/1hYWP9jY2P/YGBg/1ZWVv9RUVH/TU1N/01NTf9SUlL/WVlZ/21tbf97e3v/eHh4/3V1df9mZmb/VVVV/1paWv9hYWH/aGho/3Nzc/9zc3P/cnJy/2xsbP9hYWH/X19f/15eXv9gYGD/Z2dn/2tra/9vb2//cXFx/29vb/9tbW3/ZWVl/11dXf9cXFz/XFxc/1tbW/9ZWVn/XV1d/2RkZP9oaGj/b29v/2xsbP9gYGD/WVlZ/1JSUv9NTU3/RERE/z09Pf87Ozv/OTk5/zY2Nv80NDT/MjIy/zAwMP8vLy//Ly8v/y8vL/8uLi7/Li4u/ywsLP8sLCz/LCws/y0tLf8tLS3/Li4u/y4uLv8uLi7/LS0t/y0tLf8tLS3/LS0t/y0tLf8uLi7/Li4u/y4uLv8uLi7/Li4u/y0tLf8sLCz/LCws/y0tLf8tLS3/Li4u/y8vL/8wMDD/MTEx/zAwMP8wMDD/MDAw/zAwMP8vLy//Ly8v/y8vL/8uLi7/Li4u/y8vL/8vLy//Ly8v/y8vL/8vLy//Li4u/y0tLf8tLS3/Li4u/y4uLv8uLi7/Li4u/y0tLf8tLS3/LS0t/y4uLv8uLi7/Ly8v/y8vL/8uLi7/Li4u/y4uLv8uLi7/Li4u/y4uLv8uLi7/Li4u/y4uLv8uLi7/Li4u/y8vL/8uLi7/LCws/y4uLv8wMDD/MTEx/zIyMv8yMjL/MzMz/zMzM/8zMzP/MzMz/zU1Nf83Nzf/Ozs7/z4+Pv89PT3/PT09/0dHR/9SUlL/WVlZ/2FhYf9qamr/eHh4/3h4eP92dnb/dnZ2/3h4eP99fX3/iIiI/4SEhP9sbGz/YGBg/19fX/9gYGD/a2tr/3Z2dv+BgYH/jY2N/4mJif+EhIT/e3t7/29vb/9/f3//np6e/5qamv+IiIj/gICA/3V1df9xcXH/cXFx/3R0dP9/f3//hoaG/35+fv91dXX/cHBw/2pqav97e3v/kpKS/56env+wsLD/pqam/5CQkP+Li4v/h4eH/39/f/9sbGz/ZGRk/2FhYf9iYmL/cXFx/3x8fP95eXn/GBgY/xgYGP8XFxf/FxcX/xcXF/8XFxf/FxcX/xcXF/8YGBj/GBgY/xkZGf8ZGRn/GRkZ/xkZGf8ZGRn/GRkZ/xkZGf8ZGRn/FxcX/xUVFf8VFRX/FBQU/xUVFf8VFRX/FRUV/xUVFf8VFRX/FRUV/xUVFf8VFRX/FRUV/xUVFf8VFRX/FRUV/xUVFf8UFBT/FBQU/xQUFP8UFBT/FBQU/xMTE/8TExP/ExMT/xISEv8SEhL/EhIS/xEREf8RERH/EBAQ/w8PD/8QEBD/EBAQ/xEREf8RERH/ERER/xEREf8RERH/ERER/xEREf8QEBD/EBAQ/xAQEP8RERH/ERER/xISEv8TExP/ExMT/xUVFf8WFhb/FxcX/xgYGP8XFxf/FxcX/xcXF/8XFxf/FxcX/xcXF/8XFxf/GBgY/xcXF/8WFhb/FhYW/xYWFv8WFhb/FxcX/xcXF/8XFxf/GBgY/xgYGP8ZGRn/GBgY/xgYGP8YGBj/GBgY/xgYGP8XFxf/GBgY/xkZGf8ZGRn/GRkZ/xkZGf8ZGRn/GBgY/xcXF/8XFxf/FxcX/xgYGP8YGBj/GRkZ/xkZGf8ZGRn/Ghoa/xsbG/8aGhr/GBgY/xgYGP8XFxf/GBgY/xkZGf8ZGRn/Ghoa/xoaGv8aGhr/Ghoa/xkZGf8ZGRn/GRkZ/xoaGv8bGxv/HBwc/yIiIv8oKCj/LS0t/zMzM/8xMTH/LS0t/y8vL/8xMTH/MzMz/zc3N/82Njb/MzMz/zAwMP8tLS3/LS0t/zExMf80NDT/Nzc3/zg4OP83Nzf/NTU1/zIyMv8vLy//MTEx/zMzM/85OTn/QkJC/0NDQ/9ERET/Q0ND/0BAQP89PT3/NDQ0/zExMf80NDT/Nzc3/zw8PP8/Pz//Pz8//z8/P/8+Pj7/PT09/zw8PP87Ozv/Ozs7/zs7O/88PDz/PT09/z09Pf89PT3/Pj4+/0BAQP9BQUH/QUFB/0FBQf9BQUH/QkJC/0hISP9NTU3/S0tL/0hISP9FRUX/QEBA/0FBQf9DQ0P/RUVF/0lJSf9JSUn/R0dH/0VFRf9AQED/Pj4+/zw8PP87Ozv/Ozs7/zs7O/87Ozv/Ozs7/0NDQ/9LS0v/SUlJ/0VFRf9ERET/QkJC/0FBQf9BQUH/QUFB/0BAQP9AQED/QUFB/0NDQ/9LS0v/UFBQ/09PT/9OTk7/SUlJ/0NDQ/9AQED/PT09/zw8PP87Ozv/Ozs7/zw8PP87Ozv/Ojo6/zw8PP8/Pz//Q0ND/0xMTP9PT0//SUlJ/0VFRf9CQkL/QUFB/0VFRf9KSkr/SUlJ/0lJSf9ERET/PDw8/zw8PP8+Pj7/QkJC/0pKSv9ISEj/Pz8//zw8PP86Ojr/OTk5/z09Pf8/Pz//Pz8//z8/P/9CQkL/RERE/0VFRf9GRkb/RUVF/0NDQ/9HR0f/Tk5O/1BQUP9TU1P/UFBQ/0ZGRv9FRUX/SUlJ/0lJSf9CQkL/PT09/zw8PP87Ozv/Pj4+/0JCQv9ERET/R0dH/0hISP9KSkr/T09P/1dXV/9YWFj/V1dX/1VVVf9QUFD/UFBQ/1JSUv9SUlL/Tk5O/0tLS/9JSUn/RkZG/0dHR/9HR0f/R0dH/0hISP9ISEj/SEhI/0xMTP9UVFT/V1dX/1tbW/9dXV3/Xl5e/11dXf9XV1f/VFRU/1NTU/9SUlL/Tk5O/0lJSf9QUFD/VlZW/1hYWP9aWlr/VVVV/0xMTP9JSUn/RkZG/0RERP9BQUH/Q0ND/0lJSf9LS0v/S0tL/0pKSv9ISEj/R0dH/0lJSf8wMDD/MDAw/zAwMP8vLy//LS0t/y4uLv8vLy//MDAw/zExMf8xMTH/MDAw/zAwMP8xMTH/MTEx/zIyMv8zMzP/MzMz/zQ0NP81NTX/NjY2/zY2Nv82Njb/NjY2/zY2Nv82Njb/Nzc3/zc3N/84ODj/Nzc3/zU1Nf81NTX/NjY2/zc3N/84ODj/OTk5/zk5Of86Ojr/OTk5/zk5Of84ODj/ODg4/zg4OP83Nzf/ODg4/zs7O/88PDz/PT09/zw8PP86Ojr/OTk5/zo6Ov86Ojr/Ozs7/zs7O/86Ojr/Ojo6/zo6Ov86Ojr/Ojo6/zs7O/87Ozv/Ojo6/zo6Ov86Ojr/Ojo6/zo6Ov86Ojr/Ojo6/zo6Ov86Ojr/Ojo6/zo6Ov86Ojr/Ojo6/zo6Ov86Ojr/Ojo6/zo6Ov86Ojr/Ojo6/zo6Ov85OTn/Nzc3/zc3N/84ODj/ODg4/zg4OP84ODj/NjY2/zY2Nv82Njb/NjY2/zU1Nf80NDT/MzMz/zIyMv8yMjL/MjIy/zIyMv8yMjL/MTEx/zAwMP8wMDD/Li4u/y4uLv8tLS3/LS0t/ywsLP8rKyv/Kysr/ysrK/8sLCz/LCws/ywsLP8rKyv/Kioq/ykpKf8pKSn/KCgo/ygoKP8nJyf/Jycn/ycnJ/8nJyf/Jycn/ycnJ/8nJyf/Jycn/ycnJ/8nJyf/KCgo/ygoKP8oKCj/KCgo/ycnJ/8mJib/Jycn/ygoKP8oKCj/Jycn/ycnJ/8mJib/JiYm/ycnJ/8nJyf/KCgo/ygoKP8oKCj/Jycn/ycnJ/8mJib/JSUl/yQkJP8kJCT/IyMj/yQkJP8lJSX/JSUl/yUlJf8kJCT/JCQk/yQkJP8kJCT/IyMj/yQkJP8kJCT/JCQk/yMjI/8jIyP/IiIi/yMjI/8kJCT/IyMj/yIiIv8jIyP/IyMj/yQkJP8kJCT/JCQk/yMjI/8jIyP/IyMj/yMjI/8jIyP/JCQk/yUlJf8mJib/JiYm/ycnJ/8nJyf/KCgo/ykpKf8pKSn/KCgo/yYmJv8lJSX/JCQk/yQkJP8jIyP/IyMj/yMjI/8jIyP/JCQk/yUlJf8kJCT/IyMj/yMjI/8iIiL/IiIi/yIiIv8iIiL/IiIi/yIiIv8iIiL/IiIi/yIiIv8jIyP/JCQk/yUlJf8nJyf/Jycn/yYmJv8lJSX/JCQk/yMjI/8jIyP/IiIi/yIiIv8iIiL/ISEh/yEhIf8hISH/IiIi/yIiIv8iIiL/IiIi/yIiIv8hISH/ISEh/yAgIP8gICD/ICAg/yEhIf8hISH/IiIi/yMjI/8kJCT/JCQk/yQkJP8kJCT/IyMj/yIiIv8hISH/Hx8f/x8fH/8fHx//Hx8f/yAgIP8gICD/ISEh/yEhIf8hISH/ISEh/yEhIf8gICD/ICAg/x8fH/8fHx//Hx8f/yAgIP8gICD/ISEh/yMjI/8kJCT/JSUl/yUlJf8lJSX/JCQk/yMjI/8iIiL/ISEh/yAgIP8fHx//Hh4e/x4eHv8eHh7/Hx8f/x8fH/8fHx//Hh4e/x4eHv8dHR3/HBwc/xwcHP8cHBz/HR0d/x4eHv8gICD/ISEh/yIiIv8jIyP/IyMj/yMjI/8kJCT/JCQk/yQkJP8jIyP/IiIi/yAgIP8fHx//Hx8f/x8fH/8fHx//Hx8f/x4eHv8eHh7/Hh4e/x4eHv8eHh7/Hh4e/x4eHv8dHR3/HR0d/xwcHP8dHR3/HR0d/x4eHv8gICD/ISEh/yMjI/8kJCT/JSUl/yUlJf8lJSX/JSUl/yUlJf8kJCT/JCQk/3x8fP9vb2//YGBg/2BgYP9gYGD/ZGRk/2xsbP9ubm7/cXFx/3Nzc/94eHj/dXV1/2tra/9paWn/cHBw/3Jycv9kZGT/WVlZ/0xMTP8/Pz//PDw8/zk5Of83Nzf/NDQ0/zQ0NP8yMjL/MjIy/zIyMv8zMzP/MzMz/zQ0NP81NTX/NjY2/zc3N/83Nzf/ODg4/zg4OP83Nzf/Nzc3/zU1Nf8zMzP/NDQ0/zY2Nv84ODj/Ojo6/zs7O/89PT3/PDw8/zs7O/86Ojr/ODg4/zc3N/82Njb/NTU1/zQ0NP8yMjL/MjIy/zIyMv8yMjL/MjIy/zMzM/80NDT/NDQ0/zQ0NP8zMzP/MzMz/zMzM/8yMjL/MjIy/zExMf8xMTH/MzMz/zQ0NP81NTX/NjY2/zY2Nv82Njb/NjY2/zU1Nf80NDT/MjIy/zExMf8wMDD/Ly8v/y8vL/8vLy//MDAw/zExMf8xMTH/MjIy/zMzM/8zMzP/MzMz/zMzM/8zMzP/MjIy/zIyMv8yMjL/MTEx/zAwMP8wMDD/MDAw/zIyMv81NTX/NTU1/zU1Nf81NTX/NTU1/zQ0NP8yMjL/MDAw/y4uLv8sLCz/LS0t/y4uLv8vLy//MDAw/zExMf8yMjL/MjIy/zIyMv8yMjL/MzMz/zQ0NP81NTX/NjY2/zU1Nf81NTX/NDQ0/zMzM/8yMjL/MTEx/zIyMv8zMzP/NDQ0/zU1Nf82Njb/NjY2/zY2Nv80NDT/NDQ0/zIyMv8yMjL/MTEx/zExMf8yMjL/MjIy/zIyMv8yMjL/MjIy/zExMf8xMTH/MDAw/zAwMP8vLy//Ly8v/y8vL/8vLy//Ly8v/zAwMP8yMjL/MjIy/zIyMv8xMTH/MTEx/zExMf8xMTH/MDAw/y8vL/8uLi7/LS0t/ywsLP8tLS3/Ly8v/zAwMP8wMDD/MDAw/zAwMP8wMDD/MDAw/zExMf8yMjL/MzMz/zIyMv8xMTH/Ly8v/y4uLv8uLi7/Li4u/y8vL/8vLy//Ly8v/y4uLv8uLi7/LCws/ywsLP8rKyv/Kysr/yoqKv8qKir/KSkp/ykpKf8rKyv/Kysr/ywsLP8sLCz/LS0t/y0tLf8uLi7/MDAw/y8vL/8uLi7/Li4u/y8vL/8uLi7/LS0t/y0tLf8tLS3/LS0t/y0tLf8tLS3/LS0t/y0tLf8uLi7/Ly8v/zAwMP8wMDD/MDAw/y8vL/8vLy//Li4u/y4uLv8tLS3/Li4u/y4uLv8uLi7/Li4u/y4uLv8uLi7/LS0t/y0tLf8tLS3/LS0t/ywsLP8rKyv/Kioq/ysrK/8sLCz/Kysr/yoqKv8qKir/KSkp/yoqKv8sLCz/LCws/y0tLf8tLS3/LS0t/y0tLf8tLS3/LS0t/ywsLP8sLCz/LCws/ywsLP8sLCz/Kysr/ywsLP8sLCz/LCws/ywsLP8sLCz/LCws/ywsLP8rKyv/Kysr/ysrK/8rKyv/Kysr/yoqKv8rKyv/Kysr/ywsLP8sLCz/LCws/ywsLP8sLCz/LCws/ywsLP8sLCz/LCws/ywsLP8sLCz/Kysr/ysrK/8sLCz/LCws/ysrK/8qKir/Kysr/ysrK/8qKir/KSkp/ykpKf8pKSn/Kioq/yoqKv8rKyv/Kysr/ysrK/8sLCz/LCws/ysrK/8rKyv/Kioq/ykpKf8qKir/Kioq/ysrK/8sLCz/Kysr/yoqKv8rKyv/LCws/y0tLf8tLS3/Li4u/y4uLv8uLi7/LS0t/y0tLf8tLS3/LS0t/y8vL/8vLy//MDAw/zAwMP8wMDD/TU1N/0lJSf9FRUX/Q0ND/0FBQf9AQED/PT09/z8/P/9DQ0P/Q0ND/0NDQ/9DQ0P/Q0ND/0VFRf9NTU3/UlJS/1NTU/9UVFT/WVlZ/19fX/9YWFj/UFBQ/1RUVP9aWlr/WFhY/1RUVP9UVFT/VVVV/1NTU/9MTEz/SUlJ/0RERP9DQ0P/R0dH/0hISP9GRkb/RUVF/0hISP9LS0v/SUlJ/0ZGRv9KSkr/T09P/1BQUP9QUFD/UlJS/1VVVf9ZWVn/YWFh/2NjY/9iYmL/X19f/1ZWVv9QUFD/TExM/0lJSf9PT0//VVVV/1VVVf9VVVX/U1NT/09PT/9YWFj/Z2dn/3d3d/+VlZX/jIyM/2pqav9ZWVn/RUVF/z4+Pv9BQUH/RUVF/1NTU/9fX1//W1tb/1dXV/9SUlL/TU1N/0lJSf9ERET/R0dH/0xMTP9NTU3/TU1N/09PT/9TU1P/UlJS/0pKSv9ISEj/UVFR/1VVVf9RUVH/TU1N/05OTv9QUFD/VFRU/1hYWP9fX1//ampq/2ZmZv9fX1//XFxc/1dXV/9bW1v/ZmZm/2hoaP9iYmL/XFxc/09PT/9HR0f/SkpK/01NTf9eXl7/cHBw/29vb/9tbW3/Z2dn/19fX/9dXV3/W1tb/19fX/9oaGj/a2tr/2xsbP9sbGz/a2tr/2lpaf9jY2P/YWFh/2pqav9ycnL/eHh4/319ff9sbGz/V1dX/1BQUP9HR0f/TExM/1ZWVv9TU1P/SUlJ/0ZGRv9DQ0P/RERE/01NTf9XV1f/cnJy/4SEhP+FhYX/hYWF/3Fxcf9cXFz/YGBg/2VlZf9qamr/cnJy/3R0dP92dnb/cXFx/2ZmZv9hYWH/Wlpa/1lZWf9hYWH/Z2dn/3BwcP93d3f/dnZ2/3V1df9lZWX/U1NT/0xMTP9DQ0P/RERE/0dHR/9NTU3/V1dX/2FhYf91dXX/dnZ2/2pqav9kZGT/XV1d/1dXV/9KSkr/QEBA/z09Pf87Ozv/OTk5/zY2Nv80NDT/MDAw/zAwMP8vLy//Ly8v/y8vL/8uLi7/LS0t/ywsLP8tLS3/LS0t/y4uLv8uLi7/Li4u/y4uLv8tLS3/LS0t/y0tLf8tLS3/LS0t/y0tLf8tLS3/LS0t/y0tLf8tLS3/LS0t/ywsLP8sLCz/LS0t/y0tLf8uLi7/Ly8v/zExMf8yMjL/MTEx/zAwMP8wMDD/MDAw/zAwMP8vLy//Ly8v/y4uLv8uLi7/Ly8v/y8vL/8wMDD/MDAw/y4uLv8uLi7/LS0t/y0tLf8uLi7/Ly8v/y4uLv8uLi7/Li4u/y0tLf8tLS3/Li4u/y8vL/8wMDD/Ly8v/y4uLv8uLi7/Li4u/y4uLv8uLi7/Li4u/y4uLv8uLi7/Li4u/y4uLv8uLi7/Ly8v/y4uLv8sLCz/Li4u/zAwMP8xMTH/MjIy/zIyMv8zMzP/MzMz/zMzM/80NDT/Nzc3/zo6Ov9AQED/Q0ND/z8/P/87Ozv/QUFB/0dHR/9OTk7/WFhY/2FhYf9vb2//c3Nz/3h4eP91dXX/bW1t/29vb/97e3v/eXl5/2VlZf9cXFz/Xl5e/2FhYf9wcHD/fn5+/4aGhv+Pj4//iYmJ/4GBgf96enr/b29v/4WFhf+wsLD/qamp/4qKiv+AgID/eHh4/3V1df91dXX/d3d3/4CAgP+EhIT/eHh4/2xsbP9mZmb/YGBg/3V1df+QkJD/oqKi/7u7u/+wsLD/mJiY/5GRkf+JiYn/fX19/2FhYf9XV1f/Wlpa/2BgYP97e3v/jY2N/4SEhP8ZGRn/GBgY/xcXF/8XFxf/FxcX/xcXF/8XFxf/FxcX/xgYGP8YGBj/GRkZ/xkZGf8ZGRn/GRkZ/xkZGf8ZGRn/GBgY/xgYGP8WFhb/FRUV/xQUFP8TExP/FBQU/xUVFf8VFRX/FRUV/xUVFf8VFRX/FRUV/xUVFf8VFRX/FRUV/xUVFf8VFRX/FRUV/xQUFP8UFBT/FBQU/xMTE/8TExP/EhIS/xISEv8SEhL/EhIS/xISEv8SEhL/ERER/xEREf8PDw//Dw8P/xAQEP8QEBD/ERER/xEREf8RERH/ERER/xEREf8RERH/ERER/xAQEP8QEBD/EBAQ/xAQEP8RERH/ERER/xISEv8TExP/FBQU/xUVFf8WFhb/FxcX/xcXF/8XFxf/FxcX/xcXF/8XFxf/GBgY/xgYGP8YGBj/GBgY/xcXF/8XFxf/FhYW/xYWFv8WFhb/FhYW/xcXF/8XFxf/GRkZ/xkZGf8YGBj/GBgY/xcXF/8XFxf/FxcX/xcXF/8YGBj/GRkZ/xkZGf8aGhr/Ghoa/xkZGf8YGBj/FxcX/xcXF/8YGBj/GBgY/xgYGP8YGBj/GRkZ/xkZGf8aGhr/Gxsb/xoaGv8YGBj/GBgY/xcXF/8YGBj/GRkZ/xkZGf8aGhr/Ghoa/xoaGv8aGhr/GRkZ/xkZGf8ZGRn/GRkZ/xoaGv8cHBz/ICAg/yQkJP8qKir/MDAw/y4uLv8sLCz/LCws/y0tLf8vLy//MzMz/zIyMv8wMDD/Ly8v/y0tLf8uLi7/MjIy/zU1Nf85OTn/Ozs7/zk5Of83Nzf/MzMz/y4uLv8uLi7/Ly8v/zc3N/9DQ0P/RUVF/0ZGRv9FRUX/Q0ND/z8/P/81NTX/MjIy/zQ0NP83Nzf/Pj4+/0JCQv9BQUH/QEBA/z4+Pv87Ozv/Ozs7/zs7O/87Ozv/Ozs7/zs7O/88PDz/PDw8/z09Pf8/Pz//QkJC/0NDQ/9CQkL/QkJC/0NDQ/9FRUX/SkpK/09PT/9KSkr/RUVF/0JCQv8+Pj7/Pz8//0FBQf9HR0f/UVFR/1FRUf9MTEz/SEhI/0FBQf89PT3/PDw8/zw8PP8+Pj7/QEBA/z8/P/8/Pz//SEhI/1JSUv9PT0//SkpK/0dHR/9CQkL/QEBA/z4+Pv89PT3/Ozs7/zw8PP9AQED/RERE/09PT/9VVVX/VVVV/1VVVf9NTU3/RUVF/0FBQf87Ozv/Ozs7/zs7O/88PDz/Pz8//z4+Pv88PDz/PT09/z8/P/9FRUX/VFRU/1hYWP9QUFD/SkpK/0dHR/9ERET/SkpK/09PT/9MTEz/SUlJ/0NDQ/88PDz/Ozs7/zw8PP89PT3/QUFB/0BAQP88PDz/Ojo6/zg4OP84ODj/PT09/z8/P/8/Pz//QEBA/0NDQ/9HR0f/R0dH/0ZGRv9FRUX/QkJC/0lJSf9WVlb/WVlZ/11dXf9ZWVn/TU1N/0tLS/9QUFD/UFBQ/0RERP89PT3/Ozs7/zo6Ov8/Pz//RERE/0RERP9FRUX/R0dH/0pKSv9QUFD/W1tb/1paWv9TU1P/T09P/0hISP9ISEj/T09P/1JSUv9PT0//TU1N/01NTf9MTEz/TExM/0xMTP9LS0v/SUlJ/0hISP9GRkb/Tk5O/15eXv9kZGT/a2tr/21tbf9ubm7/ampq/15eXv9XV1f/VVVV/1JSUv9MTEz/RUVF/0hISP9KSkr/VFRU/19fX/9aWlr/UlJS/09PT/9MTEz/SEhI/0JCQv9DQ0P/SkpK/05OTv9QUFD/UFBQ/01NTf9LS0v/TExM/zQ0NP80NDT/MzMz/zIyMv8wMDD/MDAw/zAwMP8wMDD/MTEx/zExMf8yMjL/MzMz/zQ0NP81NTX/NjY2/zc3N/83Nzf/ODg4/zc3N/82Njb/NjY2/zY2Nv82Njb/NjY2/zY2Nv82Njb/Nzc3/zg4OP83Nzf/NTU1/zU1Nf81NTX/NTU1/zY2Nv82Njb/NjY2/zY2Nv82Njb/NjY2/zc3N/83Nzf/ODg4/zk5Of85OTn/Ojo6/zo6Ov87Ozv/Ojo6/zc3N/83Nzf/Nzc3/zc3N/84ODj/OTk5/zk5Of85OTn/OTk5/zk5Of86Ojr/Ojo6/zo6Ov86Ojr/OTk5/zc3N/83Nzf/NjY2/zY2Nv82Njb/Nzc3/zg4OP85OTn/Ojo6/zo6Ov86Ojr/Ozs7/zs7O/87Ozv/Ojo6/zg4OP84ODj/ODg4/zc3N/82Njb/NjY2/zY2Nv82Njb/NjY2/zY2Nv81NTX/NTU1/zQ0NP80NDT/MzMz/zIyMv8xMTH/MDAw/zAwMP8xMTH/MjIy/zMzM/8yMjL/MjIy/zExMf8xMTH/MDAw/zAwMP8wMDD/Li4u/y0tLf8sLCz/LCws/ywsLP8sLCz/LS0t/y4uLv8uLi7/Li4u/y0tLf8tLS3/LCws/ysrK/8rKyv/Kioq/ykpKf8pKSn/Kioq/yoqKv8rKyv/LCws/y0tLf8tLS3/LS0t/y0tLf8tLS3/LCws/ysrK/8rKyv/Kioq/yoqKv8pKSn/KSkp/yoqKv8qKir/Kysr/ywsLP8sLCz/LCws/ysrK/8qKir/KSkp/ygoKP8nJyf/Jycn/ycnJ/8oKCj/KSkp/yoqKv8rKyv/LCws/ysrK/8qKir/Kioq/ygoKP8oKCj/Jycn/yYmJv8mJib/JSUl/yYmJv8mJib/Jycn/ygoKP8oKCj/KCgo/ygoKP8pKSn/KSkp/ykpKf8pKSn/KSkp/ygoKP8oKCj/KCgo/ykpKf8qKir/LCws/y0tLf8uLi7/Ly8v/zAwMP8wMDD/MDAw/y8vL/8tLS3/Kioq/ygoKP8nJyf/Jycn/ycnJ/8nJyf/Jycn/ygoKP8pKSn/KSkp/ykpKf8pKSn/KCgo/ycnJ/8nJyf/Jycn/ycnJ/8mJib/Jycn/ykpKf8pKSn/KSkp/yoqKv8qKir/Kysr/y0tLf8uLi7/LS0t/ywsLP8qKir/KSkp/ykpKf8oKCj/KSkp/yoqKv8qKir/Kysr/yoqKv8oKCj/KCgo/ygoKP8nJyf/Jycn/yYmJv8kJCT/IyMj/yMjI/8jIyP/JCQk/yYmJv8oKCj/Kioq/ysrK/8sLCz/LCws/ysrK/8qKir/Jycn/yYmJv8jIyP/IiIi/yIiIv8iIiL/JCQk/yUlJf8mJib/JiYm/yYmJv8lJSX/JCQk/yMjI/8jIyP/IyMj/yMjI/8jIyP/IyMj/yUlJf8mJib/KSkp/yoqKv8rKyv/LCws/ywsLP8rKyv/KSkp/ygoKP8mJib/JSUl/yQkJP8kJCT/JCQk/yQkJP8kJCT/JCQk/yMjI/8iIiL/ISEh/yEhIf8hISH/ISEh/yEhIf8hISH/IiIi/yMjI/8kJCT/JSUl/yUlJf8nJyf/KCgo/ykpKf8rKyv/Kysr/yoqKv8oKCj/JiYm/yYmJv8mJib/JiYm/ycnJ/8nJyf/JSUl/yUlJf8kJCT/JCQk/yQkJP8kJCT/IyMj/yIiIv8hISH/ISEh/yEhIf8hISH/IyMj/yUlJf8nJyf/KSkp/yoqKv8qKir/Kioq/ykpKf8oKCj/Jycn/yYmJv8mJib/cXFx/29vb/9sbGz/a2tr/2lpaf9paWn/aWlp/3BwcP99fX3/fn5+/3t7e/98fHz/fn5+/4CAgP+FhYX/hYWF/3R0dP9lZWX/VlZW/0ZGRv9BQUH/PDw8/zo6Ov84ODj/ODg4/zg4OP84ODj/ODg4/zg4OP84ODj/ODg4/zk5Of88PDz/QkJC/0ZGRv9ISEj/SUlJ/0RERP8/Pz//PDw8/zk5Of86Ojr/Ozs7/zs7O/88PDz/PDw8/zw8PP89PT3/PT09/z09Pf88PDz/Ozs7/zo6Ov85OTn/OTk5/zk5Of85OTn/OTk5/zg4OP84ODj/OTk5/zs7O/88PDz/PT09/z09Pf8+Pj7/Pj4+/z4+Pv89PT3/PDw8/zw8PP89PT3/PT09/z09Pf89PT3/PDw8/zw8PP88PDz/PDw8/z4+Pv9BQUH/PT09/zY2Nv83Nzf/OTk5/zo6Ov88PDz/PT09/zw8PP89PT3/RUVF/0lJSf9CQkL/PDw8/zo6Ov85OTn/OTk5/zk5Of85OTn/ODg4/zc3N/81NTX/NTU1/zc3N/84ODj/OTk5/zo6Ov85OTn/ODg4/zc3N/81NTX/MzMz/zAwMP8wMDD/MDAw/zIyMv80NDT/NTU1/zY2Nv81NTX/MzMz/zMzM/8zMzP/MzMz/zQ0NP80NDT/MzMz/zMzM/8zMzP/MzMz/zQ0NP81NTX/Nzc3/zk5Of85OTn/Ojo6/zo6Ov86Ojr/OTk5/zc3N/81NTX/MzMz/zIyMv8yMjL/MzMz/zQ0NP81NTX/NTU1/zU1Nf81NTX/NTU1/zQ0NP80NDT/NDQ0/zMzM/8yMjL/MTEx/zIyMv8yMjL/MzMz/zY2Nv83Nzf/Nzc3/zY2Nv82Njb/NjY2/zU1Nf80NDT/MjIy/zAwMP8vLy//Li4u/zAwMP8yMjL/MjIy/zExMf8xMTH/MjIy/zIyMv8zMzP/NDQ0/zMzM/8zMzP/MjIy/zExMf8wMDD/Ly8v/y8vL/8vLy//MTEx/zIyMv8yMjL/MTEx/zExMf8xMTH/MDAw/y8vL/8vLy//LS0t/y0tLf8rKyv/Kysr/y0tLf8uLi7/MDAw/zExMf8wMDD/Ly8v/zAwMP8xMTH/MDAw/y8vL/8vLy//Ly8v/y8vL/8uLi7/Li4u/y4uLv8vLy//MDAw/zExMf8xMTH/MjIy/zIyMv8zMzP/MjIy/zExMf8xMTH/MTEx/zExMf8xMTH/MTEx/zExMf8xMTH/MjIy/zIyMv8xMTH/MTEx/zIyMv8yMjL/MTEx/zAwMP8vLy//Li4u/y0tLf8rKyv/LCws/y0tLf8tLS3/Li4u/y8vL/8wMDD/MDAw/zAwMP8wMDD/MDAw/zAwMP8vLy//Ly8v/y4uLv8uLi7/LS0t/y0tLf8tLS3/LS0t/y0tLf8tLS3/Li4u/zAwMP8vLy//Li4u/y4uLv8tLS3/LS0t/ysrK/8sLCz/LS0t/y4uLv8vLy//MDAw/zExMf8yMjL/MTEx/zAwMP8uLi7/LS0t/ywsLP8rKyv/LCws/y0tLf8tLS3/Li4u/y8vL/8vLy//Ly8v/zAwMP8wMDD/Ly8v/y8vL/8uLi7/LS0t/y0tLf8sLCz/LCws/ysrK/8sLCz/LS0t/y0tLf8tLS3/LS0t/y0tLf8tLS3/Kysr/ysrK/8qKir/KSkp/ykpKf8qKir/Kysr/ywsLP8tLS3/LS0t/y4uLv8wMDD/MTEx/zIyMv8yMjL/MTEx/zAwMP8uLi7/Li4u/y4uLv8uLi7/MDAw/zIyMv8yMjL/MzMz/zQ0NP9KSkr/SEhI/0dHR/9LS0v/UFBQ/09PT/9NTU3/TU1N/0xMTP9JSUn/QkJC/0FBQf9DQ0P/RUVF/0pKSv9NTU3/TExM/0xMTP9SUlL/WFhY/1xcXP9fX1//aWlp/3Z2dv9wcHD/ZmZm/2VlZf9nZ2f/YmJi/1hYWP9VVVX/U1NT/1RUVP9bW1v/Xl5e/1dXV/9TU1P/V1dX/1tbW/9UVFT/TExM/01NTf9PT0//UlJS/1dXV/9aWlr/XV1d/15eXv9eXl7/Xl5e/11dXf9bW1v/U1NT/05OTv9NTU3/TExM/01NTf9OTk7/U1NT/1lZWf9aWlr/W1tb/1xcXP9dXV3/ZmZm/3d3d/9zc3P/YmJi/1lZWf9PT0//TExM/09PT/9SUlL/WVlZ/11dXf9XV1f/UVFR/1BQUP9OTk7/U1NT/1lZWf9XV1f/U1NT/1NTU/9WVlb/WVlZ/15eXv9eXl7/W1tb/1xcXP9hYWH/Y2Nj/2BgYP9cXFz/XV1d/11dXf9bW1v/WVlZ/2RkZP9zc3P/bGxs/19fX/9gYGD/aGho/2lpaf9lZWX/Y2Nj/11dXf9YWFj/T09P/0pKSv9PT0//VFRU/2hoaP9+fn7/fX19/3t7e/91dXX/bGxs/2xsbP9sbGz/bGxs/25ubv9tbW3/ampq/2dnZ/9hYWH/X19f/2JiYv9kZGT/ZmZm/2hoaP9vb2//dXV1/2hoaP9WVlb/U1NT/05OTv9RUVH/VlZW/1NTU/9JSUn/SEhI/0tLS/9OTk7/UlJS/1hYWP9paWn/dnZ2/39/f/+Hh4f/dnZ2/2VlZf9jY2P/YWFh/3l5ef+cnJz/l5eX/4eHh/+BgYH/eHh4/3Jycv9qamr/aGho/2pqav9ra2v/b29v/3BwcP9ra2v/ZWVl/1paWv9PT0//S0tL/0dHR/9KSkr/UFBQ/1ZWVv9gYGD/ZWVl/2tra/9ubm7/c3Nz/3R0dP9xcXH/a2tr/1VVVf9ERET/Pj4+/zk5Of85OTn/Ojo6/zc3N/80NDT/MzMz/zExMf8xMTH/MDAw/zAwMP8uLi7/Li4u/y4uLv8uLi7/LS0t/y0tLf8tLS3/LS0t/y0tLf8tLS3/LS0t/y0tLf8tLS3/LCws/y0tLf8uLi7/Li4u/y4uLv8uLi7/LS0t/y0tLf8tLS3/LS0t/y4uLv8vLy//MDAw/zExMf8vLy//Li4u/y4uLv8vLy//Ly8v/y8vL/8vLy//Ly8v/y8vL/8vLy//Ly8v/y8vL/8vLy//Li4u/y4uLv8uLi7/Li4u/y4uLv8uLi7/Li4u/y4uLv8uLi7/Li4u/y4uLv8uLi7/Li4u/y8vL/8vLy//Ly8v/y4uLv8uLi7/Li4u/y4uLv8tLS3/LS0t/y0tLf8uLi7/Li4u/y4uLv8uLi7/Li4u/y0tLf8vLy//MDAw/zExMf8yMjL/MzMz/zMzM/80NDT/NjY2/zk5Of9AQED/RkZG/1RUVP9bW1v/VFRU/05OTv9PT0//UVFR/1tbW/9oaGj/bm5u/3d3d/92dnb/dHR0/3Fxcf9sbGz/cnJy/4ODg/+FhYX/d3d3/3Fxcf9ycnL/c3Nz/3t7e/+CgoL/eXl5/3BwcP9xcXH/cnJy/3R0dP94eHj/hYWF/52dnf+ampr/i4uL/4iIiP+Hh4f/hYWF/319ff97e3v/goKC/4SEhP91dXX/ZmZm/2VlZf9jY2P/bm5u/3t7e/+FhYX/kpKS/5OTk/+Tk5P/lZWV/5ubm/+QkJD/b29v/2NjY/9lZWX/aGho/3Fxcf93d3f/dHR0/xkZGf8YGBj/GBgY/xgYGP8YGBj/FxcX/xcXF/8XFxf/GBgY/xgYGP8YGBj/GRkZ/xkZGf8ZGRn/GRkZ/xgYGP8YGBj/FxcX/xYWFv8WFhb/FRUV/xQUFP8VFRX/FRUV/xUVFf8VFRX/FRUV/xYWFv8WFhb/FhYW/xYWFv8WFhb/FhYW/xUVFf8VFRX/FBQU/xQUFP8UFBT/FBQU/xMTE/8TExP/EhIS/xISEv8SEhL/EhIS/xISEv8SEhL/ERER/xAQEP8QEBD/ERER/xEREf8RERH/EhIS/xISEv8SEhL/ERER/xEREf8RERH/EBAQ/xAQEP8RERH/ERER/xEREf8RERH/ERER/xISEv8TExP/FBQU/xUVFf8WFhb/FxcX/xcXF/8XFxf/FxcX/xcXF/8XFxf/FxcX/xcXF/8XFxf/FxcX/xcXF/8WFhb/FhYW/xcXF/8XFxf/FxcX/xgYGP8ZGRn/GRkZ/xgYGP8YGBj/FxcX/xcXF/8XFxf/FxcX/xcXF/8XFxf/GBgY/xkZGf8ZGRn/Ghoa/xkZGf8YGBj/GBgY/xgYGP8XFxf/GBgY/xgYGP8ZGRn/GRkZ/xoaGv8aGhr/Ghoa/xoaGv8ZGRn/GRkZ/xkZGf8YGBj/GRkZ/xkZGf8aGhr/Ghoa/xoaGv8aGhr/Ghoa/xoaGv8aGhr/Ghoa/xsbG/8dHR3/Hx8f/yIiIv8mJib/Jycn/ycnJ/8qKir/Li4u/zIyMv84ODj/OTk5/zk5Of85OTn/Ojo6/zo6Ov88PDz/Pj4+/0NDQ/9FRUX/PT09/zY2Nv8yMjL/LS0t/y0tLf8sLCz/MTEx/zk5Of89PT3/RERE/0RERP9AQED/PDw8/zQ0NP8zMzP/ODg4/zo6Ov88PDz/PT09/z09Pf88PDz/PDw8/zw8PP87Ozv/OTk5/zo6Ov86Ojr/OTk5/zc3N/84ODj/Ojo6/zw8PP89PT3/Pj4+/z09Pf89PT3/Pj4+/0BAQP9AQED/QUFB/z4+Pv87Ozv/Ojo6/zo6Ov86Ojr/Ozs7/z4+Pv9FRUX/RUVF/0NDQ/9BQUH/PT09/zw8PP88PDz/PT09/0NDQ/9ISEj/R0dH/0ZGRv9GRkb/RkZG/0hISP9JSUn/R0dH/0NDQ/9CQkL/QkJC/0NDQ/9ERET/RERE/0RERP9ERET/R0dH/0lJSf9LS0v/TU1N/0lJSf9GRkb/Q0ND/z8/P/9AQED/QkJC/0JCQv9DQ0P/QUFB/zw8PP89PT3/Pz8//0NDQ/9LS0v/Tk5O/0tLS/9JSUn/S0tL/01NTf9KSkr/SEhI/0ZGRv9DQ0P/QUFB/z8/P/9BQUH/RUVF/0dHR/9ISEj/RkZG/0BAQP89PT3/Ozs7/zs7O/8/Pz//QkJC/0ZGRv9JSUn/SkpK/0tLS/9LS0v/S0tL/0ZGRv8+Pj7/Q0ND/0xMTP9PT0//U1NT/1FRUf9JSUn/R0dH/0dHR/9GRkb/QEBA/z09Pf9FRUX/TExM/09PT/9SUlL/TU1N/0dHR/9JSUn/TExM/1JSUv9bW1v/Wlpa/1VVVf9QUFD/RERE/0JCQv9GRkb/SkpK/1VVVf9cXFz/XV1d/15eXv9dXV3/XV1d/1hYWP9TU1P/U1NT/1RUVP9ZWVn/YWFh/2NjY/9lZWX/ZGRk/2JiYv9fX1//WFhY/1VVVf9UVFT/VFRU/1dXV/9ZWVn/VFRU/1BQUP9WVlb/Xl5e/1paWv9TU1P/UVFR/1BQUP9MTEz/RUVF/0VFRf9LS0v/T09P/1dXV/9aWlr/VVVV/1BQUP9NTU3/ODg4/zc3N/82Njb/NDQ0/zIyMv8yMjL/MTEx/zExMf8yMjL/MzMz/zU1Nf82Njb/Nzc3/zg4OP86Ojr/Ozs7/zs7O/86Ojr/ODg4/zY2Nv82Njb/NjY2/zc3N/83Nzf/Nzc3/zc3N/84ODj/ODg4/zc3N/81NTX/NDQ0/zQ0NP80NDT/NDQ0/zQ0NP80NDT/NTU1/zQ0NP80NDT/NjY2/zg4OP85OTn/Ozs7/zs7O/86Ojr/Ojo6/zs7O/85OTn/NjY2/zU1Nf81NTX/NjY2/zc3N/83Nzf/ODg4/zk5Of85OTn/Ojo6/zs7O/87Ozv/Ozs7/zo6Ov85OTn/NjY2/zU1Nf80NDT/NDQ0/zQ0NP81NTX/ODg4/zk5Of86Ojr/Ozs7/zs7O/87Ozv/PDw8/zw8PP86Ojr/Nzc3/zc3N/82Njb/NjY2/zU1Nf81NTX/NTU1/zU1Nf81NTX/NTU1/zU1Nf80NDT/NDQ0/zMzM/8yMjL/MTEx/zAwMP8uLi7/MDAw/zExMf8yMjL/MzMz/zMzM/8zMzP/MzMz/zIyMv8yMjL/MjIy/zIyMv8wMDD/Ly8v/y4uLv8tLS3/LS0t/y0tLf8vLy//MTEx/zExMf8yMjL/MTEx/zAwMP8wMDD/Li4u/y0tLf8sLCz/Kysr/ywsLP8sLCz/LS0t/y4uLv8wMDD/MjIy/zIyMv8yMjL/MTEx/zAwMP8wMDD/Ly8v/y4uLv8tLS3/LCws/ysrK/8rKyv/LCws/y0tLf8vLy//MDAw/zAwMP8wMDD/Li4u/ywsLP8rKyv/Kioq/yoqKv8qKir/Kysr/ywsLP8tLS3/Li4u/zAwMP8yMjL/MTEx/y8vL/8uLi7/LCws/ysrK/8pKSn/KCgo/ygoKP8oKCj/KSkp/yoqKv8rKyv/LCws/ywsLP8sLCz/LS0t/y0tLf8tLS3/LS0t/ywsLP8tLS3/LCws/ywsLP8sLCz/Li4u/y8vL/8xMTH/MzMz/zQ0NP81NTX/NTU1/zU1Nf80NDT/MzMz/zExMf8tLS3/Kysr/ykpKf8pKSn/Kioq/ysrK/8rKyv/LCws/ywsLP8sLCz/LS0t/y0tLf8sLCz/Kioq/ysrK/8rKyv/Kysr/ykpKf8rKyv/LS0t/y0tLf8uLi7/Li4u/y4uLv8vLy//MjIy/zMzM/8yMjL/MTEx/y8vL/8tLS3/LS0t/ywsLP8uLi7/MDAw/zExMf8yMjL/MDAw/y0tLf8sLCz/LCws/ysrK/8rKyv/Kioq/ycnJ/8mJib/JSUl/yUlJf8nJyf/KSkp/ywsLP8vLy//MDAw/zIyMv8xMTH/MDAw/y4uLv8sLCz/KSkp/yUlJf8kJCT/JCQk/yUlJf8nJyf/KCgo/ykpKf8qKir/KSkp/ygoKP8nJyf/JiYm/yUlJf8lJSX/JSUl/yUlJf8mJib/KCgo/yoqKv8tLS3/Li4u/y8vL/8wMDD/MTEx/zExMf8uLi7/LCws/yoqKv8oKCj/KCgo/ykpKf8pKSn/KCgo/ygoKP8nJyf/JiYm/yQkJP8kJCT/JCQk/yQkJP8kJCT/JCQk/yQkJP8kJCT/JSUl/yUlJf8mJib/Jycn/ykpKf8rKyv/LS0t/zAwMP8vLy//Li4u/y0tLf8rKyv/Kysr/ysrK/8sLCz/LS0t/y0tLf8qKir/KSkp/ygoKP8oKCj/KCgo/ygoKP8nJyf/JSUl/yUlJf8kJCT/JCQk/yQkJP8mJib/KSkp/ysrK/8uLi7/Li4u/y4uLv8uLi7/LCws/ysrK/8pKSn/Jycn/ycnJ/9qamr/b29v/3V1df9ycnL/b29v/2xsbP9nZ2f/cXFx/4WFhf+FhYX/fn5+/4CAgP+Li4v/kJCQ/5OTk/+SkpL/fn5+/25ubv9dXV3/S0tL/0VFRf8/Pz//PT09/zw8PP88PDz/PDw8/zw8PP88PDz/PDw8/zw8PP88PDz/PT09/0BAQP9LS0v/UVFR/1RUVP9VVVX/TU1N/0ZGRv9CQkL/Pj4+/z4+Pv8+Pj7/Pj4+/z09Pf89PT3/PDw8/z09Pf8/Pz//Pz8//z8/P/8+Pj7/PT09/zw8PP89PT3/Pj4+/z4+Pv89PT3/PT09/z09Pf8/Pz//QUFB/0NDQ/9ERET/RUVF/0ZGRv9GRkb/RkZG/0ZGRv9ERET/RERE/0RERP9ERET/Q0ND/0FBQf9BQUH/QEBA/0FBQf9BQUH/RUVF/0tLS/9GRkb/PDw8/z09Pf9BQUH/Q0ND/0VFRf9FRUX/Q0ND/0ZGRv9SUlL/WFhY/0xMTP9CQkL/QEBA/z09Pf8+Pj7/Pz8//z8/P/8+Pj7/PDw8/zg4OP84ODj/ODg4/zk5Of88PDz/PT09/z09Pf88PDz/Ozs7/zk5Of82Njb/NDQ0/zMzM/8zMzP/NDQ0/zc3N/84ODj/OTk5/zg4OP81NTX/NDQ0/zMzM/8zMzP/MzMz/zMzM/8zMzP/MjIy/zIyMv8zMzP/NjY2/zg4OP87Ozv/Pj4+/z4+Pv8+Pj7/Pj4+/z4+Pv88PDz/OTk5/zc3N/8zMzP/MzMz/zQ0NP81NTX/NjY2/zc3N/84ODj/ODg4/zg4OP84ODj/ODg4/zc3N/83Nzf/NTU1/zU1Nf8zMzP/NDQ0/zQ0NP82Njb/Ojo6/zs7O/87Ozv/Ozs7/zo6Ov85OTn/ODg4/zc3N/80NDT/MTEx/zExMf8wMDD/MjIy/zQ0NP80NDT/MjIy/zMzM/8zMzP/NDQ0/zY2Nv82Njb/NDQ0/zMzM/8yMjL/MjIy/zExMf8wMDD/MDAw/zAwMP8yMjL/NDQ0/zQ0NP8zMzP/NDQ0/zQ0NP80NDT/MzMz/zIyMv8wMDD/Ly8v/y0tLf8tLS3/Ly8v/zExMf8zMzP/NDQ0/zMzM/8xMTH/MTEx/zExMf8xMTH/MDAw/zAwMP8vLy//Ly8v/y4uLv8vLy//Ly8v/zAwMP8yMjL/NDQ0/zU1Nf82Njb/NjY2/zY2Nv80NDT/MjIy/zMzM/8zMzP/MzMz/zU1Nf81NTX/NTU1/zU1Nf80NDT/NDQ0/zQ0NP80NDT/NTU1/zU1Nf80NDT/MzMz/zExMf8wMDD/Li4u/y0tLf8tLS3/LS0t/y8vL/8xMTH/MjIy/zQ0NP80NDT/NDQ0/zMzM/8zMzP/MjIy/zExMf8xMTH/MDAw/y8vL/8vLy//Li4u/y4uLv8uLi7/Ly8v/y8vL/8wMDD/MjIy/zExMf8wMDD/Ly8v/y8vL/8uLi7/LCws/ywsLP8vLy//MTEx/zIyMv80NDT/NTU1/zY2Nv80NDT/MjIy/zAwMP8tLS3/LS0t/ysrK/8sLCz/LS0t/y4uLv8wMDD/MTEx/zIyMv8yMjL/MjIy/zIyMv8zMzP/MjIy/zExMf8wMDD/Ly8v/y4uLv8uLi7/Li4u/y4uLv8vLy//MDAw/zAwMP8vLy//Li4u/y4uLv8sLCz/Kysr/yoqKv8pKSn/KSkp/yoqKv8rKyv/LCws/y4uLv8vLy//MTEx/zMzM/80NDT/NjY2/zY2Nv80NDT/MjIy/y8vL/8uLi7/Li4u/y8vL/8zMzP/NTU1/zY2Nv83Nzf/Nzc3/0hISP9ISEj/SEhI/1BQUP9aWlr/WVlZ/1hYWP9WVlb/U1NT/01NTf9BQUH/QEBA/0NDQ/9FRUX/SEhI/0pKSv9ISEj/R0dH/05OTv9UVFT/Xl5e/2pqav93d3f/iYmJ/4GBgf9xcXH/cHBw/3Jycv9tbW3/YWFh/11dXf9dXV3/YGBg/2lpaf9sbGz/Y2Nj/1xcXP9hYWH/ZmZm/1xcXP9QUFD/UFBQ/09PT/9UVFT/XFxc/19fX/9jY2P/YWFh/1xcXP9aWlr/Wlpa/1hYWP9QUFD/TExM/05OTv9PT0//TExM/0lJSf9SUlL/XFxc/19fX/9jY2P/Xl5e/1ZWVv9aWlr/Y2Nj/2JiYv9cXFz/WVlZ/1dXV/9WVlb/WVlZ/1tbW/9cXFz/XV1d/1VVVf9NTU3/Tk5O/09PT/9ZWVn/Z2dn/2JiYv9YWFj/WFhY/11dXf9fX1//ZGRk/2ZmZv9oaGj/aWlp/2tra/9tbW3/ampq/2dnZ/9nZ2f/ZmZm/2FhYf9aWlr/Z2dn/3l5ef9wcHD/Xl5e/2RkZP9zc3P/cnJy/2VlZf9fX1//WVlZ/1VVVf9PT0//TExM/1JSUv9ZWVn/b29v/4eHh/+Ghob/hYWF/39/f/91dXX/dXV1/3d3d/91dXX/cXFx/25ubv9oaGj/ZGRk/1tbW/9ZWVn/YmJi/2dnZ/9kZGT/YWFh/2hoaP9vb2//ZGRk/1VVVf9UVFT/U1NT/1RUVP9XV1f/U1NT/0pKSv9KSkr/UlJS/1VVVf9WVlb/WFhY/2NjY/9sbGz/enp6/4eHh/96enr/a2tr/2ZmZv9gYGD/goKC/7i4uP+urq7/k5OT/4yMjP+EhIT/f39//3Z2dv9ycnL/b29v/25ubv9tbW3/bGxs/2NjY/9aWlr/VFRU/01NTf9MTEz/S0tL/09PT/9VVVX/XFxc/2ZmZv9nZ2f/ZGRk/2lpaf94eHj/fn5+/35+fv95eXn/XV1d/0dHR/8/Pz//Nzc3/zk5Of88PDz/Ojo6/zc3N/81NTX/MjIy/zIyMv8xMTH/MTEx/y8vL/8vLy//Li4u/y4uLv8tLS3/LS0t/ywsLP8sLCz/LS0t/y0tLf8tLS3/LS0t/y0tLf8sLCz/LS0t/y8vL/8vLy//Ly8v/y8vL/8uLi7/Li4u/y0tLf8tLS3/Li4u/y8vL/8wMDD/MDAw/y8vL/8tLS3/LS0t/y4uLv8uLi7/Ly8v/y8vL/8vLy//Ly8v/y8vL/8vLy//Li4u/y4uLv8uLi7/Li4u/y4uLv8uLi7/Li4u/y4uLv8uLi7/Li4u/y4uLv8uLi7/Li4u/y4uLv8uLi7/Ly8v/y8vL/8vLy//Ly8v/y4uLv8uLi7/LS0t/y0tLf8tLS3/LS0t/y4uLv8uLi7/Li4u/y0tLf8tLS3/Li4u/y8vL/8xMTH/MjIy/zMzM/8zMzP/NDQ0/zU1Nf84ODj/PDw8/0ZGRv9OTk7/YWFh/2xsbP9iYmL/Wlpa/1lZWf9YWFj/ZGRk/3Jycv93d3f/fX19/3l5ef9xcXH/b29v/2xsbP90dHT/iYmJ/42Njf+Dg4P/f39//39/f/+AgID/g4OD/4WFhf9wcHD/Wlpa/2BgYP9oaGj/cXFx/35+fv+FhYX/kJCQ/5CQkP+MjIz/jY2N/5GRkf+Pj4//g4OD/35+fv+CgoL/hISE/3Nzc/9jY2P/ZGRk/2ZmZv9paWn/bW1t/3Fxcf93d3f/f39//46Ojv+Xl5f/p6en/52dnf94eHj/a2tr/21tbf9tbW3/a2tr/2lpaf9qamr/GRkZ/xkZGf8YGBj/GBgY/xgYGP8YGBj/FxcX/xcXF/8YGBj/GBgY/xgYGP8YGBj/GRkZ/xkZGf8YGBj/GBgY/xcXF/8XFxf/FhYW/xYWFv8WFhb/FRUV/xUVFf8VFRX/FRUV/xUVFf8VFRX/FhYW/xYWFv8WFhb/FhYW/xYWFv8WFhb/FRUV/xUVFf8UFBT/FBQU/xQUFP8UFBT/FBQU/xMTE/8TExP/EhIS/xISEv8SEhL/EhIS/xISEv8SEhL/ERER/xEREf8SEhL/EhIS/xISEv8SEhL/EhIS/xISEv8SEhL/ERER/xEREf8QEBD/EBAQ/xEREf8RERH/ERER/xEREf8RERH/ERER/xMTE/8TExP/FRUV/xUVFf8WFhb/FxcX/xcXF/8XFxf/FxcX/xcXF/8XFxf/FxcX/xcXF/8XFxf/FxcX/xYWFv8WFhb/FxcX/xcXF/8YGBj/GBgY/xkZGf8ZGRn/GBgY/xgYGP8XFxf/FxcX/xcXF/8XFxf/FxcX/xYWFv8XFxf/GBgY/xkZGf8aGhr/Ghoa/xkZGf8ZGRn/FxcX/xcXF/8YGBj/GBgY/xkZGf8ZGRn/Ghoa/xoaGv8aGhr/Gxsb/xsbG/8aGhr/GRkZ/xgYGP8YGBj/GRkZ/xkZGf8aGhr/Ghoa/xoaGv8aGhr/Ghoa/xoaGv8aGhr/Ghoa/xsbG/8bGxv/HR0d/x8fH/8hISH/JCQk/ygoKP8uLi7/MzMz/zs7O/89PT3/Pj4+/0BAQP9CQkL/Q0ND/0NDQ/9ERET/SUlJ/0tLS/9AQED/NTU1/zExMf8tLS3/LCws/yoqKv8tLS3/MjIy/zg4OP9DQ0P/Q0ND/z09Pf86Ojr/NDQ0/zQ0NP86Ojr/PT09/zo6Ov85OTn/OTk5/zo6Ov87Ozv/PT09/zs7O/84ODj/OTk5/zo6Ov84ODj/NTU1/zU1Nf84ODj/OTk5/zo6Ov86Ojr/OTk5/zk5Of87Ozv/PDw8/zk5Of83Nzf/NjY2/zQ0NP81NTX/Nzc3/zc3N/82Njb/ODg4/z09Pf89PT3/PDw8/zw8PP86Ojr/Ojo6/zs7O/8+Pj7/R0dH/05OTv9MTEz/S0tL/0VFRf8+Pj7/QkJC/0lJSf9HR0f/Q0ND/0RERP9GRkb/R0dH/0pKSv9KSkr/RkZG/0RERP9CQkL/QUFB/0RERP9HR0f/R0dH/0dHR/9ERET/QUFB/0RERP9HR0f/R0dH/0ZGRv9DQ0P/PT09/zw8PP8/Pz//QUFB/0VFRf9HR0f/SEhI/0lJSf9OTk7/U1NT/0tLS/9DQ0P/QUFB/z8/P/9AQED/QUFB/0VFRf9MTEz/TU1N/01NTf9KSkr/QkJC/z8/P/89PT3/PT09/0FBQf9ERET/SkpK/1BQUP9OTk7/TU1N/01NTf9OTk7/R0dH/zw8PP8/Pz//RUVF/0hISP9NTU3/TExM/0ZGRv9ERET/QUFB/0BAQP89PT3/PT09/0tLS/9YWFj/Wlpa/1xcXP9TU1P/SUlJ/0tLS/9OTk7/U1NT/1tbW/9aWlr/VlZW/1BQUP9CQkL/Pj4+/z8/P/9FRUX/WFhY/2ZmZv9oaGj/aWlp/2lpaf9oaGj/YmJi/1tbW/9cXFz/Xl5e/2BgYP9jY2P/Y2Nj/2BgYP9eXl7/Wlpa/1hYWP9VVVX/U1NT/1VVVf9XV1f/Xl5e/2ZmZv9dXV3/U1NT/1dXV/9dXV3/WVlZ/1NTU/9SUlL/UlJS/05OTv9HR0f/R0dH/0tLS/9QUFD/XFxc/2FhYf9ZWVn/U1NT/05OTv9bW1v/VVVV/1BQUP9JSUn/QEBA/0BAQP9BQUH/SkpK/1xcXP9fX1//YWFh/11dXf9RUVH/TU1N/01NTf9OTk7/UlJS/1NTU/9LS0v/Q0ND/0RERP9GRkb/S0tL/1FRUf9XV1f/YWFh/1paWv9KSkr/Q0ND/zo6Ov83Nzf/NjY2/zc3N/86Ojr/PT09/0NDQ/9HR0f/RUVF/0RERP9ISEj/TExM/1lZWf9qamr/ZWVl/1paWv9ZWVn/V1dX/1NTU/9JSUn/RkZG/0NDQ/9CQkL/RERE/0ZGRv9LS0v/T09P/1hYWP9hYWH/ZGRk/2hoaP9cXFz/TExM/0ZGRv8/Pz//PDw8/zY2Nv82Njb/ODg4/z4+Pv9OTk7/V1dX/2FhYf9kZGT/VFRU/0ZGRv9ISEj/SkpK/0lJSf9HR0f/RkZG/0ZGRv9FRUX/Q0ND/0JCQv9AQED/QUFB/0NDQ/9DQ0P/QEBA/z4+Pv86Ojr/ODg4/zk5Of87Ozv/PDw8/z09Pf89PT3/PDw8/zw8PP87Ozv/OTk5/zc3N/82Njb/NDQ0/zQ0NP81NTX/NjY2/zg4OP88PDz/R0dH/05OTv9NTU3/TExM/1NTU/9aWlr/WVlZ/1dXV/9LS0v/Ojo6/zc3N/81NTX/NTU1/zU1Nf84ODj/QEBA/0RERP9JSUn/TExM/05OTv9PT0//U1NT/1VVVf9NTU3/Q0ND/0JCQv9BQUH/QkJC/0RERP9DQ0P/QEBA/0NDQ/9JSUn/TExM/1FRUf9TU1P/U1NT/1FRUf9FRUX/Pj4+/0VFRf9LS0v/SUlJ/0dHR/9ERET/QEBA/0JCQv9GRkb/TU1N/1paWv9YWFj/UFBQ/0hISP85OTn/MzMz/zExMf8wMDD/NDQ0/zg4OP9GRkb/VFRU/0tLS/9AQED/Pj4+/zw8PP89PT3/Pz8//z8/P/89PT3/Pj4+/0BAQP9AQED/Pz8//0FBQf9JSUn/TExM/0dHR/9DQ0P/QkJC/0JCQv9CQkL/Q0ND/z4+Pv84ODj/NTU1/zExMf8xMTH/MzMz/zY2Nv88PDz/PT09/z09Pf87Ozv/NTU1/zIyMv8zMzP/NDQ0/zY2Nv83Nzf/OTk5/zw8PP86Ojr/Nzc3/zU1Nf8zMzP/NDQ0/zY2Nv83Nzf/Nzc3/zk5Of8+Pj7/QUFB/0VFRf9GRkb/PDw8/zU1Nf84ODj/Ozs7/0RERP9OTk7/SEhI/z8/P/89PT3/PDw8/z09Pf8/Pz//Pz8//z4+Pv88PDz/ODg4/zU1Nf8yMjL/Ly8v/y4uLv8tLS3/Ly8v/zExMf81NTX/OTk5/zg4OP82Njb/NDQ0/zExMf8vLy//Kioq/yoqKv8qKir/LCws/zIyMv80NDT/MjIy/zIyMv80NDT/Nzc3/zc3N/84ODj/NjY2/zQ0NP8yMjL/Ly8v/zAwMP8zMzP/MzMz/zExMf8xMTH/MTEx/zIyMv82Njb/ODg4/zg4OP84ODj/NjY2/zMzM/85OTn/Pj4+/zw8PP84ODj/NTU1/zAwMP8uLi7/Kioq/ykpKf8qKir/Kysr/y8vL/8vLy//KSkp/ycnJ/8nJyf/Jycn/ykpKf8qKir/LCws/y4uLv8xMTH/NDQ0/zY2Nv85OTn/OTk5/zg4OP85OTn/PT09/z09Pf89PT3/Ojo6/zExMf8sLCz/Kioq/ygoKP8qKir/LCws/ysrK/8qKir/KSkp/ygoKP8qKir/LS0t/zAwMP83Nzf/Ojo6/0BAQP9AQED/PDw8/zk5Of81NTX/MTEx/y0tLf8qKir/Kioq/3h4eP93d3f/dXV1/3Jycv9ubm7/bm5u/3BwcP+AgID/nZ2d/5ycnP+Pj4//i4uL/4eHh/+EhIT/gICA/3t7e/9ubm7/ZGRk/1tbW/9TU1P/UVFR/1BQUP9VVVX/XV1d/1paWv9UVFT/UlJS/09PT/9NTU3/SUlJ/0pKSv9SUlL/WFhY/2RkZP9qamr/aWlp/2lpaf9lZWX/YGBg/1dXV/9NTU3/Tk5O/1BQUP9OTk7/S0tL/0pKSv9JSUn/S0tL/09PT/9RUVH/VVVV/1NTU/9ISEj/QUFB/0FBQf9CQkL/RkZG/0pKSv9QUFD/WFhY/1ZWVv9TU1P/VFRU/1VVVf9ZWVn/YGBg/2FhYf9dXV3/Wlpa/1RUVP9TU1P/VlZW/1hYWP9WVlb/VFRU/1JSUv9QUFD/UFBQ/1FRUf9XV1f/YGBg/19fX/9dXV3/X19f/2NjY/9jY2P/YWFh/2BgYP9eXl7/X19f/2dnZ/9paWn/Wlpa/01NTf9LS0v/SkpK/09PT/9VVVX/U1NT/1FRUf9PT0//SkpK/0hISP9DQ0P/RERE/0ZGRv9ISEj/S0tL/01NTf9NTU3/TU1N/1FRUf9UVFT/TU1N/0dHR/9QUFD/W1tb/1dXV/9QUFD/SEhI/zs7O/85OTn/OTk5/zo6Ov8+Pj7/Pj4+/zs7O/86Ojr/PT09/z8/P/9BQUH/Q0ND/0xMTP9WVlb/VVVV/1RUVP9UVFT/U1NT/1BQUP9LS0v/S0tL/01NTf9RUVH/XFxc/2BgYP9iYmL/YWFh/1tbW/9WVlb/VlZW/1dXV/9QUFD/SUlJ/0VFRf9AQED/Pz8//z4+Pv9AQED/RUVF/0pKSv9UVFT/WFhY/1tbW/9aWlr/U1NT/01NTf9FRUX/Pj4+/zw8PP85OTn/Ozs7/zw8PP9BQUH/R0dH/0NDQ/89PT3/Pz8//0NDQ/9DQ0P/QUFB/0BAQP9AQED/Q0ND/0xMTP9QUFD/TU1N/0lJSf9DQ0P/PT09/z8/P/9BQUH/Pj4+/zk5Of87Ozv/PT09/0VFRf9UVFT/UVFR/0NDQ/8+Pj7/Ojo6/zs7O/9FRUX/SkpK/0ZGRv9DQ0P/QUFB/z4+Pv8/Pz//QUFB/0BAQP8+Pj7/Ozs7/zc3N/84ODj/Ozs7/zo6Ov84ODj/Ojo6/z8/P/9DQ0P/SkpK/05OTv9QUFD/UVFR/0lJSf9AQED/RUVF/0xMTP9bW1v/cXFx/2ZmZv9SUlL/S0tL/0NDQ/9CQkL/Q0ND/0VFRf9JSUn/S0tL/0pKSv9LS0v/T09P/1NTU/9LS0v/RERE/z4+Pv82Njb/Ozs7/0JCQv9AQED/PT09/0BAQP9FRUX/RUVF/0NDQ/9FRUX/TExM/09PT/9SUlL/UlJS/0dHR/8+Pj7/PDw8/zs7O/86Ojr/ODg4/zk5Of86Ojr/PT09/0NDQ/9DQ0P/QUFB/z4+Pv84ODj/ODg4/z09Pf8/Pz//QUFB/0JCQv9CQkL/QkJC/0BAQP89PT3/PDw8/zo6Ov83Nzf/NDQ0/zk5Of9CQkL/RERE/0VFRf9CQkL/Ozs7/zo6Ov8/Pz//QkJC/0hISP9MTEz/VVVV/11dXf9PT0//Pz8//0BAQP9BQUH/QkJC/0VFRf9GRkb/SEhI/0NDQ/84ODj/NjY2/zc3N/82Njb/NDQ0/zMzM/83Nzf/OTk5/zc3N/81NTX/OTk5/z09Pf8/Pz//QEBA/0JCQv9FRUX/R0dH/0pKSv9GRkb/Ojo6/zk5Of89PT3/R0dH/2VlZf90dHT/cnJy/29vb/9lZWX/VlZW/1VVVf9TU1P/VVVV/1dXV/9ZWVn/XFxc/11dXf9fX1//WVlZ/0xMTP9JSUn/S0tL/0xMTP9RUVH/VFRU/1hYWP9aWlr/WFhY/1ZWVv9aWlr/YGBg/2ZmZv9vb2//aWlp/19fX/9fX1//YmJi/2RkZP9oaGj/aWlp/2hoaP9paWn/ampq/2pqav9gYGD/WVlZ/11dXf9gYGD/W1tb/1VVVf9TU1P/UVFR/1VVVf9bW1v/XFxc/11dXf9cXFz/Wlpa/1lZWf9YWFj/VlZW/05OTv9ISEj/R0dH/0ZGRv9FRUX/RUVF/1BQUP9eXl7/YGBg/2JiYv9dXV3/VlZW/1VVVf9WVlb/V1dX/1hYWP9dXV3/aWlp/21tbf9oaGj/ZWVl/2FhYf9eXl7/Xl5e/19fX/9bW1v/V1dX/15eXv9nZ2f/Z2dn/2RkZP9mZmb/ampq/2pqav9oaGj/aWlp/21tbf9ubm7/bm5u/21tbf9paWn/ZWVl/2dnZ/9oaGj/Z2dn/2ZmZv9sbGz/c3Nz/21tbf9hYWH/YWFh/2VlZf9jY2P/XV1d/1tbW/9dXV3/XV1d/1xcXP9aWlr/WVlZ/1lZWf9paWn/enp6/3t7e/97e3v/dnZ2/25ubv9sbGz/ampq/2hoaP9jY2P/ZGRk/2tra/9sbGz/a2tr/2pqav9qamr/aWlp/2NjY/9dXV3/XFxc/1tbW/9XV1f/UVFR/1JSUv9TU1P/VVVV/1dXV/9XV1f/WVlZ/1xcXP9kZGT/ZWVl/15eXv9bW1v/XV1d/19fX/9qamr/dHR0/3Fxcf9ubm7/bW1t/2tra/97e3v/k5OT/5GRkf+IiIj/ioqK/5KSkv+Pj4//gYGB/3p6ev9xcXH/bGxs/2lpaf9mZmb/Z2dn/2hoaP9ra2v/bW1t/2ZmZv9cXFz/W1tb/1tbW/9bW1v/W1tb/1paWv9aWlr/Xl5e/2tra/9xcXH/c3Nz/3Fxcf9gYGD/U1NT/0tLS/9CQkL/Pz8//zw8PP87Ozv/OTk5/zc3N/81NTX/MzMz/zIyMv8xMTH/MDAw/zAwMP8uLi7/Li4u/y0tLf8tLS3/LS0t/y0tLf8tLS3/Li4u/y4uLv8uLi7/Li4u/y4uLv8uLi7/Li4u/y8vL/8vLy//Ly8v/y4uLv8tLS3/Li4u/y4uLv8vLy//MDAw/zAwMP8wMDD/MDAw/y8vL/8vLy//Ly8v/y8vL/8xMTH/MTEx/zExMf8xMTH/MDAw/zAwMP8vLy//Ly8v/zAwMP8wMDD/MDAw/zAwMP8wMDD/MDAw/y8vL/8vLy//Ly8v/y8vL/8vLy//Ly8v/y8vL/8uLi7/Li4u/y4uLv8uLi7/Li4u/y0tLf8uLi7/Li4u/y4uLv8uLi7/Li4u/y8vL/8uLi7/Li4u/y4uLv8vLy//Ly8v/zAwMP8xMTH/MjIy/zMzM/80NDT/NjY2/zo6Ov8+Pj7/SUlJ/1FRUf9gYGD/aGho/15eXv9UVFT/UlJS/1BQUP9dXV3/bm5u/3Z2dv+BgYH/fn5+/3d3d/97e3v/hYWF/4WFhf9+fn7/enp6/3d3d/95eXn/hoaG/4+Pj/+NjY3/ioqK/3V1df9eXl7/bW1t/4CAgP+Ghob/jY2N/46Ojv+Ojo7/i4uL/4aGhv+IiIj/kZGR/4+Pj/9+fn7/dnZ2/3h4eP95eXn/cHBw/2dnZ/9ycnL/fn5+/39/f/+AgID/gYGB/4SEhP+Dg4P/goKC/4WFhf+Li4v/hYWF/3BwcP9qamr/cHBw/3Nzc/9zc3P/c3Nz/3Z2dv8YGBj/GBgY/xcXF/8XFxf/FxcX/xcXF/8WFhb/FhYW/xcXF/8YGBj/GBgY/xkZGf8ZGRn/GRkZ/xgYGP8YGBj/FxcX/xYWFv8WFhb/FRUV/xUVFf8UFBT/FRUV/xUVFf8VFRX/FRUV/xUVFf8VFRX/FRUV/xUVFf8VFRX/FRUV/xUVFf8VFRX/FRUV/xUVFf8VFRX/FRUV/xUVFf8UFBT/FBQU/xMTE/8TExP/ExMT/xMTE/8TExP/ExMT/xISEv8SEhL/EhIS/xISEv8TExP/ExMT/xMTE/8TExP/ExMT/xISEv8SEhL/ERER/xEREf8RERH/EhIS/xEREf8RERH/ERER/xEREf8RERH/ExMT/xMTE/8VFRX/FRUV/xYWFv8WFhb/FxcX/xcXF/8XFxf/GBgY/xgYGP8YGBj/GBgY/xgYGP8YGBj/FxcX/xYWFv8WFhb/FhYW/xcXF/8YGBj/GBgY/xgYGP8YGBj/GBgY/xgYGP8ZGRn/GBgY/xgYGP8YGBj/FxcX/xcXF/8XFxf/FxcX/xgYGP8YGBj/GBgY/xgYGP8XFxf/FxcX/xcXF/8XFxf/GBgY/xgYGP8YGBj/GRkZ/xoaGv8bGxv/Gxsb/xoaGv8ZGRn/GRkZ/xkZGf8aGhr/Ghoa/xsbG/8bGxv/Gxsb/xsbG/8bGxv/Ghoa/xoaGv8aGhr/Gxsb/xwcHP8dHR3/ICAg/yMjI/8nJyf/KSkp/y4uLv8wMDD/NDQ0/zY2Nv85OTn/Ozs7/z8/P/9AQED/Pj4+/z8/P/9ERET/R0dH/z4+Pv82Njb/MTEx/ywsLP8sLCz/LCws/zAwMP81NTX/OTk5/0BAQP8/Pz//PDw8/zo6Ov83Nzf/Nzc3/zs7O/88PDz/Ojo6/zg4OP84ODj/ODg4/z09Pf9BQUH/Pj4+/zo6Ov85OTn/Nzc3/zY2Nv81NTX/NjY2/zg4OP86Ojr/PDw8/z09Pf88PDz/Ozs7/zg4OP82Njb/NjY2/zY2Nv80NDT/MjIy/zQ0NP82Njb/NjY2/zc3N/83Nzf/OTk5/zk5Of84ODj/OTk5/zw8PP8+Pj7/Pj4+/0BAQP9ERET/R0dH/0hISP9KSkr/RUVF/0BAQP9BQUH/Q0ND/0JCQv9BQUH/QUFB/0BAQP9BQUH/RERE/0RERP9CQkL/QUFB/0FBQf9BQUH/RERE/0ZGRv9HR0f/SEhI/0pKSv9NTU3/T09P/1JSUv9PT0//SUlJ/0hISP9ISEj/RkZG/0NDQ/9CQkL/QUFB/0JCQv9FRUX/SEhI/05OTv9SUlL/TU1N/0hISP9ISEj/SEhI/0ZGRv9DQ0P/RkZG/0pKSv9NTU3/U1NT/1BQUP9ISEj/RERE/0JCQv9CQkL/RkZG/0hISP9KSkr/TExM/0xMTP9LS0v/TU1N/09PT/9LS0v/RkZG/0hISP9LS0v/Tk5O/1VVVf9UVFT/UFBQ/09PT/9PT0//Tk5O/0pKSv9ISEj/TExM/1BQUP9PT0//T09P/09PT/9QUFD/VFRU/1lZWf9XV1f/U1NT/1BQUP9KSkr/RkZG/z8/P/8/Pz//RkZG/0pKSv9OTk7/UVFR/1JSUv9TU1P/XV1d/2hoaP9mZmb/ZGRk/2NjY/9hYWH/Xl5e/1lZWf9WVlb/UlJS/1BQUP9MTEz/TExM/1FRUf9WVlb/ZmZm/3BwcP9oaGj/YGBg/11dXf9aWlr/XV1d/2BgYP9ZWVn/TU1N/0tLS/9JSUn/R0dH/0JCQv9DQ0P/R0dH/0tLS/9SUlL/VFRU/1BQUP9OTk7/UlJS/3d3d/9ubm7/ZWVl/1paWv9LS0v/TExM/09PT/9fX1//fn5+/4ODg/+FhYX/fX19/2ZmZv9eXl7/XV1d/15eXv9kZGT/aGho/1paWv9NTU3/UFBQ/1NTU/9bW1v/Z2dn/3Jycv+EhIT/dnZ2/1hYWP9NTU3/Pz8//zo6Ov84ODj/OTk5/z8/P/9FRUX/T09P/1dXV/9UVFT/UFBQ/1ZWVv9dXV3/c3Nz/5CQkP+Hh4f/dXV1/3Jycv9vb2//aGho/1lZWf9TU1P/Tk5O/01NTf9QUFD/UlJS/1paWv9hYWH/cXFx/4GBgf+Ghob/jY2N/3h4eP9aWlr/UlJS/0dHR/9BQUH/ODg4/zg4OP88PDz/RkZG/2FhYf9wcHD/gICA/4WFhf9nZ2f/T09P/1NTU/9WVlb/VVVV/1NTU/9TU1P/U1NT/1FRUf9OTk7/TU1N/0pKSv9LS0v/Tk5O/05OTv9KSkr/R0dH/0BAQP89PT3/QEBA/0JCQv9GRkb/SUlJ/0dHR/9FRUX/Q0ND/0FBQf8/Pz//Ozs7/zk5Of82Njb/NjY2/zg4OP86Ojr/Pz8//0ZGRv9bW1v/aWlp/2dnZ/9lZWX/cHBw/3x8fP95eXn/dnZ2/2FhYf9BQUH/PT09/zo6Ov87Ozv/Pj4+/0NDQ/9RUVH/V1dX/19fX/9kZGT/ZmZm/2hoaP9ubm7/c3Nz/2NjY/9SUlL/UVFR/1BQUP9TU1P/V1dX/1VVVf9SUlL/VlZW/2BgYP9lZWX/bW1t/3BwcP9wcHD/bGxs/1hYWP9NTU3/Wlpa/2ZmZv9jY2P/X19f/1lZWf9RUVH/VFRU/1paWv9mZmb/fHx8/3l5ef9qamr/Xl5e/0RERP86Ojr/Nzc3/zc3N/8+Pj7/RkZG/15eXv93d3f/ZWVl/1FRUf9OTk7/SUlJ/0tLS/9OTk7/TU1N/0pKSv9MTEz/UFBQ/1FRUf9PT0//UlJS/19fX/9jY2P/WVlZ/1FRUf9OTk7/TExM/01NTf9OTk7/RkZG/zw8PP85OTn/NDQ0/zY2Nv87Ozv/QEBA/0pKSv9MTEz/S0tL/0dHR/89PT3/Nzc3/zk5Of86Ojr/Pj4+/0FBQf9FRUX/SkpK/0ZGRv9BQUH/PT09/zg4OP85OTn/PDw8/z4+Pv8/Pz//QUFB/0hISP9MTEz/VVVV/1dXV/9ISEj/Ozs7/0FBQf9HR0f/VlZW/2hoaP9bW1v/SUlJ/0hISP9ISEj/SkpK/09PT/9PT0//TU1N/0tLS/9FRUX/QkJC/zw8PP84ODj/NDQ0/zAwMP8yMjL/MzMz/zg4OP8/Pz//PT09/zo6Ov84ODj/NTU1/zMzM/8vLy//Li4u/y4uLv8xMTH/PDw8/z8/P/86Ojr/ODg4/z09Pf9CQkL/RUVF/0hISP9FRUX/QEBA/zw8PP82Njb/ODg4/z09Pf86Ojr/NTU1/zMzM/8yMjL/MzMz/zo6Ov8+Pj7/QUFB/0JCQv8/Pz//PDw8/0ZGRv9QUFD/S0tL/0VFRf9AQED/ODg4/zQ0NP8uLi7/Li4u/y8vL/8xMTH/ODg4/zc3N/8uLi7/KSkp/ykpKf8pKSn/Kysr/y0tLf8vLy//MTEx/zQ0NP83Nzf/Ozs7/0FBQf9CQkL/Q0ND/0VFRf9LS0v/S0tL/0pKSv9FRUX/NjY2/y4uLv8rKyv/KSkp/ywsLP8wMDD/Ly8v/y4uLv8tLS3/LCws/y8vL/80NDT/OTk5/0JCQv9GRkb/Tk5O/05OTv9HR0f/Q0ND/zw8PP83Nzf/MTEx/y0tLf8tLS3/g4OD/3x8fP91dXX/cXFx/2xsbP9wcHD/d3d3/4uLi/+wsLD/rq6u/52dnf+Tk5P/g4OD/3p6ev9wcHD/aWlp/2FhYf9cXFz/Wlpa/1lZWf9bW1v/Xl5e/2lpaf93d3f/cnJy/2hoaP9kZGT/Xl5e/1paWv9UVFT/VlZW/2NjY/9ra2v/eHh4/35+fv97e3v/eXl5/3d3d/92dnb/aWlp/1lZWf9bW1v/X19f/1tbW/9WVlb/VFRU/1NTU/9WVlb/XFxc/2BgYP9mZmb/ZGRk/1BQUP9FRUX/RERE/0VFRf9MTEz/VFRU/2BgYP9ubm7/aWlp/2FhYf9iYmL/Y2Nj/2pqav93d3f/dnZ2/3BwcP9ra2v/YmJi/19fX/9lZWX/aGho/2ZmZv9kZGT/YWFh/11dXf9dXV3/XV1d/2VlZf9xcXH/dHR0/3h4eP96enr/fn5+/319ff94eHj/dXV1/3R0dP90dHT/eHh4/3d3d/9lZWX/VVVV/1VVVf9VVVX/XV1d/2dnZ/9kZGT/YGBg/15eXv9aWlr/VVVV/01NTf9MTEz/Tk5O/1FRUf9XV1f/Wlpa/1tbW/9dXV3/ZmZm/25ubv9jY2P/V1dX/2ZmZv94eHj/cHBw/2NjY/9WVlb/QUFB/z4+Pv89PT3/QEBA/0dHR/9ISEj/QkJC/0FBQf9GRkb/SUlJ/0tLS/9MTEz/W1tb/2pqav9oaGj/ZmZm/2ZmZv9lZWX/YWFh/1paWv9cXFz/YmJi/2pqav99fX3/hISE/4WFhf+Dg4P/d3d3/29vb/9wcHD/cHBw/2RkZP9XV1f/UVFR/0lJSf9ISEj/RkZG/0tLS/9TU1P/W1tb/2pqav9wcHD/dnZ2/3R0dP9nZ2f/XV1d/09PT/9FRUX/Q0ND/0BAQP9DQ0P/RkZG/01NTf9XV1f/UFBQ/0VFRf9ISEj/UVFR/09PT/9KSkr/SUlJ/0pKSv9QUFD/YmJi/2pqav9kZGT/Xl5e/1NTU/9HR0f/SUlJ/0xMTP9GRkb/Pj4+/0FBQf9FRUX/VFRU/29vb/9qamr/UlJS/0pKSv9ERET/RkZG/1ZWVv9eXl7/VlZW/1BQUP9MTEz/SEhI/0tLS/9OTk7/TExM/0lJSf9FRUX/Pj4+/0BAQP9FRUX/RERE/0BAQP9CQkL/SUlJ/09PT/9bW1v/YmJi/2ZmZv9oaGj/Wlpa/0tLS/9VVVX/YWFh/3x8fP+ioqL/jo6O/2lpaf9eXl7/UFBQ/05OTv9QUFD/U1NT/1paWv9cXFz/XFxc/15eXv9oaGj/b29v/2RkZP9XV1f/S0tL/z09Pf9FRUX/T09P/0xMTP9FRUX/SUlJ/1NTU/9UVFT/UVFR/1RUVP9hYWH/aGho/25ubv9vb2//W1tb/0pKSv9ISEj/RkZG/0NDQ/8/Pz//Pz8//0BAQP9HR0f/U1NT/1NTU/9QUFD/S0tL/0JCQv9BQUH/SEhI/0tLS/9MTEz/TU1N/01NTf9MTEz/SUlJ/0ZGRv9FRUX/RERE/0BAQP86Ojr/Q0ND/1NTU/9VVVX/VlZW/1BQUP9CQkL/QEBA/0lJSf9PT0//WVlZ/2FhYf9zc3P/g4OD/2lpaf9NTU3/T09P/1FRUf9TU1P/VlZW/1hYWP9cXFz/U1NT/0BAQP88PDz/QEBA/0BAQP88PDz/Ozs7/0JCQv9FRUX/QUFB/zw8PP9CQkL/SUlJ/0pKSv9LS0v/TU1N/1FRUf9VVVX/XV1d/1ZWVv9ERET/QkJC/0lJSf9aWlr/jo6O/6ioqP+jo6P/np6e/4qKiv9hYWH/X19f/1xcXP9ZWVn/VVVV/1lZWf9eXl7/YmJi/2hoaP9jY2P/VVVV/1FRUf9RUVH/U1NT/1hYWP9dXV3/ZGRk/2lpaf9gYGD/V1dX/1hYWP9YWFj/WFhY/1lZWf9WVlb/UVFR/1JSUv9VVVX/XV1d/25ubv9zc3P/cXFx/3BwcP9ra2v/Z2dn/15eXv9XV1f/WVlZ/1tbW/9aWlr/WVlZ/1ZWVv9SUlL/VVVV/1paWv9aWlr/V1dX/1dXV/9YWFj/WFhY/1dXV/9VVVX/S0tL/0VFRf9BQUH/Pj4+/0BAQP9BQUH/T09P/2BgYP9gYGD/YWFh/11dXf9WVlb/UlJS/0tLS/9NTU3/VlZW/2BgYP94eHj/f39//3R0dP9tbW3/ZWVl/19fX/9mZmb/bW1t/2ZmZv9eXl7/YmJi/2hoaP9qamr/bm5u/3Fxcf90dHT/cnJy/2tra/9ra2v/cHBw/3Jycv9wcHD/bm5u/2lpaf9kZGT/Z2dn/2pqav9tbW3/cHBw/3BwcP9vb2//a2tr/2NjY/9fX1//WVlZ/1hYWP9WVlb/WFhY/2BgYP9kZGT/ZmZm/2ZmZv9fX1//WFhY/2RkZP9wcHD/cXFx/3Nzc/9ubm7/aGho/2VlZf9hYWH/XV1d/1ZWVv9cXFz/bGxs/3Nzc/93d3f/eHh4/3Fxcf9sbGz/YmJi/1lZWf9SUlL/S0tL/0xMTP9OTk7/UFBQ/1RUVP9VVVX/V1dX/1tbW/9lZWX/ampq/3Nzc/9ycnL/ZWVl/15eXv9XV1f/VFRU/11dXf9lZWX/ampq/3BwcP9ycnL/dXV1/3V1df91dXX/eXl5/39/f/+JiYn/nZ2d/5ycnP+Kior/gICA/3Nzc/9ra2v/ZWVl/2JiYv9ra2v/dHR0/319ff+IiIj/e3t7/2tra/9mZmb/X19f/1paWv9RUVH/UFBQ/1FRUf9VVVX/YWFh/2ZmZv9qamr/ampq/2NjY/9cXFz/VFRU/0tLS/9ERET/PDw8/zw8PP87Ozv/OTk5/zY2Nv81NTX/MjIy/zIyMv8xMTH/MDAw/y8vL/8uLi7/LS0t/y0tLf8tLS3/LS0t/y4uLv8vLy//Ly8v/y8vL/8vLy//Ly8v/y8vL/8uLi7/Li4u/y8vL/8vLy//LS0t/y0tLf8uLi7/Li4u/y8vL/8wMDD/MTEx/zExMf8wMDD/MDAw/zAwMP8vLy//MDAw/zIyMv8yMjL/MjIy/zIyMv8xMTH/MTEx/y8vL/8wMDD/MTEx/zIyMv8yMjL/MjIy/zExMf8xMTH/MDAw/y8vL/8vLy//Ly8v/y8vL/8wMDD/Ly8v/y0tLf8tLS3/Li4u/y4uLv8tLS3/LS0t/y4uLv8uLi7/Ly8v/y8vL/8vLy//Ly8v/y8vL/8uLi7/Li4u/y8vL/8vLy//MDAw/zAwMP8xMTH/MjIy/zU1Nf83Nzf/PDw8/0BAQP9LS0v/U1NT/15eXv9kZGT/Wlpa/1BQUP9NTU3/SUlJ/1hYWP9qamr/dXV1/4WFhf+CgoL/fHx8/4WFhf+ZmZn/k5OT/3V1df9sbGz/bW1t/3R0dP+MjIz/nJyc/5WVlf+Ojo7/eHh4/2BgYP93d3f/lJSU/5eXl/+ampr/lZWV/4uLi/+Hh4f/gYGB/4SEhP+QkJD/jo6O/3p6ev9wcHD/cHBw/3BwcP9tbW3/ampq/319ff+SkpL/kZGR/4+Pj/+Pj4//jo6O/4aGhv94eHj/dXV1/3R0dP9xcXH/ampq/2pqav9ycnL/d3d3/3p6ev97e3v/f39//xgYGP8YGBj/FxcX/xcXF/8WFhb/FhYW/xUVFf8WFhb/FxcX/xgYGP8ZGRn/GRkZ/xkZGf8ZGRn/GBgY/xgYGP8XFxf/FhYW/xUVFf8UFBT/FBQU/xQUFP8UFBT/FRUV/xUVFf8VFRX/FRUV/xUVFf8VFRX/FRUV/xUVFf8VFRX/FRUV/xUVFf8VFRX/FRUV/xUVFf8VFRX/FRUV/xUVFf8UFBT/FBQU/xQUFP8UFBT/ExMT/xMTE/8TExP/ExMT/xMTE/8TExP/ExMT/xMTE/8TExP/ExMT/xMTE/8TExP/EhIS/xISEv8SEhL/EhIS/xISEv8SEhL/EhIS/xEREf8RERH/EBAQ/xEREf8SEhL/ExMT/xUVFf8VFRX/FhYW/xYWFv8XFxf/FxcX/xgYGP8YGBj/GBgY/xgYGP8YGBj/GRkZ/xgYGP8XFxf/FhYW/xUVFf8VFRX/FxcX/xcXF/8YGBj/GBgY/xcXF/8XFxf/GRkZ/xoaGv8aGhr/GRkZ/xkZGf8YGBj/FxcX/xYWFv8WFhb/FxcX/xcXF/8XFxf/FxcX/xcXF/8XFxf/FxcX/xcXF/8XFxf/FxcX/xgYGP8YGBj/GRkZ/xsbG/8bGxv/Ghoa/xoaGv8ZGRn/Ghoa/xsbG/8bGxv/HBwc/xwcHP8cHBz/HBwc/xsbG/8bGxv/Ghoa/xkZGf8bGxv/HBwc/x4eHv8gICD/JCQk/ykpKf8rKyv/LS0t/y4uLv8vLy//MTEx/zQ0NP83Nzf/PDw8/z09Pf86Ojr/Ojo6/0BAQP9DQ0P/PT09/zc3N/8yMjL/LCws/y0tLf8uLi7/MjIy/zc3N/86Ojr/PT09/zw8PP87Ozv/Ozs7/zo6Ov86Ojr/Ozs7/zs7O/85OTn/Nzc3/zc3N/83Nzf/Pj4+/0VFRf9BQUH/PDw8/zk5Of81NTX/NTU1/zU1Nf82Njb/ODg4/zo6Ov8+Pj7/QEBA/z8/P/89PT3/Nzc3/zIyMv80NDT/NTU1/zMzM/8xMTH/MzMz/zU1Nf82Njb/Nzc3/zc3N/82Njb/NjY2/zQ0NP82Njb/PT09/0BAQP9BQUH/QUFB/0FBQf9BQUH/RUVF/0lJSf9GRkb/QkJC/0BAQP8+Pj7/Pj4+/z8/P/8+Pj7/Ozs7/zw8PP8/Pz//QEBA/z8/P/8/Pz//QEBA/0BAQP9DQ0P/RUVF/0dHR/9ISEj/Tk5O/1ZWVv9YWFj/XFxc/1ZWVv9MTEz/TU1N/1FRUf9OTk7/RkZG/0JCQv8+Pj7/Pj4+/0NDQ/9ISEj/TU1N/1JSUv9PT0//TExM/05OTv9QUFD/TExM/0VFRf9GRkb/SEhI/01NTf9XV1f/VVVV/0xMTP9ISEj/RkZG/0ZGRv9KSkr/TExM/0pKSv9JSUn/SkpK/0pKSv9MTEz/T09P/09PT/9OTk7/T09P/1BQUP9TU1P/Wlpa/1tbW/9ZWVn/WVlZ/1paWv9aWlr/VVVV/1FRUf9NTU3/SUlJ/0dHR/9ERET/TExM/1dXV/9bW1v/YmJi/1paWv9MTEz/R0dH/0BAQP8/Pz//PT09/0BAQP9MTEz/T09P/0ZGRv9AQED/QUFB/0FBQf9UVFT/aGho/2pqav9sbGz/aWlp/2NjY/9cXFz/UVFR/0xMTP9GRkb/RERE/0BAQP9CQkL/TU1N/1lZWf90dHT/hISE/29vb/9bW1v/XV1d/2BgYP9hYWH/Y2Nj/1hYWP9HR0f/RERE/0FBQf9AQED/Pj4+/0BAQP9ERET/RkZG/0lJSf9KSkr/SUlJ/0lJSf9VVVX/fHx8/3Fxcf9mZmb/Xl5e/1RUVP9RUVH/TU1N/1ZWVv9nZ2f/ampq/2xsbP9qamr/ZGRk/2RkZP9paWn/bW1t/21tbf9tbW3/ampq/2ZmZv9vb2//eHh4/4yMjP+oqKj/rq6u/7a2tv+cnJz/aGho/1tbW/9RUVH/S0tL/0RERP9FRUX/V1dX/2RkZP94eHj/hoaG/3BwcP9aWlr/YWFh/2pqav91dXX/hISE/4KCgv99fX3/gYGB/4qKiv+MjIz/jIyM/4yMjP+Li4v/h4eH/3h4eP9vb2//c3Nz/3Z2dv96enr/fX19/35+fv9/f3//b29v/1hYWP9TU1P/TU1N/0hISP8/Pz//PT09/zs7O/9AQED/UlJS/1tbW/9kZGT/ZmZm/1ZWVv9KSkr/WFhY/2hoaP9paWn/a2tr/2dnZ/9iYmL/Y2Nj/2VlZf9lZWX/ZGRk/2NjY/9iYmL/YWFh/2FhYf9dXV3/T09P/0dHR/9RUVH/WVlZ/1tbW/9dXV3/VFRU/0pKSv9FRUX/Pz8//z09Pf86Ojr/Ozs7/z09Pf9DQ0P/UlJS/1hYWP9cXFz/Xl5e/19fX/9fX1//XFxc/1lZWf9bW1v/XFxc/1xcXP9cXFz/U1NT/0ZGRv9HR0f/S0tL/1FRUf9dXV3/YWFh/2RkZP9oaGj/cnJy/3Z2dv9zc3P/cHBw/2lpaf9jY2P/VlZW/0hISP9JSUn/TExM/1hYWP9qamr/bm5u/3Fxcf9wcHD/a2tr/21tbf90dHT/d3d3/3h4eP91dXX/YGBg/1RUVP9gYGD/a2tr/2hoaP9lZWX/XV1d/1NTU/9cXFz/a2tr/3Fxcf97e3v/d3d3/2tra/9iYmL/UlJS/05OTv9XV1f/XFxc/1paWv9bW1v/ampq/3l5ef9qamr/W1tb/1FRUf9FRUX/RkZG/0dHR/9KSkr/T09P/1FRUf9TU1P/U1NT/1FRUf9SUlL/V1dX/1paWv9WVlb/VFRU/19fX/9qamr/e3t7/46Ojv92dnb/VVVV/01NTf9BQUH/QEBA/0BAQP9DQ0P/SUlJ/0tLS/9LS0v/SkpK/0dHR/9GRkb/T09P/1ZWVv9WVlb/VlZW/1RUVP9TU1P/T09P/0tLS/9ISEj/Q0ND/0ZGRv9MTEz/UVFR/1hYWP9ZWVn/VVVV/1RUVP9SUlL/T09P/0dHR/9BQUH/SEhI/1BQUP9UVFT/WVlZ/09PT/9BQUH/QUFB/0JCQv9DQ0P/RkZG/0ZGRv9ISEj/R0dH/0RERP9CQkL/QEBA/z8/P/8/Pz//Pz8//z8/P/8/Pz//SEhI/1JSUv9RUVH/T09P/0dHR/85OTn/NjY2/zMzM/8zMzP/NTU1/zY2Nv85OTn/Ozs7/z09Pf9AQED/Tk5O/1xcXP9lZWX/b29v/2BgYP9OTk7/RkZG/z09Pf9CQkL/TExM/0dHR/88PDz/Ojo6/zw8PP8+Pj7/QUFB/0JCQv8/Pz//PDw8/zg4OP81NTX/Ojo6/0BAQP8/Pz//Pj4+/z09Pf87Ozv/Nzc3/zIyMv8yMjL/MzMz/zY2Nv89PT3/PDw8/zAwMP8qKir/KSkp/ygoKP8qKir/LCws/y8vL/8xMTH/NjY2/zs7O/87Ozv/Ozs7/zw8PP89PT3/Pz8//0JCQv9DQ0P/QUFB/z8/P/83Nzf/MzMz/zMzM/8yMjL/NTU1/zg4OP82Njb/MzMz/zExMf8vLy//MjIy/zY2Nv85OTn/Pz8//0JCQv9HR0f/SEhI/0dHR/9ERET/PDw8/zo6Ov9BQUH/RkZG/0ZGRv9xcXH/aWlp/19fX/9fX1//XV1d/2NjY/9sbGz/e3t7/5aWlv+VlZX/iIiI/4aGhv+Li4v/iYmJ/319ff90dHT/bGxs/2VlZf9qamr/bm5u/3Jycv93d3f/d3d3/3d3d/90dHT/cHBw/29vb/9vb2//bm5u/2pqav9nZ2f/YmJi/2JiYv9nZ2f/ampq/2xsbP9vb2//dnZ2/39/f/91dXX/a2tr/2lpaf9nZ2f/Y2Nj/15eXv9dXV3/XFxc/11dXf9gYGD/YWFh/2RkZP9iYmL/WFhY/1JSUv9UVFT/V1dX/2FhYf9ra2v/e3t7/46Ojv+EhIT/dnZ2/3Jycv9sbGz/bm5u/3Nzc/9ycnL/bm5u/21tbf9ubm7/cXFx/35+fv+FhYX/fX19/3Z2dv9sbGz/Y2Nj/2FhYf9fX1//ZmZm/3BwcP9zc3P/d3d3/3l5ef9+fn7/fX19/3l5ef91dXX/a2tr/2hoaP9tbW3/bm5u/2FhYf9WVlb/W1tb/19fX/9qamr/dnZ2/3BwcP9lZWX/ZmZm/2lpaf9nZ2f/YWFh/2BgYP9hYWH/ZGRk/2tra/9tbW3/aGho/2VlZf9mZmb/aGho/2VlZf9iYmL/Z2dn/25ubv9vb2//cHBw/2xsbP9kZGT/YWFh/15eXv9kZGT/c3Nz/3BwcP9XV1f/TExM/1BQUP9SUlL/Tk5O/0xMTP9ZWVn/Z2dn/2ZmZv9lZWX/Y2Nj/2FhYf9bW1v/UlJS/1VVVf9dXV3/ZWVl/3Z2dv96enr/d3d3/3V1df9zc3P/c3Nz/3p6ev+BgYH/cnJy/2NjY/9eXl7/WFhY/2JiYv9xcXH/c3Nz/3R0dP94eHj/gICA/4GBgf9+fn7/enp6/29vb/9oaGj/YWFh/1xcXP9oaGj/dHR0/2hoaP9aWlr/WVlZ/1hYWP9VVVX/T09P/1hYWP9qamr/ZmZm/1ZWVv9TU1P/V1dX/19fX/94eHj/hoaG/4iIiP+IiIj/dnZ2/2NjY/9eXl7/V1dX/1BQUP9HR0f/SEhI/0xMTP9fX1//gYGB/3t7e/9fX1//VFRU/0pKSv9KSkr/WFhY/19fX/9bW1v/WVlZ/1xcXP9fX1//XV1d/1paWv9YWFj/VlZW/1FRUf9JSUn/SUlJ/0tLS/9OTk7/VVVV/15eXv9xcXH/d3d3/2xsbP9lZWX/YWFh/11dXf9WVlb/Tk5O/1dXV/9iYmL/cXFx/4aGhv9/f3//cnJy/2xsbP9kZGT/Y2Nj/2VlZf9vb2//iYmJ/5OTk/+NjY3/jIyM/5iYmP+hoaH/jIyM/3V1df9iYmL/S0tL/0xMTP9QUFD/T09P/01NTf9SUlL/XFxc/1paWv9SUlL/U1NT/15eXv9lZWX/bGxs/25ubv9cXFz/TExM/0xMTP9NTU3/TU1N/01NTf9YWFj/aWlp/2pqav9oaGj/ZWVl/19fX/9gYGD/Y2Nj/2NjY/9fX1//XV1d/2BgYP9iYmL/ampq/3BwcP9mZmb/W1tb/1lZWf9XV1f/UlJS/0pKSv9NTU3/U1NT/1RUVP9VVVX/UFBQ/0NDQ/9BQUH/RkZG/01NTf9gYGD/cXFx/5OTk/+ysrL/mZmZ/35+fv90dHT/ZmZm/2JiYv9cXFz/YGBg/2lpaf9jY2P/VFRU/01NTf9FRUX/Q0ND/0NDQ/9ERET/SkpK/05OTv9KSkr/RkZG/09PT/9aWlr/XFxc/19fX/9jY2P/ampq/3d3d/+Ojo7/goKC/15eXv9WVlb/V1dX/19fX/97e3v/i4uL/4+Pj/+RkZH/hoaG/15eXv9YWFj/UFBQ/09PT/9OTk7/UlJS/1hYWP9bW1v/Xl5e/1tbW/9UVFT/VFRU/1hYWP9bW1v/Xl5e/2JiYv9ra2v/cXFx/2hoaP9gYGD/YmJi/2VlZf9lZWX/ZWVl/2JiYv9eXl7/Xl5e/2BgYP9jY2P/aGho/2tra/9vb2//cHBw/2xsbP9oaGj/X19f/1hYWP9bW1v/X19f/1xcXP9YWFj/WFhY/1lZWf9fX1//aGho/2NjY/9WVlb/VVVV/1dXV/9aWlr/YmJi/2NjY/9bW1v/VlZW/1RUVP9SUlL/UFBQ/01NTf9WVlb/YGBg/19fX/9cXFz/XV1d/15eXv9cXFz/V1dX/1ZWVv9WVlb/XV1d/29vb/91dXX/cHBw/2xsbP9oaGj/ZWVl/2RkZP9jY2P/YmJi/2BgYP9kZGT/aWlp/2pqav9qamr/bW1t/3Jycv9wcHD/aGho/2ZmZv9mZmb/Z2dn/2hoaP9paWn/ampq/2tra/9paWn/Z2dn/2pqav9tbW3/bGxs/2tra/9mZmb/XFxc/1xcXP9eXl7/XFxc/1dXV/9YWFj/YGBg/2NjY/9jY2P/YWFh/1dXV/9PT0//WFhY/2FhYf9ra2v/d3d3/3d3d/92dnb/cXFx/2hoaP9iYmL/WVlZ/2FhYf95eXn/f39//3l5ef91dXX/b29v/2tra/9nZ2f/ZGRk/1tbW/9RUVH/VFRU/1hYWP9fX1//aGho/2dnZ/9iYmL/ZmZm/29vb/94eHj/i4uL/4uLi/93d3f/ampq/2BgYP9ZWVn/XFxc/19fX/9hYWH/YmJi/2ZmZv9ra2v/b29v/3V1df93d3f/enp6/35+fv+IiIj/h4eH/4CAgP98fHz/eHh4/3V1df9ycnL/cnJy/3x8fP+Ghob/hISE/4KCgv9/f3//e3t7/3Z2dv9ubm7/ZmZm/1lZWf9XV1f/V1dX/1lZWf9eXl7/YWFh/2JiYv9jY2P/YWFh/2BgYP9hYWH/YmJi/1VVVf9HR0f/QkJC/z09Pf87Ozv/OTk5/zc3N/80NDT/MjIy/zExMf8xMTH/Ly8v/y8vL/8vLy//Ly8v/y8vL/8vLy//Ly8v/y8vL/8vLy//Ly8v/y8vL/8uLi7/Li4u/y4uLv8uLi7/Li4u/y4uLv8uLi7/Li4u/y4uLv8vLy//Ly8v/zAwMP8wMDD/MTEx/zExMf8yMjL/MTEx/zAwMP8xMTH/MjIy/zMzM/8zMzP/MzMz/zIyMv8yMjL/MDAw/zAwMP8wMDD/MDAw/zAwMP8wMDD/MDAw/zAwMP8vLy//Li4u/y8vL/8vLy//MDAw/y8vL/8vLy//Li4u/y4uLv8uLi7/Li4u/y0tLf8tLS3/LS0t/y4uLv8vLy//Ly8v/y8vL/8vLy//Ly8v/zAwMP8wMDD/MTEx/zExMf8xMTH/MjIy/zIyMv8zMzP/NTU1/zg4OP89PT3/QUFB/0hISP9MTEz/UVFR/1NTU/9QUFD/TU1N/01NTf9MTEz/VVVV/2FhYf9tbW3/f39//319ff95eXn/goKC/5aWlv+SkpL/fn5+/3R0dP9ra2v/ampq/3V1df99fX3/eHh4/3R0dP9paWn/XV1d/25ubv+Dg4P/h4eH/4uLi/+MjIz/j4+P/46Ojv+Kior/iIiI/4WFhf9/f3//cnJy/2xsbP9sbGz/bGxs/2lpaf9nZ2f/dHR0/4KCgv99fX3/dnZ2/3Nzc/9wcHD/b29v/29vb/9xcXH/dXV1/3Jycv9oaGj/aWlp/3d3d/9+fn7/fn5+/319ff93d3f/FxcX/xcXF/8XFxf/FhYW/xYWFv8WFhb/FhYW/xYWFv8XFxf/GBgY/xkZGf8ZGRn/GRkZ/xgYGP8XFxf/FxcX/xUVFf8UFBT/FBQU/xMTE/8TExP/EhIS/xMTE/8UFBT/FBQU/xQUFP8UFBT/FBQU/xQUFP8UFBT/FBQU/xQUFP8VFRX/FRUV/xUVFf8VFRX/FRUV/xUVFf8VFRX/FRUV/xQUFP8UFBT/FBQU/xMTE/8TExP/ExMT/xMTE/8SEhL/EhIS/xMTE/8TExP/ExMT/xMTE/8TExP/ExMT/xMTE/8TExP/ExMT/xMTE/8TExP/EhIS/xISEv8RERH/ERER/xAQEP8RERH/ERER/xISEv8TExP/FBQU/xUVFf8VFRX/FhYW/xYWFv8XFxf/GBgY/xgYGP8YGBj/GBgY/xkZGf8YGBj/GBgY/xcXF/8WFhb/FhYW/xYWFv8XFxf/GBgY/xgYGP8YGBj/GBgY/xgYGP8YGBj/GRkZ/xkZGf8YGBj/GBgY/xgYGP8XFxf/FxcX/xcXF/8XFxf/GBgY/xgYGP8YGBj/FxcX/xcXF/8XFxf/FxcX/xcXF/8YGBj/GBgY/xkZGf8ZGRn/Ghoa/xoaGv8aGhr/Gxsb/xsbG/8bGxv/Gxsb/xsbG/8bGxv/Gxsb/xsbG/8bGxv/Gxsb/xoaGv8aGhr/Ghoa/xoaGv8bGxv/HR0d/yAgIP8lJSX/Kioq/ysrK/8rKyv/LCws/y0tLf8uLi7/MDAw/zIyMv82Njb/ODg4/zo6Ov88PDz/QkJC/0ZGRv8/Pz//ODg4/zIyMv8sLCz/LCws/ysrK/8uLi7/MzMz/zU1Nf84ODj/OTk5/zg4OP84ODj/ODg4/zk5Of85OTn/OTk5/zg4OP83Nzf/NjY2/zU1Nf8+Pj7/RkZG/0NDQ/8/Pz//Ozs7/zU1Nf80NDT/NDQ0/zU1Nf84ODj/Ojo6/zw8PP89PT3/PT09/z09Pf86Ojr/Nzc3/zg4OP85OTn/ODg4/zc3N/86Ojr/Pj4+/0FBQf9FRUX/QkJC/z09Pf86Ojr/NTU1/zY2Nv88PDz/Pj4+/z09Pf89PT3/PT09/z09Pf9BQUH/RERE/0ZGRv9HR0f/RkZG/0RERP9CQkL/PT09/zs7O/83Nzf/Nzc3/zg4OP85OTn/ODg4/zg4OP86Ojr/PDw8/z4+Pv8/Pz//RERE/0hISP9NTU3/U1NT/1RUVP9WVlb/UlJS/0tLS/9LS0v/TExM/0pKSv9DQ0P/QEBA/z4+Pv8+Pj7/QkJC/0VFRf9JSUn/TExM/0pKSv9ISEj/SUlJ/0pKSv9ISEj/Q0ND/0VFRf9ISEj/Tk5O/1hYWP9YWFj/UVFR/1BQUP9QUFD/UFBQ/1BQUP9QUFD/UFBQ/1FRUf9TU1P/VVVV/1RUVP9SUlL/UVFR/09PT/9NTU3/S0tL/0xMTP9PT0//UFBQ/1FRUf9SUlL/VFRU/1RUVP9TU1P/UlJS/1JSUv9SUlL/UVFR/1FRUf9VVVX/Wlpa/1xcXP9eXl7/Wlpa/1JSUv9OTk7/SUlJ/0hISP9KSkr/TU1N/1VVVf9YWFj/UlJS/01NTf9HR0f/QUFB/0lJSf9SUlL/VFRU/1dXV/9ZWVn/XV1d/1paWv9UVFT/UFBQ/0hISP9FRUX/QUFB/0NDQ/9NTU3/VlZW/2VlZf9ubm7/YWFh/1VVVf9VVVX/VFRU/1VVVf9WVlb/T09P/0NDQ/9BQUH/Pz8//z8/P/9AQED/RERE/05OTv9TU1P/VVVV/1ZWVv9VVVX/VVVV/1paWv+AgID/dHR0/2dnZ/9jY2P/XV1d/1ZWVv9MTEz/TU1N/1JSUv9TU1P/VFRU/1hYWP9iYmL/aWlp/3V1df96enr/dXV1/3Jycv94eHj/fn5+/4yMjP+bm5v/u7u7/+Xl5f/m5ub/5ubm/8DAwP93d3f/aGho/2JiYv9cXFz/T09P/1FRUf9sbGz/gYGB/5+fn/+zs7P/i4uL/2NjY/9sbGz/d3d3/3d3d/94eHj/fX19/4WFhf+QkJD/pKSk/66urv+8vLz/wcHB/8XFxf++vr7/nZ2d/4uLi/+Li4v/ioqK/4KCgv95eXn/dnZ2/3Nzc/9nZ2f/V1dX/1VVVf9TU1P/T09P/0ZGRv9CQkL/Ojo6/zs7O/9ERET/SEhI/0lJSf9JSUn/RkZG/0VFRf9eXl7/eHh4/3x8fP+BgYH/enp6/3BwcP9zc3P/enp6/3t7e/99fX3/enp6/3V1df90dHT/d3d3/3Nzc/9dXV3/UlJS/2FhYf9ubm7/b29v/29vb/9gYGD/Tk5O/0dHR/89PT3/Ozs7/zk5Of89PT3/RERE/1BQUP9sbGz/dXV1/3h4eP91dXX/YmJi/1ZWVv9SUlL/Tk5O/0dHR/8/Pz//QUFB/0NDQ/9GRkb/SUlJ/1BQUP9bW1v/ZmZm/3p6ev98fHz/dnZ2/3h4eP+EhIT/h4eH/39/f/93d3f/ZWVl/1NTU/9JSUn/Pj4+/0JCQv9ISEj/XV1d/3x8fP+FhYX/j4+P/4iIiP92dnb/dHR0/3t7e/9+fn7/gICA/319ff9nZ2f/Wlpa/2ZmZv9xcXH/bW1t/2pqav9gYGD/VFRU/2NjY/97e3v/fHx8/3p6ev92dnb/bGxs/2dnZ/9eXl7/YWFh/3Z2dv9+fn7/dXV1/3BwcP91dXX/enp6/29vb/9kZGT/VVVV/0FBQf9BQUH/QUFB/0dHR/9TU1P/VVVV/1dXV/9WVlb/UlJS/1FRUf9RUVH/UVFR/1NTU/9XV1f/b29v/4eHh/+mpqb/ycnJ/6Ojo/9tbW3/YGBg/01NTf9JSUn/RUVF/0ZGRv9ISEj/SkpK/0xMTP9OTk7/UFBQ/1RUVP9kZGT/cHBw/21tbf9paWn/YmJi/1tbW/9YWFj/VFRU/1FRUf9NTU3/UlJS/1tbW/9jY2P/cHBw/29vb/9jY2P/W1tb/09PT/9ISEj/R0dH/0ZGRv9PT0//WFhY/1JSUv9LS0v/RERE/zo6Ov87Ozv/PT09/z09Pf89PT3/Pj4+/0JCQv9DQ0P/Q0ND/0NDQ/9ERET/RUVF/0lJSf9MTEz/S0tL/0pKSv9WVlb/ZGRk/2NjY/9iYmL/VFRU/z09Pf85OTn/Nzc3/zg4OP88PDz/Ozs7/zc3N/83Nzf/Pz8//0dHR/9fX1//dHR0/4ODg/+UlJT/enp6/1paWv9QUFD/Q0ND/0tLS/9aWlr/VFRU/0JCQv9AQED/RkZG/0hISP9JSUn/RkZG/z09Pf82Njb/MjIy/y4uLv8wMDD/MTEx/zQ0NP84ODj/Ojo6/z4+Pv87Ozv/NjY2/zU1Nf83Nzf/Ojo6/0JCQv9AQED/MjIy/yoqKv8oKCj/Jycn/ykpKf8rKyv/Li4u/zIyMv84ODj/Pz8//zs7O/81NTX/NjY2/zg4OP85OTn/Ojo6/zo6Ov86Ojr/OTk5/zg4OP84ODj/Ojo6/zw8PP8+Pj7/QEBA/zw8PP84ODj/NTU1/zIyMv80NDT/ODg4/zo6Ov89PT3/Pj4+/0FBQf9DQ0P/RkZG/0VFRf89PT3/PT09/1BQUP9eXl7/Xl5e/2FhYf9XV1f/S0tL/01NTf9QUFD/V1dX/2JiYv9sbGz/fn5+/319ff9zc3P/enp6/5KSkv+Xl5f/iYmJ/39/f/91dXX/b29v/3h4eP+CgoL/iIiI/4+Pj/+EhIT/dnZ2/3Z2dv93d3f/enp6/39/f/+AgID/f39//3d3d/9iYmL/WVlZ/1dXV/9XV1f/Xl5e/2VlZf92dnb/h4eH/4GBgf97e3v/dnZ2/25ubv9ra2v/ZmZm/2VlZf9lZWX/ZGRk/2NjY/9iYmL/YWFh/2BgYP9fX1//X19f/2RkZP9oaGj/dHR0/4CAgP+VlZX/ra2t/56env+JiYn/gYGB/3V1df9ycnL/cHBw/25ubv9tbW3/b29v/3l5ef+CgoL/l5eX/6CgoP+Tk5P/hoaG/3d3d/9oaGj/ZGRk/2BgYP9mZmb/b29v/3Jycv92dnb/eHh4/319ff99fX3/e3t7/3R0dP9iYmL/XFxc/2NjY/9mZmb/Xl5e/1dXV/9gYGD/aGho/3V1df+FhYX/enp6/2pqav9ubm7/eHh4/3d3d/90dHT/c3Nz/3Nzc/92dnb/fn5+/39/f/90dHT/bGxs/2dnZ/9iYmL/Z2dn/2tra/9oaGj/ZGRk/25ubv99fX3/gYGB/4WFhf+Dg4P/fn5+/4WFhf+cnJz/l5eX/2tra/9XV1f/WVlZ/1paWv9SUlL/S0tL/1dXV/9kZGT/ZGRk/2RkZP9hYWH/XV1d/1ZWVv9LS0v/Tk5O/1lZWf9gYGD/b29v/3Fxcf9paWn/Z2dn/29vb/93d3f/hISE/5GRkf+AgID/bm5u/2pqav9mZmb/e3t7/5qamv+ampr/k5OT/5OTk/+UlJT/kJCQ/4WFhf9/f3//d3d3/3Nzc/9xcXH/c3Nz/4yMjP+mpqb/ioqK/2xsbP9kZGT/WVlZ/1lZWf9ZWVn/Z2dn/4GBgf97e3v/YmJi/11dXf9iYmL/bW1t/42Njf+goKD/qqqq/7CwsP+Xl5f/fn5+/3BwcP9iYmL/WVlZ/05OTv9QUFD/U1NT/2lpaf+SkpL/i4uL/2pqav9dXV3/UFBQ/05OTv9aWlr/YWFh/2FhYf9hYWH/a2tr/3V1df9ubm7/ZmZm/2RkZP9iYmL/XV1d/1NTU/9SUlL/UVFR/1hYWP9paWn/eHh4/5eXl/+cnJz/fX19/2lpaf9dXV3/U1NT/1JSUv9RUVH/Wlpa/2RkZP9nZ2f/bGxs/3Fxcf96enr/eXl5/3d3d/93d3f/eXl5/4mJif+2trb/x8fH/7u7u/+3t7f/xsbG/9HR0f+ysrL/kpKS/3d3d/9XV1f/VFRU/1BQUP9SUlL/VVVV/1paWv9kZGT/YGBg/1RUVP9TU1P/W1tb/2FhYf9qamr/bW1t/1xcXP9NTU3/UFBQ/1NTU/9WVlb/Wlpa/3BwcP+QkJD/ioqK/3x8fP92dnb/bm5u/3Nzc/+Dg4P/g4OD/3R0dP9ubm7/cnJy/3Z2dv+FhYX/kpKS/4CAgP9ubm7/a2tr/2hoaP9iYmL/WVlZ/1ZWVv9TU1P/U1NT/1RUVP9QUFD/RUVF/0FBQf9DQ0P/S0tL/2dnZ/+AgID/srKy/9/f3//Hx8f/ra2t/5aWlv96enr/b29v/2FhYf9nZ2f/dXV1/3Jycv9nZ2f/XV1d/0pKSv9FRUX/SUlJ/01NTf9TU1P/VlZW/1NTU/9QUFD/XFxc/2lpaf9tbW3/cXFx/3h4eP+CgoL/l5eX/729vf+rq6v/d3d3/2lpaf9kZGT/ZGRk/2pqav9vb2//fHx8/4SEhP+CgoL/XFxc/1FRUf9FRUX/RkZG/0dHR/9MTEz/U1NT/1RUVP9UVFT/VFRU/1NTU/9WVlb/X19f/2NjY/9kZGT/Z2dn/3Fxcf94eHj/cHBw/2hoaP9sbGz/cHBw/3BwcP9vb2//bW1t/2pqav9qamr/ampq/2hoaP9jY2P/ZWVl/25ubv9wcHD/bW1t/2lpaf9fX1//WFhY/11dXf9iYmL/XV1d/1dXV/9bW1v/X19f/2hoaP91dXX/a2tr/1VVVf9TU1P/VlZW/1xcXP9ra2v/cHBw/2lpaf9lZWX/ZmZm/2ZmZv9fX1//WFhY/1xcXP9hYWH/XV1d/1hYWP9dXV3/ZmZm/2ZmZv9iYmL/Xl5e/1dXV/9ZWVn/ZmZm/2xsbP9sbGz/bGxs/2tra/9paWn/YmJi/1paWv9eXl7/YmJi/2VlZf9ra2v/aWlp/2ZmZv9paWn/cXFx/25ubv9lZWX/YWFh/1xcXP9cXFz/YGBg/2RkZP9sbGz/cnJy/2tra/9kZGT/Z2dn/2pqav9paWn/Z2dn/2FhYf9WVlb/WVlZ/2JiYv9hYWH/WVlZ/1hYWP9fX1//YmJi/2BgYP9cXFz/UFBQ/0ZGRv9MTEz/U1NT/2VlZf97e3v/f39//4ODg/98fHz/b29v/2dnZ/9cXFz/ZmZm/4SEhP+Kior/e3t7/3Nzc/9ubm7/ampq/2xsbP9ubm7/YmJi/1ZWVv9bW1v/YmJi/21tbf98fHz/d3d3/21tbf9wcHD/eXl5/4aGhv+hoaH/o6Oj/4eHh/92dnb/aGho/15eXv9cXFz/Wlpa/1hYWP9VVVX/W1tb/2JiYv9paWn/dHR0/3V1df90dHT/dHR0/3Nzc/90dHT/dnZ2/3h4eP98fHz/f39//39/f/+BgYH/jIyM/5eXl/+Li4v/fX19/4ODg/+Li4v/hoaG/319ff9ycnL/YGBg/11dXf9dXV3/XFxc/1xcXP9bW1v/W1tb/1xcXP9gYGD/ZGRk/21tbf93d3f/ZWVl/1FRUf9JSUn/Pj4+/z09Pf87Ozv/OTk5/zU1Nf8zMzP/MTEx/zExMf8wMDD/MDAw/zAwMP8wMDD/MDAw/zAwMP8vLy//Ly8v/y8vL/8vLy//Li4u/y0tLf8uLi7/Ly8v/y4uLv8tLS3/LS0t/y4uLv8uLi7/Ly8v/y8vL/8vLy//Ly8v/zAwMP8wMDD/MjIy/zMzM/8yMjL/MTEx/zIyMv8zMzP/MzMz/zQ0NP80NDT/MzMz/zIyMv8xMTH/MTEx/zAwMP8vLy//Ly8v/y8vL/8vLy//Ly8v/y4uLv8tLS3/Li4u/zAwMP8wMDD/Ly8v/y8vL/8vLy//Ly8v/y4uLv8uLi7/LS0t/y0tLf8tLS3/LS0t/y8vL/8wMDD/Ly8v/y8vL/8wMDD/MTEx/zIyMv8zMzP/MzMz/zMzM/8zMzP/NDQ0/zU1Nf82Njb/ODg4/z4+Pv9BQUH/RUVF/0ZGRv9DQ0P/QkJC/0dHR/9KSkr/TExM/09PT/9TU1P/V1dX/2VlZf95eXn/eXl5/3Z2dv9/f3//kpKS/5KSkv+Ghob/fX19/2lpaf9gYGD/YGBg/19fX/9dXV3/W1tb/1tbW/9aWlr/ZWVl/3Nzc/93d3f/fHx8/4WFhf+Tk5P/lJSU/5OTk/+MjIz/enp6/3Jycv9ra2v/Z2dn/2hoaP9oaGj/ZWVl/2NjY/9ra2v/c3Nz/2pqav9eXl7/WVlZ/1NTU/9ZWVn/ZmZm/2xsbP91dXX/cnJy/2ZmZv9oaGj/fHx8/4WFhf+CgoL/fn5+/3BwcP8XFxf/FxcX/xYWFv8WFhb/FhYW/xYWFv8WFhb/FhYW/xcXF/8YGBj/GRkZ/xkZGf8YGBj/GBgY/xcXF/8WFhb/FBQU/xMTE/8TExP/EhIS/xISEv8RERH/EhIS/xMTE/8TExP/ExMT/xMTE/8TExP/ExMT/xQUFP8UFBT/FBQU/xQUFP8VFRX/FRUV/xYWFv8WFhb/FRUV/xUVFf8VFRX/FBQU/xQUFP8TExP/ExMT/xMTE/8TExP/EhIS/xISEv8SEhL/EhIS/xMTE/8TExP/ExMT/xMTE/8TExP/ExMT/xMTE/8TExP/ExMT/xMTE/8TExP/EhIS/xEREf8QEBD/EBAQ/xEREf8RERH/EhIS/xISEv8UFBT/FBQU/xUVFf8VFRX/FhYW/xcXF/8YGBj/GBgY/xgYGP8ZGRn/GRkZ/xgYGP8XFxf/FhYW/xYWFv8WFhb/FhYW/xgYGP8YGBj/GRkZ/xkZGf8YGBj/GBgY/xgYGP8YGBj/GBgY/xgYGP8YGBj/FxcX/xcXF/8XFxf/FxcX/xgYGP8YGBj/GRkZ/xkZGf8XFxf/FxcX/xYWFv8WFhb/FxcX/xgYGP8ZGRn/GRkZ/xkZGf8ZGRn/Ghoa/xsbG/8cHBz/HR0d/xwcHP8bGxv/Gxsb/xsbG/8bGxv/Gxsb/xsbG/8aGhr/Ghoa/xoaGv8aGhr/Ghoa/xoaGv8dHR3/ICAg/yUlJf8sLCz/Kysr/yoqKv8qKir/Kysr/ysrK/8sLCz/LS0t/zAwMP8zMzP/OTk5/z09Pf9ERET/SEhI/0BAQP85OTn/MzMz/ywsLP8qKir/KCgo/yoqKv8uLi7/MDAw/zU1Nf81NTX/NTU1/zY2Nv83Nzf/Nzc3/zc3N/83Nzf/Nzc3/zc3N/81NTX/NDQ0/z09Pf9ISEj/RUVF/0JCQv88PDz/NDQ0/zMzM/8zMzP/NTU1/zg4OP85OTn/OTk5/zo6Ov88PDz/PT09/zw8PP88PDz/PDw8/zw8PP88PDz/PT09/0FBQf9GRkb/S0tL/1JSUv9NTU3/Q0ND/z4+Pv82Njb/NjY2/zs7O/88PDz/Ojo6/zk5Of85OTn/OTk5/zw8PP9AQED/RkZG/0xMTP9LS0v/SkpK/0VFRf88PDz/ODg4/zIyMv8yMjL/MjIy/zIyMv8xMTH/MTEx/zU1Nf83Nzf/ODg4/zo6Ov9BQUH/SUlJ/0xMTP9QUFD/UFBQ/1BQUP9OTk7/SkpK/0lJSf9ISEj/RUVF/0BAQP8+Pj7/Pz8//z8/P/9AQED/QkJC/0VFRf9HR0f/RkZG/0VFRf9FRUX/RUVF/0RERP9BQUH/RERE/0hISP9OTk7/WVlZ/1paWv9XV1f/V1dX/1lZWf9ZWVn/VVVV/1NTU/9WVlb/WFhY/1xcXP9fX1//W1tb/1VVVf9TU1P/T09P/0xMTP9HR0f/RUVF/0RERP9GRkb/S0tL/01NTf9OTk7/T09P/1FRUf9UVFT/V1dX/1tbW/9bW1v/XFxc/11dXf9dXV3/XFxc/1tbW/9aWlr/WFhY/1VVVf9RUVH/UVFR/1VVVf9YWFj/X19f/2FhYf9eXl7/Wlpa/0xMTP9AQED/Pz8//z4+Pv9AQED/Q0ND/0tLS/9XV1f/WFhY/1dXV/9TU1P/SkpK/0ZGRv9CQkL/RERE/01NTf9TU1P/V1dX/1lZWf9UVFT/UFBQ/01NTf9KSkr/SkpK/0tLS/9GRkb/Pj4+/z09Pf89PT3/Pj4+/0FBQf9ISEj/WFhY/19fX/9hYWH/YWFh/2FhYf9gYGD/Xl5e/4ODg/97e3v/c3Nz/2xsbP9jY2P/XV1d/1RUVP9TU1P/U1NT/1lZWf9paWn/b29v/3d3d/96enr/fX19/35+fv96enr/d3d3/39/f/+Ghob/hoaG/4WFhf+YmJj/srKy/7a2tv+6urr/pqam/4CAgP99fX3/hoaG/4aGhv99fX3/eHh4/3V1df92dnb/hISE/4yMjP92dnb/X19f/2tra/95eXn/d3d3/3Nzc/93d3f/fX19/4WFhf+SkpL/lZWV/5aWlv+Wlpb/l5eX/5KSkv99fX3/c3Nz/319ff+Ghob/k5OT/6Kiov+Li4v/cXFx/2hoaP9dXV3/Y2Nj/25ubv9oaGj/WVlZ/1JSUv9ISEj/RkZG/0hISP9KSkr/Tk5O/1BQUP9KSkr/RkZG/1lZWf9tbW3/cHBw/3Nzc/92dnb/eXl5/4CAgP+MjIz/i4uL/4eHh/+FhYX/goKC/319ff9zc3P/ampq/1paWv9SUlL/Xl5e/2lpaf9ra2v/bm5u/2RkZP9XV1f/UFBQ/0dHR/9ERET/Pz8//0BAQP9ERET/TU1N/2FhYf9qamr/cnJy/3Jycv9mZmb/XV1d/1VVVf9OTk7/SEhI/0JCQv9HR0f/TU1N/09PT/9RUVH/UlJS/1JSUv9YWFj/Y2Nj/2ZmZv9nZ2f/a2tr/3Z2dv98fHz/fHx8/3t7e/9tbW3/X19f/1paWv9UVFT/VFRU/1RUVP9fX1//cXFx/319ff+Pj4//iYmJ/3R0dP91dXX/hYWF/4iIiP99fX3/dHR0/2JiYv9WVlb/Xl5e/2ZmZv9ra2v/cHBw/2tra/9mZmb/bGxs/3V1df9zc3P/bGxs/2pqav9nZ2f/YmJi/1dXV/9YWFj/a2tr/3Nzc/9sbGz/aGho/2lpaf9ra2v/ampq/2hoaP9bW1v/SUlJ/0hISP9GRkb/TExM/1dXV/9dXV3/Z2dn/2dnZ/9gYGD/X19f/2RkZP9mZmb/Y2Nj/2JiYv9tbW3/eHh4/5CQkP+rq6v/kpKS/3BwcP9wcHD/c3Nz/3Nzc/9xcXH/bGxs/2FhYf9eXl7/XV1d/1xcXP9ZWVn/WFhY/2BgYP9lZWX/aGho/2pqav9mZmb/YmJi/1tbW/9RUVH/Tk5O/0pKSv9MTEz/UlJS/1hYWP9lZWX/aGho/2dnZ/9lZWX/Y2Nj/2BgYP9aWlr/VVVV/1FRUf9NTU3/SUlJ/0NDQ/9BQUH/Pz8//0JCQv9HR0f/SUlJ/0xMTP9NTU3/TExM/0pKSv9ERET/QUFB/z4+Pv89PT3/QUFB/0RERP9ERET/RERE/0xMTP9WVlb/VlZW/1RUVP9LS0v/Ozs7/zo6Ov88PDz/PT09/z4+Pv89PT3/ODg4/zc3N/87Ozv/QEBA/1BQUP9eXl7/ampq/3d3d/9sbGz/Xl5e/1hYWP9PT0//UlJS/1lZWf9VVVX/TU1N/0xMTP9RUVH/UFBQ/0tLS/9HR0f/Q0ND/z8/P/86Ojr/NjY2/zc3N/84ODj/ODg4/zg4OP85OTn/Ozs7/zo6Ov83Nzf/ODg4/zs7O/89PT3/QEBA/z8/P/85OTn/NTU1/zU1Nf82Njb/Ozs7/0BAQP87Ozv/NjY2/zw8PP9CQkL/Pj4+/zc3N/87Ozv/RERE/0VFRf9GRkb/SEhI/0xMTP9LS0v/QEBA/zo6Ov84ODj/Nzc3/zo6Ov89PT3/Ozs7/zk5Of84ODj/ODg4/zo6Ov88PDz/PT09/z09Pf88PDz/Ozs7/zs7O/8+Pj7/PT09/zk5Of86Ojr/R0dH/1BQUP9QUFD/XV1d/1VVVf9NTU3/Tk5O/09PT/9WVlb/X19f/2ZmZv9wcHD/c3Nz/3h4eP+AgID/lZWV/5iYmP+Dg4P/d3d3/3Fxcf9tbW3/dnZ2/35+fv+FhYX/jIyM/4iIiP+CgoL/f39//3t7e/99fX3/goKC/4GBgf9+fn7/eHh4/2tra/9mZmb/ZmZm/2hoaP9ubm7/dHR0/3d3d/97e3v/e3t7/3p6ev97e3v/fHx8/3h4eP9xcXH/d3d3/4ODg/9+fn7/bm5u/2pqav9tbW3/bm5u/2pqav9nZ2f/YmJi/19fX/9nZ2f/b29v/39/f/+SkpL/jY2N/4aGhv97e3v/a2tr/2VlZf9eXl7/XV1d/15eXv9hYWH/bGxs/3V1df+Hh4f/kpKS/4+Pj/+Li4v/eXl5/2ZmZv9paWn/bGxs/3R0dP9/f3//gYGB/4KCgv+FhYX/i4uL/4+Pj/+VlZX/jo6O/3Nzc/9nZ2f/ZmZm/2RkZP9aWlr/UlJS/1tbW/9kZGT/bW1t/3h4eP9zc3P/bGxs/21tbf9wcHD/b29v/2xsbP9ubm7/dHR0/3d3d/98fHz/fX19/3h4eP90dHT/cXFx/25ubv9wcHD/cXFx/2xsbP9nZ2f/ampq/29vb/9xcXH/dHR0/3h4eP+AgID/iIiI/5iYmP+UlJT/eHh4/2pqav9qamr/Z2dn/1paWv9OTk7/V1dX/2FhYf9jY2P/ZWVl/2JiYv9eXl7/W1tb/1RUVP9XV1f/Xl5e/2JiYv9paWn/ampq/2dnZ/9nZ2f/b29v/3Z2dv9/f3//iIiI/39/f/92dnb/dHR0/3Fxcf95eXn/h4eH/4aGhv+BgYH/gYGB/4KCgv9+fn7/dXV1/3BwcP9ra2v/aWlp/29vb/92dnb/j4+P/6mpqf+Ojo7/cHBw/2dnZ/9bW1v/WVlZ/1hYWP9fX1//a2tr/2pqav9jY2P/aGho/3x8fP+EhIT/iYmJ/42Njf+VlZX/mpqa/4yMjP99fX3/b29v/15eXv9ZWVn/UVFR/1RUVP9ZWVn/bW1t/5OTk/+MjIz/bW1t/2VlZf9mZmb/Z2dn/2ZmZv9kZGT/Xl5e/1tbW/9jY2P/bW1t/2dnZ/9gYGD/ZGRk/2tra/9oaGj/Y2Nj/2RkZP9nZ2f/bW1t/3p6ev+BgYH/i4uL/4yMjP99fX3/c3Nz/2lpaf9hYWH/XFxc/1ZWVv9bW1v/YGBg/2VlZf9ra2v/bGxs/25ubv9xcXH/dnZ2/3d3d/94eHj/gICA/5iYmP+hoaH/m5ub/5mZmf+enp7/oaGh/46Ojv95eXn/aWlp/1ZWVv9SUlL/TExM/1JSUv9cXFz/X19f/2JiYv9eXl7/UlJS/1RUVP9mZmb/cnJy/4SEhP+Li4v/bm5u/1VVVf9VVVX/VVVV/1tbW/9iYmL/d3d3/5WVlf+Pj4//gYGB/4CAgP+BgYH/gYGB/4GBgf9+fn7/c3Nz/29vb/9xcXH/dHR0/4CAgP+Kior/hYWF/4CAgP+AgID/gICA/3Nzc/9hYWH/YWFh/2JiYv9gYGD/XV1d/1dXV/9LS0v/R0dH/0lJSf9RUVH/bm5u/4aGhv+hoaH/urq6/6ioqP+VlZX/iYmJ/3l5ef91dXX/b29v/3h4eP+Kior/iYmJ/4GBgf94eHj/ZWVl/19fX/9hYWH/YmJi/2FhYf9hYWH/Xl5e/1tbW/9nZ2f/dHR0/3Fxcf9tbW3/cXFx/3h4eP+Ghob/oKCg/5eXl/94eHj/bm5u/2RkZP9iYmL/Z2dn/25ubv+EhIT/k5OT/4uLi/9YWFj/Tk5O/0JCQv9ERET/RUVF/0hISP9NTU3/T09P/1JSUv9SUlL/UFBQ/1JSUv9YWFj/W1tb/1xcXP9fX1//aGho/25ubv9paWn/Y2Nj/2pqav9ycnL/cHBw/25ubv9paWn/YWFh/2FhYf9hYWH/X19f/1tbW/9dXV3/ZmZm/2pqav9sbGz/ampq/15eXv9VVVX/WVlZ/11dXf9bW1v/WFhY/11dXf9jY2P/ZWVl/2dnZ/9iYmL/VlZW/1ZWVv9aWlr/Xl5e/2lpaf9sbGz/aGho/2dnZ/9qamr/bW1t/2hoaP9jY2P/Y2Nj/2RkZP9mZmb/aWlp/21tbf9zc3P/b29v/2ZmZv9hYWH/WVlZ/1paWv9nZ2f/bGxs/2xsbP9sbGz/bGxs/2xsbP9mZmb/X19f/2RkZP9ra2v/b29v/3Z2dv9xcXH/aGho/2xsbP92dnb/cnJy/2RkZP9fX1//XV1d/15eXv9lZWX/bGxs/3V1df98fHz/d3d3/3Nzc/96enr/hISE/4KCgv9/f3//d3d3/2lpaf9mZmb/Y2Nj/2JiYv9hYWH/YmJi/2ZmZv9nZ2f/Y2Nj/19fX/9VVVX/TExM/05OTv9RUVH/Xl5e/29vb/90dHT/enp6/3Z2dv9ubm7/b29v/3V1df9/f3//lZWV/5eXl/+Ghob/e3t7/29vb/9oaGj/b29v/3V1df9qamr/XV1d/15eXv9gYGD/aWlp/3d3d/92dnb/cnJy/3Fxcf9wcHD/dHR0/39/f/9/f3//cHBw/2hoaP9kZGT/Y2Nj/25ubv95eXn/b29v/2NjY/9jY2P/ZGRk/2hoaP9ubm7/cXFx/3V1df93d3f/eHh4/3d3d/90dHT/c3Nz/3d3d/96enr/g4OD/4mJif+NjY3/kpKS/46Ojv+JiYn/iYmJ/4mJif+AgID/cnJy/2pqav9dXV3/XFxc/19fX/9dXV3/WFhY/1ZWVv9XV1f/WFhY/1paWv9cXFz/ZGRk/2xsbP9cXFz/S0tL/0ZGRv9AQED/Pz8//z09Pf87Ozv/NjY2/zQ0NP8yMjL/MTEx/zAwMP8wMDD/MDAw/zAwMP8wMDD/Ly8v/y8vL/8vLy//Ly8v/y8vL/8uLi7/Li4u/y8vL/8vLy//Li4u/y0tLf8tLS3/Ly8v/y8vL/8vLy//Ly8v/y8vL/8vLy//Ly8v/y8vL/8wMDD/MTEx/zExMf8wMDD/MTEx/zIyMv8yMjL/MjIy/zIyMv8yMjL/MjIy/zExMf8xMTH/MDAw/y8vL/8vLy//Ly8v/y8vL/8vLy//Ly8v/y8vL/8vLy//MDAw/y8vL/8uLi7/Li4u/y8vL/8vLy//Li4u/y4uLv8uLi7/LS0t/y0tLf8tLS3/Ly8v/zAwMP8wMDD/MDAw/zAwMP8xMTH/MjIy/zQ0NP80NDT/MzMz/zQ0NP81NTX/NjY2/zg4OP89PT3/R0dH/0tLS/9NTU3/TU1N/0xMTP9MTEz/VFRU/1tbW/9aWlr/WVlZ/2BgYP9oaGj/dHR0/4eHh/+FhYX/gYGB/4WFhf+Ojo7/i4uL/3x8fP90dHT/bm5u/2pqav9nZ2f/ZmZm/2tra/9vb2//ampq/2VlZf9ubm7/enp6/3t7e/98fHz/fn5+/4KCgv+CgoL/g4OD/35+fv9xcXH/bW1t/2tra/9sbGz/dnZ2/319ff93d3f/cnJy/3p6ev+Dg4P/enp6/21tbf9ra2v/ampq/2xsbP9ubm7/bm5u/21tbf9qamr/ZGRk/2VlZf9vb2//dHR0/29vb/9ra2v/ZGRk/xcXF/8XFxf/FhYW/xYWFv8WFhb/FhYW/xYWFv8WFhb/FxcX/xcXF/8YGBj/GBgY/xcXF/8WFhb/FhYW/xUVFf8UFBT/ExMT/xISEv8SEhL/EhIS/xEREf8SEhL/ExMT/xMTE/8TExP/ExMT/xMTE/8TExP/ExMT/xMTE/8TExP/FBQU/xUVFf8VFRX/FRUV/xYWFv8VFRX/FRUV/xQUFP8TExP/ExMT/xMTE/8SEhL/EhIS/xISEv8SEhL/EhIS/xISEv8SEhL/EhIS/xMTE/8TExP/ExMT/xMTE/8TExP/ExMT/xMTE/8TExP/ExMT/xISEv8SEhL/ERER/xEREf8QEBD/ERER/xEREf8RERH/EhIS/xMTE/8TExP/FBQU/xUVFf8WFhb/FxcX/xcXF/8YGBj/GBgY/xgYGP8YGBj/GBgY/xcXF/8WFhb/FhYW/xYWFv8XFxf/FxcX/xgYGP8YGBj/GBgY/xgYGP8YGBj/GBgY/xgYGP8YGBj/GBgY/xgYGP8XFxf/FxcX/xcXF/8XFxf/GBgY/xgYGP8ZGRn/GRkZ/xgYGP8YGBj/FxcX/xgYGP8ZGRn/GRkZ/xoaGv8aGhr/Ghoa/xkZGf8aGhr/Ghoa/xsbG/8cHBz/Gxsb/xsbG/8bGxv/Gxsb/xsbG/8bGxv/Gxsb/xoaGv8aGhr/Ghoa/xoaGv8aGhr/Gxsb/x4eHv8hISH/KCgo/zExMf8yMjL/MjIy/zIyMv8zMzP/NDQ0/zQ0NP81NTX/Ojo6/z09Pf9BQUH/Q0ND/0RERP9ERET/Pj4+/zk5Of81NTX/MjIy/zAwMP8uLi7/MDAw/zIyMv80NDT/Nzc3/zc3N/84ODj/ODg4/zg4OP84ODj/OTk5/zk5Of85OTn/OTk5/zc3N/82Njb/Pz8//0hISP9GRkb/QkJC/z4+Pv83Nzf/ODg4/zo6Ov87Ozv/PT09/z09Pf88PDz/PDw8/z4+Pv8/Pz//Pj4+/z09Pf8+Pj7/Pj4+/z09Pf89PT3/QEBA/0RERP9GRkb/SUlJ/0VFRf8+Pj7/Ozs7/zg4OP85OTn/Pz8//0FBQf8/Pz//Pj4+/0JCQv9ERET/RERE/0RERP9ISEj/TExM/0pKSv9ISEj/RkZG/0JCQv9AQED/Ozs7/zo6Ov85OTn/ODg4/zg4OP85OTn/PT09/z8/P/89PT3/PDw8/0FBQf9GRkb/TU1N/1VVVf9UVFT/UlJS/1NTU/9TU1P/UlJS/05OTv9LS0v/RkZG/0RERP9DQ0P/RERE/0dHR/9KSkr/TExM/05OTv9KSkr/RUVF/0RERP9DQ0P/Q0ND/0NDQ/9ERET/R0dH/0xMTP9WVlb/WFhY/1paWv9bW1v/XFxc/1xcXP9aWlr/WVlZ/1VVVf9TU1P/UlJS/1JSUv9PT0//S0tL/0lJSf9GRkb/RUVF/0RERP9DQ0P/Q0ND/0RERP9HR0f/SEhI/0lJSf9LS0v/UVFR/1VVVf9cXFz/YmJi/11dXf9YWFj/V1dX/1dXV/9XV1f/WVlZ/1tbW/9eXl7/XFxc/1lZWf9ZWVn/Xl5e/2JiYv9sbGz/cHBw/2pqav9lZWX/VlZW/0lJSf9GRkb/RERE/0ZGRv9ISEj/S0tL/1BQUP9RUVH/U1NT/1FRUf9MTEz/S0tL/0pKSv9MTEz/VVVV/1lZWf9bW1v/XFxc/1xcXP9bW1v/VFRU/01NTf9NTU3/TU1N/0hISP8/Pz//Pj4+/z09Pf9AQED/R0dH/0xMTP9UVFT/V1dX/1hYWP9YWFj/V1dX/1dXV/9XV1f/h4eH/4SEhP+AgID/dnZ2/2pqav9kZGT/XFxc/1lZWf9VVVX/Y2Nj/4KCgv+MjIz/j4+P/46Ojv+Hh4f/goKC/39/f/99fX3/hoaG/4+Pj/99fX3/ampq/25ubv90dHT/enp6/4SEhP+Hh4f/ioqK/5aWlv+wsLD/tbW1/7Gxsf+lpaX/fn5+/2dnZ/9hYWH/XV1d/1xcXP9bW1v/aWlp/3p6ev91dXX/b29v/3Fxcf90dHT/d3d3/319ff93d3f/Z2dn/2JiYv9eXl7/W1tb/1VVVf9WVlb/a2tr/39/f/+np6f/0dHR/6SkpP9vb2//ampq/2NjY/9zc3P/jo6O/4aGhv9vb2//ZWVl/1hYWP9TU1P/TU1N/01NTf9WVlb/Wlpa/1BQUP9ISEj/U1NT/15eXv9gYGD/YmJi/29vb/+Dg4P/jo6O/5+fn/+cnJz/kpKS/5CQkP+QkJD/h4eH/21tbf9fX1//VlZW/1FRUf9aWlr/YWFh/2dnZ/9sbGz/Z2dn/2FhYf9bW1v/VFRU/05OTv9GRkb/RUVF/0RERP9JSUn/VFRU/1xcXP9paWn/bm5u/2lpaf9lZWX/WVlZ/05OTv9LS0v/SEhI/1BQUP9aWlr/Wlpa/1tbW/9UVFT/SEhI/0ZGRv9HR0f/S0tL/1VVVf9cXFz/ZmZm/21tbf95eXn/f39//3Z2dv9ubm7/bm5u/29vb/9paWn/YmJi/2JiYv9iYmL/cnJy/46Ojv+IiIj/cnJy/3Z2dv+RkZH/kpKS/3l5ef9qamr/W1tb/1FRUf9VVVX/WVlZ/2dnZ/92dnb/eHh4/3t7e/92dnb/bm5u/2dnZ/9cXFz/XV1d/2FhYf9dXV3/Tk5O/01NTf9cXFz/Y2Nj/2BgYP9dXV3/XFxc/1paWv9jY2P/bGxs/2FhYf9TU1P/UFBQ/0xMTP9RUVH/XFxc/2dnZ/96enr/e3t7/3Fxcf9wcHD/enp6/35+fv91dXX/bm5u/2pqav9mZmb/dHR0/4WFhf99fX3/cnJy/4ODg/+fn5//oqKi/6Ojo/+YmJj/fn5+/3V1df9wcHD/bGxs/2JiYv9cXFz/WVlZ/1dXV/9gYGD/ampq/2pqav9ra2v/Xl5e/05OTv9KSkr/RkZG/0VFRf9FRUX/SkpK/1dXV/9eXl7/a2tr/3Jycv96enr/fHx8/3BwcP9lZWX/U1NT/0FBQf8+Pj7/Ozs7/z8/P/9FRUX/SkpK/1NTU/9YWFj/X19f/15eXv9ZWVn/U1NT/0VFRf8+Pj7/Nzc3/zQ0NP83Nzf/OTk5/zo6Ov88PDz/QEBA/0VFRf9ERET/Q0ND/z8/P/85OTn/Ozs7/0JCQv9CQkL/QUFB/z8/P/86Ojr/ODg4/zc3N/83Nzf/Pj4+/0NDQ/9LS0v/U1NT/1lZWf9hYWH/YGBg/11dXf9aWlr/VlZW/1dXV/9ZWVn/Wlpa/1xcXP9ZWVn/TU1N/0hISP9KSkr/SkpK/0RERP8/Pz//QEBA/0FBQf88PDz/Nzc3/zg4OP84ODj/ODg4/zg4OP86Ojr/Pz8//0BAQP8+Pj7/Pj4+/0BAQP9CQkL/RERE/0dHR/9QUFD/WVlZ/0tLS/87Ozv/QEBA/0ZGRv9BQUH/OTk5/0JCQv9SUlL/VFRU/1RUVP9YWFj/Y2Nj/19fX/9JSUn/PDw8/zU1Nf8xMTH/NjY2/zo6Ov86Ojr/Ojo6/zw8PP8/Pz//QEBA/0JCQv9BQUH/PT09/zo6Ov80NDT/MzMz/zQ0NP81NTX/NTU1/zY2Nv87Ozv/Pj4+/z4+Pv9aWlr/VVVV/1BQUP9QUFD/UFBQ/1VVVf9eXl7/X19f/2BgYP9qamr/fn5+/4mJif+ZmZn/l5eX/3x8fP9tbW3/bGxs/2tra/9ycnL/eXl5/4CAgP+IiIj/i4uL/5CQkP+JiYn/fn5+/39/f/+FhYX/goKC/3t7e/94eHj/dnZ2/3Z2dv95eXn/fHx8/4KCgv+FhYX/enp6/25ubv9ycnL/d3d3/4CAgP+MjIz/h4eH/35+fv+Li4v/pqam/52dnf96enr/dHR0/3x8fP9+fn7/dnZ2/3BwcP9gYGD/U1NT/1ZWVv9ZWVn/ZWVl/3Jycv94eHj/gICA/3R0dP9eXl7/VlZW/0pKSv9JSUn/TExM/1FRUf9bW1v/ZGRk/3R0dP9/f3//iYmJ/5CQkP96enr/Y2Nj/21tbf96enr/g4OD/5GRkf+RkZH/kJCQ/5SUlP+cnJz/pKSk/7S0tP+tra3/h4eH/3R0dP9qamr/YmJi/1ZWVv9MTEz/VVVV/15eXv9jY2P/aGho/2tra/9ubm7/a2tr/2ZmZv9kZGT/Y2Nj/2dnZ/90dHT/eHh4/3l5ef96enr/fHx8/35+fv99fX3/fX19/3p6ev92dnb/cXFx/2tra/9mZmb/Xl5e/15eXv9fX1//ampq/4GBgf+JiYn/kJCQ/5CQkP+Ghob/gYGB/3x8fP93d3f/Y2Nj/1FRUf9XV1f/XV1d/2FhYf9mZmb/ZGRk/2FhYf9gYGD/X19f/2FhYf9kZGT/ZGRk/2JiYv9iYmL/ZWVl/2hoaP9wcHD/dXV1/3l5ef98fHz/fn5+/4CAgP9+fn7/e3t7/3Z2dv9ubm7/bGxs/2tra/9ra2v/a2tr/2lpaf9jY2P/YGBg/1tbW/9cXFz/a2tr/3h4eP+RkZH/qqqq/5CQkP9zc3P/aWlp/1xcXP9aWlr/V1dX/1VVVf9QUFD/VVVV/2NjY/9zc3P/mJiY/56env+Dg4P/dnZ2/3t7e/9+fn7/fX19/3t7e/9sbGz/Wlpa/1hYWP9VVVX/WVlZ/2BgYP9ycnL/k5OT/4yMjP9vb2//bm5u/4CAgP+Dg4P/c3Nz/2hoaP9bW1v/UlJS/1paWv9iYmL/XV1d/1hYWP9kZGT/dHR0/3R0dP90dHT/eHh4/4CAgP+FhYX/jY2N/4qKiv97e3v/d3d3/319ff9/f3//d3d3/3Fxcf9nZ2f/XFxc/1xcXP9cXFz/YmJi/2tra/9nZ2f/YGBg/2ZmZv90dHT/dnZ2/3Z2dv91dXX/c3Nz/3Nzc/9zc3P/c3Nz/21tbf9oaGj/YmJi/1xcXP9YWFj/U1NT/09PT/9ISEj/UlJS/2NjY/9jY2P/X19f/1paWv9QUFD/VlZW/3Nzc/+Ghob/oqKi/62trf+Dg4P/Xl5e/1tbW/9XV1f/X19f/2lpaf99fX3/mZmZ/5OTk/+Ghob/ioqK/5aWlv+RkZH/fX19/3V1df9xcXH/b29v/29vb/9wcHD/eHh4/35+fv+JiYn/lJSU/5eXl/+ampr/h4eH/2pqav9sbGz/dHR0/3BwcP9nZ2f/X19f/1JSUv9OTk7/UFBQ/1hYWP93d3f/jIyM/4yMjP+NjY3/goKC/3Z2dv92dnb/d3d3/3p6ev9/f3//i4uL/6Ghof+ioqL/nZ2d/5aWlv+Dg4P/fX19/3x8fP96enr/cnJy/21tbf9qamr/Z2dn/3Nzc/+AgID/dXV1/2dnZ/9oaGj/a2tr/3Fxcf98fHz/fHx8/3h4eP9ycnL/Y2Nj/19fX/9lZWX/b29v/5CQkP+lpaX/lpaW/1RUVP9LS0v/QEBA/0JCQv9DQ0P/RUVF/0dHR/9KSkr/UFBQ/1BQUP9NTU3/TU1N/09PT/9QUFD/U1NT/1ZWVv9dXV3/Y2Nj/2BgYP9dXV3/Z2dn/3Nzc/9vb2//a2tr/2NjY/9WVlb/VVVV/1ZWVv9VVVX/UVFR/1RUVP9dXV3/Y2Nj/2pqav9sbGz/XV1d/1JSUv9UVFT/V1dX/1hYWP9aWlr/X19f/2dnZ/9hYWH/V1dX/1ZWVv9XV1f/WVlZ/15eXv9hYWH/ZWVl/2dnZ/9nZ2f/aGho/29vb/90dHT/cXFx/29vb/9ra2v/Z2dn/3BwcP9+fn7/gICA/4KCgv96enr/ampq/2NjY/9aWlr/XFxc/2hoaP9ubm7/bW1t/2xsbP9ubm7/b29v/2pqav9kZGT/bGxs/3V1df97e3v/g4OD/3p6ev9ra2v/cHBw/3x8fP92dnb/YmJi/11dXf9dXV3/YWFh/2xsbP91dXX/f39//4eHh/+FhYX/g4OD/5GRkf+ioqL/n5+f/5ubm/+RkZH/gYGB/3Z2dv9kZGT/Y2Nj/2pqav9tbW3/b29v/25ubv9oaGj/YmJi/1tbW/9UVFT/UlJS/1BQUP9YWFj/YWFh/2ZmZv9ubm7/bm5u/2xsbP94eHj/kpKS/5ycnP+pqan/pqam/5OTk/+FhYX/cXFx/2ZmZv9ycnL/fX19/3Jycv9mZmb/YWFh/1xcXP9kZGT/cXFx/3R0dP93d3f/cXFx/2VlZf9fX1//VlZW/1RUVP9UVFT/VlZW/15eXv9nZ2f/g4OD/52dnf+Kior/dXV1/25ubv9nZ2f/Z2dn/2hoaP9tbW3/d3d3/3t7e/9/f3//fHx8/3Fxcf9ubm7/cHBw/3V1df+Ghob/kpKS/46Ojv+Kior/kZGR/5iYmP+QkJD/hoaG/3l5ef9lZWX/YGBg/1paWv9bW1v/YGBg/15eXv9TU1P/UFBQ/1JSUv9UVFT/U1NT/1RUVP9YWFj/XV1d/1FRUf9ERET/Q0ND/0JCQv9BQUH/QEBA/z09Pf84ODj/NjY2/zMzM/8yMjL/MDAw/zAwMP8xMTH/MTEx/y8vL/8uLi7/Li4u/y4uLv8uLi7/Li4u/y8vL/8wMDD/Ly8v/y8vL/8uLi7/LS0t/y4uLv8vLy//MDAw/y8vL/8vLy//Ly8v/y8vL/8uLi7/Li4u/y8vL/8vLy//Ly8v/y4uLv8vLy//MDAw/zAwMP8vLy//MDAw/zIyMv8yMjL/MTEx/zExMf8wMDD/MDAw/zAwMP8wMDD/Ly8v/y4uLv8vLy//MTEx/zAwMP8vLy//Li4u/y0tLf8tLS3/Li4u/y4uLv8vLy//Ly8v/y4uLv8uLi7/LS0t/y0tLf8uLi7/Ly8v/zAwMP8xMTH/MTEx/zExMf8zMzP/NTU1/zQ0NP80NDT/NTU1/zY2Nv84ODj/PDw8/0JCQv9RUVH/VlZW/1ZWVv9XV1f/V1dX/1lZWf9kZGT/b29v/2pqav9kZGT/b29v/3x8fP+Hh4f/l5eX/5SUlP+NjY3/jIyM/4qKiv+CgoL/b29v/2tra/9ycnL/dXV1/3Fxcf9vb2//fHx8/4iIiP99fX3/cnJy/3l5ef+CgoL/gYGB/319ff94eHj/bm5u/21tbf9vb2//bm5u/2hoaP9nZ2f/a2tr/3Jycv+Hh4f/lZWV/4yMjP+Dg4P/jY2N/5iYmP+NjY3/gICA/4KCgv+Hh4f/goKC/3d3d/9wcHD/Y2Nj/2BgYP9hYWH/YWFh/2FhYf9gYGD/WVlZ/1VVVf9YWFj/GBgY/xcXF/8XFxf/FxcX/xYWFv8WFhb/FhYW/xYWFv8WFhb/FhYW/xYWFv8WFhb/FRUV/xUVFf8UFBT/FBQU/xMTE/8SEhL/EhIS/xISEv8SEhL/EhIS/xISEv8SEhL/EhIS/xISEv8SEhL/EhIS/xISEv8SEhL/EhIS/xMTE/8TExP/FBQU/xUVFf8VFRX/FRUV/xUVFf8UFBT/ExMT/xISEv8SEhL/EhIS/xISEv8RERH/ERER/xISEv8SEhL/ERER/xEREf8SEhL/EhIS/xMTE/8TExP/ExMT/xMTE/8TExP/ExMT/xMTE/8SEhL/EhIS/xISEv8SEhL/ERER/xEREf8QEBD/EBAQ/xAQEP8RERH/EhIS/xMTE/8UFBT/FRUV/xYWFv8XFxf/FxcX/xcXF/8XFxf/FxcX/xcXF/8XFxf/FxcX/xYWFv8WFhb/FxcX/xcXF/8XFxf/FxcX/xgYGP8YGBj/GBgY/xgYGP8XFxf/FxcX/xgYGP8YGBj/GBgY/xgYGP8YGBj/FxcX/xcXF/8YGBj/GBgY/xkZGf8ZGRn/GRkZ/xkZGf8ZGRn/GRkZ/xoaGv8bGxv/Gxsb/xsbG/8aGhr/Ghoa/xoaGv8ZGRn/Ghoa/xoaGv8aGhr/Gxsb/xsbG/8bGxv/Gxsb/xsbG/8bGxv/Ghoa/xoaGv8aGhr/Ghoa/xsbG/8cHBz/Hx8f/yIiIv8rKyv/ODg4/zk5Of86Ojr/PDw8/z09Pf89PT3/PT09/z8/P/9FRUX/SEhI/0pKSv9JSUn/Q0ND/z4+Pv87Ozv/ODg4/zg4OP84ODj/Nzc3/zU1Nf82Njb/Nzc3/zg4OP85OTn/Ojo6/zs7O/87Ozv/OTk5/zk5Of87Ozv/PDw8/zs7O/87Ozv/Ojo6/zk5Of9AQED/SUlJ/0ZGRv9BQUH/Pz8//zw8PP89PT3/QUFB/0JCQv9CQkL/QkJC/0BAQP9AQED/QEBA/0BAQP8/Pz//Pj4+/z8/P/9BQUH/Pj4+/zw8PP8+Pj7/QEBA/0BAQP8+Pj7/PDw8/zg4OP84ODj/Ozs7/z4+Pv9ERET/RkZG/0RERP9FRUX/TU1N/1JSUv9OTk7/SUlJ/0pKSv9LS0v/SUlJ/0ZGRv9ISEj/SkpK/0hISP9GRkb/RERE/0FBQf9AQED/QUFB/0NDQ/9GRkb/SEhI/0NDQ/9AQED/QUFB/0NDQ/9PT0//XFxc/1lZWf9VVVX/WFhY/15eXv9bW1v/VVVV/1JSUv9NTU3/S0tL/0hISP9JSUn/T09P/1NTU/9WVlb/V1dX/05OTv9ERET/QkJC/0BAQP9CQkL/RUVF/0VFRf9GRkb/SkpK/1JSUv9WVlb/XV1d/19fX/9eXl7/Xl5e/19fX/9eXl7/VVVV/01NTf9HR0f/QkJC/0BAQP8/Pz//Pj4+/zw8PP89PT3/QEBA/0FBQf9DQ0P/Q0ND/0JCQv9CQkL/RERE/0dHR/9QUFD/V1dX/2FhYf9paWn/Xl5e/1JSUv9RUVH/T09P/1JSUv9WVlb/W1tb/2RkZP9kZGT/YWFh/2JiYv9nZ2f/bW1t/3t7e/+BgYH/eHh4/3Fxcf9iYmL/U1NT/1BQUP9MTEz/Tk5O/1BQUP9NTU3/SEhI/0pKSv9OTk7/T09P/05OTv9QUFD/U1NT/1ZWVv9dXV3/YWFh/2FhYf9iYmL/ZWVl/2hoaP9eXl7/UlJS/1JSUv9RUVH/S0tL/0FBQf8/Pz//PDw8/0JCQv9OTk7/UFBQ/05OTv9NTU3/TExM/0xMTP9LS0v/S0tL/1BQUP+Dg4P/fn5+/3h4eP9xcXH/aGho/2JiYv9aWlr/WFhY/1VVVf9iYmL/f39//4aGhv+EhIT/hISE/4SEhP+EhIT/goKC/4KCgv+FhYX/iIiI/319ff9wcHD/cnJy/3R0dP97e3v/hoaG/4iIiP+Kior/lJSU/6qqqv+vr6//qamp/5ycnP91dXX/Xl5e/1ZWVv9RUVH/VFRU/1dXV/9nZ2f/enp6/3l5ef93d3f/eHh4/3p6ev9+fn7/hYWF/35+fv9oaGj/YWFh/11dXf9ZWVn/VFRU/1NTU/9kZGT/c3Nz/5iYmP++vr7/mpqa/3BwcP9wcHD/cXFx/3p6ev+JiYn/hYWF/3p6ev9zc3P/ZmZm/2BgYP9ZWVn/Wlpa/2xsbP90dHT/ZmZm/1lZWf9aWlr/W1tb/2RkZP9ubm7/hoaG/6enp/+wsLD/u7u7/7CwsP+Wlpb/j4+P/4yMjP+Dg4P/a2tr/19fX/9ZWVn/VlZW/15eXv9lZWX/d3d3/4uLi/+NjY3/kJCQ/4ODg/9xcXH/aGho/1paWv9ZWVn/W1tb/19fX/9oaGj/ampq/2hoaP9nZ2f/ZGRk/2FhYf9YWFj/T09P/0xMTP9JSUn/UVFR/1xcXP9iYmL/bGxs/2NjY/9UVFT/T09P/0pKSv9OTk7/WFhY/11dXf9gYGD/ZWVl/3Jycv99fX3/iIiI/5OTk/+IiIj/fHx8/3R0dP9ra2v/ZmZm/15eXv9nZ2f/eXl5/3V1df9nZ2f/bm5u/4eHh/+JiYn/dXV1/2lpaf9eXl7/V1dX/1xcXP9hYWH/bm5u/3x8fP97e3v/enp6/3d3d/9xcXH/aGho/1dXV/9XV1f/XFxc/1paWv9UVFT/U1NT/1lZWf9cXFz/YWFh/2RkZP9gYGD/XFxc/15eXv9fX1//V1dX/0xMTP9KSkr/SEhI/0xMTP9VVVX/Xl5e/3Fxcf90dHT/bm5u/3Jycv+FhYX/jIyM/319ff9wcHD/Z2dn/15eXv9paWn/d3d3/3h4eP97e3v/iYmJ/6Ghof+srKz/u7u7/7CwsP+RkZH/g4OD/3R0dP9wcHD/c3Nz/3R0dP9paWn/YmJi/3BwcP99fX3/fX19/3x8fP9wcHD/X19f/2BgYP9jY2P/Y2Nj/2JiYv9fX1//Wlpa/1tbW/9gYGD/ZWVl/21tbf9xcXH/Z2dn/15eXv9RUVH/RERE/0NDQ/9BQUH/SUlJ/1RUVP9UVFT/U1NT/1ZWVv9aWlr/Wlpa/1dXV/9SUlL/RkZG/0BAQP86Ojr/Nzc3/zw8PP8/Pz//QEBA/0FBQf9HR0f/Tk5O/0tLS/9HR0f/RERE/z8/P/9ERET/UFBQ/1BQUP9KSkr/R0dH/0dHR/9FRUX/QUFB/z8/P/9CQkL/RkZG/0dHR/9JSUn/UVFR/1paWv9dXV3/X19f/19fX/9eXl7/XFxc/1dXV/9WVlb/V1dX/1RUVP9ISEj/RERE/0ZGRv9HR0f/SkpK/0xMTP9PT0//UVFR/0hISP89PT3/PT09/z09Pf8/Pz//QkJC/0FBQf9AQED/Pj4+/zo6Ov86Ojr/PT09/0BAQP9FRUX/SkpK/1FRUf9YWFj/TExM/z8/P/9CQkL/RkZG/0FBQf85OTn/QEBA/01NTf9PT0//TU1N/1BQUP9ZWVn/VlZW/0RERP85OTn/NDQ0/zAwMP82Njb/Ozs7/zo6Ov85OTn/PT09/0FBQf9CQkL/RERE/0FBQf88PDz/ODg4/zExMf8wMDD/MjIy/zMzM/80NDT/NTU1/zc3N/84ODj/ODg4/2VlZf9bW1v/UVFR/09PT/9LS0v/T09P/1ZWVv9bW1v/ZGRk/21tbf+AgID/iIiI/5GRkf+Ojo7/d3d3/2pqav9mZmb/ZGRk/2dnZ/9ra2v/cHBw/3Z2dv98fHz/g4OD/39/f/93d3f/enp6/4KCgv+BgYH/e3t7/3d3d/9wcHD/bm5u/3Nzc/92dnb/eXl5/3t7e/9wcHD/ZGRk/2pqav9xcXH/eXl5/4SEhP9+fn7/dXV1/39/f/+VlZX/jo6O/3Jycv9ubm7/eXl5/39/f/+EhIT/hISE/3Jycv9kZGT/ZWVl/2ZmZv9ra2v/cHBw/3R0dP95eXn/cHBw/19fX/9ZWVn/UlJS/1VVVf9hYWH/Z2dn/3BwcP91dXX/fX19/4KCgv+FhYX/hoaG/3d3d/9mZmb/bm5u/3Z2dv98fHz/hYWF/4WFhf+Ghob/iIiI/46Ojv+UlJT/oaGh/56env+IiIj/enp6/2pqav9fX1//WFhY/1FRUf9aWlr/Y2Nj/2RkZP9mZmb/a2tr/3Jycv9xcXH/bW1t/21tbf9tbW3/dnZ2/42Njf+RkZH/iYmJ/4SEhP98fHz/eHh4/3t7e/9+fn7/fn5+/319ff+Hh4f/k5OT/4iIiP93d3f/cXFx/2hoaP9ra2v/dnZ2/3p6ev99fX3/fX19/3x8fP98fHz/fX19/3x8fP9tbW3/YGBg/2RkZP9oaGj/Z2dn/2ZmZv9jY2P/X19f/2BgYP9hYWH/Y2Nj/2hoaP9sbGz/dHR0/3Z2dv9ycnL/cnJy/3Z2dv95eXn/eXl5/3l5ef93d3f/dXV1/3V1df92dnb/cnJy/2xsbP9ubm7/cnJy/3V1df96enr/eHh4/21tbf9nZ2f/X19f/11dXf9qamr/dXV1/4mJif+cnJz/jY2N/3x8fP91dXX/bGxs/3BwcP93d3f/cHBw/2BgYP9iYmL/bGxs/3Z2dv+JiYn/iYmJ/3Fxcf9kZGT/aWlp/21tbf9ubm7/cHBw/2JiYv9SUlL/U1NT/1ZWVv9fX1//bm5u/3Z2dv+EhIT/fHx8/2VlZf9lZWX/dnZ2/3p6ev9wcHD/aWlp/2VlZf9iYmL/X19f/1xcXP9cXFz/W1tb/2ZmZv91dXX/e3t7/4ODg/+FhYX/hoaG/4iIiP+NjY3/i4uL/4ODg/9/f3//fX19/3p6ev9xcXH/aWlp/2VlZf9iYmL/ZGRk/2ZmZv9oaGj/a2tr/2VlZf9bW1v/XV1d/2VlZf9mZmb/Z2dn/2lpaf9ra2v/cnJy/4eHh/+SkpL/hYWF/3p6ev90dHT/bW1t/2pqav9mZmb/XFxc/05OTv9WVlb/Z2dn/2hoaP9nZ2f/YWFh/1RUVP9cXFz/gICA/5eXl/+1tbX/wcHB/5mZmf92dnb/bW1t/2NjY/9oaGj/bW1t/319ff+UlJT/jo6O/4CAgP+EhIT/kJCQ/4mJif9zc3P/bGxs/21tbf9vb2//dHR0/3d3d/95eXn/fHx8/4WFhf+QkJD/k5OT/5aWlv+JiYn/dXV1/319ff+Pj4//jIyM/4CAgP92dnb/ZGRk/11dXf9bW1v/Xl5e/3R0dP+CgoL/fX19/3h4eP93d3f/dXV1/3Z2dv92dnb/fX19/4eHh/+Tk5P/p6en/6Kiov+SkpL/iYmJ/35+fv96enr/eXl5/3d3d/9ubm7/Z2dn/2dnZ/9nZ2f/eHh4/4mJif94eHj/YWFh/15eXv9aWlr/X19f/2lpaf9vb2//d3d3/3d3d/9xcXH/b29v/3BwcP94eHj/nZ2d/7S0tP+cnJz/TExM/0hISP9CQkL/Q0ND/0RERP9FRUX/RkZG/0hISP9NTU3/TU1N/0xMTP9NTU3/UVFR/1NTU/9VVVX/V1dX/1xcXP9gYGD/X19f/19fX/9jY2P/aGho/2ZmZv9iYmL/XV1d/1RUVP9WVlb/XFxc/19fX/9jY2P/Y2Nj/19fX/9gYGD/ZmZm/2hoaP9dXV3/VlZW/1hYWP9bW1v/XFxc/15eXv9hYWH/ZmZm/19fX/9TU1P/UlJS/1RUVP9XV1f/W1tb/1xcXP9eXl7/X19f/2BgYP9hYWH/aGho/21tbf9xcXH/dHR0/29vb/9qamr/b29v/3h4eP93d3f/dnZ2/3Jycv9ra2v/Z2dn/2JiYv9hYWH/ZmZm/2hoaP9nZ2f/ZmZm/2dnZ/9nZ2f/ZWVl/2NjY/9oaGj/b29v/3Nzc/94eHj/cnJy/2dnZ/9ra2v/dnZ2/3R0dP9oaGj/ZWVl/2ZmZv9oaGj/bm5u/3Nzc/93d3f/enp6/3l5ef94eHj/hoaG/5aWlv+Tk5P/jo6O/4aGhv96enr/b29v/11dXf9cXFz/YWFh/2RkZP9oaGj/aWlp/2RkZP9hYWH/Xl5e/1tbW/9hYWH/aGho/21tbf90dHT/c3Nz/3Fxcf9tbW3/ZmZm/29vb/+Dg4P/ioqK/5GRkf+Pj4//gYGB/3d3d/9nZ2f/Xl5e/2lpaf9zc3P/bm5u/2lpaf9oaGj/Z2dn/3Jycv+CgoL/fn5+/3V1df9ubm7/YGBg/1paWv9RUVH/UFBQ/1dXV/9cXFz/Y2Nj/2pqav99fX3/j4+P/4eHh/9/f3//eXl5/3Jycv9wcHD/bm5u/3Jycv96enr/e3t7/3h4eP92dnb/dHR0/3Jycv9xcXH/dHR0/4CAgP+IiIj/hYWF/4KCgv+IiIj/j4+P/4mJif+BgYH/fHx8/3V1df9sbGz/XV1d/1xcXP9gYGD/Y2Nj/2lpaf9paWn/YWFh/11dXf9gYGD/YWFh/19fX/9cXFz/WFhY/1NTU/9QUFD/TExM/0dHR/9BQUH/Pj4+/zo6Ov83Nzf/NDQ0/zIyMv8xMTH/MDAw/zExMf8wMDD/Ly8v/y8vL/8uLi7/Li4u/y4uLv8uLi7/Ly8v/zAwMP8vLy//Ly8v/y4uLv8uLi7/Li4u/y4uLv8uLi7/Li4u/y4uLv8vLy//Ly8v/y8vL/8vLy//Ly8v/zAwMP8vLy//Li4u/y8vL/8vLy//Ly8v/y8vL/8vLy//MTEx/zExMf8xMTH/MDAw/zAwMP8wMDD/MDAw/zAwMP8vLy//Li4u/y8vL/8wMDD/MDAw/y8vL/8uLi7/LS0t/y4uLv8uLi7/Li4u/y8vL/8uLi7/Li4u/y0tLf8tLS3/LS0t/y4uLv8vLy//MDAw/zExMf8xMTH/MjIy/zMzM/81NTX/NTU1/zU1Nf82Njb/OTk5/zs7O/9BQUH/R0dH/1NTU/9XV1f/V1dX/1dXV/9ZWVn/XFxc/2ZmZv9vb2//ampq/2VlZf9vb2//fHx8/4WFhf+SkpL/j4+P/4iIiP+JiYn/jIyM/4WFhf9wcHD/bGxs/3Nzc/94eHj/fHx8/39/f/+Hh4f/j4+P/4CAgP9wcHD/cnJy/3Nzc/9ycnL/cHBw/3Fxcf90dHT/d3d3/35+fv97e3v/b29v/2xsbP9ycnL/eXl5/42Njf+ZmZn/jY2N/4GBgf+Hh4f/jY2N/4WFhf96enr/f39//4aGhv+CgoL/eHh4/3V1df9xcXH/b29v/2pqav9mZmb/YmJi/2BgYP9eXl7/XV1d/2FhYf8YGBj/GBgY/xcXF/8XFxf/FxcX/xcXF/8WFhb/FhYW/xYWFv8WFhb/FhYW/xUVFf8UFBT/FBQU/xMTE/8TExP/EhIS/xEREf8RERH/ERER/xEREf8SEhL/EhIS/xISEv8SEhL/EhIS/xISEv8SEhL/EhIS/xISEv8SEhL/EhIS/xMTE/8UFBT/FBQU/xQUFP8UFBT/ExMT/xMTE/8SEhL/EhIS/xISEv8SEhL/ERER/xEREf8RERH/EhIS/xISEv8RERH/ERER/xISEv8SEhL/EhIS/xMTE/8TExP/ExMT/xMTE/8TExP/ExMT/xISEv8SEhL/EhIS/xISEv8RERH/ERER/xAQEP8QEBD/EBAQ/xAQEP8SEhL/EhIS/xQUFP8VFRX/FhYW/xcXF/8XFxf/FxcX/xcXF/8YGBj/GBgY/xgYGP8XFxf/FxcX/xcXF/8XFxf/FxcX/xcXF/8XFxf/FxcX/xgYGP8XFxf/FxcX/xcXF/8WFhb/FxcX/xgYGP8YGBj/GBgY/xgYGP8XFxf/GBgY/xgYGP8YGBj/GRkZ/xkZGf8ZGRn/GRkZ/xkZGf8ZGRn/Ghoa/xsbG/8aGhr/Ghoa/xoaGv8aGhr/Ghoa/xoaGv8aGhr/Ghoa/xsbG/8bGxv/Gxsb/xsbG/8bGxv/Gxsb/xsbG/8aGhr/Ghoa/xoaGv8aGhr/Gxsb/xwcHP8eHh7/ISEh/ysrK/83Nzf/ODg4/zo6Ov87Ozv/PDw8/zw8PP87Ozv/PT09/0FBQf9DQ0P/RERE/0NDQ/8/Pz//PDw8/zo6Ov84ODj/OTk5/zo6Ov84ODj/NjY2/zc3N/85OTn/OTk5/zg4OP84ODj/ODg4/zc3N/83Nzf/Nzc3/zg4OP85OTn/ODg4/zg4OP83Nzf/NjY2/zw8PP9DQ0P/QEBA/z09Pf88PDz/Ojo6/zw8PP8/Pz//QEBA/0FBQf9AQED/Pz8//z8/P/9BQUH/QkJC/0FBQf9BQUH/QUFB/0JCQv9AQED/Pz8//0FBQf9DQ0P/QUFB/z8/P/89PT3/Ojo6/zo6Ov88PDz/PT09/0FBQf9CQkL/Pz8//z8/P/9GRkb/S0tL/0dHR/9ERET/RERE/0VFRf9FRUX/RUVF/0dHR/9LS0v/Tk5O/1JSUv9QUFD/S0tL/0tLS/9NTU3/T09P/1RUVP9VVVX/S0tL/0RERP9ERET/RUVF/1BQUP9cXFz/Wlpa/1ZWVv9ZWVn/X19f/1tbW/9SUlL/T09P/01NTf9MTEz/S0tL/0xMTP9QUFD/UlJS/1VVVf9XV1f/U1NT/05OTv9MTEz/SUlJ/0dHR/9ERET/RUVF/0ZGRv9KSkr/UVFR/1RUVP9ZWVn/XFxc/11dXf9fX1//Y2Nj/2RkZP9YWFj/Tk5O/0hISP9BQUH/QEBA/z4+Pv8/Pz//QUFB/0NDQ/9FRUX/SEhI/0xMTP9LS0v/R0dH/0ZGRv9HR0f/SkpK/1NTU/9ZWVn/X19f/2RkZP9dXV3/VVVV/1VVVf9UVFT/VlZW/1hYWP9bW1v/X19f/15eXv9aWlr/Wlpa/15eXv9jY2P/bm5u/3Jycv9qamr/ZGRk/1lZWf9OTk7/T09P/09PT/9OTk7/Tk5O/0xMTP9JSUn/S0tL/05OTv9OTk7/Tk5O/09PT/9SUlL/VlZW/15eXv9iYmL/YGBg/19fX/9gYGD/YWFh/1dXV/9NTU3/T09P/1FRUf9LS0v/QkJC/0JCQv9CQkL/R0dH/1JSUv9UVFT/UFBQ/05OTv9LS0v/SUlJ/0ZGRv9FRUX/SUlJ/3t7e/9ycnL/aGho/2ZmZv9kZGT/Xl5e/1NTU/9TU1P/VFRU/15eXv9zc3P/dXV1/21tbf9ubm7/fn5+/4eHh/+IiIj/iIiI/4GBgf96enr/fn5+/4ODg/+Dg4P/hISE/4uLi/+VlZX/kpKS/4iIiP+MjIz/l5eX/5eXl/+Pj4//g4OD/2VlZf9TU1P/TU1N/0lJSf9NTU3/UVFR/2RkZP96enr/fn5+/4SEhP+FhYX/h4eH/42Njf+ZmZn/kJCQ/3V1df9tbW3/aGho/2RkZP9bW1v/V1dX/1xcXP9iYmL/e3t7/5SUlP+EhIT/cXFx/3l5ef+EhIT/gYGB/3l5ef99fX3/hoaG/4ODg/94eHj/c3Nz/2pqav9vb2//jo6O/52dnf+Hh4f/dHR0/2dnZ/9ZWVn/bm5u/4eHh/+srKz/39/f/+Pj4//k5OT/y8vL/5iYmP+Li4v/g4OD/3t7e/9paWn/YWFh/19fX/9eXl7/ZWVl/2xsbP+UlJT/vr6+/8rKyv/a2tr/wsLC/5+fn/+Pj4//eHh4/3l5ef+AgID/hISE/4uLi/+EhIT/aWlp/1xcXP9aWlr/WVlZ/1VVVf9RUVH/TU1N/0lJSf9RUVH/XFxc/2xsbP+FhYX/fHx8/2pqav9iYmL/VlZW/1hYWP9iYmL/Y2Nj/1xcXP9bW1v/aWlp/3h4eP+kpKT/y8vL/6ysrP+Li4v/gYGB/3Z2dv9ra2v/Wlpa/1hYWP9WVlb/V1dX/1hYWP9gYGD/dHR0/3h4eP9wcHD/a2tr/2VlZf9hYWH/aWlp/3BwcP96enr/hISE/319ff90dHT/dnZ2/3l5ef9sbGz/U1NT/1FRUf9TU1P/V1dX/2BgYP9gYGD/V1dX/1VVVf9lZWX/cHBw/2tra/9lZWX/WFhY/0pKSv9FRUX/Pz8//z8/P/9BQUH/Q0ND/0dHR/9OTk7/XV1d/2JiYv9nZ2f/cXFx/5CQkP+cnJz/hYWF/3Jycv9kZGT/VVVV/19fX/9paWn/dnZ2/4iIiP+Pj4//mZmZ/6+vr//W1tb/zc3N/6ioqP+UlJT/dnZ2/3Jycv+NjY3/mJiY/4WFhf94eHj/ioqK/5ycnP+ampr/l5eX/4yMjP99fX3/hYWF/5OTk/+UlJT/k5OT/4WFhf9jY2P/V1dX/05OTv9NTU3/VFRU/1dXV/9TU1P/UFBQ/01NTf9LS0v/TExM/01NTf9aWlr/a2tr/2JiYv9RUVH/T09P/09PT/9PT0//UFBQ/05OTv9ISEj/RUVF/0BAQP8/Pz//RkZG/01NTf9LS0v/SkpK/1RUVP9fX1//Wlpa/1JSUv9OTk7/SUlJ/1JSUv9mZmb/ZWVl/1dXV/9VVVX/W1tb/1xcXP9SUlL/TU1N/09PT/9QUFD/SUlJ/0JCQv9ISEj/T09P/1ZWVv9gYGD/ZWVl/2xsbP9kZGT/UFBQ/0xMTP9MTEz/SUlJ/z8/P/87Ozv/PT09/0BAQP9RUVH/YGBg/2VlZf9qamr/Wlpa/0ZGRv9FRUX/RkZG/0pKSv9RUVH/TU1N/0FBQf88PDz/NTU1/zMzM/82Njb/Ojo6/0RERP9LS0v/Tk5O/1BQUP9KSkr/RERE/0RERP9ERET/Pz8//zg4OP87Ozv/QkJC/0JCQv8/Pz//QEBA/0NDQ/9CQkL/Ojo6/zU1Nf8yMjL/MTEx/zc3N/88PDz/OTk5/zc3N/88PDz/RERE/0RERP9FRUX/QUFB/zk5Of81NTX/LS0t/y0tLf8wMDD/MjIy/zMzM/8zMzP/MzMz/zMzM/8zMzP/dnZ2/2ZmZv9UVFT/TU1N/0RERP9GRkb/SkpK/1ZWVv9tbW3/dnZ2/4KCgv+EhIT/g4OD/35+fv9vb2//ZmZm/15eXv9YWFj/V1dX/1VVVf9YWFj/W1tb/2FhYf9qamr/a2tr/2xsbP9ycnL/fX19/35+fv97e3v/dXV1/2RkZP9eXl7/ZGRk/2dnZ/9nZ2f/ZmZm/15eXv9WVlb/X19f/2hoaP9tbW3/c3Nz/21tbf9jY2P/Z2dn/3Fxcf9ubm7/YmJi/2RkZP9xcXH/fX19/5aWlv+ioqL/kZGR/4ODg/+CgoL/gICA/3t7e/92dnb/c3Nz/3BwcP9qamr/YmJi/2JiYv9kZGT/bm5u/4eHh/+QkJD/lpaW/5eXl/+QkJD/ioqK/39/f/92dnb/cXFx/2xsbP9sbGz/bW1t/2xsbP9ra2v/bm5u/3Fxcf9ycnL/c3Nz/3Z2dv96enr/fn5+/4SEhP+AgID/aWlp/1tbW/9bW1v/W1tb/2RkZP9tbW3/ampq/2ZmZv9tbW3/eHh4/3p6ev99fX3/fn5+/39/f/+Pj4//tbW1/7q6uv+kpKT/lJSU/3t7e/9sbGz/dXV1/319ff+BgYH/hoaG/6enp//R0dH/v7+//6Ojo/+Tk5P/enp6/3Fxcf9kZGT/YWFh/15eXv9gYGD/aGho/25ubv96enr/gYGB/3x8fP93d3f/eHh4/3p6ev9xcXH/ZmZm/2JiYv9cXFz/XV1d/2BgYP9kZGT/bW1t/3l5ef+UlJT/mJiY/4iIiP+AgID/f39//35+fv96enr/dnZ2/2xsbP9hYWH/ZWVl/2pqav9sbGz/cHBw/3d3d/+EhIT/jIyM/5iYmP+UlJT/gYGB/3d3d/9oaGj/YmJi/2lpaf9vb2//enp6/4aGhv+JiYn/i4uL/4mJif+FhYX/lJSU/6urq/+enp7/gYGB/3x8fP98fHz/d3d3/2pqav9hYWH/VFRU/05OTv9TU1P/WFhY/1paWv9dXV3/UlJS/0ZGRv9NTU3/V1dX/2hoaP+CgoL/fHx8/2xsbP9jY2P/VFRU/1RUVP9gYGD/ZWVl/2dnZ/9ra2v/dnZ2/319ff9paWn/VVVV/1tbW/9iYmL/ampq/3V1df+CgoL/l5eX/5SUlP+Kior/iIiI/4iIiP+Li4v/lJSU/5OTk/9+fn7/cHBw/2NjY/9ZWVn/YWFh/2lpaf9wcHD/eHh4/3Jycv9ra2v/YmJi/1VVVf9RUVH/TU1N/05OTv9RUVH/WFhY/2hoaP98fHz/sbGx/87Ozv+4uLj/pqam/5ubm/+QkJD/i4uL/4WFhf9ycnL/V1dX/15eXv9tbW3/cHBw/3Nzc/9tbW3/XV1d/2dnZ/+UlJT/r6+v/8zMzP/Z2dn/uLi4/5qamv+JiYn/d3d3/3R0dP9xcXH/fHx8/4uLi/+EhIT/dXV1/3h4eP+AgID/eXl5/2RkZP9fX1//Z2dn/25ubv97e3v/g4OD/35+fv96enr/f39//4WFhf+Hh4f/iYmJ/4eHh/+FhYX/lpaW/7a2tv+zs7P/paWl/5mZmf+BgYH/dXV1/2tra/9nZ2f/bW1t/3BwcP9paWn/YmJi/25ubv98fHz/eXl5/3V1df9/f3//j4+P/5qamv+qqqr/nJyc/3d3d/9ubm7/bW1t/21tbf9vb2//bm5u/2JiYv9bW1v/X19f/2RkZP98fHz/lpaW/3t7e/9YWFj/T09P/0NDQ/9ISEj/U1NT/19fX/91dXX/fn5+/4iIiP+JiYn/goKC/4aGhv+vr6//yMjI/6Kiov9CQkL/RERE/0ZGRv9GRkb/RUVF/0VFRf9GRkb/R0dH/0hISP9JSUn/S0tL/05OTv9YWFj/W1tb/1xcXP9cXFz/XV1d/19fX/9hYWH/Y2Nj/11dXf9WVlb/VlZW/1VVVf9UVFT/U1NT/1paWv9oaGj/cXFx/4GBgf99fX3/ZmZm/11dXf9gYGD/YWFh/15eXv9dXV3/X19f/2JiYv9jY2P/ZGRk/2RkZP9kZGT/XFxc/1BQUP9PT0//T09P/1FRUf9VVVX/VVVV/1NTU/9TU1P/VFRU/1dXV/9cXFz/YWFh/21tbf95eXn/dHR0/25ubv9sbGz/aGho/2VlZf9gYGD/ZGRk/2xsbP9ubm7/bW1t/2pqav9iYmL/Xl5e/15eXv9dXV3/W1tb/1paWv9dXV3/YGBg/2FhYf9iYmL/Y2Nj/2NjY/9iYmL/X19f/2NjY/9tbW3/b29v/3Fxcf9ycnL/c3Nz/3Nzc/9wcHD/bW1t/2hoaP9jY2P/YmJi/2FhYf9tbW3/e3t7/3d3d/9xcXH/bm5u/2lpaf9hYWH/U1NT/1BQUP9QUFD/U1NT/1xcXP9fX1//Xl5e/15eXv9hYWH/ZWVl/3l5ef+Pj4//kpKS/5aWlv+Kior/eHh4/21tbf9dXV3/XV1d/2JiYv9lZWX/Z2dn/2ZmZv9hYWH/XV1d/1ZWVv9TU1P/Wlpa/2FhYf9mZmb/a2tr/3Jycv97e3v/iYmJ/56env+QkJD/cnJy/2hoaP9cXFz/WFhY/1NTU/9WVlb/Y2Nj/2pqav9sbGz/bm5u/25ubv9vb2//fHx8/4uLi/+IiIj/hISE/39/f/94eHj/enp6/39/f/96enr/a2tr/2xsbP95eXn/fHx8/3Z2dv9zc3P/dXV1/3Z2dv93d3f/d3d3/3p6ev9+fn7/fX19/3t7e/+Dg4P/kZGR/4KCgv9iYmL/Xl5e/19fX/9sbGz/jo6O/5OTk/95eXn/bW1t/3V1df95eXn/a2tr/11dXf9kZGT/bW1t/2VlZf9bW1v/UVFR/0JCQv8/Pz//PT09/zo6Ov82Njb/NDQ0/zIyMv8xMTH/MDAw/zAwMP8wMDD/MDAw/y8vL/8vLy//Ly8v/y8vL/8vLy//Ly8v/y8vL/8vLy//Ly8v/y4uLv8tLS3/LCws/ywsLP8tLS3/Li4u/y4uLv8vLy//Ly8v/zAwMP8wMDD/MTEx/y8vL/8uLi7/Li4u/y4uLv8uLi7/Li4u/y8vL/8vLy//MDAw/zAwMP8wMDD/Ly8v/y8vL/8wMDD/MDAw/y8vL/8vLy//Ly8v/y4uLv8vLy//Ly8v/y8vL/8uLi7/Li4u/y4uLv8uLi7/Li4u/y4uLv8tLS3/LS0t/ywsLP8sLCz/LS0t/y4uLv8vLy//MDAw/zExMf8zMzP/MzMz/zQ0NP81NTX/NjY2/zg4OP89PT3/QUFB/0hISP9MTEz/U1NT/1VVVf9VVVX/VlZW/1paWv9dXV3/ZGRk/2pqav9nZ2f/Y2Nj/2xsbP93d3f/fX19/4WFhf+Dg4P/fX19/4ODg/+QkJD/i4uL/3Z2dv9wcHD/dHR0/3l5ef+Li4v/l5eX/5WVlf+Tk5P/gICA/2tra/9jY2P/WVlZ/1lZWf9aWlr/aGho/4KCgv+MjIz/mpqa/5SUlP98fHz/dnZ2/319ff+Dg4P/kZGR/5mZmf+Kior/e3t7/3l5ef92dnb/cnJy/2xsbP9zc3P/fn5+/3x8fP93d3f/fX19/4uLi/+JiYn/eHh4/3BwcP9oaGj/ZWVl/2tra/9wcHD/c3Nz/xgYGP8YGBj/GBgY/xgYGP8YGBj/FxcX/xcXF/8XFxf/FhYW/xYWFv8VFRX/FRUV/xMTE/8SEhL/ERER/xAQEP8QEBD/EBAQ/xAQEP8QEBD/ERER/xEREf8RERH/EhIS/xISEv8SEhL/EhIS/xISEv8SEhL/ERER/xEREf8SEhL/EhIS/xMTE/8TExP/ExMT/xISEv8SEhL/ERER/xEREf8RERH/ERER/xEREf8RERH/ERER/xEREf8RERH/ERER/xEREf8RERH/EhIS/xISEv8SEhL/EhIS/xMTE/8TExP/ExMT/xMTE/8TExP/ExMT/xMTE/8SEhL/EhIS/xEREf8RERH/EBAQ/xAQEP8QEBD/EBAQ/xISEv8SEhL/FBQU/xUVFf8XFxf/GBgY/xgYGP8YGBj/GBgY/xkZGf8ZGRn/GRkZ/xgYGP8YGBj/FxcX/xYWFv8WFhb/FhYW/xYWFv8XFxf/FxcX/xcXF/8WFhb/FhYW/xUVFf8WFhb/FxcX/xgYGP8YGBj/GBgY/xgYGP8YGBj/GBgY/xgYGP8YGBj/GBgY/xkZGf8ZGRn/Ghoa/xoaGv8aGhr/Ghoa/xoaGv8ZGRn/Ghoa/xoaGv8aGhr/Gxsb/xsbG/8bGxv/Gxsb/xsbG/8bGxv/Ghoa/xoaGv8aGhr/Ghoa/xsbG/8bGxv/Ghoa/xoaGv8bGxv/Gxsb/x4eHv8gICD/KSkp/zMzM/81NTX/Nzc3/zc3N/83Nzf/Nzc3/zY2Nv83Nzf/OTk5/zk5Of84ODj/ODg4/zo6Ov86Ojr/OTk5/zc3N/85OTn/PDw8/zo6Ov83Nzf/ODg4/zo6Ov84ODj/NjY2/zQ0NP8xMTH/MTEx/zMzM/80NDT/MzMz/zMzM/8zMzP/MjIy/zIyMv8yMjL/NTU1/zk5Of84ODj/Nzc3/zc3N/84ODj/ODg4/zo6Ov87Ozv/PT09/z09Pf88PDz/PT09/0FBQf9ERET/RERE/0VFRf9ERET/Q0ND/0NDQ/9ERET/RUVF/0dHR/9GRkb/Q0ND/0FBQf8+Pj7/PT09/zw8PP88PDz/Ozs7/zo6Ov82Njb/NTU1/zg4OP87Ozv/Ozs7/zo6Ov87Ozv/Ozs7/z8/P/9DQ0P/R0dH/0xMTP9UVFT/YmJi/2JiYv9aWlr/Wlpa/11dXf9gYGD/Z2dn/2hoaP9XV1f/SUlJ/0hISP9HR0f/UVFR/1xcXP9aWlr/VlZW/1lZWf9fX1//WVlZ/0tLS/9JSUn/SkpK/0tLS/9PT0//UFBQ/09PT/9PT0//U1NT/1ZWVv9aWlr/Xl5e/1xcXP9YWFj/UFBQ/0NDQ/9ERET/R0dH/0pKSv9QUFD/UlJS/1NTU/9VVVX/W1tb/19fX/9nZ2f/ampq/11dXf9SUlL/S0tL/0RERP9CQkL/Pz8//0VFRf9NTU3/Tk5O/09PT/9SUlL/WVlZ/1dXV/9PT0//TU1N/05OTv9QUFD/V1dX/1xcXP9bW1v/Wlpa/1tbW/9bW1v/XV1d/15eXv9eXl7/XFxc/1paWv9WVlb/UlJS/0tLS/9LS0v/TU1N/1BQUP9VVVX/VlZW/1BQUP9MTEz/R0dH/0RERP9KSkr/UVFR/01NTf9ISEj/SkpK/05OTv9OTk7/T09P/05OTv9MTEz/TExM/09PT/9TU1P/XV1d/2FhYf9eXl7/Wlpa/1ZWVv9SUlL/S0tL/0NDQ/9JSUn/UFBQ/0xMTP9FRUX/RkZG/0pKSv9PT0//WFhY/1hYWP9UVFT/UVFR/0tLS/9HR0f/QUFB/z09Pf8/Pz//dnZ2/3Jycv9ubm7/bW1t/2xsbP9lZWX/XFxc/1paWv9XV1f/XV1d/2tra/9sbGz/ZGRk/2ZmZv92dnb/f39//4GBgf+Dg4P/goKC/4GBgf+FhYX/iYmJ/4qKiv+Li4v/jIyM/42Njf+IiIj/gICA/4GBgf+Ghob/hoaG/4ODg/98fHz/Z2dn/1tbW/9ZWVn/WFhY/19fX/9mZmb/bW1t/3Z2dv92dnb/dnZ2/3h4eP96enr/gICA/4yMjP+Ghob/dXV1/3Nzc/94eHj/eXl5/3Fxcf9vb2//d3d3/35+fv+EhIT/i4uL/4aGhv+AgID/g4OD/4eHh/+BgYH/dXV1/3h4eP+CgoL/gYGB/3l5ef90dHT/bGxs/29vb/+MjIz/mpqa/4yMjP9/f3//bW1t/1lZWf9ra2v/gICA/52dnf/Gxsb/ycnJ/8nJyf+zs7P/h4eH/3t7e/92dnb/b29v/2JiYv9dXV3/X19f/2FhYf9qamr/c3Nz/5SUlP+2trb/xcXF/9fX1//CwsL/oqKi/5aWlv+EhIT/goKC/4SEhP+Hh4f/j4+P/4qKiv90dHT/aWlp/2FhYf9cXFz/WVlZ/1ZWVv9RUVH/TExM/1VVVf9gYGD/dnZ2/5aWlv+MjIz/d3d3/2xsbP9aWlr/Wlpa/2NjY/9jY2P/Wlpa/1hYWP9kZGT/cXFx/5mZmf++vr7/oaGh/4ODg/9+fn7/eXl5/25ubv9cXFz/VlZW/05OTv9SUlL/W1tb/2VlZf96enr/fn5+/3Nzc/9tbW3/ZmZm/2JiYv9paWn/cXFx/3p6ev+EhIT/e3t7/25ubv9ycnL/eHh4/21tbf9aWlr/WFhY/1tbW/9hYWH/cHBw/3BwcP9fX1//WFhY/2RkZP9sbGz/aGho/2VlZf9WVlb/RkZG/0VFRf9DQ0P/RkZG/0xMTP9LS0v/SEhI/01NTf9aWlr/YGBg/2dnZ/9zc3P/lZWV/6Ojo/+Pj4//f39//3BwcP9gYGD/bW1t/3t7e/+BgYH/ioqK/4qKiv+Li4v/n5+f/8bGxv/BwcH/paWl/5OTk/9ycnL/bGxs/4WFhf+QkJD/gICA/3V1df+JiYn/nZ2d/5mZmf+UlJT/iIiI/3h4eP9/f3//i4uL/46Ojv+RkZH/hYWF/2dnZ/9bW1v/T09P/0xMTP9SUlL/VVVV/1BQUP9LS0v/TExM/0xMTP9MTEz/TU1N/1paWv9tbW3/ZGRk/1NTU/9RUVH/UFBQ/05OTv9MTEz/SUlJ/0VFRf9CQkL/PT09/zs7O/9CQkL/SEhI/0hISP9ISEj/UlJS/15eXv9bW1v/VVVV/1NTU/9PT0//W1tb/3Nzc/9vb2//WVlZ/1RUVP9aWlr/W1tb/1RUVP9QUFD/VFRU/1dXV/9SUlL/TU1N/1FRUf9WVlb/WFhY/1paWv9gYGD/aWlp/2FhYf9MTEz/SUlJ/0pKSv9ISEj/QEBA/z09Pf88PDz/Pj4+/1FRUf9iYmL/aGho/3BwcP9kZGT/VVVV/1VVVf9VVVX/VFRU/1RUVP9PT0//RUVF/z8/P/82Njb/NDQ0/zQ0NP82Njb/Pz8//0VFRf9GRkb/SEhI/0RERP9BQUH/QkJC/0RERP9AQED/Ozs7/z4+Pv9DQ0P/QkJC/z09Pf88PDz/PT09/z09Pf86Ojr/Ojo6/z09Pf8/Pz//Pz8//z4+Pv87Ozv/Nzc3/zw8PP9CQkL/QkJC/0FBQf8/Pz//Ozs7/zo6Ov86Ojr/OTk5/zY2Nv82Njb/ODg4/zg4OP82Njb/NDQ0/zQ0NP98fHz/bGxs/1tbW/9SUlL/RkZG/0ZGRv9GRkb/UlJS/2hoaP9xcXH/fHx8/319ff93d3f/c3Nz/2hoaP9iYmL/X19f/1xcXP9dXV3/Xl5e/15eXv9fX1//YWFh/2RkZP9nZ2f/a2tr/3BwcP95eXn/eXl5/3V1df9vb2//YWFh/11dXf9kZGT/aGho/2dnZ/9lZWX/YmJi/19fX/9lZWX/a2tr/21tbf9wcHD/b29v/21tbf9vb2//dHR0/3Fxcf9oaGj/aWlp/3V1df+AgID/lJSU/52dnf+Pj4//hISE/4ODg/+Dg4P/fX19/3d3d/9xcXH/aGho/2NjY/9cXFz/XV1d/2NjY/9ubm7/h4eH/5GRkf+Xl5f/mZmZ/5SUlP+Ojo7/f39//3Fxcf9tbW3/aWlp/2xsbP9wcHD/bGxs/2VlZf9oaGj/bm5u/3Fxcf93d3f/eHh4/3d3d/94eHj/e3t7/3h4eP9mZmb/W1tb/15eXv9gYGD/ZGRk/2lpaf9nZ2f/ZWVl/25ubv97e3v/fX19/4GBgf+BgYH/gICA/4yMjP+rq6v/sLCw/6CgoP+UlJT/fX19/29vb/93d3f/fX19/4CAgP+EhIT/paWl/8/Pz/+7u7v/nZ2d/46Ojv92dnb/bW1t/2FhYf9gYGD/Z2dn/2pqav9sbGz/cHBw/3l5ef9/f3//eHh4/3Jycv9xcXH/cHBw/2lpaf9gYGD/XV1d/1paWv9bW1v/X19f/2ZmZv90dHT/f39//5OTk/+Wlpb/iIiI/4GBgf+AgID/gICA/4CAgP+BgYH/eHh4/29vb/9wcHD/cXFx/3R0dP95eXn/fX19/4KCgv+IiIj/lJSU/5CQkP9/f3//dXV1/2lpaf9kZGT/Z2dn/2tra/91dXX/gICA/4KCgv+FhYX/h4eH/4mJif+YmJj/sLCw/6Ghof+Dg4P/e3t7/3R0dP9sbGz/W1tb/1JSUv9JSUn/RkZG/01NTf9TU1P/Wlpa/2FhYf9XV1f/S0tL/1VVVf9iYmL/b29v/4ODg/+AgID/dnZ2/21tbf9bW1v/WFhY/1tbW/9eXl7/Y2Nj/2dnZ/9ycnL/eHh4/2dnZ/9VVVX/YWFh/29vb/9xcXH/c3Nz/319ff+NjY3/iYmJ/35+fv97e3v/eHh4/319ff+Ojo7/k5OT/4qKiv+CgoL/dnZ2/21tbf9sbGz/ampq/3Fxcf95eXn/c3Nz/2pqav9kZGT/WVlZ/1RUVP9OTk7/Tk5O/1RUVP9aWlr/aWlp/3x8fP+srKz/x8fH/7y8vP+ysrL/p6en/5ycnP+Tk5P/iYmJ/3Z2dv9cXFz/YWFh/2tra/9vb2//c3Nz/25ubv9eXl7/ZWVl/4iIiP+cnJz/srKy/729vf+lpaX/kJCQ/4KCgv9ycnL/dHR0/3d3d/9/f3//iYmJ/4ODg/92dnb/dnZ2/3l5ef90dHT/ZmZm/2NjY/9mZmb/bGxs/3x8fP+Ghob/hISE/4KCgv+EhIT/hYWF/4iIiP+MjIz/iYmJ/4SEhP+SkpL/qqqq/6mpqf+hoaH/l5eX/4KCgv95eXn/cHBw/21tbf9zc3P/d3d3/3p6ev99fX3/fn5+/4CAgP95eXn/cHBw/3l5ef+Ghob/j4+P/56env+VlZX/fn5+/3x8fP+FhYX/hoaG/319ff92dnb/Z2dn/11dXf9kZGT/ampq/3x8fP+QkJD/dXV1/1FRUf9JSUn/QEBA/0ZGRv9SUlL/YGBg/3t7e/+Dg4P/h4eH/4aGhv9+fn7/goKC/6Wlpf+7u7v/mJiY/z8/P/9ERET/SUlJ/0pKSv9LS0v/S0tL/0pKSv9ISEj/RUVF/0ZGRv9JSUn/TU1N/1dXV/9bW1v/XFxc/1tbW/9aWlr/WVlZ/15eXv9iYmL/Wlpa/1BQUP9QUFD/UFBQ/1BQUP9PT0//V1dX/2ZmZv9vb2//fn5+/3t7e/9nZ2f/YGBg/2FhYf9iYmL/ZGRk/2ZmZv9nZ2f/aWlp/2ZmZv9jY2P/YGBg/1xcXP9YWFj/UFBQ/1FRUf9VVVX/VVVV/1VVVf9VVVX/VFRU/1RUVP9WVlb/V1dX/1paWv9dXV3/ZmZm/3BwcP9sbGz/aGho/2dnZ/9lZWX/Y2Nj/19fX/9iYmL/aWlp/2pqav9paWn/ZmZm/11dXf9aWlr/XV1d/19fX/9cXFz/W1tb/1xcXP9dXV3/Xl5e/2BgYP9fX1//Xl5e/19fX/9hYWH/ZGRk/2hoaP9ra2v/cHBw/3Jycv9ycnL/cnJy/3BwcP9tbW3/Z2dn/2FhYf9dXV3/WVlZ/2JiYv9ubm7/cHBw/3Jycv9wcHD/a2tr/2JiYv9RUVH/Tk5O/1BQUP9TU1P/W1tb/15eXv9eXl7/Xl5e/2BgYP9jY2P/eHh4/4+Pj/+SkpL/lpaW/4mJif92dnb/bm5u/2NjY/9hYWH/YGBg/2BgYP9iYmL/Y2Nj/2JiYv9iYmL/YGBg/19fX/9jY2P/Z2dn/2xsbP9xcXH/eXl5/4GBgf+JiYn/lZWV/4iIiP9vb2//aWlp/2JiYv9gYGD/XFxc/2BgYP9ycnL/eXl5/3Jycv9tbW3/ampq/2ZmZv92dnb/h4eH/4ODg/9+fn7/fHx8/3l5ef99fX3/hYWF/4GBgf9zc3P/dHR0/39/f/+AgID/dnZ2/3BwcP9tbW3/a2tr/29vb/9ycnL/dnZ2/3p6ev96enr/enp6/4eHh/+ampr/jIyM/25ubv9oaGj/ZWVl/3Fxcf+UlJT/mpqa/35+fv9wcHD/d3d3/3p6ev9ra2v/XV1d/2NjY/9qamr/ZGRk/1xcXP9TU1P/RUVF/0JCQv8/Pz//PT09/zc3N/81NTX/MzMz/zExMf8xMTH/MDAw/zAwMP8wMDD/MDAw/y8vL/8vLy//Ly8v/y8vL/8vLy//Ly8v/y8vL/8vLy//Li4u/y4uLv8sLCz/LCws/y0tLf8uLi7/Ly8v/y8vL/8vLy//MDAw/zAwMP8xMTH/MDAw/y8vL/8uLi7/Li4u/y4uLv8uLi7/Li4u/y8vL/8vLy//Ly8v/zAwMP8vLy//Ly8v/zAwMP8vLy//Ly8v/y8vL/8uLi7/Li4u/y4uLv8vLy//Li4u/y4uLv8uLi7/Li4u/y4uLv8uLi7/Li4u/y0tLf8tLS3/LS0t/y0tLf8uLi7/Li4u/y8vL/8wMDD/MjIy/zQ0NP80NDT/NTU1/zY2Nv84ODj/Ozs7/0BAQP9GRkb/UVFR/1hYWP9hYWH/Y2Nj/15eXv9bW1v/Wlpa/1tbW/9iYmL/aGho/2hoaP9oaGj/ampq/21tbf9xcXH/dnZ2/3Z2dv90dHT/e3t7/4iIiP+FhYX/dnZ2/3Nzc/94eHj/fn5+/4mJif+RkZH/jY2N/4mJif96enr/aWlp/15eXv9RUVH/UVFR/1JSUv9iYmL/fn5+/4iIiP+VlZX/kJCQ/3l5ef90dHT/fHx8/4KCgv+Kior/j4+P/4GBgf91dXX/dXV1/3V1df9zc3P/cXFx/3p6ev+IiIj/g4OD/3p6ev9+fn7/ioqK/4eHh/91dXX/bW1t/2lpaf9qamr/dXV1/319ff99fX3/GRkZ/xkZGf8YGBj/GBgY/xgYGP8YGBj/FxcX/xcXF/8WFhb/FhYW/xUVFf8UFBT/ExMT/xISEv8RERH/EBAQ/xAQEP8QEBD/EBAQ/xAQEP8QEBD/ERER/xISEv8SEhL/EhIS/xISEv8SEhL/EhIS/xISEv8RERH/ERER/xISEv8SEhL/ExMT/xMTE/8TExP/EhIS/xISEv8RERH/ERER/xEREf8RERH/ERER/xEREf8RERH/ERER/xEREf8RERH/ERER/xEREf8SEhL/EhIS/xISEv8SEhL/EhIS/xMTE/8TExP/ExMT/xMTE/8TExP/EhIS/xISEv8RERH/ERER/xAQEP8QEBD/EBAQ/xAQEP8QEBD/ERER/xISEv8TExP/FRUV/xYWFv8YGBj/GBgY/xgYGP8YGBj/GRkZ/xkZGf8ZGRn/GBgY/xgYGP8XFxf/FhYW/xYWFv8WFhb/FhYW/xcXF/8XFxf/FhYW/xYWFv8WFhb/FhYW/xYWFv8XFxf/FxcX/xgYGP8YGBj/GBgY/xgYGP8YGBj/GBgY/xgYGP8YGBj/GRkZ/xkZGf8aGhr/Ghoa/xoaGv8aGhr/GRkZ/xkZGf8ZGRn/Ghoa/xoaGv8aGhr/Gxsb/xsbG/8bGxv/Gxsb/xsbG/8aGhr/Ghoa/xoaGv8aGhr/Gxsb/xsbG/8aGhr/Ghoa/xsbG/8bGxv/HR0d/yAgIP8oKCj/MjIy/zQ0NP81NTX/NTU1/zY2Nv82Njb/NjY2/zY2Nv83Nzf/ODg4/zc3N/83Nzf/Ojo6/zw8PP86Ojr/ODg4/zo6Ov89PT3/PT09/zw8PP88PDz/PDw8/zo6Ov83Nzf/NjY2/zIyMv8zMzP/NjY2/zc3N/83Nzf/Nzc3/zY2Nv81NTX/NTU1/zU1Nf84ODj/Ojo6/zk5Of83Nzf/Nzc3/zc3N/85OTn/Ozs7/z09Pf8/Pz//Pz8//z09Pf8+Pj7/QkJC/0NDQ/9DQ0P/Q0ND/0JCQv9AQED/QUFB/0NDQ/9ERET/RUVF/0RERP9CQkL/QkJC/0FBQf9BQUH/QEBA/z8/P/88PDz/Ojo6/zc3N/81NTX/OTk5/zs7O/8+Pj7/QEBA/z8/P/89PT3/QEBA/0NDQ/9GRkb/SkpK/1FRUf9eXl7/Xl5e/1hYWP9XV1f/Wlpa/1xcXP9jY2P/ZGRk/1ZWVv9LS0v/S0tL/0pKSv9RUVH/W1tb/1hYWP9TU1P/VVVV/1paWv9WVlb/TU1N/0tLS/9MTEz/TU1N/09PT/9QUFD/Tk5O/05OTv9SUlL/VlZW/1tbW/9hYWH/XV1d/1lZWf9RUVH/RkZG/0ZGRv9HR0f/SkpK/09PT/9RUVH/UlJS/1RUVP9ZWVn/XFxc/2FhYf9jY2P/Wlpa/1FRUf9LS0v/RERE/0NDQ/9BQUH/SUlJ/1VVVf9WVlb/VVVV/1dXV/9aWlr/WFhY/1FRUf9PT0//UVFR/1JSUv9YWFj/W1tb/1hYWP9VVVX/VlZW/1dXV/9ZWVn/XFxc/1tbW/9ZWVn/V1dX/1VVVf9SUlL/TExM/0tLS/9OTk7/T09P/1FRUf9QUFD/TU1N/0pKSv9GRkb/Q0ND/0lJSf9PT0//TExM/0dHR/9MTEz/VFRU/1NTU/9RUVH/UVFR/1FRUf9SUlL/U1NT/1VVVf9ZWVn/W1tb/1dXV/9TU1P/Tk5O/0lJSf9GRkb/Q0ND/0hISP9PT0//S0tL/0RERP9GRkb/S0tL/05OTv9VVVX/VVVV/1JSUv9PT0//SkpK/0ZGRv8/Pz//Ojo6/zw8PP9vb2//eXl5/4WFhf+CgoL/f39//3p6ev9ycnL/a2tr/19fX/9eXl7/X19f/19fX/9eXl7/X19f/2ZmZv9ra2v/b29v/3V1df+Hh4f/mJiY/5OTk/+Ojo7/kJCQ/5OTk/+Ghob/cXFx/25ubv9tbW3/bGxs/2lpaf9sbGz/dnZ2/3l5ef90dHT/c3Nz/3p6ev+AgID/jIyM/5iYmP+EhIT/bW1t/2BgYP9PT0//UVFR/1VVVf9aWlr/YmJi/2dnZ/9ubm7/enp6/5eXl/+ioqL/oaGh/6SkpP+5ubn/x8fH/6qqqv+MjIz/lpaW/6Ghof+VlZX/g4OD/3x8fP9zc3P/c3Nz/3R0dP9zc3P/cXFx/21tbf9lZWX/ZWVl/3R0dP9+fn7/hYWF/4mJif9zc3P/XFxc/15eXv9hYWH/Z2dn/25ubv9xcXH/dHR0/21tbf9eXl7/XFxc/1xcXP9aWlr/UlJS/1FRUf9bW1v/ZGRk/3Fxcf99fX3/g4OD/4qKiv+Xl5f/p6en/5+fn/+SkpL/kJCQ/46Ojv+Hh4f/eXl5/3p6ev+EhIT/iYmJ/46Ojv+MjIz/dnZ2/2dnZ/9jY2P/Xl5e/1lZWf9UVFT/XV1d/2lpaf+FhYX/r6+v/6Ojo/+IiIj/d3d3/11dXf9ZWVn/Xl5e/15eXv9YWFj/V1dX/11dXf9iYmL/cXFx/39/f/90dHT/aWlp/3Fxcf97e3v/cXFx/2JiYv9bW1v/T09P/1hYWP9tbW3/enp6/5GRkf+Tk5P/fn5+/3Fxcf9lZWX/XV1d/2NjY/9paWn/dHR0/39/f/90dHT/ZWVl/2lpaf9xcXH/b29v/2tra/9ra2v/b29v/3h4eP+Ojo7/jo6O/3Fxcf9iYmL/Xl5e/1tbW/9eXl7/YGBg/1ZWVv9LS0v/Tk5O/1NTU/9cXFz/aGho/2FhYf9QUFD/U1NT/19fX/9kZGT/bGxs/3h4eP+ampr/q6ur/6Kiov+bm5v/jY2N/35+fv+UlJT/rKys/5ycnP+Hh4f/fX19/29vb/97e3v/lJSU/5eXl/+Tk5P/h4eH/2hoaP9eXl7/ZWVl/2lpaf9lZWX/ZGRk/3l5ef+Ojo7/h4eH/35+fv9vb2//W1tb/1xcXP9gYGD/ZmZm/3BwcP9wcHD/a2tr/2ZmZv9aWlr/V1dX/15eXv9gYGD/U1NT/0lJSf9KSkr/S0tL/0hISP9FRUX/UlJS/2NjY/9gYGD/WVlZ/1hYWP9XV1f/UlJS/0VFRf9AQED/Ozs7/zg4OP8zMzP/MDAw/zMzM/81NTX/Ojo6/z4+Pv9HR0f/UlJS/1RUVP9XV1f/WFhY/1hYWP9nZ2f/hYWF/3x8fP9YWFj/TU1N/0xMTP9NTU3/Tk5O/1FRUf9aWlr/Y2Nj/2ZmZv9qamr/a2tr/2xsbP9fX1//TU1N/1FRUf9aWlr/VVVV/0hISP9HR0f/SkpK/0pKSv9HR0f/RERE/z8/P/8+Pj7/TExM/1lZWf9kZGT/b29v/3Fxcf90dHT/c3Nz/3Jycv9mZmb/UVFR/05OTv9MTEz/SEhI/z09Pf84ODj/MzMz/zExMf8zMzP/NTU1/zg4OP86Ojr/ODg4/zc3N/88PDz/Q0ND/0RERP9ERET/R0dH/01NTf9JSUn/Pz8//zw8PP86Ojr/Ozs7/0JCQv9ISEj/VlZW/19fX/9RUVH/RERE/z8/P/86Ojr/Ozs7/zw8PP86Ojr/ODg4/zs7O/9AQED/SEhI/1hYWP9WVlb/RkZG/0FBQf9ERET/RERE/z4+Pv85OTn/OTk5/4GBgf93d3f/a2tr/15eXv9OTk7/SkpK/0VFRf9MTEz/WVlZ/2FhYf9tbW3/bW1t/2VlZf9hYWH/XFxc/1tbW/9kZGT/a2tr/3R0dP9+fn7/e3t7/3h4eP9wcHD/ZWVl/2hoaP9wcHD/cnJy/3R0dP9wcHD/ZmZm/2NjY/9gYGD/YmJi/21tbf9ycnL/cHBw/29vb/91dXX/fHx8/3l5ef92dnb/dHR0/3Jycv98fHz/jo6O/5CQkP+QkJD/ioqK/319ff98fHz/hISE/4eHh/+FhYX/g4OD/3p6ev90dHT/d3d3/3t7e/94eHj/dXV1/2tra/9dXV3/VlZW/0xMTP9OTk7/VlZW/19fX/90dHT/fX19/4aGhv+MjIz/kpKS/5OTk/+AgID/cXFx/2lpaf9gYGD/bGxs/3t7e/9ycnL/ZWVl/2lpaf9wcHD/enp6/4yMjP+NjY3/hYWF/319ff9qamr/YWFh/19fX/9eXl7/YmJi/2VlZf9gYGD/W1tb/15eXv9jY2P/bm5u/35+fv+AgID/gYGB/35+fv93d3f/eHh4/35+fv+CgoL/iYmJ/4qKiv+CgoL/fHx8/319ff99fX3/e3t7/3l5ef+NjY3/pqam/5OTk/93d3f/b29v/2NjY/9iYmL/YmJi/21tbf+Kior/j4+P/4GBgf97e3v/enp6/3h4eP9nZ2f/WFhY/1VVVf9RUVH/UlJS/1JSUv9TU1P/VVVV/1lZWf9eXl7/ampq/4CAgP+EhIT/f39//319ff97e3v/enp6/319ff+AgID/jY2N/5qamv+ampr/mZmZ/5KSkv+Kior/i4uL/42Njf+EhIT/c3Nz/3Nzc/94eHj/dnZ2/2xsbP9oaGj/Z2dn/2ZmZv9lZWX/ZmZm/3Jycv9+fn7/dnZ2/25ubv93d3f/g4OD/46Ojv+enp7/kJCQ/3R0dP9paWn/WVlZ/1JSUv9KSkr/RkZG/0FBQf9AQED/S0tL/1VVVf9kZGT/cnJy/2hoaP9dXV3/aWlp/3p6ev96enr/eXl5/4SEhP+ampr/kZGR/3R0dP9oaGj/Xl5e/1tbW/9dXV3/X19f/15eXv9eXl7/XV1d/1tbW/9wcHD/iIiI/35+fv9xcXH/b29v/2xsbP9oaGj/YWFh/11dXf9XV1f/Xl5e/3d3d/+IiIj/o6Oj/7Kysv+rq6v/o6Oj/4eHh/9paWn/bW1t/3Fxcf9ubm7/ampq/2hoaP9lZWX/YmJi/1xcXP9eXl7/ZmZm/2pqav9vb2//dnZ2/4mJif+Xl5f/qKio/7W1tf+srKz/oqKi/5OTk/+BgYH/dHR0/2FhYf9hYWH/Y2Nj/2ZmZv9sbGz/aGho/1tbW/9aWlr/YWFh/2ZmZv9ra2v/bm5u/2lpaf9kZGT/YGBg/1xcXP9tbW3/g4OD/4aGhv+Kior/hoaG/35+fv96enr/cnJy/3Fxcf91dXX/cnJy/2hoaP9oaGj/enp6/4eHh/+Ojo7/k5OT/5CQkP+NjY3/k5OT/5qamv+NjY3/eXl5/3h4eP96enr/fX19/4KCgv+AgID/dnZ2/3Jycv9xcXH/dHR0/4ODg/+RkZH/ra2t/8bGxv+mpqb/hISE/3d3d/9nZ2f/aWlp/21tbf90dHT/gICA/4qKiv+dnZ3/rKys/8fHx//Gxsb/pKSk/46Ojv94eHj/aWlp/3Jycv96enr/enp6/3t7e/9kZGT/R0dH/0ZGRv9FRUX/TU1N/1xcXP9sbGz/ioqK/4qKiv93d3f/cHBw/21tbf9vb2//hISE/5GRkf+AgID/PT09/0ZGRv9PT0//U1NT/1hYWP9WVlb/U1NT/0xMTP9BQUH/QkJC/0ZGRv9KSkr/U1NT/1dXV/9YWFj/WFhY/1FRUf9OTk7/VlZW/15eXv9VVVX/TExM/0tLS/9LS0v/SUlJ/0dHR/9PT0//XV1d/2FhYf9lZWX/ZmZm/2ZmZv9nZ2f/Z2dn/2lpaf9xcXH/d3d3/3V1df90dHT/aWlp/11dXf9WVlb/TU1N/09PT/9TU1P/WVlZ/2RkZP9iYmL/WVlZ/1hYWP9dXV3/X19f/19fX/9fX1//XV1d/1tbW/9aWlr/WVlZ/1hYWP9XV1f/Xl5e/2dnZ/9nZ2f/aGho/2ZmZv9hYWH/Xl5e/1paWv9XV1f/VFRU/1ZWVv9iYmL/aWlp/2ZmZv9kZGT/X19f/1hYWP9dXV3/YWFh/2BgYP9fX1//ZGRk/2xsbP9qamr/Y2Nj/2RkZP9oaGj/aWlp/2lpaf9qamr/b29v/3Fxcf9tbW3/aWlp/11dXf9RUVH/V1dX/15eXv9ubm7/hISE/4KCgv96enr/bW1t/1JSUv9QUFD/V1dX/1tbW/9gYGD/YmJi/2FhYf9gYGD/XFxc/1paWv9paWn/enp6/35+fv+EhIT/e3t7/25ubv9wcHD/dXV1/3Nzc/9ra2v/a2tr/29vb/9xcXH/d3d3/3p6ev9+fn7/gYGB/4GBgf+BgYH/f39//35+fv+BgYH/hoaG/319ff9wcHD/bW1t/2tra/9tbW3/dHR0/3R0dP9vb2//dHR0/42Njf+UlJT/fHx8/2pqav9nZ2f/ZGRk/21tbf94eHj/cHBw/2ZmZv9sbGz/d3d3/4CAgP+QkJD/kZGR/42Njf+MjIz/i4uL/4aGhv90dHT/ampq/2FhYf9bW1v/ZWVl/25ubv9zc3P/eXl5/3p6ev98fHz/ioqK/5+fn/+YmJj/hoaG/35+fv9ycnL/d3d3/46Ojv+QkJD/e3t7/29vb/9wcHD/b29v/2VlZf9bW1v/WVlZ/1ZWVv9WVlb/VVVV/1FRUf9LS0v/SEhI/0RERP9AQED/Ojo6/zc3N/80NDT/MjIy/zIyMv8yMjL/MTEx/zExMf8wMDD/Ly8v/y8vL/8vLy//Ly8v/zAwMP8wMDD/MTEx/zAwMP8vLy//Li4u/y4uLv8uLi7/Li4u/y8vL/8vLy//Ly8v/y8vL/8uLi7/Ly8v/y8vL/8vLy//MDAw/y8vL/8uLi7/Li4u/y4uLv8uLi7/Ly8v/y8vL/8uLi7/Ly8v/zAwMP8wMDD/Ly8v/y4uLv8uLi7/Li4u/y4uLv8uLi7/Li4u/y4uLv8uLi7/Li4u/y4uLv8tLS3/LS0t/y4uLv8uLi7/Li4u/y4uLv8uLi7/Li4u/y4uLv8uLi7/MDAw/zExMf8zMzP/NTU1/zY2Nv82Njb/OTk5/zw8PP9AQED/RUVF/09PT/9jY2P/b29v/4GBgf+CgoL/cXFx/2dnZ/9bW1v/VVVV/15eXv9nZ2f/bW1t/3Nzc/9nZ2f/WFhY/1lZWf9aWlr/Xl5e/2ZmZv9ra2v/dXV1/3Z2dv91dXX/eHh4/4ODg/+Ghob/fX19/3Z2dv9zc3P/b29v/2xsbP9nZ2f/XV1d/09PT/9OTk7/TExM/1hYWP9ubm7/dXV1/3t7e/94eHj/a2tr/2pqav91dXX/enp6/3l5ef93d3f/b29v/2hoaP90dHT/gICA/4KCgv+EhIT/kJCQ/6Kiov+Xl5f/gYGB/3x8fP96enr/dHR0/2VlZf9iYmL/ampq/3Jycv+FhYX/kZGR/4mJif8aGhr/Ghoa/xoaGv8ZGRn/GRkZ/xgYGP8XFxf/FxcX/xYWFv8WFhb/FRUV/xQUFP8TExP/EhIS/xEREf8QEBD/ERER/xEREf8QEBD/Dw8P/xAQEP8RERH/EhIS/xMTE/8TExP/ExMT/xMTE/8SEhL/EhIS/xAQEP8RERH/EhIS/xISEv8TExP/ExMT/xMTE/8TExP/EhIS/xEREf8RERH/EBAQ/xAQEP8QEBD/EBAQ/xAQEP8QEBD/EBAQ/xAQEP8QEBD/EBAQ/xEREf8RERH/EhIS/xISEv8SEhL/EhIS/xISEv8SEhL/EhIS/xEREf8RERH/EBAQ/xAQEP8PDw//Dw8P/w8PD/8PDw//Dw8P/w8PD/8PDw//EBAQ/xISEv8UFBT/FRUV/xYWFv8XFxf/GBgY/xgYGP8YGBj/GBgY/xcXF/8XFxf/FhYW/xYWFv8VFRX/FRUV/xYWFv8WFhb/FxcX/xcXF/8XFxf/FxcX/xcXF/8XFxf/FxcX/xcXF/8XFxf/GBgY/xgYGP8YGBj/GBgY/xkZGf8ZGRn/GRkZ/xkZGf8ZGRn/GRkZ/xkZGf8ZGRn/GRkZ/xkZGf8ZGRn/GBgY/xkZGf8ZGRn/GRkZ/xkZGf8ZGRn/GRkZ/xoaGv8aGhr/Ghoa/xsbG/8bGxv/Gxsb/xsbG/8bGxv/Gxsb/xoaGv8aGhr/Gxsb/xsbG/8dHR3/Hx8f/ycnJ/8xMTH/MjIy/zMzM/80NDT/NjY2/zY2Nv83Nzf/ODg4/zk5Of86Ojr/Ojo6/zw8PP8/Pz//QkJC/z09Pf85OTn/PT09/0FBQf9DQ0P/RkZG/0RERP8/Pz//Pj4+/zw8PP86Ojr/ODg4/zk5Of8/Pz//QUFB/0NDQ/9CQkL/Pz8//z09Pf8+Pj7/QEBA/0FBQf9CQkL/Pz8//zw8PP86Ojr/OTk5/zw8PP9BQUH/Q0ND/0ZGRv9FRUX/QkJC/0FBQf9CQkL/QkJC/z8/P/89PT3/Ozs7/zk5Of88PDz/Pj4+/z8/P/8/Pz//Pz8//z4+Pv9BQUH/RUVF/0ZGRv9ISEj/R0dH/0JCQv8/Pz//PDw8/zs7O/9BQUH/RUVF/0xMTP9SUlL/TU1N/0dHR/9GRkb/RUVF/0RERP9ERET/R0dH/01NTf9NTU3/SkpK/0lJSf9KSkr/S0tL/09PT/9RUVH/Tk5O/01NTf9NTU3/Tk5O/1JSUv9YWFj/U1NT/0xMTP9NTU3/Tk5O/1FRUf9UVFT/VFRU/1FRUf9QUFD/Tk5O/01NTf9MTEz/TExM/1JSUv9YWFj/W1tb/15eXv9ZWVn/UlJS/1BQUP9NTU3/S0tL/0dHR/9JSUn/Tk5O/1BQUP9TU1P/VVVV/1VVVf9VVVX/UlJS/1BQUP9OTk7/TU1N/0hISP9DQ0P/RERE/0VFRf9QUFD/YGBg/2FhYf9fX1//W1tb/1RUVP9SUlL/UlJS/1JSUv9TU1P/VFRU/1ZWVv9XV1f/U1NT/1BQUP9NTU3/SUlJ/0xMTP9QUFD/UFBQ/09PT/9SUlL/WFhY/1dXV/9VVVX/VVVV/1lZWf9ZWVn/VlZW/1RUVP9UVFT/U1NT/05OTv9ISEj/SEhI/0hISP9ISEj/SEhI/1FRUf9fX1//XFxc/1VVVf9XV1f/X19f/19fX/9eXl7/Wlpa/1JSUv9NTU3/SEhI/0VFRf9CQkL/Pz8//0NDQ/9HR0f/SkpK/01NTf9JSUn/QkJC/0NDQ/9HR0f/SEhI/0tLS/9LS0v/S0tL/0pKSv9HR0f/RERE/z09Pf84ODj/Ozs7/3Jycv+AgID/j4+P/4mJif+AgID/e3t7/3V1df9wcHD/aGho/2RkZP9eXl7/XV1d/19fX/9gYGD/Y2Nj/2VlZf9ra2v/cXFx/4GBgf+SkpL/jo6O/4mJif+Ojo7/lJSU/4WFhf9ra2v/aGho/2ZmZv9kZGT/X19f/2NjY/9xcXH/d3d3/3p6ev99fX3/hoaG/46Ojv+fn5//sbGx/5CQkP9qamr/W1tb/0hISP9PT0//XV1d/2FhYf9nZ2f/a2tr/3Nzc/9+fn7/mZmZ/6Wlpf+oqKj/ra2t/8LCwv/Q0ND/sLCw/4+Pj/+hoaH/tra2/6Wlpf+NjY3/hISE/3d3d/90dHT/cHBw/3Jycv96enr/eHh4/2tra/9mZmb/bGxs/3Fxcf99fX3/hYWF/3h4eP9paWn/Z2dn/2RkZP9gYGD/WVlZ/11dXf9jY2P/YWFh/1tbW/9bW1v/YGBg/15eXv9UVFT/UlJS/11dXf9mZmb/dnZ2/4SEhP+AgID/e3t7/4WFhf+QkJD/jIyM/4eHh/+Hh4f/iIiI/4GBgf9ycnL/cnJy/3l5ef9/f3//jIyM/4+Pj/+AgID/dnZ2/3Nzc/9xcXH/aGho/15eXv9lZWX/bGxs/4aGhv+srKz/oqKi/4uLi/95eXn/Wlpa/1RUVP9WVlb/VVVV/1JSUv9SUlL/Wlpa/2BgYP9lZWX/ampq/2NjY/9bW1v/Z2dn/3Z2dv9wcHD/Z2dn/2FhYf9XV1f/YmJi/319ff+IiIj/lJSU/5KSkv96enr/bGxs/2FhYf9aWlr/X19f/2RkZP9ubm7/enp6/3Nzc/9qamr/cXFx/319ff96enr/c3Nz/3R0dP93d3f/fn5+/4+Pj/+NjY3/dHR0/2VlZf9dXV3/V1dX/11dXf9jY2P/XFxc/1ZWVv9YWFj/XFxc/2VlZf9ycnL/ampq/1lZWf9aWlr/YWFh/2dnZ/9wcHD/enp6/5KSkv+enp7/mpqa/5aWlv+NjY3/hISE/5aWlv+qqqr/l5eX/3x8fP9wcHD/YGBg/2hoaP96enr/f39//4SEhP9/f3//a2tr/2RkZP9lZWX/ZWVl/2FhYf9fX1//b29v/39/f/95eXn/cnJy/2RkZP9PT0//Tk5O/05OTv9UVFT/YWFh/2hoaP9ycnL/cHBw/2NjY/9fX1//Z2dn/2hoaP9YWFj/S0tL/0pKSv9JSUn/RkZG/0NDQ/9OTk7/XV1d/1xcXP9ZWVn/WVlZ/1lZWf9TU1P/QkJC/zw8PP84ODj/NTU1/zAwMP8tLS3/Ly8v/zIyMv84ODj/Pj4+/0VFRf9NTU3/UFBQ/1VVVf9WVlb/WFhY/2VlZf+AgID/d3d3/1VVVf9KSkr/SEhI/0hISP9MTEz/UFBQ/1lZWf9hYWH/Z2dn/21tbf9tbW3/bGxs/15eXv9JSUn/S0tL/1FRUf9PT0//SEhI/0dHR/9KSkr/SkpK/0ZGRv9DQ0P/Pz8//z4+Pv9ISEj/UVFR/1tbW/9lZWX/bGxs/3Nzc/90dHT/dHR0/2ZmZv9PT0//TU1N/09PT/9LS0v/QEBA/zs7O/82Njb/NDQ0/zMzM/8yMjL/NDQ0/zY2Nv82Njb/NTU1/zw8PP9ERET/RUVF/0ZGRv9ISEj/S0tL/0dHR/89PT3/Ojo6/zg4OP87Ozv/RUVF/05OTv9fX1//aWlp/1hYWP9ISEj/RERE/0BAQP9AQED/QEBA/zw8PP81NTX/Ojo6/0NDQ/9NTU3/YmJi/19fX/9KSkr/RERE/0hISP9ISEj/QEBA/zo6Ov86Ojr/fHx8/3R0dP9sbGz/YWFh/1FRUf9NTU3/R0dH/0tLS/9VVVX/W1tb/2RkZP9lZWX/YGBg/11dXf9YWFj/WFhY/2VlZf9wcHD/fHx8/4iIiP+EhIT/f39//3d3d/9sbGz/cXFx/3h4eP95eXn/eHh4/3R0dP9ra2v/aGho/2ZmZv9mZmb/bW1t/3Fxcf9ubm7/bGxs/3V1df9+fn7/enp6/3V1df9xcXH/a2tr/3h4eP+Ojo7/kJCQ/4+Pj/+MjIz/hoaG/4WFhf+IiIj/h4eH/35+fv95eXn/dHR0/3Fxcf9zc3P/dnZ2/3V1df90dHT/b29v/2lpaf9fX1//UFBQ/1NTU/9dXV3/ZGRk/3BwcP92dnb/fHx8/4GBgf+MjIz/kJCQ/35+fv9ubm7/Z2dn/19fX/9tbW3/fn5+/3l5ef9ycnL/dnZ2/35+fv+FhYX/kZGR/5CQkP+FhYX/e3t7/2ZmZv9dXV3/X19f/2FhYf9oaGj/b29v/2VlZf9cXFz/X19f/2JiYv9qamr/d3d3/3h4eP96enr/eXl5/3Z2dv91dXX/dHR0/3d3d/+BgYH/hoaG/4SEhP+CgoL/fn5+/3p6ev92dnb/cXFx/319ff+NjY3/fn5+/2ZmZv9hYWH/Wlpa/1xcXP9hYWH/bm5u/46Ojv+Tk5P/g4OD/3l5ef9zc3P/bW1t/11dXf9NTU3/SkpK/0dHR/9KSkr/Tk5O/1BQUP9UVFT/WFhY/2BgYP9tbW3/hoaG/4eHh/95eXn/dXV1/3t7e/9+fn7/g4OD/4iIiP+UlJT/oKCg/6Kiov+jo6P/mZmZ/42Njf+NjY3/jo6O/4ODg/9wcHD/bGxs/2tra/9qamr/ZmZm/2dnZ/9ubm7/cXFx/2xsbP9qamr/dXV1/4GBgf94eHj/b29v/3d3d/+CgoL/ioqK/5SUlP+IiIj/cXFx/2hoaP9cXFz/VVVV/0xMTP9GRkb/QUFB/0BAQP9MTEz/VlZW/2ZmZv93d3f/cXFx/2pqav9xcXH/fHx8/3h4eP9wcHD/fn5+/5mZmf+Tk5P/eHh4/21tbf9hYWH/XFxc/1tbW/9aWlr/VlZW/1NTU/9WVlb/WVlZ/25ubv+Ghob/fHx8/21tbf9paWn/Y2Nj/19fX/9ZWVn/VVVV/1BQUP9XV1f/b29v/4ODg/+np6f/u7u7/7Ozs/+pqan/hoaG/2JiYv9nZ2f/bm5u/3BwcP90dHT/dnZ2/3p6ev90dHT/aWlp/21tbf98fHz/f39//3t7e/97e3v/f39//4WFhf+cnJz/r6+v/6enp/+goKD/jo6O/3p6ev9wcHD/YmJi/2BgYP9fX1//Y2Nj/2tra/9qamr/ZWVl/2JiYv9gYGD/Xl5e/1paWv9YWFj/WFhY/1hYWP9XV1f/VVVV/2pqav+Dg4P/h4eH/4yMjP+MjIz/jY2N/4WFhf90dHT/dHR0/3p6ev94eHj/a2tr/2hoaP94eHj/g4OD/4uLi/+SkpL/jo6O/4qKiv+RkZH/mZmZ/42Njf95eXn/d3d3/3d3d/96enr/gICA/319ff9wcHD/bGxs/21tbf9xcXH/hISE/5WVlf+7u7v/3d3d/7Ozs/+FhYX/eHh4/2hoaP9sbGz/c3Nz/3d3d/99fX3/iYmJ/6Ghof+xsbH/y8vL/8vLy/+pqan/lJSU/4GBgf92dnb/hISE/5GRkf+IiIj/fn5+/2VlZf9FRUX/RUVF/0VFRf9NTU3/Wlpa/2hoaP+EhIT/goKC/21tbf9lZWX/ZmZm/2pqav9+fn7/ioqK/35+fv9CQkL/TExM/1ZWVv9aWlr/Xl5e/1tbW/9VVVX/Tk5O/0JCQv9CQkL/SEhI/0xMTP9UVFT/V1dX/1hYWP9XV1f/UVFR/01NTf9VVVX/Xl5e/1VVVf9KSkr/S0tL/0tLS/9LS0v/S0tL/1JSUv9fX1//YGBg/15eXv9fX1//ZWVl/2dnZ/9nZ2f/aWlp/3Z2dv+AgID/enp6/3V1df9qamr/Xl5e/1ZWVv9LS0v/Tk5O/1RUVP9aWlr/ZWVl/2NjY/9aWlr/Wlpa/2FhYf9kZGT/ZGRk/2NjY/9gYGD/Xl5e/1paWv9WVlb/WVlZ/15eXv9lZWX/bm5u/25ubv9tbW3/aGho/15eXv9aWlr/VVVV/1RUVP9TU1P/VlZW/2NjY/9ra2v/a2tr/2pqav9iYmL/Wlpa/2FhYf9oaGj/ZWVl/2FhYf9lZWX/bGxs/2hoaP9fX1//X19f/2RkZP9lZWX/ZmZm/2dnZ/9sbGz/b29v/2tra/9nZ2f/W1tb/09PT/9RUVH/VVVV/2ZmZv9/f3//f39//3t7e/9ubm7/VVVV/1JSUv9aWlr/XFxc/15eXv9eXl7/X19f/15eXv9ZWVn/VlZW/2RkZP90dHT/enp6/4KCgv96enr/bm5u/3R0dP9/f3//fHx8/3Fxcf9xcXH/dnZ2/3l5ef9+fn7/gYGB/4WFhf+IiIj/h4eH/4eHh/+FhYX/g4OD/4ODg/+Dg4P/eHh4/2hoaP9paWn/bGxs/3BwcP93d3f/d3d3/3Fxcf92dnb/jY2N/5OTk/96enr/aGho/2dnZ/9mZmb/bW1t/3R0dP9sbGz/YmJi/2lpaf90dHT/fX19/4yMjP+Ojo7/jY2N/4yMjP+IiIj/goKC/3Nzc/9paWn/X19f/1paWv9paWn/eXl5/3x8fP+AgID/fn5+/3p6ev+EhIT/lZWV/5GRkf+Hh4f/goKC/3p6ev9/f3//kZGR/5GRkf96enr/bW1t/2xsbP9qamr/YmJi/1tbW/9VVVX/Tk5O/1BQUP9SUlL/UVFR/1BQUP9NTU3/SEhI/0NDQ/88PDz/ODg4/zU1Nf8zMzP/MjIy/zIyMv8xMTH/MTEx/zAwMP8vLy//Ly8v/y8vL/8wMDD/MDAw/zAwMP8wMDD/MDAw/y8vL/8vLy//Li4u/y4uLv8vLy//Ly8v/y8vL/8vLy//Li4u/y4uLv8uLi7/Ly8v/y8vL/8wMDD/Ly8v/y4uLv8uLi7/Li4u/y4uLv8vLy//Ly8v/y4uLv8vLy//MDAw/zAwMP8vLy//Li4u/y4uLv8uLi7/Li4u/y4uLv8uLi7/Li4u/y4uLv8uLi7/Li4u/y0tLf8tLS3/Li4u/y4uLv8uLi7/Li4u/y4uLv8uLi7/Ly8v/y8vL/8wMDD/MTEx/zMzM/82Njb/NjY2/zc3N/86Ojr/Pj4+/0FBQf9GRkb/UFBQ/2RkZP9vb2//gYGB/4GBgf9xcXH/ZmZm/1hYWP9RUVH/XFxc/2ZmZv9ubm7/d3d3/2lpaf9WVlb/WVlZ/11dXf9hYWH/ZmZm/2pqav9wcHD/cnJy/3V1df96enr/h4eH/4qKiv97e3v/cHBw/2pqav9kZGT/ZWVl/2ZmZv9dXV3/U1NT/1FRUf9QUFD/WVlZ/2lpaf9tbW3/cHBw/29vb/9qamr/a2tr/3Nzc/92dnb/dXV1/3Nzc/9tbW3/aGho/3V1df+EhIT/hoaG/4mJif+Tk5P/oqKi/5eXl/+AgID/eXl5/3Jycv9tbW3/ZGRk/2NjY/9sbGz/dXV1/4WFhf+Pj4//hoaG/xsbG/8aGhr/Ghoa/xkZGf8ZGRn/GBgY/xcXF/8WFhb/FhYW/xUVFf8VFRX/FBQU/xISEv8SEhL/ERER/xAQEP8RERH/ERER/xAQEP8PDw//EBAQ/xEREf8SEhL/ExMT/xMTE/8TExP/ExMT/xISEv8RERH/EBAQ/xEREf8SEhL/EhIS/xMTE/8TExP/ExMT/xMTE/8SEhL/ERER/xEREf8QEBD/EBAQ/xAQEP8QEBD/EBAQ/xAQEP8QEBD/EBAQ/xAQEP8QEBD/ERER/xEREf8SEhL/EhIS/xISEv8SEhL/EhIS/xISEv8SEhL/ERER/xEREf8QEBD/EBAQ/w8PD/8PDw//Dw8P/w8PD/8PDw//Dw8P/w8PD/8QEBD/EhIS/xMTE/8VFRX/FhYW/xcXF/8YGBj/GBgY/xgYGP8YGBj/FxcX/xcXF/8WFhb/FhYW/xUVFf8VFRX/FhYW/xYWFv8XFxf/FxcX/xcXF/8XFxf/FxcX/xcXF/8XFxf/FxcX/xgYGP8YGBj/GBgY/xgYGP8YGBj/GRkZ/xkZGf8ZGRn/GRkZ/xkZGf8ZGRn/GRkZ/xkZGf8ZGRn/GRkZ/xkZGf8YGBj/GRkZ/xkZGf8ZGRn/GRkZ/xkZGf8ZGRn/GRkZ/xoaGv8aGhr/Gxsb/xsbG/8bGxv/Gxsb/xsbG/8bGxv/Ghoa/xoaGv8bGxv/Gxsb/x0dHf8fHx//JiYm/y8vL/8xMTH/MjIy/zQ0NP83Nzf/ODg4/zk5Of85OTn/Ojo6/zs7O/87Ozv/PDw8/z8/P/9BQUH/Pj4+/zo6Ov8+Pj7/QkJC/0RERP9ISEj/RERE/z8/P/89PT3/PDw8/zs7O/87Ozv/PT09/0JCQv9ERET/RUVF/0VFRf9BQUH/Pz8//0BAQP9CQkL/QkJC/0JCQv9AQED/PT09/zw8PP86Ojr/PT09/0FBQf9DQ0P/RUVF/0RERP9AQED/Pz8//0BAQP9AQED/Pj4+/zw8PP86Ojr/ODg4/zs7O/8+Pj7/PT09/zw8PP88PDz/PDw8/z8/P/9FRUX/RkZG/0dHR/9GRkb/QkJC/0BAQP8+Pj7/Pj4+/0NDQ/9ISEj/Tk5O/1RUVP9PT0//SUlJ/0hISP9HR0f/RkZG/0VFRf9GRkb/SEhI/0hISP9GRkb/RUVF/0RERP9ERET/RkZG/0dHR/9JSUn/S0tL/0xMTP9NTU3/UFBQ/1NTU/9OTk7/R0dH/0lJSf9MTEz/T09P/1VVVf9UVFT/UlJS/1BQUP9OTk7/TU1N/0xMTP9NTU3/UlJS/1dXV/9ZWVn/W1tb/1dXV/9TU1P/UlJS/1BQUP9NTU3/SUlJ/0pKSv9OTk7/UVFR/1ZWVv9WVlb/VFRU/1JSUv9OTk7/TExM/05OTv9QUFD/SkpK/0VFRf9GRkb/SEhI/1JSUv9hYWH/YmJi/2JiYv9eXl7/VlZW/1RUVP9UVFT/VFRU/1ZWVv9WVlb/VlZW/1ZWVv9UVFT/UlJS/05OTv9KSkr/TU1N/1BQUP9QUFD/T09P/1FRUf9WVlb/VlZW/1RUVP9WVlb/Wlpa/1paWv9WVlb/VFRU/1ZWVv9XV1f/UlJS/01NTf9LS0v/SkpK/0lJSf9ISEj/UFBQ/11dXf9aWlr/U1NT/1ZWVv9dXV3/X19f/1xcXP9ZWVn/UVFR/0xMTP9ISEj/RUVF/0BAQP88PDz/Q0ND/0lJSf9MTEz/T09P/0tLS/9ERET/RUVF/0hISP9ISEj/R0dH/0ZGRv9GRkb/RkZG/0VFRf9DQ0P/Pj4+/zs7O/8+Pj7/g4OD/46Ojv+ampr/iIiI/29vb/9ra2v/ZWVl/21tbf99fX3/d3d3/2RkZP9iYmL/aWlp/2tra/9paWn/aWlp/25ubv9ycnL/bGxs/2VlZf9tbW3/dnZ2/4GBgf+QkJD/hoaG/3V1df9ubm7/ZGRk/2FhYf9eXl7/YmJi/25ubv91dXX/fX19/4SEhP+Li4v/lJSU/7Gxsf/Ozs7/oaGh/21tbf9lZWX/W1tb/3R0dP+enp7/oqKi/6Kiov+bm5v/iYmJ/4ODg/+BgYH/g4OD/4uLi/+SkpL/mpqa/6Ghof+bm5v/lZWV/7W1tf/Z2dn/ycnJ/7Kysv+goKD/hISE/3x8fP9ycnL/f39//6Kiov+jo6P/hYWF/3Z2dv9sbGz/Z2dn/2pqav9ubm7/f39//5GRkf+QkJD/j4+P/4KCgv9xcXH/eHh4/4WFhf+Dg4P/e3t7/319ff+IiIj/g4OD/2tra/9hYWH/ZmZm/2xsbP+BgYH/kpKS/4aGhv95eXn/eHh4/3Z2dv91dXX/dHR0/3BwcP9qamr/aWlp/2lpaf9nZ2f/YWFh/2FhYf9qamr/c3Nz/4qKiv+ampr/oaGh/6ampv+RkZH/enp6/3V1df9vb2//eHh4/4aGhv+Ghob/hISE/3Nzc/9QUFD/RkZG/z4+Pv89PT3/QEBA/0ZGRv9aWlr/Z2dn/2dnZ/9mZmb/WVlZ/0pKSv9VVVX/ZGRk/2pqav9ycnL/cHBw/21tbf99fX3/oaGh/5+fn/+Ghob/d3d3/2JiYv9XV1f/VFRU/1JSUv9XV1f/XFxc/2RkZP9sbGz/d3d3/4WFhf+UlJT/qqqq/5ycnP9+fn7/enp6/3p6ev93d3f/b29v/2tra/9paWn/Z2dn/2FhYf9eXl7/ZmZm/25ubv9ycnL/dXV1/29vb/9nZ2f/bGxs/3R0dP9ycnL/bGxs/2lpaf9lZWX/aWlp/3l5ef99fX3/dHR0/25ubv9ra2v/aWlp/29vb/92dnb/dHR0/3Fxcf9oaGj/XFxc/1ZWVv9MTEz/UFBQ/1lZWf9eXl7/aGho/3BwcP9/f3//hYWF/4aGhv+Dg4P/bm5u/15eXv9eXl7/X19f/2FhYf9jY2P/WVlZ/0pKSv9GRkb/QUFB/0dHR/9TU1P/Y2Nj/4SEhP+Ghob/c3Nz/21tbf92dnb/eHh4/2VlZf9WVlb/TU1N/0RERP9ERET/RUVF/0pKSv9RUVH/U1NT/1ZWVv9XV1f/WFhY/1FRUf9AQED/Ozs7/zk5Of82Njb/MjIy/zExMf81NTX/OTk5/0FBQf9JSUn/SUlJ/0lJSf9KSkr/S0tL/0xMTP9PT0//U1NT/1tbW/9YWFj/S0tL/0dHR/9ISEj/SUlJ/0tLS/9NTU3/Tk5O/09PT/9SUlL/VVVV/1ZWVv9WVlb/UVFR/0tLS/9ISEj/RERE/0ZGRv9KSkr/S0tL/0tLS/9ISEj/PT09/zk5Of88PDz/Pj4+/z8/P/9AQED/QkJC/0VFRf9LS0v/UlJS/1ZWVv9bW1v/VVVV/0lJSf9JSUn/Tk5O/0xMTP9ERET/QkJC/0RERP9DQ0P/PT09/zk5Of85OTn/Ojo6/zo6Ov86Ojr/QEBA/0dHR/9FRUX/QUFB/z8/P/88PDz/OTk5/zMzM/8yMjL/NTU1/zo6Ov9GRkb/UFBQ/2BgYP9paWn/W1tb/05OTv9OTk7/T09P/1BQUP9SUlL/R0dH/zY2Nv87Ozv/R0dH/1BQUP9hYWH/XV1d/0lJSf9CQkL/RkZG/0ZGRv89PT3/Nzc3/zc3N/9kZGT/YmJi/2BgYP9aWlr/UlJS/1BQUP9NTU3/UVFR/1hYWP9ZWVn/WVlZ/1tbW/9iYmL/Y2Nj/1paWv9YWFj/ZWVl/29vb/98fHz/iIiI/4ODg/99fX3/gYGB/4WFhf+Kior/kJCQ/4+Pj/+MjIz/jIyM/46Ojv+IiIj/d3d3/25ubv9mZmb/YWFh/11dXf9bW1v/YGBg/2VlZf9mZmb/ZmZm/19fX/9VVVX/XV1d/2tra/9ubm7/cHBw/3h4eP+Li4v/jo6O/4aGhv+BgYH/eXl5/3V1df94eHj/enp6/3R0dP9tbW3/bm5u/3BwcP+BgYH/mZmZ/4uLi/9wcHD/dXV1/4WFhf+EhIT/enp6/3R0dP9sbGz/bGxs/319ff+EhIT/dHR0/2dnZ/9mZmb/ZWVl/3BwcP98fHz/iYmJ/52dnf+hoaH/p6en/56env+Kior/goKC/3V1df9wcHD/bGxs/2lpaf9mZmb/Z2dn/3l5ef+JiYn/fHx8/29vb/9paWn/YmJi/2BgYP9cXFz/X19f/2NjY/9qamr/eXl5/35+fv+CgoL/g4OD/4GBgf+BgYH/hYWF/4aGhv97e3v/cXFx/2hoaP9eXl7/YmJi/2ZmZv9gYGD/V1dX/1RUVP9SUlL/VFRU/1paWv9iYmL/dHR0/3h4eP9wcHD/ampq/1xcXP9SUlL/SkpK/0NDQ/9ERET/RUVF/0lJSf9OTk7/UVFR/1VVVf9bW1v/ZmZm/3Nzc/+NjY3/jIyM/3d3d/92dnb/iYmJ/5OTk/+cnJz/oaGh/56env+bm5v/mZmZ/5eXl/+MjIz/fX19/319ff9+fn7/enp6/3R0dP9sbGz/X19f/15eXv9jY2P/bW1t/4iIiP+Tk5P/hYWF/3x8fP+FhYX/jY2N/4uLi/+JiYn/h4eH/4aGhv+Ghob/h4eH/4GBgf92dnb/eHh4/4GBgf97e3v/YmJi/1VVVf9LS0v/R0dH/09PT/9WVlb/ZWVl/3Nzc/95eXn/f39//3Z2dv9paWn/ZWVl/15eXv9kZGT/cHBw/3Fxcf9sbGz/a2tr/2lpaf9lZWX/WFhY/1BQUP9PT0//TU1N/01NTf9MTEz/WFhY/2ZmZv9kZGT/YmJi/2RkZP9mZmb/ZGRk/19fX/9eXl7/Xl5e/2JiYv9ubm7/e3t7/5mZmf+np6f/lJSU/4ODg/9paWn/TU1N/1tbW/9sbGz/fHx8/5OTk/+fn5//sbGx/6SkpP+Ghob/j4+P/7Gxsf+zs7P/nZ2d/5CQkP+Dg4P/fn5+/4uLi/+VlZX/lJSU/5KSkv+AgID/ampq/2VlZf9eXl7/XFxc/1paWv9gYGD/bm5u/3d3d/+Ghob/iYmJ/4WFhf9/f3//b29v/2VlZf9hYWH/Xl5e/1paWv9XV1f/ZWVl/3d3d/+CgoL/kZGR/5+fn/+2trb/qKio/4WFhf9+fn7/fn5+/3t7e/9ycnL/bm5u/3Jycv91dXX/eXl5/319ff95eXn/dXV1/319ff+Hh4f/hoaG/4SEhP+Ojo7/oaGh/6CgoP+ZmZn/i4uL/2tra/9gYGD/Xl5e/2JiYv91dXX/iIiI/7S0tP/b29v/sbGx/4SEhP99fX3/dHR0/4WFhf+goKD/nZ2d/5OTk/+QkJD/jY2N/46Ojv+VlZX/lpaW/5KSkv+QkJD/kJCQ/5OTk/+xsbH/zs7O/7i4uP+goKD/enp6/0lJSf9FRUX/QUFB/0RERP9LS0v/UlJS/2BgYP9hYWH/W1tb/1tbW/9iYmL/bGxs/4uLi/+goKD/kpKS/1FRUf9cXFz/aWlp/2ZmZv9jY2P/XV1d/1JSUv9OTk7/R0dH/0pKSv9UVFT/WFhY/1xcXP9dXV3/Wlpa/1hYWP9WVlb/VlZW/1tbW/9gYGD/VlZW/0tLS/9OTk7/U1NT/1lZWf9iYmL/Z2dn/29vb/9ra2v/YGBg/15eXv9hYWH/YWFh/19fX/9iYmL/eXl5/4mJif97e3v/bGxs/2lpaf9lZWX/Xl5e/1RUVP9UVFT/VlZW/1hYWP9aWlr/Wlpa/1hYWP9bW1v/ZWVl/2lpaf9oaGj/Z2dn/2dnZ/9nZ2f/ZGRk/2FhYf9xcXH/hISE/4WFhf+FhYX/f39//3Z2dv9tbW3/Xl5e/1paWv9XV1f/V1dX/1lZWf9cXFz/Y2Nj/2hoaP9ubm7/c3Nz/2xsbP9lZWX/cHBw/35+fv91dXX/Z2dn/2VlZf9jY2P/Xl5e/1RUVP9VVVX/XV1d/2FhYf9kZGT/ZmZm/2RkZP9jY2P/Xl5e/1paWv9UVFT/TU1N/0tLS/9JSUn/UVFR/11dXf9jY2P/bGxs/2dnZ/9aWlr/WFhY/1hYWP9XV1f/UVFR/09PT/9SUlL/VFRU/1RUVP9UVFT/ZWVl/3d3d/+CgoL/kJCQ/4eHh/96enr/f39//4qKiv+Ghob/eXl5/3l5ef+BgYH/goKC/39/f/9+fn7/fX19/3x8fP9+fn7/gICA/4ODg/+Ghob/fn5+/3V1df91dXX/d3d3/3V1df9zc3P/cnJy/25ubv9ra2v/ZmZm/2dnZ/9xcXH/dHR0/2pqav9lZWX/ampq/29vb/9zc3P/eHh4/3Nzc/9tbW3/bm5u/29vb/9wcHD/cXFx/3Fxcf9ycnL/c3Nz/3Jycv9xcXH/b29v/2xsbP9nZ2f/Z2dn/4ODg/+fn5//nJyc/5mZmf+Hh4f/b29v/25ubv9ubm7/b29v/3BwcP92dnb/hYWF/4+Pj/+goKD/nZ2d/3x8fP9paWn/aGho/2ZmZv9gYGD/Wlpa/1FRUf9GRkb/SkpK/09PT/9TU1P/Wlpa/1dXV/9RUVH/S0tL/z8/P/86Ojr/NTU1/zMzM/8xMTH/MDAw/zAwMP8wMDD/MDAw/zExMf8xMTH/MTEx/zExMf8xMTH/MDAw/y4uLv8uLi7/Li4u/y8vL/8vLy//Ly8v/y8vL/8uLi7/Ly8v/y8vL/8uLi7/Li4u/y4uLv8tLS3/Li4u/y8vL/8vLy//MDAw/y8vL/8vLy//Ly8v/y8vL/8vLy//Ly8v/y8vL/8vLy//Ly8v/y4uLv8uLi7/Li4u/y4uLv8uLi7/Ly8v/y8vL/8vLy//Li4u/y4uLv8uLi7/LS0t/y0tLf8uLi7/Li4u/y8vL/8vLy//Ly8v/y8vL/8wMDD/MTEx/zExMf8yMjL/MzMz/zQ0NP82Njb/ODg4/zs7O/8/Pz//QUFB/0RERP9JSUn/VFRU/1lZWf9fX1//YGBg/1tbW/9YWFj/UFBQ/01NTf9YWFj/Y2Nj/21tbf94eHj/cHBw/2ZmZv9zc3P/hoaG/4KCgv93d3f/dXV1/3V1df91dXX/eHh4/3x8fP+JiYn/jIyM/4GBgf94eHj/aWlp/1paWv9dXV3/YWFh/2FhYf9hYWH/YmJi/2JiYv9lZWX/aGho/2hoaP9nZ2f/a2tr/3d3d/96enr/dXV1/3R0dP98fHz/gICA/3p6ev9zc3P/fHx8/4WFhf+FhYX/hoaG/4eHh/+Hh4f/gYGB/3V1df9wcHD/a2tr/2xsbP9wcHD/cnJy/3Jycv9ycnL/c3Nz/3R0dP9sbGz/Ghoa/xoaGv8ZGRn/GBgY/xgYGP8XFxf/FhYW/xYWFv8VFRX/FBQU/xMTE/8SEhL/EhIS/xEREf8RERH/ERER/xAQEP8QEBD/EBAQ/xEREf8RERH/ERER/xISEv8SEhL/ExMT/xMTE/8SEhL/ERER/xEREf8RERH/ERER/xISEv8SEhL/EhIS/xISEv8SEhL/EhIS/xISEv8SEhL/ERER/xAQEP8QEBD/EBAQ/xAQEP8QEBD/EBAQ/xAQEP8QEBD/EBAQ/xAQEP8RERH/ERER/xISEv8SEhL/EhIS/xISEv8SEhL/ExMT/xISEv8SEhL/ERER/xEREf8QEBD/EBAQ/xAQEP8PDw//Dw8P/w8PD/8PDw//EBAQ/xAQEP8RERH/EhIS/xQUFP8VFRX/FhYW/xYWFv8XFxf/GBgY/xgYGP8YGBj/FxcX/xcXF/8WFhb/FhYW/xYWFv8WFhb/FhYW/xYWFv8WFhb/FxcX/xcXF/8XFxf/GBgY/xgYGP8ZGRn/GRkZ/xkZGf8YGBj/GBgY/xgYGP8YGBj/GBgY/xkZGf8ZGRn/Ghoa/xoaGv8aGhr/Ghoa/xoaGv8aGhr/Ghoa/xoaGv8aGhr/Ghoa/xoaGv8aGhr/Ghoa/xoaGv8aGhr/Ghoa/xoaGv8bGxv/Gxsb/xsbG/8bGxv/Ghoa/xoaGv8aGhr/Ghoa/xsbG/8bGxv/HR0d/x8fH/8kJCT/Kysr/y0tLf8wMDD/MzMz/zo6Ov87Ozv/PDw8/zw8PP89PT3/PDw8/zo6Ov85OTn/Ojo6/zs7O/88PDz/PT09/z8/P/9BQUH/QUFB/0BAQP89PT3/OTk5/zg4OP82Njb/ODg4/z8/P/9BQUH/Q0ND/0NDQ/9CQkL/QUFB/0BAQP8+Pj7/Pj4+/z09Pf89PT3/PT09/z09Pf8+Pj7/Pj4+/z4+Pv8+Pj7/PT09/zw8PP87Ozv/OTk5/zY2Nv82Njb/Ojo6/z09Pf8+Pj7/Pz8//z4+Pv88PDz/Pj4+/0FBQf8+Pj7/Ojo6/zo6Ov86Ojr/PDw8/0FBQf9AQED/Ozs7/zo6Ov89PT3/Pj4+/0BAQP9BQUH/RERE/0dHR/9HR0f/SEhI/0ZGRv9DQ0P/R0dH/0xMTP9MTEz/TU1N/0xMTP9LS0v/SkpK/0hISP9GRkb/QkJC/0BAQP89PT3/Ozs7/z8/P/9DQ0P/RUVF/0hISP9ISEj/R0dH/0RERP9BQUH/R0dH/1FRUf9RUVH/Tk5O/05OTv9OTk7/Tk5O/01NTf9NTU3/T09P/1FRUf9SUlL/U1NT/1NTU/9UVFT/WFhY/1xcXP9YWFj/UlJS/1BQUP9NTU3/Tk5O/1BQUP9UVFT/XFxc/1xcXP9SUlL/T09P/1NTU/9WVlb/Wlpa/1xcXP9WVlb/Tk5O/01NTf9LS0v/UVFR/1paWv9cXFz/YGBg/2FhYf9hYWH/X19f/1paWv9ZWVn/Wlpa/1paWv9YWFj/VlZW/1hYWP9bW1v/XV1d/19fX/9fX1//X19f/1xcXP9YWFj/U1NT/0xMTP9LS0v/S0tL/01NTf9SUlL/U1NT/1BQUP9QUFD/V1dX/1tbW/9YWFj/VVVV/1dXV/9YWFj/UVFR/0dHR/9ISEj/SUlJ/0lJSf9ISEj/SUlJ/0xMTP9NTU3/TU1N/1BQUP9XV1f/Wlpa/1ZWVv9SUlL/SUlJ/0BAQP9GRkb/S0tL/1BQUP9WVlb/VFRU/1BQUP9PT0//UFBQ/0xMTP9DQ0P/QEBA/z4+Pv8+Pj7/QEBA/0FBQf9DQ0P/RUVF/0tLS/+FhYX/jo6O/5mZmf+EhIT/aWlp/2RkZP9eXl7/ampq/4KCgv99fX3/aGho/2dnZ/90dHT/d3d3/3Fxcf9tbW3/b29v/29vb/9iYmL/VVVV/2JiYv9vb2//f39//5OTk/+Ojo7/hISE/319ff9xcXH/b29v/21tbf9wcHD/eHh4/319ff+Hh4f/jIyM/46Ojv+RkZH/rq6u/8zMzP+fn5//a2tr/2hoaP9lZWX/hoaG/7y8vP/BwcH/wcHB/7S0tP+VlZX/h4eH/3Z2dv9ycnL/enp6/4CAgP+EhIT/iIiI/5KSkv+bm5v/vLy8/+Li4v/V1dX/wcHB/6+vr/+SkpL/h4eH/3h4eP+FhYX/q6ur/6urq/+Li4v/enp6/3BwcP9paWn/ampq/2xsbP+Dg4P/mpqa/5ubm/+cnJz/kJCQ/4CAgP+IiIj/mJiY/5SUlP+IiIj/ioqK/5OTk/+MjIz/cXFx/2ZmZv9paWn/b29v/4SEhP+Wlpb/h4eH/3h4eP9zc3P/bW1t/2xsbP9ra2v/ZmZm/15eXv9hYWH/ampq/2dnZ/9aWlr/V1dX/15eXv9paWn/i4uL/6Kiov+rq6v/srKy/5ubm/+Dg4P/fHx8/3Nzc/90dHT/dnZ2/3h4eP99fX3/bm5u/01NTf9CQkL/ODg4/zY2Nv87Ozv/QkJC/1dXV/9kZGT/YmJi/19fX/9RUVH/Q0ND/09PT/9dXV3/Z2dn/3V1df92dnb/dnZ2/4mJif+zs7P/rq6u/4iIiP90dHT/X19f/1RUVP9TU1P/U1NT/1hYWP9dXV3/YWFh/2VlZf92dnb/jY2N/56env+2trb/p6en/4aGhv+AgID/gICA/3l5ef9kZGT/X19f/2VlZf9nZ2f/ZGRk/2JiYv9paWn/cHBw/3Z2dv9+fn7/dXV1/2lpaf9sbGz/cnJy/3Jycv9ycnL/bm5u/2VlZf9oaGj/eXl5/3p6ev9oaGj/Xl5e/1hYWP9VVVX/YGBg/2tra/9jY2P/WVlZ/1dXV/9UVFT/UFBQ/0lJSf9KSkr/TU1N/1JSUv9cXFz/aGho/4ODg/+NjY3/jY2N/4mJif9vb2//W1tb/1VVVf9OTk7/VFRU/1paWv9UVFT/S0tL/0ZGRv8/Pz//RUVF/1NTU/9lZWX/iYmJ/4yMjP92dnb/cHBw/3h4eP97e3v/bGxs/15eXv9SUlL/RkZG/0hISP9KSkr/Tk5O/1RUVP9UVFT/VFRU/1RUVP9TU1P/Tk5O/0BAQP88PDz/Ozs7/zo6Ov82Njb/NDQ0/zk5Of88PDz/RERE/01NTf9MTEz/S0tL/0pKSv9KSkr/S0tL/0xMTP9MTEz/TU1N/0tLS/9ISEj/R0dH/0hISP9JSUn/SUlJ/0lJSf9HR0f/RkZG/0pKSv9OTk7/UVFR/1VVVf9SUlL/Tk5O/0hISP8/Pz//QkJC/0lJSf9KSkr/SUlJ/0RERP84ODj/NDQ0/zk5Of88PDz/Ozs7/zo6Ov86Ojr/Ozs7/z8/P/9FRUX/SkpK/1FRUf9OTk7/SEhI/0lJSf9OTk7/TU1N/0hISP9ISEj/TExM/0xMTP9ERET/Pj4+/z4+Pv8+Pj7/PDw8/zs7O/9AQED/RUVF/0JCQv8+Pj7/Ozs7/zY2Nv81NTX/MzMz/zQ0NP83Nzf/PDw8/0ZGRv9PT0//XFxc/2VlZf9aWlr/UFBQ/1JSUv9VVVX/V1dX/1lZWf9LS0v/Nzc3/zs7O/9GRkb/Tk5O/1xcXP9YWFj/RkZG/0BAQP9DQ0P/Q0ND/zw8PP84ODj/ODg4/1tbW/9bW1v/XFxc/1tbW/9ZWVn/V1dX/1RUVP9VVVX/WFhY/1dXV/9SUlL/VlZW/2NjY/9lZWX/XFxc/1paWv9mZmb/cXFx/3t7e/+FhYX/g4OD/4CAgP+Ghob/jY2N/5CQkP+VlZX/k5OT/4+Pj/+SkpL/mZmZ/5SUlP9/f3//dHR0/2hoaP9hYWH/XFxc/1lZWf9dXV3/YGBg/2FhYf9iYmL/Wlpa/09PT/9WVlb/YmJi/2RkZP9mZmb/cnJy/4yMjP+RkZH/iIiI/4ODg/96enr/dnZ2/3p6ev99fX3/dXV1/2xsbP9sbGz/bW1t/4WFhf+np6f/l5eX/3p6ev9+fn7/jo6O/4uLi/98fHz/c3Nz/2ZmZv9kZGT/dXV1/3x8fP9xcXH/aGho/2pqav9ra2v/c3Nz/3t7e/+Ojo7/qamp/66urv+0tLT/p6en/42Njf+BgYH/cnJy/25ubv9xcXH/cXFx/25ubv9vb2//goKC/5GRkf+Ghob/enp6/3Z2dv9wcHD/ZmZm/1dXV/9XV1f/Wlpa/2RkZP95eXn/gYGB/4mJif+Li4v/iIiI/4aGhv+IiIj/h4eH/3x8fP9xcXH/ampq/2NjY/9iYmL/YGBg/1xcXP9VVVX/VVVV/1ZWVv9YWFj/W1tb/2FhYf9ubm7/cHBw/2pqav9kZGT/U1NT/0hISP9FRUX/QUFB/0VFRf9JSUn/TU1N/1JSUv9VVVX/WFhY/15eXv9oaGj/dHR0/4qKiv+IiIj/c3Nz/3Jycv+JiYn/lZWV/56env+kpKT/nZ2d/5eXl/+UlJT/kJCQ/4mJif9/f3//f39//39/f/98fHz/d3d3/3Fxcf9kZGT/Y2Nj/2lpaf90dHT/kJCQ/5ubm/+Ojo7/hISE/42Njf+VlZX/lpaW/5iYmP+VlZX/kZGR/4uLi/+CgoL/fX19/3V1df96enr/iIiI/4KCgv9nZ2f/Wlpa/1FRUf9NTU3/UlJS/1ZWVv9jY2P/cHBw/3x8fP+Kior/eXl5/2JiYv9dXV3/VlZW/1hYWP9dXV3/YWFh/2hoaP9sbGz/cXFx/25ubv9aWlr/T09P/05OTv9MTEz/TExM/0xMTP9VVVX/X19f/2NjY/9nZ2f/aGho/2pqav9oaGj/Y2Nj/2RkZP9oaGj/a2tr/3BwcP94eHj/j4+P/5iYmP+EhIT/cnJy/1xcXP9GRkb/VlZW/2lpaf9/f3//nZ2d/6urq/+/v7//sbGx/5CQkP+ZmZn/vr6+/8DAwP+lpaX/lZWV/4ODg/95eXn/goKC/4qKiv+Li4v/jIyM/3p6ev9lZWX/YWFh/15eXv9bW1v/WFhY/19fX/9tbW3/enp6/5OTk/+ZmZn/lpaW/5CQkP9+fn7/cnJy/2tra/9lZWX/Y2Nj/2FhYf9oaGj/cnJy/39/f/+SkpL/pKSk/8LCwv+2trb/lZWV/42Njf+MjIz/iIiI/3x8fP92dnb/c3Nz/3Jycv92dnb/eXl5/3R0dP9ubm7/dHR0/3x8fP9/f3//hYWF/5WVlf+ysrL/sLCw/6Ojo/+SkpL/bGxs/19fX/9dXV3/YWFh/3Jycv+CgoL/qamp/8zMzP+pqan/hISE/39/f/95eXn/jo6O/6+vr/+oqKj/l5eX/46Ojv+BgYH/fn5+/3x8fP99fX3/hYWF/4uLi/+Xl5f/o6Oj/8PDw//i4uL/xMTE/6Wlpf99fX3/SUlJ/0RERP9AQED/Q0ND/0pKSv9PT0//VlZW/1dXV/9UVFT/VlZW/19fX/9qamr/jIyM/6Kiov+Tk5P/VVVV/2BgYP9tbW3/aWlp/2RkZP9cXFz/UVFR/05OTv9LS0v/Tk5O/1hYWP9cXFz/Xl5e/11dXf9ZWVn/V1dX/1hYWP9ZWVn/XV1d/2FhYf9XV1f/TExM/1FRUf9YWFj/YGBg/2xsbP9vb2//cnJy/21tbf9hYWH/Xl5e/2BgYP9fX1//XFxc/19fX/93d3f/iIiI/3h4eP9nZ2f/ZmZm/2ZmZv9fX1//VlZW/1dXV/9ZWVn/WVlZ/1lZWf9ZWVn/Wlpa/15eXv9paWn/bW1t/21tbf9ubm7/bW1t/21tbf9qamr/Z2dn/3p6ev+Pj4//jY2N/4qKiv+Dg4P/d3d3/21tbf9cXFz/WFhY/1hYWP9YWFj/W1tb/11dXf9hYWH/ZWVl/29vb/92dnb/cHBw/2lpaf93d3f/h4eH/3x8fP9ra2v/Z2dn/2JiYv9dXV3/VVVV/1ZWVv9cXFz/X19f/2NjY/9kZGT/Y2Nj/2FhYf9cXFz/V1dX/1NTU/9PT0//TExM/0hISP9LS0v/UFBQ/1lZWf9mZmb/ZGRk/1xcXP9ZWVn/V1dX/1RUVP9NTU3/S0tL/1BQUP9UVFT/U1NT/1NTU/9jY2P/dHR0/4CAgP+QkJD/iYmJ/39/f/+Dg4P/jIyM/4eHh/97e3v/e3t7/4WFhf+Ghob/gICA/3x8fP94eHj/dnZ2/3h4eP97e3v/goKC/4qKiv+CgoL/eHh4/3p6ev99fX3/e3t7/3h4eP90dHT/b29v/2xsbP9nZ2f/ZmZm/2dnZ/9nZ2f/ZGRk/2NjY/9tbW3/d3d3/3l5ef97e3v/d3d3/3Fxcf9wcHD/bm5u/2xsbP9oaGj/aGho/2lpaf9paWn/aGho/2lpaf9ra2v/bGxs/2lpaf9qamr/iIiI/6Wlpf+goKD/m5ub/4aGhv9ra2v/ZmZm/2BgYP9hYWH/ZWVl/29vb/+EhIT/jo6O/56env+bm5v/eXl5/2hoaP9nZ2f/Z2dn/2FhYf9cXFz/UlJS/0dHR/9KSkr/T09P/1VVVf9gYGD/XV1d/1VVVf9OTk7/QEBA/zs7O/81NTX/MzMz/zExMf8wMDD/MDAw/zAwMP8wMDD/MTEx/zExMf8xMTH/MTEx/zExMf8wMDD/Li4u/y4uLv8uLi7/Ly8v/zAwMP8wMDD/Li4u/y4uLv8vLy//Ly8v/y8vL/8uLi7/Li4u/y0tLf8uLi7/Ly8v/y8vL/8wMDD/Ly8v/y8vL/8vLy//Ly8v/y8vL/8vLy//Ly8v/y4uLv8uLi7/Li4u/y4uLv8uLi7/Li4u/y8vL/8vLy//Ly8v/y8vL/8vLy//Li4u/y4uLv8tLS3/LS0t/y4uLv8uLi7/Ly8v/y8vL/8vLy//Ly8v/zExMf8yMjL/MjIy/zIyMv8zMzP/NDQ0/zY2Nv84ODj/Ozs7/0BAQP9BQUH/RERE/0hISP9RUVH/U1NT/1RUVP9UVFT/VlZW/1VVVf9PT0//TU1N/1hYWP9iYmL/a2tr/3R0dP9vb2//aWlp/3l5ef+RkZH/i4uL/319ff96enr/d3d3/3d3d/95eXn/fHx8/4eHh/+Kior/hISE/319ff9ra2v/Wlpa/1xcXP9fX1//YWFh/2RkZP9mZmb/aGho/2dnZ/9mZmb/ZWVl/2VlZf9tbW3/hISE/4iIiP9+fn7/enp6/4KCgv+IiIj/goKC/319ff+BgYH/hYWF/4ODg/+AgID/fn5+/3p6ev93d3f/cXFx/25ubv9paWn/bGxs/3h4eP97e3v/eXl5/3Z2dv9ubm7/aGho/2FhYf8aGhr/GRkZ/xkZGf8YGBj/FxcX/xcXF/8WFhb/FRUV/xQUFP8UFBT/ExMT/xISEv8RERH/ERER/xEREf8RERH/ERER/xAQEP8RERH/ERER/xEREf8RERH/ERER/xISEv8SEhL/ExMT/xISEv8RERH/ERER/xEREf8RERH/EhIS/xISEv8SEhL/EhIS/xISEv8SEhL/EhIS/xISEv8RERH/EBAQ/xAQEP8QEBD/EBAQ/xAQEP8QEBD/EBAQ/xAQEP8QEBD/EBAQ/xEREf8RERH/EhIS/xISEv8SEhL/EhIS/xMTE/8TExP/EhIS/xISEv8SEhL/ERER/xEREf8QEBD/EBAQ/w8PD/8PDw//Dw8P/w8PD/8QEBD/EBAQ/xEREf8SEhL/FBQU/xUVFf8WFhb/FhYW/xcXF/8YGBj/GBgY/xgYGP8YGBj/FxcX/xcXF/8WFhb/FhYW/xYWFv8WFhb/FhYW/xYWFv8XFxf/FxcX/xgYGP8YGBj/GRkZ/xkZGf8ZGRn/GRkZ/xkZGf8YGBj/GBgY/xgYGP8YGBj/GRkZ/xkZGf8aGhr/Ghoa/xoaGv8aGhr/Ghoa/xoaGv8aGhr/Ghoa/xoaGv8aGhr/Ghoa/xoaGv8aGhr/Ghoa/xoaGv8aGhr/Ghoa/xsbG/8bGxv/Gxsb/xsbG/8aGhr/Ghoa/xoaGv8aGhr/Gxsb/xsbG/8dHR3/Hx8f/yMjI/8pKSn/Kysr/y4uLv8yMjL/OTk5/zs7O/88PDz/PT09/z4+Pv89PT3/Ojo6/zk5Of85OTn/Ojo6/zw8PP8+Pj7/QEBA/0FBQf8/Pz//PT09/zs7O/84ODj/NjY2/zQ0NP84ODj/QUFB/0NDQ/9DQ0P/QkJC/0FBQf9AQED/Pj4+/z09Pf88PDz/Ozs7/zs7O/87Ozv/PDw8/z4+Pv8/Pz//QEBA/z4+Pv88PDz/Ojo6/zg4OP82Njb/NDQ0/zQ0NP86Ojr/PT09/0BAQP9BQUH/QEBA/z4+Pv9AQED/QkJC/z4+Pv85OTn/OTk5/zg4OP86Ojr/Pj4+/zw8PP83Nzf/Nzc3/zs7O/89PT3/QEBA/0JCQv9GRkb/SUlJ/0dHR/9ERET/RERE/0NDQ/9ISEj/UFBQ/1BQUP9RUVH/T09P/0xMTP9LS0v/S0tL/0lJSf9ERET/QEBA/zs7O/84ODj/PDw8/0BAQP9DQ0P/RkZG/0RERP9DQ0P/QUFB/z8/P/9HR0f/VFRU/1JSUv9MTEz/S0tL/0xMTP9MTEz/S0tL/0xMTP9QUFD/U1NT/1JSUv9SUlL/U1NT/1RUVP9bW1v/Y2Nj/11dXf9UVFT/UVFR/05OTv9PT0//UVFR/1VVVf9dXV3/XFxc/1FRUf9OTk7/VFRU/1hYWP9cXFz/X19f/1hYWP9RUVH/T09P/01NTf9RUVH/V1dX/1tbW/9hYWH/ZGRk/2dnZ/9lZWX/XFxc/1lZWf9aWlr/WVlZ/1ZWVv9VVVX/Wlpa/19fX/9iYmL/ZmZm/2RkZP9iYmL/Xl5e/1lZWf9TU1P/SEhI/0dHR/9ISEj/S0tL/1BQUP9RUVH/T09P/1BQUP9YWFj/XV1d/1tbW/9ZWVn/W1tb/11dXf9TU1P/R0dH/0VFRf9CQkL/Q0ND/0VFRf9FRUX/RERE/0VFRf9HR0f/TExM/1hYWP9dXV3/Wlpa/1dXV/9NTU3/Q0ND/0dHR/9MTEz/UFBQ/1ZWVv9VVVX/U1NT/1NTU/9TU1P/Tk5O/0JCQv8+Pj7/PDw8/zw8PP9BQUH/RERE/0dHR/9LS0v/UFBQ/21tbf9zc3P/eXl5/3Nzc/9qamr/Y2Nj/1lZWf9gYGD/b29v/29vb/9ra2v/d3d3/5mZmf+goKD/jIyM/35+fv9ra2v/XV1d/19fX/9gYGD/aWlp/3Jycv+Kior/q6ur/7Kysv+7u7v/ubm5/7W1tf+3t7f/vb29/7q6uv+vr6//rKys/62trf+pqan/jo6O/3l5ef9/f3//hYWF/3Jycv9dXV3/Z2dn/3V1df+YmJj/z8/P/9jY2P/f39//z8/P/6ampv+QkJD/cXFx/2NjY/9fX1//Xl5e/2dnZ/9wcHD/jIyM/6qqqv+4uLj/ycnJ/8bGxv/BwcH/v7+//729vf+vr6//lJSU/4yMjP+Hh4f/gICA/3BwcP9ubm7/f39//4mJif+Ojo7/kpKS/4aGhv96enr/gYGB/4mJif+QkJD/mZmZ/6Ojo/+ysrL/pqam/4uLi/+CgoL/d3d3/29vb/9iYmL/Xl5e/2hoaP9xcXH/gICA/4yMjP+BgYH/dnZ2/3Nzc/9vb2//a2tr/2VlZf9kZGT/Y2Nj/21tbf+CgoL/fn5+/2hoaP9jY2P/Z2dn/21tbf95eXn/goKC/4WFhf+IiIj/gICA/3d3d/97e3v/gICA/3p6ev9wcHD/bW1t/2pqav9iYmL/UVFR/0xMTP9ISEj/R0dH/0ZGRv9GRkb/SEhI/0lJSf9FRUX/QUFB/0JCQv9CQkL/UFBQ/2JiYv9paWn/c3Nz/3R0dP92dnb/kJCQ/8nJyf/Ly8v/ra2t/5qamv99fX3/bW1t/2dnZ/9jY2P/ampq/3BwcP9mZmb/XFxc/2pqav98fHz/h4eH/5eXl/+Wlpb/kpKS/5SUlP+ampr/kJCQ/3Fxcf9mZmb/Z2dn/2hoaP9ra2v/bW1t/2dnZ/9hYWH/ZGRk/2hoaP9kZGT/XV1d/2BgYP9mZmb/Z2dn/2dnZ/9kZGT/XV1d/15eXv9kZGT/aGho/25ubv9ubm7/XV1d/1FRUf9TU1P/VFRU/1NTU/9SUlL/XV1d/2tra/9paWn/ZWVl/2BgYP9XV1f/V1dX/1paWv9fX1//ampq/29vb/9ubm7/a2tr/1paWv9NTU3/RUVF/zw8PP9ERET/TU1N/1NTU/9dXV3/WVlZ/1JSUv9cXFz/cXFx/3d3d/9+fn7/eXl5/2hoaP9hYWH/ZWVl/2hoaP9vb2//dHR0/2ZmZv9ZWVn/XV1d/2FhYf9ra2v/eHh4/2lpaf9PT0//SUlJ/0NDQ/9CQkL/QkJC/0RERP9ISEj/SUlJ/0RERP9AQED/Pj4+/zw8PP9DQ0P/SkpK/1FRUf9YWFj/WFhY/1lZWf9WVlb/UVFR/05OTv9LS0v/S0tL/01NTf9MTEz/SEhI/0VFRf9BQUH/Pz8//z8/P/9AQED/SkpK/1ZWVv9oaGj/f39//3Fxcf9cXFz/UVFR/0BAQP8+Pj7/Pz8//z4+Pv86Ojr/Nzc3/zExMf8vLy//MzMz/zY2Nv86Ojr/PT09/0RERP9KSkr/SUlJ/0hISP9LS0v/UFBQ/1FRUf9RUVH/UFBQ/01NTf9NTU3/UFBQ/1NTU/9ZWVn/Wlpa/1NTU/9OTk7/SkpK/0ZGRv8/Pz//Nzc3/zc3N/84ODj/Nzc3/zY2Nv83Nzf/Ojo6/z4+Pv9HR0f/SUlJ/0lJSf9ISEj/Q0ND/0JCQv9ISEj/TU1N/09PT/9RUVH/UlJS/1NTU/9VVVX/WVlZ/01NTf86Ojr/Ojo6/zw8PP8/Pz//RkZG/0RERP85OTn/NTU1/zc3N/85OTn/PT09/0BAQP9AQED/W1tb/11dXf9fX1//bGxs/319ff92dnb/aWlp/2FhYf9UVFT/T09P/0pKSv9PT0//YWFh/2ZmZv9gYGD/X19f/21tbf93d3f/dnZ2/3V1df+EhIT/lZWV/4yMjP9+fn7/fn5+/4CAgP9+fn7/eXl5/39/f/+NjY3/jY2N/4aGhv+CgoL/f39//319ff96enr/d3d3/3l5ef97e3v/dXV1/25ubv9paWn/Y2Nj/2tra/96enr/eXl5/3R0dP95eXn/hYWF/4yMjP+VlZX/lZWV/4eHh/9/f3//fn5+/319ff96enr/dnZ2/3BwcP9oaGj/dnZ2/4qKiv99fX3/ZmZm/2dnZ/9ubm7/cXFx/3V1df9zc3P/ampq/2dnZ/9qamr/bW1t/3Z2dv9+fn7/fX19/319ff99fX3/fX19/4SEhP+NjY3/lZWV/6Ghof+kpKT/qKio/52dnf9/f3//eHh4/39/f/+Dg4P/h4eH/4mJif+IiIj/h4eH/4mJif+Li4v/np6e/7S0tP+ZmZn/cHBw/2dnZ/9dXV3/Y2Nj/3Jycv99fX3/kJCQ/5qamv+pqan/qamp/5GRkf+CgoL/g4OD/4SEhP+QkJD/nZ2d/5aWlv+Ojo7/gICA/2pqav9wcHD/fX19/3p6ev9vb2//cnJy/39/f/9/f3//cHBw/2ZmZv9WVlb/S0tL/0xMTP9NTU3/VFRU/1paWv9hYWH/aWlp/2hoaP9mZmb/ZmZm/2hoaP9qamr/bm5u/2tra/9gYGD/YGBg/21tbf90dHT/enp6/39/f/+Hh4f/kJCQ/4qKiv+EhIT/lZWV/6urq/+qqqr/p6en/5qamv+CgoL/hoaG/5eXl/+Xl5f/jIyM/4iIiP+EhIT/goKC/4WFhf+IiIj/lZWV/6Kiov+pqan/sbGx/7m5uf/Dw8P/qamp/39/f/90dHT/ZWVl/2JiYv9gYGD/XV1d/1ZWVv9WVlb/XFxc/19fX/9aWlr/V1dX/15eXv9lZWX/e3t7/5OTk/9/f3//Y2Nj/1xcXP9TU1P/UlJS/1FRUf9ZWVn/a2tr/3d3d/+Kior/ioqK/21tbf9cXFz/V1dX/1RUVP9dXV3/ZmZm/3Jycv+BgYH/iIiI/5KSkv+IiIj/d3d3/3R0dP9wcHD/dHR0/35+fv+BgYH/f39//35+fv96enr/d3d3/3BwcP9paWn/XFxc/05OTv9WVlb/YGBg/3R0dP+QkJD/lZWV/5mZmf+SkpL/g4OD/4WFhf+SkpL/k5OT/4uLi/+FhYX/eXl5/3Nzc/99fX3/hYWF/4qKiv+Pj4//fn5+/2pqav9nZ2f/ZWVl/2BgYP9ZWVn/XV1d/2ZmZv9zc3P/jo6O/5mZmf+ioqL/pKSk/52dnf+Wlpb/h4eH/3t7e/+FhYX/kJCQ/4KCgv9wcHD/enp6/4qKiv+Xl5f/rKys/7W1tf/Dw8P/yMjI/8zMzP/Dw8P/oKCg/46Ojv+EhIT/f39//4qKiv+Tk5P/hYWF/3Z2dv9vb2//Z2dn/2tra/9xcXH/iYmJ/7Kysv+ysrL/p6en/5qamv9+fn7/dnZ2/3h4eP96enr/fHx8/35+fv+BgYH/hISE/4eHh/+Kior/g4OD/3t7e/+IiIj/nJyc/5KSkv9+fn7/eXl5/3Nzc/9wcHD/a2tr/2pqav9vb2//eHh4/52dnf+4uLj/wcHB/8nJyf+ioqL/eXl5/2BgYP9BQUH/QkJC/0ZGRv9SUlL/Z2dn/2pqav9ra2v/ZWVl/1ZWVv9TU1P/WVlZ/2BgYP9xcXH/fX19/3V1df9MTEz/VFRU/15eXv9eXl7/XV1d/1hYWP9RUVH/UVFR/1RUVP9WVlb/WVlZ/1paWv9YWFj/VlZW/1NTU/9RUVH/VFRU/1dXV/9dXV3/Y2Nj/1tbW/9SUlL/VlZW/11dXf9mZmb/dXV1/3BwcP9lZWX/YmJi/2JiYv9hYWH/YWFh/2FhYf9fX1//X19f/2dnZ/9sbGz/ZGRk/1xcXP9cXFz/XV1d/1dXV/9QUFD/VlZW/2FhYf9kZGT/Z2dn/2dnZ/9mZmb/aWlp/3Jycv94eHj/gICA/4SEhP99fX3/d3d3/3Nzc/9ubm7/c3Nz/3h4eP94eHj/d3d3/3Jycv9qamr/YmJi/1VVVf9TU1P/U1NT/1RUVP9UVFT/VVVV/1lZWf9eXl7/ampq/3R0dP9vb2//ampq/3l5ef+Kior/goKC/3Z2dv91dXX/c3Nz/3Jycv9wcHD/bGxs/2NjY/9fX1//Xl5e/19fX/9paWn/bm5u/2dnZ/9gYGD/X19f/15eXv9cXFz/Wlpa/1paWv9ZWVn/Xl5e/2dnZ/9kZGT/Wlpa/1ZWVv9RUVH/UFBQ/1FRUf9VVVX/YGBg/2ZmZv9dXV3/VlZW/1paWv9eXl7/aGho/3R0dP95eXn/gYGB/4GBgf+AgID/fHx8/3Nzc/93d3f/hYWF/4eHh/+AgID/e3t7/3Nzc/9tbW3/bW1t/25ubv+Dg4P/mpqa/56env+jo6P/lZWV/39/f/99fX3/fX19/39/f/+CgoL/g4OD/4SEhP9/f3//bW1t/2RkZP9iYmL/ZGRk/3d3d/+JiYn/h4eH/4WFhf97e3v/bm5u/29vb/9wcHD/cXFx/3R0dP9zc3P/cHBw/2xsbP9iYmL/X19f/2JiYv9jY2P/YWFh/2FhYf9tbW3/eHh4/3R0dP9wcHD/b29v/21tbf9qamr/ZmZm/2NjY/9eXl7/YGBg/2hoaP9tbW3/dHR0/3R0dP9ra2v/Z2dn/25ubv9ycnL/bGxs/2dnZ/9gYGD/WFhY/1ZWVv9TU1P/XFxc/2tra/9mZmb/Wlpa/1FRUf9AQED/Ojo6/zU1Nf8yMjL/MDAw/y8vL/8wMDD/MDAw/zAwMP8wMDD/MDAw/zAwMP8xMTH/MTEx/zAwMP8vLy//Ly8v/y8vL/8vLy//MDAw/zAwMP8vLy//Li4u/y8vL/8wMDD/MDAw/zExMf8wMDD/Li4u/y4uLv8uLi7/Li4u/y8vL/8uLi7/Li4u/y4uLv8vLy//Ly8v/y8vL/8vLy//Ly8v/zAwMP8wMDD/MDAw/zExMf8xMTH/MDAw/y8vL/8vLy//MDAw/y8vL/8vLy//Li4u/y0tLf8tLS3/Li4u/y4uLv8uLi7/Li4u/y4uLv8vLy//MDAw/zExMf8xMTH/MjIy/zIyMv8zMzP/NTU1/zg4OP87Ozv/QEBA/0NDQ/9ISEj/UFBQ/2BgYP9iYmL/YGBg/2BgYP9kZGT/ZGRk/15eXv9bW1v/XV1d/15eXv9fX1//YGBg/11dXf9ZWVn/ZGRk/3R0dP93d3f/eXl5/3l5ef95eXn/enp6/3p6ev96enr/enp6/3x8fP+BgYH/g4OD/3d3d/9sbGz/ZmZm/19fX/9cXFz/WFhY/1paWv9eXl7/XFxc/1paWv9gYGD/b29v/4KCgv+pqan/srKy/6SkpP+cnJz/l5eX/5SUlP+VlZX/lpaW/4+Pj/+IiIj/enp6/2dnZ/9qamr/b29v/3Fxcf90dHT/cnJy/25ubv9zc3P/hYWF/42Njf+SkpL/kJCQ/3h4eP9mZmb/YGBg/xkZGf8ZGRn/GBgY/xgYGP8XFxf/FhYW/xUVFf8VFRX/FBQU/xQUFP8UFBT/ExMT/xISEv8SEhL/EhIS/xISEv8SEhL/EhIS/xISEv8SEhL/EhIS/xISEv8SEhL/ERER/xEREf8SEhL/ERER/xEREf8RERH/EhIS/xEREf8RERH/ERER/xISEv8SEhL/EhIS/xEREf8RERH/ERER/xEREf8RERH/ERER/xEREf8QEBD/EBAQ/xAQEP8QEBD/EBAQ/xAQEP8QEBD/ERER/xEREf8RERH/ERER/xISEv8TExP/ExMT/xMTE/8SEhL/ERER/xEREf8RERH/ERER/xEREf8RERH/EBAQ/xAQEP8QEBD/EBAQ/xEREf8RERH/ERER/xISEv8UFBT/FhYW/xYWFv8WFhb/FxcX/xgYGP8YGBj/GRkZ/xgYGP8YGBj/FxcX/xYWFv8VFRX/FhYW/xYWFv8YGBj/GBgY/xgYGP8YGBj/GRkZ/xkZGf8aGhr/Ghoa/xoaGv8aGhr/GRkZ/xkZGf8ZGRn/GRkZ/xkZGf8ZGRn/GRkZ/xkZGf8ZGRn/Ghoa/xoaGv8aGhr/GRkZ/xkZGf8ZGRn/GRkZ/xkZGf8ZGRn/Ghoa/xoaGv8aGhr/Ghoa/xsbG/8bGxv/Gxsb/xsbG/8bGxv/Gxsb/xoaGv8aGhr/Ghoa/xoaGv8bGxv/HBwc/x0dHf8fHx//JCQk/yoqKv8rKyv/Kysr/y0tLf8yMjL/NTU1/zo6Ov88PDz/PT09/z09Pf89PT3/PT09/z8/P/9AQED/QEBA/z8/P/9BQUH/Q0ND/0BAQP87Ozv/Ojo6/zk5Of85OTn/Nzc3/zo6Ov8/Pz//QUFB/0JCQv9CQkL/QEBA/z8/P/87Ozv/OTk5/zk5Of85OTn/OTk5/zg4OP87Ozv/Pz8//z8/P/8/Pz//QEBA/0JCQv9BQUH/Pj4+/z09Pf87Ozv/PDw8/0FBQf9ERET/RERE/0RERP9CQkL/Pz8//0FBQf9DQ0P/Pz8//zo6Ov84ODj/NjY2/zY2Nv84ODj/OTk5/zo6Ov87Ozv/PT09/z4+Pv9AQED/Q0ND/1BQUP9ZWVn/UVFR/0lJSf9LS0v/TExM/1JSUv9aWlr/V1dX/1BQUP9OTk7/TExM/09PT/9XV1f/WFhY/1NTU/9OTk7/RUVF/0BAQP9BQUH/Q0ND/0VFRf9HR0f/RkZG/0VFRf9FRUX/RUVF/0tLS/9VVVX/U1NT/01NTf9LS0v/SEhI/0dHR/9HR0f/SEhI/05OTv9SUlL/VVVV/1dXV/9cXFz/YWFh/2pqav91dXX/ampq/1lZWf9UVFT/Tk5O/05OTv9PT0//UFBQ/1JSUv9SUlL/UFBQ/1BQUP9QUFD/UFBQ/1FRUf9SUlL/UFBQ/05OTv9PT0//UFBQ/1NTU/9YWFj/YGBg/2xsbP9ubm7/bm5u/2hoaP9aWlr/VFRU/05OTv9LS0v/SkpK/0xMTP9XV1f/YmJi/2BgYP9fX1//WFhY/1FRUf9PT0//Tk5O/0tLS/9GRkb/SUlJ/09PT/9TU1P/WVlZ/1paWv9UVFT/U1NT/1lZWf9cXFz/W1tb/1paWv9YWFj/VVVV/1BQUP9KSkr/SUlJ/0dHR/9ISEj/SUlJ/0ZGRv9AQED/QUFB/0hISP9MTEz/UlJS/1VVVf9VVVX/VFRU/09PT/9KSkr/SkpK/0tLS/9KSkr/SkpK/0xMTP9PT0//UVFR/1RUVP9QUFD/RkZG/0NDQ/9BQUH/Q0ND/1BQUP9WVlb/UlJS/1BQUP9OTk7/ZWVl/2hoaP9ra2v/bGxs/2xsbP9lZWX/WFhY/11dXf9nZ2f/a2tr/3Fxcf+BgYH/qqqq/7Kysv+bm5v/iYmJ/21tbf9ZWVn/YWFh/2hoaP9ubm7/dHR0/46Ojv+wsLD/vb29/87Ozv/R0dH/0tLS/9bW1v/e3t7/2dnZ/8bGxv++vr7/vLy8/7S0tP+NjY3/b29v/2hoaP9hYWH/XV1d/1dXV/9oaGj/f39//6Kiov/X19f/4+Pj/+7u7v/d3d3/sLCw/5aWlv9wcHD/X19f/1ZWVv9TU1P/XFxc/2dnZ/+JiYn/rq6u/7Ozs/+4uLj/ubm5/7u7u//BwcH/zc3N/76+vv+fn5//jo6O/3V1df9sbGz/Z2dn/2xsbP+IiIj/mpqa/6CgoP+jo6P/iIiI/2xsbP91dXX/gYGB/4+Pj/+ioqL/q6ur/7m5uf+rq6v/i4uL/319ff9qamr/YmJi/1xcXP9cXFz/aWlp/3Jycv98fHz/hYWF/35+fv92dnb/c3Nz/3BwcP9sbGz/ZWVl/2VlZf9mZmb/cnJy/4uLi/+Ghob/bW1t/2dnZ/9qamr/bGxs/25ubv9wcHD/cXFx/3Jycv9ycnL/cnJy/35+fv+MjIz/gICA/25ubv9paWn/YmJi/11dXf9VVVX/U1NT/1FRUf9QUFD/Tk5O/0tLS/9GRkb/QUFB/zw8PP83Nzf/PT09/0JCQv9RUVH/ZGRk/2lpaf9wcHD/c3Nz/3d3d/+VlZX/1NTU/9ra2v/CwsL/sbGx/5KSkv+AgID/c3Nz/2tra/9ycnL/eHh4/2pqav9bW1v/ZmZm/3V1df98fHz/hoaG/42Njf+Xl5f/nJyc/6SkpP+ZmZn/dnZ2/2lpaf9mZmb/ZmZm/2xsbP9vb2//Y2Nj/1hYWP9aWlr/XV1d/1tbW/9ZWVn/XV1d/2RkZP9jY2P/YGBg/11dXf9YWFj/WFhY/1xcXP9jY2P/dHR0/3l5ef9iYmL/UFBQ/01NTf9KSkr/TU1N/1BQUP9gYGD/dXV1/3Nzc/9wcHD/aGho/1tbW/9YWFj/WFhY/1lZWf9cXFz/XV1d/1xcXP9ZWVn/Tk5O/0VFRf89PT3/NDQ0/z4+Pv9KSkr/VVVV/2VlZf9hYWH/WVlZ/2VlZf99fX3/fn5+/3Z2dv9vb2//YGBg/1tbW/9cXFz/X19f/29vb/97e3v/bm5u/2BgYP9lZWX/a2tr/3Z2dv+Ghob/cXFx/05OTv9FRUX/PT09/z4+Pv9ERET/SEhI/09PT/9RUVH/S0tL/0dHR/9CQkL/Pj4+/0RERP9JSUn/U1NT/2BgYP9gYGD/YWFh/1xcXP9TU1P/UFBQ/0xMTP9NTU3/UFBQ/1BQUP9JSUn/RUVF/z4+Pv87Ozv/PDw8/z4+Pv9LS0v/WVlZ/3Fxcf+NjY3/e3t7/2BgYP9TU1P/Pz8//zw8PP86Ojr/ODg4/zU1Nf8yMjL/Li4u/y0tLf8wMDD/MzMz/zk5Of8/Pz//R0dH/1FRUf9OTk7/SkpK/01NTf9RUVH/VFRU/1hYWP9VVVX/TU1N/05OTv9VVVX/WVlZ/2BgYP9iYmL/XFxc/1dXV/9RUVH/TExM/0FBQf82Njb/NTU1/zMzM/8zMzP/MzMz/zY2Nv88PDz/Q0ND/1BQUP9TU1P/UVFR/01NTf9BQUH/Ozs7/z4+Pv9BQUH/SUlJ/1FRUf9QUFD/UFBQ/1NTU/9WVlb/TExM/zs7O/84ODj/Nzc3/zg4OP87Ozv/Ojo6/zQ0NP8yMjL/MjIy/zQ0NP89PT3/Q0ND/0NDQ/9fX1//YGBg/2FhYf92dnb/kpKS/4iIiP93d3f/ampq/1RUVP9OTk7/SUlJ/05OTv9gYGD/ZWVl/2FhYf9hYWH/cHBw/3p6ev90dHT/bm5u/4SEhP+cnJz/jIyM/3Z2dv91dXX/dXV1/3Nzc/9wcHD/dnZ2/4eHh/+Li4v/iYmJ/4iIiP+Kior/i4uL/4iIiP+Ghob/hoaG/4eHh/99fX3/c3Nz/3BwcP9sbGz/dnZ2/4aGhv+EhIT/e3t7/3t7e/+AgID/iIiI/5qamv+enp7/jo6O/4SEhP+AgID/fHx8/3t7e/96enr/cXFx/2dnZ/9vb2//fHx8/3Fxcf9dXV3/XFxc/19fX/9kZGT/cXFx/3Nzc/9vb2//bGxs/2dnZ/9oaGj/eXl5/4eHh/+Ghob/hISE/4GBgf98fHz/fn5+/4GBgf+IiIj/k5OT/56env+vr6//paWl/4ODg/98fHz/hYWF/4uLi/+SkpL/lZWV/4qKiv+AgID/iIiI/5GRkf+srKz/zs7O/6ysrP96enr/b29v/2RkZP9oaGj/dnZ2/4GBgf+Wlpb/o6Oj/7a2tv+3t7f/lJSU/35+fv+FhYX/i4uL/6CgoP+2trb/ra2t/6Ghof+Pj4//dHR0/3x8fP+Ojo7/iIiI/3d3d/94eHj/hYWF/4WFhf90dHT/aWlp/1tbW/9SUlL/VVVV/1hYWP9eXl7/ZWVl/2xsbP90dHT/cXFx/2xsbP9ra2v/ampq/2hoaP9jY2P/X19f/1hYWP9YWFj/YGBg/2VlZf9qamr/b29v/35+fv+MjIz/hoaG/4GBgf+bm5v/vr6+/7u7u/+1tbX/paWl/4eHh/+RkZH/srKy/7Ozs/+goKD/k5OT/319ff90dHT/fX19/4WFhf+UlJT/o6Oj/62trf+3t7f/xMTE/9TU1P+zs7P/fn5+/3BwcP9fX1//WFhY/05OTv9NTU3/UlJS/1hYWP9lZWX/ampq/2FhYf9aWlr/Xl5e/2JiYv96enr/lZWV/4GBgf9mZmb/X19f/1ZWVv9TU1P/TU1N/1dXV/9wcHD/gICA/5qamv+bm5v/eHh4/2VlZf9fX1//W1tb/2pqav94eHj/g4OD/4+Pj/+YmJj/paWl/5aWlv98fHz/eHh4/3R0dP96enr/iIiI/4qKiv+FhYX/f39//29vb/9mZmb/Z2dn/2hoaP9eXl7/VFRU/1dXV/9bW1v/bW1t/4aGhv+Ghob/g4OD/4GBgf9+fn7/fn5+/319ff99fX3/fn5+/3x8fP9zc3P/cHBw/3l5ef+CgoL/h4eH/4yMjP98fHz/ampq/2hoaP9mZmb/YWFh/1lZWf9bW1v/YWFh/21tbf+JiYn/lpaW/6enp/+urq7/rKys/6mpqf+Wlpb/hoaG/5WVlf+kpKT/jIyM/25ubv93d3f/hISE/4+Pj/+ioqL/tra2/9vb2//l5eX/7Ozs/+Dg4P+ysrL/mZmZ/4uLi/+EhIT/kpKS/5+fn/+MjIz/eXl5/2xsbP9dXV3/YWFh/2dnZ/+CgoL/sbGx/7Ozs/+pqan/np6e/4eHh/+BgYH/hYWF/4aGhv+BgYH/fHx8/29vb/9jY2P/eXl5/5GRkf+IiIj/fX19/4eHh/+YmJj/jIyM/3R0dP9xcXH/cHBw/25ubv9oaGj/ZWVl/2VlZf9ubm7/m5ub/7q6uv+5ubn/t7e3/4+Pj/9jY2P/VFRU/0BAQP9DQ0P/SUlJ/1hYWP9ycnL/dXV1/3Nzc/9ra2v/WFhY/1NTU/9YWFj/XFxc/2ZmZv9sbGz/aWlp/0hISP9PT0//V1dX/1hYWP9aWlr/V1dX/1JSUv9UVFT/WVlZ/1paWv9aWlr/WVlZ/1ZWVv9UVFT/UVFR/1BQUP9UVFT/V1dX/11dXf9jY2P/XFxc/1RUVP9ZWVn/YGBg/2pqav96enr/cnJy/2BgYP9eXl7/YWFh/2JiYv9gYGD/YGBg/19fX/9eXl7/X19f/2BgYP9bW1v/VlZW/1dXV/9XV1f/U1NT/01NTf9WVlb/ZGRk/2hoaP9tbW3/bW1t/2tra/9tbW3/dnZ2/3x8fP+IiIj/jY2N/4SEhP98fHz/dnZ2/3BwcP9ubm7/bGxs/21tbf9ubm7/ampq/2RkZP9eXl7/U1NT/1FRUf9UVFT/VFRU/1RUVP9UVFT/V1dX/1tbW/9oaGj/cnJy/29vb/9sbGz/eXl5/4qKiv+EhIT/enp6/3p6ev96enr/enp6/3t7e/91dXX/ZWVl/19fX/9bW1v/XV1d/2tra/9zc3P/bGxs/2ZmZv9mZmb/ZmZm/2VlZf9kZGT/YmJi/19fX/9iYmL/aGho/2NjY/9ZWVn/VFRU/1BQUP9QUFD/VlZW/1xcXP9qamr/cXFx/2RkZP9ZWVn/WVlZ/1lZWf9gYGD/aWlp/3Nzc/+CgoL/f39//3l5ef91dXX/b29v/3Nzc/+Dg4P/hoaG/39/f/95eXn/cHBw/2lpaf9oaGj/Z2dn/4GBgf+dnZ3/qKio/7S0tP+fn5//fn5+/3x8fP9+fn7/gYGB/4iIiP+Li4v/j4+P/4iIiP9wcHD/Y2Nj/2JiYv9kZGT/eXl5/46Ojv+Li4v/iIiI/3x8fP9tbW3/bm5u/3BwcP9zc3P/eXl5/3h4eP9zc3P/bW1t/2BgYP9cXFz/YWFh/2NjY/9jY2P/YmJi/2RkZP9mZmb/YmJi/11dXf9lZWX/cHBw/25ubv9qamr/ZmZm/15eXv9eXl7/YGBg/2FhYf9jY2P/ZGRk/2NjY/9lZWX/bm5u/3R0dP9vb2//a2tr/2dnZ/9iYmL/XFxc/1VVVf9fX1//b29v/2lpaf9bW1v/UVFR/0BAQP85OTn/NTU1/zMzM/8xMTH/Ly8v/zAwMP8wMDD/MDAw/zAwMP8wMDD/MDAw/zAwMP8xMTH/MTEx/zAwMP8wMDD/Ly8v/zAwMP8xMTH/MDAw/y8vL/8uLi7/Ly8v/zAwMP8xMTH/MjIy/zAwMP8vLy//Ly8v/y4uLv8uLi7/Li4u/y4uLv8tLS3/Li4u/y8vL/8vLy//Ly8v/y8vL/8wMDD/MDAw/zExMf8xMTH/MjIy/zIyMv8xMTH/Ly8v/zAwMP8wMDD/MDAw/y8vL/8uLi7/LS0t/y0tLf8uLi7/Li4u/y4uLv8uLi7/Li4u/y4uLv8vLy//MDAw/zExMf8yMjL/MjIy/zIyMv81NTX/ODg4/zs7O/9AQED/RERE/0pKSv9UVFT/Z2dn/2lpaf9lZWX/ZWVl/2tra/9sbGz/Z2dn/2RkZP9hYWH/Xl5e/1tbW/9XV1f/VVVV/1JSUv9ZWVn/ZWVl/2tra/90dHT/d3d3/3p6ev97e3v/enp6/3l5ef91dXX/dXV1/4CAgP+Hh4f/fn5+/3Z2dv9ra2v/YGBg/1paWv9TU1P/VlZW/1paWv9YWFj/U1NT/11dXf9zc3P/iYmJ/7W1tf/AwMD/s7Oz/6qqqv+enp7/l5eX/5ubm/+fn5//lJSU/4iIiP92dnb/X19f/2RkZP9sbGz/cHBw/3V1df90dHT/cnJy/3l5ef+NjY3/lpaW/56env+bm5v/fn5+/2hoaP9kZGT/GRkZ/xgYGP8YGBj/GBgY/xcXF/8WFhb/FRUV/xUVFf8UFBT/FBQU/xQUFP8UFBT/ExMT/xISEv8SEhL/EhIS/xMTE/8TExP/ExMT/xMTE/8SEhL/EhIS/xEREf8RERH/ERER/xEREf8RERH/ERER/xEREf8SEhL/ERER/xAQEP8QEBD/ERER/xISEv8RERH/ERER/xEREf8RERH/ERER/xEREf8RERH/ERER/xEREf8QEBD/EBAQ/xAQEP8QEBD/EBAQ/xAQEP8RERH/ERER/xEREf8RERH/EhIS/xMTE/8TExP/ExMT/xISEv8RERH/ERER/xEREf8RERH/ERER/xEREf8RERH/ERER/xEREf8RERH/ERER/xEREf8RERH/ERER/xQUFP8WFhb/FhYW/xYWFv8XFxf/GBgY/xgYGP8ZGRn/GRkZ/xgYGP8XFxf/FhYW/xUVFf8WFhb/FxcX/xgYGP8ZGRn/GRkZ/xkZGf8ZGRn/Ghoa/xoaGv8aGhr/Ghoa/xoaGv8aGhr/GRkZ/xkZGf8ZGRn/GRkZ/xkZGf8ZGRn/GBgY/xgYGP8ZGRn/Ghoa/xkZGf8ZGRn/GRkZ/xgYGP8YGBj/GBgY/xkZGf8aGhr/Ghoa/xoaGv8aGhr/Gxsb/xsbG/8bGxv/Gxsb/xsbG/8bGxv/Ghoa/xoaGv8aGhr/Ghoa/xsbG/8cHBz/HR0d/x8fH/8kJCT/Kioq/yoqKv8pKSn/Kysr/y4uLv8yMjL/ODg4/zo6Ov88PDz/PDw8/z09Pf8+Pj7/QUFB/0JCQv9BQUH/Pz8//0FBQf9DQ0P/Pz8//zo6Ov86Ojr/Ojo6/zk5Of85OTn/Ojo6/z4+Pv8/Pz//QEBA/0BAQP8/Pz//Pj4+/zo6Ov83Nzf/Nzc3/zg4OP83Nzf/Nzc3/zo6Ov8+Pj7/Pz8//z8/P/9BQUH/RUVF/0RERP9AQED/Pz8//z4+Pv8/Pz//RERE/0dHR/9GRkb/RUVF/0NDQ/9AQED/QUFB/0NDQ/8/Pz//Ojo6/zg4OP81NTX/NTU1/zY2Nv83Nzf/PDw8/z09Pf8+Pj7/Pj4+/z8/P/9CQkL/U1NT/19fX/9VVVX/S0tL/05OTv9QUFD/VlZW/15eXv9YWFj/Tk5O/01NTf9LS0v/UFBQ/1xcXP9dXV3/WFhY/1RUVP9JSUn/RERE/0RERP9FRUX/R0dH/0lJSf9ISEj/RkZG/0dHR/9HR0f/TExM/1RUVP9TU1P/TU1N/0tLS/9GRkb/RUVF/0VFRf9GRkb/TU1N/1FRUf9VVVX/WVlZ/2BgYP9mZmb/b29v/3p6ev9tbW3/Wlpa/1VVVf9OTk7/Tk5O/05OTv9OTk7/TU1N/05OTv9QUFD/UVFR/09PT/9NTU3/TU1N/01NTf9NTU3/Tk5O/1BQUP9SUlL/VFRU/1hYWP9hYWH/b29v/3Fxcf9vb2//aWlp/1lZWf9RUVH/SEhI/0RERP9FRUX/SEhI/1ZWVv9jY2P/X19f/1tbW/9TU1P/SkpK/0pKSv9KSkr/SUlJ/0ZGRv9KSkr/UlJS/1dXV/9dXV3/XV1d/1ZWVv9UVFT/WFhY/1tbW/9aWlr/Wlpa/1ZWVv9RUVH/Tk5O/0tLS/9LS0v/S0tL/0pKSv9KSkr/RkZG/z4+Pv9AQED/SEhI/0xMTP9PT0//UVFR/1NTU/9UVFT/UVFR/01NTf9MTEz/S0tL/0lJSf9GRkb/SUlJ/09PT/9RUVH/VFRU/1FRUf9JSUn/RkZG/0RERP9ISEj/VlZW/11dXf9XV1f/UlJS/01NTf+Kior/f39//3R0dP91dXX/dXV1/29vb/9kZGT/aWlp/3Z2dv+AgID/k5OT/5mZmf+cnJz/np6e/6Ghof+fn5//iYmJ/3p6ev97e3v/fX19/3p6ev93d3f/fHx8/4GBgf+JiYn/lJSU/52dnf+tra3/sLCw/7CwsP+qqqr/mpqa/5aWlv+ampr/mpqa/4mJif97e3v/bGxs/11dXf9dXV3/Xl5e/3V1df+VlZX/ra2t/9PT0//e3t7/7Ozs/97e3v+3t7f/oqKi/4aGhv97e3v/eXl5/3l5ef97e3v/fX19/4eHh/+SkpL/kpKS/5KSkv+NjY3/h4eH/5GRkf+kpKT/nJyc/4qKiv+AgID/cHBw/3Nzc/+Ghob/kZGR/5mZmf+dnZ3/mpqa/5eXl/+IiIj/eXl5/4KCgv+MjIz/iYmJ/4SEhP+Hh4f/jIyM/4iIiP9/f3//eHh4/2xsbP9paWn/a2tr/21tbf9wcHD/cnJy/3Nzc/91dXX/eXl5/35+fv94eHj/cHBw/3h4eP+EhIT/f39//3V1df9zc3P/cnJy/2xsbP9eXl7/WVlZ/1hYWP9YWFj/WVlZ/1tbW/9hYWH/aGho/3Nzc/9/f3//mpqa/7y8vP+goKD/dnZ2/3Nzc/9zc3P/bW1t/2JiYv9eXl7/WFhY/1paWv9kZGT/ampq/29vb/9xcXH/Y2Nj/1dXV/9TU1P/T09P/1VVVf9dXV3/YmJi/2lpaf9zc3P/hISE/6Ghof/b29v/5OTk/9ra2v/T09P/x8fH/7i4uP+Li4v/bGxs/2lpaf9mZmb/b29v/3h4eP93d3f/dnZ2/3l5ef9+fn7/g4OD/42Njf+MjIz/iIiI/4GBgf9vb2//ZmZm/1tbW/9VVVX/U1NT/1BQUP9OTk7/TU1N/1FRUf9XV1f/Xl5e/2hoaP9xcXH/fn5+/3Fxcf9XV1f/UlJS/09PT/9YWFj/c3Nz/4KCgv+QkJD/kpKS/3R0dP9eXl7/WVlZ/1RUVP9YWFj/XV1d/2NjY/9ra2v/ZGRk/1lZWf9XV1f/U1NT/1BQUP9KSkr/SEhI/0dHR/9HR0f/RUVF/0NDQ/9BQUH/QEBA/0BAQP9BQUH/VFRU/2tra/9oaGj/ZGRk/1xcXP9OTk7/VVVV/2VlZf9nZ2f/ZGRk/2JiYv9eXl7/XV1d/15eXv9fX1//YmJi/2NjY/9bW1v/U1NT/1ZWVv9aWlr/Xl5e/2NjY/9cXFz/UFBQ/05OTv9NTU3/TExM/0tLS/9NTU3/VFRU/1ZWVv9QUFD/TU1N/01NTf9OTk7/TExM/0pKSv9YWFj/aGho/2hoaP9oaGj/YWFh/1VVVf9UVFT/U1NT/1ZWVv9dXV3/XFxc/1RUVP9QUFD/S0tL/0hISP9ISEj/SUlJ/05OTv9TU1P/WFhY/19fX/9VVVX/R0dH/0FBQf85OTn/ODg4/zk5Of87Ozv/QEBA/0BAQP87Ozv/ODg4/zU1Nf80NDT/NjY2/zg4OP8/Pz//RUVF/0ZGRv9HR0f/UFBQ/11dXf9kZGT/bm5u/2dnZ/9VVVX/U1NT/1dXV/9bW1v/YmJi/2ZmZv9paWn/ampq/2NjY/9bW1v/TU1N/z4+Pv9AQED/QkJC/0FBQf8/Pz//QEBA/0FBQf9FRUX/T09P/05OTv9HR0f/Q0ND/zs7O/84ODj/Ojo6/z09Pf9BQUH/RUVF/0NDQ/9BQUH/QUFB/0FBQf88PDz/NDQ0/zIyMv8yMjL/NDQ0/zs7O/89PT3/QUFB/0FBQf87Ozv/ODg4/zk5Of85OTn/OTk5/4GBgf94eHj/bm5u/4eHh/+oqKj/oaGh/5SUlP+Dg4P/ZmZm/2NjY/9nZ2f/ZWVl/11dXf9aWlr/V1dX/1lZWf9qamr/dnZ2/3Z2dv91dXX/eHh4/3x8fP92dnb/bm5u/3Fxcf94eHj/eHh4/3d3d/99fX3/jIyM/46Ojv+IiIj/hoaG/4WFhf+FhYX/hISE/4SEhP+AgID/fHx8/3Nzc/9oaGj/ampq/21tbf93d3f/hoaG/4KCgv91dXX/c3Nz/3V1df9+fn7/lpaW/52dnf+Pj4//hoaG/319ff92dnb/dHR0/3Fxcf9ubm7/ampq/3Jycv99fX3/dHR0/2RkZP9kZGT/Z2dn/2tra/9zc3P/enp6/4aGhv+JiYn/goKC/35+fv+AgID/goKC/4GBgf9/f3//d3d3/21tbf94eHj/iIiI/4GBgf90dHT/d3d3/35+fv97e3v/bm5u/29vb/+AgID/iYmJ/4yMjP+MjIz/fHx8/25ubv92dnb/fn5+/4WFhf+Pj4//gICA/2pqav93d3f/kJCQ/52dnf+ysrL/tLS0/62trf+pqan/oqKi/5qamv+EhIT/dnZ2/3Z2dv92dnb/h4eH/5qamv+SkpL/iIiI/319ff9ubm7/cHBw/3Z2dv9zc3P/ampq/2lpaf9sbGz/cHBw/3l5ef99fX3/fn5+/39/f/9/f3//gICA/3t7e/92dnb/c3Nz/29vb/9ra2v/ZWVl/29vb/+CgoL/gYGB/3Z2dv9vb2//YGBg/19fX/9paWn/cHBw/3l5ef9/f3//hYWF/4qKiv+QkJD/l5eX/56env+oqKj/nZ2d/4uLi/+IiIj/hoaG/5ubm//Kysr/zMzM/7Ozs/+fn5//d3d3/2NjY/9hYWH/YWFh/25ubv97e3v/fn5+/4KCgv+Li4v/mJiY/4+Pj/+AgID/enp6/3Jycv9sbGz/YWFh/2VlZf93d3f/fX19/3l5ef93d3f/dXV1/3R0dP9xcXH/b29v/3Z2dv9+fn7/fX19/3x8fP98fHz/fHx8/3BwcP9aWlr/ZmZm/4qKiv+bm5v/sbGx/6+vr/+JiYn/dHR0/3l5ef9/f3//j4+P/6CgoP+QkJD/fn5+/4WFhf+Pj4//hISE/3BwcP9qamr/Y2Nj/2lpaf96enr/fn5+/3l5ef9zc3P/Z2dn/2JiYv90dHT/gYGB/3d3d/9tbW3/YWFh/1RUVP9aWlr/Y2Nj/2dnZ/9tbW3/d3d3/4iIiP+Li4v/iIiI/4ODg/90dHT/bW1t/2lpaf9paWn/c3Nz/3p6ev9ycnL/aWlp/19fX/9TU1P/U1NT/1JSUv9QUFD/TExM/05OTv9SUlL/XFxc/3Nzc/+CgoL/nJyc/6ioqP+urq7/rq6u/5mZmf+Ghob/h4eH/4iIiP96enr/aWlp/2xsbP9xcXH/hYWF/6ampv++vr7/5ubm/+/v7//w8PD/4eHh/7CwsP+Wlpb/hoaG/319ff+Hh4f/kJCQ/4WFhf94eHj/bm5u/2FhYf9jY2P/ZmZm/35+fv+pqan/ra2t/6qqqv+goKD/iIiI/4GBgf+Dg4P/hISE/4KCgv+AgID/fHx8/3p6ev+UlJT/sLCw/5+fn/+JiYn/np6e/8DAwP+tra3/hoaG/4eHh/+UlJT/lpaW/5SUlP+Li4v/b29v/2VlZf9ycnL/fHx8/4WFhf+NjY3/eHh4/2FhYf9dXV3/V1dX/1BQUP9GRkb/TU1N/15eXv9iYmL/ZmZm/2VlZf9dXV3/W1tb/2FhYf9mZmb/cHBw/3h4eP+BgYH/U1NT/1ZWVv9YWFj/WVlZ/1tbW/9bW1v/W1tb/1xcXP9eXl7/Xl5e/11dXf9dXV3/XV1d/1xcXP9ZWVn/WFhY/15eXv9hYWH/X19f/11dXf9XV1f/UVFR/1hYWP9hYWH/b29v/4aGhv9/f3//bW1t/2ZmZv9cXFz/WFhY/1FRUf9QUFD/VVVV/1paWv9jY2P/aWlp/2FhYf9YWFj/U1NT/05OTv9OTk7/Tk5O/1JSUv9ZWVn/X19f/2hoaP9oaGj/ZWVl/2ZmZv9qamr/b29v/319ff+Dg4P/fHx8/3V1df9ubm7/Z2dn/2RkZP9hYWH/ZmZm/21tbf9ra2v/ZmZm/2NjY/9eXl7/YGBg/2VlZf9nZ2f/Z2dn/2dnZ/9kZGT/Y2Nj/2hoaP9tbW3/b29v/3Jycv92dnb/e3t7/3Z2dv9vb2//a2tr/2ZmZv9mZmb/aWlp/2ZmZv9dXV3/Wlpa/1paWv9cXFz/ZGRk/2lpaf9ubm7/c3Nz/25ubv9paWn/aGho/2hoaP9paWn/a2tr/2tra/9ra2v/ZGRk/1VVVf9VVVX/XV1d/2JiYv9tbW3/c3Nz/3t7e/9/f3//dnZ2/25ubv92dnb/fn5+/4CAgP+CgoL/f39//3x8fP94eHj/cXFx/21tbf9paWn/a2tr/3R0dP91dXX/bm5u/2xsbP9ubm7/bm5u/2lpaf9lZWX/b29v/3l5ef+Hh4f/mpqa/4iIiP9sbGz/a2tr/2tra/9sbGz/bW1t/21tbf9tbW3/bGxs/2tra/9paWn/ZGRk/2JiYv9qamr/cXFx/3V1df94eHj/dHR0/29vb/9tbW3/ampq/3BwcP97e3v/eXl5/3Fxcf9tbW3/ZmZm/2lpaf98fHz/h4eH/4qKiv+MjIz/iIiI/4SEhP97e3v/cXFx/3Z2dv99fX3/e3t7/3d3d/95eXn/f39//4ODg/+Kior/iIiI/35+fv91dXX/X19f/1RUVP9UVFT/VFRU/1paWv9gYGD/ZGRk/2hoaP9eXl7/UVFR/1dXV/9iYmL/Xl5e/1NTU/9LS0v/Pj4+/zo6Ov83Nzf/NTU1/zMzM/8yMjL/MTEx/zExMf8xMTH/MTEx/zExMf8xMTH/MTEx/zAwMP8wMDD/MTEx/zExMf8wMDD/MDAw/zAwMP8wMDD/MDAw/zAwMP8wMDD/MTEx/zExMf8xMTH/MDAw/y8vL/8vLy//Ly8v/zAwMP8wMDD/MDAw/zExMf8xMTH/MDAw/zAwMP8wMDD/MDAw/zAwMP8wMDD/MTEx/zIyMv8yMjL/MzMz/zIyMv8xMTH/MTEx/zExMf8wMDD/MDAw/y8vL/8tLS3/LS0t/y4uLv8uLi7/Li4u/y4uLv8vLy//Ly8v/zAwMP8xMTH/MTEx/zIyMv8zMzP/NDQ0/zY2Nv84ODj/Ozs7/z8/P/9CQkL/SEhI/1FRUf9jY2P/ZGRk/2BgYP9hYWH/aWlp/25ubv90dHT/dnZ2/29vb/9paWn/Y2Nj/15eXv9bW1v/V1dX/1paWv9eXl7/X19f/2BgYP9nZ2f/dnZ2/3p6ev95eXn/eXl5/3h4eP95eXn/gYGB/4aGhv+CgoL/f39//3Jycv9lZWX/Y2Nj/2FhYf9kZGT/aGho/2FhYf9SUlL/VlZW/2NjY/9vb2//hoaG/4+Pj/+Tk5P/k5OT/4iIiP+BgYH/gICA/35+fv+AgID/goKC/4KCgv+Dg4P/gYGB/3x8fP94eHj/cnJy/3d3d/+FhYX/jIyM/5mZmf+cnJz/l5eX/5OTk/+NjY3/h4eH/4SEhP8YGBj/GBgY/xgYGP8YGBj/FxcX/xcXF/8WFhb/FRUV/xUVFf8UFBT/FBQU/xQUFP8TExP/ExMT/xMTE/8TExP/EhIS/xISEv8SEhL/EhIS/xISEv8RERH/ERER/xAQEP8QEBD/EBAQ/xAQEP8QEBD/EBAQ/xEREf8RERH/EBAQ/xAQEP8RERH/ERER/xEREf8RERH/ERER/xAQEP8QEBD/EBAQ/xAQEP8QEBD/EBAQ/xAQEP8QEBD/EBAQ/xAQEP8RERH/ERER/xEREf8RERH/ERER/xEREf8RERH/EhIS/xISEv8SEhL/EhIS/xEREf8RERH/EBAQ/xAQEP8QEBD/EBAQ/xAQEP8QEBD/EBAQ/xAQEP8QEBD/EBAQ/xEREf8RERH/FBQU/xUVFf8WFhb/FxcX/xcXF/8XFxf/GBgY/xkZGf8ZGRn/GRkZ/xgYGP8XFxf/FxcX/xcXF/8XFxf/FxcX/xcXF/8XFxf/GBgY/xgYGP8ZGRn/GRkZ/xkZGf8ZGRn/GRkZ/xkZGf8ZGRn/GRkZ/xkZGf8ZGRn/GRkZ/xkZGf8ZGRn/GRkZ/xkZGf8ZGRn/GRkZ/xkZGf8ZGRn/GRkZ/xkZGf8ZGRn/GRkZ/xkZGf8ZGRn/Ghoa/xsbG/8cHBz/HBwc/xwcHP8cHBz/HBwc/xsbG/8bGxv/Gxsb/xoaGv8aGhr/Gxsb/xsbG/8cHBz/HR0d/yEhIf8lJSX/KCgo/y0tLf8sLCz/Kysr/ywsLP8uLi7/MDAw/zMzM/81NTX/OTk5/zs7O/88PDz/PT09/zo6Ov84ODj/ODg4/zg4OP83Nzf/NTU1/zU1Nf81NTX/NjY2/zY2Nv82Njb/NjY2/zY2Nv82Njb/Nzc3/zo6Ov86Ojr/Nzc3/zU1Nf81NTX/NDQ0/zY2Nv85OTn/Ojo6/zo6Ov88PDz/Pj4+/0BAQP9FRUX/Q0ND/z09Pf88PDz/PT09/z8/P/9DQ0P/RkZG/0lJSf9KSkr/RUVF/z8/P/8+Pj7/PT09/zw8PP87Ozv/PDw8/z4+Pv89PT3/PDw8/zs7O/87Ozv/Ozs7/z4+Pv8+Pj7/Ozs7/zs7O/9DQ0P/SUlJ/0dHR/9ERET/SEhI/0xMTP9PT0//U1NT/09PT/9JSUn/R0dH/0RERP9GRkb/TExM/01NTf9KSkr/R0dH/0NDQ/9BQUH/R0dH/01NTf9VVVX/Xl5e/1RUVP9ISEj/RERE/0BAQP9CQkL/RkZG/0ZGRv9HR0f/R0dH/0VFRf9FRUX/RERE/0RERP9KSkr/Tk5O/1NTU/9YWFj/WFhY/1lZWf9bW1v/XV1d/1lZWf9TU1P/U1NT/1NTU/9TU1P/U1NT/1NTU/9TU1P/U1NT/1JSUv9TU1P/V1dX/1lZWf9ZWVn/WVlZ/1dXV/9WVlb/U1NT/1BQUP9RUVH/VFRU/1lZWf9jY2P/YmJi/15eXv9aWlr/UlJS/05OTv9HR0f/RUVF/0lJSf9OTk7/WFhY/2BgYP9dXV3/Wlpa/1hYWP9WVlb/WVlZ/11dXf9WVlb/SkpK/0xMTP9VVVX/WFhY/1hYWP9XV1f/UFBQ/05OTv9SUlL/VFRU/1JSUv9RUVH/TU1N/0lJSf9JSUn/SUlJ/0tLS/9OTk7/S0tL/0VFRf9DQ0P/QEBA/0NDQ/9MTEz/UFBQ/1NTU/9VVVX/XFxc/2BgYP9ZWVn/UlJS/1RUVP9WVlb/VlZW/1ZWVv9YWFj/Wlpa/1lZWf9VVVX/VFRU/1JSUv9QUFD/Tk5O/01NTf9OTk7/Tk5O/0xMTP9MTEz/UFBQ/6Kiov+QkJD/fHx8/3t7e/96enr/dHR0/2pqav9wcHD/f39//42Njf+oqKj/qKio/5WVlf+Tk5P/paWl/6urq/+ZmZn/i4uL/4qKiv+IiIj/goKC/3t7e/9zc3P/Z2dn/2tra/9xcXH/fn5+/5SUlP+Wlpb/kpKS/42Njf+BgYH/f39//4eHh/+Li4v/h4eH/4KCgv9vb2//W1tb/15eXv9iYmL/fHx8/5+fn/+xsbH/zc3N/9jY2P/n5+f/29vb/7m5uf+oqKj/kpKS/4qKiv+NjY3/j4+P/4yMjP+JiYn/hYWF/4KCgv9/f3//e3t7/3R0dP9qamr/dnZ2/4yMjP+JiYn/f39//3l5ef9vb2//d3d3/5iYmP+lpaX/oqKi/5+fn/+Xl5f/kZGR/4qKiv+CgoL/ioqK/5SUlP+Ghob/c3Nz/3Jycv9zc3P/dHR0/3Z2dv90dHT/bW1t/21tbf9zc3P/dnZ2/3V1df90dHT/cXFx/29vb/96enr/hoaG/319ff9ycnL/gYGB/5eXl/+Pj4//f39//3V1df9mZmb/YGBg/1hYWP9VVVX/UlJS/1FRUf9RUVH/UlJS/1xcXP9mZmb/dnZ2/4eHh/+rq6v/2NjY/7S0tP98fHz/enp6/35+fv94eHj/a2tr/2VlZf9eXl7/YGBg/3Fxcf97e3v/h4eH/4yMjP97e3v/ampq/2FhYf9XV1f/WFhY/1lZWf9eXl7/ZGRk/3Jycv+Kior/pqam/9ra2v/l5eX/4+Pj/+Pj4//i4uL/1dXV/5eXl/9sbGz/ZGRk/15eXv9zc3P/ioqK/4KCgv92dnb/d3d3/3l5ef9+fn7/hoaG/4KCgv94eHj/c3Nz/2tra/9kZGT/VlZW/01NTf9FRUX/Pz8//0RERP9ISEj/Tk5O/1VVVf9hYWH/cXFx/319ff+Pj4//fHx8/1RUVP9NTU3/S0tL/1lZWf+AgID/kpKS/5+fn/+goKD/f39//2VlZf9gYGD/Wlpa/2BgYP9mZmb/ZmZm/2ZmZv9dXV3/TU1N/01NTf9PT0//S0tL/0JCQv8/Pz//PDw8/zs7O/85OTn/ODg4/zs7O/8+Pj7/RERE/0lJSf9jY2P/f39//3V1df9lZWX/Wlpa/0hISP9MTEz/WFhY/1lZWf9YWFj/WVlZ/1xcXP9dXV3/Xl5e/11dXf9ZWVn/VVVV/1BQUP9LS0v/Tk5O/1BQUP9PT0//Tk5O/09PT/9RUVH/VFRU/1hYWP9WVlb/T09P/1BQUP9XV1f/WVlZ/1RUVP9RUVH/VFRU/1dXV/9QUFD/SkpK/1lZWf9sbGz/bGxs/2tra/9jY2P/V1dX/1ZWVv9YWFj/W1tb/2NjY/9jY2P/Wlpa/1VVVf9RUVH/Tk5O/05OTv9OTk7/T09P/1BQUP9KSkr/RERE/0BAQP86Ojr/ODg4/zc3N/83Nzf/ODg4/zw8PP9GRkb/R0dH/0JCQv8/Pz//OTk5/zU1Nf81NTX/NTU1/zo6Ov8/Pz//QkJC/0VFRf9RUVH/ZGRk/21tbf96enr/cXFx/1lZWf9VVVX/WVlZ/1xcXP9jY2P/aGho/29vb/9zc3P/a2tr/2NjY/9UVFT/Q0ND/0ZGRv9KSkr/SUlJ/0ZGRv9FRUX/RUVF/0dHR/9OTk7/S0tL/0JCQv89PT3/ODg4/zY2Nv85OTn/Ozs7/zw8PP8+Pj7/Ozs7/zg4OP82Njb/NTU1/zMzM/8vLy//Ly8v/y8vL/8zMzP/Ojo6/z8/P/9JSUn/SUlJ/0BAQP87Ozv/ODg4/zU1Nf81NTX/lZWV/4aGhv92dnb/kJCQ/7S0tP+urq7/o6Oj/5GRkf9wcHD/b29v/3l5ef9zc3P/XV1d/1RUVP9TU1P/VlZW/2hoaP91dXX/d3d3/3l5ef9zc3P/bGxs/2tra/9paWn/b29v/3l5ef97e3v/fHx8/4KCgv+Pj4//kJCQ/4iIiP+FhYX/g4OD/4ODg/+Dg4P/goKC/3x8fP92dnb/bW1t/2JiYv9nZ2f/bW1t/3d3d/+FhYX/gICA/3Jycv9vb2//bW1t/3Z2dv+RkZH/mZmZ/46Ojv+Ghob/e3t7/3Nzc/9wcHD/bW1t/21tbf9tbW3/dHR0/35+fv93d3f/ampq/2pqav9tbW3/b29v/3V1df99fX3/kpKS/5mZmf+QkJD/ioqK/4SEhP9/f3//fX19/3x8fP9xcXH/ZWVl/3R0dP+Li4v/fX19/2NjY/9hYWH/YmJi/2JiYv9hYWH/aGho/3x8fP+Ghob/h4eH/4aGhv90dHT/ZmZm/21tbf91dXX/cHBw/2pqav9mZmb/YWFh/3x8fP+qqqr/vb29/9bW1v/T09P/vLy8/62trf+Wlpb/iIiI/3t7e/9ycnL/bm5u/2xsbP97e3v/jIyM/4SEhP96enr/c3Nz/2pqav9paWn/aGho/2ZmZv9iYmL/YGBg/15eXv9kZGT/e3t7/4iIiP+SkpL/mZmZ/5eXl/+VlZX/ioqK/39/f/92dnb/a2tr/2dnZ/9hYWH/cnJy/5CQkP+Ojo7/goKC/3h4eP9mZmb/Y2Nj/25ubv92dnb/gYGB/4iIiP+JiYn/iYmJ/5WVlf+jo6P/n5+f/5qamv+Kior/cnJy/3d3d/+EhIT/n5+f/9TU1P/X19f/vLy8/6SkpP9zc3P/WFhY/1BQUP9MTEz/WFhY/2NjY/9jY2P/YmJi/2pqav91dXX/enp6/4GBgf+BgYH/fn5+/3l5ef9sbGz/cnJy/4uLi/+RkZH/hISE/319ff+AgID/goKC/3x8fP93d3f/dHR0/3Fxcf97e3v/iIiI/4yMjP+QkJD/gICA/2FhYf9tbW3/lpaW/6ioqP+9vb3/ubm5/5CQkP98fHz/iIiI/5OTk/+kpKT/tra2/5iYmP91dXX/e3t7/4SEhP97e3v/ampq/2NjY/9ZWVn/X19f/3Jycv92dnb/cXFx/2xsbP9iYmL/YWFh/3t7e/+Pj4//hYWF/3t7e/9nZ2f/UFBQ/1BQUP9QUFD/VlZW/2FhYf9xcXH/jo6O/5KSkv+Pj4//hoaG/29vb/9lZWX/ZGRk/2ZmZv9vb2//d3d3/2hoaP9YWFj/UVFR/0lJSf9ISEj/SEhI/0dHR/9HR0f/SEhI/0tLS/9UVFT/Z2dn/3d3d/+UlJT/pKSk/66urv+wsLD/mpqa/4eHh/9/f3//d3d3/3BwcP9oaGj/Z2dn/2ZmZv9/f3//qamp/8LCwv/s7Oz/8/Pz/+/v7//g4OD/sLCw/5eXl/+EhIT/eXl5/4GBgf+Hh4f/gICA/3h4eP9vb2//ZGRk/2RkZP9lZWX/e3t7/6Ghof+np6f/qKio/5+fn/+Hh4f/gICA/4GBgf+BgYH/goKC/4KCgv+FhYX/iIiI/6SkpP/CwsL/rKys/5CQkP+srKz/2NjY/8HBwf+SkpL/lZWV/6qqqv+vr6//r6+v/6Kiov92dnb/X19f/1lZWf9YWFj/ZmZm/3V1df9sbGz/Y2Nj/2VlZf9nZ2f/W1tb/0dHR/9KSkr/VFRU/1lZWf9jY2P/ZWVl/2RkZP9kZGT/aGho/21tbf95eXn/g4OD/5OTk/9ZWVn/WVlZ/1lZWf9aWlr/W1tb/11dXf9gYGD/YWFh/2BgYP9gYGD/Xl5e/15eXv9hYWH/YWFh/15eXv9eXl7/ZGRk/2dnZ/9gYGD/WVlZ/1VVVf9QUFD/V1dX/2FhYf9xcXH/ioqK/4SEhP90dHT/ampq/1paWv9TU1P/SUlJ/0dHR/9PT0//VlZW/2RkZP9ubm7/ZGRk/1lZWf9RUVH/SEhI/0tLS/9QUFD/UVFR/1NTU/9ZWVn/ZGRk/2VlZf9iYmL/YmJi/2NjY/9nZ2f/dXV1/3x8fP93d3f/cnJy/2pqav9hYWH/Xl5e/1paWv9hYWH/bGxs/2pqav9nZ2f/ZmZm/2VlZf9oaGj/bm5u/3Fxcf9ycnL/cXFx/2pqav9nZ2f/aGho/2pqav9wcHD/d3d3/3V1df9ycnL/bm5u/2hoaP9jY2P/Wlpa/1tbW/9fX1//XV1d/1hYWP9YWFj/W1tb/11dXf9gYGD/ZGRk/3BwcP96enr/cnJy/2pqav9qamr/ampq/21tbf9xcXH/b29v/2tra/9jY2P/U1NT/1ZWVv9kZGT/bW1t/3l5ef+AgID/hISE/4aGhv9/f3//enp6/4aGhv+UlJT/kpKS/5CQkP+Ghob/eHh4/3Nzc/9tbW3/a2tr/2ZmZv9nZ2f/a2tr/2tra/9mZmb/ZmZm/29vb/90dHT/bGxs/2VlZf9kZGT/ZGRk/3R0dP+JiYn/enp6/2JiYv9gYGD/YWFh/2BgYP9eXl7/XV1d/1lZWf9cXFz/aGho/21tbf9nZ2f/YmJi/2JiYv9hYWH/aGho/3BwcP9xcXH/cnJy/25ubv9nZ2f/bm5u/319ff96enr/cXFx/21tbf9paWn/cHBw/4yMjP+bm5v/oaGh/6SkpP+enp7/l5eX/4qKiv98fHz/f39//4ODg/+BgYH/fn5+/4SEhP+RkZH/l5eX/6CgoP+dnZ3/jo6O/35+fv9dXV3/S0tL/0ZGRv9DQ0P/Tk5O/1lZWf9iYmL/bGxs/2BgYP9QUFD/U1NT/1paWv9WVlb/TU1N/0dHR/8+Pj7/Ojo6/zg4OP83Nzf/NTU1/zQ0NP8yMjL/MTEx/zExMf8yMjL/MjIy/zIyMv8xMTH/Ly8v/zAwMP8xMTH/MTEx/zExMf8xMTH/MDAw/zAwMP8xMTH/MTEx/zExMf8xMTH/MDAw/zAwMP8vLy//Ly8v/y8vL/8wMDD/MDAw/zExMf8yMjL/MzMz/zIyMv8xMTH/MTEx/zAwMP8wMDD/MDAw/zAwMP8xMTH/MjIy/zMzM/8zMzP/MjIy/zIyMv8yMjL/MTEx/zExMf8wMDD/Ly8v/y0tLf8uLi7/Ly8v/y8vL/8tLS3/Li4u/y8vL/8wMDD/MTEx/zExMf8yMjL/MjIy/zQ0NP81NTX/NjY2/zg4OP86Ojr/Pj4+/0FBQf9HR0f/UFBQ/2FhYf9jY2P/Xl5e/19fX/9paWn/cHBw/3t7e/+BgYH/d3d3/29vb/9paWn/Y2Nj/19fX/9bW1v/W1tb/1tbW/9ZWVn/VVVV/19fX/90dHT/eXl5/3h4eP94eHj/eXl5/3p6ev+AgID/hISE/4ODg/+Dg4P/dnZ2/2hoaP9paWn/ampq/2xsbP9wcHD/ZWVl/1FRUf9SUlL/Wlpa/2BgYP9qamr/cXFx/39/f/+Dg4P/enp6/3Nzc/9vb2//a2tr/3Z2dv+BgYH/jIyM/5mZmf+SkpL/hYWF/319ff9wcHD/eHh4/4+Pj/+Xl5f/np6e/52dnf+RkZH/jY2N/5SUlP+ZmZn/l5eX/xgYGP8YGBj/GBgY/xgYGP8XFxf/FxcX/xYWFv8WFhb/FRUV/xUVFf8UFBT/FBQU/xQUFP8UFBT/ExMT/xMTE/8SEhL/EhIS/xISEv8SEhL/ERER/xEREf8QEBD/Dw8P/w8PD/8QEBD/EBAQ/xAQEP8QEBD/EBAQ/xAQEP8QEBD/EBAQ/xEREf8RERH/ERER/xEREf8QEBD/EBAQ/xAQEP8QEBD/EBAQ/xAQEP8QEBD/EBAQ/xAQEP8QEBD/EBAQ/xEREf8RERH/ERER/xEREf8RERH/ERER/xEREf8RERH/EhIS/xISEv8SEhL/ERER/xEREf8QEBD/EBAQ/w8PD/8PDw//EBAQ/xAQEP8QEBD/EBAQ/xAQEP8QEBD/ERER/xEREf8TExP/FRUV/xcXF/8YGBj/GBgY/xcXF/8YGBj/GRkZ/xkZGf8ZGRn/GRkZ/xgYGP8YGBj/FxcX/xcXF/8WFhb/FhYW/xcXF/8XFxf/GBgY/xgYGP8YGBj/GRkZ/xkZGf8ZGRn/GRkZ/xkZGf8ZGRn/GRkZ/xkZGf8ZGRn/GRkZ/xkZGf8ZGRn/GRkZ/xkZGf8ZGRn/GRkZ/xoaGv8aGhr/Ghoa/xoaGv8ZGRn/GBgY/xkZGf8aGhr/Gxsb/xwcHP8cHBz/HR0d/x0dHf8cHBz/HBwc/xsbG/8bGxv/Ghoa/xoaGv8bGxv/Gxsb/xsbG/8cHBz/Hx8f/yIiIv8nJyf/Li4u/y0tLf8pKSn/KSkp/ygoKP8pKSn/LS0t/zAwMP82Njb/OTk5/zk5Of85OTn/Nzc3/zQ0NP8zMzP/MTEx/zIyMv8zMzP/MzMz/zMzM/8zMzP/NDQ0/zQ0NP8yMjL/MTEx/zAwMP8xMTH/NjY2/zg4OP82Njb/NDQ0/zMzM/8yMjL/NjY2/zo6Ov85OTn/ODg4/zo6Ov89PT3/Pz8//0RERP9CQkL/Ozs7/zo6Ov89PT3/Pz8//0NDQ/9GRkb/S0tL/01NTf9GRkb/Pj4+/zw8PP85OTn/Ojo6/zw8PP8/Pz//Q0ND/0JCQv8/Pz//PT09/zo6Ov86Ojr/Pj4+/z4+Pv85OTn/Nzc3/zs7O/89PT3/Pz8//0BAQP9ERET/SUlJ/0pKSv9MTEz/SkpK/0ZGRv9DQ0P/QEBA/0BAQP9DQ0P/Q0ND/0FBQf9AQED/Pz8//z8/P/9JSUn/UVFR/1xcXP9oaGj/WVlZ/0hISP9DQ0P/PDw8/zw8PP89PT3/Pz8//0NDQ/9ERET/RERE/0RERP9CQkL/Q0ND/0hISP9LS0v/UVFR/1ZWVv9TU1P/UFBQ/05OTv9MTEz/TU1N/09PT/9RUVH/VVVV/1ZWVv9VVVX/VlZW/1ZWVv9WVlb/U1NT/1NTU/9aWlr/X19f/19fX/9fX1//XV1d/1paWv9VVVX/T09P/1BQUP9QUFD/VFRU/1paWv9YWFj/U1NT/1FRUf9OTk7/TExM/0dHR/9GRkb/TExM/1FRUf9YWFj/X19f/1xcXP9ZWVn/W1tb/11dXf9hYWH/aGho/15eXv9NTU3/T09P/1dXV/9YWFj/VlZW/1NTU/9NTU3/S0tL/05OTv9QUFD/Tk5O/0xMTP9JSUn/RUVF/0ZGRv9ISEj/TExM/1FRUf9MTEz/QkJC/0JCQv9DQ0P/RkZG/09PT/9SUlL/VVVV/1hYWP9hYWH/ZmZm/11dXf9UVFT/WFhY/11dXf9eXl7/X19f/2BgYP9hYWH/XV1d/1dXV/9WVlb/V1dX/1ZWVv9TU1P/UFBQ/0hISP9FRUX/RkZG/0hISP9QUFD/0tLS/7u7u/+ioqL/jY2N/3Fxcf9sbGz/ZGRk/21tbf+AgID/j4+P/6ysrP+urq7/oKCg/5ycnP+enp7/nJyc/4WFhf90dHT/dHR0/3R0dP+Ghob/mpqa/5GRkf+FhYX/eHh4/2NjY/9kZGT/a2tr/29vb/90dHT/d3d3/319ff+EhIT/k5OT/5mZmf+Kior/fn5+/3Jycv9lZWX/ZWVl/2RkZP9tbW3/eXl5/4aGhv+cnJz/oKCg/6SkpP+hoaH/l5eX/5CQkP+EhIT/gICA/4GBgf+CgoL/gICA/35+fv98fHz/enp6/35+fv+CgoL/f39//3x8fP+EhIT/lJSU/5iYmP+enp7/l5eX/4ODg/+Dg4P/lJSU/5ubm/+Xl5f/lpaW/52dnf+ioqL/m5ub/5OTk/+kpKT/ubm5/5+fn/95eXn/eXl5/3x8fP90dHT/Y2Nj/15eXv9ZWVn/Wlpa/2FhYf9ra2v/i4uL/5+fn/+ioqL/paWl/7CwsP+8vLz/rKys/5mZmf+kpKT/tbW1/6ysrP+ZmZn/lZWV/5GRkf+MjIz/goKC/4WFhf+ampr/oKCg/5GRkf+Kior/np6e/6+vr/+mpqb/nJyc/7q6uv/g4OD/xsbG/56env+ZmZn/l5eX/42Njf96enr/dXV1/3Nzc/9zc3P/cnJy/3V1df+BgYH/h4eH/3l5ef9sbGz/aWlp/2ZmZv9kZGT/YmJi/2JiYv9iYmL/aWlp/3V1df9+fn7/jo6O/5WVlf+dnZ3/oqKi/6ampv+hoaH/gICA/2lpaf9tbW3/cXFx/4GBgf+SkpL/hoaG/3V1df96enr/g4OD/39/f/93d3f/cnJy/2tra/9ra2v/bm5u/25ubv9oaGj/YmJi/1VVVf9NTU3/WFhY/2NjY/9qamr/cXFx/3Z2dv98fHz/kJCQ/6+vr/+dnZ3/dnZ2/2tra/9gYGD/ZGRk/3V1df9/f3//iIiI/4mJif9zc3P/Y2Nj/2VlZf9nZ2f/enp6/46Ojv+FhYX/eHh4/2xsbP9aWlr/VlZW/1JSUv9OTk7/RkZG/0dHR/9PT0//UlJS/1BQUP9PT0//U1NT/1dXV/9bW1v/YGBg/3Z2dv+Ojo7/hISE/3Z2dv9nZ2f/Tk5O/05OTv9TU1P/UVFR/0xMTP9KSkr/TExM/01NTf9OTk7/Tk5O/0tLS/9JSUn/SkpK/0xMTP9SUlL/WFhY/1RUVP9OTk7/UlJS/1paWv9gYGD/a2tr/2dnZ/9ZWVn/V1dX/11dXf9fX1//XFxc/1lZWf9YWFj/V1dX/1BQUP9ISEj/S0tL/09PT/9QUFD/U1NT/1ZWVv9bW1v/Wlpa/1VVVf9UVFT/VFRU/1NTU/9NTU3/SkpK/0hISP9GRkb/Q0ND/0FBQf9FRUX/SUlJ/09PT/9VVVX/U1NT/1FRUf9KSkr/Pz8//zw8PP85OTn/Ozs7/0FBQf9DQ0P/Q0ND/0RERP9FRUX/RUVF/0NDQ/9BQUH/Pz8//z4+Pv9CQkL/R0dH/05OTv9YWFj/X19f/2lpaf9lZWX/WVlZ/1hYWP9cXFz/XV1d/1tbW/9aWlr/W1tb/1tbW/9TU1P/TExM/0VFRf88PDz/Pz8//0FBQf9BQUH/QEBA/0RERP9LS0v/TU1N/09PT/9PT0//TExM/0hISP9AQED/PDw8/z4+Pv8/Pz//OTk5/zQ0NP8yMjL/MDAw/zAwMP8wMDD/Ly8v/y4uLv8vLy//MjIy/zU1Nf87Ozv/Pz8//0dHR/9JSUn/RkZG/0ZGRv9JSUn/TExM/0xMTP+NjY3/hYWF/3x8fP+Pj4//qKio/5ycnP+IiIj/e3t7/2dnZ/9tbW3/goKC/4CAgP9sbGz/ZmZm/21tbf9ycnL/dnZ2/3p6ev98fHz/fn5+/4KCgv+Ghob/fX19/3Fxcf90dHT/eXl5/3p6ev98fHz/h4eH/56env+fn5//jo6O/4qKiv+Wlpb/mZmZ/4iIiP96enr/eXl5/3d3d/9ycnL/bW1t/2xsbP9qamr/bm5u/3V1df91dXX/c3Nz/25ubv9jY2P/Y2Nj/21tbf9wcHD/b29v/29vb/9ycnL/dXV1/3p6ev+BgYH/fX19/3l5ef97e3v/fn5+/319ff97e3v/eHh4/3Fxcf9ycnL/d3d3/3l5ef98fHz/fn5+/35+fv9/f3//f39//35+fv95eXn/dHR0/29vb/9oaGj/dXV1/4iIiP+CgoL/dnZ2/3Jycv9ubm7/ampq/2FhYf9gYGD/ZmZm/2xsbP93d3f/f39//4SEhP+Hh4f/jIyM/5KSkv+FhYX/dnZ2/3Jycv9sbGz/hYWF/7Gxsf/FxcX/4uLi/97e3v/FxcX/s7Oz/4+Pj/9+fn7/e3t7/3p6ev+EhIT/jY2N/6Ghof+2trb/np6e/4CAgP98fHz/d3d3/3Fxcf9mZmb/YWFh/1lZWf9ZWVn/XFxc/2JiYv9vb2//eHh4/4SEhP+Li4v/gYGB/3h4eP9zc3P/bW1t/2ZmZv9dXV3/XV1d/19fX/9sbGz/g4OD/4SEhP9/f3//eHh4/2hoaP9lZWX/a2tr/3BwcP95eXn/gICA/4ODg/+Ghob/i4uL/5CQkP+Ojo7/i4uL/39/f/9ubm7/bW1t/25ubv97e3v/mJiY/52dnf+YmJj/jY2N/2pqav9ZWVn/V1dX/1dXV/9hYWH/a2tr/2RkZP9bW1v/Z2dn/3d3d/9/f3//i4uL/46Ojv+QkJD/h4eH/3Fxcf9wcHD/enp6/3x8fP9xcXH/bW1t/3R0dP95eXn/dXV1/3BwcP9tbW3/ampq/3Z2dv+Ghob/g4OD/319ff9vb2//VFRU/1paWv9ycnL/f39//5SUlP+UlJT/dnZ2/2hoaP92dnb/goKC/4yMjP+Wlpb/jY2N/4SEhP+Pj4//n5+f/5OTk/9/f3//dXV1/2VlZf9kZGT/aGho/2tra/9ubm7/bGxs/2JiYv9gYGD/dXV1/4WFhf9/f3//enp6/2lpaf9VVVX/V1dX/1tbW/9gYGD/aGho/3V1df+NjY3/kJCQ/46Ojv+JiYn/e3t7/3R0dP9zc3P/c3Nz/3x8fP+EhIT/kJCQ/5ycnP+Li4v/d3d3/2dnZ/9RUVH/VFRU/1xcXP9gYGD/ZWVl/2xsbP96enr/gICA/4SEhP+Li4v/oqKi/6ysrP+bm5v/jIyM/4KCgv94eHj/e3t7/35+fv92dnb/ampq/4SEhP+xsbH/x8fH/+fn5//k5OT/y8vL/8LCwv+9vb3/tbW1/5mZmf+Ghob/g4OD/4CAgP9+fn7/fX19/3R0dP9paWn/aGho/2hoaP9wcHD/f39//4KCgv+EhIT/gICA/3Z2dv9xcXH/ampq/2pqav94eHj/hISE/5WVlf+kpKT/qamp/66urv+lpaX/mJiY/7Ozs//b29v/x8fH/5ubm/+goKD/uLi4/76+vv+/v7//sLCw/3x8fP9hYWH/V1dX/1NTU/9iYmL/cnJy/4GBgf+SkpL/kZGR/4+Pj/+FhYX/dXV1/3V1df94eHj/hISE/56env+kpKT/pqam/6CgoP+Li4v/hoaG/6Kiov+4uLj/xcXF/01NTf9PT0//UlJS/1ZWVv9cXFz/XFxc/11dXf9aWlr/VVVV/1VVVf9YWFj/WVlZ/1paWv9bW1v/YGBg/2NjY/9mZmb/aGho/2RkZP9hYWH/Wlpa/1NTU/9TU1P/UlJS/1paWv9nZ2f/ZmZm/2BgYP9gYGD/Y2Nj/15eXv9PT0//SkpK/01NTf9RUVH/XFxc/2RkZP9aWlr/UVFR/09PT/9MTEz/VVVV/2JiYv9eXl7/VlZW/1dXV/9ZWVn/XFxc/2FhYf9iYmL/YGBg/2JiYv9sbGz/c3Nz/3Z2dv93d3f/bm5u/2RkZP9gYGD/W1tb/19fX/9kZGT/Y2Nj/2FhYf9jY2P/aWlp/2lpaf9lZWX/ZWVl/2hoaP9oaGj/YmJi/2BgYP9nZ2f/bW1t/3d3d/+BgYH/e3t7/3Nzc/9ubm7/ZmZm/2FhYf9YWFj/V1dX/1hYWP9XV1f/VlZW/1lZWf9lZWX/ampq/21tbf9xcXH/fX19/4aGhv93d3f/aGho/2VlZf9iYmL/YGBg/11dXf9aWlr/VlZW/1dXV/9aWlr/Xl5e/2dnZ/9qamr/a2tr/25ubv93d3f/fn5+/319ff99fX3/hYWF/42Njf+MjIz/i4uL/4KCgv92dnb/e3t7/4SEhP+CgoL/enp6/3R0dP9ra2v/bGxs/3p6ev+EhIT/lJSU/5ycnP+Kior/eXl5/3Nzc/9tbW3/cHBw/3V1df9ubm7/ZGRk/2NjY/9jY2P/ZWVl/2lpaf9nZ2f/X19f/19fX/9qamr/cHBw/3R0dP93d3f/dnZ2/3Z2dv98fHz/g4OD/4ODg/+CgoL/enp6/29vb/93d3f/iIiI/4SEhP92dnb/b29v/2dnZ/9qamr/fn5+/4uLi/+ampr/paWl/6ioqP+rq6v/kZGR/3V1df9xcXH/a2tr/29vb/91dXX/eXl5/4CAgP+AgID/fn5+/39/f/+CgoL/fHx8/2NjY/9WVlb/U1NT/1FRUf9YWFj/Xl5e/2ZmZv9ubm7/ZmZm/1tbW/9WVlb/Tk5O/0tLS/9GRkb/QkJC/zw8PP85OTn/ODg4/zY2Nv80NDT/MjIy/zExMf8xMTH/MTEx/zExMf8xMTH/MTEx/zExMf8xMTH/MTEx/zExMf8xMTH/MDAw/zAwMP8wMDD/MDAw/zAwMP8wMDD/MTEx/zExMf8wMDD/Ly8v/y8vL/8vLy//Ly8v/zAwMP8wMDD/MTEx/zExMf8xMTH/MTEx/zAwMP8wMDD/MDAw/zAwMP8wMDD/MTEx/zIyMv8yMjL/MjIy/zIyMv8zMzP/MzMz/zIyMv8wMDD/MDAw/y8vL/8vLy//Li4u/y8vL/8vLy//Ly8v/y8vL/8vLy//MDAw/zExMf8zMzP/NDQ0/zMzM/8zMzP/NDQ0/zU1Nf83Nzf/OTk5/zs7O/8+Pj7/Q0ND/0pKSv9VVVX/a2tr/29vb/9vb2//b29v/3Nzc/92dnb/e3t7/35+fv96enr/dnZ2/3Z2dv93d3f/b29v/2ZmZv9oaGj/a2tr/2xsbP9tbW3/b29v/3Fxcf9xcXH/bm5u/2xsbP9nZ2f/ZmZm/2pqav9ubm7/cHBw/3Fxcf9ra2v/ZGRk/2pqav9ycnL/b29v/2tra/9jY2P/V1dX/1lZWf9gYGD/YmJi/2VlZf9mZmb/Z2dn/2dnZ/9iYmL/YGBg/2ZmZv9sbGz/kZGR/7m5uf+wsLD/paWl/5GRkf90dHT/cXFx/3BwcP93d3f/hYWF/4eHh/+CgoL/f39//3h4eP92dnb/gYGB/4iIiP+Li4v/FxcX/xcXF/8XFxf/FhYW/xYWFv8VFRX/FRUV/xQUFP8UFBT/FBQU/xQUFP8UFBT/FBQU/xQUFP8TExP/ExMT/xISEv8SEhL/EhIS/xEREf8RERH/EBAQ/w8PD/8PDw//Dw8P/w8PD/8PDw//Dw8P/w8PD/8QEBD/EBAQ/xAQEP8RERH/ERER/xEREf8RERH/ERER/xAQEP8QEBD/EBAQ/w8PD/8PDw//Dw8P/w8PD/8PDw//Dw8P/w8PD/8QEBD/EBAQ/xEREf8RERH/ERER/xEREf8SEhL/EhIS/xISEv8SEhL/EhIS/xISEv8RERH/ERER/xEREf8QEBD/EBAQ/xAQEP8QEBD/EBAQ/xAQEP8QEBD/EBAQ/xAQEP8RERH/ERER/xMTE/8VFRX/FxcX/xgYGP8YGBj/GBgY/xgYGP8YGBj/GBgY/xgYGP8YGBj/GBgY/xcXF/8XFxf/FxcX/xcXF/8XFxf/FxcX/xcXF/8XFxf/GBgY/xgYGP8ZGRn/GRkZ/xkZGf8ZGRn/Ghoa/xoaGv8aGhr/GRkZ/xkZGf8ZGRn/GBgY/xgYGP8ZGRn/GRkZ/xkZGf8ZGRn/GRkZ/xkZGf8ZGRn/GRkZ/xkZGf8ZGRn/GRkZ/xkZGf8ZGRn/Ghoa/xoaGv8aGhr/Gxsb/xsbG/8bGxv/Gxsb/xsbG/8bGxv/Gxsb/xsbG/8bGxv/Gxsb/xsbG/8eHh7/ISEh/yUlJf8sLCz/Kioq/yYmJv8lJSX/JSUl/yYmJv8qKir/LCws/zIyMv80NDT/NjY2/zY2Nv82Njb/NjY2/zc3N/84ODj/NTU1/zExMf8yMjL/MzMz/zY2Nv87Ozv/OTk5/zY2Nv80NDT/MjIy/zIyMv80NDT/NTU1/zQ0NP8zMzP/MzMz/zQ0NP84ODj/PDw8/zs7O/85OTn/Ojo6/zs7O/88PDz/Pz8//z8/P/9AQED/QUFB/0RERP9GRkb/TExM/09PT/9OTk7/TU1N/0VFRf8+Pj7/PDw8/zo6Ov89PT3/QEBA/0JCQv9FRUX/Q0ND/0BAQP89PT3/OTk5/zg4OP86Ojr/Ozs7/zo6Ov87Ozv/Pz8//0NDQ/9BQUH/QEBA/0VFRf9LS0v/Tk5O/1JSUv9OTk7/SUlJ/0VFRf8+Pj7/Pz8//0NDQ/9ERET/RERE/0NDQ/89PT3/Ozs7/z8/P/9CQkL/SEhI/05OTv9ISEj/QEBA/z09Pf85OTn/Ojo6/z09Pf89PT3/PDw8/z09Pf8+Pj7/Pj4+/z4+Pv8+Pj7/QUFB/0JCQv9ERET/RUVF/0VFRf9ERET/RkZG/0hISP9KSkr/TExM/05OTv9QUFD/UlJS/1ZWVv9WVlb/VFRU/1JSUv9NTU3/S0tL/01NTf9OTk7/UVFR/1RUVP9bW1v/YmJi/1tbW/9TU1P/T09P/0lJSf9JSUn/S0tL/0xMTP9OTk7/TU1N/0pKSv9ISEj/RkZG/0ZGRv9JSUn/TExM/1RUVP9cXFz/WFhY/1VVVf9aWlr/YmJi/2RkZP9oaGj/Y2Nj/1lZWf9aWlr/XV1d/1xcXP9XV1f/VlZW/1ZWVv9WVlb/V1dX/1hYWP9SUlL/TExM/0lJSf9FRUX/SUlJ/05OTv9VVVX/X19f/1tbW/9TU1P/UVFR/1FRUf9TU1P/WFhY/1lZWf9UVFT/U1NT/1dXV/9ZWVn/VFRU/1BQUP9WVlb/Xl5e/1xcXP9bW1v/XFxc/15eXv9iYmL/ampq/2VlZf9aWlr/U1NT/0lJSf9ERET/Pz8//zw8PP8+Pj7/QEBA/0dHR//z8/P/2dnZ/729vf+ampr/bGxs/2ZmZv9hYWH/a2tr/4CAgP+RkZH/r6+v/7Ozs/+oqKj/oqKi/5qamv+RkZH/d3d3/2RkZP9mZmb/Z2dn/4mJif+urq7/paWl/5mZmf+AgID/WVlZ/1NTU/9PT0//VFRU/2BgYP9paWn/fHx8/4mJif+cnJz/o6Oj/42Njf97e3v/dXV1/29vb/9ra2v/Z2dn/2RkZP9fX1//aWlp/3l5ef95eXn/dXV1/3h4eP+AgID/gYGB/3t7e/95eXn/enp6/3l5ef94eHj/dnZ2/3Z2dv91dXX/fn5+/4eHh/+IiIj/iYmJ/4+Pj/+ZmZn/oqKi/7Ozs/+rq6v/kZGR/4uLi/+RkZH/k5OT/46Ojv+Pj4//oaGh/6+vr/+mpqb/np6e/7W1tf/S0tL/r6+v/319ff9+fn7/hISE/3Z2dv9XV1f/UFBQ/01NTf9OTk7/VFRU/2RkZP+ampr/vb29/8TExP/Kysr/1dXV/+Dg4P/MzMz/tLS0/7y8vP/Kysr/v7+//6urq/+rq6v/r6+v/6urq/+fn5//p6en/83Nzf/Y2Nj/vr6+/7Gxsf/Ly8v/4eHh/8fHx/+rq6v/xMTE/+Tk5P/R0dH/tbW1/6+vr/+oqKj/nJyc/4WFhf+BgYH/g4OD/4CAgP90dHT/cXFx/319ff+EhIT/eHh4/21tbf9vb2//cHBw/2xsbP9nZ2f/ZGRk/2BgYP9iYmL/ZmZm/2JiYv9ZWVn/XV1d/2xsbP90dHT/fHx8/319ff9vb2//Z2dn/3Nzc/9/f3//ioqK/5eXl/+IiIj/dXV1/3x8fP+JiYn/gICA/2xsbP9nZ2f/YmJi/2VlZf9xcXH/dXV1/3R0dP9xcXH/YWFh/1dXV/9nZ2f/dnZ2/319ff+FhYX/hISE/4ODg/+cnJz/w8PD/7Ozs/+NjY3/f39//25ubv9ra2v/bm5u/3Fxcf94eHj/eXl5/2tra/9iYmL/aWlp/3Fxcf+Li4v/qamp/5qamv+FhYX/d3d3/2NjY/9cXFz/VFRU/09PT/9JSUn/TU1N/1xcXP9iYmL/YGBg/2BgYP9kZGT/aGho/2xsbP9wcHD/goKC/5iYmP+Pj4//goKC/29vb/9SUlL/T09P/1BQUP9MTEz/Q0ND/0FBQf9BQUH/QkJC/0RERP9ERET/QkJC/0FBQf9HR0f/TU1N/1VVVf9eXl7/V1dX/05OTv9VVVX/YGBg/2lpaf94eHj/c3Nz/2BgYP9cXFz/YmJi/2RkZP9hYWH/X19f/1tbW/9XV1f/T09P/0dHR/9BQUH/Ojo6/z4+Pv9DQ0P/TU1N/15eXv9cXFz/U1NT/09PT/9KSkr/R0dH/0RERP9DQ0P/QUFB/0BAQP88PDz/ODg4/z8/P/9FRUX/UVFR/2BgYP9hYWH/YWFh/1dXV/9GRkb/QUFB/zo6Ov86Ojr/PT09/z8/P/9ERET/R0dH/01NTf9QUFD/TU1N/0lJSf9ERET/PT09/0NDQ/9JSUn/TExM/1BQUP9VVVX/XV1d/1xcXP9YWFj/WVlZ/15eXv9dXV3/VVVV/1FRUf9NTU3/SkpK/0NDQ/88PDz/Ojo6/zg4OP86Ojr/Ozs7/zw8PP88PDz/Q0ND/09PT/9QUFD/UFBQ/1BQUP9SUlL/UFBQ/0VFRf9AQED/QkJC/0FBQf83Nzf/LS0t/ywsLP8rKyv/LCws/ywsLP8sLCz/LS0t/y8vL/80NDT/NjY2/zs7O/8/Pz//RUVF/0hISP9LS0v/TU1N/1VVVf9bW1v/W1tb/4iIiP+EhIT/gICA/42Njf+enp7/j4+P/3V1df9sbGz/YGBg/2tra/+IiIj/iYmJ/3d3d/90dHT/gICA/4WFhf+AgID/fX19/39/f/+BgYH/jIyM/5iYmP+Kior/dnZ2/3d3d/95eXn/enp6/3x8fP+Kior/qKio/6mpqf+SkpL/jo6O/6Ojo/+pqan/jIyM/3Z2dv93d3f/eHh4/3Z2dv91dXX/b29v/2hoaP9oaGj/aWlp/21tbf91dXX/bm5u/1xcXP9WVlb/VFRU/1RUVP9aWlr/X19f/2xsbP92dnb/goKC/46Ojv+IiIj/gYGB/39/f/99fX3/gYGB/4eHh/+BgYH/dHR0/3R0dP95eXn/d3d3/21tbf9ra2v/cnJy/3d3d/97e3v/fX19/3Z2dv9vb2//bW1t/2tra/92dnb/hYWF/4SEhP+CgoL/fn5+/3d3d/9vb2//YmJi/1xcXP9XV1f/Wlpa/2xsbP97e3v/jo6O/56env+ioqL/pqam/5SUlP9/f3//enp6/3Nzc/+Li4v/tbW1/8nJyf/o6Oj/5eXl/8vLy/+2trb/i4uL/3h4eP97e3v/gICA/5KSkv+jo6P/urq6/9PT0/+wsLD/hISE/4GBgf+AgID/dnZ2/2RkZP9dXV3/VFRU/1RUVP9cXFz/YGBg/2ZmZv9sbGz/enp6/4GBgf9ycnL/ZGRk/2JiYv9gYGD/Wlpa/1NTU/9XV1f/Xl5e/2hoaP95eXn/fHx8/319ff94eHj/ampq/2ZmZv9qamr/bW1t/3R0dP96enr/f39//4SEhP+EhIT/g4OD/4KCgv+AgID/eHh4/2xsbP9mZmb/X19f/2NjY/9ubm7/dXV1/39/f/98fHz/ZGRk/1lZWf9cXFz/X19f/2dnZ/9wcHD/ZGRk/1dXV/9mZmb/eXl5/4ODg/+Tk5P/l5eX/5ycnP+RkZH/dXV1/25ubv9ubm7/bGxs/2NjY/9hYWH/bGxs/3Nzc/9vb2//a2tr/2hoaP9lZWX/c3Nz/4WFhf9+fn7/cHBw/2NjY/9LS0v/TExM/1hYWP9iYmL/d3d3/3l5ef9kZGT/W1tb/2pqav92dnb/enp6/39/f/+Ghob/j4+P/52dnf+xsbH/paWl/46Ojv+BgYH/bW1t/2dnZ/9iYmL/ZGRk/2xsbP9tbW3/Y2Nj/2BgYP9wcHD/fX19/3t7e/95eXn/ampq/1paWv9dXV3/Y2Nj/2dnZ/9tbW3/eHh4/4uLi/+Ojo7/jY2N/4qKiv+Dg4P/gICA/35+fv9+fn7/hoaG/46Ojv+srKz/y8vL/7S0tP+YmJj/fX19/1hYWP9eXl7/bGxs/3Fxcf94eHj/fn5+/4eHh/+FhYX/eHh4/3p6ev+ZmZn/qamp/5ycnP+Pj4//hISE/3h4eP+CgoL/jY2N/4GBgf9tbW3/h4eH/7a2tv/Jycn/4+Pj/9nZ2f+ysrL/ra2t/8bGxv/Jycn/p6en/4+Pj/+EhIT/enp6/319ff+AgID/d3d3/2xsbP9ra2v/ampq/2lpaf9nZ2f/aGho/2xsbP9sbGz/bGxs/2hoaP9bW1v/W1tb/3Fxcf+EhIT/np6e/7e3t/+srKz/oaGh/5+fn/+dnZ3/t7e3/93d3f/Kysr/oqKi/6ioqP/BwcH/yMjI/8nJyf+5ubn/gICA/2JiYv9WVlb/T09P/19fX/9vb2//j4+P/7Kysv+urq7/qqqq/6Kiov+Wlpb/lJSU/5KSkv+ioqL/x8fH/9HR0f/U1NT/ysrK/6Ojo/+Xl5f/v7+//93d3f/o6Oj/RERE/0hISP9NTU3/VFRU/1xcXP9cXFz/Wlpa/1VVVf9MTEz/Tk5O/1RUVP9VVVX/VVVV/1hYWP9hYWH/ZmZm/2dnZ/9oaGj/Z2dn/2ZmZv9eXl7/VVVV/1BQUP9JSUn/S0tL/09PT/9QUFD/U1NT/1paWv9paWn/ZmZm/1NTU/9MTEz/TExM/05OTv9WVlb/XFxc/1RUVP9LS0v/TU1N/09PT/9cXFz/bm5u/2dnZ/9ZWVn/VVVV/1JSUv9WVlb/YWFh/2JiYv9eXl7/Xl5e/2ZmZv9sbGz/dXV1/3t7e/9xcXH/ZmZm/2FhYf9cXFz/Xl5e/19fX/9eXl7/XV1d/2JiYv9sbGz/aWlp/15eXv9cXFz/YWFh/2JiYv9dXV3/XFxc/2ZmZv9wcHD/fHx8/4iIiP9/f3//dHR0/21tbf9kZGT/X19f/1dXV/9VVVX/U1NT/1NTU/9VVVX/W1tb/2tra/9zc3P/dnZ2/3p6ev+FhYX/jY2N/3p6ev9mZmb/YmJi/1xcXP9XV1f/T09P/0tLS/9HR0f/Tk5O/19fX/9kZGT/aWlp/2hoaP9hYWH/YWFh/29vb/94eHj/fHx8/39/f/+Dg4P/iIiI/4eHh/+Hh4f/gICA/3V1df9/f3//lJSU/5KSkv+Hh4f/fX19/2pqav9sbGz/h4eH/5iYmP+srKz/t7e3/56env+Hh4f/fn5+/3R0dP9ubm7/ZmZm/2ZmZv9lZWX/ZWVl/2RkZP9oaGj/cHBw/25ubv9jY2P/YmJi/2tra/9ycnL/fn5+/4aGhv+FhYX/hISE/4qKiv+QkJD/j4+P/42Njf+EhIT/dXV1/319ff+QkJD/i4uL/3l5ef9xcXH/ZWVl/2VlZf90dHT/gICA/5WVlf+lpaX/r6+v/7i4uP+Wlpb/cHBw/2dnZ/9bW1v/YmJi/29vb/9ycnL/dXV1/3Fxcf9nZ2f/ampq/3l5ef96enr/aGho/15eXv9dXV3/XFxc/19fX/9iYmL/aGho/29vb/9paWn/YmJi/1dXV/9GRkb/Q0ND/0FBQf8/Pz//Ojo6/zk5Of83Nzf/NjY2/zMzM/8xMTH/MTEx/zExMf8wMDD/MDAw/zAwMP8wMDD/MTEx/zIyMv8yMjL/MTEx/zAwMP8vLy//Ly8v/zAwMP8wMDD/MDAw/zAwMP8xMTH/MTEx/y8vL/8uLi7/Ly8v/y8vL/8vLy//MDAw/zAwMP8xMTH/MTEx/zAwMP8wMDD/MDAw/zAwMP8wMDD/MDAw/zExMf8xMTH/MjIy/zIyMv8yMjL/MjIy/zIyMv8zMzP/MjIy/zAwMP8vLy//Li4u/y4uLv8vLy//Ly8v/zAwMP8wMDD/MDAw/zAwMP8xMTH/MjIy/zQ0NP82Njb/NDQ0/zMzM/80NDT/NTU1/zc3N/85OTn/Ozs7/z8/P/9DQ0P/S0tL/1hYWP9xcXH/d3d3/3p6ev96enr/eXl5/3l5ef97e3v/fHx8/3t7e/96enr/f39//4SEhP96enr/bW1t/3Fxcf92dnb/eXl5/35+fv96enr/b29v/2tra/9nZ2f/Y2Nj/1tbW/9YWFj/XFxc/15eXv9iYmL/ZWVl/2NjY/9hYWH/a2tr/3d3d/9xcXH/Z2dn/2JiYv9bW1v/XV1d/2RkZP9kZGT/YmJi/19fX/9XV1f/U1NT/1JSUv9TU1P/YGBg/21tbf+jo6P/3t7e/8nJyf+srKz/kZGR/2hoaP9paWn/cXFx/3Z2dv9+fn7/fHx8/29vb/9paWn/ZmZm/2ZmZv9zc3P/fHx8/4KCgv8XFxf/FxcX/xYWFv8WFhb/FRUV/xUVFf8UFBT/FBQU/xMTE/8TExP/FRUV/xUVFf8UFBT/FBQU/xMTE/8TExP/EhIS/xISEv8RERH/ERER/xAQEP8PDw//Dw8P/w8PD/8PDw//Dw8P/w8PD/8ODg7/Dw8P/xAQEP8QEBD/ERER/xEREf8RERH/ERER/xEREf8RERH/EBAQ/xAQEP8QEBD/Dw8P/w8PD/8PDw//Dw8P/w8PD/8PDw//Dw8P/w8PD/8QEBD/EBAQ/xEREf8RERH/EhIS/xISEv8SEhL/EhIS/xISEv8SEhL/EhIS/xEREf8RERH/ERER/xEREf8RERH/ERER/xAQEP8QEBD/EBAQ/xAQEP8QEBD/EBAQ/xEREf8RERH/ExMT/xUVFf8XFxf/GBgY/xgYGP8ZGRn/GRkZ/xgYGP8YGBj/GBgY/xgYGP8XFxf/FxcX/xcXF/8XFxf/GBgY/xgYGP8XFxf/FhYW/xcXF/8YGBj/GBgY/xkZGf8ZGRn/GRkZ/xkZGf8aGhr/Ghoa/xoaGv8aGhr/GRkZ/xkZGf8XFxf/FxcX/xgYGP8ZGRn/GRkZ/xkZGf8ZGRn/GRkZ/xkZGf8ZGRn/GRkZ/xkZGf8ZGRn/GRkZ/xkZGf8YGBj/GBgY/xkZGf8ZGRn/Ghoa/xoaGv8bGxv/Gxsb/xsbG/8bGxv/Gxsb/xsbG/8bGxv/Gxsb/x0dHf8gICD/JCQk/yoqKv8oKCj/JCQk/yMjI/8jIyP/JCQk/ycnJ/8qKir/Ly8v/zExMf8zMzP/NDQ0/zY2Nv84ODj/Ojo6/zw8PP83Nzf/MDAw/zExMf80NDT/ODg4/z8/P/89PT3/ODg4/zY2Nv8zMzP/MjIy/zMzM/8zMzP/MjIy/zIyMv80NDT/NTU1/zk5Of89PT3/PDw8/zo6Ov86Ojr/Ojo6/zo6Ov87Ozv/PT09/0NDQ/9FRUX/SUlJ/0xMTP9SUlL/VFRU/1BQUP9MTEz/RUVF/z4+Pv89PT3/Ozs7/z4+Pv9DQ0P/RERE/0dHR/9FRUX/QEBA/z09Pf84ODj/Nzc3/zg4OP85OTn/Ozs7/z09Pf9DQ0P/R0dH/0NDQ/9AQED/RkZG/01NTf9RUVH/VlZW/1JSUv9LS0v/RkZG/z09Pf8+Pj7/Q0ND/0VFRf9GRkb/RUVF/z09Pf84ODj/ODg4/zc3N/86Ojr/PDw8/zw8PP87Ozv/OTk5/zc3N/85OTn/Pj4+/zw8PP84ODj/ODg4/zo6Ov86Ojr/Ozs7/zs7O/88PDz/PDw8/zo6Ov85OTn/Ozs7/zw8PP9AQED/RUVF/0dHR/9LS0v/TExM/01NTf9QUFD/V1dX/1ZWVv9SUlL/T09P/0lJSf9GRkb/Q0ND/0NDQ/9ISEj/TExM/1lZWf9nZ2f/X19f/1VVVf9OTk7/RERE/0JCQv9AQED/Q0ND/0pKSv9KSkr/RkZG/0VFRf9GRkb/R0dH/0dHR/9JSUn/UlJS/1paWv9WVlb/UlJS/1paWv9kZGT/ZmZm/2lpaf9mZmb/YWFh/2FhYf9hYWH/Xl5e/1hYWP9XV1f/XFxc/15eXv9eXl7/XV1d/1RUVP9MTEz/SUlJ/0VFRf9LS0v/U1NT/1tbW/9oaGj/ZWVl/15eXv9cXFz/Wlpa/1tbW/9fX1//XV1d/1RUVP9PT0//UFBQ/1BQUP9OTk7/TU1N/1VVVf9eXl7/W1tb/1hYWP9ZWVn/XFxc/2VlZf92dnb/cHBw/1xcXP9SUlL/Q0ND/zw8PP84ODj/Nzc3/zk5Of88PDz/QEBA/8XFxf+3t7f/qKio/5+fn/+Tk5P/hYWF/3BwcP9tbW3/bW1t/3l5ef+Wlpb/np6e/6Ghof+ioqL/oqKi/52dnf+AgID/ampq/2dnZ/9kZGT/b29v/319ff93d3f/cHBw/2dnZ/9aWlr/XFxc/2NjY/9sbGz/fX19/46Ojv+xsbH/wcHB/8rKyv/Jycn/rKys/5aWlv+kpKT/srKy/6qqqv+ioqL/m5ub/5OTk/+FhYX/b29v/2pqav9kZGT/b29v/4uLi/+Xl5f/pKSk/6enp/+fn5//l5eX/4aGhv95eXn/fX19/4GBgf+Li4v/l5eX/6ampv+7u7v/s7Oz/6Wlpf+fn5//lpaW/42Njf99fX3/enp6/39/f/+CgoL/hYWF/4yMjP+np6f/vLy8/6enp/+SkpL/oKCg/7CwsP+fn5//hoaG/4yMjP+ZmZn/kZGR/319ff97e3v/gICA/3x8fP9oaGj/aWlp/5SUlP+vr6//urq6/8LCwv+0tLT/paWl/5ycnP+QkJD/nZ2d/7Gxsf+tra3/o6Oj/52dnf+UlJT/k5OT/5aWlv+kpKT/zs7O/9ra2v++vr7/rq6u/7q6uv/ExMT/q6ur/4+Pj/+ampr/p6en/6urq/+xsbH/tLS0/7e3t/+oqKj/ioqK/4eHh/+SkpL/mJiY/6Kiov+jo6P/lJSU/4eHh/9ycnL/X19f/11dXf9aWlr/WFhY/1RUVP9WVlb/WFhY/1hYWP9ZWVn/WFhY/1ZWVv9ZWVn/YmJi/2lpaf93d3f/e3t7/25ubv9lZWX/ampq/29vb/9zc3P/d3d3/3Nzc/9tbW3/dXV1/4ODg/+Dg4P/goKC/3t7e/9tbW3/aWlp/2lpaf9qamr/bm5u/29vb/9ra2v/aGho/25ubv9zc3P/dnZ2/3l5ef9zc3P/ampq/3h4eP+Pj4//hoaG/3Fxcf9vb2//c3Nz/3d3d/9+fn7/f39//3t7e/92dnb/aWlp/2BgYP9mZmb/a2tr/35+fv+UlJT/i4uL/35+fv9ycnL/Xl5e/1lZWf9TU1P/T09P/0lJSf9KSkr/UVFR/1VVVf9aWlr/XV1d/11dXf9eXl7/YmJi/2ZmZv9ubm7/eHh4/3Fxcf9nZ2f/Xl5e/1BQUP9VVVX/YWFh/2FhYf9dXV3/XFxc/15eXv9gYGD/YWFh/2BgYP9ZWVn/VFRU/1RUVP9VVVX/W1tb/2JiYv9hYWH/X19f/11dXf9cXFz/YmJi/25ubv9sbGz/YmJi/2NjY/9wcHD/c3Nz/2lpaf9kZGT/Y2Nj/2JiYv9bW1v/VFRU/0pKSv8+Pj7/Pj4+/0BAQP9JSUn/V1dX/1VVVf9MTEz/SEhI/0JCQv9BQUH/Q0ND/0VFRf9JSUn/SkpK/0RERP8/Pz//Q0ND/0ZGRv9QUFD/XFxc/1xcXP9cXFz/XFxc/1xcXP9UVFT/Q0ND/z4+Pv88PDz/PDw8/z8/P/9CQkL/R0dH/01NTf9XV1f/YWFh/1lZWf9QUFD/WFhY/2JiYv9cXFz/U1NT/1FRUf9OTk7/TExM/0hISP9LS0v/VVVV/1lZWf9cXFz/W1tb/1BQUP9ISEj/QkJC/z09Pf8+Pj7/Pz8//0RERP9JSUn/RkZG/0BAQP9BQUH/Q0ND/0RERP9FRUX/SUlJ/1JSUv9SUlL/R0dH/0BAQP87Ozv/NjY2/zIyMv8uLi7/MDAw/zMzM/8xMTH/Li4u/zAwMP80NDT/OTk5/0FBQf9BQUH/Pz8//z8/P/8/Pz//QEBA/z8/P/9AQED/RERE/0dHR/9HR0f/hISE/3l5ef9ubm7/dXV1/319ff90dHT/Y2Nj/2FhYf9eXl7/aWlp/4KCgv+FhYX/f39//35+fv+Ghob/iIiI/3l5ef9ubm7/b29v/29vb/+CgoL/mJiY/4+Pj/+CgoL/enp6/25ubv9tbW3/bW1t/3t7e/+ZmZn/m5ub/42Njf+NjY3/oKCg/6ioqP+ZmZn/jY2N/4+Pj/+RkZH/h4eH/3t7e/94eHj/c3Nz/3d3d/9+fn7/fHx8/3V1df92dnb/eHh4/3l5ef93d3f/dHR0/2xsbP9ra2v/enp6/4eHh/+Hh4f/h4eH/4CAgP94eHj/d3d3/3d3d/98fHz/hISE/4CAgP92dnb/dXV1/3d3d/95eXn/fX19/4CAgP+CgoL/goKC/3p6ev9zc3P/bW1t/2dnZ/9mZmb/ZmZm/25ubv96enr/e3t7/3t7e/96enr/eHh4/3R0dP9tbW3/aGho/2JiYv9hYWH/aGho/25ubv93d3f/gICA/4+Pj/+enp7/mJiY/5CQkP+FhYX/dXV1/4GBgf+Wlpb/oqKi/7S0tP+1tbX/q6ur/6CgoP+JiYn/fX19/3t7e/97e3v/hYWF/46Ojv+UlJT/m5ub/4aGhv9sbGz/ampq/2lpaf9mZmb/YWFh/2BgYP9hYWH/ZWVl/29vb/9wcHD/ZmZm/2NjY/9nZ2f/ampq/2hoaP9nZ2f/bGxs/3Jycv9ubm7/ampq/2dnZ/9iYmL/ZmZm/21tbf9vb2//cXFx/3R0dP95eXn/e3t7/319ff99fX3/fHx8/3x8fP+FhYX/jo6O/4yMjP+Kior/jY2N/5CQkP+Kior/f39//319ff96enr/d3d3/29vb/9tbW3/a2tr/2hoaP9gYGD/XFxc/2FhYf9kZGT/YWFh/15eXv9hYWH/ZGRk/319ff+fn5//nJyc/5aWlv+UlJT/kpKS/4iIiP9ycnL/ampq/2JiYv9cXFz/UlJS/09PT/9bW1v/ZGRk/2VlZf9nZ2f/aGho/2pqav9zc3P/fn5+/3V1df9mZmb/X19f/1VVVf9VVVX/V1dX/1xcXP9nZ2f/aGho/1tbW/9WVlb/Y2Nj/25ubv9tbW3/bW1t/3d3d/+Dg4P/jo6O/52dnf+fn5//oaGh/5aWlv+AgID/fHx8/3x8fP9+fn7/hISE/4GBgf9tbW3/Y2Nj/2dnZ/9qamr/ampq/2lpaf9mZmb/YmJi/2pqav91dXX/dXV1/3R0dP91dXX/d3d3/3d3d/94eHj/fn5+/5CQkP+cnJz/rKys/7S0tP+np6f/n5+f/7+/v//g4OD/1NTU/8bGxv+kpKT/dXV1/35+fv+Tk5P/mZmZ/6CgoP+Xl5f/fX19/3Jycv9nZ2f/aWlp/4eHh/+YmJj/lZWV/5GRkf+IiIj/f39//4GBgf+Dg4P/fHx8/3Fxcf+EhIT/pqam/7y8vP/f39//19fX/7Gxsf+pqan/tLS0/7Kysv+SkpL/fn5+/4SEhP+JiYn/ioqK/4qKiv97e3v/aGho/2VlZf9gYGD/ZmZm/3BwcP+CgoL/p6en/6ysrP+kpKT/mZmZ/319ff9vb2//bW1t/21tbf97e3v/iYmJ/4mJif+JiYn/hoaG/4KCgv+UlJT/rq6u/6ampv+UlJT/lJSU/5qamv+ZmZn/kpKS/4aGhv9lZWX/VFRU/01NTf9KSkr/WFhY/2VlZf93d3f/ioqK/42Njf+Pj4//l5eX/6Ghof+ioqL/o6Oj/7S0tP/a2tr/5OTk/+Xl5f/a2tr/s7Oz/6Ojo/+4uLj/yMjI/8bGxv9OTk7/TU1N/01NTf9QUFD/VFRU/1VVVf9WVlb/U1NT/05OTv9PT0//VlZW/1ZWVv9TU1P/VFRU/1paWv9eXl7/YWFh/2RkZP9oaGj/bGxs/2RkZP9bW1v/Wlpa/1lZWf9ZWVn/WVlZ/1hYWP9XV1f/Wlpa/2JiYv9gYGD/VVVV/09PT/9LS0v/SUlJ/01NTf9QUFD/T09P/05OTv9UVFT/W1tb/2RkZP9wcHD/aWlp/11dXf9bW1v/WVlZ/1xcXP9kZGT/ZGRk/2BgYP9gYGD/ZmZm/2lpaf9tbW3/b29v/2dnZ/9eXl7/YWFh/2VlZf9ra2v/dHR0/3Nzc/9vb2//ampq/2JiYv9dXV3/VFRU/1VVVf9dXV3/YGBg/15eXv9gYGD/cHBw/39/f/+EhIT/ioqK/35+fv9vb2//ZWVl/1ZWVv9XV1f/WVlZ/1lZWf9aWlr/XFxc/2NjY/9lZWX/YmJi/2BgYP9eXl7/Xl5e/2ZmZv9tbW3/ZWVl/1xcXP9gYGD/ZWVl/2BgYP9YWFj/UlJS/0pKSv9OTk7/WFhY/1tbW/9gYGD/YmJi/2NjY/9nZ2f/dnZ2/4GBgf+EhIT/hoaG/4GBgf98fHz/g4OD/4yMjP+CgoL/c3Nz/3t7e/+Kior/iYmJ/4CAgP94eHj/aGho/2hoaP95eXn/g4OD/4uLi/+QkJD/jIyM/4iIiP99fX3/cXFx/2pqav9iYmL/ZmZm/2xsbP9mZmb/W1tb/1tbW/9dXV3/YGBg/2ZmZv9wcHD/jIyM/5aWlv+Hh4f/e3t7/3R0dP9sbGz/cnJy/3h4eP+FhYX/lZWV/46Ojv+BgYH/f39//35+fv95eXn/b29v/2tra/9mZmb/ZWVl/2ZmZv9paWn/enp6/4eHh/+Ojo7/lZWV/35+fv9lZWX/YWFh/1tbW/9iYmL/bW1t/3Jycv94eHj/d3d3/3R0dP91dXX/eXl5/3t7e/99fX3/e3t7/25ubv9lZWX/ZmZm/2hoaP9nZ2f/Z2dn/2RkZP9hYWH/YGBg/15eXv9VVVX/RUVF/0BAQP87Ozv/Ojo6/zo6Ov85OTn/NTU1/zIyMv8yMjL/MTEx/zAwMP8vLy//Ly8v/y8vL/8wMDD/MTEx/zExMf8xMTH/MDAw/zAwMP8wMDD/MDAw/zAwMP8wMDD/MDAw/zAwMP8wMDD/Ly8v/y8vL/8vLy//Ly8v/y8vL/8vLy//Ly8v/y8vL/8vLy//Ly8v/zAwMP8wMDD/MTEx/zExMf8xMTH/MTEx/zExMf8xMTH/MTEx/zExMf8xMTH/MjIy/zIyMv8yMjL/MTEx/zExMf8wMDD/MDAw/zAwMP8wMDD/MDAw/zAwMP8wMDD/MDAw/zExMf8yMjL/NTU1/zY2Nv81NTX/NDQ0/zQ0NP81NTX/Nzc3/zg4OP86Ojr/PT09/0FBQf9ISEj/UFBQ/19fX/9kZGT/Z2dn/2lpaf9tbW3/bW1t/2tra/9paWn/ampq/2tra/9sbGz/bGxs/2hoaP9iYmL/aGho/3Fxcf9wcHD/bGxs/2dnZ/9eXl7/YWFh/2xsbP9vb2//a2tr/2hoaP9jY2P/YGBg/2hoaP9vb2//aGho/2BgYP9lZWX/a2tr/2lpaf9nZ2f/ZGRk/19fX/9hYWH/aWlp/25ubv90dHT/cnJy/2NjY/9eXl7/bGxs/3V1df9ycnL/cHBw/4iIiP+ioqL/l5eX/4mJif9+fn7/bW1t/2pqav9nZ2f/aGho/2xsbP9oaGj/W1tb/1ZWVv9VVVX/VlZW/19fX/9nZ2f/dXV1/xYWFv8WFhb/FRUV/xUVFf8UFBT/FBQU/xMTE/8TExP/EhIS/xISEv8UFBT/FBQU/xQUFP8UFBT/ExMT/xMTE/8TExP/EhIS/xISEv8RERH/EBAQ/w8PD/8PDw//EBAQ/w8PD/8PDw//Dw8P/w4ODv8ODg7/Dw8P/w8PD/8QEBD/EBAQ/xAQEP8QEBD/EBAQ/xAQEP8QEBD/Dw8P/w8PD/8PDw//Dw8P/xAQEP8PDw//Dw8P/w8PD/8PDw//Dw8P/xAQEP8QEBD/ERER/xEREf8RERH/ERER/xEREf8RERH/ERER/xEREf8RERH/EBAQ/xAQEP8QEBD/EBAQ/xAQEP8QEBD/EBAQ/xAQEP8QEBD/EBAQ/xAQEP8QEBD/ERER/xEREf8TExP/FRUV/xYWFv8YGBj/GBgY/xkZGf8ZGRn/GRkZ/xkZGf8ZGRn/GBgY/xgYGP8YGBj/GBgY/xgYGP8YGBj/GBgY/xcXF/8XFxf/FxcX/xcXF/8YGBj/GRkZ/xkZGf8aGhr/Ghoa/xoaGv8aGhr/GRkZ/xkZGf8ZGRn/GBgY/xgYGP8YGBj/GRkZ/xkZGf8ZGRn/GRkZ/xoaGv8aGhr/Gxsb/xsbG/8bGxv/Gxsb/xoaGv8aGhr/Ghoa/xkZGf8ZGRn/GRkZ/xoaGv8aGhr/Gxsb/xsbG/8bGxv/Gxsb/xsbG/8bGxv/HBwc/xwcHP8cHBz/Hh4e/yAgIP8kJCT/KCgo/ykpKf8oKCj/KCgo/ygoKP8oKCj/Kioq/ywsLP8yMjL/NTU1/zU1Nf82Njb/NjY2/zY2Nv84ODj/Ojo6/zY2Nv8wMDD/MDAw/zAwMP8yMjL/Nzc3/zc3N/81NTX/NTU1/zQ0NP81NTX/Nzc3/zg4OP83Nzf/Nzc3/zc3N/84ODj/Ozs7/z09Pf88PDz/Ozs7/zw8PP8+Pj7/Pj4+/z4+Pv8/Pz//QkJC/0NDQ/9ERET/RUVF/0lJSf9LS0v/SUlJ/0ZGRv9BQUH/PDw8/zo6Ov83Nzf/PDw8/0NDQ/9GRkb/SUlJ/0dHR/9CQkL/Pz8//zo6Ov85OTn/Ozs7/zs7O/88PDz/PT09/0BAQP9CQkL/QUFB/z8/P/9HR0f/UVFR/1BQUP9OTk7/TExM/0dHR/9DQ0P/PDw8/zw8PP9AQED/QkJC/0ZGRv9GRkb/Pz8//zs7O/8+Pj7/QUFB/0BAQP9AQED/Pz8//z4+Pv9BQUH/RkZG/0VFRf9DQ0P/QUFB/z4+Pv8+Pj7/Pj4+/z4+Pv8/Pz//Pz8//z09Pf88PDz/PDw8/z09Pf9AQED/RERE/0VFRf9GRkb/TExM/1ZWVv9WVlb/VFRU/1NTU/9PT0//Tk5O/0xMTP9LS0v/SkpK/0hISP9CQkL/Pz8//0JCQv9GRkb/UFBQ/1paWv9SUlL/SUlJ/0ZGRv9BQUH/Pz8//z09Pf8/Pz//RERE/0VFRf9GRkb/SkpK/1ZWVv9aWlr/VlZW/1VVVf9bW1v/YGBg/1paWv9UVFT/V1dX/1xcXP9dXV3/Xl5e/1paWv9TU1P/UlJS/1FRUf9PT0//S0tL/0tLS/9PT0//UlJS/1dXV/9ZWVn/UlJS/0xMTP9NTU3/TU1N/1JSUv9YWFj/WVlZ/1paWv9ZWVn/VlZW/1ZWVv9VVVX/VVVV/1RUVP9TU1P/U1NT/1NTU/9VVVX/VlZW/1JSUv9OTk7/UlJS/1ZWVv9WVlb/VlZW/1VVVf9TU1P/WVlZ/2ZmZv9kZGT/XV1d/1dXV/9KSkr/RkZG/0dHR/9ISEj/R0dH/0ZGRv9KSkr/n5+f/5ubm/+Wlpb/o6Oj/7Ozs/+enp7/fHx8/29vb/9dXV3/ZmZm/4GBgf+NjY3/nJyc/6Ojo/+pqan/pqam/4eHh/9vb2//aGho/2FhYf9aWlr/U1NT/1FRUf9NTU3/UlJS/1paWv9jY2P/c3Nz/4CAgP+Wlpb/ra2t/97e3v/x8fH/8PDw/+np6f/Gxsb/ra2t/8vLy//q6ur/39/f/9LS0v/Jycn/vr6+/5ycnP9nZ2f/XV1d/1ZWVv9oaGj/lZWV/6urq//Hx8f/zs7O/76+vv+wsLD/k5OT/3x8fP+Dg4P/ioqK/5aWlv+lpaX/v7+//+Xl5f/S0tL/rq6u/5ubm/9+fn7/dHR0/2xsbP9ra2v/b29v/3R0dP9+fn7/ioqK/6ysrP/Hx8f/qKio/4iIiP+NjY3/lJSU/5GRkf+NjY3/mJiY/6urq/+np6f/nJyc/5+fn/+rq6v/oqKi/3h4eP9ubm7/jo6O/6SkpP+xsbH/u7u7/5mZmf90dHT/c3Nz/3Jycv+Dg4P/nJyc/52dnf+bm5v/kZGR/319ff9/f3//j4+P/6Kiov/Pz8//3Nzc/76+vv+rq6v/rKys/6ysrP+Tk5P/eHh4/3Z2dv90dHT/i4uL/66urv+3t7f/wsLC/7Kysv+NjY3/jIyM/56env+srKz/yMjI/8zMzP+np6f/ioqK/25ubv9UVFT/Tk5O/0hISP9HR0f/RUVF/0pKSv9RUVH/UFBQ/01NTf9PT0//VFRU/1ZWVv9aWlr/YWFh/3Nzc/95eXn/bW1t/2RkZP9jY2P/YmJi/19fX/9cXFz/YWFh/2dnZ/9wcHD/fn5+/4aGhv+UlJT/jIyM/3Z2dv9tbW3/YmJi/2BgYP9oaGj/bW1t/3Nzc/93d3f/dHR0/3Fxcf9wcHD/b29v/2RkZP9WVlb/W1tb/2NjY/9hYWH/Wlpa/2JiYv94eHj/gYGB/4uLi/+Li4v/fX19/3Nzc/9nZ2f/X19f/2NjY/9mZmb/c3Nz/4KCgv9+fn7/eHh4/21tbf9bW1v/V1dX/1NTU/9QUFD/SkpK/0hISP9HR0f/SkpK/1ZWVv9bW1v/WFhY/1VVVf9aWlr/Xl5e/15eXv9dXV3/WFhY/1BQUP9QUFD/T09P/1paWv9ubm7/cnJy/3Jycv9zc3P/d3d3/3h4eP95eXn/d3d3/21tbf9kZGT/X19f/1tbW/9gYGD/ZmZm/2lpaf9tbW3/ZWVl/1hYWP9bW1v/ZmZm/2dnZ/9kZGT/aWlp/3t7e/9/f3//cHBw/2dnZ/9qamr/bGxs/2VlZf9fX1//UVFR/0BAQP8/Pz//Pj4+/0VFRf9SUlL/T09P/0ZGRv9BQUH/Ozs7/zs7O/9DQ0P/SEhI/09PT/9SUlL/S0tL/0VFRf9GRkb/R0dH/09PT/9ZWVn/WVlZ/1hYWP9gYGD/bm5u/2RkZP9KSkr/QkJC/zo6Ov85OTn/Ozs7/z09Pf9DQ0P/SUlJ/2BgYP91dXX/a2tr/2BgYP9qamr/d3d3/2lpaf9VVVX/TU1N/0FBQf8+Pj7/PDw8/0BAQP9NTU3/VVVV/2FhYf9jY2P/UlJS/0ZGRv9CQkL/PT09/0FBQf9FRUX/TExM/1VVVf9OTk7/RERE/0BAQP86Ojr/Ojo6/zw8PP9CQkL/UlJS/1NTU/9ISEj/QEBA/zU1Nf8tLS3/Li4u/y8vL/80NDT/OTk5/zU1Nf8vLy//MzMz/zk5Of9AQED/S0tL/0pKSv9CQkL/Pz8//zo6Ov84ODj/NjY2/zU1Nf82Njb/NjY2/zY2Nv+AgID/cHBw/19fX/9gYGD/YmJi/11dXf9VVVX/V1dX/11dXf9nZ2f/fX19/4ODg/+FhYX/h4eH/4yMjP+Kior/c3Nz/2JiYv9iYmL/YWFh/3t7e/+YmJj/k5OT/4yMjP99fX3/ZWVl/2JiYv9hYWH/bm5u/4uLi/+QkJD/iYmJ/4uLi/+enp7/p6en/6Ojo/+goKD/pKSk/6enp/+VlZX/gICA/35+fv98fHz/g4OD/5CQkP+IiIj/dnZ2/3x8fP+QkJD/lpaW/5SUlP+Pj4//fHx8/3R0dP+Ghob/lJSU/4uLi/+BgYH/eXl5/3BwcP9xcXH/cnJy/3h4eP+BgYH/fn5+/3Z2dv91dXX/dXV1/3p6ev+Kior/kZGR/4+Pj/+Li4v/enp6/2tra/9lZWX/YGBg/2FhYf9hYWH/aGho/3Fxcf9zc3P/dXV1/3Z2dv95eXn/eHh4/3Z2dv9zc3P/a2tr/2hoaP9lZWX/ZGRk/2VlZf9mZmb/fn5+/5iYmP+bm5v/np6e/46Ojv93d3f/eHh4/3x8fP+BgYH/iYmJ/4yMjP+QkJD/j4+P/4eHh/+BgYH/enp6/3Z2dv95eXn/fHx8/3R0dP9sbGz/Y2Nj/1dXV/9XV1f/V1dX/1lZWf9eXl7/Y2Nj/2xsbP9zc3P/gICA/319ff9nZ2f/W1tb/1dXV/9WVlb/YGBg/2lpaf90dHT/gICA/39/f/9+fn7/dXV1/2ZmZv9kZGT/YmJi/2RkZP9oaGj/cXFx/4aGhv+NjY3/jY2N/4uLi/+CgoL/fn5+/4qKiv+Wlpb/k5OT/5CQkP+Wlpb/np6e/5iYmP+Pj4//j4+P/5KSkv+IiIj/cXFx/2dnZ/9bW1v/WFhY/1xcXP9fX1//ZWVl/2hoaP9bW1v/T09P/15eXv9ubm7/kJCQ/76+vv+xsbH/mJiY/5KSkv+JiYn/gICA/29vb/9mZmb/V1dX/09PT/9DQ0P/QEBA/01NTf9YWFj/XV1d/2NjY/9paWn/b29v/3Nzc/95eXn/b29v/15eXv9dXV3/Xl5e/1xcXP9WVlb/VlZW/1paWv9aWlr/U1NT/1FRUf9eXl7/Z2dn/2JiYv9eXl7/a2tr/3p6ev+BgYH/i4uL/5qamv+xsbH/qKio/5CQkP+Ojo7/kpKS/5SUlP+YmJj/k5OT/3Z2dv9lZWX/X19f/1paWv9bW1v/XFxc/2JiYv9paWn/dHR0/4SEhP+AgID/eXl5/3Jycv9mZmb/ZWVl/2ZmZv9zc3P/m5ub/7S0tP/T09P/4eHh/8PDw/+tra3/zs7O//Hx8f/v7+//7Ozs/8XFxf+MjIz/mJiY/7Ozs/+5ubn/wMDA/6ysrP92dnb/YmJi/1hYWP9bW1v/d3d3/4qKiv+Pj4//k5OT/4yMjP+EhIT/gICA/3t7e/94eHj/c3Nz/4GBgf+ZmZn/sLCw/9vb2//V1dX/sbGx/6Wlpf+mpqb/n5+f/4CAgP9vb2//hISE/5aWlv+UlJT/kpKS/35+fv9lZWX/X19f/1lZWf9jY2P/d3d3/5iYmP/Z2dn/4uLi/9TU1P/CwsL/mZmZ/4CAgP9paWn/Wlpa/15eXv9iYmL/a2tr/3V1df9xcXH/a2tr/3Z2dv+IiIj/iYmJ/4mJif+EhIT/eXl5/3Fxcf9kZGT/XFxc/09PT/9ISEj/RkZG/0dHR/9SUlL/XV1d/2NjY/9paWn/cHBw/3p6ev+NjY3/qqqq/66urv+xsbH/w8PD/+rq6v/z8/P/8vLy/+fn5//AwMD/ra2t/7Ozs/+2trb/qqqq/1ZWVv9SUlL/TU1N/01NTf9NTU3/T09P/1JSUv9RUVH/Tk5O/1FRUf9XV1f/V1dX/1FRUf9QUFD/VVVV/1hYWP9dXV3/YWFh/2lpaf9xcXH/aWlp/2BgYP9iYmL/ZmZm/2RkZP9hYWH/X19f/1tbW/9bW1v/XV1d/1tbW/9WVlb/UlJS/0pKSv9FRUX/RkZG/0ZGRv9LS0v/UFBQ/1paWv9lZWX/ampq/3Jycv9ra2v/YGBg/19fX/9gYGD/YmJi/2ZmZv9mZmb/YmJi/2JiYv9lZWX/Z2dn/2ZmZv9lZWX/X19f/1hYWP9hYWH/bGxs/3d3d/+Ghob/hISE/39/f/9ycnL/Wlpa/1JSUv9MTEz/Tk5O/1paWv9fX1//X19f/2NjY/95eXn/i4uL/4uLi/+MjIz/fX19/2tra/9dXV3/SkpK/1BQUP9bW1v/XV1d/2BgYP9lZWX/cHBw/21tbf9ZWVn/UFBQ/0pKSv9HR0f/TU1N/1JSUv9TU1P/VFRU/19fX/9sbGz/Z2dn/19fX/9YWFj/TU1N/01NTf9RUVH/VFRU/1lZWf9cXFz/ZGRk/2tra/99fX3/iIiI/4qKiv+Li4v/f39//3Jycv9/f3//j4+P/4SEhP9ycnL/d3d3/4ODg/+BgYH/enp6/3R0dP9mZmb/ZWVl/21tbf9xcXH/b29v/3BwcP99fX3/iYmJ/3x8fP9vb2//aGho/15eXv9mZmb/cnJy/2hoaP9UVFT/UFBQ/01NTf9UVFT/aWlp/319ff+np6f/tLS0/46Ojv9ycnL/ZWVl/1lZWf9eXl7/ZGRk/3x8fP+cnJz/lpaW/4uLi/+BgYH/cHBw/2tra/9mZmb/ZWVl/2dnZ/9kZGT/WVlZ/1dXV/9kZGT/bm5u/3Nzc/94eHj/a2tr/1xcXP9cXFz/XFxc/2JiYv9sbGz/cnJy/3t7e/99fX3/f39//35+fv95eXn/fHx8/46Ojv+UlJT/fX19/21tbf9sbGz/bGxs/2ZmZv9gYGD/YGBg/2BgYP9nZ2f/cnJy/2RkZP9JSUn/QUFB/zw8PP86Ojr/PDw8/zs7O/82Njb/NDQ0/zIyMv8xMTH/MDAw/y8vL/8vLy//Li4u/y8vL/8xMTH/MTEx/zAwMP8wMDD/MDAw/zAwMP8wMDD/MDAw/y8vL/8vLy//Ly8v/y8vL/8vLy//Ly8v/y8vL/8vLy//Ly8v/y8vL/8uLi7/LS0t/y4uLv8vLy//MDAw/zExMf8xMTH/MjIy/zIyMv8yMjL/MjIy/zExMf8wMDD/MTEx/zExMf8yMjL/MjIy/zIyMv8yMjL/MjIy/zIyMv8xMTH/MDAw/zAwMP8wMDD/MDAw/zAwMP8wMDD/MjIy/zMzM/81NTX/NjY2/zU1Nf80NDT/NDQ0/zU1Nf82Njb/ODg4/zo6Ov88PDz/Pz8//0VFRf9JSUn/UFBQ/1NTU/9YWFj/W1tb/2JiYv9kZGT/XV1d/1lZWf9cXFz/X19f/1xcXP9YWFj/WFhY/1hYWP9gYGD/bGxs/2dnZ/9dXV3/WFhY/1FRUf9YWFj/cXFx/3l5ef95eXn/dnZ2/2lpaf9iYmL/bW1t/3h4eP9sbGz/X19f/19fX/9gYGD/Y2Nj/2hoaP9mZmb/YmJi/2VlZf9ubm7/dXV1/4ODg/+CgoL/bGxs/2hoaP+BgYH/kZGR/4KCgv9zc3P/cXFx/29vb/9tbW3/a2tr/25ubv9ycnL/a2tr/19fX/9dXV3/XV1d/1hYWP9KSkr/RUVF/0dHR/9ISEj/T09P/1VVVf9ra2v/FhYW/xYWFv8VFRX/FRUV/xQUFP8TExP/EhIS/xISEv8RERH/EhIS/xMTE/8TExP/FBQU/xQUFP8TExP/ExMT/xMTE/8TExP/EhIS/xEREf8QEBD/Dw8P/w8PD/8QEBD/EBAQ/w8PD/8PDw//Dg4O/w4ODv8ODg7/Dg4O/w8PD/8PDw//EBAQ/xAQEP8QEBD/EBAQ/w8PD/8PDw//Dw8P/w8PD/8PDw//EBAQ/xAQEP8PDw//Dw8P/w8PD/8PDw//EBAQ/xAQEP8RERH/ERER/xEREf8RERH/ERER/xEREf8QEBD/EBAQ/xAQEP8QEBD/EBAQ/xAQEP8QEBD/EBAQ/xAQEP8QEBD/EBAQ/xAQEP8QEBD/EBAQ/xAQEP8RERH/ERER/xMTE/8UFBT/FhYW/xgYGP8YGBj/GRkZ/xkZGf8ZGRn/GRkZ/xkZGf8ZGRn/GBgY/xgYGP8YGBj/GBgY/xgYGP8YGBj/GBgY/xgYGP8XFxf/FxcX/xgYGP8ZGRn/GRkZ/xoaGv8aGhr/Ghoa/xkZGf8YGBj/GBgY/xgYGP8YGBj/GRkZ/xkZGf8ZGRn/GRkZ/xkZGf8ZGRn/Ghoa/xsbG/8cHBz/HR0d/x0dHf8cHBz/HBwc/xsbG/8bGxv/Ghoa/xoaGv8aGhr/Ghoa/xsbG/8bGxv/Gxsb/xsbG/8bGxv/Gxsb/xwcHP8cHBz/HBwc/x0dHf8fHx//ISEh/yMjI/8nJyf/KSkp/ywsLP8sLCz/LCws/ywsLP8sLCz/Li4u/zU1Nf84ODj/Nzc3/zc3N/82Njb/NTU1/zY2Nv84ODj/NTU1/zAwMP8vLy//LS0t/y4uLv8wMDD/MTEx/zMzM/80NDT/NTU1/zc3N/87Ozv/PT09/zs7O/86Ojr/Ozs7/zs7O/88PDz/PT09/zw8PP87Ozv/PT09/0FBQf9BQUH/QEBA/0BAQP9BQUH/QUFB/z8/P/9AQED/QkJC/0NDQ/9CQkL/QkJC/z4+Pv86Ojr/Nzc3/zQ0NP87Ozv/RERE/0dHR/9LS0v/SEhI/0NDQ/9AQED/Ozs7/zs7O/89PT3/Pj4+/z09Pf89PT3/Pj4+/z4+Pv8/Pz//Pz8//0lJSf9UVFT/T09P/0hISP9HR0f/RERE/0FBQf87Ozv/Ozs7/z4+Pv9BQUH/RkZG/0ZGRv9AQED/Pj4+/0RERP9JSUn/RkZG/0NDQ/9CQkL/QEBA/0hISP9SUlL/Tk5O/0dHR/9FRUX/Q0ND/0NDQ/9BQUH/QkJC/0NDQ/9DQ0P/Pz8//zw8PP8+Pj7/Pz8//0VFRf9LS0v/SUlJ/0ZGRv9QUFD/X19f/15eXv9aWlr/VFRU/0lJSf9HR0f/RkZG/0dHR/9LS0v/S0tL/0FBQf87Ozv/Pj4+/0BAQP9HR0f/T09P/0hISP8/Pz//Pz8//z4+Pv89PT3/Ojo6/zs7O/8+Pj7/QUFB/0ZGRv9PT0//Y2Nj/2tra/9jY2P/X19f/2JiYv9mZmb/Xl5e/1VVVf9VVVX/VVVV/1VVVf9VVVX/UFBQ/0dHR/9FRUX/Q0ND/0JCQv9AQED/QEBA/0VFRf9JSUn/UVFR/1VVVf9QUFD/TExM/1BQUP9UVFT/WFhY/11dXf9XV1f/T09P/09PT/9QUFD/UFBQ/1FRUf9PT0//S0tL/0tLS/9SUlL/VlZW/1lZWf9aWlr/VVVV/09PT/9PT0//T09P/1FRUf9UVFT/UVFR/0tLS/9PT0//WFhY/1tbW/9eXl7/W1tb/1FRUf9PT0//VFRU/1ZWVv9SUlL/T09P/1NTU//Hx8f/r6+v/5WVlf+VlZX/lpaW/4yMjP98fHz/e3t7/3x8fP+BgYH/jY2N/5eXl/+rq6v/s7Oz/7S0tP+vr6//lZWV/4CAgP9ycnL/ZGRk/11dXf9VVVX/UlJS/09PT/9UVFT/XV1d/2FhYf9paWn/cHBw/35+fv+Pj4//tLS0/8XFxf/Ozs7/z8/P/7u7u/+tra3/uLi4/8TExP/Ozs7/2dnZ/9PT0//Kysr/ra2t/319ff9ycnL/ZmZm/3h4eP+np6f/uLi4/8bGxv/Gxsb/tbW1/6mpqf+bm5v/kJCQ/4+Pj/+Ojo7/ioqK/4aGhv+VlZX/qqqq/6CgoP+MjIz/g4OD/3V1df9/f3//n5+f/6urq/+zs7P/t7e3/7m5uf+9vb3/0NDQ/97e3v/IyMj/sLCw/7i4uP/CwsL/t7e3/6ampv+dnZ3/jo6O/4mJif+CgoL/hoaG/5SUlP+Ojo7/bW1t/2JiYv9wcHD/enp6/4uLi/+ZmZn/iYmJ/3h4eP97e3v/fn5+/5GRkf+rq6v/q6ur/6enp/+dnZ3/iYmJ/4WFhf+FhYX/ioqK/5mZmf+cnJz/iYmJ/319ff9+fn7/f39//3Jycv9kZGT/Z2dn/2pqav+BgYH/o6Oj/7Gxsf/FxcX/t7e3/5WVlf+Pj4//lJSU/5eXl/+cnJz/m5ub/4iIiP95eXn/ampq/1tbW/9RUVH/R0dH/0hISP9KSkr/UFBQ/1lZWf9eXl7/Z2dn/2RkZP9bW1v/X19f/3BwcP96enr/iYmJ/4yMjP9zc3P/YmJi/19fX/9bW1v/VlZW/1FRUf9XV1f/Xl5e/2pqav97e3v/g4OD/4+Pj/+MjIz/goKC/319ff93d3f/c3Nz/21tbf9qamr/bm5u/3Fxcf9ycnL/cnJy/3Nzc/90dHT/bm5u/2VlZf9mZmb/aWlp/2lpaf9oaGj/d3d3/5qamv+bm5v/hoaG/3l5ef9ra2v/YWFh/1tbW/9XV1f/WFhY/1paWv9hYWH/ampq/2lpaf9paWn/ZGRk/1tbW/9hYWH/bW1t/3Fxcf9zc3P/cHBw/2RkZP9lZWX/eHh4/4CAgP9ycnL/ZmZm/2BgYP9ZWVn/Xl5e/2NjY/9mZmb/ampq/2NjY/9XV1f/ZGRk/39/f/+Dg4P/f39//3x8fP94eHj/dXV1/3BwcP9tbW3/bW1t/2xsbP9jY2P/WVlZ/1xcXP9fX1//ZGRk/2tra/9jY2P/VVVV/1ZWVv9bW1v/XFxc/11dXf9kZGT/eHh4/3x8fP9qamr/YGBg/15eXv9dXV3/XV1d/11dXf9RUVH/Q0ND/0RERP9FRUX/SkpK/1FRUf9QUFD/TExM/0hISP8/Pz//Pj4+/0NDQ/9GRkb/S0tL/01NTf9MTEz/SkpK/0ZGRv9BQUH/R0dH/05OTv9UVFT/XFxc/19fX/9kZGT/XFxc/0pKSv9DQ0P/PT09/zs7O/85OTn/OTk5/zw8PP9BQUH/Tk5O/1paWv9WVlb/UlJS/1ZWVv9bW1v/VVVV/0xMTP9HR0f/Pz8//z09Pf87Ozv/Pz8//0hISP9PT0//XV1d/2BgYP9TU1P/SUlJ/0hISP9HR0f/RERE/0FBQf9GRkb/TExM/0lJSf9DQ0P/QUFB/z4+Pv8+Pj7/PT09/z8/P/9GRkb/RkZG/0BAQP88PDz/NjY2/zExMf80NDT/NjY2/zY2Nv81NTX/MjIy/y0tLf8xMTH/NjY2/zs7O/9ERET/RUVF/0VFRf9ERET/QEBA/z8/P/9AQED/QkJC/0hISP9MTEz/TExM/4+Pj/97e3v/ZWVl/2hoaP9sbGz/cHBw/3h4eP92dnb/cnJy/3V1df98fHz/gICA/4aGhv+Li4v/lZWV/5aWlv+CgoL/cnJy/21tbf9nZ2f/dHR0/4GBgf+FhYX/iYmJ/4eHh/+Dg4P/fHx8/3BwcP9xcXH/d3d3/3l5ef97e3v/f39//4+Pj/+Xl5f/l5eX/5eXl/+Xl5f/l5eX/4uLi/99fX3/d3d3/29vb/90dHT/fX19/3t7e/91dXX/e3t7/4uLi/+Li4v/gYGB/3x8fP98fHz/gICA/5mZmf+srKz/o6Oj/5qamv+QkJD/hYWF/4SEhP+CgoL/goKC/4CAgP98fHz/dHR0/3Z2dv9+fn7/gYGB/4ODg/+Dg4P/fn5+/3l5ef9vb2//Z2dn/3Nzc/9/f3//e3t7/3V1df93d3f/eHh4/319ff+Ghob/i4uL/5OTk/+Ojo7/gICA/4CAgP+MjIz/kJCQ/4mJif+FhYX/h4eH/4iIiP+Hh4f/h4eH/4yMjP+RkZH/jIyM/4SEhP+Ghob/ioqK/4iIiP+Dg4P/hYWF/46Ojv+QkJD/jo6O/4qKiv9+fn7/d3d3/39/f/+Hh4f/fn5+/3V1df9ubm7/ZWVl/2tra/91dXX/enp6/4KCgv9/f3//eHh4/3V1df9wcHD/a2tr/2JiYv9eXl7/YGBg/2NjY/9sbGz/dXV1/4ODg/+Tk5P/l5eX/5ycnP+Kior/cHBw/2lpaf9iYmL/YGBg/2BgYP9kZGT/b29v/3d3d/+EhIT/i4uL/4qKiv+Li4v/jY2N/4+Pj/+NjY3/i4uL/5CQkP+YmJj/k5OT/4yMjP+IiIj/goKC/3p6ev9qamr/YWFh/1RUVP9RUVH/VlZW/1xcXP9tbW3/enp6/4GBgf+IiIj/ioqK/4yMjP+ampr/rKys/6CgoP+NjY3/hYWF/3h4eP9vb2//YGBg/1dXV/9LS0v/RUVF/z8/P/8/Pz//U1NT/2NjY/9sbGz/dXV1/3h4eP97e3v/dHR0/2xsbP9kZGT/WVlZ/1hYWP9ZWVn/V1dX/1NTU/9WVlb/Y2Nj/2tra/94eHj/g4OD/5iYmP+np6f/mZmZ/4qKiv+FhYX/gICA/319ff96enr/hISE/5aWlv+cnJz/paWl/6Wlpf+jo6P/m5ub/4aGhv94eHj/ZWVl/1lZWf9WVlb/U1NT/1RUVP9UVFT/XFxc/2ZmZv93d3f/jY2N/4qKiv+CgoL/e3t7/3BwcP9ubm7/cHBw/3d3d/+JiYn/lpaW/6ioqP+xsbH/qqqq/6Wlpf++vr7/2NjY/8nJyf+4uLj/nZ2d/3d3d/9/f3//kJCQ/5SUlP+YmJj/jo6O/3Nzc/9nZ2f/Xl5e/15eXv9vb2//fHx8/4uLi/+YmJj/mpqa/5ubm/+VlZX/jo6O/4iIiP9/f3//i4uL/6Ghof+tra3/wcHB/7q6uv+cnJz/lJSU/5eXl/+VlZX/iYmJ/4KCgv+Li4v/lJSU/5SUlP+UlJT/hoaG/3R0dP9ycnL/cHBw/3d3d/+CgoL/oKCg/93d3f/o6Oj/4uLi/9LS0v+mpqb/jY2N/319ff9zc3P/fHx8/4ODg/+EhIT/hYWF/4SEhP+CgoL/jo6O/6Ghof+pqan/tra2/6qqqv+NjY3/gYGB/3Jycv9tbW3/a2tr/2xsbP93d3f/f39//35+fv9+fn7/dXV1/2tra/90dHT/f39//5GRkf+tra3/ubm5/8nJyf/W1tb/7e3t/+vr6//Z2dn/zs7O/8HBwf+9vb3/zMzM/9bW1v/Ozs7/Wlpa/1paWv9ZWVn/WVlZ/1dXV/9XV1f/VlZW/1RUVP9RUVH/UFBQ/1BQUP9QUFD/UVFR/1JSUv9UVFT/VlZW/1hYWP9aWlr/Xl5e/2NjY/9cXFz/VFRU/1lZWf9gYGD/YmJi/2ZmZv9kZGT/Xl5e/11dXf9bW1v/W1tb/15eXv9dXV3/VVVV/1FRUf9UVFT/V1dX/1tbW/9fX1//X19f/19fX/9hYWH/Y2Nj/2JiYv9hYWH/YWFh/2FhYf9iYmL/Y2Nj/2NjY/9jY2P/ZWVl/21tbf9wcHD/aGho/2FhYf9eXl7/W1tb/15eXv9hYWH/ZGRk/2pqav9sbGz/bm5u/2tra/9lZWX/YGBg/1VVVf9TU1P/WFhY/1paWv9aWlr/XV1d/21tbf97e3v/fHx8/319ff9ubm7/XV1d/1NTU/9FRUX/SkpK/1RUVP9bW1v/Z2dn/21tbf9zc3P/cHBw/11dXf9VVVX/VFRU/1NTU/9UVFT/VFRU/11dXf9nZ2f/Z2dn/2ZmZv9fX1//VlZW/1RUVP9SUlL/WVlZ/2lpaf9sbGz/a2tr/2tra/9paWn/aWlp/21tbf9wcHD/dXV1/3l5ef94eHj/d3d3/35+fv+IiIj/hYWF/4CAgP+JiYn/mpqa/5GRkf97e3v/dnZ2/3R0dP93d3f/goKC/4aGhv98fHz/dnZ2/3x8fP+AgID/cnJy/2JiYv9bW1v/U1NT/1paWv9mZmb/X19f/1BQUP9QUFD/VVVV/1hYWP9eXl7/Z2dn/35+fv+Ghob/dXV1/2pqav9ubm7/cnJy/25ubv9paWn/cnJy/319ff95eXn/c3Nz/3R0dP93d3f/eHh4/3t7e/96enr/d3d3/3R0dP9ra2v/aGho/3Jycv96enr/fX19/39/f/9ycnL/Y2Nj/2VlZf9nZ2f/ampq/25ubv9ycnL/enp6/3l5ef91dXX/c3Nz/3Jycv91dXX/hISE/4eHh/9xcXH/YGBg/2FhYf9iYmL/YmJi/2FhYf9cXFz/VVVV/1dXV/9ZWVn/UlJS/0ZGRv9CQkL/Pj4+/z09Pf8+Pj7/PT09/zg4OP81NTX/MzMz/zExMf8xMTH/MTEx/zAwMP8vLy//Ly8v/zAwMP8wMDD/MDAw/y8vL/8vLy//Ly8v/zAwMP8wMDD/MDAw/y8vL/8vLy//Ly8v/y8vL/8vLy//MDAw/zAwMP8wMDD/MDAw/y8vL/8uLi7/Li4u/y8vL/8wMDD/MTEx/zExMf8xMTH/MTEx/zIyMv8yMjL/MjIy/zExMf8xMTH/MTEx/zIyMv8yMjL/MjIy/zIyMv8yMjL/MTEx/zAwMP8wMDD/MDAw/zAwMP8wMDD/MDAw/zAwMP8yMjL/MjIy/zMzM/80NDT/NDQ0/zQ0NP81NTX/NTU1/zc3N/84ODj/Ozs7/z4+Pv9DQ0P/SkpK/1FRUf9dXV3/YGBg/2BgYP9kZGT/cnJy/3h4eP90dHT/cXFx/2tra/9lZWX/ZWVl/2VlZf9iYmL/X19f/2ZmZv9ycnL/bGxs/2FhYf9dXV3/V1dX/15eXv90dHT/fn5+/4iIiP+Hh4f/cHBw/2JiYv9sbGz/dHR0/3Fxcf9ubm7/a2tr/2dnZ/9vb2//e3t7/4ODg/+Ojo7/h4eH/3Z2dv93d3f/goKC/4CAgP9sbGz/ZmZm/3Z2dv+BgYH/hYWF/4iIiP+JiYn/i4uL/4mJif+Hh4f/goKC/3t7e/91dXX/bW1t/2lpaf9lZWX/YWFh/1paWv9bW1v/aWlp/25ubv9kZGT/X19f/3d3d/8VFRX/FRUV/xUVFf8UFBT/FBQU/xMTE/8TExP/EhIS/xISEv8SEhL/ExMT/xMTE/8TExP/ExMT/xMTE/8TExP/ExMT/xISEv8SEhL/ERER/xEREf8QEBD/EBAQ/w8PD/8PDw//Dw8P/w8PD/8ODg7/Dg4O/w4ODv8ODg7/Dw8P/w8PD/8PDw//EBAQ/xAQEP8PDw//Dw8P/w8PD/8PDw//Dw8P/w8PD/8PDw//Dw8P/w8PD/8PDw//Dw8P/w8PD/8PDw//EBAQ/xAQEP8RERH/ERER/xEREf8RERH/EBAQ/xAQEP8QEBD/EBAQ/xAQEP8QEBD/EBAQ/xAQEP8QEBD/EBAQ/xAQEP8PDw//Dw8P/w8PD/8PDw//EBAQ/xAQEP8RERH/EhIS/xQUFP8VFRX/FxcX/xgYGP8ZGRn/GRkZ/xkZGf8ZGRn/GRkZ/xkZGf8YGBj/GBgY/xgYGP8YGBj/GBgY/xgYGP8YGBj/GBgY/xcXF/8YGBj/GBgY/xkZGf8ZGRn/GRkZ/xoaGv8aGhr/GRkZ/xkZGf8YGBj/GBgY/xgYGP8YGBj/GRkZ/xkZGf8ZGRn/GRkZ/xoaGv8aGhr/Gxsb/xsbG/8cHBz/HBwc/xwcHP8bGxv/Gxsb/xoaGv8aGhr/Ghoa/xoaGv8aGhr/Ghoa/xoaGv8aGhr/Gxsb/xsbG/8bGxv/Gxsb/xsbG/8bGxv/HBwc/x4eHv8fHx//IyMj/ykpKf8pKSn/KSkp/ykpKf8pKSn/KSkp/ysrK/8tLS3/MzMz/zY2Nv82Njb/NjY2/zY2Nv82Njb/NjY2/zc3N/82Njb/NjY2/zU1Nf8zMzP/NDQ0/zY2Nv83Nzf/OTk5/zk5Of84ODj/OTk5/zs7O/87Ozv/OTk5/zc3N/84ODj/Ojo6/zo6Ov87Ozv/Ozs7/zs7O/89PT3/QUFB/0FBQf9AQED/Pz8//z09Pf89PT3/Ozs7/zs7O/88PDz/PT09/z4+Pv8/Pz//Pj4+/zw8PP86Ojr/ODg4/zw8PP9BQUH/Q0ND/0ZGRv9ERET/Pz8//0BAQP9DQ0P/RERE/0dHR/9HR0f/QEBA/zs7O/84ODj/NjY2/zg4OP87Ozv/Q0ND/01NTf9KSkr/RkZG/0RERP9AQED/Pj4+/zs7O/87Ozv/Ozs7/zw8PP8/Pz//Pz8//z8/P/9AQED/RkZG/0tLS/9RUVH/VlZW/1BQUP9JSUn/S0tL/05OTv9KSkr/Q0ND/0NDQ/9DQ0P/RERE/0ZGRv9GRkb/Q0ND/0FBQf8/Pz//Pz8//0RERP9ISEj/TExM/09PT/9NTU3/SkpK/05OTv9UVFT/U1NT/1BQUP9OTk7/S0tL/0pKSv9KSkr/SkpK/0tLS/9KSkr/RERE/0FBQf9CQkL/RERE/0dHR/9LS0v/RkZG/z8/P/9BQUH/Q0ND/0JCQv9AQED/Q0ND/0lJSf9JSUn/R0dH/0lJSf9TU1P/WFhY/1hYWP9YWFj/WVlZ/1paWv9aWlr/Wlpa/1tbW/9bW1v/Wlpa/1hYWP9UVFT/TExM/0tLS/9KSkr/SUlJ/0ZGRv9FRUX/Q0ND/0NDQ/9LS0v/UFBQ/09PT/9OTk7/VFRU/1tbW/9bW1v/W1tb/1dXV/9PT0//T09P/1BQUP9QUFD/UFBQ/09PT/9MTEz/TU1N/1NTU/9XV1f/WVlZ/1tbW/9YWFj/VVVV/1paWv9gYGD/W1tb/1VVVf9VVVX/VVVV/1paWv9iYmL/YWFh/11dXf9YWFj/T09P/05OTv9XV1f/W1tb/1lZWf9XV1f/WVlZ/+3t7f/CwsL/lJSU/4iIiP96enr/enp6/3t7e/+FhYX/mZmZ/5ubm/+Xl5f/oKCg/7q6uv/Dw8P/v7+//7i4uP+ioqL/kJCQ/3x8fP9nZ2f/X19f/1ZWVv9TU1P/UFBQ/1ZWVv9fX1//YGBg/19fX/9hYWH/Z2dn/3Jycv+MjIz/nJyc/66urv+3t7f/srKy/62trf+np6f/oKCg/76+vv/g4OD/3Nzc/9fX1/+8vLz/kpKS/4aGhv92dnb/iIiI/7i4uP/Gxsb/xcXF/7+/v/+srKz/oqKi/6Ojo/+kpKT/m5ub/5KSkv9/f3//aWlp/21tbf9ycnL/cHBw/2tra/9ra2v/bGxs/4qKiv/R0dH/6enp//Pz8//29vb/8PDw/+3t7f/x8fH/9PT0/+bm5v/X19f/4eHh/+7u7v/a2tr/vb29/6Ghof9zc3P/bGxs/2hoaP9ubm7/fn5+/3t7e/9jY2P/V1dX/1JSUv9TU1P/Z2dn/3h4eP95eXn/e3t7/4KCgv+Kior/nZ2d/7m5uf+4uLj/s7Oz/6mpqf+VlZX/ioqK/3x8fP9zc3P/Z2dn/19fX/9WVlb/UVFR/1NTU/9VVVX/UlJS/1BQUP9YWFj/YWFh/3h4eP+YmJj/q6ur/8fHx/+8vLz/nJyc/5GRkf+Kior/goKC/3Nzc/9ra2v/ampq/2pqav9lZWX/YWFh/1RUVP9GRkb/SkpK/09PT/9WVlb/YWFh/2xsbP9/f3//d3d3/2JiYv9oaGj/hISE/5KSkv+fn5//nZ2d/3p6ev9gYGD/W1tb/1VVVf9OTk7/RkZG/01NTf9WVlb/ZGRk/3h4eP+AgID/ioqK/4yMjP+Ojo7/jY2N/4uLi/+EhIT/cXFx/2hoaP9qamr/bGxs/3BwcP90dHT/d3d3/3p6ev93d3f/c3Nz/3Fxcf9vb2//cXFx/3V1df+Kior/u7u7/7S0tP+AgID/aWlp/1lZWf9RUVH/UFBQ/09PT/9PT0//Tk5O/1BQUP9SUlL/VlZW/1tbW/9bW1v/XFxc/2pqav+Ghob/kJCQ/5ubm/+Wlpb/f39//35+fv+ZmZn/o6Oj/4qKiv92dnb/ZWVl/1RUVP9eXl7/aWlp/3R0dP+CgoL/dXV1/15eXv9tbW3/kJCQ/5OTk/+Li4v/hISE/3l5ef9ycnL/Z2dn/2NjY/9tbW3/c3Nz/2ZmZv9XV1f/WFhY/1hYWP9fX1//aWlp/2BgYP9SUlL/UFBQ/1FRUf9SUlL/VlZW/19fX/90dHT/eHh4/2VlZf9ZWVn/U1NT/09PT/9VVVX/Wlpa/1FRUf9GRkb/SEhI/0xMTP9OTk7/UVFR/1FRUf9SUlL/Tk5O/0NDQ/9BQUH/Q0ND/0VFRf9HR0f/SUlJ/01NTf9PT0//RUVF/zo6Ov8+Pj7/RERE/09PT/9gYGD/Xl5e/1paWv9UVFT/SUlJ/0VFRf9AQED/PDw8/zc3N/81NTX/Nzc3/zg4OP89PT3/QUFB/0NDQ/9FRUX/Q0ND/0FBQf9CQkL/Q0ND/0FBQf8+Pj7/PDw8/zs7O/89PT3/Q0ND/0pKSv9ZWVn/Xl5e/1NTU/9MTEz/Tk5O/1BQUP9HR0f/PDw8/0BAQP9ERET/RERE/0JCQv9CQkL/Q0ND/0FBQf8/Pz//PT09/zs7O/86Ojr/OTk5/zk5Of82Njb/NTU1/zk5Of89PT3/Nzc3/zExMf8vLy//Kysr/y4uLv8zMzP/NjY2/z09Pf9BQUH/SUlJ/0lJSf9FRUX/RUVF/0lJSf9OTk7/WVlZ/2FhYf9hYWH/nZ2d/4WFhf9qamr/b29v/3V1df+Dg4P/mZmZ/5SUlP+Hh4f/goKC/3x8fP99fX3/h4eH/46Ojv+enp7/o6Oj/5CQkP+BgYH/d3d3/25ubv9tbW3/bGxs/3d3d/+Ghob/kZGR/6CgoP+VlZX/fn5+/3Nzc/9kZGT/Y2Nj/21tbf90dHT/gYGB/4mJif+Li4v/jY2N/4qKiv+Hh4f/gYGB/3l5ef9vb2//YmJi/2VlZf9ra2v/b29v/3R0dP96enr/hYWF/4KCgv9ubm7/ampq/3t7e/+Li4v/qqqq/8LCwv+6urr/srKy/6ampv+ZmZn/lpaW/5KSkv+Li4v/f39//3p6ev9zc3P/d3d3/4aGhv+Hh4f/fX19/3d3d/9ubm7/aWlp/2VlZf9kZGT/f39//5ycnP+Tk5P/iYmJ/4WFhf9/f3//h4eH/5aWlv+enp7/rKys/6SkpP+Kior/jIyM/6ysrP+3t7f/q6ur/6SkpP+np6f/qKio/5CQkP93d3f/fX19/4WFhf+Kior/kZGR/5SUlP+YmJj/j4+P/3x8fP9+fn7/jIyM/5GRkf+VlZX/k5OT/4GBgf93d3f/hYWF/5GRkf+IiIj/fn5+/3h4eP9xcXH/fn5+/5GRkf+ZmZn/pKSk/5ubm/+EhIT/d3d3/2FhYf9aWlr/XV1d/2FhYf9oaGj/bm5u/3h4eP+BgYH/kpKS/6Wlpf+tra3/uLi4/5+fn/95eXn/bm5u/2FhYf9dXV3/WFhY/1dXV/9aWlr/YmJi/3x8fP+Kior/kpKS/5eXl/+QkJD/iIiI/4eHh/+FhYX/i4uL/5KSkv+Pj4//ioqK/4GBgf9ycnL/bGxs/2NjY/9cXFz/Tk5O/0pKSv9QUFD/WVlZ/3V1df+MjIz/paWl/7+/v/+0tLT/qKio/6Kiov+ampr/kZGR/4ODg/95eXn/aGho/19fX/9RUVH/SUlJ/z8/P/87Ozv/Ozs7/z8/P/9ZWVn/bm5u/3p6ev+Hh4f/h4eH/4aGhv92dnb/X19f/1paWv9VVVX/VFRU/1RUVP9TU1P/UFBQ/1ZWVv9ra2v/fHx8/5ubm/+ysrL/0NDQ/+Xl5f/Nzc3/tLS0/5+fn/+Ghob/enp6/2lpaf9wcHD/fHx8/5KSkv+4uLj/vLy8/7Ozs/+hoaH/dHR0/19fX/9UVFT/Tk5O/01NTf9MTEz/TExM/0xMTP9XV1f/ZGRk/3l5ef+Wlpb/k5OT/4qKiv+EhIT/eXl5/3d3d/96enr/enp6/3h4eP95eXn/fn5+/4ODg/+RkZH/nZ2d/66urv+/v7//paWl/4aGhv93d3f/YmJi/2ZmZv9vb2//cXFx/3Jycv9ycnL/cHBw/21tbf9kZGT/YWFh/2hoaP9wcHD/iIiI/52dnf+np6f/srKy/6mpqf+fn5//lpaW/4qKiv+VlZX/qKio/6qqqv+oqKj/n5+f/4iIiP+Dg4P/iIiI/4yMjP+RkZH/lZWV/5OTk/+RkZH/k5OT/5aWlv+Ojo7/g4OD/4SEhP+Ghob/iYmJ/42Njf+oqKj/4eHh/+7u7v/w8PD/4eHh/7Kysv+ZmZn/kJCQ/4yMjP+YmJj/o6Oj/5ycnP+VlZX/l5eX/5mZmf+lpaX/ubm5/8jIyP/h4eH/z8/P/6Ghof+QkJD/gICA/319ff+Ghob/j4+P/6ampv+0tLT/qKio/52dnf+Ghob/bW1t/3d3d/+Dg4P/lZWV/7CwsP/CwsL/4eHh/+np6f/v7+//5OTk/8HBwf+3t7f/wsLC/8zMzP/k5OT/9fX1//Hx8f9fX1//YmJi/2VlZf9kZGT/YWFh/19fX/9aWlr/V1dX/1NTU/9PT0//SUlJ/0pKSv9RUVH/VFRU/1RUVP9UVFT/VFRU/1NTU/9UVFT/VVVV/09PT/9JSUn/UFBQ/1paWv9hYWH/a2tr/2hoaP9iYmL/Xl5e/1lZWf9bW1v/ZWVl/2dnZ/9gYGD/XV1d/2JiYv9mZmb/ampq/21tbf9kZGT/Wlpa/1hYWP9VVVX/Wlpa/2FhYf9iYmL/YmJi/2JiYv9gYGD/YWFh/2RkZP9oaGj/dHR0/3l5ef9paWn/XFxc/11dXf9eXl7/Wlpa/1ZWVv9TU1P/T09P/1RUVP9eXl7/ZWVl/3Fxcf9tbW3/XV1d/1hYWP9WVlb/VVVV/1VVVf9XV1f/YmJi/2tra/9sbGz/bm5u/2BgYP9QUFD/SUlJ/0BAQP9ERET/TU1N/1lZWf9vb2//dHR0/3d3d/9ycnL/YGBg/1paWv9eXl7/X19f/1paWv9XV1f/Z2dn/3l5ef9ubm7/YWFh/1hYWP9MTEz/UFBQ/1hYWP9lZWX/f39//4ODg/9+fn7/eXl5/29vb/9oaGj/Xl5e/1lZWf9hYWH/Z2dn/3Fxcf98fHz/fn5+/4CAgP+FhYX/jY2N/5qamv+wsLD/oaGh/3x8fP94eHj/gYGB/4iIiP+Xl5f/mpqa/4iIiP98fHz/enp6/3h4eP9oaGj/VlZW/1BQUP9ISEj/T09P/1paWv9WVlb/TU1N/1FRUf9dXV3/XFxc/1RUVP9SUlL/V1dX/1paWv9dXV3/YWFh/3Z2dv+Kior/fX19/25ubv9nZ2f/X19f/15eXv9cXFz/Z2dn/319ff+FhYX/jo6O/46Ojv+Hh4f/g4OD/3x8fP95eXn/gICA/4WFhf+Ghob/h4eH/3l5ef9qamr/bW1t/3Jycv9xcXH/cHBw/3Nzc/95eXn/dnZ2/2tra/9paWn/a2tr/25ubv96enr/e3t7/2VlZf9UVFT/VlZW/1hYWP9dXV3/Y2Nj/1lZWf9LS0v/R0dH/0FBQf9BQUH/Q0ND/0JCQv9AQED/Pz8//0BAQP8/Pz//Ojo6/zY2Nv80NDT/MjIy/zIyMv8zMzP/MTEx/y8vL/8vLy//MDAw/zAwMP8vLy//Li4u/y0tLf8uLi7/MDAw/zAwMP8wMDD/MDAw/zAwMP8wMDD/Ly8v/y8vL/8wMDD/MTEx/zAwMP8wMDD/MDAw/y8vL/8vLy//Ly8v/zAwMP8xMTH/MTEx/zAwMP8xMTH/MjIy/zMzM/8zMzP/MzMz/zIyMv8yMjL/MTEx/zExMf8xMTH/MjIy/zExMf8wMDD/MDAw/y8vL/8vLy//Ly8v/y8vL/8wMDD/MDAw/zIyMv8yMjL/MTEx/zExMf8zMzP/NDQ0/zU1Nf82Njb/Nzc3/zk5Of88PDz/QUFB/0ZGRv9OTk7/WFhY/2pqav9sbGz/aGho/21tbf+CgoL/i4uL/4uLi/+IiIj/eXl5/2tra/9ubm7/cnJy/2xsbP9lZWX/bGxs/3d3d/9xcXH/ZGRk/2FhYf9dXV3/Y2Nj/3d3d/+Dg4P/lZWV/5eXl/92dnb/YmJi/2pqav9xcXH/dnZ2/3x8fP91dXX/bW1t/3p6ev+Ojo7/np6e/7i4uP+oqKj/fn5+/3h4eP+BgYH/f39//2xsbP9kZGT/a2tr/3Jycv+Hh4f/nJyc/6CgoP+lpaX/pKSk/6Ghof+VlZX/g4OD/39/f/96enr/dXV1/21tbf9qamr/aGho/3BwcP+Kior/kpKS/3h4eP9nZ2f/goKC/xQUFP8UFBT/FBQU/xQUFP8TExP/ExMT/xMTE/8TExP/ExMT/xMTE/8TExP/ExMT/xMTE/8TExP/EhIS/xISEv8SEhL/EhIS/xEREf8RERH/ERER/xEREf8QEBD/Dg4O/w4ODv8ODg7/Dg4O/w8PD/8PDw//Dw8P/w8PD/8ODg7/Dg4O/w8PD/8PDw//Dw8P/w8PD/8PDw//Dw8P/w8PD/8PDw//Dw8P/w8PD/8PDw//Dw8P/w8PD/8ODg7/Dg4O/w8PD/8PDw//EBAQ/xAQEP8QEBD/EBAQ/xAQEP8QEBD/EBAQ/xAQEP8QEBD/EBAQ/xAQEP8QEBD/EBAQ/xAQEP8QEBD/Dw8P/w8PD/8ODg7/Dg4O/w8PD/8PDw//EBAQ/xAQEP8SEhL/ExMT/xUVFf8WFhb/FxcX/xkZGf8ZGRn/Ghoa/xoaGv8ZGRn/GBgY/xcXF/8XFxf/FxcX/xcXF/8XFxf/FxcX/xcXF/8XFxf/GBgY/xgYGP8YGBj/GRkZ/xkZGf8ZGRn/GRkZ/xkZGf8ZGRn/GRkZ/xkZGf8YGBj/GBgY/xgYGP8YGBj/GRkZ/xkZGf8aGhr/Ghoa/xoaGv8aGhr/Gxsb/xsbG/8bGxv/Gxsb/xsbG/8aGhr/Ghoa/xoaGv8aGhr/Gxsb/xsbG/8ZGRn/GRkZ/xoaGv8aGhr/Gxsb/xsbG/8aGhr/Ghoa/xsbG/8bGxv/HBwc/x4eHv8jIyP/Kioq/yoqKv8nJyf/Jycn/yUlJf8mJib/KSkp/ywsLP8xMTH/NDQ0/zQ0NP80NDT/NTU1/zY2Nv82Njb/NTU1/zg4OP88PDz/Ozs7/zg4OP85OTn/Ozs7/z09Pf8/Pz//Pj4+/zs7O/86Ojr/Ozs7/zo6Ov82Njb/MzMz/zY2Nv84ODj/OTk5/zk5Of86Ojr/Ozs7/z09Pf9BQUH/QEBA/z8/P/8+Pj7/Ojo6/zk5Of83Nzf/NjY2/zY2Nv83Nzf/Ojo6/zw8PP8+Pj7/Pz8//z09Pf88PDz/PT09/z8/P/9AQED/QkJC/0BAQP88PDz/QEBA/0pKSv9OTk7/UVFR/09PT/9CQkL/Ojo6/zMzM/8uLi7/MzMz/zc3N/8+Pj7/RkZG/0VFRf9DQ0P/QUFB/z09Pf88PDz/Ozs7/zo6Ov85OTn/ODg4/zg4OP85OTn/Pj4+/0JCQv9ISEj/Tk5O/1tbW/9paWn/Xl5e/1JSUv9OTk7/SkpK/0ZGRv9AQED/QUFB/0NDQ/9GRkb/SkpK/0lJSf9DQ0P/QEBA/0BAQP9BQUH/SkpK/1FRUf9SUlL/VFRU/1FRUf9NTU3/TExM/0pKSv9ISEj/RkZG/0hISP9MTEz/TU1N/05OTv9NTU3/S0tL/0pKSv9ISEj/R0dH/0dHR/9HR0f/R0dH/0dHR/9ERET/Pz8//0JCQv9HR0f/R0dH/0ZGRv9KSkr/U1NT/1FRUf9HR0f/RERE/0NDQ/9FRUX/TU1N/1FRUf9QUFD/T09P/1dXV/9fX1//YGBg/2JiYv9fX1//Wlpa/1dXV/9RUVH/UVFR/1FRUf9PT0//TU1N/0lJSf9AQED/Pj4+/0VFRf9LS0v/TU1N/1BQUP9YWFj/YmJi/15eXv9aWlr/VlZW/09PT/9QUFD/UVFR/1BQUP9PT0//T09P/01NTf9PT0//VFRU/1dXV/9aWlr/W1tb/1tbW/9bW1v/ZWVl/3BwcP9kZGT/VlZW/1lZWf9fX1//ZGRk/2tra/9nZ2f/XFxc/1ZWVv9MTEz/TU1N/1lZWf9gYGD/X19f/19fX/9fX1//7u7u/8nJyf+hoaH/kZGR/35+fv98fHz/fHx8/4aGhv+ampr/n5+f/6SkpP+urq7/yMjI/9HR0f/Q0ND/y8vL/7m5uf+pqan/kZGR/3h4eP95eXn/enp6/3R0dP9sbGz/ampq/2hoaP9jY2P/W1tb/11dXf9kZGT/dXV1/6Ghof+xsbH/r6+v/6ysrP+fn5//lpaW/5SUlP+SkpL/p6en/8DAwP+/v7//vLy8/6ysrP+SkpL/jIyM/4aGhv+UlJT/tra2/729vf+1tbX/sLCw/6enp/+ioqL/oqKi/6Ghof+cnJz/lpaW/4SEhP9vb2//dHR0/3x8fP9/f3//g4OD/4ODg/+Dg4P/lZWV/8DAwP/Ozs7/09PT/9XV1f/Q0ND/zs7O/9DQ0P/S0tL/xsbG/7m5uf/Q0ND/6urq/9fX1/+7u7v/qqqq/4+Pj/+CgoL/bm5u/21tbf9zc3P/bm5u/1tbW/9RUVH/TExM/0xMTP9dXV3/a2tr/2xsbP9sbGz/f39//5aWlv+jo6P/tra2/7CwsP+kpKT/oaGh/56env+cnJz/l5eX/4yMjP9vb2//X19f/1ZWVv9RUVH/VVVV/1hYWP9XV1f/VlZW/1dXV/9ZWVn/aWlp/4CAgP+SkpL/ra2t/6enp/+SkpL/h4eH/3d3d/9vb2//ZmZm/2BgYP9cXFz/WFhY/1hYWP9XV1f/YGBg/2hoaP9vb2//eHh4/3x8fP+CgoL/iIiI/5OTk/+IiIj/bGxs/29vb/+Hh4f/lJSU/6SkpP+np6f/ioqK/3h4eP+Dg4P/jY2N/3l5ef9iYmL/ZGRk/2dnZ/9oaGj/ampq/25ubv92dnb/fHx8/4iIiP+Hh4f/f39//3h4eP9qamr/Y2Nj/2VlZf9mZmb/ampq/21tbf9wcHD/c3Nz/3BwcP9sbGz/b29v/3V1df90dHT/c3Nz/319ff+Xl5f/l5eX/4aGhv96enr/Z2dn/11dXf9eXl7/Xl5e/1lZWf9UVFT/VFRU/1NTU/9XV1f/XV1d/2JiYv9paWn/c3Nz/4WFhf+IiIj/iYmJ/4SEhP94eHj/fHx8/5+fn/+urq7/mJiY/4aGhv96enr/bW1t/3Nzc/96enr/eHh4/3V1df9ra2v/W1tb/2lpaf+Ghob/h4eH/319ff93d3f/b29v/2pqav9lZWX/Y2Nj/2pqav9ubm7/ZGRk/1paWv9dXV3/YmJi/2VlZf9qamr/aWlp/2dnZ/9tbW3/eXl5/3Nzc/9fX1//XFxc/2NjY/9kZGT/XV1d/1lZWf9YWFj/WFhY/1dXV/9WVlb/UVFR/0xMTP9RUVH/WFhY/1VVVf9PT0//Tk5O/01NTf9JSUn/QUFB/0BAQP9FRUX/SEhI/0lJSf9JSUn/SUlJ/0lJSf9CQkL/Ojo6/0BAQP9HR0f/VFRU/2hoaP9kZGT/Wlpa/1RUVP9KSkr/R0dH/0NDQ/9BQUH/QUFB/0FBQf89PT3/Ozs7/zs7O/86Ojr/PDw8/z8/P/8/Pz//Pz8//0FBQf9FRUX/RkZG/0dHR/9GRkb/RERE/0RERP9GRkb/SUlJ/1BQUP9TU1P/UFBQ/09PT/9RUVH/UlJS/0pKSv9BQUH/QUFB/0FBQf9AQED/Pz8//z8/P/8+Pj7/Pj4+/z09Pf88PDz/Ozs7/zw8PP9CQkL/RERE/z8/P/87Ozv/Ojo6/zk5Of82Njb/MjIy/zAwMP8tLS3/MDAw/zU1Nf85OTn/Pz8//0RERP9NTU3/UVFR/1VVVf9WVlb/UVFR/1BQUP9UVFT/VlZW/1ZWVv+UlJT/gICA/2pqav91dXX/g4OD/4mJif+SkpL/i4uL/3x8fP93d3f/cHBw/3Jycv99fX3/g4OD/4uLi/+Pj4//jY2N/4yMjP+IiIj/hISE/4ODg/+CgoL/gICA/35+fv+EhIT/j4+P/4aGhv9zc3P/bW1t/2ZmZv9nZ2f/bGxs/3Fxcf98fHz/goKC/4SEhP+FhYX/goKC/4CAgP9/f3//fn5+/4SEhP+NjY3/h4eH/319ff96enr/dXV1/3d3d/97e3v/fHx8/3t7e/9+fn7/ioqK/5OTk/+fn5//qKio/6Ghof+ZmZn/lJSU/4+Pj/+Xl5f/o6Oj/5qamv+JiYn/gYGB/3R0dP90dHT/enp6/3p6ev92dnb/cnJy/2hoaP9iYmL/Y2Nj/2VlZf98fHz/k5OT/4+Pj/+Li4v/hISE/3t7e/+BgYH/jIyM/42Njf+Ojo7/iYmJ/3x8fP+BgYH/nJyc/6Wlpf+bm5v/lpaW/5ycnP+hoaH/jo6O/3l5ef96enr/e3t7/4SEhP+QkJD/lJSU/5qamv+UlJT/iIiI/4eHh/+NjY3/kpKS/56env+enp7/hoaG/3Z2dv95eXn/fHx8/3V1df9ubm7/cXFx/3R0dP9/f3//j4+P/5iYmP+lpaX/nZ2d/4eHh/98fHz/bm5u/2lpaf9paWn/bm5u/4KCgv+Pj4//jo6O/4yMjP+QkJD/lZWV/5aWlv+YmJj/ioqK/3Nzc/9sbGz/YmJi/2NjY/9qamr/a2tr/2lpaf9sbGz/d3d3/35+fv+Dg4P/h4eH/4aGhv+FhYX/g4OD/4GBgf9+fn7/eXl5/3d3d/9zc3P/cXFx/21tbf9qamr/ZGRk/2BgYP9cXFz/WVlZ/1hYWP9bW1v/bW1t/3x8fP+Pj4//o6Oj/6CgoP+dnZ3/kZGR/4KCgv+CgoL/g4OD/4ODg/+Dg4P/eHh4/2BgYP9UVFT/RERE/z4+Pv88PDz/Pz8//1RUVP9mZmb/eHh4/4qKiv+CgoL/eXl5/25ubv9gYGD/Y2Nj/2pqav9oaGj/ZGRk/19fX/9VVVX/V1dX/2RkZP9zc3P/l5eX/66urv/CwsL/0NDQ/7y8vP+np6f/l5eX/4aGhv96enr/aWlp/2xsbP9ycnL/gYGB/56env+ioqL/n5+f/5KSkv9tbW3/XFxc/1NTU/9OTk7/UFBQ/1JSUv9SUlL/UVFR/1lZWf9hYWH/c3Nz/42Njf+MjIz/iIiI/4WFhf9/f3//enp6/3Jycv9xcXH/d3d3/3x8fP+Kior/lJSU/5ycnP+kpKT/ra2t/7a2tv+goKD/hoaG/35+fv9zc3P/dHR0/3d3d/97e3v/gYGB/4aGhv+QkJD/kJCQ/4WFhf9/f3//eXl5/3l5ef+Li4v/m5ub/5ubm/+bm5v/kJCQ/4ODg/+EhIT/hYWF/4mJif+QkJD/j4+P/4uLi/+IiIj/goKC/39/f/97e3v/enp6/3x8fP9/f3//ioqK/5WVlf+Xl5f/mpqa/6CgoP+np6f/oqKi/5qamv+Tk5P/h4eH/5mZmf/Dw8P/1NTU/+jo6P/k5OT/xMTE/7Gxsf+dnZ3/kZGR/5+fn/+srKz/nJyc/4uLi/+Pj4//lZWV/5+fn/+tra3/tbW1/8LCwv+5ubn/oaGh/5WVlf+FhYX/g4OD/46Ojv+ZmZn/tbW1/8XFxf+tra3/lpaW/4iIiP95eXn/hYWF/5SUlP+dnZ3/qqqq/6+vr/+1tbX/u7u7/8fHx//Jycn/x8fH/8XFxf+/v7//wMDA/9TU1P/j4+P/6enp/1hYWP9ZWVn/XFxc/15eXv9iYmL/YWFh/2BgYP9dXV3/WFhY/1RUVP9PT0//T09P/1RUVP9YWFj/XV1d/2BgYP9gYGD/X19f/1paWv9UVFT/UVFR/0xMTP9QUFD/VVVV/1lZWf9fX1//XV1d/1hYWP9YWFj/WVlZ/1xcXP9lZWX/Z2dn/2FhYf9eXl7/Y2Nj/2dnZ/9oaGj/ampq/2RkZP9dXV3/W1tb/1lZWf9eXl7/ZWVl/2VlZf9lZWX/YmJi/11dXf9bW1v/W1tb/11dXf9mZmb/ampq/2NjY/9eXl7/Xl5e/19fX/9cXFz/WFhY/1RUVP9OTk7/UlJS/1lZWf9dXV3/ZGRk/2JiYv9aWlr/V1dX/1VVVf9UVFT/V1dX/1tbW/9kZGT/bGxs/2tra/9qamr/X19f/1FRUf9PT0//TExM/09PT/9UVFT/Wlpa/2VlZf9nZ2f/Z2dn/2RkZP9cXFz/Wlpa/2BgYP9iYmL/XFxc/1dXV/9lZWX/dXV1/25ubv9mZmb/XV1d/09PT/9QUFD/VFRU/11dXf9wcHD/c3Nz/3BwcP9ubm7/bGxs/2lpaf9iYmL/Xl5e/2JiYv9mZmb/aGho/2pqav9tbW3/cHBw/3x8fP+Ojo7/lZWV/6Ghof+UlJT/dnZ2/3Jycv97e3v/gICA/4mJif+Kior/eXl5/21tbf9paWn/ZmZm/2JiYv9eXl7/XFxc/1lZWf9bW1v/Xl5e/1lZWf9OTk7/UlJS/11dXf9dXV3/VVVV/1dXV/9mZmb/bm5u/3BwcP90dHT/hYWF/5SUlP+IiIj/enp6/29vb/9iYmL/X19f/1xcXP9hYWH/ampq/3Fxcf9+fn7/goKC/4SEhP+BgYH/d3d3/3Nzc/96enr/f39//3x8fP95eXn/eXl5/3h4eP9+fn7/hYWF/35+fv9xcXH/d3d3/4SEhP+AgID/c3Nz/3Fxcf9ycnL/dXV1/3t7e/96enr/Z2dn/1hYWP9WVlb/VFRU/1dXV/9bW1v/VFRU/0xMTP9KSkr/SEhI/0dHR/9GRkb/RERE/0JCQv9BQUH/Q0ND/0FBQf87Ozv/Nzc3/zQ0NP8yMjL/MjIy/zIyMv8xMTH/Ly8v/zAwMP8wMDD/MDAw/zAwMP8vLy//Li4u/y8vL/8vLy//MDAw/zAwMP8wMDD/MDAw/y8vL/8vLy//Ly8v/zAwMP8xMTH/MTEx/zAwMP8wMDD/Ly8v/y8vL/8vLy//MDAw/zExMf8xMTH/MTEx/zExMf8yMjL/MjIy/zIyMv8yMjL/MjIy/zIyMv8zMzP/MzMz/zMzM/8yMjL/MTEx/zAwMP8wMDD/Ly8v/y8vL/8vLy//MDAw/zAwMP8wMDD/MjIy/zIyMv8xMTH/MTEx/zIyMv80NDT/NTU1/zY2Nv83Nzf/OTk5/z09Pf9CQkL/R0dH/05OTv9VVVX/YWFh/2RkZP9kZGT/ampq/319ff+FhYX/hISE/4KCgv93d3f/bW1t/29vb/9xcXH/c3Nz/3V1df9/f3//j4+P/4KCgv9qamr/ZWVl/2JiYv9lZWX/bm5u/3Z2dv+FhYX/ioqK/319ff91dXX/d3d3/3l5ef93d3f/dHR0/21tbf9lZWX/cHBw/4GBgf+NjY3/oaGh/5mZmf+AgID/fn5+/4aGhv+FhYX/eXl5/3R0dP94eHj/fX19/4uLi/+YmJj/lZWV/5GRkf+MjIz/hoaG/4KCgv97e3v/fX19/4GBgf+AgID/fHx8/35+fv+Hh4f/jIyM/5KSkv+RkZH/goKC/3l5ef+Ghob/ExMT/xMTE/8UFBT/ExMT/xMTE/8TExP/ExMT/xISEv8SEhL/EhIS/xMTE/8TExP/ExMT/xMTE/8SEhL/EhIS/xISEv8SEhL/ERER/xEREf8QEBD/EBAQ/w8PD/8ODg7/Dg4O/w4ODv8ODg7/Dg4O/w4ODv8ODg7/Dg4O/w4ODv8ODg7/Dg4O/w8PD/8PDw//Dw8P/w8PD/8PDw//Dw8P/w8PD/8PDw//Dw8P/w8PD/8PDw//Dw8P/w4ODv8PDw//Dw8P/w8PD/8PDw//EBAQ/xAQEP8QEBD/EBAQ/xAQEP8QEBD/EBAQ/xAQEP8QEBD/EBAQ/xAQEP8QEBD/EBAQ/xAQEP8PDw//Dw8P/w8PD/8ODg7/Dw8P/w8PD/8QEBD/EBAQ/xISEv8TExP/FRUV/xYWFv8YGBj/Ghoa/xoaGv8aGhr/GRkZ/xkZGf8YGBj/GBgY/xcXF/8XFxf/FxcX/xcXF/8XFxf/FxcX/xcXF/8XFxf/GBgY/xgYGP8ZGRn/GRkZ/xkZGf8ZGRn/GRkZ/xkZGf8ZGRn/GRkZ/xkZGf8ZGRn/GRkZ/xkZGf8ZGRn/Ghoa/xoaGv8aGhr/Ghoa/xoaGv8aGhr/Gxsb/xoaGv8aGhr/Ghoa/xoaGv8aGhr/Ghoa/xoaGv8aGhr/Ghoa/xkZGf8ZGRn/GRkZ/xkZGf8aGhr/Gxsb/xoaGv8aGhr/Ghoa/xoaGv8bGxv/HBwc/yAgIP8mJib/KCgo/ykpKf8oKCj/JiYm/yYmJv8nJyf/KSkp/y8vL/8xMTH/MzMz/zQ0NP82Njb/OTk5/zk5Of86Ojr/Ojo6/zo6Ov84ODj/NDQ0/zU1Nf84ODj/OTk5/zw8PP88PDz/OTk5/zg4OP84ODj/Nzc3/zU1Nf80NDT/Nzc3/zo6Ov86Ojr/Ozs7/zs7O/88PDz/PT09/0BAQP9AQED/Pz8//z09Pf87Ozv/Ojo6/zo6Ov87Ozv/Ojo6/zs7O/8/Pz//QkJC/0JCQv9BQUH/Pz8//zw8PP89PT3/Pz8//0BAQP9BQUH/QEBA/z4+Pv9BQUH/SkpK/0xMTP9NTU3/S0tL/0JCQv89PT3/Nzc3/zIyMv84ODj/PT09/0FBQf9GRkb/RkZG/0dHR/9FRUX/QUFB/z8/P/88PDz/PDw8/z09Pf8+Pj7/QEBA/0FBQf9BQUH/QUFB/0VFRf9ISEj/UVFR/1tbW/9VVVX/Tk5O/05OTv9NTU3/TExM/0lJSf9KSkr/TU1N/05OTv9QUFD/TU1N/0RERP9AQED/QEBA/0FBQf9GRkb/S0tL/05OTv9RUVH/UFBQ/09PT/9PT0//Tk5O/09PT/9PT0//T09P/05OTv9OTk7/Tk5O/0xMTP9JSUn/SEhI/0lJSf9JSUn/SEhI/0hISP9JSUn/SUlJ/0hISP9GRkb/SUlJ/05OTv9LS0v/RUVF/0ZGRv9LS0v/SkpK/0dHR/9GRkb/SEhI/0lJSf9LS0v/TExM/0tLS/9JSUn/UlJS/1tbW/9dXV3/X19f/1xcXP9ZWVn/VlZW/1NTU/9TU1P/U1NT/09PT/9HR0f/QkJC/z09Pf89PT3/RkZG/01NTf9SUlL/VlZW/1xcXP9jY2P/XV1d/1ZWVv9TU1P/Tk5O/05OTv9OTk7/TU1N/0xMTP9LS0v/S0tL/01NTf9RUVH/U1NT/1JSUv9SUlL/U1NT/1VVVf9bW1v/YmJi/1tbW/9RUVH/VVVV/1xcXP9fX1//Y2Nj/2FhYf9cXFz/WFhY/1JSUv9RUVH/V1dX/1paWv9aWlr/Wlpa/1lZWf/t7e3/0NDQ/7Gxsf+dnZ3/hISE/4CAgP98fHz/hoaG/5iYmP+ioqL/sbGx/76+vv/W1tb/4ODg/+Pj4//i4uL/09PT/8XFxf+qqqr/jo6O/5iYmP+lpaX/m5ub/42Njf+Dg4P/c3Nz/2hoaP9XV1f/WFhY/2JiYv97e3v/vb29/8/Pz/+0tLT/oKCg/4qKiv95eXn/fn5+/4KCgv+NjY3/mJiY/5qamv+cnJz/mJiY/5GRkf+Tk5P/mZmZ/6Ghof+zs7P/srKy/6Kiov+dnZ3/oaGh/6Ojo/+goKD/nZ2d/5ycnP+ampr/ioqK/3h4eP+AgID/jIyM/5WVlf+ioqL/oqKi/5+fn/+hoaH/qKio/6mpqf+oqKj/p6en/6SkpP+jo6P/pqam/6enp/+enp7/k5OT/7e3t//i4uL/0dHR/7a2tv+0tLT/srKy/56env93d3f/bW1t/2dnZ/9gYGD/UlJS/0tLS/9HR0f/R0dH/1NTU/9eXl7/XV1d/1tbW/97e3v/o6Oj/6mpqf+xsbH/pqam/5KSkv+YmJj/qamp/7CwsP+5ubn/ra2t/3x8fP9kZGT/Wlpa/1VVVf9aWlr/X19f/15eXv9eXl7/WFhY/1FRUf9YWFj/ZGRk/3R0dP+Ojo7/jo6O/4aGhv97e3v/YmJi/1paWv9ZWVn/V1dX/0xMTP9FRUX/SEhI/0tLS/9tbW3/kpKS/5ycnP+pqan/qamp/6mpqf+pqan/qamp/5qamv95eXn/d3d3/4iIiP+UlJT/qqqq/7Gxsf+enp7/lZWV/7S0tP/R0dH/ra2t/4aGhv+CgoL/fX19/29vb/9ZWVn/Wlpa/15eXv9paWn/f39//39/f/9vb2//Z2dn/2FhYf9eXl7/X19f/19fX/9iYmL/ZWVl/2hoaP9ra2v/Z2dn/2JiYv9sbGz/e3t7/3h4eP9vb2//bGxs/2lpaf9ycnL/jIyM/5CQkP95eXn/bW1t/29vb/9wcHD/ZmZm/11dXf9ZWVn/VlZW/1paWv9hYWH/ampq/3l5ef99fX3/gYGB/3x8fP9vb2//bGxs/21tbf95eXn/pKSk/7m5uf+np6f/mJiY/5KSkv+MjIz/jY2N/46Ojv98fHz/ZGRk/19fX/9XV1f/YmJi/3p6ev95eXn/bGxs/2dnZ/9jY2P/YWFh/2NjY/9kZGT/ZmZm/2hoaP9iYmL/XV1d/2RkZP9ubm7/bW1t/2tra/9zc3P/goKC/5GRkf+rq6v/nJyc/2tra/9ZWVn/Tk5O/0xMTP9UVFT/Wlpa/19fX/9jY2P/Wlpa/1JSUv9SUlL/UlJS/1paWv9mZmb/XV1d/01NTf9JSUn/RUVF/0NDQ/8/Pz//QEBA/0hISP9LS0v/S0tL/0pKSv9FRUX/QEBA/z4+Pv87Ozv/QkJC/0tLS/9bW1v/c3Nz/2tra/9aWlr/VFRU/0xMTP9JSUn/RkZG/0dHR/9OTk7/Tk5O/0ZGRv8/Pz//OTk5/zQ0NP82Njb/ODg4/zs7O/8/Pz//Q0ND/0hISP9MTEz/UlJS/1FRUf9OTk7/TExM/0pKSv9ISEj/RkZG/0ZGRv9NTU3/UlJS/1NTU/9VVVX/Tk5O/0dHR/9DQ0P/Pj4+/z09Pf88PDz/Ojo6/zg4OP85OTn/Ojo6/zs7O/87Ozv/QEBA/05OTv9TU1P/SUlJ/0JCQv87Ozv/NTU1/zQ0NP80NDT/MjIy/zAwMP8zMzP/OTk5/zw8PP9CQkL/R0dH/1JSUv9aWlr/aGho/2lpaf9bW1v/UlJS/0xMTP9ISEj/SEhI/4eHh/95eXn/ampq/3x8fP+Tk5P/j4+P/4eHh/99fX3/bW1t/2hoaP9hYWH/ZGRk/3Jycv92dnb/dHR0/3Z2dv+JiYn/mJiY/5ycnP+goKD/n5+f/52dnf+Li4v/c3Nz/3R0dP94eHj/cnJy/2VlZf9mZmb/a2tr/21tbf9sbGz/b29v/3d3d/97e3v/e3t7/3t7e/96enr/eHh4/35+fv+EhIT/np6e/8LCwv+xsbH/k5OT/4eHh/93d3f/c3Nz/29vb/92dnb/jY2N/5eXl/+cnJz/nJyc/5GRkf+IiIj/gYGB/3l5ef99fX3/gYGB/5eXl/+2trb/q6ur/5aWlv+Kior/dnZ2/3BwcP9qamr/ampq/25ubv9tbW3/YWFh/1tbW/9hYWH/aGho/3Z2dv+Ghob/iIiI/4uLi/+CgoL/dXV1/3h4eP9+fn7/d3d3/2lpaf9nZ2f/a2tr/3Nzc/+Hh4f/jo6O/4WFhf+BgYH/jY2N/5eXl/+Kior/fHx8/3d3d/9xcXH/fX19/46Ojv+Tk5P/m5ub/5qamv+VlZX/k5OT/4+Pj/+UlJT/qKio/6qqqv+Li4v/dXV1/2tra/9hYWH/Xl5e/1tbW/9nZ2f/dnZ2/35+fv+Kior/lJSU/6SkpP+dnZ3/iIiI/4KCgv9/f3//fHx8/3d3d/99fX3/oaGh/7a2tv+np6f/mZmZ/42Njf+AgID/eXl5/3BwcP9ubm7/bGxs/2lpaf9jY2P/bGxs/4KCgv+EhIT/fX19/3l5ef9zc3P/cHBw/3BwcP9ycnL/enp6/4KCgv9/f3//fHx8/25ubv9cXFz/Wlpa/1lZWf9eXl7/aWlp/2lpaf9lZWX/ZmZm/21tbf9sbGz/YmJi/11dXf9iYmL/Z2dn/3Jycv99fX3/hYWF/42Njf98fHz/ZmZm/3Fxcf+FhYX/kZGR/6ampv+YmJj/c3Nz/2FhYf9LS0v/QUFB/z4+Pv8/Pz//Tk5O/1tbW/9zc3P/jIyM/3t7e/9oaGj/ZWVl/2JiYv9vb2//hISE/4GBgf93d3f/bW1t/1tbW/9YWFj/W1tb/2dnZ/+Pj4//pqam/66urv+zs7P/o6Oj/5OTk/+NjY3/hYWF/3p6ev9ra2v/aWlp/2hoaP9vb2//fHx8/4CAgP+Ghob/f39//2dnZ/9bW1v/U1NT/1BQUP9VVVX/Wlpa/1lZWf9YWFj/W1tb/15eXv9tbW3/goKC/4ODg/+EhIT/hYWF/4aGhv99fX3/aGho/2ZmZv92dnb/g4OD/52dnf+srKz/rKys/6ysrP+srKz/ra2t/52dnf+Li4v/iYmJ/4iIiP+Ghob/g4OD/4mJif+VlZX/oaGh/7e3t/+6urr/rKys/6Kiov+Pj4//hISE/4+Pj/+Xl5f/i4uL/35+fv9wcHD/YGBg/2xsbP99fX3/enp6/3Nzc/9wcHD/a2tr/29vb/98fHz/e3t7/21tbf9lZWX/YWFh/2NjY/+AgID/mZmZ/5ycnP+fn5//tbW1/9HR0f/ExMT/r6+v/52dnf+AgID/h4eH/56env+0tLT/3d3d/+fn5//a2tr/zMzM/6qqqv+Wlpb/pqam/7W1tf+ampr/fX19/4WFhf+Pj4//lZWV/52dnf+cnJz/mZmZ/5ubm/+goKD/m5ub/4uLi/+JiYn/lpaW/6Ojo//Dw8P/1dXV/6+vr/+MjIz/iYmJ/4eHh/+VlZX/qKio/6ampv+jo6P/lpaW/39/f/+EhIT/lpaW/6mpqf/R0dH/19fX/7u7u/+wsLD/v7+//8vLy//c3Nz/Tk5O/09PT/9PT0//V1dX/2JiYv9kZGT/Z2dn/2RkZP9eXl7/W1tb/1ZWVv9WVlb/WFhY/1xcXP9oaGj/b29v/29vb/9tbW3/YWFh/1VVVf9TU1P/UVFR/1FRUf9QUFD/UFBQ/1FRUf9PT0//TExM/09PT/9aWlr/Xl5e/2RkZP9lZWX/YGBg/19fX/9jY2P/ZmZm/2ZmZv9mZmb/ZGRk/2JiYv9hYWH/X19f/2NjY/9qamr/aWlp/2hoaP9jY2P/WVlZ/1VVVf9RUVH/UFBQ/1VVVf9YWFj/XFxc/2BgYP9gYGD/YWFh/15eXv9bW1v/VlZW/05OTv9QUFD/VFRU/1RUVP9VVVX/VVVV/1ZWVv9VVVX/U1NT/1RUVP9aWlr/YGBg/2hoaP9ubm7/a2tr/2dnZ/9eXl7/U1NT/1ZWVv9aWlr/XFxc/11dXf9cXFz/WFhY/1ZWVv9TU1P/U1NT/1ZWVv9ZWVn/YWFh/2VlZf9eXl7/V1dX/2JiYv9ubm7/bm5u/21tbf9iYmL/U1NT/1FRUf9OTk7/U1NT/11dXf9fX1//Xl5e/2BgYP9oaGj/a2tr/2dnZ/9lZWX/ZmZm/2dnZ/9dXV3/VFRU/1hYWP9dXV3/cXFx/4+Pj/+Pj4//jY2N/4ODg/9ubm7/bGxs/3Jycv91dXX/d3d3/3V1df9lZWX/Wlpa/1VVVf9QUFD/XFxc/2hoaP9ra2v/b29v/2tra/9lZWX/XV1d/1FRUf9TU1P/XV1d/11dXf9YWFj/X19f/3t7e/+JiYn/ioqK/4yMjP+VlZX/np6e/5OTk/+IiIj/enp6/2hoaP9kZGT/Xl5e/1lZWf9SUlL/WFhY/2lpaf9ycnL/fn5+/35+fv9wcHD/ampq/3Jycv92dnb/b29v/2hoaP94eHj/iYmJ/5GRkf+cnJz/jIyM/3Jycv97e3v/kZGR/46Ojv99fX3/enp6/3x8fP99fX3/fX19/3p6ev9qamr/XV1d/1dXV/9RUVH/UVFR/1FRUf9PT0//TU1N/05OTv9RUVH/T09P/0lJSf9HR0f/RERE/0RERP9FRUX/RERE/z09Pf84ODj/NTU1/zIyMv8yMjL/MTEx/zExMf8wMDD/MDAw/zAwMP8wMDD/MTEx/zExMf8wMDD/MDAw/y8vL/8vLy//MDAw/zAwMP8vLy//Ly8v/y4uLv8uLi7/MDAw/zExMf8xMTH/MDAw/zAwMP8vLy//Ly8v/zAwMP8wMDD/MTEx/zExMf8yMjL/MjIy/zExMf8xMTH/MTEx/zAwMP8yMjL/MzMz/zQ0NP82Njb/NDQ0/zMzM/8yMjL/MDAw/zAwMP8vLy//Ly8v/zAwMP8wMDD/MDAw/zAwMP8yMjL/MjIy/zExMf8xMTH/MjIy/zMzM/80NDT/NTU1/zc3N/85OTn/PT09/0NDQ/9ISEj/T09P/1FRUf9VVVX/WFhY/19fX/9nZ2f/d3d3/35+fv97e3v/eHh4/3R0dP9wcHD/b29v/25ubv96enr/iIiI/5aWlv+rq6v/lpaW/3BwcP9qamr/aWlp/2dnZ/9kZGT/ZmZm/3Fxcf95eXn/hYWF/4yMjP+IiIj/g4OD/3Z2dv9paWn/Y2Nj/1tbW/9jY2P/cHBw/3d3d/+Dg4P/hISE/4KCgv+FhYX/jIyM/42Njf+IiIj/h4eH/4qKiv+NjY3/kJCQ/5OTk/+Ghob/d3d3/25ubv9iYmL/aGho/3Jycv96enr/h4eH/4uLi/+Ojo7/lpaW/6qqqv+srKz/mJiY/46Ojv+Ojo7/jY2N/4qKiv8RERH/EhIS/xMTE/8TExP/ExMT/xMTE/8SEhL/EhIS/xEREf8RERH/EhIS/xISEv8TExP/ExMT/xISEv8SEhL/ERER/xEREf8RERH/EBAQ/xAQEP8PDw//Dw8P/w4ODv8ODg7/DQ0N/w0NDf8NDQ3/DQ0N/w0NDf8NDQ3/Dg4O/w4ODv8ODg7/Dg4O/w4ODv8ODg7/Dg4O/w4ODv8ODg7/Dg4O/w4ODv8PDw//Dw8P/w8PD/8PDw//Dw8P/w8PD/8PDw//Dw8P/w8PD/8PDw//Dw8P/w8PD/8QEBD/EBAQ/xAQEP8QEBD/EBAQ/w8PD/8PDw//Dw8P/w8PD/8PDw//Dw8P/xAQEP8QEBD/Dw8P/w8PD/8ODg7/Dg4O/w8PD/8QEBD/ERER/xISEv8VFRX/FxcX/xkZGf8bGxv/Ghoa/xkZGf8ZGRn/GBgY/xgYGP8YGBj/GBgY/xgYGP8YGBj/FxcX/xcXF/8XFxf/FxcX/xcXF/8XFxf/GBgY/xkZGf8ZGRn/Ghoa/xoaGv8aGhr/Ghoa/xoaGv8aGhr/Ghoa/xoaGv8aGhr/Ghoa/xoaGv8aGhr/Gxsb/xsbG/8bGxv/Gxsb/xsbG/8aGhr/Ghoa/xkZGf8ZGRn/GRkZ/xkZGf8ZGRn/GRkZ/xoaGv8aGhr/GRkZ/xkZGf8YGBj/GBgY/xkZGf8aGhr/Ghoa/xoaGv8ZGRn/GBgY/xkZGf8aGhr/HR0d/yEhIf8lJSX/LCws/ysrK/8nJyf/JiYm/yYmJv8nJyf/Kysr/y4uLv8xMTH/NDQ0/zg4OP88PDz/Pj4+/z8/P/87Ozv/Nzc3/zMzM/8uLi7/MDAw/zMzM/81NTX/ODg4/zg4OP83Nzf/NjY2/zQ0NP80NDT/NDQ0/zU1Nf84ODj/PDw8/z09Pf8+Pj7/PT09/z09Pf8+Pj7/Pz8//z8/P/8+Pj7/PT09/zs7O/88PDz/Pz8//0BAQP8/Pz//QEBA/0ZGRv9KSkr/R0dH/0VFRf9BQUH/PDw8/z09Pf8+Pj7/Pz8//0FBQf9BQUH/QEBA/0NDQ/9JSUn/SkpK/0dHR/9FRUX/Q0ND/0FBQf88PDz/ODg4/z4+Pv9ERET/RERE/0VFRf9ISEj/S0tL/0lJSf9GRkb/Q0ND/z4+Pv8+Pj7/QkJC/0VFRf9LS0v/S0tL/0RERP9AQED/QEBA/0BAQP9FRUX/SUlJ/0lJSf9JSUn/TU1N/1JSUv9TU1P/VFRU/1ZWVv9ZWVn/WFhY/1ZWVv9RUVH/RUVF/0BAQP9AQED/QEBA/0FBQf9DQ0P/SEhI/01NTf9PT0//UlJS/1NTU/9VVVX/V1dX/1tbW/9YWFj/UVFR/09PT/9OTk7/TExM/0dHR/9FRUX/SUlJ/0tLS/9KSkr/SUlJ/0tLS/9MTEz/TU1N/05OTv9RUVH/VlZW/1BQUP9ERET/QkJC/0BAQP9CQkL/R0dH/0pKSv9OTk7/T09P/0pKSv9HR0f/RUVF/0NDQ/9NTU3/V1dX/1lZWf9bW1v/Wlpa/1dXV/9WVlb/VVVV/1VVVf9VVVX/T09P/z8/P/85OTn/OTk5/zs7O/9ISEj/UVFR/1dXV/9cXFz/YGBg/2RkZP9cXFz/UVFR/09PT/9MTEz/S0tL/0pKSv9JSUn/R0dH/0dHR/9JSUn/SkpK/01NTf9NTU3/SUlJ/0ZGRv9KSkr/TU1N/09PT/9QUFD/Tk5O/0tLS/9QUFD/V1dX/1hYWP9ZWVn/Wlpa/1xcXP9cXFz/WVlZ/1dXV/9UVFT/U1NT/1RUVP9VVVX/UlJS/9ra2v+/v7//oqKi/5KSkv9+fn7/fn5+/4GBgf+JiYn/mJiY/56env+mpqb/rq6u/8LCwv/Jycn/y8vL/8nJyf+7u7v/rq6u/56env+Ojo7/mZmZ/6Wlpf+YmJj/h4eH/319ff9wcHD/ZWVl/1JSUv9SUlL/WFhY/2tra/+cnJz/qqqq/5iYmP+MjIz/gICA/3h4eP+Dg4P/j4+P/5WVlf+dnZ3/n5+f/6Ojo/+enp7/lJSU/5aWlv+bm5v/oKCg/6qqqv+np6f/l5eX/5SUlP+jo6P/qqqq/6CgoP+Xl5f/kpKS/4yMjP+CgoL/d3d3/39/f/+Li4v/nZ2d/7q6uv+7u7v/tbW1/7Gxsf+qqqr/pKSk/5eXl/+SkpL/kpKS/5OTk/+bm5v/oaGh/5mZmf+RkZH/t7e3/+Tk5P/W1tb/wcHB/7a2tv+lpaX/k5OT/3Nzc/9ubm7/c3Nz/25ubv9cXFz/UlJS/0xMTP9KSkr/XFxc/2tra/9sbGz/bW1t/4mJif+rq6v/ra2t/7CwsP+goKD/hISE/4iIiP+Xl5f/oqKi/7a2tv+zs7P/lpaW/4SEhP9vb2//YmJi/2NjY/9kZGT/Y2Nj/2FhYf9eXl7/Wlpa/2JiYv9ubm7/fX19/5WVlf+ZmZn/nJyc/5GRkf9ycnL/ZmZm/19fX/9ZWVn/TExM/0RERP9KSkr/UVFR/29vb/+QkJD/oqKi/7i4uP+urq7/nZ2d/5ubm/+ampr/jo6O/3V1df91dXX/goKC/46Ojv+lpaX/rKys/5mZmf+Pj4//qqqq/8TExP+mpqb/hYWF/4ODg/+BgYH/cXFx/1hYWP9XV1f/WVlZ/2NjY/97e3v/fX19/3V1df9ycnL/cXFx/3BwcP9tbW3/ampq/2VlZf9fX1//ZGRk/2pqav9sbGz/b29v/3R0dP99fX3/dnZ2/2hoaP9lZWX/ZWVl/3Fxcf+RkZH/lpaW/3x8fP9vb2//cnJy/3R0dP94eHj/fHx8/3Z2dv9vb2//bGxs/2hoaP9ubm7/d3d3/3t7e/+AgID/enp6/2pqav9mZmb/ZWVl/21tbf+MjIz/nJyc/5KSkv+Li4v/ioqK/4mJif+Kior/jIyM/39/f/9ubm7/ZWVl/1dXV/9eXl7/bW1t/25ubv9oaGj/ZmZm/2RkZP9jY2P/YmJi/2FhYf9fX1//XV1d/1paWv9YWFj/YGBg/2lpaf9oaGj/ZmZm/2xsbP93d3f/goKC/5eXl/+MjIz/aGho/1tbW/9QUFD/TU1N/1JSUv9VVVX/WVlZ/11dXf9WVlb/T09P/1FRUf9TU1P/WVlZ/2NjY/9ZWVn/SEhI/0VFRf9ERET/Q0ND/0JCQv9DQ0P/SUlJ/0tLS/9LS0v/S0tL/0hISP9GRkb/QUFB/z09Pf9ERET/TExM/11dXf90dHT/a2tr/1lZWf9SUlL/SUlJ/0hISP9JSUn/Tk5O/1xcXP9gYGD/VFRU/0tLS/9ERET/Pj4+/z8/P/8/Pz//Q0ND/0dHR/9KSkr/Tk5O/09PT/9PT0//TU1N/0lJSf9HR0f/RkZG/0ZGRv9ISEj/SkpK/05OTv9QUFD/Tk5O/0xMTP9HR0f/QkJC/0BAQP88PDz/PDw8/zs7O/86Ojr/OTk5/zo6Ov88PDz/Pj4+/0BAQP9FRUX/UFBQ/1RUVP9JSUn/QkJC/zw8PP82Njb/ODg4/zk5Of84ODj/Nzc3/zo6Ov8/Pz//QUFB/0RERP9ISEj/Tk5O/1RUVP9iYmL/ZGRk/1ZWVv9OTk7/SEhI/0RERP9ERET/gICA/3Z2dv9sbGz/f39//5qamv+UlJT/iIiI/4KCgv95eXn/dHR0/2tra/9tbW3/eXl5/3x8fP92dnb/dXV1/4KCgv+MjIz/jo6O/5CQkP+RkZH/k5OT/4ODg/9vb2//cXFx/3d3d/9zc3P/ampq/25ubv97e3v/enp6/29vb/9sbGz/b29v/3Jycv91dXX/eXl5/4KCgv+MjIz/jo6O/5CQkP+enp7/sLCw/6SkpP+Ojo7/hYWF/3d3d/9ycnL/a2tr/3Jycv+Li4v/lpaW/5aWlv+UlJT/h4eH/319ff98fHz/fHx8/4GBgf+Hh4f/kZGR/56env+Xl5f/iYmJ/4SEhP99fX3/d3d3/21tbf9qamr/aWlp/2dnZ/9eXl7/W1tb/2JiYv9oaGj/dnZ2/4SEhP+Hh4f/i4uL/4CAgP9vb2//dHR0/35+fv96enr/bW1t/21tbf9ycnL/d3d3/4KCgv+JiYn/kpKS/5iYmP+YmJj/l5eX/5KSkv+MjIz/ioqK/4eHh/+IiIj/iYmJ/4qKiv+Li4v/jY2N/5GRkf+SkpL/lJSU/5aWlv+bm5v/mJiY/4CAgP9vb2//Z2dn/2BgYP9fX1//XV1d/2lpaf92dnb/gYGB/5CQkP+YmJj/pKSk/6Kiov+bm5v/k5OT/4ODg/98fHz/enp6/39/f/+cnJz/r6+v/6Wlpf+cnJz/l5eX/5KSkv+AgID/aWlp/2dnZ/9mZmb/ZmZm/2ZmZv9xcXH/iYmJ/4qKiv99fX3/d3d3/3Nzc/9zc3P/e3t7/4GBgf+Ghob/ioqK/4+Pj/+UlJT/g4OD/25ubv9sbGz/bGxs/2tra/9qamr/aGho/2RkZP9lZWX/bGxs/2xsbP9nZ2f/ZWVl/2lpaf9tbW3/cnJy/3Z2dv94eHj/e3t7/25ubv9eXl7/Z2dn/3V1df+CgoL/mJiY/5KSkv98fHz/bW1t/1FRUf9HR0f/RkZG/0dHR/9QUFD/WFhY/2hoaP94eHj/c3Nz/25ubv9xcXH/dXV1/3p6ev+Dg4P/fHx8/25ubv9lZWX/V1dX/1dXV/9hYWH/bm5u/5CQkP+ioqL/pKSk/6SkpP+Wlpb/h4eH/4GBgf96enr/cnJy/2lpaf9oaGj/aGho/2xsbP91dXX/enp6/4KCgv99fX3/aWlp/2JiYv9jY2P/Y2Nj/2JiYv9gYGD/Wlpa/1NTU/9UVFT/VlZW/2NjY/92dnb/enp6/4GBgf+Dg4P/hoaG/39/f/9sbGz/bW1t/4GBgf+QkJD/p6en/7S0tP+qqqr/oqKi/6Ojo/+kpKT/np6e/5WVlf+YmJj/nJyc/5mZmf+RkZH/mJiY/6enp/+zs7P/ysrK/8rKyv+1tbX/qKio/5ubm/+Tk5P/l5eX/5qamv+Hh4f/dHR0/2VlZf9UVFT/XV1d/2xsbP9tbW3/bm5u/3Nzc/9+fn7/gYGB/4ODg/+AgID/cnJy/2pqav9gYGD/XV1d/3R0dP+JiYn/kJCQ/5iYmP+urq7/ycnJ/729vf+rq6v/oaGh/5OTk/+Wlpb/oqKi/7S0tP/d3d3/6Ojo/93d3f/U1NT/v7+//7Kysv+3t7f/vLy8/6SkpP+Kior/ioqK/4qKiv+Pj4//l5eX/5eXl/+VlZX/l5eX/5mZmf+Xl5f/kZGR/5WVlf+qqqr/t7e3/8HBwf/FxcX/o6Oj/4KCgv+Kior/k5OT/6ampv++vr7/tLS0/6Ojo/+VlZX/fX19/4WFhf+enp7/s7Oz/9zc3P/k5OT/0NDQ/8jIyP/Pz8//1dXV/9fX1/9NTU3/TExM/0tLS/9WVlb/Y2Nj/2VlZf9nZ2f/ZGRk/1xcXP9ZWVn/VlZW/1dXV/9bW1v/X19f/2dnZ/9ra2v/aWlp/2dnZ/9dXV3/UlJS/1NTU/9VVVX/VFRU/1NTU/9RUVH/TU1N/0pKSv9FRUX/SUlJ/1RUVP9ZWVn/YWFh/2NjY/9iYmL/YmJi/2RkZP9lZWX/YmJi/19fX/9eXl7/XV1d/2BgYP9jY2P/ZmZm/2tra/9ra2v/a2tr/2ZmZv9dXV3/WVlZ/1ZWVv9WVlb/WFhY/1paWv9hYWH/Z2dn/2NjY/9gYGD/YGBg/19fX/9dXV3/W1tb/1xcXP9dXV3/XV1d/15eXv9eXl7/Xl5e/11dXf9ZWVn/WFhY/1tbW/9fX1//ampq/3Jycv9sbGz/ZWVl/11dXf9UVFT/WVlZ/2BgYP9kZGT/ampq/2dnZ/9hYWH/XFxc/1RUVP9SUlL/UlJS/1RUVP9cXFz/YGBg/1xcXP9YWFj/XFxc/2FhYf9iYmL/Y2Nj/11dXf9VVVX/UlJS/09PT/9TU1P/Xl5e/2JiYv9mZmb/ampq/3Jycv91dXX/dHR0/3Jycv9sbGz/ZmZm/11dXf9TU1P/WFhY/15eXv9tbW3/goKC/4KCgv9/f3//eHh4/2lpaf9oaGj/cHBw/3Jycv9wcHD/bm5u/2ZmZv9gYGD/W1tb/1dXV/9hYWH/bGxs/3Jycv97e3v/dnZ2/21tbf9lZWX/WFhY/1paWv9jY2P/Y2Nj/19fX/9lZWX/gICA/4yMjP+Kior/iYmJ/4+Pj/+VlZX/jIyM/4ODg/92dnb/ZWVl/2NjY/9gYGD/XFxc/1NTU/9XV1f/Y2Nj/2xsbP99fX3/gICA/3V1df9xcXH/dXV1/3h4eP9wcHD/aGho/3Z2dv+FhYX/jY2N/5iYmP+IiIj/bm5u/3Z2dv+JiYn/hoaG/3l5ef92dnb/d3d3/3d3d/90dHT/cHBw/2NjY/9aWlr/WVlZ/1dXV/9cXFz/YmJi/1lZWf9OTk7/Tk5O/09PT/9NTU3/SUlJ/0dHR/9DQ0P/Q0ND/0RERP9CQkL/Ozs7/zc3N/80NDT/MjIy/zExMf8wMDD/MDAw/zAwMP8wMDD/MDAw/zAwMP8xMTH/MDAw/zAwMP8wMDD/Ly8v/zAwMP8wMDD/MDAw/zAwMP8vLy//Li4u/y4uLv8vLy//MDAw/zAwMP8wMDD/MDAw/y8vL/8wMDD/MDAw/zAwMP8xMTH/MTEx/zIyMv8yMjL/MjIy/zIyMv8yMjL/MTEx/zIyMv8zMzP/NDQ0/zY2Nv80NDT/MzMz/zIyMv8wMDD/MDAw/zAwMP8wMDD/MDAw/zAwMP8wMDD/MTEx/zIyMv8yMjL/MjIy/zIyMv8yMjL/MzMz/zQ0NP82Njb/ODg4/zo6Ov8+Pj7/RUVF/0pKSv9SUlL/VFRU/1hYWP9eXl7/ampq/3Jycv9+fn7/goKC/319ff94eHj/cXFx/2pqav9oaGj/ZWVl/3Fxcf+BgYH/i4uL/5qamv+JiYn/aGho/2RkZP9kZGT/ZmZm/21tbf9wcHD/cnJy/3Z2dv+Dg4P/jIyM/4uLi/+JiYn/eXl5/2dnZ/9kZGT/YGBg/2dnZ/9zc3P/dHR0/3V1df95eXn/gYGB/4WFhf+Kior/jIyM/42Njf+NjY3/jY2N/4+Pj/+ZmZn/o6Oj/5GRkf99fX3/eXl5/3Nzc/95eXn/g4OD/42Njf+dnZ3/m5ub/5CQkP+RkZH/nZ2d/5ycnP+JiYn/gICA/4WFhf+IiIj/hISE/xISEv8SEhL/ExMT/xMTE/8SEhL/EhIS/xEREf8RERH/ERER/xEREf8SEhL/EhIS/xMTE/8TExP/EhIS/xISEv8RERH/ERER/xAQEP8QEBD/Dw8P/w8PD/8ODg7/Dg4O/w4ODv8NDQ3/DQ0N/w0NDf8NDQ3/DQ0N/w0NDf8NDQ3/DQ0N/w0NDf8NDQ3/DQ0N/w0NDf8ODg7/Dg4O/w4ODv8ODg7/Dg4O/w8PD/8PDw//Dw8P/w8PD/8PDw//Dw8P/w8PD/8PDw//Dw8P/w8PD/8PDw//Dw8P/xAQEP8QEBD/EBAQ/w8PD/8PDw//Dw8P/w8PD/8PDw//Dw8P/w8PD/8QEBD/EBAQ/xAQEP8PDw//Dw8P/w4ODv8ODg7/Dw8P/xAQEP8RERH/EhIS/xQUFP8XFxf/GBgY/xoaGv8aGhr/GRkZ/xkZGf8YGBj/GBgY/xgYGP8YGBj/GBgY/xgYGP8XFxf/FxcX/xcXF/8XFxf/FxcX/xcXF/8YGBj/GRkZ/xkZGf8aGhr/Ghoa/xoaGv8aGhr/Ghoa/xoaGv8aGhr/Ghoa/xoaGv8aGhr/Ghoa/xoaGv8bGxv/Gxsb/xsbG/8bGxv/Gxsb/xsbG/8aGhr/Ghoa/xoaGv8ZGRn/GRkZ/xkZGf8ZGRn/Ghoa/xoaGv8ZGRn/GRkZ/xgYGP8YGBj/GRkZ/xoaGv8aGhr/Ghoa/xkZGf8ZGRn/GRkZ/xoaGv8dHR3/ISEh/yYmJv8tLS3/LS0t/yoqKv8oKCj/JiYm/yYmJv8qKir/LCws/y8vL/8yMjL/NTU1/zg4OP85OTn/Ojo6/zg4OP81NTX/NTU1/zY2Nv81NTX/NDQ0/zQ0NP81NTX/NTU1/zU1Nf81NTX/NDQ0/zQ0NP81NTX/NjY2/zg4OP87Ozv/PDw8/z09Pf8+Pj7/Pz8//z8/P/8+Pj7/PT09/zw8PP88PDz/PT09/z8/P/9ERET/RUVF/0NDQ/9DQ0P/SEhI/0tLS/9JSUn/R0dH/0NDQ/8/Pz//QEBA/0FBQf9BQUH/QEBA/z8/P/8+Pj7/QEBA/0VFRf9FRUX/Q0ND/0JCQv9BQUH/QEBA/z09Pf88PDz/QkJC/0hISP9HR0f/RkZG/0dHR/9ISEj/R0dH/0VFRf9DQ0P/Pz8//0FBQf9HR0f/SkpK/05OTv9OTk7/SUlJ/0ZGRv9ERET/Q0ND/0NDQ/9DQ0P/RkZG/0hISP9NTU3/VFRU/1VVVf9WVlb/V1dX/1hYWP9XV1f/VVVV/1FRUf9ISEj/Q0ND/0BAQP8/Pz//QEBA/0FBQf9HR0f/TU1N/09PT/9RUVH/UVFR/1FRUf9RUVH/U1NT/1FRUf9MTEz/TExM/0xMTP9MTEz/TExM/0xMTP9QUFD/UlJS/1BQUP9OTk7/T09P/09PT/9PT0//T09P/1BQUP9SUlL/TU1N/0VFRf9FRUX/R0dH/0lJSf9NTU3/T09P/1JSUv9SUlL/TU1N/0pKSv9GRkb/RERE/0pKSv9RUVH/VlZW/1tbW/9gYGD/ZWVl/2FhYf9YWFj/VVVV/1JSUv9MTEz/Pz8//zw8PP8+Pj7/QUFB/0lJSf9PT0//VFRU/1lZWf9cXFz/X19f/1hYWP9QUFD/UVFR/1JSUv9TU1P/U1NT/1JSUv9PT0//Tk5O/05OTv9OTk7/UVFR/1FRUf9MTEz/SUlJ/09PT/9TU1P/UVFR/09PT/9PT0//T09P/1NTU/9ZWVn/WFhY/1NTU/9TU1P/VVVV/1ZWVv9WVlb/V1dX/1paWv9dXV3/Xl5e/15eXv9WVlb/urq6/6CgoP+EhIT/fHx8/3Fxcf96enr/iIiI/46Ojv+Xl5f/lZWV/46Ojv+QkJD/m5ub/56env+dnZ3/mpqa/4qKiv9/f3//hISE/4mJif+RkZH/mpqa/4mJif9ycnL/bm5u/2hoaP9eXl7/TExM/0lJSf9JSUn/Tk5O/11dXf9kZGT/ampq/25ubv92dnb/fn5+/5OTk/+oqKj/q6ur/66urv+zs7P/uLi4/62trf+bm5v/mZmZ/5qamv+bm5v/nZ2d/5iYmP+JiYn/i4uL/6enp/+0tLT/oaGh/5CQkP+CgoL/c3Nz/3Nzc/9zc3P/e3t7/4eHh/+mpqb/2tra/9vb2//S0tL/ycnJ/7W1tf+lpaX/h4eH/3t7e/9+fn7/goKC/5SUlP+ioqL/nZ2d/5eXl/+8vLz/6urq/+Li4v/V1dX/t7e3/4eHh/95eXn/aWlp/3BwcP+Li4v/ioqK/29vb/9gYGD/VVVV/1JSUv9tbW3/hYWF/4qKiv+QkJD/oaGh/7W1tf+zs7P/r6+v/5mZmf9zc3P/cHBw/3V1df+EhIT/qKio/7a2tv+/v7//ubm5/5GRkf93d3f/cXFx/2tra/9oaGj/ZGRk/2hoaP9tbW3/eHh4/4eHh/+UlJT/qKio/7Kysv/Dw8P/ubm5/5SUlP+BgYH/bGxs/19fX/9RUVH/SUlJ/1NTU/9eXl7/cHBw/4KCgv+fn5//xMTE/6mpqf9/f3//enp6/3l5ef90dHT/bGxs/21tbf94eHj/g4OD/5ubm/+ioqL/i4uL/319ff+NjY3/nJyc/4uLi/95eXn/fX19/4ODg/90dHT/XFxc/1lZWf9WVlb/X19f/3V1df99fX3/hYWF/4mJif+Ojo7/j4+P/4eHh/9+fn7/ampq/1ZWVv9gYGD/ampq/3Z2dv+Hh4f/hISE/319ff9xcXH/XFxc/15eXv9ra2v/eXl5/5eXl/+ampr/fHx8/21tbf9xcXH/dnZ2/5KSkv+urq7/pKSk/5mZmf+IiIj/c3Nz/3Fxcf9vb2//dHR0/35+fv95eXn/aWlp/2JiYv9aWlr/Wlpa/2JiYv9oaGj/bGxs/3BwcP91dXX/e3t7/39/f/+Dg4P/g4OD/4ODg/9zc3P/WVlZ/1hYWP9bW1v/X19f/2ZmZv9paWn/aWlp/2hoaP9iYmL/XFxc/1NTU/9MTEz/Tk5O/1BQUP9WVlb/XV1d/11dXf9dXV3/XV1d/15eXv9gYGD/ZmZm/2VlZf9hYWH/Xl5e/1lZWf9WVlb/UFBQ/01NTf9OTk7/T09P/01NTf9LS0v/Tk5O/1JSUv9VVVX/Wlpa/1FRUf9BQUH/QEBA/0NDQ/9FRUX/R0dH/0hISP9JSUn/SkpK/0tLS/9MTEz/T09P/1FRUf9JSUn/QEBA/0ZGRv9NTU3/XV1d/3R0dP9qamr/VlZW/09PT/9FRUX/RkZG/01NTf9XV1f/cnJy/3p6ev9paWn/XV1d/1dXV/9RUVH/T09P/01NTf9RUVH/VFRU/1ZWVv9YWFj/UlJS/0ZGRv9CQkL/PT09/z09Pf9AQED/RERE/09PT/9TU1P/UVFR/01NTf9FRUX/Pj4+/zs7O/84ODj/Ojo6/zs7O/87Ozv/Ozs7/zs7O/88PDz/PT09/0BAQP9DQ0P/SUlJ/0xMTP9RUVH/UVFR/0dHR/8/Pz//PT09/zo6Ov8+Pj7/QkJC/0JCQv9CQkL/RUVF/0lJSf9JSUn/SEhI/0dHR/9GRkb/SUlJ/1NTU/9VVVX/TExM/0dHR/9DQ0P/QEBA/0BAQP94eHj/c3Nz/25ubv+EhIT/oKCg/5mZmf+NjY3/jo6O/5KSkv+NjY3/f39//39/f/+JiYn/ioqK/39/f/96enr/d3d3/3V1df9xcXH/bm5u/3Nzc/94eHj/cnJy/2pqav9wcHD/enp6/3p6ev93d3f/f39//5SUlP+Pj4//c3Nz/2hoaP9kZGT/ZGRk/21tbf92dnb/kpKS/6+vr/+qqqr/o6Oj/5aWlv+EhIT/gYGB/39/f/98fHz/d3d3/3Jycv9oaGj/bW1t/4ODg/+MjIz/iYmJ/4WFhf96enr/c3Nz/35+fv+Kior/j4+P/5SUlP+Ghob/cnJy/3Fxcf9xcXH/eHh4/4eHh/+FhYX/d3d3/29vb/9jY2P/XV1d/1xcXP9cXFz/YmJi/2lpaf92dnb/hISE/4iIiP+MjIz/fX19/2dnZ/9wcHD/g4OD/4SEhP+AgID/gICA/4ODg/+Dg4P/fn5+/4aGhv+vr6//xMTE/62trf+ampr/oKCg/6enp/+qqqr/rq6u/5ycnP+BgYH/enp6/3BwcP92dnb/hoaG/4+Pj/+cnJz/mpqa/4ODg/92dnb/bGxs/2VlZf9kZGT/ZGRk/2VlZf9nZ2f/bW1t/3Z2dv+FhYX/m5ub/5+fn/+kpKT/q6ur/7u7u/+urq7/hISE/3d3d/95eXn/fn5+/42Njf+YmJj/mpqa/52dnf+pqan/tra2/5SUlP9qamr/ZGRk/11dXf9iYmL/a2tr/3d3d/+Pj4//jIyM/3d3d/9xcXH/dXV1/3x8fP+SkpL/oaGh/5ycnP+Xl5f/qamp/729vf+srKz/lJSU/5OTk/+Tk5P/hoaG/21tbf9nZ2f/YmJi/2JiYv9kZGT/Z2dn/2xsbP9xcXH/d3d3/3x8fP94eHj/dXV1/2xsbP9iYmL/Xl5e/1hYWP9aWlr/XFxc/2VlZf93d3f/fn5+/4eHh/99fX3/W1tb/09PT/9SUlL/VFRU/1VVVf9VVVX/VVVV/1ZWVv9oaGj/fX19/4eHh/+UlJT/i4uL/3p6ev9ubm7/Wlpa/1RUVP9OTk7/VVVV/25ubv99fX3/k5OT/56env+ZmZn/lJSU/4aGhv94eHj/cHBw/2ZmZv9mZmb/ZmZm/2hoaP9ra2v/bm5u/3R0dP94eHj/gYGB/35+fv9vb2//bW1t/319ff+EhIT/dnZ2/2lpaf9ZWVn/SUlJ/0lJSf9KSkr/VVVV/2RkZP9ubm7/fHx8/4CAgP+FhYX/gYGB/3V1df97e3v/lZWV/6SkpP+0tLT/urq6/6Ojo/+RkZH/lZWV/5mZmf+fn5//pqam/6+vr/+6urr/s7Oz/6ampv+tra3/v7+//8vLy//g4OD/29vb/7i4uP+pqan/qqqq/6mpqf+lpaX/n5+f/4aGhv9qamr/W1tb/0hISP9MTEz/UVFR/1xcXP9tbW3/gYGB/6ampv+mpqb/kpKS/4iIiP9/f3//d3d3/2VlZf9aWlr/ZGRk/21tbf97e3v/ioqK/5ubm/+wsLD/qamp/52dnf+lpaX/tbW1/7a2tv+ysrL/vr6+/+Hh4f/p6en/3d3d/9nZ2f/f39//4eHh/9PT0//ExMT/tbW1/6SkpP+Wlpb/hISE/4mJif+RkZH/lJSU/5qamv+Xl5f/jo6O/5CQkP+ZmZn/p6en/8rKyv/W1tb/u7u7/6Wlpf+NjY3/dnZ2/4yMjP+kpKT/vb29/97e3v/Jycn/pqam/5qamv+JiYn/l5eX/7q6uv/Nzc3/6+vr//b29v/09PT/8/Pz//Dw8P/s7Oz/09PT/05OTv9LS0v/SUlJ/1VVVf9lZWX/ZmZm/2dnZ/9iYmL/V1dX/1VVVf9UVFT/V1dX/2FhYf9kZGT/YmJi/2FhYf9dXV3/WVlZ/1NTU/9MTEz/U1NT/1tbW/9aWlr/WVlZ/1NTU/9LS0v/RkZG/z4+Pv9BQUH/SkpK/1BQUP9bW1v/YGBg/2ZmZv9oaGj/ZmZm/2RkZP9dXV3/VVVV/1VVVf9TU1P/XFxc/2hoaP9paWn/a2tr/2xsbP9ubm7/bGxs/2RkZP9iYmL/YmJi/2JiYv9hYWH/Y2Nj/2xsbP9ycnL/aWlp/15eXv9hYWH/ZWVl/2lpaf9vb2//b29v/29vb/9wcHD/cnJy/3BwcP9tbW3/aWlp/2JiYv9eXl7/XFxc/11dXf9sbGz/d3d3/21tbf9jY2P/XFxc/1RUVP9cXFz/Z2dn/29vb/98fHz/enp6/3Nzc/9ra2v/XFxc/1RUVP9NTU3/S0tL/1NTU/9YWFj/WFhY/1hYWP9TU1P/Tk5O/09PT/9RUVH/U1NT/1dXV/9VVVX/UVFR/1dXV/9kZGT/bGxs/3l5ef9+fn7/hISE/4aGhv+Hh4f/hYWF/3V1df9mZmb/X19f/1dXV/9eXl7/ZmZm/2lpaf9sbGz/bW1t/21tbf9qamr/Y2Nj/2VlZf9ubm7/b29v/2lpaf9nZ2f/bW1t/3BwcP9ra2v/aGho/2tra/9vb2//enp6/4iIiP+Dg4P/enp6/3Fxcf9kZGT/ZmZm/25ubv9ubm7/ampq/25ubv+Dg4P/i4uL/4KCgv98fHz/gICA/4ODg/99fX3/d3d3/21tbf9gYGD/YWFh/2RkZP9hYWH/XFxc/1xcXP9eXl7/ZmZm/319ff+EhIT/gICA/35+fv9+fn7/fX19/3V1df9ubm7/c3Nz/3l5ef+BgYH/i4uL/319ff9mZmb/a2tr/3h4eP93d3f/bm5u/2xsbP9sbGz/ampq/2RkZP9gYGD/V1dX/1JSUv9bW1v/ZGRk/3Jycv+BgYH/bGxs/1BQUP9MTEz/SEhI/0hISP9ISEj/RkZG/0FBQf9AQED/QUFB/z8/P/85OTn/NTU1/zMzM/8yMjL/MDAw/y4uLv8vLy//Ly8v/y8vL/8wMDD/MDAw/zAwMP8wMDD/MDAw/zAwMP8wMDD/MDAw/zExMf8xMTH/MTEx/zAwMP8vLy//LS0t/y4uLv8vLy//MDAw/zAwMP8wMDD/MDAw/zAwMP8xMTH/MTEx/zAwMP8wMDD/MTEx/zIyMv80NDT/NTU1/zQ0NP8zMzP/MzMz/zIyMv80NDT/NTU1/zQ0NP8zMzP/MjIy/zExMf8xMTH/MTEx/zExMf8xMTH/MTEx/zExMf8xMTH/MjIy/zIyMv8yMjL/MzMz/zMzM/8zMzP/NTU1/zc3N/85OTn/PDw8/0BAQP9GRkb/TExM/1ZWVv9aWlr/YGBg/2pqav9/f3//h4eH/4uLi/+Li4v/g4OD/3t7e/9tbW3/YWFh/1xcXP9WVlb/YWFh/25ubv9xcXH/dXV1/2xsbP9aWlr/WFhY/1lZWf9kZGT/gICA/4WFhf95eXn/dnZ2/35+fv+FhYX/i4uL/5CQkP98fHz/Z2dn/2lpaf9ra2v/cnJy/3x8fP90dHT/ZWVl/2xsbP9/f3//hISE/4WFhf+Hh4f/kZGR/5SUlP+Ojo7/jo6O/6ioqP/BwcH/qamp/46Ojv+SkpL/mJiY/52dnf+jo6P/rq6u/8DAwP+ysrL/jY2N/4ODg/9+fn7/eXl5/21tbf9paWn/dHR0/3t7e/96enr/ExMT/xISEv8SEhL/EhIS/xEREf8RERH/EBAQ/xEREf8RERH/ERER/xISEv8SEhL/EhIS/xISEv8SEhL/EhIS/xEREf8RERH/EBAQ/xAQEP8PDw//Dg4O/w4ODv8ODg7/Dg4O/w4ODv8ODg7/Dg4O/w4ODv8NDQ3/DQ0N/wwMDP8MDAz/DAwM/wwMDP8MDAz/DAwM/w0NDf8NDQ3/DQ0N/w0NDf8ODg7/Dg4O/w4ODv8ODg7/Dg4O/w4ODv8ODg7/Dw8P/w8PD/8QEBD/EBAQ/xAQEP8QEBD/Dw8P/w8PD/8PDw//Dg4O/w4ODv8ODg7/Dg4O/w8PD/8PDw//EBAQ/xAQEP8QEBD/EBAQ/w8PD/8PDw//Dg4O/w4ODv8ODg7/Dw8P/xAQEP8SEhL/FBQU/xYWFv8YGBj/GRkZ/xkZGf8ZGRn/GRkZ/xgYGP8YGBj/GRkZ/xkZGf8YGBj/GBgY/xgYGP8YGBj/FxcX/xcXF/8XFxf/FxcX/xgYGP8YGBj/GRkZ/xkZGf8aGhr/Gxsb/xsbG/8aGhr/Ghoa/xkZGf8ZGRn/Ghoa/xoaGv8bGxv/Gxsb/xoaGv8aGhr/Gxsb/xsbG/8bGxv/HBwc/xsbG/8bGxv/Ghoa/xoaGv8ZGRn/GBgY/xkZGf8aGhr/Ghoa/xgYGP8YGBj/GRkZ/xkZGf8aGhr/Ghoa/xoaGv8aGhr/Ghoa/xoaGv8aGhr/Ghoa/x0dHf8iIiL/Jycn/y4uLv8vLy//Li4u/ywsLP8nJyf/JiYm/ygoKP8pKSn/LS0t/y8vL/8vLy//MDAw/zAwMP8wMDD/MDAw/zIyMv85OTn/Q0ND/z8/P/82Njb/MzMz/zAwMP8wMDD/MzMz/zQ0NP80NDT/NDQ0/zY2Nv83Nzf/ODg4/zk5Of87Ozv/PDw8/z8/P/9DQ0P/QUFB/z09Pf87Ozv/OTk5/zs7O/8/Pz//Q0ND/0pKSv9MTEz/SUlJ/0dHR/9JSUn/SkpK/0pKSv9KSkr/SEhI/0VFRf9FRUX/RkZG/0NDQ/8/Pz//PT09/zo6Ov87Ozv/PT09/z4+Pv8+Pj7/Pz8//z09Pf89PT3/Pj4+/0BAQP9HR0f/Tk5O/0tLS/9JSUn/RkZG/0JCQv9BQUH/QEBA/0BAQP9AQED/RUVF/09PT/9RUVH/UFBQ/1BQUP9RUVH/UVFR/01NTf9JSUn/RERE/z8/P/9DQ0P/SEhI/01NTf9VVVX/VlZW/1dXV/9WVlb/U1NT/1JSUv9RUVH/UFBQ/01NTf9JSUn/QUFB/z09Pf8/Pz//QUFB/0hISP9PT0//T09P/09PT/9MTEz/SEhI/0ZGRv9DQ0P/Q0ND/0RERP9GRkb/SkpK/05OTv9VVVX/WFhY/1tbW/9cXFz/Wlpa/1hYWP9VVVX/UlJS/1FRUf9PT0//TExM/0hISP9HR0f/RkZG/0xMTP9WVlb/WVlZ/1hYWP9YWFj/WFhY/1dXV/9UVFT/UFBQ/0tLS/9GRkb/SEhI/0pKSv9SUlL/XFxc/2pqav9/f3//c3Nz/1xcXP9VVVX/TU1N/0lJSf9CQkL/QkJC/0dHR/9KSkr/SkpK/0pKSv9NTU3/UVFR/1NTU/9WVlb/VFRU/1BQUP9VVVX/XV1d/19fX/9iYmL/YWFh/15eXv9cXFz/V1dX/1ZWVv9ZWVn/WVlZ/1RUVP9SUlL/WVlZ/2BgYP9ZWVn/UlJS/1VVVf9ZWVn/W1tb/15eXv9YWFj/TU1N/0tLS/9KSkr/S0tL/09PT/9VVVX/ZmZm/29vb/9xcXH/b29v/19fX/+1tbX/oaGh/4qKiv+BgYH/dnZ2/35+fv+Kior/jY2N/5GRkf+Pj4//i4uL/4yMjP+UlJT/lZWV/5KSkv+Ojo7/g4OD/3x8fP+Li4v/mZmZ/5WVlf+RkZH/g4OD/3BwcP9zc3P/eHh4/3BwcP9hYWH/Xl5e/11dXf9hYWH/bm5u/3Jycv9vb2//bm5u/3Nzc/95eXn/kZGR/6mpqf+oqKj/pqam/6mpqf+urq7/q6ur/6enp/+jo6P/np6e/5ubm/+YmJj/k5OT/4eHh/+Li4v/rKys/7y8vP+pqan/mZmZ/4eHh/92dnb/fHx8/4SEhP+IiIj/jY2N/6ampv/Q0ND/zs7O/8LCwv+4uLj/p6en/52dnf+Ojo7/iIiI/4uLi/+Pj4//mpqa/6Ojo/+lpaX/p6en/8fHx//u7u7/6enp/+Dg4P/AwMD/i4uL/39/f/9zc3P/fX19/52dnf+bm5v/eXl5/2dnZ/9dXV3/W1tb/3h4eP+RkZH/nJyc/6ioqP+1tbX/xMTE/7m5uf+oqKj/lZWV/3R0dP9vb2//bm5u/3x8fP+fn5//r6+v/7y8vP+6urr/lJSU/3p6ev9xcXH/aGho/2ZmZv9jY2P/bGxs/3h4eP+EhIT/lpaW/6SkpP+6urr/wsLC/8vLy//AwMD/n5+f/4uLi/9vb2//X19f/1JSUv9MTEz/W1tb/2hoaP90dHT/f39//5ycnP/AwMD/qqqq/4aGhv+Ghob/jIyM/4qKiv+CgoL/fn5+/3p6ev99fX3/kJCQ/5WVlf+Hh4f/fn5+/42Njf+bm5v/lJSU/4uLi/+Kior/h4eH/3d3d/9dXV3/Wlpa/1hYWP9gYGD/cnJy/3l5ef+BgYH/iIiI/5eXl/+dnZ3/kJCQ/4WFhf9zc3P/YGBg/2hoaP9xcXH/fHx8/4uLi/+FhYX/e3t7/3Fxcf9fX1//ZGRk/3V1df+BgYH/lJSU/5SUlP98fHz/b29v/29vb/9ycnL/i4uL/6Ojo/+ampr/kJCQ/4ODg/9xcXH/cHBw/3BwcP9ycnL/dXV1/3Fxcf9mZmb/Y2Nj/2NjY/9iYmL/X19f/15eXv9lZWX/ampq/29vb/91dXX/fHx8/4SEhP+Ghob/iIiI/3d3d/9bW1v/WVlZ/1paWv9cXFz/Y2Nj/2RkZP9kZGT/Y2Nj/11dXf9XV1f/Tk5O/0ZGRv9LS0v/UVFR/1RUVP9ZWVn/WFhY/1hYWP9WVlb/U1NT/1RUVP9VVVX/VlZW/1hYWP9XV1f/VlZW/1RUVP9PT0//TExM/09PT/9RUVH/WFhY/15eXv9aWlr/VVVV/1ZWVv9XV1f/UFBQ/0NDQ/9CQkL/QkJC/0NDQ/9FRUX/RUVF/0VFRf9GRkb/SEhI/0tLS/9PT0//UlJS/0lJSf9AQED/RERE/0pKSv9WVlb/aGho/2FhYf9SUlL/TU1N/0dHR/9JSUn/T09P/1hYWP9ubm7/dXV1/2pqav9jY2P/XFxc/1ZWVv9SUlL/Tk5O/09PT/9QUFD/UVFR/1NTU/9NTU3/Q0ND/0JCQv9BQUH/QkJC/0ZGRv9LS0v/VVVV/1lZWf9TU1P/Tk5O/0VFRf88PDz/Ojo6/zg4OP86Ojr/PDw8/z09Pf8+Pj7/Pj4+/zw8PP8+Pj7/QkJC/0RERP9KSkr/TU1N/1FRUf9SUlL/TU1N/0pKSv9GRkb/QkJC/0RERP9HR0f/R0dH/0dHR/9KSkr/T09P/05OTv9MTEz/SUlJ/0NDQ/9ERET/S0tL/0tLS/9GRkb/QkJC/z8/P/89PT3/PT09/3Fxcf9ycnL/dHR0/4SEhP+ZmZn/lJSU/4qKiv+Li4v/jo6O/4mJif9+fn7/fn5+/4WFhf+Hh4f/g4OD/4CAgP95eXn/dHR0/3BwcP9tbW3/cnJy/3d3d/9xcXH/aGho/2xsbP9zc3P/dHR0/3Nzc/97e3v/jY2N/4qKiv90dHT/aWlp/2NjY/9hYWH/ampq/3Nzc/+QkJD/rq6u/6qqqv+mpqb/l5eX/4GBgf+AgID/f39//35+fv98fHz/d3d3/2tra/9ubm7/fX19/4KCgv98fHz/eHh4/3Jycv9tbW3/eHh4/4SEhP+IiIj/jY2N/319ff9nZ2f/aWlp/21tbf91dXX/hISE/4GBgf9ycnL/ampq/2BgYP9bW1v/WVlZ/1lZWf9gYGD/ZWVl/3Fxcf99fX3/fn5+/4CAgP90dHT/Y2Nj/21tbf+AgID/gICA/319ff98fHz/fX19/319ff97e3v/g4OD/6mpqf++vr7/r6+v/6Ojo/+np6f/q6ur/66urv+ysrL/o6Oj/42Njf+EhIT/d3d3/3x8fP+JiYn/kJCQ/5qamv+UlJT/eHh4/2tra/9paWn/aWlp/29vb/90dHT/dXV1/3Z2dv98fHz/hISE/5CQkP+ioqL/paWl/6ioqP+xsbH/wsLC/7q6uv+YmJj/j4+P/5SUlP+VlZX/kpKS/5GRkf+Tk5P/lZWV/6Wlpf+2trb/lpaW/21tbf9qamr/Z2dn/29vb/+AgID/h4eH/4+Pj/+Kior/d3d3/3BwcP9xcXH/d3d3/5CQkP+goKD/l5eX/46Ojv+hoaH/tbW1/6enp/+Tk5P/lJSU/5eXl/+JiYn/bW1t/2lpaf9nZ2f/ampq/3Jycv91dXX/dHR0/3V1df95eXn/e3t7/3l5ef93d3f/cnJy/21tbf9mZmb/XFxc/11dXf9eXl7/Z2dn/3d3d/98fHz/gYGB/3l5ef9fX1//WVlZ/2ZmZv9ra2v/Y2Nj/1xcXP9WVlb/T09P/2ZmZv9/f3//j4+P/6Wlpf+ZmZn/hISE/3R0dP9ZWVn/U1NT/09PT/9XV1f/b29v/35+fv+QkJD/mZmZ/5SUlP+Pj4//gYGB/3R0dP9zc3P/c3Nz/25ubv9nZ2f/aWlp/21tbf9wcHD/dXV1/3h4eP98fHz/e3t7/3Nzc/9zc3P/gYGB/4eHh/93d3f/ampq/1paWv9JSUn/TExM/05OTv9ZWVn/aGho/3Nzc/+EhIT/iIiI/4uLi/+Ghob/e3t7/39/f/+UlJT/oKCg/6qqqv+srKz/mpqa/4uLi/+NjY3/jo6O/5iYmP+lpaX/tLS0/8nJyf+/v7//ra2t/7Kysv/CwsL/ycnJ/9TU1P/Ozs7/rq6u/6Ojo/+urq7/tLS0/62trf+np6f/l5eX/4aGhv90dHT/Xl5e/2NjY/9sbGz/dHR0/4KCgv+Wlpb/vb29/7m5uf+bm5v/j4+P/4eHh/9/f3//bW1t/2NjY/9tbW3/dXV1/4CAgP+NjY3/k5OT/5qamv+ZmZn/mZmZ/6mpqf/Gxsb/w8PD/7Ozs/+3t7f/ysrK/83Nzf/Gxsb/xMTE/8zMzP/R0dH/xsbG/729vf+8vLz/u7u7/66urv+dnZ3/mJiY/5GRkf+VlZX/nZ2d/5ubm/+UlJT/lZWV/5ycnP+rq6v/0tLS/97e3v+8vLz/oaGh/4iIiP9xcXH/g4OD/5eXl/+srKz/yMjI/7e3t/+bm5v/lJSU/4yMjP+ZmZn/ubm5/8nJyf/e3t7/5+fn/+vr6//s7Oz/5+fn/+Dg4P/Kysr/S0tL/0hISP9ERET/T09P/11dXf9eXl7/X19f/1paWv9RUVH/UFBQ/1JSUv9WVlb/YGBg/2NjY/9fX1//XFxc/1hYWP9UVFT/UVFR/09PT/9VVVX/XFxc/1paWv9YWFj/UlJS/0pKSv9FRUX/PT09/z8/P/9GRkb/S0tL/1ZWVv9bW1v/YmJi/2VlZf9kZGT/YmJi/1xcXP9VVVX/VVVV/1VVVf9eXl7/ampq/2xsbP9vb2//bm5u/21tbf9paWn/YmJi/2BgYP9gYGD/YWFh/2NjY/9mZmb/cXFx/3h4eP9ubm7/ZGRk/2dnZ/9qamr/cHBw/3l5ef91dXX/b29v/3Fxcf91dXX/dnZ2/3V1df9xcXH/ZmZm/2FhYf9eXl7/Xl5e/2pqav9zc3P/bW1t/2ZmZv9iYmL/XV1d/2JiYv9paWn/cHBw/3t7e/94eHj/cXFx/2hoaP9YWFj/UVFR/0pKSv9ISEj/T09P/1RUVP9XV1f/WVlZ/1RUVP9PT0//U1NT/1hYWP9XV1f/VlZW/1VVVf9SUlL/WFhY/2VlZf9tbW3/e3t7/4CAgP+CgoL/g4OD/4ODg/+BgYH/cXFx/2JiYv9cXFz/VlZW/11dXf9lZWX/ZWVl/2RkZP9lZWX/aGho/2lpaf9ra2v/bW1t/3Fxcf9vb2//aGho/2ZmZv9vb2//dXV1/3Jycv9vb2//bm5u/2xsbP93d3f/hoaG/4ODg/9/f3//dnZ2/2dnZ/9oaGj/b29v/3BwcP9ra2v/bm5u/319ff+Dg4P/e3t7/3Z2dv95eXn/fX19/3h4eP9zc3P/bGxs/2JiYv9iYmL/YmJi/19fX/9bW1v/W1tb/1tbW/9iYmL/dHR0/3x8fP+BgYH/hISE/4WFhf+EhIT/fHx8/3Nzc/90dHT/dnZ2/4GBgf+Pj4//gYGB/2pqav9ra2v/c3Nz/3BwcP9oaGj/Z2dn/2lpaf9paWn/ZGRk/2FhYf9bW1v/WFhY/2FhYf9paWn/dXV1/4ODg/9tbW3/Tk5O/0lJSf9CQkL/QkJC/0NDQ/9CQkL/Pj4+/z09Pf8+Pj7/PT09/zg4OP81NTX/MzMz/zIyMv8wMDD/Li4u/y8vL/8vLy//MDAw/zExMf8xMTH/MDAw/zAwMP8wMDD/MDAw/zExMf8xMTH/MTEx/zExMf8wMDD/MDAw/y8vL/8uLi7/Li4u/y8vL/8vLy//MDAw/zAwMP8wMDD/MTEx/zExMf8xMTH/MDAw/zAwMP8xMTH/MjIy/zU1Nf82Njb/NTU1/zQ0NP8zMzP/MjIy/zMzM/81NTX/NDQ0/zMzM/8yMjL/MTEx/zExMf8xMTH/MTEx/zExMf8xMTH/MTEx/zExMf8yMjL/MjIy/zMzM/8zMzP/MzMz/zMzM/81NTX/Nzc3/zk5Of88PDz/QEBA/0dHR/9PT0//XFxc/2FhYf9oaGj/bm5u/3p6ev9+fn7/f39//319ff92dnb/b29v/2RkZP9bW1v/Wlpa/1paWv9oaGj/eXl5/3d3d/91dXX/b29v/2VlZf9kZGT/ZGRk/2xsbP+CgoL/hoaG/35+fv97e3v/e3t7/3x8fP+BgYH/hYWF/3Nzc/9gYGD/ZWVl/2tra/9wcHD/eHh4/3Nzc/9qamr/bW1t/3h4eP95eXn/d3d3/3h4eP+AgID/g4OD/39/f/+AgID/m5ub/7S0tP+fn5//iIiI/5GRkf+cnJz/oqKi/6urq/+vr6//tra2/6enp/+CgoL/d3d3/3R0dP9xcXH/bGxs/2tra/9wcHD/c3Nz/3Jycv8TExP/ExMT/xISEv8SEhL/ERER/xEREf8QEBD/EBAQ/xEREf8RERH/ERER/xISEv8SEhL/EhIS/xISEv8RERH/ERER/xEREf8QEBD/EBAQ/w8PD/8ODg7/Dg4O/w4ODv8ODg7/Dg4O/w4ODv8ODg7/Dg4O/w0NDf8NDQ3/DAwM/wwMDP8MDAz/DAwM/wwMDP8MDAz/DQ0N/w0NDf8NDQ3/DQ0N/w4ODv8ODg7/Dg4O/w4ODv8ODg7/Dg4O/w4ODv8PDw//Dw8P/w8PD/8QEBD/EBAQ/w8PD/8PDw//Dw8P/w4ODv8ODg7/Dg4O/w4ODv8ODg7/Dw8P/w8PD/8QEBD/EBAQ/xAQEP8QEBD/Dw8P/w8PD/8ODg7/Dg4O/w4ODv8ODg7/EBAQ/xISEv8UFBT/FhYW/xcXF/8ZGRn/GRkZ/xkZGf8ZGRn/GBgY/xgYGP8ZGRn/GRkZ/xgYGP8XFxf/FxcX/xcXF/8XFxf/FxcX/xcXF/8XFxf/GBgY/xgYGP8YGBj/GRkZ/xkZGf8bGxv/Ghoa/xoaGv8aGhr/GRkZ/xkZGf8aGhr/Ghoa/xsbG/8bGxv/Ghoa/xoaGv8aGhr/Gxsb/xsbG/8cHBz/Gxsb/xsbG/8bGxv/Ghoa/xkZGf8YGBj/GBgY/xoaGv8ZGRn/GRkZ/xkZGf8ZGRn/Ghoa/xoaGv8aGhr/Ghoa/xoaGv8aGhr/Ghoa/xoaGv8bGxv/Hh4e/yIiIv8mJib/Li4u/y8vL/8uLi7/LS0t/ykpKf8oKCj/LCws/y8vL/8yMjL/NDQ0/zMzM/8zMzP/MjIy/zExMf8xMTH/MTEx/zg4OP9DQ0P/Pz8//zY2Nv80NDT/MTEx/zExMf81NTX/NjY2/zQ0NP8zMzP/NDQ0/zQ0NP81NTX/NjY2/zk5Of87Ozv/Pz8//0RERP9BQUH/PDw8/zs7O/85OTn/Ojo6/z4+Pv9CQkL/SUlJ/0tLS/9JSUn/R0dH/0dHR/9HR0f/SEhI/0hISP9HR0f/RUVF/0VFRf9FRUX/Q0ND/0FBQf9AQED/Pj4+/z4+Pv8+Pj7/Pz8//0BAQP9BQUH/Pj4+/z09Pf8+Pj7/Pz8//0VFRf9LS0v/SUlJ/0dHR/9FRUX/QkJC/0BAQP8+Pj7/Pz8//0FBQf9GRkb/UFBQ/1JSUv9PT0//Tk5O/09PT/9PT0//TExM/0pKSv9GRkb/QkJC/0lJSf9QUFD/U1NT/1ZWVv9VVVX/U1NT/1JSUv9OTk7/Tk5O/1BQUP9QUFD/Tk5O/0tLS/9DQ0P/Pj4+/0BAQP9DQ0P/SkpK/1JSUv9SUlL/UlJS/01NTf9GRkb/Q0ND/z8/P/8/Pz//QUFB/0NDQ/9ISEj/TU1N/1lZWf9eXl7/XV1d/1xcXP9aWlr/V1dX/1lZWf9aWlr/V1dX/1JSUv9OTk7/SEhI/0hISP9LS0v/UFBQ/1tbW/9bW1v/V1dX/1ZWVv9XV1f/V1dX/1VVVf9SUlL/TU1N/0lJSf9JSUn/SUlJ/1BQUP9ZWVn/Z2dn/3t7e/9xcXH/XFxc/1ZWVv9OTk7/TExM/0tLS/9LS0v/TExM/01NTf9KSkr/SUlJ/0xMTP9QUFD/UVFR/1NTU/9TU1P/UlJS/1ZWVv9bW1v/XV1d/2BgYP9gYGD/Xl5e/1tbW/9VVVX/VFRU/1lZWf9bW1v/V1dX/1ZWVv9bW1v/YWFh/1paWv9TU1P/VVVV/1hYWP9ZWVn/W1tb/1VVVf9KSkr/SUlJ/0hISP9KSkr/Tk5O/1RUVP9lZWX/bm5u/29vb/9ubm7/XFxc/7y8vP+0tLT/q6ur/5ycnP+JiYn/iYmJ/4qKiv+Hh4f/gYGB/4aGhv+SkpL/l5eX/5ubm/+ampr/kpKS/46Ojv+Pj4//kpKS/6qqqv/CwsL/pKSk/4KCgv9+fn7/eHh4/4iIiP+ioqL/oKCg/5aWlv+VlZX/lZWV/5+fn/+7u7v/vLy8/5eXl/9/f3//cXFx/2hoaP+CgoL/nZ2d/5OTk/+Hh4f/iIiI/4iIiP+dnZ3/wMDA/7q6uv+mpqb/n5+f/5aWlv+RkZH/i4uL/5KSkv+1tbX/x8fH/7y8vP+ysrL/np6e/4qKiv+cnJz/sLCw/6mpqf+goKD/oaGh/6Wlpf+cnJz/ioqK/4SEhP9/f3//iIiI/6ampv+0tLT/t7e3/7e3t/+srKz/o6Oj/7a2tv/Jycn/3t7e//f39//09PT/7u7u/9TU1P+oqKj/nJyc/5GRkf+ampr/t7e3/7Kysv+EhIT/b29v/2tra/9tbW3/h4eH/5+fn/+1tbX/zMzM/9XV1f/g4OD/xMTE/5qamv+QkJD/goKC/3x8fP9zc3P/e3t7/5OTk/+bm5v/n5+f/5ubm/+FhYX/dXV1/2lpaf9eXl7/Xl5e/15eXv9wcHD/h4eH/5WVlf+oqKj/vLy8/9vb2//Y2Nj/xsbG/7q6uv+lpaX/k5OT/29vb/9cXFz/VFRU/1FRUf9mZmb/eXl5/319ff+BgYH/lpaW/7Gxsf+urq7/qamp/7a2tv/Pz8//zMzM/729vf+rq6v/g4OD/3d3d/95eXn/fHx8/4SEhP+Li4v/n5+f/7Kysv+4uLj/vr6+/6qqqv+QkJD/e3t7/15eXv9cXFz/Xl5e/2NjY/9vb2//cXFx/29vb/94eHj/nJyc/6qqqv+Xl5f/iYmJ/4ODg/99fX3/gICA/4KCgv+EhIT/h4eH/4CAgP92dnb/c3Nz/29vb/93d3f/ioqK/46Ojv+Kior/hYWF/3t7e/90dHT/bm5u/2lpaf9qamr/a2tr/2dnZ/9kZGT/ZmZm/2lpaf9ubm7/d3d3/29vb/9gYGD/Xl5e/2BgYP9oaGj/fn5+/4KCgv9wcHD/Z2dn/2tra/9vb2//b29v/29vb/99fX3/jY2N/4uLi/+Hh4f/eHh4/19fX/9eXl7/YmJi/2BgYP9aWlr/WFhY/1VVVf9UVFT/UVFR/09PT/9JSUn/RERE/05OTv9XV1f/V1dX/1dXV/9UVFT/UFBQ/01NTf9KSkr/SkpK/0tLS/9KSkr/RkZG/0ZGRv9ISEj/SkpK/01NTf9PT0//V1dX/15eXv92dnb/jo6O/3d3d/9cXFz/WVlZ/1VVVf9SUlL/TExM/0hISP8/Pz//PT09/zs7O/87Ozv/PDw8/z09Pf9CQkL/RkZG/0tLS/9PT0//R0dH/z8/P/9AQED/QkJC/0VFRf9JSUn/SkpK/0pKSv9LS0v/Tk5O/1FRUf9UVFT/VlZW/1dXV/9ZWVn/YmJi/2ZmZv9eXl7/VlZW/05OTv9HR0f/QkJC/z09Pf8/Pz//QUFB/0FBQf9BQUH/RkZG/1FRUf9VVVX/WVlZ/1xcXP9hYWH/YWFh/1hYWP9QUFD/SEhI/0FBQf8/Pz//PT09/z4+Pv8+Pj7/QkJC/0dHR/9DQ0P/PDw8/z09Pf9CQkL/RUVF/0dHR/9KSkr/T09P/1RUVP9eXl7/Y2Nj/1paWv9SUlL/T09P/01NTf9NTU3/TExM/1FRUf9YWFj/VlZW/1JSUv9MTEz/QEBA/z09Pf8+Pj7/Pj4+/zw8PP86Ojr/OTk5/zg4OP84ODj/ZGRk/3Jycv+BgYH/g4OD/4WFhf+Dg4P/gICA/3x8fP92dnb/dHR0/29vb/9wcHD/c3Nz/3h4eP+FhYX/i4uL/4ODg/99fX3/f39//4GBgf+CgoL/g4OD/3Z2dv9kZGT/YmJi/2FhYf9hYWH/Y2Nj/2dnZ/9ubm7/cXFx/3Jycv9wcHD/Z2dn/2NjY/9nZ2f/a2tr/4GBgf+YmJj/nJyc/6Ghof+dnZ3/l5eX/5KSkv+Kior/iIiI/4aGhv+BgYH/dnZ2/3Nzc/9zc3P/cXFx/2hoaP9jY2P/ZWVl/2dnZ/9paWn/a2tr/3BwcP92dnb/cXFx/2lpaf9tbW3/c3Nz/3R0dP91dXX/b29v/2FhYf9dXV3/XFxc/1paWv9VVVX/U1NT/1hYWP9dXV3/ZGRk/2xsbP9oaGj/Y2Nj/2JiYv9hYWH/aGho/3R0dP9ycnL/ampq/2hoaP9mZmb/aWlp/3V1df99fX3/iYmJ/5SUlP+mpqb/tra2/62trf+jo6P/pKSk/6Wlpf+oqKj/ra2t/6Wlpf+Xl5f/lpaW/5iYmP+Wlpb/jY2N/4SEhP9ubm7/ZmZm/3BwcP95eXn/iIiI/5aWlv+Wlpb/lZWV/5ycnP+lpaX/qKio/62trf+vr6//tLS0/7m5uf/CwsL/xcXF/8fHx//Kysr/0dHR/83Nzf+oqKj/j4+P/4eHh/+AgID/kJCQ/6Ghof+Ojo7/dXV1/3p6ev+Dg4P/k5OT/6+vr/+np6f/jY2N/4ODg/96enr/c3Nz/2dnZ/9mZmb/fn5+/4yMjP9+fn7/cXFx/3x8fP+JiYn/g4OD/3p6ev+AgID/ioqK/4CAgP9tbW3/bW1t/3R0dP9/f3//l5eX/5qamv+EhIT/eHh4/3R0dP9xcXH/d3d3/3x8fP+Kior/mJiY/4SEhP9oaGj/bGxs/3Nzc/98fHz/ioqK/4ODg/9tbW3/Z2dn/2NjY/9ra2v/jY2N/5qamv+BgYH/bm5u/2FhYf9UVFT/Z2dn/319ff+Wlpb/ubm5/7Gxsf+jo6P/jIyM/2NjY/9bW1v/V1dX/1tbW/9sbGz/dnZ2/4aGhv+Ojo7/jo6O/4yMjP+AgID/c3Nz/4eHh/+dnZ3/iYmJ/2xsbP9tbW3/cnJy/3V1df95eXn/d3d3/3Jycv9ycnL/eHh4/3t7e/98fHz/enp6/29vb/9mZmb/XFxc/1FRUf9YWFj/YGBg/2xsbP98fHz/iIiI/5ycnP+cnJz/mZmZ/5GRkf+CgoL/gICA/4eHh/+Kior/iYmJ/4iIiP+JiYn/iYmJ/4KCgv96enr/iIiI/5eXl/+zs7P/29vb/83Nzf+ysrL/srKy/7m5uf+3t7f/ra2t/6Wlpf+Wlpb/lpaW/7Gxsf/AwMD/urq6/7W1tf/BwcH/zs7O/7a2tv+YmJj/pqam/7q6uv+4uLj/srKy/7+/v//a2tr/0NDQ/6qqqv+bm5v/kZGR/4qKiv9/f3//enp6/4uLi/+ampr/mpqa/5qamv+JiYn/dHR0/4KCgv+Xl5f/r6+v/9nZ2f/Pz8//rq6u/6Ghof+QkJD/i4uL/46Ojv+Pj4//jY2N/42Njf+ZmZn/pqam/8PDw//j4+P/39/f/9ra2v++vr7/lJSU/5eXl/+jo6P/pqam/6enp/+lpaX/n5+f/6mpqf/S0tL/4ODg/8PDw/+rq6v/i4uL/2xsbP9tbW3/bm5u/3d3d/+BgYH/gYGB/39/f/+Dg4P/i4uL/5SUlP+oqKj/r6+v/7W1tf+5ubn/wMDA/8LCwv+8vLz/t7e3/7m5uf9FRUX/QEBA/zs7O/9AQED/SEhI/0lJSf9KSkr/SUlJ/0dHR/9JSUn/Tk5O/1NTU/9bW1v/Xl5e/1paWv9XV1f/U1NT/1FRUf9UVFT/WFhY/1paWv9cXFz/WFhY/1NTU/9PT0//SUlJ/0VFRf8/Pz//Pz8//0JCQv9FRUX/TU1N/1FRUf9WVlb/Wlpa/11dXf9gYGD/XFxc/1lZWf9bW1v/XV1d/2NjY/9ra2v/cHBw/3h4eP9ycnL/ZmZm/2BgYP9XV1f/VFRU/1NTU/9VVVX/YWFh/2lpaf92dnb/f39//3h4eP9xcXH/cnJy/3R0dP96enr/g4OD/3h4eP9lZWX/aGho/3Nzc/94eHj/gICA/3x8fP9qamr/YmJi/2FhYf9iYmL/ZGRk/2dnZ/9qamr/bm5u/3BwcP9xcXH/bm5u/2lpaf9qamr/a2tr/2hoaP9gYGD/WVlZ/0xMTP9ISEj/RkZG/0ZGRv9NTU3/UlJS/1VVVf9YWFj/Wlpa/1xcXP9nZ2f/dHR0/2dnZ/9TU1P/UlJS/1RUVP9ZWVn/Y2Nj/2pqav91dXX/eHh4/3R0dP9ycnL/b29v/2xsbP9iYmL/Wlpa/1ZWVv9SUlL/V1dX/11dXf9dXV3/XV1d/2BgYP9lZWX/b29v/4ODg/+Dg4P/d3d3/3Fxcf9oaGj/ZmZm/3BwcP93d3f/d3d3/3Z2dv9tbW3/YmJi/2xsbP95eXn/fX19/4ODg/96enr/aGho/2hoaP9ubm7/bW1t/2lpaf9paWn/b29v/3Fxcf9ubm7/bW1t/3R0dP96enr/dnZ2/3Fxcf9ubm7/ampq/2RkZP9aWlr/WFhY/1RUVP9VVVX/WFhY/1tbW/9gYGD/Z2dn/3x8fP+IiIj/kJCQ/5SUlP+IiIj/fHx8/3p6ev93d3f/iIiI/5+fn/+QkJD/d3d3/3Nzc/9vb2//ampq/2BgYP9hYWH/ampq/21tbf9tbW3/bGxs/2tra/9ra2v/bW1t/25ubv9ycnL/dnZ2/2NjY/9JSUn/QUFB/zc3N/83Nzf/ODg4/zg4OP84ODj/OTk5/zs7O/87Ozv/Nzc3/zU1Nf8zMzP/MjIy/zExMf8wMDD/Ly8v/y8vL/8wMDD/MjIy/zIyMv8yMjL/MTEx/zAwMP8xMTH/MjIy/zIyMv8xMTH/MDAw/y8vL/8vLy//Ly8v/y8vL/8vLy//Li4u/y8vL/8wMDD/MTEx/zIyMv8xMTH/MDAw/zAwMP8wMDD/MDAw/zIyMv8yMjL/NDQ0/zU1Nf81NTX/NTU1/zMzM/8yMjL/MzMz/zQ0NP80NDT/NTU1/zMzM/8xMTH/MTEx/zExMf8xMTH/MDAw/zAwMP8xMTH/MTEx/zIyMv8zMzP/MzMz/zMzM/8zMzP/MzMz/zU1Nf82Njb/ODg4/zs7O/9BQUH/SUlJ/1VVVf9oaGj/bm5u/3R0dP9xcXH/Y2Nj/15eXv9ZWVn/VlZW/1RUVP9SUlL/UVFR/1FRUf9fX1//bW1t/4KCgv+cnJz/lZWV/4qKiv+IiIj/h4eH/4WFhf+CgoL/gICA/3t7e/99fX3/hoaG/4aGhv93d3f/bGxs/2lpaf9mZmb/W1tb/1BQUP9ZWVn/ZWVl/2dnZ/9qamr/cXFx/39/f/95eXn/aGho/2FhYf9aWlr/V1dX/1VVVf9WVlb/Wlpa/2BgYP9xcXH/goKC/3p6ev9wcHD/fX19/4+Pj/+ZmZn/qKio/5+fn/+Kior/fX19/2hoaP9lZWX/bm5u/3Nzc/97e3v/fX19/3BwcP9mZmb/ZWVl/xMTE/8TExP/EhIS/xISEv8SEhL/ERER/xEREf8RERH/EBAQ/xAQEP8QEBD/EBAQ/xAQEP8QEBD/EBAQ/xAQEP8QEBD/EBAQ/xAQEP8PDw//Dw8P/w8PD/8PDw//Dw8P/w8PD/8ODg7/Dg4O/w4ODv8ODg7/Dg4O/w4ODv8NDQ3/DQ0N/w0NDf8NDQ3/DQ0N/w0NDf8NDQ3/DQ0N/w0NDf8ODg7/Dg4O/w4ODv8ODg7/Dg4O/w4ODv8ODg7/Dg4O/w4ODv8ODg7/Dg4O/w4ODv8ODg7/Dg4O/w4ODv8ODg7/Dg4O/w4ODv8ODg7/Dg4O/w4ODv8PDw//Dw8P/w8PD/8PDw//Dw8P/w8PD/8ODg7/Dg4O/w0NDf8NDQ3/Dg4O/w4ODv8QEBD/ERER/xQUFP8XFxf/FxcX/xgYGP8YGBj/GBgY/xgYGP8ZGRn/GRkZ/xkZGf8YGBj/FhYW/xYWFv8WFhb/FxcX/xcXF/8YGBj/GBgY/xkZGf8ZGRn/GRkZ/xgYGP8XFxf/GBgY/xoaGv8aGhr/GRkZ/xkZGf8ZGRn/GRkZ/xoaGv8aGhr/Ghoa/xoaGv8aGhr/Ghoa/xoaGv8aGhr/Ghoa/xoaGv8bGxv/Gxsb/xoaGv8ZGRn/GRkZ/xgYGP8YGBj/GRkZ/xkZGf8aGhr/Ghoa/xoaGv8bGxv/Gxsb/xsbG/8bGxv/Gxsb/xsbG/8bGxv/HBwc/xwcHP8eHh7/ICAg/yUlJf8sLCz/LCws/ywsLP8rKyv/Kioq/y0tLf83Nzf/PT09/0FBQf9DQ0P/QEBA/z4+Pv89PT3/PDw8/zc3N/8yMjL/NTU1/zs7O/85OTn/NjY2/zU1Nf81NTX/NjY2/zw8PP88PDz/NDQ0/zAwMP8vLy//LS0t/y8vL/8wMDD/NDQ0/zk5Of89PT3/RERE/0FBQf88PDz/Ozs7/zo6Ov86Ojr/PDw8/z4+Pv9CQkL/RERE/0VFRf9FRUX/Q0ND/0FBQf9CQkL/QkJC/0JCQv9CQkL/QUFB/0FBQf9DQ0P/RkZG/0dHR/9ISEj/R0dH/0VFRf9FRUX/SEhI/0dHR/9DQ0P/QEBA/z4+Pv88PDz/Pz8//0JCQv9DQ0P/Q0ND/0VFRf9GRkb/QkJC/zw8PP8+Pj7/Q0ND/0ZGRv9NTU3/Tk5O/0pKSv9ISEj/R0dH/0ZGRv9HR0f/R0dH/0lJSf9MTEz/V1dX/2NjY/9fX1//WFhY/1NTU/9LS0v/SUlJ/0ZGRv9JSUn/UFBQ/1FRUf9PT0//TU1N/0VFRf9BQUH/Q0ND/0ZGRv9NTU3/VlZW/1hYWP9aWlr/UlJS/0dHR/9DQ0P/PT09/z09Pf9AQED/QkJC/0ZGRv9MTEz/XV1d/2JiYv9bW1v/VlZW/1RUVP9SUlL/Xl5e/2tra/9jY2P/WVlZ/1RUVP9NTU3/T09P/1RUVP9XV1f/XFxc/1lZWf9OTk7/TExM/1JSUv9UVFT/U1NT/1NTU/9PT0//TU1N/01NTf9NTU3/T09P/1FRUf9YWFj/Y2Nj/2FhYf9bW1v/WFhY/1NTU/9VVVX/XV1d/11dXf9TU1P/TU1N/0tLS/9JSUn/TU1N/1FRUf9RUVH/UVFR/1RUVP9YWFj/VVVV/1BQUP9QUFD/UVFR/1NTU/9WVlb/U1NT/0tLS/9LS0v/VVVV/1paWv9aWlr/Wlpa/1tbW/9cXFz/V1dX/1JSUv9SUlL/UVFR/1BQUP9PT0//TU1N/0lJSf9JSUn/SkpK/0tLS/9PT0//UlJS/1lZWf9eXl7/X19f/19fX/9SUlL/tra2/7u7u//AwMD/srKy/5+fn/+Xl5f/jIyM/4qKiv+IiIj/kJCQ/6Ghof+lpaX/pKSk/6Ghof+YmJj/k5OT/5WVlf+ZmZn/rq6u/8PDw/+lpaX/hISE/4CAgP98fHz/jY2N/6mpqf+pqan/pKSk/6Ojo/+ioqL/r6+v/9PT0//V1dX/qamp/4yMjP94eHj/ampq/319ff+QkJD/hYWF/3h4eP95eXn/e3t7/5iYmP/Hx8f/w8PD/7Kysv+pqan/mZmZ/5SUlP+SkpL/mJiY/7e3t//Gxsb/vb29/7W1tf+qqqr/nZ2d/6urq/+6urr/s7Oz/6mpqf+kpKT/np6e/5KSkv99fX3/fHx8/4GBgf+Ojo7/sLCw/7+/v/++vr7/u7u7/6mpqf+cnJz/sbGx/8bGxv/V1dX/5eXl/+Li4v/c3Nz/yMjI/6enp/+enp7/k5OT/5ycnP+4uLj/sbGx/4KCgv9tbW3/a2tr/25ubv+IiIj/n5+f/7e3t//Q0ND/09PT/9bW1v+6urr/kpKS/46Ojv+MjIz/hoaG/3p6ev98fHz/iYmJ/42Njf+NjY3/i4uL/35+fv90dHT/ampq/2FhYf9kZGT/Z2dn/3d3d/+Li4v/np6e/7i4uP/Kysr/6Ojo/97e3v/AwMD/srKy/5+fn/+Pj4//bm5u/15eXv9YWFj/VlZW/2lpaf98fHz/f39//4ODg/+Xl5f/sLCw/7Ozs/+1tbX/wsLC/9nZ2f/W1tb/x8fH/7Kysv+Dg4P/c3Nz/3Jycv91dXX/hYWF/5KSkv+pqan/v7+//7+/v/+/v7//qKio/4uLi/96enr/YGBg/2BgYP9lZWX/aWlp/3Fxcf9xcXH/bGxs/3Nzc/+VlZX/o6Oj/5OTk/+IiIj/h4eH/4aGhv+FhYX/hISE/4GBgf99fX3/eHh4/29vb/9vb2//b29v/3l5ef+Pj4//kJCQ/4aGhv+AgID/fHx8/3d3d/9ra2v/YmJi/11dXf9YWFj/Wlpa/1tbW/9hYWH/ampq/29vb/92dnb/bm5u/1xcXP9bW1v/YGBg/2tra/+IiIj/jo6O/3l5ef9ubm7/b29v/3BwcP9tbW3/a2tr/3t7e/+NjY3/iIiI/4CAgP9zc3P/XV1d/11dXf9jY2P/YWFh/1paWv9XV1f/VFRU/1JSUv9PT0//TU1N/0lJSf9HR0f/UFBQ/1lZWf9YWFj/V1dX/1NTU/9OTk7/S0tL/0dHR/9ISEj/SUlJ/0hISP9FRUX/RERE/0dHR/9JSUn/TExM/09PT/9WVlb/Xl5e/3Z2dv+QkJD/d3d3/1paWv9WVlb/UlJS/1FRUf9PT0//SkpK/0FBQf8+Pj7/Ojo6/zo6Ov87Ozv/PDw8/0FBQf9FRUX/SkpK/05OTv9HR0f/QEBA/0BAQP9BQUH/RERE/0hISP9JSUn/S0tL/05OTv9TU1P/VVVV/1dXV/9VVVX/Tk5O/05OTv9dXV3/ZWVl/1tbW/9TU1P/TExM/0ZGRv9AQED/ODg4/zk5Of87Ozv/PT09/0FBQf9JSUn/WVlZ/11dXf9fX1//YGBg/2BgYP9eXl7/VFRU/01NTf9HR0f/QkJC/0BAQP8+Pj7/Pz8//0FBQf9GRkb/TExM/0hISP9AQED/QEBA/0JCQv9DQ0P/RUVF/0dHR/9OTk7/VFRU/2FhYf9paWn/YWFh/1lZWf9TU1P/TU1N/0xMTP9LS0v/UFBQ/1hYWP9WVlb/UlJS/0xMTP8/Pz//PT09/z09Pf89PT3/PT09/zw8PP86Ojr/OTk5/zk5Of9qamr/dXV1/4GBgf99fX3/eXl5/3l5ef96enr/dnZ2/25ubv9ra2v/aGho/2dnZ/9paWn/b29v/4ODg/+Li4v/g4OD/319ff+AgID/hISE/4WFhf+Hh4f/eHh4/2VlZf9kZGT/ZGRk/2RkZP9jY2P/ZWVl/2hoaP9sbGz/c3Nz/3R0dP9sbGz/aGho/2xsbP9xcXH/goKC/5SUlP+bm5v/pKSk/6CgoP+ampr/kpKS/4aGhv+FhYX/hoaG/4ODg/98fHz/eXl5/3V1df9xcXH/ZWVl/2BgYP9kZGT/Z2dn/2hoaP9oaGj/bm5u/3V1df9zc3P/cHBw/3R0dP97e3v/eXl5/3R0dP9ubm7/YmJi/19fX/9eXl7/W1tb/1RUVP9QUFD/V1dX/1xcXP9jY2P/ampq/2VlZf9gYGD/ZWVl/2tra/9xcXH/enp6/3V1df9oaGj/ZWVl/2RkZP9paWn/fHx8/4SEhP+CgoL/hISE/5ycnP+xsbH/paWl/5iYmP+ampr/nJyc/6ampv+2trb/r6+v/6Ghof+cnJz/lpaW/5GRkf+Hh4f/fn5+/2tra/9nZ2f/eHh4/4WFhf+Wlpb/pqam/6CgoP+ZmZn/np6e/6SkpP+np6f/qqqq/62trf+xsbH/tLS0/7i4uP+9vb3/ysrK/9DQ0P/Y2Nj/0tLS/6Wlpf+Ghob/fX19/3R0dP+EhIT/lJSU/4eHh/93d3f/fn5+/4uLi/+fn5//wMDA/7Ozs/+Kior/f39//3l5ef91dXX/b29v/3Fxcf+Ghob/k5OT/4KCgv9xcXH/dXV1/3p6ev91dXX/b29v/3V1df+AgID/enp6/21tbf9vb2//dnZ2/4KCgv+dnZ3/oaGh/4uLi/+AgID/fHx8/3t7e/+Dg4P/i4uL/5ubm/+tra3/kpKS/25ubv9xcXH/d3d3/4CAgP+Ojo7/hISE/2hoaP9iYmL/Y2Nj/21tbf+QkJD/nZ2d/4KCgv9tbW3/Y2Nj/1paWv9tbW3/g4OD/5qamv+6urr/srKy/6Ojo/+NjY3/ZGRk/11dXf9cXFz/YWFh/25ubv93d3f/goKC/4iIiP+Hh4f/hoaG/3x8fP9ycnL/i4uL/6enp/+QkJD/cHBw/3Jycv93d3f/fX19/4iIiP+Dg4P/cnJy/29vb/92dnb/enp6/3x8fP97e3v/cHBw/2ZmZv9dXV3/U1NT/1paWv9jY2P/bm5u/319ff+Kior/nZ2d/5ycnP+Xl5f/kZGR/4ODg/9+fn7/fn5+/39/f/+AgID/g4OD/5CQkP+ampr/kpKS/4mJif+Ojo7/lJSU/6+vr//V1dX/y8vL/7W1tf+zs7P/tLS0/62trf+enp7/mZmZ/5eXl/+dnZ3/uLi4/8fHx/+9vb3/tra2/8fHx//a2tr/w8PD/6ioqP+2trb/y8vL/8jIyP/AwMD/y8vL/+Tk5P/a2tr/tbW1/6Ojo/+SkpL/iYmJ/4ODg/+CgoL/lpaW/6enp/+hoaH/mpqa/4SEhP9paWn/eXl5/5GRkf+tra3/2dnZ/8/Pz/+tra3/mpqa/3t7e/9zc3P/eHh4/3p6ev91dXX/dXV1/4iIiP+bm5v/w8PD/+/v7//r6+v/5ubm/8nJyf+cnJz/nZ2d/6Wlpf+np6f/qKio/6ampv+fn5//p6en/8rKyv/W1tb/v7+//6ysrP+Pj4//c3Nz/2xsbP9mZmb/aGho/2xsbP9ycnL/enp6/4ODg/+RkZH/l5eX/6Ghof+lpaX/p6en/6mpqf+tra3/rq6u/6ampv+hoaH/rKys/0RERP9BQUH/Pj4+/0JCQv9HR0f/R0dH/0hISP9GRkb/RERE/0ZGRv9KSkr/Tk5O/1ZWVv9YWFj/V1dX/1VVVf9TU1P/UVFR/1ZWVv9bW1v/W1tb/1tbW/9aWlr/V1dX/1NTU/9MTEz/SUlJ/0NDQ/9CQkL/QkJC/0VFRf9LS0v/T09P/1VVVf9YWFj/W1tb/1xcXP9aWlr/WFhY/1paWv9dXV3/YmJi/2hoaP9sbGz/dHR0/25ubv9iYmL/XV1d/1lZWf9XV1f/VFRU/1dXV/9jY2P/a2tr/3R0dP97e3v/dnZ2/3BwcP9wcHD/cXFx/3d3d/+AgID/dnZ2/2NjY/9nZ2f/cnJy/3d3d/9/f3//fHx8/2pqav9kZGT/aGho/2lpaf9nZ2f/ZWVl/2tra/9xcXH/c3Nz/3d3d/9wcHD/aGho/2ZmZv9jY2P/YWFh/15eXv9YWFj/S0tL/0dHR/9JSUn/S0tL/1JSUv9XV1f/WVlZ/1tbW/9dXV3/X19f/2tra/96enr/ampq/1RUVP9UVFT/V1dX/1paWv9hYWH/Z2dn/3Fxcf9ycnL/bGxs/2lpaf9mZmb/Y2Nj/11dXf9XV1f/VFRU/1JSUv9VVVX/Wlpa/1paWv9bW1v/Xl5e/2FhYf9sbGz/gYGB/4CAgP9zc3P/bW1t/2dnZ/9mZmb/b29v/3V1df93d3f/eXl5/29vb/9kZGT/aWlp/3Fxcf92dnb/fHx8/3V1df9mZmb/Z2dn/25ubv9vb2//bm5u/25ubv9vb2//b29v/2xsbP9ra2v/cnJy/3l5ef92dnb/c3Nz/29vb/9ra2v/ZWVl/1xcXP9ZWVn/VVVV/1ZWVv9YWFj/WVlZ/1lZWf9gYGD/eHh4/4aGhv+Pj4//lZWV/42Njf+FhYX/f39//3l5ef+Hh4f/mZmZ/42Njf95eXn/c3Nz/2xsbP9nZ2f/YGBg/2JiYv9ubm7/c3Nz/3Jycv9zc3P/dHR0/3Z2dv90dHT/cnJy/3BwcP9vb2//YWFh/09PT/9HR0f/Ozs7/zs7O/8/Pz//Pj4+/zs7O/86Ojr/Ojo6/zo6Ov83Nzf/NTU1/zMzM/8yMjL/MTEx/zAwMP8wMDD/Ly8v/zExMf8zMzP/MjIy/zIyMv8xMTH/MDAw/zExMf8yMjL/MjIy/zExMf8wMDD/Ly8v/y4uLv8vLy//MDAw/y8vL/8uLi7/Ly8v/zAwMP8xMTH/MTEx/zExMf8wMDD/MDAw/zAwMP8wMDD/MjIy/zIyMv80NDT/NTU1/zU1Nf81NTX/MzMz/zIyMv8zMzP/NDQ0/zQ0NP81NTX/MzMz/zExMf8xMTH/MTEx/zAwMP8wMDD/MDAw/zExMf8xMTH/MzMz/zMzM/8zMzP/MzMz/zMzM/8zMzP/NDQ0/zY2Nv84ODj/Ozs7/0BAQP9ISEj/U1NT/2ZmZv9ra2v/cXFx/2xsbP9dXV3/VlZW/1JSUv9PT0//TExM/0pKSv9NTU3/UFBQ/2FhYf9zc3P/h4eH/5+fn/+ZmZn/kJCQ/4+Pj/+Ojo7/jY2N/4yMjP+Ghob/enp6/3l5ef+Ghob/h4eH/3Z2dv9qamr/ampq/2pqav9dXV3/UFBQ/1dXV/9hYWH/ZGRk/2dnZ/9xcXH/g4OD/3t7e/9iYmL/Wlpa/1VVVf9RUVH/S0tL/0lJSf9OTk7/U1NT/19fX/9qamr/ZmZm/2FhYf9ubm7/f39//4qKiv+bm5v/j4+P/3d3d/9tbW3/Xl5e/19fX/9qamr/cXFx/319ff+AgID/cXFx/2dnZ/9oaGj/ExMT/xISEv8SEhL/EhIS/xISEv8RERH/ERER/xEREf8QEBD/EBAQ/xAQEP8QEBD/EBAQ/xAQEP8QEBD/EBAQ/xAQEP8QEBD/Dw8P/w8PD/8PDw//Dw8P/w8PD/8PDw//Dw8P/w4ODv8ODg7/Dg4O/w4ODv8ODg7/Dg4O/w0NDf8NDQ3/DQ0N/w0NDf8NDQ3/DQ0N/w0NDf8NDQ3/DQ0N/w4ODv8ODg7/Dg4O/w4ODv8ODg7/Dg4O/w4ODv8ODg7/Dg4O/w4ODv8ODg7/Dg4O/w4ODv8ODg7/Dg4O/w4ODv8ODg7/Dg4O/w4ODv8ODg7/Dg4O/w8PD/8PDw//Dw8P/w8PD/8PDw//Dw8P/w4ODv8ODg7/DQ0N/w0NDf8ODg7/Dg4O/xAQEP8RERH/FBQU/xcXF/8XFxf/GBgY/xgYGP8YGBj/GBgY/xkZGf8ZGRn/GRkZ/xgYGP8WFhb/FRUV/xYWFv8WFhb/FxcX/xgYGP8YGBj/GRkZ/xkZGf8ZGRn/GBgY/xcXF/8YGBj/GRkZ/xkZGf8ZGRn/GRkZ/xkZGf8ZGRn/Ghoa/xoaGv8aGhr/Ghoa/xoaGv8aGhr/Ghoa/xoaGv8aGhr/Ghoa/xoaGv8bGxv/Ghoa/xkZGf8ZGRn/GBgY/xkZGf8ZGRn/Ghoa/xoaGv8aGhr/Gxsb/xsbG/8bGxv/Gxsb/xsbG/8bGxv/Gxsb/xsbG/8cHBz/HR0d/x8fH/8hISH/JSUl/ywsLP8uLi7/Li4u/y0tLf8sLCz/Ly8v/zg4OP8+Pj7/QkJC/0RERP9CQkL/QEBA/z8/P/8+Pj7/Ojo6/zU1Nf81NTX/Nzc3/zY2Nv80NDT/NDQ0/zQ0NP83Nzf/PDw8/zw8PP80NDT/MDAw/y0tLf8sLCz/LS0t/y8vL/8zMzP/Nzc3/zw8PP9CQkL/Pz8//zs7O/87Ozv/Ozs7/zs7O/88PDz/Pj4+/0BAQP9CQkL/RERE/0RERP9BQUH/Pz8//z8/P/9AQED/QUFB/0FBQf9AQED/Pz8//0FBQf9FRUX/R0dH/0lJSf9JSUn/R0dH/0dHR/9JSUn/SEhI/0NDQ/9AQED/Pj4+/z09Pf8+Pj7/Pz8//0BAQP9CQkL/RUVF/0lJSf9GRkb/Pz8//0FBQf9FRUX/SEhI/0tLS/9LS0v/RkZG/0RERP9ERET/RERE/0ZGRv9HR0f/S0tL/05OTv9ZWVn/ZWVl/19fX/9XV1f/UlJS/0pKSv9HR0f/RERE/0ZGRv9NTU3/T09P/09PT/9NTU3/R0dH/0RERP9GRkb/SUlJ/1FRUf9aWlr/W1tb/11dXf9UVFT/SEhI/0NDQ/88PDz/PT09/0BAQP9CQkL/RUVF/0tLS/9aWlr/X19f/1dXV/9SUlL/UVFR/1BQUP9dXV3/a2tr/2RkZP9aWlr/VlZW/09PT/9RUVH/VVVV/1dXV/9ZWVn/VlZW/01NTf9MTEz/UlJS/1VVVf9UVFT/U1NT/1FRUf9PT0//UFBQ/1FRUf9SUlL/U1NT/1dXV/9cXFz/XFxc/1tbW/9aWlr/V1dX/1paWv9iYmL/YWFh/1NTU/9MTEz/SUlJ/0hISP9NTU3/UlJS/1JSUv9RUVH/VVVV/1tbW/9WVlb/T09P/01NTf9MTEz/TU1N/1FRUf9PT0//SUlJ/0pKSv9SUlL/V1dX/1tbW/9dXV3/X19f/2BgYP9bW1v/VFRU/1JSUv9QUFD/T09P/09PT/9OTk7/TU1N/0xMTP9MTEz/TExM/01NTf9PT0//UlJS/1RUVP9WVlb/VlZW/01NTf+ampr/vLy8/+Hh4f/c3Nz/1tbW/7u7u/+SkpL/mpqa/7Gxsf+8vLz/zc3N/8zMzP+9vb3/tbW1/6ysrP+mpqb/nJyc/5WVlf+VlZX/lJSU/5eXl/+ampr/jo6O/35+fv+EhIT/kJCQ/5OTk/+Wlpb/lJSU/46Ojv+dnZ3/y8vL/9bW1v+5ubn/paWl/5OTk/+EhIT/enp6/3Fxcf9sbGz/ZmZm/21tbf94eHj/lZWV/8LCwv/Ly8v/0tLS/8bGxv+np6f/n5+f/6Ojo/+np6f/s7Oz/7i4uP+srKz/pKSk/7a2tv/IyMj/u7u7/6urq/+urq7/srKy/7Ozs/+0tLT/qamp/5OTk/+ampr/s7Oz/7q6uv+4uLj/s7Oz/6Ojo/+Xl5f/ioqK/4GBgf+Kior/lZWV/5qamv+goKD/l5eX/4uLi/+IiIj/g4OD/4CAgP97e3v/g4OD/5mZmf+UlJT/cHBw/19fX/9bW1v/XV1d/3h4eP+QkJD/oqKi/7W1tf+mpqb/k5OT/42Njf+FhYX/jo6O/56env+ampr/jY2N/4WFhf93d3f/cnJy/3Nzc/90dHT/dXV1/3Z2dv93d3f/eXl5/4KCgv+MjIz/i4uL/4mJif+oqKj/2NjY/+Li4v/v7+//3Nzc/7Kysv+enp7/hISE/3h4eP9vb2//aWlp/2NjY/9gYGD/aGho/29vb/99fX3/i4uL/6Ghof++vr7/u7u7/7W1tf+ysrL/ra2t/6qqqv+mpqb/mZmZ/3d3d/9sbGz/cHBw/3Z2dv+Kior/nJyc/7m5uf/U1NT/sLCw/4iIiP9/f3//c3Nz/29vb/9qamr/bm5u/3Z2dv95eXn/e3t7/3p6ev90dHT/dHR0/3p6ev98fHz/fHx8/3x8fP+AgID/g4OD/319ff91dXX/bW1t/2NjY/9fX1//W1tb/1xcXP9fX1//bGxs/4eHh/+Li4v/g4OD/39/f/9+fn7/enp6/2ZmZv9YWFj/WFhY/1lZWf9kZGT/cHBw/3Nzc/93d3f/c3Nz/2xsbP9qamr/aGho/2hoaP9oaGj/cXFx/4qKiv+QkJD/g4OD/3t7e/91dXX/cHBw/2pqav9lZWX/dHR0/4aGhv96enr/aWlp/19fX/9QUFD/U1NT/1xcXP9fX1//ZGRk/2RkZP9gYGD/XV1d/1ZWVv9RUVH/UVFR/1FRUf9WVlb/W1tb/1lZWf9YWFj/VFRU/09PT/9NTU3/SkpK/0tLS/9NTU3/T09P/1JSUv9TU1P/UlJS/1BQUP9OTk7/TExM/0tLS/9MTEz/VVVV/19fX/9VVVX/SEhI/0lJSf9KSkr/TExM/09PT/9NTU3/SkpK/0dHR/9DQ0P/QkJC/0NDQ/9DQ0P/RUVF/0dHR/9MTEz/UFBQ/0tLS/9GRkb/R0dH/0pKSv9VVVX/Z2dn/2JiYv9XV1f/V1dX/1tbW/9bW1v/WVlZ/1VVVf9MTEz/SkpK/1VVVf9aWlr/UVFR/0lJSf9KSkr/S0tL/0RERP87Ozv/Ozs7/zw8PP8+Pj7/QUFB/0tLS/9fX1//YmJi/1xcXP9YWFj/UFBQ/0tLS/9ERET/Pz8//z4+Pv8+Pj7/PDw8/zs7O/9BQUH/SUlJ/05OTv9WVlb/U1NT/05OTv9JSUn/QEBA/z4+Pv8/Pz//QUFB/0lJSf9PT0//WFhY/19fX/9fX1//YGBg/1JSUv9ERET/QkJC/0BAQP9GRkb/T09P/05OTv9KSkr/R0dH/0JCQv9DQ0P/R0dH/0lJSf9KSkr/SkpK/0VFRf9BQUH/QUFB/4uLi/+AgID/c3Nz/25ubv9nZ2f/a2tr/3Fxcf9wcHD/bW1t/2hoaP9eXl7/W1tb/1tbW/9gYGD/d3d3/4GBgf94eHj/cXFx/3R0dP94eHj/fn5+/4WFhf97e3v/bW1t/3Z2dv+Ghob/gYGB/3Z2dv91dXX/d3d3/3h4eP95eXn/eXl5/3d3d/93d3f/hISE/46Ojv+Xl5f/oaGh/6qqqv+2trb/o6Oj/4qKiv9+fn7/a2tr/29vb/96enr/gICA/4iIiP+Kior/h4eH/4ODg/90dHT/bW1t/21tbf9vb2//dXV1/3t7e/+EhIT/j4+P/4qKiv+Dg4P/h4eH/46Ojv+Li4v/hISE/4CAgP95eXn/c3Nz/2lpaf9hYWH/VFRU/05OTv9aWlr/ZGRk/21tbf93d3f/d3d3/3h4eP+Dg4P/kpKS/5aWlv+ampr/j4+P/3d3d/90dHT/eHh4/4KCgv+cnJz/o6Oj/4yMjP9/f3//hISE/4iIiP+CgoL/enp6/4ODg/+NjY3/m5ub/6+vr/+pqan/nJyc/5GRkf99fX3/enp6/319ff96enr/b29v/3BwcP+Li4v/nZ2d/6mpqf+zs7P/nZ2d/4WFhf+CgoL/fX19/4aGhv+UlJT/mJiY/52dnf+ampr/lJSU/5WVlf+dnZ3/oqKi/6qqqv+lpaX/gYGB/2lpaf9mZmb/Y2Nj/3Jycv+CgoL/e3t7/3Nzc/97e3v/iIiI/5+fn//Hx8f/tra2/4aGhv94eHj/cXFx/3h4eP+VlZX/qKio/7q6uv/ExMT/q6ur/5OTk/+IiIj/fHx8/3Fxcf9jY2P/Z2dn/21tbf9ubm7/bm5u/29vb/9vb2//dnZ2/4iIiP+QkJD/kpKS/5WVlf+fn5//p6en/7CwsP+5ubn/vr6+/8TExP+hoaH/cnJy/3BwcP9ubm7/dXV1/4ODg/9+fn7/bm5u/2dnZ/9fX1//YGBg/21tbf9xcXH/YmJi/1dXV/9eXl7/ZmZm/39/f/+bm5v/oaGh/6enp/+ZmZn/goKC/3Jycv9ZWVn/Wlpa/2ZmZv9tbW3/enp6/39/f/+AgID/f39//3l5ef90dHT/cnJy/3BwcP+CgoL/lpaW/4qKiv95eXn/fHx8/4KCgv+UlJT/t7e3/6qqqv98fHz/b29v/2tra/9vb2//g4OD/4uLi/97e3v/bGxs/11dXf9OTk7/U1NT/1lZWf9hYWH/bGxs/3Z2dv+FhYX/hoaG/4ODg/+BgYH/fn5+/3l5ef9vb2//cHBw/4aGhv+ZmZn/vLy8/9jY2P/V1dX/0tLS/7i4uP+ampr/oKCg/6urq/+wsLD/ubm5/7W1tf+rq6v/pKSk/5eXl/+cnJz/t7e3/8XFxf/Ozs7/0NDQ/7m5uf+mpqb/q6ur/6+vr/+mpqb/m5ub/6Ghof+pqan/r6+v/7i4uP/IyMj/5+fn/+Pj4//IyMj/s7Oz/4qKiv95eXn/fn5+/4SEhP+ZmZn/q6ur/5qamv+Hh4f/fHx8/21tbf91dXX/goKC/5ubm//Hx8f/w8PD/6+vr/+cnJz/d3d3/2tra/9tbW3/bm5u/21tbf9vb2//f39//4+Pj/+6urr/6Ojo/9vb2//MzMz/wsLC/7W1tf+vr6//p6en/6CgoP+Wlpb/lpaW/56env+kpKT/r6+v/7Kysv+rq6v/pKSk/5iYmP+NjY3/goKC/3Z2dv90dHT/cnJy/3t7e/+IiIj/lJSU/6enp/+mpqb/n5+f/5+fn/+mpqb/pqam/52dnf+Wlpb/jIyM/4aGhv+QkJD/SEhI/01NTf9SUlL/VlZW/1xcXP9ZWVn/VFRU/09PT/9HR0f/RERE/0FBQf9CQkL/SEhI/0xMTP9SUlL/VVVV/1ZWVv9WVlb/WVlZ/1tbW/9aWlr/Wlpa/2FhYf9qamr/ZGRk/1hYWP9VVVX/UVFR/05OTv9JSUn/SkpK/1BQUP9UVFT/XV1d/2BgYP9ZWVn/VFRU/1JSUv9PT0//UVFR/1RUVP9XV1f/Wlpa/1tbW/9bW1v/Wlpa/1paWv9fX1//bGxs/25ubv9oaGj/Z2dn/2xsbP9ubm7/ampq/2ZmZv9iYmL/Xl5e/11dXf9bW1v/YmJi/2tra/9ra2v/aWlp/2xsbP9xcXH/cXFx/29vb/9tbW3/aWlp/2tra/95eXn/gICA/3Z2dv9ubm7/b29v/3BwcP9xcXH/cnJy/2tra/9hYWH/Xl5e/1paWv9eXl7/aWlp/2RkZP9TU1P/UFBQ/1dXV/9dXV3/aGho/25ubv9qamr/ZmZm/2FhYf9bW1v/Y2Nj/2xsbP9lZWX/Wlpa/1tbW/9dXV3/XFxc/1tbW/9eXl7/Z2dn/2hoaP9gYGD/XFxc/1xcXP9bW1v/WVlZ/1hYWP9XV1f/V1dX/1ZWVv9VVVX/WFhY/11dXf9bW1v/VlZW/1hYWP9cXFz/Xl5e/19fX/9gYGD/ZGRk/2ZmZv9oaGj/ampq/3Jycv95eXn/dnZ2/3Nzc/9tbW3/ZWVl/2NjY/9hYWH/YGBg/15eXv9kZGT/c3Nz/3l5ef+AgID/goKC/4KCgv9/f3//dXV1/25ubv9zc3P/eHh4/3l5ef97e3v/cXFx/2RkZP9mZmb/ampq/2hoaP9iYmL/YGBg/11dXf9cXFz/W1tb/19fX/9ubm7/d3d3/4CAgP+Hh4f/kpKS/5ycnP+Ojo7/f39//3l5ef9xcXH/cHBw/3BwcP9sbGz/ZGRk/2RkZP9nZ2f/bm5u/319ff+CgoL/fX19/3x8fP+CgoL/hoaG/39/f/94eHj/b29v/2VlZf9nZ2f/a2tr/2NjY/9VVVX/WVlZ/2RkZP9eXl7/TU1N/0VFRf88PDz/ODg4/zc3N/81NTX/MzMz/zIyMv8xMTH/MTEx/zExMf8xMTH/MTEx/zIyMv8yMjL/MTEx/zExMf8wMDD/MDAw/zAwMP8wMDD/MDAw/zAwMP8wMDD/MDAw/zAwMP8wMDD/MDAw/zAwMP8wMDD/MDAw/zAwMP8wMDD/MDAw/y8vL/8vLy//MDAw/zAwMP8xMTH/MjIy/zQ0NP81NTX/NDQ0/zQ0NP8yMjL/MTEx/zIyMv8zMzP/NDQ0/zQ0NP8zMzP/MjIy/zExMf8wMDD/MDAw/zAwMP8wMDD/MDAw/zExMf8zMzP/NDQ0/zMzM/8yMjL/MzMz/zMzM/80NDT/NjY2/zg4OP85OTn/PT09/0JCQv9ISEj/UlJS/1RUVP9WVlb/WVlZ/2BgYP9iYmL/ZGRk/2NjY/9YWFj/UVFR/1RUVP9XV1f/Y2Nj/3Fxcf93d3f/fn5+/4WFhf+Pj4//i4uL/4KCgv+EhIT/i4uL/4iIiP98fHz/eXl5/319ff99fX3/eXl5/3h4eP+Kior/mZmZ/4CAgP9kZGT/YGBg/1xcXP9kZGT/b29v/3R0dP96enr/c3Nz/2JiYv9gYGD/ZGRk/2NjY/9ZWVn/U1NT/09PT/9NTU3/TU1N/01NTf9LS0v/SUlJ/09PT/9XV1f/YGBg/25ubv9tbW3/Z2dn/2NjY/9bW1v/XFxc/2NjY/9paWn/cnJy/3d3d/93d3f/eHh4/4GBgf8RERH/EhIS/xISEv8SEhL/ERER/xEREf8QEBD/EBAQ/xAQEP8QEBD/EBAQ/xAQEP8QEBD/EBAQ/xAQEP8QEBD/EBAQ/w8PD/8PDw//Dw8P/w8PD/8ODg7/Dg4O/w4ODv8ODg7/Dg4O/w4ODv8ODg7/Dg4O/w0NDf8NDQ3/DAwM/wwMDP8MDAz/DAwM/wwMDP8MDAz/DQ0N/w0NDf8NDQ3/DQ0N/w0NDf8NDQ3/DQ0N/w0NDf8NDQ3/Dg4O/w4ODv8ODg7/Dg4O/w4ODv8ODg7/Dw8P/w8PD/8PDw//Dw8P/w8PD/8PDw//Dg4O/w4ODv8ODg7/Dg4O/w4ODv8ODg7/Dg4O/w4ODv8ODg7/Dg4O/w4ODv8ODg7/Dg4O/w4ODv8ODg7/EBAQ/xISEv8UFBT/FRUV/xYWFv8WFhb/FxcX/xgYGP8ZGRn/Ghoa/xoaGv8ZGRn/GBgY/xcXF/8WFhb/FhYW/xYWFv8XFxf/FxcX/xgYGP8YGBj/GRkZ/xkZGf8ZGRn/GRkZ/xgYGP8YGBj/GBgY/xgYGP8YGBj/GRkZ/xkZGf8aGhr/Ghoa/xsbG/8bGxv/Gxsb/xsbG/8aGhr/Ghoa/xoaGv8aGhr/Ghoa/xsbG/8aGhr/GRkZ/xkZGf8ZGRn/Ghoa/xsbG/8bGxv/Ghoa/xkZGf8aGhr/Ghoa/xoaGv8aGhr/Ghoa/xoaGv8bGxv/Gxsb/xwcHP8dHR3/ICAg/yQkJP8pKSn/MjIy/zQ0NP83Nzf/NTU1/zAwMP8uLi7/MDAw/zExMf82Njb/OTk5/zg4OP83Nzf/Ojo6/zw8PP88PDz/PT09/zk5Of81NTX/MzMz/y8vL/8vLy//MDAw/zExMf81NTX/NTU1/zIyMv8wMDD/Ly8v/y8vL/8wMDD/MDAw/zIyMv8zMzP/NjY2/zo6Ov85OTn/NjY2/zg4OP88PDz/Pj4+/0JCQv9DQ0P/Q0ND/0NDQ/9ERET/Q0ND/0BAQP89PT3/Pz8//0JCQv9CQkL/QkJC/0BAQP8+Pj7/Pj4+/z4+Pv8+Pj7/Pz8//0FBQf9FRUX/RkZG/0RERP9DQ0P/Pz8//z4+Pv9AQED/QkJC/0JCQv9BQUH/QUFB/0FBQf9HR0f/Tk5O/09PT/9OTk7/Tk5O/01NTf9LS0v/R0dH/0RERP9AQED/Pz8//0JCQv9ERET/SEhI/0tLS/9MTEz/TU1N/1FRUf9VVVX/VFRU/1FRUf9QUFD/T09P/0tLS/9ERET/Q0ND/0RERP9FRUX/S0tL/0xMTP9KSkr/SUlJ/01NTf9QUFD/Wlpa/2VlZf9hYWH/XFxc/1RUVP9ISEj/RERE/z09Pf89PT3/QEBA/0JCQv9GRkb/SEhI/01NTf9PT0//TExM/0tLS/9NTU3/UFBQ/1RUVP9YWFj/WFhY/1dXV/9VVVX/UlJS/1BQUP9NTU3/TU1N/05OTv9QUFD/U1NT/1ZWVv9bW1v/XV1d/1lZWf9WVlb/VFRU/1JSUv9WVlb/W1tb/19fX/9jY2P/YWFh/15eXv9eXl7/XV1d/15eXv9fX1//X19f/15eXv9aWlr/Tk5O/0hISP9ERET/Q0ND/01NTf9WVlb/VVVV/1RUVP9ZWVn/YWFh/11dXf9WVlb/UlJS/0tLS/9KSkr/SUlJ/0pKSv9PT0//UFBQ/09PT/9QUFD/Wlpa/2JiYv9sbGz/dnZ2/2pqav9dXV3/WFhY/1JSUv9WVlb/XV1d/11dXf9dXV3/WVlZ/1JSUv9OTk7/R0dH/0VFRf9GRkb/R0dH/0lJSf9KSkr/SUlJ/5SUlP+9vb3/6urq/+np6f/n5+f/x8fH/5WVlf+goKD/u7u7/8bGxv/V1dX/0tLS/8HBwf+4uLj/srKy/62trf+ioqL/mpqa/5CQkP+Ghob/k5OT/6Kiov+UlJT/goKC/4ODg/+Hh4f/i4uL/5KSkv+RkZH/jIyM/5mZmf/CwsL/zMzM/7a2tv+mpqb/lpaW/4iIiP92dnb/ZGRk/2FhYf9eXl7/aGho/3V1df+RkZH/vr6+/83Nzf/h4eH/1tbW/7S0tP+qqqr/qamp/6qqqv+vr6//r6+v/6SkpP+cnJz/tra2/9DQ0P+8vLz/paWl/6ysrP+2trb/uLi4/7q6uv+wsLD/nJyc/6SkpP/BwcH/xcXF/7e3t/+srKz/mZmZ/4uLi/9/f3//dXV1/3p6ev9+fn7/gYGB/4SEhP98fHz/cHBw/3Fxcf9zc3P/c3Nz/3Jycv95eXn/ioqK/4WFhf9nZ2f/WVlZ/1dXV/9bW1v/eHh4/5KSkv+hoaH/srKy/5ubm/9/f3//goKC/4iIiP+VlZX/ra2t/6mpqf+bm5v/kZGR/319ff93d3f/d3d3/3d3d/94eHj/enp6/4SEhP+NjY3/l5eX/6Ghof+VlZX/hoaG/6ioqP/b29v/4+Pj/+rq6v/W1tb/qqqq/5WVlf93d3f/bW1t/21tbf9sbGz/Z2dn/2NjY/9mZmb/aWlp/3x8fP+QkJD/p6en/8XFxf+9vb3/sLCw/6ampv+UlJT/k5OT/5eXl/+QkJD/e3t7/3Z2dv99fX3/hYWF/5iYmP+oqKj/v7+//9XV1f+mpqb/cnJy/29vb/9sbGz/bGxs/21tbf90dHT/gYGB/4SEhP+Hh4f/hISE/3x8fP92dnb/bm5u/2tra/9wcHD/dHR0/3l5ef9/f3//d3d3/3BwcP9nZ2f/W1tb/1tbW/9dXV3/XFxc/1paWv9lZWX/f39//4SEhP98fHz/enp6/3t7e/94eHj/ZWVl/1dXV/9ZWVn/W1tb/2lpaf95eXn/e3t7/35+fv93d3f/a2tr/2tra/9vb2//b29v/29vb/94eHj/k5OT/5qamv+NjY3/hISE/3l5ef9wcHD/aWlp/2JiYv9wcHD/gYGB/3Nzc/9eXl7/VlZW/0tLS/9PT0//WFhY/15eXv9mZmb/aGho/2RkZP9hYWH/WFhY/1NTU/9TU1P/VFRU/1hYWP9cXFz/Xl5e/2FhYf9cXFz/VVVV/1FRUf9MTEz/TU1N/09PT/9TU1P/Wlpa/1tbW/9YWFj/VVVV/05OTv9KSkr/RkZG/0NDQ/9GRkb/SUlJ/0VFRf9AQED/QkJC/0VFRf9ISEj/TU1N/01NTf9NTU3/S0tL/0ZGRv9GRkb/R0dH/0hISP9JSUn/SkpK/01NTf9QUFD/S0tL/0ZGRv9ISEj/S0tL/1lZWf9ubm7/Z2dn/1lZWf9ZWVn/XFxc/1tbW/9YWFj/VFRU/0tLS/9ISEj/UVFR/1VVVf9NTU3/RUVF/0hISP9MTEz/RUVF/zw8PP88PDz/PT09/z4+Pv9BQUH/S0tL/19fX/9gYGD/WVlZ/1RUVP9KSkr/RUVF/z4+Pv86Ojr/Ozs7/zw8PP89PT3/Pj4+/0RERP9LS0v/UVFR/1hYWP9XV1f/VVVV/05OTv9AQED/PT09/z09Pf9AQED/SUlJ/1BQUP9ZWVn/X19f/2FhYf9jY2P/UlJS/0FBQf8+Pj7/PDw8/0FBQf9JSUn/SEhI/0VFRf9ERET/Q0ND/0VFRf9LS0v/Tk5O/1JSUv9SUlL/S0tL/0dHR/9HR0f/lpaW/4ODg/9ubm7/aGho/2FhYf9oaGj/dHR0/3Nzc/9vb2//aWlp/11dXf9ZWVn/VlZW/1tbW/9wcHD/eXl5/3BwcP9qamr/b29v/3Nzc/95eXn/gICA/3h4eP9tbW3/enp6/4+Pj/+Kior/fHx8/3p6ev97e3v/fHx8/3x8fP98fHz/fX19/4CAgP+Pj4//nJyc/56env+goKD/qqqq/7W1tf+ioqL/h4eH/3h4eP9jY2P/aGho/3Z2dv9+fn7/i4uL/42Njf+Li4v/h4eH/3p6ev9zc3P/dHR0/3V1df99fX3/hISE/42Njf+YmJj/kpKS/4qKiv+NjY3/lJSU/5CQkP+IiIj/hYWF/4CAgP97e3v/bW1t/2RkZP9XV1f/UlJS/15eXv9paWn/cXFx/3p6ev99fX3/gICA/4uLi/+cnJz/np6e/6Ghof+VlZX/fHx8/3l5ef+AgID/i4uL/6ampv+qqqr/jY2N/3t7e/94eHj/dnZ2/3BwcP9qamr/dXV1/4SEhP+VlZX/rq6u/6ioqP+bm5v/jY2N/3Jycv9wcHD/eXl5/3l5ef9ycnL/dXV1/4+Pj/+ioqL/qqqq/7Gxsf+ZmZn/gICA/3d3d/9tbW3/eHh4/4mJif+Ojo7/lJSU/5KSkv+MjIz/i4uL/42Njf+QkJD/lZWV/5GRkf9ycnL/XV1d/11dXf9dXV3/bm5u/4CAgP99fX3/eXl5/39/f/+JiYn/np6e/8PDw/+zs7P/hoaG/3l5ef9zc3P/fHx8/6Ghof+3t7f/ycnJ/9LS0v+5ubn/oKCg/5GRkf+AgID/c3Nz/2NjY/9kZGT/Z2dn/2tra/9ycnL/cHBw/2tra/9vb2//fHx8/4SEhP+QkJD/mpqa/6urq/+4uLj/wMDA/8jIyP/Kysr/y8vL/6urq/+BgYH/eXl5/25ubv9zc3P/fX19/3p6ev9vb2//aWlp/2BgYP9fX1//aWlp/2xsbP9eXl7/VVVV/2BgYP9ra2v/h4eH/6Wlpf+hoaH/m5ub/4uLi/9xcXH/ZmZm/1VVVf9ZWVn/aGho/3Fxcf9/f3//g4OD/4CAgP99fX3/d3d3/3Jycv9zc3P/c3Nz/39/f/+NjY3/hoaG/3x8fP9/f3//hYWF/5ubm//ExMT/tLS0/35+fv9tbW3/ZWVl/2lpaf+Dg4P/kJCQ/4CAgP9zc3P/YmJi/1FRUf9VVVX/Wlpa/2FhYf9qamr/cnJy/4CAgP+AgID/fX19/3t7e/95eXn/dXV1/2pqav9tbW3/jY2N/6ampv/Nzc3/7Ozs/+vr6//p6en/xcXF/5qamv+bm5v/np6e/6qqqv++vr7/urq6/6ysrP+mpqb/n5+f/6enp//Kysr/2dnZ/9vb2//Y2Nj/vr6+/6ioqP+hoaH/mpqa/5WVlf+QkJD/kpKS/5aWlv+goKD/r6+v/8LCwv/j4+P/4eHh/8zMzP+2trb/hoaG/3Fxcf94eHj/f39//5SUlP+lpaX/kpKS/319ff93d3f/cHBw/3R0dP96enr/kZGR/7q6uv+7u7v/r6+v/52dnf90dHT/ZmZm/2ZmZv9mZmb/ampq/25ubv97e3v/iIiI/7Ozs//g4OD/0NDQ/7y8vP+8vLz/vr6+/7a2tv+oqKj/np6e/4+Pj/+QkJD/nZ2d/6Kiov+kpKT/pKSk/6CgoP+dnZ3/mJiY/5OTk/+Hh4f/e3t7/3p6ev95eXn/g4OD/5KSkv+dnZ3/ra2t/6urq/+fn5//n5+f/6ioqP+oqKj/n5+f/5iYmP+Ojo7/iIiI/46Ojv9MTEz/UlJS/1lZWf9dXV3/Y2Nj/19fX/9ZWVn/U1NT/0lJSf9FRUX/PT09/z4+Pv9DQ0P/SEhI/1FRUf9WVlb/V1dX/1dXV/9XV1f/WFhY/1hYWP9XV1f/YWFh/25ubv9nZ2f/W1tb/1lZWf9WVlb/VFRU/09PT/9QUFD/VlZW/1paWv9iYmL/ZGRk/1paWv9SUlL/UVFR/1BQUP9RUVH/UVFR/1NTU/9UVFT/U1NT/1BQUP9TU1P/V1dX/2BgYP9ycnL/dXV1/3BwcP9ubm7/b29v/29vb/9mZmb/X19f/1paWv9WVlb/VVVV/1RUVP9aWlr/YmJi/2VlZf9paWn/a2tr/25ubv9sbGz/Z2dn/2ZmZv9nZ2f/bGxs/319ff+Ghob/enp6/3Fxcf9xcXH/cXFx/29vb/9tbW3/ZmZm/11dXf9aWlr/VlZW/11dXf9sbGz/aGho/1dXV/9VVVX/X19f/2ZmZv9wcHD/dXV1/3Fxcf9sbGz/Y2Nj/1lZWf9eXl7/ZGRk/2BgYP9bW1v/XV1d/2JiYv9gYGD/XV1d/15eXv9lZWX/ZWVl/15eXv9bW1v/W1tb/1paWv9ZWVn/V1dX/1hYWP9ZWVn/V1dX/1VVVf9YWFj/XFxc/1hYWP9RUVH/UFBQ/05OTv9QUFD/VlZW/1paWv9iYmL/ZWVl/2VlZf9mZmb/b29v/3d3d/94eHj/enp6/3BwcP9lZWX/X19f/1ZWVv9XV1f/Wlpa/2FhYf9xcXH/eXl5/4SEhP+Hh4f/h4eH/4WFhf93d3f/b29v/3Nzc/93d3f/e3t7/4CAgP90dHT/ZWVl/2lpaf9xcXH/b29v/2tra/9nZ2f/YGBg/11dXf9bW1v/XV1d/2hoaP9vb2//eXl5/4KCgv+RkZH/oaGh/5OTk/+FhYX/dXV1/2FhYf9mZmb/b29v/2tra/9jY2P/ZWVl/2xsbP90dHT/hISE/4iIiP+BgYH/fn5+/4SEhP+Hh4f/fn5+/3Z2dv9ra2v/X19f/2dnZ/9xcXH/ampq/11dXf9iYmL/b29v/2hoaP9TU1P/SUlJ/z09Pf84ODj/NjY2/zU1Nf8zMzP/MjIy/zExMf8xMTH/MTEx/zExMf8xMTH/MjIy/zIyMv8xMTH/MTEx/zAwMP8wMDD/Ly8v/y8vL/8wMDD/MDAw/zAwMP8wMDD/MDAw/zAwMP8wMDD/MDAw/zAwMP8wMDD/Ly8v/y8vL/8vLy//Ly8v/y8vL/8wMDD/MDAw/zExMf8yMjL/NDQ0/zU1Nf80NDT/NDQ0/zIyMv8xMTH/MjIy/zMzM/8zMzP/NDQ0/zMzM/8yMjL/MTEx/y8vL/8vLy//MDAw/zAwMP8wMDD/MTEx/zMzM/80NDT/MzMz/zIyMv8zMzP/MzMz/zU1Nf82Njb/Nzc3/zk5Of88PDz/QEBA/0RERP9LS0v/TExM/05OTv9VVVX/Z2dn/25ubv9zc3P/cXFx/2FhYf9YWFj/W1tb/15eXv9qamr/dnZ2/3Z2dv91dXX/fn5+/4qKiv+Ghob/fHx8/39/f/+IiIj/h4eH/39/f/99fX3/gICA/4GBgf9/f3//gICA/5WVlf+np6f/ioqK/2pqav9kZGT/W1tb/2RkZP9ycnL/dHR0/3Z2dv9xcXH/ZWVl/2ZmZv9vb2//bm5u/2BgYP9YWFj/U1NT/09PT/9JSUn/QkJC/0JCQv9CQkL/RUVF/0hISP9QUFD/XFxc/19fX/9jY2P/YmJi/11dXf9eXl7/ZWVl/2pqav9ycnL/d3d3/3t7e/9/f3//ioqK/xEREf8RERH/EhIS/xEREf8RERH/ERER/xAQEP8QEBD/EBAQ/xAQEP8QEBD/EBAQ/xAQEP8QEBD/EBAQ/xAQEP8PDw//Dw8P/w8PD/8PDw//Dg4O/w4ODv8ODg7/Dg4O/w4ODv8ODg7/Dg4O/w4ODv8ODg7/DQ0N/w0NDf8MDAz/CwsL/wwMDP8MDAz/DAwM/wwMDP8NDQ3/DQ0N/w0NDf8NDQ3/DQ0N/w0NDf8NDQ3/DQ0N/w0NDf8ODg7/Dg4O/w4ODv8ODg7/Dg4O/w4ODv8PDw//Dw8P/w8PD/8PDw//Dw8P/w8PD/8ODg7/Dg4O/w4ODv8ODg7/Dg4O/w4ODv8ODg7/Dg4O/w4ODv8ODg7/Dg4O/w4ODv8ODg7/Dg4O/w4ODv8QEBD/EhIS/xQUFP8VFRX/FhYW/xYWFv8XFxf/GBgY/xkZGf8aGhr/Ghoa/xkZGf8ZGRn/FxcX/xcXF/8WFhb/FhYW/xcXF/8XFxf/GBgY/xgYGP8ZGRn/GRkZ/xkZGf8ZGRn/GBgY/xcXF/8XFxf/GBgY/xgYGP8ZGRn/GRkZ/xoaGv8aGhr/Gxsb/xsbG/8bGxv/Gxsb/xsbG/8aGhr/Ghoa/xoaGv8bGxv/Gxsb/xoaGv8ZGRn/GRkZ/xoaGv8aGhr/HBwc/xsbG/8aGhr/GRkZ/xoaGv8aGhr/GRkZ/xkZGf8aGhr/Ghoa/xoaGv8bGxv/HBwc/x0dHf8gICD/JSUl/yoqKv8zMzP/NjY2/zo6Ov85OTn/MjIy/y8vL/8sLCz/Kysr/zAwMP8zMzP/MzMz/zMzM/82Njb/OTk5/zs7O/8+Pj7/Ojo6/zMzM/8xMTH/Li4u/y0tLf8tLS3/Li4u/zExMf8yMjL/MjIy/zExMf8xMTH/MjIy/zMzM/8zMzP/MzMz/zMzM/81NTX/Nzc3/zY2Nv80NDT/NjY2/zw8PP8/Pz//Q0ND/0RERP9ERET/RERE/0RERP9ERET/QEBA/z09Pf8/Pz//QkJC/0JCQv9CQkL/QEBA/z4+Pv89PT3/PDw8/zw8PP88PDz/Pz8//0RERP9ERET/QUFB/z8/P/89PT3/PDw8/0FBQf9ERET/QkJC/0BAQP9AQED/QEBA/0dHR/9PT0//UVFR/1RUVP9TU1P/UVFR/05OTv9HR0f/RERE/0BAQP9AQED/RERE/0dHR/9LS0v/T09P/05OTv9NTU3/Tk5O/09PT/9PT0//Tk5O/09PT/9QUFD/TExM/0RERP9BQUH/Pz8//0FBQf9ISEj/TExM/05OTv9QUFD/VFRU/1dXV/9fX1//Z2dn/2FhYf9aWlr/U1NT/0lJSf9GRkb/QEBA/0BAQP9CQkL/Q0ND/0dHR/9ISEj/R0dH/0dHR/9HR0f/R0dH/0xMTP9QUFD/UFBQ/1BQUP9TU1P/VlZW/1ZWVv9WVlb/VFRU/1BQUP9PT0//Tk5O/1BQUP9VVVX/WVlZ/11dXf9eXl7/Wlpa/1hYWP9WVlb/VVVV/1paWv9fX1//Y2Nj/2hoaP9lZWX/X19f/15eXv9dXV3/Xl5e/2FhYf9gYGD/W1tb/1ZWVv9NTU3/SEhI/0VFRf9ERET/Tk5O/1dXV/9VVVX/VFRU/1paWv9hYWH/Xl5e/1hYWP9UVFT/TU1N/0pKSv9ISEj/S0tL/1RUVP9WVlb/T09P/09PT/9ZWVn/YWFh/25ubv97e3v/bW1t/11dXf9YWFj/UlJS/1hYWP9iYmL/YmJi/2JiYv9dXV3/VVVV/09PT/9GRkb/Q0ND/0NDQ/9DQ0P/RUVF/0dHR/9KSkr/rq6u/76+vv/Q0ND/zMzM/8fHx/+3t7f/nZ2d/5ubm/+bm5v/nZ2d/6Kiov+jo6P/oaGh/6Ghof+lpaX/qamp/7Gxsf+2trb/rKys/6Kiov+goKD/nZ2d/5eXl/+Pj4//jo6O/42Njf+QkJD/lpaW/5ycnP+oqKj/qamp/6Ojo/+ampr/hISE/3Z2dv9tbW3/ZmZm/2RkZP9jY2P/YWFh/2BgYP9kZGT/aWlp/4aGhv+0tLT/ysrK/+rq6v/q6ur/3Nzc/8vLy/+np6f/mpqa/5+fn/+hoaH/n5+f/52dnf+bm5v/mpqa/6Ghof+pqan/ra2t/7Ozs/+urq7/pqam/6CgoP+YmJj/mJiY/52dnf+fn5//oaGh/6Ghof+fn5//mpqa/4eHh/92dnb/dXV1/3Nzc/99fX3/ioqK/42Njf+QkJD/g4OD/2xsbP9wcHD/fHx8/35+fv99fX3/dXV1/15eXv9XV1f/ZGRk/3Jycv+ZmZn/vLy8/8vLy//b29v/xcXF/6mpqf+srKz/srKy/7+/v//W1tb/0NDQ/729vf+9vb3/yMjI/8nJyf/ExMT/urq6/5ycnP+NjY3/q6ur/8bGxv/CwsL/vb29/6Kiov+AgID/jo6O/6SkpP+xsbH/xMTE/7u7u/+hoaH/jo6O/2xsbP9iYmL/ZWVl/2VlZf9gYGD/XV1d/19fX/9hYWH/fHx8/5mZmf+vr6//ysrK/7S0tP+SkpL/hoaG/3V1df96enr/jIyM/5iYmP+srKz/t7e3/8XFxf/Nzc3/09PT/9XV1f/BwcH/rq6u/5KSkv90dHT/dnZ2/3h4eP9zc3P/a2tr/3l5ef+Wlpb/oaGh/66urv+oqKj/j4+P/4CAgP9ubm7/ZGRk/2FhYf9gYGD/ZmZm/21tbf9vb2//cnJy/29vb/9sbGz/e3t7/5OTk/+EhIT/ZGRk/2JiYv9qamr/aWlp/2JiYv9hYWH/aWlp/21tbf9ra2v/aWlp/2ZmZv9jY2P/bm5u/3p6ev9/f3//hISE/4CAgP94eHj/d3d3/3Z2dv95eXn/gYGB/5KSkv+7u7v/xcXF/6urq/+ampr/hoaG/3V1df9ra2v/YWFh/2xsbP94eHj/bGxs/1paWv9WVlb/UVFR/1JSUv9UVFT/WFhY/2FhYf9iYmL/X19f/11dXf9YWFj/VFRU/09PT/9LS0v/VVVV/2BgYP90dHT/i4uL/4CAgP9xcXH/ZWVl/1FRUf9QUFD/U1NT/1hYWP9jY2P/ZWVl/2RkZP9fX1//T09P/0VFRf8/Pz//Ojo6/zw8PP8+Pj7/PDw8/zk5Of87Ozv/Pj4+/0JCQv9HR0f/SUlJ/0pKSv9JSUn/RkZG/0dHR/9OTk7/UlJS/1RUVP9VVVX/UVFR/01NTf9FRUX/PT09/z09Pf8+Pj7/RkZG/1JSUv9PT0//SUlJ/0pKSv9OTk7/UFBQ/1RUVP9SUlL/SkpK/0dHR/9NTU3/UFBQ/0tLS/9GRkb/RkZG/0dHR/9CQkL/PT09/z8/P/9BQUH/QUFB/z8/P/9DQ0P/TU1N/09PT/9PT0//UFBQ/1BQUP9OTk7/RkZG/0BAQP8/Pz//Pz8//0hISP9RUVH/Tk5O/0lJSf9MTEz/UVFR/1NTU/9UVFT/T09P/0RERP9CQkL/RERE/0lJSf9WVlb/X19f/29vb/95eXn/bm5u/2RkZP9UVFT/QkJC/0FBQf8/Pz//Pz8//0BAQP8/Pz//Pj4+/z4+Pv8/Pz//QUFB/0dHR/9NTU3/WVlZ/11dXf9VVVX/UFBQ/1BQUP+Hh4f/fHx8/3Fxcf9ubm7/ampq/3t7e/+Wlpb/kJCQ/4CAgP93d3f/ampq/2VlZf9eXl7/XV1d/2ZmZv9paWn/ZGRk/2BgYP9paWn/cnJy/2tra/9jY2P/X19f/1hYWP9kZGT/d3d3/3Z2dv9xcXH/cHBw/25ubv9ycnL/fn5+/4SEhP+Ghob/ioqK/5iYmP+hoaH/kZGR/4GBgf+Ghob/jIyM/5CQkP+VlZX/iYmJ/3Nzc/90dHT/e3t7/319ff9+fn7/fX19/3h4eP92dnb/dnZ2/3d3d/+AgID/h4eH/4mJif+Li4v/jIyM/46Ojv+JiYn/gYGB/4ODg/+Hh4f/hISE/3x8fP96enr/d3d3/3Nzc/9sbGz/aGho/2lpaf9qamr/cHBw/3V1df9zc3P/cnJy/3R0dP91dXX/eXl5/319ff9+fn7/fn5+/3t7e/92dnb/eHh4/4CAgP+Ghob/kZGR/5CQkP99fX3/cHBw/21tbf9ra2v/X19f/1JSUv9iYmL/dXV1/4+Pj/+zs7P/ra2t/56env+Pj4//cnJy/3Fxcf98fHz/fn5+/3h4eP93d3f/fn5+/4SEhP+JiYn/jo6O/46Ojv+NjY3/fX19/2lpaf9zc3P/g4OD/4iIiP+QkJD/m5ub/7Gxsf+urq7/m5ub/5OTk/+QkJD/iIiI/25ubv9dXV3/Xl5e/2BgYP+AgID/oaGh/6Ghof+ioqL/nJyc/5OTk/+Wlpb/nJyc/5mZmf+QkJD/jY2N/4uLi/+Li4v/jY2N/5KSkv+lpaX/srKy/6ioqP+enp7/lZWV/4yMjP+EhIT/eXl5/3V1df9vb2//dXV1/4CAgP96enr/aWlp/2ZmZv9oaGj/bGxs/3l5ef+FhYX/oKCg/7S0tP+0tLT/s7Oz/7u7u//Dw8P/w8PD/8PDw/+qqqr/g4OD/3x8fP90dHT/cHBw/2pqav9paWn/bW1t/3p6ev+ioqL/srKy/5OTk/98fHz/dHR0/2xsbP+Hh4f/pKSk/5iYmP+Hh4f/eXl5/2RkZP9eXl7/VVVV/1dXV/9fX1//aGho/35+fv+Ghob/hISE/4SEhP+Kior/j4+P/4uLi/+IiIj/h4eH/4aGhv9/f3//dnZ2/3p6ev+BgYH/jIyM/6Kiov+Wlpb/cHBw/2VlZf9hYWH/ZWVl/3h4eP+EhIT/h4eH/4iIiP97e3v/bW1t/3Jycv93d3f/e3t7/4CAgP+IiIj/lpaW/5GRkf+EhIT/e3t7/21tbf9qamr/bm5u/3p6ev+jo6P/vb29/8fHx//Pz8//ysrK/8bGxv+urq7/kpKS/6Ghof+3t7f/wsLC/9PT0//Q0ND/xcXF/8jIyP/U1NT/3Nzc/+fn5//t7e3/8PDw//Dw8P/g4OD/0tLS/6ysrP+Dg4P/eXl5/21tbf9xcXH/eHh4/4KCgv+SkpL/paWl/8nJyf/IyMj/tLS0/6Ojo/+AgID/bW1t/2RkZP9hYWH/b29v/3t7e/94eHj/dHR0/3V1df92dnb/c3Nz/3BwcP+BgYH/oaGh/6enp/+srKz/m5ub/21tbf9dXV3/WFhY/1paWv9paWn/dHR0/3l5ef9/f3//o6Oj/8nJyf+4uLj/oaGh/6qqqv+5ubn/tLS0/6qqqv+ioqL/lZWV/5WVlf+dnZ3/oqKi/6ioqP+oqKj/lpaW/4mJif+BgYH/enp6/3d3d/90dHT/f39//42Njf+ZmZn/rKys/6mpqf+goKD/oaGh/6enp/+rq6v/tLS0/7y8vP/Ozs7/1tbW/9LS0v/Ozs7/vr6+/1lZWf9XV1f/VFRU/1VVVf9YWFj/VlZW/1RUVP9TU1P/UlJS/01NTf9CQkL/QUFB/0VFRf9KSkr/VlZW/1tbW/9VVVX/UFBQ/0xMTP9JSUn/TExM/09PT/9TU1P/WVlZ/1ZWVv9RUVH/UlJS/1VVVf9YWFj/X19f/2NjY/9qamr/bGxs/2tra/9oaGj/X19f/1lZWf9gYGD/Z2dn/2BgYP9XV1f/VVVV/1JSUv9SUlL/UVFR/1VVVf9bW1v/YWFh/2xsbP9ubm7/bGxs/2tra/9sbGz/bGxs/2pqav9oaGj/XV1d/1FRUf9ZWVn/YWFh/2BgYP9eXl7/XV1d/1xcXP9cXFz/XFxc/15eXv9hYWH/YmJi/2JiYv9lZWX/b29v/3R0dP9vb2//a2tr/29vb/90dHT/ampq/15eXv9ZWVn/UlJS/1NTU/9WVlb/Wlpa/2JiYv9iYmL/Xl5e/2BgYP9paWn/bW1t/21tbf9tbW3/cXFx/3R0dP9oaGj/W1tb/1dXV/9TU1P/U1NT/1RUVP9cXFz/bGxs/3BwcP90dHT/c3Nz/3BwcP9vb2//cHBw/3BwcP9qamr/ZWVl/1tbW/9TU1P/VVVV/1ZWVv9aWlr/X19f/1tbW/9VVVX/UlJS/01NTf9OTk7/UVFR/1NTU/9WVlb/WVlZ/15eXv9iYmL/Z2dn/2tra/9tbW3/b29v/3V1df98fHz/fHx8/3x8fP9vb2//XFxc/1hYWP9UVFT/V1dX/11dXf9kZGT/cHBw/3Z2dv98fHz/fX19/3Jycv9ra2v/cXFx/3Z2dv98fHz/goKC/3x8fP90dHT/dXV1/3d3d/94eHj/enp6/3R0dP9oaGj/YmJi/1tbW/9aWlr/Xl5e/2VlZf92dnb/g4OD/4aGhv+JiYn/j4+P/5aWlv+Dg4P/ampq/3Fxcf99fX3/eHh4/2xsbP9tbW3/dHR0/3p6ev+Hh4f/iYmJ/39/f/95eXn/cXFx/2pqav9kZGT/Xl5e/1tbW/9YWFj/V1dX/1ZWVv9TU1P/UFBQ/1NTU/9bW1v/V1dX/0tLS/9FRUX/PDw8/zg4OP81NTX/NDQ0/zMzM/8yMjL/MTEx/zExMf8xMTH/MDAw/zExMf8xMTH/MTEx/zAwMP8wMDD/MDAw/zAwMP8wMDD/MDAw/y8vL/8vLy//Ly8v/y8vL/8vLy//Ly8v/y8vL/8vLy//Ly8v/y8vL/8vLy//Ly8v/y8vL/8uLi7/Ly8v/zAwMP8xMTH/MjIy/zMzM/80NDT/NTU1/zQ0NP80NDT/MzMz/zIyMv8yMjL/MjIy/zIyMv8yMjL/MjIy/zExMf8wMDD/Ly8v/y8vL/8vLy//Ly8v/zAwMP8xMTH/MjIy/zMzM/8yMjL/MjIy/zMzM/80NDT/NTU1/zY2Nv84ODj/Ojo6/z4+Pv9DQ0P/SUlJ/1JSUv9WVlb/XV1d/2pqav+FhYX/kJCQ/5aWlv+SkpL/enp6/2tra/9xcXH/eHh4/4eHh/+Xl5f/lJSU/5GRkf+Hh4f/eHh4/3Z2dv9zc3P/dHR0/3d3d/99fX3/iYmJ/5OTk/+mpqb/qqqq/5iYmP+Li4v/iYmJ/4aGhv90dHT/X19f/2BgYP9hYWH/ZmZm/2xsbP9vb2//dHR0/3V1df93d3f/e3t7/4aGhv+Dg4P/ampq/19fX/9nZ2f/ampq/1lZWf9JSUn/TU1N/1FRUf9RUVH/T09P/1ZWVv9fX1//ZmZm/3BwcP9xcXH/bm5u/3Jycv99fX3/g4OD/4qKiv+NjY3/hoaG/4GBgf+EhIT/ERER/xEREf8RERH/ERER/xAQEP8QEBD/EBAQ/xAQEP8PDw//Dw8P/w8PD/8PDw//Dw8P/w8PD/8QEBD/EBAQ/w8PD/8PDw//Dw8P/w4ODv8ODg7/DQ0N/w0NDf8NDQ3/Dg4O/w4ODv8ODg7/DQ0N/w0NDf8MDAz/DAwM/wwMDP8MDAz/DAwM/wwMDP8MDAz/DQ0N/w0NDf8NDQ3/DQ0N/wwMDP8NDQ3/DQ0N/w0NDf8ODg7/Dg4O/w4ODv8ODg7/Dg4O/w4ODv8ODg7/Dg4O/w4ODv8ODg7/Dg4O/w4ODv8ODg7/Dg4O/w0NDf8NDQ3/Dg4O/w8PD/8ODg7/Dg4O/w4ODv8ODg7/Dg4O/w4ODv8ODg7/Dg4O/w4ODv8ODg7/Dw8P/xEREf8TExP/FRUV/xYWFv8XFxf/FxcX/xgYGP8ZGRn/GRkZ/xoaGv8aGhr/Ghoa/xkZGf8YGBj/GBgY/xcXF/8XFxf/GBgY/xgYGP8YGBj/GRkZ/xkZGf8ZGRn/GRkZ/xgYGP8YGBj/GBgY/xgYGP8ZGRn/GRkZ/xoaGv8bGxv/Gxsb/xsbG/8bGxv/Gxsb/xsbG/8bGxv/Gxsb/xsbG/8bGxv/Gxsb/xwcHP8cHBz/Gxsb/xkZGf8ZGRn/Ghoa/xoaGv8bGxv/Gxsb/xoaGv8aGhr/Ghoa/xoaGv8ZGRn/GRkZ/xoaGv8aGhr/Ghoa/xoaGv8bGxv/HBwc/x8fH/8kJCT/KCgo/zAwMP80NDT/Ojo6/zk5Of8zMzP/MDAw/yoqKv8oKCj/LCws/y8vL/8vLy//Li4u/y8vL/8wMDD/MTEx/zMzM/8xMTH/Ly8v/y4uLv8uLi7/LS0t/yoqKv8rKyv/Li4u/zExMf82Njb/OTk5/zk5Of86Ojr/PT09/0BAQP8+Pj7/Ojo6/zk5Of83Nzf/NTU1/zExMf8yMjL/NjY2/zk5Of8+Pj7/QEBA/0FBQf9CQkL/R0dH/0hISP9ERET/QkJC/0FBQf9BQUH/QUFB/0FBQf9BQUH/Q0ND/0NDQ/9DQ0P/Q0ND/0NDQ/9CQkL/QUFB/z8/P/87Ozv/OTk5/zo6Ov87Ozv/Pj4+/0FBQf8/Pz//PT09/z09Pf89PT3/QkJC/0hISP9MTEz/UVFR/1NTU/9VVVX/VFRU/09PT/9OTk7/Tk5O/05OTv9RUVH/U1NT/1ZWVv9ZWVn/V1dX/1RUVP9TU1P/UFBQ/05OTv9KSkr/SUlJ/0lJSf9GRkb/QEBA/z4+Pv86Ojr/PDw8/0JCQv9KSkr/Xl5e/2lpaf9paWn/aGho/2FhYf9aWlr/VFRU/01NTf9NTU3/TU1N/09PT/9RUVH/T09P/0lJSf9JSUn/TExM/0tLS/9GRkb/RERE/0NDQ/9DQ0P/SEhI/01NTf9OTk7/T09P/1NTU/9XV1f/XFxc/2NjY/9oaGj/cHBw/2xsbP9hYWH/XFxc/1VVVf9TU1P/U1NT/1RUVP9WVlb/WVlZ/11dXf9hYWH/YGBg/2BgYP9gYGD/YGBg/19fX/9dXV3/W1tb/1hYWP9ZWVn/W1tb/1lZWf9QUFD/T09P/1JSUv9TU1P/UVFR/1BQUP9QUFD/UFBQ/09PT/9OTk7/UlJS/1dXV/9VVVX/UlJS/1JSUv9TU1P/U1NT/1RUVP9XV1f/YWFh/2JiYv9ZWVn/VFRU/1RUVP9UVFT/Xl5e/2dnZ/9cXFz/T09P/09PT/9PT0//VlZW/2FhYf9fX1//Wlpa/1hYWP9WVlb/U1NT/01NTf9LS0v/TU1N/05OTv9QUFD/UVFR/1VVVf++vr7/v7+//8DAwP++vr7/u7u7/7Kysv+mpqb/nZ2d/46Ojv+Li4v/ioqK/4yMjP+SkpL/l5eX/6Ghof+pqan/urq6/8XFxf+5ubn/rq6u/6SkpP+ZmZn/lpaW/5OTk/+RkZH/jY2N/5CQkP+Wlpb/oKCg/7S0tP+vr6//kpKS/4GBgf9sbGz/X19f/1paWv9WVlb/Xl5e/2VlZf9lZWX/ZGRk/2RkZP9lZWX/gICA/6ysrP/ExMT/6+vr//Hx8f/u7u7/29vb/6ampv+SkpL/lpaW/5iYmP+bm5v/m5ub/5CQkP+EhIT/lpaW/6qqqv+srKz/rq6u/6enp/+ampr/l5eX/5SUlP+QkJD/iYmJ/4uLi/+Wlpb/nZ2d/6SkpP+lpaX/jo6O/3t7e/92dnb/cnJy/4GBgf+Tk5P/mJiY/6CgoP+MjIz/aWlp/21tbf9/f3//f39//3d3d/9ubm7/W1tb/1dXV/9ra2v/fn5+/6qqqv/S0tL/39/f/+3t7f/Z2dn/wcHB/8PDw//Hx8f/09PT/+bm5v/f39//y8vL/9HR0f/s7Oz/8vLy/+rq6v/c3Nz/r6+v/5eXl/+7u7v/3Nzc/9HR0f/Gxsb/p6en/4CAgP+FhYX/jY2N/5ubm/+ysrL/rq6u/6Ghof+Pj4//ampq/15eXv9hYWH/YmJi/1xcXP9ZWVn/Wlpa/1xcXP97e3v/nJyc/7Kysv/Nzc3/sLCw/4SEhP92dnb/ZGRk/21tbf+Ghob/mpqa/8DAwP/S0tL/4uLi/+rq6v/r6+v/5+fn/8HBwf+cnJz/ioqK/3Z2dv96enr/f39//3d3d/9qamr/e3t7/52dnf+rq6v/vb29/7a2tv+VlZX/hISE/25ubv9hYWH/W1tb/1dXV/9gYGD/aGho/3BwcP94eHj/eHh4/3h4eP+Li4v/qamp/5SUlP9mZmb/X19f/15eXv9cXFz/V1dX/1hYWP9kZGT/a2tr/3BwcP9ycnL/bm5u/2lpaf9xcXH/enp6/4CAgP+Ghob/g4OD/35+fv99fX3/fHx8/4GBgf+MjIz/oKCg/9DQ0P/a2tr/ubm5/6Ojo/+MjIz/eXl5/25ubv9hYWH/aWlp/3Jycv9mZmb/V1dX/1VVVf9UVFT/U1NT/1FRUf9UVFT/XV1d/15eXv9cXFz/W1tb/1hYWP9WVlb/Tk5O/0hISP9UVFT/YWFh/3x8fP+bm5v/j4+P/319ff9tbW3/VFRU/1JSUv9UVFT/WVlZ/2ZmZv9paWn/aGho/2NjY/9PT0//Q0ND/zw8PP83Nzf/OTk5/zs7O/87Ozv/Ojo6/zs7O/89PT3/Pz8//0RERP9FRUX/SEhI/0hISP9GRkb/SEhI/1JSUv9XV1f/Wlpa/1tbW/9TU1P/TExM/0NDQ/85OTn/OTk5/zg4OP89PT3/Q0ND/0JCQv9BQUH/Q0ND/0dHR/9KSkr/UVFR/1BQUP9JSUn/R0dH/0tLS/9OTk7/SkpK/0ZGRv9FRUX/RERE/0JCQv8/Pz//QkJC/0VFRf9DQ0P/Pz8//0BAQP9DQ0P/RkZG/0lJSf9NTU3/U1NT/1RUVP9NTU3/SEhI/0RERP9BQUH/TU1N/1lZWf9SUlL/SEhI/0lJSf9MTEz/T09P/1NTU/9PT0//RERE/0RERP9HR0f/TU1N/1paWv9lZWX/eHh4/4KCgv9ycnL/YmJi/1NTU/9DQ0P/QUFB/0BAQP8+Pj7/Ozs7/zs7O/87Ozv/Ozs7/z09Pf8/Pz//RUVF/0tLS/9bW1v/YWFh/1lZWf9TU1P/U1NT/3x8fP92dnb/cHBw/25ubv9sbGz/gYGB/6Kiov+ampr/hYWF/319ff9ycnL/bGxs/2NjY/9hYWH/Y2Nj/2RkZP9fX1//XFxc/2lpaf91dXX/Z2dn/1dXV/9UVFT/UFBQ/1tbW/9ubm7/b29v/29vb/9tbW3/aGho/2xsbP9+fn7/hYWF/4mJif+NjY3/mJiY/5+fn/+JiYn/cnJy/3V1df95eXn/iYmJ/5+fn/+Tk5P/fX19/3x8fP9+fn7/fHx8/3d3d/90dHT/cHBw/29vb/91dXX/enp6/4iIiP+Tk5P/kZGR/4+Pj/+MjIz/iYmJ/4aGhv+BgYH/goKC/4SEhP+AgID/d3d3/3Z2dv92dnb/c3Nz/21tbf9sbGz/cHBw/3Nzc/92dnb/eXl5/3R0dP9vb2//cHBw/3Fxcf9vb2//bW1t/2xsbP9sbGz/bm5u/3Nzc/93d3f/gICA/4ODg/+EhIT/gYGB/3Nzc/9ra2v/ampq/2hoaP9YWFj/R0dH/1dXV/9ra2v/h4eH/7CwsP+qqqr/nJyc/42Njf9xcXH/cXFx/39/f/+CgoL/fn5+/3t7e/94eHj/dnZ2/3l5ef97e3v/hYWF/5CQkP9+fn7/ZmZm/29vb/9+fn7/hISE/42Njf+fn5//wsLC/76+vv+hoaH/lZWV/42Njf+FhYX/cHBw/2JiYv9jY2P/ZWVl/4eHh/+srKz/rq6u/7Gxsf+lpaX/lJSU/4+Pj/+IiIj/ioqK/5OTk/+VlZX/lZWV/5GRkf+EhIT/goKC/5WVlf+hoaH/nZ2d/5mZmf+UlJT/j4+P/4mJif+CgoL/e3t7/3Jycv94eHj/hoaG/39/f/9oaGj/YmJi/2BgYP9jY2P/cXFx/35+fv+cnJz/sLCw/6urq/+mpqb/sLCw/7u7u//Kysr/3d3d/7+/v/+NjY3/gYGB/3Jycv9tbW3/Z2dn/2lpaf9ycnL/hYWF/7q6uv/Pz8//qqqq/42Njf9/f3//cXFx/4eHh/+goKD/kZGR/3t7e/9xcXH/YmJi/15eXv9YWFj/WVlZ/1xcXP9mZmb/goKC/42Njf+MjIz/jo6O/5eXl/+enp7/m5ub/5eXl/+Pj4//hoaG/4CAgP93d3f/e3t7/4KCgv+Hh4f/j4+P/4WFhf9paWn/YWFh/2BgYP9kZGT/c3Nz/39/f/+MjIz/lpaW/4iIiP96enr/f39//4SEhP+Hh4f/jIyM/5SUlP+hoaH/mJiY/4WFhf96enr/ZmZm/2VlZf9xcXH/gICA/6ysrP/FxcX/wcHB/76+vv+3t7f/sLCw/6Ghof+Pj4//pqam/8fHx//R0dH/3t7e/9vb2//R0dH/2NjY/+/v7//19fX/9PT0//T09P/09PT/8/Pz/+vr6//i4uL/r6+v/3l5ef9tbW3/X19f/2ZmZv9wcHD/eXl5/4eHh/+YmJj/uLi4/7i4uP+mpqb/l5eX/3t7e/9ra2v/W1tb/1JSUv9dXV3/Z2dn/2xsbP9ycnL/dXV1/3h4eP9zc3P/a2tr/3l5ef+UlJT/nZ2d/6mpqf+ampr/bGxs/1tbW/9TU1P/VFRU/2dnZ/90dHT/d3d3/3p6ev+YmJj/ubm5/6mpqf+UlJT/oKCg/7S0tP+ysrL/rKys/6ampv+dnZ3/nJyc/5+fn/+jo6P/q6ur/6qqqv+QkJD/fX19/3V1df9tbW3/bm5u/3BwcP+AgID/lZWV/6Ojo/+3t7f/r6+v/52dnf+hoaH/r6+v/7S0tP+6urr/xMTE/+Li4v/x8fH/8fHx/+7u7v/W1tb/YGBg/1lZWf9RUVH/UlJS/1RUVP9UVFT/VFRU/1VVVf9XV1f/UlJS/0VFRf9DQ0P/RkZG/0tLS/9XV1f/XFxc/1RUVP9NTU3/R0dH/0JCQv9HR0f/TExM/05OTv9PT0//Tk5O/0xMTP9PT0//VVVV/1tbW/9nZ2f/bGxs/3Jycv9zc3P/b29v/2tra/9iYmL/XFxc/2ZmZv9wcHD/ZmZm/1paWv9WVlb/UlJS/1NTU/9UVFT/WFhY/19fX/9jY2P/aWlp/2tra/9ra2v/ampq/2pqav9paWn/a2tr/2xsbP9eXl7/UFBQ/1tbW/9paWn/ZGRk/11dXf9aWlr/VlZW/1VVVf9VVVX/WVlZ/2JiYv9kZGT/YWFh/2FhYf9oaGj/bGxs/2lpaf9mZmb/bGxs/3Jycv9mZmb/V1dX/1NTU/9NTU3/UVFR/1dXV/9ZWVn/XFxc/15eXv9hYWH/ZWVl/21tbf9wcHD/a2tr/2lpaf9wcHD/dnZ2/2pqav9cXFz/VFRU/0pKSv9MTEz/UFBQ/1tbW/9wcHD/dnZ2/319ff98fHz/dHR0/3Nzc/94eHj/eHh4/3BwcP9paWn/Xl5e/1RUVP9WVlb/WFhY/15eXv9mZmb/X19f/1RUVP9SUlL/T09P/1BQUP9UVFT/VlZW/1hYWP9aWlr/Xl5e/2FhYf9ra2v/cXFx/3Fxcf9xcXH/eHh4/39/f/+CgoL/hoaG/3d3d/9fX1//Wlpa/1VVVf9UVFT/VVVV/1paWv9mZmb/bW1t/3d3d/96enr/cXFx/2tra/9xcXH/dnZ2/3x8fP+CgoL/fn5+/3l5ef95eXn/eXl5/3x8fP+CgoL/fHx8/21tbf9mZmb/XFxc/1paWv9eXl7/Y2Nj/3V1df+BgYH/fn5+/3t7e/+Li4v/nJyc/4mJif9wcHD/eXl5/4iIiP+BgYH/cnJy/3Jycv93d3f/fHx8/4aGhv+Hh4f/fn5+/3Z2dv9nZ2f/W1tb/1ZWVv9RUVH/U1NT/1RUVP9QUFD/S0tL/0tLS/9LS0v/TU1N/1FRUf9OTk7/RkZG/0JCQv88PDz/ODg4/zU1Nf8zMzP/MzMz/zIyMv8yMjL/MTEx/zExMf8wMDD/MTEx/zExMf8xMTH/MDAw/zAwMP8wMDD/MDAw/zAwMP8wMDD/Ly8v/y8vL/8uLi7/Li4u/y8vL/8vLy//MDAw/zAwMP8vLy//Li4u/y8vL/8vLy//Ly8v/y4uLv8vLy//MTEx/zExMf8zMzP/MzMz/zQ0NP81NTX/NDQ0/zQ0NP8zMzP/MzMz/zIyMv8xMTH/MTEx/zExMf8xMTH/MTEx/zAwMP8uLi7/Li4u/y8vL/8vLy//MDAw/zExMf8yMjL/MzMz/zIyMv8yMjL/MzMz/zQ0NP81NTX/NjY2/zg4OP86Ojr/Pz8//0VFRf9LS0v/VlZW/1xcXP9nZ2f/dXV1/5SUlP+goKD/pKSk/6CgoP+EhIT/dHR0/319ff+Ghob/lZWV/6Wlpf+hoaH/nJyc/4mJif9ubm7/bW1t/25ubv9ubm7/b29v/3h4eP+NjY3/nJyc/7S0tP+6urr/oKCg/42Njf+BgYH/dHR0/2dnZ/9ZWVn/XV1d/2JiYv9lZWX/aWlp/2xsbP9xcXH/dnZ2/35+fv+EhIT/j4+P/4uLi/9vb2//ZGRk/3Fxcf94eHj/Y2Nj/05OTv9UVFT/Wlpa/1dXV/9UVFT/Wlpa/2RkZP9sbGz/eXl5/3t7e/97e3v/gICA/46Ojv+UlJT/mJiY/5eXl/+Kior/gYGB/35+fv8RERH/ERER/xEREf8RERH/EBAQ/xAQEP8QEBD/EBAQ/w8PD/8PDw//Dw8P/w8PD/8PDw//Dw8P/xAQEP8QEBD/Dw8P/w8PD/8ODg7/Dg4O/w4ODv8NDQ3/DQ0N/w0NDf8NDQ3/Dg4O/w4ODv8NDQ3/DQ0N/wwMDP8MDAz/DAwM/wwMDP8MDAz/DAwM/w0NDf8NDQ3/DQ0N/w0NDf8NDQ3/DAwM/wwMDP8NDQ3/DQ0N/w4ODv8ODg7/Dg4O/w4ODv8ODg7/Dg4O/w4ODv8ODg7/Dg4O/w4ODv8ODg7/Dg4O/w0NDf8NDQ3/DQ0N/w0NDf8ODg7/Dw8P/w8PD/8ODg7/Dg4O/w4ODv8ODg7/Dg4O/w4ODv8ODg7/Dg4O/w8PD/8PDw//ERER/xMTE/8VFRX/FxcX/xcXF/8YGBj/GBgY/xkZGf8ZGRn/Ghoa/xoaGv8aGhr/Ghoa/xgYGP8YGBj/GBgY/xgYGP8YGBj/GBgY/xkZGf8ZGRn/GRkZ/xkZGf8ZGRn/GBgY/xgYGP8YGBj/GBgY/xkZGf8aGhr/Gxsb/xsbG/8cHBz/HBwc/xsbG/8bGxv/Gxsb/xsbG/8bGxv/Gxsb/xsbG/8cHBz/HBwc/x0dHf8bGxv/GRkZ/xkZGf8aGhr/Ghoa/xoaGv8aGhr/Gxsb/xsbG/8aGhr/Ghoa/xoaGv8ZGRn/Ghoa/xoaGv8aGhr/Ghoa/xoaGv8bGxv/Hh4e/yMjI/8nJyf/Li4u/zIyMv86Ojr/Ojo6/zQ0NP8wMDD/Kioq/ycnJ/8rKyv/Li4u/y0tLf8sLCz/LCws/ywsLP8tLS3/LS0t/y4uLv8uLi7/Li4u/y4uLv8tLS3/KSkp/yoqKv8tLS3/MTEx/zk5Of89PT3/PT09/z4+Pv9DQ0P/R0dH/0NDQ/8+Pj7/Ozs7/zc3N/80NDT/MDAw/zExMf8zMzP/NjY2/zw8PP8+Pj7/Pz8//0FBQf9HR0f/SUlJ/0ZGRv9DQ0P/QkJC/0FBQf9AQED/Pz8//0FBQf9ERET/RUVF/0ZGRv9GRkb/RkZG/0RERP9AQED/PT09/zk5Of83Nzf/ODg4/zo6Ov89PT3/QEBA/z4+Pv89PT3/PDw8/zw8PP9AQED/RkZG/0pKSv9PT0//UlJS/1ZWVv9WVlb/UlJS/1JSUv9TU1P/VFRU/1ZWVv9XV1f/Wlpa/1xcXP9aWlr/V1dX/1RUVP9RUVH/TU1N/0dHR/9GRkb/RERE/0JCQv8/Pz//PT09/zk5Of86Ojr/QEBA/0lJSf9kZGT/c3Nz/3Fxcf9vb2//YWFh/1NTU/9NTU3/RkZG/0pKSv9OTk7/U1NT/1lZWf9WVlb/TU1N/0xMTP9OTk7/TU1N/0VFRf9CQkL/QUFB/0FBQf9HR0f/TExM/01NTf9OTk7/U1NT/1hYWP9eXl7/aGho/3BwcP99fX3/eHh4/2lpaf9hYWH/VlZW/1FRUf9PT0//T09P/1RUVP9ZWVn/YGBg/2ZmZv9jY2P/X19f/15eXv9cXFz/XFxc/1xcXP9aWlr/VlZW/1ZWVv9ZWVn/VVVV/0tLS/9LS0v/U1NT/1dXV/9WVlb/VVVV/1FRUf9NTU3/TExM/0tLS/9OTk7/UlJS/1FRUf9PT0//UlJS/1dXV/9YWFj/WFhY/1xcXP9mZmb/ZmZm/1xcXP9WVlb/UlJS/09PT/9XV1f/Xl5e/1NTU/9ISEj/SkpK/01NTf9UVFT/X19f/1xcXP9VVVX/VVVV/1ZWVv9UVFT/T09P/05OTv9RUVH/UlJS/1RUVP9WVlb/W1tb/9jY2P/CwsL/q6ur/76+vv/Z2dn/2NjY/9PT0//FxcX/q6ur/6Ghof+VlZX/lZWV/56env+mpqb/ubm5/8PDw//ExMT/w8PD/6+vr/+bm5v/k5OT/4uLi/+EhIT/fHx8/3d3d/9wcHD/eHh4/4eHh/+Pj4//m5ub/5qamv+NjY3/hYWF/3h4eP9wcHD/a2tr/2dnZ/9zc3P/gICA/39/f/9/f3//fHx8/3h4eP+Dg4P/lJSU/6ampv/FxcX/0tLS/+Pj4//X19f/pKSk/4+Pj/+Kior/iIiI/4qKiv+NjY3/n5+f/7Kysv+tra3/qKio/5+fn/+SkpL/j4+P/42Njf+JiYn/goKC/4CAgP9/f3//hoaG/5ubm/+oqKj/tra2/7y8vP+srKz/np6e/5ycnP+bm5v/r6+v/8bGxv+1tbX/m5ub/4WFhf9jY2P/Y2Nj/2tra/9ycnL/f39//319ff9paWn/Y2Nj/25ubv98fHz/r6+v/9ra2v/V1dX/z8/P/9LS0v/U1NT/0dHR/83Nzf/Hx8f/vr6+/7a2tv+oqKj/tra2/+Li4v/w8PD/7u7u/+Tk5P+4uLj/nZ2d/56env+fn5//nJyc/5iYmP+YmJj/l5eX/6Ghof+vr6//sbGx/7S0tP+6urr/xcXF/7S0tP+BgYH/bm5u/2VlZf9fX1//VlZW/1FRUf9VVVX/WVlZ/3BwcP+Kior/q6ur/9XV1f+2trb/hISE/3V1df9iYmL/aWlp/319ff+Hh4f/lpaW/52dnf+kpKT/qqqq/7i4uP/AwMD/s7Oz/6ampv+Tk5P/fn5+/4GBgf+EhIT/fHx8/25ubv91dXX/hISE/4qKiv+SkpL/jY2N/319ff90dHT/a2tr/2ZmZv9kZGT/ZGRk/3l5ef+Ojo7/m5ub/6mpqf+ioqL/mJiY/4+Pj/+BgYH/cHBw/1NTU/9PT0//UlJS/1tbW/9wcHD/fHx8/4mJif+Ojo7/g4OD/3t7e/99fX3/f39//3t7e/92dnb/eHh4/3t7e/98fHz/e3t7/4ODg/+RkZH/mJiY/6Kiov+ysrL/1dXV/9jY2P+urq7/lZWV/46Ojv+Hh4f/enp6/21tbf9mZmb/X19f/1dXV/9MTEz/TU1N/09PT/9PT0//T09P/1FRUf9UVFT/VVVV/1ZWVv9YWFj/XV1d/19fX/9ZWVn/VFRU/1VVVf9WVlb/ZGRk/3V1df9wcHD/ampq/2JiYv9WVlb/U1NT/05OTv9RUVH/W1tb/11dXf9bW1v/V1dX/0lJSf9BQUH/Pz8//z4+Pv9HR0f/UFBQ/1ZWVv9eXl7/V1dX/0tLS/9GRkb/Pj4+/z8/P/9DQ0P/RERE/0ZGRv9KSkr/VlZW/1tbW/9aWlr/WVlZ/1NTU/9OTk7/SUlJ/0RERP9AQED/PDw8/z09Pf89PT3/Pj4+/z8/P/9BQUH/RkZG/0dHR/9GRkb/RkZG/0dHR/9ISEj/TU1N/09PT/9MTEz/SUlJ/0dHR/9FRUX/S0tL/1JSUv9SUlL/U1NT/1BQUP9KSkr/RUVF/z09Pf88PDz/Pz8//0VFRf9VVVX/YWFh/3Jycv96enr/YGBg/0hISP9KSkr/S0tL/0hISP9ERET/Q0ND/0FBQf9CQkL/Q0ND/0FBQf88PDz/PT09/0JCQv9GRkb/TU1N/1NTU/9eXl7/ZGRk/1xcXP9TU1P/SUlJ/z09Pf8+Pj7/Pj4+/z09Pf87Ozv/Ojo6/zg4OP86Ojr/Pz8//0JCQv9FRUX/SUlJ/1BQUP9TU1P/S0tL/0ZGRv9GRkb/YGBg/11dXf9ZWVn/Wlpa/1paWv9lZWX/dnZ2/3R0dP9tbW3/cHBw/3p6ev96enr/cnJy/3Fxcf93d3f/eHh4/25ubv9oaGj/enp6/42Njf95eXn/YmJi/2FhYf9gYGD/bm5u/4WFhf+IiIj/iYmJ/4GBgf9vb2//a2tr/21tbf9vb2//dXV1/3d3d/92dnb/dHR0/3Fxcf9ubm7/dnZ2/39/f/+VlZX/s7Oz/6enp/+QkJD/i4uL/4aGhv9+fn7/bm5u/21tbf95eXn/fn5+/39/f/+Dg4P/mpqa/6urq/+ioqL/mJiY/5KSkv+Kior/mZmZ/66urv+pqan/np6e/5OTk/9/f3//g4OD/5eXl/+Wlpb/gYGB/3V1df9nZ2f/YGBg/2RkZP9oaGj/bW1t/3Nzc/91dXX/eHh4/3BwcP9kZGT/ZWVl/2hoaP9ra2v/b29v/3Nzc/97e3v/e3t7/3Nzc/9ubm7/bGxs/21tbf93d3f/f39//2hoaP9RUVH/UlJS/1VVVf9kZGT/e3t7/3t7e/93d3f/c3Nz/2tra/9ycnL/i4uL/5OTk/+VlZX/k5OT/4qKiv+CgoL/eXl5/3BwcP9xcXH/cXFx/2pqav9gYGD/ZWVl/25ubv94eHj/iIiI/5WVlf+srKz/q6ur/5ubm/+VlZX/lJSU/5OTk/+QkJD/jY2N/4SEhP98fHz/e3t7/3l5ef9+fn7/hYWF/35+fv9zc3P/dXV1/3p6ev98fHz/fn5+/39/f/+AgID/hYWF/5GRkf+YmJj/m5ub/5ubm/+JiYn/d3d3/3h4eP94eHj/c3Nz/21tbf9qamr/ZWVl/29vb/+Dg4P/fHx8/2ZmZv9kZGT/a2tr/3R0dP+MjIz/mpqa/6Ojo/+np6f/mpqa/4yMjP+RkZH/l5eX/5ubm/+hoaH/l5eX/4eHh/+JiYn/kJCQ/4WFhf9oaGj/YWFh/2JiYv9sbGz/jo6O/5ycnP+JiYn/fX19/4eHh/+RkZH/ioqK/4KCgv93d3f/aGho/3Nzc/+FhYX/gYGB/3Z2dv9ycnL/bW1t/3t7e/+oqKj/urq6/729vf+9vb3/s7Oz/6urq/+0tLT/vLy8/7W1tf+srKz/oqKi/5SUlP+YmJj/oaGh/5WVlf9+fn7/dXV1/2lpaf9mZmb/ZmZm/2lpaf94eHj/hYWF/6CgoP+zs7P/lJSU/3V1df9ycnL/b29v/39/f/+VlZX/l5eX/5qamv+MjIz/cXFx/2hoaP9iYmL/ZWVl/3R0dP+AgID/lpaW/6Wlpf+pqan/rKys/5+fn/+SkpL/l5eX/56env+4uLj/3t7e/+Pj4//p6en/39/f/8fHx//Ozs7/6urq/+/v7//l5eX/2tra/7y8vP+qqqr/tLS0/7q6uv+cnJz/fHx8/35+fv+BgYH/kZGR/6enp/+np6f/o6Oj/6Ghof+cnJz/l5eX/4uLi/+Dg4P/c3Nz/2pqav9fX1//Wlpa/2ZmZv9ycnL/fX19/4iIiP9/f3//cnJy/3BwcP9tbW3/e3t7/5OTk/+ampr/o6Oj/5ubm/+BgYH/c3Nz/19fX/9XV1f/W1tb/19fX/9paWn/c3Nz/4CAgP+Ojo7/kJCQ/5KSkv+Xl5f/n5+f/6ampv+xsbH/ubm5/8jIyP/ExMT/sbGx/6ysrP+vr6//qamp/4eHh/9vb2//bW1t/2pqav9ra2v/bGxs/3R0dP9+fn7/j4+P/6mpqf+ysrL/vb29/8XFxf/S0tL/y8vL/7CwsP+srKz/wMDA/8zMzP/T09P/19fX/9jY2P9eXl7/WVlZ/1NTU/9ZWVn/YmJi/2VlZf9oaGj/Z2dn/2RkZP9cXFz/S0tL/0ZGRv9ERET/RERE/0lJSf9MTEz/Tk5O/09PT/9OTk7/TU1N/1JSUv9YWFj/Wlpa/1xcXP9ZWVn/VVVV/1ZWVv9aWlr/Xl5e/2RkZP9mZmb/ZmZm/2hoaP9vb2//cXFx/2NjY/9ZWVn/WFhY/1hYWP9XV1f/VVVV/1dXV/9YWFj/XV1d/2VlZf9nZ2f/a2tr/2xsbP9ra2v/bGxs/25ubv9tbW3/ZmZm/2FhYf9hYWH/YWFh/11dXf9ZWVn/ZWVl/3Jycv9ra2v/YGBg/11dXf9YWFj/XV1d/2dnZ/9wcHD/gICA/35+fv9ra2v/ZWVl/2xsbP9ubm7/ZGRk/1xcXP9ZWVn/V1dX/1tbW/9fX1//XFxc/1dXV/9YWFj/W1tb/1lZWf9VVVX/VFRU/1dXV/9cXFz/aWlp/21tbf9nZ2f/ZGRk/2pqav9ubm7/ZmZm/15eXv9WVlb/TExM/01NTf9PT0//VVVV/2FhYf9lZWX/bGxs/21tbf9ubm7/bm5u/2xsbP9qamr/ZWVl/2JiYv9mZmb/aWlp/21tbf9wcHD/dHR0/3h4eP9xcXH/Z2dn/2hoaP9sbGz/aGho/15eXv9fX1//Z2dn/2lpaf9qamr/bm5u/4KCgv+QkJD/np6e/6qqqv+cnJz/jIyM/4SEhP95eXn/cXFx/2ZmZv9oaGj/bm5u/2tra/9kZGT/ZGRk/2lpaf9wcHD/gYGB/4iIiP+CgoL/fX19/3t7e/94eHj/dnZ2/3R0dP9ubm7/ZmZm/2lpaf9tbW3/dnZ2/4WFhf+Dg4P/d3d3/3Jycv9sbGz/bm5u/35+fv+EhIT/d3d3/21tbf9sbGz/a2tr/3d3d/+FhYX/hYWF/4SEhP+QkJD/pKSk/5iYmP9+fn7/d3d3/3Fxcf9wcHD/cnJy/3R0dP95eXn/d3d3/2RkZP9WVlb/UVFR/0xMTP9QUFD/VVVV/1tbW/9iYmL/YWFh/2FhYf9ZWVn/TExM/0dHR/9BQUH/Pj4+/zo6Ov84ODj/NTU1/zQ0NP8zMzP/MzMz/zIyMv8xMTH/MTEx/zExMf8xMTH/MjIy/zExMf8vLy//MDAw/zAwMP8wMDD/MDAw/zAwMP8wMDD/MDAw/y8vL/8vLy//MDAw/zAwMP80NDT/ODg4/zU1Nf8yMjL/MjIy/zExMf8xMTH/MDAw/zAwMP8xMTH/MTEx/zIyMv8yMjL/NDQ0/zU1Nf8zMzP/MzMz/zMzM/8zMzP/MjIy/zIyMv8xMTH/MTEx/zExMf8wMDD/MDAw/y8vL/8vLy//Ly8v/y8vL/8wMDD/MDAw/zExMf8yMjL/MjIy/zIyMv8zMzP/NDQ0/zU1Nf82Njb/ODg4/zs7O/9AQED/SEhI/01NTf9VVVX/YWFh/3h4eP+CgoL/kpKS/5SUlP+MjIz/hoaG/3l5ef9ycnL/gYGB/46Ojv+Pj4//j4+P/4yMjP+IiIj/enp6/2VlZf9kZGT/ZWVl/2hoaP9vb2//dXV1/4GBgf+Hh4f/kZGR/5KSkv+CgoL/dnZ2/25ubv9nZ2f/Xl5e/1NTU/9TU1P/UlJS/1paWv9mZmb/ZmZm/2NjY/9mZmb/b29v/3Jycv93d3f/dnZ2/29vb/9ubm7/eXl5/39/f/9vb2//YGBg/2BgYP9hYWH/Xl5e/1paWv9sbGz/iIiI/4yMjP+Ojo7/kpKS/5qamv+kpKT/vLy8/729vf+kpKT/k5OT/4ODg/92dnb/a2tr/xEREf8RERH/EBAQ/xAQEP8QEBD/EBAQ/xAQEP8QEBD/Dw8P/w8PD/8PDw//Dw8P/w8PD/8PDw//EBAQ/xAQEP8PDw//Dw8P/w4ODv8ODg7/Dg4O/w0NDf8NDQ3/Dg4O/w4ODv8ODg7/Dg4O/w4ODv8NDQ3/DQ0N/w0NDf8MDAz/DAwM/wwMDP8MDAz/DAwM/wwMDP8NDQ3/DQ0N/w0NDf8NDQ3/DQ0N/wwMDP8NDQ3/DQ0N/w4ODv8ODg7/Dg4O/w4ODv8ODg7/Dg4O/w4ODv8ODg7/Dg4O/w4ODv8NDQ3/DQ0N/wwMDP8NDQ3/DQ0N/w0NDf8ODg7/Dg4O/w0NDf8ODg7/Dg4O/w4ODv8PDw//Dw8P/w8PD/8PDw//Dg4O/w8PD/8RERH/ExMT/xUVFf8XFxf/GBgY/xkZGf8ZGRn/GRkZ/xkZGf8aGhr/Ghoa/xsbG/8aGhr/GBgY/xcXF/8XFxf/FxcX/xcXF/8XFxf/GBgY/xgYGP8ZGRn/GRkZ/xkZGf8YGBj/GBgY/xkZGf8ZGRn/Ghoa/xoaGv8aGhr/Gxsb/xsbG/8bGxv/Gxsb/xsbG/8bGxv/Ghoa/xsbG/8bGxv/Gxsb/xsbG/8bGxv/Ghoa/xoaGv8YGBj/GRkZ/xkZGf8ZGRn/GRkZ/xoaGv8bGxv/HBwc/xsbG/8bGxv/Gxsb/xsbG/8bGxv/Gxsb/xsbG/8aGhr/Ghoa/xsbG/8eHh7/IyMj/ycnJ/8tLS3/MjIy/zk5Of85OTn/MzMz/zAwMP8uLi7/LS0t/zExMf8zMzP/MjIy/zExMf8wMDD/MDAw/zExMf8yMjL/MzMz/zU1Nf8zMzP/Ly8v/y4uLv8sLCz/Li4u/zMzM/84ODj/QEBA/0RERP9ERET/RUVF/0dHR/9ISEj/QkJC/zs7O/83Nzf/MjIy/zExMf8xMTH/NDQ0/zk5Of88PDz/Q0ND/0NDQ/9AQED/Pj4+/z8/P/8/Pz//Pz8//z4+Pv8+Pj7/Pj4+/zw8PP86Ojr/PDw8/0BAQP9CQkL/RkZG/0VFRf9DQ0P/QkJC/0BAQP8/Pz//Pz8//z4+Pv88PDz/PDw8/z8/P/9BQUH/QkJC/0NDQ/9FRUX/RkZG/0tLS/9SUlL/T09P/0tLS/9MTEz/T09P/09PT/9MTEz/TExM/0xMTP9MTEz/Tk5O/05OTv9PT0//T09P/05OTv9OTk7/UFBQ/1NTU/9MTEz/QkJC/0BAQP89PT3/Pj4+/z8/P/8/Pz//PT09/z4+Pv9CQkL/SEhI/1ZWVv9fX1//Xl5e/11dXf9ZWVn/VFRU/09PT/9JSUn/SkpK/0xMTP9OTk7/UVFR/1JSUv9RUVH/UFBQ/09PT/9MTEz/RUVF/0FBQf9BQUH/QUFB/0RERP9HR0f/SEhI/0hISP9OTk7/VVVV/1lZWf9fX1//YGBg/2JiYv9hYWH/XV1d/1xcXP9bW1v/Wlpa/1ZWVv9VVVX/VlZW/1hYWP9cXFz/YGBg/1tbW/9XV1f/Wlpa/15eXv9fX1//YGBg/11dXf9XV1f/V1dX/1paWv9XV1f/TU1N/0pKSv9OTk7/UFBQ/1FRUf9RUVH/Tk5O/0tLS/9LS0v/S0tL/09PT/9TU1P/VVVV/1hYWP9aWlr/X19f/1paWv9OTk7/Tk5O/1VVVf9WVlb/VFRU/1RUVP9XV1f/Wlpa/2BgYP9lZWX/V1dX/0dHR/9HR0f/RkZG/0tLS/9TU1P/U1NT/1BQUP9OTk7/S0tL/0pKSv9JSUn/SUlJ/0pKSv9KSkr/TExM/05OTv9WVlb/5+fn/8TExP+dnZ3/vb29/+fn5//q6ur/6+vr/9vb2/+7u7v/rq6u/5ubm/+ZmZn/pKSk/66urv/FxcX/0NDQ/8jIyP/AwMD/qKio/5CQkP+Kior/g4OD/3p6ev9vb2//aWlp/19fX/9paWn/fX19/4WFhf+NjY3/j4+P/42Njf+Kior/goKC/319ff94eHj/dnZ2/4SEhP+Tk5P/kpKS/5GRkf+MjIz/hoaG/4aGhv+Hh4f/lJSU/6+vr//AwMD/3d3d/9XV1f+lpaX/j4+P/4SEhP9+fn7/gYGB/4aGhv+pqan/zs7O/76+vv+qqqr/mZmZ/4KCgv+Dg4P/hoaG/4KCgv94eHj/eHh4/3p6ev+EhIT/np6e/66urv/AwMD/ycnJ/7y8vP+ysrL/srKy/7Kysv/Jycn/5OTk/8bGxv+ampr/hISE/2RkZP9gYGD/YWFh/2tra/+EhIT/hYWF/3BwcP9paWn/b29v/3t7e/+xsbH/3t7e/87Ozv+9vb3/y8vL/9zc3P/X19f/zs7O/8DAwP+np6f/n5+f/5OTk/+mpqb/2tra/+vr6//t7e3/5OTk/7u7u/+enp7/i4uL/3l5ef97e3v/fHx8/4+Pj/+lpaX/srKy/8PDw/++vr7/tbW1/8DAwP/a2tr/ysrK/5GRkf96enr/ampq/2BgYP9WVlb/UFBQ/1VVVf9aWlr/bGxs/4CAgP+mpqb/19fX/7e3t/+EhIT/dXV1/2FhYf9nZ2f/eHh4/3x8fP99fX3/fX19/35+fv+Dg4P/mZmZ/6ioqP+rq6v/ra2t/5mZmf+Dg4P/hISE/4aGhv9+fn7/cXFx/3Jycv91dXX/dnZ2/3h4eP92dnb/bm5u/2tra/9qamr/aWlp/2lpaf9sbGz/h4eH/6Kiov+xsbH/wsLC/7e3t/+pqan/j4+P/2hoaP9aWlr/R0dH/0ZGRv9LS0v/Wlpa/39/f/+QkJD/nZ2d/6CgoP+NjY3/gICA/4WFhf+Kior/f39//3Jycv9zc3P/dXV1/3Z2dv95eXn/hYWF/5ubm/+jo6P/rKys/7i4uP/U1NT/0tLS/6SkpP+MjIz/jo6O/4+Pj/+BgYH/dHR0/2VlZf9UVFT/Tk5O/0dHR/9JSUn/TExM/01NTf9OTk7/T09P/1BQUP9RUVH/U1NT/1dXV/9gYGD/ZGRk/2BgYP9cXFz/VVVV/09PT/9VVVX/XV1d/15eXv9fX1//XV1d/1lZWf9VVVX/TExM/01NTf9VVVX/VlZW/1RUVP9RUVH/RkZG/z8/P/9BQUH/Q0ND/1BQUP9dXV3/Z2dn/3Nzc/9oaGj/V1dX/0xMTP87Ozv/Ozs7/0BAQP9CQkL/RkZG/0tLS/9YWFj/XV1d/1paWv9YWFj/U1NT/09PT/9NTU3/SkpK/0VFRf9AQED/PT09/zo6Ov88PDz/Pj4+/0FBQf9GRkb/RUVF/0BAQP9AQED/RkZG/0lJSf9OTk7/UVFR/05OTv9LS0v/SEhI/0ZGRv9QUFD/XFxc/1xcXP9bW1v/V1dX/1FRUf9JSUn/Ozs7/zg4OP85OTn/QEBA/1VVVf9nZ2f/hYWF/5SUlP9vb2//TExM/0hISP9DQ0P/QkJC/0FBQf8+Pj7/Ojo6/zo6Ov87Ozv/Ojo6/zc3N/85OTn/QEBA/0NDQ/9GRkb/SUlJ/09PT/9SUlL/Tk5O/0pKSv9CQkL/Ojo6/zw8PP89PT3/PDw8/zo6Ov85OTn/Nzc3/zo6Ov9BQUH/Q0ND/0VFRf9HR0f/SkpK/0lJSf9DQ0P/Pj4+/z4+Pv9RUVH/T09P/0xMTP9OTk7/UVFR/1ZWVv9eXl7/X19f/2BgYP9paWn/fn5+/4GBgf97e3v/e3t7/4ODg/+EhIT/d3d3/29vb/+FhYX/m5ub/4SEhP9qamr/aWlp/2lpaf95eXn/kpKS/5WVlf+Xl5f/jIyM/3R0dP9ra2v/ZGRk/2NjY/9paWn/a2tr/2JiYv9cXFz/ZWVl/29vb/94eHj/g4OD/5ubm/+8vLz/sbGx/5qamv+Tk5P/ioqK/39/f/9paWn/ampq/39/f/+Hh4f/hISE/4eHh/+jo6P/uLi4/6urq/+enp7/lZWV/4uLi/+kpKT/xsbG/76+vv+tra3/np6e/4ODg/+Li4v/q6ur/6urq/+NjY3/enp6/2RkZP9XV1f/W1tb/2BgYP9ra2v/d3d3/3l5ef97e3v/cHBw/2BgYP9iYmL/Z2dn/2pqav9ubm7/cnJy/3l5ef92dnb/aWlp/2RkZP9oaGj/bm5u/39/f/+MjIz/cnJy/1hYWP9QUFD/SEhI/09PT/9bW1v/XV1d/2FhYf9jY2P/aGho/3R0dP+Tk5P/np6e/6Ojo/+ioqL/lJSU/4qKiv95eXn/ampq/2VlZf9fX1//Xl5e/1xcXP9fX1//ZGRk/3BwcP+FhYX/kJCQ/6Ghof+hoaH/mpqa/5iYmP+YmJj/m5ub/6Ojo/+mpqb/mJiY/4qKiv90dHT/XFxc/2JiYv9qamr/ZmZm/19fX/9lZWX/cnJy/3Nzc/9zc3P/dHR0/3Z2dv9+fn7/mZmZ/6Wlpf+dnZ3/lZWV/319ff9lZWX/aGho/2xsbP9nZ2f/YWFh/2BgYP9eXl7/ampq/4CAgP96enr/ZWVl/2VlZf9ycnL/f39//52dnf+srKz/qKio/6Ojo/+QkJD/fHx8/39/f/+CgoL/gICA/319ff9/f3//goKC/42Njf+goKD/kZGR/2lpaf9dXV3/WVlZ/15eXv9zc3P/fX19/3V1df9ycnL/ioqK/6Kiov+Li4v/cHBw/2hoaP9dXV3/c3Nz/5mZmf+VlZX/iIiI/4GBgf93d3f/hoaG/7u7u//R0dH/19fX/9fX1//BwcH/sbGx/8DAwP/Pz8//ycnJ/8HBwf+1tbX/pKSk/6qqqv+0tLT/oKCg/3Z2dv9tbW3/aWlp/2hoaP9paWn/bW1t/3p6ev+IiIj/qqqq/8LCwv+ampr/cHBw/2pqav9iYmL/eXl5/5qamv+ampr/mJiY/4eHh/9lZWX/X19f/2BgYP9lZWX/dnZ2/39/f/+JiYn/kJCQ/5mZmf+goKD/kJCQ/39/f/+QkJD/paWl/8HBwf/o6Oj/7Ozs/+7u7v/g4OD/wsLC/8jIyP/n5+f/7Ozs/93d3f/Ly8v/nJyc/4GBgf+Tk5P/oaGh/5CQkP9+fn7/iYmJ/5aWlv+rq6v/yMjI/8PDw/+2trb/qKio/4+Pj/+Ghob/fHx8/3Z2dv9ubm7/aWlp/2JiYv9fX1//bW1t/3l5ef+Hh4f/l5eX/4WFhf9vb2//bm5u/29vb/97e3v/kpKS/5iYmP+enp7/m5ub/4+Pj/+Dg4P/aGho/1paWv9UVFT/U1NT/2JiYv9wcHD/c3Nz/3Z2dv+CgoL/kpKS/5OTk/+Tk5P/n5+f/7W1tf/FxcX/4uLi/93d3f+8vLz/sbGx/7Gxsf+pqan/goKC/2hoaP9oaGj/aWlp/2tra/9sbGz/cHBw/3V1df+Hh4f/pKSk/7W1tf/R0dH/2tra/+bm5v/Y2Nj/q6ur/5+fn/+tra3/t7e3/8LCwv/Ly8v/2dnZ/1xcXP9YWFj/VFRU/11dXf9paWn/bm5u/3Nzc/9xcXH/a2tr/2FhYf9OTk7/R0dH/0JCQv9AQED/QUFB/0NDQ/9KSkr/UFBQ/1JSUv9UVFT/Wlpa/2BgYP9hYWH/Y2Nj/19fX/9ZWVn/Wlpa/11dXf9fX1//YWFh/2FhYf9eXl7/YWFh/29vb/90dHT/ZWVl/1hYWP9RUVH/SkpK/05OTv9TU1P/V1dX/1xcXP9jY2P/bm5u/3BwcP9ycnL/cHBw/2tra/9sbGz/cHBw/29vb/9kZGT/XV1d/1xcXP9cXFz/Xl5e/2BgYP9ra2v/eHh4/29vb/9iYmL/Xl5e/1paWv9hYWH/cXFx/3x8fP+QkJD/jIyM/3Fxcf9nZ2f/bW1t/29vb/9hYWH/VlZW/09PT/9HR0f/VFRU/2NjY/9gYGD/XFxc/11dXf9eXl7/Wlpa/1FRUf9QUFD/UVFR/1ZWVv9mZmb/a2tr/2RkZP9gYGD/ZWVl/2lpaf9lZWX/YGBg/1hYWP9OTk7/Tk5O/1BQUP9TU1P/WVlZ/1xcXP9hYWH/ZWVl/2pqav9qamr/ZGRk/2BgYP9dXV3/XV1d/2pqav91dXX/eXl5/35+fv9/f3//gYGB/3t7e/9xcXH/dXV1/319ff92dnb/ZGRk/2VlZf9vb2//cnJy/3Fxcf92dnb/j4+P/6Kiov+3t7f/ysrK/6+vr/+Tk5P/hISE/3Fxcf9ubm7/a2tr/3Fxcf98fHz/eHh4/25ubv9sbGz/bW1t/3Nzc/+Hh4f/j4+P/4uLi/+Hh4f/gICA/3l5ef9ycnL/bGxs/2VlZf9bW1v/X19f/2VlZf9ycnL/iIiI/4eHh/9+fn7/enp6/3V1df96enr/kZGR/5eXl/96enr/ZWVl/2NjY/9iYmL/bW1t/3h4eP+CgoL/j4+P/52dnf+zs7P/pKSk/4SEhP96enr/bm5u/2pqav9nZ2f/ampq/3Z2dv95eXn/ZGRk/1RUVP9PT0//S0tL/1BQUP9XV1f/YmJi/3BwcP9vb2//bW1t/2FhYf9JSUn/Q0ND/z4+Pv88PDz/Ojo6/zg4OP82Njb/NDQ0/zQ0NP80NDT/MjIy/zExMf8xMTH/MjIy/zIyMv8yMjL/MTEx/y8vL/8vLy//MDAw/zAwMP8wMDD/MDAw/zAwMP8wMDD/MDAw/zAwMP8wMDD/MDAw/zY2Nv89PT3/OTk5/zQ0NP8zMzP/MjIy/zIyMv8xMTH/MTEx/zExMf8xMTH/MTEx/zIyMv80NDT/NDQ0/zMzM/8yMjL/MjIy/zMzM/8yMjL/MjIy/zIyMv8xMTH/MTEx/zAwMP8wMDD/MDAw/zAwMP8vLy//Ly8v/zAwMP8wMDD/MTEx/zExMf8yMjL/MjIy/zMzM/80NDT/NTU1/zY2Nv85OTn/PDw8/0FBQf9JSUn/Tk5O/1VVVf9kZGT/gYGB/4qKiv+Pj4//jIyM/319ff91dXX/cXFx/3Jycv+Dg4P/k5OT/4uLi/+BgYH/f39//319ff9xcXH/X19f/15eXv9gYGD/ZWVl/29vb/9zc3P/eXl5/3t7e/98fHz/enp6/3BwcP9paWn/ZWVl/2JiYv9aWlr/UVFR/05OTv9LS0v/VVVV/2VlZf9iYmL/Wlpa/11dXf9mZmb/aGho/2hoaP9qamr/b29v/3R0dP9+fn7/g4OD/3Z2dv9qamr/Z2dn/2VlZf9hYWH/XV1d/3V1df+cnJz/nZ2d/5mZmf+enp7/qqqq/7e3t//U1NT/0tLS/6mpqf+QkJD/f39//3BwcP9hYWH/ERER/xAQEP8QEBD/EBAQ/xAQEP8QEBD/EBAQ/xAQEP8PDw//Dw8P/w8PD/8PDw//Dw8P/w8PD/8QEBD/EBAQ/w8PD/8PDw//Dg4O/w4ODv8ODg7/DQ0N/w0NDf8ODg7/Dg4O/w4ODv8ODg7/Dg4O/w4ODv8NDQ3/DQ0N/wwMDP8MDAz/DAwM/wwMDP8MDAz/DAwM/wwMDP8NDQ3/DQ0N/w0NDf8NDQ3/DAwM/wwMDP8NDQ3/DQ0N/w4ODv8ODg7/Dg4O/w4ODv8ODg7/Dg4O/w4ODv8ODg7/DQ0N/w0NDf8NDQ3/DAwM/w0NDf8NDQ3/DQ0N/w0NDf8NDQ3/DQ0N/w0NDf8ODg7/Dg4O/w8PD/8PDw//Dw8P/w8PD/8ODg7/Dg4O/xEREf8TExP/FRUV/xcXF/8YGBj/GRkZ/xkZGf8ZGRn/GRkZ/xoaGv8aGhr/Gxsb/xoaGv8YGBj/FxcX/xcXF/8XFxf/FxcX/xcXF/8YGBj/GBgY/xkZGf8ZGRn/GRkZ/xgYGP8YGBj/GRkZ/xkZGf8aGhr/Ghoa/xoaGv8aGhr/Gxsb/xsbG/8bGxv/Gxsb/xoaGv8aGhr/Gxsb/xsbG/8bGxv/Ghoa/xoaGv8ZGRn/GRkZ/xgYGP8YGBj/GRkZ/xkZGf8ZGRn/Ghoa/xsbG/8cHBz/HBwc/xwcHP8cHBz/HBwc/xwcHP8cHBz/Gxsb/xoaGv8aGhr/Gxsb/x4eHv8jIyP/Jycn/y0tLf8xMTH/ODg4/zg4OP8yMjL/MDAw/zAwMP8xMTH/NTU1/zc3N/81NTX/MzMz/zMzM/8yMjL/MzMz/zQ0NP82Njb/OTk5/zY2Nv8wMDD/Ly8v/y4uLv8wMDD/Nzc3/zs7O/9DQ0P/SEhI/0hISP9JSUn/SUlJ/0lJSf9BQUH/OTk5/zU1Nf8vLy//MDAw/zIyMv82Njb/PDw8/0BAQP9HR0f/RkZG/z8/P/88PDz/Ojo6/zk5Of86Ojr/Ozs7/zw8PP89PT3/Ojo6/zY2Nv85OTn/Pj4+/0FBQf9FRUX/RERE/0JCQv9BQUH/Pz8//0BAQP9CQkL/QkJC/z4+Pv89PT3/QEBA/0JCQv9ERET/R0dH/0lJSf9MTEz/UVFR/1hYWP9SUlL/SUlJ/0lJSf9KSkr/SkpK/0lJSf9ISEj/R0dH/0hISP9JSUn/SUlJ/0hISP9HR0f/SEhI/0hISP9NTU3/VFRU/0tLS/9AQED/PT09/zo6Ov87Ozv/Pz8//0BAQP9AQED/QUFB/0RERP9HR0f/T09P/1NTU/9SUlL/UlJS/1NTU/9VVVX/UFBQ/0tLS/9KSkr/SkpK/0tLS/9NTU3/T09P/1NTU/9TU1P/UFBQ/01NTf9FRUX/QkJC/0JCQv9BQUH/Q0ND/0VFRf9FRUX/RUVF/0xMTP9TU1P/VVVV/1hYWP9WVlb/UlJS/1NTU/9WVlb/WVlZ/15eXv9eXl7/Wlpa/1hYWP9XV1f/V1dX/1paWv9bW1v/V1dX/1JSUv9XV1f/Xl5e/2BgYP9iYmL/Xl5e/1dXV/9YWFj/W1tb/1hYWP9OTk7/SkpK/0tLS/9MTEz/Tk5O/05OTv9MTEz/SkpK/0pKSv9LS0v/T09P/1RUVP9XV1f/XV1d/19fX/9jY2P/W1tb/0hISP9GRkb/SkpK/0xMTP9PT0//UlJS/1paWv9gYGD/ZGRk/2hoaP9ZWVn/SEhI/0ZGRv9DQ0P/RkZG/0xMTP9NTU3/TU1N/0pKSv9GRkb/RUVF/0ZGRv9GRkb/RkZG/0ZGRv9HR0f/SUlJ/1NTU//e3t7/vb29/5iYmP+fn5//qamp/6urq/+urq7/q6ur/6ampv+goKD/lpaW/5KSkv+NjY3/j4+P/5mZmf+dnZ3/lZWV/4+Pj/+MjIz/iIiI/4uLi/+Ojo7/h4eH/39/f/9zc3P/YGBg/2NjY/9sbGz/d3d3/42Njf+bm5v/tbW1/7u7u/+vr6//qqqq/7a2tv+/v7//xMTE/8jIyP+9vb3/sbGx/7Ozs/+3t7f/rKys/5mZmf+hoaH/tra2/8fHx//n5+f/5+fn/9DQ0P+8vLz/lZWV/4GBgf+MjIz/l5eX/729vf/j4+P/3d3d/9bW1v/BwcH/paWl/6CgoP+cnJz/mZmZ/5SUlP+QkJD/ioqK/4uLi/+VlZX/nJyc/6qqqv+xsbH/q6ur/6ampv+jo6P/oaGh/7Ozs//Jycn/yMjI/8XFxf+4uLj/oaGh/5GRkf91dXX/cnJy/3l5ef92dnb/Z2dn/2NjY/9sbGz/eHh4/6SkpP/Jycn/ubm5/6enp/+kpKT/n5+f/6ioqP+1tbX/vLy8/8bGxv+4uLj/mJiY/5WVlf+hoaH/pKSk/6Ojo/+fn5//jIyM/35+fv9zc3P/aWlp/2tra/9tbW3/h4eH/6mpqf+ysrL/v7+//7q6uv+tra3/tbW1/8rKyv/FxcX/rq6u/6Wlpf+hoaH/m5ub/4uLi/+CgoL/kJCQ/5ycnP+ZmZn/lpaW/6Kiov+xsbH/oaGh/4mJif99fX3/a2tr/3Nzc/+Kior/i4uL/35+fv95eXn/eXl5/319ff+RkZH/oqKi/7a2tv/Jycn/pqam/39/f/98fHz/eXl5/3V1df9vb2//cnJy/3p6ev99fX3/goKC/4GBgf97e3v/dnZ2/2xsbP9mZmb/YmJi/2FhYf9oaGj/cHBw/3l5ef+Dg4P/f39//3h4eP9qamr/U1NT/09PT/9KSkr/TU1N/1dXV/9eXl7/bGxs/3Nzc/97e3v/fX19/3V1df9vb2//bm5u/25ubv9oaGj/YmJi/2hoaP9vb2//bGxs/2dnZ/9paWn/bW1t/3BwcP90dHT/enp6/4eHh/+IiIj/dnZ2/29vb/+AgID/jIyM/35+fv9vb2//aGho/2BgYP9aWlr/UVFR/1BQUP9PT0//UFBQ/1NTU/9WVlb/Xl5e/15eXv9aWlr/Wlpa/19fX/9jY2P/YmJi/2FhYf9XV1f/TExM/05OTv9QUFD/Wlpa/2lpaf9vb2//eXl5/3Nzc/9lZWX/ZGRk/2hoaP9nZ2f/YGBg/1lZWf9LS0v/Q0ND/0dHR/9LS0v/XFxc/21tbf9ubm7/b29v/3V1df9/f3//bm5u/09PT/9JSUn/RERE/0RERP9GRkb/SEhI/01NTf9PT0//Tk5O/05OTv9NTU3/TU1N/05OTv9OTk7/UlJS/1hYWP9OTk7/QEBA/z8/P/9AQED/RERE/0xMTP9LS0v/Q0ND/0JCQv9JSUn/T09P/15eXv9mZmb/VlZW/0dHR/9GRkb/RERE/01NTf9YWFj/V1dX/1NTU/9SUlL/UFBQ/09PT/9PT0//SkpK/z4+Pv88PDz/RUVF/01NTf9fX1//aGho/1RUVP9BQUH/Pz8//z09Pf88PDz/PDw8/zw8PP89PT3/QUFB/0dHR/9HR0f/Q0ND/0ZGRv9RUVH/U1NT/1FRUf9QUFD/Tk5O/01NTf9MTEz/SkpK/0RERP89PT3/QEBA/0RERP9BQUH/PDw8/z09Pf8+Pj7/QkJC/0lJSf9KSkr/SkpK/0pKSv9ISEj/R0dH/0NDQ/9BQUH/QUFB/11dXf9WVlb/Tk5O/1hYWP9mZmb/c3Nz/4WFhf9+fn7/bm5u/29vb/94eHj/eHh4/3R0dP92dnb/f39//4KCgv99fX3/e3t7/4ODg/+Li4v/f39//3Jycv9tbW3/aGho/3Fxcf9/f3//goKC/4SEhP9/f3//cnJy/3BwcP90dHT/dXV1/3Z2dv93d3f/dnZ2/3d3d/+IiIj/mpqa/5GRkf+Hh4f/ioqK/46Ojv+JiYn/gYGB/4KCgv+FhYX/f39//29vb/9wcHD/gYGB/4aGhv+AgID/f39//4yMjP+Xl5f/nZ2d/6Ojo/+goKD/nZ2d/6Ghof+mpqb/oKCg/5aWlv+QkJD/hoaG/46Ojv+lpaX/pKSk/4yMjP+AgID/e3t7/3h4eP9/f3//hISE/4ODg/+CgoL/d3d3/2pqav9ra2v/bGxs/25ubv9ycnL/d3d3/39/f/9+fn7/eHh4/3R0dP9ubm7/bGxs/3Fxcf90dHT/d3d3/3l5ef92dnb/cnJy/2NjY/9SUlL/UVFR/1BQUP9TU1P/V1dX/2RkZP9+fn7/jo6O/6urq/+xsbH/p6en/5+fn/+Tk5P/iYmJ/35+fv90dHT/bGxs/2NjY/9iYmL/YWFh/2VlZf9qamr/c3Nz/4GBgf+Xl5f/w8PD/8nJyf/BwcH/t7e3/6Ghof+ZmZn/pKSk/6qqqv+goKD/lpaW/4CAgP9paWn/ZmZm/2NjY/9eXl7/VVVV/11dXf9tbW3/dHR0/35+fv+Dg4P/i4uL/4+Pj/+Tk5P/k5OT/4iIiP+AgID/goKC/4ODg/+NjY3/l5eX/4SEhP9sbGz/ZWVl/1tbW/9iYmL/cHBw/3BwcP9qamr/bGxs/3Z2dv+Hh4f/tra2/83Nzf/Dw8P/ubm5/5ubm/9+fn7/i4uL/5mZmf+Ojo7/f39//35+fv98fHz/fX19/4GBgf97e3v/bW1t/2lpaf9mZmb/aGho/3BwcP90dHT/bm5u/2tra/94eHj/hYWF/3l5ef9ra2v/Z2dn/2BgYP9ra2v/fX19/35+fv98fHz/dHR0/2VlZf9ra2v/iYmJ/5qamv+srKz/srKy/5ubm/+Kior/l5eX/6Ojo/+hoaH/np6e/5ycnP+YmJj/rKys/83Nzf+9vb3/l5eX/4eHh/9xcXH/ampq/2hoaP9qamr/cXFx/3h4eP+Hh4f/kZGR/3x8fP9mZmb/X19f/1dXV/9vb2//kZGR/6Kiov+9vb3/qamp/3x8fP9xcXH/bW1t/21tbf9zc3P/dnZ2/3t7e/9/f3//h4eH/42Njf+FhYX/fX19/4CAgP+EhIT/l5eX/7Kysv++vr7/zs7O/8zMzP/Gxsb/0NDQ/+vr6//x8fH/6enp/9/f3/+/v7//qamp/5qamv+MjIz/iIiI/4WFhf+QkJD/np6e/7Ozs//R0dH/1tbW/9zc3P/V1dX/xsbG/7Gxsf+FhYX/dHR0/2xsbP9paWn/bGxs/29vb/97e3v/hoaG/5SUlP+jo6P/jY2N/3Fxcf9vb2//bW1t/3l5ef+NjY3/kJCQ/5CQkP+ZmZn/r6+v/6mpqf99fX3/ZmZm/15eXv9cXFz/c3Nz/4iIiP+IiIj/h4eH/4+Pj/+YmJj/mZmZ/5qamv+pqan/w8PD/9HR0f/m5ub/3t7e/7u7u/+vr6//rq6u/6enp/+IiIj/cnJy/3BwcP9ubm7/gYGB/5WVlf+kpKT/tra2/8LCwv/T09P/1dXV/9TU1P/T09P/0dHR/8rKyv+4uLj/s7Oz/7u7u//CwsL/1NTU/+Hh4f/f39//TU1N/05OTv9PT0//U1NT/1hYWP9aWlr/XV1d/1xcXP9ZWVn/VFRU/0tLS/9ISEj/RUVF/0VFRf9ISEj/S0tL/05OTv9SUlL/X19f/2xsbP9sbGz/bW1t/2VlZf9aWlr/VVVV/01NTf9OTk7/UFBQ/1JSUv9VVVX/V1dX/1lZWf9dXV3/ampq/3BwcP9tbW3/ampq/2BgYP9WVlb/U1NT/1BQUP9VVVX/XFxc/19fX/9lZWX/Y2Nj/15eXv9cXFz/W1tb/19fX/9tbW3/cXFx/2lpaf9nZ2f/cnJy/3p6ev9ycnL/ampq/3BwcP93d3f/bGxs/15eXv9bW1v/WVlZ/11dXf9lZWX/a2tr/3V1df9ycnL/YGBg/1lZWf9bW1v/XFxc/11dXf9cXFz/U1NT/0lJSf9OTk7/VFRU/1dXV/9cXFz/XFxc/1tbW/9dXV3/YGBg/19fX/9ZWVn/WVlZ/15eXv9eXl7/WVlZ/1dXV/9eXl7/Y2Nj/2hoaP9tbW3/ZWVl/1paWv9hYWH/a2tr/2xsbP9sbGz/a2tr/2tra/9paWn/ZmZm/2JiYv9WVlb/UFBQ/1JSUv9UVFT/X19f/2lpaf9oaGj/aGho/2dnZ/9lZWX/ZmZm/2dnZ/9xcXH/goKC/319ff9tbW3/aWlp/2lpaf9qamr/b29v/3V1df+FhYX/kJCQ/5eXl/+dnZ3/i4uL/3d3d/91dXX/cnJy/3Fxcf9vb2//cXFx/3R0dP92dnb/e3t7/4KCgv+Tk5P/lJSU/4eHh/9+fn7/dnZ2/3Fxcf9xcXH/cnJy/2xsbP9mZmb/YmJi/1xcXP9fX1//ZGRk/3Nzc/+NjY3/j4+P/4qKiv+Ghob/e3t7/3t7e/+EhIT/jIyM/52dnf+mpqb/jY2N/3V1df94eHj/fHx8/319ff9/f3//h4eH/5KSkv+JiYn/dnZ2/3Nzc/90dHT/c3Nz/3BwcP9zc3P/gYGB/4aGhv94eHj/bm5u/2tra/9oaGj/Z2dn/2ZmZv9vb2//enp6/3Nzc/9nZ2f/X19f/1FRUf9LS0v/Q0ND/0BAQP89PT3/Ozs7/zc3N/80NDT/NDQ0/zMzM/8yMjL/MjIy/zExMf8wMDD/MDAw/zExMf8wMDD/Ly8v/y8vL/8vLy//Ly8v/y8vL/8vLy//Ly8v/y8vL/8vLy//Ly8v/y4uLv8uLi7/MjIy/zY2Nv8zMzP/MDAw/zAwMP8wMDD/Ly8v/y8vL/8wMDD/MDAw/zExMf8xMTH/MTEx/zIyMv8yMjL/MTEx/zAwMP8xMTH/MTEx/zIyMv8yMjL/MjIy/zIyMv8xMTH/Ly8v/y8vL/8vLy//Ly8v/y8vL/8vLy//Ly8v/y8vL/8wMDD/MTEx/zExMf8yMjL/MzMz/zQ0NP82Njb/Nzc3/zo6Ov89PT3/QUFB/0hISP9OTk7/WFhY/2NjY/93d3f/fX19/4CAgP99fX3/cHBw/2pqav9tbW3/cnJy/4eHh/+ampr/iYmJ/3d3d/9+fn7/iIiI/3d3d/9dXV3/W1tb/1tbW/9dXV3/YGBg/2RkZP9tbW3/cnJy/3x8fP+AgID/fn5+/35+fv+CgoL/hYWF/3l5ef9ra2v/aGho/2RkZP9lZWX/Z2dn/2RkZP9fX1//YGBg/2RkZP9lZWX/ZmZm/2hoaP9ubm7/cnJy/3V1df92dnb/bW1t/2RkZP9gYGD/W1tb/1hYWP9UVFT/ZmZm/4KCgv+EhIT/hISE/4ODg/9/f3//g4OD/5CQkP+SkpL/hoaG/39/f/94eHj/cnJy/2hoaP8QEBD/EBAQ/w8PD/8PDw//Dw8P/w8PD/8PDw//Dw8P/w4ODv8ODg7/Dg4O/w4ODv8ODg7/Dg4O/w8PD/8PDw//Dg4O/w4ODv8ODg7/DQ0N/w0NDf8ODg7/Dg4O/w4ODv8ODg7/Dg4O/w4ODv8NDQ3/DQ0N/w0NDf8NDQ3/DAwM/wwMDP8MDAz/DAwM/wwMDP8MDAz/DAwM/wwMDP8NDQ3/DQ0N/w0NDf8NDQ3/DQ0N/w4ODv8ODg7/Dg4O/w4ODv8ODg7/DQ0N/w0NDf8NDQ3/DQ0N/w0NDf8ODg7/Dg4O/w0NDf8NDQ3/DQ0N/w4ODv8ODg7/Dg4O/w0NDf8NDQ3/DQ0N/w0NDf8ODg7/Dg4O/w4ODv8ODg7/Dg4O/w4ODv8ODg7/ERER/xMTE/8UFBT/FhYW/xcXF/8XFxf/FxcX/xgYGP8YGBj/GRkZ/xkZGf8aGhr/GRkZ/xcXF/8WFhb/FhYW/xcXF/8YGBj/GBgY/xkZGf8aGhr/Ghoa/xoaGv8aGhr/GRkZ/xkZGf8aGhr/Ghoa/xoaGv8aGhr/Gxsb/xsbG/8bGxv/Gxsb/xsbG/8aGhr/Gxsb/xsbG/8bGxv/Gxsb/xsbG/8bGxv/Ghoa/xgYGP8YGBj/FhYW/xcXF/8YGBj/GBgY/xkZGf8aGhr/Gxsb/xsbG/8bGxv/Gxsb/xsbG/8bGxv/Gxsb/xoaGv8aGhr/GRkZ/xoaGv8bGxv/Hx8f/yQkJP8qKir/MjIy/zU1Nf85OTn/OTk5/zc3N/82Njb/MzMz/zMzM/82Njb/ODg4/zg4OP84ODj/ODg4/zg4OP84ODj/OTk5/zg4OP83Nzf/NTU1/zExMf8xMTH/MTEx/zMzM/81NTX/Nzc3/zw8PP8/Pz//Pz8//0BAQP9BQUH/QUFB/zs7O/8zMzP/MjIy/zExMf8yMjL/NDQ0/zc3N/89PT3/Pz8//0FBQf9AQED/Ozs7/zg4OP83Nzf/Nzc3/zo6Ov88PDz/PT09/z4+Pv88PDz/Ojo6/zw8PP8+Pj7/QEBA/0JCQv9DQ0P/Q0ND/0NDQ/9DQ0P/Q0ND/0ZGRv9FRUX/QUFB/z8/P/8+Pj7/PT09/0FBQf9FRUX/SEhI/0xMTP9LS0v/SkpK/0dHR/9BQUH/QkJC/0RERP9GRkb/SkpK/0tLS/9LS0v/TExM/09PT/9RUVH/TU1N/0pKSv9ISEj/R0dH/0tLS/9PT0//SUlJ/0FBQf9AQED/Pj4+/z09Pf89PT3/Pj4+/0BAQP9CQkL/RkZG/0pKSv9QUFD/U1NT/05OTv9LS0v/TExM/01NTf9QUFD/UlJS/05OTv9HR0f/SEhI/0pKSv9NTU3/VFRU/1ZWVv9XV1f/V1dX/1dXV/9VVVX/S0tL/0ZGRv9LS0v/UFBQ/05OTv9MTEz/S0tL/0lJSf9LS0v/T09P/1JSUv9ZWVn/WVlZ/1hYWP9YWFj/WFhY/1hYWP9WVlb/VlZW/1dXV/9XV1f/VVVV/1JSUv9QUFD/TU1N/1JSUv9YWFj/WFhY/1hYWP9XV1f/VVVV/1hYWP9gYGD/XV1d/1FRUf9MTEz/SEhI/0dHR/9JSUn/S0tL/0lJSf9HR0f/SUlJ/0pKSv9OTk7/U1NT/1dXV/9bW1v/Wlpa/1hYWP9SUlL/RkZG/0NDQ/9ERET/RUVF/0hISP9KSkr/UFBQ/1VVVf9bW1v/YmJi/15eXv9aWlr/VVVV/1BQUP9NTU3/SUlJ/0hISP9HR0f/SEhI/0pKSv9MTEz/T09P/1BQUP9MTEz/S0tL/0xMTP9NTU3/TU1N/9jY2P+4uLj/lZWV/4qKiv99fX3/f39//4GBgf+JiYn/lpaW/5eXl/+Tk5P/jY2N/35+fv95eXn/enp6/3l5ef9ycnL/bW1t/3h4eP+Dg4P/jIyM/5eXl/+SkpL/ioqK/3t7e/9iYmL/YGBg/2BgYP9ubm7/jY2N/6Wlpf/S0tL/39/f/8/Pz//Kysr/4uLi//T09P/x8fH/7u7u/9vb2//Hx8f/zs7O/9nZ2f/Gxsb/pqam/6urq/+8vLz/zc3N/+3t7f/09PT/7u7u/9zc3P+hoaH/g4OD/5SUlP+kpKT/ysrK//Hx8f/y8vL/9PT0/93d3f+9vb3/tbW1/62trf+qqqr/qKio/6Kiov+VlZX/kZGR/46Ojv+QkJD/mpqa/6CgoP+fn5//nZ2d/5mZmf+VlZX/pKSk/7W1tf/IyMj/4+Pj/9vb2//MzMz/s7Oz/4KCgv93d3f/cXFx/2xsbP9hYWH/X19f/2lpaf92dnb/mpqa/7m5uf+pqan/mJiY/4iIiP90dHT/hoaG/6Ojo/+5ubn/29vb/8nJyf+bm5v/ioqK/3l5ef9ycnL/b29v/21tbf9qamr/Z2dn/2JiYv9eXl7/YGBg/2NjY/+Dg4P/q6ur/7Ozs/+9vb3/tra2/6enp/+tra3/vb29/8HBwf/CwsL/w8PD/8fHx//FxcX/sbGx/6ampv+6urr/y8vL/7m5uf+lpaX/np6e/5WVlf+RkZH/i4uL/4KCgv9zc3P/fX19/5eXl/+VlZX/f39//3Z2dv91dXX/eHh4/4yMjP+dnZ3/vr6+/9zc3P+urq7/fHx8/3Z2dv9vb2//bm5u/21tbf9zc3P/fn5+/4KCgv+JiYn/iYmJ/4SEhP9+fn7/bm5u/2RkZP9eXl7/Wlpa/1NTU/9NTU3/UVFR/1dXV/9WVlb/VlZW/1BQUP9GRkb/R0dH/0xMTP9TU1P/X19f/2FhYf9fX1//X19f/2JiYv9kZGT/ZGRk/2RkZP9fX1//WVlZ/1hYWP9XV1f/X19f/2pqav9lZWX/Wlpa/1VVVf9NTU3/S0tL/0xMTP9OTk7/UlJS/1RUVP9WVlb/XFxc/3d3d/+Li4v/e3t7/2tra/9qamr/aWlp/2JiYv9YWFj/VVVV/1FRUf9SUlL/VlZW/1xcXP9oaGj/aGho/19fX/9cXFz/X19f/2JiYv9jY2P/ZGRk/1dXV/9KSkr/SUlJ/0dHR/9YWFj/b29v/3x8fP+Ojo7/h4eH/3Z2dv9zc3P/dXV1/3Jycv9nZ2f/X19f/09PT/9GRkb/S0tL/1BQUP9kZGT/eHh4/3Jycv9ra2v/f39//5ycnP+Ghob/XV1d/1JSUv9HR0f/RUVF/0dHR/9HR0f/RUVF/0VFRf9GRkb/RkZG/0lJSf9MTEz/T09P/1FRUf9bW1v/aGho/1lZWf9DQ0P/QkJC/0FBQf9GRkb/UVFR/09PT/9FRUX/RERE/0tLS/9TU1P/aWlp/3R0dP9bW1v/RUVF/0RERP9CQkL/S0tL/1ZWVv9TU1P/Tk5O/05OTv9PT0//U1NT/11dXf9XV1f/QUFB/zo6Ov85OTn/Ozs7/0RERP9JSUn/QUFB/zk5Of85OTn/OTk5/zk5Of84ODj/Ozs7/z8/P/9FRUX/UVFR/1BQUP9MTEz/UFBQ/1xcXP9fX1//WVlZ/1RUVP9OTk7/SkpK/0pKSv9KSkr/RUVF/z8/P/9DQ0P/SUlJ/0VFRf8+Pj7/Pz8//0RERP9HR0f/Tk5O/09PT/9OTk7/TExM/0dHR/9FRUX/RERE/0NDQ/9DQ0P/ZmZm/1tbW/9PT0//YGBg/3V1df+Hh4f/oqKi/5WVlf95eXn/dHR0/3R0dP9zc3P/cHBw/3Jycv98fHz/gYGB/4KCgv+CgoL/gYGB/39/f/97e3v/d3d3/3BwcP9oaGj/a2tr/3Fxcf90dHT/d3d3/3Z2dv9ycnL/dHR0/39/f/+CgoL/f39//39/f/+EhIT/ioqK/6Ghof+4uLj/o6Oj/4uLi/9+fn7/bW1t/25ubv9vb2//dnZ2/4KCgv9/f3//c3Nz/3V1df+CgoL/hYWF/35+fv95eXn/fHx8/39/f/+SkpL/pqam/6enp/+pqan/np6e/5CQkP+Li4v/hYWF/4aGhv+IiIj/j4+P/6CgoP+enp7/i4uL/4SEhP+Li4v/kJCQ/5iYmP+enp7/lJSU/4qKiv92dnb/Xl5e/2dnZ/90dHT/d3d3/3t7e/+AgID/i4uL/4eHh/93d3f/cXFx/3Fxcf9ycnL/dnZ2/3h4eP9ycnL/bW1t/3h4eP+EhIT/cXFx/1paWv9TU1P/SUlJ/0tLS/9QUFD/ZWVl/42Njf+goKD/vLy8/76+vv+pqan/nZ2d/5GRkf+JiYn/goKC/3t7e/9xcXH/Z2dn/2ZmZv9lZWX/aWlp/29vb/90dHT/fX19/5ycnP/a2tr/5OTk/9zc3P/Nzc3/pqam/5aWlv+kpKT/rKys/6Wlpf+enp7/iYmJ/3Nzc/9qamr/X19f/1hYWP9OTk7/WFhY/2pqav90dHT/hYWF/46Ojv+ampr/m5ub/5CQkP+Hh4f/eHh4/3Fxcf+FhYX/mZmZ/6enp/+2trb/mZmZ/3R0dP9paWn/Wlpa/11dXf9mZmb/aWlp/25ubv9xcXH/eXl5/4yMjP/IyMj/4+Pj/9bW1v/IyMj/pKSk/39/f/+Tk5P/qKio/5eXl/+BgYH/fHx8/3d3d/9ycnL/ampq/2tra/9xcXH/cXFx/3BwcP9vb2//b29v/25ubv9qamr/Z2dn/2tra/9wcHD/bGxs/2hoaP9mZmb/ZGRk/2ZmZv9qamr/bW1t/3Nzc/9sbGz/WFhY/1hYWP9mZmb/c3Nz/46Ojv+YmJj/gICA/29vb/95eXn/hISE/4SEhP+FhYX/ioqK/5CQkP+urq7/3t7e/9HR0f+vr6//mpqa/3d3d/9sbGz/aWlp/2lpaf9ra2v/bW1t/25ubv9ubm7/ZmZm/15eXv9XV1f/T09P/2hoaP+Kior/qKio/9fX1//BwcH/i4uL/35+fv92dnb/c3Nz/3Fxcf9wcHD/cXFx/3Jycv96enr/gICA/39/f/99fX3/dnZ2/21tbf96enr/i4uL/5ycnP+2trb/vr6+/8jIyP/U1NT/7e3t//T09P/x8fH/7Ozs/9jY2P/Gxsb/n5+f/319ff+Dg4P/iYmJ/5WVlf+kpKT/ubm5/9fX1//k5OT/9/f3//X19f/s7Oz/z8/P/4qKiv9ycnL/ampq/2lpaf9zc3P/e3t7/4WFhf+Pj4//nZ2d/6ysrP+SkpL/cnJy/29vb/9sbGz/dnZ2/4mJif+Kior/hoaG/5eXl//FxcX/w8PD/4uLi/9vb2//ZmZm/2NjY/9/f3//mZmZ/5aWlv+Tk5P/mJiY/52dnf+enp7/n5+f/6+vr//MzMz/2NjY/+np6f/f39//urq6/66urv+tra3/p6en/4yMjP95eXn/dXV1/3Fxcf+QkJD/srKy/8jIyP/j4+P/6+vr//X19f/r6+v/1tbW/87Ozv/Dw8P/wcHB/8HBwf/BwcH/xMTE/8rKyv/h4eH/8PDw/+Tk5P9DQ0P/R0dH/0tLS/9LS0v/S0tL/0xMTP9NTU3/TU1N/0xMTP9LS0v/SUlJ/0hISP9HR0f/SUlJ/01NTf9QUFD/UVFR/1RUVP9oaGj/fX19/3l5ef92dnb/Z2dn/1NTU/9NTU3/RUVF/0VFRf9HR0f/SUlJ/0xMTP9PT0//VVVV/1paWv9mZmb/bm5u/3Nzc/93d3f/ampq/15eXv9XV1f/Tk5O/1RUVP9cXFz/XV1d/19fX/9aWlr/UFBQ/05OTv9QUFD/V1dX/2tra/9xcXH/bW1t/21tbf+BgYH/kJCQ/4CAgP9xcXH/c3Nz/3Z2dv9ra2v/W1tb/1paWv9ZWVn/Wlpa/11dXf9fX1//YmJi/19fX/9VVVX/UFBQ/09PT/9QUFD/WVlZ/2FhYf9WVlb/SkpK/0pKSv9KSkr/UVFR/1tbW/9bW1v/Wlpa/19fX/9ra2v/ampq/19fX/9bW1v/V1dX/1VVVf9SUlL/UVFR/1hYWP9eXl7/ampq/3d3d/9tbW3/YmJi/21tbf9+fn7/fX19/3h4eP91dXX/cXFx/2xsbP9kZGT/XFxc/0xMTP9FRUX/SUlJ/05OTv9XV1f/YGBg/1xcXP9YWFj/VVVV/1FRUf9XV1f/YGBg/25ubv+Ghob/goKC/3Jycv9sbGz/ZWVl/2VlZf9vb2//dXV1/319ff+Dg4P/gICA/3x8fP9xcXH/ZGRk/2tra/9zc3P/c3Nz/3Jycv9xcXH/bm5u/3V1df+EhIT/kpKS/62trf+rq6v/h4eH/3Jycv9nZ2f/YWFh/2dnZ/9tbW3/aGho/2JiYv9gYGD/XV1d/19fX/9iYmL/c3Nz/5CQkP+UlJT/k5OT/42Njf+AgID/e3t7/3t7e/+FhYX/tbW1/9PT0/+rq6v/goKC/4GBgf+AgID/e3t7/3R0dP93d3f/e3t7/3Z2dv9tbW3/b29v/3h4eP95eXn/dnZ2/3l5ef+JiYn/kJCQ/4eHh/+AgID/fn5+/319ff93d3f/cXFx/3h4eP+BgYH/dnZ2/2NjY/9eXl7/V1dX/1JSUv9ISEj/RERE/0BAQP89PT3/ODg4/zU1Nf80NDT/MzMz/zIyMv8yMjL/MTEx/y8vL/8vLy//MDAw/zAwMP8vLy//Ly8v/y4uLv8uLi7/Ly8v/y8vL/8vLy//Ly8v/y4uLv8uLi7/LS0t/y0tLf8vLy//MTEx/zAwMP8uLi7/Li4u/y4uLv8uLi7/Li4u/y8vL/8wMDD/MDAw/zExMf8xMTH/MDAw/zAwMP8vLy//Ly8v/zAwMP8wMDD/MTEx/zIyMv8yMjL/MjIy/zExMf8vLy//Ly8v/y8vL/8vLy//Ly8v/y8vL/8uLi7/Li4u/zAwMP8wMDD/MTEx/zIyMv8zMzP/NDQ0/zY2Nv84ODj/Ojo6/z09Pf9BQUH/R0dH/05OTv9ZWVn/YmJi/3BwcP9zc3P/dXV1/3Fxcf9mZmb/Y2Nj/2pqav9ycnL/ioqK/56env+Hh4f/b29v/319ff+QkJD/e3t7/1xcXP9ZWVn/WFhY/1dXV/9VVVX/WVlZ/2RkZP9tbW3/fHx8/4SEhP+JiYn/jY2N/5aWlv+enp7/j4+P/35+fv97e3v/dnZ2/3Fxcf9qamr/ZmZm/2JiYv9hYWH/YmJi/2NjY/9kZGT/Z2dn/21tbf9wcHD/b29v/21tbf9mZmb/YGBg/1tbW/9VVVX/UlJS/09PT/9cXFz/cHBw/3R0dP93d3f/cXFx/2JiYv9gYGD/YWFh/2VlZf9ubm7/c3Nz/3R0dP90dHT/bW1t/w8PD/8PDw//Dw8P/w8PD/8PDw//Dw8P/w4ODv8ODg7/Dg4O/w4ODv8ODg7/Dg4O/w4ODv8ODg7/Dg4O/w4ODv8NDQ3/DQ0N/w0NDf8NDQ3/DQ0N/w4ODv8ODg7/Dg4O/w4ODv8ODg7/Dg4O/w0NDf8NDQ3/DQ0N/w0NDf8MDAz/DAwM/wwMDP8MDAz/DAwM/wwMDP8MDAz/DAwM/wwMDP8NDQ3/DQ0N/w4ODv8ODg7/Dg4O/w4ODv8ODg7/Dg4O/w0NDf8NDQ3/DQ0N/w0NDf8NDQ3/DQ0N/w4ODv8ODg7/Dg4O/w4ODv8ODg7/Dg4O/w4ODv8ODg7/Dg4O/w0NDf8NDQ3/DQ0N/w0NDf8ODg7/Dg4O/w4ODv8ODg7/Dg4O/w4ODv8QEBD/EhIS/xQUFP8WFhb/FhYW/xYWFv8WFhb/FxcX/xcXF/8YGBj/GBgY/xkZGf8YGBj/FxcX/xYWFv8WFhb/FhYW/xgYGP8ZGRn/Ghoa/xsbG/8bGxv/Gxsb/xsbG/8aGhr/Ghoa/xoaGv8aGhr/Ghoa/xoaGv8bGxv/Gxsb/xsbG/8bGxv/Ghoa/xoaGv8bGxv/Gxsb/xsbG/8bGxv/Gxsb/xsbG/8aGhr/GBgY/xcXF/8VFRX/FhYW/xcXF/8YGBj/GRkZ/xkZGf8bGxv/Gxsb/xoaGv8aGhr/Gxsb/xsbG/8aGhr/GRkZ/xkZGf8ZGRn/Ghoa/xsbG/8fHx//JiYm/ywsLP82Njb/ODg4/zk5Of85OTn/Ojo6/zo6Ov81NTX/NDQ0/zc3N/85OTn/Ojo6/zs7O/87Ozv/PDw8/zw8PP88PDz/Ojo6/zY2Nv80NDT/MjIy/zIyMv80NDT/NDQ0/zQ0NP81NTX/Nzc3/zg4OP85OTn/Ojo6/zs7O/88PDz/NjY2/y8vL/8wMDD/MjIy/zMzM/81NTX/ODg4/z09Pf8+Pj7/PT09/zw8PP84ODj/NjY2/zU1Nf81NTX/Ojo6/z09Pf8+Pj7/Pj4+/z09Pf88PDz/PT09/z8/P/8/Pz//QEBA/0JCQv9ERET/RUVF/0VFRf9GRkb/SEhI/0hISP9DQ0P/QEBA/zw8PP86Ojr/Pz8//0RERP9ISEj/TExM/0dHR/9BQUH/Pz8//zw8PP89PT3/Pz8//0JCQv9LS0v/TU1N/05OTv9PT0//VFRU/1ZWVv9QUFD/TExM/0lJSf9GRkb/SUlJ/0xMTP9ISEj/QkJC/0JCQv9BQUH/Pz8//zs7O/88PDz/QUFB/0RERP9ISEj/S0tL/1FRUf9TU1P/TExM/0ZGRv9HR0f/SEhI/09PT/9YWFj/UFBQ/0ZGRv9GRkb/SEhI/0xMTP9VVVX/WFhY/1tbW/9eXl7/Y2Nj/2JiYv9SUlL/SUlJ/1FRUf9YWFj/VFRU/1BQUP9KSkr/QkJC/0VFRf9ISEj/UFBQ/11dXf9dXV3/WVlZ/1dXV/9UVFT/U1NT/1RUVP9UVFT/V1dX/1dXV/9RUVH/TExM/0tLS/9JSUn/Tk5O/1NTU/9SUlL/UFBQ/1FRUf9UVFT/WVlZ/2NjY/9gYGD/VFRU/05OTv9GRkb/RERE/0ZGRv9ISEj/R0dH/0VFRf9ISEj/SkpK/05OTv9TU1P/VlZW/1tbW/9XV1f/UFBQ/0xMTP9FRUX/QkJC/z8/P/8/Pz//Q0ND/0VFRf9JSUn/TU1N/1VVVf9dXV3/YWFh/2ZmZv9gYGD/WVlZ/1FRUf9GRkb/RERE/0NDQ/9GRkb/TU1N/1FRUf9WVlb/VlZW/1FRUf9OTk7/UFBQ/1BQUP9KSkr/yMjI/7Ozs/+bm5v/nJyc/52dnf+Pj4//eXl5/3x8fP+Ghob/lZWV/7W1tf+2trb/pKSk/5+fn/+np6f/pqam/46Ojv99fX3/hISE/4yMjP+lpaX/wsLC/8PDw//ExMT/sbGx/5OTk/+Ghob/c3Nz/319ff+cnJz/s7Oz/93d3f/s7Oz/5+fn/+bm5v/v7+//9PT0/+Xl5f/U1NT/vLy8/6Ghof+hoaH/o6Oj/6Wlpf+np6f/t7e3/9bW1v/k5OT/9vb2//n5+f/z8/P/5+fn/7+/v/+rq6v/uLi4/8PDw//Dw8P/xMTE/7+/v/+5ubn/tbW1/6+vr/+4uLj/yMjI/8DAwP+urq7/qKio/6SkpP+jo6P/pKSk/6Wlpf+kpKT/pqam/7CwsP+4uLj/srKy/6ysrP+kpKT/nJyc/6ysrP/Dw8P/urq6/6ioqP+Xl5f/eHh4/3BwcP9qamr/aGho/2lpaf9paWn/aGho/2tra/+AgID/kpKS/5aWlv+ampr/jo6O/4CAgP+FhYX/i4uL/5WVlf+kpKT/n5+f/5CQkP+Kior/goKC/3t7e/9sbGz/ZWVl/2JiYv9iYmL/bGxs/3Z2dv+JiYn/np6e/7S0tP/Pz8//xMTE/7Ozs/+ioqL/hoaG/4ODg/+Dg4P/hoaG/42Njf+RkZH/lpaW/5mZmf+dnZ3/oaGh/6+vr/+7u7v/o6Oj/4iIiP+BgYH/d3d3/3x8fP+CgoL/iIiI/5CQkP+VlZX/nJyc/5WVlf97e3v/cHBw/2dnZ/9mZmb/dHR0/4CAgP+UlJT/p6en/46Ojv9zc3P/cXFx/25ubv9wcHD/cnJy/3x8fP+MjIz/kJCQ/5OTk/+MjIz/enp6/3Jycv9tbW3/a2tr/25ubv9wcHD/cXFx/3Jycv9zc3P/dHR0/21tbf9jY2P/ZGRk/2ZmZv9hYWH/WFhY/1ZWVv9VVVX/VVVV/1VVVf9XV1f/Xl5e/2RkZP9vb2//dnZ2/3R0dP9xcXH/aGho/11dXf9iYmL/aGho/2ZmZv9jY2P/XFxc/1FRUf9VVVX/Y2Nj/3BwcP+Kior/j4+P/3x8fP9zc3P/fn5+/4aGhv95eXn/bW1t/2tra/9oaGj/YWFh/1dXV/9XV1f/V1dX/1lZWf9bW1v/ZGRk/3d3d/94eHj/a2tr/2dnZ/9ra2v/bGxs/2dnZ/9iYmL/YmJi/2JiYv9aWlr/UVFR/1VVVf9bW1v/YGBg/2lpaf9mZmb/Xl5e/19fX/9lZWX/ZWVl/2FhYf9bW1v/S0tL/0JCQv9DQ0P/RERE/1JSUv9gYGD/Y2Nj/2dnZ/9vb2//e3t7/3Fxcf9gYGD/XV1d/1tbW/9WVlb/SkpK/0VFRf9CQkL/QUFB/0JCQv9ERET/S0tL/1JSUv9SUlL/UlJS/1NTU/9UVFT/S0tL/zw8PP87Ozv/Ozs7/0BAQP9JSUn/SkpK/0dHR/9HR0f/SEhI/0tLS/9YWFj/Xl5e/1NTU/9JSUn/SEhI/0hISP9LS0v/Tk5O/0pKSv9ERET/RkZG/0pKSv9RUVH/Xl5e/1hYWP9AQED/ODg4/zU1Nf82Njb/PT09/0JCQv8/Pz//PT09/z4+Pv8/Pz//Pj4+/zw8PP8/Pz//Q0ND/0tLS/9ZWVn/VlZW/01NTf9NTU3/UVFR/1FRUf9LS0v/R0dH/0NDQ/9AQED/Q0ND/0VFRf9DQ0P/QUFB/0NDQ/9HR0f/SUlJ/0tLS/9MTEz/TExM/0xMTP9MTEz/S0tL/0hISP9GRkb/QkJC/0FBQf9CQkL/Q0ND/0NDQ/9ra2v/YmJi/1dXV/9sbGz/h4eH/5OTk/+lpaX/n5+f/5GRkf+Tk5P/mpqa/5aWlv+EhIT/fX19/3h4eP92dnb/c3Nz/3Fxcf9xcXH/cHBw/3Nzc/91dXX/dnZ2/3Z2dv9xcXH/aWlp/21tbf93d3f/fHx8/4WFhf+Hh4f/hoaG/4KCgv9zc3P/a2tr/25ubv9ycnL/hISE/5aWlv+UlJT/kZGR/4uLi/+EhIT/hISE/4SEhP9/f3//dXV1/3Jycv9xcXH/cXFx/3Fxcf9ycnL/dXV1/3d3d/97e3v/f39//4+Pj/+hoaH/oKCg/6CgoP+ZmZn/kJCQ/4iIiP99fX3/enp6/3Z2dv96enr/hoaG/4eHh/9/f3//fHx8/39/f/+Dg4P/i4uL/5GRkf+EhIT/d3d3/2pqav9bW1v/bGxs/4SEhP+EhIT/gYGB/3x8fP9zc3P/bGxs/2BgYP9dXV3/YGBg/2NjY/9qamr/b29v/3h4eP9/f3//fHx8/3p6ev9vb2//YWFh/1xcXP9VVVX/VlZW/1dXV/9iYmL/d3d3/4KCgv+Tk5P/l5eX/5KSkv+Pj4//jIyM/4qKiv+BgYH/eXl5/4GBgf+JiYn/jY2N/5KSkv+Kior/fX19/3d3d/9ubm7/fX19/5+fn/+kpKT/nJyc/5OTk/98fHz/c3Nz/3t7e/+CgoL/jY2N/5eXl/+UlJT/kZGR/4+Pj/+MjIz/e3t7/2FhYf9gYGD/Y2Nj/21tbf+Dg4P/k5OT/6+vr/+xsbH/lpaW/4eHh/98fHz/d3d3/4aGhv+Wlpb/r6+v/8vLy/+oqKj/e3t7/3R0dP9qamr/bm5u/3d3d/9+fn7/iYmJ/4uLi/+JiYn/jo6O/6Ojo/+tra3/qqqq/6ampv+RkZH/fHx8/4KCgv+IiIj/fX19/29vb/9tbW3/a2tr/2xsbP9tbW3/bW1t/21tbf9wcHD/eHh4/4ODg/+enp7/qKio/5KSkv+BgYH/eHh4/25ubv9ubm7/bm5u/3Jycv92dnb/d3d3/3l5ef95eXn/eXl5/3R0dP9nZ2f/aGho/3Nzc/96enr/hISE/4eHh/94eHj/bm5u/3d3d/+BgYH/gICA/4CAgP+Li4v/m5ub/6Ojo/+vr6//rKys/6ampv+jo6P/oKCg/56env+ampr/kpKS/3p6ev9sbGz/ZGRk/15eXv9gYGD/YmJi/19fX/9cXFz/a2tr/4GBgf+ampr/wMDA/62trf9+fn7/dnZ2/3h4eP94eHj/dnZ2/3Nzc/9tbW3/bGxs/319ff+NjY3/n5+f/7Kysv+YmJj/eXl5/3h4eP94eHj/g4OD/5aWlv+Xl5f/lZWV/5ycnP+tra3/t7e3/8fHx//Ozs7/zMzM/8XFxf+ioqL/hISE/4qKiv+QkJD/oaGh/7W1tf/Kysr/5+fn/+3t7f/z8/P/4uLi/76+vv+jo6P/cXFx/2BgYP9fX1//Y2Nj/3h4eP+Ghob/jo6O/5aWlv+np6f/urq6/56env98fHz/c3Nz/2hoaP9vb2//fX19/3p6ev9xcXH/eXl5/5SUlP+Wlpb/fHx8/3BwcP9vb2//cHBw/4GBgf+RkZH/nJyc/6ioqP+wsLD/u7u7/6+vr/+dnZ3/oKCg/6qqqv+8vLz/4eHh/+Xl5f/Z2dn/0tLS/8XFxf+6urr/oqKi/4+Pj/9+fn7/bm5u/4GBgf+Wlpb/p6en/7y8vP/Kysr/3t7e/+Li4v/k5OT/4eHh/9vb2//Pz8//tLS0/6urq/+urq7/srKy/729vf/Gxsb/x8fH/0ZGRv9MTEz/U1NT/1hYWP9dXV3/W1tb/1ZWVv9TU1P/TU1N/01NTf9OTk7/T09P/1JSUv9SUlL/UFBQ/05OTv9LS0v/S0tL/1lZWf9oaGj/aGho/2hoaP9lZWX/X19f/1lZWf9QUFD/Tk5O/0xMTP9OTk7/U1NT/1NTU/9RUVH/U1NT/1xcXP9hYWH/Y2Nj/2NjY/9cXFz/VVVV/1FRUf9NTU3/U1NT/1xcXP9dXV3/Xl5e/1dXV/9LS0v/SkpK/01NTf9SUlL/Xl5e/2NjY/9jY2P/ZmZm/3R0dP9/f3//dXV1/2pqav9vb2//dnZ2/2tra/9aWlr/V1dX/1JSUv9XV1f/YWFh/2NjY/9iYmL/Xl5e/1NTU/9QUFD/VVVV/1tbW/9qamr/dnZ2/2pqav9dXV3/VFRU/0pKSv9UVFT/Y2Nj/2pqav90dHT/cXFx/2lpaf9kZGT/Xl5e/1paWv9UVFT/UFBQ/0xMTP9KSkr/Tk5O/1NTU/9dXV3/Z2dn/2NjY/9dXV3/YWFh/2ZmZv9lZWX/Y2Nj/2JiYv9hYWH/X19f/1lZWf9YWFj/WVlZ/1hYWP9VVVX/U1NT/1RUVP9UVFT/UlJS/09PT/9NTU3/S0tL/1VVVf9kZGT/cnJy/4mJif+EhIT/dHR0/3BwcP9wcHD/cXFx/3h4eP97e3v/fn5+/39/f/94eHj/cnJy/29vb/9sbGz/dHR0/35+fv96enr/c3Nz/29vb/9qamr/bm5u/3d3d/9/f3//jY2N/4qKiv9xcXH/Y2Nj/1lZWf9UVFT/XV1d/2ZmZv9qamr/bm5u/2hoaP9hYWH/XV1d/1ZWVv9gYGD/cnJy/3V1df92dnb/d3d3/3t7e/96enr/dHR0/3Z2dv+QkJD/oKCg/5GRkf+Dg4P/jY2N/5mZmf+IiIj/cnJy/3d3d/+AgID/gYGB/4KCgv9/f3//eHh4/3Jycv9mZmb/ZGRk/25ubv91dXX/f39//4aGhv9/f3//d3d3/3BwcP9nZ2f/cXFx/35+fv95eXn/cXFx/3R0dP99fX3/cnJy/1VVVf9KSkr/QkJC/z4+Pv84ODj/NTU1/zIyMv8xMTH/MTEx/zExMf8wMDD/Ly8v/y8vL/8vLy//Ly8v/zAwMP8wMDD/MDAw/y8vL/8vLy//Li4u/y4uLv8uLi7/Ly8v/y8vL/8vLy//Ly8v/zAwMP8xMTH/MDAw/y8vL/8vLy//Ly8v/y8vL/8vLy//Ly8v/y8vL/8wMDD/MTEx/zExMf8yMjL/MjIy/zExMf8wMDD/MTEx/zExMf8yMjL/MzMz/zIyMv8yMjL/MTEx/zAwMP8vLy//Ly8v/y8vL/8vLy//Ly8v/y8vL/8wMDD/MTEx/zIyMv8zMzP/MzMz/zQ0NP81NTX/NjY2/zc3N/85OTn/PDw8/z8/P/9CQkL/RkZG/05OTv9YWFj/ampq/29vb/9xcXH/b29v/2dnZ/9lZWX/bGxs/3Nzc/+Hh4f/l5eX/4GBgf9qamr/fn5+/5eXl/+MjIz/e3t7/29vb/9bW1v/V1dX/1VVVf9aWlr/aGho/3BwcP9+fn7/hoaG/5CQkP+VlZX/jY2N/4WFhf98fHz/c3Nz/3x8fP+Hh4f/jY2N/5aWlv+IiIj/cHBw/2lpaf9kZGT/ZGRk/2hoaP9ra2v/cnJy/3V1df9xcXH/bGxs/2NjY/9bW1v/WFhY/1RUVP9aWlr/YGBg/3d3d/+bm5v/paWl/7Ozs/+qqqr/kpKS/42Njf+Ojo7/jIyM/4ODg/+AgID/h4eH/4uLi/97e3v/Dw8P/w8PD/8QEBD/Dw8P/w4ODv8ODg7/Dg4O/w4ODv8ODg7/Dg4O/w4ODv8ODg7/Dg4O/w4ODv8ODg7/Dg4O/w4ODv8ODg7/DQ0N/w0NDf8NDQ3/DQ0N/w0NDf8NDQ3/DQ0N/w0NDf8NDQ3/DQ0N/wwMDP8MDAz/DQ0N/w0NDf8NDQ3/DQ0N/wwMDP8MDAz/DAwM/wwMDP8MDAz/DAwM/w0NDf8NDQ3/DQ0N/w4ODv8ODg7/Dg4O/w4ODv8ODg7/Dg4O/w4ODv8ODg7/DQ0N/w0NDf8NDQ3/DQ0N/w0NDf8ODg7/Dg4O/w4ODv8ODg7/Dg4O/w4ODv8ODg7/Dg4O/w4ODv8ODg7/Dg4O/w4ODv8ODg7/Dg4O/w4ODv8ODg7/Dg4O/xAQEP8SEhL/ExMT/xUVFf8VFRX/FRUV/xYWFv8WFhb/FxcX/xcXF/8YGBj/GBgY/xcXF/8WFhb/FhYW/xYWFv8WFhb/FxcX/xkZGf8ZGRn/Ghoa/xoaGv8aGhr/Ghoa/xoaGv8aGhr/Ghoa/xoaGv8bGxv/Gxsb/xoaGv8aGhr/Ghoa/xoaGv8aGhr/Ghoa/xsbG/8bGxv/HBwc/xwcHP8bGxv/Ghoa/xoaGv8ZGRn/GBgY/xYWFv8WFhb/FhYW/xcXF/8ZGRn/Ghoa/xsbG/8bGxv/Gxsb/xsbG/8cHBz/HBwc/xsbG/8bGxv/Ghoa/xoaGv8aGhr/Gxsb/x8fH/8mJib/LCws/zY2Nv82Njb/NTU1/zQ0NP80NDT/MzMz/zAwMP8vLy//MTEx/zMzM/80NDT/NTU1/zg4OP87Ozv/Ozs7/zo6Ov84ODj/NjY2/zU1Nf80NDT/NTU1/zc3N/83Nzf/NTU1/zU1Nf81NTX/NjY2/zY2Nv83Nzf/Nzc3/zg4OP82Njb/NDQ0/zQ0NP80NDT/NjY2/zk5Of88PDz/QkJC/0FBQf89PT3/Ozs7/zk5Of85OTn/PT09/0BAQP9BQUH/QUFB/0BAQP8/Pz//Pj4+/z09Pf8+Pj7/Pz8//0BAQP9AQED/QEBA/0FBQf9BQUH/QEBA/0BAQP9CQkL/QkJC/0BAQP8/Pz//PT09/zw8PP89PT3/PT09/0FBQf9FRUX/R0dH/0pKSv9FRUX/PT09/z4+Pv9AQED/QkJC/0ZGRv9HR0f/R0dH/0hISP9LS0v/TExM/0tLS/9KSkr/SEhI/0dHR/9LS0v/UFBQ/0pKSv9CQkL/QEBA/zw8PP87Ozv/Ojo6/zs7O/9AQED/Q0ND/0dHR/9KSkr/TU1N/1BQUP9PT0//T09P/1BQUP9QUFD/UVFR/1NTU/9NTU3/RERE/0ZGRv9JSUn/TU1N/1RUVP9VVVX/U1NT/1RUVP9ZWVn/Wlpa/1FRUf9NTU3/UlJS/1ZWVv9TU1P/UVFR/05OTv9LS0v/TU1N/09PT/9RUVH/VVVV/1ZWVv9WVlb/V1dX/1tbW/9aWlr/U1NT/1BQUP9QUFD/UFBQ/1JSUv9TU1P/VlZW/1hYWP9aWlr/XFxc/1paWv9YWFj/VlZW/1JSUv9UVFT/Wlpa/1hYWP9QUFD/TExM/0dHR/9FRUX/SEhI/0pKSv9PT0//VFRU/1NTU/9SUlL/VFRU/1ZWVv9YWFj/Wlpa/1tbW/9eXl7/XFxc/1hYWP9WVlb/U1NT/1NTU/9WVlb/V1dX/1VVVf9UVFT/VVVV/1VVVf9WVlb/V1dX/1NTU/9NTU3/SUlJ/0JCQv9CQkL/Q0ND/0pKSv9YWFj/W1tb/1tbW/9ZWVn/T09P/0pKSv9KSkr/SUlJ/0dHR/+6urr/rq6u/6Ghof+rq6v/t7e3/5ycnP9xcXH/cXFx/3h4eP+UlJT/0dHR/9nZ2f/ExMT/wMDA/8zMzP/MzMz/pqam/4qKiv+Pj4//k5OT/7u7u//n5+f/7e3t//X19f/f39//vLy8/6ampv+CgoL/ioqK/6mpqf+/v7//5ubm//b29v/8/Pz//v7+//r6+v/19fX/2tra/7+/v/+ioqL/gYGB/3t7e/90dHT/iIiI/6mpqf/CwsL/7Ozs//f39//9/f3//f39//j4+P/w8PD/2NjY/83Nzf/X19f/3d3d/729vf+dnZ3/k5OT/4eHh/+Tk5P/o6Oj/7q6uv/f39//09PT/7Ozs/+urq7/sbGx/7Ozs/+3t7f/t7e3/62trf+qqqr/vr6+/87Ozv/Hx8f/v7+//6Wlpf+Ghob/lJSU/6mpqf+enp7/iYmJ/39/f/9vb2//aWlp/2NjY/9lZWX/cHBw/3Jycv9nZ2f/YWFh/2lpaf9xcXH/hYWF/5ubm/+UlJT/i4uL/4ODg/94eHj/dnZ2/3R0dP96enr/h4eH/4qKiv+Kior/goKC/2lpaf9eXl7/W1tb/11dXf90dHT/ioqK/6ysrP/Q0ND/3d3d/+3t7f/T09P/q6ur/5KSkv9qamr/X19f/1JSUv9UVFT/YWFh/2dnZ/9sbGz/dHR0/4uLi/+cnJz/paWl/62trf+QkJD/cHBw/2hoaP9eXl7/aWlp/3t7e/+MjIz/qqqq/6qqqv+hoaH/lJSU/3l5ef9ra2v/W1tb/1ZWVv9fX1//ZmZm/3BwcP96enr/c3Nz/2tra/9sbGz/bW1t/3Fxcf93d3f/g4OD/5mZmf+bm5v/mpqa/4+Pj/9ycnL/aGho/2xsbP9wcHD/e3t7/4ODg/+Kior/kpKS/5CQkP+NjY3/gICA/29vb/91dXX/gYGB/3d3d/9iYmL/Wlpa/01NTf9LS0v/TExM/1BQUP9bW1v/ZWVl/3h4eP+Ghob/hoaG/4aGhv91dXX/YWFh/2NjY/9nZ2f/aGho/2pqav9jY2P/VVVV/15eXv93d3f/jY2N/7q6uv/BwcH/nJyc/4eHh/+EhIT/gYGB/3h4eP9vb2//a2tr/2dnZ/9gYGD/V1dX/1hYWP9dXV3/Xl5e/2BgYP9qamr/g4OD/4WFhf91dXX/cHBw/3V1df92dnb/aWlp/2BgYP9ra2v/dnZ2/2lpaf9ZWVn/U1NT/0pKSv9JSUn/SUlJ/0lJSf9KSkr/Tk5O/1dXV/9aWlr/W1tb/1dXV/9JSUn/QEBA/z09Pf87Ozv/Q0ND/0tLS/9WVlb/ZGRk/2JiYv9fX1//YGBg/2JiYv9lZWX/bW1t/2RkZP9MTEz/RERE/z8/P/89PT3/Pz8//0JCQv9NTU3/V1dX/1VVVf9TU1P/TExM/0NDQ/8+Pj7/Nzc3/zY2Nv82Njb/Ojo6/0JCQv9FRUX/SUlJ/0lJSf9GRkb/RUVF/0lJSf9LS0v/TExM/0xMTP9MTEz/TU1N/0pKSv9HR0f/QkJC/zs7O/8+Pj7/RkZG/05OTv9eXl7/WFhY/z8/P/82Njb/MjIy/zExMf84ODj/PDw8/z4+Pv9AQED/QkJC/0RERP9CQkL/Pz8//0JCQv9HR0f/UFBQ/2BgYP9cXFz/Tk5O/0pKSv9HR0f/RERE/z8/P/88PDz/OTk5/zg4OP88PDz/QEBA/0FBQf9CQkL/Q0ND/0VFRf9MTEz/V1dX/1ZWVv9TU1P/T09P/0lJSf9HR0f/QkJC/0BAQP8+Pj7/Pj4+/0FBQf9DQ0P/Q0ND/29vb/9nZ2f/Xl5e/3Z2dv+Wlpb/nZ2d/6enp/+np6f/pqam/6ysrP+7u7v/tLS0/5WVlf+Ghob/dnZ2/2xsbP9mZmb/YmJi/2NjY/9kZGT/bGxs/3R0dP96enr/goKC/3Z2dv9iYmL/aGho/3Z2dv+CgoL/lpaW/5eXl/+MjIz/gYGB/2lpaf9bW1v/XFxc/15eXv9ra2v/eXl5/4eHh/+Xl5f/l5eX/5eXl/+Xl5f/lpaW/4eHh/9qamr/aGho/29vb/9tbW3/YmJi/2FhYf9ubm7/dnZ2/3p6ev9+fn7/jY2N/5ycnP+ampr/mJiY/5SUlP+Pj4//hoaG/3Z2dv9wcHD/Z2dn/2hoaP9xcXH/c3Nz/3V1df91dXX/dnZ2/3d3d/+AgID/hoaG/3d3d/9nZ2f/YGBg/1dXV/9vb2//kpKS/4+Pj/+Ghob/eHh4/15eXv9VVVX/TU1N/0xMTP9SUlL/V1dX/2BgYP9oaGj/fX19/46Ojv+AgID/cXFx/21tbf9nZ2f/ZGRk/19fX/9eXl7/XV1d/19fX/9kZGT/aGho/3BwcP92dnb/fX19/4KCgv+IiIj/ioqK/4CAgP94eHj/j4+P/6enp/+vr6//ubm5/6ampv+JiYn/eXl5/2BgYP9iYmL/bm5u/21tbf9mZmb/YWFh/1hYWP9VVVX/WVlZ/15eXv94eHj/kJCQ/52dnf+qqqr/rq6u/7Ozs/+ZmZn/cXFx/2hoaP9dXV3/Z2dn/4KCgv+YmJj/wcHB/8PDw/+cnJz/h4eH/4CAgP98fHz/h4eH/5KSkv+2trb/3d3d/7W1tf+CgoL/fX19/3h4eP99fX3/hoaG/4+Pj/+hoaH/oaGh/5eXl/+QkJD/hISE/35+fv+FhYX/iIiI/4GBgf96enr/c3Nz/2xsbP9nZ2f/YGBg/2BgYP9hYWH/ZmZm/29vb/9vb2//ampq/29vb/+AgID/lJSU/8bGxv/Z2dn/tbW1/5iYmP+Dg4P/bW1t/3BwcP9zc3P/e3t7/4aGhv+Ghob/hYWF/4ODg/9/f3//e3t7/3R0dP91dXX/fn5+/4GBgf98fHz/eHh4/3Jycv9ubm7/dnZ2/35+fv99fX3/fHx8/42Njf+lpaX/mpqa/4aGhv+NjY3/np6e/6urq//Dw8P/yMjI/8PDw/+1tbX/h4eH/2pqav9cXFz/UVFR/1tbW/9mZmb/ZmZm/2ZmZv9ubm7/enp6/42Njf+srKz/m5ub/3Nzc/9vb2//eXl5/3t7e/96enr/dnZ2/2lpaf9mZmb/gICA/5eXl/+6urr/39/f/7W1tf+CgoL/dnZ2/2dnZ/9ubm7/enp6/3Z2dv9qamr/bGxs/3Z2dv+Dg4P/o6Oj/7S0tP/BwcH/xMTE/6Wlpf+Kior/j4+P/5WVlf+qqqr/xMTE/9jY2P/19fX/9PT0/+/v7//S0tL/l5eX/319ff9bW1v/UVFR/1RUVP9dXV3/fHx8/5CQkP+Wlpb/nJyc/7CwsP/FxcX/qKio/4SEhP93d3f/ZGRk/2lpaf9zc3P/bW1t/15eXv9gYGD/a2tr/29vb/9wcHD/cXFx/3Z2dv97e3v/g4OD/4uLi/+hoaH/ubm5/8XFxf/U1NT/vr6+/5ubm/+UlJT/jY2N/6SkpP/a2tr/6urq//T09P/w8PD/2tra/8rKyv+1tbX/o6Oj/4aGhv9ra2v/dXV1/39/f/+Li4v/m5ub/6+vr//MzMz/2tra//Dw8P/y8vL/7+/v/9vb2/+pqan/mJiY/5ubm/+dnZ3/n5+f/6Kiov+urq7/SEhI/1FRUf9aWlr/YmJi/21tbf9nZ2f/Xl5e/1hYWP9PT0//T09P/1NTU/9WVlb/W1tb/1tbW/9SUlL/TU1N/0dHR/9DQ0P/TU1N/1dXV/9aWlr/XV1d/2JiYv9qamr/ZGRk/1paWv9WVlb/UVFR/1NTU/9YWFj/V1dX/05OTv9NTU3/U1NT/1dXV/9VVVX/U1NT/1BQUP9NTU3/TU1N/0xMTP9TU1P/XFxc/1xcXP9dXV3/VVVV/0dHR/9GRkb/SkpK/01NTf9TU1P/V1dX/1xcXP9gYGD/aWlp/3Fxcf9qamr/ZGRk/2xsbP92dnb/ampq/1paWv9UVFT/TExM/1RUVP9mZmb/Z2dn/2JiYv9cXFz/UlJS/1BQUP9bW1v/ZGRk/3h4eP+IiIj/e3t7/21tbf9dXV3/SkpK/1dXV/9paWn/dnZ2/4qKiv+AgID/ZmZm/2BgYP9eXl7/Wlpa/1BQUP9LS0v/R0dH/0RERP9GRkb/SEhI/1FRUf9aWlr/Wlpa/1lZWf9WVlb/UVFR/1FRUf9QUFD/UVFR/1RUVP9TU1P/UFBQ/1RUVP9kZGT/aWlp/19fX/9YWFj/UVFR/0tLS/9JSUn/R0dH/0ZGRv9FRUX/UlJS/2dnZ/91dXX/i4uL/4aGhv91dXX/c3Nz/3l5ef98fHz/f39//4GBgf9+fn7/fHx8/3Jycv9paWn/bW1t/3Jycv98fHz/iIiI/4CAgP90dHT/bm5u/2ZmZv9nZ2f/bGxs/25ubv9ycnL/bm5u/19fX/9VVVX/TU1N/0lJSf9VVVX/YGBg/2xsbP94eHj/b29v/2RkZP9bW1v/TExM/09PT/9YWFj/Wlpa/11dXf9lZWX/d3d3/3p6ev9vb2//ampq/3BwcP91dXX/fHx8/4ODg/+YmJj/r6+v/5SUlP9wcHD/d3d3/4WFhf+Li4v/lJSU/42Njf95eXn/bW1t/1lZWf9SUlL/V1dX/15eXv95eXn/jIyM/39/f/9ycnL/aWlp/19fX/9ra2v/enp6/3t7e/98fHz/h4eH/52dnf+NjY3/YGBg/1BQUP9ERET/Pj4+/zg4OP80NDT/MTEx/y8vL/8wMDD/MDAw/zAwMP8vLy//Ly8v/y8vL/8vLy//MDAw/zAwMP8xMTH/MDAw/y4uLv8uLi7/Li4u/y4uLv8vLy//Ly8v/zAwMP8wMDD/MTEx/zExMf8xMTH/MDAw/zAwMP8vLy//Ly8v/y8vL/8vLy//Ly8v/y8vL/8xMTH/MjIy/zMzM/80NDT/MjIy/zExMf8yMjL/MjIy/zMzM/8zMzP/MzMz/zIyMv8xMTH/MDAw/y8vL/8uLi7/Ly8v/zAwMP8wMDD/MDAw/zExMf8zMzP/NDQ0/zQ0NP80NDT/NTU1/zU1Nf81NTX/NjY2/zk5Of88PDz/PT09/z4+Pv9AQED/RERE/1BQUP9lZWX/a2tr/21tbf9sbGz/Z2dn/2dnZ/9ubm7/dHR0/4SEhP+RkZH/fHx8/2VlZf9+fn7/nZ2d/5ubm/+Wlpb/goKC/15eXv9YWFj/VVVV/1paWv9ra2v/dHR0/39/f/+IiIj/lpaW/5ycnP+FhYX/b29v/2xsbP9paWn/fHx8/5WVlf+lpaX/u7u7/6ampv97e3v/cHBw/2ZmZv9mZmb/ampq/25ubv93d3f/eXl5/3Jycv9sbGz/YWFh/1ZWVv9VVVX/VFRU/2BgYP9vb2//j4+P/7+/v//Pz8//5ubm/9vb2/+7u7v/s7Oz/7S0tP+tra3/lJSU/4qKiv+YmJj/n5+f/4eHh/8PDw//Dw8P/xAQEP8PDw//Dg4O/w4ODv8ODg7/Dg4O/w4ODv8ODg7/Dw8P/w8PD/8ODg7/Dg4O/w8PD/8PDw//Dg4O/w4ODv8NDQ3/DQ0N/w0NDf8MDAz/DAwM/wwMDP8MDAz/DAwM/wwMDP8MDAz/DAwM/wwMDP8MDAz/Dg4O/w4ODv8NDQ3/DQ0N/wwMDP8MDAz/DAwM/wwMDP8MDAz/DQ0N/w0NDf8NDQ3/DQ0N/w4ODv8ODg7/Dg4O/w4ODv8ODg7/Dg4O/w4ODv8ODg7/DQ0N/w0NDf8NDQ3/DQ0N/w4ODv8ODg7/Dg4O/w4ODv8ODg7/Dg4O/w4ODv8ODg7/Dg4O/w4ODv8ODg7/Dw8P/w8PD/8ODg7/Dg4O/w4ODv8ODg7/EBAQ/xEREf8TExP/FBQU/xQUFP8UFBT/FRUV/xYWFv8WFhb/FxcX/xcXF/8XFxf/FxcX/xYWFv8WFhb/FRUV/xUVFf8XFxf/GBgY/xkZGf8ZGRn/GRkZ/xoaGv8aGhr/Ghoa/xoaGv8aGhr/Ghoa/xsbG/8bGxv/Ghoa/xoaGv8aGhr/Ghoa/xoaGv8aGhr/Gxsb/xsbG/8cHBz/HR0d/xwcHP8aGhr/Ghoa/xkZGf8YGBj/FxcX/xcXF/8WFhb/FxcX/xkZGf8aGhr/Gxsb/xsbG/8cHBz/HBwc/x0dHf8dHR3/HBwc/xwcHP8bGxv/Ghoa/xoaGv8bGxv/ICAg/yYmJv8sLCz/NjY2/zU1Nf8yMjL/MDAw/y8vL/8uLi7/LCws/ysrK/8sLCz/LS0t/y8vL/8wMDD/NTU1/zs7O/86Ojr/ODg4/zc3N/81NTX/NTU1/zY2Nv83Nzf/Ojo6/zo6Ov82Njb/NTU1/zQ0NP80NDT/NDQ0/zQ0NP80NDT/NDQ0/zY2Nv85OTn/ODg4/zY2Nv85OTn/PT09/0BAQP9GRkb/RERE/z09Pf87Ozv/Ojo6/zw8PP9FRUX/SUlJ/0dHR/9FRUX/QkJC/z8/P/8/Pz//Pj4+/z8/P/9AQED/QEBA/0BAQP8/Pz//Pj4+/z09Pf87Ozv/Ozs7/z09Pf89PT3/PT09/z09Pf8+Pj7/Pj4+/zs7O/84ODj/Ozs7/z8/P/9HR0f/UVFR/0tLS/8+Pj7/Pj4+/0FBQf9BQUH/QkJC/0JCQv9CQkL/QkJC/0NDQ/9ERET/RkZG/0hISP9ISEj/SEhI/01NTf9UVFT/TExM/0JCQv8+Pj7/OTk5/zg4OP85OTn/Ozs7/0BAQP9CQkL/RkZG/0lJSf9LS0v/TU1N/1JSUv9XV1f/V1dX/1dXV/9TU1P/Tk5O/0pKSv9DQ0P/RUVF/0pKSv9NTU3/VFRU/1JSUv9MTEz/TExM/1FRUf9TU1P/UVFR/1BQUP9SUlL/VFRU/1NTU/9SUlL/UlJS/1NTU/9UVFT/VVVV/1NTU/9PT0//UFBQ/1NTU/9YWFj/YWFh/2BgYP9TU1P/TU1N/0pKSv9KSkr/UlJS/1lZWf9fX1//ZWVl/2VlZf9kZGT/YmJi/15eXv9ZWVn/UVFR/1FRUf9TU1P/UVFR/01NTf9LS0v/R0dH/0ZGRv9JSUn/TExM/1dXV/9gYGD/XV1d/1lZWf9ZWVn/WVlZ/1lZWf9ZWVn/X19f/2lpaf9qamr/aGho/2ZmZv9kZGT/ZGRk/2ZmZv9mZmb/X19f/1lZWf9UVFT/T09P/01NTf9LS0v/SEhI/0NDQ/9CQkL/Pz8//0FBQf9ERET/TU1N/2BgYP9jY2P/X19f/1paWv9OTk7/R0dH/0VFRf9DQ0P/RkZG/6enp/+lpaX/o6Oj/6ampv+rq6v/lpaW/3V1df91dXX/e3t7/5GRkf/BwcH/zMzM/8nJyf/IyMj/xsbG/8PDw/+0tLT/qamp/6CgoP+YmJj/r6+v/8rKyv/Ozs7/1NTU/7+/v/+dnZ3/mJiY/5OTk/+Wlpb/n5+f/6qqqv/BwcH/zs7O/9vb2//j4+P/4+Pj/+Hh4f/Q0ND/v7+//6urq/+VlZX/mJiY/52dnf+ioqL/qqqq/7e3t//Q0ND/1dXV/9nZ2f/X19f/zs7O/83Nzf/X19f/3t7e/+Tk5P/m5ub/x8fH/6ampv+hoaH/nJyc/52dnf+fn5//qqqq/7y8vP+3t7f/qKio/6SkpP+fn5//np6e/52dnf+bm5v/kpKS/4+Pj/+goKD/ra2t/6qqqv+np6f/qqqq/66urv+lpaX/l5eX/46Ojv+AgID/gICA/4ODg/99fX3/a2tr/2lpaf90dHT/fHx8/4uLi/+VlZX/oaGh/6urq/+mpqb/oaGh/5ubm/+UlJT/iIiI/3Z2dv99fX3/i4uL/5KSkv+fn5//m5ub/4uLi/+Ghob/hoaG/4mJif+ZmZn/paWl/6ysrP+zs7P/vr6+/8vLy//ExMT/u7u7/6ampv+Ghob/dnZ2/15eXv9XV1f/UFBQ/1FRUf9YWFj/XFxc/2BgYP9mZmb/dnZ2/4KCgv+Li4v/lJSU/4aGhv92dnb/cHBw/2pqav9ubm7/dXV1/4iIiP+oqKj/p6en/5iYmP+Li4v/cXFx/2ZmZv9gYGD/Xl5e/2NjY/9oaGj/dXV1/4GBgf+Li4v/l5eX/46Ojv+BgYH/iIiI/5OTk/+Wlpb/mZmZ/5eXl/+QkJD/jo6O/4+Pj/+Ojo7/iIiI/4aGhv+Ghob/hoaG/4eHh/+Hh4f/fn5+/3Nzc/9vb2//ampq/3d3d/+Kior/gICA/2pqav9jY2P/XFxc/19fX/9tbW3/dnZ2/4aGhv+MjIz/goKC/3l5ef90dHT/bm5u/2RkZP9YWFj/Wlpa/1xcXP9eXl7/YWFh/2NjY/9nZ2f/a2tr/3BwcP97e3v/l5eX/5ubm/+Dg4P/dnZ2/3t7e/9+fn7/dXV1/2xsbP9tbW3/bm5u/2ZmZv9aWlr/V1dX/1JSUv9VVVX/W1tb/2FhYf9qamr/aWlp/15eXv9cXFz/ZGRk/2hoaP9nZ2f/ZmZm/25ubv93d3f/b29v/2ZmZv9cXFz/Tk5O/05OTv9QUFD/U1NT/1lZWf9cXFz/Xl5e/19fX/9fX1//W1tb/05OTv9FRUX/Q0ND/0FBQf9ISEj/T09P/1ZWVv9eXl7/Xl5e/15eXv9dXV3/W1tb/1tbW/9dXV3/WFhY/0pKSv9HR0f/SUlJ/0pKSv9MTEz/TU1N/09PT/9QUFD/TU1N/0tLS/9GRkb/QEBA/zw8PP82Njb/NjY2/zY2Nv88PDz/SEhI/01NTf9RUVH/UFBQ/0hISP9FRUX/SkpK/01NTf9KSkr/SEhI/0xMTP9PT0//T09P/09PT/9OTk7/Tk5O/0pKSv9DQ0P/R0dH/1FRUf9PT0//QkJC/z4+Pv89PT3/Pj4+/0ZGRv9LS0v/SUlJ/0hISP9SUlL/Xl5e/1dXV/9OTk7/TExM/0lJSf9LS0v/T09P/01NTf9HR0f/RkZG/0ZGRv9GRkb/Q0ND/0JCQv9GRkb/SUlJ/0lJSf9JSUn/SEhI/0dHR/9ERET/QEBA/0NDQ/9ISEj/SkpK/0xMTP9MTEz/S0tL/0hISP9BQUH/Pj4+/zw8PP87Ozv/Ozs7/zs7O/87Ozv/bW1t/3Fxcf92dnb/k5OT/7q6uv+ysrL/o6Oj/5mZmf+IiIj/ioqK/5aWlv+Wlpb/j4+P/4iIiP91dXX/a2tr/3BwcP90dHT/gYGB/46Ojv+Hh4f/fn5+/3h4eP9xcXH/bm5u/2lpaf9tbW3/dXV1/39/f/+RkZH/kpKS/4aGhv9/f3//dnZ2/3Jycv96enr/f39//35+fv99fX3/gICA/4SEhP+Kior/k5OT/5GRkf+NjY3/goKC/21tbf9tbW3/d3d3/3R0dP9lZWX/YWFh/2pqav9xcXH/fn5+/4mJif+Pj4//lpaW/4+Pj/+IiIj/kJCQ/5ycnP+VlZX/iYmJ/4CAgP9vb2//cXFx/3x8fP+CgoL/i4uL/42Njf+JiYn/h4eH/4+Pj/+UlJT/jIyM/4ODg/92dnb/aGho/3l5ef+RkZH/j4+P/4eHh/9+fn7/a2tr/2NjY/9WVlb/U1NT/1hYWP9aWlr/XFxc/2BgYP9wcHD/f39//4qKiv+VlZX/lJSU/5SUlP+IiIj/eHh4/29vb/9iYmL/Z2dn/3V1df9+fn7/jY2N/5CQkP+NjY3/ioqK/4ODg/99fX3/dXV1/29vb/+Ghob/np6e/6Kiov+np6f/m5ub/4qKiv96enr/YWFh/19fX/9hYWH/YmJi/2RkZP9kZGT/YWFh/2BgYP9kZGT/Z2dn/3Jycv99fX3/hISE/4yMjP+cnJz/sLCw/6Kiov+MjIz/fHx8/2BgYP9iYmL/bm5u/3x8fP+cnJz/oKCg/4mJif99fX3/eHh4/3Z2dv98fHz/goKC/6enp//Q0ND/u7u7/5+fn/+goKD/pKSk/5qamv+Ghob/goKC/4GBgf+AgID/f39//39/f/9+fn7/f39//4yMjP+UlJT/j4+P/4qKiv99fX3/b29v/3BwcP9zc3P/cHBw/2xsbP9vb2//dnZ2/3x8fP+Hh4f/jIyM/5CQkP+Wlpb/paWl/6mpqf+VlZX/hYWF/3d3d/9paWn/b29v/3V1df9zc3P/cXFx/3V1df99fX3/gYGB/4eHh/+CgoL/dXV1/3l5ef+RkZH/mZmZ/5OTk/+QkJD/j4+P/46Ojv+NjY3/i4uL/4qKiv+IiIj/jIyM/5KSkv+Kior/fX19/35+fv+EhIT/jIyM/52dnf+np6f/tbW1/6+vr/+Dg4P/aGho/11dXf9UVFT/YGBg/2xsbP9nZ2f/YWFh/2ZmZv9sbGz/e3t7/5KSkv+JiYn/cnJy/3Nzc/9/f3//gYGB/3x8fP95eXn/cXFx/3BwcP+EhIT/lpaW/7a2tv/X19f/srKy/4eHh/+Hh4f/iYmJ/5KSkv+jo6P/mJiY/39/f/+EhIT/nZ2d/6Ghof+ZmZn/lpaW/5ycnP+cnJz/iIiI/3h4eP9/f3//h4eH/5iYmP+srKz/uLi4/8fHx//AwMD/srKy/5+fn/95eXn/ampq/1lZWf9XV1f/ZWVl/3V1df+enp7/t7e3/62trf+jo6P/n5+f/5ubm/+Kior/dHR0/3V1df93d3f/hISE/5ubm/+Tk5P/fX19/3h4eP93d3f/eXl5/4ODg/+FhYX/fHx8/3Z2dv94eHj/e3t7/5CQkP+np6f/srKy/8DAwP+xsbH/mZmZ/5OTk/+Li4v/nJyc/8TExP/W1tb/7u7u//Pz8//r6+v/5OTk/9bW1v/Jycn/q6ur/46Ojv+Li4v/h4eH/4+Pj/+bm5v/sbGx/9LS0v/Z2dn/4uLi/9zc3P/MzMz/v7+//6Wlpf+goKD/r6+v/7Ozs/+jo6P/mJiY/6CgoP9UVFT/WFhY/1xcXP9dXV3/XV1d/1paWv9VVVX/U1NT/1BQUP9SUlL/WFhY/1paWv9cXFz/Wlpa/1FRUf9MTEz/SUlJ/0hISP9QUFD/WFhY/1tbW/9dXV3/Xl5e/2BgYP9dXV3/WVlZ/11dXf9mZmb/ampq/3Fxcf9tbW3/XV1d/1hYWP9aWlr/XV1d/2JiYv9mZmb/YGBg/1lZWf9bW1v/Xl5e/11dXf9dXV3/Y2Nj/2xsbP9lZWX/VlZW/1dXV/9gYGD/YmJi/2FhYf9jY2P/bW1t/3Z2dv+BgYH/iIiI/3p6ev9ra2v/ampq/2lpaf9lZWX/YWFh/1paWv9PT0//U1NT/15eXv9dXV3/VlZW/1JSUv9NTU3/TU1N/1ZWVv9eXl7/bW1t/3h4eP91dXX/cnJy/2RkZP9TU1P/YmJi/3h4eP9/f3//h4eH/319ff9mZmb/Xl5e/1hYWP9UVFT/TU1N/0pKSv9ISEj/R0dH/0hISP9LS0v/VlZW/2FhYf9iYmL/Y2Nj/2BgYP9dXV3/YmJi/2tra/9mZmb/Wlpa/1ZWVv9RUVH/V1dX/25ubv92dnb/bm5u/2hoaP9jY2P/Xl5e/1dXV/9PT0//T09P/1BQUP9ZWVn/ZmZm/2pqav9wcHD/bW1t/2RkZP9jY2P/ZmZm/2pqav9xcXH/dHR0/3V1df91dXX/cHBw/2tra/9ycnL/enp6/35+fv+Dg4P/fX19/3Jycv9xcXH/cHBw/3V1df9/f3//f39//3l5ef91dXX/bW1t/2ZmZv9aWlr/U1NT/11dXf9lZWX/bGxs/3R0dP9tbW3/ZGRk/1xcXP9QUFD/UVFR/1VVVf9YWFj/XV1d/2RkZP90dHT/eHh4/3Jycv9vb2//bm5u/29vb/95eXn/g4OD/5WVlf+oqKj/lJSU/3h4eP99fX3/h4eH/42Njf+Xl5f/j4+P/3h4eP9vb2//Y2Nj/2BgYP9hYWH/ZGRk/25ubv91dXX/bGxs/2RkZP9kZGT/ZGRk/2NjY/9iYmL/Y2Nj/2VlZf9tbW3/fHx8/3Jycv9TU1P/SEhI/0BAQP88PDz/Nzc3/zQ0NP8yMjL/MDAw/zAwMP8wMDD/MDAw/zAwMP8wMDD/MDAw/y8vL/8wMDD/Ly8v/y8vL/8vLy//Ly8v/y8vL/8uLi7/Li4u/y4uLv8vLy//Ly8v/y8vL/8vLy//MDAw/y8vL/8vLy//Ly8v/y8vL/8vLy//Ly8v/y8vL/8vLy//MDAw/zAwMP8xMTH/MjIy/zIyMv8xMTH/MTEx/zIyMv8yMjL/MzMz/zMzM/8zMzP/MjIy/zIyMv8xMTH/MDAw/y8vL/8vLy//Ly8v/zAwMP8wMDD/MDAw/zIyMv8zMzP/MzMz/zQ0NP80NDT/NTU1/zY2Nv82Njb/OTk5/zw8PP8+Pj7/QEBA/0FBQf9ERET/S0tL/1dXV/9bW1v/X19f/19fX/9eXl7/Xl5e/2NjY/9oaGj/dnZ2/4GBgf95eXn/cHBw/4WFhf+fn5//lpaW/4iIiP+CgoL/eXl5/3Jycv9oaGj/aGho/29vb/9zc3P/eHh4/3x8fP+FhYX/i4uL/4mJif+Ghob/hISE/4KCgv+NjY3/m5ub/5ubm/+ampr/kZGR/4CAgP97e3v/dXV1/3BwcP9nZ2f/ZmZm/3BwcP93d3f/g4OD/4mJif94eHj/Z2dn/15eXv9WVlb/Xl5e/2pqav+BgYH/paWl/66urv+6urr/sbGx/5ubm/+VlZX/k5OT/42Njf9+fn7/eXl5/4GBgf+Ghob/eXl5/w8PD/8PDw//EBAQ/w8PD/8ODg7/Dg4O/w4ODv8ODg7/Dg4O/w4ODv8PDw//Dw8P/w4ODv8ODg7/Dg4O/w4ODv8ODg7/Dg4O/w4ODv8NDQ3/DQ0N/w0NDf8NDQ3/DQ0N/wwMDP8MDAz/DAwM/wwMDP8MDAz/DAwM/wwMDP8NDQ3/DQ0N/w0NDf8NDQ3/DAwM/wwMDP8MDAz/DAwM/wwMDP8MDAz/DQ0N/w0NDf8NDQ3/DQ0N/w4ODv8ODg7/Dg4O/w4ODv8ODg7/Dg4O/w0NDf8NDQ3/DQ0N/w0NDf8ODg7/Dg4O/w4ODv8ODg7/Dg4O/w4ODv8ODg7/Dg4O/w4ODv8ODg7/Dg4O/w4ODv8ODg7/Dg4O/w4ODv8ODg7/Dg4O/w4ODv8QEBD/EhIS/xMTE/8UFBT/FBQU/xQUFP8UFBT/FRUV/xUVFf8WFhb/FhYW/xcXF/8XFxf/FhYW/xYWFv8WFhb/FhYW/xcXF/8YGBj/GRkZ/xoaGv8aGhr/Ghoa/xoaGv8aGhr/Ghoa/xoaGv8aGhr/Gxsb/xsbG/8aGhr/Ghoa/xoaGv8ZGRn/GRkZ/xkZGf8ZGRn/Ghoa/xoaGv8bGxv/Gxsb/xsbG/8bGxv/Ghoa/xkZGf8YGBj/FxcX/xcXF/8YGBj/GRkZ/xoaGv8aGhr/Gxsb/xwcHP8cHBz/HR0d/x0dHf8dHR3/HBwc/xsbG/8aGhr/Ghoa/xoaGv8eHh7/IyMj/ygoKP8vLy//Ly8v/y0tLf8tLS3/Li4u/y8vL/8wMDD/MTEx/zMzM/80NDT/NDQ0/zMzM/84ODj/Pj4+/z09Pf88PDz/PT09/z8/P/88PDz/Nzc3/zY2Nv82Njb/NTU1/zU1Nf81NTX/NTU1/zU1Nf83Nzf/Nzc3/zc3N/83Nzf/ODg4/zg4OP85OTn/Ojo6/zs7O/87Ozv/PDw8/zw8PP87Ozv/OTk5/zg4OP85OTn/PDw8/0RERP9ISEj/RkZG/0VFRf9CQkL/Pz8//z4+Pv89PT3/QEBA/0RERP9DQ0P/QUFB/0FBQf9CQkL/QUFB/0BAQP8/Pz//PDw8/zs7O/86Ojr/Ojo6/zo6Ov86Ojr/OTk5/zg4OP8+Pj7/RERE/0dHR/9LS0v/R0dH/0BAQP9AQED/QEBA/0BAQP8/Pz//Pz8//z8/P/8/Pz//QEBA/0FBQf9ERET/RkZG/0pKSv9OTk7/UlJS/1dXV/9PT0//RERE/0JCQv9BQUH/Q0ND/0dHR/9GRkb/RUVF/0RERP9ERET/RERE/0dHR/9JSUn/Tk5O/1NTU/9UVFT/VlZW/1JSUv9PT0//TExM/0hISP9KSkr/UFBQ/1RUVP9bW1v/WFhY/1BQUP9OTk7/T09P/1BQUP9TU1P/VVVV/1RUVP9SUlL/UVFR/1BQUP9PT0//Tk5O/09PT/9RUVH/VFRU/1hYWP9cXFz/ZGRk/2VlZf9jY2P/YWFh/1paWv9XV1f/VlZW/1ZWVv9ZWVn/XFxc/2FhYf9mZmb/YWFh/1tbW/9YWFj/VFRU/1FRUf9NTU3/TExM/01NTf9PT0//VFRU/1ZWVv9VVVX/VFRU/1RUVP9VVVX/Wlpa/19fX/9gYGD/YGBg/2JiYv9kZGT/YGBg/1tbW/9aWlr/WVlZ/1lZWf9YWFj/WFhY/1dXV/9YWFj/W1tb/11dXf9fX1//YGBg/1lZWf9TU1P/T09P/0xMTP9ISEj/RERE/0NDQ/9CQkL/Q0ND/0ZGRv9LS0v/WFhY/1tbW/9aWlr/WFhY/1BQUP9MTEz/T09P/1FRUf9SUlL/lZWV/52dnf+lpaX/oqKi/5+fn/+QkJD/eXl5/3p6ev9/f3//j4+P/7Gxsf+/v7//zs7O/9DQ0P/BwcH/urq6/8LCwv/Gxsb/sbGx/52dnf+kpKT/ra2t/7CwsP+0tLT/oKCg/39/f/+Kior/o6Oj/6Kiov+VlZX/lZWV/56env+oqKj/vLy8/8jIyP/MzMz/z8/P/8bGxv++vr7/tLS0/6ioqP+zs7P/w8PD/7u7u/+srKz/ra2t/7S0tP+1tbX/tra2/7Kysv+mpqb/rKys/9bW1v/v7+//8fHx//Dw8P/Q0ND/r6+v/6+vr/+wsLD/p6en/5ubm/+ampr/mpqa/5ubm/+enp7/mpqa/46Ojv+JiYn/hISE/4CAgP94eHj/dXV1/4KCgv+NjY3/jo6O/5CQkP+vr6//1dXV/7W1tf+FhYX/fn5+/3d3d/+BgYH/l5eX/5CQkP9ycnL/bW1t/3h4eP+Ghob/ra2t/8jIyP/X19f/4uLi/8bGxv+oqKj/oqKi/5ycnP+MjIz/dXV1/4SEhP+hoaH/qqqq/7W1tf+rq6v/i4uL/4mJif+hoaH/tLS0/9XV1f/p6en/4eHh/9ra2v/Q0ND/xsbG/6ysrP+Li4v/enp6/2NjY/9cXFz/UlJS/1BQUP9OTk7/Tk5O/09PT/9RUVH/VFRU/1hYWP9hYWH/aGho/3Jycv98fHz/fHx8/3x8fP94eHj/dHR0/3Jycv9wcHD/g4OD/6enp/+jo6P/kJCQ/4KCgv9paWn/YWFh/2VlZf9nZ2f/aGho/2tra/95eXn/h4eH/6Ojo//CwsL/rq6u/5WVlf+enp7/r6+v/6mpqf+ampr/kpKS/4aGhv+Ojo7/q6ur/7Kysv+kpKT/mpqa/5GRkf+JiYn/g4OD/319ff9sbGz/Wlpa/19fX/9mZmb/eHh4/5SUlP+JiYn/cXFx/21tbf9qamr/c3Nz/4yMjP+bm5v/r6+v/7Kysv+Li4v/bW1t/2JiYv9XV1f/U1NT/1BQUP9QUFD/UVFR/1RUVP9YWFj/ZGRk/3l5ef93d3f/aWlp/2pqav91dXX/d3d3/2pqav9mZmb/cnJy/3t7e/9ycnL/aWlp/25ubv90dHT/a2tr/11dXf9VVVX/SEhI/0xMTP9XV1f/V1dX/1JSUv9OTk7/SEhI/0hISP9TU1P/W1tb/2RkZP9sbGz/cnJy/3h4eP91dXX/cnJy/2VlZf9SUlL/U1NT/1ZWVv9dXV3/aWlp/2lpaf9lZWX/Y2Nj/2NjY/9fX1//UlJS/0pKSv9JSUn/SEhI/05OTv9UVFT/VlZW/1hYWP9bW1v/Xl5e/1paWv9UVFT/UlJS/05OTv9MTEz/SEhI/0pKSv9SUlL/V1dX/1lZWf9ZWVn/UFBQ/0hISP9GRkb/Q0ND/0BAQP88PDz/Ojo6/zY2Nv82Njb/Nzc3/z8/P/9OTk7/VFRU/1paWv9XV1f/SkpK/0VFRf9LS0v/Tk5O/0lJSf9FRUX/S0tL/1JSUv9UVFT/VlZW/1paWv9gYGD/VVVV/0FBQf9AQED/RERE/0VFRf9FRUX/RkZG/0dHR/9KSkr/VFRU/1paWv9UVFT/T09P/2JiYv93d3f/a2tr/1xcXP9VVVX/S0tL/0ZGRv8/Pz//Pz8//0FBQf9DQ0P/RkZG/0dHR/9HR0f/SUlJ/1NTU/9ZWVn/VVVV/1FRUf9PT0//TU1N/0VFRf88PDz/Ozs7/zo6Ov8+Pj7/RkZG/0lJSf9MTEz/SUlJ/0BAQP89PT3/Ojo6/zg4OP81NTX/MzMz/zMzM/9qamr/e3t7/42Njf+wsLD/3d3d/8fHx/+goKD/i4uL/2tra/9paWn/cnJy/3p6ev+Kior/ioqK/3R0dP9ra2v/eXl5/4WFhf+enp7/t7e3/6Ghof+IiIj/d3d3/2FhYf9mZmb/b29v/3Jycv90dHT/fHx8/42Njf+NjY3/gICA/3x8fP+Dg4P/iYmJ/5aWlv+fn5//kJCQ/4GBgf96enr/cnJy/35+fv+Ojo7/i4uL/4SEhP99fX3/cHBw/3Nzc/9+fn7/e3t7/2dnZ/9gYGD/ZWVl/2xsbP+CgoL/lJSU/5KSkv+Pj4//hYWF/3h4eP+MjIz/p6en/6SkpP+cnJz/kJCQ/3h4eP95eXn/h4eH/5CQkP+goKD/paWl/5ubm/+Xl5f/nZ2d/6Kiov+fn5//nZ2d/4yMjP94eHj/goKC/5GRkf+Pj4//iYmJ/4ODg/94eHj/b29v/15eXv9aWlr/XV1d/11dXf9ZWVn/WFhY/2RkZP9xcXH/k5OT/7e3t/+7u7v/v7+//6urq/+Pj4//f39//2dnZ/9vb2//hoaG/5OTk/+oqKj/qqqq/52dnf+SkpL/fn5+/3BwcP9ra2v/ZmZm/319ff+Wlpb/lpaW/5aWlv+SkpL/ioqK/3x8fP9iYmL/XFxc/1VVVf9XV1f/YmJi/2ZmZv9paWn/a2tr/25ubv9wcHD/bGxs/2lpaf9tbW3/cHBw/4uLi/+urq7/rKys/6ampv+Ojo7/ZGRk/11dXf9aWlr/YmJi/3l5ef9/f3//d3d3/3Nzc/9xcXH/cHBw/3BwcP9ycnL/mZmZ/8TExP/AwMD/urq6/8LCwv/Ozs7/tbW1/4aGhv92dnb/YmJi/2BgYP9oaGj/bW1t/3h4eP+BgYH/kpKS/5+fn/+cnJz/mpqa/4aGhv9xcXH/enp6/4WFhf+AgID/d3d3/3h4eP98fHz/iYmJ/6SkpP+oqKj/n5+f/5eXl/+FhYX/e3t7/3d3d/90dHT/bGxs/2RkZP9tbW3/eHh4/2xsbP9bW1v/ZWVl/3V1df9/f3//j4+P/4mJif91dXX/fX19/6Ojo/+wsLD/qqqq/6ioqP+rq6v/ra2t/6Ojo/+YmJj/lpaW/5SUlP+MjIz/gICA/3t7e/90dHT/cHBw/2pqav9ubm7/eXl5/4eHh/+np6f/qamp/4CAgP9nZ2f/Xl5e/1hYWP9kZGT/cnJy/2hoaP9dXV3/XV1d/19fX/9paWn/eXl5/3h4eP9ycnL/d3d3/4SEhP+Ghob/f39//3t7e/95eXn/enp6/4eHh/+VlZX/sbGx/8/Pz/+wsLD/i4uL/5eXl/+pqan/tra2/8rKyv+5ubn/k5OT/5ubm//CwsL/vr6+/4+Pj/96enr/d3d3/3V1df9tbW3/Z2dn/3BwcP95eXn/hoaG/5WVlf+YmJj/m5ub/4+Pj/94eHj/bW1t/1xcXP9YWFj/VlZW/11dXf91dXX/i4uL/7+/v//c3Nz/wsLC/6qqqv+QkJD/c3Nz/21tbf9lZWX/c3Nz/4iIiP+enp7/wcHB/7i4uP+bm5v/kJCQ/4KCgv+Dg4P/lZWV/5iYmP+BgYH/cnJy/25ubv9sbGz/gICA/5WVlf+fn5//rKys/6SkpP+Xl5f/kpKS/4mJif+UlJT/r6+v/8PDw//o6Oj/9vb2//v7+//8/Pz/9vb2/+3t7f/Ozs7/r6+v/6CgoP+Pj4//k5OT/5qamv+ysrL/2NjY/9nZ2f/V1dX/yMjI/6urq/+kpKT/oaGh/6ioqP/Dw8P/ycnJ/6ampv+Ojo7/kpKS/19fX/9fX1//X19f/1dXV/9OTk7/TU1N/01NTf9PT0//UlJS/1ZWVv9dXV3/Xl5e/11dXf9ZWVn/UFBQ/0tLS/9MTEz/TU1N/1NTU/9ZWVn/W1tb/15eXv9bW1v/VlZW/1dXV/9ZWVn/ZGRk/3t7e/+BgYH/iIiI/4KCgv9ra2v/YmJi/2FhYf9jY2P/cHBw/3l5ef9vb2//ZWVl/2pqav9vb2//aGho/15eXv9paWn/e3t7/3R0dP9kZGT/Z2dn/3Z2dv93d3f/bW1t/25ubv9/f3//i4uL/5eXl/+goKD/iYmJ/3Jycv9oaGj/XFxc/2FhYf9nZ2f/YGBg/1JSUv9TU1P/VlZW/1NTU/9KSkr/SEhI/0hISP9KSkr/UlJS/1lZWf9hYWH/aWlp/29vb/93d3f/ampq/1tbW/9tbW3/h4eH/4eHh/+FhYX/enp6/2VlZf9dXV3/UlJS/05OTv9KSkr/SUlJ/0lJSf9JSUn/S0tL/01NTf9aWlr/aGho/2pqav9sbGz/a2tr/2hoaP9zc3P/hYWF/3t7e/9hYWH/WVlZ/1NTU/9aWlr/eHh4/4ODg/98fHz/d3d3/3R0dP9xcXH/ZGRk/1dXV/9YWFj/Wlpa/19fX/9mZmb/YGBg/1ZWVv9VVVX/U1NT/1NTU/9UVFT/WFhY/2NjY/9paWn/bW1t/29vb/9ubm7/bGxs/3d3d/+CgoL/gYGB/39/f/96enr/cXFx/3R0dP96enr/goKC/5KSkv+QkJD/gICA/3t7e/96enr/dnZ2/2dnZ/9dXV3/ZGRk/2tra/9tbW3/b29v/2pqav9jY2P/XV1d/1RUVP9TU1P/U1NT/1ZWVv9dXV3/ZGRk/3Jycv93d3f/dXV1/3Nzc/9sbGz/aWlp/3Z2dv+EhIT/kpKS/6Kiov+UlJT/gICA/4ODg/+JiYn/j4+P/5qamv+RkZH/d3d3/3BwcP9ubm7/bW1t/2xsbP9qamr/ZGRk/15eXv9bW1v/V1dX/19fX/9paWn/XFxc/0xMTP9MTEz/Tk5O/1RUVP9dXV3/V1dX/0ZGRv9AQED/PDw8/zk5Of81NTX/MzMz/zIyMv8yMjL/MTEx/zExMf8xMTH/MTEx/zExMf8wMDD/MDAw/y8vL/8uLi7/LS0t/y4uLv8vLy//Ly8v/y4uLv8tLS3/Li4u/y4uLv8uLi7/Li4u/y4uLv8uLi7/Li4u/y4uLv8uLi7/Ly8v/y8vL/8wMDD/MDAw/zAwMP8wMDD/MDAw/zAwMP8xMTH/MTEx/zExMf8xMTH/MjIy/zIyMv8zMzP/MzMz/zMzM/8zMzP/MzMz/zIyMv8xMTH/Ly8v/y8vL/8vLy//Ly8v/y8vL/8vLy//MTEx/zExMf8yMjL/MzMz/zQ0NP81NTX/NjY2/zc3N/85OTn/PDw8/z4+Pv9CQkL/Q0ND/0RERP9GRkb/SUlJ/0xMTP9RUVH/U1NT/1VVVf9WVlb/WVlZ/11dXf9oaGj/cnJy/3d3d/97e3v/jIyM/6Ghof+SkpL/enp6/4KCgv+SkpL/jIyM/3p6ev91dXX/c3Nz/3Jycv9wcHD/cHBw/3Z2dv98fHz/jY2N/5ycnP+bm5v/mpqa/52dnf+hoaH/kpKS/3p6ev99fX3/hYWF/4WFhf+Dg4P/enp6/2NjY/9fX1//aWlp/3V1df+UlJT/pqam/46Ojv93d3f/aGho/1dXV/9dXV3/ZGRk/3R0dP+MjIz/jo6O/46Ojv+JiYn/fX19/3h4eP9ycnL/b29v/2pqav9oaGj/a2tr/25ubv9sbGz/Dw8P/w8PD/8PDw//Dw8P/w4ODv8ODg7/Dg4O/w4ODv8ODg7/Dg4O/w8PD/8PDw//Dg4O/w4ODv8ODg7/Dg4O/w4ODv8ODg7/Dg4O/w4ODv8ODg7/Dw8P/w4ODv8NDQ3/DQ0N/wwMDP8MDAz/DAwM/wwMDP8MDAz/DAwM/w0NDf8NDQ3/DQ0N/w0NDf8MDAz/DAwM/wwMDP8LCwv/CwsL/wwMDP8MDAz/DQ0N/w0NDf8NDQ3/DQ0N/w4ODv8ODg7/Dg4O/w4ODv8NDQ3/DQ0N/w0NDf8NDQ3/Dg4O/w4ODv8ODg7/Dg4O/w4ODv8ODg7/Dg4O/w4ODv8ODg7/Dg4O/w4ODv8ODg7/Dg4O/w4ODv8ODg7/Dg4O/w4ODv8ODg7/Dg4O/xAQEP8SEhL/ExMT/xQUFP8UFBT/FBQU/xQUFP8UFBT/FBQU/xUVFf8WFhb/FxcX/xcXF/8WFhb/FhYW/xYWFv8WFhb/FxcX/xgYGP8aGhr/Gxsb/xoaGv8aGhr/Ghoa/xoaGv8aGhr/Ghoa/xoaGv8bGxv/Gxsb/xoaGv8aGhr/GRkZ/xkZGf8YGBj/GBgY/xgYGP8YGBj/GRkZ/xkZGf8bGxv/HR0d/xwcHP8bGxv/Ghoa/xgYGP8YGBj/GRkZ/xkZGf8ZGRn/GRkZ/xoaGv8aGhr/Gxsb/xwcHP8dHR3/Hh4e/x0dHf8cHBz/Gxsb/xoaGv8aGhr/Ghoa/xwcHP8gICD/IyMj/ykpKf8pKSn/KSkp/ysrK/8uLi7/MDAw/zQ0NP82Njb/OTk5/zs7O/84ODj/NjY2/zs7O/9BQUH/QUFB/0FBQf9ERET/SUlJ/0NDQ/84ODj/NTU1/zExMf8xMTH/NDQ0/zU1Nf82Njb/NjY2/zk5Of87Ozv/Ozs7/zs7O/85OTn/Nzc3/zo6Ov8+Pj7/PDw8/zo6Ov83Nzf/MjIy/zIyMv81NTX/NjY2/zg4OP87Ozv/Q0ND/0dHR/9GRkb/RUVF/0FBQf8+Pj7/PT09/zw8PP9BQUH/R0dH/0VFRf9BQUH/QkJC/0VFRf9FRUX/RUVF/0JCQv88PDz/OTk5/zg4OP83Nzf/Nzc3/zc3N/84ODj/OTk5/0BAQP9JSUn/R0dH/0ZGRv9ERET/QkJC/0FBQf8/Pz//Pj4+/zw8PP87Ozv/PDw8/zw8PP89PT3/Pj4+/0FBQf9FRUX/TExM/1VVVf9XV1f/Wlpa/1FRUf9GRkb/RkZG/0lJSf9NTU3/VFRU/1JSUv9JSUn/RUVF/0FBQf9AQED/Q0ND/0VFRf9LS0v/T09P/1JSUv9UVFT/UlJS/09PT/9OTk7/TExM/09PT/9WVlb/Wlpa/2FhYf9eXl7/VFRU/1BQUP9NTU3/TU1N/1VVVf9ZWVn/VVVV/1FRUf9PT0//TU1N/0tLS/9ISEj/SkpK/01NTf9UVFT/YWFh/2hoaP91dXX/cnJy/2VlZf9hYWH/YWFh/2FhYf9hYWH/YWFh/19fX/9eXl7/YmJi/2dnZ/9eXl7/U1NT/1BQUP9LS0v/SkpK/0hISP9ISEj/R0dH/0xMTP9bW1v/YWFh/2JiYv9iYmL/X19f/1xcXP9dXV3/Xl5e/2NjY/9nZ2f/ampq/25ubv9oaGj/Xl5e/1ZWVv9KSkr/SUlJ/0pKSv9KSkr/S0tL/01NTf9QUFD/VFRU/2BgYP9nZ2f/Xl5e/1dXV/9SUlL/TExM/0lJSf9ERET/RERE/0VFRf9GRkb/SEhI/0pKSv9PT0//UlJS/1VVVf9VVVX/UlJS/1FRUf9ZWVn/Xl5e/19fX/+YmJj/nZ2d/6Ojo/+bm5v/kJCQ/4+Pj/+Pj4//kpKS/5eXl/+lpaX/wsLC/8nJyf/Kysr/xMTE/66urv+jo6P/paWl/6SkpP+VlZX/hoaG/4yMjP+Tk5P/k5OT/5SUlP+Hh4f/c3Nz/39/f/+cnJz/mpqa/4qKiv+Kior/lJSU/5qamv+ioqL/qamp/7m5uf/FxcX/ycnJ/8zMzP+zs7P/l5eX/6Wlpf+6urr/vr6+/8HBwf/Dw8P/xcXF/8bGxv/IyMj/w8PD/7Ozs/+0tLT/0dHR/+Pj4//p6en/7Ozs/9zc3P/Ly8v/wsLC/7e3t/+rq6v/mZmZ/5aWlv+RkZH/lZWV/52dnf+cnJz/lpaW/5OTk/+RkZH/jIyM/39/f/93d3f/e3t7/35+fv+AgID/gYGB/52dnf+/v7//sbGx/5ycnP+SkpL/g4OD/4uLi/+goKD/mJiY/3x8fP9zc3P/dHR0/3x8fP+dnZ3/tbW1/87Ozv/i4uL/ycnJ/6+vr/+pqan/o6Oj/5KSkv95eXn/hISE/5ubm/+enp7/np6e/5WVlf9/f3//gYGB/5ubm/+wsLD/09PT/+bm5v/Pz8//urq6/7W1tf+wsLD/nJyc/4SEhP9+fn7/d3d3/3t7e/+Dg4P/gICA/3d3d/90dHT/dHR0/3h4eP+Ghob/iIiI/3Z2dv9paWn/bGxs/25ubv90dHT/enp6/4WFhf+SkpL/kJCQ/4uLi/+NjY3/kZGR/4yMjP9/f3//dnZ2/2ZmZv9hYWH/YmJi/2RkZP9qamr/cHBw/39/f/+Ojo7/m5ub/6qqqv+fn5//kZGR/5ubm/+rq6v/pqam/5qamv+cnJz/pqam/7Gxsf/Kysr/zs7O/76+vv+ysrL/n5+f/5GRkf+Hh4f/fHx8/21tbf9bW1v/YGBg/2dnZ/93d3f/kZGR/4iIiP9ycnL/bGxs/2hoaP9ra2v/d3d3/4CAgP+Pj4//lJSU/35+fv9tbW3/X19f/1FRUf9PT0//TU1N/01NTf9NTU3/UVFR/1hYWP9iYmL/c3Nz/3Fxcf9lZWX/ZGRk/2pqav9ra2v/ZGRk/2NjY/94eHj/hoaG/3V1df9jY2P/Y2Nj/2RkZP9iYmL/YGBg/1paWv9RUVH/VFRU/11dXf9eXl7/Wlpa/1paWv9eXl7/YWFh/2lpaf9ubm7/cXFx/3V1df99fX3/hYWF/3h4eP9oaGj/XFxc/0tLS/9PT0//VVVV/1xcXP9oaGj/ZmZm/1tbW/9XV1f/V1dX/1ZWVv9QUFD/TU1N/0xMTP9MTEz/TExM/01NTf9RUVH/VlZW/1lZWf9dXV3/WVlZ/1NTU/9RUVH/TU1N/1FRUf9bW1v/Xl5e/1xcXP9cXFz/XV1d/11dXf9WVlb/T09P/05OTv9NTU3/S0tL/0lJSf9GRkb/QEBA/z4+Pv87Ozv/Pz8//0dHR/9MTEz/U1NT/1NTU/9NTU3/S0tL/01NTf9PT0//TExM/0pKSv9RUVH/WVlZ/1hYWP9XV1f/WFhY/1paWv9QUFD/QEBA/z4+Pv9BQUH/QUFB/0FBQf9BQUH/QEBA/0JCQv9JSUn/Tk5O/0tLS/9JSUn/WFhY/2hoaP9iYmL/WVlZ/1RUVP9OTk7/SEhI/z8/P/8+Pj7/QUFB/0JCQv9FRUX/RUVF/0VFRf9HR0f/UVFR/1dXV/9SUlL/TExM/0tLS/9LS0v/Q0ND/zg4OP83Nzf/NTU1/zc3N/89PT3/Pj4+/0BAQP8/Pz//Ozs7/zo6Ov89PT3/PT09/zk5Of82Njb/NjY2/1dXV/9lZWX/dHR0/5CQkP+1tbX/q6ur/5qamv+Ghob/ZGRk/2FhYf9mZmb/cHBw/4iIiP+Li4v/dnZ2/2xsbP93d3f/gICA/5KSkv+lpaX/k5OT/4CAgP9zc3P/YmJi/2xsbP98fHz/fHx8/3h4eP98fHz/iIiI/4eHh/98fHz/enp6/4KCgv+Kior/np6e/6ysrP+YmJj/hISE/3Z2dv9mZmb/bm5u/3l5ef+BgYH/jY2N/4uLi/+Dg4P/hoaG/4+Pj/+NjY3/fX19/3p6ev+FhYX/jIyM/5GRkf+VlZX/lJSU/5SUlP+IiIj/eXl5/4KCgv+Pj4//j4+P/4+Pj/+MjIz/iIiI/4WFhf+AgID/hISE/5SUlP+cnJz/oaGh/6ampv+zs7P/vLy8/6ioqP+UlJT/goKC/2xsbP93d3f/iIiI/4eHh/+EhIT/gICA/3p6ev9xcXH/YGBg/15eXv9mZmb/ampq/2tra/9sbGz/cXFx/3Z2dv+Kior/oKCg/6CgoP+hoaH/l5eX/4iIiP96enr/YmJi/2ZmZv92dnb/gICA/5GRkf+Wlpb/l5eX/5OTk/+EhIT/eXl5/25ubv9kZGT/cnJy/4GBgf+EhIT/hoaG/4WFhf+Dg4P/d3d3/2BgYP9cXFz/WFhY/2JiYv9+fn7/iYmJ/42Njf+Li4v/e3t7/3BwcP9sbGz/aGho/2lpaf9qamr/enp6/4+Pj/+Pj4//jo6O/4CAgP9nZ2f/Y2Nj/2JiYv9lZWX/b29v/3Fxcf9ubm7/bW1t/3Nzc/93d3f/c3Nz/29vb/+IiIj/oqKi/6SkpP+mpqb/p6en/6mpqf+ZmZn/fX19/3h4eP93d3f/fX19/42Njf+SkpL/j4+P/5CQkP+ampr/oaGh/5ycnP+Xl5f/hoaG/3R0dP+CgoL/lJSU/5OTk/+RkZH/jIyM/4ODg/+Kior/nZ2d/6CgoP+ZmZn/lpaW/5SUlP+QkJD/gYGB/3V1df9tbW3/ZWVl/2ZmZv9nZ2f/X19f/1NTU/9iYmL/e3t7/4WFhf+SkpL/jIyM/3h4eP99fX3/l5eX/6Kiov+lpaX/pqam/6Kiov+fn5//l5eX/4+Pj/+Tk5P/l5eX/52dnf+kpKT/lJSU/3l5ef9xcXH/ZmZm/2lpaf9ycnL/fHx8/5KSkv+Xl5f/i4uL/4KCgv9xcXH/ZGRk/2ZmZv9oaGj/YGBg/1hYWP9YWFj/WFhY/2FhYf9wcHD/cHBw/21tbf9wcHD/eXl5/39/f/+JiYn/j4+P/5OTk/+VlZX/lJSU/5WVlf+goKD/rKys/5mZmf+Dg4P/j4+P/6Ghof+srKz/vLy8/7i4uP+qqqr/s7Oz/9DQ0P/Jycn/l5eX/39/f/92dnb/cHBw/2xsbP9qamr/c3Nz/35+fv+JiYn/mJiY/5eXl/+Wlpb/j4+P/4GBgf96enr/cHBw/3V1df+JiYn/kZGR/5SUlP+ampr/rq6u/7q6uv+2trb/sbGx/56env+Kior/fHx8/2pqav91dXX/hoaG/5mZmf+4uLj/u7u7/7i4uP+wsLD/mpqa/5WVlf+ampr/mJiY/4WFhf96enr/gYGB/4eHh/+SkpL/np6e/66urv/CwsL/s7Oz/52dnf+Xl5f/kZGR/5SUlP+cnJz/qqqq/8nJyf/V1dX/3Nzc/97e3v/Y2Nj/0tLS/7u7u/+mpqb/lpaW/4aGhv+cnJz/ubm5/8rKyv/k5OT/3Nzc/8rKyv+/v7//ra2t/66urv+6urr/wcHB/8jIyP/IyMj/s7Oz/6Ojo/+enp7/YmJi/2NjY/9lZWX/YWFh/1xcXP9bW1v/WVlZ/1lZWf9ZWVn/Wlpa/1xcXP9fX1//ZmZm/2dnZ/9lZWX/YmJi/1xcXP9YWFj/XFxc/2FhYf9lZWX/aGho/2hoaP9oaGj/ZWVl/15eXv9kZGT/b29v/3Jycv91dXX/cnJy/2hoaP9kZGT/Y2Nj/2NjY/9nZ2f/ampq/2VlZf9gYGD/Z2dn/29vb/9sbGz/aWlp/29vb/96enr/cnJy/2FhYf9iYmL/a2tr/21tbf9sbGz/bW1t/3V1df97e3v/gICA/4SEhP94eHj/a2tr/2dnZ/9iYmL/aGho/3Fxcf9sbGz/Y2Nj/2ZmZv9sbGz/ZmZm/1VVVf9PT0//TExM/01NTf9UVFT/W1tb/2dnZ/9xcXH/cnJy/3R0dP9ra2v/YGBg/2tra/97e3v/fX19/35+fv94eHj/ampq/2NjY/9ZWVn/VVVV/1JSUv9QUFD/TU1N/0xMTP9MTEz/TU1N/1tbW/9paWn/aWlp/2pqav9nZ2f/YmJi/2pqav93d3f/cXFx/19fX/9ZWVn/U1NT/1hYWP9ra2v/dXV1/3h4eP96enr/dnZ2/3Fxcf9paWn/YGBg/15eXv9dXV3/Xl5e/19fX/9ZWVn/T09P/09PT/9UVFT/V1dX/11dXf9lZWX/dnZ2/39/f/+BgYH/gYGB/3t7e/91dXX/dXV1/3Z2dv92dnb/dnZ2/3V1df90dHT/dXV1/3h4eP96enr/fX19/3t7e/9zc3P/dHR0/4ODg/+Ghob/d3d3/25ubv9zc3P/eXl5/3d3d/91dXX/bm5u/2VlZf9lZWX/ZmZm/2ZmZv9mZmb/aGho/25ubv9zc3P/fn5+/4CAgP97e3v/dnZ2/2pqav9kZGT/bGxs/3V1df+AgID/jY2N/4SEhP94eHj/fHx8/4ODg/+Ghob/jIyM/4aGhv92dnb/cXFx/29vb/9wcHD/d3d3/3h4eP9sbGz/YmJi/11dXf9XV1f/W1tb/19fX/9XV1f/TU1N/0tLS/9KSkr/UFBQ/1tbW/9WVlb/RkZG/0BAQP87Ozv/ODg4/zQ0NP8yMjL/MjIy/zExMf8xMTH/MTEx/zExMf8xMTH/MTEx/zExMf8wMDD/MDAw/y8vL/8uLi7/Li4u/y8vL/8vLy//Li4u/y0tLf8uLi7/Li4u/y4uLv8uLi7/Ly8v/y8vL/8wMDD/MDAw/zAwMP8vLy//Ly8v/zAwMP8wMDD/MDAw/zAwMP8xMTH/MTEx/zExMf8xMTH/MTEx/zExMf8xMTH/MjIy/zIyMv8zMzP/MzMz/zMzM/8yMjL/MDAw/zAwMP8vLy//Ly8v/y8vL/8wMDD/MDAw/zAwMP8xMTH/MjIy/zIyMv8zMzP/NDQ0/zU1Nf82Njb/Nzc3/zo6Ov88PDz/Pz8//0NDQ/9DQ0P/Q0ND/0VFRf9JSUn/T09P/1paWv9dXV3/XV1d/15eXv9fX1//YWFh/3BwcP99fX3/hISE/42Njf+NjY3/jo6O/4SEhP92dnb/fn5+/42Njf+NjY3/iYmJ/4aGhv+AgID/fn5+/319ff97e3v/dnZ2/3Nzc/99fX3/h4eH/4mJif+Li4v/jY2N/4+Pj/+EhIT/c3Nz/3x8fP+NjY3/jo6O/4qKiv+AgID/aWlp/2RkZP9tbW3/d3d3/4yMjP+ampr/jo6O/4KCgv96enr/cHBw/3d3d/+AgID/iYmJ/5aWlv+Ojo7/fX19/3Z2dv9sbGz/Z2dn/2JiYv9gYGD/Y2Nj/2NjY/9fX1//XV1d/1paWv8PDw//Dw8P/w8PD/8ODg7/Dg4O/w4ODv8ODg7/Dg4O/w4ODv8ODg7/Dg4O/w4ODv8ODg7/Dg4O/w4ODv8ODg7/Dg4O/w4ODv8ODg7/Dg4O/w4ODv8PDw//Dg4O/w0NDf8NDQ3/DAwM/wwMDP8MDAz/DAwM/wwMDP8MDAz/DAwM/w0NDf8NDQ3/DQ0N/wwMDP8MDAz/DAwM/wwMDP8MDAz/DAwM/w0NDf8NDQ3/DQ0N/w0NDf8NDQ3/Dg4O/w4ODv8ODg7/DQ0N/w0NDf8NDQ3/DQ0N/w0NDf8NDQ3/Dg4O/w4ODv8ODg7/Dg4O/w4ODv8ODg7/Dg4O/w4ODv8ODg7/Dg4O/w4ODv8ODg7/Dg4O/w4ODv8ODg7/Dg4O/w8PD/8PDw//ERER/xMTE/8UFBT/FRUV/xUVFf8VFRX/FRUV/xUVFf8VFRX/FRUV/xUVFf8WFhb/FhYW/xYWFv8WFhb/FhYW/xcXF/8XFxf/FxcX/xgYGP8ZGRn/GRkZ/xoaGv8aGhr/Ghoa/xoaGv8aGhr/Ghoa/xsbG/8aGhr/Ghoa/xkZGf8ZGRn/GRkZ/xkZGf8ZGRn/Ghoa/xoaGv8aGhr/GRkZ/xsbG/8cHBz/Gxsb/xsbG/8aGhr/GBgY/xkZGf8aGhr/Ghoa/xkZGf8ZGRn/Ghoa/xoaGv8bGxv/Gxsb/xwcHP8dHR3/HBwc/xwcHP8bGxv/Ghoa/xsbG/8bGxv/HR0d/yEhIf8mJib/Li4u/y8vL/8vLy//MDAw/zIyMv8zMzP/NTU1/zY2Nv85OTn/PDw8/zs7O/86Ojr/PDw8/z8/P/8/Pz//QUFB/0VFRf9MTEz/R0dH/zw8PP85OTn/NDQ0/zQ0NP82Njb/Nzc3/zk5Of87Ozv/PT09/z4+Pv87Ozv/OTk5/zk5Of84ODj/Ojo6/zw8PP86Ojr/Nzc3/zQ0NP8wMDD/MDAw/zIyMv80NDT/NjY2/zg4OP89PT3/QEBA/0BAQP9AQED/Pz8//z09Pf89PT3/Pj4+/z8/P/9CQkL/QEBA/z09Pf8+Pj7/QEBA/0FBQf9BQUH/QEBA/z4+Pv88PDz/Ozs7/zo6Ov85OTn/ODg4/zo6Ov89PT3/Q0ND/0tLS/9LS0v/SkpK/0hISP9GRkb/Q0ND/z8/P/89PT3/PDw8/zw8PP89PT3/PT09/z4+Pv8/Pz//RERE/0hISP9NTU3/U1NT/1JSUv9QUFD/SkpK/0FBQf9CQkL/Q0ND/0dHR/9OTk7/TU1N/0ZGRv9DQ0P/PT09/zw8PP8/Pz//QkJC/0VFRf9ISEj/S0tL/05OTv9NTU3/TExM/0tLS/9KSkr/S0tL/05OTv9RUVH/VlZW/1dXV/9WVlb/VVVV/1VVVf9VVVX/WVlZ/1paWv9VVVX/UFBQ/1FRUf9TU1P/UlJS/1FRUf9QUFD/T09P/1RUVP9cXFz/YGBg/2VlZf9jY2P/XFxc/1paWv9aWlr/Wlpa/1lZWf9ZWVn/V1dX/1ZWVv9YWFj/Wlpa/1RUVP9NTU3/S0tL/0lJSf9JSUn/SUlJ/0pKSv9NTU3/UlJS/1paWv9fX1//ZWVl/2ZmZv9fX1//Wlpa/1paWv9aWlr/XFxc/19fX/9iYmL/ZmZm/19fX/9TU1P/Tk5O/0VFRf9GRkb/SUlJ/0lJSf9JSUn/SkpK/01NTf9RUVH/WFhY/1xcXP9YWFj/U1NT/09PT/9LS0v/SEhI/0VFRf9ERET/RUVF/0VFRf9GRkb/SkpK/1NTU/9ZWVn/ZGRk/2RkZP9YWFj/UlJS/1hYWP9dXV3/YGBg/56env+fn5//oKCg/5KSkv9/f3//j4+P/6qqqv+wsLD/tra2/8HBwf/Y2Nj/19fX/8PDw/+0tLT/mJiY/4eHh/9/f3//eHh4/3BwcP9oaGj/bm5u/3V1df9ycnL/b29v/2tra/9mZmb/dHR0/5GRkf+Ojo7/fX19/319ff+Kior/jIyM/4SEhP+FhYX/oqKi/7u7u//MzMz/3t7e/7Kysv+AgID/kpKS/6urq/+/v7//3d3d/9/f3//d3d3/39/f/+Li4v/c3Nz/x8fH/8HBwf/Ly8v/09PT/93d3f/m5ub/6enp/+3t7f/Y2Nj/v7+//66urv+YmJj/kZGR/4mJif+Pj4//nZ2d/6CgoP+ioqL/o6Oj/6Ojo/+enp7/ioqK/319ff91dXX/cHBw/3Fxcf9ycnL/hoaG/5+fn/+qqqr/ubm5/6ysrP+Tk5P/mJiY/6mpqf+hoaH/hoaG/3p6ev9ubm7/b29v/4aGhv+ampr/vr6+/93d3f/Ly8v/uLi4/7Kysv+rq6v/mZmZ/39/f/+EhIT/kZGR/4yMjP9/f3//eHh4/3BwcP92dnb/kpKS/6enp//Ly8v/3Nzc/7Ozs/+QkJD/kpKS/5WVlf+MjIz/gICA/4iIiP+UlJT/paWl/8HBwf+8vLz/qqqq/6Wlpf+ioqL/qamp/8XFxf/Gxsb/kZGR/21tbf9mZmb/X19f/2tra/94eHj/lJSU/7a2tv+0tLT/ra2t/5mZmf92dnb/bm5u/2pqav9nZ2f/YmJi/2BgYP9dXV3/X19f/2xsbP94eHj/h4eH/5WVlf+Pj4//iIiI/4mJif+Kior/lJSU/6SkpP+hoaH/mpqa/6qqqv/Pz8//3t7e/+3t7f/t7e3/3Nzc/83Nzf+xsbH/m5ub/4yMjP99fX3/bm5u/19fX/9iYmL/aGho/3Z2dv+NjY3/hYWF/3Jycv9ra2v/Y2Nj/19fX/9aWlr/W1tb/2RkZP9qamr/bW1t/25ubv9dXV3/S0tL/0tLS/9KSkr/SkpK/0lJSf9PT0//WFhY/19fX/9ra2v/aWlp/19fX/9dXV3/X19f/2BgYP9eXl7/YmJi/4GBgf+Wlpb/eXl5/1tbW/9WVlb/T09P/1dXV/9iYmL/YGBg/1xcXP9fX1//ZmZm/2dnZ/9nZ2f/bW1t/3t7e/+CgoL/hYWF/4eHh/+CgoL/gICA/4uLi/+Wlpb/enp6/1lZWf9QUFD/Q0ND/0lJSf9UVFT/W1tb/2ZmZv9gYGD/TU1N/0hISP9ISEj/SUlJ/01NTf9QUFD/UFBQ/1BQUP9KSkr/RUVF/0xMTP9UVFT/V1dX/1tbW/9YWFj/U1NT/1FRUf9OTk7/WFhY/3Nzc/92dnb/Z2dn/2FhYf9iYmL/YmJi/11dXf9YWFj/WVlZ/1paWv9ZWVn/WVlZ/1RUVP9NTU3/SUlJ/0FBQf8/Pz//Pj4+/0FBQf9JSUn/TU1N/1FRUf9SUlL/UFBQ/09PT/9QUFD/UVFR/1lZWf9hYWH/XV1d/1hYWP9VVVX/UFBQ/0lJSf8+Pj7/PT09/z4+Pv8+Pj7/PDw8/zo6Ov83Nzf/NjY2/zo6Ov89PT3/Pz8//0FBQf9KSkr/VFRU/1NTU/9TU1P/U1NT/1JSUv9MTEz/QEBA/z8/P/9BQUH/QkJC/0NDQ/9DQ0P/Q0ND/0RERP9OTk7/VFRU/0xMTP9ERET/RkZG/0hISP9AQED/NDQ0/zIyMv8vLy//MDAw/zIyMv8xMTH/MDAw/zExMf80NDT/ODg4/0BAQP9DQ0P/Pj4+/zo6Ov86Ojr/Pj4+/0hISP9UVFT/Z2dn/39/f/+Hh4f/kpKS/4GBgf9fX1//Wlpa/1xcXP9nZ2f/hoaG/4yMjP94eHj/bm5u/3Nzc/94eHj/gYGB/4qKiv+AgID/dXV1/25ubv9lZWX/dHR0/4yMjP+JiYn/fn5+/35+fv+BgYH/gICA/3l5ef94eHj/gICA/4mJif+lpaX/ubm5/6Ghof+IiIj/cXFx/1dXV/9aWlr/X19f/3Z2dv+ampr/nZ2d/5ubm/+dnZ3/pKSk/6Kiov+ZmZn/mpqa/62trf+0tLT/oqKi/5SUlP+Xl5f/mpqa/4yMjP98fHz/d3d3/3BwcP90dHT/e3t7/4aGhv+ampr/kpKS/3Z2dv9zc3P/g4OD/5CQkP+np6f/uLi4/83Nzf/c3Nz/srKy/4aGhv9ycnL/W1tb/2hoaP98fHz/fX19/35+fv99fX3/enp6/3Nzc/9hYWH/YWFh/3BwcP95eXn/goKC/4aGhv+BgYH/fX19/35+fv9/f3//e3t7/3d3d/96enr/fX19/3Fxcf9cXFz/W1tb/2BgYP9mZmb/cXFx/3t7e/+Ojo7/lJSU/42Njf+FhYX/c3Nz/2JiYv9mZmb/aWlp/25ubv90dHT/d3d3/3p6ev9wcHD/Xl5e/1xcXP9eXl7/cXFx/6Ojo/+1tbX/urq6/7Ozs/+Li4v/cHBw/2xsbP9paWn/Z2dn/2ZmZv9nZ2f/aGho/2pqav9tbW3/bW1t/2tra/9sbGz/bW1t/2xsbP9mZmb/ZGRk/2RkZP9nZ2f/dnZ2/4CAgP93d3f/bm5u/3Nzc/95eXn/gYGB/4qKiv+Dg4P/dnZ2/3R0dP9xcXH/fHx8/5WVlf+kpKT/vb29/8DAwP+srKz/oqKi/6Ojo/+ioqL/mZmZ/5GRkf+FhYX/eHh4/4uLi/+lpaX/qqqq/7Gxsf+kpKT/jIyM/4uLi/+Tk5P/k5OT/5CQkP+VlZX/qamp/66urv+QkJD/eXl5/3BwcP9mZmb/XFxc/1JSUv9PT0//S0tL/2BgYP+EhIT/jY2N/5eXl/+QkJD/fHx8/3t7e/+Hh4f/j4+P/5ycnP+hoaH/lJSU/4qKiv+Ghob/goKC/42Njf+ZmZn/srKy/9TU1P+1tbX/f39//3Jycv9kZGT/ZWVl/25ubv9ycnL/eXl5/4KCgv+bm5v/pKSk/4mJif9zc3P/Z2dn/1tbW/9XV1f/UlJS/1JSUv9RUVH/WVlZ/2ZmZv9nZ2f/ZmZm/2dnZ/9qamr/dnZ2/5aWlv+np6f/s7Oz/7e3t/+kpKT/lJSU/4uLi/+BgYH/fX19/3l5ef+EhIT/k5OT/5ycnP+oqKj/srKy/8TExP/Ozs7/3t7e/9PT0/+ioqL/iYmJ/3l5ef9ubm7/bm5u/29vb/95eXn/hYWF/5CQkP+dnZ3/mpqa/5WVlf+Tk5P/kpKS/4+Pj/+Kior/m5ub/8nJyf/Q0ND/ubm5/6qqqv+Wlpb/jIyM/6SkpP+5ubn/srKy/6urq/+RkZH/cXFx/3d3d/+BgYH/kJCQ/6ioqP+7u7v/2tra/9XV1f+3t7f/qqqq/56env+Wlpb/ioqK/4SEhP+YmJj/q6ur/6qqqv+qqqr/wcHB/9/f3//IyMj/pKSk/5+fn/+cnJz/lZWV/4iIiP+NjY3/oqKi/6ysrP+0tLT/t7e3/7Gxsf+srKz/oaGh/5aWlv+JiYn/enp6/6ampv/g4OD/6Ojo//Hx8f/f39//vb29/7a2tv+ysrL/vLy8/9ra2v/f39//zc3N/8TExP/CwsL/v7+//6+vr/9lZWX/aGho/2xsbP9ubm7/cHBw/21tbf9paWn/ZmZm/2JiYv9fX1//W1tb/2BgYP9xcXH/eXl5/39/f/9/f3//cHBw/2RkZP9oaGj/a2tr/3BwcP92dnb/enp6/4CAgP92dnb/ZmZm/2JiYv9eXl7/XFxc/1paWv9cXFz/ZGRk/2ZmZv9lZWX/YmJi/1xcXP9XV1f/V1dX/1hYWP9iYmL/bW1t/3Fxcf92dnb/d3d3/3d3d/9ubm7/XFxc/1paWv9cXFz/X19f/2hoaP9ra2v/aGho/2VlZf9iYmL/YGBg/2BgYP9hYWH/ZmZm/2tra/9ycnL/fHx8/3t7e/95eXn/fX19/4iIiP9/f3//Y2Nj/1lZWf9RUVH/UFBQ/1dXV/9dXV3/b29v/3x8fP92dnb/cHBw/2tra/9lZWX/Z2dn/2tra/9vb2//dnZ2/3V1df9wcHD/bGxs/2FhYf9eXl7/XFxc/1paWv9TU1P/Tk5O/05OTv9OTk7/W1tb/2hoaP9nZ2f/Z2dn/2JiYv9aWlr/Xl5e/2VlZf9iYmL/W1tb/1hYWP9UVFT/VVVV/1paWv9hYWH/c3Nz/319ff92dnb/cHBw/21tbf9qamr/ZWVl/19fX/9cXFz/V1dX/1FRUf9ISEj/S0tL/1VVVf9dXV3/ampq/3Z2dv+QkJD/nJyc/5ubm/+YmJj/i4uL/39/f/9zc3P/ZmZm/2hoaP9sbGz/cXFx/3h4eP92dnb/c3Nz/21tbf9hYWH/X19f/2JiYv9sbGz/jIyM/5mZmf+Kior/gYGB/4aGhv+Kior/hISE/35+fv90dHT/aGho/3BwcP99fX3/fn5+/35+fv9/f3//g4OD/4aGhv+NjY3/jIyM/4GBgf94eHj/aGho/11dXf9fX1//YWFh/2pqav9zc3P/cXFx/25ubv9ycnL/enp6/3t7e/97e3v/eXl5/3Nzc/9xcXH/b29v/3Nzc/+EhIT/iYmJ/3d3d/9oaGj/YGBg/1lZWf9WVlb/UlJS/1FRUf9QUFD/TExM/0ZGRv9NTU3/XFxc/1hYWP9ISEj/QUFB/zs7O/83Nzf/MzMz/zExMf8xMTH/MDAw/zExMf8xMTH/MTEx/zExMf8xMTH/MjIy/zExMf8xMTH/MDAw/y4uLv8uLi7/Li4u/y4uLv8uLi7/Li4u/y4uLv8uLi7/Li4u/y4uLv8vLy//MTEx/zIyMv8zMzP/MTEx/y8vL/8vLy//Ly8v/y8vL/8wMDD/MDAw/zIyMv8xMTH/MTEx/zAwMP8wMDD/MDAw/zExMf8xMTH/MjIy/zIyMv8yMjL/MzMz/zExMf8vLy//Li4u/y4uLv8vLy//MDAw/zAwMP8xMTH/MjIy/zIyMv8yMjL/MjIy/zIyMv8zMzP/NDQ0/zY2Nv84ODj/Ojo6/z09Pf9AQED/RERE/0NDQ/9BQUH/RERE/0pKSv9TU1P/ZmZm/2xsbP9paWn/aGho/2dnZ/9oaGj/enp6/4uLi/+Wlpb/oaGh/46Ojv91dXX/dHR0/3Nzc/95eXn/hISE/4yMjP+bm5v/mpqa/5CQkP+NjY3/jo6O/4qKiv93d3f/ampq/2pqav9qamr/b29v/3V1df92dnb/eHh4/3R0dP9tbW3/fHx8/5eXl/+YmJj/kpKS/4iIiP9wcHD/ampq/3Nzc/95eXn/goKC/4iIiP+MjIz/kJCQ/4+Pj/+Pj4//l5eX/6Kiov+kpKT/paWl/5GRkf9sbGz/YmJi/1lZWf9VVVX/UFBQ/1FRUf9bW1v/Xl5e/1NTU/9KSkr/RERE/w8PD/8PDw//Dg4O/w4ODv8ODg7/Dg4O/w0NDf8NDQ3/DQ0N/w0NDf8ODg7/Dg4O/w4ODv8ODg7/DQ0N/w0NDf8ODg7/Dg4O/w4ODv8ODg7/Dg4O/w4ODv8ODg7/DQ0N/w0NDf8NDQ3/DQ0N/w0NDf8NDQ3/DAwM/wwMDP8MDAz/DAwM/wwMDP8MDAz/DAwM/wwMDP8MDAz/DQ0N/w0NDf8NDQ3/DQ0N/w0NDf8NDQ3/DQ0N/w0NDf8NDQ3/DQ0N/w0NDf8NDQ3/DQ0N/w0NDf8MDAz/DAwM/w0NDf8NDQ3/DQ0N/w0NDf8ODg7/Dg4O/w4ODv8ODg7/Dg4O/w4ODv8ODg7/Dg4O/w4ODv8ODg7/Dg4O/w8PD/8PDw//EBAQ/xAQEP8SEhL/FBQU/xUVFf8XFxf/FxcX/xcXF/8WFhb/FhYW/xYWFv8VFRX/FRUV/xQUFP8VFRX/FhYW/xYWFv8XFxf/FxcX/xYWFv8WFhb/FxcX/xcXF/8YGBj/GRkZ/xkZGf8ZGRn/GRkZ/xoaGv8aGhr/Ghoa/xoaGv8ZGRn/GRkZ/xkZGf8ZGRn/Ghoa/xoaGv8cHBz/HBwc/xsbG/8aGhr/Gxsb/xsbG/8bGxv/Ghoa/xoaGv8ZGRn/Ghoa/xsbG/8bGxv/Ghoa/xoaGv8ZGRn/GRkZ/xoaGv8aGhr/Gxsb/xsbG/8bGxv/Gxsb/xsbG/8bGxv/Gxsb/xwcHP8fHx//IyMj/yoqKv80NDT/NjY2/zY2Nv82Njb/Nzc3/zc3N/82Njb/NjY2/zk5Of87Ozv/PT09/z8/P/89PT3/PDw8/z09Pf9AQED/RkZG/1BQUP9LS0v/QkJC/z4+Pv84ODj/Nzc3/zc3N/85OTn/Pj4+/0BAQP9BQUH/QUFB/zw8PP83Nzf/ODg4/zo6Ov86Ojr/Ojo6/zg4OP8zMzP/MTEx/y8vL/8vLy//MDAw/zExMf80NDT/NTU1/zY2Nv83Nzf/OTk5/zs7O/87Ozv/Ozs7/z09Pf9AQED/PT09/zo6Ov85OTn/ODg4/zk5Of86Ojr/Ozs7/zw8PP8+Pj7/QEBA/0FBQf8/Pz//Pj4+/zo6Ov84ODj/PT09/0FBQf9HR0f/TU1N/09PT/9QUFD/Tk5O/0tLS/9GRkb/Pj4+/z09Pf89PT3/Pj4+/z4+Pv8+Pj7/Pz8//0FBQf9HR0f/S0tL/05OTv9QUFD/S0tL/0RERP9BQUH/PDw8/zs7O/87Ozv/Pj4+/0VFRf9FRUX/QkJC/z8/P/85OTn/Nzc3/zs7O/8+Pj7/Pj4+/z8/P/9CQkL/RUVF/0ZGRv9ISEj/SEhI/0dHR/9GRkb/Q0ND/0VFRf9ISEj/TU1N/1hYWP9cXFz/X19f/19fX/9dXV3/W1tb/1VVVf9PT0//VFRU/1paWv9aWlr/W1tb/1dXV/9SUlL/U1NT/1VVVf9UVFT/UFBQ/09PT/9QUFD/UVFR/1FRUf9QUFD/Tk5O/01NTf9NTU3/TU1N/0tLS/9KSkr/SUlJ/0dHR/9HR0f/R0dH/0hISP9KSkr/Tk5O/1ZWVv9YWFj/WVlZ/1xcXP9nZ2f/ampq/15eXv9XV1f/VlZW/1VVVf9UVFT/U1NT/1ZWVv9bW1v/U1NT/0ZGRv9ERET/QUFB/0NDQ/9JSUn/SUlJ/0hISP9ISEj/S0tL/01NTf9OTk7/T09P/09PT/9OTk7/TExM/0lJSf9HR0f/RUVF/0VFRf9ERET/RERE/0RERP9KSkr/WFhY/2NjY/92dnb/dnZ2/19fX/9TU1P/V1dX/1paWv9gYGD/nJyc/5eXl/+SkpL/iIiI/3x8fP+QkJD/sbGx/7m5uf/CwsL/ysrK/9fX1//W1tb/ycnJ/76+vv+pqan/mZmZ/39/f/9ra2v/Z2dn/2JiYv9paWn/cHBw/3d3d/9/f3//fX19/3p6ev+BgYH/j4+P/4qKiv96enr/enp6/4aGhv+JiYn/gYGB/4KCgv+ampr/r6+v/76+vv/Ozs7/r6+v/4uLi/+ZmZn/rKys/7e3t//IyMj/ysrK/8nJyf/MzMz/09PT/87Ozv+5ubn/s7Oz/7y8vP/ExMT/1tbW/+Xl5f/i4uL/39/f/9PT0//ExMT/vr6+/7W1tf+wsLD/qamp/6ampv+goKD/n5+f/6CgoP+goKD/oKCg/6CgoP+hoaH/oaGh/5ubm/+Wlpb/i4uL/39/f/+FhYX/jIyM/5iYmP+oqKj/nZ2d/4mJif+Kior/kpKS/4+Pj/+EhIT/f39//3p6ev97e3v/hISE/4+Pj/+4uLj/2tra/8PDw/+qqqr/oqKi/5mZmf+MjIz/eXl5/3t7e/+AgID/fX19/3V1df92dnb/fn5+/4SEhP+SkpL/nJyc/66urv+2trb/nJyc/4aGhv+UlJT/pKSk/56env+Xl5f/o6Oj/7S0tP/AwMD/09PT/8nJyf+vr6//rq6u/7i4uP/Dw8P/2dnZ/9jY2P+kpKT/f39//3Nzc/9paWn/f39//5aWlv+mpqb/urq6/76+vv/CwsL/qqqq/319ff9xcXH/ZGRk/2RkZP9tbW3/cHBw/29vb/9vb2//cHBw/3Jycv+CgoL/kZGR/4aGhv97e3v/fHx8/35+fv+MjIz/oqKi/5+fn/+Xl5f/pqam/8vLy//Y2Nj/4uLi/9/f3//Kysr/u7u7/6mpqf+bm5v/m5ub/5ubm/+CgoL/ZmZm/2RkZP9iYmL/cHBw/4eHh/+EhIT/e3t7/3R0dP9lZWX/X19f/1dXV/9VVVX/XFxc/2FhYf9mZmb/aGho/1lZWf9LS0v/SkpK/0hISP9HR0f/RkZG/01NTf9aWlr/YGBg/2hoaP9lZWX/XFxc/1xcXP9hYWH/ZGRk/2RkZP9oaGj/enp6/4aGhv9ubm7/VVVV/09PT/9KSkr/UFBQ/1hYWP9XV1f/VVVV/1lZWf9fX1//Y2Nj/2tra/93d3f/lZWV/6Kiov+np6f/paWl/5CQkP9+fn7/gYGB/4ODg/9ubm7/VlZW/05OTv9FRUX/SEhI/09PT/9WVlb/YWFh/11dXf9NTU3/SEhI/0VFRf9FRUX/SUlJ/0tLS/9OTk7/UFBQ/0xMTP9ISEj/Tk5O/1VVVf9dXV3/aWlp/2NjY/9ZWVn/VFRU/0xMTP9TU1P/Z2dn/2pqav9hYWH/XV1d/15eXv9dXV3/WVlZ/1ZWVv9YWFj/WVlZ/1hYWP9XV1f/UlJS/0xMTP9JSUn/RERE/0NDQ/9DQ0P/RUVF/0tLS/9NTU3/Tk5O/05OTv9OTk7/TU1N/01NTf9MTEz/UlJS/1hYWP9VVVX/UlJS/09PT/9MTEz/R0dH/z4+Pv88PDz/Ojo6/zk5Of85OTn/ODg4/zY2Nv82Njb/Ozs7/z8/P/9AQED/QUFB/0dHR/9NTU3/TExM/0tLS/9MTEz/TU1N/0lJSf9AQED/QEBA/0FBQf9BQUH/QUFB/0FBQf9BQUH/QkJC/0lJSf9OTk7/SkpK/0ZGRv9ERET/QkJC/zs7O/8yMjL/MDAw/y4uLv8uLi7/Ly8v/y8vL/8tLS3/Li4u/zExMf81NTX/PDw8/z8/P/88PDz/OTk5/zk5Of9CQkL/TExM/1hYWP9oaGj/fX19/4aGhv+SkpL/h4eH/3BwcP9sbGz/a2tr/3V1df+QkJD/lZWV/4SEhP96enr/d3d3/3V1df9+fn7/h4eH/39/f/92dnb/cHBw/2hoaP91dXX/i4uL/4eHh/96enr/dnZ2/3R0dP9zc3P/cnJy/3Nzc/97e3v/g4OD/5WVlf+ioqL/jo6O/3p6ev9oaGj/U1NT/1RUVP9WVlb/aWlp/4eHh/+Li4v/jY2N/42Njf+Ojo7/jY2N/4iIiP+Kior/mZmZ/5+fn/+Ojo7/gICA/4WFhf+Li4v/i4uL/4uLi/+FhYX/fHx8/3t7e/97e3v/hoaG/5ycnP+Xl5f/gYGB/319ff+Hh4f/jo6O/52dnf+pqan/vr6+/83Nzf+np6f/fn5+/25ubv9cXFz/Z2dn/3d3d/97e3v/gICA/4GBgf+CgoL/e3t7/2dnZ/9oaGj/enp6/4WFhf+MjIz/kZGR/46Ojv+Li4v/goKC/3l5ef90dHT/b29v/3BwcP9zc3P/a2tr/11dXf9gYGD/ampq/21tbf9vb2//c3Nz/4GBgf+FhYX/f39//3l5ef9ycnL/a2tr/3V1df9+fn7/eXl5/3Jycv93d3f/f39//3h4eP9qamr/aGho/2hoaP95eXn/p6en/7q6uv/Gxsb/xMTE/5+fn/+FhYX/d3d3/2pqav9mZmb/YWFh/2FhYf9gYGD/aGho/3Nzc/91dXX/d3d3/3h4eP96enr/e3t7/3t7e/96enr/eHh4/3p6ev+JiYn/kpKS/4iIiP9+fn7/gYGB/4WFhf+Dg4P/gICA/39/f/9/f3//g4OD/4mJif+RkZH/n5+f/6mpqf+7u7v/u7u7/6Wlpf+bm5v/np6e/6CgoP+hoaH/oaGh/5WVlf+Hh4f/kpKS/6CgoP+oqKj/srKy/6Ojo/+FhYX/gYGB/4ODg/+Hh4f/kJCQ/5qamv+0tLT/vLy8/52dnf+Ghob/gICA/3p6ev91dXX/b29v/2FhYf9PT0//YWFh/39/f/+IiIj/lZWV/5OTk/+JiYn/h4eH/4qKiv+NjY3/lZWV/5iYmP+RkZH/ioqK/4GBgf94eHj/f39//4eHh/+cnJz/t7e3/6Ojo/9/f3//fHx8/3x8fP95eXn/cnJy/29vb/9sbGz/cXFx/4mJif+UlJT/gYGB/3Jycv9ra2v/Y2Nj/1xcXP9TU1P/VVVV/1hYWP9bW1v/YGBg/19fX/9bW1v/W1tb/11dXf9nZ2f/hISE/5SUlP+lpaX/rq6u/6ysrP+pqan/l5eX/4WFhf+Dg4P/gICA/4aGhv+QkJD/lZWV/56env+urq7/zc3N/9PT0//S0tL/yMjI/6urq/+ampr/iYmJ/39/f/98fHz/e3t7/4WFhf+QkJD/oqKi/7i4uP+3t7f/tLS0/7CwsP+pqan/oqKi/5aWlv+lpaX/0NDQ/9jY2P/CwsL/sbGx/5KSkv+BgYH/lpaW/6ioqP+srKz/sbGx/6SkpP+UlJT/kJCQ/4yMjP+VlZX/paWl/7Ozs//Ly8v/xsbG/6urq/+goKD/l5eX/5KSkv+MjIz/ioqK/5ycnP+srKz/pqam/6CgoP+vr6//wsLC/7CwsP+Tk5P/lJSU/5qamv+ZmZn/l5eX/5+fn/+1tbX/vr6+/8TExP/FxcX/u7u7/7Kysv+kpKT/l5eX/4aGhv90dHT/nZ2d/9LS0v/c3Nz/6Ojo/9PT0/+pqan/o6Oj/6ampv+1tbX/3t7e/+jo6P/Y2Nj/zs7O/8DAwP+0tLT/qKio/2hoaP9vb2//d3d3/3R0dP9vb2//ampq/2FhYf9eXl7/Wlpa/1paWv9bW1v/YGBg/2xsbP9zc3P/eHh4/3h4eP9qamr/YGBg/2JiYv9lZWX/a2tr/3Fxcf92dnb/e3t7/3Nzc/9kZGT/YWFh/11dXf9bW1v/V1dX/1hYWP9eXl7/YWFh/2BgYP9fX1//WVlZ/1VVVf9VVVX/VFRU/1tbW/9jY2P/aGho/3BwcP9xcXH/c3Nz/2tra/9bW1v/V1dX/1VVVf9YWFj/YmJi/2ZmZv9jY2P/YGBg/1paWv9VVVX/WVlZ/1xcXP9kZGT/bGxs/3Fxcf94eHj/d3d3/3R0dP94eHj/gYGB/3l5ef9kZGT/XV1d/1paWv9bW1v/ZWVl/2tra/9xcXH/dXV1/3Fxcf9tbW3/aWlp/2RkZP9mZmb/ampq/25ubv90dHT/c3Nz/25ubv9tbW3/bW1t/2tra/9mZmb/Y2Nj/1xcXP9YWFj/V1dX/1dXV/9dXV3/ZGRk/2JiYv9gYGD/W1tb/1VVVf9YWFj/X19f/2BgYP9gYGD/X19f/11dXf9cXFz/Xl5e/2JiYv9ycnL/e3t7/3Nzc/9ra2v/a2tr/2pqav9nZ2f/Y2Nj/19fX/9ZWVn/U1NT/0lJSf9PT0//XV1d/2VlZf9ycnL/e3t7/4qKiv+SkpL/l5eX/5iYmP+Li4v/f39//3Nzc/9mZmb/ZmZm/2hoaP9qamr/bm5u/25ubv9ubm7/ampq/2FhYf9gYGD/YmJi/2pqav+Dg4P/jo6O/4ODg/98fHz/f39//4GBgf+CgoL/goKC/3h4eP9ra2v/cHBw/3d3d/96enr/gICA/4SEhP+Li4v/j4+P/5WVlf+Tk5P/hISE/3p6ev9sbGz/YmJi/2JiYv9iYmL/bGxs/3d3d/9zc3P/bW1t/29vb/9ycnL/c3Nz/3R0dP9zc3P/cHBw/29vb/9sbGz/cXFx/4mJif+Tk5P/iYmJ/4GBgf93d3f/bW1t/2pqav9mZmb/X19f/1ZWVv9QUFD/R0dH/05OTv9dXV3/WVlZ/0lJSf9CQkL/Ozs7/zc3N/8zMzP/MjIy/zExMf8wMDD/MTEx/zExMf8wMDD/MDAw/zExMf8yMjL/MjIy/zIyMv8xMTH/Ly8v/y8vL/8vLy//Ly8v/y8vL/8vLy//Ly8v/y8vL/8vLy//Li4u/y8vL/8wMDD/MTEx/zIyMv8xMTH/Ly8v/y8vL/8vLy//MDAw/zAwMP8wMDD/MTEx/zIyMv8yMjL/MjIy/zExMf8xMTH/MTEx/zExMf8yMjL/MjIy/zIyMv8yMjL/MTEx/y4uLv8uLi7/Li4u/y4uLv8vLy//MDAw/zIyMv8yMjL/MjIy/zIyMv8yMjL/MjIy/zMzM/80NDT/NjY2/zg4OP86Ojr/PT09/0FBQf9GRkb/RUVF/0NDQ/9GRkb/Tk5O/1hYWP9sbGz/cXFx/2xsbP9paWn/ZmZm/2ZmZv95eXn/iYmJ/5aWlv+jo6P/jo6O/3R0dP9zc3P/c3Nz/3Z2dv99fX3/hYWF/5OTk/+VlZX/kZGR/46Ojv+Kior/hYWF/3Z2dv9tbW3/d3d3/4CAgP97e3v/dnZ2/3Nzc/9wcHD/c3Nz/3d3d/+AgID/kJCQ/4+Pj/+Kior/gYGB/21tbf9oaGj/b29v/3V1df+BgYH/iYmJ/4mJif+Kior/h4eH/4ODg/+QkJD/oKCg/6ampv+wsLD/mpqa/3Fxcf9mZmb/XV1d/1ZWVv9MTEz/SkpK/1NTU/9WVlb/T09P/0pKSv9GRkb/Dw8P/w8PD/8ODg7/Dg4O/w4ODv8ODg7/DQ0N/w0NDf8NDQ3/DQ0N/w4ODv8ODg7/Dg4O/w4ODv8NDQ3/DQ0N/w0NDf8ODg7/Dg4O/w4ODv8ODg7/Dg4O/w0NDf8NDQ3/DQ0N/w0NDf8NDQ3/DQ0N/w0NDf8MDAz/DAwM/wwMDP8MDAz/DAwM/wwMDP8MDAz/DAwM/w0NDf8NDQ3/DQ0N/w0NDf8NDQ3/DQ0N/w0NDf8NDQ3/DQ0N/w0NDf8NDQ3/DQ0N/w0NDf8NDQ3/DQ0N/w0NDf8MDAz/DQ0N/w0NDf8NDQ3/DQ0N/w0NDf8ODg7/Dg4O/w4ODv8ODg7/Dg4O/w4ODv8ODg7/Dg4O/w4ODv8ODg7/Dw8P/w8PD/8QEBD/ERER/xISEv8UFBT/FRUV/xYWFv8WFhb/FhYW/xYWFv8WFhb/FhYW/xUVFf8VFRX/FRUV/xUVFf8VFRX/FhYW/xcXF/8XFxf/FxcX/xcXF/8XFxf/FxcX/xgYGP8ZGRn/GRkZ/xkZGf8aGhr/Ghoa/xoaGv8aGhr/GRkZ/xkZGf8ZGRn/GRkZ/xkZGf8aGhr/Gxsb/xwcHP8cHBz/Gxsb/xoaGv8aGhr/Gxsb/xsbG/8bGxv/Ghoa/xoaGv8aGhr/Gxsb/xoaGv8aGhr/Ghoa/xkZGf8ZGRn/Ghoa/xoaGv8bGxv/Gxsb/xsbG/8bGxv/Gxsb/xsbG/8bGxv/HBwc/x8fH/8kJCT/Kioq/zMzM/81NTX/NTU1/zU1Nf82Njb/NjY2/zY2Nv82Njb/OTk5/zo6Ov87Ozv/PDw8/zo6Ov84ODj/Ozs7/z4+Pv9DQ0P/SkpK/0dHR/9BQUH/PT09/zg4OP82Njb/NjY2/zc3N/88PDz/Pj4+/z8/P/9AQED/Ozs7/zY2Nv83Nzf/OTk5/zk5Of85OTn/NjY2/zIyMv8xMTH/MDAw/zAwMP8xMTH/MjIy/zU1Nf82Njb/Nzc3/zg4OP86Ojr/PDw8/zw8PP89PT3/PT09/z4+Pv88PDz/OTk5/zg4OP83Nzf/ODg4/zk5Of85OTn/Ojo6/zs7O/89PT3/PT09/zw8PP87Ozv/OTk5/zg4OP89PT3/Q0ND/0VFRf9JSUn/SkpK/0tLS/9JSUn/R0dH/0NDQ/88PDz/PDw8/z4+Pv8+Pj7/Pz8//z8/P/8+Pj7/Pz8//0ZGRv9LS0v/Tk5O/1FRUf9KSkr/QkJC/z8/P/88PDz/Ojo6/zg4OP86Ojr/Pj4+/z8/P/8/Pz//Pj4+/zk5Of84ODj/Pj4+/0FBQf9AQED/Pz8//0FBQf9ERET/R0dH/0tLS/9KSkr/SUlJ/0dHR/9DQ0P/RUVF/0tLS/9QUFD/WFhY/1xcXP9dXV3/XV1d/1paWv9XV1f/UlJS/05OTv9UVFT/Wlpa/1lZWf9XV1f/VFRU/09PT/9QUFD/UlJS/1JSUv9TU1P/VVVV/1lZWf9ZWVn/V1dX/1VVVf9RUVH/Tk5O/09PT/9PT0//T09P/09PT/9OTk7/Tk5O/0xMTP9KSkr/SkpK/0xMTP9QUFD/VlZW/1hYWP9YWFj/Wlpa/19fX/9fX1//WFhY/1NTU/9RUVH/T09P/05OTv9NTU3/VFRU/11dXf9WVlb/S0tL/0tLS/9LS0v/SkpK/0hISP9HR0f/RkZG/0ZGRv9JSUn/TExM/1RUVP9ZWVn/VVVV/1FRUf9RUVH/UVFR/1BQUP9PT0//TExM/0dHR/9HR0f/SEhI/01NTf9XV1f/Xl5e/2tra/9qamr/V1dX/09PT/9VVVX/W1tb/2FhYf+Wlpb/iIiI/3l5ef96enr/fX19/5OTk/+2trb/wcHB/8/Pz//R0dH/z8/P/9DQ0P/U1NT/1NTU/87Ozv/AwMD/ioqK/2JiYv9hYWH/YGBg/2hoaP9wcHD/iIiI/6ioqP+mpqb/oKCg/5qamv+Ojo7/hoaG/3l5ef95eXn/goKC/4aGhv+FhYX/hoaG/5OTk/+dnZ3/paWl/62trf+qqqr/pqam/6urq/+xsbH/qqqq/52dnf+cnJz/nZ2d/6Ojo/+xsbH/rq6u/5qamv+VlZX/oqKi/6+vr//Ozs7/5eXl/9HR0f+8vLz/w8PD/8rKyv/X19f/6enp/+fn5//i4uL/zs7O/6ampv+cnJz/mJiY/5aWlv+Tk5P/nZ2d/8bGxv/e3t7/39/f/93d3f+9vb3/nJyc/4qKiv92dnb/enp6/4CAgP97e3v/cnJy/25ubv9nZ2f/bGxs/3t7e/+EhIT/kZGR/5SUlP+Hh4f/hoaG/7Kysv/X19f/tLS0/4+Pj/+EhIT/d3d3/3Nzc/9ubm7/ampq/2RkZP9mZmb/bm5u/3x8fP+bm5v/oaGh/5WVlf+MjIz/fn5+/3Z2dv98fHz/goKC/6Ojo//Hx8f/xMTE/7+/v//Ozs7/5eXl/+Tk5P/f39//zc3N/6ioqP+tra3/0dHR/+Dg4P/q6ur/5eXl/7u7u/+dnZ3/jo6O/4CAgP+kpKT/zMzM/8PDw/+3t7f/xcXF/9vb2//CwsL/kpKS/319ff9gYGD/ZGRk/4GBgf+MjIz/j4+P/4yMjP91dXX/Z2dn/3d3d/+Ghob/e3t7/25ubv9sbGz/ampq/4CAgP+hoaH/nZ2d/5GRkf+cnJz/tra2/7+/v//Dw8P/vb29/6Ghof+UlJT/lZWV/5mZmf+0tLT/z8/P/6Kiov9ycnL/ZmZm/1hYWP9nZ2f/fn5+/4SEhP+MjIz/g4OD/2tra/9iYmL/WVlZ/1hYWP9cXFz/Xl5e/15eXv9dXV3/VFRU/0xMTP9JSUn/RkZG/0RERP9BQUH/TExM/11dXf9hYWH/ZmZm/2JiYv9YWFj/Wlpa/2hoaP9ubm7/cXFx/3Jycv9tbW3/Z2dn/1lZWf9LS0v/SUlJ/0dHR/9HR0f/R0dH/0ZGRv9GRkb/SkpK/1FRUf9bW1v/bW1t/4WFhf+6urr/0dHR/9jY2P/T09P/oaGh/3h4eP9ra2v/Xl5e/1lZWf9UVFT/UFBQ/0pKSv9JSUn/R0dH/01NTf9YWFj/V1dX/1BQUP9MTEz/RUVF/0JCQv9CQkL/Q0ND/0lJSf9PT0//UFBQ/1JSUv9UVFT/V1dX/2hoaP+BgYH/d3d3/2NjY/9ZWVn/SkpK/0hISP9LS0v/Tk5O/1RUVP9WVlb/VFRU/1NTU/9RUVH/UFBQ/1JSUv9TU1P/UVFR/05OTv9KSkr/RUVF/0ZGRv9ISEj/SkpK/09PT/9QUFD/UFBQ/05OTv9HR0f/RUVF/0hISP9KSkr/RkZG/0JCQv9DQ0P/RUVF/0ZGRv9HR0f/R0dH/0hISP9FRUX/Pz8//zo6Ov8zMzP/MjIy/zU1Nf82Njb/ODg4/zs7O/9BQUH/RkZG/0VFRf9FRUX/R0dH/0hISP9FRUX/QEBA/0FBQf9DQ0P/Q0ND/0FBQf9AQED/QEBA/0BAQP8+Pj7/PT09/z4+Pv8+Pj7/QkJC/0VFRf9ISEj/S0tL/0FBQf83Nzf/NDQ0/zAwMP8uLi7/LCws/y0tLf8vLy//Li4u/y0tLf8tLS3/Li4u/y8vL/80NDT/NjY2/zY2Nv82Njb/NjY2/09PT/9cXFz/a2tr/3h4eP+Kior/j4+P/5WVlf+Tk5P/kJCQ/42Njf+Kior/j4+P/6CgoP+jo6P/l5eX/46Ojv9+fn7/c3Nz/39/f/+Li4v/g4OD/3t7e/90dHT/a2tr/3V1df+Ghob/gICA/3BwcP9paWn/X19f/19fX/9mZmb/a2tr/3R0dP95eXn/eHh4/3Z2dv9ra2v/YWFh/1lZWf9QUFD/T09P/01NTf9VVVX/Y2Nj/2dnZ/9tbW3/ampq/2JiYv9gYGD/YWFh/2RkZP9sbGz/bm5u/2RkZP9dXV3/ZWVl/25ubv+Hh4f/paWl/6CgoP+ampr/kJCQ/4KCgv+JiYn/mpqa/5ycnP+Xl5f/lJSU/5KSkv+QkJD/ioqK/4qKiv+dnZ3/q6ur/5GRkf91dXX/bGxs/2JiYv9oaGj/cXFx/3l5ef+Hh4f/i4uL/5CQkP+IiIj/cnJy/3Nzc/+Kior/lJSU/5iYmP+ampr/np6e/6Ghof+Ojo7/eXl5/3Nzc/9sbGz/aWlp/2VlZf9jY2P/YGBg/2tra/+CgoL/goKC/3R0dP9vb2//bW1t/2pqav9jY2P/YWFh/29vb/98fHz/kpKS/6qqqv+SkpL/c3Nz/3t7e/+JiYn/h4eH/4GBgf99fX3/d3d3/4KCgv+ioqL/tLS0/87Ozv/V1dX/vb29/6qqqv+Kior/bW1t/2RkZP9bW1v/XFxc/15eXv9ubm7/h4eH/4qKiv+Li4v/jIyM/46Ojv+UlJT/oqKi/6ampv+fn5//n5+f/6mpqf+vr6//pKSk/5mZmf+goKD/p6en/5GRkf91dXX/hYWF/5+fn/+pqan/t7e3/7S0tP+np6f/paWl/6ioqP+jo6P/kJCQ/4iIiP+Tk5P/nZ2d/66urv+/v7//r6+v/56env+ZmZn/k5OT/5ycnP+qqqr/mpqa/3d3d/9wcHD/bGxs/3V1df+RkZH/o6Oj/8HBwf/Ly8v/r6+v/5ubm/+cnJz/np6e/6Kiov+np6f/hoaG/1paWv9iYmL/c3Nz/35+fv+QkJD/lpaW/52dnf+bm5v/kpKS/46Ojv+MjIz/i4uL/46Ojv+QkJD/fHx8/2lpaf9oaGj/Z2dn/25ubv93d3f/enp6/319ff+Li4v/p6en/52dnf96enr/bGxs/11dXf9aWlr/ZmZm/21tbf9sbGz/a2tr/3BwcP91dXX/Z2dn/1ZWVv9cXFz/ZWVl/2FhYf9ZWVn/U1NT/0pKSv9JSUn/SkpK/1BQUP9fX1//bGxs/4KCgv+VlZX/tLS0/83Nzf+0tLT/m5ub/5WVlf+Ojo7/jo6O/4+Pj/+QkJD/kZGR/6ioqP/V1dX/1NTU/7m5uf+ysrL/tra2/7S0tP+lpaX/m5ub/5SUlP+Ojo7/mJiY/6Ghof/AwMD/5eXl/+jo6P/r6+v/4ODg/8zMzP+9vb3/oqKi/6qqqv/Kysr/0dHR/8bGxv+4uLj/k5OT/3x8fP+CgoL/iYmJ/5ycnP+xsbH/vr6+/87Ozv+8vLz/oKCg/6Ghof+lpaX/pqam/6enp/+goKD/jY2N/4iIiP+JiYn/i4uL/46Ojv+SkpL/m5ub/6Ojo/+Xl5f/i4uL/4mJif+Hh4f/fn5+/3Jycv99fX3/k5OT/6Ghof+4uLj/x8fH/+Li4v/s7Oz/7u7u/+vr6//Y2Nj/yMjI/7Kysv+cnJz/hoaG/21tbf+JiYn/rq6u/76+vv/V1dX/vLy8/4mJif+Ghob/j4+P/6Wlpf/b29v/7e3t/+rq6v/f39//tra2/5iYmP+Xl5f/bGxs/3l5ef+Hh4f/enp6/2hoaP9dXV3/Tk5O/0tLS/9JSUn/Tk5O/1xcXP9gYGD/YWFh/2JiYv9jY2P/YmJi/1paWv9UVFT/VlZW/1hYWP9eXl7/ZmZm/2hoaP9ra2v/Z2dn/19fX/9fX1//YWFh/19fX/9aWlr/WFhY/1ZWVv9WVlb/V1dX/1hYWP9ZWVn/WVlZ/1RUVP9OTk7/T09P/1FRUf9XV1f/YGBg/2ZmZv9ubm7/aGho/1paWv9UVFT/TU1N/09PT/9ZWVn/XV1d/19fX/9eXl7/VFRU/01NTf9TU1P/WFhY/2BgYP9qamr/bGxs/25ubv9ra2v/ZWVl/2dnZ/9ra2v/aWlp/2JiYv9hYWH/Z2dn/21tbf98fHz/goKC/3Jycv9lZWX/Z2dn/2lpaf9lZWX/YGBg/2ZmZv9ubm7/cHBw/3Nzc/9wcHD/aGho/21tbf9+fn7/gICA/3V1df9wcHD/a2tr/2hoaP9mZmb/ZWVl/2FhYf9dXV3/WVlZ/1RUVP9SUlL/T09P/1NTU/9aWlr/YGBg/2tra/9tbW3/a2tr/2tra/9paWn/ampq/3Jycv92dnb/bGxs/2NjY/9lZWX/aGho/2lpaf9ra2v/ZmZm/15eXv9YWFj/Tk5O/1ZWVv9qamr/cnJy/3x8fP9+fn7/eXl5/3p6ev+JiYn/kZGR/4aGhv98fHz/c3Nz/2pqav9nZ2f/ZGRk/2FhYf9cXFz/X19f/2ZmZv9oaGj/aWlp/2lpaf9nZ2f/aWlp/3Jycv91dXX/cHBw/21tbf9tbW3/bW1t/3l5ef+Hh4f/fX19/3BwcP9sbGz/ZmZm/21tbf98fHz/hYWF/5SUlP+ampr/n5+f/5ubm/+Hh4f/e3t7/3Nzc/9tbW3/a2tr/2hoaP92dnb/hoaG/3x8fP9vb2//bGxs/2hoaP9qamr/bW1t/21tbf9sbGz/ampq/2ZmZv9tbW3/jY2N/5+fn/+np6f/q6ur/52dnf+QkJD/jo6O/4uLi/95eXn/YGBg/1dXV/9LS0v/UVFR/19fX/9aWlr/SkpK/0NDQ/86Ojr/NjY2/zQ0NP8zMzP/MjIy/zExMf8wMDD/MDAw/y8vL/8uLi7/MDAw/zExMf8yMjL/MzMz/zIyMv8wMDD/MDAw/zAwMP8wMDD/MTEx/zExMf8xMTH/MTEx/y8vL/8uLi7/Ly8v/y8vL/8wMDD/MDAw/zAwMP8wMDD/MDAw/zAwMP8wMDD/MDAw/zAwMP8xMTH/MjIy/zQ0NP81NTX/MzMz/zMzM/8yMjL/MjIy/zIyMv8zMzP/MjIy/zExMf8wMDD/Ly8v/y4uLv8tLS3/Li4u/y8vL/8wMDD/MTEx/zIyMv8yMjL/MjIy/zMzM/8zMzP/NDQ0/zU1Nf82Njb/ODg4/zs7O/8+Pj7/Q0ND/0pKSv9ISEj/RUVF/0pKSv9UVFT/Xl5e/3Fxcf91dXX/bGxs/2dnZ/9hYWH/YGBg/3Jycv+CgoL/kJCQ/5+fn/+Pj4//enp6/3d3d/9ycnL/cnJy/3Nzc/93d3f/gYGB/4aGhv+Ojo7/jIyM/39/f/93d3f/c3Nz/3R0dP+Tk5P/r6+v/5eXl/9+fn7/dXV1/2lpaf92dnb/ioqK/4iIiP+AgID/fX19/3l5ef9zc3P/ZmZm/2JiYv9nZ2f/bW1t/4KCgv+QkJD/hoaG/3x8fP9ycnL/ZmZm/3h4eP+QkJD/o6Oj/76+vv+pqan/f39//3R0dP9paWn/X19f/0pKSv9DQ0P/RkZG/0lJSf9NTU3/UFBQ/09PT/8PDw//Dw8P/w8PD/8ODg7/Dg4O/w4ODv8ODg7/Dg4O/w4ODv8ODg7/Dg4O/w4ODv8NDQ3/DQ0N/wwMDP8MDAz/DQ0N/w0NDf8NDQ3/DQ0N/w0NDf8NDQ3/DQ0N/w0NDf8NDQ3/DQ0N/w0NDf8NDQ3/DQ0N/w0NDf8NDQ3/DQ0N/w0NDf8NDQ3/DQ0N/w0NDf8NDQ3/DQ0N/w0NDf8NDQ3/DQ0N/w0NDf8MDAz/DAwM/wwMDP8MDAz/DAwM/wwMDP8MDAz/DAwM/w0NDf8NDQ3/DQ0N/w0NDf8NDQ3/Dg4O/w4ODv8ODg7/Dg4O/w0NDf8NDQ3/Dg4O/w4ODv8ODg7/Dg4O/w4ODv8ODg7/Dg4O/w4ODv8PDw//EBAQ/xEREf8SEhL/ExMT/xMTE/8UFBT/FBQU/xUVFf8VFRX/FhYW/xYWFv8WFhb/FhYW/xYWFv8WFhb/FhYW/xUVFf8VFRX/FxcX/xcXF/8XFxf/GBgY/xgYGP8YGBj/GBgY/xkZGf8ZGRn/Ghoa/xoaGv8aGhr/Ghoa/xkZGf8ZGRn/GRkZ/xkZGf8aGhr/Ghoa/xsbG/8bGxv/Gxsb/xsbG/8bGxv/Ghoa/xoaGv8bGxv/Gxsb/xwcHP8bGxv/Gxsb/xsbG/8aGhr/Ghoa/xkZGf8ZGRn/Ghoa/xoaGv8bGxv/Gxsb/xsbG/8bGxv/Gxsb/xsbG/8bGxv/Ghoa/xsbG/8bGxv/Hx8f/yQkJP8pKSn/Ly8v/zExMf8yMjL/MjIy/zIyMv8zMzP/NjY2/zg4OP85OTn/OTk5/zY2Nv80NDT/MzMz/zIyMv82Njb/PDw8/z09Pf9AQED/Pz8//z09Pf87Ozv/NjY2/zQ0NP8zMzP/NDQ0/zc3N/85OTn/Ozs7/zw8PP84ODj/NDQ0/zY2Nv84ODj/ODg4/zc3N/81NTX/MTEx/zExMf80NDT/NDQ0/zMzM/80NDT/Nzc3/zk5Of87Ozv/PDw8/z09Pf8+Pj7/Pz8//z8/P/89PT3/Ozs7/zo6Ov85OTn/ODg4/zc3N/84ODj/OTk5/zg4OP83Nzf/Nzc3/zY2Nv82Njb/NjY2/zY2Nv83Nzf/ODg4/z4+Pv9ERET/QkJC/z8/P/9AQED/QUFB/0BAQP8/Pz//PT09/zo6Ov87Ozv/Pj4+/z8/P/9BQUH/QEBA/z09Pf88PDz/RERE/0pKSv9PT0//U1NT/0xMTP9DQ0P/QEBA/zw8PP85OTn/NTU1/zU1Nf81NTX/Nzc3/zs7O/88PDz/Ozs7/zw8PP9ERET/SEhI/0RERP9BQUH/Q0ND/0VFRf9KSkr/UVFR/1BQUP9NTU3/SkpK/0ZGRv9KSkr/VVVV/1hYWP9ZWVn/WVlZ/1hYWP9XV1f/VFRU/1FRUf9PT0//TU1N/1NTU/9ZWVn/VFRU/05OTv9LS0v/SEhI/0pKSv9OTk7/VFRU/2BgYP9lZWX/a2tr/2tra/9lZWX/YGBg/1lZWf9UVFT/VVVV/1VVVf9ZWVn/XFxc/1xcXP9bW1v/VlZW/05OTv9PT0//UVFR/1FRUf9TU1P/VFRU/1dXV/9WVlb/T09P/01NTf9NTU3/TU1N/0pKSv9HR0f/RkZG/0VFRf9SUlL/ZGRk/19fX/9YWFj/Wlpa/11dXf9XV1f/SEhI/0RERP9CQkL/Q0ND/0VFRf9LS0v/YGBg/21tbf9jY2P/WVlZ/1tbW/9eXl7/X19f/2FhYf9ZWVn/TU1N/05OTv9SUlL/U1NT/1NTU/9TU1P/UVFR/05OTv9ISEj/SEhI/1NTU/9cXFz/ZGRk/6ampv+Tk5P/fn5+/35+fv9/f3//k5OT/7S0tP+9vb3/ycnJ/8jIyP/BwcH/wcHB/8XFxf/Hx8f/x8fH/76+vv+MjIz/aGho/29vb/91dXX/e3t7/4GBgf+cnJz/wMDA/7+/v/+6urr/s7Oz/6SkpP+ampr/h4eH/4eHh/+Xl5f/nZ2d/5ycnP+cnJz/oKCg/6Kiov+lpaX/qKio/6mpqf+rq6v/qamp/6Wlpf+cnJz/jIyM/5OTk/+kpKT/rKys/7m5uf+zs7P/lpaW/46Ojv+YmJj/pKSk/8jIyP/j4+P/ysrK/6+vr/+8vLz/y8vL/9jY2P/q6ur/5eXl/9vb2//ExMT/mZmZ/4+Pj/+NjY3/jY2N/5GRkf+enp7/z8/P/+zs7P/t7e3/6+vr/8nJyf+lpaX/mpqa/42Njf+Pj4//kpKS/4mJif96enr/cHBw/2FhYf9paWn/hISE/5OTk/+mpqb/qamp/46Ojv+Dg4P/qKio/8XFxf+rq6v/jo6O/4yMjP+JiYn/goKC/3d3d/9wcHD/ZWVl/2tra/98fHz/jY2N/7CwsP+2trb/pqam/5iYmP99fX3/bGxs/3R0dP97e3v/nJyc/7+/v/+8vLz/uLi4/8DAwP/Nzc3/ysrK/8LCwv+zs7P/lZWV/52dnf/CwsL/0NDQ/9PT0//Ozs7/rq6u/5iYmP+Li4v/f39//6Ojo//Ly8v/wsLC/7a2tv/Jycn/5ubm/9TU1P+vr6//nZ2d/4GBgf+AgID/j4+P/5OTk/+SkpL/jIyM/3R0dP9kZGT/cHBw/3t7e/90dHT/a2tr/2tra/9qamr/g4OD/6mpqf+pqan/o6Oj/6SkpP+oqKj/qqqq/6urq/+lpaX/jo6O/4ODg/+IiIj/j4+P/6ioqP/CwsL/mJiY/2pqav9fX1//UlJS/19fX/9zc3P/fX19/4qKiv+EhIT/b29v/2ZmZv9ZWVn/VVVV/1hYWP9aWlr/XFxc/11dXf9aWlr/WFhY/1JSUv9LS0v/SEhI/0RERP9NTU3/XV1d/19fX/9hYWH/YGBg/11dXf9jY2P/dnZ2/319ff99fX3/fX19/3x8fP96enr/ZWVl/1BQUP9RUVH/U1NT/1VVVf9YWFj/VFRU/01NTf9NTU3/T09P/1hYWP9ubm7/hYWF/7i4uP/Ozs7/0tLS/83Nzf+cnJz/dHR0/2VlZf9UVFT/VVVV/1VVVf9VVVX/VFRU/09PT/9GRkb/SkpK/1VVVf9XV1f/WFhY/1RUVP9ISEj/QkJC/z8/P/8+Pj7/RUVF/0tLS/9PT0//U1NT/1NTU/9SUlL/YmJi/3d3d/9vb2//YGBg/1hYWP9LS0v/SUlJ/0lJSf9LS0v/UlJS/1VVVf9TU1P/UlJS/1JSUv9SUlL/VlZW/1paWv9UVFT/TU1N/0lJSf9ERET/RUVF/0hISP9JSUn/TU1N/01NTf9MTEz/SUlJ/0JCQv9AQED/RUVF/0hISP9DQ0P/Pz8//0BAQP9AQED/QkJC/0NDQ/9FRUX/R0dH/0VFRf9CQkL/PT09/zQ0NP8yMjL/NTU1/zY2Nv86Ojr/PT09/0VFRf9KSkr/SEhI/0ZGRv9GRkb/R0dH/0JCQv89PT3/Pj4+/0BAQP9AQED/Pz8//z8/P/9AQED/QEBA/z8/P/8/Pz//Pj4+/z4+Pv9BQUH/Q0ND/0dHR/9LS0v/QUFB/zU1Nf8yMjL/Li4u/y0tLf8tLS3/Li4u/zAwMP8xMTH/MjIy/zExMf8vLy//MDAw/zIyMv8zMzP/NDQ0/zU1Nf81NTX/Wlpa/2ZmZv90dHT/goKC/5OTk/+Xl5f/m5ub/56env+ioqL/o6Oj/6SkpP+jo6P/n5+f/5ubm/+RkZH/i4uL/4eHh/+FhYX/kZGR/5ycnP+UlJT/i4uL/4ODg/94eHj/enp6/39/f/94eHj/ampq/2RkZP9cXFz/XV1d/2NjY/9paWn/dnZ2/3x8fP92dnb/cHBw/2RkZP9YWFj/VlZW/1NTU/9SUlL/UlJS/1VVVf9ZWVn/XV1d/2JiYv9hYWH/Xl5e/15eXv9hYWH/YmJi/2FhYf9gYGD/XFxc/1paWv9iYmL/ampq/4ODg/+goKD/np6e/5qamv+Pj4//fn5+/4SEhP+SkpL/lZWV/5SUlP+Tk5P/jo6O/4uLi/+CgoL/f39//4+Pj/+ampr/ioqK/3l5ef9ycnL/ampq/2xsbP9wcHD/eXl5/4iIiP+Li4v/jo6O/4iIiP92dnb/dnZ2/4SEhP+Li4v/jo6O/5GRkf+Wlpb/mpqa/4mJif92dnb/dnZ2/3V1df9wcHD/aWlp/2xsbP9xcXH/enp6/4yMjP+JiYn/eXl5/3Fxcf9oaGj/Y2Nj/1xcXP9bW1v/bGxs/3x8fP+Tk5P/q6ur/5SUlP94eHj/goKC/5KSkv+Pj4//hoaG/4CAgP93d3f/fn5+/5aWlv+mpqb/v7+//8fHx/+0tLT/pKSk/4SEhP9mZmb/YWFh/1paWv9iYmL/a2tr/4CAgP+enp7/nZ2d/5aWlv+Wlpb/mJiY/6Ghof+3t7f/u7u7/6ysrP+mpqb/qqqq/6ysrP+goKD/lZWV/5+fn/+qqqr/lpaW/3t7e/+Kior/o6Oj/6ysrP+5ubn/srKy/56env+YmJj/lJSU/4+Pj/+CgoL/fn5+/4uLi/+Wlpb/pqam/7a2tv+oqKj/mZmZ/5OTk/+Kior/k5OT/6Ghof+ampr/i4uL/4SEhP96enr/fX19/46Ojv+ampr/r6+v/7e3t/+hoaH/kpKS/5eXl/+cnJz/o6Oj/6urq/+Kior/Xl5e/2RkZP9xcXH/enp6/4mJif+Pj4//l5eX/5aWlv+NjY3/h4eH/39/f/98fHz/g4OD/4eHh/9/f3//dnZ2/3t7e/+AgID/fn5+/3t7e/9+fn7/g4OD/5SUlP+zs7P/rKys/42Njf9+fn7/aGho/2BgYP9hYWH/YmJi/2ZmZv9qamr/dnZ2/4ODg/91dXX/ZGRk/2xsbP94eHj/b29v/19fX/9aWlr/VFRU/1RUVP9XV1f/WVlZ/11dXf9iYmL/cnJy/4KCgv+lpaX/wcHB/6ysrP+Wlpb/lJSU/5KSkv+QkJD/jIyM/4yMjP+NjY3/oqKi/8zMzP/Jycn/rq6u/6ioqP+tra3/ra2t/6Kiov+bm5v/k5OT/42Njf+RkZH/lZWV/7Kysv/W1tb/4eHh//Hx8f/j4+P/yMjI/7a2tv+Xl5f/m5ub/7W1tf+6urr/r6+v/6SkpP+Ghob/dHR0/35+fv+Hh4f/oKCg/7y8vP/CwsL/ysrK/7i4uP+enp7/m5ub/5ubm/+YmJj/lJSU/5CQkP+IiIj/iIiI/4+Pj/+UlJT/m5ub/5+fn/+enp7/nJyc/5SUlP+Li4v/h4eH/4GBgf94eHj/a2tr/3d3d/+NjY3/mpqa/6+vr/++vr7/2dnZ/+Hh4f/c3Nz/19fX/87Ozv/ExMT/ra2t/5eXl/+BgYH/aWlp/35+fv+ZmZn/p6en/7y8vP+mpqb/fHx8/3l5ef+CgoL/mpqa/9XV1f/n5+f/3t7e/9LS0v+srKz/k5OT/52dnf9kZGT/cHBw/35+fv9xcXH/YGBg/1ZWVv9HR0f/RkZG/0hISP9OTk7/XV1d/2FhYf9fX1//X19f/2JiYv9iYmL/XFxc/1dXV/9WVlb/VlZW/1xcXP9iYmL/Y2Nj/2NjY/9gYGD/Wlpa/1xcXP9iYmL/YGBg/1xcXP9ZWVn/VlZW/1VVVf9YWFj/Wlpa/15eXv9gYGD/Wlpa/1NTU/9UVFT/VFRU/1dXV/9cXFz/YGBg/2dnZ/9kZGT/XV1d/1lZWf9RUVH/UVFR/1dXV/9aWlr/XFxc/1xcXP9YWFj/VVVV/1ZWVv9XV1f/XV1d/2RkZP9jY2P/Y2Nj/2BgYP9dXV3/Xl5e/2JiYv9jY2P/YmJi/2NjY/9paWn/b29v/39/f/+FhYX/dHR0/2dnZ/9paWn/bGxs/2hoaP9jY2P/ampq/3V1df90dHT/c3Nz/29vb/9oaGj/bm5u/4GBgf+CgoL/dXV1/25ubv9qamr/aGho/2pqav9ra2v/ampq/2hoaP9jY2P/XV1d/1tbW/9YWFj/WVlZ/1tbW/9hYWH/bm5u/3Fxcf9xcXH/cHBw/21tbf9tbW3/cXFx/3Nzc/9qamr/Y2Nj/2VlZf9mZmb/aWlp/21tbf9nZ2f/X19f/1hYWP9NTU3/U1NT/2RkZP9qamr/cnJy/3Jycv9qamr/ampq/319ff+Kior/h4eH/4SEhP97e3v/cnJy/21tbf9nZ2f/YmJi/1lZWf9dXV3/ZmZm/2dnZ/9nZ2f/ZmZm/2NjY/9iYmL/ZWVl/2ZmZv9kZGT/ZGRk/2lpaf9tbW3/eHh4/4SEhP9+fn7/dnZ2/3BwcP9oaGj/bW1t/3Z2dv9+fn7/jIyM/5CQkP+UlJT/kpKS/4aGhv9+fn7/enp6/3d3d/91dXX/cnJy/4eHh/+enp7/jo6O/3l5ef9zc3P/a2tr/21tbf9ycnL/cHBw/2lpaf9mZmb/ZGRk/2xsbP+MjIz/oKCg/66urv+3t7f/oqKi/46Ojv+NjY3/i4uL/3p6ev9jY2P/XFxc/1NTU/9WVlb/Xl5e/1lZWf9JSUn/QkJC/zo6Ov82Njb/NDQ0/zIyMv8xMTH/MTEx/zAwMP8wMDD/Ly8v/y4uLv8vLy//MDAw/zExMf8zMzP/MjIy/zAwMP8wMDD/MDAw/zExMf8xMTH/MjIy/zIyMv8xMTH/MDAw/y8vL/8vLy//Ly8v/zAwMP8wMDD/MDAw/zAwMP8wMDD/MDAw/zAwMP8wMDD/MTEx/zExMf8yMjL/NDQ0/zU1Nf8zMzP/MjIy/zIyMv8yMjL/MjIy/zMzM/8yMjL/MTEx/zAwMP8vLy//Ly8v/y4uLv8uLi7/Ly8v/zAwMP8xMTH/MjIy/zIyMv8yMjL/MjIy/zMzM/80NDT/NTU1/zY2Nv84ODj/Ojo6/z09Pf9BQUH/SEhI/0dHR/9FRUX/SkpK/1ZWVv9hYWH/dnZ2/3l5ef9vb2//a2tr/25ubv9ycnL/f39//4qKiv+Pj4//k5OT/4iIiP97e3v/e3t7/3t7e/96enr/eHh4/3l5ef99fX3/goKC/42Njf+MjIz/f39//3h4eP93d3f/enp6/5WVlf+urq7/lpaW/3t7e/9xcXH/ZWVl/3Z2dv+QkJD/kpKS/5CQkP+MjIz/hISE/39/f/90dHT/cXFx/3R0dP94eHj/hYWF/42Njf+Dg4P/eXl5/3Fxcf9qamr/eHh4/4qKiv+fn5//vb29/6ysrP+Ghob/fHx8/3R0dP9paWn/UFBQ/0dHR/9ERET/RERE/0tLS/9QUFD/VVVV/w8PD/8PDw//Dw8P/w4ODv8ODg7/Dg4O/w4ODv8ODg7/Dg4O/w4ODv8ODg7/Dg4O/w0NDf8NDQ3/DQ0N/w0NDf8NDQ3/DQ0N/w0NDf8NDQ3/DQ0N/w0NDf8NDQ3/DQ0N/w0NDf8NDQ3/DQ0N/w0NDf8NDQ3/DQ0N/w0NDf8NDQ3/DQ0N/w0NDf8NDQ3/DQ0N/w0NDf8NDQ3/DQ0N/w0NDf8NDQ3/DQ0N/wwMDP8MDAz/DAwM/wwMDP8MDAz/DAwM/wwMDP8NDQ3/DQ0N/w0NDf8NDQ3/DQ0N/w4ODv8ODg7/Dg4O/w4ODv8ODg7/DQ0N/w4ODv8ODg7/Dg4O/w4ODv8ODg7/Dg4O/w4ODv8ODg7/Dg4O/w8PD/8QEBD/ERER/xISEv8SEhL/ExMT/xQUFP8UFBT/FRUV/xUVFf8WFhb/FhYW/xYWFv8WFhb/FhYW/xYWFv8WFhb/FRUV/xYWFv8WFhb/FxcX/xcXF/8YGBj/GBgY/xgYGP8YGBj/GRkZ/xkZGf8ZGRn/GRkZ/xkZGf8ZGRn/GRkZ/xkZGf8ZGRn/GRkZ/xoaGv8aGhr/Gxsb/xsbG/8bGxv/Gxsb/xoaGv8aGhr/Ghoa/xsbG/8bGxv/HBwc/xsbG/8bGxv/Gxsb/xoaGv8aGhr/Ghoa/xoaGv8aGhr/Gxsb/xsbG/8bGxv/Gxsb/xsbG/8bGxv/Gxsb/xsbG/8aGhr/Gxsb/xsbG/8fHx//JSUl/ykpKf8uLi7/MDAw/zIyMv8yMjL/MjIy/zMzM/82Njb/Nzc3/zg4OP84ODj/NTU1/zIyMv8zMzP/NDQ0/zc3N/87Ozv/Ozs7/zs7O/87Ozv/PT09/zw8PP85OTn/ODg4/zg4OP84ODj/OTk5/zo6Ov87Ozv/Ozs7/zc3N/8yMjL/NDQ0/zY2Nv83Nzf/OTk5/zg4OP82Njb/Nzc3/zk5Of85OTn/NjY2/zY2Nv85OTn/Ojo6/zw8PP8+Pj7/Pj4+/z4+Pv8/Pz//QEBA/z8/P/89PT3/PDw8/zo6Ov85OTn/ODg4/zg4OP85OTn/OTk5/zk5Of84ODj/Nzc3/zc3N/83Nzf/Nzc3/zg4OP86Ojr/QEBA/0VFRf9CQkL/Pj4+/z8/P/9BQUH/QUFB/0BAQP8+Pj7/PDw8/z09Pf8+Pj7/QEBA/0JCQv9CQkL/Pz8//z4+Pv9GRkb/TExM/1BQUP9UVFT/TU1N/0VFRf9DQ0P/QkJC/z8/P/86Ojr/ODg4/zY2Nv84ODj/PDw8/z4+Pv8+Pj7/QEBA/0hISP9MTEz/SUlJ/0ZGRv9GRkb/RkZG/0tLS/9RUVH/UVFR/1FRUf9OTk7/SUlJ/01NTf9XV1f/WVlZ/1lZWf9ZWVn/WFhY/1dXV/9TU1P/UVFR/1JSUv9TU1P/VVVV/1hYWP9UVFT/T09P/1FRUf9TU1P/VFRU/1RUVP9ZWVn/ZWVl/2pqav9ubm7/bW1t/2VlZf9gYGD/W1tb/1dXV/9ZWVn/Wlpa/15eXv9iYmL/YGBg/1xcXP9XV1f/T09P/1FRUf9UVFT/U1NT/1BQUP9RUVH/VVVV/1VVVf9PT0//Tk5O/1BQUP9SUlL/TExM/0hISP9FRUX/Q0ND/1BQUP9gYGD/XV1d/1hYWP9bW1v/YGBg/1lZWf9KSkr/RUVF/0RERP9FRUX/SUlJ/09PT/9iYmL/bm5u/2VlZf9dXV3/YGBg/2JiYv9jY2P/Y2Nj/1xcXP9RUVH/U1NT/1lZWf9YWFj/VFRU/1FRUf9LS0v/SEhI/0VFRf9GRkb/UVFR/1lZWf9fX1//09PT/7i4uP+ampr/kJCQ/4SEhP+Tk5P/rKys/6+vr/+xsbH/rq6u/6ampv+hoaH/mJiY/5eXl/+goKD/oKCg/4qKiv99fX3/k5OT/6mpqf+qqqr/qqqq/8LCwv/k5OT/5OTk/+Li4v/f39//29vb/8zMzP+rq6v/ra2t/83Nzf/Y2Nj/09PT/8/Pz//ExMT/u7u7/7e3t/+ysrL/ra2t/6ampv+Xl5f/hISE/4GBgf9/f3//m5ub/9HR0f/c3Nz/4eHh/9LS0v+hoaH/jY2N/42Njf+UlJT/v7+//97e3v/CwsL/paWl/7W1tf/IyMj/ycnJ/8nJyf+7u7v/oqKi/5GRkf90dHT/cXFx/3Z2dv9+fn7/kZGR/6SkpP/Pz8//6Ojo/+Tk5P/f39//xMTE/6mpqf++vr7/19fX/9jY2P/Y2Nj/wcHB/5qamv+IiIj/bm5u/3l5ef+goKD/s7Oz/8zMzP/MzMz/np6e/4SEhP+RkZH/nJyc/52dnf+dnZ3/srKy/8zMzP+1tbX/k5OT/4iIiP95eXn/hoaG/6Wlpf+2trb/0NDQ/9bW1v/Ozs7/wcHB/5eXl/97e3v/c3Nz/21tbf+AgID/lZWV/5GRkf+Li4v/gYGB/3Nzc/9ycnL/c3Nz/3Fxcf9tbW3/dnZ2/4+Pj/+VlZX/kJCQ/4yMjP+AgID/eHh4/3Jycv9ubm7/iIiI/6Wlpf+tra3/t7e3/83Nzf/v7+//7+/v/+rq6v/j4+P/1tbW/8bGxv+jo6P/k5OT/4KCgv93d3f/bW1t/2VlZf9nZ2f/aWlp/2pqav9qamr/cHBw/3d3d/+SkpL/vLy8/8bGxv/S0tL/v7+//5KSkv+Ghob/hISE/4CAgP94eHj/c3Nz/3R0dP91dXX/e3t7/4GBgf9paWn/T09P/0xMTP9ISEj/UVFR/19fX/9qamr/fHx8/319ff92dnb/bW1t/1ZWVv9OTk7/T09P/1JSUv9cXFz/ZWVl/2xsbP90dHT/aGho/1paWv9VVVX/TU1N/1FRUf9ZWVn/WVlZ/1hYWP9eXl7/bGxs/3l5ef+Tk5P/m5ub/5KSkv+SkpL/rKys/7y8vP+Pj4//YWFh/2lpaf9zc3P/fn5+/46Ojv+AgID/aGho/19fX/9SUlL/WVlZ/29vb/9/f3//nJyc/6ioqP+lpaX/n5+f/4WFhf9vb2//YmJi/1RUVP9WVlb/WVlZ/2BgYP9qamr/XV1d/0ZGRv9JSUn/U1NT/1tbW/9qamr/Z2dn/1FRUf9FRUX/Ozs7/zc3N/89PT3/Q0ND/0pKSv9SUlL/TU1N/0dHR/9LS0v/UFBQ/1FRUf9RUVH/UFBQ/09PT/9RUVH/VlZW/1dXV/9WVlb/VVVV/1ZWVv9YWFj/WVlZ/1tbW/9lZWX/b29v/2FhYf9QUFD/TExM/0dHR/9GRkb/RUVF/0NDQ/9AQED/Pz8//z8/P/8+Pj7/Ozs7/zs7O/9BQUH/RERE/0FBQf8/Pz//QEBA/0JCQv9BQUH/QEBA/0NDQ/9HR0f/SEhI/0lJSf9ERET/Ojo6/zc3N/82Njb/Nzc3/zw8PP9AQED/SUlJ/05OTv9KSkr/RkZG/0ZGRv9FRUX/QkJC/z09Pf8+Pj7/Pz8//z09Pf86Ojr/Ozs7/z8/P/9BQUH/RUVF/0VFRf9BQUH/Pz8//0JCQv9ERET/R0dH/0pKSv9BQUH/Nzc3/zIyMv8sLCz/LCws/y4uLv8wMDD/NDQ0/zg4OP8+Pj7/PT09/zY2Nv8zMzP/MjIy/zIyMv8zMzP/MzMz/zMzM/9tbW3/dXV1/35+fv+Ojo7/o6Oj/6Wlpf+oqKj/r6+v/7q6uv/CwsL/0NDQ/8HBwf+RkZH/fHx8/3Nzc/92dnb/mZmZ/7W1tf+8vLz/xMTE/7u7u/+xsbH/pKSk/5OTk/+Ghob/cnJy/2pqav9hYWH/YWFh/2RkZP9lZWX/ZmZm/2xsbP+AgID/i4uL/4WFhf9+fn7/aWlp/1RUVP9YWFj/XV1d/19fX/9hYWH/X19f/1paWv9aWlr/W1tb/2FhYf9xcXH/dnZ2/3l5ef92dnb/ZWVl/11dXf9jY2P/aGho/21tbf9ycnL/e3t7/4SEhP+FhYX/hoaG/39/f/9ycnL/dnZ2/4CAgP+BgYH/gICA/39/f/9+fn7/fX19/3p6ev95eXn/goKC/4iIiP+IiIj/h4eH/4GBgf96enr/d3d3/3Fxcf95eXn/h4eH/4aGhv+BgYH/fn5+/3p6ev92dnb/bGxs/2pqav9ubm7/cnJy/3d3d/97e3v/dXV1/29vb/98fHz/jY2N/4aGhv97e3v/hoaG/5qamv+ampr/lJSU/46Ojv+BgYH/eHh4/2lpaf9hYWH/XFxc/1tbW/9nZ2f/c3Nz/4CAgP+Ojo7/iYmJ/4ODg/+QkJD/o6Oj/5mZmf+FhYX/e3t7/2xsbP9ubm7/fHx8/4WFhf+VlZX/mZmZ/4qKiv99fX3/aGho/1RUVP9ZWVn/Xl5e/3Jycv+MjIz/pqam/8zMzP/AwMD/pKSk/6Kiov+mpqb/s7Oz/9HR0f/S0tL/srKy/6CgoP+YmJj/kZGR/4WFhf96enr/ioqK/5ubm/+Xl5f/kZGR/5OTk/+YmJj/m5ub/6CgoP+YmJj/g4OD/3p6ev9vb2//bGxs/25ubv9xcXH/fX19/4aGhv+IiIj/i4uL/4SEhP99fX3/fX19/319ff+EhIT/j4+P/6Kiov/ExMT/v7+//6mpqf+cnJz/hoaG/35+fv99fX3/e3t7/3Nzc/9ubm7/eHh4/4KCgv+IiIj/j4+P/3x8fP9hYWH/Z2dn/3Nzc/93d3f/e3t7/3x8fP97e3v/e3t7/3p6ev91dXX/Z2dn/2BgYP9nZ2f/b29v/4eHh/+hoaH/t7e3/9DQ0P/BwcH/rKys/6Kiov+UlJT/np6e/7a2tv+5ubn/t7e3/6ysrP+NjY3/fHx8/2pqav9hYWH/ZmZm/2xsbP+CgoL/mZmZ/4+Pj/+CgoL/jY2N/52dnf+Ojo7/c3Nz/3Jycv94eHj/e3t7/4GBgf9+fn7/bW1t/2VlZf9gYGD/YWFh/3p6ev+NjY3/hoaG/35+fv+Hh4f/kpKS/46Ojv+Hh4f/iYmJ/4yMjP+YmJj/sbGx/7CwsP+ioqL/m5ub/5GRkf+MjIz/iYmJ/4aGhv+BgYH/fX19/3V1df9sbGz/fn5+/5OTk/+wsLD/2tra/8rKyv+pqan/lZWV/3R0dP9zc3P/hISE/4SEhP91dXX/bGxs/2ZmZv9lZWX/fn5+/5WVlf+1tbX/19fX/7y8vP+bm5v/lJSU/4uLi/+Hh4f/goKC/39/f/96enr/f39//5CQkP+ZmZn/p6en/6+vr/+3t7f/urq6/6Wlpf+RkZH/lpaW/5ubm/+ampr/mJiY/4iIiP9wcHD/dXV1/4ODg/+EhIT/hISE/42Njf+np6f/qamp/5WVlf+QkJD/oqKi/62trf+ZmZn/hYWF/3V1df9kZGT/bm5u/3x8fP+BgYH/ioqK/4CAgP9ubm7/bm5u/3Jycv+Kior/yMjI/9XV1f+2trb/pKSk/5ubm/+YmJj/tbW1/09PT/9VVVX/W1tb/1dXV/9RUVH/TExM/0RERP9HR0f/UFBQ/1ZWVv9hYWH/Y2Nj/2FhYf9iYmL/a2tr/29vb/9qamr/ZWVl/2BgYP9aWlr/XV1d/2FhYf9fX1//W1tb/1hYWP9SUlL/V1dX/2JiYv9iYmL/X19f/11dXf9aWlr/Wlpa/19fX/9jY2P/a2tr/3Fxcf9paWn/YWFh/2VlZf9paWn/YmJi/1lZWf9YWFj/V1dX/1xcXP9nZ2f/ZmZm/15eXv9bW1v/WVlZ/1hYWP9YWFj/Wlpa/2RkZP9sbGz/YmJi/1dXV/9WVlb/VFRU/1JSUv9OTk7/T09P/1FRUf9UVFT/W1tb/15eXv9jY2P/ZWVl/2dnZ/9qamr/dnZ2/3x8fP95eXn/dnZ2/3Z2dv91dXX/cXFx/21tbf92dnb/hISE/35+fv9zc3P/b29v/2tra/9vb2//fHx8/3t7e/9ra2v/Y2Nj/19fX/9eXl7/aGho/3Jycv99fX3/iYmJ/4ODg/98fHz/eHh4/3Jycv9ra2v/X19f/2NjY/9vb2//cnJy/3Nzc/9zc3P/cXFx/3BwcP9vb2//bm5u/2tra/9oaGj/ZmZm/2RkZP9oaGj/bW1t/2dnZ/9dXV3/VVVV/0hISP9ISEj/TExM/05OTv9RUVH/UVFR/1BQUP9UVFT/ampq/3t7e/+MjIz/nJyc/4+Pj/+CgoL/e3t7/3Jycv9paWn/XV1d/2FhYf9sbGz/aGho/1xcXP9YWFj/U1NT/1FRUf9QUFD/UFBQ/1NTU/9XV1f/aWlp/3p6ev96enr/e3t7/35+fv+BgYH/fn5+/3h4eP9zc3P/bGxs/2xsbP9wcHD/cnJy/3R0dP94eHj/gICA/4WFhf+Hh4f/iYmJ/4iIiP+Hh4f/qamp/8/Pz/+0tLT/kZGR/4aGhv93d3f/enp6/4KCgv96enr/ZGRk/19fX/9hYWH/ampq/4iIiP+cnJz/r6+v/7m5uf+Wlpb/cnJy/3Jycv9ycnL/bW1t/2VlZf9lZWX/ZmZm/2JiYv9aWlr/U1NT/0VFRf8/Pz//ODg4/zQ0NP8yMjL/MTEx/zAwMP8wMDD/MDAw/zAwMP8vLy//Li4u/y8vL/8vLy//MDAw/zExMf8xMTH/MDAw/zAwMP8xMTH/MTEx/zExMf8xMTH/MTEx/zExMf8xMTH/MDAw/zAwMP8wMDD/MDAw/zExMf8wMDD/Ly8v/y8vL/8wMDD/MDAw/zExMf8xMTH/MDAw/zExMf8yMjL/MjIy/zExMf8wMDD/MDAw/zAwMP8xMTH/MTEx/zExMf8wMDD/MDAw/zAwMP8wMDD/MDAw/zExMf8xMTH/MTEx/zExMf8xMTH/MTEx/zExMf8yMjL/MjIy/zMzM/80NDT/NTU1/zY2Nv84ODj/OTk5/zw8PP9AQED/QkJC/0NDQ/9KSkr/WFhY/2VlZf98fHz/gICA/3R0dP91dXX/kJCQ/6Kiov+jo6P/o6Oj/4+Pj/95eXn/eXl5/3l5ef+CgoL/j4+P/46Ojv+MjIz/h4eH/35+fv+AgID/jIyM/42Njf+Hh4f/hISE/4ODg/+Dg4P/iYmJ/4+Pj/9/f3//bm5u/2hoaP9fX1//dHR0/5SUlP+mpqb/wsLC/729vf+rq6v/pKSk/5ycnP+ZmZn/mZmZ/5eXl/+Kior/gYGB/3x8fP94eHj/f39//4aGhv+Ghob/h4eH/5iYmP+0tLT/qKio/46Ojv+JiYn/h4eH/3x8fP9hYWH/VFRU/0dHR/9CQkL/SEhI/05OTv9eXl7/DQ0N/w4ODv8ODg7/Dg4O/w4ODv8ODg7/DQ0N/w0NDf8NDQ3/DQ0N/w0NDf8NDQ3/Dg4O/w4ODv8ODg7/Dg4O/w4ODv8ODg7/DQ0N/w0NDf8NDQ3/DQ0N/w0NDf8NDQ3/DQ0N/w0NDf8NDQ3/DQ0N/w0NDf8NDQ3/DQ0N/w0NDf8NDQ3/DQ0N/w0NDf8NDQ3/DQ0N/w0NDf8NDQ3/DQ0N/w0NDf8NDQ3/DAwM/wwMDP8MDAz/DAwM/w0NDf8NDQ3/DQ0N/w4ODv8ODg7/Dg4O/w4ODv8ODg7/Dg4O/w8PD/8ODg7/Dg4O/w4ODv8ODg7/Dg4O/w4ODv8ODg7/Dg4O/w4ODv8ODg7/Dg4O/w4ODv8ODg7/Dw8P/w8PD/8RERH/ERER/xISEv8TExP/FBQU/xUVFf8VFRX/FhYW/xYWFv8WFhb/FhYW/xYWFv8WFhb/FhYW/xYWFv8WFhb/FhYW/xYWFv8WFhb/FxcX/xcXF/8XFxf/FxcX/xcXF/8XFxf/FxcX/xgYGP8YGBj/GBgY/xgYGP8YGBj/GBgY/xkZGf8ZGRn/Ghoa/xsbG/8cHBz/HBwc/xsbG/8bGxv/Ghoa/xoaGv8aGhr/Gxsb/xsbG/8bGxv/Gxsb/xsbG/8bGxv/Gxsb/xsbG/8bGxv/Gxsb/xwcHP8bGxv/Gxsb/xoaGv8aGhr/Ghoa/xsbG/8bGxv/Gxsb/xsbG/8bGxv/HBwc/yAgIP8nJyf/Kioq/y8vL/8xMTH/NDQ0/zU1Nf82Njb/NjY2/zU1Nf81NTX/NTU1/zY2Nv80NDT/MjIy/zY2Nv86Ojr/Ozs7/zw8PP85OTn/NTU1/zg4OP8/Pz//QEBA/0FBQf9DQ0P/RUVF/0VFRf9CQkL/Pz8//z09Pf87Ozv/NjY2/zAwMP8xMTH/MjIy/zc3N/89PT3/Pz8//0JCQv9DQ0P/RUVF/0NDQ/89PT3/PDw8/zw8PP89PT3/Pj4+/z4+Pv89PT3/PT09/z8/P/9BQUH/Q0ND/0RERP9BQUH/PT09/zw8PP86Ojr/Ojo6/zk5Of87Ozv/Pz8//z8/P/8+Pj7/Pj4+/z09Pf89PT3/Pz8//0BAQP9ERET/SEhI/0VFRf9BQUH/RERE/0lJSf9ISEj/RkZG/0VFRf9DQ0P/QkJC/0BAQP9BQUH/RUVF/0ZGRv9FRUX/RUVF/01NTf9TU1P/U1NT/1NTU/9OTk7/SUlJ/0tLS/9PT0//TExM/0dHR/9ERET/Pj4+/z4+Pv9BQUH/QkJC/0NDQ/9GRkb/T09P/1NTU/9SUlL/UFBQ/01NTf9KSkr/S0tL/01NTf9RUVH/V1dX/1RUVP9PT0//UVFR/1ZWVv9YWFj/Wlpa/1tbW/9bW1v/Wlpa/1ZWVv9VVVX/Xl5e/2VlZf9dXV3/VFRU/1ZWVv9YWFj/Y2Nj/3R0dP9ubm7/ZGRk/2VlZf9ra2v/a2tr/2hoaP9lZWX/XV1d/1lZWf9aWlr/W1tb/19fX/9iYmL/ZWVl/2hoaP9gYGD/V1dX/1NTU/9PT0//UlJS/1lZWf9WVlb/TExM/0xMTP9QUFD/U1NT/1lZWf9dXV3/YGBg/2BgYP9XV1f/Tk5O/0lJSf9ERET/SkpK/1JSUv9RUVH/T09P/1NTU/9aWlr/V1dX/09PT/9MTEz/SkpK/0xMTP9WVlb/XFxc/2BgYP9iYmL/Y2Nj/2NjY/9kZGT/ZGRk/2FhYf9dXV3/W1tb/1lZWf9cXFz/Y2Nj/2FhYf9ZWVn/VVVV/01NTf9JSUn/R0dH/0dHR/9MTEz/UFBQ/1BQUP/X19f/vLy8/52dnf+SkpL/g4OD/5KSkv+qqqr/rq6u/7CwsP+vr6//rKys/6enp/+cnJz/mpqa/6Ojo/+kpKT/lZWV/42Njf+ioqL/t7e3/7Kysv+tra3/wMDA/9nZ2f/b29v/3t7e/9/f3//g4OD/0tLS/7Gxsf+zs7P/0tLS/9vb2//U1NT/zc3N/8HBwf+4uLj/s7Oz/66urv+pqan/pKSk/5KSkv96enr/fHx8/4GBgf+ioqL/4eHh/+7u7v/v7+//3d3d/6ioqP+RkZH/i4uL/42Njf+xsbH/zMzM/7m5uf+mpqb/tbW1/8fHx//ExMT/vr6+/6+vr/+Wlpb/hYWF/2pqav9nZ2f/bW1t/3V1df+Kior/m5ub/7u7u//Nzc3/zMzM/8rKyv+4uLj/pqam/8fHx//w8PD/8PDw//Dw8P/S0tL/oKCg/4yMjP9xcXH/enp6/6Ghof+1tbX/z8/P/9HR0f+tra3/l5eX/5ubm/+fn5//pKSk/6mpqf/Dw8P/5OTk/8jIyP+enp7/mJiY/5GRkf+enp7/urq6/8TExP/Ozs7/z8/P/8jIyP+7u7v/k5OT/3h4eP9vb2//Z2dn/3V1df+Dg4P/fX19/3Z2dv9ra2v/W1tb/11dXf9kZGT/ZmZm/2lpaf9ubm7/e3t7/3x8fP90dHT/cHBw/29vb/9ubm7/bW1t/21tbf+Dg4P/m5ub/6enp/+2trb/ycnJ/+Xl5f/o6Oj/6urq/+np6f/l5eX/1dXV/6ysrP+ampr/ioqK/4CAgP9zc3P/ampq/2hoaP9mZmb/a2tr/29vb/98fHz/jY2N/6SkpP/Gxsb/zMzM/9PT0/+9vb3/iYmJ/319ff99fX3/fHx8/3d3d/9zc3P/bm5u/2tra/9paWn/Z2dn/1lZWf9JSUn/SUlJ/0pKSv9SUlL/X19f/2pqav97e3v/enp6/3R0dP9qamr/VFRU/0xMTP9LS0v/Tk5O/15eXv9ra2v/dnZ2/4CAgP9wcHD/XV1d/1hYWP9RUVH/VFRU/1hYWP9XV1f/VFRU/11dXf90dHT/hoaG/6Wlpf+tra3/nZ2d/5qamv+6urr/z8/P/56env9sbGz/cnJy/3l5ef+FhYX/lZWV/4eHh/9vb2//ZGRk/1NTU/9YWFj/aWlp/3R0dP+Ghob/jIyM/4mJif+FhYX/d3d3/2tra/9gYGD/VFRU/1dXV/9ZWVn/YWFh/2xsbP9eXl7/RkZG/0dHR/9PT0//WFhY/2tra/9oaGj/UVFR/0VFRf87Ozv/NjY2/zw8PP9BQUH/R0dH/05OTv9JSUn/RERE/0NDQ/9BQUH/RUVF/0pKSv9NTU3/UlJS/1VVVf9bW1v/W1tb/1dXV/9VVVX/WVlZ/1tbW/9bW1v/XFxc/2RkZP9tbW3/YGBg/09PT/9MTEz/R0dH/0VFRf9DQ0P/QUFB/z09Pf87Ozv/Ojo6/zk5Of84ODj/OTk5/z4+Pv9BQUH/QEBA/z8/P/9AQED/QUFB/0BAQP8+Pj7/QUFB/0ZGRv9ISEj/S0tL/0dHR/8+Pj7/Ozs7/zg4OP84ODj/PT09/0BAQP9ISEj/TU1N/0lJSf9FRUX/RUVF/0RERP9BQUH/Pj4+/z4+Pv9AQED/Pz8//z4+Pv8/Pz//QEBA/0JCQv9GRkb/RkZG/0FBQf8/Pz//QEBA/0FBQf9DQ0P/RUVF/z4+Pv82Njb/MjIy/ywsLP8tLS3/Li4u/zExMf81NTX/OTk5/0FBQf9BQUH/Ojo6/zc3N/82Njb/NjY2/zY2Nv82Njb/NjY2/3Fxcf95eXn/gYGB/4+Pj/+goKD/o6Oj/6Wlpf+qqqr/srKy/7q6uv/IyMj/uLi4/4KCgv9ra2v/ZGRk/2pqav+Xl5f/urq6/8LCwv/Jycn/wcHB/7e3t/+srKz/np6e/46Ojv91dXX/bW1t/2RkZP9kZGT/Z2dn/2dnZ/9lZWX/a2tr/4CAgP+MjIz/iYmJ/4aGhv9wcHD/WVlZ/2BgYP9oaGj/bGxs/3Jycv9ra2v/X19f/1xcXP9ZWVn/YWFh/3Nzc/96enr/gICA/319ff9oaGj/X19f/2xsbP93d3f/fHx8/4CAgP9/f3//f39//4GBgf+EhIT/goKC/35+fv9+fn7/gYGB/39/f/97e3v/enp6/35+fv9/f3//gYGB/4KCgv+Ghob/ioqK/4qKiv+Li4v/ioqK/4mJif+Dg4P/enp6/4KCgv+QkJD/jIyM/39/f/99fX3/fHx8/3h4eP9sbGz/Z2dn/2lpaf9ra2v/cHBw/3R0dP9vb2//a2tr/319ff+UlJT/jo6O/4SEhP+SkpL/q6ur/6ampv+UlJT/jo6O/4iIiP+BgYH/cHBw/2dnZ/9hYWH/X19f/2pqav9zc3P/e3t7/4ODg/+EhIT/hYWF/4+Pj/+fn5//lJSU/35+fv93d3f/bW1t/21tbf9zc3P/eHh4/39/f/+BgYH/d3d3/29vb/9lZWX/XFxc/2NjY/9ra2v/f39//5qamv+wsLD/0NDQ/8DAwP+enp7/nZ2d/6Ojo/+vr6//ysrK/8nJyf+oqKj/lpaW/42Njf+Ghob/eXl5/25ubv98fHz/jIyM/42Njf+Ojo7/jo6O/4+Pj/+UlJT/np6e/5aWlv+BgYH/dnZ2/2ZmZv9jY2P/bGxs/3R0dP9/f3//h4eH/4qKiv+MjIz/hoaG/4CAgP9/f3//f39//4WFhf+NjY3/paWl/9HR0f/Ozs7/tra2/6enp/+Ojo7/gICA/3Fxcf9oaGj/Y2Nj/2FhYf9wcHD/f39//4WFhf+MjIz/fHx8/2VlZf9sbGz/eHh4/3l5ef94eHj/d3d3/3Nzc/9ycnL/c3Nz/3BwcP9jY2P/XV1d/2NjY/9ra2v/j4+P/7Ozs//Ozs7/7e3t/93d3f/FxcX/sbGx/5SUlP+ZmZn/qamp/7CwsP+4uLj/sLCw/5OTk/+BgYH/a2tr/19fX/9kZGT/ampq/39/f/+VlZX/jIyM/4GBgf+MjIz/m5ub/4+Pj/94eHj/f39//5KSkv+Wlpb/mZmZ/5GRkf96enr/bGxs/11dXf9WVlb/aWlp/3l5ef9+fn7/g4OD/42Njf+YmJj/kZGR/4eHh/+Kior/kZGR/5eXl/+hoaH/oqKi/56env+ampr/kZGR/42Njf+RkZH/kpKS/42Njf+IiIj/enp6/2tra/92dnb/g4OD/5+fn//Hx8f/uLi4/5mZmf+Kior/c3Nz/3R0dP+BgYH/f39//2tra/9hYWH/YGBg/2NjY/97e3v/kpKS/7Ozs//W1tb/uLi4/5SUlP+RkZH/jo6O/4mJif+BgYH/gYGB/4KCgv+JiYn/mZmZ/6Kiov+srKz/s7Oz/7m5uf+6urr/o6Oj/46Ojv+ampr/p6en/6Wlpf+jo6P/kZGR/3d3d/96enr/g4OD/4GBgf96enr/goKC/5iYmP+YmJj/fHx8/3R0dP+MjIz/mpqa/4qKiv97e3v/cHBw/2VlZf9ubm7/enp6/319ff+CgoL/fX19/3Nzc/9ycnL/dHR0/4eHh/+5ubn/xMTE/6ysrP+goKD/oqKi/6ampv++vr7/S0tL/05OTv9SUlL/T09P/0xMTP9JSUn/RUVF/0pKSv9TU1P/WVlZ/2NjY/9lZWX/Y2Nj/2VlZf9sbGz/b29v/2tra/9nZ2f/YWFh/1paWv9dXV3/YGBg/11dXf9YWFj/VlZW/1NTU/9YWFj/Y2Nj/2RkZP9iYmL/YGBg/1paWv9ZWVn/Xl5e/2JiYv9tbW3/dHR0/21tbf9mZmb/bGxs/3Jycv9nZ2f/WFhY/1ZWVv9UVFT/W1tb/2lpaf9paWn/Y2Nj/19fX/9YWFj/VVVV/1dXV/9aWlr/Z2dn/3BwcP9lZWX/WVlZ/1VVVf9PT0//Tk5O/0xMTP9OTk7/UVFR/1RUVP9YWFj/XV1d/2ZmZv9paWn/a2tr/21tbf9ycnL/dnZ2/3h4eP95eXn/d3d3/3V1df9zc3P/cHBw/3p6ev+IiIj/gICA/3BwcP9tbW3/ampq/21tbf92dnb/dHR0/2ZmZv9eXl7/Wlpa/1lZWf9mZmb/c3Nz/39/f/+Li4v/h4eH/4GBgf9+fn7/eXl5/3BwcP9iYmL/ZGRk/2tra/9tbW3/b29v/29vb/9wcHD/cHBw/2xsbP9qamr/a2tr/2tra/9nZ2f/YWFh/2dnZ/9ubm7/aWlp/2JiYv9ZWVn/SUlJ/0ZGRv9ERET/RUVF/0hISP9KSkr/Tk5O/1RUVP9ra2v/fX19/46Ojv+enp7/kJCQ/4GBgf96enr/cnJy/2lpaf9bW1v/YGBg/2lpaf9mZmb/XFxc/1paWv9aWlr/WFhY/1RUVP9SUlL/U1NT/1ZWVv9paWn/fHx8/3l5ef91dXX/e3t7/4KCgv9/f3//e3t7/3d3d/9xcXH/cHBw/3BwcP9wcHD/cHBw/3R0dP+EhIT/jY2N/42Njf+NjY3/jo6O/46Ojv+wsLD/1tbW/7u7u/+Wlpb/jIyM/39/f/+BgYH/hYWF/3t7e/9jY2P/Xl5e/2RkZP9sbGz/hYWF/5WVlf+kpKT/rKys/4mJif9lZWX/ZWVl/2RkZP9jY2P/YWFh/2RkZP9oaGj/YmJi/1ZWVv9PT0//RUVF/z8/P/84ODj/NDQ0/zIyMv8wMDD/MDAw/zAwMP8wMDD/MTEx/zAwMP8vLy//MDAw/zExMf8xMTH/MTEx/zExMf8wMDD/MDAw/zExMf8xMTH/MjIy/zIyMv8yMjL/MzMz/zIyMv8yMjL/MjIy/zExMf8yMjL/MjIy/zExMf8wMDD/MDAw/zAwMP8xMTH/MjIy/zExMf8xMTH/MTEx/zIyMv8yMjL/MDAw/y8vL/8wMDD/MDAw/zExMf8xMTH/MTEx/zAwMP8wMDD/MDAw/zAwMP8wMDD/MTEx/zIyMv8yMjL/MTEx/zExMf8xMTH/MTEx/zIyMv8yMjL/MzMz/zQ0NP81NTX/NjY2/zc3N/84ODj/Ojo6/z4+Pv8/Pz//QkJC/0hISP9VVVX/YGBg/3Z2dv96enr/cXFx/3V1df+Wlpb/q6ur/6qqqv+oqKj/kJCQ/3d3d/94eHj/enp6/4aGhv+ZmZn/mJiY/5SUlP+Ojo7/g4OD/4WFhf+RkZH/k5OT/46Ojv+Li4v/h4eH/4WFhf+FhYX/hISE/3x8fP9ycnL/a2tr/2JiYv91dXX/k5OT/6enp//IyMj/w8PD/6+vr/+oqKj/paWl/6SkpP+kpKT/oKCg/4uLi/98fHz/eXl5/3d3d/+CgoL/jo6O/4mJif+Dg4P/k5OT/6ysrP+lpaX/k5OT/46Ojv+JiYn/fn5+/2RkZP9XV1f/TExM/0dHR/9NTU3/UlJS/2JiYv8NDQ3/DQ0N/w4ODv8ODg7/Dg4O/w4ODv8NDQ3/DQ0N/w0NDf8NDQ3/DQ0N/w0NDf8ODg7/Dg4O/w4ODv8ODg7/Dg4O/w4ODv8NDQ3/DQ0N/w0NDf8NDQ3/DQ0N/w0NDf8NDQ3/DQ0N/w0NDf8NDQ3/DQ0N/w0NDf8NDQ3/DQ0N/w0NDf8NDQ3/DQ0N/w0NDf8NDQ3/DQ0N/w0NDf8NDQ3/DQ0N/w0NDf8MDAz/DAwM/wwMDP8MDAz/DQ0N/w0NDf8ODg7/Dg4O/w4ODv8ODg7/Dg4O/w4ODv8ODg7/Dw8P/w4ODv8ODg7/Dg4O/w4ODv8ODg7/Dg4O/w4ODv8ODg7/Dg4O/w4ODv8ODg7/Dg4O/w4ODv8PDw//Dw8P/xAQEP8RERH/EhIS/xMTE/8UFBT/FRUV/xUVFf8WFhb/FhYW/xYWFv8WFhb/FhYW/xYWFv8WFhb/FhYW/xYWFv8WFhb/FhYW/xYWFv8XFxf/FxcX/xcXF/8XFxf/FxcX/xcXF/8XFxf/FxcX/xcXF/8XFxf/FxcX/xgYGP8YGBj/GRkZ/xkZGf8aGhr/Gxsb/xsbG/8bGxv/Gxsb/xoaGv8aGhr/Ghoa/xoaGv8bGxv/Gxsb/xsbG/8bGxv/Gxsb/xsbG/8bGxv/Gxsb/xwcHP8cHBz/HBwc/xwcHP8aGhr/Ghoa/xoaGv8aGhr/Ghoa/xsbG/8bGxv/Gxsb/xsbG/8cHBz/ICAg/ycnJ/8qKir/Ly8v/zIyMv81NTX/Nzc3/zg4OP84ODj/NTU1/zQ0NP80NDT/NDQ0/zMzM/8yMjL/Nzc3/zw8PP89PT3/PT09/zk5Of8zMzP/Nzc3/z8/P/9BQUH/Q0ND/0RERP9HR0f/R0dH/0RERP9CQkL/QUFB/0BAQP85OTn/MTEx/zIyMv8yMjL/Nzc3/z8/P/9BQUH/RUVF/0ZGRv9GRkb/RERE/z4+Pv88PDz/Ozs7/zs7O/88PDz/PT09/zw8PP88PDz/Pz8//0JCQv9ERET/RkZG/0NDQ/8/Pz//Pj4+/zw8PP87Ozv/Ojo6/zw8PP9BQUH/QUFB/0FBQf9AQED/Pz8//z4+Pv9AQED/QUFB/0RERP9ISEj/RkZG/0NDQ/9HR0f/TU1N/0tLS/9ISEj/RkZG/0RERP9CQkL/QUFB/0JCQv9ISEj/SkpK/0tLS/9MTEz/UlJS/1ZWVv9VVVX/U1NT/1FRUf9PT0//UFBQ/1FRUf9OTk7/SUlJ/0VFRf9AQED/QEBA/0NDQ/9FRUX/R0dH/0pKSv9SUlL/VlZW/1RUVP9SUlL/T09P/0xMTP9NTU3/Tk5O/1FRUf9WVlb/VFRU/09PT/9RUVH/VFRU/1ZWVv9YWFj/WFhY/1hYWP9YWFj/VVVV/1RUVP9eXl7/ZmZm/1xcXP9SUlL/VFRU/1dXV/9kZGT/dXV1/29vb/9iYmL/YmJi/2dnZ/9nZ2f/ZGRk/2JiYv9cXFz/Wlpa/1tbW/9bW1v/Xl5e/2FhYf9kZGT/Z2dn/19fX/9WVlb/U1NT/09PT/9TU1P/XFxc/1hYWP9QUFD/T09P/1JSUv9VVVX/XFxc/2BgYP9jY2P/Y2Nj/1lZWf9PT0//S0tL/0ZGRv9JSUn/Tk5O/05OTv9OTk7/UlJS/1lZWf9YWFj/U1NT/1FRUf9QUFD/U1NT/15eXv9jY2P/YWFh/2BgYP9iYmL/ZWVl/2VlZf9mZmb/YmJi/1xcXP9cXFz/W1tb/15eXv9iYmL/YGBg/1lZWf9UVFT/TExM/0lJSf9HR0f/R0dH/0tLS/9OTk7/TExM/7Gxsf+dnZ3/h4eH/4GBgf95eXn/jIyM/6urq/+5ubn/zc3N/9XV1f/g4OD/4+Pj/+Hh4f/g4OD/39/f/9nZ2f+/v7//rKys/6qqqv+np6f/mJiY/4aGhv+Ghob/h4eH/5CQkP+fn5//pKSk/62trf+oqKj/m5ub/5mZmf+goKD/np6e/5GRkf+Kior/jIyM/46Ojv+RkZH/k5OT/5qamv+ioqL/lJSU/4GBgf+JiYn/l5eX/7Ozs//n5+f/8fHx//Ly8v/i4uL/tLS0/56env+QkJD/iIiI/42Njf+RkZH/oqKi/7Ozs/+9vb3/ysrK/8XFxf++vr7/uLi4/62trf+ampr/dHR0/2tra/9nZ2f/aGho/3BwcP9ycnL/cnJy/3Nzc/+CgoL/jo6O/5KSkv+Wlpb/v7+//+7u7v/v7+//7u7u/8rKyv+Ojo7/fHx8/2hoaP9tbW3/g4OD/5KSkv+srKz/vLy8/83Nzf/Y2Nj/2tra/9zc3P/Pz8//wsLC/9LS0v/m5ub/y8vL/6SkpP+xsbH/zc3N/9HR0f/R0dH/wsLC/56env+Ojo7/f39//3V1df9lZWX/XFxc/2FhYf9mZmb/bW1t/3R0dP9sbGz/YWFh/2hoaP90dHT/fX19/4yMjP+NjY3/jIyM/4SEhP9xcXH/aWlp/2BgYP9fX1//aWlp/3BwcP94eHj/f39//5GRkf+lpaX/q6ur/7Kysv+0tLT/tra2/6+vr/+ioqL/pqam/7Gxsf+zs7P/sbGx/7Ozs/+7u7v/t7e3/5KSkv94eHj/dHR0/3Fxcf96enr/g4OD/6Ojo//Nzc3/0NDQ/9HR0f+/v7//nZ2d/5KSkv+Ghob/iIiI/5aWlv+ZmZn/kJCQ/4iIiP9ycnL/YmJi/11dXf9YWFj/VVVV/1JSUv9WVlb/W1tb/2dnZ/96enr/f39//4WFhf97e3v/Y2Nj/1lZWf9OTk7/SkpK/0lJSf9NTU3/Z2dn/3p6ev+BgYH/iIiI/3Fxcf9XV1f/VVVV/1NTU/9WVlb/XFxc/1lZWf9TU1P/X19f/39/f/+Xl5f/wcHB/8rKyv+srKz/n5+f/7W1tf/Dw8P/oKCg/319ff9zc3P/aGho/2pqav9tbW3/a2tr/2dnZ/9gYGD/VFRU/1JSUv9SUlL/VFRU/1dXV/9ZWVn/XV1d/19fX/9hYWH/Y2Nj/1xcXP9WVlb/VlZW/1ZWVv9XV1f/WVlZ/1JSUv9GRkb/RERE/0JCQv9JSUn/Wlpa/1lZWf9ISEj/QEBA/z4+Pv89PT3/Pz8//0FBQf9DQ0P/RUVF/0VFRf9FRUX/QUFB/zw8PP8/Pz//RUVF/0tLS/9XV1f/Wlpa/1tbW/9aWlr/VVVV/1VVVf9cXFz/YGBg/1lZWf9UVFT/UVFR/01NTf9LS0v/SEhI/0VFRf9AQED/Pz8//z8/P/8/Pz//Pj4+/zw8PP84ODj/Nzc3/zc3N/83Nzf/Ojo6/zw8PP89PT3/Pj4+/z4+Pv8/Pz//PT09/zo6Ov89PT3/QkJC/0VFRf9ISEj/R0dH/0RERP9BQUH/Ozs7/zo6Ov88PDz/Pj4+/0FBQf9DQ0P/Q0ND/0RERP9BQUH/Pz8//z8/P/8/Pz//QkJC/0dHR/9LS0v/UVFR/05OTv9GRkb/Q0ND/0JCQv9BQUH/QEBA/z4+Pv86Ojr/NjY2/zY2Nv82Njb/NTU1/zMzM/8xMTH/Li4u/y8vL/8vLy//MTEx/zMzM/82Njb/PDw8/z4+Pv9AQED/QkJC/0ZGRv9HR0f/QkJC/z8/P/8/Pz//ZmZm/3R0dP+CgoL/g4OD/4SEhP+Ghob/iYmJ/4SEhP94eHj/dnZ2/3V1df9ubm7/XFxc/1VVVf9TU1P/WFhY/3p6ev+UlJT/n5+f/6qqqv+kpKT/np6e/5+fn/+goKD/m5ub/5KSkv+JiYn/enp6/3Nzc/9oaGj/ZGRk/2FhYf9kZGT/c3Nz/35+fv+IiIj/j4+P/4KCgv90dHT/enp6/4KCgv+NjY3/nJyc/4uLi/9wcHD/Z2dn/11dXf9eXl7/ZWVl/2xsbP95eXn/enp6/21tbf9qamr/hoaG/5ycnP+ioqL/p6en/5ubm/+NjY3/kJCQ/5SUlP+goKD/tLS0/62trf+bm5v/kJCQ/39/f/+AgID/kZGR/5ubm/+kpKT/qqqq/6ioqP+lpaX/lpaW/4eHh/+Xl5f/q6ur/6SkpP+ampr/o6Oj/7Kysv+mpqb/ioqK/4ODg/9/f3//gICA/4aGhv+Ghob/fX19/3h4eP99fX3/gYGB/3V1df9oaGj/eXl5/42Njf+Pj4//kZGR/5+fn/+4uLj/q6ur/4yMjP+Kior/mJiY/5eXl/+IiIj/f39//3Nzc/9tbW3/d3d3/4CAgP9/f3//fn5+/319ff98fHz/fHx8/3x8fP91dXX/aGho/25ubv9+fn7/fn5+/3V1df9vb2//ZmZm/2NjY/9paWn/b29v/39/f/+NjY3/kZGR/5SUlP+bm5v/pKSk/6ampv+np6f/mJiY/3t7e/98fHz/iYmJ/42Njf+Pj4//jIyM/39/f/95eXn/e3t7/3x8fP9wcHD/ZGRk/2dnZ/9qamr/aWlp/2hoaP9vb2//e3t7/5CQkP+1tbX/sbGx/5ycnP+NjY3/cHBw/2xsbP+CgoL/jo6O/5WVlf+dnZ3/srKy/8fHx/+5ubn/qqqq/6Ghof+VlZX/mJiY/52dnf+oqKj/vLy8/7i4uP+np6f/p6en/7Kysv+rq6v/hYWF/25ubv9mZmb/YmJi/3x8fP+Wlpb/m5ub/6Kiov+NjY3/cnJy/3l5ef+Hh4f/hYWF/35+fv97e3v/d3d3/3R0dP9xcXH/cHBw/3Jycv90dHT/eHh4/39/f/+goKD/wsLC/9nZ2f/19fX/7Ozs/9/f3/+6urr/f39//3h4eP94eHj/fHx8/4iIiP+Ghob/eXl5/3BwcP9kZGT/XV1d/11dXf9eXl7/ZGRk/2pqav9iYmL/WVlZ/15eXv9lZWX/a2tr/3R0dP+Pj4//wsLC/8bGxv+3t7f/q6ur/5SUlP+Dg4P/ZmZm/1dXV/9jY2P/b29v/4+Pj/+xsbH/sLCw/6+vr/+hoaH/jY2N/5WVlf+kpKT/nZ2d/4uLi/+Ojo7/n5+f/6enp/+xsbH/urq6/8zMzP/V1dX/zMzM/8PDw/+urq7/mZmZ/5mZmf+ampr/nJyc/6CgoP+Wlpb/hoaG/4uLi/+bm5v/paWl/7W1tf+wsLD/jo6O/3x8fP9zc3P/bm5u/3Jycv92dnb/kpKS/7CwsP+zs7P/tbW1/7S0tP+xsbH/q6ur/5+fn/+pqan/wMDA/8DAwP+zs7P/ra2t/6Wlpf+goKD/nJyc/5mZmf+VlZX/kpKS/6mpqf/CwsL/ubm5/62trf+goKD/jIyM/4yMjP+QkJD/j4+P/46Ojv+UlJT/o6Oj/52dnf94eHj/Z2dn/3BwcP91dXX/cHBw/2tra/9tbW3/bm5u/39/f/+Wlpb/nJyc/6SkpP+fn5//lpaW/5GRkf+Li4v/jIyM/5SUlP+fn5//u7u7/8vLy//Q0ND/0tLS/8LCwv9VVVX/WFhY/1xcXP9VVVX/TExM/01NTf9QUFD/UlJS/1ZWVv9aWlr/ZGRk/2hoaP9ra2v/a2tr/2VlZf9hYWH/XV1d/1paWv9ZWVn/WFhY/1tbW/9fX1//W1tb/1VVVf9ZWVn/YGBg/2JiYv9mZmb/Z2dn/2hoaP9kZGT/V1dX/1JSUv9SUlL/VVVV/2JiYv9tbW3/ampq/2ZmZv9vb2//eXl5/2tra/9XV1f/WFhY/1xcXP9gYGD/Z2dn/2ZmZv9jY2P/Xl5e/1NTU/9QUFD/Wlpa/19fX/9gYGD/YWFh/2FhYf9hYWH/WVlZ/1FRUf9XV1f/X19f/2BgYP9gYGD/XV1d/1dXV/9cXFz/bW1t/3R0dP97e3v/e3t7/29vb/9paWn/bGxs/29vb/9ubm7/bGxs/21tbf9ubm7/d3d3/4SEhP96enr/aGho/2RkZP9iYmL/YmJi/2VlZf9kZGT/YGBg/1xcXP9VVVX/U1NT/2BgYP9ra2v/a2tr/2tra/9ubm7/cHBw/3BwcP9wcHD/bW1t/2hoaP9jY2P/XFxc/1paWv9ZWVn/XV1d/2lpaf9tbW3/aGho/2VlZf9ra2v/cHBw/2ZmZv9cXFz/ZWVl/3Fxcf9zc3P/dnZ2/2pqav9UVFT/TU1N/0RERP9GRkb/UFBQ/1hYWP9mZmb/cnJy/4eHh/+VlZX/j4+P/4mJif97e3v/a2tr/2lpaf9mZmb/Xl5e/1JSUv9UVFT/WVlZ/15eXv9oaGj/cXFx/4SEhP+Hh4f/e3t7/3Nzc/9oaGj/YmJi/2tra/9zc3P/b29v/2tra/9wcHD/d3d3/3Z2dv90dHT/fn5+/5CQkP+Tk5P/k5OT/5CQkP+IiIj/ioqK/5ubm/+hoaH/kZGR/4aGhv+Kior/jo6O/6CgoP+0tLT/o6Oj/42Njf+MjIz/jY2N/4iIiP99fX3/dXV1/2ZmZv9mZmb/cXFx/3h4eP+AgID/g4OD/39/f/96enr/Z2dn/1VVVf9TU1P/UFBQ/1FRUf9TU1P/VVVV/1hYWP9UVFT/TExM/0lJSf9GRkb/Q0ND/zo6Ov82Njb/MzMz/zExMf8wMDD/Ly8v/zExMf8zMzP/MzMz/zMzM/81NTX/NjY2/zY2Nv81NTX/MzMz/zAwMP8vLy//Ly8v/zExMf81NTX/Nzc3/zg4OP84ODj/Nzc3/zY2Nv81NTX/NTU1/zY2Nv82Njb/NjY2/zU1Nf80NDT/MTEx/zExMf8xMTH/MTEx/zExMf8yMjL/MzMz/zMzM/8xMTH/MDAw/zAwMP8wMDD/MTEx/zIyMv8xMTH/MTEx/zAwMP8vLy//Li4u/y4uLv8vLy//MTEx/zExMf8wMDD/MDAw/zExMf8xMTH/MjIy/zMzM/8yMjL/MjIy/zMzM/80NDT/NjY2/zg4OP86Ojr/PT09/z4+Pv8+Pj7/QUFB/0VFRf9LS0v/V1dX/11dXf9hYWH/aWlp/4GBgf+RkZH/l5eX/5ycnP+VlZX/jo6O/4aGhv98fHz/jIyM/6Wlpf+ioqL/mZmZ/5aWlv+Tk5P/mJiY/6ampv+oqKj/np6e/5aWlv+Kior/goKC/4WFhf+Hh4f/jIyM/5CQkP+Dg4P/c3Nz/3t7e/+JiYn/kpKS/6Ghof+cnJz/jIyM/4yMjP+UlJT/mZmZ/52dnf+bm5v/iYmJ/3x8fP92dnb/cXFx/3x8fP+IiIj/goKC/3p6ev+Ghob/mpqa/5ycnP+dnZ3/kpKS/3t7e/9ubm7/Wlpa/1RUVP9YWFj/W1tb/2FhYf9lZWX/ZmZm/w0NDf8NDQ3/DQ0N/w0NDf8NDQ3/DQ0N/w4ODv8ODg7/Dg4O/w4ODv8NDQ3/DQ0N/w0NDf8NDQ3/DQ0N/w0NDf8NDQ3/DQ0N/w0NDf8NDQ3/DQ0N/w0NDf8NDQ3/DQ0N/w0NDf8NDQ3/DQ0N/w0NDf8NDQ3/DQ0N/w0NDf8NDQ3/DQ0N/w0NDf8NDQ3/DQ0N/w0NDf8NDQ3/DQ0N/w0NDf8NDQ3/DQ0N/w0NDf8NDQ3/DQ0N/w0NDf8NDQ3/DQ0N/w0NDf8NDQ3/DQ0N/w0NDf8ODg7/Dg4O/w4ODv8ODg7/Dg4O/w0NDf8NDQ3/DQ0N/w0NDf8NDQ3/Dg4O/w4ODv8ODg7/Dg4O/w4ODv8ODg7/Dg4O/w8PD/8PDw//ERER/xISEv8TExP/FRUV/xUVFf8WFhb/FhYW/xUVFf8WFhb/FhYW/xYWFv8WFhb/FhYW/xUVFf8VFRX/FRUV/xUVFf8VFRX/FRUV/xYWFv8XFxf/FxcX/xcXF/8XFxf/FhYW/xYWFv8WFhb/FhYW/xYWFv8XFxf/FxcX/xcXF/8XFxf/GBgY/xkZGf8ZGRn/GRkZ/xkZGf8ZGRn/GRkZ/xkZGf8ZGRn/GRkZ/xkZGf8aGhr/Gxsb/xsbG/8bGxv/Gxsb/xsbG/8bGxv/Gxsb/xsbG/8bGxv/Gxsb/xoaGv8aGhr/Ghoa/xkZGf8ZGRn/GRkZ/xkZGf8ZGRn/Gxsb/xwcHP8gICD/Jycn/yoqKv8vLy//MjIy/zg4OP86Ojr/Ojo6/zk5Of81NTX/MjIy/zIyMv8yMjL/MTEx/zAwMP83Nzf/Pj4+/z8/P/9AQED/Ozs7/zMzM/82Njb/PT09/z4+Pv89PT3/PT09/z8/P/9AQED/Q0ND/0ZGRv9MTEz/T09P/0VFRf86Ojr/ODg4/zY2Nv85OTn/Pj4+/z8/P/8/Pz//Pz8//z4+Pv88PDz/ODg4/zY2Nv8zMzP/MzMz/zU1Nf83Nzf/Ojo6/zw8PP9AQED/RERE/0RERP9FRUX/Q0ND/0FBQf9AQED/Pj4+/z4+Pv89PT3/Pj4+/0FBQf9BQUH/QUFB/0BAQP89PT3/Ozs7/z09Pf8+Pj7/QEBA/0JCQv9FRUX/SEhI/0tLS/9QUFD/TU1N/0hISP9ERET/PT09/z4+Pv9DQ0P/R0dH/09PT/9UVFT/WVlZ/11dXf9dXV3/XFxc/1dXV/9SUlL/WFhY/2BgYP9WVlb/R0dH/0NDQ/8+Pj7/Pj4+/z8/P/9BQUH/RkZG/0lJSf9OTk7/UlJS/1dXV/9ZWVn/UlJS/01NTf9OTk7/UFBQ/1JSUv9WVlb/UVFR/0lJSf9JSUn/S0tL/01NTf9RUVH/UVFR/09PT/9OTk7/TU1N/0xMTP9MTEz/TExM/1JSUv9XV1f/U1NT/09PT/9MTEz/SkpK/05OTv9VVVX/UVFR/0lJSf9LS0v/UFBQ/1RUVP9cXFz/YWFh/2ZmZv9mZmb/X19f/1paWv9VVVX/UlJS/1hYWP9eXl7/W1tb/1dXV/9UVFT/UVFR/1VVVf9eXl7/YGBg/2FhYf9gYGD/XFxc/1tbW/9cXFz/XFxc/1paWv9YWFj/U1NT/05OTv9NTU3/TExM/01NTf9PT0//UlJS/1ZWVv9ZWVn/XV1d/1xcXP9ZWVn/Wlpa/19fX/9kZGT/bW1t/3BwcP9qamr/ZWVl/2RkZP9kZGT/ZmZm/2hoaP9kZGT/YGBg/15eXv9cXFz/WFhY/1JSUv9RUVH/UFBQ/05OTv9JSUn/R0dH/0ZGRv9HR0f/TU1N/1JSUv9TU1P/oKCg/5KSkv+CgoL/gICA/319ff+RkZH/sLCw/7+/v//X19f/4uLi//Pz8//5+fn//f39//39/f/4+Pj/8fHx/9XV1f/AwMD/tLS0/6ioqP+RkZH/eHh4/3Nzc/9tbW3/eXl5/42Njf+Tk5P/mpqa/5qamv+ZmZn/lpaW/46Ojv+IiIj/enp6/3R0dP9/f3//iIiI/4mJif+Li4v/lJSU/52dnf+RkZH/gYGB/4uLi/+dnZ3/uLi4/+jo6P/x8fH/8PDw/+Hh4f+0tLT/nZ2d/46Ojv+FhYX/g4OD/4SEhP+hoaH/vr6+/8bGxv/Pz8//x8fH/7u7u/+2trb/r6+v/5ubm/91dXX/ampq/2NjY/9hYWH/Y2Nj/2FhYf9SUlL/TU1N/2BgYP9xcXH/fn5+/42Njf+1tbX/5eXl/+Xl5f/i4uL/v7+//4ODg/90dHT/Y2Nj/2VlZf9ycnL/fX19/5WVlf+pqan/zs7O/+bm5v/o6Oj/6enp/9bW1v/BwcH/zMzM/9ra2v/Dw8P/oaGh/7W1tf/c3Nz/3t7e/9bW1v/AwMD/jIyM/3V1df9iYmL/WFhY/1RUVP9TU1P/X19f/2lpaf9vb2//dXV1/2tra/9dXV3/aWlp/3x8fP+Hh4f/l5eX/5iYmP+Wlpb/i4uL/3Fxcf9lZWX/W1tb/1paWv9nZ2f/cnJy/319ff+Hh4f/lJSU/6Ghof+kpKT/qKio/6Wlpf+fn5//lJSU/4KCgv+Hh4f/mJiY/6Ojo/+3t7f/wsLC/9PT0//R0dH/oaGh/39/f/98fHz/eXl5/4GBgf+Kior/r6+v/9/f3//a2tr/z8/P/7S0tP+Dg4P/fn5+/4ODg/+Li4v/nZ2d/6Ghof+ZmZn/j4+P/3R0dP9gYGD/W1tb/1ZWVv9XV1f/WFhY/1xcXP9iYmL/b29v/4SEhP+Ghob/h4eH/3t7e/9fX1//VlZW/1BQUP9NTU3/SUlJ/0xMTP9mZmb/enp6/4CAgP+FhYX/bW1t/1NTU/9TU1P/U1NT/1dXV/9cXFz/Wlpa/1VVVf9hYWH/gICA/5eXl//CwsL/ycnJ/6ioqP+ZmZn/qqqq/7S0tP+ampr/f39//3BwcP9fX1//XFxc/1lZWf9cXFz/YWFh/11dXf9UVFT/UFBQ/0tLS/9ISEj/RUVF/0ZGRv9NTU3/U1NT/11dXf9lZWX/YGBg/1paWv9aWlr/WVlZ/1ZWVv9SUlL/TU1N/0VFRf9CQkL/Pj4+/0RERP9UVFT/VFRU/0ZGRv9AQED/QUFB/0NDQ/9FRUX/R0dH/0ZGRv9ERET/R0dH/0pKSv9DQ0P/Ojo6/zw8PP9BQUH/SEhI/1ZWVv9ZWVn/WFhY/1dXV/9TU1P/U1NT/1tbW/9fX1//V1dX/1FRUf9KSkr/Q0ND/0VFRf9JSUn/RUVF/z8/P/8+Pj7/PDw8/z09Pf8/Pz//Pj4+/zs7O/86Ojr/OTk5/zk5Of85OTn/OTk5/zs7O/89PT3/Pj4+/z4+Pv88PDz/Ojo6/z09Pf9DQ0P/RUVF/0lJSf9JSUn/R0dH/0RERP8+Pj7/PDw8/z4+Pv8/Pz//Pz8//z8/P/9AQED/QUFB/z4+Pv88PDz/PT09/z8/P/9DQ0P/SUlJ/05OTv9XV1f/U1NT/0dHR/9DQ0P/Pz8//z4+Pv89PT3/PDw8/zY2Nv8xMTH/MTEx/zAwMP8zMzP/NjY2/zQ0NP8xMTH/MTEx/zExMf8yMjL/NDQ0/zY2Nv87Ozv/Pj4+/0NDQ/9GRkb/TExM/01NTf9HR0f/QkJC/0JCQv9iYmL/cnJy/4ODg/+BgYH/fn5+/39/f/+CgoL/d3d3/2NjY/9dXV3/V1dX/1RUVP9QUFD/Tk5O/01NTf9SUlL/bGxs/4GBgf+Ojo7/m5ub/5iYmP+Wlpb/np6e/6qqqv+pqan/pqam/5qamv+Dg4P/d3d3/2ZmZv9hYWH/YGBg/2NjY/9xcXH/fHx8/4uLi/+VlZX/ioqK/35+fv+EhIT/i4uL/5aWlv+mpqb/lJSU/3R0dP9qamr/XV1d/1xcXP9eXl7/Y2Nj/3Jycv92dnb/bm5u/29vb/+Pj4//qamp/6+vr/+0tLT/pKSk/5GRkf+Wlpb/nZ2d/7CwsP/Ozs7/w8PD/6enp/+ampr/iIiI/4mJif+dnZ3/qamp/7W1tf+7u7v/s7Oz/6qqqv+Xl5f/hISE/5ubm/+4uLj/srKy/6ioqP+xsbH/wsLC/7Kysv+Ojo7/hYWF/4GBgf+Dg4P/jo6O/5GRkf+FhYX/f39//4KCgv+EhIT/dXV1/2VlZf90dHT/hoaG/4yMjP+SkpL/oKCg/7a2tv+oqKj/hISE/4SEhP+YmJj/mpqa/4+Pj/+Hh4f/eXl5/3Fxcf95eXn/gYGB/39/f/99fX3/fHx8/3t7e/93d3f/cXFx/2xsbP9jY2P/bGxs/4KCgv+BgYH/c3Nz/2lpaf9aWlr/VlZW/2NjY/9wcHD/jY2N/6enp/+pqan/q6ur/6qqqv+pqan/oqKi/5iYmP+JiYn/cHBw/3Fxcf97e3v/e3t7/3d3d/90dHT/cHBw/29vb/92dnb/eXl5/29vb/9kZGT/YmJi/2BgYP9eXl7/XFxc/2VlZf9zc3P/jo6O/7y8vP+7u7v/p6en/5aWlv92dnb/cHBw/4eHh/+UlJT/m5ub/6Ojo/++vr7/2dnZ/8nJyf+3t7f/ra2t/6Ghof+jo6P/qKio/6ysrP+ysrL/ra2t/5+fn/+kpKT/u7u7/7i4uP+Ojo7/dXV1/2pqav9mZmb/hYWF/6SkpP+pqan/rq6u/5ubm/+CgoL/hoaG/42Njf+IiIj/fn5+/3t7e/95eXn/d3d3/3BwcP9wcHD/eXl5/35+fv+BgYH/hYWF/6Ojo//CwsL/2NjY//Hx8f/s7Oz/5OTk/7q6uv92dnb/ampq/2JiYv9mZmb/cnJy/3Nzc/9tbW3/aWlp/2JiYv9dXV3/XFxc/1tbW/9aWlr/WVlZ/1JSUv9JSUn/S0tL/09PT/9bW1v/b29v/4+Pj//Ly8v/z8/P/729vf+wsLD/mpqa/4mJif9ra2v/W1tb/2JiYv9ra2v/lpaW/8PDw/++vr7/uLi4/6ampv+NjY3/l5eX/6qqqv+ioqL/jIyM/5CQkP+np6f/sbGx/7u7u//FxcX/2tra/+bm5v/d3d3/09PT/8LCwv+wsLD/qqqq/6SkpP+ampr/jIyM/4WFhf98fHz/ioqK/6qqqv+5ubn/zc3N/8bGxv+enp7/iIiI/3t7e/9xcXH/bm5u/2tra/+Dg4P/nZ2d/62trf/BwcH/wsLC/8TExP+8vLz/r6+v/7y8vP/b29v/2dnZ/8DAwP+0tLT/pqam/56env+Xl5f/k5OT/5SUlP+Wlpb/ra2t/8bGxv+6urr/qqqq/6Ojo/+YmJj/mZmZ/52dnf+cnJz/mZmZ/5ubm/+kpKT/m5ub/3R0dP9iYmL/ZWVl/2dnZ/9oaGj/aWlp/29vb/92dnb/ioqK/6SkpP+oqKj/rq6u/6mpqf+hoaH/m5ub/5KSkv+Li4v/gYGB/4qKiv+3t7f/0NDQ/9fX1//Z2dn/vb29/1dXV/9aWlr/XV1d/1VVVf9LS0v/Tk5O/1NTU/9VVVX/VlZW/1paWv9jY2P/Z2dn/2xsbP9sbGz/YmJi/1xcXP9ZWVn/V1dX/1dXV/9XV1f/WVlZ/1xcXP9ZWVn/U1NT/1lZWf9iYmL/Y2Nj/2VlZf9mZmb/aWlp/2VlZf9XV1f/UVFR/09PT/9RUVH/YGBg/2tra/9oaGj/ZGRk/21tbf93d3f/a2tr/1paWv9dXV3/Y2Nj/2VlZf9nZ2f/ZmZm/2JiYv9dXV3/UFBQ/05OTv9cXFz/YmJi/19fX/9cXFz/X19f/2NjY/9bW1v/UlJS/1paWv9mZmb/Z2dn/2dnZ/9iYmL/WFhY/15eXv9xcXH/eXl5/4CAgP9/f3//bm5u/2VlZf9sbGz/cnJy/21tbf9paWn/ampq/2tra/9zc3P/fn5+/3V1df9lZWX/YmJi/2FhYf9hYWH/YGBg/2BgYP9fX1//XFxc/1VVVf9SUlL/Xl5e/2hoaP9lZWX/YmJi/2hoaP9vb2//cXFx/3R0dP9zc3P/cHBw/2hoaP9YWFj/VFRU/1JSUv9WVlb/ZGRk/2tra/9oaGj/Z2dn/29vb/92dnb/aGho/1paWv9kZGT/cHBw/3R0dP95eXn/bW1t/1ZWVv9OTk7/Q0ND/0ZGRv9SUlL/W1tb/21tbf96enr/jo6O/5qamv+MjIz/f39//3Fxcf9iYmL/Y2Nj/2NjY/9bW1v/UFBQ/1JSUv9YWFj/YGBg/29vb/98fHz/k5OT/5iYmP+QkJD/iIiI/3h4eP9tbW3/cnJy/3d3d/9wcHD/aGho/29vb/94eHj/d3d3/3V1df+BgYH/mJiY/5ycnP+bm5v/l5eX/4+Pj/+QkJD/oaGh/6Wlpf+Tk5P/hoaG/4uLi/+QkJD/nZ2d/6ysrP+fn5//jIyM/4+Pj/+Wlpb/jo6O/35+fv94eHj/b29v/3Jycv9+fn7/g4OD/4ODg/+AgID/dnZ2/25ubv9gYGD/U1NT/05OTv9JSUn/SkpK/0xMTP9NTU3/T09P/0xMTP9GRkb/RUVF/0ZGRv9DQ0P/Ozs7/zc3N/8zMzP/MTEx/zAwMP8vLy//MTEx/zQ0NP80NDT/NTU1/zY2Nv84ODj/ODg4/zY2Nv80NDT/MDAw/y8vL/8vLy//MTEx/zU1Nf84ODj/OTk5/zk5Of84ODj/NjY2/zY2Nv82Njb/Nzc3/zc3N/83Nzf/NjY2/zQ0NP8xMTH/MDAw/zAwMP8xMTH/MjIy/zIyMv8zMzP/MzMz/zIyMv8xMTH/MDAw/zAwMP8xMTH/MjIy/zExMf8xMTH/MDAw/y4uLv8uLi7/LS0t/y4uLv8xMTH/MTEx/zAwMP8wMDD/MDAw/zExMf8yMjL/MzMz/zIyMv8xMTH/MzMz/zQ0NP82Njb/ODg4/zo6Ov89PT3/PT09/z4+Pv8+Pj7/QEBA/0NDQ/9MTEz/UlJS/15eXv9nZ2f/enp6/4eHh/+MjIz/kZGR/5KSkv+SkpL/iYmJ/35+fv+Pj4//qqqq/6Wlpf+ZmZn/lpaW/5aWlv+bm5v/qqqq/6ysrP+goKD/mJiY/4iIiP9+fn7/goKC/4WFhf+Pj4//mZmZ/4uLi/96enr/fn5+/4aGhv+Kior/kZGR/42Njf+AgID/gYGB/4uLi/+RkZH/l5eX/5eXl/+JiYn/f39//3t7e/93d3f/gYGB/4yMjP+Dg4P/d3d3/4CAgP+Pj4//lpaW/6CgoP+VlZX/enp6/21tbf9bW1v/V1dX/2FhYf9oaGj/bm5u/3Jycv9qamr/DQ0N/w0NDf8NDQ3/DQ0N/w0NDf8NDQ3/Dg4O/w4ODv8ODg7/Dg4O/w0NDf8NDQ3/DQ0N/w0NDf8NDQ3/DQ0N/w0NDf8NDQ3/DQ0N/w0NDf8NDQ3/DQ0N/w0NDf8NDQ3/DQ0N/w0NDf8NDQ3/DQ0N/w0NDf8NDQ3/DQ0N/w0NDf8NDQ3/DQ0N/w0NDf8NDQ3/DQ0N/w0NDf8NDQ3/DQ0N/w0NDf8NDQ3/DQ0N/w0NDf8NDQ3/DQ0N/w0NDf8NDQ3/DQ0N/w0NDf8NDQ3/DQ0N/w4ODv8ODg7/Dg4O/w4ODv8ODg7/DQ0N/w0NDf8NDQ3/DQ0N/w0NDf8NDQ3/Dg4O/w4ODv8ODg7/Dg4O/w4ODv8ODg7/Dw8P/xAQEP8RERH/EhIS/xQUFP8VFRX/FRUV/xYWFv8WFhb/FRUV/xYWFv8WFhb/FhYW/xYWFv8WFhb/FRUV/xUVFf8UFBT/FBQU/xUVFf8VFRX/FhYW/xcXF/8XFxf/FxcX/xcXF/8WFhb/FhYW/xUVFf8VFRX/FhYW/xYWFv8XFxf/FxcX/xcXF/8XFxf/GBgY/xgYGP8YGBj/GBgY/xgYGP8YGBj/GBgY/xgYGP8ZGRn/GRkZ/xoaGv8bGxv/Gxsb/xsbG/8bGxv/Gxsb/xsbG/8bGxv/Gxsb/xsbG/8bGxv/Ghoa/xoaGv8ZGRn/GRkZ/xkZGf8ZGRn/GRkZ/xkZGf8aGhr/HBwc/yAgIP8mJib/KSkp/y4uLv8xMTH/ODg4/zo6Ov86Ojr/OTk5/zU1Nf8zMzP/MjIy/zExMf8wMDD/Ly8v/zY2Nv89PT3/Pz8//0BAQP87Ozv/MjIy/zU1Nf86Ojr/Ozs7/zk5Of85OTn/Ojo6/zw8PP9BQUH/RkZG/05OTv9UVFT/SEhI/z09Pf86Ojr/Nzc3/zo6Ov8+Pj7/PT09/z09Pf88PDz/Ozs7/zk5Of81NTX/MzMz/zExMf8wMDD/MzMz/zY2Nv87Ozv/Pz8//0FBQf9ERET/Q0ND/0NDQ/9CQkL/QUFB/0BAQP8/Pz//Pj4+/z09Pf8+Pj7/Pz8//z8/P/8/Pz//Pj4+/zs7O/85OTn/Ozs7/zw8PP8+Pj7/QEBA/0RERP9JSUn/S0tL/09PT/9MTEz/R0dH/0JCQv87Ozv/PDw8/0NDQ/9HR0f/UFBQ/1VVVf9cXFz/YGBg/15eXv9cXFz/V1dX/1JSUv9bW1v/ZWVl/1dXV/9DQ0P/Pz8//zs7O/88PDz/Pz8//0NDQ/9JSUn/TExM/1FRUf9UVFT/WFhY/1hYWP9QUFD/SUlJ/0xMTP9QUFD/VFRU/1hYWP9QUFD/RUVF/0ZGRv9KSkr/TExM/1BQUP9QUFD/Tk5O/0xMTP9KSkr/SUlJ/0pKSv9MTEz/T09P/1JSUv9PT0//TExM/0lJSf9ERET/RUVF/0ZGRv9DQ0P/Pj4+/0BAQP9FRUX/TExM/1lZWf9gYGD/aGho/2lpaf9gYGD/WVlZ/1JSUv9MTEz/UlJS/1lZWf9YWFj/VlZW/1RUVP9QUFD/VVVV/11dXf9hYWH/aWlp/2hoaP9hYWH/Xl5e/1xcXP9bW1v/WFhY/1VVVf9TU1P/UFBQ/1BQUP9RUVH/UVFR/1FRUf9VVVX/Wlpa/1xcXP9eXl7/XV1d/1xcXP9eXl7/ZWVl/2pqav9xcXH/cnJy/2pqav9lZWX/Y2Nj/2JiYv9mZmb/ampq/2dnZ/9jY2P/YGBg/1xcXP9WVlb/TU1N/01NTf9RUVH/UFBQ/0tLS/9JSUn/R0dH/0hISP9PT0//VFRU/1VVVf+dnZ3/mpqa/5aWlv+goKD/ra2t/7m5uf/Ly8v/zMzM/8vLy//R0dH/4ODg/+np6f/29vb/+/v7//v7+//4+Pj/7Ozs/+Li4v/Z2dn/zs7O/6ysrP+Ghob/j4+P/52dnf+qqqr/vb29/7i4uP+pqan/rq6u/8DAwP+8vLz/pKSk/5qamv+YmJj/m5ub/7S0tP/FxcX/srKy/56env+RkZH/goKC/3t7e/9zc3P/fX19/42Njf+srKz/4+Pj/+rq6v/j4+P/zs7O/5SUlP98fHz/eHh4/35+fv+mpqb/x8fH/9PT0//f39//4eHh/+Tk5P/MzMz/qqqq/5mZmf+BgYH/dXV1/2NjY/9eXl7/WFhY/1hYWP9dXV3/XFxc/1FRUf9LS0v/U1NT/1paWv9qamr/fHx8/5aWlv+2trb/sLCw/6ampv+UlJT/dnZ2/2pqav9aWlr/V1dX/1dXV/9cXFz/aWlp/3R0dP+Kior/mpqa/6Kiov+pqan/l5eX/4ODg/+Kior/kpKS/42Njf+EhIT/jo6O/6Ghof+tra3/wMDA/7e3t/+Wlpb/g4OD/2tra/9gYGD/YGBg/2NjY/9zc3P/gYGB/4+Pj/+enp7/jY2N/3h4eP91dXX/cHBw/3Nzc/95eXn/enp6/3p6ev98fHz/gYGB/35+fv9sbGz/ZmZm/25ubv90dHT/gICA/4qKiv+AgID/dnZ2/3d3d/95eXn/goKC/5CQkP+IiIj/d3d3/3l5ef+EhIT/mZmZ/8vLy//e3t7/5OTk/9zc3P+pqan/hoaG/4eHh/+IiIj/iIiI/4iIiP+Xl5f/q6ur/6urq/+pqan/l5eX/3V1df9zc3P/eHh4/319ff+IiIj/jIyM/4qKiv+Ghob/d3d3/2xsbP9ra2v/a2tr/2ZmZv9hYWH/X19f/11dXf9qamr/fn5+/39/f/98fHz/eHh4/29vb/9ra2v/ZmZm/19fX/9NTU3/RUVF/09PT/9YWFj/X19f/2dnZ/9YWFj/SEhI/0xMTP9QUFD/U1NT/1dXV/9cXFz/ZGRk/2hoaP9tbW3/c3Nz/4CAgP+BgYH/cXFx/2tra/94eHj/gYGB/3Nzc/9lZWX/XFxc/1BQUP9OTk7/S0tL/05OTv9TU1P/VFRU/1RUVP9UVFT/VVVV/1RUVP9PT0//UVFR/19fX/9paWn/d3d3/4GBgf96enr/cnJy/3Fxcf9vb2//ZGRk/1VVVf9OTk7/Q0ND/0NDQ/9FRUX/TU1N/2BgYP9gYGD/UFBQ/0pKSv9MTEz/UFBQ/11dXf9oaGj/YGBg/1dXV/9aWlr/Xl5e/1FRUf8/Pz//PDw8/zo6Ov89PT3/RUVF/0dHR/9HR0f/R0dH/0VFRf9GRkb/SkpK/05OTv9QUFD/UlJS/1JSUv9RUVH/VlZW/11dXf9UVFT/SEhI/0JCQv85OTn/Ojo6/z4+Pv9CQkL/TExM/05OTv9ISEj/RUVF/z4+Pv87Ozv/PT09/z4+Pv8/Pz//Pz8//0BAQP9CQkL/R0dH/05OTv9PT0//UFBQ/09PT/9MTEz/SkpK/0ZGRv9GRkb/SUlJ/0pKSv9ISEj/RUVF/z4+Pv83Nzf/NjY2/zQ0NP82Njb/OTk5/zs7O/8/Pz//QkJC/0dHR/9HR0f/RERE/0BAQP85OTn/NjY2/zQ0NP8yMjL/Ly8v/y4uLv8yMjL/NjY2/0FBQf9MTEz/RkZG/z09Pf88PDz/OTk5/zs7O/89PT3/Pj4+/0BAQP9BQUH/Q0ND/0VFRf9JSUn/SkpK/0RERP9AQED/QEBA/2RkZP9ycnL/gYGB/46Ojv+enp7/nJyc/5iYmP+MjIz/d3d3/3Nzc/9ycnL/b29v/2ZmZv9hYWH/Wlpa/1lZWf9mZmb/cXFx/39/f/+Ojo7/mJiY/6SkpP+6urr/2dnZ/9jY2P/T09P/tra2/319ff9ra2v/Wlpa/1lZWf9lZWX/b29v/4SEhP+SkpL/m5ub/6CgoP+Ojo7/fHx8/3x8fP9+fn7/f39//4GBgf94eHj/aGho/2FhYf9WVlb/VFRU/1NTU/9XV1f/YGBg/2RkZP9oaGj/bm5u/4iIiP+cnJz/np6e/6CgoP+UlJT/hoaG/5WVlf+qqqr/vb29/9zc3P/Pz8//r6+v/6qqqv+vr6//sbGx/7S0tP+4uLj/wcHB/8HBwf+ioqL/h4eH/4GBgf97e3v/lJSU/7Kysv+urq7/qamp/7Ozs//ExMT/s7Oz/4yMjP+EhIT/hISE/4ODg/+AgID/f39//4ODg/+FhYX/f39//3p6ev9ra2v/W1tb/2RkZP9vb2//dHR0/3t7e/+Dg4P/j4+P/4WFhf9tbW3/a2tr/3R0dP94eHj/fX19/319ff9xcXH/ampq/2dnZ/9lZWX/dHR0/4SEhP+Ghob/iYmJ/4iIiP+Ghob/hISE/39/f/96enr/cXFx/2tra/9hYWH/W1tb/1FRUf9SUlL/ZmZm/3l5ef+fn5//wsLC/8XFxf/IyMj/u7u7/6urq/+np6f/oaGh/5iYmP+Hh4f/fHx8/2tra/9tbW3/fX19/4GBgf99fX3/e3t7/4CAgP+Dg4P/f39//3x8fP96enr/eXl5/3R0dP9vb2//cnJy/3h4eP+MjIz/sbGx/7CwsP+hoaH/k5OT/3h4eP9wcHD/dXV1/3p6ev+Hh4f/k5OT/6SkpP+1tbX/qKio/5ubm/+ioqL/rKys/7Ozs/++vr7/uLi4/6mpqf+ioqL/lpaW/5aWlv+cnJz/nJyc/5OTk/+Li4v/f39//3p6ev+cnJz/wMDA/7+/v/++vr7/vb29/7y8vP+pqan/jIyM/4GBgf9xcXH/dHR0/4CAgP9/f3//cHBw/25ubv97e3v/gYGB/35+fv99fX3/jo6O/5+fn/+zs7P/ysrK/8fHx//BwcH/o6Oj/3Jycv9oaGj/X19f/2BgYP9paWn/a2tr/2lpaf9oaGj/Z2dn/2ZmZv9oaGj/aWlp/2VlZf9hYWH/WVlZ/1BQUP9PT0//TU1N/1JSUv9aWlr/bGxs/42Njf+UlJT/lpaW/4+Pj/96enr/cXFx/3Jycv9ycnL/b29v/25ubv+RkZH/tra2/7Ozs/+wsLD/nJyc/4CAgP+Kior/nZ2d/6ysrP/Hx8f/zc3N/9HR0f/Hx8f/paWl/5mZmf+jo6P/qamp/6ampv+lpaX/tLS0/8TExP+2trb/pKSk/5OTk/97e3v/dnZ2/3Fxcf+CgoL/paWl/7i4uP/V1dX/0NDQ/6Ojo/+Kior/eHh4/21tbf9vb2//cHBw/3p6ev+FhYX/mpqa/7Ozs//CwsL/1tbW/9DQ0P/CwsL/zMzM/+Tk5P/g4OD/yMjI/8DAwP/AwMD/wMDA/7+/v/+9vb3/sLCw/6SkpP+fn5//mZmZ/4+Pj/+Dg4P/k5OT/6qqqv+4uLj/zc3N/8LCwv+lpaX/mpqa/46Ojv+Dg4P/ampq/2BgYP9qamr/cXFx/3p6ev+CgoL/hoaG/4uLi/+bm5v/r6+v/6Wlpf+UlJT/kJCQ/4uLi/+IiIj/gYGB/3x8fP9wcHD/cHBw/4GBgf+Kior/j4+P/5SUlP+YmJj/SkpK/0tLS/9LS0v/SkpK/0lJSf9LS0v/Tk5O/09PT/9RUVH/U1NT/1hYWP9bW1v/X19f/2BgYP9eXl7/Xl5e/2NjY/9mZmb/Xl5e/1VVVf9UVFT/U1NT/1FRUf9PT0//T09P/1BQUP9TU1P/WVlZ/1xcXP9gYGD/YWFh/2BgYP9fX1//W1tb/1xcXP9oaGj/cHBw/2VlZf9aWlr/XFxc/15eXv9nZ2f/cnJy/3Z2dv96enr/d3d3/3Fxcf9qamr/W1tb/1VVVf9NTU3/T09P/19fX/9oaGj/Y2Nj/15eXv9eXl7/Xl5e/1lZWf9TU1P/WVlZ/2JiYv9jY2P/ZWVl/2VlZf9lZWX/ampq/3d3d/95eXn/c3Nz/3BwcP9qamr/a2tr/4SEhP+YmJj/g4OD/21tbf9nZ2f/X19f/2JiYv9mZmb/ZmZm/2ZmZv9oaGj/bm5u/29vb/9ubm7/bGxs/2ZmZv9iYmL/WVlZ/1ZWVv9hYWH/bGxs/3Jycv95eXn/g4OD/4+Pj/+Wlpb/n5+f/5mZmf+Pj4//gYGB/2hoaP9gYGD/WFhY/1hYWP9fX1//ZWVl/3R0dP9+fn7/hYWF/4qKiv91dXX/Xl5e/2BgYP9kZGT/YGBg/1tbW/9UVFT/SEhI/0RERP9AQED/QkJC/0hISP9NTU3/WVlZ/2JiYv9xcXH/fHx8/3l5ef93d3f/cHBw/2lpaf9ra2v/b29v/2dnZ/9aWlr/ZGRk/3l5ef98fHz/fX19/35+fv+BgYH/ioqK/6Kiov+rq6v/m5ub/5GRkf+YmJj/np6e/4mJif9xcXH/gYGB/5aWlv+SkpL/iYmJ/4SEhP97e3v/eXl5/3d3d/94eHj/fHx8/4CAgP+Kior/j4+P/5CQkP+RkZH/lpaW/5qamv+0tLT/0dHR/7u7u/+enp7/oKCg/6Wlpf+hoaH/mJiY/5eXl/+YmJj/nZ2d/6enp/+pqan/oKCg/5ubm/+fn5//n5+f/4eHh/9ubm7/YGBg/09PT/9MTEz/SEhI/0RERP8+Pj7/PDw8/zs7O/89PT3/QUFB/0BAQP85OTn/NTU1/zIyMv8wMDD/Ly8v/y4uLv8wMDD/MTEx/zIyMv8zMzP/MzMz/zQ0NP80NDT/MzMz/zExMf8vLy//Ly8v/y8vL/8wMDD/MjIy/zMzM/8yMjL/MjIy/zIyMv8yMjL/MjIy/zExMf8yMjL/MjIy/zIyMv8xMTH/MDAw/y4uLv8vLy//MDAw/zExMf8xMTH/MTEx/zExMf8xMTH/MTEx/zExMf8xMTH/MTEx/zAwMP8wMDD/MTEx/zIyMv8xMTH/Ly8v/y8vL/8uLi7/Ly8v/zExMf8xMTH/MTEx/zAwMP8wMDD/MDAw/zExMf8yMjL/MzMz/zMzM/80NDT/NDQ0/zc3N/86Ojr/PDw8/z4+Pv8/Pz//QUFB/0NDQ/9GRkb/SkpK/1JSUv9bW1v/cXFx/3x8fP+FhYX/iIiI/319ff9zc3P/cnJy/3Fxcf93d3f/f39//5GRkf+tra3/o6Oj/46Ojv+Hh4f/fX19/4GBgf+Pj4//kZGR/4qKiv+EhIT/eXl5/3Nzc/9zc3P/c3Nz/3x8fP+FhYX/gICA/3p6ev+BgYH/jIyM/5KSkv+ampr/lpaW/4yMjP+Hh4f/f39//35+fv+FhYX/ioqK/5CQkP+VlZX/nZ2d/6Wlpf+qqqr/sLCw/5iYmP96enr/enp6/3x8fP+Hh4f/mpqa/5qamv+Tk5P/i4uL/3l5ef9zc3P/dnZ2/3p6ev+EhIT/iYmJ/3d3d/8NDQ3/DQ0N/w0NDf8NDQ3/DQ0N/w0NDf8NDQ3/DQ0N/w0NDf8NDQ3/DQ0N/w0NDf8NDQ3/DQ0N/w0NDf8NDQ3/DQ0N/w0NDf8NDQ3/Dg4O/w4ODv8ODg7/DQ0N/w0NDf8NDQ3/DQ0N/w0NDf8NDQ3/DQ0N/w0NDf8NDQ3/DAwM/wwMDP8MDAz/DAwM/wwMDP8MDAz/DAwM/wwMDP8NDQ3/DQ0N/w0NDf8NDQ3/DQ0N/w0NDf8NDQ3/DQ0N/w0NDf8NDQ3/DQ0N/w0NDf8NDQ3/Dg4O/w4ODv8ODg7/Dg4O/w4ODv8ODg7/Dg4O/w4ODv8NDQ3/DQ0N/w0NDf8NDQ3/DQ0N/w0NDf8NDQ3/DQ0N/w4ODv8PDw//EBAQ/xEREf8SEhL/ExMT/xQUFP8VFRX/FhYW/xYWFv8WFhb/FhYW/xYWFv8WFhb/FRUV/xUVFf8VFRX/FRUV/xUVFf8VFRX/FhYW/xYWFv8XFxf/FxcX/xcXF/8XFxf/FxcX/xYWFv8WFhb/FRUV/xUVFf8UFBT/FBQU/xUVFf8WFhb/FxcX/xcXF/8YGBj/GBgY/xgYGP8YGBj/GBgY/xkZGf8ZGRn/GRkZ/xoaGv8aGhr/Gxsb/xwcHP8cHBz/HBwc/xsbG/8bGxv/HBwc/x0dHf8dHR3/HBwc/xsbG/8aGhr/Ghoa/xkZGf8ZGRn/GRkZ/xoaGv8aGhr/Ghoa/xsbG/8dHR3/ISEh/ycnJ/8oKCj/Kioq/ywsLP8xMTH/MzMz/zY2Nv83Nzf/Nzc3/zc3N/81NTX/NDQ0/zExMf8vLy//MjIy/zU1Nf83Nzf/ODg4/zQ0NP8uLi7/Ly8v/zIyMv8zMzP/NDQ0/zU1Nf82Njb/Nzc3/zw8PP8/Pz//RERE/0hISP9BQUH/Ojo6/zg4OP83Nzf/OTk5/zw8PP89PT3/Pj4+/z09Pf88PDz/Ozs7/zc3N/81NTX/MzMz/zU1Nf88PDz/QUFB/0dHR/9LS0v/RERE/z4+Pv8+Pj7/PT09/z09Pf89PT3/PT09/zw8PP87Ozv/Ojo6/zg4OP81NTX/NDQ0/zMzM/8zMzP/MzMz/zQ0NP86Ojr/Pj4+/z8/P/9AQED/QUFB/0JCQv9BQUH/QEBA/0BAQP9BQUH/Pz8//zw8PP88PDz/PDw8/z09Pf9CQkL/RUVF/0pKSv9NTU3/TU1N/01NTf9OTk7/T09P/1ZWVv9dXV3/U1NT/0VFRf9DQ0P/QEBA/0JCQv9GRkb/SkpK/1FRUf9TU1P/UlJS/1JSUv9RUVH/UFBQ/0hISP9CQkL/R0dH/0tLS/9OTk7/UVFR/09PT/9MTEz/Tk5O/1BQUP9SUlL/VFRU/1dXV/9eXl7/XV1d/1ZWVv9TU1P/WFhY/1tbW/9bW1v/Wlpa/1FRUf9ISEj/R0dH/0VFRf9ERET/Q0ND/0BAQP88PDz/Pj4+/0JCQv9JSUn/WFhY/11dXf9eXl7/Xl5e/1paWv9XV1f/U1NT/1BQUP9RUVH/U1NT/1FRUf9PT0//Tk5O/0xMTP9PT0//U1NT/1paWv9paWn/aWlp/19fX/9cXFz/XV1d/15eXv9fX1//YGBg/2BgYP9gYGD/Xl5e/1xcXP9cXFz/XV1d/11dXf9eXl7/XV1d/1paWv9bW1v/XFxc/19fX/9mZmb/Z2dn/2RkZP9hYWH/Wlpa/1VVVf9YWFj/W1tb/2ZmZv9zc3P/cXFx/29vb/9nZ2f/Wlpa/1ZWVv9SUlL/WFhY/2dnZ/9mZmb/WFhY/1NTU/9QUFD/T09P/1NTU/9WVlb/UFBQ/5mZmf+cnJz/oKCg/7CwsP/FxcX/zMzM/9fX1//Pz8//wMDA/8TExP/S0tL/3d3d/+/v7//29vb/9vb2//X19f/x8fH/7e3t/+Xl5f/c3Nz/tra2/4qKiv+ampr/srKy/76+vv/R0dH/xsbG/6ysrP+0tLT/0dHR/87Ozv+urq7/o6Oj/6ampv+tra3/zMzM/+Hh4f/ExMT/pqam/4+Pj/90dHT/cHBw/2tra/90dHT/hISE/6Ojo//b29v/4uLi/9jY2P/BwcH/hISE/2xsbP9vb2//fHx8/7i4uP/o6Oj/6enp/+vr6//p6en/6Ojo/8rKyv+hoaH/ioqK/2lpaf9iYmL/W1tb/1paWv9YWFj/Wlpa/19fX/9eXl7/UlJS/0xMTP9NTU3/T09P/2BgYP9ycnL/hISE/5qamv+SkpL/hYWF/3x8fP9tbW3/ZWVl/1dXV/9SUlL/Tk5O/05OTv9VVVX/W1tb/2lpaf9zc3P/f39//4iIiP94eHj/Z2dn/2tra/9wcHD/dHR0/3p6ev9+fn7/hISE/5SUlP+zs7P/srKy/56env+QkJD/dXV1/2lpaf9paWn/bGxs/3x8fP+Li4v/nZ2d/7CwsP+dnZ3/hoaG/35+fv9ycnL/cXFx/3Fxcf9wcHD/bm5u/3R0dP+Hh4f/iIiI/3Z2dv9ubm7/cnJy/3Z2dv+CgoL/jY2N/3l5ef9jY2P/Y2Nj/2JiYv9xcXH/hoaG/4CAgP9xcXH/cnJy/3l5ef+SkpL/0tLS/+jo6P/r6+v/4uLi/6+vr/+MjIz/kJCQ/5OTk/+NjY3/hoaG/4qKiv+Pj4//kpKS/5aWlv+JiYn/cHBw/25ubv9ycnL/dXV1/3t7e/9+fn7/gICA/39/f/92dnb/cHBw/3Nzc/92dnb/b29v/2lpaf9jY2P/XFxc/2dnZ/96enr/eXl5/3Z2dv92dnb/dnZ2/3R0dP9wcHD/Z2dn/09PT/9CQkL/Q0ND/0VFRf9OTk7/VlZW/05OTv9FRUX/SkpK/1BQUP9RUVH/U1NT/1xcXP9sbGz/bGxs/2VlZf9iYmL/YGBg/15eXv9WVlb/VFRU/2FhYf9qamr/Y2Nj/1xcXP9VVVX/TExM/0lJSf9GRkb/SEhI/01NTf9QUFD/VlZW/1lZWf9dXV3/XV1d/1hYWP9aWlr/aWlp/3R0dP+Dg4P/jY2N/4WFhf98fHz/enp6/3d3d/9paWn/VlZW/05OTv9ERET/RUVF/0lJSf9TU1P/Z2dn/2hoaP9XV1f/UFBQ/1JSUv9WVlb/aGho/3V1df9ra2v/YWFh/2NjY/9mZmb/V1dX/0JCQv89PT3/Nzc3/zg4OP89PT3/Pj4+/z8/P/8/Pz//Pz8//z8/P/9DQ0P/RkZG/0xMTP9SUlL/VVVV/1hYWP9gYGD/aWlp/15eXv9NTU3/RUVF/zg4OP85OTn/Pj4+/0ZGRv9XV1f/WVlZ/1FRUf9MTEz/QkJC/zs7O/89PT3/Pz8//0BAQP9AQED/RERE/0hISP9MTEz/UlJS/1NTU/9SUlL/UFBQ/0xMTP9LS0v/SUlJ/0pKSv9PT0//UFBQ/0xMTP9HR0f/PDw8/zIyMv8xMTH/MDAw/zMzM/82Njb/ODg4/zs7O/89PT3/QUFB/0JCQv9CQkL/Pz8//zc3N/8zMzP/MDAw/y4uLv8tLS3/LS0t/zQ0NP86Ojr/R0dH/1ZWVv9OTk7/Q0ND/0FBQf89PT3/Pz8//0JCQv9CQkL/QkJC/0JCQv9DQ0P/RUVF/0dHR/9HR0f/QkJC/z4+Pv8+Pj7/ZWVl/3Nzc/+CgoL/lZWV/62trf+pqan/oqKi/5WVlf+AgID/fX19/4CAgP99fX3/c3Nz/2xsbP9iYmL/Xl5e/2RkZP9ra2v/d3d3/4SEhP+UlJT/pqam/8XFxf/t7e3/6+vr/+Tk5P+/v7//eHh4/2VlZf9VVVX/VlZW/2ZmZv9zc3P/ioqK/5iYmP+enp7/oaGh/46Ojv97e3v/enp6/3p6ev92dnb/cnJy/21tbf9lZWX/X19f/1RUVP9RUVH/UFBQ/1JSUv9aWlr/X19f/2hoaP9xcXH/hYWF/5WVlf+Wlpb/lpaW/4yMjP9/f3//kpKS/6ysrP++vr7/29vb/87Ozv+vr6//r6+v/76+vv/AwMD/vLy8/7y8vP/Dw8P/wMDA/5iYmP92dnb/d3d3/3h4eP+Pj4//qqqq/6ioqP+lpaX/r6+v/8DAwP+wsLD/i4uL/4WFhf+Hh4f/hYWF/3p6ev94eHj/hISE/4mJif9/f3//dXV1/2ZmZv9XV1f/XV1d/2VlZf9qamr/cnJy/3d3d/9/f3//d3d3/2NjY/9hYWH/ZmZm/2tra/94eHj/e3t7/29vb/9mZmb/X19f/1lZWf9vb2//hoaG/4qKiv+Ojo7/j4+P/5GRkf+RkZH/kZGR/4WFhf9tbW3/ZWVl/11dXf9YWFj/UFBQ/1FRUf9paWn/fn5+/6enp//MzMz/zs7O/9DQ0P++vr7/pqam/6SkpP+ioqL/m5ub/4+Pj/+BgYH/ZGRk/2hoaP+Dg4P/jIyM/4eHh/+FhYX/hoaG/4eHh/+Hh4f/iIiI/4aGhv+EhIT/f39//3l5ef96enr/e3t7/4yMjP+qqqr/qamp/52dnf+SkpL/fHx8/3Nzc/9vb2//b29v/35+fv+Li4v/mJiY/6Wlpf+ampr/jo6O/5ycnP+urq7/ubm5/8jIyP+8vLz/o6Oj/5qamv+QkJD/jY2N/4yMjP+NjY3/lZWV/5eXl/+JiYn/g4OD/6Wlpf/IyMj/xsbG/8PDw//MzMz/2tra/7y8vP+MjIz/f39//29vb/91dXX/ioqK/4iIiP91dXX/cXFx/35+fv+EhIT/fX19/3h4eP+CgoL/jIyM/56env+zs7P/sLCw/6urq/+UlJT/b29v/2ZmZv9eXl7/YGBg/2dnZ/9paWn/ampq/2tra/9ra2v/a2tr/21tbf9ubm7/aWlp/2RkZP9cXFz/U1NT/1FRUf9NTU3/Tk5O/1FRUf9aWlr/bGxs/3R0dP9/f3//e3t7/2hoaP9kZGT/d3d3/4CAgP93d3f/cnJy/46Ojv+tra3/rKys/6urq/+YmJj/fHx8/4WFhf+Xl5f/s7Oz/+Xl5f/t7e3/6Ojo/9TU1P+dnZ3/hoaG/4uLi/+Pj4//jo6O/46Ojv+rq6v/ysrK/7m5uf+jo6P/j4+P/3Nzc/9vb2//bGxs/3x8fP+fn5//srKy/9LS0v/Ozs7/oaGh/4mJif92dnb/ampq/25ubv9ycnL/dnZ2/3t7e/+RkZH/rKys/7+/v//a2tr/1dXV/8jIyP/Pz8//4uLi/93d3f/Hx8f/wcHB/8nJyf/MzMz/zs7O/83Nzf+7u7v/qqqq/5eXl/+CgoL/eXl5/25ubv+Hh4f/rq6u/8HBwf/e3t7/0tLS/66urv+enp7/iYmJ/3x8fP9qamr/ZGRk/29vb/94eHj/hYWF/5GRkf+Tk5P/lZWV/6Ghof+xsbH/oaGh/4mJif+FhYX/gYGB/39/f/95eXn/dHR0/2hoaP9lZWX/Z2dn/2pqav9tbW3/cnJy/4WFhf9ERET/RERE/0RERP9ISEj/TU1N/01NTf9NTU3/Tk5O/09PT/9QUFD/UlJS/1RUVP9YWFj/Wlpa/1xcXP9fX1//aGho/21tbf9gYGD/VFRU/1JSUv9QUFD/T09P/05OTv9MTEz/SUlJ/0xMTP9UVFT/VlZW/1paWv9dXV3/Y2Nj/2VlZf9hYWH/YWFh/2tra/9ycnL/ZGRk/1ZWVv9UVFT/UlJS/2RkZP98fHz/gICA/4ODg/9/f3//dHR0/2pqav9XV1f/UVFR/01NTf9QUFD/Y2Nj/2xsbP9nZ2f/Y2Nj/2BgYP9cXFz/WVlZ/1VVVf9ZWVn/YGBg/2JiYv9lZWX/Z2dn/2tra/9wcHD/eXl5/3h4eP9sbGz/Z2dn/2dnZ/9tbW3/jo6O/6ioqP+MjIz/bm5u/2VlZf9ZWVn/Wlpa/1xcXP9gYGD/Z2dn/2xsbP91dXX/dnZ2/3R0dP9xcXH/ampq/2VlZf9eXl7/Wlpa/2RkZP9tbW3/eHh4/4SEhP+Pj4//nZ2d/6ampv+ysrL/q6ur/52dnf+NjY3/cHBw/2ZmZv9bW1v/WVlZ/11dXf9kZGT/eXl5/4eHh/+NjY3/kpKS/3p6ev9hYWH/YWFh/2FhYf9YWFj/TExM/0hISP9CQkL/QUFB/0FBQf9DQ0P/RkZG/0pKSv9RUVH/V1dX/2RkZP9tbW3/cHBw/3Nzc/9wcHD/bW1t/3BwcP91dXX/bGxs/19fX/9sbGz/h4eH/4iIiP+Dg4P/f39//3h4eP+BgYH/qKio/7i4uP+pqan/oKCg/6enp/+urq7/lJSU/3d3d/+Li4v/paWl/56env+RkZH/hISE/21tbf9oaGj/ZWVl/2lpaf91dXX/enp6/4CAgP+FhYX/j4+P/5aWlv+ampr/nZ2d/7u7u//c3Nz/xMTE/6SkpP+lpaX/qKio/6ampv+goKD/oqKi/6mpqf+urq7/t7e3/7i4uP+srKz/p6en/7CwsP+0tLT/l5eX/3p6ev9nZ2f/UlJS/0xMTP9FRUX/Pj4+/zQ0NP80NDT/NjY2/zg4OP8+Pj7/PT09/zc3N/80NDT/MTEx/zAwMP8vLy//Li4u/y8vL/8wMDD/MTEx/zIyMv8yMjL/MjIy/zExMf8xMTH/MDAw/y4uLv8vLy//MDAw/zAwMP8xMTH/MDAw/y8vL/8uLi7/Ly8v/zAwMP8vLy//Ly8v/y8vL/8wMDD/MDAw/y8vL/8uLi7/LS0t/y4uLv8wMDD/MTEx/zExMf8xMTH/MDAw/zAwMP8xMTH/MTEx/zExMf8xMTH/MDAw/y8vL/8wMDD/MjIy/zExMf8wMDD/MDAw/y8vL/8wMDD/MjIy/zIyMv8xMTH/MTEx/zAwMP8wMDD/MTEx/zIyMv8zMzP/NDQ0/zQ0NP80NDT/Nzc3/zs7O/88PDz/Pj4+/0BAQP9CQkL/RUVF/0hISP9MTEz/VFRU/15eXv93d3f/g4OD/4eHh/+Ghob/dXV1/2VlZf9kZGT/YmJi/3Fxcf+Dg4P/k5OT/6urq/+fn5//h4eH/35+fv9xcXH/dHR0/4GBgf+EhIT/fn5+/3p6ev9zc3P/bm5u/29vb/9wcHD/dXV1/3t7e/97e3v/enp6/4ODg/+RkZH/l5eX/6Ghof+enp7/lpaW/42Njf98fHz/eHh4/39/f/+Ghob/l5eX/6SkpP+wsLD/vLy8/729vf+/v7//oqKi/35+fv95eXn/dXV1/4GBgf+YmJj/nZ2d/6CgoP+ampr/iIiI/4GBgf+AgID/gYGB/4yMjP+SkpL/e3t7/w0NDf8NDQ3/DQ0N/w0NDf8NDQ3/DQ0N/w0NDf8NDQ3/DQ0N/w0NDf8NDQ3/DQ0N/w0NDf8NDQ3/DQ0N/w0NDf8NDQ3/DQ0N/w0NDf8ODg7/Dg4O/w4ODv8ODg7/DQ0N/w0NDf8NDQ3/DQ0N/w0NDf8NDQ3/DQ0N/w0NDf8MDAz/DAwM/wwMDP8MDAz/DAwM/wwMDP8MDAz/DAwM/wwMDP8NDQ3/DQ0N/w0NDf8NDQ3/DQ0N/w0NDf8NDQ3/DQ0N/w0NDf8NDQ3/DQ0N/w0NDf8ODg7/Dg4O/w4ODv8ODg7/Dg4O/w4ODv8ODg7/Dg4O/w4ODv8NDQ3/DQ0N/w0NDf8NDQ3/DQ0N/w0NDf8NDQ3/Dg4O/w8PD/8QEBD/ERER/xISEv8TExP/FBQU/xUVFf8WFhb/FhYW/xcXF/8XFxf/FhYW/xUVFf8UFBT/FBQU/xUVFf8VFRX/FhYW/xYWFv8WFhb/FhYW/xcXF/8XFxf/FxcX/xcXF/8WFhb/FhYW/xYWFv8VFRX/FBQU/xMTE/8UFBT/FRUV/xYWFv8XFxf/FxcX/xgYGP8YGBj/GBgY/xgYGP8ZGRn/GRkZ/xoaGv8aGhr/Ghoa/xsbG/8bGxv/HBwc/xwcHP8cHBz/HBwc/xsbG/8cHBz/HR0d/x0dHf8cHBz/HBwc/xsbG/8aGhr/GRkZ/xkZGf8aGhr/Ghoa/xsbG/8bGxv/HBwc/x0dHf8hISH/Jycn/ygoKP8oKCj/Kioq/y0tLf8wMDD/NDQ0/zY2Nv85OTn/Ojo6/zc3N/81NTX/MjIy/y8vL/8wMDD/MTEx/zIyMv80NDT/MTEx/y0tLf8uLi7/Ly8v/zAwMP8yMjL/MzMz/zQ0NP81NTX/OTk5/zs7O/8/Pz//QUFB/zw8PP84ODj/ODg4/zg4OP85OTn/Ozs7/zw8PP89PT3/PT09/z09Pf87Ozv/ODg4/zc3N/82Njb/ODg4/0FBQf9HR0f/TU1N/1BQUP9GRkb/Ozs7/zs7O/86Ojr/Ozs7/zs7O/87Ozv/Ojo6/zo6Ov84ODj/NjY2/zAwMP8uLi7/Li4u/y4uLv8wMDD/MjIy/zk5Of8/Pz//Pz8//0BAQP8/Pz//Pj4+/zw8PP85OTn/Ozs7/z4+Pv8+Pj7/Pj4+/zw8PP84ODj/ODg4/zw8PP8+Pj7/QUFB/0RERP9ERET/RUVF/0lJSf9NTU3/UlJS/1hYWP9QUFD/RUVF/0RERP9DQ0P/RUVF/0lJSf9NTU3/VVVV/1ZWVv9SUlL/UFBQ/05OTv9LS0v/RERE/z4+Pv9ERET/SUlJ/0tLS/9OTk7/T09P/1BQUP9RUVH/U1NT/1RUVP9UVFT/WVlZ/2RkZP9kZGT/W1tb/1hYWP9eXl7/YmJi/19fX/9dXV3/UlJS/0ZGRv9GRkb/RUVF/0RERP9CQkL/Pz8//zs7O/89PT3/QkJC/0lJSf9YWFj/XFxc/1paWv9ZWVn/WFhY/1dXV/9VVVX/U1NT/1JSUv9RUVH/T09P/0xMTP9LS0v/SkpK/0tLS/9OTk7/V1dX/2pqav9qamr/X19f/1xcXP9eXl7/YGBg/2NjY/9kZGT/ZWVl/2ZmZv9jY2P/YWFh/2FhYf9iYmL/YWFh/19fX/9dXV3/WFhY/1lZWf9dXV3/YGBg/2ZmZv9mZmb/XV1d/1dXV/9RUVH/Tk5O/1NTU/9ZWVn/Z2dn/3Z2dv91dXX/dHR0/2lpaf9YWFj/VlZW/1ZWVv9fX1//c3Nz/3Jycv9hYWH/WVlZ/1VVVf9UVFT/VlZW/1dXV/9NTU3/g4OD/4uLi/+Tk5P/qKio/8PDw//Dw8P/wcHB/7Ozs/+ampr/nZ2d/6ysrP+2trb/yMjI/8vLy/++vr7/tbW1/62trf+oqKj/p6en/6enp/+Ojo7/cXFx/39/f/+SkpL/mZmZ/6Kiov+YmJj/hYWF/4+Pj/+wsLD/s7Oz/6Wlpf+enp7/mpqa/5ycnP+0tLT/xMTE/6ysrP+UlJT/gYGB/2tra/9qamr/ampq/29vb/93d3f/ioqK/66urv+zs7P/sLCw/6Ojo/+AgID/dHR0/4CAgP+Pj4//vr6+/+Pj4//Ozs7/uLi4/7CwsP+mpqb/oKCg/5eXl/+IiIj/bm5u/2lpaf9kZGT/bm5u/4qKiv+Pj4//hoaG/319ff9nZ2f/Wlpa/1hYWP9XV1f/YmJi/21tbf9zc3P/enp6/3R0dP9sbGz/Z2dn/19fX/9gYGD/ZGRk/2hoaP9xcXH/c3Nz/3R0dP90dHT/dXV1/3Z2dv9+fn7/hISE/4SEhP+EhIT/hISE/4WFhf+VlZX/rKys/6Ojo/+RkZH/lpaW/6Wlpf+vr6//wsLC/76+vv+fn5//j4+P/4SEhP98fHz/eHh4/3V1df+CgoL/kZGR/4+Pj/+NjY3/oKCg/7y8vP+9vb3/vLy8/6enp/95eXn/bm5u/21tbf9wcHD/enp6/39/f/98fHz/fX19/46Ojv+dnZ3/jo6O/319ff93d3f/cHBw/3Fxcf9zc3P/cHBw/2pqav9sbGz/c3Nz/4WFhf+vr6//xcXF/93d3f/i4uL/vr6+/6ampv+rq6v/r6+v/5qamv+Dg4P/g4OD/4ODg/+NjY3/nJyc/5WVlf+Ghob/fX19/29vb/9qamr/ZmZm/2RkZP9lZWX/ZWVl/2NjY/9iYmL/ampq/3Fxcf94eHj/gICA/3l5ef9vb2//bm5u/2xsbP9tbW3/cHBw/29vb/9qamr/aGho/2dnZ/9iYmL/UVFR/0dHR/9ERET/QkJC/0hISP9PT0//VFRU/1paWv9bW1v/W1tb/1dXV/9PT0//V1dX/2lpaf9ubm7/cnJy/3Jycv9xcXH/bW1t/2NjY/9gYGD/cXFx/35+fv+CgoL/hoaG/3d3d/9nZ2f/Y2Nj/15eXv9ZWVn/UVFR/1dXV/9lZWX/bGxs/3Z2dv94eHj/eHh4/3Z2dv9ycnL/cHBw/3Z2dv96enr/cXFx/2dnZ/9hYWH/W1tb/1dXV/9TU1P/UlJS/1JSUv9TU1P/VVVV/15eXv90dHT/dXV1/2RkZP9aWlr/UFBQ/0tLS/9UVFT/W1tb/1xcXP9cXFz/Wlpa/1lZWf9RUVH/RkZG/0JCQv89PT3/Pj4+/0FBQf9CQkL/RUVF/0RERP9BQUH/QUFB/0hISP9MTEz/SkpK/0lJSf9OTk7/U1NT/2RkZP95eXn/aGho/1BQUP9HR0f/Ozs7/z8/P/9JSUn/U1NT/2dnZ/9paWn/XFxc/1NTU/9FRUX/PDw8/z09Pf89PT3/RUVF/01NTf9RUVH/VVVV/1BQUP9ISEj/RUVF/z8/P/8+Pj7/PT09/zw8PP88PDz/Pz8//0tLS/9PT0//S0tL/0ZGRv87Ozv/MTEx/zExMf8xMTH/NDQ0/zg4OP88PDz/QkJC/0ZGRv9NTU3/S0tL/0dHR/9ERET/Pz8//z09Pf87Ozv/Ojo6/zs7O/88PDz/Pj4+/z8/P/9CQkL/RUVF/0NDQ/9BQUH/QEBA/z8/P/8/Pz//Pz8//z8/P/8+Pj7/Pj4+/0FBQf9CQkL/QkJC/0FBQf8+Pj7/Ozs7/zs7O/9lZWX/eHh4/4yMjP+YmJj/p6en/56env+QkJD/hoaG/3V1df94eHj/g4OD/4ODg/97e3v/dnZ2/3BwcP9tbW3/cnJy/3V1df9xcXH/bGxs/3R0dP99fX3/np6e/8rKyv+9vb3/p6en/5GRkf9ra2v/Y2Nj/15eXv9dXV3/X19f/2FhYf9nZ2f/bGxs/3Nzc/96enr/f39//4SEhP+Kior/kpKS/5SUlP+Xl5f/j4+P/4KCgv94eHj/ZmZm/2JiYv9iYmL/Z2dn/3h4eP+BgYH/jIyM/5GRkf+Pj4//jY2N/5mZmf+kpKT/i4uL/21tbf90dHT/fn5+/4aGhv+RkZH/kJCQ/4mJif+Kior/kJCQ/5KSkv+VlZX/mJiY/56env+fn5//jo6O/39/f/+AgID/goKC/4GBgf9/f3//fX19/3p6ev9/f3//iIiI/4qKiv+MjIz/j4+P/5iYmP+VlZX/hYWF/4KCgv+UlJT/m5ub/4mJif95eXn/a2tr/11dXf9kZGT/bGxs/3p6ev+NjY3/lpaW/6SkpP+YmJj/enp6/3t7e/+Kior/lJSU/6Ghof+fn5//fn5+/2lpaf9tbW3/cHBw/3d3d/9+fn7/fn5+/39/f/+FhYX/jo6O/5ubm/+xsbH/qqqq/5WVlf+QkJD/kZGR/4iIiP9sbGz/Y2Nj/3V1df+EhIT/mpqa/66urv+hoaH/kpKS/4WFhf9zc3P/dHR0/3Z2dv9zc3P/bW1t/3BwcP93d3f/hYWF/6Wlpf+vr6//rKys/6ampv+QkJD/gYGB/4ODg/+EhIT/gYGB/39/f/99fX3/fHx8/4GBgf+JiYn/kJCQ/5ubm/+ampr/k5OT/5GRkf+RkZH/kJCQ/42Njf+MjIz/jIyM/4+Pj/+qqqr/xcXF/7S0tP+ioqL/mpqa/5GRkf+hoaH/u7u7/6+vr/+Tk5P/iYmJ/3x8fP97e3v/goKC/4mJif+Xl5f/mpqa/4eHh/96enr/h4eH/5WVlf+bm5v/oqKi/7q6uv/b29v/wMDA/5KSkv+QkJD/lpaW/6Ojo/+/v7//vb29/6Kiov+VlZX/kJCQ/4qKiv96enr/b29v/3Jycv91dXX/gYGB/4+Pj/+Li4v/hYWF/3d3d/9hYWH/YmJi/2pqav9xcXH/fn5+/4GBgf+Dg4P/gYGB/3p6ev90dHT/aWlp/2BgYP9eXl7/XFxc/1dXV/9SUlL/VFRU/1dXV/9XV1f/WFhY/11dXf9lZWX/ZmZm/2ZmZv9iYmL/WVlZ/11dXf+AgID/kpKS/4mJif+BgYH/jY2N/5iYmP+fn5//pqam/5ycnP+NjY3/lpaW/6ioqP+/v7//6urq//Hx8f/v7+//4eHh/7i4uP+qqqr/urq6/8HBwf+pqan/lZWV/56env+np6f/oKCg/5eXl/+Kior/eHh4/3Nzc/9tbW3/cXFx/3t7e/+CgoL/jo6O/42Njf9/f3//d3d3/21tbf9nZ2f/Z2dn/2dnZ/94eHj/iYmJ/5mZmf+srKz/qqqq/6enp/+np6f/p6en/6Wlpf+jo6P/nZ2d/46Ojv+MjIz/l5eX/5ycnP+bm5v/mpqa/5ubm/+bm5v/jY2N/35+fv9xcXH/YGBg/2tra/98fHz/i4uL/6SkpP+zs7P/y8vL/83Nzf/Dw8P/uLi4/56env+QkJD/iYmJ/4aGhv+YmJj/qamp/52dnf+RkZH/kZGR/5CQkP+VlZX/nJyc/5eXl/+MjIz/hYWF/3p6ev91dXX/bW1t/25ubv98fHz/g4OD/39/f/98fHz/gICA/0dHR/9NTU3/U1NT/2ZmZv9+fn7/dXV1/2ZmZv9eXl7/UVFR/05OTv9NTU3/Tk5O/1NTU/9VVVX/V1dX/1lZWf9gYGD/ZGRk/1paWv9QUFD/WFhY/2BgYP9fX1//XV1d/1tbW/9XV1f/VlZW/1VVVf9TU1P/T09P/05OTv9QUFD/UlJS/1hYWP9dXV3/ZWVl/2tra/9nZ2f/Y2Nj/15eXv9YWFj/Xl5e/2ZmZv9paWn/b29v/2tra/9jY2P/XV1d/1NTU/9SUlL/VlZW/1xcXP9vb2//enp6/3x8fP98fHz/c3Nz/2lpaf9kZGT/Xl5e/19fX/9iYmL/ZmZm/21tbf9vb2//b29v/3BwcP9ycnL/cHBw/2ZmZv9iYmL/YWFh/2RkZP96enr/jIyM/3p6ev9oaGj/YWFh/1hYWP9gYGD/a2tr/25ubv9ycnL/cXFx/3BwcP9vb2//cHBw/29vb/9sbGz/bGxs/29vb/9wcHD/bGxs/2lpaf90dHT/f39//4ODg/+IiIj/kZGR/52dnf+YmJj/jo6O/4KCgv9sbGz/ZGRk/1paWv9bW1v/aGho/25ubv9tbW3/bm5u/3d3d/9+fn7/dnZ2/2xsbP93d3f/g4OD/29vb/9QUFD/TExM/0pKSv9OTk7/VlZW/1tbW/9lZWX/aWlp/2tra/9tbW3/bm5u/29vb/9wcHD/cXFx/3Nzc/90dHT/dnZ2/3h4eP9tbW3/XFxc/2NjY/9ycnL/eHh4/4GBgf99fX3/cHBw/3BwcP+CgoL/iYmJ/4ODg/+AgID/hoaG/4uLi/+FhYX/fn5+/4qKiv+YmJj/kJCQ/4GBgf96enr/cHBw/25ubv9sbGz/c3Nz/4qKiv+Tk5P/lZWV/5aWlv+RkZH/jY2N/4qKiv+Ghob/j4+P/5iYmP+QkJD/hYWF/4GBgf98fHz/enp6/3Z2dv96enr/g4OD/4aGhv+Kior/jY2N/5KSkv+UlJT/kZGR/42Njf96enr/ZmZm/1lZWf9KSkr/RkZG/z8/P/85OTn/Ly8v/zAwMP80NDT/Nzc3/zs7O/86Ojr/NTU1/zIyMv8wMDD/Ly8v/y8vL/8vLy//Ly8v/y8vL/8vLy//Ly8v/zAwMP8wMDD/MDAw/zAwMP8vLy//Ly8v/y8vL/8vLy//Ly8v/zAwMP8wMDD/Ly8v/y8vL/8vLy//Ly8v/y8vL/8vLy//Ly8v/y8vL/8vLy//Li4u/y4uLv8sLCz/LS0t/y8vL/8wMDD/MDAw/zAwMP8wMDD/MDAw/zAwMP8xMTH/MTEx/zAwMP8xMTH/MjIy/zExMf8xMTH/MDAw/y8vL/8vLy//Li4u/y8vL/8wMDD/MDAw/zAwMP8wMDD/MDAw/zExMf8yMjL/MzMz/zMzM/80NDT/NDQ0/zMzM/81NTX/ODg4/zo6Ov89PT3/Pj4+/0FBQf9BQUH/QkJC/0RERP9JSUn/TU1N/1dXV/9eXl7/Z2dn/25ubv9xcXH/dHR0/3d3d/96enr/jo6O/6enp/+dnZ3/jo6O/4eHh/9+fn7/enp6/3Z2dv94eHj/gYGB/4ODg/+BgYH/f39//3t7e/98fHz/kJCQ/6Ojo/+RkZH/fn5+/3t7e/92dnb/hoaG/5+fn/+qqqr/urq6/7u7u/+4uLj/r6+v/5mZmf+Tk5P/l5eX/52dnf+xsbH/vr6+/729vf+7u7v/rq6u/6CgoP+ampr/kpKS/5CQkP+Pj4//mJiY/6mpqf+np6f/nZ2d/5OTk/+BgYH/eHh4/3BwcP9tbW3/cHBw/3Jycv9sbGz/DAwM/w0NDf8NDQ3/DQ0N/w4ODv8NDQ3/DQ0N/w0NDf8NDQ3/DQ0N/w0NDf8NDQ3/DQ0N/w0NDf8NDQ3/DAwM/wwMDP8MDAz/DQ0N/w0NDf8NDQ3/DQ0N/w0NDf8MDAz/DAwM/wwMDP8MDAz/DAwM/wwMDP8MDAz/DAwM/w0NDf8NDQ3/DQ0N/w0NDf8NDQ3/DQ0N/w0NDf8NDQ3/DQ0N/wwMDP8MDAz/DAwM/wwMDP8MDAz/DQ0N/w0NDf8NDQ3/Dg4O/w4ODv8NDQ3/DQ0N/w0NDf8NDQ3/DQ0N/w0NDf8ODg7/Dg4O/w4ODv8NDQ3/DQ0N/wwMDP8NDQ3/DQ0N/w0NDf8NDQ3/DQ0N/w0NDf8ODg7/EBAQ/xEREf8SEhL/ExMT/xQUFP8VFRX/FhYW/xcXF/8XFxf/FxcX/xcXF/8WFhb/FRUV/xQUFP8VFRX/FhYW/xYWFv8XFxf/FxcX/xcXF/8XFxf/FhYW/xYWFv8WFhb/FRUV/xUVFf8VFRX/FRUV/xUVFf8VFRX/FBQU/xUVFf8WFhb/FhYW/xYWFv8XFxf/FxcX/xcXF/8YGBj/GBgY/xkZGf8ZGRn/GRkZ/xkZGf8aGhr/Ghoa/xsbG/8bGxv/Gxsb/xsbG/8bGxv/Ghoa/xsbG/8cHBz/HBwc/x0dHf8cHBz/HBwc/xsbG/8bGxv/Ghoa/xsbG/8bGxv/HBwc/xwcHP8dHR3/Hh4e/yMjI/8pKSn/Kioq/ysrK/8tLS3/MDAw/zIyMv80NDT/Nzc3/zw8PP8+Pj7/PT09/zw8PP84ODj/NDQ0/zQ0NP82Njb/MzMz/zExMf8yMjL/NDQ0/zY2Nv85OTn/OTk5/zc3N/83Nzf/Nzc3/zc3N/83Nzf/Nzc3/zk5Of86Ojr/Ojo6/zo6Ov87Ozv/PDw8/zw8PP87Ozv/Ozs7/zo6Ov86Ojr/Ojo6/zs7O/88PDz/PT09/z8/P/9AQED/QEBA/0JCQv9FRUX/SEhI/0JCQv88PDz/PDw8/zs7O/87Ozv/PDw8/zw8PP88PDz/Ozs7/zk5Of83Nzf/MjIy/zExMf8wMDD/MjIy/zY2Nv86Ojr/PT09/z8/P/8/Pz//Pz8//z8/P/8+Pj7/PT09/zw8PP8/Pz//RUVF/0RERP9CQkL/QEBA/zw8PP89PT3/Q0ND/0ZGRv9ISEj/SEhI/0RERP9BQUH/Q0ND/0ZGRv9JSUn/TU1N/0hISP9BQUH/QEBA/0BAQP9DQ0P/S0tL/05OTv9UVFT/VFRU/09PT/9LS0v/RkZG/0NDQ/9AQED/Pj4+/0VFRf9MTEz/TExM/0xMTP9NTU3/Tk5O/05OTv9NTU3/S0tL/0ZGRv9JSUn/UVFR/1NTU/9RUVH/UVFR/1NTU/9UVFT/VVVV/1VVVf9NTU3/RUVF/0VFRf9GRkb/SEhI/0pKSv9HR0f/Q0ND/0ZGRv9OTk7/UVFR/1RUVP9YWFj/X19f/2FhYf9bW1v/WFhY/1hYWP9YWFj/V1dX/1dXV/9YWFj/WVlZ/1JSUv9ISEj/S0tL/1BQUP9bW1v/cXFx/3Fxcf9iYmL/X19f/2JiYv9jY2P/YGBg/11dXf9YWFj/VFRU/1hYWP9dXV3/W1tb/1hYWP9XV1f/VVVV/1VVVf9WVlb/Wlpa/2NjY/9mZmb/aWlp/2ZmZv9ZWVn/UlJS/1BQUP9QUFD/W1tb/2VlZf9qamr/cHBw/2xsbP9nZ2f/YGBg/1dXV/9aWlr/YmJi/2hoaP9zc3P/c3Nz/2xsbP9nZ2f/YmJi/15eXv9YWFj/U1NT/01NTf93d3f/gYGB/4yMjP+jo6P/wcHB/7y8vP+zs7P/oqKi/4ODg/+Ghob/l5eX/6CgoP+vr6//r6+v/5ubm/+Ojo7/hISE/319ff+CgoL/iIiI/3d3d/9kZGT/cHBw/4KCgv+EhIT/h4eH/4CAgP9wcHD/fHx8/5ycnP+jo6P/n5+f/5ubm/+Tk5P/kpKS/6SkpP+xsbH/nZ2d/4mJif95eXn/ZmZm/2hoaP9ra2v/bm5u/3Fxcf99fX3/k5OT/5iYmP+ZmZn/kpKS/35+fv96enr/ioqK/5qamv/AwMD/3Nzc/7q6uv+YmJj/jIyM/39/f/+Hh4f/kpKS/4eHh/9zc3P/b29v/2lpaf96enr/pqam/62trf+cnJz/jo6O/3Nzc/9iYmL/YGBg/15eXv9kZGT/a2tr/2lpaf9nZ2f/Y2Nj/11dXf9bW1v/WVlZ/19fX/9tbW3/dnZ2/4aGhv+Kior/h4eH/4SEhP99fX3/eXl5/39/f/+FhYX/jY2N/5aWlv+Tk5P/kJCQ/6enp//IyMj/uLi4/5mZmf+YmJj/np6e/6+vr//X19f/2dnZ/7i4uP+lpaX/lJSU/4aGhv93d3f/aWlp/3V1df+BgYH/iYmJ/5KSkv+0tLT/5eXl/+jo6P/m5ub/xcXF/4CAgP9ra2v/Xl5e/2JiYv9+fn7/iYmJ/4ODg/+BgYH/lJSU/6Wlpf+ampr/jo6O/4WFhf97e3v/dHR0/2lpaf9oaGj/Z2dn/2pqav9wcHD/fHx8/5mZmf+urq7/09PT/+Dg4P/Gxsb/tbW1/7u7u//AwMD/oqKi/4KCgv+AgID/fn5+/4yMjP+ioqL/n5+f/5WVlf+IiIj/b29v/2VlZf9aWlr/VlZW/1ZWVv9WVlb/WFhY/1paWv9kZGT/bm5u/35+fv+Pj4//h4eH/319ff90dHT/ZmZm/2lpaf9xcXH/bm5u/2ZmZv9jY2P/YmJi/15eXv9RUVH/SkpK/0RERP9AQED/RkZG/0xMTP9ZWVn/Z2dn/2VlZf9hYWH/WVlZ/0xMTP9UVFT/Z2dn/29vb/95eXn/fHx8/3p6ev92dnb/a2tr/2hoaP97e3v/ioqK/5SUlP+dnZ3/jIyM/3l5ef90dHT/bW1t/2RkZP9UVFT/XV1d/3BwcP94eHj/hISE/4iIiP+Kior/h4eH/3d3d/9ubm7/bm5u/25ubv9kZGT/Wlpa/1NTU/9KSkr/TExM/1FRUf9VVVX/W1tb/1xcXP9dXV3/ZmZm/3t7e/98fHz/a2tr/19fX/9OTk7/RUVF/0hISP9LS0v/UlJS/1hYWP9VVVX/UFBQ/05OTv9KSkr/R0dH/0JCQv9DQ0P/RERE/0ZGRv9ISEj/SEhI/0RERP9ERET/S0tL/09PT/9ISEj/Q0ND/0lJSf9QUFD/Z2dn/4ODg/9vb2//UVFR/0lJSf8+Pj7/Q0ND/1FRUf9bW1v/cHBw/3Fxcf9iYmL/V1dX/0dHR/89PT3/PT09/z09Pf9ISEj/VFRU/1hYWP9cXFz/UlJS/0JCQv89PT3/NTU1/zQ0NP80NDT/NDQ0/zQ0NP85OTn/SEhI/05OTv9KSkr/RUVF/zs7O/8yMjL/MjIy/zIyMv82Njb/Ojo6/z8/P/9HR0f/TExM/1RUVP9SUlL/SkpK/0dHR/9ERET/QkJC/0JCQv9CQkL/RERE/0VFRf9ERET/Q0ND/z4+Pv86Ojr/PDw8/z8/P/8/Pz//QEBA/z8/P/89PT3/PT09/zs7O/88PDz/Pz8//0BAQP8/Pz//PT09/zs7O/86Ojr/Ojo6/2VlZf96enr/kpKS/5mZmf+ioqL/mJiY/4eHh/9/f3//cnJy/3d3d/+Ghob/iIiI/4GBgf99fX3/eXl5/3h4eP98fHz/fX19/21tbf9eXl7/YGBg/2RkZP+FhYX/srKy/6Ghof+CgoL/dnZ2/2ZmZv9kZGT/ZmZm/2RkZP9cXFz/V1dX/1NTU/9SUlL/W1tb/2RkZP92dnb/iYmJ/5SUlP+hoaH/pqam/66urv+kpKT/lJSU/4aGhv9wcHD/bGxs/2xsbP90dHT/ioqK/5WVlf+goKD/o6Oj/5SUlP+IiIj/mZmZ/6urq/+JiYn/YWFh/2FhYf9iYmL/Y2Nj/2VlZf9paWn/cnJy/3R0dP9zc3P/dnZ2/319ff+BgYH/iIiI/4uLi/+Hh4f/hISE/4eHh/+Kior/enp6/2dnZ/9lZWX/YmJi/2RkZP9nZ2f/c3Nz/4uLi/+VlZX/oaGh/56env+MjIz/iIiI/5ycnP+lpaX/jo6O/3t7e/9ubm7/YGBg/2dnZ/9xcXH/g4OD/56env+pqan/urq6/6ysrP+JiYn/ioqK/5+fn/+qqqr/t7e3/7Kysv+Ghob/a2tr/3Z2dv9/f3//fHx8/3l5ef93d3f/dHR0/319ff+Kior/n5+f/8LCwv++vr7/rKys/6qqqv+vr6//paWl/319ff9tbW3/fHx8/4eHh/+SkpL/nJyc/4aGhv9ubm7/Y2Nj/1VVVf9XV1f/W1tb/1paWv9ZWVn/ZmZm/4KCgv+VlZX/uLi4/8PDw//BwcH/ubm5/5aWlv9/f3//gICA/4KCgv9/f3//e3t7/3x8fP9+fn7/hYWF/5KSkv+Tk5P/k5OT/5GRkf+NjY3/kJCQ/56env+ioqL/oKCg/56env+VlZX/kpKS/7W1tf/Y2Nj/w8PD/6ysrP+ZmZn/gYGB/5OTk/+ysrL/paWl/4mJif9+fn7/cXFx/3Fxcf99fX3/hYWF/5aWlv+bm5v/hYWF/3R0dP91dXX/d3d3/4GBgf+NjY3/rq6u/9ra2v/BwcH/lpaW/5ycnP+urq7/v7+//+Dg4P/e3t7/vb29/6ysrP+bm5v/jo6O/3p6ev9qamr/ampq/2lpaf9ycnL/fHx8/3Z2dv9vb2//Z2dn/1paWv9iYmL/dHR0/35+fv+NjY3/kpKS/5OTk/+QkJD/hYWF/3x8fP9paWn/Wlpa/1hYWP9XV1f/VFRU/1FRUf9WVlb/XV1d/15eXv9gYGD/YWFh/2JiYv9fX1//VlZW/1NTU/9PT0//WFhY/4ODg/+bm5v/kZGR/4mJif+Kior/i4uL/5WVlf+ioqL/nZ2d/5aWlv+goKD/sbGx/8bGxv/r6+v/8vLy//Hx8f/m5ub/x8fH/76+vv/V1dX/3d3d/7i4uP+YmJj/lZWV/5GRkf+QkJD/j4+P/4eHh/97e3v/dXV1/21tbf9qamr/Z2dn/2dnZ/9mZmb/aGho/21tbf9ubm7/ampq/2dnZ/9lZWX/Y2Nj/3t7e/+UlJT/np6e/6qqqv+cnJz/hoaG/4mJif+RkZH/jIyM/35+fv94eHj/bm5u/29vb/97e3v/gYGB/319ff98fHz/iIiI/5OTk/+IiIj/fX19/21tbf9aWlr/W1tb/15eXv9ra2v/gYGB/6CgoP/d3d3/6urq/+bm5v/c3Nz/v7+//6ysrP+ZmZn/j4+P/6SkpP+5ubn/paWl/5CQkP+IiIj/fn5+/46Ojv+pqan/o6Oj/5KSkv+Kior/fHx8/3d3d/9ycnL/dnZ2/4uLi/+Tk5P/iYmJ/4KCgv98fHz/SkpK/1NTU/9dXV3/d3d3/5qamv+MjIz/dHR0/2dnZ/9SUlL/TU1N/0pKSv9KSkr/T09P/1FRUf9TU1P/VlZW/1xcXP9fX1//V1dX/05OTv9bW1v/aWlp/2hoaP9mZmb/ZGRk/2FhYf9dXV3/VVVV/1FRUf9JSUn/RkZG/0VFRf9ISEj/VFRU/1tbW/9hYWH/Z2dn/2lpaf9ra2v/ZGRk/1xcXP9bW1v/WFhY/11dXf9kZGT/YWFh/1paWv9WVlb/UVFR/1NTU/9cXFz/ZGRk/3Z2dv+BgYH/h4eH/4uLi/9/f3//cnJy/2tra/9kZGT/Y2Nj/2NjY/9paWn/c3Nz/3R0dP9ycnL/cHBw/21tbf9qamr/Y2Nj/19fX/9dXV3/X19f/25ubv96enr/cHBw/2VlZf9fX1//V1dX/2NjY/90dHT/dXV1/3d3d/90dHT/bW1t/2xsbP9vb2//b29v/25ubv9vb2//eXl5/319ff9xcXH/ZmZm/3Fxcf98fHz/e3t7/3p6ev+CgoL/jo6O/4uLi/+Dg4P/enp6/2lpaf9iYmL/WVlZ/1xcXP9vb2//dXV1/2dnZ/9fX1//aWlp/3Jycv9ycnL/c3Nz/4ODg/+Xl5f/fHx8/1NTU/9QUFD/UVFR/1ZWVv9iYmL/ampq/3d3d/97e3v/e3t7/3p6ev91dXX/cXFx/3BwcP9wcHD/dHR0/3l5ef95eXn/enp6/25ubv9bW1v/Xl5e/2VlZf9ubm7/fn5+/3t7e/9ra2v/ZmZm/2tra/9tbW3/bW1t/21tbf9xcXH/dHR0/3t7e/+CgoL/iIiI/4+Pj/+Ghob/eHh4/3V1df9ycnL/cXFx/29vb/95eXn/lZWV/6CgoP+ioqL/oKCg/5KSkv+IiIj/gICA/3l5ef90dHT/bm5u/29vb/9xcXH/a2tr/2JiYv9gYGD/XV1d/2FhYf9ra2v/bW1t/25ubv9zc3P/g4OD/4mJif9/f3//dnZ2/2hoaP9bW1v/UVFR/0dHR/9CQkL/PDw8/zY2Nv8sLCz/Li4u/zMzM/82Njb/OTk5/zg4OP80NDT/MTEx/y8vL/8uLi7/Ly8v/zAwMP8vLy//Li4u/y4uLv8uLi7/Li4u/y8vL/8vLy//Ly8v/y8vL/8vLy//Ly8v/y8vL/8vLy//Ly8v/y8vL/8vLy//Ly8v/y8vL/8vLy//Ly8v/y8vL/8vLy//Ly8v/y8vL/8uLi7/LS0t/ywsLP8tLS3/Ly8v/y8vL/8wMDD/MDAw/y8vL/8vLy//MDAw/zExMf8wMDD/MDAw/zExMf8zMzP/MjIy/zExMf8wMDD/Li4u/y4uLv8uLi7/Ly8v/zAwMP8wMDD/Ly8v/y8vL/8wMDD/MTEx/zIyMv8zMzP/NDQ0/zQ0NP80NDT/MzMz/zQ0NP82Njb/ODg4/zw8PP89PT3/QEBA/0BAQP8/Pz//QEBA/0JCQv9DQ0P/RERE/0dHR/9UVFT/X19f/3BwcP9/f3//hISE/4mJif+goKD/vLy8/6Ojo/98fHz/enp6/3p6ev95eXn/eXl5/3t7e/+BgYH/g4OD/4KCgv+CgoL/gYGB/4WFhf+kpKT/wcHB/6Kiov+AgID/enp6/3R0dP+Hh4f/paWl/7Ozs//IyMj/y8vL/8zMzP/Dw8P/rKys/6Wlpf+mpqb/q6ur/8DAwP/Nzc3/w8PD/7m5uf+kpKT/jY2N/5SUlP+dnZ3/nZ2d/52dnf+kpKT/srKy/6ysrP+ZmZn/j4+P/319ff9zc3P/Z2dn/2BgYP9fX1//X19f/2JiYv8MDAz/DAwM/w0NDf8NDQ3/Dg4O/w4ODv8NDQ3/DQ0N/w0NDf8NDQ3/DQ0N/w0NDf8NDQ3/DQ0N/wwMDP8MDAz/DAwM/wwMDP8MDAz/DAwM/wwMDP8NDQ3/DQ0N/wwMDP8MDAz/DAwM/wwMDP8MDAz/DAwM/wwMDP8MDAz/DQ0N/w0NDf8NDQ3/DQ0N/w0NDf8NDQ3/DQ0N/w0NDf8NDQ3/DAwM/wwMDP8MDAz/DAwM/wwMDP8MDAz/DQ0N/w0NDf8ODg7/Dg4O/w0NDf8NDQ3/DAwM/wwMDP8NDQ3/DQ0N/w0NDf8ODg7/Dg4O/w0NDf8NDQ3/DAwM/wwMDP8NDQ3/DQ0N/w0NDf8NDQ3/DQ0N/w4ODv8QEBD/ERER/xISEv8TExP/FBQU/xUVFf8WFhb/FxcX/xcXF/8XFxf/FxcX/xYWFv8VFRX/FBQU/xUVFf8XFxf/FxcX/xcXF/8XFxf/FxcX/xcXF/8WFhb/FhYW/xUVFf8UFBT/FRUV/xUVFf8VFRX/FRUV/xUVFf8VFRX/FRUV/xYWFv8WFhb/FhYW/xYWFv8XFxf/FxcX/xgYGP8YGBj/GRkZ/xkZGf8ZGRn/GRkZ/xkZGf8aGhr/Ghoa/xoaGv8aGhr/Ghoa/xoaGv8aGhr/Ghoa/xsbG/8bGxv/HR0d/x0dHf8cHBz/HBwc/xsbG/8bGxv/HBwc/xwcHP8cHBz/HR0d/x4eHv8fHx//IyMj/yoqKv8sLCz/LS0t/y4uLv8yMjL/MzMz/zQ0NP83Nzf/PT09/0FBQf9BQUH/QEBA/zs7O/82Njb/Nzc3/zg4OP80NDT/Ly8v/zIyMv84ODj/Ojo6/z8/P/8+Pj7/Ojo6/zk5Of85OTn/ODg4/zY2Nv81NTX/NjY2/zY2Nv85OTn/Ozs7/z09Pf8/Pz//PT09/zs7O/86Ojr/ODg4/zg4OP85OTn/Ojo6/z8/P/9BQUH/RERE/0RERP9AQED/Pj4+/0FBQf9DQ0P/QEBA/z09Pf88PDz/PDw8/zw8PP88PDz/PDw8/z4+Pv88PDz/Ojo6/zg4OP80NDT/MjIy/zIyMv80NDT/Ozs7/z4+Pv8/Pz//Pz8//z8/P/9AQED/Pz8//z8/P/8/Pz//Pz8//0JCQv9ISEj/R0dH/0RERP9CQkL/Pz8//0BAQP9HR0f/SkpK/0tLS/9LS0v/RERE/z8/P/9AQED/QkJC/0RERP9GRkb/Q0ND/z8/P/8/Pz//Pz8//0NDQ/9MTEz/T09P/1RUVP9TU1P/TU1N/0lJSf9CQkL/Pj4+/z8/P/8/Pz//R0dH/05OTv9NTU3/TExM/0xMTP9OTk7/TExM/0lJSf9GRkb/Pj4+/z8/P/9GRkb/SUlJ/0tLS/9MTEz/TExM/0xMTP9PT0//UlJS/0xMTP9FRUX/RkZG/0hISP9LS0v/T09P/01NTf9ISEj/TExM/1VVVf9WVlb/UlJS/1RUVP9hYWH/ZWVl/11dXf9YWFj/WVlZ/1tbW/9bW1v/W1tb/11dXf9hYWH/VlZW/0dHR/9LS0v/UlJS/15eXv91dXX/c3Nz/2RkZP9gYGD/ZWVl/2ZmZv9eXl7/WFhY/1FRUf9KSkr/UlJS/1tbW/9XV1f/U1NT/1FRUf9PT0//UVFR/1RUVP9aWlr/Z2dn/2pqav9qamr/ZmZm/1dXV/9QUFD/UVFR/1JSUv9gYGD/bW1t/2xsbP9sbGz/Z2dn/2FhYf9dXV3/VlZW/11dXf9ra2v/b29v/3Nzc/90dHT/cnJy/29vb/9paWn/ZGRk/1paWv9SUlL/Tk5O/4KCgv+Pj4//nZ2d/6ampv+xsbH/q6ur/6CgoP+YmJj/i4uL/5eXl/+5ubn/urq6/6SkpP+ampr/k5OT/4yMjP9/f3//d3d3/4SEhP+RkZH/ioqK/4ODg/+Wlpb/r6+v/7Ozs/+4uLj/uLi4/7a2tv+urq7/nZ2d/5WVlf+NjY3/jIyM/5CQkP+Tk5P/k5OT/5KSkv+MjIz/hYWF/3x8fP9xcXH/goKC/5mZmf+cnJz/oKCg/6Ojo/+pqan/q6ur/6+vr/+oqKj/kpKS/4iIiP+IiIj/ioqK/5KSkv+Xl5f/iYmJ/3t7e/+CgoL/ioqK/5WVlf+lpaX/oqKi/5ycnP+Pj4//dnZ2/3V1df+BgYH/gYGB/3l5ef9zc3P/aGho/2NjY/9ubm7/d3d3/3d3d/94eHj/bGxs/15eXv9jY2P/ampq/3R0dP+EhIT/goKC/3l5ef98fHz/hoaG/42Njf+ZmZn/nJyc/5CQkP+MjIz/p6en/729vf+0tLT/q6ur/5eXl/9/f3//h4eH/5OTk/+enp7/rq6u/7i4uP/Jycn/ysrK/8TExP+7u7v/oaGh/5aWlv+VlZX/lJSU/42Njf+IiIj/oaGh/729vf+zs7P/p6en/6SkpP+fn5//np6e/52dnf+SkpL/e3t7/3h4eP99fX3/gYGB/4aGhv+Hh4f/g4OD/4CAgP+BgYH/goKC/4uLi/+VlZX/oaGh/6+vr/+jo6P/j4+P/4aGhv96enr/eHh4/3p6ev98fHz/g4OD/5GRkf+4uLj/ycnJ/7u7u/+xsbH/tLS0/7e3t/+kpKT/kJCQ/56env+xsbH/uLi4/8LCwv/FxcX/ycnJ/7u7u/+bm5v/iIiI/2pqav9fX1//X19f/19fX/9dXV3/XFxc/2BgYP9kZGT/g4OD/6Wlpf+np6f/qqqq/6enp/+hoaH/qamp/7i4uP+xsbH/m5ub/4mJif9mZmb/VlZW/0tLS/9FRUX/RkZG/0hISP9VVVX/Y2Nj/2VlZf9nZ2f/X19f/1VVVf9QUFD/SkpK/01NTf9VVVX/XV1d/2pqav9tbW3/a2tr/21tbf92dnb/e3t7/39/f/+CgoL/goKC/4GBgf+IiIj/kZGR/4mJif9+fn7/dHR0/2RkZP9tbW3/g4OD/4aGhv+Dg4P/gICA/3t7e/92dnb/bGxs/2ZmZv9oaGj/aWlp/2NjY/9dXV3/V1dX/1FRUf9SUlL/U1NT/1dXV/9eXl7/YmJi/2lpaf9qamr/aWlp/2ZmZv9bW1v/VFRU/0lJSf9DQ0P/RUVF/0dHR/9JSUn/SkpK/0xMTP9OTk7/W1tb/25ubv9lZWX/UlJS/09PT/9NTU3/TU1N/01NTf9OTk7/UlJS/1JSUv9MTEz/R0dH/0NDQ/9AQED/SEhI/1BQUP9sbGz/jY2N/3Z2dv9RUVH/SkpK/0JCQv9JSUn/WFhY/11dXf9jY2P/Y2Nj/1xcXP9WVlb/SEhI/z8/P/9CQkL/RERE/0dHR/9KSkr/SkpK/0lJSf9HR0f/RERE/0NDQ/9ERET/QkJC/z8/P/89PT3/OTk5/zk5Of88PDz/Pj4+/z8/P/8/Pz//QEBA/0BAQP9DQ0P/RkZG/0JCQv8+Pj7/Q0ND/0tLS/9QUFD/Wlpa/1ZWVv9JSUn/RERE/0BAQP8/Pz//QkJC/0RERP9JSUn/TExM/0dHR/9BQUH/Ozs7/zQ0NP82Njb/Ojo6/zs7O/88PDz/Pj4+/0JCQv8/Pz//OTk5/zg4OP84ODj/OTk5/zo6Ov86Ojr/NjY2/zMzM/8zMzP/Xl5e/29vb/+AgID/jIyM/5ycnP+hoaH/p6en/6ioqP+pqan/pqam/5+fn/+Xl5f/hISE/4CAgP+Hh4f/jY2N/5iYmP+dnZ3/g4OD/2hoaP9kZGT/YGBg/3Fxcf+Hh4f/iYmJ/4mJif+SkpL/pKSk/6Wlpf+goKD/lpaW/3p6ev9ubm7/aGho/2hoaP99fX3/jIyM/4mJif+Hh4f/kJCQ/5ubm/+np6f/t7e3/6mpqf+QkJD/f39//2NjY/9hYWH/a2tr/3Nzc/+Dg4P/iIiI/4WFhf+Dg4P/hISE/4SEhP+EhIT/hISE/25ubv9WVlb/VlZW/1hYWP9dXV3/ZWVl/2tra/90dHT/cnJy/2dnZ/9paWn/eHh4/35+fv99fX3/fHx8/3x8fP9+fn7/k5OT/6qqqv+ZmZn/hoaG/4ODg/+AgID/e3t7/3Nzc/90dHT/eXl5/319ff+Ghob/hoaG/319ff96enr/gICA/4KCgv92dnb/a2tr/2ZmZv9hYWH/ZmZm/2xsbP+EhIT/qKio/66urv+2trb/q6ur/5KSkv+Li4v/hYWF/4KCgv9/f3//enp6/2tra/9mZmb/gICA/5aWlv+FhYX/cnJy/2xsbP9lZWX/Z2dn/2pqav93d3f/jIyM/5CQkP+SkpL/lJSU/5iYmP+QkJD/dHR0/2lpaf9zc3P/fHx8/4yMjP+cnJz/mJiY/5WVlf9/f3//Y2Nj/2FhYf9eXl7/YWFh/2dnZ/9ubm7/e3t7/4WFhf+Xl5f/np6e/6CgoP+goKD/nJyc/5eXl/+Kior/fn5+/319ff98fHz/enp6/3Z2dv9/f3//i4uL/5KSkv+dnZ3/mJiY/4eHh/+IiIj/lZWV/5ycnP+mpqb/q6ur/6enp/+mpqb/tbW1/8PDw/+wsLD/m5ub/5ycnP+dnZ3/mpqa/5aWlv+QkJD/h4eH/4WFhf+Dg4P/goKC/319ff98fHz/f39//39/f/96enr/eHh4/4aGhv+UlJT/ioqK/39/f/+Tk5P/r6+v/62trf+qqqr/ra2t/7W1tf/ExMT/4uLi/9/f3/+/v7//ra2t/5mZmf+NjY3/iIiI/4SEhP+Li4v/k5OT/5eXl/+cnJz/lZWV/4yMjP+Ghob/fn5+/4+Pj/+ysrL/tra2/7CwsP+urq7/rKys/66urv+2trb/tbW1/5SUlP94eHj/Z2dn/1RUVP9VVVX/VVVV/15eXv9qamr/e3t7/5WVlf+Pj4//fHx8/29vb/9aWlr/UlJS/0tLS/9OTk7/ZWVl/3Jycv9vb2//bGxs/25ubv9wcHD/fn5+/4+Pj/+IiIj/fX19/42Njf+pqan/tbW1/8bGxv/IyMj/w8PD/7u7u/+oqKj/pKSk/7a2tv+9vb3/n5+f/4aGhv+FhYX/hISE/42Njf+YmJj/jIyM/3p6ev90dHT/a2tr/3Jycv+EhIT/iYmJ/42Njf+RkZH/mpqa/5ubm/+Ojo7/h4eH/4qKiv+NjY3/oaGh/7W1tf+kpKT/jo6O/4KCgv9wcHD/dnZ2/4KCgv+JiYn/kpKS/5aWlv+ampr/n5+f/6urq/+vr6//oqKi/5ubm/+enp7/oqKi/5WVlf+IiIj/h4eH/4aGhv9/f3//dXV1/4KCgv+ampr/srKy/9/f3//q6ur/6enp/+Li4v/Ozs7/vr6+/6Wlpf+Xl5f/s7Oz/83Nzf+/v7//sLCw/6Wlpf+Wlpb/qKio/8TExP+1tbX/lZWV/5OTk/+bm5v/nZ2d/52dnf+fn5//pKSk/6Kiov+MjIz/fHx8/39/f/9ZWVn/WFhY/1dXV/9lZWX/eHh4/3Fxcf9lZWX/XV1d/09PT/9LS0v/R0dH/0ZGRv9ISEj/S0tL/1ZWVv9dXV3/X19f/2FhYf9aWlr/U1NT/1paWv9iYmL/ZmZm/2xsbP9paWn/ZWVl/2FhYf9aWlr/VlZW/09PT/9OTk7/UFBQ/1JSUv9YWFj/W1tb/1paWv9aWlr/YGBg/2ZmZv9jY2P/YGBg/15eXv9bW1v/ampq/4ODg/9/f3//cnJy/2xsbP9kZGT/YWFh/2FhYf9jY2P/bW1t/3R0dP97e3v/gYGB/4aGhv+Kior/fHx8/2tra/9oaGj/Y2Nj/21tbf9+fn7/fn5+/3l5ef90dHT/ampq/2dnZ/9qamr/aWlp/2FhYf9eXl7/ampq/3Nzc/90dHT/dXV1/2hoaP9XV1f/WVlZ/1xcXP9fX1//YmJi/2dnZ/9vb2//eHh4/4iIiP+Hh4f/dXV1/21tbf9tbW3/bW1t/2dnZ/9iYmL/a2tr/3Nzc/9vb2//aWlp/2pqav9sbGz/ampq/2dnZ/9jY2P/Wlpa/1paWv9dXV3/Y2Nj/3Nzc/95eXn/dHR0/3Fxcf9xcXH/cnJy/29vb/9tbW3/cXFx/3d3d/9xcXH/Z2dn/2lpaf9tbW3/ampq/2NjY/9mZmb/cXFx/3V1df93d3f/enp6/4CAgP+Dg4P/eXl5/3BwcP9ycnL/dXV1/35+fv+Kior/fn5+/2lpaf9oaGj/aWlp/2lpaf9paWn/aGho/2ZmZv9paWn/dHR0/3l5ef91dXX/cXFx/2tra/9mZmb/aWlp/2xsbP9xcXH/eHh4/3p6ev97e3v/eXl5/3V1df9wcHD/ZmZm/2tra/+AgID/ioqK/5GRkf+UlJT/kpKS/4+Pj/+CgoL/dXV1/2xsbP9hYWH/YGBg/19fX/9hYWH/ZWVl/2RkZP9hYWH/X19f/15eXv9kZGT/dXV1/39/f/+JiYn/jIyM/4CAgP93d3f/b29v/2ZmZv9bW1v/TU1N/0VFRf86Ojr/NTU1/y0tLf8vLy//NTU1/zc3N/83Nzf/NjY2/zIyMv8wMDD/Li4u/y0tLf8uLi7/Li4u/y4uLv8uLi7/Li4u/y8vL/8vLy//MDAw/zAwMP8xMTH/MTEx/zMzM/8zMzP/NDQ0/zMzM/8yMjL/MTEx/y8vL/8uLi7/Li4u/y4uLv8uLi7/Li4u/y8vL/8vLy//Ly8v/y8vL/8uLi7/LCws/y0tLf8vLy//MDAw/zExMf8xMTH/MDAw/zAwMP8wMDD/MDAw/zAwMP8wMDD/MTEx/zIyMv8xMTH/Ly8v/y8vL/8uLi7/Li4u/y8vL/8vLy//Ly8v/y8vL/8uLi7/Ly8v/y8vL/8wMDD/MTEx/zExMf8yMjL/MzMz/zMzM/80NDT/NDQ0/zU1Nf84ODj/Ozs7/z09Pf9AQED/RERE/01NTf9NTU3/SkpK/0lJSf9GRkb/SkpK/19fX/9xcXH/jIyM/6Ojo/+hoaH/np6e/6enp/+ysrL/oaGh/4aGhv+MjIz/mZmZ/5SUlP+Hh4f/iIiI/5KSkv+Tk5P/i4uL/4iIiP+JiYn/jIyM/5mZmf+kpKT/j4+P/3h4eP9zc3P/a2tr/3p6ev+QkJD/lpaW/5+fn/+lpaX/sbGx/7W1tf+6urr/tra2/6Ojo/+cnJz/p6en/62trf+ioqL/l5eX/5WVlf+SkpL/kJCQ/46Ojv+Kior/g4OD/4WFhf+Kior/iIiI/4ODg/9/f3//eHh4/3Jycv9nZ2f/YWFh/15eXv9cXFz/XV1d/wwMDP8MDAz/DAwM/w0NDf8NDQ3/DQ0N/w0NDf8NDQ3/Dg4O/w0NDf8NDQ3/DQ0N/w0NDf8MDAz/DAwM/wsLC/8LCwv/CwsL/wwMDP8MDAz/DAwM/wwMDP8MDAz/DAwM/wwMDP8MDAz/DAwM/wwMDP8MDAz/DAwM/wsLC/8MDAz/DAwM/wwMDP8MDAz/DAwM/wwMDP8NDQ3/DQ0N/w0NDf8MDAz/DAwM/wwMDP8MDAz/DAwM/wwMDP8MDAz/DQ0N/w0NDf8NDQ3/DQ0N/w0NDf8MDAz/DAwM/wwMDP8MDAz/DQ0N/w0NDf8NDQ3/DQ0N/w0NDf8MDAz/DAwM/wwMDP8NDQ3/DQ0N/w4ODv8PDw//EBAQ/xISEv8TExP/FBQU/xQUFP8VFRX/FhYW/xYWFv8WFhb/FhYW/xYWFv8WFhb/FhYW/xYWFv8VFRX/FRUV/xYWFv8WFhb/FhYW/xcXF/8XFxf/FxcX/xYWFv8WFhb/FRUV/xUVFf8VFRX/FhYW/xYWFv8WFhb/FhYW/xcXF/8XFxf/FxcX/xcXF/8XFxf/FxcX/xcXF/8XFxf/FxcX/xcXF/8YGBj/GBgY/xgYGP8YGBj/GRkZ/xkZGf8ZGRn/GRkZ/xkZGf8ZGRn/Ghoa/xoaGv8aGhr/Gxsb/xsbG/8cHBz/HBwc/xwcHP8cHBz/Gxsb/xsbG/8cHBz/HBwc/xwcHP8cHBz/HR0d/x4eHv8jIyP/KSkp/ysrK/8uLi7/MTEx/zY2Nv82Njb/NjY2/zY2Nv84ODj/OTk5/zg4OP83Nzf/MzMz/y8vL/8wMDD/MTEx/zMzM/80NDT/NTU1/zc3N/85OTn/PT09/z09Pf89PT3/PDw8/zk5Of84ODj/Nzc3/zg4OP85OTn/Ojo6/zo6Ov86Ojr/Ojo6/zk5Of83Nzf/NTU1/zQ0NP8yMjL/MjIy/zMzM/80NDT/NjY2/zc3N/86Ojr/Ozs7/z09Pf8+Pj7/Pz8//z8/P/88PDz/OTk5/zc3N/81NTX/Nzc3/zk5Of8/Pz//SEhI/0pKSv9LS0v/SEhI/z8/P/87Ozv/Nzc3/zc3N/8+Pj7/QUFB/0BAQP8/Pz//RUVF/0tLS/9LS0v/S0tL/0pKSv9JSUn/SEhI/0ZGRv9FRUX/Q0ND/0FBQf8+Pj7/Pz8//0RERP9ISEj/TExM/05OTv9LS0v/SUlJ/0dHR/9GRkb/SEhI/0pKSv9LS0v/TU1N/01NTf9MTEz/TU1N/1BQUP9RUVH/UlJS/1FRUf9OTk7/S0tL/0dHR/9FRUX/SUlJ/01NTf9RUVH/VFRU/1ZWVv9ZWVn/WVlZ/1lZWf9VVVX/TU1N/0xMTP9LS0v/S0tL/0pKSv9JSUn/RkZG/0ZGRv9KSkr/T09P/11dXf9paWn/Xl5e/1NTU/9VVVX/V1dX/1hYWP9ZWVn/VFRU/0tLS/9LS0v/Tk5O/0xMTP9HR0f/SEhI/1FRUf9VVVX/VlZW/1ZWVv9VVVX/VFRU/1dXV/9ZWVn/WVlZ/1lZWf9UVFT/TExM/1BQUP9XV1f/Wlpa/11dXf9cXFz/Wlpa/11dXf9paWn/bW1t/2RkZP9eXl7/V1dX/1JSUv9ZWVn/YGBg/11dXf9aWlr/VVVV/05OTv9NTU3/TU1N/1JSUv9cXFz/YGBg/2JiYv9jY2P/Y2Nj/2JiYv9hYWH/YWFh/2ZmZv9ra2v/bGxs/21tbf95eXn/iYmJ/3x8fP9mZmb/bGxs/3l5ef92dnb/ampq/2ZmZv9jY2P/YWFh/2FhYf9hYWH/YmJi/2NjY/9eXl7/ioqK/5mZmf+pqan/qKio/6Wlpf+dnZ3/kpKS/5CQkP+QkJD/pKSk/9HR0f/Ly8v/nJyc/4uLi/+NjY3/i4uL/3x8fP9ycnL/hYWF/5iYmP+YmJj/mZmZ/7Gxsf/Q0ND/1dXV/9vb2//g4OD/6Ojo/9LS0v+dnZ3/i4uL/4GBgf+BgYH/j4+P/5SUlP+Hh4f/fX19/4CAgP+CgoL/fn5+/3l5ef+UlJT/ubm5/76+vv/CwsL/v7+//7m5uf+6urr/v7+//7i4uP+goKD/k5OT/4eHh/9+fn7/cHBw/2VlZf9mZmb/ZmZm/3p6ev+SkpL/oKCg/7Ozs/+2trb/ubm5/6ampv9/f3//cnJy/2ZmZv9hYWH/YGBg/19fX/9gYGD/Y2Nj/3h4eP+Kior/hYWF/4GBgf9vb2//WVlZ/2RkZP90dHT/hoaG/6Ojo/+ampr/goKC/4CAgP+Ghob/j4+P/6Wlpf+srKz/nZ2d/5qamv/CwsL/5OTk/8/Pz/+5ubn/mpqa/3Nzc/9wcHD/bW1t/4qKiv+8vLz/zs7O/+fn5//d3d3/t7e3/6Wlpf+RkZH/ioqK/5aWlv+dnZ3/nZ2d/56env/BwcH/5+fn/9HR0f+2trb/mJiY/2tra/9oaGj/aGho/21tbf94eHj/gYGB/5SUlP+Wlpb/i4uL/4aGhv+Dg4P/gICA/3R0dP9paWn/gYGB/5ubm/+1tbX/1NTU/8TExP+qqqr/nZ2d/4iIiP+Dg4P/gYGB/319ff9zc3P/fHx8/6SkpP+3t7f/srKy/66urv+wsLD/sbGx/6ampv+ampr/tLS0/9XV1f/Y2Nj/2dnZ/+Hh4f/u7u7/39/f/7q6uv+hoaH/dnZ2/2ZmZv9mZmb/ZmZm/2FhYf9eXl7/XV1d/11dXf+Ghob/tLS0/76+vv/Kysr/y8vL/8zMzP/X19f/7Ozs/+Hh4f/CwsL/pKSk/2lpaf9QUFD/RkZG/0FBQf9ISEj/Tk5O/2BgYP9zc3P/bW1t/2dnZ/9bW1v/TExM/0pKSv9ISEj/SEhI/0lJSf9PT0//Xl5e/2FhYf9hYWH/Z2dn/35+fv+Kior/g4OD/319ff90dHT/bGxs/4WFhf+ioqL/mJiY/4qKiv9/f3//cHBw/3p6ev+QkJD/j4+P/4GBgf96enr/cHBw/2pqav9kZGT/YGBg/2NjY/9mZmb/YmJi/19fX/9bW1v/VlZW/1VVVf9UVFT/WVlZ/2FhYf9nZ2f/cnJy/21tbf9cXFz/VlZW/1BQUP9MTEz/RkZG/0JCQv9DQ0P/RERE/0JCQv9AQED/RkZG/01NTf9lZWX/iIiI/3p6ev9dXV3/WFhY/1RUVP9SUlL/UFBQ/1JSUv9dXV3/XV1d/0xMTP9CQkL/QEBA/z4+Pv9HR0f/UFBQ/29vb/+UlJT/enp6/1JSUv9MTEz/RkZG/01NTf9dXV3/Xl5e/1paWv9ZWVn/WFhY/1VVVf9ISEj/QUFB/0VFRf9JSUn/RUVF/0JCQv8/Pz//PDw8/0BAQP9FRUX/SUlJ/09PT/9NTU3/SEhI/0RERP89PT3/OTk5/zQ0NP8yMjL/Nzc3/zs7O/9DQ0P/SkpK/09PT/9UVFT/S0tL/0BAQP9FRUX/TU1N/1RUVP9eXl7/WFhY/0lJSf9DQ0P/PT09/z09Pf9CQkL/RkZG/01NTf9RUVH/SEhI/0BAQP84ODj/MDAw/zMzM/82Njb/ODg4/zo6Ov8+Pj7/RUVF/0JCQv84ODj/NTU1/zQ0NP80NDT/Nzc3/zg4OP8yMjL/Li4u/y4uLv9aWlr/ZmZm/3R0dP+Dg4P/l5eX/6enp/+9vb3/xcXF/9HR0f/IyMj/sbGx/6Kiov+Hh4f/gYGB/5GRkf+dnZ3/rKys/7S0tP+SkpL/cHBw/2dnZ/9dXV3/Y2Nj/2pqav94eHj/jo6O/6ampv/Q0ND/09PT/8rKyv+5ubn/kJCQ/35+fv93d3f/eHh4/5WVlf+pqan/l5eX/4WFhf+Ojo7/mJiY/6ioqP+9vb3/rKys/46Ojv96enr/WVlZ/1paWv9qamr/cnJy/319ff9/f3//cnJy/21tbf95eXn/goKC/3V1df9oaGj/XFxc/05OTv9PT0//UFBQ/1hYWP9kZGT/a2tr/3Z2dv9wcHD/XV1d/19fX/90dHT/e3t7/3V1df9ycnL/dXV1/3p6ev+cnJz/wcHB/7CwsP+dnZ3/mZmZ/5WVlf+Li4v/e3t7/3V1df9sbGz/bW1t/3Nzc/90dHT/cnJy/3BwcP9sbGz/aWlp/2RkZP9gYGD/YGBg/2FhYf9lZWX/aWlp/4WFhf+vr6//srKy/7Kysv+qqqr/mZmZ/4uLi/9ycnL/ZWVl/1ZWVv9RUVH/WFhY/2JiYv+Hh4f/p6en/4uLi/9ubm7/ZWVl/1paWv9XV1f/VFRU/1paWv9lZWX/b29v/39/f/+EhIT/h4eH/4KCgv9ubm7/ZmZm/21tbf90dHT/iIiI/5ubm/+lpaX/sLCw/5OTk/9tbW3/Z2dn/2FhYf9mZmb/cXFx/3Nzc/92dnb/eXl5/4CAgP+Dg4P/iYmJ/4+Pj/+goKD/qKio/5KSkv98fHz/fX19/35+fv94eHj/cnJy/3p6ev+Hh4f/kpKS/6Wlpf+dnZ3/hISE/4KCgv+Ojo7/mJiY/6qqqv+0tLT/tLS0/7W1tf+0tLT/tLS0/6Ojo/+QkJD/np6e/7Kysv+goKD/goKC/4GBgf+FhYX/iYmJ/5GRkf+NjY3/fn5+/3Z2dv9ubm7/bGxs/3Nzc/97e3v/kpKS/6mpqf+QkJD/dXV1/4CAgP+Pj4//n5+f/7i4uP+6urr/urq6/8fHx//j4+P/39/f/8DAwP+urq7/mJiY/42Njf+SkpL/l5eX/6SkpP+ysrL/srKy/7Ozs/+rq6v/oaGh/52dnf+Xl5f/rq6u/93d3f/d3d3/ycnJ/8LCwv++vr7/wsLC/9nZ2f/f39//tLS0/4+Pj/9xcXH/UlJS/1VVVf9YWFj/Y2Nj/3Nzc/+Pj4//vLy8/7CwsP+Ojo7/e3t7/11dXf9RUVH/SEhI/0dHR/9PT0//VFRU/1VVVf9WVlb/WVlZ/1xcXP9tbW3/goKC/3l5ef9ra2v/f39//6Kiov+oqKj/rKys/6mpqf+hoaH/m5ub/5KSkv+RkZH/oKCg/6Wlpf+NjY3/eXl5/3p6ev96enr/ioqK/52dnf+Pj4//enp6/3Nzc/9qamr/eHh4/5mZmf+ioqL/qamp/6+vr/+6urr/urq6/6ioqP+enp7/pKSk/6urq/+8vLz/zs7O/6ioqP96enr/b29v/2BgYP9oaGj/eHh4/4eHh/+goKD/rKys/7q6uv/CwsL/zs7O/9DQ0P+9vb3/sbGx/6+vr/+srKz/n5+f/5CQkP+ampr/pqam/5mZmf+Ghob/k5OT/6ysrP+/v7//4eHh/+np6f/q6ur/5+fn/9nZ2f/MzMz/rq6u/52dnf+9vb3/29vb/9LS0v/IyMj/urq6/6ioqP+6urr/19fX/8LCwv+Xl5f/mpqa/7CwsP+3t7f/vLy8/7y8vP+2trb/ra2t/46Ojv95eXn/gYGB/2RkZP9cXFz/UlJS/1hYWP9gYGD/Xl5e/1paWv9VVVX/TU1N/0lJSf9FRUX/Q0ND/0NDQ/9HR0f/WVlZ/2JiYv9iYmL/YmJi/1xcXP9XV1f/Wlpa/11dXf9lZWX/b29v/21tbf9oaGj/ZGRk/11dXf9aWlr/VFRU/1RUVP9ZWVn/Wlpa/1tbW/9aWlr/VVVV/1JSUv9aWlr/YmJi/2JiYv9iYmL/YGBg/11dXf90dHT/mJiY/5SUlP+EhIT/fHx8/3Fxcf9sbGz/ZWVl/2NjY/9nZ2f/ampq/3Jycv95eXn/ioqK/5ubm/+IiIj/cHBw/2tra/9jY2P/cHBw/4WFhf+FhYX/f39//3d3d/9nZ2f/ZWVl/29vb/9wcHD/ZGRk/11dXf9mZmb/bm5u/3d3d/+AgID/bm5u/1dXV/9SUlL/TExM/05OTv9UVFT/Xl5e/3Fxcf+AgID/m5ub/5mZmf95eXn/ampq/2RkZP9hYWH/YGBg/19fX/9mZmb/bW1t/2ZmZv9dXV3/WVlZ/1NTU/9TU1P/U1NT/1JSUv9QUFD/VFRU/2BgYP9oaGj/dnZ2/319ff9+fn7/fn5+/3h4eP9ycnL/bW1t/2hoaP9lZWX/YGBg/2lpaf92dnb/e3t7/4KCgv95eXn/ZGRk/2NjY/9sbGz/cHBw/3V1df97e3v/iYmJ/5GRkf+AgID/cHBw/3Fxcf9ycnL/goKC/5aWlv+JiYn/c3Nz/3BwcP9sbGz/ZmZm/1lZWf9aWlr/Y2Nj/2tra/97e3v/gYGB/3t7e/90dHT/aGho/1tbW/9bW1v/XFxc/2FhYf9oaGj/cHBw/319ff98fHz/d3d3/29vb/9fX1//YWFh/3Fxcf95eXn/hISE/4uLi/+SkpL/lZWV/4SEhP9zc3P/ZmZm/1dXV/9UVFT/UVFR/1paWv9nZ2f/Z2dn/2RkZP9fX1//VVVV/1xcXP96enr/h4eH/42Njf+Ojo7/gYGB/3d3d/9zc3P/b29v/2FhYf9SUlL/R0dH/zk5Of80NDT/Li4u/zAwMP83Nzf/Nzc3/zU1Nf80NDT/MDAw/y8vL/8uLi7/LS0t/y0tLf8tLS3/Li4u/y4uLv8uLi7/Ly8v/zAwMP8xMTH/MTEx/zIyMv8zMzP/NjY2/zY2Nv83Nzf/NjY2/zQ0NP8yMjL/MDAw/y4uLv8uLi7/Li4u/y4uLv8uLi7/Li4u/y8vL/8vLy//Ly8v/y4uLv8sLCz/LS0t/y8vL/8wMDD/MTEx/zIyMv8wMDD/MDAw/zAwMP8wMDD/MDAw/zAwMP8xMTH/MjIy/zAwMP8uLi7/Li4u/y4uLv8uLi7/Ly8v/y8vL/8uLi7/Li4u/y4uLv8uLi7/Ly8v/y8vL/8wMDD/MDAw/zIyMv8zMzP/MzMz/zQ0NP80NDT/NTU1/zc3N/87Ozv/PT09/0BAQP9HR0f/V1dX/1dXV/9QUFD/TU1N/0hISP9MTEz/Z2dn/35+fv+fn5//vb29/7W1tf+tra3/rKys/6urq/+fn5//jY2N/5iYmP+urq7/p6en/5GRkf+RkZH/np6e/56env+RkZH/jIyM/4+Pj/+SkpL/kZGR/4+Pj/+CgoL/c3Nz/21tbf9lZWX/cHBw/4CAgP+BgYH/goKC/4uLi/+enp7/rKys/8TExP/Dw8P/oaGh/5KSkv+VlZX/l5eX/4uLi/9/f3//ioqK/5aWlv+Ojo7/hISE/3x8fP9xcXH/b29v/21tbf9vb2//cnJy/3Nzc/90dHT/cXFx/2dnZ/9hYWH/XV1d/1paWv9aWlr/DAwM/wwMDP8MDAz/DAwM/w0NDf8NDQ3/DQ0N/w0NDf8ODg7/Dg4O/w0NDf8NDQ3/DAwM/wwMDP8LCwv/CwsL/wsLC/8LCwv/DAwM/wwMDP8MDAz/DAwM/wwMDP8MDAz/DAwM/wwMDP8MDAz/DAwM/wwMDP8LCwv/CwsL/wsLC/8LCwv/DAwM/wwMDP8MDAz/DAwM/w0NDf8NDQ3/DQ0N/wwMDP8MDAz/DAwM/wwMDP8MDAz/DAwM/wwMDP8MDAz/DQ0N/w0NDf8NDQ3/DQ0N/wwMDP8MDAz/DAwM/wwMDP8MDAz/DAwM/wwMDP8NDQ3/DQ0N/wwMDP8MDAz/DAwM/w0NDf8ODg7/Dg4O/xAQEP8RERH/ExMT/xQUFP8VFRX/FRUV/xYWFv8WFhb/FhYW/xYWFv8WFhb/FhYW/xYWFv8WFhb/FhYW/xYWFv8WFhb/FRUV/xUVFf8WFhb/FhYW/xcXF/8XFxf/FhYW/xYWFv8VFRX/FRUV/xYWFv8WFhb/FhYW/xcXF/8XFxf/GBgY/xgYGP8YGBj/GBgY/xgYGP8YGBj/FxcX/xcXF/8WFhb/FhYW/xcXF/8YGBj/GBgY/xgYGP8YGBj/GBgY/xgYGP8YGBj/GBgY/xkZGf8ZGRn/Ghoa/xoaGv8bGxv/Gxsb/xwcHP8cHBz/HBwc/xwcHP8bGxv/Gxsb/xwcHP8cHBz/HBwc/xwcHP8dHR3/Hh4e/yIiIv8nJyf/Kioq/y4uLv8yMjL/ODg4/zk5Of83Nzf/NjY2/zQ0NP80NDT/MjIy/zExMf8tLS3/Kioq/ysrK/8tLS3/MjIy/zg4OP83Nzf/NjY2/zg4OP87Ozv/PT09/z8/P/89PT3/OTk5/zc3N/84ODj/OTk5/zs7O/88PDz/Ozs7/zo6Ov83Nzf/NDQ0/zMzM/8xMTH/MDAw/y4uLv8uLi7/Ly8v/y8vL/8wMDD/MTEx/zIyMv81NTX/Ozs7/z4+Pv89PT3/PDw8/zk5Of82Njb/MzMz/zAwMP8zMzP/Nzc3/0FBQf9QUFD/VFRU/1dXV/9TU1P/R0dH/0FBQf87Ozv/Ojo6/0BAQP9DQ0P/QUFB/0BAQP9JSUn/U1NT/1NTU/9UVFT/UlJS/1BQUP9LS0v/RERE/0NDQ/9CQkL/QUFB/z09Pf8+Pj7/QkJC/0ZGRv9MTEz/UFBQ/1BQUP9QUFD/TExM/0lJSf9LS0v/TU1N/1FRUf9YWFj/V1dX/1ZWVv9VVVX/UlJS/1JSUv9RUVH/UFBQ/09PT/9NTU3/SkpK/0lJSf9RUVH/V1dX/1hYWP9ZWVn/XV1d/2JiYv9iYmL/YmJi/1tbW/9QUFD/UVFR/1RUVP9TU1P/TU1N/0lJSf9DQ0P/QkJC/0lJSf9RUVH/Z2dn/3l5ef9ra2v/XV1d/19fX/9iYmL/YWFh/2BgYP9ZWVn/Tk5O/0tLS/9ISEj/RUVF/z8/P/8/Pz//RUVF/0lJSf9QUFD/VVVV/1JSUv9PT0//U1NT/1hYWP9WVlb/VFRU/1JSUv9QUFD/VFRU/1tbW/9XV1f/S0tL/0xMTP9TU1P/Wlpa/2xsbP9ycnL/aGho/2FhYf9dXV3/WFhY/15eXv9kZGT/YmJi/19fX/9YWFj/Tk5O/0tLS/9ISEj/TExM/1VVVf9ZWVn/XFxc/2BgYP9ra2v/cHBw/21tbf9sbGz/a2tr/2pqav9sbGz/bW1t/4aGhv+lpaX/kpKS/3Jycv92dnb/hISE/3t7e/9kZGT/XV1d/1hYWP9YWFj/XFxc/2BgYP9paWn/b29v/2lpaf+VlZX/k5OT/5CQkP+UlJT/mpqa/5KSkv+EhIT/gICA/3p6ev+Hh4f/p6en/6urq/+ioqL/nJyc/5CQkP+JiYn/g4OD/4CAgP+IiIj/kZGR/5eXl/+dnZ3/rq6u/8XFxf++vr7/sbGx/7a2tv/BwcH/tLS0/5GRkf+Hh4f/g4OD/4yMjP+xsbH/xMTE/729vf+1tbX/m5ub/4CAgP+CgoL/hYWF/4mJif+QkJD/l5eX/6SkpP+zs7P/zc3N/8/Pz//Jycn/vb29/6CgoP+Wlpb/m5ub/5ubm/+FhYX/c3Nz/2pqav9hYWH/d3d3/5CQkP+mpqb/xcXF/7y8vP+qqqr/oaGh/5SUlP+Hh4f/bW1t/2JiYv9YWFj/VFRU/1ZWVv9aWlr/b29v/4CAgP99fX3/enp6/3R0dP9sbGz/cnJy/3p6ev+BgYH/jIyM/4eHh/96enr/enp6/39/f/+BgYH/gYGB/4GBgf9+fn7/gYGB/5iYmP+srKz/m5ub/4mJif96enr/aGho/2tra/9wcHD/fHx8/4+Pj/+fn5//ubm5/7y8vP+2trb/qamp/4iIiP95eXn/eXl5/3p6ev+CgoL/iYmJ/5ycnP+wsLD/oKCg/4yMjP9+fn7/ampq/2xsbP9ycnL/dnZ2/3t7e/+BgYH/jY2N/5CQkP+QkJD/jIyM/35+fv90dHT/bm5u/2lpaf+QkJD/ubm5/7m5uf+4uLj/tra2/7Gxsf+srKz/oqKi/6CgoP+enp7/k5OT/3Z2dv9zc3P/ioqK/5iYmP+mpqb/srKy/8HBwf/Ozs7/uLi4/6CgoP+lpaX/ra2t/7S0tP+9vb3/x8fH/9jY2P/Jycn/oqKi/4uLi/9mZmb/WFhY/1RUVP9TU1P/VVVV/1dXV/9aWlr/XFxc/3V1df+RkZH/nZ2d/6ysrP+2trb/xcXF/8rKyv/T09P/x8fH/6qqqv+Xl5f/dXV1/2VlZf9ZWVn/U1NT/1NTU/9UVFT/YmJi/3BwcP9paWn/YWFh/1tbW/9SUlL/UVFR/09PT/9NTU3/S0tL/01NTf9TU1P/Wlpa/2hoaP91dXX/kZGR/5+fn/+Wlpb/jIyM/3h4eP9jY2P/cHBw/35+fv9+fn7/fn5+/3h4eP9ubm7/b29v/3R0dP9zc3P/cHBw/21tbf9oaGj/ZGRk/19fX/9cXFz/W1tb/1tbW/9hYWH/aGho/2VlZf9gYGD/Wlpa/1JSUv9YWFj/YmJi/21tbf+BgYH/gYGB/3p6ev9xcXH/XV1d/1RUVP9RUVH/T09P/0xMTP9KSkr/RERE/z09Pf9AQED/RERE/1RUVP9qamr/YmJi/1FRUf9OTk7/SkpK/0pKSv9LS0v/UVFR/2FhYf9jY2P/T09P/0JCQv8+Pj7/Ozs7/0JCQv9JSUn/W1tb/3Fxcf9nZ2f/WFhY/1RUVP9PT0//UVFR/1hYWP9ZWVn/WVlZ/1hYWP9YWFj/VVVV/0hISP9AQED/RERE/0ZGRv9AQED/Ojo6/zo6Ov87Ozv/R0dH/1lZWf9dXV3/Y2Nj/1xcXP9LS0v/Q0ND/zk5Of80NDT/Ly8v/y4uLv8zMzP/Nzc3/z8/P/9HR0f/SUlJ/0tLS/9ISEj/RERE/0ZGRv9JSUn/SUlJ/0lJSf9GRkb/Pz8//z09Pf88PDz/PT09/0BAQP9CQkL/RERE/0VFRf9CQkL/Pz8//zs7O/83Nzf/OTk5/zs7O/89PT3/QEBA/0NDQ/9HR0f/RUVF/z8/P/88PDz/Ojo6/zk5Of82Njb/MzMz/y8vL/8sLCz/LCws/2ZmZv9oaGj/aWlp/39/f/+cnJz/np6e/5+fn/+mpqb/tLS0/66urv+cnJz/j4+P/3l5ef91dXX/hYWF/4+Pj/+cnJz/oqKi/4eHh/9sbGz/bW1t/29vb/+IiIj/qqqq/6qqqv+np6f/qqqq/7CwsP+ysrL/tra2/6+vr/+Wlpb/iIiI/3l5ef90dHT/hYWF/5OTk/+ZmZn/n5+f/6CgoP+goKD/nJyc/5eXl/+YmJj/mpqa/4yMjP9wcHD/a2tr/2tra/9vb2//enp6/4ODg/+UlJT/oaGh/7Gxsf+8vLz/qamp/5aWlv99fX3/YGBg/2FhYf9kZGT/YGBg/1lZWf9aWlr/XV1d/1xcXP9ZWVn/Xl5e/3Fxcf96enr/fX19/39/f/+FhYX/jIyM/6Wlpf+/v7//s7Oz/6SkpP+cnJz/kJCQ/4aGhv93d3f/dnZ2/3p6ev+AgID/jIyM/4uLi/99fX3/dHR0/2dnZ/9eXl7/WVlZ/1RUVP9XV1f/Wlpa/2JiYv9sbGz/goKC/6Ghof+urq7/v7+//7S0tP+Xl5f/ioqK/3d3d/9tbW3/YGBg/1paWv9bW1v/YWFh/4qKiv+urq7/mpqa/4SEhP9/f3//enp6/3BwcP9iYmL/ZGRk/2pqav91dXX/i4uL/5SUlP+dnZ3/nJyc/4+Pj/+IiIj/iYmJ/4uLi/+SkpL/mZmZ/5WVlf+RkZH/fHx8/2JiYv9gYGD/YGBg/2dnZ/90dHT/eHh4/3x8fP99fX3/f39//4KCgv+MjIz/lZWV/6qqqv+3t7f/ra2t/6Ojo/+mpqb/qamp/5iYmP+CgoL/iYmJ/5WVlf+enp7/rKys/62trf+qqqr/oqKi/4+Pj/+Kior/kJCQ/5WVlf+bm5v/oKCg/6ioqP+wsLD/sbGx/7Gxsf+xsbH/sLCw/56env+BgYH/gICA/4KCgv+Dg4P/hYWF/4iIiP+QkJD/kJCQ/4WFhf+AgID/h4eH/42Njf+VlZX/np6e/5KSkv+Dg4P/jo6O/52dnf+wsLD/zc3N/9DQ0P/Q0ND/ysrK/7y8vP+4uLj/tra2/6+vr/+ampr/kpKS/6Kiov+vr6//tbW1/7u7u/+qqqr/lpaW/4+Pj/+FhYX/gICA/3p6ev+Hh4f/pKSk/6ampv+fn5//nZ2d/52dnf+jo6P/ubm5/8HBwf+pqan/k5OT/3h4eP9dXV3/XV1d/11dXf9mZmb/dHR0/5SUlP/Hx8f/urq6/5OTk/+AgID/Y2Nj/11dXf9lZWX/ZmZm/19fX/9bW1v/Xl5e/2FhYf9qamr/c3Nz/4WFhf+ampr/iYmJ/29vb/92dnb/hISE/4ODg/9+fn7/e3t7/3l5ef94eHj/enp6/3x8fP+Dg4P/h4eH/4CAgP97e3v/e3t7/3t7e/+Li4v/nZ2d/6Ghof+mpqb/oqKi/5qamv+Wlpb/kpKS/5CQkP+Pj4//kZGR/5iYmP+ZmZn/kZGR/4yMjP+Ojo7/kJCQ/6SkpP+5ubn/p6en/5CQkP+Ghob/d3d3/4CAgP+SkpL/mZmZ/6SkpP+qqqr/s7Oz/7u7u//MzMz/0NDQ/7q6uv+qqqr/oaGh/5mZmf+bm5v/nZ2d/6SkpP+srKz/paWl/5ubm/+jo6P/s7Oz/7m5uf/AwMD/yMjI/9ra2v/h4eH/4+Pj/+Dg4P/Hx8f/tbW1/7Ozs/+xsbH/q6ur/6ampv+vr6//vLy8/8fHx//X19f/v7+//5CQkP+MjIz/k5OT/5eXl/+fn5//p6en/7u7u//AwMD/qamp/5iYmP+Xl5f/aGho/2FhYf9aWlr/W1tb/1xcXP9bW1v/Wlpa/1tbW/9dXV3/W1tb/1dXV/9VVVX/VlZW/1hYWP9fX1//Y2Nj/2RkZP9lZWX/YmJi/2BgYP9fX1//X19f/2NjY/9oaGj/Z2dn/2VlZf9hYWH/WVlZ/1dXV/9XV1f/WFhY/11dXf9fX1//Xl5e/15eXv9fX1//YmJi/25ubv97e3v/e3t7/3t7e/9wcHD/YWFh/2dnZ/90dHT/c3Nz/21tbf9ra2v/aGho/2hoaP9ra2v/a2tr/2RkZP9hYWH/ZGRk/2ZmZv9wcHD/enp6/3R0dP9ubm7/ampq/2RkZP9mZmb/ampq/2tra/9tbW3/ampq/2FhYf9fX1//YWFh/2BgYP9bW1v/WVlZ/1xcXP9eXl7/X19f/2BgYP9WVlb/S0tL/01NTf9QUFD/Wlpa/2pqav9zc3P/gICA/4WFhf+JiYn/goKC/2xsbP9hYWH/Wlpa/1ZWVv9bW1v/YGBg/2tra/94eHj/enp6/3x8fP92dnb/bGxs/2dnZ/9fX1//YGBg/2RkZP9nZ2f/bGxs/3Nzc/+Hh4f/kZGR/5OTk/+Tk5P/jY2N/4aGhv93d3f/Z2dn/2pqav9ubm7/cnJy/3l5ef92dnb/cHBw/2xsbP9kZGT/ZGRk/2hoaP9vb2//gYGB/4yMjP+Wlpb/mZmZ/4ODg/9ubm7/a2tr/2hoaP9ycnL/f39//3V1df9mZmb/ZmZm/2dnZ/9lZWX/X19f/2FhYf9qamr/cHBw/3p6ev9+fn7/e3t7/3d3d/9ra2v/X19f/1xcXP9ZWVn/Wlpa/11dXf9hYWH/aGho/2pqav9tbW3/ampq/2JiYv9nZ2f/e3t7/4KCgv+AgID/fn5+/3l5ef91dXX/ampq/2BgYP9ZWVn/UlJS/1NTU/9VVVX/YGBg/3Jycv9wcHD/aGho/2JiYv9VVVX/WVlZ/2tra/9zc3P/dXV1/3Nzc/9mZmb/XFxc/1lZWf9WVlb/Tk5O/0VFRf88PDz/MTEx/zAwMP8wMDD/MjIy/zU1Nf81NTX/MjIy/zExMf8vLy//Li4u/y0tLf8tLS3/Li4u/y4uLv8vLy//Ly8v/zAwMP8xMTH/MDAw/zAwMP8wMDD/MDAw/zExMf8zMzP/NDQ0/zQ0NP8zMzP/MjIy/zAwMP8vLy//Li4u/y4uLv8uLi7/Ly8v/zAwMP8wMDD/MDAw/zAwMP8wMDD/Ly8v/y0tLf8uLi7/MDAw/zExMf8yMjL/MjIy/zExMf8xMTH/MTEx/zAwMP8wMDD/MDAw/zExMf8yMjL/MDAw/y8vL/8vLy//Ly8v/y8vL/8vLy//Ly8v/y8vL/8vLy//Ly8v/y8vL/8vLy//MDAw/zAwMP8wMDD/MTEx/zIyMv8yMjL/MzMz/zMzM/80NDT/NjY2/zg4OP86Ojr/PDw8/0NDQ/9QUFD/U1NT/1NTU/9UVFT/VlZW/1xcXP9xcXH/gYGB/5CQkP+enp7/oKCg/6Ghof+jo6P/pKSk/5eXl/+EhIT/h4eH/5CQkP+NjY3/goKC/4GBgf+Ghob/h4eH/4SEhP+Dg4P/hoaG/4eHh/98fHz/cXFx/2pqav9jY2P/aGho/3BwcP95eXn/hoaG/5GRkf+jo6P/rKys/7m5uf+9vb3/v7+//7e3t/+ampr/jY2N/5WVlf+ZmZn/jY2N/4KCgv+JiYn/j4+P/5KSkv+Wlpb/lJSU/4+Pj/+Ghob/dnZ2/3h4eP+Dg4P/f39//25ubv9mZmb/Xl5e/1xcXP9nZ2f/b29v/2tra/8LCwv/DAwM/wwMDP8MDAz/DAwM/w0NDf8NDQ3/DQ0N/w0NDf8NDQ3/DQ0N/wwMDP8MDAz/DAwM/wwMDP8LCwv/CwsL/wsLC/8LCwv/CwsL/wwMDP8MDAz/DAwM/wwMDP8MDAz/DAwM/wwMDP8MDAz/DAwM/wwMDP8MDAz/DAwM/wwMDP8MDAz/DAwM/wwMDP8NDQ3/DQ0N/w0NDf8NDQ3/DQ0N/w0NDf8NDQ3/DAwM/wwMDP8MDAz/DAwM/wwMDP8NDQ3/DQ0N/w0NDf8NDQ3/DQ0N/w0NDf8NDQ3/DQ0N/wwMDP8MDAz/DAwM/wwMDP8MDAz/DQ0N/w0NDf8NDQ3/DQ0N/w4ODv8PDw//EBAQ/xEREf8TExP/FBQU/xUVFf8VFRX/FRUV/xUVFf8VFRX/FRUV/xQUFP8UFBT/FBQU/xQUFP8VFRX/FRUV/xUVFf8VFRX/FRUV/xUVFf8WFhb/FhYW/xYWFv8WFhb/FhYW/xUVFf8VFRX/FhYW/xcXF/8XFxf/GBgY/xgYGP8XFxf/FxcX/xYWFv8XFxf/FxcX/xcXF/8XFxf/FxcX/xcXF/8XFxf/FxcX/xcXF/8XFxf/FxcX/xgYGP8YGBj/GBgY/xgYGP8YGBj/GBgY/xkZGf8aGhr/Ghoa/xoaGv8aGhr/Gxsb/xsbG/8bGxv/Gxsb/xsbG/8bGxv/Gxsb/xsbG/8bGxv/Gxsb/xwcHP8cHBz/Hx8f/yQkJP8nJyf/Kysr/y4uLv8zMzP/MzMz/zExMf8wMDD/MDAw/zAwMP8vLy//Li4u/y0tLf8tLS3/Li4u/zAwMP8zMzP/NjY2/zg4OP86Ojr/Ozs7/z09Pf8+Pj7/Pz8//z09Pf85OTn/ODg4/zo6Ov87Ozv/Ozs7/zw8PP89PT3/Pj4+/z4+Pv8+Pj7/Ojo6/zQ0NP8xMTH/LS0t/y0tLf8sLCz/LS0t/y4uLv8vLy//MjIy/zQ0NP86Ojr/Pj4+/0FBQf9CQkL/PT09/zg4OP83Nzf/NTU1/zo6Ov9AQED/RkZG/05OTv9PT0//Tk5O/0pKSv9AQED/PDw8/zg4OP84ODj/PT09/0FBQf9GRkb/SUlJ/0xMTP9PT0//TU1N/0pKSv9ISEj/RkZG/0ZGRv9HR0f/SEhI/0tLS/9JSUn/QkJC/0BAQP9CQkL/RUVF/05OTv9TU1P/UlJS/1FRUf9MTEz/R0dH/0tLS/9QUFD/UlJS/1ZWVv9VVVX/U1NT/1NTU/9TU1P/UVFR/0xMTP9KSkr/SEhI/0dHR/9FRUX/RUVF/0xMTP9SUlL/UlJS/1JSUv9SUlL/UVFR/1JSUv9TU1P/UFBQ/0xMTP9MTEz/TU1N/0xMTP9LS0v/SUlJ/0NDQ/9BQUH/RkZG/0tLS/9WVlb/Xl5e/1hYWP9SUlL/W1tb/2VlZf9kZGT/Y2Nj/11dXf9TU1P/Tk5O/0dHR/9FRUX/RERE/0dHR/9TU1P/WFhY/1ZWVv9VVVX/T09P/0pKSv9KSkr/S0tL/05OTv9TU1P/UVFR/05OTv9OTk7/Tk5O/0xMTP9JSUn/TExM/1VVVf9aWlr/YGBg/2NjY/9fX1//XV1d/19fX/9hYWH/ampq/3Nzc/9vb2//aWlp/2BgYP9SUlL/UVFR/1NTU/9YWFj/YmJi/2RkZP9hYWH/YmJi/2pqav9tbW3/a2tr/2xsbP92dnb/gYGB/39/f/99fX3/g4OD/4yMjP+BgYH/b29v/3Fxcf94eHj/dHR0/2lpaf9paWn/cHBw/3Jycv9wcHD/cHBw/3Jycv90dHT/bm5u/5+fn/+NjY3/enp6/4SEhP+QkJD/h4eH/3d3d/9xcXH/aGho/29vb/+CgoL/kJCQ/6ioqP+rq6v/k5OT/4iIiP+Kior/jIyM/4yMjP+Li4v/lZWV/6Ghof+srKz/u7u7/6qqqv+NjY3/kZGR/6CgoP+ampr/h4eH/4ODg/+FhYX/lZWV/87Ozv/t7e3/7Ozs/+bm5v+zs7P/fn5+/4aGhv+Pj4//gICA/2tra/92dnb/ioqK/6ioqP/f39//4uLi/9LS0v/CwsL/oKCg/5iYmP+tra3/tLS0/5iYmP+AgID/b29v/11dXf90dHT/jo6O/6ysrP/V1dX/wcHB/5ycnP+dnZ3/pqam/5iYmP9zc3P/YmJi/1FRUf9LS0v/TU1N/1JSUv9nZ2f/eHh4/3Z2dv90dHT/eHh4/319ff9+fn7/f39//319ff94eHj/d3d3/3R0dP91dXX/enp6/3V1df9hYWH/W1tb/2RkZP9qamr/c3Nz/3p6ev9tbW3/Xl5e/15eXv9eXl7/Z2dn/3Nzc/9wcHD/aWlp/3V1df+RkZH/n5+f/7S0tP+tra3/gICA/2lpaf9gYGD/XFxc/2pqav92dnb/e3t7/4CAgP91dXX/ZmZm/2dnZ/9paWn/b29v/3p6ev99fX3/f39//4GBgf+Ghob/i4uL/5SUlP+SkpL/enp6/2lpaf9oaGj/aWlp/5ycnP/U1NT/vb29/6CgoP+pqan/uLi4/7m5uf+6urr/ubm5/7e3t/+lpaX/eXl5/2xsbP9zc3P/fX19/5ycnP+1tbX/z8/P/+jo6P/Hx8f/pKSk/5mZmf+Li4v/lJSU/6Wlpf+xsbH/xsbG/7a2tv+NjY3/eHh4/1lZWf9MTEz/RERE/0JCQv9LS0v/UlJS/1dXV/9cXFz/ZmZm/3Jycv+AgID/kpKS/6SkpP++vr7/v7+//7y8vP+wsLD/lpaW/4uLi/9/f3//dnZ2/2pqav9iYmL/XFxc/1lZWf9jY2P/bW1t/2VlZf9bW1v/Wlpa/1hYWP9XV1f/VVVV/1JSUv9MTEz/S0tL/0pKSv9TU1P/bm5u/4KCgv+ioqL/srKy/6ampv+ampr/fHx8/1xcXP9dXV3/Xl5e/2dnZ/9zc3P/cXFx/2xsbP9mZmb/W1tb/1tbW/9hYWH/YmJi/2BgYP9fX1//W1tb/1dXV/9TU1P/UVFR/2BgYP9wcHD/bW1t/2lpaf9fX1//UVFR/1dXV/9kZGT/c3Nz/46Ojv+Tk5P/k5OT/4iIiP9oaGj/W1tb/1paWv9ZWVn/VFRU/09PT/9FRUX/Ojo6/zs7O/89PT3/RUVF/1BQUP9NTU3/R0dH/0VFRf9CQkL/RERE/0hISP9QUFD/ZGRk/2hoaP9SUlL/Q0ND/z09Pf84ODj/PT09/0NDQ/9KSkr/UlJS/1ZWVv9dXV3/W1tb/1dXV/9VVVX/U1NT/1RUVP9XV1f/WFhY/1hYWP9VVVX/SEhI/0BAQP9CQkL/RERE/zw8PP8zMzP/NjY2/zo6Ov9OTk7/a2tr/3BwcP90dHT/aGho/01NTf9CQkL/NTU1/zAwMP8rKyv/Kioq/y8vL/8zMzP/PDw8/0VFRf9ERET/Q0ND/0VFRf9HR0f/RkZG/0VFRf9AQED/NjY2/zU1Nf82Njb/ODg4/zw8PP89PT3/Pj4+/z4+Pv87Ozv/Ojo6/z09Pf8/Pz//Pj4+/z09Pf8+Pj7/QEBA/0JCQv9GRkb/R0dH/0lJSf9ISEj/RUVF/0NDQ/9AQED/PT09/zQ0NP8vLy//LCws/yoqKv8qKir/cXFx/2lpaf9gYGD/fHx8/6CgoP+Wlpb/hISE/4uLi/+bm5v/mJiY/4qKiv9/f3//bW1t/2pqav96enr/hISE/42Njf+SkpL/fX19/2hoaP9ycnL/fn5+/6ioqP/h4eH/1dXV/7y8vP+tra3/k5OT/5aWlv+lpaX/paWl/5qamv+QkJD/e3t7/3BwcP93d3f/f39//5qamv+2trb/r6+v/6enp/+Tk5P/dnZ2/4eHh/+mpqb/nZ2d/4SEhP96enr/bW1t/21tbf94eHj/h4eH/7Kysv/Nzc3/4eHh/+/v7//X19f/vr6+/5qamv9xcXH/cnJy/3V1df9nZ2f/T09P/0tLS/9ISEj/S0tL/1VVVf9eXl7/b29v/3l5ef+EhIT/i4uL/5SUlP+cnJz/ra2t/76+vv+1tbX/qqqq/56env+MjIz/goKC/3Nzc/94eHj/hoaG/5CQkP+ioqL/oKCg/4eHh/93d3f/YmJi/1RUVP9PT0//SkpK/09PT/9UVFT/YGBg/29vb/9/f3//lZWV/6qqqv/Ly8v/vb29/5aWlv+JiYn/e3t7/3R0dP9paWn/Y2Nj/11dXf9gYGD/jY2N/7S0tP+mpqb/l5eX/5eXl/+Wlpb/hoaG/29vb/9tbW3/bm5u/3t7e/+Wlpb/oqKi/7CwsP+zs7P/q6ur/6ampv+ioqL/n5+f/5ubm/+YmJj/h4eH/3V1df9oaGj/WFhY/1paWv9fX1//aGho/3h4eP98fHz/gYGB/4GBgf9+fn7/gYGB/4+Pj/+bm5v/s7Oz/8TExP/FxcX/xcXF/8rKyv/Pz8//tLS0/5CQkP+Wlpb/oaGh/6ioqP+ysrL/u7u7/8zMzP+/v7//j4+P/319ff96enr/enp6/4WFhf+Ojo7/nZ2d/6ysrP+9vb3/z8/P/8HBwf+vr6//nJyc/4GBgf9+fn7/f39//319ff96enr/g4OD/6CgoP+np6f/mZmZ/5KSkv+YmJj/nZ2d/5mZmf+VlZX/k5OT/5CQkP+bm5v/qamp/7+/v//g4OD/4+Pj/+Li4v/Nzc3/m5ub/5aWlv+tra3/sbGx/5ycnP+Wlpb/sLCw/8TExP/Dw8P/wsLC/6Kiov9+fn7/dnZ2/21tbf9nZ2f/YGBg/2VlZf9ycnL/dnZ2/3p6ev98fHz/gICA/4eHh/+cnJz/p6en/5+fn/+Wlpb/f39//2ZmZv9kZGT/YWFh/2lpaf90dHT/mJiY/9HR0f/CwsL/l5eX/4SEhP9paWn/aGho/35+fv+CgoL/bW1t/2JiYv9mZmb/a2tr/3l5ef+Hh4f/mZmZ/66urv+Wlpb/c3Nz/29vb/9ra2v/Y2Nj/1ZWVv9UVFT/VVVV/1paWv9lZWX/ampq/2tra/9sbGz/dXV1/319ff99fX3/fHx8/4uLi/+dnZ3/sbGx/8zMzP/Kysr/w8PD/7CwsP+MjIz/gYGB/3h4eP92dnb/enp6/3x8fP99fX3/fX19/3p6ev94eHj/j4+P/6enp/+lpaX/o6Oj/5mZmf+Li4v/lZWV/6ioqP+qqqr/p6en/6ioqP+srKz/tbW1/8vLy//Q0ND/t7e3/6Wlpf+Wlpb/iIiI/5iYmP+oqKj/rKys/7Kysv+wsLD/ra2t/7Gxsf+5ubn/s7Oz/6SkpP+srKz/y8vL/9vb2//s7Oz/8fHx/9zc3P/Kysr/qqqq/4yMjP+Kior/iIiI/6ampv/Nzc3/0tLS/9fX1/+8vLz/i4uL/4CAgP96enr/fHx8/4WFhf+VlZX/v7+//9HR0f/AwMD/s7Oz/6mpqf9ra2v/ZmZm/2FhYf9dXV3/WFhY/1hYWP9ZWVn/X19f/2tra/9ra2v/ZmZm/2VlZf9nZ2f/ZmZm/2RkZP9kZGT/ZmZm/2hoaP9nZ2f/Z2dn/2RkZP9gYGD/YWFh/2JiYv9iYmL/YmJi/11dXf9VVVX/VVVV/1lZWf9cXFz/YWFh/2NjY/9hYWH/YWFh/2hoaP9vb2//f39//5CQkP+QkJD/kZGR/35+fv9jY2P/XV1d/1RUVP9VVVX/Wlpa/1xcXP9gYGD/ZWVl/3BwcP9xcXH/YmJi/1lZWf9XV1f/VlZW/1lZWf9cXFz/Y2Nj/2xsbP9paWn/ZWVl/15eXv9SUlL/VVVV/11dXf9eXl7/XFxc/1lZWf9UVFT/UlJS/1RUVP9VVVX/U1NT/1FRUf9KSkr/RERE/0JCQv9AQED/SEhI/1RUVP9kZGT/fn5+/4WFhf+NjY3/iYmJ/3l5ef9vb2//YGBg/1hYWP9RUVH/TU1N/1dXV/9gYGD/cHBw/4GBgf+Li4v/mJiY/4+Pj/+CgoL/eXl5/2pqav9tbW3/dnZ2/3h4eP92dnb/fn5+/5eXl/+jo6P/paWl/6ampv+fn5//mJiY/4CAgP9mZmb/b29v/3p6ev97e3v/fHx8/3Jycv9gYGD/YGBg/2RkZP9lZWX/ZGRk/21tbf+MjIz/m5ub/6CgoP+goKD/hoaG/21tbf9mZmb/X19f/2RkZP9ra2v/ZWVl/1tbW/9dXV3/YmJi/2RkZP9lZWX/aGho/3Fxcf91dXX/eHh4/3p6ev97e3v/enp6/25ubv9iYmL/XFxc/1ZWVv9VVVX/U1NT/1RUVP9WVlb/W1tb/2VlZf9lZWX/ZGRk/21tbf+EhIT/iYmJ/3x8fP9ycnL/ZGRk/1lZWf9UVFT/T09P/05OTv9NTU3/UlJS/1hYWP9mZmb/e3t7/3d3d/9tbW3/ZGRk/1ZWVv9VVVX/X19f/2FhYf9fX1//W1tb/09PT/9FRUX/QkJC/0BAQP89PT3/OTk5/zMzM/8qKir/LS0t/zIyMv8zMzP/NDQ0/zMzM/8wMDD/Ly8v/y0tLf8tLS3/LS0t/y0tLf8uLi7/Ly8v/zAwMP8wMDD/MTEx/zIyMv8xMTH/Ly8v/y8vL/8uLi7/Ly8v/zIyMv8yMjL/MTEx/zExMf8vLy//Ly8v/y4uLv8uLi7/LS0t/y0tLf8wMDD/MjIy/zIyMv8xMTH/MTEx/zAwMP8vLy//Li4u/y8vL/8xMTH/MTEx/zMzM/8zMzP/MjIy/zIyMv8xMTH/MTEx/zAwMP8wMDD/MTEx/zIyMv8xMTH/Ly8v/y8vL/8vLy//Ly8v/zAwMP8wMDD/MDAw/zAwMP8vLy//Ly8v/zAwMP8wMDD/MDAw/zAwMP8xMTH/MTEx/zExMf8yMjL/MjIy/zMzM/80NDT/NjY2/zc3N/86Ojr/Pz8//0tLS/9QUFD/VlZW/1paWv9iYmL/ampq/3l5ef+Dg4P/g4OD/4ODg/+NjY3/l5eX/5ubm/+fn5//kZGR/3x8fP95eXn/dnZ2/3V1df90dHT/c3Nz/3Jycv9zc3P/eHh4/3x8fP9+fn7/fX19/2lpaf9XV1f/VlZW/1VVVf9lZWX/eHh4/4GBgf+MjIz/n5+f/8DAwP/Jycn/0dHR/8zMzP+6urr/rKys/5OTk/+IiIj/lJSU/5ubm/+QkJD/hYWF/4eHh/+Kior/lpaW/6ampv+oqKj/qqqq/5qamv99fX3/gICA/5GRkf+JiYn/aWlp/1xcXP9WVlb/WFhY/3BwcP+BgYH/eXl5/wsLC/8LCwv/DAwM/wwMDP8MDAz/DAwM/w0NDf8NDQ3/DQ0N/w0NDf8MDAz/DAwM/wwMDP8MDAz/DAwM/wwMDP8LCwv/CwsL/wsLC/8LCwv/CwsL/wwMDP8MDAz/DAwM/wwMDP8MDAz/DAwM/w0NDf8NDQ3/DAwM/wwMDP8MDAz/DAwM/wwMDP8MDAz/DQ0N/w0NDf8NDQ3/DQ0N/w0NDf8NDQ3/DQ0N/w0NDf8MDAz/CwsL/wsLC/8MDAz/DAwM/w0NDf8NDQ3/DQ0N/w0NDf8NDQ3/DQ0N/w0NDf8NDQ3/DAwM/wwMDP8MDAz/CwsL/wwMDP8NDQ3/DQ0N/w0NDf8NDQ3/Dg4O/w8PD/8QEBD/EhIS/xMTE/8UFBT/FRUV/xUVFf8VFRX/FRUV/xQUFP8UFBT/ExMT/xISEv8SEhL/ExMT/xMTE/8UFBT/FBQU/xQUFP8UFBT/FRUV/xUVFf8WFhb/FhYW/xYWFv8WFhb/FRUV/xUVFf8WFhb/FxcX/xcXF/8YGBj/GBgY/xcXF/8WFhb/FRUV/xUVFf8WFhb/FhYW/xcXF/8XFxf/FxcX/xcXF/8XFxf/FxcX/xcXF/8XFxf/FxcX/xgYGP8YGBj/GBgY/xgYGP8XFxf/GBgY/xoaGv8aGhr/GRkZ/xkZGf8aGhr/Ghoa/xoaGv8aGhr/Gxsb/xsbG/8bGxv/Gxsb/xsbG/8bGxv/Gxsb/xsbG/8dHR3/ISEh/yMjI/8nJyf/Kioq/y4uLv8uLi7/LS0t/ywsLP8sLCz/LCws/ywsLP8sLCz/Li4u/y8vL/8wMDD/MjIy/zMzM/81NTX/ODg4/z09Pf8+Pj7/Pz8//z8/P/8/Pz//Pj4+/zk5Of85OTn/Ozs7/zw8PP87Ozv/Ozs7/z8/P/9CQkL/RERE/0dHR/9AQED/NjY2/zIyMv8tLS3/Kysr/yoqKv8rKyv/LS0t/y4uLv8xMTH/NDQ0/zo6Ov8+Pj7/RERE/0hISP9BQUH/Ojo6/zo6Ov85OTn/QEBA/0lJSf9KSkr/TU1N/0tLS/9GRkb/QkJC/zo6Ov84ODj/NjY2/zc3N/88PDz/QEBA/0pKSv9SUlL/Tk5O/0tLS/9HR0f/QkJC/0BAQP89PT3/QkJC/0lJSf9NTU3/U1NT/1BQUP9GRkb/Q0ND/0JCQv9FRUX/UFBQ/1ZWVv9UVFT/UlJS/0tLS/9FRUX/S0tL/1JSUv9TU1P/VVVV/1NTU/9PT0//UVFR/1RUVP9RUVH/SEhI/0RERP9DQ0P/QkJC/0FBQf9CQkL/SUlJ/05OTv9NTU3/TExM/0hISP9DQ0P/RERE/0ZGRv9HR0f/SEhI/0dHR/9GRkb/R0dH/0lJSf9ISEj/QkJC/0FBQf9ERET/RkZG/0dHR/9HR0f/SEhI/0lJSf9XV1f/aGho/2dnZ/9mZmb/YWFh/1hYWP9SUlL/RkZG/0VFRf9ISEj/Tk5O/19fX/9lZWX/XFxc/1VVVf9MTEz/RUVF/0JCQv8/Pz//R0dH/1JSUv9QUFD/TExM/0lJSf9DQ0P/Q0ND/0ZGRv9LS0v/V1dX/1paWv9XV1f/VVVV/1dXV/9ZWVn/YWFh/2hoaP90dHT/gICA/3p6ev9ycnL/Z2dn/1VVVf9XV1f/XFxc/2JiYv9tbW3/bW1t/2ZmZv9kZGT/aWlp/2tra/9qamr/bGxs/4CAgP+UlJT/j4+P/4qKiv+BgYH/dXV1/3Jycv9sbGz/bW1t/25ubv9ubm7/bW1t/3R0dP+Ghob/ioqK/4KCgv99fX3/e3t7/3h4eP9ycnL/j4+P/4qKiv+EhIT/kJCQ/6CgoP+np6f/srKy/7Gxsf+tra3/srKy/729vf/FxcX/0tLS/9PT0//Hx8f/wMDA/8DAwP/AwMD/vr6+/7y8vP+xsbH/paWl/6Wlpf+mpqb/nJyc/4yMjP+Tk5P/oqKi/6Ghof+ZmZn/mJiY/5mZmf+dnZ3/rq6u/7i4uP+9vb3/vr6+/5+fn/9/f3//k5OT/6mpqf+ampr/hISE/4qKiv+VlZX/rKys/9fX1//T09P/t7e3/6mpqf+ZmZn/m5ub/7q6uv/Gxsb/pKSk/4iIiP94eHj/aWlp/3l5ef+MjIz/oaGh/7+/v/+xsbH/l5eX/5KSkv+Ojo7/iYmJ/4GBgf98fHz/dnZ2/29vb/9dXV3/VVVV/2RkZP9xcXH/cnJy/3R0dP+JiYn/oqKi/6Ojo/+kpKT/kZGR/3Jycv9sbGz/Z2dn/2hoaP9tbW3/cHBw/3R0dP92dnb/dHR0/3Z2dv+Hh4f/lJSU/4aGhv92dnb/c3Nz/25ubv98fHz/j4+P/4yMjP+Dg4P/j4+P/6mpqf+vr6//r6+v/6SkpP+AgID/cXFx/3R0dP93d3f/fHx8/4GBgf+CgoL/hISE/3Z2dv9kZGT/YmJi/2BgYP9qamr/e3t7/3x8fP96enr/fn5+/4mJif+Ojo7/kZGR/46Ojv9+fn7/cnJy/3Fxcf9wcHD/jo6O/66urv+kpKT/mJiY/6SkpP+3t7f/tra2/7Gxsf+wsLD/sbGx/62trf+lpaX/oaGh/6CgoP+jo6P/sbGx/7y8vP/FxcX/zs7O/6qqqv+EhIT/fX19/3V1df+Pj4//uLi4/8TExP/U1NT/wcHB/5CQkP98fHz/ZWVl/1paWv9QUFD/TU1N/11dXf9oaGj/aWlp/2tra/9tbW3/b29v/3R0dP96enr/iIiI/56env+oqKj/t7e3/6+vr/+YmJj/jIyM/3p6ev9vb2//YGBg/1paWv9gYGD/ZWVl/3BwcP98fHz/bW1t/1xcXP9cXFz/XV1d/1paWv9VVVX/VVVV/1RUVP9WVlb/WVlZ/19fX/9wcHD/fX19/5WVlf+goKD/kpKS/4WFhf92dnb/Z2dn/2VlZf9jY2P/ZmZm/2pqav9sbGz/b29v/2pqav9gYGD/Xl5e/11dXf9fX1//ZGRk/2ZmZv9jY2P/YmJi/2JiYv9iYmL/ZmZm/2pqav9kZGT/Xl5e/19fX/9hYWH/Y2Nj/2dnZ/91dXX/kJCQ/5OTk/+Pj4//goKC/19fX/9QUFD/T09P/05OTv9MTEz/SUlJ/0JCQv86Ojr/PDw8/z8/P/9FRUX/Tk5O/1RUVP9dXV3/Xl5e/1xcXP9XV1f/TExM/0pKSv9RUVH/UVFR/0VFRf89PT3/Ojo6/zc3N/88PDz/QUFB/0VFRf9LS0v/Tk5O/1NTU/9SUlL/UFBQ/09PT/9OTk7/TU1N/01NTf9MTEz/TU1N/0tLS/9DQ0P/PT09/zs7O/86Ojr/NTU1/zExMf8zMzP/NjY2/0JCQv9UVFT/WFhY/1tbW/9WVlb/TExM/0VFRf86Ojr/ODg4/0BAQP9FRUX/T09P/1VVVf9RUVH/Tk5O/05OTv9PT0//TExM/0lJSf9HR0f/RERE/0RERP9ERET/Q0ND/0JCQv9AQED/Ozs7/zo6Ov86Ojr/Ojo6/zw8PP89PT3/Q0ND/0hISP9FRUX/QkJC/0BAQP89PT3/PT09/z4+Pv8+Pj7/Pz8//z8/P/8+Pj7/PT09/z09Pf87Ozv/NTU1/zMzM/80NDT/NTU1/zU1Nf9wcHD/bW1t/2pqav+Dg4P/pKSk/5mZmf+Ghob/h4eH/42Njf+IiIj/enp6/3d3d/93d3f/gICA/6Kiov+zs7P/r6+v/6qqqv+QkJD/dnZ2/4KCgv+Pj4//q6ur/9DQ0P/FxcX/r6+v/6SkpP+SkpL/kpKS/5mZmf+VlZX/hYWF/3x8fP9wcHD/a2tr/3BwcP93d3f/jIyM/6Ghof+Xl5f/i4uL/4KCgv92dnb/hISE/5ycnP+UlJT/gICA/3Z2dv9mZmb/ZGRk/2xsbP96enr/oqKi/7y8vP/Nzc3/2tra/8TExP+urq7/lpaW/3t7e/9+fn7/hISE/3Nzc/9WVlb/UFBQ/0tLS/9OTk7/V1dX/15eXv9ubm7/enp6/5GRkf+goKD/oqKi/6SkpP+hoaH/nZ2d/5eXl/+Pj4//kJCQ/5KSkv+Ojo7/h4eH/42Njf+cnJz/oKCg/6Kiov+cnJz/hYWF/3p6ev9zc3P/cXFx/3d3d/98fHz/b29v/2BgYP9qamr/dXV1/4GBgf+SkpL/m5ub/6enp/+fn5//jIyM/4ODg/91dXX/bm5u/2ZmZv9hYWH/XV1d/11dXf9zc3P/hoaG/319ff9zc3P/dXV1/3h4eP9zc3P/a2tr/3Fxcf99fX3/ioqK/6SkpP+srKz/tbW1/7q6uv/ExMT/xcXF/7e3t/+urq7/ra2t/6ysrP+enp7/jo6O/5OTk/+YmJj/iYmJ/3BwcP95eXn/jIyM/5KSkv+ZmZn/m5ub/52dnf+ZmZn/jIyM/4iIiP+UlJT/m5ub/5ycnP+dnZ3/qamp/7a2tv+jo6P/iYmJ/4qKiv+NjY3/mJiY/6qqqv+3t7f/zc3N/8HBwf+Tk5P/f39//3BwcP9paWn/cXFx/3h4eP+EhIT/kZGR/5iYmP+fn5//mJiY/5CQkP+VlZX/n5+f/6Kiov+mpqb/nZ2d/4iIiP+Hh4f/k5OT/5aWlv+SkpL/kJCQ/5WVlf+YmJj/lJSU/5GRkf+SkpL/lJSU/5qamv+jo6P/rq6u/8DAwP+/v7//ubm5/6urq/+MjIz/iIiI/5GRkf+UlJT/kZGR/5OTk/+oqKj/t7e3/6ioqP+YmJj/kZGR/4iIiP+QkJD/m5ub/5CQkP98fHz/eXl5/3Z2dv96enr/hISE/4KCgv93d3f/dXV1/3x8fP+AgID/gYGB/4CAgP93d3f/bW1t/2pqav9mZmb/bm5u/3h4eP+MjIz/ra2t/6urq/+fn5//lZWV/4KCgv98fHz/e3t7/3Z2dv9nZ2f/Xl5e/2JiYv9nZ2f/eXl5/4yMjP+ZmZn/qKio/5ycnP+Kior/kpKS/6Kiov+UlJT/dXV1/2xsbP9kZGT/ZGRk/25ubv93d3f/iYmJ/5OTk/+NjY3/h4eH/35+fv90dHT/e3t7/4ODg/+SkpL/qamp/6qqqv+qqqr/oqKi/5CQkP+IiIj/f39//39/f/+JiYn/i4uL/4CAgP94eHj/c3Nz/29vb/+AgID/kpKS/4+Pj/+MjIz/jY2N/5CQkP+bm5v/ra2t/6ioqP+ZmZn/l5eX/5ycnP+dnZ3/np6e/5ubm/+IiIj/fHx8/3Z2dv9ycnL/e3t7/4WFhf+JiYn/jo6O/4+Pj/+RkZH/nJyc/6+vr/+vr6//qKio/6ysrP+7u7v/wsLC/8jIyP/IyMj/t7e3/6mpqf+UlJT/f39//4WFhf+MjIz/oaGh/729vf+6urr/tLS0/6Ghof+AgID/fHx8/39/f/+NjY3/rq6u/8DAwP/X19f/3Nzc/76+vv+oqKj/m5ub/3x8fP91dXX/bGxs/2JiYv9WVlb/UlJS/0xMTP9QUFD/V1dX/1lZWf9bW1v/XFxc/1tbW/9dXV3/Y2Nj/2dnZ/9paWn/a2tr/3BwcP92dnb/bm5u/2ZmZv9nZ2f/ampq/2dnZ/9jY2P/X19f/1hYWP9YWFj/Wlpa/1xcXP9hYWH/YWFh/1tbW/9ZWVn/XV1d/2BgYP9ra2v/dXV1/3V1df90dHT/ampq/1tbW/9XV1f/U1NT/1JSUv9TU1P/VlZW/15eXv9iYmL/a2tr/2pqav9aWlr/UVFR/1BQUP9PT0//VFRU/1lZWf9dXV3/YWFh/2NjY/9kZGT/XV1d/1BQUP9SUlL/WVlZ/1lZWf9WVlb/VFRU/1FRUf9RUVH/UlJS/1NTU/9SUlL/UFBQ/05OTv9MTEz/S0tL/0lJSf9NTU3/VFRU/1tbW/9nZ2f/a2tr/29vb/9ubm7/a2tr/2dnZ/9fX1//W1tb/1dXV/9WVlb/YmJi/2xsbP9ycnL/eXl5/3l5ef95eXn/c3Nz/2tra/9paWn/ZmZm/2pqav9ycnL/cnJy/2xsbP9ubm7/e3t7/4KCgv+EhIT/hYWF/4ODg/+BgYH/cHBw/15eXv9iYmL/ZmZm/2ZmZv9lZWX/YGBg/1dXV/9YWFj/Xl5e/2BgYP9jY2P/a2tr/39/f/+JiYn/iYmJ/4eHh/95eXn/bW1t/2ZmZv9eXl7/YmJi/2ZmZv9hYWH/WVlZ/1tbW/9fX1//Xl5e/1paWv9cXFz/Y2Nj/2ZmZv9oaGj/aGho/2hoaP9nZ2f/ZmZm/2RkZP9bW1v/UVFR/09PT/9MTEz/Tk5O/1JSUv9UVFT/WFhY/1hYWP9XV1f/XFxc/2tra/9ubm7/Z2dn/2NjY/9fX1//XFxc/1ZWVv9QUFD/T09P/05OTv9ZWVn/Z2dn/21tbf93d3f/cXFx/2RkZP9fX1//WVlZ/1paWv9gYGD/YmJi/2RkZP9iYmL/VlZW/0xMTP9DQ0P/OTk5/zY2Nv8yMjL/MDAw/y4uLv8xMTH/Nzc3/zY2Nv81NTX/MzMz/zAwMP8vLy//LS0t/y0tLf8tLS3/LS0t/y0tLf8uLi7/Li4u/y8vL/8vLy//MDAw/zAwMP8wMDD/Ly8v/y8vL/8vLy//MDAw/zAwMP8vLy//Ly8v/y4uLv8tLS3/LS0t/y0tLf8tLS3/LS0t/y8vL/8wMDD/MDAw/zAwMP8wMDD/MDAw/zAwMP8vLy//Ly8v/zAwMP8wMDD/MDAw/zExMf8xMTH/MDAw/zAwMP8wMDD/MDAw/zAwMP8xMTH/MTEx/zAwMP8vLy//Ly8v/y8vL/8vLy//Ly8v/y8vL/8vLy//Ly8v/y8vL/8vLy//Ly8v/y8vL/8vLy//MDAw/zAwMP8xMTH/MTEx/zExMf8xMTH/MjIy/zMzM/80NDT/NjY2/zk5Of89PT3/RkZG/01NTf9bW1v/Y2Nj/3BwcP91dXX/cHBw/25ubv9xcXH/dXV1/4iIiP+cnJz/l5eX/5CQkP+EhIT/c3Nz/3Jycv9xcXH/bm5u/2hoaP9nZ2f/Z2dn/2lpaf9wcHD/dHR0/3Z2dv92dnb/aGho/1xcXP9aWlr/WFhY/2NjY/9xcXH/dnZ2/3x8fP+NjY3/qqqq/66urv+wsLD/rq6u/6ioqP+hoaH/jo6O/4aGhv+Ojo7/kpKS/4SEhP93d3f/fHx8/4ODg/+Li4v/lZWV/5qamv+ioqL/l5eX/4KCgv9+fn7/fHx8/3Z2dv9nZ2f/YGBg/1paWv9cXFz/cHBw/35+fv93d3f/CwsL/wsLC/8MDAz/DAwM/wwMDP8MDAz/DAwM/w0NDf8NDQ3/DAwM/wwMDP8MDAz/DAwM/wwMDP8MDAz/DAwM/wwMDP8LCwv/CwsL/wsLC/8LCwv/DAwM/wwMDP8MDAz/DAwM/wwMDP8MDAz/DAwM/wwMDP8MDAz/DAwM/wwMDP8MDAz/DAwM/wwMDP8MDAz/DQ0N/w0NDf8NDQ3/DQ0N/w0NDf8NDQ3/DQ0N/wwMDP8MDAz/DAwM/wwMDP8MDAz/DQ0N/w0NDf8NDQ3/DQ0N/w0NDf8NDQ3/DQ0N/w0NDf8NDQ3/DAwM/wwMDP8MDAz/DAwM/wwMDP8NDQ3/DQ0N/w0NDf8ODg7/Dw8P/xEREf8SEhL/FBQU/xUVFf8VFRX/FRUV/xUVFf8VFRX/FRUV/xQUFP8UFBT/ExMT/xMTE/8TExP/FBQU/xQUFP8VFRX/FRUV/xUVFf8VFRX/FhYW/xYWFv8WFhb/FhYW/xYWFv8WFhb/FhYW/xYWFv8XFxf/FxcX/xcXF/8XFxf/FhYW/xYWFv8VFRX/FRUV/xUVFf8WFhb/FhYW/xcXF/8XFxf/FxcX/xcXF/8XFxf/FxcX/xcXF/8XFxf/FxcX/xcXF/8XFxf/FxcX/xcXF/8YGBj/GBgY/xkZGf8ZGRn/GRkZ/xkZGf8ZGRn/GRkZ/xkZGf8ZGRn/Ghoa/xoaGv8bGxv/Gxsb/xsbG/8cHBz/HBwc/x8fH/8jIyP/JiYm/ykpKf8qKir/Kysr/ysrK/8pKSn/Kioq/y0tLf8vLy//MTEx/zIyMv8yMjL/MjIy/zMzM/8zMzP/NDQ0/zY2Nv83Nzf/OTk5/zs7O/8+Pj7/Pz8//z8/P/8+Pj7/Ozs7/zo6Ov86Ojr/Ojo6/zg4OP84ODj/Pz8//0ZGRv9ISEj/S0tL/0NDQ/84ODj/NjY2/zMzM/8yMjL/MDAw/zAwMP8xMTH/MTEx/zExMf8xMTH/NTU1/zc3N/87Ozv/Pj4+/zw8PP87Ozv/Ozs7/zs7O/9BQUH/SUlJ/0pKSv9LS0v/SEhI/0JCQv8/Pz//Ojo6/zo6Ov8+Pj7/QkJC/0pKSv9PT0//UFBQ/1BQUP9PT0//TU1N/0pKSv9FRUX/SEhI/0tLS/9MTEz/TExM/01NTf9OTk7/TExM/0hISP9HR0f/R0dH/0hISP9MTEz/Tk5O/0xMTP9KSkr/SEhI/0ZGRv9HR0f/SUlJ/0xMTP9QUFD/UVFR/1JSUv9TU1P/VFRU/1FRUf9ISEj/RkZG/0dHR/9HR0f/QkJC/0BAQP9ERET/R0dH/0hISP9KSkr/RERE/z09Pf8+Pj7/Pz8//0NDQ/9JSUn/SEhI/0RERP9FRUX/S0tL/0xMTP9ISEj/R0dH/0dHR/9HR0f/RkZG/0VFRf9FRUX/RkZG/09PT/9bW1v/XFxc/11dXf9ZWVn/UlJS/05OTv9ISEj/SEhI/0tLS/9PT0//W1tb/15eXv9VVVX/T09P/0tLS/9HR0f/SUlJ/0pKSv9OTk7/U1NT/09PT/9ISEj/RUVF/0JCQv9CQkL/Q0ND/0dHR/9RUVH/VlZW/1lZWf9aWlr/WFhY/1dXV/9cXFz/YWFh/2ZmZv9sbGz/aGho/2RkZP9fX1//WFhY/1lZWf9bW1v/YGBg/2pqav9sbGz/bW1t/21tbf9vb2//bm5u/2hoaP9lZWX/cnJy/35+fv97e3v/eHh4/29vb/9kZGT/ZGRk/2RkZP9kZGT/ZGRk/2VlZf9oaGj/bGxs/3d3d/94eHj/b29v/2tra/9sbGz/bm5u/3V1df9/f3//hoaG/42Njf+cnJz/r6+v/8bGxv/q6ur/7+/v//Hx8f/z8/P/9/f3//n5+f/7+/v/+/v7//n5+f/4+Pj/9fX1//Pz8//w8PD/7e3t/8zMzP+oqKj/np6e/5GRkf+Ojo7/i4uL/5SUlP+lpaX/qamp/6urq/+srKz/rKys/6Wlpf+QkJD/hYWF/4+Pj/+Wlpb/i4uL/4CAgP+fn5//w8PD/7Ozs/+cnJz/nZ2d/6Ghof+xsbH/z8/P/8TExP+dnZ3/kpKS/5KSkv+dnZ3/x8fH/9fX1/+wsLD/j4+P/4KCgv90dHT/fn5+/4qKiv+Xl5f/qamp/6Ghof+SkpL/h4eH/3Z2dv97e3v/jo6O/5aWlv+ampr/k5OT/21tbf9YWFj/YmJi/2pqav9vb2//dHR0/5qamv/Hx8f/yMjI/8jIyP+mpqb/bGxs/2FhYf9bW1v/W1tb/2FhYf9sbGz/h4eH/5CQkP+FhYX/goKC/5qamv+urq7/np6e/46Ojv+Hh4f/fn5+/5CQkP+rq6v/p6en/52dnf+oqKj/wcHB/76+vv+pqan/m5ub/4GBgf95eXn/iIiI/5GRkf+Ojo7/jIyM/4qKiv+IiIj/dnZ2/2FhYf9dXV3/V1dX/2RkZP98fHz/fHx8/3V1df96enr/jY2N/5KSkv+Ojo7/i4uL/4KCgv98fHz/eHh4/3Z2dv9/f3//iYmJ/4yMjP+QkJD/n5+f/7W1tf+ysrL/qKio/6ioqP+rq6v/tbW1/8/Pz//W1tb/zc3N/8jIyP/FxcX/wsLC/7y8vP+1tbX/jo6O/2RkZP9iYmL/YWFh/4uLi//MzMz/19fX/+Li4v/Ly8v/k5OT/4CAgP9xcXH/aGho/1tbW/9ZWVn/bm5u/35+fv97e3v/eXl5/3Nzc/9sbGz/aGho/2FhYf9sbGz/fn5+/5GRkf+xsbH/rq6u/5ubm/+NjY3/dXV1/2dnZ/9XV1f/UlJS/2NjY/9xcXH/fX19/4qKiv90dHT/XFxc/19fX/9iYmL/Xl5e/1ZWVv9YWFj/XFxc/2BgYP9nZ2f/a2tr/3Fxcf94eHj/iYmJ/4+Pj/9+fn7/cHBw/3Fxcf9ycnL/bm5u/2lpaf9lZWX/YWFh/2dnZ/9ycnL/bm5u/2RkZP9gYGD/WVlZ/1xcXP9oaGj/bGxs/2xsbP9tbW3/cHBw/3Nzc/9ra2v/ZGRk/1xcXP9TU1P/X19f/3Fxcf9vb2//aWlp/3d3d/+Tk5P/lJSU/4qKiv97e3v/VlZW/0ZGRv9ERET/Q0ND/0NDQ/9DQ0P/Pz8//zo6Ov89PT3/QUFB/0VFRf9MTEz/W1tb/3Nzc/92dnb/dnZ2/2tra/9PT0//RUVF/z8/P/88PDz/OTk5/zc3N/82Njb/NTU1/zo6Ov8+Pj7/QUFB/0RERP9GRkb/SUlJ/0lJSf9JSUn/SUlJ/0lJSf9HR0f/QkJC/0FBQf9CQkL/QUFB/z4+Pv86Ojr/NTU1/zAwMP8vLy//Li4u/zAwMP8yMjL/Nzc3/z4+Pv9AQED/QkJC/0VFRf9LS0v/SUlJ/z4+Pv9AQED/VFRU/2BgYP9ubm7/dnZ2/2VlZf9WVlb/WVlZ/1tbW/9UVFT/SkpK/0dHR/9DQ0P/SEhI/1FRUf9RUVH/Tk5O/0hISP87Ozv/NjY2/zY2Nv83Nzf/PDw8/0BAQP9ISEj/UFBQ/0xMTP9HR0f/QUFB/zo6Ov84ODj/NjY2/zY2Nv82Njb/NjY2/zY2Nv83Nzf/OTk5/zk5Of82Njb/NjY2/zs7O/8/Pz//Pz8//25ubv9xcXH/c3Nz/4qKiv+np6f/nJyc/4iIiP+Dg4P/fn5+/3h4eP9ra2v/bm5u/4GBgf+Wlpb/ycnJ/+Hh4f/R0dH/wsLC/6Kiov+Dg4P/kZGR/6CgoP+urq7/wMDA/7W1tf+ioqL/m5ub/5CQkP+Ojo7/jY2N/4WFhf9xcXH/aGho/2ZmZv9lZWX/aWlp/25ubv99fX3/jY2N/39/f/9wcHD/cnJy/3V1df+AgID/kpKS/4yMjP98fHz/cXFx/19fX/9cXFz/YWFh/21tbf+SkpL/qqqq/7q6uv/ExMT/srKy/56env+SkpL/hISE/4qKiv+Tk5P/f39//11dXf9WVlb/T09P/1FRUf9ZWVn/X19f/21tbf97e3v/n5+f/7S0tP+wsLD/q6ur/5WVlf9+fn7/enp6/3V1df+Dg4P/l5eX/5mZmf+ampr/oqKi/7Kysv+wsLD/oqKi/5iYmP+Dg4P/fHx8/4WFhf+NjY3/n5+f/62trf+Ojo7/bGxs/3Nzc/97e3v/hISE/4+Pj/+MjIz/g4OD/4KCgv+CgoL/fX19/25ubv9oaGj/Y2Nj/2BgYP9dXV3/W1tb/1paWv9ZWVn/VFRU/09PT/9UVFT/Wlpa/2BgYP9oaGj/dXV1/4uLi/+ampr/sbGx/7e3t/+5ubn/wsLC/9zc3P/j4+P/zMzM/729vf++vr7/v7+//7Ozs/+np6f/vLy8/9fX1/+2trb/goKC/4qKiv+goKD/p6en/7Gxsf+1tbX/urq6/7Gxsf+Kior/dnZ2/3V1df90dHT/dXV1/3Z2dv+JiYn/np6e/5KSkv+CgoL/f39//3p6ev+IiIj/oqKi/7Kysv/Nzc3/xMTE/5eXl/+AgID/ZmZm/1lZWf9eXl7/YmJi/21tbf93d3f/dHR0/3BwcP9xcXH/cnJy/46Ojv+8vLz/xMTE/8vLy/+8vLz/l5eX/4uLi/+Ghob/hYWF/4uLi/+Pj4//kpKS/5SUlP+QkJD/jIyM/5KSkv+YmJj/mpqa/52dnf+fn5//oaGh/5ubm/+QkJD/ioqK/35+fv96enr/dnZ2/3h4eP+Ghob/kJCQ/6Ghof+rq6v/jo6O/3BwcP+AgID/k5OT/6qqqv/Jycn/uLi4/5iYmP+MjIz/e3t7/35+fv+NjY3/iIiI/29vb/9jY2P/XFxc/1lZWf9jY2P/a2tr/3BwcP90dHT/cHBw/2tra/9ycnL/fHx8/4GBgf+JiYn/lJSU/6ampv+lpaX/m5ub/5CQkP94eHj/a2tr/2BgYP9aWlr/X19f/2RkZP96enr/kZGR/5mZmf+ioqL/oqKi/6Ghof+1tbX/2NjY/8TExP+UlJT/g4OD/3Fxcf9vb2//d3d3/4ODg/+mpqb/uLi4/6SkpP+RkZH/f39//21tbf9ra2v/aGho/3R0dP+Ghob/i4uL/5KSkv+Tk5P/lJSU/5CQkP+Ghob/h4eH/5eXl/+ZmZn/g4OD/3R0dP9tbW3/ZmZm/3Jycv9+fn7/enp6/3V1df+CgoL/lZWV/6CgoP+xsbH/p6en/4uLi/+Hh4f/i4uL/4aGhv9zc3P/Z2dn/1tbW/9TU1P/WFhY/1xcXP9fX1//YmJi/2ZmZv9ra2v/b29v/3Z2dv+Hh4f/pqam/6urq/+srKz/rKys/6ysrP+qqqr/paWl/6CgoP+Tk5P/iYmJ/35+fv9zc3P/gYGB/5CQkP+dnZ3/rq6u/6Ojo/+SkpL/h4eH/3V1df94eHj/hYWF/52dnf/W1tb/6+vr/+7u7v/n5+f/vb29/52dnf+Ojo7/jo6O/4KCgv92dnb/Z2dn/1RUVP9MTEz/QEBA/0FBQf9ERET/SEhI/1FRUf9SUlL/UVFR/1RUVP9iYmL/ampq/2xsbP9ubm7/eXl5/4WFhf95eXn/bGxs/25ubv9xcXH/bGxs/2VlZf9hYWH/XFxc/1paWv9aWlr/XFxc/2FhYf9gYGD/VlZW/1FRUf9RUVH/UlJS/1ZWVv9bW1v/Wlpa/1hYWP9WVlb/U1NT/1JSUv9RUVH/T09P/0xMTP9QUFD/W1tb/2BgYP9lZWX/Y2Nj/1NTU/9JSUn/SEhI/0hISP9PT0//VVVV/1ZWVv9XV1f/XFxc/2RkZP9bW1v/TU1N/05OTv9UVFT/VFRU/1BQUP9OTk7/Tk5O/09PT/9RUVH/UlJS/1FRUf9QUFD/UlJS/1RUVP9TU1P/UVFR/1JSUv9TU1P/UlJS/1FRUf9RUVH/UVFR/1RUVP9dXV3/X19f/15eXv9dXV3/XFxc/15eXv9tbW3/eXl5/3V1df9xcXH/Z2dn/1xcXP9ZWVn/VFRU/1lZWf9iYmL/Z2dn/29vb/9sbGz/YmJi/19fX/9gYGD/YWFh/2NjY/9kZGT/Z2dn/2pqav9hYWH/V1dX/1VVVf9TU1P/UVFR/05OTv9OTk7/Tk5O/1FRUf9XV1f/W1tb/2NjY/9oaGj/c3Nz/3d3d/9xcXH/bW1t/21tbf9tbW3/ZWVl/11dXf9fX1//YWFh/15eXv9YWFj/WVlZ/1xcXP9YWFj/T09P/09PT/9VVVX/V1dX/1dXV/9XV1f/VVVV/1VVVf9eXl7/Z2dn/1paWv9NTU3/SkpK/0ZGRv9JSUn/Tk5O/05OTv9MTEz/TExM/0pKSv9MTEz/UlJS/1RUVP9TU1P/VFRU/1paWv9eXl7/WFhY/1JSUv9QUFD/T09P/2BgYP92dnb/dXV1/3Nzc/9qamr/W1tb/1paWv9cXFz/Xl5e/2FhYf9jY2P/aGho/2hoaP9dXV3/VFRU/0NDQ/8zMzP/Ly8v/ysrK/8tLS3/MTEx/zU1Nf87Ozv/Ojo6/zY2Nv80NDT/MTEx/y8vL/8tLS3/LCws/ywsLP8sLCz/LS0t/y0tLf8tLS3/LS0t/y4uLv8uLi7/Ly8v/zAwMP8wMDD/Ly8v/y8vL/8uLi7/Li4u/y0tLf8tLS3/LCws/ywsLP8sLCz/LCws/y0tLf8tLS3/Li4u/y4uLv8uLi7/Li4u/y8vL/8wMDD/MDAw/zExMf8wMDD/Li4u/y4uLv8uLi7/Li4u/y8vL/8vLy//Ly8v/y8vL/8wMDD/MDAw/zAwMP8wMDD/MDAw/y8vL/8vLy//Li4u/y4uLv8tLS3/LS0t/y4uLv8uLi7/Li4u/y4uLv8uLi7/Li4u/y8vL/8vLy//MDAw/zAwMP8wMDD/MDAw/zAwMP8wMDD/MTEx/zMzM/81NTX/ODg4/zs7O/9CQkL/S0tL/2BgYP9sbGz/fX19/39/f/9oaGj/Wlpa/2BgYP9nZ2f/g4OD/6Ghof+Tk5P/gYGB/3h4eP9sbGz/a2tr/2tra/9nZ2f/XFxc/1tbW/9dXV3/YGBg/2lpaf9tbW3/b29v/29vb/9nZ2f/YWFh/15eXv9bW1v/YmJi/2pqav9ra2v/bGxs/3p6ev+Tk5P/lZWV/5CQkP+RkZH/l5eX/5aWlv+JiYn/hISE/4iIiP+JiYn/eHh4/2hoaP9ycnL/fHx8/39/f/+Dg4P/jIyM/5qamv+UlJT/h4eH/3x8fP9oaGj/Y2Nj/2RkZP9jY2P/Xl5e/19fX/9vb2//e3t7/3R0dP8LCwv/CwsL/wsLC/8LCwv/DAwM/wwMDP8MDAz/DAwM/wwMDP8MDAz/DAwM/wwMDP8MDAz/DAwM/wwMDP8MDAz/DAwM/wwMDP8MDAz/DAwM/wwMDP8LCwv/CwsL/wwMDP8MDAz/DAwM/wwMDP8MDAz/DAwM/wwMDP8MDAz/CwsL/wsLC/8LCwv/CwsL/wwMDP8MDAz/DAwM/wwMDP8MDAz/DAwM/wwMDP8MDAz/DAwM/w0NDf8NDQ3/DQ0N/w0NDf8MDAz/DAwM/wwMDP8MDAz/DQ0N/w0NDf8NDQ3/DQ0N/w0NDf8NDQ3/DQ0N/w0NDf8NDQ3/DAwM/wwMDP8NDQ3/DQ0N/w4ODv8PDw//ERER/xMTE/8UFBT/FRUV/xYWFv8WFhb/FRUV/xUVFf8VFRX/FRUV/xQUFP8TExP/ExMT/xQUFP8UFBT/FRUV/xUVFf8WFhb/FhYW/xYWFv8WFhb/FhYW/xYWFv8WFhb/FhYW/xYWFv8WFhb/FhYW/xYWFv8WFhb/FhYW/xYWFv8VFRX/FRUV/xUVFf8VFRX/FRUV/xUVFf8WFhb/FhYW/xYWFv8WFhb/FhYW/xYWFv8WFhb/FhYW/xYWFv8WFhb/FhYW/xYWFv8WFhb/FxcX/xcXF/8XFxf/FxcX/xgYGP8YGBj/GBgY/xgYGP8YGBj/GBgY/xgYGP8YGBj/GRkZ/xoaGv8bGxv/HBwc/x0dHf8eHh7/ISEh/yUlJf8oKCj/Kysr/ysrK/8oKCj/Jycn/yYmJv8oKCj/Ly8v/zIyMv81NTX/Nzc3/zc3N/82Njb/NTU1/zQ0NP81NTX/Nzc3/zY2Nv81NTX/ODg4/z09Pf8+Pj7/Pz8//z4+Pv88PDz/Ozs7/zo6Ov85OTn/NTU1/zU1Nf8/Pz//SkpK/0xMTP9PT0//RkZG/zk5Of85OTn/OTk5/zg4OP81NTX/NTU1/zU1Nf80NDT/MTEx/y8vL/8vLy//MDAw/zIyMv8zMzP/ODg4/zw8PP88PDz/PT09/0JCQv9KSkr/SkpK/0pKSv9GRkb/Pj4+/zw8PP85OTn/PDw8/0VFRf9MTEz/WFhY/15eXv9WVlb/T09P/09PT/9QUFD/TU1N/0lJSf9PT0//WFhY/1VVVf9PT0//TU1N/0hISP9ISEj/SkpK/0tLS/9LS0v/S0tL/0hISP9GRkb/RERE/0NDQ/9FRUX/R0dH/0RERP9BQUH/RUVF/0xMTP9QUFD/VVVV/1VVVf9UVFT/UVFR/0hISP9HR0f/TExM/0tLS/9DQ0P/Pj4+/0BAQP9BQUH/RERE/0dHR/9AQED/ODg4/zg4OP84ODj/Pz8//0pKSv9ISEj/QkJC/0RERP9NTU3/T09P/05OTv9NTU3/SkpK/0hISP9FRUX/QkJC/0JCQv9CQkL/SEhI/09PT/9RUVH/VVVV/1FRUf9LS0v/SkpK/0lJSf9KSkr/Tk5O/1FRUf9WVlb/V1dX/09PT/9JSUn/SUlJ/0lJSf9PT0//VVVV/1VVVf9VVVX/Tk5O/0RERP9CQkL/QEBA/0BAQP8/Pz//Q0ND/0xMTP9RUVH/W1tb/15eXv9YWFj/VVVV/1dXV/9aWlr/WVlZ/1lZWf9XV1f/VVVV/1hYWP9bW1v/W1tb/1paWv9eXl7/ZmZm/2tra/9zc3P/dnZ2/3V1df9ycnL/ZmZm/15eXv9kZGT/aWlp/2dnZ/9mZmb/Xl5e/1RUVP9XV1f/XFxc/1xcXP9aWlr/XFxc/2JiYv9lZWX/aWlp/2dnZ/9dXV3/WVlZ/15eXv9kZGT/eXl5/3BwcP91dXX/e3t7/4iIiP+ZmZn/t7e3/+Pj4//k5OT/39/f/+Hh4f/n5+f/7Ozs//Pz8//x8fH/3t7e/9PT0//Kysr/w8PD/76+vv+5ubn/o6Oj/4qKiv+MjIz/j4+P/5WVlf+fn5//qqqq/729vf+6urr/qamp/6SkpP+jo6P/o6Oj/6CgoP+enp7/lJSU/4yMjP+EhIT/enp6/42Njf+ioqL/n5+f/5qamv+fn5//p6en/7Kysv/Hx8f/vLy8/5qamv+Ojo7/iIiI/5GRkf+7u7v/z8/P/7Ozs/+cnJz/kJCQ/4ODg/+FhYX/h4eH/42Njf+Wlpb/k5OT/42Njf+Ghob/eXl5/39/f/+UlJT/oKCg/7S0tP+zs7P/j4+P/3h4eP9xcXH/a2tr/21tbf9vb2//iYmJ/6ioqP+rq6v/r6+v/5ycnP99fX3/dHR0/2pqav9nZ2f/Z2dn/3BwcP+Pj4//mZmZ/4yMjP+FhYX/jo6O/5aWlv+VlZX/lZWV/5KSkv+QkJD/lpaW/6CgoP+YmJj/iYmJ/5CQkP+jo6P/paWl/6Ghof+ZmZn/h4eH/4GBgf+NjY3/kpKS/4iIiP9+fn7/eHh4/3Jycv9nZ2f/WFhY/1VVVf9SUlL/Xl5e/3V1df+AgID/kpKS/5aWlv+UlJT/kZGR/4qKiv+FhYX/fX19/3d3d/9zc3P/bm5u/3V1df98fHz/hISE/46Ojv+enp7/tLS0/7CwsP+kpKT/qKio/7S0tP+9vb3/zc3N/9DQ0P/Gxsb/wcHB/8HBwf++vr7/ra2t/52dnf+CgoL/ZGRk/2FhYf9eXl7/f39//7S0tP+8vLz/wsLC/7W1tf+UlJT/hoaG/3Z2dv9sbGz/Xl5e/1tbW/9sbGz/eXl5/3Z2dv9zc3P/cHBw/21tbf9paWn/ZGRk/3Jycv+Hh4f/m5ub/7y8vP+6urr/qqqq/5mZmf92dnb/ZWVl/1VVVf9QUFD/YGBg/21tbf99fX3/jIyM/3d3d/9fX1//YGBg/2FhYf9fX1//W1tb/19fX/9qamr/bGxs/25ubv9vb2//c3Nz/319ff+bm5v/p6en/4yMjP94eHj/c3Nz/25ubv9ra2v/Z2dn/2RkZP9hYWH/bm5u/4SEhP+AgID/dXV1/2xsbP9cXFz/Wlpa/2FhYf9lZWX/Z2dn/2pqav9zc3P/e3t7/3d3d/9ycnL/ZWVl/1ZWVv9bW1v/Y2Nj/2NjY/9hYWH/Z2dn/3R0dP90dHT/bW1t/2NjY/9OTk7/RkZG/0tLS/9NTU3/S0tL/0lJSf9GRkb/QkJC/0BAQP8+Pj7/QUFB/0VFRf9RUVH/ZWVl/2dnZ/9nZ2f/YGBg/01NTf9HR0f/RUVF/0NDQ/9AQED/Pj4+/z4+Pv8+Pj7/Pz8//0BAQP9CQkL/RERE/0lJSf9QUFD/UFBQ/09PT/9LS0v/Q0ND/0BAQP8+Pj7/Pz8//0RERP9GRkb/SEhI/0hISP9AQED/ODg4/zU1Nf8xMTH/MjIy/zIyMv80NDT/NjY2/zc3N/84ODj/Ozs7/0BAQP9AQED/Pj4+/0RERP9bW1v/aGho/3Fxcf91dXX/Y2Nj/1JSUv9UVFT/VlZW/1BQUP9ISEj/RUVF/0FBQf9ERET/SkpK/0lJSf9DQ0P/QEBA/zk5Of84ODj/Pj4+/0JCQv9FRUX/SEhI/1BQUP9XV1f/WVlZ/1tbW/9WVlb/T09P/0lJSf8/Pz//PT09/zw8PP89PT3/QEBA/z8/P/87Ozv/OTk5/zo6Ov89PT3/R0dH/01NTf9NTU3/c3Nz/4KCgv+Tk5P/m5ub/6SkpP+ioqL/np6e/5qamv+UlJT/jY2N/35+fv9+fn7/iYmJ/5eXl/+7u7v/zMzM/7y8vP+tra3/l5eX/4CAgP+IiIj/kZGR/5eXl/+hoaH/mZmZ/42Njf+NjY3/jo6O/5CQkP+UlJT/jIyM/3Fxcf9mZmb/ZWVl/2RkZP9jY2P/Y2Nj/25ubv96enr/d3d3/3Nzc/9xcXH/b29v/3d3d/+Ghob/goKC/3d3d/9ubm7/Xl5e/1lZWf9aWlr/YGBg/3p6ev+Li4v/mpqa/6ampv+fn5//l5eX/5KSkv+MjIz/iYmJ/4SEhP98fHz/bm5u/2lpaf9jY2P/ZWVl/25ubv90dHT/fn5+/4mJif+ioqL/sLCw/6qqqv+kpKT/nJyc/5SUlP+Kior/fX19/4aGhv+VlZX/lpaW/5eXl/+ampr/oaGh/6Kiov+goKD/mJiY/4WFhf9+fn7/h4eH/46Ojv+UlJT/l5eX/4GBgf9oaGj/bm5u/3V1df96enr/goKC/39/f/95eXn/fHx8/4aGhv+Ghob/hISE/4GBgf99fX3/d3d3/2lpaf9eXl7/VlZW/05OTv9LS0v/SEhI/01NTf9TU1P/VlZW/1tbW/9lZWX/dnZ2/4CAgP+RkZH/l5eX/5ycnP+jo6P/s7Oz/7i4uP+urq7/p6en/6Kiov+dnZ3/mZmZ/5WVlf+oqKj/wcHB/66urv+Pj4//kJCQ/5eXl/+Xl5f/lpaW/5qamv+jo6P/n5+f/4iIiP97e3v/b29v/2hoaP9qamr/bGxs/3t7e/+Li4v/jIyM/4yMjP+Kior/h4eH/5SUlP+tra3/s7Oz/7a2tv+srKz/jY2N/35+fv9vb2//Z2dn/2ZmZv9mZmb/ZmZm/2dnZ/9mZmb/ZGRk/2xsbP93d3f/i4uL/6qqqv+xsbH/ubm5/6qqqv+Ghob/fHx8/3l5ef98fHz/i4uL/5OTk/+SkpL/kZGR/4uLi/+EhIT/jIyM/5WVlf+RkZH/i4uL/4mJif+Hh4f/hYWF/4CAgP98fHz/dXV1/3Fxcf9sbGz/bm5u/35+fv+JiYn/mJiY/6Kiov+Ghob/ampq/3d3d/+Ghob/m5ub/7e3t/+tra3/mpqa/46Ojv96enr/fn5+/5CQkP+QkJD/gICA/3V1df9lZWX/Xl5e/2hoaP9xcXH/c3Nz/3V1df9ubm7/ZmZm/21tbf94eHj/ioqK/6ampv+ysrL/wcHB/7m5uf+fn5//k5OT/4aGhv98fHz/bW1t/2RkZP9nZ2f/ampq/3l5ef+JiYn/jIyM/4+Pj/+Tk5P/mZmZ/6ioqP/Dw8P/ubm5/56env+RkZH/fX19/3l5ef98fHz/g4OD/52dnf+rq6v/np6e/5OTk/+EhIT/dHR0/3l5ef+AgID/k5OT/66urv+ysrL/t7e3/7Ozs/+rq6v/oqKi/5KSkv+Li4v/hYWF/39/f/9zc3P/a2tr/2hoaP9lZWX/bW1t/3Z2dv93d3f/d3d3/4KCgv+Tk5P/o6Oj/76+vv+zs7P/lZWV/5WVlf+np6f/paWl/4iIiP91dXX/XV1d/05OTv9TU1P/WFhY/19fX/9mZmb/cXFx/35+fv9+fn7/fHx8/4ODg/+QkJD/kpKS/5OTk/+Tk5P/k5OT/5SUlP+Wlpb/lZWV/4uLi/+EhIT/gICA/3x8fP+JiYn/l5eX/56env+mpqb/np6e/5CQkP+EhIT/cHBw/3Nzc/+CgoL/lZWV/729vf/Nzc3/0dHR/8zMzP+oqKj/jY2N/35+fv97e3v/c3Nz/2pqav9iYmL/WVlZ/1JSUv9JSUn/SkpK/05OTv9UVFT/YWFh/2JiYv9aWlr/WVlZ/15eXv9gYGD/YWFh/2JiYv9ra2v/dHR0/21tbf9kZGT/Z2dn/2tra/9sbGz/bm5u/2xsbP9oaGj/ZGRk/1xcXP9dXV3/Z2dn/2lpaf9hYWH/W1tb/1dXV/9VVVX/WFhY/1tbW/9bW1v/XFxc/1paWv9YWFj/V1dX/1VVVf9WVlb/WFhY/1paWv9fX1//ZGRk/21tbf9ubm7/YWFh/1lZWf9VVVX/U1NT/1VVVf9XV1f/VlZW/1RUVP9VVVX/V1dX/1JSUv9LS0v/TExM/09PT/9PT0//Tk5O/05OTv9RUVH/UlJS/1FRUf9RUVH/UFBQ/1BQUP9ZWVn/YmJi/11dXf9YWFj/VlZW/1RUVP9SUlL/T09P/1BQUP9SUlL/WFhY/2VlZf9oaGj/ZGRk/2FhYf9bW1v/WFhY/2NjY/9tbW3/ampq/2hoaP9kZGT/X19f/1tbW/9XV1f/W1tb/2RkZP9nZ2f/ampq/2hoaP9fX1//Xl5e/2RkZP9mZmb/ZWVl/2VlZf9kZGT/Y2Nj/1xcXP9VVVX/VFRU/1NTU/9RUVH/T09P/05OTv9OTk7/T09P/1JSUv9WVlb/XV1d/2NjY/9sbGz/bm5u/2VlZf9fX1//Xl5e/11dXf9bW1v/WFhY/1paWv9cXFz/WFhY/1NTU/9UVFT/V1dX/1NTU/9MTEz/Tk5O/1dXV/9bW1v/Wlpa/1lZWf9TU1P/UFBQ/1ZWVv9dXV3/VFRU/0tLS/9HR0f/QkJC/0NDQ/9GRkb/SUlJ/01NTf9OTk7/T09P/1JSUv9YWFj/WVlZ/1ZWVv9UVFT/VlZW/1dXV/9UVFT/UVFR/1RUVP9WVlb/YGBg/2xsbP9qamr/ZmZm/15eXv9QUFD/UFBQ/1RUVP9UVFT/U1NT/1JSUv9TU1P/UlJS/0tLS/9ERET/ODg4/ywsLP8sLCz/Kysr/zAwMP81NTX/ODg4/zw8PP86Ojr/NTU1/zMzM/8wMDD/Ly8v/y0tLf8rKyv/Kysr/ysrK/8sLCz/LS0t/ywsLP8sLCz/LCws/y0tLf8uLi7/Ly8v/y4uLv8uLi7/LS0t/y4uLv8tLS3/LCws/ywsLP8rKyv/Kysr/ysrK/8rKyv/LCws/y0tLf8tLS3/LS0t/y0tLf8tLS3/Li4u/y4uLv8vLy//Ly8v/y8vL/8vLy//Li4u/y8vL/8vLy//MDAw/zExMf8wMDD/MDAw/zAwMP8vLy//MDAw/zAwMP8wMDD/MDAw/y8vL/8uLi7/LS0t/y0tLf8tLS3/Li4u/y4uLv8uLi7/Li4u/y4uLv8uLi7/Li4u/y4uLv8vLy//Ly8v/y8vL/8wMDD/MDAw/zAwMP8xMTH/MzMz/zQ0NP83Nzf/OTk5/z4+Pv9FRUX/VFRU/15eXv9ubm7/cnJy/2NjY/9ZWVn/WVlZ/1lZWf9tbW3/goKC/35+fv94eHj/dHR0/21tbf9tbW3/bm5u/2lpaf9eXl7/XFxc/11dXf9eXl7/Y2Nj/2RkZP9kZGT/ZGRk/19fX/9bW1v/XFxc/11dXf9eXl7/YWFh/2JiYv9kZGT/dHR0/5GRkf+ampr/paWl/6ampv+kpKT/np6e/4yMjP+EhIT/iIiI/4qKiv9+fn7/cnJy/3R0dP92dnb/eXl5/3x8fP+QkJD/r6+v/62trf+kpKT/mJiY/4CAgP93d3f/cHBw/2pqav9fX1//XFxc/2dnZ/9vb2//cXFx/wwMDP8MDAz/CwsL/wwMDP8MDAz/DAwM/wwMDP8MDAz/DAwM/wwMDP8MDAz/DAwM/wwMDP8MDAz/DAwM/wwMDP8MDAz/DAwM/wwMDP8MDAz/DAwM/wsLC/8MDAz/DAwM/wwMDP8MDAz/DAwM/wwMDP8MDAz/DAwM/wwMDP8MDAz/CwsL/wsLC/8LCwv/DAwM/wwMDP8MDAz/DAwM/wwMDP8MDAz/DAwM/wwMDP8MDAz/DAwM/wwMDP8NDQ3/DAwM/wwMDP8MDAz/DAwM/wwMDP8MDAz/DQ0N/w0NDf8NDQ3/DQ0N/w0NDf8NDQ3/DQ0N/wwMDP8MDAz/DAwM/w0NDf8ODg7/Dw8P/xAQEP8SEhL/ExMT/xQUFP8VFRX/FRUV/xUVFf8VFRX/FRUV/xUVFf8VFRX/FBQU/xMTE/8UFBT/FBQU/xQUFP8VFRX/FRUV/xUVFf8VFRX/FRUV/xUVFf8VFRX/FRUV/xUVFf8VFRX/FRUV/xYWFv8WFhb/FhYW/xYWFv8WFhb/FRUV/xUVFf8VFRX/FRUV/xUVFf8VFRX/FhYW/xYWFv8WFhb/FhYW/xYWFv8WFhb/FhYW/xYWFv8WFhb/FhYW/xYWFv8WFhb/FhYW/xYWFv8XFxf/FxcX/xcXF/8XFxf/GBgY/xgYGP8YGBj/GBgY/xgYGP8YGBj/GBgY/xgYGP8ZGRn/Ghoa/xoaGv8bGxv/HBwc/x4eHv8hISH/JSUl/yYmJv8oKCj/KCgo/ycnJ/8nJyf/KCgo/yoqKv8wMDD/MzMz/zQ0NP81NTX/NTU1/zU1Nf8zMzP/MTEx/zMzM/81NTX/NTU1/zQ0NP84ODj/Pz8//0BAQP9AQED/Pj4+/zs7O/85OTn/NjY2/zMzM/8wMDD/Ly8v/zc3N/8/Pz//QUFB/0RERP8+Pj7/NTU1/zU1Nf80NDT/NDQ0/zU1Nf83Nzf/OTk5/zg4OP80NDT/MjIy/y8vL/8vLy//MjIy/zU1Nf87Ozv/QEBA/0BAQP9AQED/Q0ND/0ZGRv9GRkb/RkZG/0dHR/9HR0f/RUVF/0FBQf9CQkL/R0dH/0tLS/9UVFT/V1dX/09PT/9JSUn/SkpK/0pKSv9KSkr/SkpK/09PT/9WVlb/VFRU/1BQUP9NTU3/SUlJ/0dHR/9GRkb/RkZG/0dHR/9HR0f/R0dH/0ZGRv9DQ0P/QUFB/0JCQv9ERET/QkJC/0BAQP9DQ0P/SEhI/05OTv9XV1f/WVlZ/1lZWf9VVVX/SkpK/0dHR/9LS0v/SkpK/0RERP9BQUH/QUFB/0FBQf9DQ0P/RkZG/z8/P/84ODj/ODg4/zo6Ov9BQUH/TExM/0tLS/9GRkb/R0dH/0lJSf9KSkr/SkpK/0pKSv9HR0f/RUVF/0NDQ/9AQED/Pz8//z09Pf9AQED/RERE/0hISP9PT0//UVFR/1NTU/9QUFD/SUlJ/0lJSf9NTU3/UVFR/1lZWf9aWlr/UlJS/01NTf9JSUn/RkZG/01NTf9UVFT/VVVV/1VVVf9QUFD/SEhI/0dHR/9GRkb/SkpK/1BQUP9TU1P/VlZW/1hYWP9bW1v/XV1d/11dXf9eXl7/ZmZm/2xsbP9nZ2f/YmJi/11dXf9YWFj/W1tb/15eXv9gYGD/YWFh/2NjY/9mZmb/Z2dn/2hoaP9oaGj/ZmZm/2NjY/9bW1v/VlZW/1hYWP9aWlr/Xl5e/2JiYv9kZGT/ZmZm/2hoaP9qamr/ZWVl/1paWv9aWlr/Xl5e/2BgYP9jY2P/YmJi/1paWv9XV1f/WFhY/1tbW/9ra2v/Xl5e/2BgYP9jY2P/bW1t/3x8fP+enp7/1NTU/9DQ0P/AwMD/wsLC/8zMzP/V1dX/5eXl/9/f3/+2trb/nJyc/4uLi/9+fn7/eHh4/3Fxcf9ra2v/Y2Nj/3Z2dv+QkJD/oaGh/7m5uf/Hx8f/3d3d/8/Pz/+kpKT/mJiY/5eXl/+enp7/urq6/8PDw/+goKD/hYWF/3x8fP9zc3P/c3Nz/3R0dP+BgYH/lJSU/56env+urq7/tLS0/729vf+zs7P/mpqa/42Njf99fX3/gYGB/6ysrP/CwsL/tbW1/6qqqv+goKD/lpaW/42Njf+Dg4P/gYGB/39/f/+CgoL/hoaG/4WFhf+AgID/h4eH/5qamv+rq6v/0dHR/9jY2P+5ubn/oaGh/4WFhf9ubm7/a2tr/2hoaP9xcXH/e3t7/4GBgf+Kior/jo6O/5OTk/+NjY3/f39//3h4eP9vb2//dnZ2/5eXl/+ioqL/kpKS/4eHh/99fX3/dHR0/4eHh/+bm5v/n5+f/6Wlpf+cnJz/j4+P/4KCgv9sbGz/b29v/3p6ev+EhIT/lpaW/5iYmP+Ojo7/ioqK/5CQkP+RkZH/fX19/2tra/9hYWH/VlZW/1JSUv9NTU3/TExM/0tLS/9XV1f/bGxs/4eHh/+5ubn/ubm5/52dnf+QkJD/hoaG/39/f/93d3f/cHBw/2pqav9kZGT/ampq/3BwcP99fX3/jY2N/5ycnP+ysrL/ra2t/6Ghof+pqan/wcHB/8bGxv/Gxsb/wsLC/7i4uP+0tLT/ubm5/7i4uP+cnJz/gICA/3V1df9oaGj/Y2Nj/1xcXP9xcXH/k5OT/5eXl/+Xl5f/lpaW/5WVlf+Ojo7/e3t7/3BwcP9hYWH/XFxc/2dnZ/9vb2//bW1t/2tra/9sbGz/bm5u/21tbf9ra2v/e3t7/5aWlv+qqqr/y8vL/8rKyv+9vb3/qKio/3h4eP9iYmL/U1NT/05OTv9bW1v/ZmZm/3p6ev+Ojo7/eXl5/2NjY/9hYWH/X19f/19fX/9hYWH/aWlp/3p6ev96enr/dXV1/3R0dP93d3f/hISE/7S0tP/Hx8f/oqKi/4SEhP92dnb/Z2dn/2ZmZv9kZGT/Y2Nj/2NjY/94eHj/m5ub/5iYmP+Li4v/fHx8/19fX/9XV1f/WFhY/1paWv9fX1//ZWVl/3V1df+Dg4P/hISE/4aGhv9zc3P/XFxc/1ZWVv9QUFD/UlJS/1ZWVv9TU1P/TExM/0pKSv9HR0f/RUVF/0NDQ/9GRkb/VVVV/1xcXP9XV1f/UlJS/1BQUP9NTU3/RERE/zo6Ov87Ozv/PT09/0RERP9QUFD/UlJS/1JSUv9QUFD/SkpK/0pKSv9OTk7/T09P/0pKSv9HR0f/SUlJ/0pKSv9GRkb/QkJC/0NDQ/9FRUX/Tk5O/1tbW/9aWlr/VlZW/01NTf88PDz/OTk5/zk5Of89PT3/SEhI/05OTv9WVlb/WVlZ/05OTv9ERET/PT09/zU1Nf80NDT/MzMz/zExMf8uLi7/Li4u/y8vL/8wMDD/MjIy/zU1Nf88PDz/R0dH/2JiYv9wcHD/cnJy/3BwcP9dXV3/SkpK/0xMTP9OTk7/SkpK/0ZGRv9CQkL/PT09/z09Pf8/Pz//PDw8/zU1Nf80NDT/NjY2/zs7O/9JSUn/UFBQ/1FRUf9TU1P/WVlZ/2BgYP9qamr/dXV1/3Fxcf9sbGz/X19f/0tLS/9HR0f/RUVF/0dHR/9NTU3/SkpK/z09Pf86Ojr/QEBA/0ZGRv9UVFT/X19f/19fX/95eXn/mZmZ/7y8vP+wsLD/oKCg/6mpqf+6urr/uLi4/7Kysv+qqqr/mZmZ/5SUlP+SkpL/lpaW/6ampv+rq6v/nZ2d/5GRkf+Ghob/e3t7/3t7e/96enr/enp6/3p6ev94eHj/dHR0/3x8fP+MjIz/lJSU/5+fn/+Wlpb/c3Nz/2ZmZv9lZWX/Y2Nj/1tbW/9WVlb/XV1d/2RkZP9ubm7/eXl5/3Jycv9nZ2f/bW1t/3d3d/91dXX/cXFx/2pqav9eXl7/WFhY/1JSUv9SUlL/XFxc/2VlZf90dHT/gYGB/4iIiP+QkJD/k5OT/5WVlf+Ghob/b29v/3Z2dv+CgoL/gYGB/3x8fP+AgID/i4uL/4+Pj/+VlZX/mpqa/6SkpP+pqan/oKCg/5qamv+np6f/tbW1/6Ghof+JiYn/jIyM/5GRkf+RkZH/kJCQ/46Ojv+Kior/jo6O/5ycnP+ampr/h4eH/4GBgf+JiYn/jIyM/4CAgP92dnb/bGxs/2JiYv9mZmb/bGxs/25ubv9ycnL/cXFx/29vb/94eHj/i4uL/5SUlP+goKD/o6Oj/5+fn/+Xl5f/eXl5/2RkZP9TU1P/RUVF/0NDQ/9CQkL/R0dH/01NTf9MTEz/S0tL/1BQUP9ZWVn/Xl5e/2dnZ/9tbW3/dnZ2/3l5ef96enr/fX19/4WFhf+JiYn/fHx8/29vb/90dHT/enp6/4mJif+cnJz/np6e/5+fn/+Xl5f/iIiI/4CAgP9ycnL/dHR0/4GBgf+Ghob/h4eH/4KCgv9sbGz/XV1d/2FhYf9kZGT/bGxs/3Z2dv+FhYX/mZmZ/5mZmf+ZmZn/pqam/729vf+0tLT/mZmZ/42Njf+AgID/e3t7/3t7e/96enr/c3Nz/21tbf9hYWH/VFRU/1dXV/9aWlr/a2tr/4KCgv+IiIj/kJCQ/5WVlf+dnZ3/kJCQ/29vb/9nZ2f/aWlp/3Fxcf+MjIz/mZmZ/5OTk/+Ojo7/hISE/3l5ef+FhYX/kZGR/4WFhf9zc3P/b29v/2pqav9sbGz/cHBw/29vb/9sbGz/aGho/2FhYf9jY2P/dHR0/4CAgP+Ojo7/lpaW/39/f/9nZ2f/bW1t/3R0dP+EhIT/mZmZ/5qamv+ampr/jo6O/3h4eP99fX3/k5OT/5iYmP+Wlpb/jo6O/3V1df9paWn/cnJy/3p6ev94eHj/dXV1/2tra/9fX1//ZmZm/3Fxcf+VlZX/0NDQ/9vb2//j4+P/0dHR/6Kiov+VlZX/mJiY/5OTk/9/f3//cnJy/3Nzc/9zc3P/eHh4/319ff97e3v/eHh4/4CAgP+MjIz/lJSU/6Ghof+kpKT/p6en/5+fn/+Li4v/hYWF/4KCgv+Dg4P/jo6O/5SUlP+VlZX/lJSU/4qKiv9+fn7/jo6O/6Ghof+9vb3/5eXl/+jo6P/q6ur/39/f/8fHx/+5ubn/oKCg/46Ojv9sbGz/XV1d/15eXv9gYGD/YmJi/2VlZf9qamr/bm5u/3V1df99fX3/hYWF/5CQkP+np6f/zs7O/8TExP+ioqL/qamp/87Ozv/Ozs7/qKio/42Njf9lZWX/S0tL/1BQUP9VVVX/YmJi/29vb/+Dg4P/nJyc/5SUlP+Ghob/f39//3R0dP9ycnL/cXFx/3Fxcf90dHT/enp6/4eHh/+MjIz/hYWF/4CAgP+FhYX/iYmJ/5SUlP+goKD/n5+f/56env+ZmZn/kZGR/4ODg/9paWn/bW1t/35+fv+IiIj/mJiY/6Ghof+qqqr/qKio/42Njf94eHj/a2tr/2FhYf9dXV3/WFhY/1tbW/9fX1//XFxc/1dXV/9YWFj/XFxc/2VlZf94eHj/d3d3/2hoaP9hYWH/WFhY/1NTU/9SUlL/UlJS/1hYWP9dXV3/XFxc/1paWv9dXV3/YWFh/2tra/95eXn/enp6/3d3d/9vb2//Xl5e/19fX/9vb2//dHR0/29vb/9qamr/YWFh/1paWv9bW1v/XV1d/2BgYP9kZGT/YmJi/19fX/9dXV3/W1tb/19fX/9nZ2f/aGho/2VlZf9paWn/eHh4/3x8fP9zc3P/bW1t/2dnZ/9iYmL/Xl5e/1paWv9WVlb/UlJS/01NTf9GRkb/R0dH/0pKSv9KSkr/SUlJ/0pKSv9MTEz/Tk5O/1RUVP9WVlb/UlJS/09PT/9PT0//T09P/2FhYf9zc3P/ampq/2BgYP9bW1v/VVVV/1NTU/9PT0//UVFR/1hYWP9gYGD/cXFx/3R0dP9ubm7/Z2dn/1hYWP9QUFD/VlZW/1xcXP9dXV3/XV1d/2FhYf9mZmb/YmJi/1xcXP9gYGD/Z2dn/2dnZ/9lZWX/YmJi/1xcXP9eXl7/a2tr/3BwcP9sbGz/aWlp/2NjY/9dXV3/WVlZ/1RUVP9VVVX/VlZW/1VVVf9SUlL/UVFR/1BQUP9PT0//TU1N/09PT/9XV1f/XFxc/2NjY/9kZGT/V1dX/09PT/9MTEz/SUlJ/01NTf9RUVH/U1NT/1VVVf9SUlL/TU1N/05OTv9QUFD/Tk5O/0lJSf9OTk7/XFxc/2FhYf9gYGD/XV1d/1JSUv9LS0v/TU1N/09PT/9MTEz/SEhI/0NDQ/89PT3/PDw8/zw8PP9DQ0P/UFBQ/1RUVP9XV1f/Wlpa/2JiYv9jY2P/W1tb/1ZWVv9RUVH/Tk5O/09PT/9QUFD/V1dX/19fX/9fX1//X19f/1tbW/9WVlb/T09P/0NDQ/9DQ0P/SUlJ/0hISP9AQED/PDw8/zc3N/80NDT/MTEx/y8vL/8qKir/JSUl/ykpKf8tLS3/MzMz/zs7O/88PDz/PDw8/zo6Ov81NTX/MzMz/zAwMP8uLi7/LCws/ysrK/8qKir/Kioq/ysrK/8sLCz/LCws/ysrK/8rKyv/Kysr/ywsLP8tLS3/LS0t/ysrK/8sLCz/LS0t/y0tLf8sLCz/Kysr/yoqKv8qKir/Kioq/yoqKv8sLCz/LS0t/ywsLP8rKyv/LCws/ywsLP8sLCz/LCws/y0tLf8tLS3/Li4u/y8vL/8vLy//MDAw/zExMf8zMzP/MzMz/zIyMv8xMTH/MDAw/y4uLv8vLy//MDAw/zAwMP8xMTH/Ly8v/y0tLf8tLS3/LS0t/y0tLf8tLS3/LS0t/y0tLf8tLS3/LS0t/y0tLf8tLS3/LS0t/y4uLv8uLi7/Ly8v/y8vL/8wMDD/MTEx/zIyMv8zMzP/NDQ0/zY2Nv83Nzf/OTk5/z09Pf9FRUX/TExM/1paWv9fX1//XV1d/1paWv9RUVH/SEhI/1BQUP9YWFj/YmJi/29vb/9wcHD/cHBw/3Fxcf9xcXH/bGxs/2FhYf9eXl7/XV1d/11dXf9bW1v/Wlpa/1hYWP9WVlb/VFRU/1NTU/9YWFj/X19f/1tbW/9VVVX/WFhY/1tbW/9ubm7/kJCQ/6SkpP/Dw8P/xcXF/7i4uP+rq6v/kJCQ/4ODg/+JiYn/jIyM/4aGhv+AgID/eXl5/3BwcP9ycnL/c3Nz/5aWlv/MzMz/zs7O/8nJyf+8vLz/oaGh/5OTk/9/f3//cnJy/2BgYP9YWFj/XV1d/2FhYf9tbW3/DQ0N/wwMDP8MDAz/DAwM/wwMDP8MDAz/DQ0N/w0NDf8NDQ3/DQ0N/wwMDP8MDAz/DAwM/wwMDP8MDAz/DAwM/wwMDP8MDAz/DAwM/wwMDP8MDAz/DAwM/wwMDP8MDAz/DAwM/wwMDP8MDAz/CwsL/wsLC/8MDAz/DAwM/wwMDP8MDAz/CwsL/wsLC/8MDAz/DAwM/wwMDP8MDAz/DAwM/wwMDP8MDAz/DAwM/wwMDP8LCwv/CwsL/wwMDP8MDAz/DAwM/wwMDP8MDAz/DAwM/wwMDP8MDAz/DAwM/wwMDP8MDAz/DAwM/wwMDP8MDAz/DAwM/wwMDP8NDQ3/Dg4O/w8PD/8QEBD/ERER/xMTE/8TExP/FBQU/xUVFf8UFBT/FBQU/xUVFf8VFRX/FRUV/xUVFf8VFRX/FBQU/xQUFP8UFBT/FBQU/xQUFP8UFBT/FBQU/xQUFP8UFBT/FBQU/xQUFP8UFBT/FBQU/xQUFP8VFRX/FRUV/xUVFf8VFRX/FRUV/xUVFf8VFRX/FBQU/xQUFP8VFRX/FRUV/xYWFv8WFhb/FhYW/xYWFv8WFhb/FhYW/xYWFv8WFhb/FhYW/xYWFv8WFhb/FhYW/xYWFv8WFhb/FhYW/xcXF/8XFxf/FxcX/xcXF/8XFxf/FxcX/xcXF/8XFxf/FxcX/xcXF/8YGBj/GBgY/xkZGf8ZGRn/Ghoa/xoaGv8cHBz/Hh4e/yAgIP8jIyP/IyMj/yQkJP8kJCT/JiYm/ycnJ/8qKir/LCws/zExMf8zMzP/MjIy/zExMf8yMjL/MzMz/zExMf8uLi7/MDAw/zMzM/8zMzP/MzMz/zg4OP9CQkL/QkJC/0BAQP8+Pj7/OTk5/zY2Nv8wMDD/LS0t/ykpKf8oKCj/LCws/zAwMP8zMzP/Nzc3/zQ0NP8wMDD/Li4u/ywsLP8vLy//NTU1/zg4OP8+Pj7/PT09/zg4OP81NTX/MDAw/y4uLv80NDT/OTk5/z8/P/9FRUX/RUVF/0RERP9DQ0P/QkJC/0JCQv9CQkL/SEhI/1NTU/9SUlL/S0tL/0lJSf9JSUn/SkpK/0xMTP9MTEz/RUVF/0FBQf9CQkL/Q0ND/0dHR/9LS0v/Tk5O/1NTU/9SUlL/UFBQ/05OTv9KSkr/RkZG/z8/P/8+Pj7/QEBA/0JCQv9FRUX/RkZG/0JCQv8/Pz//QEBA/0BAQP9AQED/QEBA/0JCQv9ERET/TExM/1paWv9dXV3/X19f/1paWv9LS0v/R0dH/0lJSf9JSUn/RkZG/0RERP9CQkL/QUFB/0NDQ/9ERET/Pz8//zg4OP86Ojr/Pj4+/0RERP9OTk7/T09P/01NTf9KSkr/Q0ND/0JCQv9FRUX/RUVF/0NDQ/9BQUH/QEBA/z4+Pv86Ojr/NjY2/zY2Nv82Njb/Pj4+/0hISP9QUFD/XV1d/1hYWP9JSUn/SEhI/01NTf9RUVH/XFxc/19fX/9YWFj/UlJS/0pKSv9DQ0P/SkpK/1JSUv9UVFT/VlZW/1JSUv9MTEz/TU1N/05OTv9WVlb/Z2dn/2lpaf9kZGT/YGBg/1tbW/9bW1v/ZGRk/2xsbP95eXn/hYWF/3t7e/9wcHD/Z2dn/11dXf9fX1//YmJi/2VlZf9qamr/ampq/2ZmZv9iYmL/WFhY/1RUVP9SUlL/UFBQ/05OTv9MTEz/SkpK/0lJSf9UVFT/YGBg/25ubv9/f3//f39//319ff9xcXH/W1tb/1hYWP9ZWVn/Wlpa/15eXv9eXl7/WVlZ/1ZWVv9SUlL/UFBQ/1hYWP95eXn/fHx8/4CAgP9+fn7/fHx8/5GRkf+zs7P/srKy/6qqqv+srKz/tLS0/8HBwf/d3d3/3d3d/7e3t/+fn5//iYmJ/3l5ef90dHT/b29v/2lpaf9iYmL/e3t7/5ycnP+np6f/tra2/7+/v//MzMz/xMTE/66urv+jo6P/lZWV/5WVlf+qqqr/sbGx/5aWlv+CgoL/hoaG/4qKiv+IiIj/hYWF/5aWlv+srKz/tLS0/76+vv+7u7v/s7Oz/6urq/+bm5v/kZGR/35+fv99fX3/l5eX/6ampv+mpqb/p6en/6Ojo/+goKD/mZmZ/5KSkv+Ojo7/iIiI/4qKiv+NjY3/jY2N/4uLi/+NjY3/lpaW/6Ghof+6urr/v7+//6ampv+UlJT/gICA/25ubv9ra2v/Z2dn/2tra/9wcHD/eXl5/4eHh/+Li4v/kpKS/5GRkf+Pj4//h4eH/3Z2dv93d3f/ioqK/5GRkf+Kior/hISE/319ff95eXn/kZGR/6qqqv+tra3/sLCw/6Ghof+Li4v/hYWF/35+fv+BgYH/iYmJ/46Ojv+Wlpb/lpaW/46Ojv+Li4v/kZGR/5KSkv+CgoL/cnJy/2RkZP9VVVX/UlJS/05OTv9PT0//UFBQ/1paWv9ra2v/gYGB/6urq/+rq6v/kZGR/4aGhv9/f3//enp6/3R0dP9wcHD/aWlp/2RkZP9qamr/cnJy/3x8fP+JiYn/k5OT/6Ojo/+lpaX/p6en/7S0tP/Pz8//0tLS/8rKyv/Dw8P/tLS0/66urv+xsbH/sLCw/5aWlv99fX3/dHR0/2pqav9kZGT/XV1d/25ubv+JiYn/ioqK/4aGhv+JiYn/kJCQ/4qKiv91dXX/a2tr/2RkZP9iYmL/ampq/25ubv9tbW3/bGxs/2xsbP9tbW3/ampq/2ZmZv92dnb/kJCQ/52dnf+xsbH/sLCw/6enp/+Wlpb/cHBw/19fX/9VVVX/UVFR/1hYWP9gYGD/b29v/39/f/9zc3P/ZGRk/2JiYv9gYGD/YGBg/2JiYv9paWn/eHh4/3d3d/9wcHD/b29v/3V1df+AgID/o6Oj/7Gxsf+Tk5P/e3t7/29vb/9jY2P/ZGRk/2ZmZv9mZmb/Z2dn/3p6ev+bm5v/mJiY/4uLi/99fX3/Y2Nj/11dXf9hYWH/ZGRk/2dnZ/9ra2v/e3t7/4iIiP+Ghob/hISE/3Jycv9dXV3/V1dX/09PT/9QUFD/UlJS/05OTv9GRkb/QkJC/z8/P/8+Pj7/QEBA/0RERP9RUVH/V1dX/1FRUf9MTEz/TExM/0tLS/9DQ0P/Ojo6/z09Pf9BQUH/SkpK/1lZWf9aWlr/WFhY/1hYWP9aWlr/WFhY/1NTU/9QUFD/T09P/09PT/9SUlL/VVVV/0tLS/9BQUH/QkJC/0NDQ/9NTU3/W1tb/1lZWf9UVFT/TExM/z4+Pv86Ojr/OTk5/zw8PP9HR0f/Tk5O/1RUVP9XV1f/Tk5O/0VFRf9AQED/Ojo6/zc3N/8yMjL/MDAw/y0tLf8uLi7/MDAw/zAwMP8wMDD/MjIy/zg4OP9AQED/VVVV/2BgYP9jY2P/Y2Nj/1VVVf9ISEj/S0tL/05OTv9MTEz/SUlJ/0ZGRv9CQkL/QUFB/0JCQv8+Pj7/NjY2/zU1Nf84ODj/PT09/0hISP9NTU3/TExM/0tLS/9QUFD/VFRU/15eXv9oaGj/aGho/2lpaf9cXFz/SUlJ/0ZGRv9ERET/RkZG/0xMTP9JSUn/PT09/zo6Ov8/Pz//RUVF/1FRUf9aWlr/Wlpa/319ff+Wlpb/srKy/6ampv+Wlpb/m5ub/6Wlpf+mpqb/pqam/5+fn/+RkZH/jIyM/4eHh/+Hh4f/kJCQ/5SUlP+QkJD/jY2N/4WFhf9+fn7/dnZ2/25ubv9wcHD/cnJy/3Z2dv97e3v/hoaG/5mZmf+goKD/qKio/56env98fHz/bW1t/2ZmZv9hYWH/WVlZ/1NTU/9cXFz/ZWVl/3Nzc/+Dg4P/gICA/3t7e/95eXn/d3d3/3Nzc/9ra2v/ZmZm/11dXf9YWFj/UVFR/1BQUP9XV1f/XFxc/2dnZ/9xcXH/gICA/4+Pj/+SkpL/lpaW/4SEhP9qamr/cXFx/39/f/+BgYH/gYGB/4mJif+ampr/n5+f/5+fn/+fn5//o6Oj/6SkpP+enp7/m5ub/6qqqv+6urr/paWl/4uLi/+Kior/iYmJ/4eHh/+Dg4P/goKC/4KCgv+Li4v/oqKi/6Ghof+IiIj/f39//4WFhf+Hh4f/fn5+/3d3d/99fX3/g4OD/4CAgP99fX3/enp6/3V1df9ycnL/b29v/3Nzc/98fHz/g4OD/46Ojv+SkpL/kZGR/4qKiv9wcHD/XV1d/09PT/9CQkL/RkZG/0pKSv9TU1P/X19f/1paWv9SUlL/VlZW/11dXf9eXl7/Xl5e/2FhYf9oaGj/aWlp/2ZmZv9nZ2f/dHR0/3t7e/9xcXH/Z2dn/3BwcP94eHj/hoaG/5iYmP+bm5v/np6e/5iYmP+NjY3/g4OD/3Fxcf9vb2//dHR0/3d3d/98fHz/fHx8/3Fxcf9qamr/cHBw/3Z2dv9/f3//iIiI/5CQkP+bm5v/nZ2d/6Ghof+pqan/uLi4/7Kysv+enp7/lpaW/4uLi/+Ghob/g4OD/4CAgP95eXn/cnJy/2hoaP9eXl7/YGBg/2JiYv9sbGz/e3t7/319ff+AgID/g4OD/4iIiP99fX3/YWFh/1tbW/9eXl7/ZWVl/3t7e/+FhYX/f39//3l5ef9wcHD/Z2dn/3BwcP96enr/cnJy/2ZmZv9mZmb/ZmZm/2dnZ/9paWn/aGho/2ZmZv9oaGj/cHBw/3h4eP+Li4v/lZWV/5CQkP+Kior/enp6/2lpaf9ycnL/fHx8/4aGhv+Tk5P/lJSU/5WVlf+MjIz/eHh4/3t7e/+Kior/j4+P/5GRkf+NjY3/eHh4/2xsbP9xcXH/dXV1/29vb/9paWn/YGBg/1VVVf9bW1v/ZGRk/4ODg/+3t7f/wsLC/8vLy//AwMD/n5+f/5WVlf+Tk5P/jo6O/35+fv90dHT/dXV1/3d3d/99fX3/g4OD/4uLi/+UlJT/lpaW/5mZmf+enp7/paWl/62trf+6urr/srKy/5iYmP+UlJT/np6e/6SkpP+qqqr/rKys/6Kiov+ampr/j4+P/4ODg/+NjY3/mZmZ/7Ozs//Y2Nj/2dnZ/9bW1v/Nzc3/vb29/6+vr/+UlJT/hYWF/25ubv9kZGT/YmJi/2FhYf9lZWX/aGho/2tra/9ubm7/cXFx/3R0dP9+fn7/jY2N/6enp//T09P/xsbG/56env+goKD/urq6/7i4uP+YmJj/goKC/2NjY/9QUFD/V1dX/15eXv9oaGj/cnJy/4uLi/+rq6v/oKCg/46Ojv+Kior/hISE/39/f/91dXX/c3Nz/3R0dP98fHz/l5eX/6CgoP+NjY3/gICA/4CAgP+AgID/jIyM/5mZmf+VlZX/kJCQ/4+Pj/+NjY3/gICA/2pqav9ra2v/dHR0/3p6ev+FhYX/jIyM/5mZmf+cnJz/ioqK/3x8fP97e3v/WVlZ/1dXV/9UVFT/W1tb/2RkZP9kZGT/Y2Nj/2FhYf9gYGD/ZmZm/3d3d/92dnb/aGho/2JiYv9bW1v/V1dX/1RUVP9SUlL/VlZW/1tbW/9bW1v/Wlpa/11dXf9hYWH/a2tr/3t7e/97e3v/eHh4/3BwcP9dXV3/XFxc/2lpaf9tbW3/aWlp/2dnZ/9oaGj/aGho/2RkZP9hYWH/Y2Nj/2ZmZv9jY2P/YGBg/19fX/9dXV3/YmJi/2tra/9ra2v/Z2dn/2pqav90dHT/dnZ2/3Fxcf9tbW3/a2tr/2lpaf9oaGj/aGho/19fX/9VVVX/UFBQ/0pKSv9OTk7/V1dX/1RUVP9OTk7/TU1N/09PT/9SUlL/WFhY/1paWv9YWFj/V1dX/1hYWP9ZWVn/ZWVl/3Fxcf9ra2v/ZGRk/19fX/9ZWVn/V1dX/1NTU/9WVlb/Xl5e/2ZmZv93d3f/enp6/3Nzc/9sbGz/W1tb/1JSUv9aWlr/YWFh/2BgYP9gYGD/ZGRk/2pqav9nZ2f/ZGRk/2pqav91dXX/dXV1/3Nzc/9ubm7/ZGRk/2RkZP9wcHD/dHR0/29vb/9sbGz/bW1t/25ubv9paWn/Y2Nj/2FhYf9fX1//Y2Nj/2pqav9oaGj/Y2Nj/11dXf9SUlL/UlJS/1hYWP9dXV3/ZWVl/2dnZ/9aWlr/UlJS/1BQUP9OTk7/VVVV/11dXf9cXFz/W1tb/1hYWP9SUlL/UVFR/1BQUP9NTU3/SEhI/0tLS/9XV1f/W1tb/1paWv9YWFj/Tk5O/0hISP9NTU3/U1NT/1NTU/9UVFT/Tk5O/0ZGRv9FRUX/Q0ND/0tLS/9aWlr/XV1d/15eXv9hYWH/aWlp/2tra/9ra2v/aGho/1tbW/9RUVH/U1NT/1VVVf9XV1f/Wlpa/1dXV/9TU1P/UVFR/05OTv9KSkr/RERE/0NDQ/9DQ0P/QUFB/zk5Of80NDT/MDAw/y0tLf8rKyv/KSkp/ycnJ/8mJib/Kysr/zExMf82Njb/Pj4+/z09Pf86Ojr/ODg4/zMzM/8xMTH/Li4u/y0tLf8rKyv/Kioq/yoqKv8qKir/Kysr/ywsLP8sLCz/LCws/ysrK/8rKyv/LCws/y0tLf8sLCz/LCws/ywsLP8tLS3/LCws/ysrK/8rKyv/Kysr/ysrK/8rKyv/Kysr/ywsLP8tLS3/LCws/ywsLP8sLCz/LCws/ywsLP8rKyv/LCws/y0tLf8tLS3/Li4u/y8vL/8wMDD/MTEx/zMzM/80NDT/MzMz/zIyMv8wMDD/Ly8v/y8vL/8wMDD/MDAw/zAwMP8vLy//Li4u/y4uLv8tLS3/LS0t/y0tLf8tLS3/LS0t/y0tLf8tLS3/LS0t/y0tLf8tLS3/LS0t/y0tLf8uLi7/Li4u/y8vL/8xMTH/MTEx/zIyMv8zMzP/NTU1/zY2Nv83Nzf/Ojo6/z8/P/9FRUX/UFBQ/1VVVf9UVFT/UlJS/0tLS/9FRUX/TExM/1RUVP9gYGD/b29v/29vb/9vb2//cXFx/3V1df9xcXH/aWlp/2dnZ/9mZmb/ZWVl/2RkZP9jY2P/XV1d/1lZWf9SUlL/TU1N/1FRUf9WVlb/VVVV/1JSUv9UVFT/VlZW/2VlZf9/f3//kJCQ/6urq/+srKz/n5+f/5WVlf+CgoL/fHx8/4qKiv+Tk5P/j4+P/4qKiv+AgID/dnZ2/3d3d/94eHj/k5OT/76+vv/AwMD/vr6+/7W1tf+ioqL/mpqa/4+Pj/+Dg4P/aWlp/1xcXP9dXV3/YGBg/29vb/8ODg7/Dg4O/w4ODv8ODg7/Dg4O/w4ODv8ODg7/Dg4O/w4ODv8ODg7/DQ0N/w0NDf8NDQ3/DQ0N/w0NDf8NDQ3/DQ0N/w0NDf8NDQ3/DQ0N/w0NDf8NDQ3/DQ0N/w0NDf8NDQ3/DQ0N/wwMDP8MDAz/DAwM/wwMDP8NDQ3/DQ0N/w0NDf8MDAz/DAwM/wwMDP8NDQ3/DAwM/wwMDP8MDAz/DAwM/wwMDP8NDQ3/DAwM/wwMDP8MDAz/DAwM/wwMDP8MDAz/DAwM/wwMDP8MDAz/DAwM/wwMDP8MDAz/DAwM/wwMDP8MDAz/DAwM/wwMDP8MDAz/DAwM/w0NDf8ODg7/Dw8P/xEREf8SEhL/ExMT/xQUFP8VFRX/FRUV/xUVFf8UFBT/FRUV/xUVFf8VFRX/FRUV/xUVFf8UFBT/FBQU/xQUFP8UFBT/FBQU/xQUFP8UFBT/FBQU/xQUFP8UFBT/FBQU/xQUFP8UFBT/FBQU/xQUFP8UFBT/FRUV/xYWFv8VFRX/FRUV/xUVFf8VFRX/FRUV/xUVFf8WFhb/FhYW/xYWFv8WFhb/FhYW/xYWFv8WFhb/FRUV/xUVFf8WFhb/FhYW/xYWFv8WFhb/FhYW/xYWFv8WFhb/FxcX/xcXF/8XFxf/FxcX/xcXF/8XFxf/FxcX/xcXF/8XFxf/FxcX/xcXF/8YGBj/GBgY/xgYGP8YGBj/GRkZ/xsbG/8dHR3/Hx8f/yMjI/8jIyP/JCQk/yQkJP8lJSX/JiYm/ygoKP8qKir/LS0t/y8vL/8uLi7/LS0t/y8vL/8wMDD/Li4u/ywsLP8tLS3/MDAw/zAwMP8xMTH/NTU1/zw8PP88PDz/Ojo6/zg4OP82Njb/MzMz/y0tLf8pKSn/Jycn/yUlJf8oKCj/Kysr/y8vL/8zMzP/MTEx/y8vL/8tLS3/Kioq/ywsLP8wMDD/MzMz/zg4OP84ODj/NTU1/zIyMv8uLi7/LS0t/zIyMv82Njb/Ojo6/z8/P/9AQED/QkJC/0BAQP8+Pj7/PT09/zw8PP9BQUH/S0tL/0tLS/9HR0f/RkZG/0ZGRv9GRkb/R0dH/0ZGRv9BQUH/PT09/z09Pf8+Pj7/QUFB/0VFRf9HR0f/SkpK/0lJSf9ISEj/RkZG/0NDQ/9AQED/Ozs7/zs7O/8/Pz//QUFB/0NDQ/9ERET/Q0ND/0NDQ/9CQkL/QUFB/0FBQf9BQUH/QUFB/0FBQf9JSUn/VlZW/1paWv9gYGD/W1tb/09PT/9MTEz/UFBQ/1BQUP9LS0v/SEhI/0VFRf9DQ0P/Q0ND/0JCQv8+Pj7/ODg4/zo6Ov89PT3/QkJC/0pKSv9LS0v/TExM/0lJSf9CQkL/QkJC/0dHR/9ISEj/RkZG/0RERP9BQUH/Pz8//z09Pf86Ojr/Ojo6/zo6Ov9AQED/R0dH/09PT/9bW1v/VlZW/0lJSf9HR0f/SUlJ/01NTf9YWFj/XFxc/1ZWVv9QUFD/SUlJ/0JCQv9HR0f/TExM/1FRUf9WVlb/UlJS/0tLS/9MTEz/Tk5O/1dXV/9qamr/bGxs/2RkZP9fX1//Wlpa/1lZWf9eXl7/Y2Nj/29vb/96enr/cnJy/2lpaf9iYmL/WFhY/11dXf9lZWX/Z2dn/2lpaf9mZmb/YGBg/1xcXP9WVlb/VFRU/1dXV/9ZWVn/V1dX/1ZWVv9QUFD/SkpK/1FRUf9ZWVn/ZGRk/3Nzc/91dXX/dnZ2/2xsbP9ZWVn/VlZW/1ZWVv9XV1f/WVlZ/1paWv9YWFj/VlZW/1RUVP9TU1P/VlZW/6+vr/+2trb/vb29/6Wlpf+FhYX/gYGB/319ff+CgoL/jIyM/4+Pj/+Tk5P/paWl/9XV1f/g4OD/x8fH/7W1tf+bm5v/h4eH/4WFhf+Dg4P/eHh4/2xsbP+JiYn/sbGx/6+vr/+qqqr/p6en/6Kiov+rq6v/wsLC/7u7u/+Wlpb/h4eH/4WFhf+Dg4P/gICA/4CAgP+bm5v/tra2/7a2tv+1tbX/xMTE/9ra2v/a2tr/2dnZ/8jIyP+mpqb/n5+f/56env+YmJj/hYWF/3x8fP93d3f/d3d3/4uLi/+bm5v/o6Oj/6ysrP+tra3/rq6u/6ioqP+enp7/nZ2d/5ycnP+cnJz/m5ub/5eXl/+NjY3/ioqK/4mJif+FhYX/d3d3/29vb/9ubm7/bm5u/2pqav9mZmb/aGho/2pqav94eHj/jY2N/4uLi/+Hh4f/kJCQ/6Wlpf+dnZ3/gICA/3Z2dv9wcHD/cHBw/3h4eP9+fn7/hYWF/4uLi/+np6f/xcXF/8LCwv++vr7/qKio/4qKiv+Tk5P/pqam/6ysrP+ysrL/rKys/5qamv+SkpL/i4uL/4mJif+RkZH/lZWV/46Ojv+Ghob/cnJy/1xcXP9YWFj/VFRU/1dXV/9cXFz/YmJi/2xsbP91dXX/hISE/4SEhP95eXn/dXV1/3Nzc/9ycnL/cnJy/3Fxcf9ra2v/ZmZm/29vb/94eHj/fHx8/4KCgv+EhIT/h4eH/5eXl/+zs7P/xsbG/+Tk5P/l5eX/1NTU/8jIyP+ysrL/p6en/6ampv+jo6P/kpKS/4KCgv93d3f/a2tr/2ZmZv9gYGD/bW1t/4GBgf9/f3//d3d3/3t7e/+Ghob/gICA/2hoaP9hYWH/aWlp/25ubv9vb2//cHBw/3BwcP9xcXH/bm5u/2tra/9lZWX/W1tb/2pqav+BgYH/gYGB/35+fv98fHz/eHh4/3Fxcf9gYGD/WVlZ/1hYWP9XV1f/VlZW/1ZWVv9dXV3/ZGRk/2VlZf9mZmb/ZWVl/2NjY/9iYmL/YWFh/2ZmZv9ubm7/bGxs/2RkZP9mZmb/cHBw/3Z2dv99fX3/fn5+/3BwcP9mZmb/YmJi/11dXf9kZGT/a2tr/2xsbP9tbW3/e3t7/5OTk/+QkJD/hYWF/3t7e/9paWn/aGho/3V1df96enr/eHh4/3l5ef+FhYX/jo6O/4SEhP95eXn/bGxs/11dXf9ZWVn/VVVV/1NTU/9QUFD/TU1N/0dHR/9DQ0P/PT09/zw8PP8+Pj7/QUFB/0dHR/9KSkr/RERE/z8/P/9BQUH/Q0ND/0BAQP88PDz/QkJC/0xMTP9ZWVn/bm5u/29vb/9ra2v/bm5u/3d3d/9ycnL/WFhY/05OTv9UVFT/WVlZ/2BgYP9lZWX/U1NT/0BAQP9AQED/QUFB/0pKSv9XV1f/VFRU/01NTf9JSUn/Q0ND/0BAQP87Ozv/PDw8/0VFRf9KSkr/TExM/01NTf9ISEj/Q0ND/0JCQv9CQkL/Ojo6/zAwMP8vLy//LS0t/zAwMP81NTX/NDQ0/zExMf8wMDD/Ly8v/zIyMv88PDz/QkJC/0hISP9LS0v/SUlJ/0dHR/9MTEz/UVFR/1FRUf9QUFD/Tk5O/0tLS/9KSkr/SkpK/0ZGRv8+Pj7/PDw8/z09Pf8/Pz//QkJC/0NDQ/8+Pj7/Ozs7/zw8PP89PT3/QkJC/0hISP9PT0//WVlZ/1BQUP9CQkL/QUFB/0BAQP9CQkL/R0dH/0VFRf89PT3/Ozs7/z09Pf9AQED/R0dH/0xMTP9MTEz/goKC/4mJif+SkpL/jIyM/4WFhf9/f3//dXV1/3p6ev+FhYX/g4OD/3t7e/92dnb/cHBw/25ubv9xcXH/dnZ2/4WFhf+QkJD/ioqK/4WFhf9zc3P/X19f/2dnZ/9xcXH/fX19/5CQkP+dnZ3/sbGx/7W1tf+1tbX/qqqq/4uLi/96enr/Z2dn/1xcXP9WVlb/UlJS/19fX/9tbW3/fn5+/5KSkv+YmJj/oaGh/5OTk/98fHz/cnJy/2NjY/9fX1//XFxc/1lZWf9TU1P/UlJS/1dXV/9aWlr/XV1d/2JiYv94eHj/j4+P/5GRkf+UlJT/gYGB/2hoaP9ra2v/c3Nz/3h4eP+CgoL/kJCQ/62trf+zs7P/qamp/6Ojo/+fn5//nZ2d/5+fn/+goKD/rKys/7i4uP+jo6P/iYmJ/4SEhP9+fn7/d3d3/21tbf9xcXH/fHx8/4yMjP+urq7/ra2t/4uLi/98fHz/fX19/319ff+AgID/hISE/6Ghof+/v7//sbGx/6CgoP+Tk5P/gICA/3p6ev9ycnL/bGxs/2BgYP9gYGD/ZGRk/2dnZ/9sbGz/ampq/1paWv9PT0//R0dH/0FBQf9NTU3/Wlpa/2xsbP+CgoL/dnZ2/2RkZP9nZ2f/cHBw/2pqav9cXFz/WVlZ/1tbW/9aWlr/U1NT/1RUVP9iYmL/a2tr/2pqav9qamr/dHR0/35+fv+MjIz/nZ2d/5ubm/+YmJj/mZmZ/5ubm/+RkZH/e3t7/3Jycv9oaGj/ZWVl/2pqav9vb2//enp6/4SEhP+Pj4//mpqa/6Wlpf+xsbH/p6en/5qamv+goKD/qamp/6qqqv+qqqr/ra2t/7Ozs/+wsLD/o6Oj/5ubm/+Ojo7/hoaG/35+fv94eHj/d3d3/3Z2dv91dXX/c3Nz/29vb/9qamr/ampq/2tra/9ra2v/bGxs/2NjY/9QUFD/TExM/1BQUP9UVFT/W1tb/15eXv9YWFj/VFRU/09PT/9LS0v/Tk5O/1FRUf9TU1P/VVVV/11dXf9qamr/Z2dn/2FhYf9gYGD/YGBg/2xsbP+Ojo7/oqKi/7m5uf++vr7/l5eX/3h4eP9ycnL/bGxs/319ff+RkZH/kZGR/5CQkP+Pj4//jY2N/4eHh/96enr/eHh4/3l5ef98fHz/gYGB/4GBgf92dnb/b29v/2tra/9oaGj/XV1d/1NTU/9NTU3/R0dH/0pKSv9OTk7/X19f/3t7e/+Ghob/lJSU/5eXl/+ZmZn/lJSU/4WFhf99fX3/dnZ2/3Jycv92dnb/enp6/4aGhv+SkpL/ra2t/87Ozv/FxcX/tra2/7e3t/+5ubn/w8PD/9nZ2f/Ozs7/qqqq/6urq//Pz8//39/f/+Li4v/f39//v7+//6Ojo/+Xl5f/iYmJ/4SEhP9+fn7/kpKS/6+vr/+rq6v/oaGh/6CgoP+hoaH/lpaW/3l5ef9zc3P/enp6/3p6ev9vb2//aGho/2tra/9ubm7/b29v/3BwcP9qamr/YmJi/3Jycv+JiYn/pqam/9bW1v/FxcX/k5OT/4mJif+JiYn/g4OD/3Fxcf9nZ2f/Xl5e/1lZWf9lZWX/b29v/3Fxcf90dHT/k5OT/7y8vP+vr6//mZmZ/56env+qqqr/oaGh/4iIiP+BgYH/fn5+/4qKiv+5ubn/x8fH/56env+BgYH/d3d3/2xsbP96enr/iIiI/4KCgv96enr/fn5+/4SEhP98fHz/bGxs/2hoaP9lZWX/Z2dn/21tbf91dXX/iYmJ/5KSkv+MjIz/i4uL/52dnf9TU1P/U1NT/1NTU/9eXl7/bW1t/3BwcP9zc3P/bW1t/2JiYv9kZGT/bW1t/2xsbP9kZGT/YWFh/2NjY/9jY2P/W1tb/1VVVf9bW1v/YGBg/19fX/9fX1//YWFh/2NjY/9tbW3/fHx8/3p6ev91dXX/bW1t/1tbW/9YWFj/W1tb/1xcXP9ZWVn/XFxc/3Fxcf9/f3//c3Nz/2dnZ/9nZ2f/Z2dn/2NjY/9fX1//X19f/19fX/9jY2P/a2tr/2xsbP9paWn/aGho/2hoaP9nZ2f/ZmZm/2dnZ/9sbGz/cHBw/3l5ef+CgoL/b29v/1lZWf9YWFj/V1dX/2BgYP9vb2//aGho/1dXV/9VVVX/V1dX/1lZWf9eXl7/YWFh/2RkZP9mZmb/aGho/2pqav9paWn/aGho/2hoaP9oaGj/ZWVl/2BgYP9eXl7/Wlpa/15eXv9nZ2f/b29v/35+fv+AgID/e3t7/3R0dP9iYmL/WFhY/2RkZP9ubm7/a2tr/2lpaf9ra2v/b29v/29vb/9vb2//enp6/42Njf+Pj4//jo6O/4aGhv9ycnL/b29v/3d3d/95eXn/cXFx/25ubv+AgID/kJCQ/4eHh/9+fn7/dnZ2/21tbf98fHz/lJSU/5CQkP+Ghob/eHh4/15eXv9ZWVn/XV1d/2FhYf9tbW3/b29v/2RkZP9cXFz/XV1d/19fX/9qamr/dXV1/3BwcP9paWn/ZGRk/15eXv9ZWVn/UlJS/01NTf9GRkb/RkZG/0xMTP9OTk7/Tk5O/01NTf9HR0f/RERE/1FRUf9dXV3/Y2Nj/2hoaP9hYWH/WFhY/1ZWVv9TU1P/W1tb/2pqav9ra2v/aGho/2pqav9xcXH/eHh4/4aGhv+Hh4f/bW1t/1tbW/9dXV3/X19f/1ZWVv9NTU3/SUlJ/0RERP9DQ0P/Q0ND/0ZGRv9LS0v/R0dH/zw8PP84ODj/MjIy/y8vL/8tLS3/Kysr/ygoKP8mJib/KCgo/ykpKf8wMDD/Nzc3/zs7O/9AQED/PT09/zc3N/80NDT/MDAw/y4uLv8sLCz/Kysr/yoqKv8qKir/Kysr/ywsLP8sLCz/LCws/ywsLP8tLS3/LCws/yoqKv8rKyv/LCws/ywsLP8tLS3/LS0t/ywsLP8sLCz/Kysr/ysrK/8tLS3/LS0t/y0tLf8tLS3/LCws/ywsLP8tLS3/Li4u/y0tLf8sLCz/Kysr/yoqKv8qKir/LCws/y0tLf8uLi7/Li4u/y8vL/8wMDD/MzMz/zQ0NP8zMzP/MjIy/zExMf8xMTH/MDAw/zAwMP8wMDD/Ly8v/y8vL/8wMDD/Ly8v/y4uLv8uLi7/Li4u/y4uLv8uLi7/Li4u/y0tLf8tLS3/LS0t/y0tLf8sLCz/Kysr/ywsLP8tLS3/Ly8v/zAwMP8xMTH/MTEx/zIyMv8yMjL/MzMz/zQ0NP82Njb/Ozs7/z4+Pv9FRUX/R0dH/0VFRf9ERET/RERE/0RERP9PT0//XFxc/2VlZf9xcXH/cHBw/21tbf9xcXH/eXl5/3l5ef93d3f/dnZ2/3Z2dv92dnb/d3d3/3V1df9qamr/YWFh/1JSUv9ERET/RUVF/0ZGRv9LS0v/UVFR/1BQUP9PT0//VVVV/2FhYf9oaGj/dXV1/3R0dP9ra2v/aGho/2hoaP9vb2//jIyM/6CgoP+cnJz/l5eX/42Njf+CgoL/goKC/4ODg/+MjIz/m5ub/52dnf+enp7/nZ2d/5mZmf+cnJz/p6en/5+fn/93d3f/Y2Nj/2JiYv9kZGT/c3Nz/w8PD/8PDw//EBAQ/xEREf8RERH/ERER/xAQEP8QEBD/EBAQ/xAQEP8PDw//Dw8P/w8PD/8PDw//Dw8P/w8PD/8PDw//Dw8P/w8PD/8PDw//Dg4O/w4ODv8ODg7/Dg4O/w4ODv8ODg7/Dg4O/w4ODv8ODg7/Dg4O/w4ODv8ODg7/Dg4O/w4ODv8ODg7/Dg4O/w4ODv8NDQ3/DQ0N/w0NDf8NDQ3/DQ0N/w4ODv8NDQ3/DQ0N/wwMDP8MDAz/DAwM/w0NDf8NDQ3/DQ0N/w0NDf8NDQ3/DQ0N/wwMDP8MDAz/DAwM/wwMDP8MDAz/DAwM/wwMDP8NDQ3/DQ0N/w4ODv8PDw//ERER/xISEv8UFBT/FBQU/xUVFf8VFRX/FRUV/xUVFf8VFRX/FhYW/xYWFv8WFhb/FRUV/xUVFf8UFBT/ExMT/xMTE/8UFBT/FBQU/xQUFP8UFBT/FRUV/xUVFf8UFBT/FBQU/xQUFP8UFBT/FBQU/xMTE/8VFRX/FxcX/xYWFv8WFhb/FhYW/xYWFv8WFhb/FhYW/xYWFv8WFhb/FhYW/xUVFf8VFRX/FRUV/xUVFf8VFRX/FBQU/xUVFf8VFRX/FRUV/xUVFf8VFRX/FRUV/xYWFv8WFhb/FhYW/xYWFv8WFhb/FhYW/xYWFv8WFhb/FhYW/xcXF/8XFxf/FxcX/xcXF/8XFxf/FhYW/xcXF/8XFxf/GRkZ/xsbG/8fHx//IyMj/yQkJP8lJSX/JCQk/yMjI/8jIyP/JSUl/yUlJf8nJyf/Jycn/ygoKP8oKCj/KSkp/yoqKv8pKSn/KSkp/ykpKf8qKir/LCws/y4uLv8vLy//MTEx/zAwMP8uLi7/Li4u/zAwMP8vLy//KSkp/yYmJv8kJCT/IyMj/yUlJf8oKCj/LCws/zExMf8xMTH/MDAw/y0tLf8pKSn/KCgo/ygoKP8pKSn/LCws/ywsLP8tLS3/LCws/ysrK/8qKir/LCws/y4uLv8xMTH/MzMz/zc3N/88PDz/Ozs7/zk5Of83Nzf/MjIy/zQ0NP85OTn/Ozs7/zw8PP89PT3/Pz8//0BAQP9AQED/QEBA/zw8PP84ODj/ODg4/zg4OP85OTn/Ojo6/zs7O/88PDz/Ozs7/zk5Of84ODj/NjY2/zY2Nv83Nzf/OTk5/z4+Pv9AQED/QEBA/0BAQP9GRkb/SkpK/0dHR/9FRUX/Q0ND/0JCQv9AQED/Pj4+/0RERP9OTk7/VFRU/15eXv9dXV3/VFRU/1VVVf9dXV3/XV1d/1NTU/9NTU3/SkpK/0dHR/9DQ0P/QEBA/zw8PP83Nzf/ODg4/zk5Of88PDz/QkJC/0RERP9HR0f/RUVF/0FBQf9DQ0P/TExM/1BQUP9NTU3/S0tL/0VFRf9BQUH/QkJC/0RERP9FRUX/RkZG/0dHR/9ISEj/TExM/1RUVP9RUVH/R0dH/0VFRf9DQ0P/RkZG/1BQUP9TU1P/UFBQ/0xMTP9HR0f/QkJC/0JCQv9CQkL/S0tL/1dXV/9RUVH/SEhI/0hISP9KSkr/VFRU/2lpaf9qamr/X19f/1tbW/9ZWVn/V1dX/1FRUf9OTk7/VlZW/15eXv9cXFz/WVlZ/1RUVP9MTEz/WFhY/2pqav9oaGj/YmJi/15eXv9WVlb/VVVV/1dXV/9cXFz/aGho/25ubv9ubm7/bGxs/15eXv9QUFD/Tk5O/0xMTP9QUFD/VVVV/1tbW/9jY2P/X19f/1VVVf9TU1P/UlJS/1JSUv9TU1P/VFRU/1VVVf9XV1f/W1tb/11dXf9YWFj/tra2/8HBwf/Ozs7/rq6u/4SEhP97e3v/cHBw/3x8fP+Wlpb/mJiY/5SUlP+jo6P/zs7O/9ra2v/Kysr/vb29/6Kiov+Pj4//lpaW/52dnf+QkJD/gYGB/5WVlf+wsLD/rKys/6SkpP+kpKT/pqam/62trf++vr7/tbW1/46Ojv9+fn7/e3t7/3p6ev98fHz/f39//5qamv+1tbX/s7Oz/7Gxsf+9vb3/zMzM/83Nzf/Ozs7/v7+//6Ojo/+dnZ3/mpqa/5KSkv9+fn7/dHR0/2xsbP9tbW3/jIyM/6Wlpf+vr6//ubm5/7m5uf+5ubn/ra2t/52dnf+ampr/l5eX/5eXl/+ZmZn/l5eX/4+Pj/+Kior/goKC/3x8fP9xcXH/bW1t/3d3d/9/f3//gICA/4GBgf92dnb/aGho/3Z2dv+Kior/jIyM/46Ojv+UlJT/oqKi/52dnf+Hh4f/fn5+/3Nzc/9xcXH/eXl5/4CAgP+Hh4f/j4+P/6Ojo/+4uLj/t7e3/7a2tv+rq6v/nJyc/6ioqP++vr7/vb29/7S0tP+qqqr/lZWV/46Ojv+Kior/ioqK/46Ojv+QkJD/ioqK/4WFhf92dnb/Z2dn/19fX/9WVlb/WFhY/1xcXP9iYmL/a2tr/3BwcP94eHj/enp6/3x8fP9+fn7/hoaG/4aGhv97e3v/c3Nz/25ubv9qamr/e3t7/4yMjP+Kior/h4eH/4aGhv+EhIT/k5OT/66urv+7u7v/0NDQ/9DQ0P/Dw8P/ubm5/6ampv+dnZ3/np6e/52dnf+RkZH/hYWF/3l5ef9sbGz/bGxs/2xsbP91dXX/g4OD/4ODg/+BgYH/g4OD/4iIiP+AgID/Z2dn/2BgYP9paWn/bGxs/2pqav9oaGj/aGho/2lpaf9nZ2f/ZWVl/2JiYv9eXl7/ampq/35+fv+CgoL/hoaG/4CAgP9xcXH/aWlp/11dXf9YWFj/WVlZ/1lZWf9YWFj/V1dX/1xcXP9gYGD/Y2Nj/2dnZ/9mZmb/Y2Nj/2NjY/9iYmL/ZmZm/21tbf9qamr/YGBg/2BgYP9qamr/bm5u/3Fxcf9ycnL/cHBw/25ubv9mZmb/XV1d/2FhYf9mZmb/Z2dn/2hoaP9ycnL/g4OD/4ODg/9/f3//eHh4/2tra/9ubm7/gYGB/4eHh/9/f3//fX19/4qKiv+UlJT/hYWF/3V1df9sbGz/YWFh/15eXv9ZWVn/WFhY/1dXV/9TU1P/TExM/0lJSf9ERET/QkJC/0NDQ/9FRUX/SEhI/0lJSf9DQ0P/Pj4+/0BAQP9CQkL/QEBA/z09Pf9DQ0P/S0tL/1dXV/9paWn/a2tr/2hoaP9sbGz/dnZ2/3Fxcf9WVlb/S0tL/1BQUP9TU1P/Wlpa/19fX/9RUVH/Q0ND/0NDQ/9ERET/S0tL/1dXV/9WVlb/UlJS/09PT/9ISEj/RERE/z4+Pv8/Pz//SEhI/01NTf9LS0v/SkpK/0RERP8/Pz//QUFB/0JCQv88PDz/NDQ0/zMzM/8yMjL/MzMz/zY2Nv82Njb/NjY2/zU1Nf8xMTH/MjIy/zc3N/86Ojr/Pz8//0NDQ/9DQ0P/Q0ND/0dHR/9MTEz/T09P/1JSUv9QUFD/TU1N/0xMTP9LS0v/SUlJ/0VFRf9ERET/QkJC/0FBQf9BQUH/QEBA/z09Pf86Ojr/PDw8/z4+Pv9CQkL/R0dH/0tLS/9QUFD/SkpK/0BAQP9BQUH/RUVF/0dHR/9MTEz/SUlJ/0BAQP89PT3/Pz8//0FBQf9ERET/R0dH/0dHR/91dXX/eHh4/3x8fP95eXn/d3d3/3BwcP9nZ2f/bm5u/319ff98fHz/dXV1/3BwcP9mZmb/Y2Nj/2RkZP9nZ2f/dnZ2/4GBgf99fX3/eXl5/2pqav9ZWVn/YmJi/25ubv95eXn/ioqK/5SUlP+kpKT/p6en/6ampv+goKD/j4+P/4ODg/9ubm7/YmJi/1xcXP9YWFj/YmJi/2tra/96enr/ioqK/5aWlv+mpqb/l5eX/319ff9zc3P/ZmZm/2NjY/9iYmL/Xl5e/1RUVP9RUVH/VFRU/1ZWVv9YWFj/XFxc/3Fxcf+Hh4f/i4uL/5GRkf+Dg4P/cHBw/3Jycv94eHj/f39//4yMjP+Xl5f/q6ur/62trf+goKD/mZmZ/5KSkv+Pj4//kZGR/5OTk/+ampr/oqKi/5OTk/+CgoL/g4OD/4WFhf99fX3/b29v/3Nzc/9+fn7/kJCQ/7a2tv+2trb/lJSU/4SEhP+AgID/f39//4ODg/+JiYn/oaGh/7y8vP+urq7/nJyc/46Ojv95eXn/dXV1/3Fxcf9ra2v/YGBg/11dXf9cXFz/XFxc/2BgYP9hYWH/XV1d/1paWv9RUVH/SUlJ/1lZWf9ra2v/fX19/5SUlP+CgoL/Z2dn/2dnZ/9qamr/ZGRk/1VVVf9TU1P/VlZW/1ZWVv9SUlL/UlJS/11dXf9kZGT/Z2dn/2lpaf90dHT/gICA/4uLi/+ZmZn/lZWV/46Ojv+Pj4//k5OT/4yMjP97e3v/dHR0/2xsbP9qamr/a2tr/29vb/+AgID/jIyM/5SUlP+bm5v/paWl/6+vr/+hoaH/j4+P/5KSkv+ampr/mpqa/5iYmP+fn5//rq6u/62trf+ioqL/mpqa/46Ojv+Hh4f/gYGB/3x8fP97e3v/eXl5/3Z2dv90dHT/bm5u/2ZmZv9qamr/cHBw/25ubv9oaGj/YWFh/1NTU/9SUlL/Wlpa/1xcXP9aWlr/WFhY/05OTv9GRkb/Q0ND/z8/P/9AQED/QUFB/0ZGRv9NTU3/WFhY/2hoaP9mZmb/Xl5e/15eXv9iYmL/cXFx/5qamv+vr6//wMDA/8HBwf+Tk5P/cHBw/3Jycv91dXX/iYmJ/5+fn/+ampr/kpKS/42Njf+FhYX/gYGB/3l5ef94eHj/d3d3/3p6ev+FhYX/ioqK/4yMjP+NjY3/h4eH/4GBgf9tbW3/WFhY/1BQUP9ISEj/TU1N/1NTU/9fX1//cXFx/35+fv+SkpL/lZWV/5OTk/+NjY3/fX19/3Z2dv9zc3P/cnJy/3V1df94eHj/gYGB/4qKiv+np6f/ycnJ/8LCwv+3t7f/tra2/7W1tf++vr7/z8/P/8nJyf+ysrL/tLS0/9LS0v/e3t7/3Nzc/9XV1f+0tLT/l5eX/42Njf+Dg4P/fHx8/3Nzc/+Dg4P/m5ub/5iYmP+RkZH/kZGR/5SUlP+MjIz/dXV1/3Jycv9/f3//gYGB/3Nzc/9paWn/a2tr/21tbf9wcHD/c3Nz/3Fxcf9ubm7/f39//5mZmf+ysrL/29vb/8fHx/+Tk5P/goKC/3R0dP9sbGz/X19f/1lZWf9XV1f/WFhY/2dnZ/91dXX/dHR0/3Jycv+RkZH/t7e3/66urv+enp7/pqam/7i4uP+wsLD/mpqa/5KSkv+Kior/lpaW/8fHx//Y2Nj/tLS0/5mZmf+Hh4f/dXV1/35+fv+JiYn/gICA/3V1df95eXn/gYGB/4CAgP9+fn7/fX19/35+fv99fX3/eXl5/3t7e/+IiIj/jo6O/4mJif+Hh4f/np6e/1JSUv9SUlL/UVFR/1xcXP9paWn/bm5u/3V1df9vb2//YmJi/2NjY/9qamr/ampq/2JiYv9gYGD/Y2Nj/2JiYv9YWFj/UVFR/1RUVP9YWFj/WFhY/1hYWP9bW1v/Xl5e/2ZmZv9ycnL/cXFx/21tbf9oaGj/XFxc/1lZWf9aWlr/WVlZ/1ZWVv9YWFj/bW1t/319ff9xcXH/ZGRk/2NjY/9iYmL/X19f/1paWv9aWlr/W1tb/15eXv9lZWX/ZmZm/2VlZf9jY2P/YGBg/19fX/9eXl7/Xl5e/2NjY/9oaGj/cXFx/3x8fP9sbGz/WVlZ/1lZWf9YWFj/YmJi/3Jycv9qamr/WFhY/1VVVf9WVlb/WFhY/11dXf9hYWH/Z2dn/2pqav9qamr/ampq/2dnZ/9kZGT/ZGRk/2NjY/9hYWH/XV1d/1tbW/9ZWVn/XV1d/2RkZP9paWn/c3Nz/3R0dP9vb2//ampq/1tbW/9VVVX/YmJi/25ubv9sbGz/ampq/2lpaf9oaGj/aWlp/2tra/92dnb/iIiI/4uLi/+Li4v/hISE/3Jycv9vb2//dHR0/3V1df9tbW3/a2tr/3x8fP+Li4v/g4OD/3l5ef90dHT/bW1t/35+fv+YmJj/kpKS/4SEhP93d3f/Xl5e/1tbW/9gYGD/ZWVl/29vb/9ycnL/aWlp/2NjY/9kZGT/ZWVl/2xsbP91dXX/bm5u/2ZmZv9hYWH/W1tb/1dXV/9QUFD/TExM/0ZGRv9GRkb/SEhI/0pKSv9MTEz/TExM/0xMTP9MTEz/VVVV/15eXv9jY2P/aWlp/2NjY/9bW1v/WVlZ/1VVVf9bW1v/aWlp/2lpaf9lZWX/ZmZm/21tbf91dXX/hoaG/4qKiv9ubm7/Wlpa/1tbW/9cXFz/U1NT/0hISP9ERET/Pz8//z8/P/9AQED/RERE/0tLS/9HR0f/Ojo6/zU1Nf8wMDD/Li4u/ywsLP8qKir/Jycn/yYmJv8pKSn/LCws/zMzM/86Ojr/PT09/z8/P/88PDz/NTU1/zMzM/8uLi7/LS0t/ysrK/8qKir/KSkp/ykpKf8rKyv/LCws/ywsLP8sLCz/LS0t/y0tLf8sLCz/Kysr/ysrK/8sLCz/LCws/y0tLf8sLCz/LCws/ywsLP8rKyv/Kysr/y0tLf8tLS3/LS0t/y0tLf8sLCz/LCws/y0tLf8vLy//LS0t/ywsLP8rKyv/Kioq/ysrK/8tLS3/LS0t/y4uLv8uLi7/Li4u/y8vL/8yMjL/MzMz/zIyMv8xMTH/MTEx/zExMf8wMDD/MDAw/y8vL/8vLy//Ly8v/y8vL/8vLy//Li4u/y0tLf8tLS3/LS0t/y0tLf8tLS3/LS0t/y0tLf8tLS3/LS0t/ywsLP8rKyv/LCws/y0tLf8uLi7/MDAw/zAwMP8wMDD/MTEx/zExMf8yMjL/MzMz/zU1Nf85OTn/Ozs7/0BAQP9BQUH/Pz8//z8/P/9AQED/QkJC/0xMTP9XV1f/Xl5e/2ZmZv9lZWX/ZGRk/2lpaf9ycnL/dHR0/3R0dP90dHT/dXV1/3d3d/99fX3/fX19/3Jycv9oaGj/VVVV/0VFRf9DQ0P/QUFB/0dHR/9PT0//UVFR/1JSUv9VVVX/Wlpa/15eXv9jY2P/YWFh/1paWv9YWFj/XV1d/2ZmZv+EhIT/mJiY/5SUlP+RkZH/ioqK/4KCgv+Dg4P/hYWF/4qKiv+RkZH/kJCQ/46Ojv+Pj4//kJCQ/5WVlf+hoaH/m5ub/3Z2dv9iYmL/YWFh/2FhYf9ra2v/EBAQ/xEREf8SEhL/ExMT/xMTE/8SEhL/ERER/xEREf8RERH/ERER/xISEv8SEhL/EhIS/xEREf8RERH/EBAQ/xEREf8RERH/ERER/xEREf8QEBD/EBAQ/xAQEP8QEBD/EBAQ/w8PD/8PDw//Dw8P/w8PD/8PDw//Dw8P/xAQEP8QEBD/EBAQ/xAQEP8QEBD/EBAQ/w8PD/8PDw//Dw8P/w8PD/8PDw//Dw8P/w8PD/8PDw//Dg4O/w4ODv8ODg7/Dg4O/w4ODv8ODg7/Dg4O/w4ODv8ODg7/Dg4O/w4ODv8ODg7/Dg4O/w0NDf8NDQ3/Dg4O/w4ODv8ODg7/Dw8P/xAQEP8SEhL/ExMT/xQUFP8VFRX/FRUV/xUVFf8VFRX/FhYW/xYWFv8WFhb/FhYW/xYWFv8WFhb/FRUV/xUVFf8TExP/ExMT/xQUFP8UFBT/FBQU/xQUFP8VFRX/FRUV/xQUFP8UFBT/FBQU/xQUFP8UFBT/FBQU/xUVFf8XFxf/FhYW/xYWFv8WFhb/FhYW/xYWFv8WFhb/FhYW/xYWFv8WFhb/FRUV/xUVFf8VFRX/FRUV/xQUFP8UFBT/FRUV/xUVFf8VFRX/FRUV/xUVFf8VFRX/FRUV/xYWFv8WFhb/FhYW/xYWFv8WFhb/FhYW/xYWFv8WFhb/FxcX/xcXF/8XFxf/FxcX/xYWFv8WFhb/FhYW/xYWFv8YGBj/Gxsb/x4eHv8iIiL/IyMj/yMjI/8jIyP/IiIi/yIiIv8jIyP/JCQk/yQkJP8lJSX/JSUl/yYmJv8mJib/JiYm/ycnJ/8nJyf/KCgo/ygoKP8pKSn/Kioq/ysrK/8rKyv/Kysr/ykpKf8qKir/Kysr/ysrK/8mJib/IyMj/yIiIv8iIiL/IyMj/yUlJf8pKSn/Li4u/y4uLv8uLi7/Kysr/ycnJ/8mJib/JSUl/yYmJv8nJyf/KCgo/yoqKv8rKyv/Kioq/ykpKf8qKir/Kysr/ywsLP8uLi7/MTEx/zU1Nf81NTX/NDQ0/zIyMv8uLi7/Ly8v/zIyMv8zMzP/NTU1/zY2Nv84ODj/Ojo6/zo6Ov86Ojr/Nzc3/zQ0NP80NDT/NDQ0/zQ0NP81NTX/NTU1/zY2Nv81NTX/MzMz/zIyMv8xMTH/MTEx/zMzM/81NTX/Ojo6/zw8PP87Ozv/Ozs7/0FBQf9GRkb/RERE/0JCQv9AQED/Pj4+/zw8PP86Ojr/Pz8//0dHR/9MTEz/VVVV/1RUVP9PT0//T09P/1dXV/9YWFj/T09P/0pKSv9HR0f/RUVF/0BAQP88PDz/OTk5/zY2Nv83Nzf/ODg4/zs7O/8+Pj7/QEBA/0JCQv9CQkL/Pz8//0JCQv9KSkr/Tk5O/0tLS/9ISEj/QkJC/z4+Pv9BQUH/RERE/0VFRf9HR0f/R0dH/0hISP9KSkr/Tk5O/0pKSv9CQkL/QUFB/0FBQf9ERET/S0tL/05OTv9OTk7/TU1N/0hISP9ERET/QUFB/z09Pf9GRkb/UVFR/0xMTP9ERET/RUVF/0dHR/9QUFD/YmJi/2NjY/9dXV3/Wlpa/1hYWP9VVVX/S0tL/0ZGRv9LS0v/UFBQ/1BQUP9RUVH/TExM/0VFRf9QUFD/YGBg/19fX/9aWlr/V1dX/1JSUv9SUlL/VFRU/1lZWf9mZmb/bGxs/2tra/9paWn/W1tb/09PT/9OTk7/TU1N/0xMTP9MTEz/UFBQ/1dXV/9XV1f/VlZW/1ZWVv9WVlb/VlZW/1VVVf9VVVX/VlZW/1dXV/9dXV3/YGBg/1lZWf+goKD/t7e3/8/Pz/+qqqr/eXl5/3V1df9zc3P/j4+P/8TExP/ExMT/sLCw/7Gxsf/ExMT/ysrK/8bGxv+/v7//qamp/5ubm/+3t7f/1NTU/8PDw/+wsLD/qqqq/6Kiov+hoaH/n5+f/66urv/Nzc3/xcXF/6ampv+VlZX/enp6/3Jycv99fX3/g4OD/4CAgP9/f3//iYmJ/5OTk/+NjY3/h4eH/4iIiP+Kior/kpKS/56env+hoaH/paWl/5+fn/+NjY3/gICA/2dnZ/9gYGD/aGho/3V1df+jo6P/x8fH/83Nzf/S0tL/ysrK/8HBwf+pqan/iYmJ/4SEhP9+fn7/goKC/4uLi/+QkJD/mpqa/5qamv+SkpL/jIyM/4SEhP+CgoL/mZmZ/6ysrP+6urr/x8fH/52dnf9paWn/cXFx/319ff+NjY3/pqam/6CgoP+NjY3/jIyM/5OTk/+UlJT/jY2N/4qKiv+JiYn/iYmJ/4qKiv+Li4v/h4eH/4ODg/+NjY3/mpqa/66urv/Ly8v/09PT/97e3v/Jycn/nJyc/4+Pj/+Hh4f/hoaG/4uLi/+Li4v/hISE/39/f/95eXn/dHR0/3h4eP98fHz/bW1t/1lZWf9XV1f/VlZW/11dXf9oaGj/bGxs/3Jycv98fHz/k5OT/6Ojo/+9vb3/wMDA/5OTk/92dnb/c3Nz/3Jycv+Wlpb/vLy8/6ysrP+YmJj/lZWV/5KSkv+UlJT/lpaW/5OTk/+MjIz/jIyM/5CQkP+QkJD/ioqK/4mJif+Tk5P/mJiY/5GRkf+Li4v/fn5+/29vb/95eXn/hoaG/4mJif+MjIz/lZWV/6ampv+ioqL/lJSU/4eHh/9ubm7/ZWVl/2NjY/9gYGD/WFhY/1JSUv9SUlL/UlJS/1RUVP9WVlb/YGBg/21tbf91dXX/gICA/5aWlv+9vb3/r6+v/4CAgP9vb2//YWFh/1tbW/9aWlr/Wlpa/11dXf9gYGD/ZGRk/2hoaP9oaGj/aGho/2VlZf9iYmL/YmJi/2NjY/9oaGj/cHBw/2tra/9cXFz/WVlZ/1tbW/9fX1//bGxs/3d3d/+IiIj/k5OT/3l5ef9fX1//W1tb/1ZWVv9WVlb/VlZW/1paWv9hYWH/aGho/3R0dP9zc3P/bm5u/3Z2dv+SkpL/mZmZ/4iIiP+BgYH/kZGR/52dnf+IiIj/c3Nz/29vb/9qamr/ZmZm/2FhYf9lZWX/a2tr/2ZmZv9aWlr/V1dX/1dXV/9WVlb/UlJS/1FRUf9SUlL/UVFR/0pKSv9FRUX/RERE/0NDQ/9CQkL/QUFB/0FBQf9BQUH/RUVF/01NTf9QUFD/VVVV/1hYWP9fX1//XFxc/01NTf9GRkb/QkJC/z8/P/9DQ0P/RUVF/0lJSf9NTU3/TU1N/01NTf9SUlL/WVlZ/15eXv9mZmb/X19f/09PT/9KSkr/RUVF/0dHR/9SUlL/VVVV/05OTv9ISEj/QEBA/zk5Of87Ozv/Pj4+/z8/P/9AQED/Pz8//z8/P/88PDz/NjY2/zk5Of9BQUH/QUFB/z09Pf87Ozv/PDw8/zw8PP88PDz/PDw8/zs7O/85OTn/Ozs7/zw8PP9GRkb/UlJS/1BQUP9MTEz/S0tL/0hISP9LS0v/U1NT/1JSUv9KSkr/R0dH/0JCQv9BQUH/Q0ND/0ZGRv9KSkr/Tk5O/1RUVP9aWlr/UFBQ/0NDQ/9BQUH/Pz8//0ZGRv9UVFT/WFhY/11dXf9YWFj/SEhI/0NDQ/9FRUX/RUVF/0RERP9DQ0P/Q0ND/1BQUP9UVFT/WVlZ/1tbW/9eXl7/YGBg/2NjY/9tbW3/gYGB/4CAgP92dnb/bW1t/15eXv9XV1f/VlZW/1ZWVv9ZWVn/Wlpa/1dXV/9UVFT/VFRU/1VVVf9dXV3/aGho/2pqav9tbW3/b29v/3Nzc/91dXX/eHh4/39/f/+RkZH/k5OT/39/f/9zc3P/bW1t/2dnZ/9lZWX/YmJi/2dnZ/9sbGz/fn5+/5eXl/+Ojo7/fHx8/3h4eP90dHT/cnJy/29vb/9oaGj/VlZW/05OTv9OTk7/Tk5O/1JSUv9WVlb/Y2Nj/3Fxcf99fX3/jIyM/4qKiv+IiIj/ioqK/42Njf+Wlpb/qKio/6ampv+YmJj/kJCQ/4KCgv96enr/cnJy/21tbf9tbW3/bGxs/2tra/9paWn/bGxs/3BwcP+EhIT/n5+f/5aWlv+Dg4P/g4OD/4eHh/+ZmZn/w8PD/8bGxv+rq6v/nJyc/5CQkP+JiYn/ioqK/4uLi/+JiYn/h4eH/4GBgf96enr/cHBw/2JiYv9lZWX/bGxs/25ubv9ycnL/bm5u/2JiYv9eXl7/XV1d/2FhYf91dXX/f39//25ubv9fX1//c3Nz/4mJif+YmJj/q6ur/46Ojv9iYmL/WVlZ/05OTv9LS0v/R0dH/0pKSv9TU1P/V1dX/1tbW/9dXV3/XFxc/11dXf9iYmL/Z2dn/3R0dP+CgoL/hoaG/4yMjP+EhIT/d3d3/3Z2dv92dnb/dXV1/3Fxcf90dHT/f39//4GBgf97e3v/e3t7/4mJif+RkZH/ioqK/4SEhP+IiIj/jY2N/4GBgf9ycnL/cHBw/21tbf9vb2//c3Nz/319ff+RkZH/lJSU/46Ojv+Li4v/iIiI/4aGhv+EhIT/goKC/3h4eP9vb2//a2tr/2hoaP9oaGj/aGho/3Z2dv+MjIz/hISE/3Nzc/9tbW3/ZWVl/2pqav98fHz/fn5+/25ubv9hYWH/TExM/z09Pf85OTn/NTU1/zQ0NP80NDT/Ojo6/0NDQ/9PT0//Y2Nj/2JiYv9dXV3/YWFh/2tra/98fHz/pKSk/7S0tP+0tLT/rKys/4WFhf9oaGj/eHh4/4iIiP+dnZ3/tra2/6qqqv+ZmZn/i4uL/3V1df90dHT/d3d3/3l5ef99fX3/hYWF/5mZmf+pqan/xsbG/9bW1v/S0tL/y8vL/6CgoP9zc3P/ZWVl/1RUVP9gYGD/cXFx/3h4eP+BgYH/kpKS/7Ozs/+rq6v/iYmJ/3x8fP9xcXH/bm5u/3BwcP9xcXH/cnJy/3Jycv9vb2//bGxs/35+fv+Tk5P/m5ub/6ampv+kpKT/n5+f/5+fn/+goKD/p6en/7i4uP+8vLz/uLi4/7Ozs/+lpaX/mZmZ/4ODg/9wcHD/cHBw/29vb/9ubm7/bGxs/3V1df+CgoL/hoaG/4uLi/+Li4v/iIiI/4WFhf9+fn7/fX19/4SEhP+Dg4P/c3Nz/2lpaf9paWn/aWlp/3Fxcf96enr/iIiI/5iYmP+rq6v/xcXF/9LS0v/l5eX/z8/P/5iYmP+AgID/YWFh/1RUVP9LS0v/R0dH/0pKSv9PT0//ZGRk/3d3d/9zc3P/bm5u/4ODg/+enp7/oaGh/6SkpP+urq7/wMDA/8HBwf+9vb3/tbW1/6Ojo/+qqqr/1tbW/+rq6v/h4eH/19fX/7a2tv+Xl5f/lpaW/5WVlf+Hh4f/dXV1/3l5ef+AgID/jo6O/6ioqP+1tbX/ycnJ/8PDw/+mpqb/mpqa/5OTk/+NjY3/fX19/3R0dP+Kior/VlZW/1JSUv9NTU3/UlJS/1lZWf9iYmL/cHBw/2tra/9fX1//YmJi/2tra/9qamr/YWFh/11dXf9bW1v/WFhY/0tLS/9CQkL/QUFB/z8/P/9CQkL/RUVF/0pKSv9RUVH/VFRU/1paWv9bW1v/XFxc/11dXf9gYGD/YWFh/2BgYP9eXl7/V1dX/1ZWVv9fX1//ZWVl/19fX/9YWFj/V1dX/1ZWVv9TU1P/Tk5O/05OTv9OTk7/T09P/1NTU/9VVVX/WFhY/1hYWP9VVVX/U1NT/05OTv9LS0v/TExM/01NTf9TU1P/WVlZ/1hYWP9XV1f/VVVV/1JSUv9aWlr/aWlp/2NjY/9TU1P/UFBQ/09PT/9RUVH/V1dX/1xcXP9mZmb/a2tr/2RkZP9eXl7/X19f/19fX/9aWlr/VFRU/1JSUv9PT0//UFBQ/1FRUf9TU1P/V1dX/1ZWVv9RUVH/T09P/01NTf9LS0v/R0dH/0dHR/9XV1f/ZWVl/2ZmZv9paWn/X19f/1NTU/9VVVX/WFhY/2BgYP9sbGz/b29v/3BwcP9ubm7/aWlp/2hoaP9qamr/aWlp/2NjY/9gYGD/ZWVl/2pqav9iYmL/W1tb/19fX/9kZGT/cHBw/4ODg/96enr/aGho/2FhYf9YWFj/W1tb/2ZmZv9sbGz/cXFx/3Nzc/9vb2//bGxs/2pqav9oaGj/ZWVl/2JiYv9cXFz/VVVV/1JSUv9OTk7/TExM/0lJSf9JSUn/SkpK/0lJSf9HR0f/SEhI/05OTv9TU1P/Xl5e/2VlZf9fX1//WVlZ/1paWv9cXFz/Wlpa/1lZWf9VVVX/Tk5O/1JSUv9ZWVn/WVlZ/1VVVf9XV1f/XV1d/2RkZP91dXX/eXl5/2FhYf9QUFD/T09P/05OTv9LS0v/R0dH/0NDQ/8+Pj7/Pj4+/z8/P/9CQkL/RkZG/0NDQ/86Ojr/NjY2/zAwMP8uLi7/LCws/yoqKv8oKCj/JiYm/ysrK/8wMDD/Nzc3/z4+Pv89PT3/Ozs7/zg4OP8zMzP/MDAw/ywsLP8rKyv/Kioq/yoqKv8pKSn/KSkp/ysrK/8rKyv/LCws/y0tLf8tLS3/LS0t/y0tLf8sLCz/LS0t/y0tLf8tLS3/LCws/ywsLP8rKyv/Kysr/ysrK/8rKyv/Kysr/ysrK/8tLS3/Li4u/y0tLf8sLCz/LS0t/y0tLf8tLS3/LS0t/ywsLP8rKyv/LCws/y8vL/8vLy//Ly8v/y4uLv8uLi7/Li4u/zAwMP8xMTH/Ly8v/y8vL/8vLy//Ly8v/y8vL/8vLy//Ly8v/y8vL/8uLi7/Li4u/y0tLf8sLCz/LCws/ysrK/8rKyv/LCws/y0tLf8tLS3/Li4u/y4uLv8uLi7/LS0t/y0tLf8tLS3/Li4u/y4uLv8uLi7/Li4u/y8vL/8vLy//MDAw/zAwMP8xMTH/MzMz/zc3N/84ODj/Ojo6/zs7O/87Ozv/Ozs7/z09Pf9AQED/QkJC/0VFRf9HR0f/SUlJ/0tLS/9NTU3/U1NT/11dXf9gYGD/ZGRk/2VlZf9mZmb/bGxs/35+fv+EhIT/e3t7/3Jycv9eXl7/S0tL/0VFRf89PT3/RERE/0xMTP9TU1P/Xl5e/15eXv9eXl7/XV1d/1xcXP9YWFj/UFBQ/05OTv9TU1P/Wlpa/2xsbP95eXn/eXl5/3l5ef96enr/e3t7/35+fv+Dg4P/iIiI/46Ojv+IiIj/e3t7/3t7e/+AgID/goKC/4ODg/99fX3/Z2dn/1tbW/9ZWVn/V1dX/1RUVP8UFBT/FBQU/xUVFf8VFRX/FhYW/xYWFv8VFRX/FRUV/xUVFf8VFRX/FRUV/xYWFv8WFhb/FRUV/xQUFP8UFBT/FRUV/xUVFf8WFhb/FhYW/xUVFf8UFBT/FBQU/xQUFP8UFBT/ExMT/xMTE/8TExP/ExMT/xMTE/8TExP/ExMT/xQUFP8UFBT/FBQU/xQUFP8UFBT/ExMT/xMTE/8TExP/ExMT/xISEv8SEhL/EhIS/xMTE/8TExP/EhIS/xISEv8SEhL/EhIS/xEREf8RERH/EhIS/xISEv8SEhL/EhIS/xISEv8SEhL/ERER/xEREf8RERH/ERER/xEREf8SEhL/ExMT/xQUFP8VFRX/FRUV/xYWFv8WFhb/FhYW/xYWFv8XFxf/FxcX/xgYGP8XFxf/FxcX/xcXF/8XFxf/FRUV/xQUFP8UFBT/ExMT/xMTE/8UFBT/FBQU/xQUFP8UFBT/FRUV/xUVFf8VFRX/FRUV/xUVFf8VFRX/FRUV/xUVFf8VFRX/FRUV/xUVFf8VFRX/FRUV/xYWFv8WFhb/FxcX/xcXF/8WFhb/FhYW/xUVFf8VFRX/FRUV/xUVFf8VFRX/FRUV/xUVFf8UFBT/FBQU/xQUFP8UFBT/FBQU/xUVFf8VFRX/FRUV/xYWFv8WFhb/FhYW/xYWFv8WFhb/FhYW/xYWFv8WFhb/FhYW/xYWFv8WFhb/FRUV/xcXF/8aGhr/HBwc/x8fH/8fHx//Hx8f/x8fH/8hISH/ISEh/yIiIv8iIiL/IyMj/yQkJP8jIyP/IiIi/yIiIv8iIiL/JCQk/yYmJv8lJSX/JSUl/yUlJf8kJCT/JSUl/yUlJf8lJSX/JiYm/yYmJv8kJCT/IyMj/yEhIf8gICD/ICAg/yAgIP8gICD/ISEh/yMjI/8nJyf/Jycn/ycnJ/8mJib/JSUl/yQkJP8iIiL/IyMj/yUlJf8mJib/KSkp/yoqKv8pKSn/KSkp/ycnJ/8nJyf/KCgo/ykpKf8pKSn/KSkp/yoqKv8qKir/Kioq/yoqKv8rKyv/Kysr/ysrK/8qKir/Kysr/y0tLf8uLi7/Ly8v/zAwMP8vLy//Li4u/y4uLv8tLS3/Li4u/zAwMP8wMDD/MTEx/y8vL/8tLS3/LS0t/ywsLP8tLS3/LS0t/y4uLv8xMTH/MjIy/zIyMv8yMjL/NTU1/zc3N/84ODj/OTk5/zY2Nv8zMzP/MjIy/zAwMP80NDT/Ozs7/z09Pf89PT3/PT09/zw8PP88PDz/Pj4+/z8/P/8/Pz//Pz8//z4+Pv89PT3/ODg4/zMzM/8yMjL/MTEx/zQ0NP85OTn/Ojo6/zw8PP87Ozv/Ojo6/zo6Ov87Ozv/PT09/0JCQv9DQ0P/Pz8//zs7O/83Nzf/NDQ0/zg4OP89PT3/Pz8//0NDQ/9ERET/R0dH/0ZGRv9DQ0P/Pz8//zc3N/85OTn/QEBA/0NDQ/9FRUX/R0dH/01NTf9QUFD/TU1N/0pKSv9BQUH/Nzc3/zs7O/9BQUH/QEBA/z4+Pv9AQED/Q0ND/0dHR/9PT0//U1NT/1lZWf9aWlr/VVVV/1FRUf9FRUX/PT09/z4+Pv9AQED/Q0ND/0dHR/9CQkL/Ojo6/z4+Pv9FRUX/RkZG/0hISP9LS0v/UFBQ/1BQUP9NTU3/TU1N/1NTU/9WVlb/U1NT/1BQUP9LS0v/R0dH/1BQUP9ZWVn/UlJS/0lJSf9HR0f/RkZG/01NTf9aWlr/Xl5e/2JiYv9hYWH/Xl5e/1tbW/9YWFj/WFhY/19fX/9iYmL/XFxc/5qamv+srKz/wMDA/56env9wcHD/b29v/3Fxcf+Pj4//yMjI/8bGxv+vr6//rKys/7S0tP+4uLj/u7u7/7q6uv+pqan/n5+f/76+vv/d3d3/z8/P/76+vv+wsLD/nZ2d/5ubm/+YmJj/qamp/8zMzP/BwcH/mZmZ/4eHh/90dHT/cHBw/3x8fP+Dg4P/hoaG/4iIiP+Kior/jY2N/4SEhP96enr/d3d3/3Jycv99fX3/j4+P/5eXl/+kpKT/n5+f/46Ojv+BgYH/Z2dn/2BgYP9ubm7/fn5+/6ioqP/Jycn/zc3N/9HR0f/FxcX/uLi4/6CgoP+AgID/enp6/3R0dP94eHj/gYGB/4mJif+ZmZn/nZ2d/56env+dnZ3/mJiY/5mZmf+vr6//wsLC/83Nzf/Y2Nj/qamp/3Fxcf91dXX/fX19/5KSkv+2trb/q6ur/4uLi/+JiYn/k5OT/5WVlf+Pj4//jIyM/4qKiv+IiIj/iIiI/4eHh/9+fn7/dXV1/35+fv+JiYn/paWl/83Nzf/V1dX/3t7e/8bGxv+SkpL/hoaG/4ODg/+EhIT/iYmJ/4mJif+AgID/enp6/3Z2dv90dHT/fX19/4iIiP91dXX/XFxc/1paWv9XV1f/XV1d/2hoaP9sbGz/cXFx/35+fv+cnJz/r6+v/87Ozv/R0dH/np6e/3t7e/95eXn/eHh4/6CgoP/Nzc3/vb29/6mpqf+lpaX/n5+f/52dnf+bm5v/kZGR/3t7e/96enr/goKC/4WFhf+EhIT/iIiI/5iYmP+jo6P/nJyc/5WVlf+Dg4P/b29v/3t7e/+Kior/i4uL/4yMjP+Wlpb/qamp/6Wlpf+UlJT/h4eH/3BwcP9mZmb/YWFh/1xcXP9SUlL/TExM/01NTf9PT0//VVVV/1tbW/9mZmb/dHR0/3l5ef+AgID/mZmZ/8bGxv+4uLj/h4eH/3R0dP9kZGT/Xl5e/11dXf9dXV3/YGBg/2RkZP9ra2v/cXFx/3Jycv9ycnL/bW1t/2VlZf9mZmb/aGho/3BwcP9/f3//eHh4/2FhYf9bW1v/W1tb/2BgYP90dHT/goKC/5iYmP+lpaX/hISE/2NjY/9dXV3/V1dX/1RUVP9RUVH/UlJS/1RUVP9dXV3/bW1t/29vb/9vb2//d3d3/4+Pj/+UlJT/goKC/3t7e/+MjIz/mJiY/4SEhP9wcHD/cXFx/3Nzc/9sbGz/Y2Nj/2dnZ/9wcHD/a2tr/15eXv9bW1v/W1tb/1lZWf9VVVX/U1NT/1JSUv9RUVH/S0tL/0dHR/9HR0f/SEhI/0ZGRv9FRUX/QkJC/z09Pf8/Pz//QkJC/0ZGRv9MTEz/T09P/1ZWVv9WVlb/T09P/0pKSv9CQkL/PT09/z4+Pv9AQED/R0dH/05OTv9PT0//UFBQ/1JSUv9WVlb/XFxc/2RkZP9eXl7/TU1N/0lJSf9FRUX/R0dH/1RUVP9YWFj/VFRU/09PT/9ERET/Ojo6/z09Pf9AQED/Q0ND/0hISP9ISEj/R0dH/0FBQf84ODj/Ozs7/0NDQ/9ERET/QEBA/z8/P/8+Pj7/PT09/z09Pf89PT3/Ojo6/zg4OP84ODj/Nzc3/0NDQ/9RUVH/T09P/0tLS/9JSUn/RkZG/0pKSv9VVVX/VlZW/1BQUP9LS0v/QkJC/z8/P/9ERET/SEhI/09PT/9WVlb/Wlpa/19fX/9RUVH/Pj4+/z4+Pv8/Pz//R0dH/1VVVf9ZWVn/XV1d/1hYWP9KSkr/RUVF/0dHR/9HR0f/RERE/0JCQv9CQkL/RUVF/0lJSf9OTk7/UlJS/1dXV/9cXFz/ZGRk/21tbf98fHz/fHx8/3V1df9vb2//YmJi/1xcXP9WVlb/U1NT/1FRUf9PT0//TExM/0lJSf9QUFD/WVlZ/15eXv9lZWX/Z2dn/2pqav9oaGj/ZWVl/2VlZf9mZmb/cHBw/4mJif+Pj4//gICA/3d3d/9ycnL/bW1t/2hoaP9iYmL/ZGRk/2ZmZv92dnb/jIyM/4aGhv97e3v/eXl5/3d3d/92dnb/dHR0/21tbf9ZWVn/UlJS/1ZWVv9ZWVn/XFxc/2BgYP9mZmb/bW1t/3p6ev+Kior/jo6O/5OTk/+UlJT/lpaW/5+fn/+wsLD/qKio/4yMjP+AgID/c3Nz/2xsbP9lZWX/YWFh/15eXv9cXFz/WVlZ/1VVVf9fX1//a2tr/39/f/+cnJz/lJSU/4ODg/+CgoL/hISE/5OTk/+4uLj/vb29/6ioqP+cnJz/kJCQ/4mJif+Li4v/i4uL/4KCgv94eHj/c3Nz/21tbf9nZ2f/X19f/2VlZf9xcXH/dXV1/3h4eP90dHT/Z2dn/2JiYv9dXV3/YWFh/3p6ev+Hh4f/d3d3/2lpaf95eXn/i4uL/5aWlv+kpKT/ioqK/2JiYv9XV1f/SkpK/0dHR/9FRUX/SEhI/1FRUf9XV1f/Xl5e/2FhYf9cXFz/Wlpa/15eXv9hYWH/bW1t/3l5ef99fX3/goKC/3x8fP9xcXH/cXFx/3Fxcf9wcHD/cHBw/3R0dP+AgID/goKC/3p6ev95eXn/hoaG/42Njf+Dg4P/enp6/3x8fP9/f3//d3d3/2xsbP9mZmb/X19f/2JiYv9qamr/dHR0/4aGhv+JiYn/hYWF/4WFhf+JiYn/jIyM/4uLi/+JiYn/fHx8/3BwcP9ycnL/dHR0/3Nzc/9xcXH/fn5+/5KSkv+MjIz/fX19/3l5ef92dnb/e3t7/4uLi/+Kior/cXFx/2BgYP9KSkr/Ojo6/zc3N/80NDT/MjIy/zAwMP83Nzf/QEBA/05OTv9jY2P/Y2Nj/19fX/9iYmL/bGxs/3p6ev+cnJz/p6en/6Ojo/+ampr/eXl5/2FhYf90dHT/h4eH/52dnf+1tbX/qamp/5eXl/+JiYn/dHR0/3Jycv9zc3P/dXV1/3p6ev+Dg4P/mpqa/6ysrP/Q0ND/4+Pj/93d3f/W1tb/qqqq/3x8fP9sbGz/WFhY/2ZmZv95eXn/fHx8/4GBgf+RkZH/sbGx/6ioqP+FhYX/eXl5/3Z2dv91dXX/dHR0/3R0dP90dHT/c3Nz/3Nzc/9ycnL/eXl5/4KCgv+QkJD/o6Oj/6Ghof+cnJz/mJiY/5GRkf+bm5v/t7e3/7u7u/+tra3/paWl/5ycnP+Tk5P/f39//25ubv9wcHD/cXFx/21tbf9paWn/bm5u/3V1df99fX3/iYmJ/4eHh/+BgYH/gICA/4KCgv+FhYX/jIyM/4yMjP99fX3/c3Nz/3Fxcf9vb2//e3t7/4mJif+Tk5P/oKCg/7Gxsf/Jycn/09PT/+Dg4P/Jycn/kpKS/3p6ev9YWFj/S0tL/0ZGRv9GRkb/Tk5O/1ZWVv9ra2v/fn5+/3l5ef9zc3P/h4eH/5+fn/+np6f/srKy/7i4uP/Dw8P/xMTE/8PDw/+7u7v/pqam/6mpqf/Nzc3/39/f/+Li4v/g4OD/xcXF/6qqqv+jo6P/mpqa/4+Pj/+AgID/g4OD/4iIiP+ZmZn/uLi4/8nJyf/l5eX/39/f/729vf+tra3/nZ2d/5GRkf99fX3/cXFx/4aGhv9UVFT/T09P/0pKSv9MTEz/UFBQ/1lZWf9nZ2f/Y2Nj/1lZWf9bW1v/Y2Nj/2NjY/9bW1v/V1dX/1VVVf9RUVH/RUVF/zs7O/85OTn/NjY2/zk5Of88PDz/QUFB/0hISP9KSkr/TU1N/09PT/9RUVH/VVVV/1tbW/9cXFz/Wlpa/1hYWP9TU1P/UVFR/1dXV/9cXFz/WFhY/1RUVP9RUVH/T09P/0xMTP9ISEj/R0dH/0ZGRv9HR0f/SkpK/0xMTP9RUVH/UVFR/09PT/9MTEz/R0dH/0RERP9ERET/RERE/0hISP9MTEz/T09P/1NTU/9RUVH/Tk5O/1VVVf9hYWH/XFxc/09PT/9NTU3/TExM/01NTf9SUlL/V1dX/2FhYf9mZmb/Xl5e/1dXV/9ZWVn/W1tb/1VVVf9OTk7/S0tL/0hISP9KSkr/TExM/01NTf9PT0//TU1N/0VFRf9CQkL/QEBA/z8/P/8/Pz//QkJC/09PT/9cXFz/X19f/2JiYv9XV1f/SkpK/01NTf9QUFD/VlZW/19fX/9hYWH/YmJi/2JiYv9hYWH/YWFh/2FhYf9hYWH/XV1d/1tbW/9bW1v/W1tb/1dXV/9RUVH/V1dX/19fX/9oaGj/dnZ2/25ubv9eXl7/Wlpa/1lZWf9cXFz/ZmZm/2tra/9vb2//cXFx/29vb/9ubm7/bW1t/2xsbP9jY2P/Wlpa/1VVVf9QUFD/Tk5O/0xMTP9MTEz/TExM/0xMTP9MTEz/S0tL/0dHR/9ISEj/UFBQ/1ZWVv9hYWH/Z2dn/11dXf9TU1P/U1NT/1NTU/9VVVX/WFhY/1NTU/9LS0v/TU1N/1JSUv9SUlL/UFBQ/1JSUv9aWlr/YGBg/21tbf9vb2//Wlpa/0pKSv9JSUn/SEhI/0dHR/9FRUX/QUFB/zw8PP88PDz/PT09/z4+Pv9BQUH/Pz8//zg4OP80NDT/Li4u/ywsLP8rKyv/Kioq/ygoKP8nJyf/LCws/zExMf83Nzf/Pj4+/zw8PP84ODj/NTU1/zExMf8uLi7/Kysr/yoqKv8qKir/Kioq/ykpKf8pKSn/Kioq/ysrK/8sLCz/LS0t/ywsLP8sLCz/LCws/y0tLf8tLS3/LS0t/ywsLP8sLCz/LCws/ysrK/8rKyv/Kysr/ysrK/8qKir/Kysr/ywsLP8tLS3/LCws/ywsLP8sLCz/LS0t/y0tLf8tLS3/LCws/ysrK/8tLS3/Ly8v/y8vL/8vLy//Li4u/y0tLf8tLS3/Ly8v/y8vL/8uLi7/Li4u/y8vL/8vLy//Ly8v/y8vL/8vLy//Ly8v/y4uLv8tLS3/LS0t/ywsLP8rKyv/Kioq/ysrK/8sLCz/LCws/y0tLf8uLi7/Li4u/y4uLv8tLS3/LS0t/y0tLf8uLi7/Li4u/y4uLv8uLi7/Li4u/y4uLv8vLy//Ly8v/zAwMP8yMjL/NTU1/zY2Nv84ODj/OTk5/zg4OP85OTn/Ozs7/z09Pf89PT3/PT09/z09Pf8+Pj7/QUFB/0VFRf9LS0v/VVVV/1hYWP9bW1v/XV1d/15eXv9lZWX/enp6/4ODg/98fHz/dHR0/2FhYf9PT0//RkZG/z09Pf9DQ0P/SkpK/1VVVf9lZWX/ZGRk/19fX/9dXV3/Wlpa/1dXV/9QUFD/T09P/1VVVf9aWlr/ZmZm/21tbf9tbW3/bGxs/3Fxcf92dnb/eHh4/3t7e/9/f3//hYWF/35+fv9xcXH/cXFx/3R0dP90dHT/c3Nz/25ubv9gYGD/WVlZ/1hYWP9XV1f/Tk5O/xUVFf8WFhb/FhYW/xcXF/8XFxf/FxcX/xYWFv8WFhb/FhYW/xYWFv8XFxf/FxcX/xcXF/8XFxf/FxcX/xcXF/8YGBj/GBgY/xgYGP8ZGRn/GBgY/xcXF/8WFhb/FhYW/xUVFf8UFBT/FBQU/xQUFP8UFBT/FBQU/xUVFf8VFRX/FRUV/xUVFf8VFRX/FRUV/xUVFf8VFRX/FRUV/xUVFf8UFBT/FBQU/xQUFP8UFBT/FRUV/xUVFf8VFRX/FRUV/xQUFP8UFBT/ExMT/xMTE/8TExP/ExMT/xMTE/8TExP/FBQU/xQUFP8TExP/ExMT/xMTE/8TExP/ExMT/xQUFP8UFBT/FRUV/xYWFv8WFhb/FhYW/xcXF/8XFxf/FxcX/xgYGP8YGBj/GBgY/xgYGP8XFxf/FxcX/xcXF/8WFhb/FRUV/xQUFP8TExP/FBQU/xQUFP8VFRX/FRUV/xUVFf8VFRX/FhYW/xYWFv8WFhb/FhYW/xUVFf8VFRX/FRUV/xYWFv8WFhb/FhYW/xYWFv8WFhb/FhYW/xcXF/8XFxf/FxcX/xcXF/8WFhb/FhYW/xYWFv8WFhb/FhYW/xYWFv8WFhb/FRUV/xUVFf8VFRX/FRUV/xUVFf8VFRX/FRUV/xYWFv8WFhb/FhYW/xYWFv8WFhb/FhYW/xYWFv8WFhb/FhYW/xYWFv8WFhb/FhYW/xYWFv8VFRX/FxcX/xoaGv8bGxv/HR0d/x0dHf8dHR3/HR0d/yAgIP8gICD/ICAg/yEhIf8iIiL/IyMj/yEhIf8gICD/ICAg/yAgIP8iIiL/JCQk/yQkJP8jIyP/IyMj/yIiIv8iIiL/IiIi/yMjI/8kJCT/IyMj/yEhIf8gICD/Hx8f/x8fH/8fHx//Hx8f/x8fH/8fHx//ISEh/yMjI/8kJCT/JCQk/yQkJP8jIyP/IyMj/yIiIv8iIiL/IyMj/yUlJf8nJyf/KCgo/ygoKP8nJyf/JSUl/yQkJP8lJSX/JiYm/yUlJf8lJSX/JSUl/yYmJv8nJyf/KCgo/ygoKP8oKCj/KCgo/yYmJv8mJib/KCgo/ykpKf8qKir/Kysr/ysrK/8rKyv/Kioq/yoqKv8rKyv/LS0t/y0tLf8tLS3/LCws/yoqKv8qKir/Kioq/yoqKv8qKir/Kysr/y0tLf8uLi7/LS0t/y0tLf8vLy//MDAw/zIyMv8zMzP/MTEx/y4uLv8tLS3/LCws/y8vL/81NTX/NDQ0/zMzM/8zMzP/MzMz/zMzM/80NDT/NTU1/zc3N/85OTn/OTk5/zk5Of80NDT/Ly8v/y8vL/8wMDD/MzMz/zc3N/83Nzf/ODg4/zc3N/81NTX/NjY2/zg4OP86Ojr/PDw8/zw8PP84ODj/NDQ0/zExMf8vLy//MzMz/zc3N/85OTn/PT09/z8/P/9CQkL/QEBA/zw8PP84ODj/MjIy/zQ0NP89PT3/Pz8//0BAQP9CQkL/R0dH/0tLS/9JSUn/R0dH/z4+Pv8zMzP/NTU1/zg4OP85OTn/Ojo6/zw8PP8/Pz//QUFB/0RERP9ISEj/UlJS/1NTU/9PT0//SkpK/0BAQP85OTn/OTk5/zk5Of8+Pj7/Q0ND/z4+Pv83Nzf/ODg4/zo6Ov88PDz/QEBA/0RERP9MTEz/TExM/0dHR/9HR0f/SkpK/0tLS/9ISEj/RkZG/0RERP9CQkL/TU1N/1hYWP9QUFD/RUVF/0JCQv8+Pj7/RkZG/1dXV/9bW1v/YGBg/19fX/9bW1v/WFhY/1RUVP9TU1P/WVlZ/11dXf9ZWVn/oKCg/5OTk/+EhIT/c3Nz/1xcXP9fX1//ZWVl/3Z2dv+Wlpb/lZWV/4iIiP+Ghob/iIiI/4yMjP+bm5v/oqKi/56env+dnZ3/q6ur/7q6uv+4uLj/tra2/6ysrP+fn5//lJSU/4ODg/+JiYn/lpaW/5OTk/+Ghob/gICA/3h4eP91dXX/c3Nz/3d3d/+Tk5P/qamp/6ampv+jo6P/k5OT/4GBgf95eXn/b29v/319ff+VlZX/mJiY/5qamv+dnZ3/o6Oj/5ycnP+Dg4P/fHx8/4qKiv+Tk5P/nJyc/6SkpP+np6f/qqqq/5ycnP+MjIz/g4OD/3Z2dv9zc3P/cXFx/3Fxcf9wcHD/d3d3/4eHh/+Wlpb/t7e3/8bGxv/Pz8//1NTU/9fX1//Y2Nj/ysrK/7u7u/+mpqb/jY2N/42Njf+Pj4//p6en/9LS0v/Gxsb/o6Oj/5WVlf+EhIT/fHx8/3Nzc/9wcHD/dnZ2/3p6ev98fHz/fn5+/4KCgv+Ghob/e3t7/29vb/9/f3//l5eX/6Ojo/+1tbX/qamp/4yMjP+Hh4f/h4eH/4aGhv+BgYH/fn5+/3x8fP98fHz/goKC/4eHh/+Ojo7/l5eX/4GBgf9mZmb/ZGRk/2FhYf9kZGT/a2tr/29vb/92dnb/gYGB/5ubm/+qqqr/w8PD/8bGxv+kpKT/jIyM/4aGhv+BgYH/paWl/8zMzP/Pz8//09PT/8rKyv+7u7v/wMDA/83Nzf+9vb3/lJSU/4yMjP+QkJD/kZGR/5KSkv+ampr/vLy8/9LS0v/CwsL/s7Oz/5CQkP9qamr/b29v/3Z2dv96enr/gICA/4ODg/+Hh4f/h4eH/4WFhf9+fn7/bGxs/2RkZP9hYWH/XV1d/1RUVP9OTk7/WFhY/2NjY/9xcXH/gICA/35+fv98fHz/fHx8/319ff+JiYn/oKCg/5ycnP+Kior/f39//21tbf9mZmb/ZGRk/2RkZP9kZGT/ZmZm/3d3d/+Kior/kZGR/5qamv+JiYn/cXFx/3R0dP96enr/jo6O/7W1tf+np6f/eHh4/21tbf9xcXH/enp6/5aWlv+oqKj/tLS0/7u7u/+VlZX/bm5u/25ubv9vb2//ZGRk/1VVVf9UVFT/UlJS/1dXV/9hYWH/ZmZm/29vb/9wcHD/a2tr/2hoaP9iYmL/YWFh/25ubv94eHj/cHBw/2hoaP93d3f/iYmJ/3d3d/9dXV3/YWFh/2lpaf9lZWX/Wlpa/1VVVf9PT0//TU1N/0xMTP9LS0v/SEhI/0dHR/9GRkb/RkZG/05OTv9XV1f/U1NT/09PT/9ISEj/Pj4+/z09Pf8+Pj7/QEBA/0RERP9JSUn/VVVV/1tbW/9iYmL/YmJi/1VVVf9OTk7/TU1N/0xMTP9JSUn/RkZG/0pKSv9PT0//TU1N/0pKSv9ISEj/RUVF/0JCQv89PT3/Ozs7/zo6Ov8/Pz//UFBQ/1tbW/9nZ2f/bGxs/1paWv9KSkr/TExM/05OTv9SUlL/WFhY/1ZWVv9UVFT/TExM/z4+Pv89PT3/Pz8//0BAQP9AQED/Pz8//z4+Pv8+Pj7/RERE/0dHR/9ERET/QUFB/z09Pf85OTn/QkJC/05OTv9LS0v/RkZG/0NDQ/8/Pz//Q0ND/05OTv9TU1P/WFhY/1VVVf9BQUH/ODg4/zw8PP9AQED/T09P/15eXv9aWlr/V1dX/0tLS/88PDz/PT09/0BAQP9CQkL/RUVF/0ZGRv9GRkb/RUVF/0JCQv9DQ0P/SEhI/0lJSf9ERET/QUFB/0FBQf9MTEz/T09P/1FRUf9YWFj/YGBg/2VlZf9ubm7/a2tr/2VlZf9oaGj/cXFx/3Z2dv9+fn7/fHx8/2lpaf9fX1//Wlpa/1ZWVv9TU1P/T09P/15eXv9ubm7/a2tr/2ZmZv9wcHD/gYGB/319ff9xcXH/a2tr/2JiYv9iYmL/aGho/2xsbP9tbW3/b29v/3BwcP9xcXH/b29v/2xsbP9ycnL/eXl5/3Z2dv9zc3P/dXV1/3l5ef91dXX/bW1t/25ubv90dHT/cXFx/2JiYv9jY2P/fn5+/46Ojv+NjY3/jIyM/4KCgv93d3f/goKC/42Njf+VlZX/n5+f/56env+bm5v/oKCg/6urq/+enp7/eHh4/2pqav9iYmL/Xl5e/15eXv9dXV3/V1dX/1JSUv9UVFT/VlZW/2FhYf9tbW3/bm5u/25ubv9ra2v/ZWVl/2ZmZv9paWn/cXFx/4CAgP+Dg4P/fn5+/3x8fP9+fn7/gICA/4aGhv+Li4v/hoaG/4GBgf92dnb/aGho/2xsbP9ycnL/fX19/4+Pj/+JiYn/d3d3/3Nzc/9ycnL/bm5u/2RkZP9iYmL/bm5u/3Z2dv9zc3P/cHBw/25ubv9ra2v/bGxs/25ubv9ra2v/ZmZm/2RkZP9iYmL/XFxc/1BQUP9OTk7/UVFR/1RUVP9cXFz/X19f/1xcXP9ZWVn/VFRU/09PT/9TU1P/WFhY/2FhYf9tbW3/cnJy/3p6ev99fX3/gYGB/39/f/94eHj/c3Nz/2pqav9lZWX/YGBg/2BgYP9wcHD/enp6/3V1df9wcHD/dHR0/3d3d/95eXn/fHx8/3Jycv9jY2P/ampq/3p6ev9+fn7/gYGB/4GBgf9+fn7/g4OD/5eXl/+hoaH/oKCg/56env+QkJD/goKC/5mZmf+xsbH/oqKi/46Ojv+Li4v/h4eH/4yMjP+Xl5f/mpqa/56env+cnJz/lpaW/4mJif9mZmb/UVFR/0VFRf88PDz/PT09/z4+Pv86Ojr/NjY2/zs7O/9DQ0P/UlJS/2pqav9ra2v/ZmZm/2RkZP9hYWH/ZGRk/25ubv9ycnL/c3Nz/29vb/9fX1//U1NT/19fX/9qamr/f39//5eXl/+QkJD/hoaG/4WFhf+Dg4P/e3t7/2pqav9nZ2f/Z2dn/25ubv+BgYH/j4+P/6ampv+ysrL/pqam/5ubm/+Kior/eHh4/2lpaf9YWFj/YWFh/21tbf9tbW3/bm5u/3R0dP+AgID/goKC/4ODg/+IiIj/mJiY/5ubm/+JiYn/f39//4CAgP+CgoL/l5eX/62trf+enp7/jIyM/5qamv+urq7/r6+v/62trf+mpqb/l5eX/5mZmf+oqKj/rKys/6ioqP+rq6v/wMDA/8nJyf+urq7/l5eX/5WVlf+Tk5P/gICA/2pqav9oaGj/Z2dn/3Jycv+FhYX/goKC/3V1df95eXn/ioqK/5SUlP+kpKT/qqqq/6Ghof+bm5v/k5OT/42Njf+goKD/tLS0/5+fn/+Ghob/j4+P/5+fn/+rq6v/v7+//6mpqf92dnb/Y2Nj/09PT/9KSkr/T09P/1ZWVv9ra2v/enp6/4mJif+Wlpb/kZGR/4yMjP+lpaX/xcXF/8/Pz//d3d3/1NTU/8LCwv+6urr/sLCw/6Wlpf+QkJD/jIyM/5eXl/+fn5//qqqq/7Ozs/+9vb3/x8fH/7Ozs/+enp7/oaGh/6Wlpf+mpqb/qamp/7CwsP++vr7/zc3N/+np6f/p6en/2NjY/8vLy/+0tLT/pKSk/4yMjP99fX3/j4+P/0pKSv9GRkb/QkJC/0JCQv9DQ0P/SEhI/1BQUP9NTU3/RkZG/0VFRf9GRkb/RkZG/0ZGRv9GRkb/R0dH/0ZGRv89PT3/Nzc3/zQ0NP8wMDD/MzMz/zY2Nv85OTn/PDw8/zw8PP88PDz/Pj4+/0FBQf9CQkL/QkJC/0JCQv8/Pz//Pj4+/0BAQP9ERET/T09P/1hYWP9VVVX/UlJS/0tLS/9DQ0P/QkJC/0BAQP8+Pj7/PT09/z09Pf8/Pz//QUFB/0VFRf9GRkb/RkZG/0VFRf9ERET/Q0ND/0JCQv9CQkL/RERE/0ZGRv9ISEj/SkpK/0lJSf9ISEj/SUlJ/0xMTP9LS0v/R0dH/0dHR/9JSUn/SkpK/0tLS/9MTEz/UFBQ/1JSUv9OTk7/TExM/1BQUP9TU1P/Tk5O/0hISP9GRkb/QkJC/0JCQv9CQkL/Q0ND/0NDQ/9CQkL/QEBA/z8/P/8+Pj7/PT09/z4+Pv8+Pj7/Q0ND/0ZGRv9JSUn/TExM/0pKSv9HR0f/SEhI/0pKSv9NTU3/UFBQ/1FRUf9SUlL/UVFR/01NTf9NTU3/T09P/1FRUf9WVlb/WFhY/1VVVf9TU1P/VFRU/1ZWVv9YWFj/WVlZ/1xcXP9gYGD/X19f/11dXf9fX1//Y2Nj/2JiYv9dXV3/Xl5e/2VlZf9oaGj/ZmZm/2ZmZv9wcHD/eXl5/2hoaP9WVlb/VFRU/1FRUf9UVFT/WFhY/1xcXP9iYmL/XV1d/1BQUP9MTEz/SEhI/0pKSv9UVFT/WFhY/1RUVP9QUFD/SkpK/0RERP9FRUX/RkZG/05OTv9YWFj/UlJS/0hISP9JSUn/TExM/01NTf9PT0//VFRU/2FhYf9lZWX/ZGRk/19fX/9OTk7/QUFB/0NDQ/9FRUX/RERE/0NDQ/8+Pj7/Nzc3/zY2Nv80NDT/NTU1/zY2Nv80NDT/Ly8v/y0tLf8oKCj/Jycn/ygoKP8pKSn/KSkp/ykpKf8uLi7/MjIy/zU1Nf84ODj/NTU1/zExMf8vLy//LS0t/ywsLP8qKir/KSkp/ykpKf8pKSn/KSkp/yoqKv8rKyv/Kysr/ysrK/8rKyv/Kioq/yoqKv8qKir/Kysr/ysrK/8rKyv/Kysr/ysrK/8rKyv/Kysr/ysrK/8rKyv/Kysr/ysrK/8rKyv/Kysr/ywsLP8rKyv/Kysr/ysrK/8sLCz/LCws/ywsLP8sLCz/LCws/ywsLP8tLS3/LS0t/y0tLf8tLS3/LS0t/y0tLf8uLi7/Li4u/y0tLf8tLS3/Ly8v/zAwMP8vLy//Li4u/y8vL/8wMDD/Ly8v/y0tLf8sLCz/Kysr/ysrK/8rKyv/Kysr/ywsLP8sLCz/LCws/y0tLf8tLS3/LS0t/y0tLf8tLS3/LS0t/y0tLf8tLS3/LS0t/y0tLf8uLi7/Li4u/y8vL/8vLy//Ly8v/zAwMP8xMTH/MzMz/zU1Nf83Nzf/NjY2/zY2Nv82Njb/Nzc3/zc3N/83Nzf/ODg4/zk5Of89PT3/RERE/0pKSv9TU1P/VFRU/1FRUf9RUVH/UVFR/1dXV/9qamr/c3Nz/3Nzc/9xcXH/YmJi/1RUVP9LS0v/QUFB/0NDQ/9GRkb/VlZW/29vb/9qamr/Xl5e/11dXf9eXl7/Xl5e/15eXv9hYWH/ampq/25ubv9sbGz/ampq/2RkZP9fX1//ZmZm/21tbf9lZWX/XFxc/19fX/9kZGT/ZGRk/2RkZP9hYWH/W1tb/1paWv9bW1v/XFxc/1tbW/9cXFz/X19f/2BgYP9WVlb/FhYW/xYWFv8XFxf/FxcX/xgYGP8XFxf/FxcX/xcXF/8WFhb/FhYW/xcXF/8YGBj/GRkZ/xoaGv8cHBz/HBwc/xwcHP8cHBz/HBwc/xsbG/8aGhr/GRkZ/xgYGP8XFxf/FhYW/xUVFf8VFRX/FRUV/xYWFv8WFhb/FhYW/xYWFv8WFhb/FhYW/xYWFv8WFhb/FhYW/xYWFv8WFhb/FhYW/xYWFv8WFhb/FxcX/xcXF/8YGBj/GBgY/xgYGP8XFxf/FxcX/xcXF/8WFhb/FhYW/xUVFf8VFRX/FRUV/xUVFf8WFhb/FhYW/xYWFv8WFhb/FRUV/xUVFf8VFRX/FhYW/xYWFv8XFxf/FxcX/xcXF/8YGBj/GRkZ/xkZGf8ZGRn/GRkZ/xkZGf8ZGRn/GRkZ/xkZGf8ZGRn/GRkZ/xgYGP8WFhb/FhYW/xUVFf8VFRX/FhYW/xcXF/8XFxf/GBgY/xgYGP8YGBj/GBgY/xgYGP8YGBj/FxcX/xcXF/8XFxf/GBgY/xgYGP8YGBj/GBgY/xgYGP8YGBj/GBgY/xgYGP8YGBj/GBgY/xgYGP8YGBj/GBgY/xgYGP8YGBj/GBgY/xgYGP8XFxf/FxcX/xcXF/8XFxf/FxcX/xgYGP8YGBj/GBgY/xgYGP8YGBj/FxcX/xcXF/8XFxf/FxcX/xcXF/8XFxf/FxcX/xcXF/8XFxf/FxcX/xcXF/8YGBj/Ghoa/xsbG/8cHBz/Gxsb/xsbG/8bGxv/HBwc/x0dHf8dHR3/Hh4e/x4eHv8fHx//Hh4e/x4eHv8eHh7/Hx8f/yAgIP8iIiL/ISEh/yAgIP8gICD/ICAg/yAgIP8gICD/ICAg/yAgIP8gICD/Hx8f/x4eHv8fHx//Hx8f/x8fH/8eHh7/Hx8f/x8fH/8gICD/ISEh/yEhIf8hISH/ISEh/yEhIf8hISH/IiIi/yIiIv8iIiL/IiIi/yIiIv8iIiL/ISEh/yEhIf8hISH/ISEh/yIiIv8jIyP/IyMj/yMjI/8jIyP/JCQk/yQkJP8lJSX/JSUl/yUlJf8lJSX/JSUl/yUlJf8lJSX/JSUl/ygoKP8pKSn/Jycn/yUlJf8mJib/Jycn/ycnJ/8nJyf/Jycn/ygoKP8nJyf/Jycn/ycnJ/8nJyf/Jycn/ycnJ/8oKCj/KSkp/yoqKv8pKSn/KSkp/ygoKP8oKCj/KSkp/yoqKv8pKSn/KCgo/ygoKP8pKSn/KSkp/yoqKv8qKir/Kioq/ysrK/8sLCz/LS0t/ywsLP8tLS3/Ly8v/zAwMP8wMDD/MDAw/y4uLv8sLCz/LS0t/y4uLv8vLy//Ly8v/y4uLv8uLi7/Li4u/y8vL/8wMDD/MzMz/zMzM/8xMTH/MDAw/y0tLf8rKyv/KSkp/ycnJ/8pKSn/Kysr/ywsLP8tLS3/Ly8v/zExMf8xMTH/MTEx/zAwMP8tLS3/Li4u/zMzM/81NTX/NTU1/zY2Nv81NTX/NTU1/zU1Nf80NDT/MDAw/ysrK/8tLS3/Li4u/zAwMP8xMTH/MzMz/zQ0NP80NDT/MzMz/zQ0NP84ODj/OTk5/zk5Of84ODj/ODg4/zc3N/83Nzf/NjY2/zo6Ov8/Pz//PDw8/zg4OP84ODj/ODg4/zg4OP83Nzf/OTk5/z8/P/8/Pz//PT09/zw8PP8+Pj7/Pz8//z8/P/9AQED/PT09/zs7O/8/Pz//RERE/0BAQP86Ojr/OTk5/zc3N/88PDz/RUVF/0dHR/9JSUn/SEhI/0RERP9CQkL/QEBA/0BAQP9ERET/RkZG/0hISP+fn5//iIiI/29vb/9lZWX/WVlZ/1xcXP9hYWH/bm5u/4SEhP+Ghob/goKC/4GBgf+BgYH/hYWF/5SUlP+cnJz/nZ2d/56env+jo6P/qamp/66urv+1tbX/ra2t/6Kiov+Xl5f/hYWF/4KCgv+BgYH/f39//3p6ev94eHj/dnZ2/3R0dP9wcHD/dHR0/5WVlf+vr6//rKys/6mpqf+YmJj/hISE/3l5ef9ra2v/eXl5/5GRkf+UlJT/lJSU/5ubm/+rq6v/p6en/4+Pj/+IiIj/lJSU/5qamv+cnJz/nZ2d/56env+fn5//jY2N/3l5ef94eHj/dnZ2/3R0dP9wcHD/bm5u/2pqav9xcXH/g4OD/5iYmP/FxcX/2tra/+Tk5P/p6en/4uLi/9zc3P/Hx8f/srKy/6ioqP+cnJz/mpqa/5aWlv+tra3/1tbW/8rKyv+oqKj/lpaW/3t7e/9wcHD/aGho/2ZmZv9tbW3/cnJy/3Z2dv95eXn/gYGB/4qKiv94eHj/YmJi/2xsbP97e3v/iIiI/5ycnP+YmJj/ioqK/4iIiP+Li4v/iYmJ/35+fv95eXn/eXl5/3p6ev+Dg4P/ioqK/5GRkf+Xl5f/hISE/2tra/9oaGj/ZGRk/2ZmZv9qamr/bm5u/3V1df+AgID/l5eX/6Wlpf+3t7f/urq6/6Kiov+RkZH/ioqK/4SEhP+jo6P/xcXF/8/Pz//b29v/z8/P/729vf/Gxsb/2dnZ/8fHx/+bm5v/kpKS/5SUlP+UlJT/lZWV/52dnf/BwcH/2dnZ/8jIyP+3t7f/k5OT/2tra/9vb2//c3Nz/3l5ef+Dg4P/gYGB/319ff9/f3//hISE/39/f/9ra2v/Y2Nj/2BgYP9dXV3/VFRU/1BQUP9eXl7/a2tr/319ff+SkpL/jIyM/4ODg/+AgID/fX19/4KCgv+NjY3/jo6O/4yMjP+FhYX/c3Nz/2xsbP9qamr/aWlp/2ZmZv9mZmb/e3t7/5GRkf+dnZ3/qqqq/5iYmP9/f3//f39//4KCgv+bm5v/ysrK/7u7u/+FhYX/eHh4/3t7e/+FhYX/pqam/7m5uf/Dw8P/x8fH/5+fn/91dXX/eHh4/3x8fP9ubm7/WVlZ/1ZWVv9SUlL/V1dX/2FhYf9nZ2f/cHBw/21tbf9cXFz/VVVV/1VVVf9WVlb/YmJi/2pqav9oaGj/ZWVl/3d3d/+NjY3/eXl5/1tbW/9eXl7/ZmZm/2NjY/9dXV3/WFhY/1BQUP9MTEz/SUlJ/0dHR/9DQ0P/QUFB/0NDQ/9FRUX/UVFR/11dXf9aWlr/VlZW/05OTv9DQ0P/QUFB/0BAQP9BQUH/RERE/0lJSf9UVFT/XFxc/2dnZ/9paWn/XFxc/1NTU/9SUlL/UFBQ/0tLS/9FRUX/SUlJ/09PT/9LS0v/RUVF/0BAQP85OTn/Nzc3/zU1Nf81NTX/NjY2/zw8PP9PT0//XFxc/3Fxcf97e3v/ZWVl/1JSUv9SUlL/U1NT/1dXV/9cXFz/W1tb/1lZWf9QUFD/QEBA/z09Pf89PT3/PT09/0BAQP9AQED/Pz8//0BAQP9HR0f/S0tL/0hISP9GRkb/QUFB/zs7O/9DQ0P/Tk5O/0pKSv9DQ0P/QEBA/zw8PP9BQUH/S0tL/1JSUv9cXFz/WVlZ/0FBQf82Njb/ODg4/zs7O/9MTEz/XV1d/1dXV/9RUVH/SEhI/z09Pf8/Pz//RERE/0JCQv8/Pz//Pj4+/zw8PP88PDz/Pj4+/0FBQf9HR0f/SUlJ/0RERP9AQED/QEBA/1RUVP9VVVX/V1dX/1xcXP9iYmL/Z2dn/29vb/9paWn/XFxc/2FhYf9xcXH/e3t7/4mJif+IiIj/dHR0/2hoaP9kZGT/YWFh/1xcXP9XV1f/Z2dn/3l5ef9wcHD/ZGRk/3Fxcf+Hh4f/goKC/3R0dP9tbW3/YmJi/19fX/9dXV3/X19f/2ZmZv9ra2v/b29v/3Jycv9zc3P/dHR0/3t7e/+CgoL/d3d3/2hoaP9ubm7/d3d3/3Nzc/9oaGj/ampq/3Nzc/9xcXH/ZmZm/2tra/+Pj4//o6Oj/6Ghof+enp7/jY2N/3t7e/+CgoL/ioqK/5KSkv+dnZ3/mpqa/5aWlv+ZmZn/oKCg/5KSkv9tbW3/YGBg/1tbW/9aWlr/X19f/2BgYP9XV1f/UFBQ/1VVVf9aWlr/YmJi/21tbf9mZmb/W1tb/1lZWf9XV1f/WFhY/1xcXP9fX1//ZGRk/2ZmZv9oaGj/ampq/3Jycv94eHj/f39//4WFhf+EhIT/goKC/3V1df9kZGT/a2tr/3V1df+CgoL/lpaW/42Njf91dXX/cXFx/3R0dP9xcXH/ZGRk/2BgYP9nZ2f/bGxs/25ubv9wcHD/ZmZm/1tbW/9aWlr/Wlpa/15eXv9mZmb/Z2dn/2hoaP9hYWH/UlJS/09PT/9OTk7/UVFR/1paWv9eXl7/XV1d/1tbW/9RUVH/SUlJ/0pKSv9LS0v/VVVV/2FhYf9ra2v/enp6/39/f/+FhYX/gYGB/3d3d/9vb2//Xl5e/1dXV/9TU1P/VFRU/2NjY/9ubm7/bW1t/2xsbP9wcHD/dXV1/319ff+Hh4f/e3t7/2lpaf9vb2//fn5+/39/f/98fHz/e3t7/3p6ev+AgID/mJiY/6Ojo/+hoaH/np6e/5KSkv+Ghob/pKSk/8bGxv+ysrL/mJiY/42Njf99fX3/hoaG/5qamv+goKD/qKio/6Wlpf+Wlpb/h4eH/2NjY/9OTk7/RERE/z4+Pv9DQ0P/SEhI/0JCQv88PDz/Pz8//0VFRf9UVFT/bGxs/21tbf9paWn/ZWVl/1xcXP9aWlr/Wlpa/1tbW/9cXFz/XFxc/1NTU/9NTU3/VVVV/11dXf9xcXH/h4eH/4ODg/98fHz/f39//4WFhf97e3v/ZWVl/2FhYf9iYmL/aGho/3l5ef+EhIT/k5OT/5mZmf+Kior/fX19/3l5ef90dHT/aGho/1paWv9gYGD/ampq/2lpaf9nZ2f/aGho/2pqav9ycnL/goKC/4+Pj/+np6f/qqqq/5GRkf+Dg4P/hoaG/4qKiv+mpqb/xcXF/62trf+RkZH/n5+f/7S0tP+2trb/t7e3/6+vr/+fn5//np6e/6Wlpf+np6f/qKio/6+vr//Nzc3/29vb/8DAwP+pqan/pqam/6Kiov+Li4v/b29v/2lpaf9iYmL/bW1t/4KCgv99fX3/bm5u/3Nzc/+JiYn/lZWV/6enp/+vr6//qamp/6SkpP+cnJz/lpaW/6urq//BwcH/o6Oj/319ff+Ghob/lZWV/6CgoP+ysrL/oKCg/3Jycv9iYmL/UVFR/09PT/9aWlr/ZWVl/35+fv+Pj4//mZmZ/6Ghof+ampr/kpKS/6urq//Ly8v/1tbW/+Xl5f/X19f/vLy8/7Gxsf+jo6P/mJiY/4aGhv+BgYH/h4eH/4yMjP+Wlpb/oKCg/7a2tv/Ly8v/tLS0/5ubm/+jo6P/rq6u/6+vr/+vr6//srKy/7a2tv/Dw8P/39/f/+Li4v/a2tr/0dHR/7u7u/+rq6v/kpKS/4KCgv+RkZH/Q0ND/0BAQP88PDz/PDw8/zw8PP8/Pz//RERE/0FBQf88PDz/Ojo6/zg4OP84ODj/Ozs7/z09Pf8/Pz//Pz8//zk5Of80NDT/MTEx/y4uLv8wMDD/MzMz/zQ0NP83Nzf/NjY2/zQ0NP81NTX/OTk5/zk5Of83Nzf/NTU1/zIyMv8yMjL/Nzc3/zw8PP9JSUn/UlJS/1BQUP9NTU3/RUVF/zw8PP88PDz/Ozs7/zo6Ov84ODj/ODg4/zk5Of87Ozv/Pz8//0BAQP9BQUH/QUFB/0JCQv9CQkL/QUFB/0FBQf9CQkL/Q0ND/0RERP9FRUX/RUVF/0RERP9ERET/Q0ND/0NDQ/9ERET/RUVF/0hISP9JSUn/R0dH/0dHR/9HR0f/SEhI/0dHR/9HR0f/SkpK/05OTv9KSkr/RUVF/0JCQv8/Pz//Pj4+/z4+Pv8+Pj7/PT09/z09Pf89PT3/PT09/zw8PP88PDz/PT09/z09Pf89PT3/Pj4+/0BAQP9DQ0P/RERE/0VFRf9GRkb/SEhI/0hISP9KSkr/SkpK/0pKSv9ISEj/RERE/0RERP9HR0f/SkpK/1FRUf9VVVX/UVFR/05OTv9SUlL/VlZW/1ZWVv9VVVX/VVVV/1VVVf9XV1f/W1tb/19fX/9mZmb/Y2Nj/1lZWf9YWFj/X19f/2NjY/9hYWH/YmJi/25ubv96enr/Z2dn/1NTU/9SUlL/UVFR/1VVVf9bW1v/YGBg/2hoaP9hYWH/UFBQ/0tLS/9HR0f/SUlJ/1RUVP9XV1f/TU1N/0ZGRv9CQkL/Pz8//0BAQP9BQUH/SkpK/1ZWVv9QUFD/RkZG/0ZGRv9ISEj/SUlJ/01NTf9TU1P/YWFh/2RkZP9dXV3/VlZW/0dHR/88PDz/Pz8//0FBQf9BQUH/QUFB/zw8PP81NTX/MzMz/zExMf8xMTH/MTEx/y8vL/8sLCz/Kioq/yYmJv8lJSX/Jycn/ygoKP8pKSn/Kioq/y4uLv8yMjL/NDQ0/zU1Nf8yMjL/Li4u/y0tLf8rKyv/Kioq/ykpKf8pKSn/KCgo/ykpKf8qKir/Kioq/ysrK/8rKyv/Kioq/yoqKv8qKir/KSkp/yoqKv8qKir/Kioq/ysrK/8rKyv/Kysr/ysrK/8rKyv/Kysr/ysrK/8rKyv/Kysr/ysrK/8rKyv/Kysr/ysrK/8qKir/Kysr/ywsLP8sLCz/LCws/ywsLP8sLCz/LCws/ywsLP8sLCz/LCws/ywsLP8tLS3/LS0t/y0tLf8tLS3/LS0t/y0tLf8vLy//MDAw/y8vL/8uLi7/Ly8v/zAwMP8vLy//LS0t/ywsLP8rKyv/Kysr/ysrK/8rKyv/LCws/ywsLP8sLCz/LCws/y0tLf8tLS3/LS0t/y0tLf8tLS3/LS0t/ywsLP8sLCz/LS0t/y4uLv8uLi7/Ly8v/y8vL/8vLy//Ly8v/zAwMP8xMTH/NDQ0/zY2Nv81NTX/NTU1/zQ0NP80NDT/NDQ0/zQ0NP82Njb/ODg4/zw8PP9DQ0P/SEhI/1FRUf9QUFD/TExM/0tLS/9LS0v/UFBQ/2FhYf9qamr/bm5u/25ubv9iYmL/V1dX/05OTv9FRUX/RERE/0RERP9VVVX/b29v/2lpaf9aWlr/Wlpa/11dXf9fX1//ZGRk/2hoaP9xcXH/dXV1/21tbf9nZ2f/YGBg/1paWv9hYWH/aWlp/15eXv9PT0//UVFR/1ZWVv9aWlr/X19f/1tbW/9QUFD/T09P/1NTU/9WVlb/W1tb/19fX/9kZGT/Z2dn/11dXf8WFhb/FhYW/xcXF/8XFxf/GBgY/xcXF/8XFxf/FxcX/xYWFv8WFhb/GBgY/xgYGP8ZGRn/Gxsb/x0dHf8eHh7/Hh4e/x4eHv8dHR3/HBwc/xsbG/8aGhr/GRkZ/xcXF/8WFhb/FRUV/xUVFf8WFhb/FhYW/xcXF/8XFxf/FxcX/xcXF/8XFxf/FxcX/xcXF/8XFxf/FxcX/xcXF/8XFxf/FxcX/xgYGP8YGBj/GRkZ/xkZGf8ZGRn/GRkZ/xkZGf8YGBj/GBgY/xcXF/8XFxf/FhYW/xYWFv8WFhb/FhYW/xcXF/8XFxf/FxcX/xcXF/8XFxf/FxcX/xcXF/8XFxf/FxcX/xgYGP8YGBj/GBgY/xkZGf8aGhr/Ghoa/xoaGv8aGhr/Gxsb/xsbG/8aGhr/Ghoa/xoaGv8ZGRn/GBgY/xcXF/8XFxf/FhYW/xYWFv8XFxf/GBgY/xkZGf8ZGRn/GRkZ/xkZGf8ZGRn/GRkZ/xgYGP8YGBj/GBgY/xgYGP8YGBj/GRkZ/xkZGf8aGhr/Ghoa/xoaGv8aGhr/Ghoa/xkZGf8ZGRn/GRkZ/xkZGf8ZGRn/GRkZ/xkZGf8ZGRn/GRkZ/xkZGf8YGBj/GBgY/xgYGP8ZGRn/GRkZ/xkZGf8ZGRn/GRkZ/xgYGP8YGBj/FxcX/xcXF/8XFxf/GBgY/xgYGP8YGBj/GBgY/xgYGP8YGBj/GBgY/xkZGf8aGhr/Ghoa/xsbG/8bGxv/Ghoa/xoaGv8bGxv/Gxsb/xwcHP8cHBz/HR0d/x0dHf8dHR3/HR0d/x0dHf8eHh7/Hx8f/yAgIP8gICD/Hx8f/x8fH/8fHx//Hx8f/x8fH/8fHx//Hx8f/x4eHv8dHR3/HR0d/x4eHv8fHx//Hh4e/x4eHv8eHh7/Hx8f/x8fH/8gICD/ICAg/yAgIP8gICD/ICAg/yEhIf8iIiL/IiIi/yEhIf8hISH/ICAg/yAgIP8fHx//Hh4e/x8fH/8gICD/ICAg/yEhIf8hISH/IiIi/yIiIv8iIiL/IyMj/yMjI/8jIyP/IyMj/yQkJP8kJCT/IyMj/yMjI/8jIyP/JiYm/ycnJ/8kJCT/IyMj/yQkJP8kJCT/JCQk/yQkJP8kJCT/JCQk/yUlJf8lJSX/JSUl/yUlJf8lJSX/JSUl/yYmJv8nJyf/Jycn/ycnJ/8nJyf/JiYm/yUlJf8lJSX/JSUl/yUlJf8lJSX/JiYm/yYmJv8mJib/JSUl/yUlJf8lJSX/JiYm/ykpKf8pKSn/KSkp/ykpKf8qKir/Kysr/ywsLP8sLCz/Kysr/ykpKf8rKyv/LS0t/ywsLP8qKir/KSkp/ygoKP8pKSn/Kysr/y0tLf8vLy//Li4u/ysrK/8qKir/KCgo/ycnJ/8lJSX/IyMj/yQkJP8mJib/JiYm/yYmJv8nJyf/KSkp/yoqKv8sLCz/Kysr/yoqKv8rKyv/Li4u/zAwMP8wMDD/Ly8v/y0tLf8rKyv/Kysr/ysrK/8pKSn/KCgo/ykpKf8qKir/Kysr/y4uLv8uLi7/Ly8v/y4uLv8rKyv/Kysr/ywsLP8tLS3/Li4u/zAwMP8yMjL/NDQ0/zQ0NP80NDT/Nzc3/zs7O/86Ojr/ODg4/zc3N/82Njb/NTU1/zMzM/80NDT/ODg4/zg4OP83Nzf/Nzc3/zc3N/84ODj/Ojo6/zs7O/85OTn/Nzc3/zg4OP85OTn/Nzc3/zQ0NP80NDT/MzMz/zY2Nv88PDz/PT09/z09Pf88PDz/OTk5/zc3N/82Njb/NjY2/zk5Of87Ozv/Pz8//46Ojv+NjY3/jIyM/4ODg/92dnb/c3Nz/25ubv99fX3/mJiY/6ioqP/AwMD/x8fH/8vLy//Kysr/v7+//7i4uP+urq7/pqam/6SkpP+ioqL/srKy/8TExP+9vb3/s7Oz/7m5uf/CwsL/sbGx/46Ojv99fX3/YmJi/1xcXP9eXl7/ZGRk/3Z2dv+AgID/goKC/4SEhP+Kior/kJCQ/4qKiv+Dg4P/c3Nz/1xcXP9iYmL/bm5u/3Z2dv+EhIT/j4+P/6Ojo/+ioqL/jo6O/4eHh/+JiYn/kJCQ/7Ozs//Ozs7/x8fH/8DAwP+enp7/dnZ2/4KCgv+Tk5P/h4eH/3BwcP9ubm7/bm5u/3x8fP+cnJz/sbGx/9bW1v/j4+P/19fX/87Ozv/Dw8P/u7u7/8HBwf/Hx8f/u7u7/62trf+jo6P/lZWV/5ycnP+oqKj/n5+f/4mJif9/f3//cnJy/29vb/9vb2//bm5u/2lpaf9mZmb/ampq/25ubv9ycnL/dnZ2/2hoaP9YWFj/Wlpa/19fX/9nZ2f/dHR0/319ff+Li4v/kZGR/5iYmP+UlJT/f39//3Nzc/9tbW3/ampq/2tra/9tbW3/cnJy/3d3d/9ycnL/bGxs/2VlZf9dXV3/XV1d/2BgYP9jY2P/ampq/3Nzc/+Hh4f/jo6O/5CQkP+Pj4//hYWF/39/f/99fX3/fHx8/4uLi/+bm5v/nJyc/52dnf+VlZX/iIiI/46Ojv+bm5v/lpaW/4aGhv+Dg4P/h4eH/4eHh/+AgID/fn5+/4ODg/+Hh4f/iIiI/4mJif+CgoL/e3t7/4iIiP+ZmZn/pKSk/7Kysv+rq6v/mpqa/5ubm/+lpaX/mZmZ/3BwcP9gYGD/WFhY/1RUVP9XV1f/Wlpa/2NjY/9sbGz/g4OD/52dnf+bm5v/mJiY/5GRkf+Ghob/hISE/4ODg/+Ghob/i4uL/4iIiP99fX3/eHh4/3Z2dv9zc3P/aGho/2FhYf9wcHD/f39//5CQkP+kpKT/qKio/66urv+goKD/iIiI/5mZmf++vr7/tra2/5OTk/+Hh4f/gICA/4eHh/+srKz/xMTE/9HR0f/X19f/rKys/4GBgf+Hh4f/jo6O/35+fv9nZ2f/YGBg/1ZWVv9jY2P/f39//4CAgP91dXX/bW1t/11dXf9XV1f/VlZW/1hYWP9lZWX/b29v/2tra/9nZ2f/ampq/25ubv9mZmb/XFxc/19fX/9kZGT/a2tr/3l5ef94eHj/bm5u/2RkZP9RUVH/R0dH/z8/P/87Ozv/Pz8//0RERP9QUFD/XFxc/2FhYf9mZmb/Y2Nj/19fX/9bW1v/VFRU/1RUVP9WVlb/VVVV/1JSUv9TU1P/WFhY/1hYWP9PT0//SkpK/0lJSf9ISEj/S0tL/05OTv9PT0//UVFR/05OTv9JSUn/RERE/zw8PP85OTn/NTU1/zU1Nf84ODj/Pz8//1FRUf9gYGD/fHx8/4qKiv9ubm7/VlZW/1FRUf9MTEz/TExM/01NTf9SUlL/WFhY/09PT/8+Pj7/Ozs7/zk5Of87Ozv/QUFB/0NDQ/9DQ0P/RERE/0hISP9LS0v/SkpK/0pKSv9GRkb/QkJC/0lJSf9TU1P/TExM/0BAQP8/Pz//Pz8//0VFRf9QUFD/VVVV/1tbW/9WVlb/QkJC/zc3N/81NTX/NTU1/z09Pf9FRUX/RERE/0RERP9ISEj/TU1N/1BQUP9VVVX/UFBQ/0VFRf9AQED/Ozs7/zk5Of85OTn/Ojo6/z8/P/9BQUH/QEBA/0BAQP9AQED/cHBw/3BwcP9vb2//Z2dn/1tbW/9bW1v/W1tb/1xcXP9dXV3/aGho/39/f/+FhYX/hISE/4ODg/+AgID/gICA/4WFhf+JiYn/fn5+/3Nzc/94eHj/fn5+/29vb/9aWlr/YGBg/2xsbP9paWn/YmJi/2VlZf9ubm7/cHBw/29vb/9ubm7/ampq/2pqav9wcHD/dnZ2/39/f/+JiYn/iIiI/4iIiP98fHz/bW1t/29vb/9zc3P/bm5u/2JiYv9jY2P/ampq/2pqav9mZmb/bGxs/4qKiv+bm5v/mZmZ/5aWlv+EhIT/cnJy/3BwcP9tbW3/bm5u/3BwcP9tbW3/aWlp/2lpaf9qamr/Z2dn/15eXv9cXFz/XV1d/2JiYv91dXX/fn5+/21tbf9fX1//Z2dn/3BwcP9qamr/Y2Nj/2NjY/9lZWX/XV1d/09PT/9OTk7/UFBQ/1BQUP9OTk7/Tk5O/05OTv9RUVH/XFxc/2NjY/9jY2P/ZGRk/2xsbP90dHT/ZWVl/1JSUv9VVVX/Wlpa/2RkZP90dHT/cnJy/2pqav9nZ2f/ZmZm/2JiYv9WVlb/UlJS/1lZWf9dXV3/W1tb/1paWv9VVVX/UFBQ/1tbW/9oaGj/ZGRk/11dXf9ZWVn/UlJS/0xMTP9DQ0P/QEBA/0BAQP9ERET/UlJS/1paWv9jY2P/Z2dn/1xcXP9RUVH/UFBQ/1BQUP9RUVH/U1NT/1paWv9lZWX/ampq/3BwcP9qamr/XV1d/1dXV/9SUlL/T09P/0xMTP9LS0v/UlJS/1dXV/9hYWH/ampq/3Nzc/99fX3/jY2N/6Ghof+VlZX/goKC/3p6ev9vb2//bm5u/21tbf9ubm7/cXFx/3R0dP97e3v/fHx8/3R0dP9vb2//cHBw/3Fxcf+IiIj/oqKi/5eXl/+Hh4f/eHh4/2FhYf9kZGT/bW1t/3R0dP+BgYH/goKC/35+fv95eXn/bGxs/2JiYv9SUlL/R0dH/1hYWP9paWn/XV1d/1BQUP9NTU3/SkpK/1RUVP9mZmb/Z2dn/2VlZf9iYmL/XV1d/1paWv9XV1f/VVVV/1VVVf9UVFT/UVFR/09PT/9UVFT/Wlpa/2dnZ/93d3f/dHR0/3BwcP9sbGz/aGho/2VlZf9gYGD/ZGRk/29vb/94eHj/iIiI/46Ojv+MjIz/iIiI/3Nzc/9iYmL/ZmZm/2pqav9oaGj/ZWVl/2xsbP92dnb/dXV1/3Nzc/9wcHD/aWlp/3BwcP+EhIT/kZGR/6Wlpf+oqKj/j4+P/4KCgv+Li4v/lJSU/6Wlpf+3t7f/paWl/5CQkP+ioqL/vb29/8HBwf/FxcX/xMTE/8LCwv++vr7/tbW1/7S0tP+5ubn/u7u7/7u7u/+6urr/srKy/6qqqv+np6f/o6Oj/5iYmP+MjIz/fn5+/2pqav9ubm7/d3d3/3Jycv9mZmb/Z2dn/3Fxcf92dnb/fX19/39/f/97e3v/eXl5/3t7e/99fX3/jY2N/5+fn/+Wlpb/ioqK/6CgoP/CwsL/w8PD/8HBwf+4uLj/p6en/5aWlv9zc3P/bm5u/4KCgv+QkJD/pKSk/7Gxsf+pqan/oqKi/4+Pj/96enr/g4OD/5CQkP+YmJj/pKSk/6Ghof+ZmZn/k5OT/4iIiP+Dg4P/fX19/4aGhv+urq7/vr6+/6+vr/+jo6P/oqKi/6CgoP+Pj4//fn5+/4GBgf+Ghob/hYWF/4KCgv+AgID/fn5+/4aGhv+YmJj/oKCg/6enp/+pqan/qKio/6Ojo/+NjY3/fn5+/4aGhv83Nzf/NTU1/zIyMv8zMzP/MzMz/zMzM/80NDT/MzMz/zMzM/8zMzP/NDQ0/zQ0NP8zMzP/MzMz/zU1Nf81NTX/MzMz/zExMf8vLy//LCws/y4uLv8xMTH/MzMz/zY2Nv80NDT/MDAw/zExMf80NDT/NDQ0/zMzM/8xMTH/Li4u/y0tLf8uLi7/MDAw/zU1Nf85OTn/ODg4/zY2Nv80NDT/MjIy/zQ0NP82Njb/NjY2/zY2Nv82Njb/NjY2/zg4OP86Ojr/Ozs7/z09Pf89PT3/Pz8//z8/P/9AQED/QEBA/0BAQP9AQED/QEBA/0BAQP9AQED/QUFB/0JCQv9ERET/RUVF/0dHR/9ISEj/SUlJ/0hISP9FRUX/RERE/0JCQv9BQUH/QkJC/0JCQv9DQ0P/Q0ND/0FBQf9AQED/Pj4+/zs7O/87Ozv/PDw8/zs7O/86Ojr/Ojo6/zo6Ov87Ozv/Ozs7/zw8PP89PT3/Pj4+/z8/P/9AQED/QkJC/0RERP9FRUX/RkZG/0ZGRv9HR0f/R0dH/0hISP9ISEj/RkZG/0VFRf9CQkL/QkJC/0NDQ/9FRUX/SkpK/01NTf9LS0v/SUlJ/0pKSv9LS0v/TExM/01NTf9OTk7/UFBQ/1FRUf9UVFT/VlZW/1paWv9ZWVn/U1NT/1JSUv9WVlb/V1dX/1lZWf9aWlr/XV1d/19fX/9WVlb/TExM/0tLS/9KSkr/TExM/09PT/9RUVH/VFRU/09PT/9FRUX/QkJC/0FBQf9CQkL/SEhI/0pKSv9FRUX/QkJC/0NDQ/9DQ0P/RERE/0ZGRv9JSUn/TU1N/0lJSf9CQkL/QkJC/0FBQf9DQ0P/RkZG/0lJSf9OTk7/T09P/0hISP9DQ0P/Ozs7/zU1Nf82Njb/Nzc3/zg4OP85OTn/Nzc3/zQ0NP80NDT/MzMz/zMzM/8xMTH/MDAw/ywsLP8rKyv/KSkp/ykpKf8pKSn/KSkp/yoqKv8rKyv/LS0t/y8vL/8vLy//MDAw/y4uLv8sLCz/Kysr/yoqKv8pKSn/KSkp/ykpKf8pKSn/Kioq/yoqKv8qKir/Kysr/ysrK/8rKyv/Kysr/ysrK/8qKir/Kioq/yoqKv8rKyv/LCws/ysrK/8rKyv/Kysr/yoqKv8rKyv/Kysr/ywsLP8rKyv/Kysr/ywsLP8sLCz/LS0t/y0tLf8sLCz/Kysr/ysrK/8rKyv/LCws/y0tLf8tLS3/Li4u/y4uLv8tLS3/LS0t/y0tLf8tLS3/LS0t/y0tLf8tLS3/LS0t/y4uLv8vLy//Li4u/y4uLv8uLi7/Li4u/y4uLv8uLi7/LS0t/y0tLf8sLCz/LCws/ywsLP8sLCz/LCws/y0tLf8tLS3/LCws/ywsLP8sLCz/Kysr/ysrK/8rKyv/Kysr/ysrK/8rKyv/LCws/ywsLP8sLCz/LCws/ywsLP8tLS3/Ly8v/zAwMP8yMjL/MzMz/zQ0NP80NDT/NDQ0/zMzM/80NDT/NDQ0/zc3N/88PDz/PDw8/z09Pf9BQUH/R0dH/0hISP9ISEj/SEhI/0hISP9KSkr/VFRU/1lZWf9gYGD/ZGRk/2BgYP9dXV3/WVlZ/1RUVP9NTU3/RERE/0lJSf9RUVH/T09P/0pKSv9LS0v/UVFR/1ZWVv9hYWH/ZmZm/2pqav9qamr/YWFh/1tbW/9cXFz/Xl5e/2RkZP9qamr/Xl5e/09PT/9TU1P/XFxc/19fX/9lZWX/YWFh/1VVVf9VVVX/XV1d/2FhYf9kZGT/aGho/3Jycv95eXn/dXV1/xUVFf8VFRX/FRUV/xUVFf8WFhb/FhYW/xYWFv8WFhb/FhYW/xYWFv8XFxf/GBgY/xkZGf8aGhr/Gxsb/xwcHP8cHBz/HBwc/xwcHP8bGxv/Ghoa/xgYGP8YGBj/FxcX/xcXF/8WFhb/FhYW/xYWFv8WFhb/FxcX/xcXF/8XFxf/FxcX/xcXF/8XFxf/FxcX/xYWFv8XFxf/FxcX/xgYGP8YGBj/GRkZ/xoaGv8aGhr/Gxsb/xsbG/8bGxv/Gxsb/xoaGv8ZGRn/GBgY/xgYGP8XFxf/FxcX/xcXF/8XFxf/FxcX/xgYGP8YGBj/GRkZ/xkZGf8ZGRn/GRkZ/xgYGP8YGBj/GRkZ/xkZGf8ZGRn/Ghoa/xsbG/8cHBz/HR0d/x0dHf8eHh7/Hh4e/x0dHf8cHBz/Gxsb/xoaGv8ZGRn/GBgY/xgYGP8YGBj/GBgY/xgYGP8YGBj/GBgY/xgYGP8YGBj/GBgY/xkZGf8ZGRn/GRkZ/xkZGf8YGBj/FxcX/xkZGf8aGhr/Gxsb/x0dHf8eHh7/Hh4e/x4eHv8dHR3/HBwc/xwcHP8bGxv/Ghoa/xoaGv8ZGRn/GBgY/xkZGf8ZGRn/GRkZ/xkZGf8aGhr/Gxsb/xsbG/8aGhr/Ghoa/xoaGv8ZGRn/GRkZ/xkZGf8ZGRn/GRkZ/xoaGv8bGxv/Gxsb/xwcHP8aGhr/GRkZ/xoaGv8aGhr/Ghoa/xsbG/8bGxv/Gxsb/xsbG/8bGxv/Gxsb/xwcHP8cHBz/HBwc/xwcHP8cHBz/HBwc/xwcHP8cHBz/HBwc/x0dHf8dHR3/Hh4e/x4eHv8eHh7/Hh4e/x8fH/8fHx//Hx8f/x8fH/8eHh7/HR0d/x0dHf8dHR3/HR0d/x0dHf8cHBz/Gxsb/xwcHP8dHR3/HR0d/x4eHv8eHh7/Hx8f/x8fH/8fHx//Hx8f/yAgIP8gICD/ICAg/x8fH/8fHx//Hx8f/x8fH/8fHx//Hx8f/yAgIP8gICD/ICAg/yAgIP8gICD/ICAg/yAgIP8gICD/ICAg/yAgIP8gICD/ISEh/yEhIf8hISH/ICAg/yAgIP8hISH/IiIi/yEhIf8gICD/ISEh/yEhIf8hISH/ICAg/yAgIP8gICD/ISEh/yEhIf8hISH/IiIi/yIiIv8iIiL/IyMj/yQkJP8lJSX/JSUl/yUlJf8kJCT/IyMj/yIiIv8iIiL/ISEh/yAgIP8hISH/ISEh/yIiIv8iIiL/IiIi/yIiIv8jIyP/JSUl/yUlJf8mJib/JiYm/yYmJv8mJib/Jycn/ycnJ/8mJib/JCQk/yYmJv8nJyf/JiYm/yUlJf8lJSX/JCQk/yQkJP8lJSX/JSUl/yYmJv8mJib/JCQk/yMjI/8iIiL/ISEh/yIiIv8iIiL/JCQk/yUlJf8lJSX/JSUl/yUlJf8lJSX/JiYm/ycnJ/8nJyf/Jycn/ygoKP8rKyv/LCws/ysrK/8qKir/Jycn/yYmJv8mJib/JiYm/yYmJv8mJib/KCgo/yoqKv8rKyv/LCws/ysrK/8rKyv/KSkp/ycnJ/8nJyf/KCgo/ykpKf8pKSn/KSkp/yoqKv8qKir/Kioq/ysrK/8tLS3/MDAw/y8vL/8vLy//Ly8v/y8vL/8vLy//Ly8v/y8vL/8xMTH/MDAw/y8vL/8vLy//MDAw/zAwMP8yMjL/MjIy/zExMf8vLy//Li4u/y4uLv8uLi7/LS0t/y4uLv8vLy//MDAw/zAwMP8wMDD/MDAw/zAwMP8vLy//Ly8v/y4uLv8uLi7/MDAw/zExMf80NDT/h4eH/5CQkP+ampr/kJCQ/4ODg/98fHz/dHR0/4KCgv+goKD/tra2/9zc3P/n5+f/7e3t/+jo6P/S0tL/w8PD/7S0tP+oqKj/oqKi/5ubm/+vr6//xsbG/8DAwP+4uLj/xsbG/9zc3P/ExMT/kpKS/3l5ef9UVFT/TExM/1FRUf9bW1v/d3d3/4SEhP93d3f/bm5u/3l5ef+EhIT/hISE/4SEhP9wcHD/VlZW/1hYWP9fX1//aGho/3p6ev+Ghob/mpqa/5qamv+Kior/g4OD/4KCgv+Kior/vLy8/+Tk5P/Z2dn/zs7O/6SkpP90dHT/hoaG/6CgoP+QkJD/c3Nz/3BwcP9xcXH/gYGB/6ampv+7u7v/2tra/+Hh4f/Kysr/urq6/6+vr/+mpqb/uLi4/8vLy//AwMD/srKy/6enp/+Xl5f/k5OT/4+Pj/+Hh4f/d3d3/3Jycv9sbGz/bGxs/3Jycv9ycnL/Z2dn/2FhYf9mZmb/a2tr/2tra/9sbGz/YWFh/1RUVP9TU1P/UlJS/1hYWP9iYmL/cHBw/4mJif+SkpL/nJyc/5eXl/9+fn7/cHBw/2lpaf9jY2P/YmJi/2BgYP9kZGT/Z2dn/2pqav9tbW3/ZWVl/1paWv9ZWVn/Wlpa/11dXf9lZWX/bm5u/4CAgP+Dg4P/fHx8/3h4eP94eHj/eHh4/3l5ef96enr/gICA/4aGhv+CgoL/fX19/3Z2dv9ra2v/cHBw/3p6ev97e3v/eXl5/3t7e/+CgoL/goKC/3h4eP9xcXH/Z2dn/2FhYf9paWn/cnJy/3t7e/+FhYX/lJSU/6mpqf+0tLT/xcXF/7q6uv+jo6P/paWl/7CwsP+hoaH/cnJy/15eXv9WVlb/U1NT/1xcXP9iYmL/Z2dn/2xsbP+FhYX/oaGh/6Ghof+hoaH/l5eX/4iIiP+Dg4P/e3t7/35+fv+Hh4f/h4eH/4CAgP98fHz/enp6/3d3d/9oaGj/Xl5e/2lpaf90dHT/h4eH/5ycnP+srKz/wsLC/62trf+Li4v/l5eX/7S0tP+vr6//l5eX/4yMjP9/f3//hISE/6urq//CwsL/0NDQ/9fX1/+urq7/hISE/4yMjP+UlJT/hISE/25ubv9lZWX/WFhY/2hoaP+MjIz/ioqK/3V1df9ra2v/XV1d/1hYWP9YWFj/W1tb/2tra/93d3f/cXFx/2pqav9kZGT/XV1d/11dXf9dXV3/Xl5e/2JiYv9ubm7/hoaG/4eHh/99fX3/cXFx/1ZWVv9ISEj/Pj4+/zk5Of8+Pj7/Q0ND/09PT/9cXFz/ZGRk/25ubv9ubm7/bm5u/2hoaP9gYGD/X19f/2BgYP9cXFz/UVFR/05OTv9PT0//Tk5O/0hISP9ERET/RERE/0RERP9LS0v/U1NT/1JSUv9SUlL/T09P/0tLS/9GRkb/Pj4+/zs7O/82Njb/NjY2/zk5Of9AQED/UlJS/2JiYv+AgID/kJCQ/3Jycv9XV1f/UFBQ/0lJSf9ISEj/R0dH/09PT/9bW1v/UVFR/z4+Pv86Ojr/Nzc3/zo6Ov9BQUH/RERE/0VFRf9GRkb/SEhI/0lJSf9KSkr/SkpK/0dHR/9ERET/S0tL/1NTU/9LS0v/PT09/z09Pf8/Pz//RUVF/1FRUf9VVVX/WFhY/1RUVP9CQkL/OTk5/zU1Nf8zMzP/NTU1/zg4OP86Ojr/PT09/0dHR/9UVFT/V1dX/11dXf9VVVX/R0dH/0JCQv87Ozv/ODg4/zc3N/84ODj/PDw8/z4+Pv8/Pz//QEBA/0BAQP98fHz/enp6/3h4eP9paWn/VVVV/1NTU/9QUFD/VFRU/1xcXP9paWn/g4OD/4eHh/+BgYH/gICA/4aGhv+Li4v/lZWV/5ubm/+QkJD/hISE/4ODg/+BgYH/bm5u/1VVVf9YWFj/X19f/15eXv9bW1v/Y2Nj/3d3d/97e3v/eXl5/3Z2dv9sbGz/aGho/3BwcP92dnb/hISE/5GRkf+NjY3/iIiI/319ff9tbW3/bm5u/3Jycv9sbGz/YGBg/2BgYP9kZGT/ZWVl/2VlZf9ra2v/hoaG/5WVlf+Tk5P/kZGR/39/f/9ubm7/aGho/2FhYf9eXl7/WVlZ/1ZWVv9RUVH/T09P/01NTf9QUFD/VlZW/1lZWf9eXl7/ZmZm/39/f/+Li4v/d3d3/2ZmZv9wcHD/e3t7/25ubv9eXl7/Y2Nj/2pqav9eXl7/SkpK/0hISP9JSUn/R0dH/0NDQ/9BQUH/QEBA/0NDQ/9QUFD/V1dX/1VVVf9TU1P/YGBg/21tbf9eXl7/S0tL/0tLS/9LS0v/U1NT/2BgYP9iYmL/YmJi/2FhYf9dXV3/WVlZ/01NTf9JSUn/UFBQ/1NTU/9QUFD/TExM/0tLS/9KSkr/XFxc/3Fxcf9oaGj/Wlpa/1RUVP9KSkr/RUVF/z09Pf86Ojr/ODg4/zw8PP9MTEz/V1dX/2VlZf9ubm7/Y2Nj/1lZWf9WVlb/VFRU/1BQUP9MTEz/UVFR/1paWv9eXl7/Y2Nj/11dXf9NTU3/SkpK/0tLS/9KSkr/R0dH/0ZGRv9ISEj/S0tL/1paWv9paWn/dHR0/4CAgP+SkpL/qamp/56env+MjIz/fn5+/2dnZ/9kZGT/ZGRk/2VlZf9ra2v/bGxs/2lpaf9mZmb/XFxc/1ZWVv9dXV3/ZGRk/3h4eP+Ojo7/iIiI/39/f/9ubm7/U1NT/1NTU/9WVlb/XV1d/2tra/9vb2//cHBw/3Fxcf9wcHD/bGxs/1hYWP9MTEz/YWFh/3d3d/9paWn/WVlZ/1NTU/9LS0v/U1NT/2BgYP9hYWH/YWFh/2BgYP9cXFz/WVlZ/1VVVf9SUlL/UFBQ/09PT/9PT0//T09P/1NTU/9WVlb/YGBg/2tra/9paWn/ZmZm/2BgYP9XV1f/WFhY/1xcXP9kZGT/dXV1/35+fv+NjY3/kJCQ/4aGhv99fX3/ZWVl/1NTU/9bW1v/ZGRk/2dnZ/9qamr/cXFx/3p6ev95eXn/d3d3/3Jycv9oaGj/bm5u/4ODg/+Ojo7/oKCg/6Kiov+Li4v/f39//4yMjP+YmJj/oqKi/6ysrP+enp7/jY2N/5+fn/+6urr/wMDA/8bGxv/Jycn/z8/P/8rKyv+6urr/uLi4/7+/v/+/v7//sLCw/6enp/+oqKj/qamp/6Wlpf+goKD/nJyc/5iYmP+JiYn/cnJy/3Jycv90dHT/b29v/2JiYv9hYWH/ZWVl/2ZmZv9nZ2f/ZmZm/2RkZP9jY2P/aWlp/3BwcP9+fn7/jo6O/4+Pj/+RkZH/rKys/9TU1P/Q0ND/xMTE/8HBwf/AwMD/r6+v/4SEhP99fX3/lZWV/6SkpP+1tbX/vr6+/66urv+fn5//iIiI/29vb/9wcHD/c3Nz/3l5ef+Dg4P/hoaG/4mJif+FhYX/enp6/3h4eP94eHj/h4eH/729vf/R0dH/tra2/6Ghof+Tk5P/hYWF/3l5ef9sbGz/bm5u/29vb/9ubm7/a2tr/2dnZ/9iYmL/Z2dn/3Z2dv9/f3//jY2N/5WVlf+enp7/n5+f/4uLi/99fX3/goKC/zAwMP8vLy//LS0t/y0tLf8tLS3/LCws/ysrK/8sLCz/Li4u/zAwMP8yMjL/MTEx/y4uLv8tLS3/Ly8v/y8vL/8vLy//Ly8v/y0tLf8rKyv/LS0t/y8vL/8yMjL/NTU1/zIyMv8uLi7/Ly8v/zExMf8xMTH/MDAw/y4uLv8rKyv/Kioq/ykpKf8pKSn/Kioq/ysrK/8qKir/Kioq/ysrK/8tLS3/MDAw/zQ0NP80NDT/NTU1/zU1Nf81NTX/NjY2/zc3N/84ODj/Ojo6/zs7O/89PT3/Pj4+/z8/P/9AQED/Pz8//z4+Pv89PT3/PT09/z09Pf8/Pz//QUFB/0RERP9GRkb/SUlJ/0lJSf9ISEj/R0dH/0RERP9CQkL/Pz8//z4+Pv8/Pz//Pz8//z4+Pv89PT3/PT09/z09Pf87Ozv/OTk5/zk5Of86Ojr/Ojo6/zg4OP84ODj/OTk5/zk5Of86Ojr/Ozs7/z09Pf8+Pj7/Pz8//0FBQf9CQkL/Q0ND/0VFRf9GRkb/RkZG/0VFRf9GRkb/R0dH/0ZGRv9DQ0P/QkJC/0FBQf9AQED/QEBA/0FBQf9FRUX/SEhI/0dHR/9GRkb/RUVF/0RERP9FRUX/R0dH/0lJSf9MTEz/TU1N/09PT/9QUFD/U1NT/1NTU/9PT0//T09P/1BQUP9RUVH/VFRU/1ZWVv9TU1P/UFBQ/0xMTP9HR0f/RkZG/0VFRf9HR0f/SEhI/0hISP9ISEj/RUVF/z8/P/8+Pj7/Pj4+/z8/P/9CQkL/Q0ND/0FBQf9AQED/Q0ND/0VFRf9HR0f/SUlJ/0hISP9ISEj/RUVF/0BAQP8/Pz//Pj4+/z8/P/9CQkL/Q0ND/0RERP9DQ0P/Pj4+/zo6Ov81NTX/MTEx/zIyMv8yMjL/MzMz/zU1Nf80NDT/MzMz/zQ0NP81NTX/NDQ0/zIyMv8wMDD/LS0t/ywsLP8sLCz/Kysr/yoqKv8qKir/Kysr/ywsLP8tLS3/LS0t/y0tLf8tLS3/LCws/ysrK/8rKyv/Kioq/ykpKf8pKSn/Kioq/yoqKv8qKir/Kioq/yoqKv8rKyv/Kysr/ysrK/8rKyv/Kysr/ysrK/8rKyv/Kioq/ysrK/8sLCz/LCws/ysrK/8rKyv/Kioq/ysrK/8sLCz/LCws/ysrK/8rKyv/LCws/y0tLf8uLi7/Li4u/y0tLf8rKyv/Kysr/ysrK/8sLCz/LS0t/y4uLv8vLy//Ly8v/y4uLv8uLi7/LS0t/y0tLf8tLS3/LS0t/y0tLf8tLS3/Li4u/y4uLv8uLi7/Li4u/y4uLv8tLS3/LS0t/y4uLv8uLi7/Li4u/y0tLf8sLCz/LCws/ywsLP8sLCz/LS0t/y0tLf8sLCz/LCws/ysrK/8qKir/Kioq/yoqKv8qKir/Kioq/yoqKv8rKyv/Kysr/ysrK/8rKyv/Kysr/ywsLP8uLi7/Ly8v/zExMf8yMjL/MzMz/zQ0NP8zMzP/MzMz/zMzM/80NDT/ODg4/z09Pf88PDz/Ojo6/zw8PP9BQUH/Q0ND/0ZGRv9GRkb/RkZG/0dHR/9MTEz/UFBQ/1hYWP9dXV3/Xl5e/19fX/9dXV3/W1tb/1FRUf9DQ0P/QkJC/0JCQv9CQkL/QkJC/0VFRf9LS0v/UlJS/2FhYf9mZmb/aGho/2ZmZv9bW1v/VFRU/1lZWf9eXl7/Y2Nj/2lpaf9eXl7/UFBQ/1VVVf9dXV3/YWFh/2ZmZv9iYmL/VlZW/1hYWP9jY2P/Z2dn/2lpaf9tbW3/eXl5/4GBgf9/f3//FBQU/xQUFP8UFBT/FBQU/xUVFf8VFRX/FhYW/xYWFv8WFhb/FhYW/xcXF/8XFxf/GBgY/xkZGf8aGhr/Ghoa/xoaGv8bGxv/Gxsb/xsbG/8ZGRn/FxcX/xcXF/8XFxf/FxcX/xYWFv8WFhb/FhYW/xYWFv8XFxf/FxcX/xcXF/8XFxf/FxcX/xcXF/8WFhb/FhYW/xYWFv8XFxf/GBgY/xkZGf8aGhr/Gxsb/xsbG/8cHBz/HBwc/xwcHP8bGxv/Ghoa/xkZGf8YGBj/GBgY/xcXF/8XFxf/FxcX/xcXF/8XFxf/GBgY/xkZGf8aGhr/Ghoa/xsbG/8aGhr/GRkZ/xkZGf8ZGRn/GRkZ/xoaGv8aGhr/HBwc/x0dHf8dHR3/Hh4e/x8fH/8gICD/Hh4e/x0dHf8bGxv/Ghoa/xkZGf8YGBj/GBgY/xkZGf8ZGRn/GRkZ/xkZGf8YGBj/GBgY/xgYGP8YGBj/GRkZ/xkZGf8ZGRn/GRkZ/xgYGP8XFxf/GRkZ/xsbG/8dHR3/Hx8f/yAgIP8hISH/ICAg/x8fH/8eHh7/HR0d/xwcHP8bGxv/Ghoa/xkZGf8YGBj/GRkZ/xkZGf8aGhr/Ghoa/xsbG/8cHBz/HBwc/xsbG/8bGxv/Ghoa/xoaGv8ZGRn/GRkZ/xoaGv8aGhr/HBwc/xwcHP8dHR3/Hh4e/xwcHP8aGhr/Gxsb/xsbG/8bGxv/Gxsb/xsbG/8bGxv/Gxsb/xsbG/8bGxv/HBwc/xwcHP8cHBz/HBwc/xwcHP8cHBz/HBwc/xwcHP8cHBz/HBwc/xwcHP8cHBz/HR0d/x0dHf8eHh7/Hx8f/x8fH/8fHx//Hx8f/x0dHf8dHR3/HR0d/x0dHf8dHR3/HR0d/xsbG/8aGhr/Gxsb/xwcHP8cHBz/HR0d/x0dHf8eHh7/Hh4e/x4eHv8eHh7/Hx8f/x8fH/8fHx//Hx8f/x4eHv8eHh7/Hx8f/x8fH/8gICD/ICAg/yAgIP8gICD/ICAg/x8fH/8fHx//Hh4e/x4eHv8eHh7/Hh4e/x8fH/8fHx//ICAg/yAgIP8fHx//Hx8f/x8fH/8fHx//Hx8f/x8fH/8fHx//Hx8f/x8fH/8eHh7/Hh4e/x4eHv8eHh7/Hx8f/x8fH/8gICD/ICAg/yEhIf8hISH/IiIi/yMjI/8jIyP/JCQk/yMjI/8iIiL/ISEh/yAgIP8fHx//Hh4e/x4eHv8fHx//Hx8f/yAgIP8gICD/ISEh/yEhIf8jIyP/IyMj/yQkJP8lJSX/JCQk/yQkJP8kJCT/JCQk/yMjI/8iIiL/IyMj/yQkJP8jIyP/IiIi/yIiIv8iIiL/IiIi/yEhIf8hISH/IiIi/yIiIv8gICD/ICAg/x8fH/8eHh7/ICAg/yIiIv8jIyP/JSUl/yQkJP8kJCT/JCQk/yMjI/8kJCT/JSUl/yUlJf8mJib/Jycn/ykpKf8pKSn/KCgo/ycnJ/8lJSX/IyMj/yMjI/8jIyP/JCQk/yUlJf8nJyf/KSkp/yoqKv8qKir/Kioq/ygoKP8nJyf/JSUl/yUlJf8nJyf/Jycn/yYmJv8mJib/JSUl/yUlJf8lJSX/JiYm/ygoKP8qKir/Kioq/yoqKv8qKir/Kysr/ysrK/8sLCz/LS0t/y0tLf8sLCz/Kioq/yoqKv8rKyv/LCws/y0tLf8tLS3/LCws/ysrK/8pKSn/KCgo/ykpKf8qKir/Kysr/ywsLP8sLCz/Kioq/ykpKf8pKSn/Kioq/yoqKv8qKir/Kioq/yoqKv8rKyv/LCws/y4uLv+bm5v/lZWV/46Ojv98fHz/ZWVl/2VlZf9nZ2f/cHBw/4CAgP+RkZH/sbGx/7m5uf+4uLj/tra2/7CwsP+rq6v/n5+f/5SUlP+FhYX/dXV1/35+fv+JiYn/jY2N/5OTk/+Xl5f/nZ2d/46Ojv9vb2//YGBg/0lJSf9FRUX/S0tL/1FRUf9fX1//aGho/2tra/9wcHD/gICA/5CQkP+Ojo7/i4uL/3t7e/9mZmb/bm5u/35+fv94eHj/ampq/2hoaP9qamr/aWlp/2RkZP9lZWX/b29v/3x8fP+kpKT/w8PD/7S0tP+kpKT/iYmJ/2pqav93d3f/i4uL/5CQkP+Xl5f/jY2N/3h4eP97e3v/jIyM/5WVlf+goKD/oKCg/46Ojv+Dg4P/fn5+/3l5ef+AgID/h4eH/4iIiP+Kior/lZWV/6SkpP+ampr/h4eH/3p6ev9lZWX/X19f/1xcXP9gYGD/bm5u/3Nzc/9sbGz/aWlp/3V1df9+fn7/dHR0/2pqav9mZmb/YGBg/2FhYf9iYmL/bGxs/3x8fP98fHz/d3d3/3l5ef+AgID/fn5+/29vb/9ra2v/d3d3/39/f/+AgID/gYGB/3p6ev9ycnL/dHR0/3d3d/9vb2//ZGRk/19fX/9XV1f/YWFh/3l5ef+AgID/h4eH/4eHh/+AgID/gICA/4uLi/+Tk5P/j4+P/4yMjP+IiIj/hISE/4GBgf99fX3/cnJy/2NjY/9mZmb/bm5u/25ubv9tbW3/dnZ2/4+Pj/+Xl5f/k5OT/5CQkP+JiYn/hISE/4SEhP+FhYX/iYmJ/46Ojv+Ghob/e3t7/319ff+BgYH/enp6/25ubv9ubm7/cXFx/21tbf9gYGD/YGBg/3BwcP95eXn/gICA/4SEhP94eHj/a2tr/319ff+QkJD/jY2N/4iIiP+AgID/dHR0/2xsbP9fX1//YGBg/2hoaP9qamr/Z2dn/2VlZf9jY2P/YGBg/1tbW/9YWFj/XV1d/2JiYv9paWn/cHBw/3x8fP+MjIz/h4eH/39/f/+CgoL/ioqK/4ODg/9vb2//ZmZm/19fX/9iYmL/d3d3/4SEhP+Hh4f/iIiI/3Z2dv9kZGT/a2tr/3Nzc/9vb2//aWlp/2BgYP9QUFD/V1dX/2lpaf9nZ2f/Wlpa/1ZWVv9TU1P/VlZW/2lpaf95eXn/m5ub/7Ozs/+Wlpb/eHh4/2pqav9bW1v/WVlZ/1hYWP9YWFj/WVlZ/2JiYv9ycnL/dnZ2/3d3d/9wcHD/W1tb/1BQUP9ISEj/RERE/0NDQ/9DQ0P/T09P/1xcXP9lZWX/cHBw/25ubv9qamr/aGho/2ZmZv9kZGT/YGBg/1lZWf9LS0v/RkZG/0dHR/9GRkb/QkJC/z8/P/9BQUH/QkJC/0hISP9PT0//UFBQ/1FRUf9OTk7/SkpK/0dHR/9DQ0P/QEBA/zs7O/86Ojr/Ozs7/0BAQP9QUFD/XFxc/3Jycv99fX3/ZmZm/1JSUv9TU1P/VVVV/1hYWP9dXV3/Z2dn/3d3d/9nZ2f/SUlJ/0FBQf84ODj/NjY2/zg4OP86Ojr/PT09/z8/P/9AQED/QEBA/z4+Pv88PDz/Ojo6/zg4OP86Ojr/Pj4+/zk5Of8xMTH/MTEx/zMzM/83Nzf/QUFB/0NDQ/9FRUX/RERE/z8/P/89PT3/Pj4+/z4+Pv85OTn/NDQ0/zg4OP88PDz/QkJC/0pKSv9LS0v/TExM/0lJSf9DQ0P/Q0ND/0NDQ/9ERET/RERE/0RERP9ERET/RERE/0NDQ/9BQUH/QUFB/2BgYP9bW1v/VVVV/01NTf9DQ0P/RUVF/0hISP9KSkr/TU1N/1VVVf9kZGT/bm5u/4CAgP+FhYX/f39//319ff9+fn7/gICA/46Ojv+cnJz/jo6O/319ff9vb2//XFxc/2JiYv9tbW3/bW1t/2pqav9zc3P/iIiI/4uLi/+EhIT/fHx8/2lpaf9gYGD/aGho/25ubv94eHj/gYGB/3V1df9oaGj/Y2Nj/11dXf9nZ2f/eXl5/3V1df9paWn/ZGRk/1tbW/9XV1f/VVVV/1tbW/90dHT/goKC/4SEhP+FhYX/d3d3/2hoaP9ycnL/fHx8/3Jycv9kZGT/Wlpa/0xMTP9ISEj/RUVF/0lJSf9UVFT/V1dX/1hYWP9dXV3/bm5u/3Z2dv9sbGz/Y2Nj/2xsbP92dnb/bm5u/2RkZP9nZ2f/bGxs/11dXf9DQ0P/QEBA/0BAQP9CQkL/R0dH/0ZGRv9AQED/Pz8//0dHR/9NTU3/VFRU/1paWv9paWn/eXl5/2xsbP9dXV3/UlJS/0NDQ/9GRkb/TU1N/09PT/9RUVH/UFBQ/01NTf9JSUn/QEBA/zw8PP89PT3/PT09/z09Pf8+Pj7/RUVF/05OTv9lZWX/gYGB/3d3d/9nZ2f/aGho/25ubv9lZWX/UFBQ/0ZGRv84ODj/NjY2/0BAQP9JSUn/YGBg/29vb/9xcXH/c3Nz/2xsbP9lZWX/XV1d/1JSUv9VVVX/WVlZ/1dXV/9TU1P/TExM/z8/P/8+Pj7/QUFB/0JCQv9AQED/QEBA/0NDQ/9HR0f/VVVV/2NjY/9qamr/cnJy/3V1df95eXn/dnZ2/3Fxcf9ra2v/YWFh/11dXf9XV1f/VVVV/1NTU/9SUlL/UVFR/1FRUf9SUlL/UlJS/1NTU/9UVFT/ampq/4KCgv+EhIT/h4eH/3d3d/9dXV3/Wlpa/1lZWf9bW1v/YGBg/2JiYv9kZGT/ZWVl/2RkZP9gYGD/UFBQ/0VFRf9LS0v/UVFR/01NTf9ISEj/RkZG/0NDQ/9FRUX/SUlJ/0tLS/9OTk7/T09P/1BQUP9QUFD/UFBQ/09PT/9ISEj/RERE/0NDQ/9CQkL/RERE/0VFRf9ISEj/SkpK/0pKSv9KSkr/S0tL/01NTf9NTU3/Tk5O/1VVVf9mZmb/bGxs/3Fxcf9ycnL/bW1t/2dnZ/9bW1v/UVFR/1hYWP9gYGD/YWFh/2JiYv9iYmL/YmJi/2FhYf9eXl7/XV1d/1paWv9fX1//a2tr/29vb/9ubm7/bm5u/2tra/9tbW3/gYGB/5GRkf+MjIz/hoaG/3x8fP9wcHD/c3Nz/3d3d/98fHz/hISE/42Njf+cnJz/nJyc/5WVlf+ZmZn/qamp/62trf+cnJz/kpKS/5aWlv+YmJj/jIyM/35+fv98fHz/enp6/4ODg/+RkZH/lJSU/5qamv+Kior/ZmZm/2FhYf9nZ2f/aGho/2dnZ/9mZmb/ZGRk/2RkZP9ra2v/cnJy/35+fv+Li4v/jY2N/4+Pj/+VlZX/np6e/52dnf+ampr/nZ2d/6ampv+dnZ3/fn5+/3d3d/+BgYH/iIiI/5GRkf+Wlpb/i4uL/4CAgP9+fn7/fHx8/4GBgf+Hh4f/iIiI/4mJif+QkJD/m5ub/5SUlP+BgYH/e3t7/3V1df93d3f/g4OD/4eHh/98fHz/dHR0/2xsbP9kZGT/Xl5e/1hYWP9XV1f/V1dX/2FhYf9wcHD/cnJy/3Jycv96enr/jIyM/5GRkf+Tk5P/k5OT/5SUlP+SkpL/i4uL/4eHh/+RkZH/Kioq/ykpKf8nJyf/Jycn/ycnJ/8nJyf/Jycn/ygoKP8qKir/Kysr/y0tLf8tLS3/KSkp/ygoKP8oKCj/KSkp/yoqKv8qKir/KSkp/ygoKP8pKSn/Kioq/ysrK/8sLCz/LCws/ywsLP8sLCz/LCws/ywsLP8rKyv/Kioq/ykpKf8oKCj/Jycn/yYmJv8lJSX/JCQk/yUlJf8mJib/KCgo/yoqKv8tLS3/MjIy/zMzM/80NDT/NDQ0/zU1Nf81NTX/NjY2/zc3N/83Nzf/ODg4/zo6Ov87Ozv/PDw8/zw8PP88PDz/PDw8/zs7O/86Ojr/Ojo6/zs7O/88PDz/Pj4+/0BAQP9CQkL/Q0ND/0JCQv9BQUH/QEBA/z8/P/8+Pj7/PT09/zs7O/86Ojr/Ojo6/zo6Ov88PDz/PT09/zs7O/83Nzf/NjY2/zU1Nf81NTX/NjY2/zc3N/84ODj/ODg4/zg4OP85OTn/OTk5/zk5Of87Ozv/PDw8/zw8PP89PT3/PT09/z4+Pv8+Pj7/Pz8//0BAQP9BQUH/QEBA/z09Pf88PDz/OTk5/zk5Of85OTn/Ojo6/zs7O/88PDz/PT09/z09Pf88PDz/Ozs7/z09Pf8+Pj7/QEBA/0JCQv9ERET/RkZG/0dHR/9ISEj/SEhI/0dHR/9HR0f/SUlJ/0pKSv9MTEz/TU1N/0tLS/9JSUn/RUVF/0FBQf9AQED/Pz8//0BAQP9CQkL/QkJC/0FBQf9AQED/Pj4+/z4+Pv8+Pj7/Pj4+/z4+Pv8+Pj7/Pj4+/z4+Pv9CQkL/RUVF/0ZGRv9GRkb/RkZG/0VFRf9ERET/QUFB/0BAQP8/Pz//Pz8//z8/P/8+Pj7/Pj4+/z09Pf87Ozv/OTk5/zU1Nf8zMzP/MzMz/zMzM/8zMzP/NDQ0/zMzM/8yMjL/MjIy/zExMf8yMjL/MzMz/zIyMv8xMTH/MTEx/y8vL/8uLi7/Li4u/y4uLv8wMDD/MTEx/zExMf8xMTH/MTEx/zAwMP8wMDD/Ly8v/y4uLv8uLi7/LS0t/y0tLf8tLS3/LS0t/y0tLf8tLS3/LS0t/y0tLf8uLi7/Li4u/y4uLv8vLy//Ly8v/y8vL/8uLi7/Li4u/y8vL/8vLy//Li4u/y4uLv8uLi7/Li4u/y8vL/8vLy//LS0t/y0tLf8uLi7/Li4u/y8vL/8vLy//Li4u/y4uLv8tLS3/LS0t/y0tLf8uLi7/Li4u/y4uLv8uLi7/Li4u/y4uLv8tLS3/LS0t/y0tLf8sLCz/LCws/ywsLP8tLS3/LS0t/y4uLv8vLy//Li4u/ywsLP8tLS3/LS0t/y4uLv8uLi7/Li4u/y4uLv8tLS3/LCws/ywsLP8tLS3/LS0t/y0tLf8tLS3/LCws/ysrK/8sLCz/LCws/ywsLP8rKyv/Kysr/ysrK/8rKyv/Kioq/ysrK/8sLCz/LS0t/y4uLv8vLy//MTEx/zExMf8yMjL/MjIy/zIyMv8xMTH/MTEx/zExMf8zMzP/NjY2/zY2Nv82Njb/Nzc3/zk5Of87Ozv/QEBA/0BAQP8/Pz//QEBA/0VFRf9ISEj/TExM/1BQUP9VVVX/Wlpa/1dXV/9TU1P/SkpK/z8/P/8+Pj7/PT09/0JCQv9LS0v/T09P/1VVVf9eXl7/c3Nz/3l5ef92dnb/cHBw/1xcXP9OTk7/T09P/09PT/9WVlb/Xl5e/1xcXP9aWlr/V1dX/1RUVP9UVFT/VlZW/1RUVP9QUFD/U1NT/11dXf9jY2P/ampq/25ubv9xcXH/c3Nz/2lpaf8VFRX/FBQU/xQUFP8UFBT/FRUV/xUVFf8VFRX/FhYW/xYWFv8WFhb/FhYW/xcXF/8XFxf/FxcX/xgYGP8YGBj/GBgY/xgYGP8XFxf/FxcX/xYWFv8WFhb/FhYW/xYWFv8WFhb/FRUV/xYWFv8WFhb/FhYW/xYWFv8WFhb/FhYW/xYWFv8XFxf/FxcX/xYWFv8WFhb/FhYW/xYWFv8WFhb/FhYW/xcXF/8YGBj/GRkZ/xkZGf8ZGRn/GRkZ/xgYGP8YGBj/FxcX/xcXF/8XFxf/FhYW/xYWFv8XFxf/FxcX/xcXF/8XFxf/FxcX/xgYGP8YGBj/GBgY/xgYGP8YGBj/GBgY/xgYGP8YGBj/GBgY/xgYGP8ZGRn/GRkZ/xsbG/8cHBz/HBwc/xwcHP8bGxv/Ghoa/xkZGf8YGBj/GBgY/xkZGf8ZGRn/GRkZ/xkZGf8ZGRn/GRkZ/xkZGf8ZGRn/GRkZ/xkZGf8YGBj/GBgY/xgYGP8YGBj/GBgY/xgYGP8ZGRn/HBwc/x0dHf8fHx//Hx8f/yAgIP8gICD/ICAg/x8fH/8dHR3/HBwc/xoaGv8ZGRn/GRkZ/xkZGf8ZGRn/Ghoa/xoaGv8aGhr/Gxsb/xwcHP8cHBz/Gxsb/xoaGv8ZGRn/GRkZ/xkZGf8aGhr/Gxsb/xwcHP8dHR3/Hh4e/x8fH/8gICD/Hh4e/x0dHf8cHBz/HBwc/xwcHP8cHBz/HBwc/xwcHP8cHBz/HBwc/xwcHP8dHR3/HR0d/x0dHf8dHR3/HBwc/xwcHP8cHBz/Gxsb/xsbG/8bGxv/HBwc/x0dHf8eHh7/Hx8f/yAgIP8iIiL/IiIi/yEhIf8gICD/Hx8f/x8fH/8eHh7/HR0d/xwcHP8cHBz/Gxsb/xsbG/8bGxv/Gxsb/xwcHP8cHBz/HBwc/x0dHf8dHR3/HR0d/x0dHf8eHh7/Hh4e/x0dHf8dHR3/Hh4e/x4eHv8fHx//ICAg/yAgIP8hISH/ISEh/yEhIf8gICD/Hx8f/x4eHv8dHR3/HR0d/x0dHf8dHR3/Hh4e/x4eHv8fHx//Hx8f/x8fH/8fHx//Hx8f/x4eHv8eHh7/Hh4e/x8fH/8fHx//Hx8f/x8fH/8fHx//Hx8f/x8fH/8gICD/ICAg/yAgIP8gICD/ICAg/yAgIP8gICD/ICAg/yEhIf8hISH/ICAg/yAgIP8gICD/Hx8f/x8fH/8fHx//Hx8f/x8fH/8fHx//Hx8f/yAgIP8gICD/ISEh/yEhIf8hISH/IiIi/yIiIv8iIiL/IiIi/yIiIv8hISH/ISEh/yAgIP8gICD/ISEh/yEhIf8gICD/ICAg/yAgIP8gICD/Hx8f/x8fH/8gICD/ISEh/yAgIP8gICD/ICAg/x8fH/8gICD/ISEh/yEhIf8iIiL/IiIi/yMjI/8jIyP/IiIi/yMjI/8kJCT/JSUl/yUlJf8mJib/JiYm/yYmJv8mJib/JSUl/yQkJP8kJCT/JCQk/yQkJP8kJCT/JCQk/yQkJP8kJCT/JSUl/yUlJf8lJSX/JCQk/yQkJP8kJCT/JSUl/yUlJf8mJib/JSUl/yUlJf8jIyP/IyMj/yMjI/8kJCT/JSUl/ycnJ/8nJyf/Jycn/ygoKP8oKCj/KCgo/ygoKP8oKCj/KCgo/ygoKP8oKCj/KCgo/ycnJ/8nJyf/KCgo/ykpKf8pKSn/KSkp/ygoKP8nJyf/JiYm/yYmJv8mJib/Jycn/yYmJv8lJSX/JCQk/yQkJP8lJSX/JiYm/yYmJv8mJib/JiYm/ycnJ/8oKCj/KSkp/6Wlpf+Wlpb/hISE/29vb/9TU1P/V1dX/19fX/9lZWX/bW1t/3p6ev+UlJT/mpqa/5WVlf+VlZX/mZmZ/5mZmf+QkJD/h4eH/3Jycv9dXV3/YGBg/2JiYv9tbW3/e3t7/3p6ev93d3f/bGxs/1lZWf9QUFD/QkJC/0FBQf9HR0f/S0tL/1BQUP9VVVX/Y2Nj/3BwcP+Dg4P/lpaW/5KSkv+NjY3/gYGB/29vb/97e3v/j4+P/4GBgf9fX1//VVVV/0xMTP9KSkr/TU1N/1JSUv9jY2P/c3Nz/5OTk/+srKz/m5ub/4iIiP93d3f/YmJi/21tbf98fHz/jo6O/6urq/+dnZ3/e3t7/3Z2dv96enr/e3t7/3p6ev92dnb/aWlp/2FhYf9fX1//Xl5e/11dXf9cXFz/ZWVl/3BwcP+IiIj/q6ur/52dnf+Dg4P/c3Nz/1lZWf9UVFT/UlJS/1hYWP9qamr/cXFx/21tbf9tbW3/fHx8/4iIiP95eXn/aGho/2hoaP9oaGj/aWlp/2tra/93d3f/i4uL/4KCgv9ra2v/aGho/25ubv9tbW3/ZmZm/2hoaP9/f3//jo6O/5GRkf+UlJT/hoaG/3d3d/95eXn/fHx8/3V1df9qamr/YmJi/1ZWVv9jY2P/g4OD/4qKiv+JiYn/h4eH/4GBgf+Dg4P/lZWV/6Ghof+bm5v/lZWV/4yMjP+CgoL/f39//3t7e/9vb2//Xl5e/2BgYP9mZmb/ZmZm/2VlZf9ycnL/lZWV/6Ghof+ioqL/oqKi/52dnf+ZmZn/lJSU/4+Pj/+RkZH/k5OT/3x8fP9eXl7/Wlpa/1ZWVv9SUlL/TU1N/0xMTP9KSkr/TU1N/1VVVf9hYWH/fn5+/4+Pj/+Wlpb/mJiY/4GBgf9ra2v/dnZ2/4ODg/9/f3//eHh4/3Fxcf9nZ2f/XV1d/01NTf9NTU3/VVVV/1dXV/9XV1f/V1dX/1NTU/9SUlL/UlJS/1NTU/9UVFT/VlZW/1VVVf9UVFT/XV1d/2pqav9vb2//d3d3/3V1df9vb2//Z2dn/1VVVf9PT0//S0tL/0xMTP9WVlb/XFxc/1lZWf9XV1f/VFRU/1BQUP9WVlb/XV1d/2FhYf9lZWX/XFxc/0tLS/9MTEz/UlJS/1BQUP9JSUn/SEhI/0xMTP9VVVX/cnJy/4qKiv+1tbX/1dXV/6urq/9/f3//bW1t/1lZWf9XV1f/VVVV/1VVVf9UVFT/Wlpa/2VlZf9ra2v/cnJy/25ubv9dXV3/VFRU/05OTv9KSkr/RkZG/0RERP9PT0//W1tb/2VlZf9xcXH/bW1t/2dnZ/9oaGj/aWlp/2ZmZv9fX1//V1dX/0dHR/9BQUH/QUFB/0FBQf89PT3/PDw8/z4+Pv9AQED/RUVF/0tLS/9NTU3/UFBQ/01NTf9JSUn/SEhI/0VFRf9DQ0P/Pz8//z09Pf87Ozv/Pz8//01NTf9YWFj/aGho/3BwcP9eXl7/T09P/1VVVf9cXFz/YmJi/2lpaf91dXX/hoaG/3Nzc/9PT0//RERE/zg4OP80NDT/MzMz/zMzM/84ODj/Ojo6/zs7O/86Ojr/Nzc3/zMzM/8yMjL/MDAw/zAwMP8xMTH/Li4u/yoqKv8qKir/Kysr/y4uLv82Njb/ODg4/zg4OP86Ojr/PT09/0BAQP9ERET/RUVF/zs7O/8yMjL/NjY2/zs7O/8/Pz//Q0ND/0NDQ/9CQkL/QkJC/0FBQf9DQ0P/SEhI/0pKSv9LS0v/S0tL/0lJSf9ISEj/RERE/0FBQf9BQUH/TU1N/0dHR/8/Pz//PDw8/zg4OP88PDz/Q0ND/0RERP9ERET/SEhI/1FRUf9eXl7/fX19/4aGhv96enr/c3Nz/25ubv9ubm7/i4uL/6mpqf+Tk5P/enp6/29vb/9gYGD/aGho/3V1df91dXX/cnJy/3t7e/+QkJD/kpKS/4iIiP9+fn7/ZmZm/1paWv9iYmL/aWlp/29vb/92dnb/ZmZm/1RUVP9TU1P/U1NT/2JiYv98fHz/eXl5/25ubv9lZWX/VVVV/09PT/9MTEz/UFBQ/2dnZ/91dXX/enp6/319ff9xcXH/ZGRk/3d3d/+MjIz/fn5+/2pqav9cXFz/SEhI/0RERP9AQED/RERE/1JSUv9VVVX/VFRU/1ZWVv9iYmL/aGho/2RkZP9hYWH/aWlp/3Jycv9tbW3/ZmZm/2lpaf9sbGz/XFxc/z8/P/88PDz/Ozs7/z8/P/9JSUn/SUlJ/0BAQP89PT3/QkJC/0ZGRv9TU1P/X19f/25ubv9+fn7/dHR0/2ZmZv9WVlb/Pj4+/z4+Pv9BQUH/Q0ND/0ZGRv9FRUX/QkJC/z4+Pv83Nzf/MzMz/zAwMP8vLy//MjIy/zQ0NP9BQUH/UFBQ/2pqav+Kior/f39//21tbf90dHT/goKC/3d3d/9cXFz/TU1N/zk5Of8zMzP/OTk5/0FBQf9cXFz/b29v/3h4eP+BgYH/eHh4/29vb/9kZGT/V1dX/1dXV/9XV1f/UlJS/0hISP9CQkL/Nzc3/zY2Nv87Ozv/PT09/zs7O/88PDz/Pz8//0RERP9SUlL/YGBg/2VlZf9qamr/Y2Nj/1tbW/9cXFz/X19f/15eXv9cXFz/WFhY/09PT/9LS0v/RERE/0JCQv9DQ0P/RERE/0tLS/9PT0//TExM/0pKSv9gYGD/eHh4/4CAgP+Kior/enp6/2JiYv9eXl7/W1tb/1paWv9ZWVn/Wlpa/11dXf9eXl7/XV1d/1paWv9MTEz/QUFB/z09Pf85OTn/Ozs7/z4+Pv89PT3/PT09/zw8PP86Ojr/PT09/0JCQv9FRUX/SEhI/0tLS/9OTk7/TU1N/0RERP8+Pj7/PDw8/zo6Ov87Ozv/Ozs7/zk5Of82Njb/Nzc3/zk5Of8+Pj7/RkZG/0ZGRv9FRUX/TExM/1xcXP9hYWH/YWFh/2BgYP9dXV3/Wlpa/1RUVP9QUFD/VlZW/11dXf9dXV3/XV1d/1lZWf9TU1P/UVFR/09PT/9QUFD/UVFR/1VVVf9cXFz/W1tb/1BQUP9OTk7/V1dX/2FhYf95eXn/i4uL/319ff9vb2//Z2dn/15eXv9XV1f/TU1N/1JSUv9bW1v/Z2dn/3x8fP9/f3//fX19/4SEhP+ampr/n5+f/42Njf+Dg4P/iYmJ/42Njf98fHz/aWlp/2hoaP9nZ2f/f39//6Ghof+oqKj/r6+v/5qamv9qamr/YmJi/2hoaP9paWn/ZmZm/2VlZf9kZGT/ZGRk/2tra/9ycnL/fHx8/4eHh/+Kior/jIyM/4aGhv97e3v/fHx8/35+fv+Ghob/lZWV/5CQkP95eXn/cnJy/3Nzc/91dXX/eXl5/3t7e/9zc3P/bW1t/3h4eP+EhIT/ioqK/5KSkv+Pj4//i4uL/5SUlP+jo6P/m5ub/4SEhP98fHz/c3Nz/21tbf9fX1//WFhY/1lZWf9ZWVn/VFRU/09PT/9NTU3/TExM/0tLS/9JSUn/Wlpa/3R0dP94eHj/e3t7/4SEhP+YmJj/m5ub/5SUlP+RkZH/jIyM/4mJif+JiYn/i4uL/5iYmP8mJib/JSUl/yQkJP8kJCT/IyMj/yQkJP8lJSX/JiYm/ycnJ/8oKCj/Kioq/ykpKf8lJSX/JCQk/yUlJf8lJSX/JiYm/ycnJ/8nJyf/Jycn/yYmJv8mJib/JiYm/yYmJv8oKCj/Kysr/yoqKv8pKSn/KCgo/ycnJ/8nJyf/KCgo/ycnJ/8lJSX/JCQk/yIiIv8gICD/ISEh/yMjI/8lJSX/KCgo/ywsLP8xMTH/MjIy/zMzM/80NDT/NTU1/zU1Nf82Njb/NjY2/zU1Nf81NTX/ODg4/zk5Of85OTn/Ojo6/zo6Ov87Ozv/OTk5/zg4OP84ODj/OTk5/zk5Of87Ozv/PDw8/z4+Pv8+Pj7/PT09/z09Pf89PT3/PT09/zw8PP87Ozv/OTk5/zc3N/84ODj/OTk5/zs7O/89PT3/Ojo6/zY2Nv80NDT/MTEx/zIyMv80NDT/NjY2/zc3N/84ODj/Nzc3/zc3N/82Njb/NjY2/zg4OP85OTn/OTk5/zk5Of85OTn/OTk5/zo6Ov87Ozv/Ozs7/z09Pf88PDz/OTk5/zg4OP81NTX/NDQ0/zU1Nf81NTX/NDQ0/zQ0NP82Njb/ODg4/zc3N/82Njb/Nzc3/zk5Of86Ojr/PDw8/z09Pf9AQED/QUFB/0FBQf9BQUH/QkJC/0JCQv9FRUX/RkZG/0dHR/9HR0f/RUVF/0RERP9AQED/PT09/zw8PP87Ozv/PDw8/z8/P/8+Pj7/PT09/z09Pf8+Pj7/Pj4+/z4+Pv89PT3/Ozs7/zo6Ov88PDz/PT09/0FBQf9FRUX/RUVF/0VFRf9ERET/RERE/0NDQ/9BQUH/QEBA/z8/P/8+Pj7/PDw8/zs7O/85OTn/OTk5/zk5Of84ODj/NjY2/zQ0NP80NDT/NDQ0/zMzM/8zMzP/MjIy/zExMf8wMDD/Ly8v/zExMf8zMzP/NDQ0/zQ0NP8zMzP/MTEx/zAwMP8xMTH/MjIy/zQ0NP81NTX/NDQ0/zQ0NP8zMzP/MjIy/zIyMv8xMTH/MTEx/zAwMP8wMDD/Ly8v/y8vL/8vLy//Ly8v/y8vL/8vLy//Ly8v/y8vL/8vLy//Ly8v/zExMf8yMjL/MTEx/zAwMP8wMDD/MTEx/zAwMP8vLy//Ly8v/zAwMP8wMDD/MTEx/zAwMP8uLi7/LS0t/y4uLv8vLy//MDAw/zAwMP8wMDD/Ly8v/y8vL/8uLi7/Li4u/y4uLv8uLi7/Li4u/y4uLv8uLi7/Li4u/y0tLf8tLS3/LCws/ywsLP8sLCz/LCws/y0tLf8tLS3/Li4u/y8vL/8uLi7/LCws/y0tLf8tLS3/LS0t/y4uLv8uLi7/Ly8v/y4uLv8tLS3/LCws/y0tLf8tLS3/LS0t/y0tLf8tLS3/LCws/y0tLf8tLS3/LS0t/ywsLP8sLCz/Kysr/ysrK/8qKir/Kysr/y0tLf8tLS3/Li4u/y8vL/8wMDD/MTEx/zExMf8xMTH/MTEx/zAwMP8wMDD/Ly8v/zExMf8yMjL/MzMz/zQ0NP80NDT/NDQ0/zc3N/88PDz/PDw8/zs7O/88PDz/QEBA/0NDQ/9FRUX/SEhI/09PT/9WVlb/UlJS/05OTv9GRkb/PDw8/zs7O/86Ojr/QkJC/1BQUP9VVVX/Wlpa/2RkZP98fHz/g4OD/319ff91dXX/XFxc/0pKSv9HR0f/RUVF/01NTf9WVlb/Wlpa/19fX/9YWFj/TU1N/0xMTP9LS0v/S0tL/0tLS/9PT0//WVlZ/2BgYP9paWn/bm5u/2tra/9oaGj/W1tb/xUVFf8VFRX/FBQU/xQUFP8VFRX/FRUV/xUVFf8VFRX/FhYW/xYWFv8WFhb/FhYW/xYWFv8WFhb/FxcX/xcXF/8WFhb/FhYW/xUVFf8VFRX/FRUV/xUVFf8VFRX/FRUV/xUVFf8VFRX/FRUV/xYWFv8WFhb/FhYW/xYWFv8WFhb/FhYW/xcXF/8XFxf/FhYW/xYWFv8VFRX/FRUV/xUVFf8VFRX/FhYW/xcXF/8XFxf/GBgY/xgYGP8XFxf/FxcX/xYWFv8WFhb/FhYW/xYWFv8WFhb/FhYW/xcXF/8XFxf/FhYW/xYWFv8WFhb/FxcX/xcXF/8WFhb/FhYW/xcXF/8XFxf/FxcX/xcXF/8XFxf/FxcX/xcXF/8XFxf/GRkZ/xoaGv8aGhr/Ghoa/xkZGf8ZGRn/GBgY/xcXF/8YGBj/GRkZ/xkZGf8ZGRn/GRkZ/xkZGf8ZGRn/GRkZ/xkZGf8ZGRn/GRkZ/xgYGP8YGBj/FxcX/xcXF/8XFxf/GBgY/xoaGv8cHBz/HR0d/x8fH/8fHx//ICAg/yAgIP8hISH/ICAg/x0dHf8bGxv/Ghoa/xkZGf8ZGRn/GRkZ/xoaGv8aGhr/Ghoa/xoaGv8bGxv/HBwc/xwcHP8bGxv/Ghoa/xkZGf8ZGRn/GRkZ/xoaGv8bGxv/HBwc/x4eHv8fHx//ICAg/yEhIf8fHx//Hh4e/x0dHf8dHR3/HBwc/xwcHP8cHBz/HBwc/xwcHP8dHR3/HR0d/x0dHf8dHR3/HR0d/x0dHf8cHBz/HBwc/xsbG/8bGxv/Ghoa/xoaGv8bGxv/HR0d/x4eHv8gICD/ISEh/yQkJP8jIyP/IiIi/yEhIf8gICD/ICAg/x4eHv8eHh7/HBwc/xsbG/8bGxv/Gxsb/xsbG/8bGxv/Gxsb/xsbG/8bGxv/HBwc/xwcHP8dHR3/HR0d/x0dHf8dHR3/HBwc/xwcHP8eHh7/Hh4e/x8fH/8gICD/ISEh/yEhIf8hISH/ISEh/yAgIP8fHx//Hh4e/xwcHP8cHBz/HBwc/xwcHP8dHR3/HR0d/x4eHv8eHh7/Hx8f/x8fH/8eHh7/Hh4e/x4eHv8eHh7/Hx8f/x8fH/8fHx//ICAg/yAgIP8gICD/ICAg/yAgIP8gICD/ICAg/yAgIP8gICD/ICAg/x8fH/8fHx//Hx8f/x8fH/8fHx//Hx8f/x8fH/8fHx//Hx8f/x8fH/8fHx//Hx8f/x8fH/8fHx//Hx8f/yAgIP8gICD/ICAg/yAgIP8gICD/ICAg/yEhIf8hISH/ISEh/yAgIP8gICD/Hx8f/x8fH/8fHx//Hx8f/x8fH/8fHx//Hx8f/x4eHv8dHR3/Hh4e/x8fH/8gICD/ICAg/yAgIP8gICD/ICAg/yAgIP8gICD/ICAg/yAgIP8hISH/IiIi/yIiIv8iIiL/IyMj/yQkJP8kJCT/JSUl/yUlJf8kJCT/JCQk/yQkJP8kJCT/JCQk/yQkJP8kJCT/JSUl/yQkJP8jIyP/IiIi/yEhIf8hISH/IiIi/yIiIv8iIiL/IiIi/yQkJP8kJCT/JSUl/yUlJf8lJSX/JCQk/yIiIv8hISH/IiIi/yMjI/8kJCT/JSUl/yUlJf8mJib/JiYm/yYmJv8mJib/JSUl/yUlJf8mJib/JiYm/ycnJ/8mJib/JSUl/yQkJP8lJSX/JiYm/ycnJ/8oKCj/Jycn/yYmJv8lJSX/IyMj/yMjI/8kJCT/IyMj/yEhIf8hISH/ISEh/yIiIv8jIyP/JCQk/yQkJP8kJCT/JSUl/yYmJv8mJib/cHBw/2hoaP9fX1//VlZW/0tLS/9UVFT/Y2Nj/2pqav90dHT/dXV1/3Jycv9wcHD/ampq/2lpaf9qamr/a2tr/2xsbP9tbW3/ZmZm/19fX/9aWlr/U1NT/1hYWP9fX1//a2tr/3x8fP9zc3P/Xl5e/1VVVf9HR0f/RERE/0dHR/9JSUn/TU1N/1BQUP9UVFT/WFhY/2JiYv9ra2v/a2tr/2tra/9kZGT/Wlpa/2RkZP91dXX/bW1t/1paWv9QUFD/QkJC/z8/P/9DQ0P/R0dH/1JSUv9cXFz/bm5u/3t7e/9wcHD/ZGRk/1lZWf9LS0v/U1NT/15eXv9paWn/enp6/3Jycv9eXl7/WFhY/1RUVP9UVFT/WFhY/1tbW/9gYGD/YmJi/2BgYP9fX1//YWFh/2RkZP9fX1//Wlpa/2lpaf9/f3//hYWF/42Njf9/f3//YGBg/1VVVf9LS0v/SUlJ/09PT/9RUVH/T09P/1BQUP9bW1v/Y2Nj/1paWv9QUFD/WFhY/2FhYf9hYWH/YWFh/2VlZf9tbW3/Z2dn/1hYWP9VVVX/V1dX/1hYWP9aWlr/Xl5e/2tra/9zc3P/b29v/2pqav9jY2P/W1tb/19fX/9jY2P/YmJi/19fX/9cXFz/VlZW/1tbW/9oaGj/ampq/2VlZf9jY2P/YGBg/2FhYf9oaGj/bGxs/2lpaf9mZmb/aWlp/2tra/9nZ2f/YmJi/11dXf9UVFT/VVVV/1hYWP9YWFj/VlZW/1tbW/9paWn/cHBw/3h4eP99fX3/g4OD/4eHh/9+fn7/dnZ2/3x8fP+Dg4P/bGxs/05OTv9LS0v/SEhI/0pKSv9OTk7/TU1N/0tLS/9LS0v/TExM/1JSUv9mZmb/cnJy/3h4eP97e3v/cHBw/2ZmZv9kZGT/YmJi/2BgYP9eXl7/YmJi/2dnZ/9gYGD/UlJS/09PT/9OTk7/TU1N/0tLS/9LS0v/S0tL/0tLS/9JSUn/R0dH/0hISP9ISEj/SUlJ/0lJSf9SUlL/X19f/2JiYv9mZmb/Y2Nj/1paWv9VVVX/S0tL/0hISP9HR0f/R0dH/0xMTP9PT0//U1NT/1dXV/9YWFj/WVlZ/1VVVf9QUFD/TU1N/0pKSv9FRUX/PT09/z4+Pv9DQ0P/QkJC/z8/P/8+Pj7/QEBA/0VFRf9UVFT/YGBg/3h4eP+Kior/eHh4/2ZmZv9aWlr/TExM/01NTf9QUFD/VVVV/15eXv9eXl7/XV1d/15eXv9jY2P/YWFh/1ZWVv9RUVH/TU1N/0pKSv9JSUn/SEhI/0tLS/9NTU3/VFRU/11dXf9gYGD/ZmZm/2NjY/9eXl7/V1dX/0tLS/9FRUX/Ojo6/zY2Nv81NTX/NDQ0/zIyMv8xMTH/MjIy/zMzM/86Ojr/QUFB/0VFRf9KSkr/S0tL/0xMTP9ISEj/QEBA/zw8PP83Nzf/NjY2/zU1Nf83Nzf/PDw8/0BAQP9HR0f/S0tL/0pKSv9KSkr/VFRU/15eXv9dXV3/XFxc/1tbW/9ZWVn/Tk5O/zs7O/82Njb/MTEx/zExMf8xMTH/MzMz/zg4OP86Ojr/Ojo6/zk5Of83Nzf/NTU1/zU1Nf81NTX/ODg4/zs7O/82Njb/Ly8v/y0tLf8rKyv/LCws/zAwMP8xMTH/MjIy/zQ0NP83Nzf/OTk5/zg4OP82Njb/MDAw/ysrK/8uLi7/MTEx/zQ0NP84ODj/Ozs7/z8/P/8/Pz//PT09/z09Pf8+Pj7/Pz8//0BAQP9AQED/Pz8//z09Pf85OTn/Nzc3/zc3N/9BQUH/Pj4+/zw8PP86Ojr/NjY2/zk5Of89PT3/Pz8//0FBQf9FRUX/TExM/1JSUv9eXl7/YWFh/1tbW/9YWFj/WVlZ/1tbW/9paWn/d3d3/2xsbP9gYGD/V1dX/0tLS/9QUFD/WFhY/1paWv9dXV3/YGBg/2dnZ/9oaGj/ZmZm/2JiYv9SUlL/SkpK/09PT/9TU1P/VVVV/1hYWP9TU1P/TU1N/01NTf9OTk7/V1dX/2dnZ/9kZGT/W1tb/1lZWf9YWFj/VlZW/1JSUv9RUVH/VFRU/1dXV/9aWlr/XFxc/1hYWP9VVVX/Y2Nj/3R0dP9qamr/W1tb/1BQUP8/Pz//PT09/z09Pf9AQED/R0dH/0lJSf9ISEj/SEhI/05OTv9RUVH/T09P/05OTv9WVlb/Xl5e/1tbW/9XV1f/V1dX/1dXV/9OTk7/Pj4+/zw8PP86Ojr/Ozs7/z8/P/9AQED/QEBA/0JCQv9KSkr/UFBQ/1ZWVv9bW1v/XV1d/19fX/9XV1f/TU1N/0ZGRv87Ozv/Ojo6/zo6Ov86Ojr/Ozs7/zo6Ov83Nzf/NTU1/zExMf8uLi7/Kysr/yoqKv8tLS3/MDAw/zw8PP9ISEj/W1tb/3Nzc/9qamr/W1tb/1tbW/9dXV3/WFhY/01NTf9ISEj/QkJC/0BAQP9AQED/QkJC/0pKSv9QUFD/WFhY/19fX/9cXFz/WVlZ/1hYWP9XV1f/U1NT/01NTf9JSUn/RERE/z8/P/84ODj/Nzc3/zw8PP88PDz/OTk5/zg4OP8/Pz//RUVF/1NTU/9gYGD/YmJi/2RkZP9eXl7/VlZW/1JSUv9MTEz/S0tL/0tLS/9MTEz/Tk5O/0tLS/9CQkL/Pz8//z8/P/8/Pz//QUFB/0NDQ/9CQkL/QUFB/01NTf9bW1v/X19f/2NjY/9cXFz/UVFR/1BQUP9SUlL/UlJS/1FRUf9SUlL/VlZW/1paWv9hYWH/YWFh/1JSUv9GRkb/Pz8//zc3N/84ODj/ODg4/zg4OP84ODj/OTk5/zo6Ov89PT3/Q0ND/0dHR/9PT0//U1NT/1tbW/9aWlr/S0tL/0JCQv89PT3/Ojo6/z09Pf9AQED/QkJC/0RERP9BQUH/PT09/z8/P/9CQkL/Q0ND/0VFRf9LS0v/WFhY/19fX/9qamr/a2tr/2FhYf9aWlr/VlZW/1JSUv9YWFj/Xl5e/2FhYf9lZWX/Wlpa/0lJSf9ISEj/R0dH/0hISP9MTEz/Tk5O/1JSUv9SUlL/T09P/05OTv9PT0//UVFR/1paWv9iYmL/Y2Nj/2RkZP9jY2P/Y2Nj/1hYWP9KSkr/S0tL/1BQUP9WVlb/Y2Nj/2RkZP9fX1//X19f/2dnZ/9paWn/ZGRk/2NjY/9paWn/b29v/29vb/9vb2//ZWVl/1lZWf9kZGT/dXV1/39/f/+Ojo7/hoaG/3Nzc/9sbGz/ZGRk/19fX/9ZWVn/VVVV/1FRUf9QUFD/VFRU/1lZWf9dXV3/YmJi/2ZmZv9sbGz/bm5u/3Jycv9ubm7/Z2dn/2lpaf9wcHD/bGxs/15eXv9aWlr/W1tb/1tbW/9aWlr/WVlZ/1tbW/9dXV3/YWFh/2dnZ/9oaGj/a2tr/2dnZ/9iYmL/Z2dn/3Fxcf9vb2//Z2dn/2ZmZv9oaGj/Z2dn/2BgYP9dXV3/YGBg/2FhYf9UVFT/R0dH/1BQUP9ZWVn/XV1d/2FhYf9qamr/d3d3/3d3d/9zc3P/cXFx/25ubv9ubm7/bm5u/21tbf9mZmb/Y2Nj/2dnZ/9qamr/bW1t/yQkJP8kJCT/IyMj/yMjI/8iIiL/IyMj/yQkJP8kJCT/JSUl/yUlJf8nJyf/Jycn/yUlJf8lJSX/JCQk/yQkJP8lJSX/JSUl/yUlJf8lJSX/JSUl/yQkJP8kJCT/JCQk/yUlJf8mJib/JiYm/yYmJv8lJSX/JSUl/yUlJf8lJSX/JCQk/yMjI/8hISH/ICAg/x8fH/8gICD/ISEh/yMjI/8lJSX/KSkp/y0tLf8vLy//MDAw/zExMf8zMzP/MzMz/zMzM/8yMjL/MjIy/zMzM/80NDT/NjY2/zY2Nv82Njb/NjY2/zY2Nv81NTX/NDQ0/zQ0NP80NDT/NDQ0/zU1Nf81NTX/Nzc3/zc3N/84ODj/ODg4/zg4OP84ODj/Nzc3/zY2Nv81NTX/NDQ0/zQ0NP81NTX/NjY2/zg4OP83Nzf/NTU1/zMzM/8wMDD/MDAw/zIyMv80NDT/NjY2/zY2Nv81NTX/NTU1/zU1Nf81NTX/NTU1/zQ0NP80NDT/NDQ0/zQ0NP80NDT/NDQ0/zQ0NP81NTX/NjY2/zU1Nf8zMzP/MjIy/zAwMP8wMDD/MDAw/zAwMP8xMTH/MjIy/zMzM/80NDT/NDQ0/zQ0NP80NDT/NTU1/zY2Nv82Njb/Nzc3/zk5Of86Ojr/Ozs7/zw8PP8+Pj7/Pz8//z8/P/8/Pz//QEBA/0BAQP8/Pz//Pj4+/zw8PP85OTn/OTk5/zk5Of85OTn/OTk5/zg4OP84ODj/OTk5/zs7O/88PDz/Ozs7/zs7O/85OTn/OTk5/zo6Ov87Ozv/PDw8/z09Pf8+Pj7/QEBA/0BAQP9AQED/Pz8//z09Pf89PT3/PT09/zw8PP86Ojr/OTk5/zY2Nv81NTX/NTU1/zU1Nf8zMzP/MjIy/zIyMv8zMzP/MjIy/zExMf8wMDD/Ly8v/y8vL/8vLy//MDAw/zIyMv8zMzP/NDQ0/zQ0NP81NTX/NTU1/zY2Nv83Nzf/NTU1/zQ0NP80NDT/MzMz/zIyMv8wMDD/MDAw/zAwMP8wMDD/Ly8v/zAwMP8xMTH/MTEx/zExMf8xMTH/MTEx/zExMf8wMDD/MDAw/zExMf8yMjL/MjIy/zIyMv8xMTH/MDAw/zExMf8yMjL/MTEx/y8vL/8vLy//Ly8v/zAwMP8wMDD/Ly8v/y4uLv8tLS3/Li4u/y8vL/8wMDD/MTEx/zIyMv8yMjL/MTEx/zExMf8xMTH/MTEx/zExMf8wMDD/MDAw/zAwMP8wMDD/MDAw/zAwMP8vLy//Ly8v/y8vL/8vLy//MDAw/zAwMP8xMTH/MTEx/zExMf8wMDD/MDAw/y8vL/8vLy//MDAw/zAwMP8wMDD/MDAw/zAwMP8wMDD/MDAw/zAwMP8wMDD/MDAw/zAwMP8wMDD/Ly8v/y8vL/8vLy//Li4u/y4uLv8vLy//Ly8v/y8vL/8wMDD/MjIy/zMzM/81NTX/NjY2/zY2Nv82Njb/NjY2/zc3N/84ODj/OTk5/zc3N/80NDT/NTU1/zU1Nf81NTX/NjY2/zY2Nv83Nzf/Ojo6/z4+Pv8+Pj7/PDw8/zw8PP89PT3/Pz8//z8/P/9BQUH/RUVF/0lJSf9HR0f/RERE/0BAQP88PDz/Ozs7/zs7O/8/Pz//R0dH/0pKSv9QUFD/VlZW/2FhYf9kZGT/YGBg/1tbW/9NTU3/RERE/0JCQv9AQED/RkZG/01NTf9QUFD/U1NT/01NTf9ERET/QkJC/0FBQf9BQUH/QUFB/0NDQ/9ISEj/TExM/1RUVP9XV1f/VVVV/1JSUv9JSUn/FBQU/xQUFP8UFBT/FBQU/xQUFP8UFBT/FBQU/xUVFf8VFRX/FRUV/xUVFf8VFRX/FRUV/xUVFf8VFRX/FRUV/xUVFf8VFRX/FRUV/xUVFf8UFBT/FBQU/xQUFP8UFBT/FBQU/xQUFP8VFRX/FRUV/xUVFf8VFRX/FRUV/xUVFf8VFRX/FhYW/xYWFv8WFhb/FhYW/xUVFf8VFRX/FRUV/xUVFf8VFRX/FhYW/xYWFv8WFhb/FhYW/xYWFv8WFhb/FRUV/xUVFf8VFRX/FRUV/xUVFf8WFhb/FhYW/xYWFv8WFhb/FhYW/xYWFv8WFhb/FhYW/xYWFv8XFxf/FxcX/xcXF/8XFxf/FhYW/xYWFv8WFhb/FhYW/xcXF/8XFxf/GBgY/xgYGP8YGBj/GBgY/xgYGP8XFxf/FxcX/xcXF/8YGBj/GBgY/xgYGP8YGBj/GBgY/xgYGP8YGBj/GBgY/xgYGP8YGBj/GBgY/xcXF/8XFxf/FxcX/xcXF/8XFxf/GBgY/xoaGv8aGhr/Gxsb/xwcHP8cHBz/HBwc/xwcHP8cHBz/Ghoa/xkZGf8ZGRn/GBgY/xgYGP8YGBj/GRkZ/xkZGf8ZGRn/GRkZ/xkZGf8aGhr/GRkZ/xkZGf8ZGRn/GBgY/xgYGP8YGBj/GRkZ/xoaGv8bGxv/HBwc/xwcHP8dHR3/HR0d/xwcHP8cHBz/Gxsb/xsbG/8aGhr/Ghoa/xoaGv8aGhr/Gxsb/xwcHP8bGxv/Ghoa/xoaGv8bGxv/Gxsb/xsbG/8bGxv/Gxsb/xoaGv8aGhr/Ghoa/xsbG/8cHBz/HR0d/x4eHv8fHx//ICAg/yAgIP8gICD/ICAg/yAgIP8fHx//Hh4e/x0dHf8cHBz/HBwc/xwcHP8cHBz/HBwc/xwcHP8cHBz/HBwc/xwcHP8dHR3/HR0d/x0dHf8dHR3/HR0d/x0dHf8dHR3/HR0d/x4eHv8fHx//ICAg/yAgIP8hISH/IiIi/yIiIv8iIiL/ICAg/x8fH/8eHh7/HR0d/x0dHf8dHR3/HR0d/xwcHP8dHR3/Hh4e/x4eHv8eHh7/Hh4e/x4eHv8dHR3/Hh4e/x4eHv8eHh7/Hh4e/x8fH/8fHx//ICAg/yEhIf8hISH/IiIi/yIiIv8hISH/ISEh/yAgIP8gICD/Hx8f/x8fH/8fHx//Hh4e/x4eHv8eHh7/Hx8f/yAgIP8fHx//Hx8f/x8fH/8eHh7/Hh4e/x4eHv8eHh7/Hh4e/x4eHv8eHh7/Hh4e/yAgIP8hISH/IiIi/yIiIv8jIyP/IyMj/yIiIv8hISH/ICAg/x8fH/8fHx//Hx8f/x8fH/8fHx//Hx8f/x4eHv8eHh7/Hx8f/x8fH/8fHx//Hx8f/x8fH/8fHx//Hx8f/x8fH/8fHx//Hx8f/yAgIP8hISH/ISEh/yEhIf8iIiL/IyMj/yIiIv8iIiL/ISEh/yEhIf8hISH/ISEh/yEhIf8hISH/ISEh/yIiIv8iIiL/IiIi/yIiIv8iIiL/IiIi/yIiIv8jIyP/IiIi/yAgIP8gICD/ICAg/yEhIf8iIiL/IiIi/yMjI/8iIiL/IiIi/yEhIf8iIiL/IyMj/yQkJP8lJSX/JSUl/yUlJf8lJSX/JCQk/yQkJP8jIyP/JCQk/yQkJP8kJCT/JSUl/yUlJf8lJSX/JSUl/yUlJf8lJSX/JSUl/yUlJf8lJSX/JSUl/yUlJf8kJCT/JCQk/yUlJf8kJCT/ISEh/yEhIf8hISH/ISEh/yIiIv8jIyP/IyMj/yQkJP8kJCT/JSUl/yUlJf9ISEj/RkZG/0NDQ/9ERET/RkZG/1JSUv9lZWX/bW1t/3l5ef9xcXH/WVlZ/1FRUf9KSkr/SEhI/0dHR/9JSUn/UlJS/1lZWf9dXV3/YWFh/1VVVf9ISEj/SUlJ/0tLS/9fX1//f39//3d3d/9iYmL/WFhY/0tLS/9HR0f/RkZG/0dHR/9KSkr/S0tL/0hISP9GRkb/SUlJ/0xMTP9PT0//UlJS/09PT/9LS0v/U1NT/2FhYf9eXl7/VVVV/0xMTP87Ozv/Nzc3/zs7O/8/Pz//RkZG/0tLS/9SUlL/VlZW/1BQUP9JSUn/QkJC/zo6Ov9AQED/SEhI/01NTf9WVlb/UlJS/0hISP9CQkL/Nzc3/zc3N/9AQED/SEhI/1lZWf9kZGT/YWFh/19fX/9kZGT/aWlp/1tbW/9KSkr/UlJS/15eXv9zc3P/lJSU/4eHh/9kZGT/VlZW/0VFRf8+Pj7/Ojo6/zg4OP85OTn/Ozs7/0JCQv9ISEj/Q0ND/z8/P/9MTEz/XFxc/1tbW/9ZWVn/WFhY/1dXV/9TU1P/SkpK/0dHR/9FRUX/SEhI/1FRUf9WVlb/XFxc/15eXv9UVFT/TExM/0lJSf9HR0f/S0tL/1FRUf9TU1P/V1dX/1ZWVv9WVlb/VVVV/1RUVP9RUVH/SkpK/0hISP9ISEj/SEhI/0dHR/9GRkb/RERE/0NDQ/9OTk7/Wlpa/1VVVf9QUFD/T09P/01NTf9NTU3/T09P/01NTf9KSkr/SkpK/0lJSf9MTEz/WFhY/2FhYf9vb2//eHh4/21tbf9jY2P/bGxs/3Z2dv9gYGD/QkJC/0BAQP8+Pj7/RERE/05OTv9PT0//TExM/0lJSf9FRUX/R0dH/1RUVP9cXFz/YWFh/2RkZP9jY2P/YmJi/1ZWVv9JSUn/SkpK/0tLS/9WVlb/Z2dn/2JiYv9WVlb/UFBQ/0lJSf9GRkb/QkJC/0JCQv9ERET/RUVF/0JCQv8/Pz//Pj4+/z4+Pv8/Pz//QUFB/0pKSv9WVlb/WFhY/1lZWf9UVFT/SkpK/0dHR/9DQ0P/QkJC/0NDQ/9ERET/RERE/0ZGRv9PT0//VlZW/1paWv9fX1//U1NT/0ZGRv8/Pz//NTU1/zQ0NP8yMjL/NDQ0/zc3N/84ODj/Nzc3/zc3N/84ODj/OTk5/z09Pf9CQkL/S0tL/1NTU/9TU1P/U1NT/0tLS/9CQkL/RkZG/0tLS/9VVVX/ZGRk/2BgYP9WVlb/VVVV/1hYWP9XV1f/UVFR/05OTv9LS0v/SkpK/0pKSv9KSkr/R0dH/0NDQ/9ISEj/Tk5O/1dXV/9kZGT/X19f/1VVVf9MTEz/PDw8/zc3N/8xMTH/Li4u/ywsLP8rKyv/KSkp/ygoKP8pKSn/Kioq/zExMf85OTn/Pz8//0ZGRv9JSUn/TU1N/0dHR/88PDz/ODg4/zExMf8wMDD/MTEx/zAwMP8vLy//Li4u/y8vL/8wMDD/Ozs7/0VFRf9SUlL/X19f/1lZWf9SUlL/R0dH/zc3N/8yMjL/LCws/ywsLP8tLS3/Li4u/zAwMP8zMzP/ODg4/zo6Ov85OTn/ODg4/zc3N/83Nzf/ODg4/zk5Of89PT3/Q0ND/zw8PP8zMzP/Ly8v/ysrK/8qKir/Kysr/ywsLP8tLS3/Ly8v/zMzM/80NDT/Ly8v/ysrK/8oKCj/JiYm/ycnJ/8pKSn/Kysr/y8vL/80NDT/PT09/zw8PP85OTn/ODg4/zY2Nv82Njb/Nzc3/zg4OP82Njb/NTU1/zExMf8vLy//Ly8v/zc3N/84ODj/Ojo6/zg4OP81NTX/NjY2/zk5Of87Ozv/Pz8//0NDQ/9ISEj/SUlJ/0dHR/9FRUX/RERE/0RERP9ISEj/TExM/1BQUP9TU1P/UFBQ/0xMTP9FRUX/PDw8/z4+Pv9CQkL/RkZG/01NTf9MTEz/SEhI/0hISP9NTU3/TExM/0NDQ/8+Pj7/QUFB/0NDQ/9CQkL/QkJC/0VFRf9ISEj/SUlJ/0pKSv9PT0//V1dX/1RUVP9NTU3/UFBQ/1paWv9bW1v/VlZW/1FRUf9GRkb/QEBA/0JCQv9DQ0P/RkZG/0lJSf9VVVX/YmJi/1tbW/9QUFD/R0dH/zg4OP84ODj/Ozs7/z09Pf8/Pz//QEBA/z4+Pv8+Pj7/Pz8//z8/P/8/Pz//Pz8//0dHR/9PT0//TU1N/0tLS/9KSkr/SEhI/0RERP8+Pj7/PDw8/zk5Of85OTn/ODg4/zo6Ov9AQED/RUVF/1BQUP9WVlb/WFhY/1hYWP9QUFD/R0dH/0FBQf86Ojr/Ojo6/zk5Of83Nzf/NDQ0/zQ0NP8zMzP/MjIy/y8vL/8tLS3/LCws/yoqKv8nJyf/JiYm/ykpKf8sLCz/Nzc3/0NDQ/9QUFD/YWFh/1lZWf9NTU3/SEhI/0JCQv9BQUH/QkJC/0RERP9JSUn/SkpK/0ZGRv9DQ0P/PDw8/zk5Of8/Pz//RUVF/0ZGRv9ISEj/T09P/1hYWP9QUFD/RUVF/0NDQ/9AQED/PT09/zg4OP84ODj/PDw8/zs7O/82Njb/NjY2/z8/P/9GRkb/U1NT/2BgYP9fX1//X19f/1lZWf9SUlL/SkpK/z4+Pv89PT3/Pj4+/0JCQv9MTEz/S0tL/0FBQf89PT3/PDw8/zs7O/86Ojr/Ojo6/zo6Ov86Ojr/QEBA/0ZGRv9GRkb/R0dH/0ZGRv9ERET/RkZG/0tLS/9MTEz/SkpK/0xMTP9SUlL/V1dX/2NjY/9nZ2f/V1dX/0pKSv9AQED/NjY2/zU1Nf80NDT/NDQ0/zQ0NP82Njb/Ojo6/z09Pf9DQ0P/SEhI/1NTU/9aWlr/ZGRk/2RkZP9QUFD/RUVF/z4+Pv85OTn/Pz8//0RERP9ISEj/Tk5O/0hISP9AQED/QEBA/z8/P/9BQUH/RERE/0lJSf9UVFT/XV1d/3BwcP90dHT/ZGRk/1paWv9XV1f/VFRU/1lZWf9fX1//ZGRk/2tra/9aWlr/QkJC/0FBQf9BQUH/Q0ND/0dHR/9JSUn/SkpK/0xMTP9PT0//Tk5O/0hISP9FRUX/RERE/0RERP9QUFD/XFxc/2BgYP9mZmb/WVlZ/0dHR/9GRkb/R0dH/0pKSv9RUVH/UFBQ/0hISP9FRUX/QUFB/0BAQP9GRkb/SkpK/1JSUv9ZWVn/ZmZm/3R0dP9jY2P/Tk5O/1BQUP9UVFT/YGBg/3R0dP93d3f/eXl5/3Jycv9hYWH/WFhY/09PT/9KSkr/RERE/0BAQP9DQ0P/RkZG/0ZGRv9GRkb/TExM/1RUVP9dXV3/a2tr/2NjY/9VVVX/U1NT/1VVVf9SUlL/SkpK/0hISP9JSUn/SEhI/0JCQv9AQED/SUlJ/1FRUf9RUVH/UVFR/1BQUP9OTk7/SkpK/0NDQ/9GRkb/TExM/09PT/9SUlL/VlZW/2BgYP9iYmL/YGBg/2BgYP9lZWX/ZmZm/1RUVP9CQkL/UlJS/2NjY/9qamr/cnJy/3V1df95eXn/dXV1/21tbf9jY2P/UFBQ/01NTf9SUlL/UlJS/0lJSf9GRkb/Tk5O/1JSUv9NTU3/IyMj/yMjI/8jIyP/IyMj/yIiIv8jIyP/JCQk/yQkJP8jIyP/JCQk/yUlJf8lJSX/JSUl/yUlJf8kJCT/JCQk/yQkJP8kJCT/JCQk/yQkJP8kJCT/IyMj/yMjI/8iIiL/IiIi/yMjI/8jIyP/IyMj/yMjI/8jIyP/IyMj/yIiIv8iIiL/ISEh/yAgIP8fHx//Hh4e/x8fH/8gICD/ISEh/yMjI/8mJib/Kysr/ywsLP8vLy//MDAw/zIyMv8xMTH/MDAw/zAwMP8wMDD/MDAw/zIyMv8zMzP/NDQ0/zQ0NP8zMzP/MjIy/zIyMv8yMjL/MjIy/zExMf8xMTH/MDAw/zExMf8yMjL/MjIy/zQ0NP80NDT/NTU1/zU1Nf8zMzP/MjIy/zIyMv8yMjL/MjIy/zIyMv8zMzP/NDQ0/zQ0NP80NDT/MjIy/y4uLv8vLy//MTEx/zIyMv80NDT/NTU1/zMzM/8zMzP/NDQ0/zU1Nf8zMzP/MTEx/zExMf8xMTH/MTEx/zExMf8wMDD/Ly8v/zAwMP8xMTH/MDAw/y4uLv8uLi7/LS0t/y0tLf8tLS3/LS0t/y8vL/8wMDD/MTEx/zIyMv8yMjL/MjIy/zIyMv8zMzP/MzMz/zIyMv8yMjL/MzMz/zQ0NP83Nzf/OTk5/zs7O/88PDz/Ojo6/zo6Ov87Ozv/Ozs7/zo6Ov85OTn/ODg4/zc3N/83Nzf/ODg4/zY2Nv80NDT/NDQ0/zU1Nf82Njb/OTk5/zo6Ov85OTn/OTk5/zg4OP83Nzf/ODg4/zk5Of84ODj/Nzc3/zk5Of88PDz/PDw8/z09Pf88PDz/Ojo6/zo6Ov87Ozv/Ojo6/zg4OP83Nzf/NDQ0/zMzM/8zMzP/MzMz/zExMf8wMDD/MTEx/zIyMv8xMTH/MDAw/y8vL/8uLi7/Li4u/y8vL/8wMDD/MjIy/zMzM/80NDT/NTU1/zc3N/84ODj/Ojo6/zo6Ov83Nzf/NDQ0/zMzM/8zMzP/MTEx/y8vL/8vLy//MDAw/zAwMP8vLy//MDAw/zIyMv8yMjL/MzMz/zMzM/8yMjL/MjIy/zExMf8xMTH/MzMz/zQ0NP8zMzP/MjIy/zExMf8wMDD/MTEx/zIyMv8xMTH/Ly8v/y8vL/8vLy//Ly8v/y8vL/8vLy//LS0t/y0tLf8uLi7/Ly8v/zExMf8yMjL/MzMz/zQ0NP80NDT/MzMz/zMzM/8zMzP/MzMz/zIyMv8yMjL/MTEx/zExMf8zMzP/MzMz/zExMf8xMTH/MTEx/zExMf8yMjL/MjIy/zMzM/8zMzP/MzMz/zMzM/8yMjL/MDAw/zAwMP8xMTH/MTEx/zExMf8xMTH/MzMz/zMzM/8zMzP/MzMz/zIyMv8yMjL/MjIy/zIyMv8yMjL/MTEx/zExMf8wMDD/MDAw/zExMf8xMTH/MjIy/zMzM/81NTX/Nzc3/zo6Ov87Ozv/Ojo6/zk5Of86Ojr/Ozs7/z4+Pv9AQED/PDw8/zg4OP84ODj/Nzc3/zc3N/83Nzf/ODg4/zo6Ov88PDz/Pz8//z8/P/89PT3/PDw8/zs7O/87Ozv/Ozs7/zs7O/89PT3/Pz8//z4+Pv89PT3/PDw8/zs7O/87Ozv/Ozs7/z09Pf9AQED/Q0ND/0lJSf9LS0v/TExM/0xMTP9KSkr/SEhI/0NDQ/8/Pz//PT09/zw8PP9BQUH/RkZG/0hISP9KSkr/RUVF/z09Pf87Ozv/Ojo6/zo6Ov85OTn/OTk5/zs7O/89PT3/RERE/0ZGRv9ERET/QUFB/zw8PP8UFBT/FBQU/xQUFP8UFBT/FBQU/xQUFP8UFBT/FBQU/xQUFP8UFBT/FBQU/xQUFP8VFRX/FRUV/xQUFP8TExP/FBQU/xQUFP8VFRX/FRUV/xQUFP8TExP/ExMT/xQUFP8UFBT/FBQU/xQUFP8UFBT/FBQU/xUVFf8VFRX/FRUV/xUVFf8VFRX/FRUV/xYWFv8WFhb/FRUV/xUVFf8VFRX/FRUV/xUVFf8VFRX/FRUV/xUVFf8VFRX/FRUV/xUVFf8VFRX/FRUV/xUVFf8VFRX/FRUV/xUVFf8WFhb/FhYW/xYWFv8WFhb/FhYW/xYWFv8WFhb/FhYW/xcXF/8YGBj/FxcX/xYWFv8WFhb/FhYW/xYWFv8WFhb/FhYW/xYWFv8WFhb/FxcX/xcXF/8XFxf/FxcX/xcXF/8XFxf/FxcX/xcXF/8XFxf/FxcX/xcXF/8XFxf/FxcX/xgYGP8YGBj/FxcX/xcXF/8XFxf/FxcX/xcXF/8XFxf/FxcX/xcXF/8XFxf/GBgY/xgYGP8ZGRn/GRkZ/xkZGf8ZGRn/GRkZ/xkZGf8YGBj/GBgY/xgYGP8YGBj/GBgY/xgYGP8YGBj/GBgY/xgYGP8YGBj/GBgY/xgYGP8YGBj/GBgY/xgYGP8YGBj/GBgY/xgYGP8YGBj/GRkZ/xkZGf8aGhr/Ghoa/xoaGv8aGhr/Ghoa/xoaGv8aGhr/GRkZ/xkZGf8ZGRn/GRkZ/xkZGf8aGhr/Gxsb/xoaGv8YGBj/GBgY/xoaGv8aGhr/Ghoa/xoaGv8aGhr/Ghoa/xoaGv8aGhr/Ghoa/xsbG/8bGxv/HBwc/x0dHf8eHh7/Hh4e/x4eHv8fHx//ICAg/x8fH/8eHh7/HR0d/xwcHP8cHBz/HBwc/xwcHP8cHBz/HBwc/xwcHP8cHBz/HBwc/x0dHf8dHR3/HR0d/x0dHf8dHR3/HR0d/x0dHf8dHR3/Hx8f/x8fH/8gICD/ICAg/yEhIf8iIiL/IiIi/yIiIv8hISH/Hx8f/x4eHv8dHR3/HR0d/x0dHf8dHR3/HBwc/x0dHf8eHh7/Hh4e/x0dHf8dHR3/HR0d/x0dHf8eHh7/Hh4e/x4eHv8eHh7/Hh4e/x4eHv8fHx//ISEh/yIiIv8kJCT/IyMj/yIiIv8hISH/ICAg/yAgIP8fHx//Hx8f/x4eHv8eHh7/Hh4e/x4eHv8fHx//ICAg/yAgIP8fHx//Hx8f/x4eHv8eHh7/Hh4e/x0dHf8cHBz/HBwc/xwcHP8dHR3/ICAg/yEhIf8iIiL/IyMj/yQkJP8lJSX/IyMj/yIiIv8hISH/Hx8f/x8fH/8fHx//Hx8f/x8fH/8fHx//Hx8f/x8fH/8fHx//Hx8f/x8fH/8fHx//Hx8f/x8fH/8eHh7/Hh4e/x8fH/8fHx//Hx8f/yAgIP8gICD/ISEh/yEhIf8iIiL/ISEh/x8fH/8fHx//Hx8f/x8fH/8eHh7/Hh4e/x8fH/8fHx//ICAg/yAgIP8gICD/ISEh/yIiIv8jIyP/IyMj/yMjI/8iIiL/Hx8f/x8fH/8eHh7/Hh4e/yAgIP8gICD/ISEh/yEhIf8hISH/ISEh/yIiIv8jIyP/JCQk/yUlJf8lJSX/JCQk/yQkJP8jIyP/IyMj/yIiIv8iIiL/IyMj/yMjI/8jIyP/IyMj/yQkJP8lJSX/JCQk/yQkJP8jIyP/IyMj/yQkJP8lJSX/JSUl/yQkJP8lJSX/JiYm/yQkJP8hISH/ISEh/yEhIf8hISH/IiIi/yIiIv8jIyP/IyMj/yQkJP8kJCT/IyMj/zw8PP8/Pz//QkJC/0VFRf9JSUn/VVVV/2hoaP9vb2//eHh4/3BwcP9bW1v/UVFR/0VFRf9AQED/QkJC/0RERP9KSkr/T09P/09PT/9OTk7/TExM/0lJSf9LS0v/Tk5O/1hYWP9nZ2f/YWFh/1FRUf9MTEz/SEhI/0ZGRv9DQ0P/QUFB/z8/P/8+Pj7/PT09/zw8PP88PDz/PT09/z09Pf89PT3/PDw8/zw8PP9CQkL/TExM/0pKSv9ERET/Pz8//zY2Nv82Njb/Ozs7/0BAQP9MTEz/UlJS/1BQUP9OTk7/SEhI/0JCQv89PT3/ODg4/z8/P/9KSkr/U1NT/2FhYf9ZWVn/RkZG/0FBQf88PDz/Pj4+/0hISP9QUFD/X19f/2ZmZv9bW1v/UlJS/1BQUP9OTk7/SEhI/0FBQf9GRkb/Tk5O/1paWv9tbW3/ZGRk/0xMTP9ERET/PT09/zk5Of8zMzP/MTEx/zMzM/81NTX/ODg4/zs7O/84ODj/NDQ0/zw8PP9FRUX/RkZG/0ZGRv9GRkb/R0dH/0RERP8+Pj7/PT09/z09Pf89PT3/QEBA/0FBQf9DQ0P/RERE/0BAQP89PT3/Pz8//0FBQf9ERET/SEhI/0hISP9HR0f/SUlJ/01NTf9LS0v/RERE/0BAQP86Ojr/ODg4/zk5Of86Ojr/PDw8/z09Pf86Ojr/ODg4/z4+Pv9ERET/QkJC/0BAQP8/Pz//Pj4+/z8/P/9CQkL/QUFB/zw8PP87Ozv/PDw8/z4+Pv9ERET/SEhI/09PT/9TU1P/Tk5O/0hISP9NTU3/UVFR/0ZGRv83Nzf/Nzc3/zY2Nv87Ozv/Q0ND/0NDQ/8+Pj7/Ozs7/zg4OP85OTn/Pz8//0NDQ/9FRUX/R0dH/0dHR/9GRkb/QUFB/zw8PP8/Pz//QkJC/0ZGRv9NTU3/SkpK/0VFRf9CQkL/PDw8/zo6Ov82Njb/NTU1/zg4OP85OTn/ODg4/zY2Nv82Njb/NjY2/zc3N/84ODj/Pj4+/0ZGRv9ERET/QkJC/z8/P/85OTn/ODg4/zg4OP83Nzf/ODg4/zg4OP84ODj/OTk5/z4+Pv9CQkL/RUVF/0hISP9BQUH/ODg4/zMzM/8tLS3/LCws/ysrK/8sLCz/Li4u/y4uLv8wMDD/MDAw/zAwMP8xMTH/MzMz/zU1Nf84ODj/Ojo6/zo6Ov86Ojr/Nzc3/zMzM/81NTX/ODg4/zw8PP9ERET/QkJC/z09Pf89PT3/Pz8//z4+Pv87Ozv/Ojo6/zk5Of85OTn/ODg4/zg4OP82Njb/NTU1/zk5Of89PT3/QkJC/0hISP9HR0f/Q0ND/z09Pf8zMzP/Ly8v/ywsLP8qKir/KCgo/yYmJv8lJSX/JCQk/yYmJv8nJyf/Kioq/y4uLv8wMDD/MzMz/zU1Nf82Njb/MzMz/y0tLf8sLCz/Kioq/ykpKf8qKir/Kioq/ygoKP8nJyf/Jycn/ygoKP8tLS3/MzMz/zk5Of8/Pz//PDw8/zk5Of80NDT/LS0t/ysrK/8oKCj/KCgo/ycnJ/8oKCj/KSkp/yoqKv8tLS3/Li4u/y4uLv8uLi7/LCws/ysrK/8sLCz/LS0t/zAwMP80NDT/MTEx/ywsLP8pKSn/JSUl/yUlJf8lJSX/JiYm/ycnJ/8oKCj/Kioq/yoqKv8nJyf/JSUl/yMjI/8iIiL/IyMj/yQkJP8lJSX/Jycn/yoqKv8vLy//Li4u/y0tLf8sLCz/Kysr/ysrK/8sLCz/LCws/ysrK/8rKyv/KSkp/ygoKP8oKCj/ODg4/zg4OP84ODj/ODg4/zc3N/84ODj/OTk5/zs7O/8/Pz//QUFB/0VFRf9GRkb/RERE/0NDQ/9CQkL/QkJC/0VFRf9HR0f/SEhI/0lJSf9HR0f/RERE/0BAQP87Ozv/PDw8/z09Pf8/Pz//QkJC/0FBQf8/Pz//Pz8//0JCQv9CQkL/Pj4+/z09Pf9AQED/QkJC/0FBQf9AQED/QkJC/0NDQ/9DQ0P/QkJC/0VFRf9JSUn/SEhI/0VFRf9GRkb/SkpK/0pKSv9ISEj/RUVF/0BAQP89PT3/Pj4+/z8/P/9AQED/QkJC/0hISP9PT0//S0tL/0VFRf9AQED/OTk5/zk5Of87Ozv/PDw8/z8/P/8/Pz//Pj4+/z09Pf89PT3/PDw8/zs7O/87Ozv/Pz8//0NDQ/9ERET/RUVF/0RERP9BQUH/Pj4+/zk5Of84ODj/Nzc3/zc3N/84ODj/OTk5/z09Pf9AQED/RUVF/0hISP9KSkr/S0tL/0VFRf9AQED/PDw8/zk5Of85OTn/OTk5/zg4OP81NTX/NDQ0/zMzM/8yMjL/MTEx/y8vL/8tLS3/LCws/ysrK/8rKyv/Li4u/zIyMv83Nzf/PDw8/0NDQ/9LS0v/SEhI/0NDQ/9CQkL/Q0ND/0JCQv9CQkL/RUVF/0tLS/9LS0v/RkZG/0JCQv87Ozv/NjY2/zo6Ov8+Pj7/QkJC/0ZGRv9JSUn/TExM/0VFRf86Ojr/OTk5/zc3N/82Njb/MzMz/zU1Nf85OTn/Ojo6/zU1Nf80NDT/Nzc3/zo6Ov9CQkL/SUlJ/0tLS/9NTU3/SEhI/0FBQf89PT3/Nzc3/zg4OP86Ojr/PT09/0NDQ/9DQ0P/Pj4+/zw8PP86Ojr/OTk5/zY2Nv80NDT/NDQ0/zQ0NP86Ojr/QEBA/z4+Pv88PDz/PT09/z8/P/9ERET/T09P/09PT/9LS0v/SkpK/0dHR/9ISEj/UFBQ/1RUVP9QUFD/TU1N/0BAQP8zMzP/MTEx/y4uLv8vLy//MTEx/zIyMv8zMzP/NDQ0/zY2Nv85OTn/QEBA/0ZGRv9QUFD/UFBQ/0RERP88PDz/OTk5/zY2Nv85OTn/Ozs7/z4+Pv9CQkL/QEBA/zw8PP88PDz/Ojo6/zw8PP9BQUH/RUVF/09PT/9WVlb/YWFh/2VlZf9gYGD/XFxc/1NTU/9LS0v/S0tL/0tLS/9RUVH/WFhY/05OTv8/Pz//QkJC/0hISP9JSUn/SkpK/0lJSf9ISEj/SUlJ/0tLS/9KSkr/QkJC/z4+Pv8/Pz//QEBA/0tLS/9WVlb/VVVV/1NTU/9KSkr/Pj4+/zw8PP87Ozv/PT09/0NDQ/9DQ0P/QkJC/0BAQP87Ozv/OTk5/z09Pf9AQED/RkZG/0tLS/9RUVH/WFhY/1FRUf9ISEj/TU1N/1VVVf9XV1f/WVlZ/1paWv9cXFz/WVlZ/1FRUf9OTk7/TExM/0pKSv9ERET/QEBA/0BAQP9BQUH/QEBA/z8/P/9BQUH/RERE/0pKSv9SUlL/UFBQ/0tLS/9KSkr/SkpK/0hISP9CQkL/Pz8//z09Pf88PDz/Ojo6/zk5Of8/Pz//RUVF/0ZGRv9HR0f/RkZG/0RERP9DQ0P/QUFB/0NDQ/9GRkb/RkZG/0ZGRv9KSkr/VFRU/1dXV/9TU1P/UVFR/1JSUv9SUlL/R0dH/z09Pf9JSUn/VVVV/1hYWP9cXFz/Xl5e/2FhYf9dXV3/VFRU/1BQUP9LS0v/SkpK/0xMTP9LS0v/RERE/0JCQv9ERET/RkZG/0FBQf8jIyP/IyMj/yQkJP8kJCT/JSUl/yUlJf8lJSX/JCQk/yIiIv8iIiL/IiIi/yIiIv8iIiL/IyMj/yMjI/8jIyP/IyMj/yMjI/8kJCT/JCQk/yQkJP8jIyP/IyMj/yMjI/8jIyP/IiIi/yIiIv8iIiL/IyMj/yMjI/8jIyP/IyMj/yMjI/8iIiL/IiIi/yEhIf8hISH/ISEh/yEhIf8hISH/IiIi/yYmJv8qKir/Kysr/y0tLf8tLS3/Ly8v/y8vL/8uLi7/Ly8v/y8vL/8wMDD/MDAw/zAwMP8xMTH/MTEx/zIyMv8yMjL/MjIy/zExMf8wMDD/Ly8v/y8vL/8uLi7/Ly8v/y8vL/8wMDD/MjIy/zIyMv8yMjL/MTEx/zAwMP8vLy//MDAw/zAwMP8xMTH/MTEx/zIyMv8zMzP/MzMz/zIyMv8xMTH/Ly8v/y8vL/8wMDD/MTEx/zIyMv8yMjL/MjIy/zIyMv8yMjL/MjIy/zExMf8wMDD/MDAw/y8vL/8vLy//Li4u/y4uLv8uLi7/Ly8v/zAwMP8wMDD/Li4u/y0tLf8tLS3/LS0t/y0tLf8uLi7/Li4u/y8vL/8vLy//MDAw/zAwMP8xMTH/MjIy/zIyMv8yMjL/MjIy/zIyMv8yMjL/MzMz/zU1Nf82Njb/Nzc3/zc3N/83Nzf/Nzc3/zg4OP84ODj/ODg4/zc3N/82Njb/NTU1/zQ0NP80NDT/MzMz/zMzM/8zMzP/MzMz/zQ0NP83Nzf/Nzc3/zY2Nv81NTX/NTU1/zU1Nf82Njb/NjY2/zY2Nv81NTX/NjY2/zc3N/84ODj/OTk5/zg4OP83Nzf/Nzc3/zg4OP83Nzf/NjY2/zU1Nf8zMzP/MjIy/zIyMv8xMTH/MDAw/y8vL/8wMDD/MDAw/y8vL/8uLi7/Li4u/y0tLf8uLi7/MDAw/zExMf8yMjL/MzMz/zU1Nf82Njb/Nzc3/zc3N/84ODj/Nzc3/zQ0NP8yMjL/MjIy/zExMf8vLy//Li4u/y4uLv8vLy//Ly8v/y4uLv8vLy//MDAw/zAwMP8wMDD/MDAw/zExMf8xMTH/MTEx/zIyMv8zMzP/NDQ0/zQ0NP80NDT/MjIy/zExMf8yMjL/MzMz/zIyMv8xMTH/MTEx/zExMf8xMTH/MTEx/zExMf8wMDD/Ly8v/y8vL/8vLy//MDAw/zIyMv8yMjL/MzMz/zMzM/8yMjL/MjIy/zIyMv8yMjL/MjIy/zIyMv8yMjL/MjIy/zIyMv8yMjL/MjIy/zIyMv8zMzP/MzMz/zMzM/8zMzP/MzMz/zQ0NP8zMzP/MjIy/zIyMv8yMjL/MjIy/zIyMv8yMjL/MjIy/zIyMv8yMjL/MjIy/zMzM/8zMzP/MzMz/zIyMv8yMjL/MjIy/zIyMv8xMTH/MTEx/zAwMP8xMTH/MjIy/zIyMv8xMTH/MjIy/zQ0NP82Njb/OTk5/zo6Ov87Ozv/Ozs7/z09Pf8+Pj7/Pj4+/z8/P/89PT3/Ozs7/zo6Ov84ODj/ODg4/zg4OP84ODj/OTk5/zo6Ov8+Pj7/Pj4+/z09Pf89PT3/PDw8/zw8PP89PT3/Pj4+/z4+Pv89PT3/PT09/zw8PP88PDz/Ozs7/zs7O/87Ozv/PDw8/z09Pf8+Pj7/QUFB/0NDQ/9ERET/RUVF/0NDQ/9CQkL/Pj4+/zw8PP87Ozv/Ozs7/z09Pf9AQED/QEBA/0FBQf8+Pj7/Ojo6/zk5Of83Nzf/Nzc3/zg4OP85OTn/Ozs7/zw8PP8/Pz//QEBA/z8/P/89PT3/Ojo6/xMTE/8TExP/ExMT/xQUFP8UFBT/FBQU/xQUFP8UFBT/FBQU/xMTE/8TExP/ExMT/xQUFP8UFBT/FBQU/xQUFP8UFBT/FBQU/xQUFP8UFBT/ExMT/xMTE/8TExP/FBQU/xQUFP8UFBT/FBQU/xMTE/8TExP/FBQU/xQUFP8UFBT/FBQU/xQUFP8UFBT/FBQU/xQUFP8UFBT/FBQU/xQUFP8UFBT/FBQU/xQUFP8UFBT/FBQU/xQUFP8UFBT/FBQU/xQUFP8UFBT/FBQU/xQUFP8UFBT/FRUV/xUVFf8VFRX/FRUV/xUVFf8VFRX/FRUV/xUVFf8VFRX/FhYW/xYWFv8WFhb/FRUV/xUVFf8VFRX/FRUV/xUVFf8VFRX/FRUV/xUVFf8VFRX/FRUV/xUVFf8VFRX/FhYW/xYWFv8XFxf/FxcX/xcXF/8XFxf/FhYW/xYWFv8WFhb/FhYW/xYWFv8WFhb/FhYW/xYWFv8WFhb/FhYW/xYWFv8XFxf/FxcX/xcXF/8XFxf/FxcX/xcXF/8XFxf/FxcX/xcXF/8XFxf/FxcX/xcXF/8XFxf/FxcX/xcXF/8XFxf/FxcX/xcXF/8XFxf/FxcX/xcXF/8XFxf/FxcX/xcXF/8XFxf/FxcX/xcXF/8XFxf/GBgY/xgYGP8YGBj/GBgY/xgYGP8YGBj/GRkZ/xkZGf8ZGRn/GRkZ/xkZGf8ZGRn/GRkZ/xkZGf8ZGRn/GRkZ/xkZGf8ZGRn/GRkZ/xkZGf8ZGRn/Ghoa/xoaGv8aGhr/Ghoa/xoaGv8aGhr/Ghoa/xoaGv8aGhr/Ghoa/xoaGv8bGxv/Gxsb/xsbG/8cHBz/HBwc/xwcHP8dHR3/HR0d/xwcHP8cHBz/Gxsb/xsbG/8bGxv/Gxsb/xsbG/8bGxv/Gxsb/xsbG/8cHBz/HBwc/xwcHP8cHBz/HBwc/xwcHP8dHR3/HR0d/x0dHf8dHR3/Hh4e/x4eHv8eHh7/Hx8f/x8fH/8fHx//Hx8f/x4eHv8dHR3/HR0d/xwcHP8cHBz/HBwc/xwcHP8cHBz/HBwc/x0dHf8dHR3/Hh4e/x0dHf8dHR3/HR0d/x0dHf8dHR3/HR0d/x0dHf8eHh7/Hh4e/x8fH/8fHx//ICAg/yEhIf8hISH/ISEh/yAgIP8gICD/Hx8f/x8fH/8fHx//Hh4e/x4eHv8eHh7/Hh4e/x4eHv8eHh7/Hh4e/x4eHv8eHh7/Hx8f/x8fH/8fHx//Hh4e/x4eHv8eHh7/Hh4e/x8fH/8gICD/ISEh/yIiIv8iIiL/IiIi/yMjI/8iIiL/ISEh/yEhIf8gICD/ICAg/yAgIP8gICD/ICAg/x8fH/8fHx//Hx8f/x8fH/8fHx//ICAg/yAgIP8gICD/ICAg/x8fH/8fHx//ICAg/yEhIf8gICD/ICAg/yAgIP8gICD/ISEh/yIiIv8iIiL/ISEh/yEhIf8hISH/ICAg/x8fH/8fHx//Hx8f/x8fH/8gICD/ICAg/yAgIP8gICD/ISEh/yIiIv8jIyP/IyMj/yIiIv8gICD/ICAg/yAgIP8gICD/ISEh/yEhIf8hISH/ISEh/yIiIv8iIiL/IyMj/yQkJP8kJCT/JCQk/yQkJP8iIiL/IiIi/yIiIv8iIiL/IiIi/yIiIv8jIyP/IyMj/yMjI/8kJCT/JCQk/yQkJP8kJCT/IyMj/yMjI/8iIiL/IyMj/yMjI/8jIyP/IyMj/yQkJP8lJSX/JCQk/yIiIv8iIiL/ISEh/yEhIf8hISH/IiIi/yIiIv8iIiL/IiIi/yIiIv8iIiL/MjIy/zo6Ov9CQkL/RkZG/0tLS/9XV1f/a2tr/3Fxcf94eHj/cHBw/11dXf9SUlL/QEBA/zo6Ov89PT3/QEBA/0NDQ/9GRkb/QkJC/z4+Pv9ERET/SkpK/01NTf9RUVH/UVFR/1JSUv9MTEz/QkJC/0JCQv9GRkb/RUVF/z8/P/88PDz/NjY2/zMzM/8zMzP/MzMz/zExMf8vLy//LS0t/yoqKv8sLCz/Ly8v/zMzM/84ODj/Nzc3/zQ0NP8zMzP/MjIy/zQ0NP86Ojr/QUFB/1FRUf9YWFj/T09P/0dHR/9BQUH/Ozs7/zk5Of82Njb/Pz8//0tLS/9YWFj/a2tr/2BgYP9FRUX/QEBA/0BAQP9ERET/UFBQ/1hYWP9lZWX/aWlp/1ZWVv9HR0f/Pz8//zc3N/84ODj/OTk5/zw8PP9AQED/RERE/0pKSv9ERET/Nzc3/zQ0NP82Njb/NDQ0/y0tLf8rKyv/LS0t/y8vL/8vLy//Ly8v/y0tLf8rKyv/Li4u/zExMf8zMzP/NTU1/zY2Nv85OTn/Nzc3/zQ0NP8zMzP/NTU1/zQ0NP8xMTH/Ly8v/y4uLv8tLS3/Ly8v/zAwMP82Njb/PDw8/z4+Pv9AQED/PT09/zk5Of8+Pj7/RkZG/0JCQv82Njb/MjIy/ywsLP8rKyv/LCws/y4uLv8yMjL/NTU1/zExMf8uLi7/Ly8v/zAwMP8wMDD/MTEx/zExMf8wMDD/MzMz/zc3N/81NTX/Ly8v/y8vL/8wMDD/MTEx/zIyMv8yMjL/MjIy/zIyMv8xMTH/MTEx/zExMf8wMDD/Ly8v/y4uLv8uLi7/Ly8v/zMzM/86Ojr/ODg4/zIyMv8vLy//LS0t/ywsLP8sLCz/LCws/y0tLf8tLS3/Li4u/y4uLv8vLy//MDAw/zU1Nf87Ozv/OTk5/zU1Nf81NTX/NjY2/zQ0NP8xMTH/Ly8v/ysrK/8rKyv/LS0t/y4uLv8vLy//Ly8v/y8vL/8vLy//MDAw/zExMf8zMzP/Nzc3/zMzM/8tLS3/Kysr/yoqKv8rKyv/LS0t/y4uLv8tLS3/LS0t/y4uLv8uLi7/Ly8v/y8vL/8yMjL/NDQ0/zAwMP8sLCz/KSkp/yUlJf8lJSX/JCQk/yQkJP8lJSX/JiYm/ykpKf8qKir/KSkp/ykpKf8qKir/Kioq/ycnJ/8lJSX/JCQk/yQkJP8kJCT/JSUl/yUlJf8mJib/JiYm/ycnJ/8nJyf/Jycn/ycnJ/8pKSn/KSkp/ycnJ/8nJyf/KSkp/yoqKv8oKCj/Jycn/ygoKP8pKSn/LCws/y8vL/8vLy//MDAw/zExMf8zMzP/MDAw/yoqKv8pKSn/Jycn/yYmJv8kJCT/IyMj/yIiIv8hISH/IyMj/yQkJP8kJCT/JCQk/yQkJP8jIyP/IyMj/yIiIv8hISH/ICAg/yEhIf8jIyP/IyMj/yQkJP8jIyP/IiIi/yEhIf8gICD/ICAg/yEhIf8iIiL/IiIi/yMjI/8jIyP/IiIi/yMjI/8lJSX/JSUl/yUlJf8kJCT/IiIi/yIiIv8jIyP/IyMj/yMjI/8jIyP/JCQk/yUlJf8jIyP/ISEh/yEhIf8iIiL/JSUl/ygoKP8nJyf/JiYm/yQkJP8hISH/ICAg/yAgIP8gICD/ISEh/yEhIf8iIiL/IiIi/yEhIf8gICD/Hx8f/x4eHv8fHx//ICAg/yAgIP8gICD/ISEh/yIiIv8iIiL/IiIi/yIiIv8hISH/ISEh/yEhIf8hISH/ISEh/yEhIf8iIiL/IiIi/yIiIv84ODj/ODg4/zc3N/83Nzf/ODg4/zk5Of86Ojr/PDw8/z8/P/9AQED/QkJC/0JCQv9BQUH/QEBA/0FBQf9BQUH/QkJC/0JCQv9BQUH/QEBA/z8/P/89PT3/PDw8/zo6Ov86Ojr/OTk5/zk5Of84ODj/Nzc3/zY2Nv83Nzf/ODg4/zk5Of86Ojr/PDw8/z8/P/9BQUH/QEBA/z8/P/8/Pz//Pz8//z09Pf87Ozv/PDw8/z09Pf89PT3/PT09/z09Pf87Ozv/Ozs7/zs7O/87Ozv/Ozs7/zs7O/87Ozv/Ozs7/zw8PP88PDz/PT09/z4+Pv88PDz/Ojo6/zo6Ov86Ojr/Ojo6/zs7O/88PDz/Pj4+/z8/P/89PT3/PT09/zs7O/86Ojr/ODg4/zc3N/84ODj/OTk5/zw8PP9AQED/Pj4+/zs7O/85OTn/NDQ0/zQ0NP81NTX/NjY2/zc3N/85OTn/Ozs7/zw8PP88PDz/PDw8/z4+Pv8/Pz//PDw8/zk5Of84ODj/Nzc3/zg4OP86Ojr/OTk5/zY2Nv81NTX/MzMz/zMzM/8yMjL/MTEx/y4uLv8tLS3/Li4u/y8vL/8zMzP/NjY2/zY2Nv82Njb/NjY2/zc3N/84ODj/Ojo6/z09Pf9DQ0P/Q0ND/0JCQv9FRUX/TExM/01NTf9GRkb/QUFB/zk5Of80NDT/NjY2/zc3N/89PT3/RERE/0NDQ/9CQkL/Ozs7/zExMf8wMDD/Ly8v/y8vL/8vLy//MTEx/zc3N/84ODj/NDQ0/zIyMv8vLy//Li4u/zIyMv81NTX/OTk5/z4+Pv84ODj/MTEx/zExMf8xMTH/MzMz/zc3N/85OTn/Ozs7/zw8PP88PDz/Ozs7/zk5Of83Nzf/MjIy/y8vL/8vLy//Ly8v/zQ0NP86Ojr/Nzc3/zMzM/82Njb/Ojo6/0JCQv9SUlL/UlJS/0xMTP9HR0f/PT09/zo6Ov8/Pz//Q0ND/0tLS/9PT0//QEBA/zExMf8tLS3/KCgo/ysrK/8vLy//Li4u/y0tLf8sLCz/Kioq/ywsLP8wMDD/NDQ0/z09Pf8/Pz//OTk5/zU1Nf80NDT/MzMz/zQ0NP80NDT/NTU1/zc3N/84ODj/OTk5/zg4OP82Njb/ODg4/z09Pf9CQkL/S0tL/09PT/9UVFT/V1dX/11dXf9eXl7/T09P/0RERP8+Pj7/OTk5/z8/P/9HR0f/Q0ND/zw8PP9DQ0P/T09P/09PT/9MTEz/SkpK/0ZGRv9GRkb/R0dH/0ZGRv89PT3/ODg4/zs7O/8+Pj7/R0dH/1FRUf9LS0v/Q0ND/z09Pf82Njb/MzMz/zAwMP8yMjL/NjY2/zg4OP88PDz/Ozs7/zU1Nf8zMzP/NTU1/zc3N/87Ozv/Pz8//z8/P/8/Pz//QEBA/0JCQv9KSkr/VlZW/09PT/9CQkL/QUFB/0JCQv9CQkL/RERE/0VFRf9KSkr/SkpK/0NDQ/8/Pz//Pj4+/z09Pf87Ozv/OTk5/zg4OP82Njb/ODg4/zw8PP8+Pj7/QkJC/0JCQv9BQUH/Pz8//zs7O/84ODj/MzMz/zExMf8yMjL/MzMz/zc3N/87Ozv/PDw8/z4+Pv89PT3/Ozs7/z09Pf8/Pz//Pz8//0BAQP8+Pj7/Ozs7/z4+Pv9KSkr/TU1N/0dHR/9ERET/QkJC/0BAQP88PDz/OTk5/0FBQf9JSUn/SUlJ/0lJSf9KSkr/TExM/0dHR/89PT3/Pz8//0ZGRv9ISEj/RkZG/0VFRf9AQED/Pj4+/zw8PP87Ozv/NjY2/yMjI/8jIyP/JCQk/yUlJf8nJyf/Jycn/yYmJv8kJCT/ISEh/yEhIf8gICD/ICAg/yAgIP8gICD/IiIi/yMjI/8jIyP/IyMj/yQkJP8kJCT/JCQk/yMjI/8jIyP/IyMj/yMjI/8iIiL/IiIi/yIiIv8iIiL/IyMj/yMjI/8kJCT/JCQk/yQkJP8kJCT/IyMj/yMjI/8iIiL/ISEh/yEhIf8iIiL/JSUl/ykpKf8qKir/Kysr/ysrK/8sLCz/LCws/y0tLf8tLS3/Ly8v/y8vL/8uLi7/Li4u/y8vL/8vLy//MTEx/zIyMv8xMTH/MDAw/y8vL/8tLS3/LS0t/y0tLf8tLS3/LS0t/y4uLv8wMDD/MTEx/y8vL/8vLy//LS0t/ywsLP8uLi7/Ly8v/zAwMP8xMTH/MjIy/zMzM/8yMjL/MTEx/zAwMP8vLy//Ly8v/y8vL/8vLy//MDAw/zAwMP8xMTH/MTEx/zAwMP8wMDD/Ly8v/y8vL/8vLy//Li4u/y0tLf8sLCz/LS0t/y4uLv8vLy//MDAw/y8vL/8tLS3/LS0t/y0tLf8tLS3/Li4u/y4uLv8uLi7/Li4u/y4uLv8uLi7/Ly8v/zAwMP8xMTH/MjIy/zIyMv8yMjL/MjIy/zExMf8yMjL/MzMz/zMzM/8zMzP/MzMz/zQ0NP81NTX/NjY2/zY2Nv81NTX/NTU1/zQ0NP8zMzP/MjIy/zAwMP8xMTH/MjIy/zIyMv8yMjL/MzMz/zU1Nf80NDT/MzMz/zIyMv8zMzP/NDQ0/zMzM/8zMzP/NDQ0/zQ0NP80NDT/MzMz/zQ0NP82Njb/NTU1/zQ0NP80NDT/NTU1/zU1Nf80NDT/MzMz/zIyMv8xMTH/MDAw/zAwMP8vLy//Ly8v/y4uLv8uLi7/Li4u/y0tLf8tLS3/LS0t/y4uLv8xMTH/MTEx/zIyMv8zMzP/NjY2/zc3N/82Njb/NjY2/zU1Nf81NTX/MzMz/zExMf8wMDD/Ly8v/y4uLv8tLS3/LS0t/y4uLv8uLi7/Li4u/y4uLv8uLi7/Li4u/y4uLv8uLi7/MDAw/zAwMP8xMTH/MjIy/zMzM/80NDT/NTU1/zU1Nf80NDT/MjIy/zMzM/80NDT/MzMz/zIyMv8yMjL/MjIy/zIyMv80NDT/MzMz/zIyMv8xMTH/MDAw/y8vL/8wMDD/MTEx/zIyMv8zMzP/MzMz/zIyMv8yMjL/MTEx/zExMf8yMjL/MjIy/zIyMv8yMjL/MjIy/zIyMv8zMzP/MzMz/zQ0NP81NTX/NDQ0/zQ0NP80NDT/NDQ0/zMzM/8xMTH/MjIy/zMzM/8zMzP/MjIy/zIyMv8zMzP/MzMz/zExMf8yMjL/MzMz/zQ0NP8zMzP/MzMz/zIyMv8yMjL/MjIy/zExMf8xMTH/MDAw/zExMf8zMzP/MjIy/zAwMP8xMTH/MzMz/zQ0NP84ODj/Ojo6/zw8PP89PT3/Pz8//0BAQP8/Pz//Pj4+/z4+Pv8+Pj7/PDw8/zk5Of85OTn/ODg4/zg4OP84ODj/OTk5/zw8PP89PT3/Pj4+/z4+Pv89PT3/PT09/z8/P/9AQED/Pj4+/zw8PP88PDz/Ozs7/zs7O/87Ozv/Ozs7/zs7O/87Ozv/Ojo6/zo6Ov87Ozv/PDw8/z09Pf8+Pj7/PT09/z09Pf86Ojr/OTk5/zo6Ov86Ojr/Ojo6/zo6Ov86Ojr/OTk5/zg4OP83Nzf/NjY2/zQ0NP81NTX/Nzc3/zk5Of87Ozv/PDw8/zs7O/87Ozv/Ojo6/zo6Ov85OTn/ExMT/xMTE/8TExP/ExMT/xQUFP8UFBT/FBQU/xQUFP8TExP/ExMT/xISEv8SEhL/ExMT/xMTE/8UFBT/FBQU/xQUFP8UFBT/ExMT/xMTE/8TExP/ExMT/xMTE/8UFBT/FBQU/xQUFP8TExP/EhIS/xISEv8TExP/ExMT/xMTE/8TExP/ExMT/xMTE/8TExP/ExMT/xMTE/8TExP/ExMT/xMTE/8TExP/FBQU/xQUFP8UFBT/FBQU/xMTE/8TExP/ExMT/xMTE/8UFBT/FBQU/xQUFP8UFBT/FBQU/xQUFP8UFBT/FBQU/xQUFP8UFBT/FBQU/xUVFf8VFRX/FBQU/xQUFP8UFBT/FBQU/xQUFP8UFBT/FBQU/xQUFP8UFBT/FBQU/xQUFP8UFBT/FBQU/xQUFP8VFRX/FhYW/xYWFv8XFxf/FxcX/xYWFv8WFhb/FRUV/xUVFf8VFRX/FRUV/xUVFf8VFRX/FRUV/xUVFf8WFhb/FhYW/xYWFv8XFxf/FxcX/xcXF/8XFxf/FhYW/xYWFv8WFhb/FhYW/xUVFf8VFRX/FxcX/xcXF/8WFhb/FhYW/xYWFv8WFhb/FhYW/xYWFv8WFhb/FhYW/xYWFv8WFhb/FhYW/xYWFv8WFhb/FhYW/xcXF/8YGBj/GBgY/xcXF/8XFxf/FxcX/xcXF/8YGBj/GBgY/xkZGf8ZGRn/GRkZ/xkZGf8ZGRn/GRkZ/xkZGf8ZGRn/GRkZ/xgYGP8YGBj/GRkZ/xkZGf8aGhr/Ghoa/xoaGv8aGhr/Ghoa/xoaGv8aGhr/Ghoa/xoaGv8ZGRn/GRkZ/xoaGv8aGhr/GRkZ/xkZGf8aGhr/Ghoa/xsbG/8bGxv/Gxsb/xsbG/8aGhr/Ghoa/xoaGv8aGhr/Ghoa/xoaGv8aGhr/Gxsb/xsbG/8bGxv/Gxsb/xwcHP8cHBz/HBwc/xwcHP8dHR3/HR0d/xwcHP8cHBz/HR0d/x0dHf8dHR3/HR0d/xwcHP8cHBz/HBwc/xwcHP8cHBz/HBwc/xwcHP8cHBz/HBwc/xwcHP8cHBz/HR0d/x0dHf8eHh7/Hh4e/x0dHf8cHBz/HR0d/x0dHf8dHR3/HR0d/x0dHf8eHh7/Hh4e/x4eHv8eHh7/Hx8f/x8fH/8fHx//Hx8f/x8fH/8fHx//Hx8f/x8fH/8eHh7/Hh4e/x0dHf8dHR3/HR0d/x0dHf8dHR3/Hh4e/x4eHv8fHx//Hx8f/x8fH/8fHx//Hx8f/x8fH/8hISH/ISEh/yEhIf8hISH/ISEh/yEhIf8hISH/ISEh/yEhIf8hISH/ISEh/yEhIf8hISH/ICAg/yAgIP8gICD/ICAg/x8fH/8fHx//Hx8f/x8fH/8hISH/ISEh/yEhIf8hISH/ICAg/yAgIP8hISH/IiIi/yEhIf8gICD/ICAg/yAgIP8hISH/IyMj/yMjI/8iIiL/IiIi/yIiIv8hISH/ICAg/x8fH/8fHx//Hx8f/yAgIP8gICD/ICAg/yAgIP8gICD/ISEh/yIiIv8kJCT/IyMj/yEhIf8hISH/IiIi/yIiIv8iIiL/IiIi/yEhIf8gICD/IiIi/yMjI/8kJCT/JCQk/yQkJP8kJCT/IyMj/yEhIf8hISH/ISEh/yEhIf8hISH/IiIi/yMjI/8jIyP/JCQk/yQkJP8kJCT/JCQk/yMjI/8jIyP/IiIi/yIiIv8iIiL/ISEh/yIiIv8jIyP/IyMj/yQkJP8kJCT/IyMj/yIiIv8hISH/ISEh/yEhIf8hISH/ISEh/yEhIf8gICD/ICAg/yIiIv80NDT/OTk5/z09Pf8+Pj7/Pz8//0VFRf9OTk7/UlJS/1hYWP9TU1P/R0dH/0FBQf82Njb/MzMz/zY2Nv84ODj/OTk5/zo6Ov87Ozv/Ozs7/0BAQP9FRUX/RkZG/0lJSf9HR0f/RERE/z8/P/83Nzf/Nzc3/zk5Of85OTn/NjY2/zQ0NP8xMTH/Ly8v/zAwMP8wMDD/MDAw/y8vL/8tLS3/Kysr/ywsLP8tLS3/MDAw/zU1Nf81NTX/MzMz/zMzM/8zMzP/NDQ0/zc3N/87Ozv/RERE/0hISP9BQUH/Ozs7/zc3N/8zMzP/MzMz/zIyMv85OTn/QUFB/0hISP9TU1P/S0tL/zo6Ov83Nzf/Ojo6/zw8PP9BQUH/RUVF/0tLS/9NTU3/Q0ND/zs7O/83Nzf/MzMz/zMzM/80NDT/NDQ0/zQ0NP82Njb/Ojo6/zg4OP8yMjL/MTEx/zIyMv8wMDD/Kysr/ykpKf8rKyv/LCws/ywsLP8tLS3/Kysr/ykpKf8qKir/LCws/y0tLf8uLi7/Ly8v/zAwMP8vLy//Li4u/y4uLv8uLi7/Li4u/ywsLP8sLCz/Kysr/ysrK/8sLCz/LS0t/zAwMP80NDT/NTU1/zc3N/82Njb/NTU1/zY2Nv85OTn/NjY2/y8vL/8sLCz/KSkp/ygoKP8pKSn/KSkp/ysrK/8sLCz/Kysr/yoqKv8qKir/Kysr/ysrK/8rKyv/LCws/y0tLf8uLi7/MDAw/y8vL/8sLCz/LCws/ywsLP8sLCz/LS0t/y4uLv8uLi7/Li4u/y4uLv8tLS3/LCws/ysrK/8rKyv/Kysr/yoqKv8qKir/LCws/zExMf8wMDD/Li4u/ywsLP8qKir/KSkp/ygoKP8nJyf/Jycn/ycnJ/8oKCj/KSkp/yoqKv8qKir/LS0t/zAwMP8vLy//LS0t/y0tLf8tLS3/LCws/yoqKv8pKSn/Jycn/ycnJ/8oKCj/KSkp/ykpKf8qKir/Kioq/yoqKv8qKir/Kysr/ywsLP8tLS3/Kysr/ygoKP8oKCj/KCgo/ygoKP8pKSn/Kioq/yoqKv8qKir/Kioq/yoqKv8pKSn/KSkp/yoqKv8sLCz/Kioq/ygoKP8nJyf/JSUl/yUlJf8kJCT/JCQk/yUlJf8lJSX/JiYm/yYmJv8lJSX/JSUl/ycnJ/8nJyf/JSUl/yQkJP8kJCT/IyMj/yMjI/8kJCT/JCQk/yQkJP8kJCT/JSUl/yUlJf8lJSX/JSUl/yYmJv8mJib/JiYm/yYmJv8mJib/JiYm/yUlJf8kJCT/JCQk/yUlJf8mJib/Jycn/ygoKP8oKCj/KSkp/yoqKv8oKCj/JSUl/yQkJP8jIyP/IyMj/yEhIf8gICD/Hx8f/x8fH/8hISH/IiIi/yIiIv8iIiL/IiIi/yIiIv8iIiL/ISEh/yEhIf8gICD/ICAg/yEhIf8hISH/IiIi/yEhIf8hISH/ICAg/yAgIP8fHx//ICAg/yEhIf8iIiL/IiIi/yIiIv8iIiL/IiIi/yMjI/8jIyP/IyMj/yIiIv8iIiL/IiIi/yIiIv8iIiL/ISEh/yEhIf8hISH/IiIi/yAgIP8gICD/ICAg/yEhIf8iIiL/JCQk/yMjI/8iIiL/ISEh/x8fH/8fHx//Hx8f/x8fH/8fHx//Hx8f/x8fH/8fHx//Hx8f/x8fH/8eHh7/Hh4e/x4eHv8eHh7/Hh4e/x4eHv8eHh7/Hh4e/x8fH/8fHx//ICAg/yAgIP8gICD/ICAg/yAgIP8gICD/ICAg/yAgIP8hISH/ISEh/zc3N/83Nzf/Nzc3/zc3N/83Nzf/ODg4/zk5Of86Ojr/PDw8/z09Pf8+Pj7/Pj4+/z09Pf89PT3/PT09/z09Pf88PDz/PDw8/zw8PP88PDz/Ozs7/zk5Of84ODj/NjY2/zY2Nv82Njb/NTU1/zU1Nf80NDT/MzMz/zQ0NP81NTX/NTU1/zc3N/84ODj/Ozs7/z09Pf89PT3/PDw8/zs7O/87Ozv/Ojo6/zo6Ov86Ojr/Ojo6/zo6Ov87Ozv/Ozs7/zo6Ov86Ojr/OTk5/zk5Of86Ojr/Ojo6/zo6Ov86Ojr/Ojo6/zo6Ov86Ojr/Ozs7/zo6Ov86Ojr/OTk5/zg4OP84ODj/ODg4/zk5Of87Ozv/Ozs7/zo6Ov85OTn/OTk5/zg4OP84ODj/Nzc3/zg4OP86Ojr/Ozs7/z09Pf88PDz/Ojo6/zg4OP82Njb/NTU1/zU1Nf81NTX/NTU1/zY2Nv84ODj/ODg4/zk5Of86Ojr/Ozs7/zw8PP87Ozv/OTk5/zk5Of85OTn/OTk5/zk5Of84ODj/Nzc3/zc3N/82Njb/NTU1/zU1Nf80NDT/MzMz/zMzM/8yMjL/MTEx/zQ0NP82Njb/NjY2/zc3N/83Nzf/Nzc3/zg4OP85OTn/PDw8/z8/P/8/Pz//Pj4+/0BAQP9ERET/RUVF/0BAQP89PT3/OTk5/zY2Nv83Nzf/ODg4/zs7O/89PT3/PT09/zw8PP84ODj/MjIy/zIyMv8xMTH/MTEx/zExMf8zMzP/NjY2/zY2Nv8zMzP/MjIy/zExMf8xMTH/MzMz/zY2Nv84ODj/Ozs7/zc3N/8zMzP/MzMz/zQ0NP81NTX/Nzc3/zg4OP85OTn/Ojo6/zo6Ov85OTn/ODg4/zY2Nv8yMjL/Ly8v/zAwMP8xMTH/NTU1/zk5Of83Nzf/NTU1/zY2Nv85OTn/Pj4+/0ZGRv9GRkb/RERE/0FBQf86Ojr/ODg4/zo6Ov88PDz/QEBA/0NDQ/86Ojr/MTEx/y0tLf8pKSn/Kysr/y4uLv8uLi7/Li4u/y0tLf8rKyv/LCws/y4uLv8xMTH/NjY2/zg4OP81NTX/MzMz/zMzM/8yMjL/MjIy/zIyMv8yMjL/MjIy/zMzM/81NTX/NTU1/zU1Nf82Njb/OTk5/zs7O/8/Pz//QkJC/0dHR/9KSkr/TU1N/01NTf9ERET/PDw8/zk5Of83Nzf/Ozs7/z8/P/88PDz/ODg4/zw8PP9ERET/RERE/0JCQv9AQED/Pj4+/zw8PP87Ozv/Ojo6/zY2Nv80NDT/NTU1/zY2Nv86Ojr/Pz8//zw8PP85OTn/NjY2/zIyMv8wMDD/LS0t/y8vL/8yMjL/NDQ0/zU1Nf81NTX/MjIy/zExMf8yMjL/NDQ0/zc3N/85OTn/OTk5/zg4OP85OTn/Ozs7/z8/P/9ERET/Pz8//zc3N/82Njb/Nzc3/zc3N/85OTn/Ojo6/zw8PP88PDz/OTk5/zg4OP83Nzf/Nzc3/zY2Nv82Njb/NTU1/zU1Nf82Njb/ODg4/zo6Ov8+Pj7/Pj4+/z09Pf87Ozv/Nzc3/zU1Nf8yMjL/MDAw/zIyMv8zMzP/NTU1/zY2Nv84ODj/OTk5/zk5Of84ODj/ODg4/zk5Of85OTn/ODg4/zc3N/80NDT/NjY2/zw8PP8+Pj7/PDw8/zs7O/88PDz/PT09/zo6Ov84ODj/PT09/0NDQ/9BQUH/Pz8//z8/P/9BQUH/Pj4+/zg4OP85OTn/PDw8/zw8PP86Ojr/OTk5/zc3N/83Nzf/Nzc3/zc3N/82Njb/IyMj/yMjI/8kJCT/JSUl/yYmJv8mJib/JiYm/yUlJf8jIyP/IyMj/yIiIv8iIiL/IiIi/yIiIv8iIiL/IyMj/yMjI/8jIyP/IyMj/yQkJP8kJCT/IyMj/yMjI/8jIyP/IyMj/yMjI/8jIyP/IyMj/yMjI/8jIyP/JCQk/yQkJP8lJSX/JSUl/yUlJf8lJSX/JCQk/yQkJP8jIyP/IyMj/yMjI/8lJSX/KCgo/ykpKf8qKir/Kioq/ysrK/8rKyv/LCws/y0tLf8vLy//Ly8v/y8vL/8uLi7/Li4u/y4uLv8uLi7/Ly8v/y8vL/8vLy//Li4u/y4uLv8tLS3/LCws/ywsLP8sLCz/LS0t/y0tLf8sLCz/LCws/ysrK/8rKyv/Kioq/ywsLP8uLi7/MDAw/zMzM/84ODj/Pz8//zo6Ov8zMzP/MTEx/y4uLv8tLS3/LCws/y0tLf8uLi7/Ly8v/zAwMP8xMTH/MDAw/zAwMP8vLy//Ly8v/y8vL/8uLi7/LS0t/ywsLP8sLCz/LCws/y0tLf8uLi7/Li4u/ywsLP8sLCz/LCws/y0tLf8uLi7/Ly8v/y8vL/8vLy//Ly8v/y4uLv8vLy//Ly8v/y8vL/8xMTH/MTEx/zExMf8xMTH/MTEx/zExMf8xMTH/MTEx/zExMf8xMTH/MjIy/zIyMv8yMjL/MjIy/zIyMv8xMTH/MDAw/zAwMP8vLy//Ly8v/zAwMP8xMTH/MTEx/zExMf8xMTH/MTEx/zIyMv8yMjL/MjIy/zIyMv8zMzP/MzMz/zMzM/8zMzP/NDQ0/zMzM/8yMjL/MzMz/zQ0NP8zMzP/MjIy/zIyMv8yMjL/MTEx/zExMf8wMDD/Ly8v/y8vL/8vLy//Li4u/y0tLf8tLS3/LS0t/y0tLf8tLS3/LS0t/y4uLv8vLy//MTEx/zMzM/8zMzP/MzMz/zQ0NP81NTX/NTU1/zU1Nf81NTX/MzMz/zIyMv8wMDD/Ly8v/y8vL/8vLy//Li4u/y0tLf8uLi7/Li4u/y4uLv8uLi7/Li4u/y4uLv8uLi7/Li4u/y4uLv8wMDD/MTEx/zExMf8yMjL/MjIy/zMzM/8zMzP/NDQ0/zMzM/8yMjL/MjIy/zIyMv8yMjL/MTEx/zExMf8yMjL/MjIy/zIyMv8yMjL/MTEx/zExMf8wMDD/MDAw/zAwMP8wMDD/MjIy/zMzM/8zMzP/MjIy/zIyMv8xMTH/MTEx/zExMf8yMjL/MjIy/zIyMv8yMjL/MjIy/zMzM/80NDT/NTU1/zU1Nf80NDT/NDQ0/zQ0NP80NDT/MzMz/zExMf8yMjL/MzMz/zMzM/8zMzP/MzMz/zMzM/8zMzP/MTEx/zExMf8zMzP/MzMz/zMzM/8zMzP/MjIy/zIyMv8yMjL/MTEx/zAwMP8wMDD/MDAw/zExMf8xMTH/MDAw/zExMf8zMzP/NDQ0/zY2Nv83Nzf/Ojo6/zw8PP8+Pj7/Pz8//z8/P/8+Pj7/Pj4+/z4+Pv89PT3/Ozs7/zo6Ov84ODj/ODg4/zg4OP85OTn/PDw8/z09Pf8+Pj7/Pz8//z4+Pv8+Pj7/Pj4+/z4+Pv88PDz/Ozs7/zo6Ov86Ojr/Ojo6/zo6Ov85OTn/OTk5/zk5Of85OTn/OTk5/zk5Of86Ojr/PDw8/zw8PP86Ojr/OTk5/zg4OP84ODj/ODg4/zk5Of84ODj/Nzc3/zY2Nv82Njb/NTU1/zQ0NP8zMzP/MzMz/zMzM/81NTX/NjY2/zk5Of86Ojr/Ojo6/zk5Of85OTn/ODg4/zg4OP8SEhL/EhIS/xISEv8TExP/ExMT/xMTE/8TExP/ExMT/xMTE/8TExP/ExMT/xMTE/8TExP/ExMT/xMTE/8UFBT/FBQU/xQUFP8UFBT/ExMT/xMTE/8TExP/ExMT/xQUFP8TExP/ExMT/xMTE/8TExP/ExMT/xMTE/8TExP/ExMT/xMTE/8TExP/ExMT/xMTE/8TExP/ExMT/xMTE/8TExP/ExMT/xQUFP8UFBT/FBQU/xQUFP8UFBT/FBQU/xQUFP8UFBT/FBQU/xQUFP8UFBT/FBQU/xQUFP8UFBT/FBQU/xQUFP8UFBT/FBQU/xQUFP8UFBT/FBQU/xQUFP8UFBT/FBQU/xQUFP8UFBT/FBQU/xQUFP8UFBT/FBQU/xQUFP8UFBT/FBQU/xQUFP8UFBT/FBQU/xQUFP8VFRX/FRUV/xUVFf8VFRX/FRUV/xUVFf8VFRX/FRUV/xUVFf8UFBT/FBQU/xQUFP8UFBT/FBQU/xUVFf8VFRX/FhYW/xYWFv8WFhb/FhYW/xUVFf8VFRX/FRUV/xUVFf8VFRX/FRUV/xUVFf8WFhb/FhYW/xYWFv8VFRX/FRUV/xUVFf8VFRX/FRUV/xUVFf8WFhb/FhYW/xYWFv8WFhb/FhYW/xYWFv8WFhb/FhYW/xYWFv8WFhb/FhYW/xYWFv8WFhb/FxcX/xcXF/8XFxf/FxcX/xgYGP8YGBj/GBgY/xgYGP8YGBj/GBgY/xgYGP8XFxf/FxcX/xcXF/8YGBj/GBgY/xkZGf8ZGRn/GRkZ/xkZGf8ZGRn/GRkZ/xkZGf8aGhr/GRkZ/xkZGf8ZGRn/Ghoa/xkZGf8ZGRn/GRkZ/xkZGf8aGhr/Ghoa/xsbG/8bGxv/Ghoa/xoaGv8aGhr/Ghoa/xoaGv8aGhr/Ghoa/xoaGv8aGhr/Ghoa/xoaGv8aGhr/Gxsb/xsbG/8bGxv/Gxsb/xsbG/8bGxv/Gxsb/xsbG/8bGxv/HBwc/xwcHP8cHBz/Gxsb/xsbG/8bGxv/Gxsb/xsbG/8cHBz/HBwc/xwcHP8cHBz/HBwc/xwcHP8cHBz/HBwc/xwcHP8cHBz/HBwc/xwcHP8cHBz/HR0d/x0dHf8dHR3/HR0d/x0dHf8dHR3/Hh4e/x4eHv8eHh7/Hh4e/x4eHv8eHh7/Hh4e/x4eHv8eHh7/Hh4e/x0dHf8dHR3/HBwc/xwcHP8cHBz/HR0d/x0dHf8dHR3/HR0d/x4eHv8eHh7/Hh4e/x4eHv8eHh7/Hh4e/yAgIP8gICD/ICAg/yAgIP8gICD/ICAg/x8fH/8fHx//Hx8f/x8fH/8fHx//ICAg/yAgIP8gICD/Hx8f/x8fH/8fHx//Hx8f/x8fH/8fHx//Hx8f/yAgIP8gICD/ICAg/yAgIP8gICD/ICAg/yEhIf8hISH/ICAg/yAgIP8gICD/ICAg/yEhIf8hISH/ISEh/yEhIf8hISH/ISEh/yEhIf8gICD/ICAg/yAgIP8gICD/ICAg/yAgIP8gICD/ICAg/yAgIP8hISH/IiIi/yMjI/8jIyP/IiIi/yIiIv8iIiL/IiIi/yIiIv8iIiL/ISEh/yEhIf8hISH/IiIi/yIiIv8jIyP/IiIi/yIiIv8iIiL/ISEh/yEhIf8hISH/ISEh/yEhIf8iIiL/IyMj/yMjI/8jIyP/JCQk/yQkJP8kJCT/IyMj/yMjI/8jIyP/IiIi/yIiIv8iIiL/IiIi/yMjI/8jIyP/IyMj/yMjI/8jIyP/IiIi/yIiIv8iIiL/IiIi/yIiIv8iIiL/IiIi/yIiIv8iIiL/IyMj/zc3N/84ODj/ODg4/zY2Nv8zMzP/MzMz/zIyMv80NDT/ODg4/zY2Nv8yMjL/MDAw/y0tLf8sLCz/Ly8v/zAwMP8vLy//Ly8v/zMzM/84ODj/PDw8/z8/P/9AQED/QUFB/z09Pf82Njb/MzMz/y0tLf8sLCz/LS0t/y0tLf8uLi7/LS0t/ywsLP8sLCz/LS0t/y0tLf8uLi7/Ly8v/y0tLf8rKyv/Kysr/ywsLP8uLi7/MjIy/zIyMv8yMjL/MzMz/zQ0NP80NDT/NDQ0/zQ0NP82Njb/Nzc3/zMzM/8vLy//LS0t/ysrK/8sLCz/Li4u/zIyMv84ODj/OTk5/zs7O/83Nzf/Ly8v/y8vL/8zMzP/NDQ0/zIyMv8yMjL/MTEx/zExMf8wMDD/Ly8v/y8vL/8uLi7/Ly8v/y8vL/8tLS3/KCgo/ykpKf8qKir/Kysr/y0tLf8tLS3/LS0t/ywsLP8pKSn/KCgo/ygoKP8pKSn/Kioq/ysrK/8pKSn/Jycn/ycnJ/8nJyf/Jycn/ygoKP8oKCj/KCgo/ygoKP8oKCj/KCgo/ygoKP8pKSn/KCgo/ygoKP8pKSn/KSkp/ykpKf8pKSn/Kysr/y0tLf8tLS3/Li4u/y8vL/8wMDD/Ly8v/ywsLP8qKir/KCgo/ycnJ/8mJib/JiYm/yUlJf8kJCT/JCQk/yQkJP8lJSX/JSUl/yYmJv8mJib/JiYm/yYmJv8nJyf/Kioq/yoqKv8pKSn/KSkp/ykpKf8pKSn/KCgo/ygoKP8pKSn/Kioq/yoqKv8qKir/Kioq/ykpKf8oKCj/JiYm/ycnJ/8nJyf/JiYm/yUlJf8mJib/KCgo/ykpKf8qKir/Kioq/ygoKP8mJib/JCQk/yIiIv8iIiL/IiIi/yMjI/8kJCT/JSUl/yUlJf8lJSX/JSUl/yUlJf8lJSX/JSUl/yQkJP8kJCT/IyMj/yMjI/8iIiL/IyMj/yMjI/8kJCT/JCQk/yUlJf8lJSX/JSUl/yUlJf8lJSX/JCQk/yQkJP8kJCT/IyMj/yQkJP8mJib/JiYm/yYmJv8mJib/JiYm/yYmJv8mJib/JSUl/yQkJP8jIyP/IyMj/yQkJP8kJCT/JCQk/yQkJP8kJCT/JCQk/yUlJf8lJSX/JCQk/yQkJP8jIyP/IiIi/yIiIv8iIiL/IyMj/yQkJP8kJCT/IyMj/yMjI/8iIiL/IiIi/yIiIv8iIiL/IiIi/yMjI/8jIyP/IyMj/yMjI/8jIyP/JCQk/yQkJP8kJCT/JCQk/yMjI/8iIiL/ISEh/yAgIP8gICD/ICAg/yAgIP8gICD/ICAg/yAgIP8gICD/ISEh/yEhIf8gICD/ICAg/yAgIP8fHx//Hh4e/x0dHf8dHR3/HR0d/x8fH/8gICD/ICAg/x8fH/8gICD/ISEh/yEhIf8gICD/ICAg/x8fH/8fHx//Hx8f/x8fH/8fHx//Hx8f/yAgIP8gICD/Hx8f/x4eHv8fHx//ICAg/yEhIf8hISH/ISEh/yEhIf8hISH/ICAg/yAgIP8gICD/ISEh/yIiIv8iIiL/ISEh/yEhIf8gICD/Hx8f/x8fH/8eHh7/Hh4e/x4eHv8fHx//Hx8f/x8fH/8fHx//Hx8f/x4eHv8eHh7/Hh4e/x4eHv8eHh7/Hh4e/x0dHf8dHR3/HR0d/x0dHf8dHR3/HR0d/x0dHf8dHR3/HR0d/xwcHP8cHBz/Gxsb/xsbG/8aGhr/Gxsb/x0dHf8eHh7/Hx8f/x8fH/8fHx//Hx8f/x8fH/8fHx//Hx8f/x8fH/8fHx//NjY2/zY2Nv82Njb/NjY2/zc3N/83Nzf/ODg4/zg4OP85OTn/Ojo6/zo6Ov86Ojr/Ojo6/zo6Ov85OTn/ODg4/zc3N/83Nzf/ODg4/zg4OP83Nzf/NDQ0/zQ0NP8yMjL/MjIy/zIyMv8yMjL/MTEx/zExMf8wMDD/MTEx/zExMf8yMjL/MzMz/zQ0NP83Nzf/OTk5/zk5Of85OTn/ODg4/zY2Nv83Nzf/ODg4/zc3N/82Njb/Nzc3/zo6Ov86Ojr/OTk5/zk5Of83Nzf/Nzc3/zg4OP85OTn/OTk5/zg4OP84ODj/Nzc3/zg4OP84ODj/OTk5/zk5Of84ODj/NTU1/zY2Nv82Njb/Nzc3/zc3N/83Nzf/Nzc3/zY2Nv83Nzf/Nzc3/zc3N/83Nzf/OTk5/zs7O/87Ozv/Ojo6/zk5Of84ODj/ODg4/zc3N/82Njb/NTU1/zU1Nf80NDT/MzMz/zQ0NP81NTX/Nzc3/zg4OP85OTn/OTk5/zk5Of85OTn/Ojo6/zw8PP86Ojr/ODg4/zg4OP84ODj/ODg4/zg4OP84ODj/Nzc3/zc3N/84ODj/ODg4/zU1Nf8zMzP/NTU1/zY2Nv83Nzf/ODg4/zg4OP83Nzf/ODg4/zk5Of86Ojr/Ozs7/zs7O/86Ojr/Ojo6/zw8PP88PDz/Ojo6/zk5Of84ODj/ODg4/zk5Of86Ojr/ODg4/zc3N/82Njb/NjY2/zU1Nf80NDT/MzMz/zMzM/8zMzP/NDQ0/zQ0NP81NTX/NTU1/zMzM/8yMjL/MzMz/zQ0NP81NTX/NjY2/zc3N/83Nzf/NjY2/zU1Nf82Njb/ODg4/zc3N/83Nzf/Nzc3/zc3N/83Nzf/Nzc3/zc3N/82Njb/NTU1/zIyMv8vLy//MTEx/zMzM/81NTX/ODg4/zg4OP83Nzf/Nzc3/zg4OP85OTn/Ojo6/zo6Ov87Ozv/Ojo6/zg4OP83Nzf/NTU1/zU1Nf82Njb/NjY2/zMzM/8wMDD/LS0t/yoqKv8sLCz/Li4u/y8vL/8wMDD/Ly8v/ywsLP8sLCz/LS0t/y4uLv8vLy//MDAw/zExMf8xMTH/MjIy/zIyMv8xMTH/Ly8v/y4uLv8tLS3/Li4u/zAwMP8yMjL/NDQ0/zQ0NP81NTX/NTU1/zQ0NP81NTX/Ozs7/z09Pf8+Pj7/PT09/zg4OP80NDT/NDQ0/zQ0NP82Njb/ODg4/zY2Nv80NDT/NTU1/zk5Of85OTn/ODg4/zc3N/81NTX/MzMz/y8vL/8uLi7/Ly8v/y8vL/8uLi7/Li4u/y0tLf8tLS3/Li4u/y8vL/8vLy//Li4u/y0tLf8rKyv/LCws/y8vL/8vLy//Ly8v/y4uLv8uLi7/Li4u/y8vL/8xMTH/MjIy/zQ0NP8yMjL/MTEx/zIyMv81NTX/NDQ0/zIyMv8wMDD/LCws/ywsLP8sLCz/LS0t/y4uLv8uLi7/Li4u/y4uLv8wMDD/MTEx/zExMf8xMTH/MTEx/zIyMv8zMzP/MzMz/zQ0NP80NDT/Nzc3/zs7O/87Ozv/OTk5/zc3N/80NDT/MjIy/zAwMP8wMDD/MjIy/zQ0NP8zMzP/MjIy/zMzM/80NDT/NDQ0/zQ0NP80NDT/MzMz/zIyMv8xMTH/MDAw/y4uLv8uLi7/Ly8v/zAwMP8xMTH/MjIy/zc3N/86Ojr/ODg4/zY2Nv85OTn/PT09/zk5Of80NDT/NTU1/zY2Nv81NTX/MzMz/zIyMv8yMjL/MTEx/y0tLf8tLS3/Ly8v/zAwMP8zMzP/NDQ0/zY2Nv8kJCT/JCQk/yMjI/8kJCT/JSUl/yUlJf8lJSX/JSUl/yUlJf8lJSX/JCQk/yQkJP8jIyP/IyMj/yIiIv8iIiL/IiIi/yIiIv8jIyP/IyMj/yMjI/8kJCT/JCQk/yQkJP8kJCT/JCQk/yQkJP8kJCT/JCQk/yQkJP8kJCT/JSUl/yUlJf8mJib/JiYm/yYmJv8mJib/JiYm/yYmJv8lJSX/JCQk/yUlJf8nJyf/KCgo/ykpKf8pKSn/Kioq/yoqKv8rKyv/LCws/y8vL/8wMDD/Ly8v/y8vL/8tLS3/LCws/ywsLP8rKyv/LCws/y0tLf8uLi7/Ly8v/y4uLv8rKyv/Kysr/ywsLP8rKyv/KSkp/ygoKP8oKCj/KCgo/ygoKP8pKSn/Kioq/ywsLP8xMTH/NTU1/z8/P/9LS0v/QkJC/zY2Nv8yMjL/Li4u/ywsLP8qKir/Kioq/ywsLP8uLi7/MDAw/zExMf8wMDD/MDAw/y8vL/8vLy//Ly8v/y4uLv8tLS3/Kysr/ysrK/8qKir/Kysr/y0tLf8sLCz/Kysr/ysrK/8sLCz/LS0t/y8vL/8wMDD/MDAw/zAwMP8vLy//Ly8v/y4uLv8tLS3/Li4u/y8vL/8vLy//Ly8v/y8vL/8wMDD/MDAw/zAwMP8wMDD/Ly8v/y8vL/8vLy//Ly8v/y8vL/8uLi7/Li4u/y0tLf8tLS3/LCws/y0tLf8uLi7/Ly8v/zAwMP8wMDD/Ly8v/y8vL/8uLi7/Ly8v/zExMf8yMjL/MTEx/zExMf8yMjL/MjIy/zMzM/8zMzP/MjIy/zExMf8yMjL/MjIy/zExMf8wMDD/MDAw/y4uLv8uLi7/LS0t/y0tLf8sLCz/LCws/y0tLf8tLS3/Kysr/yoqKv8rKyv/Kysr/ywsLP8tLS3/Ly8v/zIyMv8zMzP/NjY2/zU1Nf81NTX/NDQ0/zMzM/8zMzP/NDQ0/zQ0NP8xMTH/MDAw/y4uLv8tLS3/Li4u/y4uLv8uLi7/Li4u/y4uLv8uLi7/Li4u/y4uLv8uLi7/LS0t/y0tLf8tLS3/Li4u/zAwMP8xMTH/MTEx/zExMf8yMjL/MjIy/zIyMv8yMjL/MjIy/zExMf8xMTH/MDAw/zAwMP8wMDD/MTEx/zMzM/8yMjL/MTEx/zAwMP8xMTH/MTEx/zAwMP8wMDD/Ly8v/y8vL/8yMjL/NDQ0/zMzM/8zMzP/MjIy/zExMf8xMTH/MTEx/zExMf8xMTH/MTEx/zExMf8yMjL/NDQ0/zU1Nf81NTX/NTU1/zQ0NP80NDT/NDQ0/zQ0NP8zMzP/MTEx/zIyMv8zMzP/NDQ0/zU1Nf80NDT/MzMz/zMzM/8xMTH/MTEx/zIyMv8yMjL/MjIy/zIyMv8zMzP/MzMz/zIyMv8xMTH/MDAw/y8vL/8vLy//Ly8v/y8vL/8vLy//MDAw/zMzM/8zMzP/NDQ0/zU1Nf84ODj/Ojo6/z09Pf8/Pz//Pj4+/z4+Pv8+Pj7/Pj4+/z09Pf89PT3/Ozs7/zg4OP84ODj/Nzc3/zg4OP87Ozv/PT09/z8/P/9AQED/Pj4+/z4+Pv89PT3/PDw8/zs7O/85OTn/OTk5/zk5Of85OTn/ODg4/zc3N/82Njb/Nzc3/zc3N/83Nzf/ODg4/zk5Of86Ojr/OTk5/zc3N/81NTX/NjY2/zY2Nv83Nzf/Nzc3/zU1Nf8zMzP/MzMz/zMzM/8yMjL/MDAw/zExMf8xMTH/MjIy/zMzM/80NDT/NjY2/zc3N/84ODj/ODg4/zg4OP83Nzf/Nzc3/xEREf8RERH/ERER/xISEv8TExP/ExMT/xISEv8SEhL/ExMT/xMTE/8TExP/ExMT/xMTE/8TExP/ExMT/xMTE/8UFBT/FBQU/xQUFP8UFBT/FBQU/xQUFP8UFBT/ExMT/xMTE/8SEhL/EhIS/xMTE/8TExP/ExMT/xMTE/8TExP/ExMT/xQUFP8UFBT/FBQU/xQUFP8UFBT/FBQU/xQUFP8UFBT/FBQU/xQUFP8UFBT/FBQU/xQUFP8VFRX/FRUV/xUVFf8VFRX/ExMT/xMTE/8TExP/ExMT/xQUFP8UFBT/FBQU/xMTE/8TExP/ExMT/xMTE/8UFBT/FBQU/xQUFP8UFBT/ExMT/xMTE/8TExP/ExMT/xMTE/8TExP/ExMT/xMTE/8UFBT/FBQU/xQUFP8UFBT/FBQU/xQUFP8UFBT/ExMT/xQUFP8VFRX/FRUV/xQUFP8UFBT/FBQU/xQUFP8TExP/ExMT/xMTE/8TExP/FBQU/xQUFP8VFRX/FRUV/xUVFf8UFBT/FBQU/xMTE/8TExP/ExMT/xQUFP8VFRX/FRUV/xUVFf8VFRX/FRUV/xUVFf8UFBT/FBQU/xQUFP8UFBT/FRUV/xUVFf8WFhb/FxcX/xcXF/8WFhb/FhYW/xUVFf8VFRX/FRUV/xUVFf8VFRX/FRUV/xYWFv8WFhb/FhYW/xYWFv8WFhb/FhYW/xYWFv8WFhb/FhYW/xYWFv8WFhb/FhYW/xYWFv8WFhb/FhYW/xcXF/8XFxf/GBgY/xgYGP8YGBj/GBgY/xgYGP8YGBj/GRkZ/xkZGf8ZGRn/GRkZ/xkZGf8ZGRn/GRkZ/xkZGf8ZGRn/GRkZ/xkZGf8aGhr/Ghoa/xoaGv8aGhr/Ghoa/xoaGv8aGhr/Ghoa/xoaGv8aGhr/Ghoa/xkZGf8ZGRn/GRkZ/xkZGf8ZGRn/GRkZ/xkZGf8ZGRn/Ghoa/xoaGv8aGhr/Ghoa/xoaGv8aGhr/Ghoa/xoaGv8aGhr/Ghoa/xoaGv8aGhr/Ghoa/xsbG/8bGxv/Gxsb/xsbG/8bGxv/Gxsb/xsbG/8bGxv/Gxsb/xsbG/8cHBz/HBwc/xwcHP8cHBz/HBwc/xwcHP8cHBz/HBwc/xwcHP8dHR3/HR0d/x4eHv8eHh7/HR0d/x0dHf8dHR3/HR0d/x0dHf8dHR3/HBwc/xwcHP8bGxv/Gxsb/xwcHP8cHBz/HBwc/xwcHP8cHBz/HR0d/x0dHf8dHR3/HR0d/xwcHP8dHR3/Hx8f/x8fH/8fHx//Hx8f/x4eHv8eHh7/Hh4e/x0dHf8dHR3/HR0d/x4eHv8eHh7/Hx8f/x8fH/8eHh7/HR0d/x0dHf8eHh7/Hh4e/x8fH/8fHx//Hx8f/x8fH/8gICD/ICAg/yAgIP8gICD/ICAg/yAgIP8gICD/Hx8f/x8fH/8gICD/ICAg/yAgIP8gICD/Hx8f/x8fH/8gICD/ICAg/yEhIf8hISH/ISEh/yEhIf8hISH/ISEh/yAgIP8gICD/ICAg/yEhIf8hISH/IiIi/yIiIv8iIiL/IiIi/yIiIv8iIiL/IiIi/yIiIv8hISH/ISEh/yEhIf8hISH/ISEh/yEhIf8hISH/ICAg/yEhIf8hISH/ISEh/yEhIf8hISH/IiIi/yIiIv8jIyP/IyMj/yMjI/8jIyP/IyMj/yMjI/8kJCT/JCQk/yMjI/8jIyP/IyMj/yMjI/8jIyP/IiIi/yIiIv8hISH/ISEh/yIiIv8iIiL/IyMj/yMjI/8jIyP/IyMj/yMjI/8jIyP/IyMj/yQkJP8kJCT/NTU1/zU1Nf82Njb/NDQ0/zIyMv8xMTH/MDAw/zExMf8yMjL/MTEx/y8vL/8uLi7/LS0t/y4uLv8vLy//MDAw/y8vL/8uLi7/MTEx/zQ0NP83Nzf/Ojo6/zs7O/87Ozv/ODg4/zIyMv8wMDD/LCws/ywsLP8sLCz/LCws/y0tLf8tLS3/LCws/ysrK/8sLCz/LCws/y0tLf8uLi7/LCws/ysrK/8rKyv/LCws/y0tLf8vLy//MDAw/zAwMP8wMDD/MTEx/zExMf8wMDD/MDAw/zExMf8yMjL/Ly8v/y4uLv8sLCz/Kysr/ywsLP8uLi7/MDAw/zQ0NP80NDT/NDQ0/zIyMv8tLS3/LS0t/zAwMP8wMDD/MDAw/y8vL/8uLi7/LS0t/y0tLf8sLCz/LCws/ywsLP8sLCz/LCws/yoqKv8mJib/JiYm/ycnJ/8oKCj/Kioq/yoqKv8rKyv/Kioq/ykpKf8oKCj/KSkp/yoqKv8qKir/Kysr/ykpKf8oKCj/Jycn/yYmJv8nJyf/Jycn/ycnJ/8nJyf/JiYm/yYmJv8mJib/Jycn/ycnJ/8nJyf/Jycn/ygoKP8oKCj/KSkp/ykpKf8qKir/LCws/ywsLP8tLS3/LS0t/y4uLv8sLCz/KSkp/ygoKP8nJyf/Jycn/ycnJ/8mJib/JSUl/yQkJP8jIyP/IiIi/yMjI/8jIyP/JCQk/yQkJP8kJCT/JCQk/yUlJf8mJib/JSUl/yQkJP8lJSX/JiYm/yYmJv8mJib/JiYm/ycnJ/8nJyf/Jycn/ycnJ/8nJyf/Jycn/yYmJv8mJib/JiYm/ycnJ/8mJib/JSUl/yUlJf8lJSX/JiYm/ygoKP8oKCj/JiYm/yUlJf8jIyP/IiIi/yIiIv8iIiL/IyMj/yQkJP8kJCT/JCQk/yQkJP8kJCT/JCQk/yQkJP8jIyP/IyMj/yIiIv8iIiL/IiIi/yIiIv8iIiL/IyMj/yMjI/8jIyP/JCQk/yQkJP8kJCT/IyMj/yIiIv8iIiL/IiIi/yIiIv8jIyP/IyMj/yQkJP8kJCT/JCQk/yQkJP8kJCT/JCQk/yQkJP8jIyP/IiIi/yIiIv8jIyP/IyMj/yQkJP8kJCT/JCQk/yQkJP8kJCT/JCQk/yQkJP8jIyP/IyMj/yIiIv8iIiL/ISEh/yEhIf8iIiL/IyMj/yIiIv8iIiL/IiIi/yEhIf8hISH/IiIi/yEhIf8hISH/IiIi/yMjI/8jIyP/IyMj/yMjI/8jIyP/IyMj/yMjI/8iIiL/IiIi/yEhIf8hISH/ICAg/yAgIP8gICD/Hx8f/x8fH/8fHx//Hx8f/x8fH/8fHx//Hx8f/x8fH/8fHx//Hx8f/x4eHv8eHh7/Hh4e/x4eHv8eHh7/Hx8f/yAgIP8fHx//Hx8f/x8fH/8gICD/ICAg/x8fH/8fHx//Hx8f/x8fH/8fHx//Hx8f/x8fH/8fHx//Hx8f/x8fH/8eHh7/HR0d/x4eHv8fHx//Hx8f/yAgIP8gICD/ICAg/x8fH/8fHx//Hx8f/x8fH/8gICD/ICAg/yAgIP8gICD/Hx8f/x8fH/8eHh7/Hh4e/x4eHv8eHh7/Hh4e/x8fH/8fHx//Hx8f/x8fH/8fHx//Hx8f/x4eHv8eHh7/Hh4e/x4eHv8eHh7/Hh4e/x4eHv8dHR3/HR0d/x0dHf8dHR3/HBwc/xwcHP8cHBz/HBwc/xwcHP8bGxv/Gxsb/xoaGv8bGxv/HR0d/x0dHf8eHh7/Hx8f/x8fH/8fHx//Hh4e/x4eHv8eHh7/Hh4e/x4eHv80NDT/NDQ0/zQ0NP81NTX/NTU1/zU1Nf82Njb/Nzc3/zc3N/83Nzf/ODg4/zg4OP83Nzf/NjY2/zY2Nv81NTX/NTU1/zU1Nf81NTX/NjY2/zU1Nf8zMzP/MjIy/zExMf8yMjL/MjIy/zIyMv8xMTH/MTEx/zAwMP8wMDD/MTEx/zExMf8yMjL/MzMz/zU1Nf83Nzf/Nzc3/zc3N/82Njb/NTU1/zY2Nv83Nzf/NjY2/zU1Nf82Njb/ODg4/zg4OP83Nzf/Nzc3/zU1Nf81NTX/Nzc3/zc3N/84ODj/ODg4/zc3N/82Njb/NjY2/zY2Nv82Njb/Nzc3/zY2Nv81NTX/NTU1/zU1Nf81NTX/NjY2/zY2Nv81NTX/NTU1/zY2Nv83Nzf/NjY2/zY2Nv83Nzf/ODg4/zg4OP83Nzf/NjY2/zU1Nf81NTX/NTU1/zQ0NP80NDT/MzMz/zMzM/8zMzP/MzMz/zQ0NP81NTX/NTU1/zY2Nv82Njb/Nzc3/zc3N/84ODj/OTk5/zg4OP81NTX/NTU1/zU1Nf81NTX/NjY2/zY2Nv81NTX/NTU1/zY2Nv82Njb/NDQ0/zMzM/80NDT/NTU1/zY2Nv82Njb/NjY2/zU1Nf82Njb/NjY2/zc3N/84ODj/ODg4/zc3N/83Nzf/OTk5/zk5Of84ODj/Nzc3/zY2Nv82Njb/Nzc3/zg4OP82Njb/NDQ0/zQ0NP80NDT/NDQ0/zQ0NP8zMzP/MzMz/zMzM/8zMzP/NDQ0/zQ0NP8zMzP/MjIy/zIyMv8yMjL/MjIy/zMzM/8zMzP/NDQ0/zU1Nf81NTX/NDQ0/zU1Nf82Njb/NjY2/zY2Nv82Njb/NTU1/zU1Nf82Njb/NjY2/zU1Nf80NDT/MjIy/zAwMP8xMTH/MzMz/zQ0NP82Njb/NjY2/zY2Nv82Njb/NjY2/zY2Nv83Nzf/ODg4/zk5Of85OTn/Nzc3/zY2Nv80NDT/NDQ0/zQ0NP80NDT/MjIy/zAwMP8vLy//Li4u/y8vL/8wMDD/MTEx/zIyMv8xMTH/Ly8v/y8vL/8vLy//Ly8v/zAwMP8xMTH/MjIy/zIyMv8yMjL/MjIy/zExMf8vLy//Ly8v/y4uLv8vLy//MTEx/zIyMv81NTX/NTU1/zU1Nf81NTX/MzMz/zQ0NP84ODj/OTk5/zo6Ov85OTn/NjY2/zQ0NP80NDT/NDQ0/zU1Nf82Njb/NTU1/zMzM/81NTX/Nzc3/zc3N/83Nzf/NjY2/zU1Nf80NDT/MTEx/zAwMP8wMDD/MDAw/zAwMP8wMDD/Ly8v/y4uLv8vLy//MTEx/zExMf8wMDD/Ly8v/y0tLf8uLi7/MDAw/zAwMP8xMTH/MTEx/zAwMP8wMDD/MTEx/zIyMv8zMzP/NDQ0/zMzM/8yMjL/MzMz/zQ0NP8zMzP/MjIy/zAwMP8vLy//Li4u/y4uLv8uLi7/Li4u/y4uLv8uLi7/LS0t/y8vL/8wMDD/MDAw/zExMf8yMjL/NDQ0/zQ0NP80NDT/NDQ0/zU1Nf83Nzf/Ojo6/zo6Ov84ODj/Nzc3/zY2Nv80NDT/MjIy/zIyMv80NDT/NTU1/zMzM/8xMTH/MjIy/zMzM/8zMzP/MzMz/zMzM/8yMjL/MTEx/zExMf8wMDD/MDAw/zAwMP8wMDD/MDAw/zExMf8yMjL/NjY2/zk5Of83Nzf/NTU1/zY2Nv84ODj/NjY2/zMzM/80NDT/NjY2/zU1Nf80NDT/MzMz/zIyMv8xMTH/Li4u/y4uLv8vLy//Ly8v/zExMf8zMzP/NDQ0/yMjI/8jIyP/IyMj/yMjI/8kJCT/JCQk/yQkJP8kJCT/JCQk/yQkJP8jIyP/IyMj/yIiIv8iIiL/IiIi/yIiIv8iIiL/IiIi/yIiIv8iIiL/IyMj/yMjI/8jIyP/IyMj/yMjI/8kJCT/JCQk/yQkJP8jIyP/IyMj/yMjI/8kJCT/JCQk/yUlJf8lJSX/JSUl/yUlJf8lJSX/JSUl/yUlJf8kJCT/JiYm/ygoKP8oKCj/KSkp/ykpKf8qKir/Kioq/ysrK/8rKyv/LS0t/y4uLv8uLi7/Li4u/ywsLP8rKyv/Kysr/yoqKv8rKyv/LCws/y0tLf8tLS3/LS0t/y0tLf8tLS3/LS0t/ywsLP8qKir/KSkp/ykpKf8pKSn/KSkp/yoqKv8sLCz/Li4u/zExMf81NTX/Ozs7/0NDQ/89PT3/NDQ0/zExMf8tLS3/LCws/yoqKv8rKyv/LCws/y0tLf8wMDD/MDAw/zAwMP8wMDD/Ly8v/y8vL/8vLy//MDAw/y4uLv8sLCz/LCws/ysrK/8sLCz/LS0t/y0tLf8sLCz/LCws/y0tLf8uLi7/Ly8v/zAwMP8wMDD/MDAw/zAwMP8vLy//Ly8v/y4uLv8uLi7/Ly8v/y8vL/8vLy//Ly8v/y8vL/8vLy//MDAw/zAwMP8vLy//Li4u/y4uLv8uLi7/LS0t/y0tLf8tLS3/Li4u/y4uLv8uLi7/Ly8v/zAwMP8xMTH/MjIy/zIyMv8xMTH/MDAw/y8vL/8wMDD/MTEx/zIyMv8xMTH/MTEx/zExMf8yMjL/MzMz/zMzM/8yMjL/MTEx/zExMf8xMTH/MDAw/y8vL/8vLy//Li4u/y4uLv8uLi7/Li4u/y4uLv8uLi7/Ly8v/y8vL/8uLi7/Li4u/y8vL/8wMDD/Ly8v/y8vL/8wMDD/MjIy/zMzM/80NDT/NDQ0/zMzM/8zMzP/MTEx/zExMf8xMTH/MTEx/zAwMP8vLy//Li4u/y0tLf8tLS3/Li4u/y4uLv8uLi7/Li4u/y8vL/8uLi7/Li4u/y4uLv8uLi7/Li4u/y4uLv8vLy//MDAw/zExMf8xMTH/MTEx/zExMf8xMTH/MTEx/zIyMv8xMTH/MDAw/zAwMP8wMDD/MTEx/zExMf8xMTH/MjIy/zIyMv8wMDD/MDAw/zExMf8xMTH/MTEx/zExMf8wMDD/MDAw/zIyMv80NDT/MzMz/zExMf8xMTH/MTEx/zExMf8xMTH/MTEx/zExMf8xMTH/MjIy/zIyMv8zMzP/MzMz/zMzM/8zMzP/MzMz/zMzM/8zMzP/MzMz/zIyMv8xMTH/MTEx/zIyMv8zMzP/NTU1/zU1Nf80NDT/MzMz/zIyMv8xMTH/MjIy/zIyMv8yMjL/MjIy/zIyMv8xMTH/MTEx/zExMf8xMTH/MDAw/zAwMP8vLy//Ly8v/y8vL/8wMDD/MjIy/zIyMv8yMjL/MzMz/zU1Nf82Njb/OTk5/zs7O/87Ozv/Ozs7/zs7O/88PDz/PDw8/zw8PP87Ozv/Ojo6/zo6Ov84ODj/OTk5/zw8PP8+Pj7/QUFB/0FBQf9BQUH/QEBA/z4+Pv88PDz/Ojo6/zk5Of84ODj/ODg4/zg4OP83Nzf/NjY2/zU1Nf82Njb/NjY2/zc3N/83Nzf/ODg4/zk5Of84ODj/NjY2/zU1Nf81NTX/NTU1/zU1Nf82Njb/NTU1/zQ0NP8zMzP/MzMz/zExMf8vLy//Ly8v/zAwMP8wMDD/MjIy/zIyMv80NDT/NTU1/zU1Nf81NTX/NTU1/zU1Nf80NDT/EhIS/xISEv8SEhL/ExMT/xMTE/8TExP/ExMT/xMTE/8TExP/ExMT/xMTE/8TExP/ExMT/xMTE/8TExP/ExMT/xQUFP8UFBT/FBQU/xQUFP8UFBT/FBQU/xMTE/8TExP/ExMT/xISEv8TExP/ExMT/xMTE/8TExP/ExMT/xMTE/8TExP/FBQU/xQUFP8UFBT/FBQU/xQUFP8UFBT/FBQU/xQUFP8UFBT/FBQU/xQUFP8UFBT/FBQU/xUVFf8VFRX/FRUV/xQUFP8TExP/ExMT/xMTE/8TExP/FBQU/xQUFP8UFBT/ExMT/xMTE/8TExP/FBQU/xQUFP8UFBT/FBQU/xQUFP8TExP/ExMT/xMTE/8TExP/ExMT/xMTE/8UFBT/FBQU/xQUFP8UFBT/FBQU/xQUFP8UFBT/FBQU/xQUFP8TExP/FBQU/xUVFf8VFRX/FBQU/xQUFP8VFRX/FRUV/xQUFP8UFBT/FBQU/xQUFP8UFBT/FBQU/xQUFP8VFRX/FRUV/xQUFP8UFBT/FBQU/xQUFP8UFBT/FBQU/xUVFf8VFRX/FRUV/xUVFf8VFRX/FRUV/xUVFf8VFRX/FRUV/xUVFf8VFRX/FRUV/xYWFv8XFxf/FhYW/xYWFv8WFhb/FRUV/xUVFf8VFRX/FRUV/xYWFv8WFhb/FhYW/xYWFv8WFhb/FhYW/xYWFv8WFhb/FhYW/xYWFv8WFhb/FhYW/xYWFv8WFhb/FhYW/xYWFv8WFhb/FxcX/xcXF/8XFxf/GBgY/xgYGP8YGBj/FxcX/xcXF/8YGBj/GBgY/xgYGP8YGBj/GBgY/xgYGP8YGBj/GBgY/xgYGP8ZGRn/GRkZ/xgYGP8YGBj/GBgY/xkZGf8ZGRn/GRkZ/xkZGf8ZGRn/GRkZ/xkZGf8ZGRn/GBgY/xgYGP8YGBj/GBgY/xgYGP8YGBj/GBgY/xgYGP8ZGRn/GRkZ/xkZGf8ZGRn/GRkZ/xkZGf8ZGRn/GRkZ/xkZGf8ZGRn/GRkZ/xoaGv8aGhr/Ghoa/xoaGv8aGhr/Ghoa/xoaGv8aGhr/Ghoa/xoaGv8aGhr/Ghoa/xsbG/8bGxv/Gxsb/xsbG/8bGxv/HBwc/xsbG/8aGhr/Gxsb/xwcHP8cHBz/HR0d/x0dHf8dHR3/HR0d/x0dHf8dHR3/HBwc/xwcHP8cHBz/HBwc/xsbG/8bGxv/HBwc/xwcHP8cHBz/HBwc/xwcHP8cHBz/HR0d/x0dHf8dHR3/HBwc/x0dHf8eHh7/Hh4e/x4eHv8eHh7/Hh4e/x4eHv8dHR3/HR0d/x4eHv8eHh7/Hh4e/x4eHv8eHh7/Hh4e/x4eHv8dHR3/HR0d/x4eHv8eHh7/Hh4e/x4eHv8eHh7/Hh4e/x8fH/8fHx//Hx8f/yAgIP8gICD/ICAg/x8fH/8fHx//Hx8f/x8fH/8fHx//ICAg/yAgIP8fHx//Hx8f/x8fH/8fHx//ICAg/yAgIP8gICD/ICAg/yAgIP8gICD/Hx8f/x8fH/8fHx//ICAg/yEhIf8hISH/ISEh/yIiIv8iIiL/IiIi/yIiIv8iIiL/IiIi/yEhIf8hISH/ICAg/yAgIP8gICD/ICAg/yAgIP8gICD/ICAg/yEhIf8hISH/ISEh/yEhIf8hISH/ISEh/yIiIv8iIiL/IiIi/yMjI/8iIiL/IiIi/yIiIv8iIiL/IiIi/yIiIv8iIiL/IiIi/yIiIv8iIiL/ISEh/yEhIf8hISH/IiIi/yIiIv8hISH/IiIi/yIiIv8iIiL/IiIi/yIiIv8iIiL/IiIi/yMjI/8yMjL/MjIy/zMzM/8yMjL/MjIy/zIyMv8xMTH/MDAw/y8vL/8uLi7/LS0t/y0tLf8wMDD/MDAw/zExMf8xMTH/MDAw/zAwMP8vLy//Ly8v/zExMf8zMzP/NDQ0/zU1Nf8zMzP/Ly8v/y4uLv8sLCz/LCws/ywsLP8sLCz/LS0t/y4uLv8tLS3/LCws/ysrK/8qKir/Kysr/ywsLP8rKyv/Kioq/ysrK/8rKyv/LCws/y0tLf8tLS3/LS0t/y0tLf8tLS3/LCws/ysrK/8rKyv/LCws/y0tLf8tLS3/LS0t/y0tLf8tLS3/LS0t/y0tLf8uLi7/MDAw/y8vL/8uLi7/LS0t/ysrK/8rKyv/LCws/y0tLf8uLi7/Ly8v/y0tLf8rKyv/Kysr/yoqKv8qKir/Kioq/ykpKf8pKSn/Jycn/yUlJf8lJSX/JCQk/yQkJP8mJib/JiYm/ycnJ/8oKCj/KCgo/ygoKP8qKir/Kysr/ysrK/8qKir/KSkp/ykpKf8oKCj/Jycn/ycnJ/8nJyf/Jycn/yYmJv8mJib/JSUl/yUlJf8mJib/JiYm/yYmJv8mJib/Jycn/ycnJ/8oKCj/KSkp/yoqKv8sLCz/LCws/y0tLf8sLCz/Kysr/ykpKf8nJyf/Jycn/ycnJ/8nJyf/Jycn/yYmJv8lJSX/JCQk/yIiIv8hISH/ISEh/yEhIf8hISH/IiIi/yMjI/8jIyP/IiIi/yAgIP8gICD/Hx8f/yAgIP8iIiL/IyMj/yUlJf8lJSX/JCQk/yQkJP8kJCT/JCQk/yQkJP8kJCT/JCQk/yUlJf8mJib/Jycn/yYmJv8lJSX/JCQk/yQkJP8kJCT/JiYm/yYmJv8kJCT/IyMj/yMjI/8jIyP/IyMj/yMjI/8jIyP/IyMj/yQkJP8kJCT/JCQk/yMjI/8jIyP/IyMj/yMjI/8iIiL/IiIi/yIiIv8iIiL/IyMj/yMjI/8jIyP/IyMj/yMjI/8jIyP/IyMj/yMjI/8iIiL/ICAg/yEhIf8hISH/IiIi/yIiIv8iIiL/IiIi/yIiIv8iIiL/ISEh/yEhIf8hISH/ISEh/yEhIf8hISH/ISEh/yMjI/8kJCT/JCQk/yQkJP8kJCT/IyMj/yMjI/8iIiL/IiIi/yIiIv8iIiL/IiIi/yIiIv8hISH/ISEh/yEhIf8hISH/ISEh/yEhIf8hISH/ICAg/yEhIf8hISH/ISEh/yAgIP8hISH/IyMj/yMjI/8iIiL/IiIi/yEhIf8hISH/ISEh/yAgIP8gICD/ICAg/yAgIP8gICD/ICAg/x8fH/8fHx//Hx8f/x8fH/8fHx//Hx8f/x4eHv8eHh7/HR0d/x0dHf8eHh7/Hh4e/x8fH/8fHx//Hx8f/x8fH/8fHx//Hx8f/x8fH/8eHh7/Hh4e/x4eHv8eHh7/Hh4e/x4eHv8eHh7/Hh4e/x4eHv8eHh7/Hh4e/x4eHv8eHh7/Hh4e/x0dHf8cHBz/HR0d/x0dHf8eHh7/Hh4e/x4eHv8eHh7/Hh4e/x0dHf8eHh7/Hh4e/x4eHv8eHh7/Hh4e/x4eHv8dHR3/HR0d/x0dHf8eHh7/Hh4e/x4eHv8fHx//Hx8f/x8fH/8fHx//Hh4e/x8fH/8gICD/Hx8f/x0dHf8dHR3/HR0d/x0dHf8eHh7/Hx8f/x4eHv8eHh7/HR0d/xwcHP8bGxv/Ghoa/xwcHP8dHR3/HBwc/xwcHP8bGxv/Ghoa/xsbG/8dHR3/HR0d/x4eHv8eHh7/Hh4e/x4eHv8dHR3/HR0d/x0dHf8dHR3/HR0d/zExMf8xMTH/MjIy/zIyMv8yMjL/MzMz/zQ0NP80NDT/NDQ0/zU1Nf81NTX/NTU1/zIyMv8xMTH/MTEx/zIyMv8zMzP/MzMz/zMzM/8zMzP/MjIy/zIyMv8xMTH/MDAw/zExMf8zMzP/MjIy/zExMf8xMTH/MDAw/zAwMP8xMTH/MTEx/zIyMv8yMjL/MzMz/zQ0NP80NDT/NDQ0/zQ0NP80NDT/NTU1/zU1Nf81NTX/NDQ0/zU1Nf81NTX/NTU1/zU1Nf80NDT/MzMz/zMzM/80NDT/NjY2/zY2Nv83Nzf/NjY2/zQ0NP80NDT/MzMz/zQ0NP81NTX/NTU1/zQ0NP80NDT/NDQ0/zQ0NP81NTX/NTU1/zQ0NP80NDT/NTU1/zY2Nv81NTX/MzMz/zQ0NP81NTX/MzMz/zIyMv8yMjL/MjIy/zIyMv8yMjL/MjIy/zExMf8yMjL/MjIy/zIyMv8zMzP/MzMz/zIyMv8yMjL/MjIy/zMzM/80NDT/NDQ0/zU1Nf82Njb/NDQ0/zIyMv8yMjL/MjIy/zIyMv8yMjL/MzMz/zMzM/8yMjL/MjIy/zIyMv8yMjL/MjIy/zMzM/8zMzP/NDQ0/zQ0NP80NDT/MzMz/zMzM/8yMjL/MzMz/zQ0NP81NTX/NTU1/zU1Nf81NTX/NTU1/zU1Nf80NDT/NDQ0/zQ0NP81NTX/NTU1/zQ0NP8yMjL/MjIy/zIyMv8zMzP/MzMz/zMzM/8yMjL/MjIy/zMzM/8zMzP/MjIy/zIyMv8xMTH/MTEx/zAwMP8wMDD/MDAw/zAwMP8xMTH/MjIy/zMzM/8zMzP/MzMz/zMzM/80NDT/NDQ0/zQ0NP8zMzP/MzMz/zQ0NP80NDT/NDQ0/zMzM/8yMjL/MTEx/zIyMv8zMzP/MzMz/zMzM/8zMzP/NDQ0/zQ0NP8zMzP/MzMz/zU1Nf82Njb/ODg4/zg4OP82Njb/NTU1/zQ0NP8zMzP/MzMz/zMzM/8yMjL/MTEx/zIyMv8zMzP/MzMz/zMzM/8zMzP/NDQ0/zQ0NP8zMzP/MjIy/zExMf8xMTH/MTEx/zIyMv80NDT/NDQ0/zMzM/8yMjL/MTEx/zAwMP8wMDD/MDAw/zExMf8zMzP/NDQ0/zY2Nv82Njb/NTU1/zU1Nf81NTX/NTU1/zU1Nf82Njb/NjY2/zY2Nv82Njb/NTU1/zQ0NP80NDT/NTU1/zU1Nf81NTX/NDQ0/zU1Nf82Njb/NjY2/zc3N/83Nzf/NjY2/zU1Nf81NTX/NDQ0/zIyMv8yMjL/MzMz/zMzM/8zMzP/MjIy/zQ0NP81NTX/NDQ0/zMzM/8yMjL/MTEx/zExMf8yMjL/MzMz/zU1Nf81NTX/NDQ0/zMzM/80NDT/NTU1/zY2Nv83Nzf/NTU1/zQ0NP80NDT/NDQ0/zQ0NP80NDT/MzMz/zMzM/8zMzP/MjIy/zIyMv8xMTH/MDAw/y8vL/8vLy//Ly8v/y8vL/8xMTH/MjIy/zQ0NP82Njb/NjY2/zY2Nv82Njb/NjY2/zc3N/86Ojr/Ojo6/zg4OP84ODj/OTk5/zg4OP82Njb/NTU1/zU1Nf82Njb/NDQ0/zIyMv8yMjL/MjIy/zIyMv8yMjL/MjIy/zIyMv8yMjL/MTEx/zIyMv80NDT/NDQ0/zMzM/8zMzP/MzMz/zMzM/82Njb/ODg4/zY2Nv8zMzP/MzMz/zMzM/8zMzP/MzMz/zU1Nf83Nzf/Nzc3/zY2Nv81NTX/MzMz/zIyMv8xMTH/MDAw/y8vL/8vLy//MDAw/zAwMP8xMTH/ISEh/yIiIv8iIiL/IiIi/yIiIv8iIiL/IiIi/yIiIv8iIiL/IiIi/yIiIv8iIiL/ISEh/yEhIf8hISH/ISEh/yEhIf8hISH/ISEh/yEhIf8hISH/ISEh/yIiIv8iIiL/IyMj/yMjI/8jIyP/IyMj/yMjI/8iIiL/IiIi/yIiIv8iIiL/IyMj/yMjI/8jIyP/IyMj/yQkJP8kJCT/JCQk/yQkJP8mJib/KSkp/ykpKf8pKSn/KSkp/yoqKv8qKir/Kioq/yoqKv8qKir/Kysr/ywsLP8sLCz/Kysr/yoqKv8qKir/KSkp/yoqKv8qKir/Kysr/ysrK/8tLS3/Li4u/y4uLv8uLi7/LS0t/ysrK/8rKyv/Kysr/ysrK/8rKyv/LCws/y4uLv8wMDD/MjIy/zU1Nf82Njb/NjY2/zQ0NP8yMjL/MDAw/y0tLf8tLS3/LCws/ywsLP8rKyv/LCws/y8vL/8wMDD/Ly8v/y8vL/8vLy//Li4u/zAwMP8yMjL/Ly8v/y0tLf8tLS3/LS0t/y0tLf8tLS3/LS0t/y4uLv8uLi7/Li4u/y8vL/8vLy//Ly8v/zAwMP8wMDD/MDAw/zAwMP8vLy//Ly8v/y4uLv8uLi7/Li4u/y4uLv8uLi7/Li4u/y8vL/8wMDD/Ly8v/y4uLv8tLS3/LS0t/ywsLP8sLCz/LCws/y0tLf8vLy//MDAw/zExMf8yMjL/MzMz/zQ0NP80NDT/NDQ0/zQ0NP8zMzP/MTEx/zExMf8xMTH/MTEx/zExMf8xMTH/MTEx/zExMf8zMzP/NDQ0/zMzM/8yMjL/MTEx/zAwMP8vLy//Li4u/y4uLv8uLi7/Li4u/y8vL/8wMDD/MDAw/zExMf8xMTH/MjIy/zIyMv8yMjL/NTU1/zc3N/80NDT/MjIy/zExMf8xMTH/MTEx/zExMf8xMTH/MTEx/zAwMP8vLy//Li4u/y4uLv8uLi7/LS0t/y0tLf8tLS3/LS0t/y0tLf8tLS3/LS0t/y0tLf8uLi7/MDAw/y8vL/8uLi7/Ly8v/zAwMP8wMDD/MDAw/zAwMP8wMDD/MDAw/zAwMP8wMDD/MDAw/y8vL/8wMDD/MTEx/zAwMP8vLy//MDAw/zExMf8xMTH/MjIy/zIyMv8xMTH/MTEx/zAwMP8wMDD/MTEx/zExMf8yMjL/MjIy/zExMf8wMDD/MjIy/zMzM/8xMTH/Ly8v/zAwMP8wMDD/MDAw/zAwMP8wMDD/MDAw/zExMf8yMjL/MjIy/zExMf8xMTH/MTEx/zExMf8yMjL/MjIy/zIyMv8yMjL/MjIy/zExMf8xMTH/MTEx/zMzM/81NTX/NTU1/zQ0NP8zMzP/MjIy/zIyMv8yMjL/MjIy/zExMf8xMTH/MDAw/y8vL/8wMDD/MTEx/zExMf8yMjL/MTEx/y8vL/8vLy//MDAw/zAwMP8wMDD/MDAw/zAwMP8wMDD/MTEx/zExMf80NDT/NTU1/zY2Nv83Nzf/ODg4/zk5Of86Ojr/Ozs7/zw8PP89PT3/PDw8/zo6Ov87Ozv/PT09/z8/P/9CQkL/RERE/0NDQ/9DQ0P/Pz8//z09Pf86Ojr/ODg4/zg4OP83Nzf/NjY2/zU1Nf81NTX/NDQ0/zU1Nf81NTX/NTU1/zY2Nv82Njb/Nzc3/zc3N/82Njb/NjY2/zQ0NP8zMzP/NDQ0/zQ0NP81NTX/NTU1/zQ0NP8yMjL/MTEx/y4uLv8uLi7/Li4u/y8vL/8wMDD/MTEx/zExMf8xMTH/MTEx/zExMf8yMjL/MjIy/zIyMv8UFBT/FBQU/xQUFP8UFBT/FBQU/xQUFP8UFBT/FBQU/xQUFP8UFBT/FBQU/xQUFP8TExP/ExMT/xQUFP8UFBT/FRUV/xUVFf8UFBT/ExMT/xMTE/8TExP/ExMT/xMTE/8TExP/ExMT/xMTE/8TExP/ExMT/xQUFP8UFBT/FBQU/xQUFP8TExP/ExMT/xMTE/8TExP/ExMT/xMTE/8UFBT/FBQU/xQUFP8UFBT/FBQU/xQUFP8UFBT/FBQU/xQUFP8UFBT/FBQU/xMTE/8TExP/ExMT/xMTE/8UFBT/FBQU/xQUFP8UFBT/FBQU/xQUFP8UFBT/FRUV/xUVFf8UFBT/FBQU/xQUFP8UFBT/FBQU/xQUFP8UFBT/FBQU/xUVFf8VFRX/FRUV/xUVFf8VFRX/FRUV/xQUFP8UFBT/FBQU/xQUFP8UFBT/FRUV/xUVFf8VFRX/FRUV/xYWFv8WFhb/FhYW/xYWFv8VFRX/FRUV/xQUFP8UFBT/FBQU/xQUFP8UFBT/FRUV/xUVFf8WFhb/FRUV/xUVFf8VFRX/FRUV/xUVFf8WFhb/FhYW/xYWFv8WFhb/FhYW/xYWFv8WFhb/FhYW/xYWFv8WFhb/FhYW/xYWFv8WFhb/FhYW/xYWFv8WFhb/FhYW/xYWFv8WFhb/FxcX/xcXF/8XFxf/FxcX/xcXF/8XFxf/FxcX/xcXF/8XFxf/FxcX/xcXF/8XFxf/FxcX/xYWFv8WFhb/FhYW/xYWFv8WFhb/FhYW/xcXF/8XFxf/FxcX/xcXF/8XFxf/FhYW/xYWFv8WFhb/FhYW/xYWFv8WFhb/FhYW/xYWFv8WFhb/FxcX/xgYGP8YGBj/FxcX/xYWFv8WFhb/FxcX/xcXF/8XFxf/GBgY/xgYGP8YGBj/GBgY/xgYGP8XFxf/FxcX/xcXF/8XFxf/FxcX/xcXF/8XFxf/FxcX/xcXF/8XFxf/FxcX/xcXF/8XFxf/FxcX/xgYGP8YGBj/GBgY/xgYGP8ZGRn/GRkZ/xkZGf8ZGRn/GRkZ/xkZGf8ZGRn/GBgY/xgYGP8YGBj/GBgY/xkZGf8ZGRn/Ghoa/xoaGv8aGhr/Ghoa/xsbG/8bGxv/Ghoa/xgYGP8ZGRn/Ghoa/xsbG/8bGxv/HBwc/xwcHP8cHBz/HBwc/xwcHP8bGxv/Gxsb/xsbG/8bGxv/Gxsb/xsbG/8cHBz/HBwc/xwcHP8bGxv/Gxsb/xsbG/8cHBz/HR0d/x0dHf8dHR3/HR0d/x0dHf8dHR3/HR0d/x0dHf8dHR3/HR0d/x4eHv8eHh7/Hh4e/x8fH/8eHh7/HR0d/x0dHf8dHR3/HR0d/x0dHf8dHR3/HR0d/x0dHf8dHR3/HR0d/x0dHf8dHR3/Hh4e/x4eHv8fHx//Hx8f/x8fH/8fHx//Hx8f/x4eHv8eHh7/Hh4e/x8fH/8fHx//Hx8f/yAgIP8gICD/Hx8f/x4eHv8fHx//Hx8f/x8fH/8eHh7/Hh4e/x4eHv8eHh7/HR0d/x4eHv8fHx//ICAg/yAgIP8gICD/ISEh/yEhIf8iIiL/IiIi/yIiIv8iIiL/ISEh/yAgIP8fHx//Hh4e/x8fH/8fHx//ICAg/yAgIP8gICD/ISEh/yEhIf8gICD/ICAg/yAgIP8gICD/ICAg/yEhIf8iIiL/IiIi/yEhIf8hISH/ISEh/yAgIP8gICD/ICAg/yAgIP8gICD/ISEh/yEhIf8hISH/ISEh/yEhIf8hISH/ISEh/yAgIP8gICD/ICAg/yAgIP8hISH/ISEh/yEhIf8gICD/ISEh/zIyMv8zMzP/MzMz/zIyMv8xMTH/MTEx/zIyMv8xMTH/MDAw/zAwMP8vLy//Ly8v/zAwMP8xMTH/MTEx/zExMf8xMTH/MTEx/zAwMP8wMDD/MjIy/zQ0NP81NTX/NjY2/zU1Nf8zMzP/MjIy/zExMf8wMDD/Ly8v/y8vL/8vLy//Ly8v/y8vL/8uLi7/LS0t/ywsLP8tLS3/Li4u/y4uLv8tLS3/LS0t/y4uLv8uLi7/Ly8v/y8vL/8vLy//Ly8v/y4uLv8uLi7/LCws/ywsLP8tLS3/Li4u/y4uLv8uLi7/Li4u/y4uLv8uLi7/Li4u/y4uLv8uLi7/Li4u/y4uLv8uLi7/LS0t/y0tLf8tLS3/LS0t/y8vL/8vLy//LS0t/y0tLf8tLS3/LS0t/ywsLP8sLCz/Kysr/ysrK/8qKir/KCgo/ygoKP8nJyf/KCgo/ygoKP8pKSn/Kioq/yoqKv8qKir/Kioq/ysrK/8sLCz/Kysr/yoqKv8qKir/Kioq/yoqKv8qKir/Kioq/yoqKv8qKir/Kioq/yoqKv8oKCj/KCgo/ykpKf8pKSn/KSkp/ykpKf8pKSn/KSkp/yoqKv8rKyv/LCws/y0tLf8tLS3/Li4u/y0tLf8sLCz/Kysr/ykpKf8pKSn/KSkp/ykpKf8pKSn/KSkp/ycnJ/8mJib/JiYm/yUlJf8kJCT/JCQk/yQkJP8kJCT/JSUl/yYmJv8lJSX/IyMj/yMjI/8iIiL/IyMj/yUlJf8mJib/Jycn/ycnJ/8mJib/JSUl/yUlJf8lJSX/JSUl/yUlJf8mJib/Jycn/ygoKP8pKSn/KSkp/ygoKP8nJyf/JiYm/yYmJv8nJyf/Jycn/yUlJf8lJSX/JSUl/yUlJf8lJSX/JSUl/yUlJf8mJib/JiYm/ycnJ/8nJyf/JiYm/yYmJv8mJib/JSUl/yQkJP8kJCT/JCQk/yQkJP8lJSX/JiYm/yUlJf8lJSX/JSUl/yUlJf8lJSX/JSUl/yQkJP8jIyP/IyMj/yMjI/8jIyP/JCQk/yQkJP8kJCT/JCQk/yMjI/8jIyP/IyMj/yMjI/8jIyP/IyMj/yMjI/8jIyP/JCQk/yUlJf8lJSX/JSUl/yUlJf8kJCT/JCQk/yQkJP8kJCT/JCQk/yQkJP8kJCT/IyMj/yMjI/8iIiL/IiIi/yIiIv8iIiL/IiIi/yIiIv8iIiL/IyMj/yMjI/8jIyP/IiIi/yMjI/8kJCT/JCQk/yMjI/8jIyP/IiIi/yIiIv8hISH/ISEh/yEhIf8hISH/ISEh/yEhIf8hISH/ICAg/yEhIf8hISH/ISEh/yAgIP8gICD/ICAg/x8fH/8fHx//Hx8f/yAgIP8gICD/ISEh/yEhIf8hISH/ICAg/yAgIP8gICD/ICAg/x8fH/8fHx//Hx8f/x8fH/8fHx//Hx8f/x8fH/8fHx//Hx8f/x8fH/8fHx//Hx8f/x8fH/8eHh7/Hh4e/x4eHv8eHh7/Hh4e/x8fH/8fHx//Hx8f/yAgIP8fHx//Hx8f/x8fH/8fHx//Hx8f/x8fH/8fHx//Hh4e/x4eHv8eHh7/Hh4e/x4eHv8fHx//Hx8f/x8fH/8fHx//ICAg/x8fH/8eHh7/Hh4e/x8fH/8fHx//HR0d/x0dHf8eHh7/Hh4e/x8fH/8fHx//Hx8f/x8fH/8eHh7/HR0d/xwcHP8bGxv/HBwc/x0dHf8cHBz/HBwc/xwcHP8bGxv/HBwc/x0dHf8eHh7/Hh4e/x4eHv8eHh7/Hh4e/x0dHf8dHR3/HR0d/x0dHf8dHR3/MTEx/zIyMv8yMjL/MjIy/zExMf8yMjL/NDQ0/zQ0NP80NDT/NDQ0/zY2Nv81NTX/MjIy/zIyMv8zMzP/MzMz/zQ0NP81NTX/NDQ0/zMzM/8zMzP/MTEx/zExMf8wMDD/MTEx/zMzM/8yMjL/MTEx/zExMf8xMTH/MTEx/zIyMv8zMzP/MzMz/zMzM/8zMzP/MzMz/zMzM/8zMzP/NDQ0/zQ0NP81NTX/Nzc3/zc3N/82Njb/NjY2/zY2Nv82Njb/NDQ0/zQ0NP8zMzP/MzMz/zQ0NP80NDT/NTU1/zU1Nf80NDT/MzMz/zMzM/8zMzP/NDQ0/zU1Nf81NTX/NDQ0/zQ0NP8zMzP/NDQ0/zQ0NP80NDT/NTU1/zY2Nv83Nzf/ODg4/zg4OP83Nzf/Nzc3/zc3N/81NTX/MzMz/zIyMv8xMTH/MTEx/zAwMP8xMTH/MTEx/zExMf8yMjL/MjIy/zMzM/8zMzP/MzMz/zIyMv8yMjL/MzMz/zMzM/8zMzP/MzMz/zQ0NP8zMzP/MjIy/zIyMv8yMjL/MzMz/zU1Nf81NTX/NDQ0/zMzM/8xMTH/MTEx/zExMf8yMjL/MjIy/zIyMv8zMzP/NDQ0/zQ0NP80NDT/MzMz/zIyMv8zMzP/MzMz/zMzM/8zMzP/MzMz/zMzM/8zMzP/NDQ0/zU1Nf81NTX/NTU1/zY2Nv82Njb/NjY2/zU1Nf80NDT/NDQ0/zMzM/8zMzP/MjIy/zExMf8xMTH/MjIy/zIyMv8xMTH/MTEx/zExMf8xMTH/MDAw/zAwMP8vLy//Ly8v/zAwMP8xMTH/MTEx/zIyMv8yMjL/MzMz/zQ0NP81NTX/NDQ0/zIyMv8yMjL/MzMz/zMzM/8zMzP/MzMz/zIyMv8xMTH/MTEx/zExMf8xMTH/MTEx/zExMf8yMjL/MTEx/zAwMP8xMTH/MzMz/zQ0NP81NTX/NTU1/zQ0NP8zMzP/MzMz/zMzM/8zMzP/MzMz/zMzM/8yMjL/MzMz/zU1Nf80NDT/NDQ0/zQ0NP80NDT/NDQ0/zIyMv8xMTH/MDAw/zAwMP8xMTH/MTEx/zMzM/8zMzP/MjIy/zIyMv8xMTH/MDAw/zAwMP8wMDD/MDAw/zExMf8yMjL/NDQ0/zQ0NP80NDT/NDQ0/zU1Nf81NTX/NDQ0/zQ0NP80NDT/NDQ0/zQ0NP8zMzP/MzMz/zIyMv8yMjL/MzMz/zMzM/8zMzP/MzMz/zQ0NP81NTX/NjY2/zY2Nv81NTX/NTU1/zQ0NP8zMzP/MjIy/zIyMv8zMzP/MzMz/zMzM/8zMzP/NDQ0/zU1Nf80NDT/MzMz/zMzM/8yMjL/MjIy/zIyMv8yMjL/NDQ0/zQ0NP8zMzP/MzMz/zQ0NP80NDT/NTU1/zU1Nf80NDT/NDQ0/zMzM/8zMzP/MzMz/zMzM/8zMzP/MzMz/zIyMv8yMjL/MjIy/zIyMv8yMjL/MTEx/zAwMP8wMDD/MDAw/zExMf8yMjL/MzMz/zU1Nf81NTX/NDQ0/zQ0NP81NTX/NjY2/zg4OP84ODj/ODg4/zg4OP84ODj/Nzc3/zU1Nf80NDT/NTU1/zU1Nf8zMzP/MjIy/zIyMv8yMjL/MzMz/zMzM/80NDT/NTU1/zU1Nf81NTX/NTU1/zY2Nv82Njb/NDQ0/zQ0NP8zMzP/MzMz/zU1Nf82Njb/NTU1/zQ0NP80NDT/MzMz/zQ0NP80NDT/NjY2/zg4OP84ODj/NjY2/zU1Nf80NDT/MzMz/zIyMv8yMjL/MjIy/zExMf8yMjL/MjIy/zIyMv8gICD/ISEh/yEhIf8hISH/ISEh/yEhIf8hISH/ISEh/yEhIf8hISH/ISEh/yEhIf8hISH/ICAg/yEhIf8hISH/ISEh/yEhIf8hISH/ISEh/yEhIf8hISH/ISEh/yEhIf8iIiL/IiIi/yIiIv8iIiL/IiIi/yEhIf8hISH/IiIi/yIiIv8iIiL/IiIi/yIiIv8iIiL/IyMj/yMjI/8kJCT/JCQk/yYmJv8pKSn/KSkp/ykpKf8pKSn/Kioq/yoqKv8qKir/Kysr/yoqKv8qKir/Kysr/ysrK/8qKir/KSkp/ykpKf8pKSn/Kioq/yoqKv8qKir/Kioq/ysrK/8tLS3/LS0t/ywsLP8sLCz/Kysr/ysrK/8rKyv/Kysr/ysrK/8sLCz/Li4u/y8vL/8xMTH/MzMz/zIyMv8yMjL/MTEx/zAwMP8vLy//LS0t/y0tLf8tLS3/LCws/ywsLP8sLCz/Ly8v/zAwMP8vLy//Ly8v/y8vL/8vLy//MTEx/zMzM/8xMTH/MDAw/y8vL/8vLy//Li4u/y0tLf8uLi7/Li4u/y8vL/8wMDD/MDAw/zAwMP8wMDD/MTEx/zIyMv8yMjL/MjIy/zIyMv8xMTH/MTEx/zAwMP8wMDD/Ly8v/y8vL/8vLy//Ly8v/zExMf8xMTH/Ly8v/y4uLv8uLi7/LS0t/y0tLf8sLCz/Li4u/y8vL/8wMDD/MTEx/zIyMv8zMzP/MzMz/zMzM/8zMzP/MzMz/zIyMv8xMTH/MTEx/zAwMP8wMDD/MTEx/zExMf8xMTH/MjIy/zMzM/81NTX/NDQ0/zIyMv8xMTH/MDAw/y8vL/8uLi7/Li4u/y4uLv8uLi7/MDAw/zExMf8xMTH/MTEx/zExMf8xMTH/MTEx/zExMf8zMzP/NTU1/zMzM/8wMDD/MDAw/zAwMP8wMDD/MDAw/y8vL/8vLy//Li4u/y0tLf8tLS3/LS0t/y0tLf8tLS3/LS0t/y0tLf8tLS3/LS0t/ywsLP8tLS3/LS0t/y4uLv8vLy//Ly8v/y4uLv8vLy//MDAw/zExMf8wMDD/MDAw/zAwMP8wMDD/MDAw/zAwMP8vLy//Ly8v/zAwMP8xMTH/MDAw/y8vL/8wMDD/MTEx/zExMf8xMTH/MTEx/zExMf8xMTH/MDAw/zAwMP8xMTH/MTEx/zExMf8yMjL/MTEx/zAwMP8xMTH/MjIy/zExMf8vLy//Ly8v/zAwMP8wMDD/MDAw/zAwMP8wMDD/MDAw/zIyMv8yMjL/MTEx/zAwMP8xMTH/MTEx/zExMf8yMjL/MjIy/zIyMv8yMjL/MTEx/zExMf8xMTH/MjIy/zQ0NP80NDT/MzMz/zMzM/8yMjL/MTEx/zExMf8xMTH/MTEx/zAwMP8wMDD/Ly8v/zAwMP8xMTH/MTEx/zExMf8wMDD/Ly8v/y8vL/8vLy//Ly8v/y8vL/8vLy//Ly8v/y8vL/8wMDD/MDAw/zIyMv8zMzP/NDQ0/zQ0NP82Njb/Nzc3/zg4OP85OTn/Ozs7/zw8PP87Ozv/Ojo6/zo6Ov89PT3/Pj4+/0BAQP9BQUH/QUFB/0BAQP89PT3/Ozs7/zk5Of83Nzf/Nzc3/zY2Nv82Njb/NTU1/zQ0NP80NDT/NTU1/zY2Nv82Njb/Nzc3/zc3N/83Nzf/Nzc3/zY2Nv82Njb/NDQ0/zMzM/80NDT/NTU1/zU1Nf82Njb/NTU1/zMzM/8yMjL/MDAw/y8vL/8vLy//Ly8v/y8vL/8vLy//MDAw/zAwMP8wMDD/MDAw/zExMf8xMTH/MTEx/xQUFP8UFBT/FBQU/xQUFP8UFBT/FBQU/xQUFP8UFBT/FBQU/xQUFP8UFBT/FBQU/xMTE/8TExP/ExMT/xQUFP8UFBT/FBQU/xQUFP8TExP/ExMT/xMTE/8TExP/ExMT/xMTE/8TExP/ExMT/xMTE/8TExP/FBQU/xQUFP8UFBT/FBQU/xQUFP8TExP/ExMT/xMTE/8TExP/ExMT/xQUFP8UFBT/FBQU/xQUFP8UFBT/FBQU/xQUFP8UFBT/FBQU/xQUFP8UFBT/ExMT/xMTE/8TExP/ExMT/xQUFP8UFBT/FBQU/xQUFP8UFBT/FBQU/xUVFf8VFRX/FRUV/xQUFP8UFBT/FBQU/xQUFP8UFBT/FBQU/xQUFP8UFBT/FRUV/xUVFf8VFRX/FRUV/xUVFf8VFRX/FRUV/xQUFP8UFBT/FBQU/xQUFP8VFRX/FRUV/xUVFf8VFRX/FhYW/xYWFv8WFhb/FhYW/xUVFf8VFRX/FRUV/xQUFP8UFBT/FBQU/xUVFf8VFRX/FRUV/xUVFf8VFRX/FRUV/xUVFf8VFRX/FRUV/xYWFv8WFhb/FhYW/xYWFv8WFhb/FhYW/xYWFv8WFhb/FhYW/xYWFv8WFhb/FhYW/xYWFv8WFhb/FhYW/xYWFv8WFhb/FhYW/xYWFv8XFxf/FxcX/xYWFv8WFhb/FxcX/xcXF/8XFxf/FxcX/xcXF/8XFxf/FxcX/xcXF/8WFhb/FhYW/xYWFv8XFxf/FxcX/xcXF/8XFxf/FxcX/xgYGP8YGBj/FxcX/xcXF/8XFxf/FhYW/xYWFv8WFhb/FhYW/xYWFv8XFxf/FxcX/xcXF/8YGBj/GBgY/xgYGP8XFxf/FxcX/xcXF/8XFxf/FxcX/xgYGP8YGBj/GRkZ/xkZGf8ZGRn/GBgY/xgYGP8YGBj/GBgY/xgYGP8YGBj/GBgY/xgYGP8YGBj/GBgY/xgYGP8YGBj/GBgY/xgYGP8YGBj/GBgY/xkZGf8ZGRn/GRkZ/xkZGf8ZGRn/GRkZ/xkZGf8ZGRn/GRkZ/xkZGf8YGBj/GBgY/xgYGP8YGBj/GRkZ/xkZGf8ZGRn/GRkZ/xkZGf8ZGRn/Ghoa/xoaGv8ZGRn/GBgY/xkZGf8ZGRn/Ghoa/xoaGv8aGhr/Gxsb/xsbG/8bGxv/Gxsb/xoaGv8aGhr/Ghoa/xoaGv8aGhr/Ghoa/xoaGv8bGxv/Ghoa/xoaGv8aGhr/Ghoa/xsbG/8bGxv/HBwc/xwcHP8cHBz/HBwc/xwcHP8cHBz/HBwc/xwcHP8cHBz/HBwc/x0dHf8dHR3/HR0d/xwcHP8cHBz/HBwc/xwcHP8cHBz/HBwc/xwcHP8cHBz/HBwc/xwcHP8cHBz/HBwc/xwcHP8cHBz/HR0d/x0dHf8eHh7/Hh4e/x4eHv8dHR3/HR0d/x0dHf8dHR3/HR0d/x4eHv8eHh7/Hh4e/x4eHv8dHR3/HR0d/x4eHv8eHh7/HR0d/x0dHf8dHR3/HR0d/x0dHf8dHR3/HR0d/x4eHv8eHh7/Hx8f/x8fH/8fHx//ICAg/yEhIf8hISH/ISEh/yEhIf8gICD/Hx8f/x4eHv8eHh7/Hh4e/x8fH/8fHx//Hx8f/yAgIP8gICD/ICAg/x8fH/8gICD/ICAg/yAgIP8fHx//ICAg/yEhIf8hISH/ISEh/yAgIP8gICD/ICAg/yAgIP8gICD/ICAg/yAgIP8gICD/ICAg/yAgIP8gICD/ICAg/yAgIP8gICD/Hx8f/x8fH/8gICD/ICAg/yAgIP8gICD/ICAg/yAgIP8gICD/NTU1/zU1Nf81NTX/MzMz/zAwMP8xMTH/MzMz/zMzM/81NTX/NDQ0/zMzM/8yMjL/MTEx/zExMf8yMjL/MjIy/zIyMv8zMzP/MzMz/zQ0NP81NTX/Nzc3/zk5Of87Ozv/Ozs7/zw8PP87Ozv/OTk5/zc3N/80NDT/MzMz/zIyMv8yMjL/MzMz/zMzM/8yMjL/MTEx/zIyMv8zMzP/MzMz/zIyMv8zMzP/MzMz/zMzM/80NDT/MzMz/zMzM/8zMzP/MjIy/zExMf8wMDD/Ly8v/zAwMP8xMTH/MDAw/y8vL/8wMDD/MDAw/zAwMP8vLy//Li4u/y0tLf8uLi7/MDAw/zAwMP8vLy//MDAw/zExMf8xMTH/Ly8v/y8vL/8wMDD/MDAw/zExMf8yMjL/MjIy/zExMf8wMDD/MDAw/y8vL/8uLi7/Ly8v/zAwMP8vLy//Li4u/y8vL/8vLy//Ly8v/y0tLf8sLCz/LCws/ywsLP8rKyv/Kysr/ywsLP8sLCz/Li4u/y8vL/8vLy//Ly8v/zAwMP8yMjL/MTEx/zAwMP8wMDD/Ly8v/y8vL/8wMDD/MDAw/y8vL/8uLi7/Li4u/y4uLv8vLy//Ly8v/y8vL/8vLy//Ly8v/y4uLv8uLi7/Li4u/y0tLf8tLS3/LS0t/y0tLf8tLS3/LCws/ywsLP8sLCz/LS0t/ysrK/8qKir/KSkp/ykpKf8qKir/Kysr/ysrK/8rKyv/Kioq/ykpKf8qKir/Kysr/ywsLP8sLCz/LCws/ysrK/8qKir/KSkp/ykpKf8pKSn/KSkp/yoqKv8rKyv/LCws/y0tLf8tLS3/LS0t/ywsLP8sLCz/Kysr/ysrK/8qKir/KSkp/ygoKP8pKSn/Kioq/ykpKf8pKSn/Kioq/ysrK/8sLCz/LS0t/ywsLP8rKyv/Kysr/ysrK/8qKir/Jycn/ycnJ/8oKCj/KCgo/yoqKv8qKir/KSkp/ykpKf8pKSn/KSkp/ykpKf8pKSn/KCgo/ygoKP8nJyf/JiYm/ycnJ/8oKCj/KCgo/ygoKP8oKCj/KCgo/ygoKP8oKCj/KCgo/ygoKP8oKCj/Jycn/yYmJv8nJyf/KCgo/ygoKP8oKCj/Jycn/yYmJv8nJyf/Jycn/ycnJ/8nJyf/Jycn/yYmJv8mJib/JSUl/yUlJf8kJCT/JCQk/yQkJP8kJCT/JSUl/yYmJv8nJyf/KCgo/ycnJ/8nJyf/Jycn/yYmJv8mJib/JSUl/yQkJP8kJCT/JCQk/yMjI/8jIyP/JCQk/yQkJP8jIyP/IyMj/yMjI/8jIyP/JCQk/yQkJP8jIyP/IiIi/yIiIv8iIiL/IiIi/yMjI/8jIyP/IyMj/yMjI/8kJCT/JCQk/yQkJP8jIyP/IyMj/yIiIv8iIiL/ISEh/yEhIf8hISH/IiIi/yIiIv8iIiL/IiIi/yIiIv8iIiL/IiIi/yAgIP8gICD/ICAg/yAgIP8gICD/ICAg/yAgIP8gICD/ICAg/yEhIf8iIiL/IyMj/yIiIv8hISH/ISEh/yEhIf8hISH/ISEh/yAgIP8fHx//Hx8f/x8fH/8gICD/ICAg/yAgIP8gICD/ICAg/yAgIP8hISH/ICAg/x4eHv8eHh7/HR0d/x4eHv8eHh7/Hh4e/x8fH/8gICD/ICAg/yEhIf8hISH/ICAg/x8fH/8eHh7/Hh4e/x0dHf8dHR3/HBwc/xwcHP8bGxv/HBwc/x0dHf8eHh7/Hx8f/x8fH/8fHx//Hx8f/x4eHv8eHh7/HR0d/x0dHf8eHh7/Hh4e/x4eHv8zMzP/MzMz/zMzM/8yMjL/MTEx/zIyMv8zMzP/MzMz/zMzM/80NDT/Nzc3/zc3N/81NTX/NTU1/zc3N/84ODj/ODg4/zg4OP83Nzf/NjY2/zMzM/8wMDD/MDAw/y8vL/8wMDD/MjIy/zIyMv8yMjL/MjIy/zMzM/80NDT/NTU1/zU1Nf81NTX/NDQ0/zMzM/8yMjL/MzMz/zMzM/80NDT/NTU1/zc3N/87Ozv/Ozs7/zs7O/86Ojr/OTk5/zg4OP81NTX/NDQ0/zMzM/8zMzP/MzMz/zIyMv8yMjL/MTEx/zIyMv8yMjL/MzMz/zQ0NP80NDT/NTU1/zU1Nf80NDT/MzMz/zIyMv8yMjL/MjIy/zMzM/82Njb/ODg4/zs7O/89PT3/Pj4+/0BAQP8+Pj7/PT09/zo6Ov82Njb/NDQ0/zAwMP8wMDD/Ly8v/zAwMP8xMTH/MTEx/zExMf8yMjL/NDQ0/zU1Nf80NDT/NDQ0/zQ0NP80NDT/MzMz/zExMf8yMjL/MjIy/zMzM/80NDT/NDQ0/zQ0NP82Njb/Ojo6/zo6Ov83Nzf/NTU1/zExMf8wMDD/MTEx/zExMf8xMTH/MTEx/zIyMv8zMzP/NDQ0/zU1Nf81NTX/NDQ0/zQ0NP8yMjL/MjIy/zExMf8xMTH/MTEx/zIyMv81NTX/NjY2/zc3N/83Nzf/ODg4/zk5Of87Ozv/PDw8/zo6Ov83Nzf/NjY2/zMzM/8yMjL/MDAw/zAwMP8wMDD/MDAw/zAwMP8wMDD/MTEx/zExMf8xMTH/MTEx/zAwMP8vLy//MDAw/zAwMP8wMDD/Ly8v/zAwMP8zMzP/NDQ0/zY2Nv81NTX/MjIy/zExMf8xMTH/MTEx/zQ0NP80NDT/MzMz/zIyMv8wMDD/Li4u/y4uLv8uLi7/Li4u/y4uLv8tLS3/LCws/y0tLf8vLy//Ly8v/zAwMP8wMDD/MTEx/zExMf8yMjL/MjIy/zMzM/80NDT/NDQ0/zQ0NP81NTX/Nzc3/zY2Nv82Njb/NTU1/zMzM/8yMjL/MDAw/y8vL/8tLS3/LS0t/y4uLv8vLy//MDAw/zExMf8xMTH/MTEx/zExMf8wMDD/Ly8v/y4uLv8uLi7/LS0t/y4uLv8xMTH/MjIy/zMzM/80NDT/NDQ0/zQ0NP80NDT/MzMz/zIyMv8yMjL/MTEx/zExMf8vLy//Li4u/y8vL/8vLy//Ly8v/zAwMP8wMDD/MTEx/zIyMv80NDT/NDQ0/zQ0NP8zMzP/MTEx/zExMf8yMjL/MjIy/zIyMv8yMjL/MjIy/zIyMv8zMzP/NDQ0/zQ0NP8zMzP/MzMz/zMzM/8zMzP/MjIy/zIyMv8wMDD/MDAw/zExMf8yMjL/MjIy/zIyMv8yMjL/MjIy/zMzM/8zMzP/MjIy/zExMf8xMTH/MTEx/zAwMP8wMDD/MDAw/zAwMP8xMTH/MzMz/zMzM/8zMzP/MzMz/zMzM/8yMjL/MjIy/zExMf8yMjL/MjIy/zExMf8xMTH/MTEx/zIyMv8zMzP/NDQ0/zU1Nf83Nzf/NjY2/zU1Nf80NDT/NDQ0/zMzM/8zMzP/MzMz/zIyMv8xMTH/MjIy/zIyMv80NDT/NjY2/zg4OP85OTn/Ojo6/zs7O/87Ozv/OTk5/zg4OP82Njb/NTU1/zMzM/8yMjL/MzMz/zQ0NP81NTX/NjY2/zY2Nv82Njb/NjY2/zY2Nv84ODj/Ojo6/zg4OP81NTX/NDQ0/zQ0NP80NDT/NDQ0/zU1Nf81NTX/NjY2/zY2Nv83Nzf/NjY2/x8fH/8fHx//Hx8f/yAgIP8gICD/ICAg/yAgIP8gICD/ICAg/x8fH/8fHx//Hx8f/x8fH/8fHx//ICAg/yAgIP8gICD/ICAg/yAgIP8gICD/ICAg/yAgIP8gICD/ICAg/yAgIP8gICD/ISEh/yEhIf8hISH/ISEh/yEhIf8hISH/ISEh/yAgIP8gICD/ISEh/yEhIf8hISH/ISEh/yMjI/8lJSX/JiYm/ygoKP8oKCj/KSkp/ykpKf8pKSn/Kioq/ysrK/8sLCz/Kysr/ysrK/8qKir/KSkp/ykpKf8oKCj/KSkp/ykpKf8qKir/Kysr/yoqKv8pKSn/KSkp/ykpKf8pKSn/KSkp/ykpKf8rKyv/Kysr/yoqKv8qKir/Kysr/ysrK/8sLCz/LS0t/y4uLv8vLy//Li4u/y0tLf8uLi7/Li4u/y4uLv8sLCz/LS0t/y4uLv8tLS3/LS0t/y0tLf8wMDD/MTEx/zAwMP8vLy//MDAw/zExMf8yMjL/NDQ0/zQ0NP81NTX/MzMz/zExMf8wMDD/Li4u/y4uLv8vLy//MDAw/zIyMv8zMzP/MzMz/zMzM/80NDT/NDQ0/zY2Nv83Nzf/NTU1/zQ0NP80NDT/NTU1/zMzM/8xMTH/MDAw/zAwMP8xMTH/NDQ0/zQ0NP8yMjL/MTEx/zAwMP8wMDD/Ly8v/y4uLv8vLy//Ly8v/zAwMP8wMDD/MTEx/zExMf8xMTH/Ly8v/zAwMP8wMDD/MDAw/zAwMP8wMDD/Ly8v/y8vL/8wMDD/MDAw/zExMf8yMjL/NDQ0/zc3N/81NTX/MzMz/zIyMv8wMDD/Ly8v/y0tLf8tLS3/LS0t/y4uLv8xMTH/MjIy/zExMf8wMDD/Ly8v/y4uLv8uLi7/Li4u/y8vL/8wMDD/Li4u/y0tLf8uLi7/Li4u/y4uLv8tLS3/LS0t/y0tLf8sLCz/LCws/ywsLP8sLCz/LCws/ywsLP8sLCz/LS0t/y0tLf8sLCz/Kysr/ywsLP8sLCz/LS0t/y0tLf8uLi7/Li4u/y8vL/8xMTH/MTEx/zExMf8xMTH/MDAw/y8vL/8vLy//Ly8v/zAwMP8wMDD/MDAw/zExMf8wMDD/MDAw/zAwMP8wMDD/MDAw/zAwMP8xMTH/MTEx/zExMf8xMTH/MTEx/zAwMP8wMDD/MTEx/zExMf8xMTH/MTEx/zExMf8wMDD/MDAw/y8vL/8vLy//Ly8v/zAwMP8xMTH/MDAw/y8vL/8vLy//MDAw/zExMf8xMTH/MTEx/zExMf8xMTH/MTEx/zExMf8yMjL/MzMz/zIyMv8yMjL/MjIy/zExMf8yMjL/MjIy/zIyMv8yMjL/MjIy/zAwMP8wMDD/MDAw/zAwMP8wMDD/Ly8v/zAwMP8wMDD/MDAw/zAwMP8vLy//Ly8v/y8vL/8vLy//Ly8v/y4uLv8uLi7/Li4u/y4uLv8uLi7/Li4u/y8vL/8vLy//MDAw/zExMf8xMTH/MTEx/zIyMv8zMzP/NDQ0/zY2Nv83Nzf/Ojo6/zk5Of84ODj/OTk5/zs7O/87Ozv/PDw8/zs7O/87Ozv/Ojo6/zk5Of85OTn/Nzc3/zY2Nv82Njb/NTU1/zU1Nf80NDT/NDQ0/zQ0NP81NTX/Nzc3/zg4OP84ODj/OTk5/zk5Of84ODj/Nzc3/zY2Nv80NDT/MzMz/zQ0NP82Njb/Nzc3/zg4OP83Nzf/NTU1/zU1Nf8zMzP/MjIy/zExMf8vLy//LCws/ywsLP8tLS3/Li4u/y8vL/8vLy//MDAw/zAwMP8xMTH/ExMT/xMTE/8TExP/FBQU/xQUFP8UFBT/FBQU/xQUFP8UFBT/FBQU/xQUFP8UFBT/ExMT/xMTE/8TExP/ExMT/xMTE/8TExP/ExMT/xMTE/8TExP/ExMT/xMTE/8TExP/ExMT/xMTE/8TExP/ExMT/xMTE/8UFBT/FBQU/xQUFP8UFBT/FBQU/xQUFP8UFBT/FBQU/xQUFP8UFBT/FBQU/xQUFP8UFBT/FBQU/xQUFP8UFBT/FBQU/xQUFP8UFBT/FBQU/xQUFP8UFBT/FBQU/xQUFP8UFBT/FBQU/xQUFP8UFBT/FBQU/xQUFP8VFRX/FRUV/xUVFf8VFRX/FRUV/xUVFf8VFRX/FRUV/xQUFP8UFBT/FBQU/xQUFP8VFRX/FRUV/xUVFf8VFRX/FRUV/xUVFf8VFRX/FBQU/xQUFP8UFBT/FBQU/xUVFf8VFRX/FRUV/xUVFf8XFxf/FxcX/xYWFv8VFRX/FhYW/xYWFv8VFRX/FRUV/xUVFf8VFRX/FRUV/xUVFf8VFRX/FBQU/xUVFf8WFhb/FhYW/xUVFf8VFRX/FhYW/xYWFv8WFhb/FhYW/xYWFv8WFhb/FhYW/xYWFv8WFhb/FhYW/xYWFv8WFhb/FhYW/xcXF/8XFxf/FxcX/xcXF/8WFhb/FhYW/xYWFv8WFhb/FhYW/xYWFv8WFhb/FxcX/xcXF/8XFxf/FxcX/xcXF/8XFxf/FhYW/xYWFv8WFhb/FxcX/xgYGP8YGBj/GBgY/xkZGf8ZGRn/GRkZ/xkZGf8ZGRn/GBgY/xgYGP8XFxf/FxcX/xcXF/8XFxf/FxcX/xgYGP8ZGRn/Ghoa/xoaGv8aGhr/GRkZ/xkZGf8ZGRn/GRkZ/xkZGf8ZGRn/GRkZ/xoaGv8aGhr/Ghoa/xoaGv8aGhr/Ghoa/xsbG/8bGxv/Ghoa/xkZGf8ZGRn/GRkZ/xkZGf8ZGRn/GRkZ/xkZGf8ZGRn/GRkZ/xkZGf8ZGRn/Ghoa/xoaGv8aGhr/Ghoa/xoaGv8ZGRn/GRkZ/xkZGf8ZGRn/GRkZ/xgYGP8YGBj/GRkZ/xkZGf8ZGRn/GRkZ/xkZGf8YGBj/GBgY/xgYGP8ZGRn/GRkZ/xkZGf8ZGRn/GRkZ/xgYGP8YGBj/GBgY/xgYGP8ZGRn/GRkZ/xkZGf8YGBj/GBgY/xgYGP8YGBj/GBgY/xgYGP8YGBj/GBgY/xgYGP8YGBj/GBgY/xgYGP8YGBj/GRkZ/xkZGf8ZGRn/Ghoa/xoaGv8aGhr/Ghoa/xoaGv8aGhr/GRkZ/xkZGf8ZGRn/Ghoa/xoaGv8aGhr/GRkZ/xkZGf8ZGRn/Ghoa/xoaGv8aGhr/GRkZ/xkZGf8ZGRn/GRkZ/xkZGf8ZGRn/Ghoa/xoaGv8bGxv/Gxsb/xwcHP8cHBz/HBwc/xsbG/8bGxv/Gxsb/xsbG/8cHBz/HBwc/xsbG/8bGxv/Gxsb/xsbG/8bGxv/HBwc/xwcHP8cHBz/HBwc/xwcHP8cHBz/HBwc/xwcHP8cHBz/HBwc/x0dHf8dHR3/HR0d/x0dHf8dHR3/Hh4e/x8fH/8fHx//Hx8f/x4eHv8eHh7/Hh4e/x4eHv8eHh7/Hh4e/x4eHv8eHh7/Hh4e/x4eHv8eHh7/Hh4e/x8fH/8fHx//Hx8f/x4eHv8fHx//Hx8f/x8fH/8fHx//Hx8f/yAgIP8gICD/ICAg/yAgIP8gICD/ICAg/yAgIP8fHx//Hx8f/x8fH/8fHx//Hx8f/x8fH/8fHx//Hx8f/x8fH/8fHx//Hx8f/x8fH/8fHx//Hx8f/x8fH/82Njb/NTU1/zU1Nf8zMzP/MTEx/zExMf8zMzP/NDQ0/zU1Nf81NTX/NDQ0/zMzM/8xMTH/MTEx/zExMf8xMTH/MjIy/zIyMv8zMzP/NDQ0/zU1Nf83Nzf/ODg4/zo6Ov87Ozv/PT09/zw8PP87Ozv/OTk5/zU1Nf8zMzP/MzMz/zIyMv8yMjL/MjIy/zIyMv8xMTH/MjIy/zMzM/8zMzP/MzMz/zMzM/80NDT/NDQ0/zQ0NP80NDT/MzMz/zMzM/8yMjL/MjIy/zExMf8wMDD/MTEx/zIyMv8xMTH/MDAw/zExMf8yMjL/MTEx/zAwMP8vLy//LS0t/y4uLv8wMDD/MDAw/zAwMP8wMDD/MTEx/zExMf8wMDD/MDAw/zExMf8yMjL/MzMz/zQ0NP80NDT/MzMz/zMzM/8zMzP/MjIy/zIyMv8yMjL/MzMz/zMzM/8yMjL/MjIy/zMzM/8yMjL/Ly8v/y4uLv8tLS3/LCws/ywsLP8sLCz/LCws/y0tLf8uLi7/MDAw/zAwMP8xMTH/MTEx/zMzM/8zMzP/MjIy/zExMf8wMDD/MDAw/zExMf8xMTH/Ly8v/y8vL/8vLy//MDAw/zAwMP8wMDD/MDAw/y8vL/8vLy//Ly8v/y8vL/8vLy//Ly8v/y4uLv8uLi7/Li4u/y4uLv8uLi7/Li4u/y8vL/8vLy//Li4u/y0tLf8sLCz/Kysr/ywsLP8sLCz/LS0t/y0tLf8tLS3/LCws/ywsLP8tLS3/Li4u/y4uLv8uLi7/LS0t/ywsLP8rKyv/Kioq/yoqKv8qKir/Kysr/ywsLP8tLS3/Li4u/y4uLv8uLi7/Li4u/y0tLf8tLS3/LS0t/ywsLP8rKyv/Kioq/ysrK/8sLCz/Kysr/ysrK/8rKyv/LCws/y0tLf8vLy//Li4u/ywsLP8sLCz/LCws/ysrK/8pKSn/KSkp/yoqKv8rKyv/LCws/ywsLP8rKyv/Kysr/ysrK/8qKir/Kioq/yoqKv8qKir/KSkp/ykpKf8oKCj/KSkp/yoqKv8qKir/Kioq/yoqKv8qKir/Kioq/yoqKv8qKir/Kioq/ykpKf8oKCj/KCgo/ykpKf8qKir/Kioq/ykpKf8pKSn/KCgo/ygoKP8pKSn/KSkp/ykpKf8pKSn/KCgo/ycnJ/8nJyf/JiYm/yYmJv8lJSX/JiYm/yYmJv8nJyf/Jycn/ygoKP8pKSn/KSkp/ykpKf8pKSn/KCgo/ycnJ/8mJib/JSUl/yUlJf8lJSX/JSUl/yUlJf8mJib/JiYm/yUlJf8kJCT/JSUl/yUlJf8lJSX/JSUl/yUlJf8kJCT/IyMj/yMjI/8kJCT/JCQk/yQkJP8kJCT/JSUl/yUlJf8lJSX/JSUl/yQkJP8kJCT/IyMj/yMjI/8iIiL/IiIi/yIiIv8jIyP/IyMj/yMjI/8kJCT/JCQk/yMjI/8jIyP/ISEh/yAgIP8gICD/ICAg/yEhIf8hISH/ISEh/yEhIf8hISH/ISEh/yIiIv8jIyP/IyMj/yIiIv8iIiL/ISEh/yEhIf8hISH/ISEh/yAgIP8gICD/ISEh/yEhIf8gICD/ICAg/yAgIP8gICD/ISEh/yEhIf8gICD/Hh4e/x4eHv8eHh7/Hh4e/x4eHv8fHx//ICAg/yAgIP8hISH/ISEh/yEhIf8hISH/ICAg/x8fH/8fHx//Hh4e/x0dHf8dHR3/HBwc/xwcHP8dHR3/Hh4e/x4eHv8fHx//Hx8f/x8fH/8fHx//Hh4e/x4eHv8dHR3/HR0d/x4eHv8eHh7/Hh4e/zMzM/8zMzP/NDQ0/zMzM/8yMjL/MjIy/zMzM/8zMzP/MzMz/zQ0NP83Nzf/Nzc3/zY2Nv82Njb/ODg4/zk5Of84ODj/ODg4/zc3N/83Nzf/NDQ0/zAwMP8wMDD/Ly8v/zAwMP8yMjL/MjIy/zIyMv8zMzP/NDQ0/zU1Nf82Njb/NjY2/zU1Nf81NTX/MzMz/zIyMv8zMzP/NDQ0/zU1Nf82Njb/OTk5/zw8PP88PDz/PT09/zw8PP87Ozv/Ojo6/zY2Nv81NTX/NDQ0/zMzM/8zMzP/MjIy/zExMf8xMTH/MjIy/zMzM/80NDT/NTU1/zU1Nf82Njb/NTU1/zU1Nf80NDT/MzMz/zMzM/8zMzP/NDQ0/zc3N/85OTn/PDw8/z8/P/9AQED/QkJC/0FBQf8/Pz//PDw8/zg4OP81NTX/MTEx/zAwMP8wMDD/MTEx/zExMf8yMjL/MTEx/zIyMv80NDT/NTU1/zU1Nf81NTX/NTU1/zQ0NP8zMzP/MTEx/zIyMv8yMjL/MzMz/zY2Nv82Njb/NjY2/zg4OP88PDz/PDw8/zk5Of83Nzf/MjIy/zAwMP8xMTH/MjIy/zExMf8xMTH/MjIy/zQ0NP81NTX/Nzc3/zY2Nv82Njb/NTU1/zMzM/8yMjL/MTEx/zExMf8yMjL/MzMz/zU1Nf83Nzf/OTk5/zo6Ov87Ozv/PDw8/z09Pf8/Pz//PDw8/zk5Of83Nzf/MzMz/zIyMv8wMDD/MDAw/zExMf8xMTH/MTEx/zExMf8yMjL/MzMz/zMzM/8zMzP/MjIy/zExMf8yMjL/MjIy/zExMf8wMDD/MjIy/zQ0NP82Njb/OTk5/zc3N/80NDT/MzMz/zIyMv8yMjL/NDQ0/zU1Nf8zMzP/MjIy/zAwMP8uLi7/Li4u/y8vL/8vLy//Ly8v/y8vL/8uLi7/Li4u/zAwMP8wMDD/MDAw/zAwMP8xMTH/MjIy/zIyMv8zMzP/NDQ0/zY2Nv82Njb/NjY2/zg4OP85OTn/OTk5/zk5Of84ODj/NjY2/zQ0NP8xMTH/MDAw/y4uLv8tLS3/Li4u/y8vL/8wMDD/MTEx/zIyMv8yMjL/MjIy/zExMf8wMDD/Li4u/y4uLv8tLS3/Li4u/zAwMP8xMTH/MzMz/zQ0NP80NDT/NTU1/zU1Nf80NDT/MzMz/zIyMv8xMTH/MDAw/y8vL/8uLi7/Li4u/y4uLv8uLi7/Ly8v/y8vL/8wMDD/MTEx/zQ0NP80NDT/NDQ0/zMzM/8xMTH/MDAw/zExMf8xMTH/MjIy/zIyMv8zMzP/MzMz/zQ0NP81NTX/NDQ0/zQ0NP80NDT/MzMz/zMzM/8yMjL/MTEx/y8vL/8vLy//MDAw/zExMf8yMjL/MjIy/zIyMv8yMjL/MjIy/zMzM/8yMjL/MDAw/zAwMP8wMDD/MDAw/y8vL/8vLy//Ly8v/zExMf80NDT/NDQ0/zU1Nf81NTX/NDQ0/zQ0NP8zMzP/MjIy/zExMf8xMTH/MTEx/zAwMP8xMTH/MTEx/zIyMv8yMjL/MzMz/zU1Nf81NTX/MzMz/zIyMv8yMjL/MjIy/zIyMv8yMjL/MjIy/zExMf8yMjL/MzMz/zU1Nf84ODj/Ojo6/zw8PP88PDz/PDw8/zw8PP86Ojr/OTk5/zc3N/81NTX/MzMz/zIyMv8yMjL/MzMz/zQ0NP82Njb/NjY2/zY2Nv82Njb/NjY2/zc3N/84ODj/NjY2/zQ0NP8zMzP/MzMz/zMzM/80NDT/NTU1/zY2Nv83Nzf/Nzc3/zc3N/83Nzf/Hh4e/x4eHv8eHh7/Hx8f/x8fH/8fHx//Hx8f/x8fH/8fHx//Hx8f/x4eHv8eHh7/Hh4e/x8fH/8fHx//Hx8f/x8fH/8fHx//Hx8f/x8fH/8fHx//Hx8f/x8fH/8fHx//ICAg/yAgIP8gICD/ICAg/yAgIP8gICD/ICAg/yAgIP8gICD/Hx8f/x8fH/8gICD/ICAg/yAgIP8hISH/IiIi/yQkJP8lJSX/Jycn/ycnJ/8oKCj/KCgo/ygoKP8pKSn/Kioq/ysrK/8qKir/Kioq/yoqKv8pKSn/KSkp/ygoKP8pKSn/KSkp/yoqKv8rKyv/Kioq/ykpKf8pKSn/KCgo/ygoKP8oKCj/KSkp/yoqKv8qKir/Kioq/yoqKv8qKir/Kioq/ysrK/8rKyv/LCws/y0tLf8sLCz/Kysr/ywsLP8tLS3/LCws/ywsLP8sLCz/LS0t/y0tLf8sLCz/LS0t/y8vL/8vLy//Li4u/y4uLv8vLy//MDAw/zExMf8zMzP/MzMz/zQ0NP8zMzP/MTEx/zAwMP8uLi7/Li4u/y4uLv8vLy//MjIy/zIyMv8yMjL/MjIy/zMzM/8zMzP/NDQ0/zU1Nf80NDT/MzMz/zMzM/80NDT/MjIy/zAwMP8wMDD/Ly8v/zExMf8zMzP/MzMz/zIyMv8xMTH/MDAw/zAwMP8vLy//Li4u/y4uLv8uLi7/Ly8v/y8vL/8wMDD/MDAw/y8vL/8uLi7/Ly8v/zAwMP8wMDD/MDAw/y8vL/8vLy//Ly8v/y8vL/8wMDD/MDAw/zExMf80NDT/NjY2/zQ0NP8yMjL/MTEx/zAwMP8vLy//LS0t/y0tLf8tLS3/Li4u/zExMf8xMTH/MDAw/y8vL/8uLi7/LS0t/y0tLf8tLS3/LS0t/y0tLf8tLS3/LCws/ywsLP8tLS3/LCws/ysrK/8rKyv/Kysr/ysrK/8rKyv/Kysr/ywsLP8sLCz/LCws/ywsLP8tLS3/LS0t/y0tLf8sLCz/LCws/ywsLP8tLS3/LS0t/y4uLv8uLi7/Ly8v/zExMf8xMTH/MTEx/zAwMP8wMDD/Ly8v/y8vL/8vLy//MDAw/zAwMP8xMTH/MTEx/zExMf8wMDD/MDAw/zAwMP8wMDD/MDAw/zExMf8yMjL/MjIy/zIyMv8xMTH/MDAw/zAwMP8wMDD/MTEx/zExMf8xMTH/MDAw/zAwMP8vLy//Ly8v/y8vL/8wMDD/MDAw/zExMf8wMDD/Li4u/y4uLv8vLy//MDAw/zAwMP8wMDD/MTEx/zExMf8xMTH/MTEx/zExMf8yMjL/MjIy/zIyMv8xMTH/MDAw/zExMf8xMTH/MTEx/zExMf8wMDD/Ly8v/y8vL/8vLy//MDAw/y8vL/8vLy//Ly8v/zAwMP8wMDD/MDAw/y8vL/8vLy//Ly8v/y8vL/8vLy//Ly8v/y4uLv8uLi7/Li4u/y4uLv8uLi7/Ly8v/y8vL/8vLy//Ly8v/y8vL/8wMDD/MDAw/zExMf8yMjL/MzMz/zU1Nf83Nzf/Nzc3/zc3N/84ODj/Ojo6/zo6Ov85OTn/OTk5/zg4OP84ODj/ODg4/zg4OP83Nzf/NjY2/zU1Nf81NTX/NDQ0/zQ0NP80NDT/NDQ0/zU1Nf82Njb/Nzc3/zc3N/83Nzf/ODg4/zc3N/82Njb/NTU1/zQ0NP80NDT/NTU1/zY2Nv83Nzf/OTk5/zg4OP84ODj/Nzc3/zY2Nv80NDT/MjIy/zAwMP8tLS3/LS0t/y4uLv8vLy//MDAw/zExMf8xMTH/MTEx/zIyMv8TExP/ExMT/xMTE/8UFBT/FBQU/xQUFP8UFBT/FBQU/xQUFP8UFBT/FBQU/xQUFP8TExP/ExMT/xMTE/8TExP/ExMT/xMTE/8TExP/ExMT/xMTE/8TExP/ExMT/xMTE/8TExP/ExMT/xMTE/8TExP/ExMT/xQUFP8UFBT/FBQU/xQUFP8UFBT/FBQU/xQUFP8UFBT/FBQU/xQUFP8UFBT/FBQU/xQUFP8UFBT/FBQU/xQUFP8UFBT/FBQU/xQUFP8UFBT/FBQU/xQUFP8UFBT/FBQU/xQUFP8UFBT/FBQU/xQUFP8UFBT/FRUV/xUVFf8VFRX/FRUV/xUVFf8VFRX/FRUV/xUVFf8VFRX/FBQU/xQUFP8UFBT/FBQU/xUVFf8VFRX/FRUV/xUVFf8VFRX/FRUV/xUVFf8UFBT/FBQU/xQUFP8UFBT/FRUV/xUVFf8VFRX/FhYW/xcXF/8XFxf/FhYW/xYWFv8WFhb/FxcX/xYWFv8WFhb/FRUV/xUVFf8VFRX/FRUV/xUVFf8UFBT/FRUV/xYWFv8WFhb/FRUV/xUVFf8WFhb/FhYW/xYWFv8WFhb/FhYW/xYWFv8WFhb/FhYW/xYWFv8WFhb/FhYW/xYWFv8XFxf/FxcX/xcXF/8XFxf/FxcX/xYWFv8WFhb/FhYW/xYWFv8VFRX/FRUV/xYWFv8XFxf/FxcX/xcXF/8XFxf/FxcX/xcXF/8XFxf/FxcX/xYWFv8XFxf/GBgY/xgYGP8ZGRn/GRkZ/xkZGf8ZGRn/GRkZ/xkZGf8YGBj/GBgY/xgYGP8XFxf/FxcX/xcXF/8XFxf/GBgY/xkZGf8aGhr/Ghoa/xkZGf8ZGRn/GBgY/xgYGP8ZGRn/GRkZ/xkZGf8ZGRn/Ghoa/xsbG/8aGhr/Ghoa/xoaGv8bGxv/Gxsb/xsbG/8aGhr/GRkZ/xkZGf8ZGRn/GRkZ/xkZGf8ZGRn/GRkZ/xkZGf8ZGRn/GRkZ/xkZGf8aGhr/Ghoa/xoaGv8aGhr/Ghoa/xkZGf8ZGRn/GRkZ/xkZGf8ZGRn/GBgY/xgYGP8ZGRn/GRkZ/xkZGf8ZGRn/GBgY/xgYGP8YGBj/GBgY/xgYGP8ZGRn/GRkZ/xkZGf8ZGRn/GBgY/xgYGP8XFxf/GBgY/xgYGP8YGBj/GBgY/xgYGP8YGBj/FxcX/xcXF/8XFxf/FxcX/xcXF/8XFxf/FxcX/xcXF/8XFxf/GBgY/xgYGP8YGBj/GBgY/xkZGf8ZGRn/GRkZ/xoaGv8aGhr/GRkZ/xkZGf8ZGRn/GBgY/xkZGf8ZGRn/GRkZ/xkZGf8ZGRn/GBgY/xkZGf8ZGRn/GRkZ/xkZGf8ZGRn/GBgY/xgYGP8YGBj/GBgY/xkZGf8ZGRn/GRkZ/xoaGv8aGhr/Gxsb/xoaGv8aGhr/Ghoa/xoaGv8aGhr/Ghoa/xoaGv8aGhr/Ghoa/xoaGv8aGhr/Ghoa/xoaGv8bGxv/Gxsb/xsbG/8bGxv/Gxsb/xwcHP8bGxv/Gxsb/xsbG/8bGxv/Gxsb/xsbG/8bGxv/HBwc/xwcHP8dHR3/HR0d/x0dHf8dHR3/HR0d/x0dHf8dHR3/HR0d/x0dHf8dHR3/HR0d/x0dHf8dHR3/HR0d/x0dHf8dHR3/Hh4e/x4eHv8eHh7/HR0d/x0dHf8eHh7/Hh4e/x4eHv8fHx//Hx8f/x8fH/8fHx//Hx8f/x8fH/8fHx//Hh4e/x4eHv8eHh7/Hh4e/x4eHv8eHh7/Hh4e/x4eHv8eHh7/Hh4e/x4eHv8eHh7/Hh4e/x4eHv8eHh7/Hh4e/zU1Nf81NTX/NTU1/zQ0NP8yMjL/MjIy/zMzM/8zMzP/MzMz/zMzM/8yMjL/MTEx/zExMf8wMDD/Ly8v/y8vL/8wMDD/MTEx/zExMf8xMTH/MjIy/zMzM/81NTX/NjY2/zc3N/83Nzf/ODg4/zk5Of84ODj/NDQ0/zMzM/8xMTH/MDAw/y8vL/8uLi7/Ly8v/y8vL/8wMDD/MTEx/zExMf8yMjL/MjIy/zIyMv8yMjL/MDAw/zAwMP8xMTH/MTEx/zExMf8wMDD/MDAw/zAwMP8xMTH/MTEx/zMzM/80NDT/NDQ0/zMzM/8yMjL/MTEx/zAwMP8uLi7/Li4u/y4uLv8uLi7/Ly8v/zAwMP8xMTH/MTEx/zExMf8yMjL/MjIy/zMzM/80NDT/NTU1/zU1Nf82Njb/NjY2/zc3N/82Njb/NjY2/zY2Nv82Njb/NjY2/zU1Nf82Njb/ODg4/zc3N/8zMzP/MTEx/y8vL/8uLi7/Li4u/y4uLv8tLS3/LCws/y0tLf8vLy//Ly8v/y8vL/8wMDD/MDAw/zAwMP8wMDD/MDAw/y8vL/8vLy//Ly8v/y8vL/8uLi7/Li4u/zAwMP8xMTH/MTEx/zExMf8wMDD/MDAw/zAwMP8xMTH/MDAw/y4uLv8uLi7/LS0t/y0tLf8tLS3/LS0t/y4uLv8vLy//MDAw/zAwMP8wMDD/Ly8v/y8vL/8uLi7/Li4u/y4uLv8uLi7/Li4u/y4uLv8tLS3/Li4u/y8vL/8vLy//Ly8v/y8vL/8uLi7/Li4u/ywsLP8rKyv/Kysr/ywsLP8tLS3/Li4u/y4uLv8vLy//Li4u/y4uLv8tLS3/LCws/y0tLf8uLi7/Li4u/y0tLf8tLS3/LS0t/y0tLf8sLCz/LCws/ywsLP8tLS3/LS0t/y4uLv8tLS3/Kysr/ywsLP8tLS3/LCws/ysrK/8sLCz/LS0t/y0tLf8uLi7/Li4u/y4uLv8tLS3/LCws/ywsLP8rKyv/Kysr/ysrK/8rKyv/Kysr/ywsLP8sLCz/Li4u/y0tLf8sLCz/LS0t/y4uLv8uLi7/LS0t/y0tLf8rKyv/Kioq/yoqKv8pKSn/Kysr/ywsLP8rKyv/Kysr/yoqKv8qKir/Kysr/ysrK/8rKyv/Kysr/ysrK/8pKSn/KCgo/ygoKP8oKCj/KCgo/ygoKP8oKCj/KCgo/ygoKP8pKSn/KSkp/ysrK/8rKyv/Kysr/ysrK/8qKir/KSkp/yYmJv8mJib/JiYm/yYmJv8nJyf/Jycn/ygoKP8oKCj/KCgo/ygoKP8oKCj/KSkp/ygoKP8nJyf/JiYm/yUlJf8lJSX/JSUl/yUlJf8lJSX/JSUl/yUlJf8mJib/JiYm/yYmJv8lJSX/JSUl/yQkJP8kJCT/IyMj/yMjI/8jIyP/IyMj/yMjI/8jIyP/JCQk/yUlJf8lJSX/JCQk/yMjI/8iIiL/ISEh/yEhIf8hISH/ISEh/yEhIf8hISH/IiIi/yEhIf8hISH/ISEh/yEhIf8hISH/ISEh/yEhIf8hISH/ISEh/yEhIf8hISH/IyMj/yMjI/8jIyP/IyMj/yIiIv8hISH/ISEh/yEhIf8hISH/ISEh/yAgIP8gICD/ICAg/yAgIP8gICD/ICAg/yAgIP8hISH/ISEh/yEhIf8hISH/ISEh/yEhIf8gICD/ICAg/x8fH/8fHx//Hx8f/x4eHv8eHh7/Hh4e/x4eHv8eHh7/Hx8f/yAgIP8gICD/Hx8f/x8fH/8eHh7/HR0d/x4eHv8eHh7/Hx8f/yAgIP8gICD/NDQ0/zU1Nf81NTX/NTU1/zU1Nf80NDT/MjIy/zMzM/80NDT/NDQ0/zY2Nv82Njb/NjY2/zY2Nv83Nzf/Nzc3/zc3N/83Nzf/NjY2/zU1Nf80NDT/MjIy/zExMf8wMDD/MTEx/zMzM/8zMzP/MzMz/zQ0NP82Njb/NjY2/zU1Nf81NTX/NTU1/zQ0NP8zMzP/MzMz/zU1Nf82Njb/ODg4/zo6Ov87Ozv/PT09/z09Pf8+Pj7/Pj4+/z4+Pv88PDz/OTk5/zc3N/81NTX/NDQ0/zQ0NP80NDT/MzMz/zIyMv80NDT/NTU1/zY2Nv84ODj/ODg4/zc3N/83Nzf/NjY2/zY2Nv83Nzf/Nzc3/zY2Nv83Nzf/OTk5/zs7O/89PT3/Pz8//0BAQP9BQUH/QUFB/0FBQf8+Pj7/Ozs7/zg4OP8zMzP/MzMz/zMzM/8zMzP/MzMz/zMzM/8zMzP/MzMz/zY2Nv83Nzf/Nzc3/zY2Nv82Njb/NTU1/zMzM/8yMjL/MzMz/zQ0NP82Njb/ODg4/zg4OP84ODj/Ojo6/zw8PP89PT3/Ozs7/zo6Ov81NTX/MzMz/zMzM/8zMzP/MjIy/zIyMv81NTX/OTk5/zg4OP84ODj/ODg4/zg4OP83Nzf/NTU1/zU1Nf80NDT/NDQ0/zQ0NP81NTX/Nzc3/zg4OP88PDz/Pj4+/z8/P/9AQED/QUFB/0JCQv8/Pz//Ozs7/zg4OP80NDT/NDQ0/zMzM/80NDT/NTU1/zU1Nf81NTX/NTU1/zY2Nv83Nzf/Nzc3/zc3N/83Nzf/Nzc3/zc3N/84ODj/NjY2/zQ0NP82Njb/OTk5/zs7O/8+Pj7/PT09/zo6Ov84ODj/Nzc3/zY2Nv83Nzf/NjY2/zQ0NP8yMjL/MTEx/zAwMP8xMTH/MzMz/zQ0NP81NTX/NTU1/zU1Nf81NTX/NDQ0/zQ0NP8zMzP/NDQ0/zU1Nf81NTX/NTU1/zY2Nv84ODj/Ojo6/zs7O/88PDz/Pj4+/0BAQP9AQED/QEBA/z4+Pv89PT3/Ojo6/zY2Nv80NDT/MTEx/zAwMP8wMDD/MTEx/zIyMv8zMzP/NTU1/zY2Nv80NDT/MzMz/zIyMv8wMDD/Ly8v/y8vL/8wMDD/MTEx/zIyMv81NTX/NjY2/zY2Nv83Nzf/OTk5/zk5Of82Njb/NDQ0/zMzM/8yMjL/MTEx/zAwMP8wMDD/Ly8v/y8vL/8uLi7/Ly8v/zExMf8yMjL/NDQ0/zQ0NP80NDT/NDQ0/zExMf8wMDD/MDAw/zAwMP8yMjL/NDQ0/zU1Nf83Nzf/Nzc3/zc3N/83Nzf/NjY2/zY2Nv81NTX/MzMz/zAwMP8vLy//Li4u/y4uLv8vLy//MDAw/zExMf8yMjL/MzMz/zQ0NP80NDT/MzMz/zIyMv8yMjL/MTEx/y8vL/8vLy//MDAw/zAwMP8wMDD/MjIy/zU1Nf82Njb/NjY2/zY2Nv82Njb/NjY2/zU1Nf8zMzP/MzMz/zIyMv8xMTH/MTEx/zExMf8xMTH/MTEx/zExMf8xMTH/MTEx/zExMf8vLy//Ly8v/y4uLv8vLy//MDAw/zExMf8xMTH/MDAw/zMzM/82Njb/OTk5/zw8PP89PT3/PT09/z09Pf88PDz/Ozs7/zk5Of84ODj/NjY2/zU1Nf8yMjL/MTEx/zIyMv8yMjL/MzMz/zMzM/80NDT/NTU1/zQ0NP8zMzP/MjIy/zExMf8xMTH/MjIy/zExMf8xMTH/MjIy/zQ0NP81NTX/NjY2/zc3N/83Nzf/NjY2/zY2Nv8cHBz/HBwc/x0dHf8dHR3/HR0d/x0dHf8dHR3/HR0d/x0dHf8dHR3/HR0d/x0dHf8dHR3/HR0d/x0dHf8eHh7/Hh4e/x4eHv8dHR3/HR0d/x0dHf8dHR3/HR0d/x4eHv8eHh7/ICAg/x8fH/8eHh7/Hh4e/x4eHv8eHh7/Hh4e/x4eHv8eHh7/Hh4e/x4eHv8fHx//Hx8f/x8fH/8hISH/IiIi/yMjI/8lJSX/JSUl/yYmJv8mJib/Jycn/ycnJ/8nJyf/Jycn/ygoKP8oKCj/Kioq/yoqKv8qKir/Kioq/ykpKf8pKSn/Kioq/yoqKv8qKir/KSkp/ykpKf8pKSn/KSkp/ykpKf8pKSn/KSkp/ykpKf8oKCj/KCgo/ykpKf8pKSn/KSkp/ykpKf8pKSn/Kioq/ykpKf8pKSn/KSkp/ykpKf8qKir/Kioq/ysrK/8sLCz/LCws/yoqKv8qKir/Kysr/ysrK/8rKyv/Kysr/ywsLP8tLS3/Li4u/y8vL/8vLy//MDAw/y8vL/8vLy//Li4u/y0tLf8tLS3/LCws/ywsLP8uLi7/Ly8v/y8vL/8vLy//Li4u/y0tLf8tLS3/Li4u/y4uLv8vLy//Li4u/y0tLf8tLS3/LS0t/y0tLf8uLi7/Li4u/y8vL/8vLy//Ly8v/y8vL/8uLi7/Li4u/y0tLf8tLS3/LS0t/y0tLf8tLS3/Li4u/y4uLv8uLi7/Li4u/y4uLv8uLi7/Ly8v/y8vL/8vLy//Ly8v/y0tLf8tLS3/LS0t/y4uLv8uLi7/Ly8v/zExMf8yMjL/MTEx/y8vL/8vLy//Li4u/y4uLv8uLi7/Li4u/y4uLv8uLi7/Ly8v/y8vL/8uLi7/LS0t/y4uLv8uLi7/LS0t/y0tLf8sLCz/LCws/ywsLP8sLCz/LCws/ysrK/8qKir/Kioq/yoqKv8qKir/Kioq/ysrK/8rKyv/Kysr/ysrK/8sLCz/LS0t/y4uLv8vLy//Li4u/y4uLv8uLi7/Li4u/y4uLv8vLy//Ly8v/y8vL/8vLy//Ly8v/y8vL/8vLy//Ly8v/zAwMP8wMDD/MDAw/zAwMP8xMTH/MjIy/zExMf8wMDD/MDAw/zExMf8wMDD/Ly8v/zAwMP8xMTH/MjIy/zQ0NP80NDT/NDQ0/zMzM/8xMTH/MDAw/zAwMP8wMDD/MTEx/zIyMv8wMDD/Ly8v/y8vL/8vLy//MDAw/zIyMv8yMjL/MTEx/zAwMP8uLi7/Li4u/y4uLv8uLi7/Ly8v/y8vL/8wMDD/MDAw/zExMf8xMTH/MDAw/y8vL/8wMDD/MDAw/zAwMP8vLy//Li4u/y4uLv8uLi7/Li4u/y4uLv8uLi7/Li4u/y8vL/8vLy//Li4u/y0tLf8uLi7/Li4u/y8vL/8vLy//MDAw/zExMf8xMTH/MTEx/zExMf8wMDD/MDAw/zAwMP8wMDD/Li4u/y4uLv8uLi7/Li4u/y4uLv8uLi7/Li4u/y4uLv8uLi7/Li4u/y8vL/8vLy//MDAw/zIyMv8zMzP/NDQ0/zU1Nf83Nzf/Nzc3/zg4OP83Nzf/NjY2/zY2Nv83Nzf/Nzc3/zY2Nv81NTX/NTU1/zQ0NP80NDT/NDQ0/zQ0NP80NDT/NDQ0/zMzM/8zMzP/MjIy/zIyMv80NDT/NDQ0/zQ0NP81NTX/NjY2/zY2Nv82Njb/NTU1/zY2Nv83Nzf/OTk5/zs7O/87Ozv/Ojo6/zg4OP8zMzP/MTEx/zAwMP8wMDD/MTEx/zIyMv80NDT/NTU1/zU1Nf81NTX/NDQ0/xUVFf8UFBT/FBQU/xQUFP8UFBT/FBQU/xQUFP8UFBT/FBQU/xQUFP8TExP/ExMT/xMTE/8TExP/ExMT/xMTE/8TExP/FBQU/xMTE/8TExP/ExMT/xMTE/8TExP/ExMT/xMTE/8TExP/ExMT/xMTE/8TExP/ExMT/xMTE/8TExP/ExMT/xMTE/8TExP/ExMT/xMTE/8TExP/ExMT/xQUFP8VFRX/FBQU/xQUFP8UFBT/FBQU/xQUFP8UFBT/FBQU/xQUFP8UFBT/FBQU/xQUFP8TExP/ExMT/xQUFP8UFBT/FBQU/xUVFf8VFRX/FRUV/xUVFf8UFBT/FBQU/xQUFP8UFBT/FRUV/xUVFf8VFRX/FRUV/xUVFf8VFRX/FRUV/xUVFf8VFRX/FRUV/xUVFf8VFRX/FRUV/xUVFf8VFRX/FRUV/xUVFf8UFBT/FRUV/xYWFv8WFhb/FhYW/xYWFv8WFhb/FxcX/xgYGP8YGBj/GBgY/xcXF/8XFxf/FhYW/xYWFv8WFhb/FhYW/xYWFv8WFhb/FhYW/xYWFv8WFhb/FhYW/xYWFv8WFhb/FRUV/xUVFf8VFRX/FRUV/xUVFf8VFRX/FhYW/xYWFv8WFhb/FxcX/xcXF/8XFxf/FxcX/xYWFv8WFhb/FhYW/xYWFv8XFxf/FxcX/xYWFv8WFhb/FhYW/xYWFv8XFxf/FxcX/xgYGP8ZGRn/GRkZ/xkZGf8YGBj/FxcX/xcXF/8XFxf/GBgY/xkZGf8ZGRn/GRkZ/xkZGf8YGBj/GBgY/xgYGP8YGBj/GBgY/xgYGP8XFxf/FxcX/xcXF/8XFxf/FxcX/xgYGP8YGBj/GBgY/xcXF/8XFxf/FxcX/xgYGP8YGBj/GRkZ/xkZGf8ZGRn/GRkZ/xoaGv8aGhr/Ghoa/xoaGv8aGhr/GRkZ/xkZGf8YGBj/GBgY/xkZGf8ZGRn/GBgY/xgYGP8YGBj/GBgY/xkZGf8ZGRn/GRkZ/xkZGf8ZGRn/GBgY/xkZGf8ZGRn/GRkZ/xgYGP8YGBj/GBgY/xgYGP8YGBj/GBgY/xkZGf8ZGRn/GRkZ/xkZGf8ZGRn/GRkZ/xgYGP8YGBj/GBgY/xgYGP8ZGRn/GRkZ/xkZGf8ZGRn/GBgY/xgYGP8YGBj/GRkZ/xkZGf8ZGRn/GRkZ/xkZGf8ZGRn/GRkZ/xkZGf8ZGRn/GRkZ/xkZGf8ZGRn/GRkZ/xkZGf8ZGRn/GRkZ/xkZGf8aGhr/Ghoa/xoaGv8aGhr/Ghoa/xoaGv8aGhr/Ghoa/xoaGv8aGhr/GRkZ/xkZGf8ZGRn/GBgY/xgYGP8ZGRn/GRkZ/xoaGv8aGhr/GRkZ/xkZGf8YGBj/GBgY/xgYGP8YGBj/GBgY/xgYGP8ZGRn/GRkZ/xkZGf8ZGRn/GRkZ/xkZGf8ZGRn/GRkZ/xkZGf8ZGRn/GRkZ/xkZGf8ZGRn/GRkZ/xkZGf8aGhr/Ghoa/xoaGv8aGhr/Ghoa/xoaGv8aGhr/Ghoa/xoaGv8aGhr/Ghoa/xoaGv8aGhr/Ghoa/xoaGv8bGxv/HBwc/xwcHP8cHBz/Ghoa/xkZGf8aGhr/Ghoa/xsbG/8cHBz/HBwc/xwcHP8cHBz/HBwc/xwcHP8cHBz/HBwc/xwcHP8cHBz/HR0d/xwcHP8aGhr/Ghoa/xsbG/8cHBz/HR0d/x0dHf8eHh7/HR0d/xwcHP8bGxv/Gxsb/xsbG/8bGxv/Gxsb/xsbG/8bGxv/Gxsb/xwcHP8cHBz/HR0d/xwcHP8cHBz/HBwc/xwcHP8dHR3/HR0d/x0dHf8cHBz/NjY2/zY2Nv82Njb/NTU1/zMzM/8zMzP/MzMz/zMzM/8zMzP/MjIy/zIyMv8xMTH/MTEx/zAwMP8wMDD/MDAw/zAwMP8xMTH/MTEx/zExMf8yMjL/MzMz/zQ0NP82Njb/NTU1/zU1Nf82Njb/ODg4/zc3N/81NTX/MzMz/zExMf8wMDD/Ly8v/y4uLv8vLy//Ly8v/zAwMP8xMTH/MTEx/zIyMv8yMjL/MjIy/zExMf8wMDD/MDAw/zExMf8xMTH/MTEx/zExMf8xMTH/MTEx/zExMf8yMjL/MzMz/zQ0NP80NDT/NDQ0/zMzM/8yMjL/MTEx/y8vL/8uLi7/LS0t/y4uLv8vLy//MDAw/zExMf8xMTH/MjIy/zIyMv8yMjL/MzMz/zQ0NP81NTX/NTU1/zY2Nv82Njb/Nzc3/zY2Nv82Njb/NjY2/zY2Nv81NTX/NTU1/zU1Nf84ODj/Nzc3/zQ0NP8yMjL/MDAw/y8vL/8vLy//MDAw/y4uLv8sLCz/LS0t/y8vL/8vLy//MDAw/zAwMP8wMDD/MDAw/zAwMP8wMDD/Ly8v/y8vL/8vLy//Ly8v/y4uLv8uLi7/MDAw/zIyMv8xMTH/MTEx/zExMf8wMDD/MDAw/zExMf8wMDD/Li4u/y4uLv8uLi7/Li4u/y4uLv8uLi7/Li4u/y8vL/8wMDD/MDAw/zAwMP8wMDD/MDAw/zAwMP8vLy//Li4u/y4uLv8uLi7/Li4u/y4uLv8uLi7/MDAw/zAwMP8vLy//Ly8v/y8vL/8vLy//LS0t/ywsLP8tLS3/LS0t/y4uLv8vLy//Ly8v/y8vL/8vLy//Li4u/y0tLf8sLCz/LS0t/y8vL/8vLy//Ly8v/y8vL/8vLy//Li4u/y4uLv8tLS3/Li4u/y4uLv8vLy//Ly8v/y4uLv8tLS3/Li4u/y4uLv8uLi7/LS0t/y0tLf8uLi7/Ly8v/y8vL/8vLy//Ly8v/y4uLv8tLS3/LCws/ywsLP8sLCz/LCws/ywsLP8tLS3/Li4u/y8vL/8wMDD/Ly8v/y4uLv8uLi7/Ly8v/y8vL/8uLi7/Li4u/y0tLf8sLCz/Kysr/ysrK/8sLCz/Li4u/ywsLP8rKyv/Kysr/ysrK/8rKyv/LCws/ywsLP8sLCz/Kysr/yoqKv8pKSn/KSkp/ykpKf8pKSn/KSkp/ykpKf8pKSn/KSkp/ykpKf8qKir/Kysr/ywsLP8sLCz/LCws/ysrK/8qKir/Jycn/yYmJv8mJib/JiYm/ycnJ/8oKCj/KSkp/ykpKf8pKSn/KSkp/yoqKv8qKir/KSkp/ycnJ/8mJib/JSUl/yUlJf8lJSX/JSUl/yUlJf8lJSX/JiYm/yYmJv8mJib/JiYm/yYmJv8lJSX/JSUl/yQkJP8kJCT/IyMj/yMjI/8jIyP/IyMj/yMjI/8kJCT/JiYm/yUlJf8kJCT/JCQk/yMjI/8iIiL/IiIi/yIiIv8iIiL/ISEh/yIiIv8iIiL/IiIi/yEhIf8hISH/ISEh/yEhIf8iIiL/IiIi/yIiIv8iIiL/ISEh/yIiIv8kJCT/JCQk/yQkJP8kJCT/IiIi/yEhIf8hISH/ISEh/yEhIf8hISH/ISEh/yEhIf8hISH/ISEh/yEhIf8gICD/ICAg/yEhIf8hISH/ISEh/yEhIf8hISH/ISEh/yAgIP8gICD/ICAg/x8fH/8fHx//Hx8f/x8fH/8fHx//Hx8f/x4eHv8fHx//ICAg/yAgIP8fHx//Hx8f/x4eHv8eHh7/Hh4e/x8fH/8gICD/ICAg/yAgIP80NDT/NDQ0/zU1Nf81NTX/NTU1/zQ0NP8yMjL/MzMz/zQ0NP80NDT/NTU1/zU1Nf81NTX/NjY2/zY2Nv82Njb/NjY2/zY2Nv81NTX/NTU1/zQ0NP8yMjL/MTEx/zAwMP8xMTH/MjIy/zMzM/8yMjL/MzMz/zU1Nf81NTX/NDQ0/zQ0NP8zMzP/MzMz/zMzM/8yMjL/NDQ0/zY2Nv83Nzf/OTk5/zo6Ov87Ozv/PDw8/z09Pf89PT3/PT09/zw8PP85OTn/Nzc3/zU1Nf80NDT/NDQ0/zQ0NP8zMzP/MzMz/zQ0NP81NTX/Nzc3/zg4OP84ODj/Nzc3/zc3N/82Njb/NjY2/zc3N/83Nzf/NjY2/zc3N/85OTn/Ojo6/zw8PP8+Pj7/Pz8//z8/P/8/Pz//QEBA/z09Pf87Ozv/Nzc3/zMzM/8zMzP/NDQ0/zQ0NP80NDT/NDQ0/zMzM/80NDT/NjY2/zY2Nv82Njb/NjY2/zU1Nf80NDT/MzMz/zIyMv8zMzP/NTU1/zY2Nv84ODj/ODg4/zg4OP85OTn/Ozs7/zs7O/87Ozv/Ojo6/zY2Nv80NDT/NDQ0/zQ0NP8zMzP/MjIy/zY2Nv85OTn/ODg4/zg4OP84ODj/ODg4/zc3N/82Njb/NTU1/zQ0NP80NDT/NDQ0/zU1Nf83Nzf/ODg4/zw8PP8+Pj7/Pz8//0BAQP9BQUH/QUFB/z8/P/87Ozv/ODg4/zU1Nf80NDT/NDQ0/zU1Nf82Njb/NjY2/zY2Nv82Njb/Nzc3/zc3N/84ODj/ODg4/zg4OP84ODj/ODg4/zk5Of84ODj/NjY2/zg4OP86Ojr/PDw8/z4+Pv8+Pj7/Ozs7/zo6Ov84ODj/Nzc3/zc3N/82Njb/NDQ0/zMzM/8yMjL/MjIy/zMzM/80NDT/NjY2/zc3N/84ODj/ODg4/zc3N/82Njb/NjY2/zU1Nf81NTX/Nzc3/zc3N/83Nzf/Nzc3/zk5Of87Ozv/PDw8/z09Pf8/Pz//QUFB/0FBQf9BQUH/QEBA/z4+Pv88PDz/ODg4/zY2Nv8zMzP/MjIy/zIyMv8yMjL/NDQ0/zU1Nf82Njb/Nzc3/zY2Nv81NTX/MzMz/zIyMv8xMTH/MTEx/zExMf8yMjL/MzMz/zY2Nv83Nzf/Nzc3/zg4OP86Ojr/Ojo6/zc3N/81NTX/NDQ0/zIyMv8yMjL/MjIy/zExMf8xMTH/MDAw/zAwMP8xMTH/MjIy/zMzM/80NDT/NTU1/zY2Nv81NTX/MjIy/zExMf8xMTH/MTEx/zMzM/81NTX/NjY2/zg4OP84ODj/ODg4/zg4OP83Nzf/Nzc3/zY2Nv80NDT/MTEx/zAwMP8wMDD/MDAw/zAwMP8wMDD/MjIy/zMzM/81NTX/NjY2/zU1Nf80NDT/MzMz/zMzM/8yMjL/MDAw/zAwMP8xMTH/MTEx/zIyMv8zMzP/NjY2/zc3N/83Nzf/ODg4/zc3N/83Nzf/NjY2/zU1Nf81NTX/NDQ0/zMzM/8zMzP/MzMz/zMzM/8zMzP/MjIy/zIyMv8xMTH/MTEx/zAwMP8vLy//Ly8v/y8vL/8xMTH/MjIy/zIyMv8yMjL/NTU1/zg4OP87Ozv/Pj4+/z4+Pv8+Pj7/PT09/zs7O/86Ojr/OTk5/zg4OP83Nzf/NjY2/zQ0NP8zMzP/MzMz/zMzM/8zMzP/MzMz/zQ0NP81NTX/NDQ0/zIyMv8xMTH/MDAw/zAwMP8yMjL/MjIy/zExMf8yMjL/NDQ0/zY2Nv83Nzf/Nzc3/zY2Nv82Njb/NjY2/xsbG/8bGxv/HBwc/xwcHP8cHBz/HBwc/xwcHP8cHBz/HBwc/xwcHP8cHBz/HBwc/xwcHP8cHBz/HR0d/x0dHf8dHR3/HR0d/xwcHP8cHBz/HBwc/xwcHP8cHBz/HR0d/x4eHv8fHx//Hx8f/x0dHf8dHR3/HR0d/x0dHf8dHR3/HR0d/x0dHf8dHR3/HR0d/x4eHv8eHh7/Hx8f/yAgIP8hISH/IiIi/yMjI/8kJCT/JCQk/yUlJf8mJib/JiYm/yUlJf8lJSX/JiYm/ycnJ/8pKSn/Kioq/yoqKv8pKSn/KSkp/ygoKP8oKCj/KSkp/ygoKP8oKCj/KCgo/ygoKP8pKSn/KSkp/ykpKf8oKCj/Jycn/ygoKP8oKCj/Jycn/ycnJ/8nJyf/Jycn/ygoKP8pKSn/KCgo/ygoKP8nJyf/Jycn/ygoKP8pKSn/Kioq/ysrK/8rKyv/KSkp/ykpKf8pKSn/KSkp/ykpKf8pKSn/Kioq/ysrK/8sLCz/LS0t/y0tLf8tLS3/LS0t/y0tLf8tLS3/LCws/ysrK/8qKir/Kysr/ywsLP8sLCz/LS0t/y0tLf8rKyv/Kysr/ysrK/8rKyv/Kysr/ywsLP8sLCz/Kysr/ysrK/8rKyv/LCws/ywsLP8sLCz/LS0t/y0tLf8tLS3/LS0t/ywsLP8sLCz/LCws/ysrK/8sLCz/LCws/y0tLf8tLS3/LS0t/y0tLf8tLS3/LS0t/y0tLf8uLi7/Li4u/y4uLv8tLS3/LCws/ywsLP8sLCz/LCws/y0tLf8uLi7/Ly8v/zAwMP8vLy//Li4u/y4uLv8uLi7/Li4u/y4uLv8uLi7/Li4u/y4uLv8uLi7/Li4u/ywsLP8sLCz/LS0t/y0tLf8tLS3/LCws/ywsLP8rKyv/Kysr/ywsLP8rKyv/Kioq/ykpKf8pKSn/KSkp/ykpKf8qKir/Kysr/ysrK/8rKyv/Kysr/ywsLP8tLS3/Ly8v/zAwMP8wMDD/MDAw/y8vL/8uLi7/Ly8v/y8vL/8vLy//Ly8v/y8vL/8vLy//Ly8v/y8vL/8wMDD/MDAw/zAwMP8wMDD/MDAw/zExMf8yMjL/MTEx/zAwMP8xMTH/MTEx/zExMf8wMDD/MTEx/zIyMv8zMzP/NDQ0/zQ0NP80NDT/MzMz/zExMf8wMDD/Ly8v/y8vL/8xMTH/MTEx/zAwMP8vLy//Ly8v/y8vL/8xMTH/MzMz/zIyMv8xMTH/MDAw/y8vL/8uLi7/Li4u/y4uLv8uLi7/Li4u/zAwMP8xMTH/MTEx/zExMf8wMDD/Ly8v/y8vL/8wMDD/MDAw/y4uLv8uLi7/LS0t/y0tLf8tLS3/LS0t/y4uLv8uLi7/Ly8v/y8vL/8uLi7/Li4u/y4uLv8vLy//Ly8v/zAwMP8xMTH/MjIy/zIyMv8xMTH/MTEx/zExMf8xMTH/MTEx/zAwMP8vLy//Li4u/y4uLv8uLi7/Li4u/y0tLf8uLi7/Li4u/y4uLv8tLS3/Li4u/y4uLv8vLy//Ly8v/zAwMP8yMjL/MzMz/zQ0NP81NTX/NjY2/zY2Nv81NTX/NTU1/zY2Nv82Njb/NTU1/zU1Nf80NDT/NDQ0/zQ0NP80NDT/NDQ0/zQ0NP8zMzP/MjIy/zExMf8wMDD/MTEx/zIyMv8zMzP/NDQ0/zQ0NP82Njb/NjY2/zU1Nf80NDT/NTU1/zY2Nv84ODj/Ozs7/zs7O/86Ojr/Nzc3/zIyMv8xMTH/MTEx/zExMf8yMjL/NDQ0/zU1Nf82Njb/NjY2/zU1Nf81NTX/FhYW/xUVFf8VFRX/FRUV/xUVFf8VFRX/FRUV/xUVFf8VFRX/FRUV/xQUFP8UFBT/FBQU/xQUFP8UFBT/FBQU/xQUFP8VFRX/FBQU/xQUFP8UFBT/FBQU/xQUFP8UFBT/FBQU/xQUFP8UFBT/FBQU/xQUFP8UFBT/FBQU/xQUFP8UFBT/FBQU/xQUFP8UFBT/FBQU/xQUFP8UFBT/FBQU/xUVFf8VFRX/FRUV/xUVFf8UFBT/FBQU/xQUFP8UFBT/FBQU/xQUFP8UFBT/FBQU/xQUFP8TExP/FBQU/xQUFP8VFRX/FRUV/xUVFf8VFRX/FRUV/xQUFP8UFBT/FBQU/xUVFf8VFRX/FRUV/xUVFf8VFRX/FRUV/xUVFf8VFRX/FRUV/xUVFf8VFRX/FRUV/xUVFf8VFRX/FRUV/xUVFf8VFRX/FRUV/xQUFP8VFRX/FhYW/xYWFv8WFhb/FhYW/xcXF/8XFxf/GRkZ/xkZGf8ZGRn/GBgY/xcXF/8WFhb/FhYW/xYWFv8WFhb/FxcX/xcXF/8XFxf/FxcX/xYWFv8XFxf/FxcX/xcXF/8WFhb/FhYW/xYWFv8VFRX/FhYW/xYWFv8XFxf/FxcX/xgYGP8YGBj/GRkZ/xkZGf8ZGRn/GBgY/xgYGP8YGBj/GBgY/xkZGf8ZGRn/GBgY/xgYGP8YGBj/FxcX/xgYGP8ZGRn/Ghoa/xsbG/8bGxv/HBwc/xsbG/8ZGRn/GBgY/xgYGP8YGBj/Ghoa/xoaGv8aGhr/Ghoa/xoaGv8aGhr/GRkZ/xkZGf8aGhr/Ghoa/xkZGf8YGBj/GBgY/xgYGP8YGBj/GBgY/xgYGP8YGBj/GBgY/xcXF/8XFxf/GRkZ/xkZGf8aGhr/Ghoa/xoaGv8aGhr/Ghoa/xsbG/8bGxv/Gxsb/xoaGv8ZGRn/GRkZ/xgYGP8ZGRn/GRkZ/xkZGf8YGBj/GBgY/xgYGP8YGBj/GRkZ/xkZGf8ZGRn/GRkZ/xkZGf8YGBj/GRkZ/xkZGf8ZGRn/GBgY/xgYGP8YGBj/GBgY/xgYGP8YGBj/GRkZ/xkZGf8ZGRn/GRkZ/xkZGf8ZGRn/GBgY/xgYGP8YGBj/GBgY/xgYGP8ZGRn/GRkZ/xkZGf8YGBj/GBgY/xgYGP8ZGRn/GRkZ/xoaGv8aGhr/GRkZ/xkZGf8ZGRn/GRkZ/xkZGf8ZGRn/GRkZ/xkZGf8ZGRn/GRkZ/xkZGf8ZGRn/GRkZ/xoaGv8aGhr/Ghoa/xoaGv8aGhr/Ghoa/xoaGv8aGhr/Ghoa/xoaGv8ZGRn/GRkZ/xgYGP8YGBj/GBgY/xkZGf8ZGRn/Ghoa/xoaGv8ZGRn/GRkZ/xgYGP8YGBj/GBgY/xgYGP8YGBj/GBgY/xgYGP8ZGRn/GRkZ/xkZGf8ZGRn/GBgY/xkZGf8ZGRn/GRkZ/xgYGP8YGBj/GBgY/xgYGP8ZGRn/GRkZ/xoaGv8aGhr/Ghoa/xoaGv8aGhr/Ghoa/xoaGv8aGhr/Ghoa/xkZGf8ZGRn/GRkZ/xkZGf8ZGRn/Ghoa/xoaGv8bGxv/HBwc/xsbG/8ZGRn/GBgY/xkZGf8ZGRn/Ghoa/xsbG/8bGxv/Gxsb/xsbG/8bGxv/Gxsb/xsbG/8bGxv/Gxsb/xsbG/8cHBz/Gxsb/xkZGf8aGhr/Gxsb/xsbG/8cHBz/HBwc/xwcHP8cHBz/Gxsb/xoaGv8aGhr/Ghoa/xoaGv8aGhr/Ghoa/xoaGv8aGhr/Gxsb/xsbG/8cHBz/HBwc/xsbG/8bGxv/Gxsb/xwcHP8cHBz/HBwc/xsbG/86Ojr/Ojo6/zk5Of84ODj/NTU1/zU1Nf81NTX/NTU1/zQ0NP80NDT/NDQ0/zMzM/8yMjL/MjIy/zQ0NP81NTX/NTU1/zU1Nf80NDT/NDQ0/zU1Nf82Njb/Nzc3/zg4OP83Nzf/NjY2/zY2Nv83Nzf/Nzc3/zc3N/82Njb/MzMz/zIyMv8yMjL/MjIy/zIyMv8yMjL/MzMz/zQ0NP80NDT/NDQ0/zQ0NP8zMzP/MzMz/zMzM/80NDT/NjY2/zY2Nv82Njb/NjY2/zU1Nf80NDT/MzMz/zIyMv8yMjL/MjIy/zIyMv8zMzP/MzMz/zQ0NP80NDT/MjIy/zExMf8uLi7/Li4u/zAwMP8wMDD/MjIy/zIyMv8xMTH/MTEx/zIyMv8yMjL/MzMz/zMzM/8zMzP/MzMz/zIyMv8xMTH/MTEx/zExMf8xMTH/MDAw/zAwMP8vLy//MDAw/zExMf8xMTH/Ly8v/y8vL/8wMDD/MDAw/zExMf8yMjL/MDAw/y0tLf8vLy//MjIy/zIyMv8zMzP/MzMz/zMzM/8zMzP/MjIy/zExMf8xMTH/MTEx/zIyMv8yMjL/MjIy/zExMf8xMTH/MTEx/zExMf8xMTH/MTEx/zAwMP8wMDD/Ly8v/y8vL/8uLi7/Ly8v/zAwMP8wMDD/MDAw/zAwMP8uLi7/LS0t/y0tLf8tLS3/Li4u/y8vL/8wMDD/MjIy/zAwMP8uLi7/Li4u/y0tLf8tLS3/LS0t/y4uLv8vLy//MDAw/zAwMP8wMDD/Ly8v/y4uLv8vLy//MDAw/zAwMP8wMDD/MTEx/zIyMv8xMTH/MTEx/y8vL/8tLS3/LCws/ywsLP8tLS3/Ly8v/zExMf80NDT/NDQ0/zIyMv8xMTH/MjIy/zMzM/8yMjL/MjIy/zMzM/80NDT/NTU1/zc3N/81NTX/MjIy/zExMf8vLy//Ly8v/zExMf8xMTH/MjIy/zExMf8wMDD/Li4u/y0tLf8sLCz/LS0t/y4uLv8uLi7/Ly8v/zAwMP8xMTH/MjIy/zQ0NP8zMzP/MDAw/y8vL/8uLi7/Li4u/y4uLv8uLi7/Ly8v/y8vL/8uLi7/Li4u/y8vL/8wMDD/Li4u/ywsLP8rKyv/Kioq/yoqKv8rKyv/Kysr/ysrK/8rKyv/Kysr/ysrK/8sLCz/LCws/ysrK/8rKyv/Kysr/yoqKv8qKir/Kioq/ysrK/8sLCz/LCws/ywsLP8sLCz/Kysr/yoqKv8pKSn/KCgo/ycnJ/8nJyf/Jycn/ycnJ/8oKCj/KSkp/yoqKv8qKir/Kioq/yoqKv8pKSn/KCgo/ycnJ/8nJyf/JiYm/yYmJv8mJib/JiYm/yYmJv8mJib/JiYm/ycnJ/8nJyf/KCgo/ygoKP8mJib/JSUl/yQkJP8kJCT/IyMj/yMjI/8kJCT/JCQk/yUlJf8lJSX/JSUl/yUlJf8lJSX/JSUl/yUlJf8lJSX/JSUl/yQkJP8jIyP/IyMj/yIiIv8iIiL/IiIi/yMjI/8jIyP/IyMj/yQkJP8kJCT/JCQk/yQkJP8jIyP/IyMj/yQkJP8kJCT/JCQk/yQkJP8jIyP/IiIi/yIiIv8hISH/IiIi/yIiIv8jIyP/IyMj/yMjI/8jIyP/IyMj/yIiIv8hISH/ISEh/yEhIf8hISH/ISEh/yAgIP8gICD/ICAg/yAgIP8gICD/ICAg/yAgIP8gICD/ICAg/yAgIP8gICD/Hx8f/x8fH/8gICD/ICAg/yAgIP8gICD/ICAg/yAgIP8hISH/ISEh/yEhIf8hISH/ISEh/zMzM/8yMjL/MTEx/zExMf8yMjL/MzMz/zMzM/8zMzP/MzMz/zMzM/8yMjL/MjIy/zMzM/8zMzP/NDQ0/zQ0NP81NTX/NTU1/zU1Nf80NDT/MzMz/zIyMv8xMTH/MTEx/zExMf8xMTH/MTEx/zAwMP8wMDD/Ly8v/y8vL/8vLy//Ly8v/y8vL/8vLy//Ly8v/y8vL/8wMDD/MTEx/zExMf8xMTH/MjIy/zMzM/80NDT/NjY2/zY2Nv81NTX/NTU1/zMzM/8zMzP/MzMz/zMzM/8yMjL/MjIy/zIyMv8yMjL/MjIy/zMzM/80NDT/NTU1/zQ0NP80NDT/MzMz/zMzM/8zMzP/MzMz/zMzM/8zMzP/MzMz/zQ0NP81NTX/NjY2/zc3N/84ODj/OTk5/zk5Of86Ojr/ODg4/zU1Nf80NDT/MjIy/zIyMv8yMjL/MzMz/zQ0NP80NDT/MzMz/zMzM/80NDT/NDQ0/zMzM/8zMzP/MjIy/zIyMv8xMTH/MTEx/zIyMv8zMzP/MzMz/zIyMv8zMzP/NDQ0/zU1Nf81NTX/NjY2/zg4OP83Nzf/NDQ0/zMzM/8zMzP/MzMz/zMzM/8zMzP/NDQ0/zY2Nv80NDT/MjIy/zMzM/80NDT/NDQ0/zQ0NP80NDT/MjIy/zExMf8yMjL/MzMz/zU1Nf82Njb/Nzc3/zc3N/83Nzf/ODg4/zk5Of87Ozv/OTk5/zc3N/82Njb/NjY2/zU1Nf8zMzP/MzMz/zQ0NP80NDT/NTU1/zU1Nf8zMzP/MzMz/zMzM/80NDT/NTU1/zU1Nf80NDT/MzMz/zQ0NP82Njb/NjY2/zc3N/84ODj/Ojo6/zk5Of84ODj/Nzc3/zY2Nv82Njb/NTU1/zU1Nf81NTX/NTU1/zY2Nv82Njb/NjY2/zY2Nv83Nzf/ODg4/zg4OP84ODj/ODg4/zg4OP83Nzf/Nzc3/zc3N/84ODj/ODg4/zg4OP84ODj/ODg4/zk5Of84ODj/ODg4/zo6Ov88PDz/PT09/z4+Pv88PDz/Ozs7/zo6Ov85OTn/ODg4/zY2Nv81NTX/NTU1/zU1Nf83Nzf/ODg4/zg4OP84ODj/ODg4/zg4OP84ODj/OTk5/zc3N/81NTX/NTU1/zU1Nf83Nzf/Ojo6/zs7O/85OTn/ODg4/zg4OP84ODj/NjY2/zY2Nv81NTX/NDQ0/zU1Nf82Njb/NjY2/zY2Nv83Nzf/ODg4/zc3N/82Njb/Nzc3/zg4OP84ODj/OTk5/zg4OP82Njb/NTU1/zY2Nv83Nzf/Nzc3/zg4OP83Nzf/NjY2/zc3N/84ODj/ODg4/zg4OP84ODj/ODg4/zg4OP83Nzf/NjY2/zY2Nv81NTX/NDQ0/zQ0NP82Njb/Nzc3/zg4OP85OTn/Nzc3/zY2Nv82Njb/NjY2/zY2Nv80NDT/NDQ0/zQ0NP81NTX/ODg4/zg4OP84ODj/OTk5/zo6Ov86Ojr/OTk5/zk5Of85OTn/Ojo6/zo6Ov87Ozv/Ozs7/zs7O/87Ozv/Ozs7/zk5Of82Njb/NTU1/zU1Nf80NDT/NTU1/zU1Nf81NTX/NTU1/zc3N/84ODj/ODg4/zk5Of86Ojr/PDw8/z4+Pv8/Pz//Pj4+/z09Pf88PDz/Ojo6/zo6Ov85OTn/OTk5/zo6Ov87Ozv/Ojo6/zk5Of85OTn/OTk5/zg4OP83Nzf/Nzc3/zc3N/81NTX/MzMz/zMzM/8zMzP/NDQ0/zY2Nv82Njb/NjY2/zc3N/86Ojr/Ojo6/zg4OP83Nzf/Nzc3/zc3N/85OTn/HBwc/xwcHP8bGxv/Gxsb/xsbG/8bGxv/Gxsb/xsbG/8bGxv/Gxsb/xsbG/8bGxv/Gxsb/xsbG/8cHBz/HBwc/xwcHP8cHBz/HBwc/xwcHP8cHBz/HBwc/xwcHP8cHBz/HR0d/x0dHf8cHBz/Gxsb/xsbG/8bGxv/HBwc/xwcHP8cHBz/HBwc/xwcHP8cHBz/HR0d/x0dHf8eHh7/Hx8f/yAgIP8hISH/IiIi/yIiIv8iIiL/IyMj/yQkJP8kJCT/IyMj/yMjI/8kJCT/JSUl/yYmJv8nJyf/JiYm/yYmJv8lJSX/JSUl/yQkJP8kJCT/JCQk/yQkJP8kJCT/JSUl/yYmJv8mJib/JiYm/yUlJf8lJSX/JiYm/yYmJv8mJib/JSUl/yUlJf8kJCT/JiYm/ygoKP8nJyf/JiYm/yUlJf8lJSX/JiYm/ycnJ/8nJyf/KCgo/ygoKP8oKCj/KCgo/ycnJ/8mJib/JiYm/yYmJv8mJib/JiYm/ycnJ/8nJyf/KCgo/ykpKf8pKSn/Kioq/ykpKf8oKCj/KCgo/ycnJ/8oKCj/KSkp/ykpKf8pKSn/KSkp/ykpKf8pKSn/KSkp/ykpKf8pKSn/KSkp/yoqKv8qKir/Kioq/ykpKf8pKSn/KSkp/ykpKf8qKir/KSkp/ykpKf8pKSn/KSkp/ykpKf8pKSn/KSkp/ysrK/8sLCz/LS0t/y4uLv8uLi7/Li4u/ywsLP8qKir/Kioq/yoqKv8qKir/Kioq/yoqKv8pKSn/KSkp/ykpKf8qKir/LCws/y0tLf8tLS3/LS0t/y0tLf8tLS3/LS0t/y0tLf8sLCz/LCws/ywsLP8sLCz/LCws/ysrK/8rKyv/Kioq/yoqKv8qKir/Kioq/yoqKv8rKyv/Kysr/ysrK/8rKyv/Kysr/yoqKv8pKSn/KSkp/ygoKP8oKCj/KSkp/yoqKv8rKyv/LCws/ysrK/8rKyv/LCws/y0tLf8wMDD/MjIy/zIyMv8zMzP/MTEx/y8vL/8wMDD/MTEx/zExMf8xMTH/MTEx/zAwMP8wMDD/MTEx/zExMf8xMTH/MTEx/zAwMP8wMDD/MTEx/zExMf8xMTH/MTEx/zIyMv8zMzP/MzMz/zMzM/8zMzP/MTEx/zExMf8xMTH/MTEx/zExMf8xMTH/MDAw/y8vL/8vLy//Ly8v/y8vL/8wMDD/Ly8v/y8vL/8vLy//MDAw/zExMf8yMjL/MjIy/zIyMv8xMTH/MDAw/y8vL/8vLy//Ly8v/y8vL/8vLy//MTEx/zIyMv8yMjL/MjIy/zExMf8xMTH/MTEx/zExMf8xMTH/MDAw/y8vL/8uLi7/Li4u/y0tLf8uLi7/MTEx/zIyMv8yMjL/MjIy/zExMf8xMTH/MjIy/zIyMv8zMzP/MzMz/zQ0NP80NDT/MzMz/zExMf8xMTH/MTEx/zExMf8wMDD/MDAw/zExMf8wMDD/Ly8v/y4uLv8vLy//Ly8v/y8vL/8vLy//Li4u/y4uLv8uLi7/Li4u/y4uLv8uLi7/Li4u/y4uLv8uLi7/Ly8v/zAwMP8xMTH/MTEx/zIyMv8zMzP/MzMz/zMzM/8zMzP/NDQ0/zQ0NP80NDT/MzMz/zIyMv8yMjL/MzMz/zMzM/8yMjL/MTEx/zAwMP8xMTH/MjIy/zMzM/80NDT/NTU1/zQ0NP80NDT/MzMz/zIyMv8yMjL/MzMz/zQ0NP81NTX/NDQ0/zIyMv8wMDD/Li4u/y4uLv8vLy//MDAw/zIyMv8zMzP/MzMz/zMzM/80NDT/NDQ0/zQ0NP8ZGRn/GBgY/xgYGP8YGBj/GBgY/xgYGP8YGBj/GBgY/xgYGP8YGBj/GBgY/xgYGP8ZGRn/GRkZ/xgYGP8XFxf/GBgY/xgYGP8YGBj/GBgY/xgYGP8YGBj/GBgY/xcXF/8XFxf/FxcX/xcXF/8XFxf/FxcX/xYWFv8WFhb/FhYW/xYWFv8WFhb/FhYW/xYWFv8XFxf/FhYW/xYWFv8WFhb/FhYW/xcXF/8XFxf/FxcX/xYWFv8WFhb/FhYW/xYWFv8WFhb/FRUV/xUVFf8VFRX/FRUV/xUVFf8VFRX/FhYW/xYWFv8WFhb/FhYW/xUVFf8VFRX/FRUV/xUVFf8VFRX/FRUV/xUVFf8VFRX/FRUV/xUVFf8VFRX/FRUV/xQUFP8UFBT/FBQU/xQUFP8VFRX/FhYW/xYWFv8WFhb/FhYW/xYWFv8WFhb/FRUV/xYWFv8WFhb/FhYW/xcXF/8XFxf/FxcX/xgYGP8aGhr/Ghoa/xkZGf8YGBj/FxcX/xcXF/8XFxf/FxcX/xgYGP8aGhr/GRkZ/xkZGf8ZGRn/GBgY/xkZGf8ZGRn/GRkZ/xgYGP8YGBj/FxcX/xcXF/8YGBj/GRkZ/xsbG/8cHBz/HR0d/x4eHv8fHx//ICAg/yAgIP8gICD/Hx8f/x8fH/8fHx//ICAg/yAgIP8gICD/Hx8f/x4eHv8dHR3/Hh4e/x8fH/8hISH/IyMj/yMjI/8kJCT/IiIi/x8fH/8dHR3/HBwc/xwcHP8dHR3/Hh4e/x4eHv8fHx//ICAg/yAgIP8fHx//Hx8f/x8fH/8gICD/Hx8f/x4eHv8dHR3/HBwc/xwcHP8bGxv/Gxsb/xsbG/8bGxv/Ghoa/xsbG/8eHh7/Hx8f/x4eHv8eHh7/HR0d/xwcHP8cHBz/HR0d/x0dHf8dHR3/HBwc/xwcHP8bGxv/Ghoa/xoaGv8aGhr/GRkZ/xkZGf8ZGRn/GBgY/xgYGP8YGBj/GBgY/xkZGf8ZGRn/GRkZ/xkZGf8ZGRn/Ghoa/xoaGv8ZGRn/GRkZ/xkZGf8ZGRn/GRkZ/xkZGf8ZGRn/GRkZ/xkZGf8ZGRn/GRkZ/xkZGf8YGBj/GBgY/xgYGP8ZGRn/GBgY/xgYGP8YGBj/GBgY/xgYGP8YGBj/GBgY/xkZGf8ZGRn/GRkZ/xkZGf8ZGRn/GRkZ/xkZGf8ZGRn/GRkZ/xkZGf8ZGRn/GRkZ/xkZGf8YGBj/GBgY/xgYGP8YGBj/GRkZ/xkZGf8ZGRn/GRkZ/xkZGf8ZGRn/GRkZ/xkZGf8ZGRn/GBgY/xgYGP8YGBj/GBgY/xgYGP8YGBj/GBgY/xkZGf8ZGRn/GRkZ/xkZGf8ZGRn/GRkZ/xkZGf8ZGRn/GRkZ/xgYGP8YGBj/GBgY/xgYGP8YGBj/GBgY/xgYGP8ZGRn/GRkZ/xkZGf8ZGRn/GRkZ/xgYGP8YGBj/GBgY/xkZGf8ZGRn/GRkZ/xkZGf8ZGRn/GRkZ/xkZGf8ZGRn/Ghoa/xoaGv8aGhr/Ghoa/xoaGv8aGhr/GRkZ/xkZGf8ZGRn/GRkZ/xkZGf8aGhr/Ghoa/xoaGv8aGhr/Ghoa/xoaGv8bGxv/Gxsb/xsbG/8cHBz/Gxsb/xsbG/8aGhr/Ghoa/xoaGv8aGhr/Ghoa/xoaGv8aGhr/Ghoa/xoaGv8aGhr/Ghoa/xoaGv8aGhr/Ghoa/xoaGv8aGhr/Ghoa/xoaGv8aGhr/Ghoa/xoaGv8aGhr/Ghoa/xoaGv8aGhr/Ghoa/xoaGv8aGhr/Ghoa/xoaGv8aGhr/Ghoa/xsbG/8bGxv/HBwc/zw8PP88PDz/Ozs7/zk5Of83Nzf/NjY2/zc3N/82Njb/NjY2/zU1Nf82Njb/NTU1/zMzM/80NDT/Nzc3/zg4OP84ODj/Nzc3/zY2Nv81NTX/NjY2/zc3N/84ODj/OTk5/zg4OP83Nzf/Nzc3/zc3N/84ODj/OTk5/zg4OP81NTX/NDQ0/zQ0NP80NDT/NTU1/zU1Nf82Njb/NjY2/zY2Nv82Njb/NjY2/zU1Nf81NTX/NTU1/zc3N/86Ojr/Ojo6/zk5Of84ODj/Nzc3/zc3N/81NTX/NDQ0/zMzM/8yMjL/MjIy/zMzM/80NDT/NjY2/zY2Nv81NTX/MzMz/zAwMP8wMDD/MTEx/zExMf8zMzP/MzMz/zExMf8xMTH/MjIy/zMzM/8zMzP/MzMz/zMzM/8yMjL/MTEx/zAwMP8wMDD/MDAw/zAwMP8vLy//Ly8v/y4uLv8uLi7/Ly8v/y8vL/8uLi7/Li4u/zAwMP8xMTH/MjIy/zMzM/8xMTH/Ly8v/zExMf80NDT/NDQ0/zU1Nf81NTX/NTU1/zU1Nf80NDT/MzMz/zIyMv8yMjL/NDQ0/zU1Nf80NDT/MzMz/zIyMv8xMTH/MjIy/zIyMv8yMjL/MTEx/zAwMP8vLy//Ly8v/y8vL/8wMDD/MjIy/zIyMv8yMjL/MTEx/y8vL/8tLS3/LCws/ywsLP8tLS3/Li4u/zExMf8zMzP/MTEx/y8vL/8uLi7/Li4u/y4uLv8tLS3/Li4u/y8vL/8wMDD/MTEx/zExMf8vLy//Ly8v/zExMf8yMjL/MjIy/zIyMv8zMzP/MzMz/zIyMv8xMTH/Ly8v/y0tLf8sLCz/LCws/y4uLv8wMDD/MjIy/zU1Nf82Njb/MzMz/zIyMv80NDT/NTU1/zQ0NP80NDT/NTU1/zY2Nv83Nzf/Ojo6/zg4OP80NDT/MzMz/zExMf8xMTH/MjIy/zIyMv8zMzP/MjIy/zAwMP8vLy//LS0t/y0tLf8uLi7/Ly8v/zAwMP8wMDD/MTEx/zIyMv8zMzP/NjY2/zQ0NP8xMTH/MDAw/y4uLv8uLi7/Ly8v/y8vL/8wMDD/MTEx/zAwMP8vLy//MDAw/zExMf8vLy//LCws/ywsLP8qKir/Kioq/ysrK/8rKyv/Kysr/ywsLP8sLCz/LCws/y0tLf8tLS3/LS0t/ywsLP8sLCz/LCws/ysrK/8rKyv/LCws/y0tLf8tLS3/LCws/ywsLP8rKyv/Kysr/ykpKf8pKSn/KCgo/ycnJ/8nJyf/Jycn/ygoKP8pKSn/Kioq/ysrK/8qKir/Kioq/ykpKf8oKCj/KCgo/ycnJ/8nJyf/Jycn/ycnJ/8mJib/JiYm/yYmJv8nJyf/Jycn/ycnJ/8oKCj/KSkp/ycnJ/8lJSX/JSUl/yQkJP8kJCT/JCQk/yQkJP8lJSX/JSUl/yUlJf8lJSX/JSUl/yUlJf8mJib/JiYm/yYmJv8mJib/JSUl/yQkJP8jIyP/IiIi/yMjI/8jIyP/IyMj/yQkJP8kJCT/JSUl/yUlJf8lJSX/JSUl/yQkJP8kJCT/JCQk/yQkJP8kJCT/JCQk/yMjI/8jIyP/IiIi/yEhIf8iIiL/IyMj/yMjI/8kJCT/JCQk/yQkJP8jIyP/IiIi/yIiIv8hISH/ISEh/yEhIf8hISH/ICAg/yAgIP8gICD/ICAg/yAgIP8gICD/ICAg/yAgIP8gICD/ISEh/yAgIP8fHx//Hx8f/yAgIP8gICD/ICAg/yAgIP8hISH/ISEh/yEhIf8iIiL/ISEh/yEhIf8hISH/MzMz/zExMf8vLy//MDAw/zExMf8yMjL/MzMz/zMzM/8zMzP/MjIy/zExMf8xMTH/MjIy/zIyMv8yMjL/MzMz/zQ0NP80NDT/NDQ0/zMzM/8zMzP/MjIy/zExMf8xMTH/MDAw/zAwMP8wMDD/Ly8v/y8vL/8tLS3/LS0t/y0tLf8tLS3/LS0t/y0tLf8uLi7/Li4u/y4uLv8vLy//Li4u/y4uLv8vLy//MDAw/zExMf8zMzP/MzMz/zIyMv8xMTH/MDAw/zAwMP8yMjL/MzMz/zExMf8xMTH/MTEx/zExMf8xMTH/MjIy/zIyMv8zMzP/MjIy/zIyMv8xMTH/MTEx/zExMf8xMTH/MTEx/zExMf8xMTH/MjIy/zMzM/8zMzP/NDQ0/zU1Nf82Njb/NjY2/zY2Nv81NTX/MzMz/zIyMv8xMTH/MTEx/zIyMv8yMjL/MzMz/zMzM/8yMjL/MjIy/zMzM/8zMzP/MjIy/zExMf8xMTH/MTEx/zExMf8wMDD/MTEx/zIyMv8xMTH/MDAw/zExMf8zMzP/MzMz/zMzM/80NDT/NjY2/zY2Nv8zMzP/MjIy/zMzM/8zMzP/MzMz/zMzM/8zMzP/MzMz/zIyMv8wMDD/MTEx/zIyMv8yMjL/MzMz/zIyMv8wMDD/MDAw/zExMf8yMjL/NDQ0/zQ0NP80NDT/NDQ0/zQ0NP80NDT/NTU1/zc3N/82Njb/NTU1/zU1Nf82Njb/NTU1/zMzM/8zMzP/MzMz/zMzM/80NDT/NDQ0/zIyMv8xMTH/MTEx/zIyMv8zMzP/NDQ0/zMzM/8xMTH/MzMz/zU1Nf81NTX/NTU1/zY2Nv83Nzf/Nzc3/zY2Nv81NTX/NTU1/zU1Nf80NDT/NDQ0/zU1Nf82Njb/Nzc3/zc3N/83Nzf/Nzc3/zg4OP85OTn/ODg4/zg4OP84ODj/ODg4/zg4OP84ODj/ODg4/zc3N/83Nzf/ODg4/zg4OP84ODj/ODg4/zc3N/82Njb/ODg4/zo6Ov87Ozv/Ozs7/zo6Ov85OTn/OTk5/zk5Of84ODj/Nzc3/zY2Nv82Njb/NjY2/zg4OP85OTn/OTk5/zk5Of85OTn/OTk5/zo6Ov87Ozv/OTk5/zY2Nv82Njb/NjY2/zg4OP87Ozv/Ozs7/zk5Of84ODj/Nzc3/zc3N/82Njb/NjY2/zU1Nf81NTX/NjY2/zc3N/84ODj/ODg4/zk5Of86Ojr/OTk5/zg4OP84ODj/OTk5/zk5Of86Ojr/OTk5/zg4OP83Nzf/ODg4/zk5Of85OTn/OTk5/zc3N/81NTX/NjY2/zg4OP84ODj/ODg4/zg4OP85OTn/OTk5/zk5Of85OTn/ODg4/zg4OP83Nzf/Nzc3/zg4OP84ODj/OTk5/zo6Ov84ODj/Nzc3/zc3N/84ODj/Nzc3/zc3N/82Njb/NjY2/zc3N/86Ojr/Ojo6/zk5Of85OTn/Ojo6/zs7O/86Ojr/OTk5/zo6Ov87Ozv/PDw8/z09Pf8+Pj7/Pj4+/z4+Pv89PT3/Ozs7/zg4OP83Nzf/Nzc3/zc3N/83Nzf/Nzc3/zg4OP84ODj/OTk5/zo6Ov87Ozv/PDw8/z09Pf8+Pj7/Pj4+/z8/P/8+Pj7/PDw8/zs7O/87Ozv/Ojo6/zk5Of86Ojr/PDw8/zw8PP88PDz/PDw8/zw8PP88PDz/Ozs7/zk5Of85OTn/ODg4/zY2Nv80NDT/NDQ0/zQ0NP82Njb/ODg4/zk5Of85OTn/Ojo6/zw8PP88PDz/OTk5/zg4OP83Nzf/ODg4/zo6Ov8cHBz/Gxsb/xsbG/8bGxv/Gxsb/xsbG/8bGxv/Gxsb/xoaGv8aGhr/Ghoa/xoaGv8aGhr/Ghoa/xsbG/8cHBz/Gxsb/xsbG/8bGxv/HBwc/xwcHP8cHBz/HBwc/xwcHP8cHBz/HBwc/xsbG/8aGhr/Ghoa/xsbG/8bGxv/Gxsb/xsbG/8cHBz/HBwc/xwcHP8cHBz/HR0d/x0dHf8fHx//ICAg/yEhIf8hISH/ISEh/yEhIf8iIiL/JCQk/yMjI/8iIiL/IiIi/yMjI/8jIyP/JSUl/yYmJv8lJSX/JCQk/yQkJP8jIyP/IyMj/yIiIv8iIiL/IiIi/yMjI/8kJCT/JCQk/yUlJf8lJSX/JCQk/yQkJP8lJSX/JSUl/yQkJP8kJCT/IyMj/yMjI/8lJSX/Jycn/yYmJv8lJSX/JSUl/yQkJP8lJSX/JiYm/yYmJv8mJib/JiYm/ycnJ/8nJyf/JiYm/yUlJf8lJSX/JSUl/yUlJf8kJCT/JSUl/yUlJf8mJib/Jycn/ycnJ/8oKCj/Jycn/yYmJv8mJib/JiYm/yYmJv8nJyf/KCgo/ygoKP8oKCj/KCgo/ygoKP8oKCj/KCgo/ygoKP8oKCj/KSkp/yoqKv8pKSn/KCgo/ygoKP8oKCj/KCgo/ygoKP8oKCj/Jycn/ycnJ/8nJyf/Jycn/ygoKP8oKCj/Kioq/ysrK/8sLCz/LS0t/y0tLf8tLS3/Kysr/ygoKP8oKCj/KCgo/ygoKP8oKCj/KCgo/ygoKP8oKCj/KCgo/ygoKP8rKyv/LCws/ywsLP8sLCz/LCws/ywsLP8sLCz/LCws/ysrK/8rKyv/Kysr/ysrK/8qKir/Kioq/yoqKv8pKSn/KSkp/ygoKP8oKCj/KSkp/yoqKv8qKir/Kysr/yoqKv8qKir/Kioq/ykpKf8pKSn/KCgo/ykpKf8pKSn/Kioq/ysrK/8sLCz/Kysr/ywsLP8tLS3/Li4u/zExMf8zMzP/NDQ0/zQ0NP8yMjL/Ly8v/zAwMP8yMjL/MjIy/zIyMv8xMTH/MTEx/zExMf8yMjL/MjIy/zExMf8xMTH/MTEx/zExMf8xMTH/MTEx/zExMf8yMjL/MzMz/zQ0NP80NDT/NTU1/zQ0NP8yMjL/MTEx/zAwMP8wMDD/MDAw/zAwMP8vLy//Ly8v/y8vL/8vLy//Ly8v/y8vL/8vLy//Ly8v/zAwMP8wMDD/MTEx/zIyMv8yMjL/MjIy/zExMf8wMDD/MDAw/y8vL/8vLy//Ly8v/zAwMP8yMjL/MzMz/zMzM/8yMjL/MjIy/zIyMv8yMjL/MjIy/zExMf8wMDD/MDAw/y4uLv8uLi7/Li4u/y8vL/8yMjL/MzMz/zQ0NP8zMzP/MjIy/zIyMv8zMzP/MzMz/zQ0NP80NDT/NDQ0/zU1Nf8zMzP/MTEx/zExMf8xMTH/MTEx/zAwMP8xMTH/MjIy/zExMf8vLy//Li4u/y8vL/8wMDD/Ly8v/y8vL/8uLi7/Li4u/y4uLv8uLi7/Li4u/y0tLf8tLS3/LCws/ywsLP8tLS3/LS0t/y4uLv8vLy//MTEx/zExMf8xMTH/MTEx/zIyMv8yMjL/MzMz/zMzM/8yMjL/MDAw/zExMf8yMjL/MjIy/zIyMv8xMTH/MDAw/zAwMP8yMjL/MzMz/zQ0NP80NDT/MzMz/zIyMv8xMTH/MTEx/zExMf8xMTH/MTEx/zIyMv8wMDD/Li4u/y0tLf8sLCz/LS0t/y4uLv8vLy//MjIy/zIyMv8yMjL/MjIy/zIyMv8zMzP/MzMz/xoaGv8aGhr/GRkZ/xkZGf8ZGRn/Ghoa/xoaGv8aGhr/Ghoa/xoaGv8aGhr/Ghoa/xsbG/8bGxv/Ghoa/xkZGf8ZGRn/GRkZ/xoaGv8aGhr/Ghoa/xoaGv8aGhr/GRkZ/xkZGf8ZGRn/GRkZ/xkZGf8ZGRn/GBgY/xcXF/8XFxf/FxcX/xgYGP8YGBj/GBgY/xkZGf8YGBj/GBgY/xgYGP8YGBj/GBgY/xgYGP8YGBj/GBgY/xgYGP8YGBj/FxcX/xcXF/8WFhb/FhYW/xYWFv8WFhb/FhYW/xYWFv8XFxf/FxcX/xgYGP8XFxf/FhYW/xYWFv8WFhb/FhYW/xcXF/8WFhb/FhYW/xYWFv8WFhb/FhYW/xYWFv8WFhb/FRUV/xUVFf8VFRX/FRUV/xYWFv8WFhb/FxcX/xcXF/8XFxf/FhYW/xYWFv8WFhb/FhYW/xYWFv8XFxf/FxcX/xcXF/8YGBj/GRkZ/xoaGv8bGxv/Ghoa/xgYGP8YGBj/FxcX/xgYGP8YGBj/GRkZ/xsbG/8bGxv/Ghoa/xoaGv8ZGRn/Ghoa/xsbG/8bGxv/GRkZ/xkZGf8YGBj/GBgY/xoaGv8bGxv/HBwc/x0dHf8fHx//ICAg/yEhIf8iIiL/IiIi/yIiIv8iIiL/ISEh/yIiIv8jIyP/IyMj/yIiIv8iIiL/ICAg/x8fH/8gICD/ISEh/yMjI/8lJSX/JSUl/yYmJv8kJCT/ISEh/x8fH/8dHR3/Hh4e/x8fH/8fHx//ICAg/yAgIP8iIiL/IiIi/yEhIf8hISH/IiIi/yMjI/8hISH/ICAg/x8fH/8fHx//Hh4e/x0dHf8dHR3/HR0d/x0dHf8dHR3/Hh4e/yAgIP8hISH/ISEh/yAgIP8fHx//Hh4e/x4eHv8eHh7/Hx8f/x8fH/8eHh7/Hh4e/x0dHf8cHBz/Gxsb/xsbG/8bGxv/Ghoa/xoaGv8ZGRn/GRkZ/xkZGf8ZGRn/GRkZ/xoaGv8aGhr/Ghoa/xoaGv8bGxv/Gxsb/xoaGv8aGhr/Ghoa/xoaGv8bGxv/Gxsb/xoaGv8aGhr/GRkZ/xkZGf8ZGRn/GRkZ/xkZGf8YGBj/GRkZ/xkZGf8YGBj/FxcX/xcXF/8XFxf/GBgY/xgYGP8YGBj/GRkZ/xkZGf8ZGRn/GRkZ/xkZGf8ZGRn/GRkZ/xkZGf8ZGRn/GRkZ/xkZGf8ZGRn/GRkZ/xgYGP8YGBj/GBgY/xgYGP8YGBj/GBgY/xkZGf8ZGRn/GRkZ/xkZGf8ZGRn/GRkZ/xgYGP8YGBj/GBgY/xgYGP8YGBj/GBgY/xgYGP8YGBj/GBgY/xkZGf8ZGRn/GRkZ/xkZGf8ZGRn/GRkZ/xkZGf8ZGRn/GBgY/xgYGP8YGBj/FxcX/xgYGP8YGBj/GRkZ/xkZGf8ZGRn/GRkZ/xkZGf8ZGRn/GRkZ/xgYGP8YGBj/GRkZ/xkZGf8YGBj/GBgY/xgYGP8YGBj/GRkZ/xkZGf8aGhr/Ghoa/xoaGv8aGhr/Ghoa/xoaGv8aGhr/GRkZ/xkZGf8YGBj/GRkZ/xoaGv8aGhr/Ghoa/xoaGv8aGhr/Ghoa/xsbG/8bGxv/Gxsb/xwcHP8bGxv/Gxsb/xoaGv8ZGRn/GRkZ/xoaGv8aGhr/Ghoa/xoaGv8aGhr/Ghoa/xoaGv8aGhr/GRkZ/xkZGf8ZGRn/GRkZ/xkZGf8aGhr/Ghoa/xoaGv8aGhr/Ghoa/xoaGv8aGhr/Ghoa/xoaGv8aGhr/Ghoa/xoaGv8aGhr/Ghoa/xkZGf8ZGRn/Ghoa/xsbG/8bGxv/PT09/z09Pf89PT3/Ozs7/zk5Of86Ojr/Ozs7/zo6Ov84ODj/ODg4/zk5Of85OTn/Nzc3/zc3N/85OTn/OTk5/zo6Ov86Ojr/OTk5/zc3N/84ODj/ODg4/zk5Of86Ojr/Ojo6/zk5Of86Ojr/Ojo6/zs7O/89PT3/PDw8/zs7O/86Ojr/Ojo6/zs7O/88PDz/PDw8/z09Pf89PT3/PT09/zw8PP88PDz/PDw8/zw8PP88PDz/Pj4+/0FBQf9AQED/Pj4+/z09Pf89PT3/PDw8/zs7O/86Ojr/OTk5/zk5Of84ODj/ODg4/zo6Ov87Ozv/Ozs7/zw8PP86Ojr/Nzc3/zY2Nv81NTX/NTU1/zc3N/82Njb/NDQ0/zQ0NP83Nzf/ODg4/zc3N/82Njb/Nzc3/zk5Of85OTn/OTk5/zg4OP83Nzf/NjY2/zY2Nv82Njb/Nzc3/zY2Nv80NDT/NDQ0/zQ0NP80NDT/MzMz/zMzM/8zMzP/MzMz/zMzM/8zMzP/NTU1/zg4OP86Ojr/PDw8/zs7O/84ODj/OTk5/zs7O/86Ojr/Nzc3/zc3N/86Ojr/Ojo6/zc3N/81NTX/NDQ0/zMzM/82Njb/OTk5/zg4OP84ODj/NjY2/zQ0NP80NDT/NTU1/zY2Nv85OTn/ODg4/zY2Nv81NTX/MzMz/zIyMv8vLy//Li4u/y8vL/8xMTH/MzMz/zY2Nv80NDT/MzMz/zIyMv8xMTH/MTEx/zAwMP8xMTH/MjIy/zIyMv8xMTH/MTEx/zExMf8xMTH/MjIy/zMzM/8zMzP/MzMz/zQ0NP81NTX/NDQ0/zIyMv8wMDD/Li4u/y4uLv8vLy//MDAw/zIyMv8zMzP/MzMz/zQ0NP8zMzP/MzMz/zQ0NP80NDT/MzMz/zMzM/8zMzP/MzMz/zMzM/8zMzP/MzMz/zMzM/8zMzP/MjIy/zIyMv8yMjL/MzMz/zIyMv8yMjL/MTEx/zAwMP8vLy//Ly8v/y8vL/8wMDD/MTEx/zIyMv8yMjL/MTEx/zMzM/80NDT/NDQ0/zIyMv8yMjL/MjIy/zIyMv8zMzP/MzMz/zExMf8wMDD/Ly8v/y4uLv8uLi7/Li4u/y4uLv8vLy//Li4u/y0tLf8tLS3/Li4u/y4uLv8uLi7/LS0t/y0tLf8tLS3/MDAw/zAwMP8uLi7/LS0t/y4uLv8vLy//Li4u/ywsLP8tLS3/Li4u/y0tLf8sLCz/LCws/ywsLP8sLCz/Kysr/ysrK/8rKyv/Kysr/yoqKv8qKir/Kioq/yoqKv8qKir/Kioq/ysrK/8rKyv/KSkp/ygoKP8oKCj/Jycn/ycnJ/8oKCj/KCgo/ykpKf8pKSn/KSkp/ykpKf8oKCj/KCgo/ykpKf8pKSn/Jycn/yUlJf8mJib/Jycn/ycnJ/8nJyf/JiYm/yQkJP8kJCT/JSUl/yQkJP8jIyP/IyMj/yQkJP8lJSX/JSUl/yQkJP8kJCT/IyMj/yQkJP8kJCT/JCQk/yQkJP8kJCT/IyMj/yQkJP8kJCT/JCQk/yQkJP8kJCT/IyMj/yMjI/8iIiL/IiIi/yIiIv8iIiL/IiIi/yIiIv8iIiL/IiIi/yIiIv8iIiL/IiIi/yMjI/8iIiL/IiIi/yIiIv8hISH/ISEh/yAgIP8hISH/ISEh/yEhIf8gICD/ICAg/yEhIf8hISH/ICAg/x8fH/8fHx//Hx8f/yAgIP8gICD/Hx8f/x4eHv8eHh7/Hx8f/x8fH/8gICD/ICAg/yAgIP8gICD/Hx8f/x8fH/8fHx//Hh4e/x4eHv8wMDD/Ly8v/y4uLv8uLi7/Li4u/y4uLv8uLi7/Ly8v/y8vL/8vLy//MDAw/zAwMP8wMDD/MDAw/zExMf8xMTH/MTEx/zExMf8wMDD/Ly8v/y8vL/8vLy//Ly8v/y4uLv8uLi7/Ly8v/y8vL/8wMDD/MDAw/zAwMP8vLy//Li4u/y4uLv8tLS3/LS0t/y0tLf8tLS3/Li4u/y4uLv8uLi7/Li4u/y8vL/8xMTH/MTEx/zIyMv8yMjL/MDAw/y8vL/8uLi7/Ly8v/zExMf8xMTH/MTEx/zAwMP8wMDD/MDAw/zAwMP8wMDD/MDAw/zAwMP8wMDD/Ly8v/y8vL/8vLy//MDAw/zExMf8xMTH/Ly8v/y8vL/8wMDD/MTEx/zIyMv8yMjL/MjIy/zMzM/8yMjL/MjIy/zIyMv8xMTH/MDAw/zAwMP8wMDD/MTEx/zAwMP8wMDD/MDAw/zExMf8xMTH/MTEx/zExMf8xMTH/MTEx/zAwMP8wMDD/MDAw/zExMf8yMjL/MjIy/zExMf8vLy//MDAw/zIyMv8yMjL/MjIy/zMzM/8zMzP/MzMz/zIyMv8yMjL/MjIy/zIyMv8xMTH/MDAw/zAwMP8wMDD/MDAw/y8vL/8vLy//Ly8v/y8vL/8vLy//Ly8v/y8vL/8wMDD/MTEx/zIyMv8yMjL/MjIy/zIyMv8yMjL/MjIy/zIyMv8zMzP/MzMz/zMzM/8zMzP/NDQ0/zU1Nf80NDT/MzMz/zIyMv8xMTH/MTEx/zExMf8xMTH/Ly8v/y8vL/8wMDD/MTEx/zMzM/80NDT/MzMz/zExMf8yMjL/MzMz/zMzM/8zMzP/MzMz/zMzM/8zMzP/MzMz/zMzM/8zMzP/MzMz/zMzM/8zMzP/NDQ0/zU1Nf80NDT/NDQ0/zQ0NP81NTX/NjY2/zg4OP83Nzf/NTU1/zU1Nf81NTX/NTU1/zU1Nf80NDT/NDQ0/zQ0NP81NTX/NTU1/zY2Nv82Njb/NjY2/zU1Nf83Nzf/OTk5/zk5Of85OTn/ODg4/zY2Nv83Nzf/Nzc3/zc3N/81NTX/NDQ0/zMzM/8zMzP/NTU1/zY2Nv82Njb/NjY2/zY2Nv82Njb/NjY2/zY2Nv82Njb/NjY2/zc3N/85OTn/ODg4/zY2Nv82Njb/Nzc3/zc3N/82Njb/NTU1/zQ0NP8zMzP/MzMz/zMzM/8zMzP/NDQ0/zQ0NP80NDT/NDQ0/zU1Nf81NTX/NTU1/zY2Nv83Nzf/ODg4/zk5Of85OTn/OTk5/zg4OP84ODj/ODg4/zg4OP83Nzf/NjY2/zU1Nf81NTX/NTU1/zU1Nf81NTX/NjY2/zg4OP85OTn/OTk5/zk5Of85OTn/Ojo6/zo6Ov86Ojr/Ozs7/zs7O/86Ojr/OTk5/zc3N/82Njb/Nzc3/zg4OP85OTn/OTk5/zo6Ov86Ojr/Ojo6/zs7O/86Ojr/ODg4/zg4OP86Ojr/Ojo6/zk5Of84ODj/Nzc3/zc3N/84ODj/OTk5/zo6Ov86Ojr/Ojo6/zo6Ov85OTn/ODg4/zk5Of87Ozv/Ozs7/zo6Ov85OTn/OTk5/zo6Ov86Ojr/Ozs7/zs7O/88PDz/Ozs7/zs7O/87Ozv/PDw8/zw8PP87Ozv/PDw8/z09Pf89PT3/Ozs7/zo6Ov86Ojr/Ojo6/z09Pf8+Pj7/Pj4+/z4+Pv88PDz/Ojo6/zk5Of84ODj/ODg4/zg4OP84ODj/Nzc3/zk5Of89PT3/Pj4+/0BAQP9AQED/Pz8//z8/P/89PT3/PDw8/zs7O/86Ojr/Ozs7/xsbG/8bGxv/Ghoa/xoaGv8aGhr/Ghoa/xoaGv8aGhr/Ghoa/xoaGv8bGxv/Gxsb/xsbG/8bGxv/Gxsb/xsbG/8aGhr/Ghoa/xsbG/8bGxv/Gxsb/xsbG/8bGxv/Gxsb/xsbG/8bGxv/Gxsb/xsbG/8bGxv/Gxsb/xsbG/8bGxv/Gxsb/xsbG/8bGxv/Gxsb/xsbG/8dHR3/Hh4e/yAgIP8iIiL/IiIi/yIiIv8iIiL/IiIi/yIiIv8jIyP/IyMj/yIiIv8iIiL/IyMj/yMjI/8kJCT/JCQk/yQkJP8jIyP/JCQk/yQkJP8kJCT/JCQk/yQkJP8kJCT/JCQk/yUlJf8kJCT/JCQk/yQkJP8jIyP/IyMj/yMjI/8jIyP/IyMj/yMjI/8jIyP/JCQk/yUlJf8mJib/JiYm/yYmJv8mJib/JiYm/yUlJf8kJCT/JCQk/yUlJf8lJSX/JiYm/yYmJv8lJSX/JCQk/yUlJf8mJib/JiYm/yUlJf8mJib/JiYm/ycnJ/8nJyf/Jycn/ycnJ/8nJyf/JSUl/yUlJf8lJSX/JSUl/yYmJv8mJib/JiYm/yYmJv8mJib/Jycn/ycnJ/8nJyf/Jycn/ycnJ/8nJyf/Jycn/ycnJ/8nJyf/JiYm/yYmJv8mJib/JiYm/yYmJv8mJib/JiYm/ycnJ/8nJyf/Jycn/ycnJ/8nJyf/Jycn/ygoKP8pKSn/KSkp/yoqKv8pKSn/KCgo/ycnJ/8mJib/JiYm/ycnJ/8nJyf/KCgo/ykpKf8oKCj/KCgo/ykpKf8pKSn/KSkp/ykpKf8pKSn/KSkp/ykpKf8pKSn/KCgo/ygoKP8oKCj/KSkp/ykpKf8pKSn/KSkp/ygoKP8oKCj/KCgo/ygoKP8pKSn/KSkp/ykpKf8pKSn/Kioq/ysrK/8sLCz/LCws/ywsLP8qKir/Kioq/yoqKv8rKyv/Kysr/ywsLP8tLS3/Li4u/zAwMP8yMjL/NDQ0/zY2Nv81NTX/NDQ0/zIyMv8vLy//Ly8v/y8vL/8vLy//Ly8v/y8vL/8wMDD/MDAw/zIyMv8yMjL/MjIy/zMzM/8zMzP/MzMz/zExMf8wMDD/MDAw/zExMf8xMTH/MTEx/zIyMv80NDT/NDQ0/zY2Nv81NTX/MjIy/zExMf8wMDD/MDAw/zExMf8xMTH/MjIy/zIyMv8xMTH/MDAw/zAwMP8wMDD/MTEx/zMzM/8yMjL/MTEx/zExMf8xMTH/MDAw/zAwMP8wMDD/MDAw/zAwMP8wMDD/MTEx/zQ0NP81NTX/NTU1/zU1Nf8zMzP/MjIy/zMzM/80NDT/MzMz/zIyMv8xMTH/MDAw/zAwMP8wMDD/MTEx/zQ0NP80NDT/MzMz/zIyMv8xMTH/MDAw/zAwMP8wMDD/MDAw/zExMf8xMTH/MjIy/zExMf8wMDD/MDAw/zAwMP8xMTH/MjIy/zMzM/8zMzP/MzMz/zAwMP8vLy//Li4u/y4uLv8vLy//Ly8v/y4uLv8tLS3/LS0t/y4uLv8tLS3/LCws/ywsLP8rKyv/Kysr/ywsLP8sLCz/LCws/ywsLP8sLCz/LS0t/y0tLf8uLi7/Li4u/y4uLv8uLi7/Li4u/y0tLf8tLS3/LS0t/y0tLf8uLi7/Ly8v/y8vL/8uLi7/Li4u/y8vL/8wMDD/MTEx/zExMf8wMDD/MDAw/y8vL/8uLi7/Li4u/y4uLv8uLi7/Ly8v/y0tLf8rKyv/Kysr/ywsLP8sLCz/LS0t/y4uLv8wMDD/MDAw/y8vL/8vLy//MDAw/zAwMP8wMDD/Gxsb/xsbG/8bGxv/HBwc/xwcHP8cHBz/Gxsb/xsbG/8bGxv/Gxsb/xwcHP8cHBz/HBwc/xwcHP8cHBz/HBwc/xwcHP8cHBz/HBwc/xwcHP8cHBz/HR0d/xwcHP8cHBz/HBwc/xwcHP8cHBz/HBwc/xsbG/8bGxv/Ghoa/xoaGv8aGhr/Gxsb/xsbG/8cHBz/HBwc/xwcHP8bGxv/Gxsb/xwcHP8cHBz/Gxsb/xsbG/8aGhr/Gxsb/xsbG/8bGxv/Gxsb/xsbG/8aGhr/Ghoa/xoaGv8bGxv/Gxsb/xsbG/8bGxv/HBwc/xwcHP8bGxv/Gxsb/xsbG/8bGxv/Gxsb/xsbG/8bGxv/Gxsb/xsbG/8aGhr/Ghoa/xoaGv8aGhr/Ghoa/xoaGv8ZGRn/GRkZ/xkZGf8aGhr/Gxsb/xoaGv8ZGRn/GRkZ/xkZGf8ZGRn/GRkZ/xkZGf8ZGRn/GRkZ/xkZGf8aGhr/Ghoa/xsbG/8bGxv/Gxsb/xsbG/8aGhr/Ghoa/xoaGv8aGhr/Ghoa/xoaGv8aGhr/Ghoa/xoaGv8aGhr/Ghoa/xoaGv8ZGRn/GRkZ/xkZGf8ZGRn/GRkZ/xoaGv8aGhr/Ghoa/xsbG/8bGxv/HBwc/x0dHf8dHR3/HR0d/x0dHf8dHR3/HR0d/x0dHf8dHR3/HR0d/x0dHf8cHBz/HBwc/x0dHf8dHR3/Hh4e/x4eHv8fHx//Hx8f/x4eHv8eHh7/HR0d/x0dHf8eHh7/Hx8f/x8fH/8gICD/ICAg/yEhIf8hISH/ICAg/yAgIP8gICD/ICAg/yAgIP8gICD/ISEh/yIiIv8iIiL/IiIi/yEhIf8hISH/ISEh/yAgIP8hISH/IiIi/yIiIv8jIyP/IyMj/yIiIv8hISH/ISEh/yEhIf8iIiL/IyMj/yMjI/8jIyP/ISEh/x4eHv8eHh7/Hx8f/x8fH/8hISH/ICAg/x0dHf8cHBz/HBwc/xwcHP8dHR3/HR0d/x4eHv8eHh7/ICAg/yEhIf8fHx//Hh4e/x0dHf8dHR3/Hh4e/yAgIP8gICD/Hx8f/x4eHv8cHBz/Gxsb/xoaGv8ZGRn/Ghoa/xsbG/8cHBz/HBwc/xsbG/8ZGRn/GRkZ/xgYGP8YGBj/GRkZ/xkZGf8aGhr/Ghoa/xkZGf8ZGRn/GRkZ/xkZGf8ZGRn/Ghoa/xoaGv8aGhr/GRkZ/xkZGf8ZGRn/GRkZ/xkZGf8ZGRn/GRkZ/xkZGf8ZGRn/GRkZ/xkZGf8ZGRn/GRkZ/xgYGP8YGBj/GBgY/xgYGP8ZGRn/GRkZ/xkZGf8ZGRn/GRkZ/xkZGf8ZGRn/GRkZ/xkZGf8aGhr/Ghoa/xoaGv8aGhr/Ghoa/xoaGv8ZGRn/GRkZ/xkZGf8ZGRn/GRkZ/xkZGf8ZGRn/GRkZ/xkZGf8ZGRn/GRkZ/xkZGf8ZGRn/GRkZ/xkZGf8ZGRn/GRkZ/xkZGf8ZGRn/GRkZ/xkZGf8ZGRn/GRkZ/xkZGf8ZGRn/GRkZ/xkZGf8ZGRn/GRkZ/xkZGf8ZGRn/GRkZ/xkZGf8ZGRn/GRkZ/xkZGf8ZGRn/GRkZ/xoaGv8aGhr/Ghoa/xoaGv8aGhr/Gxsb/xoaGv8aGhr/Ghoa/xoaGv8aGhr/GRkZ/xkZGf8YGBj/GBgY/xkZGf8ZGRn/GRkZ/xkZGf8ZGRn/GRkZ/xkZGf8ZGRn/GRkZ/xkZGf8aGhr/Ghoa/xoaGv8aGhr/Ghoa/xkZGf8ZGRn/GRkZ/xkZGf8ZGRn/GRkZ/xkZGf8ZGRn/GRkZ/xoaGv8bGxv/Gxsb/xsbG/89PT3/PT09/z4+Pv88PDz/Ojo6/zs7O/88PDz/Ozs7/zk5Of85OTn/Ozs7/zs7O/85OTn/OTk5/zk5Of86Ojr/Ozs7/zs7O/86Ojr/ODg4/zg4OP85OTn/OTk5/zo6Ov86Ojr/Ozs7/zs7O/88PDz/PT09/z4+Pv8/Pz//PT09/z09Pf89PT3/Pj4+/z8/P/9AQED/QEBA/0FBQf9AQED/Pz8//z8/P/8/Pz//Pz8//0BAQP9BQUH/RERE/0NDQ/9AQED/Pz8//z8/P/8/Pz//Pj4+/z09Pf88PDz/PDw8/zs7O/87Ozv/PDw8/z09Pf8+Pj7/Pj4+/z09Pf87Ozv/OTk5/zc3N/83Nzf/ODg4/zg4OP82Njb/NjY2/zk5Of86Ojr/OTk5/zc3N/85OTn/PDw8/z09Pf8+Pj7/PDw8/zo6Ov86Ojr/Ojo6/zo6Ov87Ozv/OTk5/zc3N/82Njb/Nzc3/zY2Nv81NTX/NDQ0/zMzM/8zMzP/NDQ0/zY2Nv84ODj/Ojo6/zw8PP8/Pz//PT09/zk5Of86Ojr/Pj4+/z4+Pv86Ojr/OTk5/zw8PP88PDz/ODg4/zY2Nv81NTX/NDQ0/zg4OP88PDz/Ozs7/zo6Ov85OTn/Nzc3/zc3N/83Nzf/OTk5/zw8PP87Ozv/ODg4/zY2Nv81NTX/NDQ0/zExMf8vLy//MTEx/zIyMv80NDT/Nzc3/zY2Nv81NTX/NDQ0/zMzM/8yMjL/MjIy/zIyMv8zMzP/MzMz/zExMf8xMTH/MjIy/zIyMv8zMzP/NDQ0/zQ0NP80NDT/NTU1/zY2Nv80NDT/MjIy/zExMf8vLy//MDAw/zExMf8yMjL/NDQ0/zMzM/8yMjL/MjIy/zMzM/8zMzP/MzMz/zMzM/8yMjL/MjIy/zIyMv8yMjL/MTEx/zAwMP8xMTH/MjIy/zIyMv8yMjL/MjIy/zIyMv8yMjL/MjIy/zExMf8xMTH/MTEx/zAwMP8wMDD/MDAw/zAwMP8xMTH/MzMz/zIyMv8xMTH/MjIy/zMzM/8zMzP/MzMz/zMzM/8zMzP/NDQ0/zU1Nf81NTX/MTEx/y8vL/8uLi7/Li4u/y0tLf8tLS3/Li4u/zAwMP8vLy//Li4u/y4uLv8wMDD/Ly8v/y8vL/8uLi7/LS0t/y4uLv8wMDD/MTEx/y4uLv8tLS3/Ly8v/zAwMP8vLy//LS0t/y0tLf8uLi7/LS0t/ywsLP8sLCz/LCws/ywsLP8sLCz/LCws/ywsLP8sLCz/LCws/ysrK/8rKyv/Kioq/yoqKv8qKir/Kioq/ysrK/8pKSn/KCgo/ycnJ/8nJyf/Jycn/ygoKP8oKCj/KSkp/yoqKv8qKir/KSkp/ygoKP8oKCj/KCgo/ygoKP8mJib/JSUl/ycnJ/8oKCj/KCgo/ygoKP8mJib/IyMj/yMjI/8lJSX/JCQk/yIiIv8iIiL/IyMj/yQkJP8kJCT/JCQk/yMjI/8jIyP/JCQk/yUlJf8kJCT/JCQk/yMjI/8jIyP/IyMj/yQkJP8kJCT/JCQk/yMjI/8jIyP/IiIi/yEhIf8hISH/ISEh/yEhIf8hISH/ISEh/yIiIv8jIyP/IiIi/yEhIf8hISH/IiIi/yEhIf8hISH/ICAg/yAgIP8gICD/ICAg/yAgIP8hISH/ISEh/yAgIP8gICD/ISEh/yEhIf8gICD/Hh4e/x4eHv8fHx//Hx8f/yAgIP8fHx//HR0d/x0dHf8eHh7/Hx8f/yAgIP8gICD/Hx8f/x8fH/8eHh7/Hh4e/x0dHf8dHR3/HR0d/y8vL/8uLi7/Li4u/y0tLf8tLS3/LCws/ywsLP8sLCz/LS0t/y0tLf8uLi7/Ly8v/y8vL/8vLy//Ly8v/y8vL/8vLy//Li4u/y4uLv8tLS3/LS0t/y4uLv8tLS3/LS0t/y0tLf8uLi7/Ly8v/zAwMP8xMTH/MTEx/zAwMP8uLi7/Li4u/y0tLf8tLS3/LS0t/y0tLf8tLS3/Li4u/y4uLv8uLi7/Ly8v/zExMf8xMTH/MjIy/zExMf8vLy//Li4u/y0tLf8uLi7/MDAw/zExMf8wMDD/MDAw/zAwMP8wMDD/Ly8v/y8vL/8vLy//Ly8v/y4uLv8uLi7/Li4u/y4uLv8vLy//MTEx/zExMf8uLi7/Li4u/y8vL/8wMDD/MDAw/zExMf8xMTH/MTEx/zAwMP8wMDD/MDAw/zAwMP8wMDD/Ly8v/y8vL/8wMDD/Ly8v/y4uLv8uLi7/MDAw/zExMf8wMDD/MDAw/zAwMP8wMDD/MDAw/y8vL/8wMDD/MjIy/zIyMv8yMjL/MTEx/y8vL/8wMDD/MTEx/zIyMv8yMjL/MjIy/zIyMv8yMjL/MjIy/zIyMv8xMTH/MTEx/zAwMP8vLy//Li4u/y4uLv8uLi7/Ly8v/y4uLv8uLi7/LS0t/y0tLf8tLS3/Li4u/y8vL/8xMTH/MTEx/zAwMP8wMDD/MDAw/zExMf8xMTH/MTEx/zExMf8xMTH/MTEx/zIyMv8zMzP/NDQ0/zQ0NP8yMjL/MTEx/zAwMP8wMDD/Ly8v/y8vL/8uLi7/Li4u/zAwMP8xMTH/MjIy/zMzM/8yMjL/MTEx/zExMf8xMTH/MTEx/zIyMv8xMTH/MTEx/zExMf8xMTH/MTEx/zIyMv8yMjL/MzMz/zMzM/8zMzP/NDQ0/zMzM/8yMjL/MzMz/zQ0NP82Njb/ODg4/zY2Nv80NDT/NDQ0/zQ0NP80NDT/MzMz/zMzM/8yMjL/MjIy/zMzM/80NDT/NDQ0/zU1Nf81NTX/NTU1/zc3N/84ODj/ODg4/zc3N/82Njb/NTU1/zU1Nf83Nzf/NjY2/zQ0NP8zMzP/MjIy/zExMf8zMzP/NDQ0/zQ0NP81NTX/NTU1/zU1Nf80NDT/MzMz/zQ0NP82Njb/Nzc3/zk5Of83Nzf/MzMz/zMzM/82Njb/NjY2/zQ0NP8zMzP/MzMz/zIyMv8yMjL/MjIy/zIyMv8yMjL/MjIy/zExMf8yMjL/MjIy/zMzM/80NDT/NTU1/zY2Nv83Nzf/OTk5/zk5Of85OTn/OTk5/zg4OP84ODj/Nzc3/zY2Nv81NTX/NTU1/zU1Nf80NDT/NDQ0/zQ0NP82Njb/ODg4/zg4OP85OTn/OTk5/zo6Ov86Ojr/Ozs7/zw8PP88PDz/Ozs7/zk5Of84ODj/NjY2/zU1Nf82Njb/ODg4/zk5Of86Ojr/Ozs7/zw8PP87Ozv/Ozs7/zk5Of83Nzf/Nzc3/zk5Of85OTn/ODg4/zg4OP82Njb/NDQ0/zY2Nv83Nzf/ODg4/zg4OP84ODj/ODg4/zg4OP84ODj/Ojo6/z09Pf89PT3/Ozs7/zo6Ov86Ojr/Ojo6/zs7O/87Ozv/Ozs7/zw8PP86Ojr/OTk5/zk5Of86Ojr/Ojo6/zs7O/88PDz/Pj4+/z4+Pv88PDz/Ozs7/zk5Of86Ojr/PT09/z8/P/9AQED/Pz8//z09Pf86Ojr/OTk5/zg4OP85OTn/Ojo6/zk5Of85OTn/Ozs7/z8/P/9BQUH/Q0ND/0NDQ/9AQED/Pz8//z4+Pv89PT3/PDw8/zs7O/88PDz/Gxsb/xoaGv8aGhr/Ghoa/xoaGv8aGhr/Ghoa/xoaGv8aGhr/Ghoa/xsbG/8bGxv/Gxsb/xsbG/8aGhr/Ghoa/xoaGv8aGhr/Ghoa/xsbG/8bGxv/Gxsb/xsbG/8bGxv/Gxsb/xsbG/8bGxv/Gxsb/xsbG/8bGxv/Gxsb/xsbG/8bGxv/Gxsb/xsbG/8aGhr/Ghoa/x0dHf8fHx//ISEh/yMjI/8jIyP/IyMj/yMjI/8iIiL/IiIi/yIiIv8iIiL/IyMj/yMjI/8jIyP/IyMj/yMjI/8jIyP/IyMj/yMjI/8kJCT/JSUl/yUlJf8lJSX/JSUl/yUlJf8lJSX/JSUl/yUlJf8kJCT/JCQk/yQkJP8jIyP/IyMj/yIiIv8iIiL/IiIi/yMjI/8kJCT/JSUl/yUlJf8mJib/JiYm/ycnJ/8nJyf/JiYm/yQkJP8kJCT/JCQk/yUlJf8mJib/JiYm/yUlJf8kJCT/JiYm/yYmJv8mJib/JiYm/ycnJ/8nJyf/Jycn/ycnJ/8nJyf/Jycn/yYmJv8lJSX/JSUl/yUlJf8lJSX/JSUl/yUlJf8lJSX/JSUl/yYmJv8mJib/Jycn/ycnJ/8nJyf/Jycn/ycnJ/8mJib/JiYm/yYmJv8mJib/JSUl/yUlJf8lJSX/JSUl/yYmJv8mJib/Jycn/ycnJ/8mJib/JiYm/yUlJf8lJSX/JiYm/ycnJ/8nJyf/KCgo/ygoKP8oKCj/Jycn/yUlJf8lJSX/JiYm/ycnJ/8oKCj/KSkp/ygoKP8oKCj/Jycn/ycnJ/8nJyf/Jycn/ygoKP8oKCj/KCgo/ycnJ/8nJyf/Jycn/ycnJ/8oKCj/KCgo/ygoKP8oKCj/KCgo/ygoKP8nJyf/Jycn/ygoKP8pKSn/KCgo/ygoKP8qKir/LCws/y0tLf8uLi7/LS0t/ysrK/8rKyv/Kysr/ysrK/8rKyv/LCws/y4uLv8wMDD/MjIy/zQ0NP82Njb/ODg4/zY2Nv80NDT/MjIy/zAwMP8vLy//Ly8v/y4uLv8uLi7/Li4u/y8vL/8wMDD/MjIy/zIyMv8zMzP/MzMz/zQ0NP80NDT/MTEx/y8vL/8wMDD/MTEx/zAwMP8vLy//MTEx/zMzM/81NTX/ODg4/zY2Nv80NDT/MjIy/zAwMP8wMDD/MTEx/zIyMv8zMzP/MzMz/zExMf8wMDD/MDAw/zAwMP8yMjL/NDQ0/zMzM/8wMDD/MDAw/zAwMP8wMDD/MDAw/zAwMP8wMDD/MDAw/zExMf8yMjL/NDQ0/zY2Nv82Njb/NjY2/zQ0NP8yMjL/MzMz/zU1Nf80NDT/MzMz/zIyMv8wMDD/MTEx/zIyMv8zMzP/NDQ0/zQ0NP8yMjL/MTEx/zAwMP8vLy//Ly8v/y4uLv8vLy//Ly8v/zAwMP8wMDD/MDAw/zAwMP8wMDD/MTEx/zIyMv80NDT/NTU1/zQ0NP80NDT/MTEx/zAwMP8uLi7/Li4u/y8vL/8vLy//Li4u/ywsLP8tLS3/Li4u/y0tLf8sLCz/LCws/ysrK/8rKyv/Kysr/ysrK/8rKyv/Kysr/yoqKv8qKir/Kysr/ywsLP8sLCz/LCws/ysrK/8rKyv/Kysr/ysrK/8rKyv/Kioq/ysrK/8tLS3/Li4u/y0tLf8tLS3/Li4u/y4uLv8uLi7/Ly8v/y8vL/8uLi7/LS0t/ywsLP8sLCz/LS0t/y0tLf8tLS3/LCws/yoqKv8rKyv/LCws/ywsLP8tLS3/LS0t/y4uLv8uLi7/LS0t/y0tLf8uLi7/Ly8v/y8vL/8bGxv/HBwc/xwcHP8dHR3/Hh4e/x0dHf8cHBz/HBwc/xwcHP8cHBz/HR0d/x0dHf8dHR3/HR0d/x4eHv8eHh7/HR0d/x0dHf8dHR3/HR0d/x0dHf8eHh7/Hh4e/x0dHf8dHR3/Hh4e/x4eHv8dHR3/HR0d/xwcHP8cHBz/Gxsb/xsbG/8cHBz/HR0d/x4eHv8eHh7/Hh4e/x0dHf8eHh7/Hh4e/x4eHv8dHR3/HR0d/xwcHP8cHBz/HR0d/x0dHf8dHR3/HR0d/xwcHP8cHBz/HR0d/x0dHf8dHR3/HR0d/x4eHv8eHh7/Hh4e/x4eHv8eHh7/Hh4e/x4eHv8eHh7/Hh4e/x4eHv8eHh7/HR0d/x0dHf8dHR3/HR0d/x0dHf8dHR3/HR0d/xwcHP8cHBz/Gxsb/xwcHP8dHR3/HBwc/xsbG/8bGxv/Gxsb/xsbG/8bGxv/Gxsb/xsbG/8aGhr/Ghoa/xsbG/8bGxv/HBwc/xwcHP8cHBz/HBwc/xwcHP8cHBz/Gxsb/xsbG/8bGxv/Gxsb/xsbG/8bGxv/Gxsb/xsbG/8bGxv/Ghoa/xoaGv8aGhr/Ghoa/xoaGv8aGhr/Ghoa/xkZGf8ZGRn/GRkZ/xkZGf8aGhr/Gxsb/xsbG/8bGxv/Gxsb/xsbG/8bGxv/Gxsb/xsbG/8bGxv/Gxsb/xsbG/8cHBz/HBwc/xwcHP8cHBz/HBwc/xwcHP8cHBz/HBwc/xwcHP8dHR3/HR0d/x4eHv8fHx//Hx8f/yAgIP8gICD/ICAg/yAgIP8gICD/Hx8f/x8fH/8fHx//ICAg/yAgIP8iIiL/JCQk/yQkJP8kJCT/JCQk/yQkJP8jIyP/IiIi/yIiIv8jIyP/IyMj/yMjI/8kJCT/IyMj/yMjI/8iIiL/IiIi/yMjI/8lJSX/JSUl/yUlJf8jIyP/Hx8f/x8fH/8hISH/IiIi/yQkJP8jIyP/Hx8f/x4eHv8eHh7/Hh4e/x4eHv8fHx//ICAg/yEhIf8iIiL/JCQk/yIiIv8fHx//Hx8f/x8fH/8gICD/IiIi/yIiIv8iIiL/ISEh/x0dHf8cHBz/Ghoa/xkZGf8bGxv/HBwc/x0dHf8eHh7/HBwc/xoaGv8aGhr/GRkZ/xkZGf8ZGRn/GRkZ/xoaGv8aGhr/GRkZ/xkZGf8ZGRn/GRkZ/xoaGv8aGhr/Ghoa/xoaGv8aGhr/GRkZ/xkZGf8ZGRn/GRkZ/xkZGf8ZGRn/GRkZ/xkZGf8ZGRn/GRkZ/xkZGf8ZGRn/GBgY/xcXF/8YGBj/GBgY/xkZGf8aGhr/GRkZ/xkZGf8ZGRn/GRkZ/xkZGf8ZGRn/GRkZ/xoaGv8aGhr/Ghoa/xoaGv8aGhr/Ghoa/xoaGv8aGhr/Ghoa/xoaGv8ZGRn/GRkZ/xkZGf8ZGRn/GRkZ/xkZGf8ZGRn/GRkZ/xkZGf8ZGRn/GRkZ/xkZGf8ZGRn/GRkZ/xkZGf8ZGRn/GRkZ/xkZGf8ZGRn/GRkZ/xkZGf8ZGRn/GRkZ/xkZGf8ZGRn/GRkZ/xkZGf8ZGRn/GRkZ/xkZGf8ZGRn/GRkZ/xgYGP8YGBj/GRkZ/xoaGv8aGhr/Ghoa/xoaGv8aGhr/Ghoa/xoaGv8aGhr/Ghoa/xoaGv8ZGRn/GBgY/xcXF/8YGBj/GRkZ/xkZGf8ZGRn/GRkZ/xkZGf8ZGRn/GRkZ/xkZGf8ZGRn/GRkZ/xkZGf8aGhr/Ghoa/xoaGv8aGhr/GRkZ/xkZGf8ZGRn/GRkZ/xkZGf8ZGRn/GBgY/xgYGP8ZGRn/Ghoa/xsbG/8bGxv/Gxsb/zk5Of84ODj/ODg4/zg4OP84ODj/ODg4/zc3N/83Nzf/NTU1/zY2Nv83Nzf/NjY2/zU1Nf80NDT/NDQ0/zQ0NP81NTX/NTU1/zU1Nf81NTX/Nzc3/zg4OP83Nzf/Nzc3/zc3N/84ODj/ODg4/zg4OP86Ojr/Pj4+/z4+Pv86Ojr/OTk5/zg4OP84ODj/Ozs7/z09Pf88PDz/PDw8/zs7O/85OTn/Ojo6/zs7O/87Ozv/PT09/z4+Pv8/Pz//Pj4+/zs7O/87Ozv/Ozs7/zs7O/87Ozv/Ozs7/zs7O/87Ozv/Ojo6/zg4OP83Nzf/Nzc3/zc3N/83Nzf/NjY2/zU1Nf81NTX/NTU1/zU1Nf82Njb/NjY2/zc3N/83Nzf/ODg4/zg4OP83Nzf/NjY2/zc3N/84ODj/Ojo6/zs7O/86Ojr/Nzc3/zc3N/82Njb/NjY2/zc3N/82Njb/NTU1/zQ0NP80NDT/MzMz/zExMf8wMDD/MjIy/zMzM/80NDT/NjY2/zY2Nv82Njb/NTU1/zU1Nf80NDT/MjIy/zMzM/80NDT/NDQ0/zQ0NP80NDT/NTU1/zU1Nf80NDT/NDQ0/zIyMv8wMDD/MjIy/zQ0NP80NDT/MzMz/zIyMv8xMTH/MTEx/zIyMv8yMjL/NDQ0/zQ0NP80NDT/NDQ0/zMzM/8zMzP/MDAw/y8vL/8xMTH/MzMz/zQ0NP81NTX/MzMz/zExMf8xMTH/MDAw/y8vL/8tLS3/LS0t/y8vL/8vLy//MDAw/zAwMP8xMTH/MjIy/zIyMv8yMjL/MjIy/zMzM/8yMjL/MjIy/zIyMv8xMTH/MDAw/y4uLv8vLy//MDAw/zExMf8zMzP/MzMz/y8vL/8uLi7/Li4u/y4uLv8tLS3/LS0t/y0tLf8sLCz/LS0t/y4uLv8uLi7/Li4u/y4uLv8tLS3/LS0t/y4uLv8uLi7/Li4u/y4uLv8tLS3/LS0t/y4uLv8uLi7/Li4u/y4uLv8sLCz/Kysr/y0tLf8vLy//Li4u/y4uLv8uLi7/Ly8v/y8vL/8vLy//Ly8v/zAwMP8wMDD/MDAw/y8vL/8tLS3/LCws/yoqKv8pKSn/KSkp/ykpKf8qKir/Kysr/yoqKv8oKCj/Kioq/y0tLf8tLS3/Kysr/ysrK/8qKir/Kioq/ysrK/8rKyv/KSkp/ygoKP8qKir/LCws/ysrK/8qKir/KSkp/ykpKf8pKSn/KCgo/ygoKP8mJib/JiYm/yYmJv8mJib/Jycn/ycnJ/8mJib/JiYm/yYmJv8mJib/JSUl/yUlJf8mJib/Jycn/ycnJ/8mJib/JiYm/yUlJf8lJSX/JSUl/yUlJf8mJib/JiYm/yYmJv8lJSX/JSUl/yUlJf8lJSX/JCQk/yMjI/8iIiL/IyMj/yMjI/8jIyP/IyMj/yIiIv8hISH/ISEh/yEhIf8hISH/ISEh/yEhIf8hISH/ISEh/yEhIf8hISH/ISEh/yEhIf8hISH/ISEh/yAgIP8gICD/Hx8f/x8fH/8fHx//ICAg/yAgIP8gICD/Hx8f/x8fH/8fHx//Hh4e/x4eHv8eHh7/Hh4e/x4eHv8eHh7/Hh4e/x8fH/8fHx//Hh4e/x8fH/8fHx//Hh4e/x4eHv8dHR3/HBwc/xwcHP8cHBz/HR0d/x0dHf8dHR3/HR0d/x0dHf8dHR3/HR0d/xwcHP8cHBz/HBwc/xwcHP8dHR3/HR0d/x0dHf8cHBz/HBwc/xwcHP8cHBz/HR0d/x0dHf8cHBz/HBwc/xwcHP8bGxv/Gxsb/xsbG/8bGxv/LCws/ywsLP8rKyv/Kysr/yoqKv8pKSn/KSkp/ykpKf8qKir/Kioq/yoqKv8qKir/Kioq/yoqKv8qKir/Kioq/yoqKv8qKir/Kioq/yoqKv8rKyv/Kysr/ysrK/8pKSn/Kioq/yoqKv8rKyv/LCws/ywsLP8rKyv/Kysr/ywsLP8sLCz/Kysr/ysrK/8qKir/KSkp/yoqKv8qKir/Kysr/ysrK/8sLCz/Li4u/y4uLv8vLy//Ly8v/y0tLf8tLS3/LS0t/y0tLf8uLi7/Li4u/y0tLf8sLCz/LCws/ywsLP8sLCz/LCws/ywsLP8rKyv/Kysr/ysrK/8sLCz/LCws/y0tLf8tLS3/LS0t/ywsLP8sLCz/Li4u/y4uLv8tLS3/LS0t/y0tLf8tLS3/LS0t/y0tLf8vLy//MDAw/y8vL/8tLS3/LS0t/y0tLf8tLS3/Kysr/ywsLP8vLy//Ly8v/y4uLv8tLS3/LS0t/y0tLf8sLCz/LCws/y0tLf8uLi7/Ly8v/y8vL/8vLy//Li4u/y4uLv8uLi7/Li4u/y8vL/8vLy//MDAw/zAwMP8vLy//Ly8v/y4uLv8uLi7/LS0t/y0tLf8tLS3/LS0t/y0tLf8tLS3/LCws/ywsLP8rKyv/Kysr/ysrK/8sLCz/LCws/y0tLf8tLS3/LS0t/y0tLf8tLS3/LS0t/y4uLv8uLi7/Li4u/y4uLv8vLy//Ly8v/y8vL/8vLy//Li4u/y4uLv8uLi7/LS0t/y0tLf8tLS3/LS0t/ysrK/8rKyv/LCws/y0tLf8tLS3/LS0t/y0tLf8uLi7/Li4u/y4uLv8uLi7/Li4u/y4uLv8vLy//Ly8v/y8vL/8vLy//MDAw/zExMf8xMTH/MTEx/zExMf8wMDD/MTEx/zExMf8zMzP/NDQ0/zQ0NP80NDT/MzMz/zIyMv8zMzP/NDQ0/zU1Nf80NDT/NDQ0/zMzM/8zMzP/MjIy/zIyMv8xMTH/MDAw/zIyMv8zMzP/MzMz/zIyMv8yMjL/MjIy/zIyMv8yMjL/MzMz/zQ0NP80NDT/MzMz/zIyMv8xMTH/MDAw/zAwMP8wMDD/MTEx/zIyMv8yMjL/MjIy/zIyMv8xMTH/MzMz/zU1Nf81NTX/NjY2/zU1Nf8zMzP/MzMz/zMzM/8yMjL/MTEx/zExMf8yMjL/MzMz/zMzM/80NDT/NDQ0/zMzM/8zMzP/MjIy/zQ0NP82Njb/NTU1/zU1Nf80NDT/NDQ0/zU1Nf83Nzf/Nzc3/zY2Nv81NTX/Nzc3/zc3N/81NTX/MzMz/zQ0NP80NDT/NDQ0/zQ0NP81NTX/Nzc3/zg4OP85OTn/OTk5/zk5Of86Ojr/Ozs7/zs7O/86Ojr/Ojo6/zc3N/82Njb/Nzc3/zg4OP82Njb/NDQ0/zY2Nv83Nzf/Nzc3/zY2Nv83Nzf/OTk5/zc3N/80NDT/MzMz/zIyMv8zMzP/NjY2/zc3N/82Njb/NjY2/zU1Nf81NTX/ODg4/zs7O/86Ojr/Ojo6/zo6Ov86Ojr/OTk5/zg4OP85OTn/PDw8/zs7O/86Ojr/OTk5/zk5Of85OTn/OTk5/zo6Ov87Ozv/Ozs7/zo6Ov84ODj/ODg4/zc3N/83Nzf/Nzc3/zg4OP87Ozv/Ozs7/zw8PP89PT3/PT09/z4+Pv9AQED/QEBA/z4+Pv88PDz/Ojo6/zc3N/83Nzf/Nzc3/zc3N/83Nzf/ODg4/zk5Of87Ozv/QEBA/0FBQf9AQED/Pz8//zw8PP86Ojr/Nzc3/zY2Nv83Nzf/Nzc3/zg4OP8aGhr/Ghoa/xoaGv8aGhr/Gxsb/xsbG/8bGxv/Gxsb/xsbG/8bGxv/Ghoa/xoaGv8aGhr/Ghoa/xoaGv8aGhr/Ghoa/xoaGv8aGhr/Ghoa/xoaGv8aGhr/Gxsb/xwcHP8cHBz/Gxsb/xsbG/8aGhr/Ghoa/xoaGv8aGhr/Ghoa/xoaGv8aGhr/Ghoa/xsbG/8bGxv/Hh4e/yAgIP8iIiL/JCQk/yQkJP8kJCT/JCQk/yMjI/8jIyP/JCQk/yQkJP8kJCT/JSUl/yYmJv8nJyf/KCgo/ygoKP8nJyf/JiYm/yYmJv8mJib/JiYm/yYmJv8mJib/JiYm/ycnJ/8oKCj/KSkp/yoqKv8qKir/Kioq/ykpKf8mJib/JSUl/yUlJf8lJSX/JiYm/ycnJ/8mJib/JiYm/ycnJ/8oKCj/KSkp/ysrK/8qKir/KCgo/ycnJ/8nJyf/Jycn/ycnJ/8nJyf/JiYm/ycnJ/8pKSn/Kysr/yoqKv8oKCj/Jycn/yYmJv8mJib/JiYm/ycnJ/8nJyf/Jycn/yYmJv8mJib/Jycn/ycnJ/8mJib/JiYm/yYmJv8mJib/JiYm/yYmJv8mJib/JiYm/yYmJv8mJib/Jycn/ygoKP8nJyf/JiYm/yYmJv8mJib/JiYm/yYmJv8mJib/Jycn/ycnJ/8nJyf/Jycn/ycnJ/8mJib/JiYm/yYmJv8mJib/JiYm/ycnJ/8nJyf/Jycn/ycnJ/8mJib/JiYm/yYmJv8nJyf/KCgo/ygoKP8oKCj/KCgo/ygoKP8nJyf/Jycn/ycnJ/8oKCj/KCgo/ygoKP8oKCj/KCgo/ycnJ/8nJyf/KCgo/ykpKf8pKSn/KSkp/ykpKf8qKir/Kioq/ygoKP8oKCj/KCgo/ygoKP8oKCj/KSkp/yoqKv8rKyv/Kysr/ysrK/8rKyv/Kioq/ysrK/8sLCz/LS0t/y8vL/8yMjL/NjY2/zk5Of88PDz/Pj4+/z8/P/9AQED/PDw8/zg4OP84ODj/Nzc3/zY2Nv80NDT/MjIy/zAwMP8wMDD/MTEx/zIyMv8zMzP/MzMz/zQ0NP8zMzP/MjIy/zExMf8wMDD/Ly8v/zExMf8zMzP/MzMz/zMzM/81NTX/NjY2/zY2Nv82Njb/NTU1/zQ0NP8zMzP/MDAw/zAwMP8xMTH/MjIy/zIyMv8xMTH/MDAw/y8vL/8wMDD/MTEx/zMzM/82Njb/NTU1/zMzM/8yMjL/MTEx/zExMf8yMjL/MjIy/zIyMv8zMzP/MzMz/zMzM/80NDT/NTU1/zU1Nf81NTX/NDQ0/zIyMv8yMjL/MTEx/zExMf8yMjL/MTEx/zAwMP8wMDD/MTEx/zExMf8yMjL/MjIy/zExMf8wMDD/MDAw/zAwMP8wMDD/MTEx/zExMf8xMTH/MTEx/zIyMv8yMjL/MzMz/zU1Nf84ODj/OTk5/zs7O/87Ozv/Ojo6/zg4OP81NTX/MzMz/zMzM/8zMzP/MzMz/zIyMv8yMjL/MTEx/zExMf8wMDD/Ly8v/y4uLv8tLS3/LCws/ywsLP8tLS3/LS0t/y0tLf8tLS3/LCws/ywsLP8sLCz/LCws/ywsLP8rKyv/Kysr/yoqKv8qKir/Kioq/yoqKv8qKir/Kioq/ysrK/8rKyv/Kysr/ysrK/8sLCz/LS0t/ywsLP8sLCz/Kysr/ysrK/8rKyv/Kysr/ysrK/8rKyv/Kioq/ykpKf8pKSn/KSkp/ykpKf8pKSn/Kioq/ysrK/8rKyv/Kysr/yoqKv8pKSn/KSkp/yoqKv8rKyv/LCws/xwcHP8cHBz/HR0d/x0dHf8dHR3/HR0d/x0dHf8dHR3/HR0d/x0dHf8eHh7/Hh4e/x4eHv8eHh7/Hh4e/x4eHv8eHh7/Hh4e/x0dHf8dHR3/HR0d/x0dHf8dHR3/HR0d/x0dHf8dHR3/HR0d/x0dHf8dHR3/HBwc/xwcHP8dHR3/HR0d/x0dHf8eHh7/Hh4e/x4eHv8eHh7/Hh4e/x4eHv8fHx//Hx8f/x8fH/8eHh7/HR0d/x4eHv8eHh7/Hh4e/x4eHv8dHR3/HR0d/x0dHf8dHR3/Hh4e/x4eHv8fHx//Hx8f/x8fH/8fHx//Hx8f/x8fH/8eHh7/Hh4e/x4eHv8eHh7/Hx8f/x8fH/8fHx//Hx8f/x8fH/8fHx//Hx8f/x8fH/8fHx//Hx8f/x8fH/8fHx//Hx8f/x4eHv8eHh7/HR0d/x0dHf8eHh7/Hh4e/x4eHv8eHh7/Hh4e/x4eHv8eHh7/Hx8f/yAgIP8hISH/ISEh/yAgIP8gICD/ICAg/yAgIP8fHx//Hx8f/yAgIP8hISH/IyMj/yIiIv8hISH/ISEh/yAgIP8gICD/ICAg/x8fH/8gICD/ICAg/yEhIf8hISH/ICAg/x8fH/8fHx//Hh4e/yAgIP8jIyP/IyMj/yMjI/8jIyP/ISEh/yEhIf8iIiL/IiIi/yMjI/8jIyP/JCQk/yQkJP8kJCT/IyMj/yMjI/8jIyP/IyMj/yMjI/8iIiL/ISEh/yEhIf8hISH/IiIi/yIiIv8iIiL/IiIi/yIiIv8iIiL/IiIi/yIiIv8hISH/ISEh/yEhIf8hISH/ISEh/yIiIv8jIyP/IiIi/yIiIv8hISH/ICAg/yAgIP8fHx//ICAg/yAgIP8gICD/ICAg/yAgIP8gICD/ICAg/x8fH/8fHx//Hx8f/yAgIP8gICD/ICAg/x8fH/8eHh7/Hh4e/x4eHv8fHx//ICAg/x8fH/8eHh7/HR0d/x0dHf8dHR3/HR0d/x0dHf8dHR3/Hh4e/x8fH/8gICD/Hx8f/x0dHf8dHR3/HR0d/x0dHf8fHx//Hx8f/x8fH/8eHh7/HR0d/xwcHP8bGxv/Gxsb/xwcHP8dHR3/HR0d/x0dHf8cHBz/Gxsb/xoaGv8aGhr/Ghoa/xoaGv8aGhr/Ghoa/xoaGv8ZGRn/GRkZ/xkZGf8aGhr/GRkZ/xkZGf8aGhr/Ghoa/xoaGv8aGhr/GRkZ/xgYGP8YGBj/GBgY/xkZGf8aGhr/GRkZ/xkZGf8ZGRn/GRkZ/xkZGf8YGBj/GBgY/xkZGf8ZGRn/GRkZ/xkZGf8ZGRn/GRkZ/xkZGf8ZGRn/GRkZ/xoaGv8aGhr/Ghoa/xoaGv8ZGRn/GRkZ/xkZGf8ZGRn/GRkZ/xkZGf8ZGRn/GRkZ/xkZGf8YGBj/GBgY/xgYGP8YGBj/GBgY/xgYGP8YGBj/GRkZ/xkZGf8ZGRn/GRkZ/xkZGf8aGhr/Ghoa/xoaGv8ZGRn/GRkZ/xgYGP8YGBj/GBgY/xgYGP8YGBj/GRkZ/xkZGf8ZGRn/GRkZ/xkZGf8ZGRn/GRkZ/xkZGf8ZGRn/GRkZ/xkZGf8ZGRn/GRkZ/xkZGf8ZGRn/Ghoa/xsbG/8aGhr/Ghoa/xoaGv8ZGRn/GRkZ/xgYGP8YGBj/GBgY/xgYGP8ZGRn/GRkZ/xkZGf8ZGRn/GRkZ/xoaGv8aGhr/Ghoa/xkZGf8ZGRn/GRkZ/xkZGf8ZGRn/GRkZ/xkZGf8ZGRn/GRkZ/xoaGv8ZGRn/GRkZ/xkZGf8ZGRn/GRkZ/xoaGv8aGhr/GRkZ/xkZGf8ZGRn/NjY2/zU1Nf81NTX/NjY2/zc3N/82Njb/NDQ0/zMzM/8zMzP/MzMz/zQ0NP8zMzP/MTEx/zExMf8xMTH/MTEx/zExMf8xMTH/MjIy/zQ0NP81NTX/Nzc3/zY2Nv81NTX/NTU1/zc3N/82Njb/NjY2/zg4OP89PT3/PT09/zg4OP82Njb/NTU1/zQ0NP84ODj/Ojo6/zo6Ov85OTn/Nzc3/zY2Nv82Njb/ODg4/zk5Of86Ojr/Ozs7/zs7O/87Ozv/ODg4/zg4OP84ODj/ODg4/zk5Of86Ojr/Ojo6/zo6Ov84ODj/NjY2/zQ0NP8zMzP/MjIy/zIyMv8yMjL/MjIy/zIyMv8zMzP/NDQ0/zQ0NP80NDT/Nzc3/zc3N/82Njb/NjY2/zY2Nv82Njb/NjY2/zY2Nv83Nzf/OTk5/zg4OP81NTX/NDQ0/zQ0NP80NDT/NDQ0/zMzM/8zMzP/MjIy/zIyMv8xMTH/Li4u/y0tLf8wMDD/MzMz/zQ0NP82Njb/NDQ0/zMzM/8xMTH/Li4u/y4uLv8uLi7/Li4u/y4uLv8uLi7/Ly8v/zAwMP8wMDD/MDAw/zIyMv8yMjL/MDAw/y4uLv8uLi7/Ly8v/y4uLv8uLi7/Li4u/y4uLv8uLi7/Li4u/y4uLv8vLy//MDAw/zIyMv8zMzP/MjIy/zExMf8wMDD/Ly8v/zExMf8zMzP/MzMz/zQ0NP8yMjL/Ly8v/y4uLv8uLi7/LS0t/yoqKv8qKir/LCws/ywsLP8uLi7/Ly8v/zExMf8xMTH/MDAw/zAwMP8xMTH/MjIy/zExMf8wMDD/MDAw/zAwMP8vLy//Li4u/y4uLv8vLy//MDAw/zMzM/8yMjL/LS0t/ysrK/8qKir/Kioq/ykpKf8pKSn/KSkp/ykpKf8qKir/LCws/ywsLP8tLS3/LCws/yoqKv8qKir/Kysr/ysrK/8rKyv/Kysr/yoqKv8qKir/LCws/y0tLf8tLS3/LS0t/yoqKv8oKCj/Kioq/ywsLP8sLCz/LCws/ywsLP8tLS3/LS0t/y0tLf8tLS3/LS0t/y0tLf8sLCz/Kysr/yoqKv8pKSn/Jycn/yYmJv8mJib/JiYm/ycnJ/8oKCj/Jycn/yUlJf8nJyf/Kysr/ysrK/8pKSn/KCgo/ycnJ/8nJyf/KCgo/ygoKP8mJib/JSUl/ycnJ/8pKSn/KCgo/ygoKP8nJyf/JiYm/yYmJv8mJib/JSUl/yMjI/8jIyP/IyMj/yMjI/8jIyP/IyMj/yMjI/8jIyP/IyMj/yMjI/8iIiL/IiIi/yMjI/8lJSX/JSUl/yUlJf8lJSX/JCQk/yQkJP8kJCT/JCQk/yMjI/8jIyP/IyMj/yMjI/8jIyP/IyMj/yIiIv8iIiL/ISEh/yEhIf8gICD/Hx8f/x8fH/8fHx//Hx8f/x8fH/8fHx//Hx8f/x8fH/8gICD/ICAg/x8fH/8fHx//Hx8f/x8fH/8gICD/ICAg/x8fH/8fHx//Hh4e/x0dHf8dHR3/HBwc/xwcHP8dHR3/HR0d/x0dHf8dHR3/HR0d/x0dHf8cHBz/HBwc/xwcHP8cHBz/HBwc/xwcHP8cHBz/HBwc/xwcHP8dHR3/HR0d/x0dHf8dHR3/HBwc/xsbG/8ZGRn/GRkZ/xoaGv8aGhr/Gxsb/xsbG/8bGxv/Gxsb/xoaGv8aGhr/Gxsb/xsbG/8bGxv/Gxsb/xsbG/8cHBz/HBwc/xsbG/8bGxv/Gxsb/xsbG/8aGhr/Ghoa/xsbG/8bGxv/Ghoa/xoaGv8aGhr/Ghoa/xoaGv8rKyv/Kysr/yoqKv8pKSn/KCgo/ygoKP8nJyf/Jycn/ygoKP8oKCj/KCgo/ygoKP8nJyf/Jycn/ycnJ/8nJyf/Jycn/ycnJ/8oKCj/KSkp/ykpKf8qKir/KSkp/ycnJ/8nJyf/KCgo/ykpKf8qKir/KSkp/ygoKP8pKSn/Kioq/ysrK/8qKir/Kioq/ygoKP8nJyf/KCgo/ygoKP8pKSn/Kioq/ysrK/8sLCz/LS0t/y4uLv8tLS3/LCws/ywsLP8tLS3/LS0t/ywsLP8sLCz/Kysr/yoqKv8pKSn/KSkp/yoqKv8rKyv/Kioq/ykpKf8pKSn/Kioq/yoqKv8rKyv/Kysr/ysrK/8rKyv/Kysr/ysrK/8sLCz/LS0t/ywsLP8rKyv/Kioq/yoqKv8rKyv/LCws/y4uLv8wMDD/Li4u/ywsLP8sLCz/LCws/ysrK/8pKSn/Kioq/y4uLv8uLi7/LS0t/ywsLP8rKyv/Kioq/yoqKv8qKir/Kysr/ywsLP8tLS3/Li4u/y4uLv8uLi7/LS0t/ysrK/8sLCz/LS0t/y0tLf8uLi7/Li4u/y0tLf8tLS3/LCws/ywsLP8sLCz/LCws/ywsLP8tLS3/LCws/ywsLP8rKyv/Kioq/yoqKv8pKSn/KSkp/yoqKv8qKir/Kioq/yoqKv8rKyv/Kysr/ysrK/8rKyv/LCws/y0tLf8sLCz/LCws/y0tLf8uLi7/LS0t/ysrK/8rKyv/Kysr/ysrK/8sLCz/LCws/ywsLP8rKyv/Kioq/ykpKf8qKir/Kioq/ykpKf8pKSn/Kioq/ywsLP8sLCz/LS0t/ywsLP8rKyv/LCws/y4uLv8uLi7/LS0t/y4uLv8vLy//MDAw/zAwMP8wMDD/Ly8v/y4uLv8vLy//MTEx/zIyMv80NDT/MzMz/zIyMv8xMTH/MTEx/zIyMv80NDT/NTU1/zU1Nf80NDT/NDQ0/zMzM/8yMjL/MDAw/y4uLv8tLS3/Ly8v/zIyMv8wMDD/Li4u/y4uLv8vLy//MDAw/zExMf8xMTH/MjIy/zIyMv8yMjL/MTEx/zAwMP8wMDD/Ly8v/y4uLv8vLy//MDAw/zAwMP8xMTH/MDAw/zAwMP8xMTH/NDQ0/zMzM/8zMzP/MzMz/zMzM/8yMjL/MDAw/y8vL/8uLi7/Ly8v/zExMf8zMzP/NDQ0/zU1Nf80NDT/NDQ0/zMzM/8zMzP/NTU1/zg4OP83Nzf/NTU1/zQ0NP8yMjL/MzMz/zY2Nv82Njb/NDQ0/zMzM/81NTX/NjY2/zMzM/8xMTH/MjIy/zQ0NP80NDT/NDQ0/zY2Nv84ODj/OTk5/zk5Of85OTn/OTk5/zk5Of87Ozv/Ozs7/zk5Of84ODj/NDQ0/zIyMv81NTX/ODg4/zY2Nv80NDT/NTU1/zc3N/81NTX/MzMz/zQ0NP82Njb/NDQ0/zAwMP8vLy//Ly8v/zAwMP8zMzP/NTU1/zU1Nf81NTX/NTU1/zU1Nf85OTn/PT09/zw8PP87Ozv/Ozs7/zs7O/86Ojr/ODg4/zg4OP86Ojr/Ojo6/zk5Of85OTn/ODg4/zg4OP84ODj/OTk5/zo6Ov87Ozv/OTk5/zg4OP82Njb/NTU1/zQ0NP80NDT/NTU1/zg4OP86Ojr/PDw8/z09Pf9AQED/QEBA/0BAQP9AQED/PT09/zo6Ov83Nzf/NTU1/zY2Nv83Nzf/NjY2/zU1Nf82Njb/ODg4/zs7O/9AQED/QEBA/z4+Pv88PDz/ODg4/zY2Nv8yMjL/MTEx/zMzM/81NTX/NTU1/xkZGf8ZGRn/Ghoa/xoaGv8bGxv/Gxsb/xsbG/8bGxv/Gxsb/xsbG/8aGhr/Ghoa/xoaGv8aGhr/Ghoa/xoaGv8aGhr/Ghoa/xoaGv8aGhr/Ghoa/xoaGv8bGxv/HR0d/xwcHP8bGxv/Gxsb/xoaGv8aGhr/Ghoa/xoaGv8aGhr/Ghoa/xoaGv8aGhr/Gxsb/xsbG/8eHh7/ISEh/yMjI/8lJSX/JSUl/yUlJf8lJSX/JCQk/yQkJP8lJSX/JSUl/yUlJf8mJib/KCgo/ykpKf8rKyv/Kysr/ykpKf8nJyf/Jycn/yYmJv8mJib/JiYm/yYmJv8nJyf/KCgo/yoqKv8rKyv/Li4u/y4uLv8tLS3/LCws/ygoKP8nJyf/Jycn/ycnJ/8oKCj/KCgo/ygoKP8nJyf/KCgo/ykpKf8rKyv/Li4u/y0tLf8qKir/Kioq/ykpKf8pKSn/KCgo/ygoKP8nJyf/KCgo/ywsLP8uLi7/LCws/yoqKv8oKCj/JiYm/yYmJv8mJib/Jycn/ycnJ/8nJyf/Jycn/ycnJ/8oKCj/KCgo/ycnJ/8mJib/Jycn/ycnJ/8nJyf/JiYm/yYmJv8mJib/JiYm/yYmJv8oKCj/KSkp/ygoKP8mJib/JiYm/yYmJv8nJyf/Jycn/ycnJ/8nJyf/Jycn/ygoKP8oKCj/Jycn/yYmJv8mJib/JiYm/yYmJv8mJib/Jycn/ycnJ/8nJyf/JiYm/yYmJv8mJib/Jycn/ygoKP8oKCj/KCgo/ygoKP8oKCj/KCgo/ycnJ/8nJyf/KCgo/ygoKP8oKCj/KCgo/ygoKP8oKCj/KCgo/ycnJ/8oKCj/Kioq/yoqKv8pKSn/KSkp/ysrK/8rKyv/KSkp/ygoKP8oKCj/Jycn/ygoKP8pKSn/Kioq/ysrK/8rKyv/Kioq/yoqKv8qKir/Kysr/y0tLf8vLy//MjIy/zY2Nv88PDz/Pz8//0JCQv9ERET/RUVF/0VFRf9AQED/Ojo6/zs7O/88PDz/Ojo6/zc3N/81NTX/MjIy/zIyMv8yMjL/MzMz/zQ0NP80NDT/NDQ0/zQ0NP8xMTH/Ly8v/y8vL/8wMDD/MjIy/zU1Nf82Njb/Nzc3/zc3N/84ODj/Nzc3/zU1Nf80NDT/NDQ0/zMzM/8xMTH/MDAw/zIyMv8yMjL/MTEx/zAwMP8vLy//Li4u/zAwMP8yMjL/NDQ0/zc3N/82Njb/NDQ0/zMzM/8xMTH/MjIy/zMzM/8zMzP/NDQ0/zU1Nf80NDT/NDQ0/zQ0NP80NDT/NTU1/zU1Nf80NDT/MjIy/zExMf8vLy//MDAw/zExMf8wMDD/Ly8v/zAwMP8xMTH/MTEx/zAwMP8wMDD/MDAw/zAwMP8xMTH/MTEx/zIyMv8yMjL/MjIy/zIyMv8zMzP/MzMz/zQ0NP81NTX/ODg4/zw8PP8+Pj7/QEBA/z8/P/89PT3/Ozs7/zc3N/81NTX/NjY2/zc3N/82Njb/NDQ0/zQ0NP80NDT/MzMz/zExMf8xMTH/Ly8v/y8vL/8tLS3/LS0t/y4uLv8uLi7/Li4u/y4uLv8tLS3/LS0t/ywsLP8sLCz/Kysr/ysrK/8qKir/Kioq/yoqKv8pKSn/KSkp/yoqKv8qKir/Kioq/yoqKv8pKSn/Kioq/ysrK/8sLCz/Kysr/yoqKv8pKSn/KCgo/yoqKv8rKyv/Kioq/yoqKv8pKSn/Jycn/ygoKP8pKSn/KSkp/ygoKP8pKSn/Kioq/yoqKv8oKCj/KCgo/ycnJ/8mJib/KCgo/ykpKf8qKir/HR0d/x0dHf8dHR3/HR0d/x0dHf8dHR3/HR0d/x0dHf8eHh7/Hh4e/x4eHv8eHh7/Hx8f/x8fH/8eHh7/Hh4e/x4eHv8eHh7/HR0d/x0dHf8dHR3/HR0d/x0dHf8dHR3/HR0d/x0dHf8dHR3/HR0d/x0dHf8cHBz/HBwc/x4eHv8eHh7/Hh4e/x4eHv8eHh7/Hh4e/x8fH/8fHx//Hx8f/x8fH/8fHx//ICAg/x8fH/8eHh7/Hh4e/x8fH/8fHx//Hh4e/x4eHv8dHR3/HR0d/x4eHv8eHh7/Hx8f/yAgIP8gICD/ICAg/yAgIP8gICD/Hx8f/x4eHv8eHh7/Hh4e/x4eHv8fHx//Hx8f/yAgIP8gICD/ICAg/yAgIP8gICD/ICAg/yEhIf8hISH/ISEh/yEhIf8gICD/Hx8f/x8fH/8eHh7/Hx8f/yAgIP8gICD/ICAg/yAgIP8hISH/ISEh/yEhIf8hISH/IyMj/yQkJP8jIyP/IyMj/yMjI/8jIyP/IiIi/yEhIf8iIiL/JCQk/yUlJf8oKCj/Jycn/yUlJf8lJSX/JCQk/yQkJP8jIyP/IyMj/yQkJP8kJCT/JSUl/yYmJv8kJCT/IyMj/yIiIv8hISH/JCQk/ygoKP8oKCj/KSkp/ygoKP8lJSX/JSUl/ycnJ/8nJyf/KCgo/ygoKP8pKSn/KSkp/ykpKf8oKCj/KCgo/ycnJ/8nJyf/Jycn/yYmJv8kJCT/JCQk/yQkJP8kJCT/JCQk/yQkJP8kJCT/JCQk/yMjI/8jIyP/IyMj/yMjI/8jIyP/IiIi/yIiIv8iIiL/IiIi/yIiIv8iIiL/ISEh/x8fH/8eHh7/Hh4e/x4eHv8fHx//Hx8f/x8fH/8fHx//Hh4e/x4eHv8eHh7/Hh4e/x0dHf8dHR3/HR0d/x0dHf8dHR3/HR0d/x0dHf8dHR3/HR0d/x0dHf8dHR3/HR0d/x0dHf8dHR3/HR0d/x0dHf8dHR3/HBwc/xwcHP8cHBz/HR0d/x4eHv8eHh7/HBwc/xwcHP8bGxv/HBwc/x0dHf8dHR3/HR0d/x0dHf8cHBz/HBwc/xwcHP8cHBz/HR0d/x0dHf8dHR3/HR0d/xwcHP8bGxv/Gxsb/xsbG/8bGxv/Gxsb/xsbG/8aGhr/Ghoa/xkZGf8ZGRn/Ghoa/xoaGv8aGhr/GRkZ/xoaGv8aGhr/Ghoa/xoaGv8ZGRn/GBgY/xgYGP8YGBj/GRkZ/xoaGv8aGhr/GRkZ/xkZGf8ZGRn/GRkZ/xkZGf8ZGRn/GRkZ/xkZGf8ZGRn/GBgY/xkZGf8ZGRn/GRkZ/xkZGf8ZGRn/Ghoa/xoaGv8aGhr/Ghoa/xgYGP8YGBj/GBgY/xgYGP8ZGRn/GRkZ/xkZGf8ZGRn/GRkZ/xgYGP8YGBj/FxcX/xcXF/8XFxf/GBgY/xgYGP8YGBj/GRkZ/xkZGf8ZGRn/GRkZ/xoaGv8aGhr/Ghoa/xoaGv8ZGRn/GBgY/xgYGP8YGBj/GBgY/xgYGP8YGBj/GRkZ/xkZGf8ZGRn/GRkZ/xkZGf8ZGRn/GRkZ/xkZGf8ZGRn/GRkZ/xkZGf8ZGRn/GRkZ/xkZGf8aGhr/Gxsb/xsbG/8aGhr/Ghoa/xkZGf8ZGRn/GBgY/xgYGP8ZGRn/GRkZ/xkZGf8ZGRn/GRkZ/xkZGf8aGhr/Ghoa/xoaGv8aGhr/GRkZ/xkZGf8ZGRn/GRkZ/xkZGf8ZGRn/GRkZ/xkZGf8ZGRn/Ghoa/xoaGv8ZGRn/GRkZ/xkZGf8ZGRn/Ghoa/xoaGv8ZGRn/GBgY/xkZGf8vLy//Li4u/y0tLf8uLi7/Ly8v/y8vL/8uLi7/Li4u/y0tLf8tLS3/LS0t/y0tLf8tLS3/LCws/y0tLf8tLS3/LS0t/y4uLv8uLi7/Ly8v/y8vL/8vLy//Ly8v/y4uLv8uLi7/Ly8v/y8vL/8uLi7/Ly8v/zIyMv8yMjL/Ly8v/y4uLv8tLS3/LS0t/y8vL/8wMDD/MDAw/y8vL/8vLy//Li4u/y4uLv8vLy//Ly8v/zAwMP8wMDD/MDAw/zAwMP8vLy//Li4u/y0tLf8tLS3/Ly8v/zAwMP8xMTH/MTEx/y8vL/8tLS3/LCws/ywsLP8sLCz/LCws/ywsLP8sLCz/LCws/ywsLP8sLCz/LCws/ywsLP8uLi7/Li4u/y4uLv8tLS3/LS0t/y0tLf8sLCz/Kysr/ywsLP8uLi7/Li4u/y0tLf8uLi7/Li4u/y0tLf8rKyv/Kioq/yoqKv8qKir/Kioq/yoqKv8oKCj/KCgo/ykpKf8qKir/Kysr/ywsLP8sLCz/Kysr/yoqKv8pKSn/KSkp/ykpKf8pKSn/KCgo/ygoKP8oKCj/KSkp/ykpKf8pKSn/Kioq/ysrK/8pKSn/KCgo/ygoKP8pKSn/KCgo/ygoKP8oKCj/KCgo/ygoKP8qKir/Kioq/yoqKv8rKyv/LCws/ywsLP8rKyv/Kysr/ykpKf8pKSn/Kioq/ysrK/8rKyv/Kioq/yoqKv8qKir/Kioq/ykpKf8pKSn/Jycn/ycnJ/8oKCj/KSkp/ykpKf8pKSn/KSkp/ykpKf8pKSn/KSkp/ykpKf8pKSn/KSkp/ykpKf8pKSn/KCgo/ygoKP8oKCj/KSkp/ykpKf8qKir/Kysr/ysrK/8oKCj/Jycn/yYmJv8mJib/Jycn/ycnJ/8nJyf/Jycn/ygoKP8oKCj/KCgo/ygoKP8nJyf/Jycn/ycnJ/8oKCj/KCgo/ycnJ/8nJyf/JiYm/yYmJv8oKCj/KCgo/ykpKf8pKSn/Jycn/yYmJv8mJib/Jycn/ycnJ/8nJyf/KCgo/ygoKP8oKCj/Jycn/ycnJ/8nJyf/Jycn/yYmJv8mJib/JiYm/yYmJv8lJSX/JCQk/yQkJP8kJCT/JSUl/yYmJv8mJib/JiYm/yYmJv8mJib/JiYm/yUlJf8lJSX/JCQk/yUlJf8mJib/JiYm/yUlJf8lJSX/JiYm/ycnJ/8lJSX/JCQk/yQkJP8jIyP/IyMj/yMjI/8iIiL/ISEh/yEhIf8iIiL/IiIi/yIiIv8iIiL/IiIi/yIiIv8iIiL/IiIi/yIiIv8iIiL/IiIi/yIiIv8jIyP/JCQk/yMjI/8jIyP/IiIi/yIiIv8iIiL/IiIi/yIiIv8hISH/ISEh/yIiIv8iIiL/ISEh/yAgIP8gICD/Hx8f/x8fH/8fHx//Hx8f/yAgIP8gICD/ICAg/x8fH/8fHx//Hx8f/x8fH/8fHx//Hx8f/x8fH/8fHx//Hx8f/x8fH/8fHx//Hx8f/x4eHv8eHh7/Hh4e/x0dHf8dHR3/HR0d/x4eHv8eHh7/Hh4e/x4eHv8eHh7/Hh4e/x4eHv8eHh7/Hh4e/x4eHv8eHh7/HR0d/x0dHf8cHBz/HBwc/xsbG/8cHBz/HBwc/xwcHP8dHR3/HBwc/xwcHP8cHBz/HBwc/xwcHP8dHR3/HR0d/xwcHP8cHBz/HBwc/xwcHP8cHBz/HBwc/xwcHP8cHBz/HBwc/xwcHP8cHBz/HBwc/xwcHP8cHBz/HBwc/xwcHP8cHBz/HBwc/xwcHP8cHBz/HBwc/xwcHP8bGxv/Gxsb/yoqKv8qKir/KSkp/ykpKf8pKSn/KSkp/ykpKf8pKSn/Kioq/yoqKv8qKir/Kioq/ykpKf8pKSn/KCgo/ygoKP8oKCj/KCgo/ykpKf8pKSn/KSkp/ykpKf8oKCj/Jycn/ycnJ/8mJib/Jycn/ygoKP8oKCj/KCgo/ygoKP8pKSn/KSkp/ygoKP8oKCj/KSkp/ykpKf8oKCj/Jycn/ygoKP8pKSn/Kioq/yoqKv8qKir/KSkp/ykpKf8qKir/Kioq/ysrK/8rKyv/Kioq/yoqKv8qKir/KSkp/ykpKf8pKSn/KSkp/yoqKv8pKSn/KSkp/ykpKf8pKSn/Kioq/yoqKv8qKir/Kioq/ysrK/8sLCz/LCws/ysrK/8rKyv/Kysr/ysrK/8qKir/KSkp/yoqKv8qKir/Kysr/ywsLP8sLCz/Kioq/yoqKv8qKir/KSkp/ykpKf8pKSn/Kysr/ysrK/8qKir/Kioq/ykpKf8oKCj/KSkp/yoqKv8qKir/Kysr/ysrK/8rKyv/Kysr/ysrK/8qKir/Kioq/yoqKv8rKyv/Kysr/yoqKv8qKir/Kioq/yoqKv8qKir/Kioq/ysrK/8rKyv/Kysr/ysrK/8rKyv/Kysr/yoqKv8oKCj/KCgo/ygoKP8oKCj/KCgo/ygoKP8oKCj/KCgo/ykpKf8pKSn/Kioq/yoqKv8qKir/Kysr/yoqKv8pKSn/Kioq/yoqKv8pKSn/KCgo/ygoKP8oKCj/KSkp/ykpKf8qKir/Kioq/yoqKv8pKSn/KCgo/ykpKf8pKSn/Kioq/yoqKv8qKir/KSkp/ykpKf8pKSn/KSkp/yoqKv8rKyv/Kysr/ysrK/8rKyv/LCws/ywsLP8sLCz/LCws/ysrK/8rKyv/Kysr/ywsLP8uLi7/Li4u/y4uLv8uLi7/LS0t/y0tLf8rKyv/LCws/ywsLP8sLCz/LCws/y0tLf8uLi7/Li4u/y0tLf8tLS3/LCws/ysrK/8rKyv/LCws/ysrK/8qKir/Kysr/y0tLf8sLCz/LCws/ywsLP8tLS3/LCws/ywsLP8sLCz/LCws/ywsLP8sLCz/LCws/ywsLP8sLCz/LS0t/y8vL/8uLi7/Li4u/y4uLv8vLy//Ly8v/y4uLv8uLi7/Li4u/y0tLf8sLCz/LCws/ysrK/8rKyv/LCws/y0tLf8tLS3/LS0t/y0tLf8tLS3/LS0t/y0tLf8uLi7/MDAw/zAwMP8uLi7/Li4u/y0tLf8tLS3/Ly8v/y4uLv8tLS3/LS0t/y4uLv8vLy//LS0t/ywsLP8sLCz/LS0t/y4uLv8wMDD/MDAw/zExMf8wMDD/Ly8v/y8vL/8vLy//Ly8v/zAwMP8wMDD/MDAw/y8vL/8vLy//Li4u/y4uLv8uLi7/Li4u/y0tLf8uLi7/Ly8v/y8vL/8tLS3/Li4u/y4uLv8uLi7/LCws/ywsLP8sLCz/LS0t/y4uLv8vLy//Ly8v/y8vL/8uLi7/Li4u/zAwMP8zMzP/MzMz/zMzM/8zMzP/MzMz/zIyMv8wMDD/MTEx/zIyMv8zMzP/MjIy/zIyMv8xMTH/MTEx/zAwMP8wMDD/MTEx/zIyMv8xMTH/MTEx/zAwMP8vLy//MDAw/zAwMP8xMTH/MjIy/zIyMv8yMjL/MzMz/zMzM/8zMzP/MzMz/zIyMv8xMTH/MDAw/zAwMP8vLy//Ly8v/y8vL/8wMDD/MTEx/zAwMP8vLy//MDAw/zMzM/8zMzP/MjIy/zExMf8vLy//Li4u/y0tLf8tLS3/Li4u/y8vL/8vLy//Ghoa/xoaGv8bGxv/Gxsb/xwcHP8cHBz/HBwc/xsbG/8bGxv/Gxsb/xsbG/8aGhr/Ghoa/xoaGv8aGhr/Ghoa/xoaGv8ZGRn/Ghoa/xsbG/8bGxv/Gxsb/xsbG/8bGxv/Gxsb/xsbG/8bGxv/Gxsb/xsbG/8bGxv/Ghoa/xoaGv8aGhr/Ghoa/xoaGv8bGxv/HBwc/yAgIP8jIyP/JSUl/yYmJv8mJib/Jycn/ycnJ/8mJib/JiYm/yYmJv8mJib/JiYm/yYmJv8nJyf/KCgo/yoqKv8qKir/KCgo/ycnJ/8oKCj/KSkp/ygoKP8mJib/JiYm/yYmJv8mJib/KCgo/ykpKf8sLCz/Kysr/yoqKv8pKSn/KCgo/ycnJ/8nJyf/KCgo/ykpKf8pKSn/Kioq/ysrK/8sLCz/Li4u/y8vL/8wMDD/Ly8v/y0tLf8sLCz/LCws/y0tLf8tLS3/LCws/yoqKv8qKir/LCws/y4uLv8vLy//MDAw/y8vL/8vLy//Ly8v/y8vL/8tLS3/Kioq/yoqKv8qKir/Kysr/y0tLf8tLS3/Kysr/ysrK/8rKyv/LCws/y0tLf8tLS3/LCws/yoqKv8rKyv/LCws/ywsLP8rKyv/Kysr/yoqKv8rKyv/LS0t/y0tLf8sLCz/LCws/y0tLf8uLi7/Ly8v/y8vL/8tLS3/LCws/ywsLP8sLCz/Kysr/ykpKf8qKir/Kioq/yoqKv8rKyv/Kysr/ywsLP8sLCz/LCws/ywsLP8rKyv/Kioq/yoqKv8qKir/KSkp/ykpKf8qKir/Kysr/y0tLf8wMDD/Ly8v/y4uLv8tLS3/Kysr/ysrK/8sLCz/LCws/yoqKv8qKir/Kioq/yoqKv8qKir/Kysr/y4uLv8wMDD/MjIy/zQ0NP8zMzP/MjIy/zQ0NP83Nzf/Nzc3/zc3N/83Nzf/NjY2/zg4OP87Ozv/PT09/z8/P/9BQUH/R0dH/0lJSf9HR0f/RUVF/0JCQv8+Pj7/Pj4+/z4+Pv8+Pj7/Pj4+/zw8PP84ODj/OTk5/zs7O/86Ojr/ODg4/zc3N/85OTn/OTk5/zk5Of85OTn/Ozs7/zw8PP9AQED/RERE/0NDQ/9DQ0P/RERE/0VFRf9CQkL/Pj4+/zs7O/82Njb/NDQ0/zIyMv8yMjL/MzMz/zMzM/8xMTH/MDAw/zAwMP8vLy//MDAw/zAwMP8yMjL/MzMz/zU1Nf82Njb/NjY2/zU1Nf81NTX/NjY2/zk5Of9AQED/QUFB/z4+Pv88PDz/ODg4/zU1Nf81NTX/NTU1/zQ0NP8zMzP/MzMz/zIyMv8yMjL/MTEx/zExMf8wMDD/MTEx/zMzM/80NDT/NTU1/zU1Nf81NTX/NTU1/zc3N/85OTn/Ojo6/zs7O/88PDz/PDw8/z09Pf89PT3/Ozs7/zc3N/85OTn/PDw8/z09Pf8+Pj7/Pj4+/zw8PP87Ozv/OTk5/zk5Of86Ojr/Ozs7/zw8PP89PT3/Ozs7/zo6Ov86Ojr/Ojo6/zg4OP80NDT/NDQ0/zIyMv8xMTH/Ly8v/y4uLv8uLi7/Li4u/y0tLf8tLS3/LCws/ysrK/8rKyv/Kysr/yoqKv8pKSn/KSkp/ykpKf8pKSn/KSkp/ykpKf8pKSn/KSkp/yoqKv8qKir/Kioq/yoqKv8qKir/Kioq/ykpKf8pKSn/Kioq/yoqKv8pKSn/KCgo/ygoKP8nJyf/KCgo/ykpKf8pKSn/KCgo/ygoKP8oKCj/KCgo/ygoKP8oKCj/KCgo/ykpKf8qKir/Kioq/yoqKv8cHBz/HR0d/x0dHf8dHR3/HR0d/x0dHf8dHR3/HR0d/x0dHf8dHR3/HR0d/x0dHf8eHh7/Hh4e/x4eHv8eHh7/HR0d/x0dHf8eHh7/Hh4e/x4eHv8dHR3/HR0d/x4eHv8eHh7/Hh4e/x4eHv8eHh7/HR0d/x0dHf8dHR3/Hh4e/x4eHv8eHh7/Hh4e/x8fH/8fHx//Hx8f/yAgIP8fHx//Hx8f/x8fH/8fHx//Hx8f/x8fH/8fHx//Hx8f/x8fH/8eHh7/Hh4e/x4eHv8eHh7/Hh4e/x8fH/8fHx//Hx8f/x8fH/8fHx//Hx8f/x8fH/8fHx//Hx8f/x8fH/8fHx//Hx8f/yAgIP8gICD/ICAg/yAgIP8gICD/ICAg/yAgIP8fHx//ICAg/yAgIP8gICD/ICAg/x8fH/8fHx//Hx8f/x8fH/8fHx//Hx8f/yAgIP8gICD/ICAg/yAgIP8hISH/ISEh/yEhIf8iIiL/IyMj/yIiIv8iIiL/IiIi/yIiIv8hISH/ICAg/yEhIf8iIiL/IyMj/yUlJf8lJSX/IyMj/yMjI/8iIiL/IiIi/yIiIv8iIiL/IiIi/yMjI/8kJCT/JCQk/yQkJP8jIyP/IyMj/yIiIv8kJCT/JiYm/yYmJv8mJib/JSUl/yQkJP8kJCT/JSUl/yYmJv8nJyf/KCgo/ykpKf8qKir/Kysr/ysrK/8rKyv/Kioq/yoqKv8pKSn/KCgo/yYmJv8mJib/JiYm/yYmJv8lJSX/JiYm/ycnJ/8nJyf/JiYm/yYmJv8mJib/Jycn/ygoKP8oKCj/Kioq/ysrK/8rKyv/Kysr/yoqKv8qKir/KSkp/ygoKP8oKCj/KCgo/ygoKP8nJyf/Jycn/ygoKP8pKSn/KSkp/ykpKf8oKCj/Jycn/ygoKP8pKSn/KCgo/ygoKP8oKCj/Jycn/ycnJ/8nJyf/KCgo/ygoKP8oKCj/KCgo/ygoKP8oKCj/KCgo/yYmJv8kJCT/JCQk/yQkJP8lJSX/Jycn/yYmJv8lJSX/JSUl/yQkJP8kJCT/JCQk/yQkJP8jIyP/IyMj/yMjI/8iIiL/IiIi/yIiIv8iIiL/IiIi/yIiIv8hISH/ISEh/yAgIP8gICD/ICAg/x8fH/8fHx//Hx8f/x8fH/8fHx//Hh4e/x4eHv8fHx//Hx8f/x4eHv8eHh7/Hx8f/x8fH/8fHx//Hx8f/x8fH/8eHh7/Hh4e/x0dHf8dHR3/HR0d/x0dHf8cHBz/HBwc/xwcHP8cHBz/HBwc/xwcHP8cHBz/HBwc/xwcHP8cHBz/HBwc/xsbG/8bGxv/Gxsb/xsbG/8cHBz/HBwc/xwcHP8bGxv/Gxsb/xsbG/8bGxv/HBwc/xwcHP8cHBz/Gxsb/xsbG/8bGxv/Gxsb/xsbG/8aGhr/Ghoa/xoaGv8aGhr/Ghoa/xsbG/8bGxv/Gxsb/xsbG/8bGxv/Gxsb/xsbG/8bGxv/Ghoa/xoaGv8ZGRn/GRkZ/xoaGv8ZGRn/GRkZ/xkZGf8aGhr/Ghoa/xoaGv8aGhr/Ghoa/xoaGv8aGhr/Ghoa/xoaGv8aGhr/Ghoa/xoaGv8aGhr/Ghoa/xoaGv8aGhr/Ghoa/xoaGv8aGhr/Ghoa/xkZGf8ZGRn/GRkZ/xoaGv8aGhr/Ghoa/xoaGv8aGhr/Ghoa/xoaGv8aGhr/Ghoa/xoaGv8aGhr/Ghoa/xoaGv8aGhr/Ghoa/xoaGv8ZGRn/GRkZ/xkZGf8aGhr/Ghoa/xkZGf8ZGRn/Ghoa/xoaGv8aGhr/Ghoa/xoaGv8ZGRn/GRkZ/yoqKv8pKSn/KCgo/ykpKf8qKir/Kioq/yoqKv8pKSn/KCgo/ygoKP8pKSn/KSkp/ykpKf8pKSn/Kioq/yoqKv8rKyv/Kysr/ysrK/8rKyv/Kysr/yoqKv8pKSn/KCgo/ygoKP8pKSn/KSkp/ygoKP8pKSn/Kioq/yoqKv8oKCj/KCgo/ygoKP8oKCj/KCgo/ygoKP8oKCj/KCgo/ygoKP8oKCj/KCgo/ygoKP8oKCj/KCgo/ygoKP8oKCj/KCgo/ycnJ/8nJyf/JSUl/yUlJf8nJyf/KCgo/ykpKf8qKir/KCgo/yYmJv8mJib/Jycn/ycnJ/8nJyf/Jycn/ycnJ/8nJyf/Jycn/ycnJ/8mJib/JiYm/ycnJ/8nJyf/Jycn/ycnJ/8mJib/JiYm/yUlJf8jIyP/JCQk/yUlJf8mJib/KCgo/ykpKf8qKir/KCgo/yQkJP8jIyP/JCQk/yQkJP8kJCT/JCQk/yQkJP8kJCT/JCQk/yQkJP8lJSX/JSUl/yUlJf8lJSX/JSUl/yYmJv8mJib/JiYm/yUlJf8jIyP/IyMj/yMjI/8jIyP/JCQk/yQkJP8lJSX/JSUl/yQkJP8kJCT/JCQk/yQkJP8kJCT/IyMj/yMjI/8jIyP/JCQk/ycnJ/8nJyf/Jycn/ycnJ/8nJyf/Jycn/yYmJv8mJib/JSUl/yQkJP8lJSX/JSUl/yQkJP8jIyP/JCQk/yYmJv8mJib/JiYm/yYmJv8lJSX/JSUl/yYmJv8mJib/JCQk/yQkJP8jIyP/IyMj/yQkJP8kJCT/IyMj/yMjI/8kJCT/JCQk/yQkJP8jIyP/IyMj/yQkJP8kJCT/JSUl/yUlJf8mJib/JiYm/yQkJP8kJCT/IyMj/yMjI/8lJSX/JiYm/yYmJv8mJib/JiYm/yUlJf8lJSX/JCQk/yQkJP8kJCT/JSUl/yYmJv8lJSX/JCQk/yQkJP8jIyP/IyMj/yQkJP8lJSX/JiYm/yYmJv8lJSX/JCQk/yQkJP8kJCT/JCQk/yQkJP8kJCT/JCQk/yQkJP8jIyP/IyMj/yIiIv8iIiL/IiIi/yIiIv8jIyP/IyMj/yMjI/8jIyP/IyMj/yIiIv8jIyP/JCQk/yUlJf8mJib/JSUl/yIiIv8iIiL/IiIi/yIiIv8iIiL/IyMj/yQkJP8lJSX/JCQk/yQkJP8lJSX/JSUl/yMjI/8hISH/ISEh/yEhIf8hISH/ISEh/yEhIf8gICD/ICAg/yEhIf8hISH/ISEh/yEhIf8iIiL/IiIi/yEhIf8hISH/IiIi/yIiIv8hISH/ICAg/yEhIf8jIyP/IyMj/yIiIv8hISH/ICAg/yAgIP8hISH/ISEh/x8fH/8fHx//ISEh/yEhIf8gICD/Hx8f/x4eHv8eHh7/Hx8f/x8fH/8fHx//ICAg/yAgIP8gICD/ICAg/x8fH/8fHx//Hh4e/x4eHv8fHx//Hx8f/x4eHv8eHh7/Hx8f/x8fH/8eHh7/Hh4e/x4eHv8eHh7/Hh4e/x4eHv8eHh7/Hh4e/x4eHv8eHh7/Hh4e/x4eHv8eHh7/Hx8f/x8fH/8gICD/ICAg/x8fH/8eHh7/HR0d/xwcHP8bGxv/Ghoa/xsbG/8cHBz/HBwc/x0dHf8dHR3/Hh4e/x4eHv8eHh7/Hh4e/x4eHv8eHh7/HR0d/x0dHf8dHR3/HR0d/xwcHP8cHBz/HBwc/x0dHf8dHR3/HBwc/xwcHP8dHR3/HR0d/xwcHP8cHBz/HR0d/x0dHf8cHBz/HBwc/x0dHf8eHh7/HR0d/xwcHP8cHBz/Kioq/yoqKv8pKSn/KSkp/ykpKf8pKSn/Kioq/ysrK/8sLCz/LCws/ysrK/8rKyv/Kioq/yoqKv8pKSn/KSkp/ykpKf8pKSn/KSkp/ykpKf8pKSn/KSkp/ygoKP8nJyf/JiYm/yUlJf8mJib/Jycn/ycnJ/8oKCj/KCgo/ycnJ/8nJyf/Jycn/ycnJ/8pKSn/Kioq/ykpKf8nJyf/KCgo/ykpKf8pKSn/KCgo/ycnJ/8mJib/Jycn/ygoKP8oKCj/KSkp/ykpKf8pKSn/KSkp/ykpKf8pKSn/KSkp/ykpKf8pKSn/KSkp/ykpKf8pKSn/KSkp/ykpKf8pKSn/Kioq/yoqKv8qKir/Kysr/y0tLf8sLCz/Kysr/yoqKv8rKyv/LCws/yoqKv8pKSn/KSkp/ygoKP8pKSn/Kioq/yoqKv8pKSn/KSkp/ygoKP8oKCj/KSkp/ykpKf8oKCj/KCgo/ykpKf8pKSn/KCgo/ycnJ/8pKSn/Kioq/yoqKv8qKir/Kioq/ykpKf8pKSn/KCgo/ykpKf8qKir/Kioq/ykpKf8pKSn/Jycn/ycnJ/8nJyf/Jycn/ygoKP8pKSn/Kioq/yoqKv8qKir/KSkp/ykpKf8qKir/KSkp/ycnJ/8nJyf/KCgo/ygoKP8nJyf/Jycn/yYmJv8mJib/Jycn/ygoKP8pKSn/KSkp/ykpKf8pKSn/KCgo/ycnJ/8nJyf/KCgo/ycnJ/8lJSX/JSUl/yYmJv8nJyf/KCgo/ygoKP8pKSn/KSkp/ygoKP8oKCj/KCgo/ygoKP8qKir/Kysr/ykpKf8nJyf/Jycn/yYmJv8oKCj/Kioq/yoqKv8pKSn/KSkp/yoqKv8qKir/Kioq/yoqKv8pKSn/KCgo/ykpKf8pKSn/Kioq/ysrK/8qKir/KSkp/ykpKf8qKir/KSkp/ycnJ/8nJyf/JiYm/yYmJv8mJib/Jycn/ykpKf8qKir/Kioq/yoqKv8pKSn/KSkp/ygoKP8oKCj/KCgo/ycnJ/8pKSn/Kysr/yoqKv8oKCj/KCgo/ykpKf8oKCj/Jycn/ycnJ/8pKSn/KSkp/yoqKv8rKyv/Kioq/ykpKf8rKyv/LS0t/y0tLf8sLCz/LCws/ywsLP8sLCz/Kysr/ysrK/8qKir/Kioq/ykpKf8pKSn/KCgo/ygoKP8pKSn/KSkp/ygoKP8oKCj/KCgo/ygoKP8oKCj/KCgo/ykpKf8rKyv/Kioq/ykpKf8pKSn/KSkp/ykpKf8pKSn/KSkp/ygoKP8nJyf/KSkp/yoqKv8pKSn/KCgo/ygoKP8oKCj/Kioq/y0tLf8sLCz/Kysr/yoqKv8oKCj/KCgo/ygoKP8oKCj/KCgo/ygoKP8pKSn/KSkp/yoqKv8rKyv/KSkp/ycnJ/8oKCj/KCgo/ykpKf8qKir/Kioq/ykpKf8pKSn/KCgo/ykpKf8qKir/Kioq/yoqKv8qKir/Kysr/ysrK/8qKir/Kioq/ykpKf8pKSn/Kioq/ysrK/8sLCz/LS0t/y0tLf8uLi7/LS0t/yoqKv8rKyv/LS0t/y0tLf8tLS3/LS0t/ywsLP8sLCz/Kioq/ykpKf8qKir/Kysr/ysrK/8sLCz/LCws/ysrK/8sLCz/Li4u/y4uLv8tLS3/LCws/ysrK/8qKir/KSkp/ygoKP8oKCj/KCgo/ykpKf8pKSn/Kioq/yoqKv8qKir/Kioq/ywsLP8uLi7/Kysr/ycnJ/8oKCj/KSkp/ykpKf8pKSn/KSkp/ygoKP8oKCj/KSkp/yoqKv8qKir/Kioq/yoqKv8aGhr/Gxsb/xsbG/8bGxv/HBwc/xwcHP8cHBz/HBwc/xsbG/8bGxv/Gxsb/xsbG/8aGhr/Ghoa/xsbG/8bGxv/Ghoa/xkZGf8aGhr/Gxsb/xsbG/8bGxv/Gxsb/xoaGv8aGhr/Gxsb/xsbG/8cHBz/HBwc/xsbG/8bGxv/GRkZ/xkZGf8aGhr/Ghoa/xwcHP8dHR3/ISEh/yUlJf8mJib/Jycn/ycnJ/8oKCj/KCgo/ygoKP8oKCj/Jycn/ycnJ/8nJyf/Jycn/ycnJ/8nJyf/KCgo/ykpKf8nJyf/JiYm/ykpKf8rKyv/KSkp/yYmJv8mJib/JSUl/yUlJf8mJib/Jycn/yoqKv8pKSn/KCgo/ycnJ/8nJyf/Jycn/ygoKP8oKCj/KSkp/yoqKv8sLCz/Li4u/zAwMP8yMjL/MjIy/zIyMv8xMTH/Li4u/y4uLv8vLy//Ly8v/zAwMP8vLy//LCws/ysrK/8tLS3/Li4u/zExMf80NDT/NDQ0/zU1Nf81NTX/NTU1/zExMf8sLCz/LCws/ywsLP8uLi7/MTEx/zExMf8vLy//Li4u/y8vL/8vLy//MjIy/zMzM/8wMDD/LS0t/y8vL/8xMTH/Ly8v/y0tLf8tLS3/LS0t/y8vL/8yMjL/MTEx/zAwMP8wMDD/MjIy/zIyMv8zMzP/NDQ0/zExMf8wMDD/MTEx/zExMf8vLy//LCws/ywsLP8sLCz/LS0t/y4uLv8vLy//MTEx/zAwMP8vLy//Li4u/y0tLf8sLCz/LCws/ywsLP8rKyv/Kioq/ywsLP8tLS3/MTEx/zU1Nf80NDT/MjIy/zAwMP8tLS3/LS0t/y4uLv8tLS3/Kysr/yoqKv8qKir/Kioq/ysrK/8tLS3/MzMz/zc3N/86Ojr/PDw8/zo6Ov83Nzf/Ozs7/0FBQf9BQUH/QEBA/z8/P/89PT3/Pz8//0JCQv9DQ0P/QUFB/0NDQ/9KSkr/TU1N/0hISP9FRUX/Q0ND/0FBQf9BQUH/QEBA/0FBQf9DQ0P/QUFB/z09Pf8/Pz//QkJC/0BAQP86Ojr/Ojo6/zw8PP89PT3/Pz8//0BAQP9DQ0P/RUVF/0pKSv9PT0//Tk5O/0xMTP9NTU3/T09P/0tLS/9FRUX/Pz8//zc3N/81NTX/MzMz/zMzM/80NDT/NDQ0/zExMf8wMDD/MDAw/zAwMP8wMDD/Ly8v/zAwMP8xMTH/NDQ0/zg4OP84ODj/Nzc3/zg4OP85OTn/Pj4+/0pKSv9LS0v/RUVF/0FBQf86Ojr/NjY2/zU1Nf81NTX/NTU1/zQ0NP81NTX/NTU1/zMzM/8xMTH/MTEx/zAwMP8yMjL/NTU1/zc3N/84ODj/ODg4/zg4OP85OTn/PDw8/z4+Pv9AQED/QUFB/0NDQ/9ERET/RUVF/0VFRf9AQED/OTk5/zo6Ov88PDz/PDw8/z09Pf89PT3/Ozs7/zs7O/87Ozv/Ozs7/zw8PP89PT3/QEBA/0NDQ/9BQUH/Pj4+/z8/P/9BQUH/Pj4+/zg4OP83Nzf/NjY2/zQ0NP8vLy//Li4u/y4uLv8uLi7/LS0t/y0tLf8sLCz/Kysr/ysrK/8rKyv/Kioq/ygoKP8oKCj/KSkp/ykpKf8pKSn/KSkp/ykpKf8pKSn/Kioq/yoqKv8pKSn/KSkp/yoqKv8qKir/Kioq/yoqKv8qKir/KSkp/ygoKP8nJyf/Jycn/ycnJ/8oKCj/Kioq/ykpKf8oKCj/KCgo/ycnJ/8nJyf/Jycn/ygoKP8qKir/Kysr/ysrK/8rKyv/Kioq/xwcHP8cHBz/HR0d/x0dHf8dHR3/HR0d/x0dHf8dHR3/HBwc/xwcHP8cHBz/HBwc/x4eHv8eHh7/Hh4e/x4eHv8dHR3/HBwc/x4eHv8fHx//Hh4e/x0dHf8dHR3/Hh4e/x4eHv8eHh7/Hh4e/x4eHv8eHh7/Hh4e/x4eHv8eHh7/Hh4e/x4eHv8eHh7/Hx8f/yAgIP8gICD/ICAg/yAgIP8fHx//Hx8f/x4eHv8eHh7/Hx8f/x8fH/8fHx//Hx8f/x4eHv8eHh7/Hx8f/x8fH/8fHx//Hx8f/x8fH/8fHx//Hx8f/x8fH/8fHx//Hx8f/x8fH/8gICD/ICAg/yAgIP8gICD/ICAg/yAgIP8gICD/ICAg/yAgIP8gICD/Hx8f/x8fH/8fHx//Hx8f/x8fH/8fHx//Hx8f/x8fH/8fHx//ICAg/yAgIP8fHx//Hx8f/yAgIP8gICD/ICAg/yAgIP8hISH/ISEh/yIiIv8iIiL/ISEh/yEhIf8hISH/ISEh/yAgIP8fHx//ICAg/yEhIf8iIiL/IyMj/yMjI/8iIiL/IiIi/yEhIf8hISH/ISEh/yEhIf8iIiL/IiIi/yMjI/8jIyP/IyMj/yMjI/8jIyP/IyMj/yQkJP8lJSX/JSUl/yQkJP8kJCT/IyMj/yMjI/8lJSX/JSUl/ycnJ/8oKCj/Kioq/ysrK/8sLCz/LS0t/y0tLf8tLS3/LCws/ysrK/8qKir/KCgo/ygoKP8nJyf/Jycn/yYmJv8nJyf/KCgo/ykpKf8oKCj/KCgo/ykpKf8pKSn/Kysr/y0tLf8vLy//MjIy/zIyMv8xMTH/MTEx/zExMf8wMDD/Ly8v/y8vL/8vLy//Ly8v/y0tLf8tLS3/Ly8v/zAwMP8xMTH/MjIy/zAwMP8vLy//MDAw/zExMf8xMTH/MDAw/y8vL/8uLi7/Li4u/y8vL/8vLy//MDAw/zAwMP8vLy//Ly8v/zAwMP8vLy//LCws/yoqKv8pKSn/KSkp/ysrK/8tLS3/LS0t/ywsLP8sLCz/Kysr/yoqKv8pKSn/KSkp/ygoKP8oKCj/Jycn/ycnJ/8mJib/JiYm/yYmJv8mJib/JSUl/yQkJP8kJCT/JCQk/yQkJP8jIyP/IyMj/yIiIv8iIiL/IiIi/yIiIv8iIiL/IiIi/yIiIv8iIiL/IiIi/yIiIv8jIyP/IyMj/yMjI/8jIyP/IyMj/yIiIv8iIiL/ISEh/yAgIP8fHx//Hx8f/x4eHv8eHh7/Hx8f/x8fH/8fHx//Hx8f/x4eHv8eHh7/Hx8f/x8fH/8eHh7/HR0d/x0dHf8dHR3/HR0d/x0dHf8dHR3/HR0d/x0dHf8dHR3/HR0d/x4eHv8eHh7/Hh4e/x4eHv8dHR3/HBwc/x0dHf8eHh7/HR0d/xwcHP8cHBz/HBwc/xwcHP8cHBz/HBwc/x0dHf8dHR3/HR0d/x0dHf8cHBz/HBwc/xsbG/8bGxv/Ghoa/xoaGv8bGxv/Gxsb/xoaGv8ZGRn/Ghoa/xsbG/8bGxv/Gxsb/xsbG/8bGxv/Gxsb/xsbG/8bGxv/Ghoa/xoaGv8aGhr/Ghoa/xoaGv8aGhr/Ghoa/xoaGv8aGhr/Ghoa/xoaGv8aGhr/Ghoa/xoaGv8aGhr/Ghoa/xoaGv8aGhr/Ghoa/xsbG/8bGxv/Ghoa/xoaGv8aGhr/Ghoa/xoaGv8aGhr/Ghoa/xoaGv8aGhr/Ghoa/xoaGv8ZGRn/GRkZ/xoaGv8aGhr/GRkZ/xkZGf8bGxv/Gxsb/xsbG/8bGxv/Ghoa/xoaGv8aGhr/KSkp/ygoKP8oKCj/KSkp/yoqKv8qKir/Kysr/yoqKv8oKCj/KSkp/ysrK/8rKyv/Kioq/yoqKv8rKyv/Kysr/ywsLP8tLS3/LS0t/y0tLf8sLCz/Kysr/ysrK/8rKyv/Kioq/ykpKf8pKSn/Kioq/yoqKv8pKSn/Kioq/ysrK/8rKyv/Kysr/ysrK/8rKyv/Kysr/yoqKv8qKir/Kioq/yoqKv8pKSn/KSkp/yoqKv8rKyv/Kysr/ysrK/8rKyv/KSkp/ygoKP8nJyf/Jycn/ygoKP8oKCj/Kioq/yoqKv8pKSn/KCgo/ygoKP8oKCj/KCgo/ykpKf8oKCj/KCgo/ygoKP8oKCj/KCgo/ygoKP8oKCj/KCgo/ygoKP8oKCj/KSkp/ygoKP8oKCj/KCgo/ygoKP8nJyf/Jycn/ygoKP8pKSn/Kioq/ysrK/8qKir/Jycn/ycnJ/8nJyf/Jycn/ycnJ/8nJyf/Jycn/ycnJ/8mJib/JiYm/yYmJv8mJib/JiYm/yYmJv8mJib/Jycn/ycnJ/8nJyf/Jycn/yYmJv8mJib/JiYm/yYmJv8mJib/JiYm/yYmJv8mJib/JiYm/yYmJv8lJSX/JSUl/yUlJf8lJSX/JSUl/yUlJf8mJib/Jycn/ygoKP8qKir/Kioq/yoqKv8qKir/KSkp/ykpKf8oKCj/Jycn/ycnJ/8nJyf/Jycn/ycnJ/8nJyf/Jycn/ycnJ/8nJyf/Jycn/ycnJ/8nJyf/Jycn/ycnJ/8mJib/JSUl/yUlJf8lJSX/JiYm/yYmJv8mJib/JiYm/yYmJv8mJib/JSUl/yUlJf8lJSX/JSUl/yYmJv8nJyf/Jycn/ygoKP8oKCj/Jycn/yYmJv8mJib/JiYm/ycnJ/8oKCj/KCgo/ygoKP8oKCj/KCgo/ycnJ/8nJyf/JiYm/yYmJv8mJib/Jycn/ycnJ/8lJSX/JSUl/yYmJv8nJyf/KCgo/ygoKP8nJyf/Jycn/yYmJv8mJib/JiYm/ycnJ/8nJyf/Jycn/yYmJv8mJib/JiYm/yYmJv8mJib/JSUl/yUlJf8kJCT/JCQk/yUlJf8mJib/JiYm/yYmJv8mJib/JSUl/yYmJv8mJib/JiYm/ycnJ/8mJib/JSUl/yUlJf8lJSX/JSUl/yYmJv8mJib/Jycn/ycnJ/8mJib/JSUl/yYmJv8mJib/JSUl/yQkJP8kJCT/JCQk/yQkJP8kJCT/IyMj/yIiIv8iIiL/IyMj/yMjI/8kJCT/JCQk/yQkJP8kJCT/IyMj/yMjI/8jIyP/IyMj/yIiIv8hISH/IiIi/yMjI/8jIyP/IiIi/yIiIv8hISH/ISEh/yEhIf8hISH/ICAg/yAgIP8iIiL/IiIi/yIiIv8iIiL/ISEh/yEhIf8hISH/IiIi/yIiIv8iIiL/IiIi/yEhIf8hISH/ICAg/yAgIP8gICD/ICAg/yAgIP8gICD/ICAg/yAgIP8gICD/ICAg/yAgIP8gICD/ICAg/yAgIP8fHx//Hx8f/x8fH/8fHx//Hh4e/x4eHv8eHh7/Hx8f/x8fH/8fHx//Hx8f/x8fH/8fHx//Hx8f/x4eHv8eHh7/Hh4e/x0dHf8dHR3/HR0d/x0dHf8dHR3/Hh4e/x4eHv8eHh7/Hh4e/x4eHv8fHx//Hx8f/x8fH/8eHh7/Hh4e/x4eHv8dHR3/HR0d/x0dHf8dHR3/HBwc/xwcHP8bGxv/HBwc/xwcHP8cHBz/HBwc/xwcHP8cHBz/HBwc/xwcHP8cHBz/HR0d/x0dHf8cHBz/Gxsb/xsbG/8pKSn/KSkp/ygoKP8pKSn/Kioq/yoqKv8rKyv/LCws/ywsLP8sLCz/LCws/ywsLP8rKyv/Kysr/yoqKv8pKSn/KSkp/ygoKP8oKCj/KCgo/ykpKf8qKir/Kioq/ykpKf8oKCj/Jycn/ycnJ/8mJib/Jycn/ygoKP8oKCj/KSkp/ykpKf8pKSn/Kioq/ywsLP8uLi7/Li4u/y0tLf8uLi7/Ly8v/y4uLv8sLCz/LCws/ywsLP8tLS3/Ly8v/y4uLv8tLS3/LS0t/ywsLP8rKyv/LS0t/y0tLf8tLS3/LS0t/y0tLf8uLi7/Li4u/y4uLv8uLi7/LS0t/ywsLP8sLCz/LCws/y0tLf8uLi7/Li4u/y8vL/8vLy//Ly8v/zAwMP8vLy//Li4u/y0tLf8uLi7/Li4u/y4uLv8vLy//Ly8v/y8vL/8vLy//Li4u/y4uLv8sLCz/LCws/ywsLP8sLCz/LS0t/y4uLv8uLi7/Li4u/y8vL/8wMDD/MDAw/zAwMP8vLy//Ly8v/y8vL/8vLy//Ly8v/zAwMP8wMDD/MDAw/y8vL/8uLi7/Li4u/y4uLv8vLy//Li4u/y0tLf8uLi7/Li4u/y0tLf8sLCz/LCws/y0tLf8sLCz/Kysr/ysrK/8sLCz/LCws/ywsLP8rKyv/Kioq/ykpKf8qKir/Kysr/ysrK/8rKyv/Kysr/yoqKv8qKir/Kioq/yoqKv8qKir/Kioq/ykpKf8pKSn/KSkp/ykpKf8pKSn/KSkp/yoqKv8qKir/Kioq/yoqKv8rKyv/Kysr/ysrK/8rKyv/Kysr/yoqKv8qKir/Kysr/ywsLP8uLi7/Li4u/y8vL/8vLy//MDAw/y8vL/8tLS3/LCws/ywsLP8rKyv/LCws/y0tLf8sLCz/Kysr/yoqKv8qKir/Kioq/ywsLP8rKyv/Kysr/ysrK/8rKyv/Kioq/ykpKf8oKCj/Kioq/yoqKv8rKyv/Kysr/ysrK/8rKyv/Kioq/ykpKf8oKCj/KCgo/ykpKf8qKir/Kioq/yoqKv8qKir/Kioq/ykpKf8oKCj/KCgo/ykpKf8qKir/Kysr/ysrK/8pKSn/KCgo/ykpKf8qKir/Kioq/yoqKv8qKir/Kysr/ysrK/8rKyv/Kysr/ysrK/8rKyv/Kysr/yoqKv8pKSn/KSkp/yoqKv8rKyv/Kysr/ywsLP8rKyv/Kysr/yoqKv8qKir/Kysr/ywsLP8sLCz/Kysr/yoqKv8qKir/Kioq/yoqKv8rKyv/Kioq/yoqKv8rKyv/LCws/ysrK/8rKyv/Kysr/ysrK/8sLCz/LS0t/y0tLf8tLS3/LS0t/ywsLP8rKyv/Kioq/yoqKv8pKSn/KSkp/ykpKf8pKSn/KSkp/ykpKf8pKSn/KCgo/ykpKf8pKSn/Kioq/ysrK/8rKyv/Kysr/ysrK/8rKyv/Kysr/ysrK/8sLCz/LCws/ywsLP8sLCz/LCws/ysrK/8rKyv/Kioq/yoqKv8rKyv/Kysr/ysrK/8rKyv/Kysr/ysrK/8rKyv/Kysr/ysrK/8rKyv/LCws/y0tLf8tLS3/Kysr/ysrK/8qKir/Kioq/ysrK/8sLCz/LCws/ysrK/8rKyv/Kioq/ysrK/8rKyv/Kysr/ysrK/8rKyv/Kysr/ysrK/8qKir/KSkp/ykpKf8pKSn/Kioq/yoqKv8qKir/Kioq/yoqKv8qKir/Kysr/ywsLP8qKir/KCgo/ygoKP8oKCj/KCgo/ykpKf8pKSn/KSkp/ykpKf8qKir/Kysr/yoqKv8pKSn/KSkp/x4eHv8eHh7/Hh4e/x4eHv8eHh7/Hh4e/x4eHv8eHh7/Hh4e/x4eHv8eHh7/Hh4e/x4eHv8eHh7/Hh4e/x4eHv8dHR3/HR0d/x0dHf8dHR3/HR0d/x0dHf8dHR3/HR0d/x0dHf8dHR3/HR0d/x0dHf8dHR3/HR0d/xwcHP8bGxv/Gxsb/xwcHP8dHR3/Hx8f/yEhIf8lJSX/KCgo/ykpKf8rKyv/Kysr/yoqKv8qKir/Kysr/yoqKv8oKCj/KCgo/ygoKP8oKCj/KCgo/ygoKP8nJyf/Jycn/ycnJ/8nJyf/Kioq/y0tLf8rKyv/KSkp/ygoKP8nJyf/Jycn/ycnJ/8oKCj/KSkp/ykpKf8pKSn/KCgo/ygoKP8oKCj/KCgo/ygoKP8pKSn/KSkp/yoqKv8rKyv/LCws/y0tLf8tLS3/LCws/ysrK/8qKir/Kysr/ysrK/8rKyv/Kysr/ysrK/8pKSn/KSkp/ysrK/8sLCz/Li4u/y8vL/8vLy//Ly8v/y8vL/8wMDD/Li4u/yoqKv8pKSn/KSkp/yoqKv8sLCz/LCws/ysrK/8qKir/Kysr/ysrK/8tLS3/Li4u/y0tLf8sLCz/LS0t/y0tLf8sLCz/Kysr/ywsLP8tLS3/Li4u/zAwMP8wMDD/MDAw/zAwMP8wMDD/MDAw/zExMf8xMTH/MDAw/y4uLv8uLi7/Li4u/y0tLf8sLCz/LS0t/y4uLv8uLi7/Ly8v/y8vL/8wMDD/Ly8v/y4uLv8tLS3/Kysr/ysrK/8rKyv/LCws/ywsLP8tLS3/Ly8v/zExMf8yMjL/NDQ0/zMzM/8yMjL/MTEx/y8vL/8vLy//Ly8v/y4uLv8sLCz/LCws/y4uLv8uLi7/Ly8v/zAwMP8zMzP/NTU1/zc3N/84ODj/ODg4/zg4OP86Ojr/Pj4+/z09Pf88PDz/Ozs7/zk5Of86Ojr/PT09/z4+Pv8+Pj7/Pj4+/0JCQv9DQ0P/QUFB/z8/P/8/Pz//Pj4+/z8/P/8/Pz//QEBA/0JCQv9CQkL/QUFB/0JCQv9FRUX/RERE/0FBQf9AQED/QEBA/0BAQP9AQED/QEBA/0FBQf9DQ0P/RkZG/0pKSv9KSkr/SUlJ/0hISP9HR0f/RUVF/0JCQv8/Pz//Ojo6/zk5Of86Ojr/PDw8/0FBQf9BQUH/Ozs7/zc3N/81NTX/NDQ0/zMzM/8yMjL/NTU1/zg4OP87Ozv/Pz8//z8/P/8+Pj7/Pz8//0JCQv9GRkb/Tk5O/09PT/9LS0v/R0dH/0FBQf89PT3/PT09/zw8PP88PDz/Ozs7/zs7O/86Ojr/ODg4/zQ0NP81NTX/NjY2/zk5Of8+Pj7/Pz8//z4+Pv8+Pj7/PT09/z4+Pv9BQUH/Q0ND/0RERP9FRUX/SEhI/0pKSv9MTEz/T09P/01NTf9LS0v/SEhI/0NDQ/9DQ0P/QkJC/0JCQv9ERET/Q0ND/0FBQf9AQED/Pz8//0BAQP9DQ0P/RkZG/0NDQ/9AQED/QEBA/0BAQP8/Pz//PDw8/zw8PP87Ozv/OTk5/zU1Nf80NDT/MzMz/zIyMv8wMDD/MDAw/zExMf8yMjL/MTEx/zAwMP8vLy//Li4u/y0tLf8sLCz/Kysr/yoqKv8qKir/Kioq/yoqKv8qKir/Kysr/ysrK/8rKyv/LS0t/y4uLv8tLS3/LCws/y4uLv8vLy//LS0t/ysrK/8rKyv/Kioq/yoqKv8rKyv/Kysr/yoqKv8pKSn/KCgo/ygoKP8oKCj/KCgo/ykpKf8qKir/Kioq/yoqKv8qKir/HR0d/x0dHf8dHR3/HR0d/x0dHf8dHR3/HR0d/x0dHf8dHR3/HR0d/x0dHf8dHR3/Hh4e/x4eHv8eHh7/Hh4e/x0dHf8dHR3/Hh4e/x4eHv8eHh7/HR0d/x0dHf8dHR3/HR0d/x0dHf8dHR3/HR0d/x0dHf8dHR3/Hh4e/x4eHv8eHh7/Hh4e/x4eHv8fHx//Hx8f/x8fH/8fHx//Hx8f/yAgIP8fHx//Hx8f/x8fH/8fHx//Hx8f/x8fH/8fHx//Hx8f/x8fH/8fHx//Hx8f/x8fH/8fHx//Hx8f/yAgIP8gICD/ICAg/yAgIP8gICD/ICAg/x8fH/8fHx//Hx8f/yAgIP8gICD/ICAg/yAgIP8fHx//Hx8f/x8fH/8gICD/ICAg/yAgIP8gICD/ICAg/yAgIP8gICD/ICAg/yAgIP8gICD/ICAg/yAgIP8gICD/ICAg/yEhIf8hISH/ISEh/yAgIP8hISH/ISEh/yEhIf8hISH/ISEh/yEhIf8gICD/ICAg/yAgIP8gICD/ISEh/yEhIf8iIiL/IiIi/yIiIv8iIiL/ISEh/yEhIf8hISH/ISEh/yIiIv8iIiL/IiIi/yIiIv8iIiL/IiIi/yIiIv8iIiL/IyMj/yQkJP8kJCT/JCQk/yMjI/8jIyP/IyMj/yMjI/8kJCT/JSUl/yYmJv8nJyf/Jycn/ygoKP8oKCj/KSkp/ykpKf8pKSn/KCgo/ycnJ/8mJib/JiYm/yUlJf8lJSX/JSUl/yYmJv8nJyf/Jycn/ycnJ/8nJyf/Jycn/ygoKP8pKSn/Kioq/yoqKv8rKyv/Kysr/ysrK/8rKyv/LCws/ysrK/8rKyv/Kysr/ysrK/8qKir/Kioq/yoqKv8qKir/Kysr/ysrK/8sLCz/Kioq/ykpKf8qKir/Kysr/ysrK/8rKyv/Kysr/yoqKv8rKyv/Kysr/ywsLP8sLCz/LCws/ywsLP8sLCz/LS0t/y0tLf8rKyv/KSkp/ykpKf8oKCj/KSkp/yoqKv8qKir/Kioq/yoqKv8qKir/Kioq/ykpKf8pKSn/KSkp/ykpKf8pKSn/KSkp/ygoKP8oKCj/KCgo/ygoKP8nJyf/JiYm/yYmJv8nJyf/JiYm/yYmJv8mJib/JSUl/yUlJf8lJSX/JSUl/yUlJf8lJSX/JSUl/yUlJf8lJSX/JSUl/yYmJv8nJyf/Jycn/ycnJ/8nJyf/Jycn/ycnJ/8nJyf/JiYm/yUlJf8kJCT/IyMj/yMjI/8jIyP/IyMj/yQkJP8kJCT/JCQk/yQkJP8kJCT/IyMj/yMjI/8jIyP/IyMj/yMjI/8kJCT/JCQk/yQkJP8kJCT/JCQk/yMjI/8jIyP/IyMj/yMjI/8kJCT/JCQk/yIiIv8iIiL/IyMj/yQkJP8jIyP/IiIi/yIiIv8iIiL/IiIi/yMjI/8jIyP/IyMj/yMjI/8iIiL/IiIi/yEhIf8hISH/ISEh/yEhIf8hISH/ISEh/yEhIf8hISH/ISEh/yAgIP8hISH/IiIi/yIiIv8iIiL/IiIi/yEhIf8hISH/ISEh/yEhIf8hISH/ICAg/yAgIP8gICD/ICAg/yAgIP8gICD/ICAg/yAgIP8gICD/ICAg/yAgIP8gICD/Hx8f/yAgIP8gICD/ICAg/x8fH/8fHx//ICAg/yAgIP8fHx//Hx8f/x8fH/8fHx//Hx8f/x8fH/8fHx//Hx8f/x8fH/8fHx//Hh4e/x0dHf8eHh7/Hh4e/x4eHv8eHh7/Hh4e/x4eHv8eHh7/Hx8f/x8fH/8eHh7/Hh4e/x4eHv8oKCj/KCgo/ygoKP8pKSn/Kioq/ysrK/8sLCz/Kysr/ygoKP8pKSn/LCws/ywsLP8rKyv/Kioq/ysrK/8sLCz/LS0t/y4uLv8uLi7/Li4u/y0tLf8rKyv/LCws/y0tLf8sLCz/KSkp/yoqKv8rKyv/Kioq/ykpKf8qKir/LS0t/y4uLv8uLi7/Li4u/y0tLf8tLS3/LCws/ywsLP8sLCz/Kysr/ysrK/8qKir/Kysr/y0tLf8tLS3/Li4u/y0tLf8rKyv/Kioq/ykpKf8pKSn/KCgo/ygoKP8qKir/Kysr/yoqKv8qKir/Kioq/ykpKf8pKSn/Kioq/ykpKf8oKCj/KCgo/ykpKf8pKSn/KSkp/ykpKf8pKSn/KSkp/yoqKv8qKir/Kioq/yoqKv8rKyv/LCws/ysrK/8pKSn/Kioq/ysrK/8sLCz/LS0t/ywsLP8qKir/Kioq/ykpKf8pKSn/Kioq/yoqKv8pKSn/KSkp/ygoKP8oKCj/KCgo/ycnJ/8nJyf/Jycn/ycnJ/8nJyf/Jycn/ygoKP8oKCj/KCgo/ygoKP8oKCj/KCgo/ycnJ/8nJyf/JiYm/yYmJv8nJyf/Jycn/ycnJ/8mJib/JiYm/yYmJv8mJib/Jycn/ycnJ/8oKCj/KSkp/ywsLP8tLS3/LCws/ywsLP8sLCz/LCws/ysrK/8qKir/KSkp/ykpKf8pKSn/Kioq/ykpKf8oKCj/KCgo/ygoKP8oKCj/KCgo/ygoKP8oKCj/KCgo/ycnJ/8nJyf/JiYm/yYmJv8nJyf/KCgo/ygoKP8oKCj/KCgo/ycnJ/8nJyf/Jycn/ycnJ/8mJib/Jycn/ykpKf8pKSn/Kioq/yoqKv8oKCj/KCgo/ygoKP8oKCj/KSkp/ykpKf8pKSn/KSkp/ykpKf8qKir/Kioq/ykpKf8pKSn/KCgo/ygoKP8oKCj/Jycn/yYmJv8nJyf/KSkp/yoqKv8rKyv/Kysr/ykpKf8oKCj/Jycn/ycnJ/8oKCj/Kioq/yoqKv8pKSn/KCgo/ycnJ/8nJyf/KCgo/ygoKP8oKCj/Jycn/yYmJv8lJSX/Jycn/ygoKP8pKSn/KSkp/ygoKP8oKCj/KCgo/ygoKP8oKCj/KCgo/ygoKP8oKCj/KCgo/ygoKP8oKCj/KSkp/ykpKf8qKir/KSkp/ycnJ/8mJib/Jycn/ycnJ/8mJib/JiYm/yYmJv8nJyf/Jycn/ycnJ/8mJib/JCQk/yQkJP8lJSX/JSUl/yYmJv8mJib/JiYm/yYmJv8lJSX/JSUl/yQkJP8kJCT/IyMj/yIiIv8jIyP/JCQk/yMjI/8iIiL/IiIi/yIiIv8iIiL/IiIi/yIiIv8hISH/ISEh/yMjI/8jIyP/JCQk/yQkJP8jIyP/IyMj/yQkJP8lJSX/JSUl/yQkJP8jIyP/IiIi/yEhIf8gICD/ICAg/yEhIf8hISH/IiIi/yIiIv8hISH/ISEh/yEhIf8hISH/ISEh/yEhIf8hISH/ISEh/yEhIf8gICD/ICAg/x8fH/8eHh7/HR0d/x4eHv8gICD/ICAg/x4eHv8eHh7/Hh4e/x4eHv8fHx//Hx8f/x8fH/8fHx//Hx8f/x8fH/8eHh7/HR0d/x4eHv8gICD/Hx8f/x4eHv8eHh7/Hx8f/x8fH/8gICD/ICAg/x8fH/8fHx//Hh4e/x4eHv8dHR3/HR0d/x0dHf8cHBz/HBwc/xsbG/8bGxv/Gxsb/xsbG/8cHBz/HBwc/xwcHP8cHBz/HBwc/xwcHP8dHR3/HR0d/xsbG/8aGhr/Ghoa/ykpKf8pKSn/KCgo/ykpKf8qKir/Kysr/y0tLf8tLS3/LS0t/y0tLf8tLS3/LS0t/ywsLP8sLCz/Kioq/ykpKf8oKCj/KCgo/ygoKP8oKCj/KSkp/ysrK/8rKyv/Kysr/yoqKv8oKCj/Jycn/yYmJv8nJyf/KCgo/ykpKf8qKir/Kysr/ywsLP8tLS3/MDAw/zIyMv8zMzP/MzMz/zMzM/80NDT/MjIy/zAwMP8wMDD/MTEx/zIyMv81NTX/NDQ0/zIyMv8wMDD/Li4u/y4uLv8wMDD/MTEx/zExMf8xMTH/MjIy/zIyMv8yMjL/MzMz/zIyMv8wMDD/Ly8v/y0tLf8uLi7/MTEx/zExMf8wMDD/MTEx/zMzM/80NDT/MzMz/zMzM/8yMjL/MTEx/zIyMv8zMzP/MzMz/zQ0NP80NDT/NDQ0/zQ0NP80NDT/MzMz/zAwMP8vLy//Ly8v/zAwMP8xMTH/MjIy/zQ0NP81NTX/NTU1/zU1Nf81NTX/NTU1/zU1Nf80NDT/NDQ0/zU1Nf81NTX/NjY2/zY2Nv82Njb/NTU1/zQ0NP80NDT/NTU1/zU1Nf8zMzP/MTEx/zIyMv8yMjL/MTEx/y8vL/8vLy//Ly8v/y8vL/8vLy//Ly8v/y8vL/8vLy//MDAw/y8vL/8tLS3/LCws/y0tLf8tLS3/LS0t/y0tLf8sLCz/Kysr/ywsLP8tLS3/LS0t/ywsLP8sLCz/LCws/ywsLP8sLCz/Kysr/ykpKf8pKSn/Kysr/ysrK/8rKyv/Kysr/y0tLf8uLi7/LCws/ysrK/8sLCz/LS0t/y4uLv8vLy//MDAw/zIyMv8zMzP/NDQ0/zQ0NP81NTX/NDQ0/zAwMP8vLy//Li4u/y4uLv8wMDD/MTEx/y4uLv8rKyv/Kysr/yoqKv8rKyv/LS0t/y4uLv8vLy//Ly8v/y8vL/8uLi7/Kysr/yoqKv8qKir/Kioq/ysrK/8sLCz/LCws/ywsLP8rKyv/Kioq/ykpKf8oKCj/KSkp/yoqKv8rKyv/LCws/ysrK/8qKir/Kioq/ykpKf8pKSn/Kioq/yoqKv8rKyv/Kysr/ykpKf8nJyf/Jycn/ycnJ/8nJyf/KCgo/ykpKf8qKir/Kioq/ysrK/8rKyv/LCws/ywsLP8sLCz/LCws/yoqKv8qKir/LCws/y0tLf8uLi7/Ly8v/y4uLv8tLS3/LCws/ysrK/8sLCz/LS0t/y0tLf8sLCz/Kysr/yoqKv8qKir/LCws/ywsLP8tLS3/LS0t/y0tLf8tLS3/LS0t/y0tLf8tLS3/LS0t/y0tLf8uLi7/Li4u/y8vL/8vLy//Ly8v/y4uLv8sLCz/Kysr/yoqKv8pKSn/KSkp/ykpKf8oKCj/KCgo/ykpKf8pKSn/KSkp/yoqKv8qKir/Kysr/ysrK/8sLCz/LCws/y0tLf8tLS3/LS0t/y0tLf8uLi7/Li4u/y0tLf8tLS3/LCws/ywsLP8rKyv/Kysr/ysrK/8rKyv/Kysr/yoqKv8qKir/KSkp/yoqKv8rKyv/Kysr/yoqKv8rKyv/LCws/ywsLP8rKyv/Kioq/ysrK/8rKyv/LCws/ywsLP8sLCz/Kysr/ysrK/8qKir/Kioq/ykpKf8pKSn/KSkp/yoqKv8rKyv/Kysr/ysrK/8rKyv/Kioq/yoqKv8rKyv/Kysr/yoqKv8qKir/Kioq/yoqKv8qKir/Kioq/yoqKv8pKSn/KCgo/ycnJ/8oKCj/KSkp/ykpKf8qKir/Kioq/ysrK/8sLCz/KSkp/ygoKP8oKCj/ISEh/yEhIf8gICD/ICAg/yAgIP8gICD/ICAg/yAgIP8gICD/ICAg/yEhIf8hISH/ISEh/yEhIf8gICD/ICAg/yAgIP8gICD/Hx8f/x8fH/8fHx//Hh4e/x4eHv8fHx//Hx8f/x8fH/8fHx//Hh4e/x4eHv8eHh7/Hh4e/x0dHf8dHR3/Hh4e/x8fH/8iIiL/JSUl/ygoKP8qKir/LCws/y8vL/8tLS3/Kysr/ywsLP8tLS3/LCws/ykpKf8pKSn/KSkp/ykpKf8oKCj/KCgo/ycnJ/8mJib/Jycn/ycnJ/8rKyv/Li4u/y0tLf8rKyv/Kioq/ygoKP8oKCj/KCgo/ygoKP8pKSn/KSkp/yoqKv8qKir/KCgo/ygoKP8oKCj/KCgo/ygoKP8oKCj/KSkp/ykpKf8pKSn/KSkp/ygoKP8mJib/JiYm/ycnJ/8nJyf/KCgo/ygoKP8nJyf/Jycn/yYmJv8nJyf/KSkp/yoqKv8qKir/Kioq/yoqKv8pKSn/Kioq/ywsLP8qKir/Jycn/ycnJ/8nJyf/Jycn/ygoKP8oKCj/Jycn/ycnJ/8nJyf/Jycn/ykpKf8qKir/Kysr/ysrK/8rKyv/Kioq/yoqKv8pKSn/Kysr/y0tLf8uLi7/Ly8v/y8vL/8vLy//Ly8v/y4uLv8uLi7/Ly8v/zAwMP8uLi7/LS0t/ywsLP8sLCz/LCws/ywsLP8uLi7/MDAw/zAwMP8wMDD/MDAw/y8vL/8uLi7/LCws/ysrK/8qKir/KSkp/yoqKv8rKyv/Li4u/y8vL/8yMjL/NDQ0/zQ0NP8zMzP/MzMz/zIyMv8xMTH/MDAw/zAwMP8wMDD/Ly8v/y0tLf8uLi7/MTEx/zIyMv8zMzP/MzMz/zMzM/8zMzP/NDQ0/zU1Nf82Njb/ODg4/zk5Of87Ozv/Ojo6/zg4OP83Nzf/NTU1/zY2Nv85OTn/Ojo6/zo6Ov86Ojr/Ozs7/zs7O/86Ojr/OTk5/zs7O/88PDz/PT09/z8/P/9AQED/QUFB/0JCQv9FRUX/RkZG/0hISP9HR0f/RkZG/0VFRf9ERET/Q0ND/0FBQf9AQED/QEBA/0BAQP9DQ0P/RUVF/0ZGRv9HR0f/RERE/z8/P/8/Pz//Pz8//z4+Pv89PT3/Pj4+/0BAQP9DQ0P/TExM/01NTf9ERET/PT09/zo6Ov83Nzf/NjY2/zU1Nf86Ojr/Pz8//0FBQf9FRUX/RUVF/0VFRf9GRkb/SUlJ/0xMTP9SUlL/U1NT/09PT/9NTU3/R0dH/0RERP9DQ0P/Q0ND/0JCQv9CQkL/QEBA/z4+Pv87Ozv/Nzc3/zk5Of88PDz/Pz8//0ZGRv9GRkb/RUVF/0NDQ/9CQkL/QkJC/0ZGRv9ISEj/SUlJ/0lJSf9MTEz/UFBQ/1RUVP9YWFj/WVlZ/1tbW/9VVVX/SkpK/0hISP9GRkb/R0dH/0tLS/9LS0v/RkZG/0RERP9CQkL/QkJC/0VFRf9JSUn/RkZG/0JCQv9BQUH/QEBA/0BAQP8/Pz//Pz8//0BAQP8+Pj7/Ozs7/zk5Of84ODj/NjY2/zMzM/8zMzP/NjY2/zg4OP82Njb/NTU1/zQ0NP8zMzP/MTEx/y4uLv8tLS3/Kysr/ysrK/8rKyv/Kysr/ysrK/8rKyv/LCws/y0tLf8wMDD/MTEx/y8vL/8uLi7/MTEx/zQ0NP8yMjL/Ly8v/y4uLv8tLS3/LS0t/ywsLP8sLCz/Kysr/yoqKv8pKSn/KSkp/ykpKf8pKSn/KSkp/ykpKf8pKSn/KSkp/ykpKf8dHR3/HR0d/x0dHf8dHR3/HR0d/x0dHf8dHR3/HR0d/x4eHv8eHh7/HR0d/x0dHf8eHh7/Hh4e/x4eHv8eHh7/Hh4e/x4eHv8dHR3/HR0d/x0dHf8dHR3/HR0d/x0dHf8dHR3/HR0d/x0dHf8cHBz/HBwc/x0dHf8dHR3/Hh4e/x4eHv8eHh7/Hh4e/x4eHv8eHh7/Hx8f/x8fH/8fHx//ICAg/yAgIP8gICD/ICAg/x8fH/8fHx//Hx8f/x8fH/8gICD/ICAg/x4eHv8eHh7/Hx8f/x8fH/8gICD/ICAg/yAgIP8gICD/ICAg/yAgIP8gICD/Hx8f/x8fH/8fHx//Hx8f/yAgIP8gICD/Hx8f/x8fH/8fHx//Hx8f/yAgIP8gICD/ICAg/yAgIP8gICD/ICAg/yAgIP8gICD/ICAg/yAgIP8gICD/ICAg/yAgIP8hISH/ISEh/yEhIf8hISH/ICAg/yAgIP8hISH/ISEh/yEhIf8hISH/ISEh/yAgIP8gICD/ICAg/yAgIP8hISH/ISEh/yIiIv8iIiL/IiIi/yIiIv8gICD/ICAg/yEhIf8hISH/IiIi/yIiIv8iIiL/IiIi/yIiIv8iIiL/IiIi/yIiIv8jIyP/JCQk/yQkJP8jIyP/IyMj/yIiIv8iIiL/IiIi/yIiIv8jIyP/IyMj/yQkJP8kJCT/JCQk/yQkJP8kJCT/JSUl/yUlJf8mJib/JSUl/yQkJP8kJCT/JCQk/yQkJP8lJSX/JSUl/yYmJv8mJib/JSUl/yUlJf8mJib/JiYm/ycnJ/8nJyf/JiYm/yUlJf8lJSX/JiYm/yYmJv8nJyf/Jycn/ycnJ/8nJyf/Jycn/ycnJ/8mJib/JiYm/yYmJv8mJib/JiYm/yYmJv8lJSX/JCQk/yUlJf8mJib/JiYm/ycnJ/8nJyf/Jycn/ycnJ/8oKCj/KCgo/ykpKf8pKSn/KCgo/ygoKP8qKir/Kysr/ykpKf8oKCj/KCgo/ygoKP8oKCj/KCgo/ygoKP8oKCj/KSkp/yoqKv8qKir/KSkp/ykpKf8qKir/Kioq/yoqKv8qKir/Kioq/yoqKv8pKSn/KSkp/ygoKP8oKCj/KCgo/ykpKf8pKSn/KSkp/ykpKf8oKCj/KCgo/ygoKP8oKCj/KCgo/ygoKP8nJyf/Jycn/ycnJ/8nJyf/KSkp/ysrK/8rKyv/Kysr/ysrK/8rKyv/LCws/y0tLf8sLCz/Kioq/ykpKf8nJyf/Jycn/ycnJ/8nJyf/KCgo/ygoKP8pKSn/Kioq/ygoKP8nJyf/KCgo/ygoKP8oKCj/KSkp/ykpKf8qKir/Kioq/yoqKv8qKir/KSkp/ykpKf8oKCj/KCgo/ykpKf8pKSn/KCgo/ycnJ/8pKSn/Kioq/ykpKf8nJyf/Jycn/ycnJ/8oKCj/Kioq/yoqKv8pKSn/KCgo/ycnJ/8nJyf/JiYm/yYmJv8mJib/JiYm/ycnJ/8oKCj/Jycn/yYmJv8mJib/Jycn/ycnJ/8oKCj/KCgo/ygoKP8oKCj/Jycn/ycnJ/8nJyf/Jycn/yYmJv8mJib/JiYm/yYmJv8lJSX/JSUl/yUlJf8lJSX/JSUl/yUlJf8lJSX/JSUl/yUlJf8kJCT/JSUl/yYmJv8lJSX/JCQk/yQkJP8kJCT/JCQk/yQkJP8kJCT/IyMj/yMjI/8kJCT/JCQk/yQkJP8jIyP/IyMj/yMjI/8iIiL/ISEh/yEhIf8iIiL/IiIi/yIiIv8iIiL/ISEh/yEhIf8iIiL/IiIi/yIiIv8iIiL/ISEh/w==</OriginImage>
      <FidUseAngleInfo>false</FidUseAngleInfo>
      <Fids>
        <FidBaseData xsi:type="CircleAreaFidData">
          <Light1Settings>
            <LightType>RGB</LightType>
            <Light1LevelPercent>25</Light1LevelPercent>
            <Light2LevelPercent>0</Light2LevelPercent>
            <Light3LevelPercent>0</Light3LevelPercent>
            <Light4LevelPercent>0</Light4LevelPercent>
            <Light5LevelPercent>0</Light5LevelPercent>
          </Light1Settings>
          <CameraGain>0</CameraGain>
          <Name>Dots-Fid1</Name>
          <FidID>f77675e2-10a7-443c-8b57-f49c36af08b0</FidID>
          <RunTimeFidID>00000000-0000-0000-0000-000000000000</RunTimeFidID>
          <ModelID>7c339cc2-6c3b-4373-96cb-6bea2e10de7a</ModelID>
          <FidType>CircleAreaModel</FidType>
          <ModelOrigin>
            <X>0</X>
            <Y>0</Y>
          </ModelOrigin>
          <ExpectedXLocMM>0.002</ExpectedXLocMM>
          <ExpectedYLocMM>0.002</ExpectedYLocMM>
          <ExpectedZLocMM>0</ExpectedZLocMM>
          <SettlingTime>50</SettlingTime>
          <MinConfidence>60</MinConfidence>
          <SearchAreaWidth>10.0724</SearchAreaWidth>
          <SearchAreaHeight>7.3755</SearchAreaHeight>
          <ModelImageObj>
            <Width>0</Width>
            <Height>0</Height>
            <CreatedAtResolution>0.00745</CreatedAtResolution>
            <OriginPoint>
              <X>0</X>
              <Y>0</Y>
            </OriginPoint>
          </ModelImageObj>
          <CompositeModelImageObj>iVBORw0KGgoAAAANSUhEUgAAAnwAAAHRCAIAAAB/5fOsAAAAAXNSR0IArs4c6QAAAARnQU1BAACxjwv8YQUAAAAJcEhZcwAADsQAAA7EAZUrDhsAAP+lSURBVHhenP153LdVked5gqio4IIbiBsKIqCyimwq7inu6daaaZqZ5mRX91T/MX/MVE9Pv6anume6qqdrerp6rayq3Nx3McUVV0RkVdk3EVkFUUHAfcF5/36f+wkufvcDZk28NF5x4nwjTpyIOOe6rpvnee5df/feXW749QE/+tGPHvGIR9x555177LHHr371qwc84AG77rrrb3/72wc+8IG/+MUvKO+444699trrhz/84WMe8xicfPvtt9P//Oc/h4HcZZdddtttt1//+tcPfvCDf/rTnz7sYQ/78Y9//KhHPQoYJz/0oQ/92c9+tvvuu8Pc7373G/887LnnnryN/1tvvfXhD3+4YB7ykIf88pe/FMxdd931u9/97v73v7/h+L/tttse/ehH/+AHP3jkIx/JfPz/5je/4RwRDMc/GPD4/8lPfsKVzQqb8/FvUUsD5H82ywlX498WbORBD3qQRS1d/NLYZoW34d8WbEQy8y/bwhj/0pv/kpl/C+XfVPnnf2OzYtju39Li518wdjHJNFsyFWsjfjHzzL9VKpYkT7HgWYlNfhR94s9/m136F4+oKtYEM8Viwj+91ZfNULEmmFtuueWxj32s/FjLlq279K9YhtOZPO+zzz4333yz+haS+PO/LFadIxgwYCYMmY9/bpfJlHnB2KZgHve4x+Wf+fifZlBom5UZ3sS8995733TTTfm3F0GOf8ms8yfzMsPzvvvuu/Rvdnmy+JfhOYZ7PnlPa+19/72Lv/pKeP7rfB74qY3HP7n8LP1P5/Mv2pIpfruoP/mfZs7/MpnKBCw/sjSHXSmnWCVTBuQ5/8BMGGq5OYzTDBWLUukBtvtXFw7zj2ykYz7FslkmJXPpf5qhYuW/YuW/Yk0yBV+xxr8Efv/7399oBsnsZlgWK/8SKJnf+9738JJZM/BfMuv8jWbg3yoVi/4+ilWzMcHtxYo1w7JY45+3Oj//cqUi9tXNU7H4n/hFW/5lZjpnTlbFWvqf/E/nlMwpVv7FPyd3/E/nTDK3n9yaWeR1zmx2imWJabb8l5+d+pecaYa5puRn/Nc59+Z/mnm7/ynWNMP4P3TvW3f752/Y5V23/9f/7vO/vPPRr//QuQ/+/kNefubNB15//xdd/bvnXfKzZ9/8kJef+8NDfrr3m7743Sfu8tQ/+4cLH/HgQ/6Tky94+G+e+MefvPTRtz7iNV+94anf3fXEb/740It+etR37nruN2595m2PeM3pN+7/6yf80Wcuf+yDDv4nTO7/tL/4/FX7/nLft5z5/af/8GGvuugnR157vxd8d5fnX/yzZ9+yx0nn/ODgn+3zZv7vt/+ff+KivZh86rLH/PbJf/LV659y+6P+kMMbd3/pFb869opfH3fjA19iodsf+TpTv33S2z592WNW/i/aa7cD3vH57zz+5/u8mf8f7PkKboXkfxf/9KgfPPSVlD9/3H/0haufAPbxCx+x+8H/RGDMBfnjR76OQ26v/PVxlrjpQS8779Zn3vGoP+T/d/u9feX/kP/kExc/UmBfuuZJP9v7TWf/4GABX/LzoyXn2t1eyP+PHv7qs2856JePf+tXrn3yAw78P3zuyn34//I1T/r1E//4rFsO+vFer73wziOuf8CLr7rruZf/8hj+JfPOx7zhK9ftd9eT/0QC+T/l4kfu8pQ/Zf7Tx77RZn/40Fd++zfHMwG+8jfHK8qFPznyN09621nff/oDD/qPT7tuvwc+/S9ljMY2ueJZjWzh6l2ef+vDXy0km7WKYtkF/wpEPu9Hz5DkS39+tPxDXnf/F31/j5Ns+Y5Hv/5btx/G2xnfO4D/L333ibs97S9sVjK/duP+t+z5im/c9qxv//YEwds1E1X+xbqO9zvgHXZhs9IoVyL/yWPfyL/8SI7iaiQR8i8/sv3Fq5+gWJ+85FG77v/nH7/g4ZJs+zc84MVfv/lAniHP/dEzvvegl1lUswHI+b//4q/5/7vTfveLx/1HHzznQRx+7tuPu/xXx6qC3ApeHe39vWc+4FePf+v//Mk7HvKM//RfffQHNvs3X/6tJjz5/Idd9dsT1F26hMf2ml1P5Ef//JvP/Zz///Z9N+x+0H/MRBr/7ed/ec39XvCRb+whUZKgjgrHs8TyrL7/1d9fzf9/+Tff1vn/35N/JBV//9VdhK1X5cEeP/LNPS3nHFn6v33/jXr+n/2bS7TE/+t9N2jjvzr1F9/53fP4P+eHh2gPraVS7z5jt5sf/Af/4z/c5rDw/JBn/h//y7++8ldP+KP/8eO3SoVZMXz68sfCK+iHz3uIxP7V534upf/P91x3zUtO/N8u+ulvf/kn/+ID37ttr9f+uy/8Spk+9q2HOrwqLrey+s6v7iLO/+FjP5T//9u/v8LJ/a/+7juS+T994scy/56v3/+COw7/7BV7O3p2/cFzHywD//tnfiob/817rlOs//zfXrbrU//sv/vgTfrqr7/4awdQXb5+09NU3Dm97BfP+duv3OV8/auP3HLXfm//Z391Kf//j3d+V5v9L5+8wwXy/rMeqLUcTCX41o8P/cA5D9J1/9tnfuocif/Bz/hP/4t/f4XO//989Ad6/u9P+53KOgv6UEu4NDT/33zpNz962Kv+3x+6WRj/l39ziZD+63dd45hwIlSlVFbBq+z5dxz+3q/f36lRLBusWP/Xf3e5xv4fTv6RJpEKt5n2cyh078fOf5h0/fsv/MoJ5d/NIJgHPP0v/8X7b3Ti/u2pv9DAiiXtkv+ZK/Z2Zb3njN0U5V//w22abaNYNz34D951+q4KumqGa5+sxGyVW1O5YTSDNvjP/+pSLfEvP/A97SeZZt2i0q7hP3vlPpf+4jnvO/MBiiV+V8c/f+d3JVMV3Jn/66fudBW876wHOnp2+uVrn2zXH/3mnq5QRVesf/nBm5zc//vfXqWlNbP2+9sv/1YryqGd8v+pSx992S+P0a6Os2g1g/jdDP/Nu691liXzhge+xM3vntH5bhhdccolj6K0ZZfJ//7Zn8m8nlEFadR+yuT2gzz/9sNkXv8LxnK29s7TdwX7n0+5nYmed43Yl/gdVZeD5jnjpqfpHEPH+QNn726DYJL5v3zqTs3gxMmY06G+OuGCO4+QVf61E/+WFoBi/etP/NiW3Q+aTRt4QMiMhncM+dc5To0HwfvP3l0yVUGzOfKuXGnUzBIi/6ff8FT5l1Utyv+HznuI0kupC1DPKJaz/JPHvIHeYTn1qn0h4R0uV67+17Q26zYQjGTiTvEqyXuc5CnjsAjbNSWrbHlwfnW+8/vHh1619RHjse/JjHukeyZ7ofCC4BnuyUzwyoDT4944KL0ZGXrgG5I92wk4JD2AoTcFmgzJpnBvB5x7I0hIOf69LzAke39JHwYYNTTFfz75x8npA3OOlmC8yO2owJb+cz4hNcVn4ILBBxwyMGXegIufjKdfmgQmgAmpyONWMUufZxwAtyi911KyN3FTN954I05Ow9ZLGRiqWIZMgl177bVg1113Hb0XbZwrJuENmQAwyafIGQoyDQxe/JSFBEYAIwcuMFumYQIPgAh5sArPlh5uypaR/pEBPPJKiHvxJOhG75WaczjSqPQ1arzWjQMsZ/nBTWUbNVxyb9O9UEfeTKMN2XtumuE0S/L+m2CWDIAn401tp6Zwr8YbJigMSh6e/4bkFWIHNRwOw3MmS76BTFhOjeGYp19j72G7hOFpmo3IM2zKdwawzxcyTk/T7JCp4Uv/+NrTiswObakWkfOZfjk7RDk+yQVTGBMMDQqMxnOcPt4sIjdc8gFvyPGIMhpZfYfqz2WXolEGjmde5PwThs/WTM1m44NBNGi1wNq5o+cQOSZOk/OCO1yOJwGtDtviMOIp4zRMOmURb4jbhjBxmPi4WtISEEcMR8jtyuM9qdlMhITnLWo2jnISNYwPgDCUOUofYEyisocCjAnN6qFbfqPSHamfAqjEFBJPxtNT4tGqXOthUzgnI5ta8o1hfDwnL2eHluAlDJET0HYYz0u+xIwwJgA15Zg3u0EzNR0cNzUm8QTU0sO3+yfnIe6E0HQ3zQ0FPBizkWF8AMPpx2SN3QR3DuP0OBJefNkM+NJk/I/DoaX/4eMT5XbVajsEeMKSA89sfEl1bFwnr1t4q9fRyEshOQGlX5+arWMTLeUozQq9bapztUEpZ2qnmKHl7FJuObQ1XtOWakc8Sx7tVCYkJ2ynjamN+Ddo7fJunyNHo0lApbqcr0u3Vc002ymroaWr9Qqbw6E0+L1FvtP0ou3rNlwidyr8Y2hM+Gz7SAaihhur/15aul2tsSa7u28CxkNmsqSV33vSMqpkPFoqo+Sl5j5o5WLHyW378aUwtATI2Fp3N423pdulCb5cJWFJZoe2VDtolAlo9CNsp2UyB5OwdVVNEKCeyd4IeltRGFM22Q0496wh2a2ajLpJk7u1u2fBaJLnal7SeAs8nL7ZgcXH24AzTx84GvCYDB892JInBCPHdwpGSz8F8JCHPGT4gx/8YFP0OJMoGS/yeOb0+BBzlGCKT3yPPfZI5oF+/CfkmTeCWqBVgddEaS282THBx8+ExFAnrHpkcZiXVKsELryc4JTCQ2TRGuKmaCxNKAxL1FdRS5t9+MMfDv/oRz8af9zjHrfnnnsmEwBaZb2Jre3EuSLkZ73du09UQ2R2yU0lo5DtN9ra55rmhopS3gdsg0cjL5X3RhtOhn782B//dv/f/vCRP9zlwF1+8qCf7PLoXX6w1w/uOuCuWx9966+f8utf7PmLLdw9qVM8L9rRdv//SBh5OURMaOJbqjVtOCQsiWY+O5pdo+6GLb3lnxBvKrlhlHwfymiG4xMtg9lO201o4ulRMj60HA4ArZa5J6WPNsBDG3rCsglnCs/huF0ON6bQyGs3W5TnqKl7c2JqgzNZeuhwRXPW5twNIGFjGIXMpDPbMe/IzylGYA2XHI2ToY3ADEMiw+0cwUR2t6Qt7Q7arkEp1/CVsHroSt/8WAD96le/+uUvf/mL9Y+Of/azn/14/RPRfgraT1zJNLetfyJ6xx130BACG5JvXf/494c7fqJ75/rHszg9AEM+keHtt9/OmykwJsMzMQsD2Q8tCcA8mAK75ZZbxoSG3mzglfe1/5R5m/gLhj7/eFYNx3/g/OckcJEQJhj8+9//PkA/pL355pvNLn/iet/+Cy+HAOSIT5rvfe97bG+44QZOrr/++mQwehhr8YAC4wCUhWSVftZdMGBmwRjyQBnYFG9gcbMMCcJDyvrzn/88AbLIcWCR45SccGhFttyiYitOgDJTSIb51GPDzVqCZ3lgaJgJP/SE/isGcKRFUT+RdmP2E+nauAt0rtEhN8JMJePISeh0Dc2hRcsTnkyY2Yg+gDeAJV8ablDKJdgwuXemNEOUNxxxwy6v3uWqg6/a/Y27e9w+8JkPvPxpl+/2ut2uedY1vznpNz99/E+ZRMDDvawsOVe9+pjFKVHCKJd8wIjMA/Ia5AXooQ99qHcp70k03ooADHFD3oDXRltvqAm9M+UzOTAOkH+cc0PeyFbBH/WoR7WWKRRy5X1N+Uf0ZIDxScY3wBF5me3hkQjjlGVgGTMZJ6eJj/PASw4w5sHIBHyUAIQWrXOWbTaNF9Wx07eBmRM2/Lf34QBFPjxYtlELrR41O3vYdGR2Sk2tT9UmBYi2VGul8xg3XJ3SbSd3OezMOuZ4+vjK1w5vo4wH3m4Sre22DAnbOTK7pK107KA0y6mEe8seefXQnQJUJ3KletjDHqbjfXDo+Cc/+cmPfOQj999/f/JTnvIU3x9PetKTHvOYx+y7775kAg4A3BT+1Kc+NRMyk8c+9rGc7LPPPk94whMe//jHM3ziE59oSMkcmOcDDjgAZwK83377meUKkgni3HDvvffmjUnB5B+YiVmYpX9g/k0VTP4zLxgYSHhWLdfSxb/XXnsVGD2TAoZkUjCGvFnlwAMPBHjGM55BPuiggwCsxa1ZHLHNhH9K/kVeftq+WXoAHInhaU97GquDDz6YOc/WetaznsUzmcYqtgAT3nKGT3/604XHhLeCwZnQcwUMYy2LZgsscmAmAsOZmCWbEiRy02mDuKGuMPWIRzyiLfPMnEwpBmHznyBC2ynagqHJs8TaO1cEnhE95wxFWzCHHHIIXv7ZwgC73JFL3xXc5UvWtLgG7preuJTragSAu1OGr2+z1f0yp6LDNseV0OPcAx5PxtMD4EOGYKY2+MDI8RFMeWnAvVIMTxMsAqY8+NMH3/Wv7jr6q0ff+c/vfPKNT/7ZF352/JnH//Jf/PLQzx+627/e7eGXPBwm4oeVdxTcK0ucT5wrejxM+IRMTAXbAAPghrgpgjch3EsSjVc05jStBRwyjlJ65cKB4/S9TuXKLIJs2BT/wN7eknEYfDwjAHziByiM4fRh7g1sLfr4xI+jTALjwEzI43mZn7XFSkiZSeDybxY31U7jhsHMghGWLTfNFhnS16i4IU5vmDlvBRblv6Vt0FTFsjRNHIzGKi2Uz07E6omx4xGyerzf86VzhgiAHE9/HxQA2EkkO5v46oG/4y1nqJPrFOMONY1jnow3O2QYJQMztBCeq3FIGALAC4MMkAZH9Gi1/wXJyVKZPIla5+weT9+1jxXRrP6CgXQrSXVSHoUxB0e28LXXXuuau+SSS1yd3/rWt9zUF154oUvw8ssvF+LVV1/trmSuSO5QnzKivOyyy1ypYO5QJq77iy66SKY4gfTt4loEc4TcsFdddRU/wO7ub37zm0wuuOAC5hdffDGfVudfW2gp1+6NN96oIXhz6fPs8YAzZC6tl156qeCdz9Lqi8r9fsUVV5ji01rA/AMzFwyfvhpd5XWbRa+77jqLApDPP/98m80QmJMrr7ySLGxpMfSZaDvyQD7vvPM8Ic444wzPoXPOOQeAubV853lWidkWPDyuueYaCRe/TQXAGVqF/jvf+Y69OAaSI0U+ST0aJVNsX/3qV1XhS1/6Ek5WLCF51vqm9LxRXZFY+rvf/a7HmwCYn3nmmaI966yzZF54ArC6tZTVWqwUy6NRnpl//etft2Xxy0bJFIz8+OjU3PCi0hXKrQo1A/+ixWVb4TxQZY8TC9mvZrD3Nsicfz0jMAGouFWsLjCfth0k/mVehBrv7LPPViCerVIteLZxwZDFLyGCUQi77iLuHp9LU34oyajrwzAlW0o3S7z7ZX0uVpeFSIBt3KY61YUnn/hompUlnFUCDmbKvpY8fRzMcvwTmlIIXLri9HaK0wOIUGANmeslMl4wiEl6YIZg8JYwlENDqcb1HliyCprNBDIw2/EPgDNPpreKKRnDZUComk1zqqkW4lylYAwB1AhnyKcyybBFzVqlpXnmEycLKRNTNsuzpAnJrFah9N4Go6sNewMjmGXCp5qKx0KQVsmnwxWnx8FY5V/eLGFFAZgls8Lhp2SmaHCkUvJJX/z5L5kCILcjs7zZqWZos5NnJtJoC0zI6csPcjSYGDIBKCT4ZbNNyyHNaWiWFZJeQ5wVpeUIvBUDbzCWIAvAUOSmir9miAOwtVP75SGfhmwj63YulMY2CVH1pSQDJMuzYTzwmIQcpaHzSFZHQ7zjiZPNWnqUHHpC4Y45Tcd8wLipAaMAOD1OP8cfR5IjaQQAvAAEA0BOY4oG2d2kYoQhoW5JO2aRBKKUAfihXz10a51KTlYzAjTB0cJd7pZ3up73vOfhz33uc12mNJ6mZpnYEqcEp85zTot4HNoh8Iknnki2DSaqy6H7UfeoFkCHB8xyTtQLXvAC3CqedgBcOWCCsfP8O9sueqECWFRgz3/+88kADAWjn1zfmkZCATjXVWDMAQRDPuGEE3yZSbdnkoBFJRe2Q/A1SSk80bZZYIaKgYuEQ4VnawmCI03DpyGfr3rVq3yl2QtDWxOMK8NUJWRu+zbFnDeRMxQSQxhIW+PNXgDEwD8n9ExszTfl6173Ov5tX+alwtZstqPIv/iFbQtW4Z/eVSWN8i8SO20LglF0K+pdHizKm5PG/yte8QrPTgG4TxWxewEeOZZqIY38+OC2+otf/GLLvfSlL5V/cdLbjhiAxcNcbNbl3BYEw/NJJ51kFW9d/GsDqbYXU4JUL5HIG+LENgUjM5qNWyZWVCZ4ZVUOgQleWnCNIW+sLEemIQPYrLTwj3QgW3o7hbH9uClLK5mc2J3gOQeOM9ellB3allYXU2RTePfaDE3ZOBjOBA8ct5xVAss/3gefF7g4514jcHq2SGzIkFVT3ibVCP5n9/+ZV0x6Gt5wzoHB1MsUc69uuJczMGkEow8sGwQm8m8I1nskgFWA8czp+STbl+Y0tBFveIriPQzSWxEPXrPA+m8EvfvyUD+3aAEIppBsyosUb97ABExTP/Cgdryxsop1vafqhG9/+9sa46Ydf6e2tpcHJpC88c8zn3EangWWQwuJxBIEAHrhkSf/aUq1OLWHliNLFABN2eCTsl3Q0FtdvzHXDLqlYHAAIfFcYG2fCSTeFUzjsBSSvAFzbl8i2Wg5U/AamF5WEQ9k3JQhV+2o1Wk0g6FWFy3nIofBrUVDFhJwmPwLJs8awzBa9+Dqq9QGZbuDg7qpcKSL4maD4WTKMBwqGSFlMNvBLWqIQ8bpMzQkKwFBkskOuCKSO9H0gkcyzyQlruKmcE5whmkgcSTUFmoVAbDCM0mDhIeAO1xoEoJMxQFQSlTe7DehKeGRV/9XABVSXdkna4jSTUPwXWIzvq4E9KlPfcrt9tnPfpb96aeffvjhh5t1F4d0bJwH5r57DD/96U/Lyyc/+Um7+tznPsez7zkPgI6WKDWBx4kvxaOPPvrLX/4yzSmnnMIJQyv6NnK5O3IeIRqOxs1+/fXXH3LIIT6YtIVgaPiXl1NPPfW4445zMl3ZutmKlDrJde/z9znPeY5vRHnkX0jiZ+5ziqs+zjQuIviwfuYzn+nrUPz8q+5nPvMZhsw1qI9OjxBuOVcS/Wo5n33HHnvsF77wBfl9//vf/5a3vEVI3h58XHrA+JK2o06FjbihDj30UFuTXjDBWIWh9B555JG+pN1iqiAVOkOiPCZ96h1//PE2+PrXv/5973vfm970JvF7IeinDhLuwcOD9Hrs+Tw97LDDfLD+wR/8wcc+9rE/+qM/+uhHP0qmoe9LWrHgWbFVDl+iXiwU6A1veMMHPvABq5AlU7E87ZxPO1VuUUnRFVdcoXZ9Fn/kIx+RmY9//OOeuzJWsbyFOPb2a9f2LgPnnnuubMj8W9/61g9+8IP86xzp5UoV7JF/vci/wslAzfCa17xGMq1rs0ovSD7591iVSZFka8vdHXOb4G5Y3roH9Zgg9QONjZtljs9DkcCzhFjLwQBWGmSbHU6JYo6TbSqNKbKzzYPgDe3a0Iq4tmQ+fMAMkeUsFAzvdUFvxB14ewTTe6xEIjBKQ0pgsiSLk1syEzAa3sQAA68/DfsiVHFR6Sswbzk0koYz4RNSLQAkJxMwnB9vbziwWatYWuRWZGJpeiYwWogrrQLguPFJSeYElwGVoiwYU7gwrCIketx+aSwhLdJbvfh3uHBNzlZ3sU12aVhREZnLv8uh5QxtlmeAeGuZ5ccqkulkcc4KoDxzNfmnsUF4s2xt3JbFYwhWHphYpfzQ8wxJj/NvCzxoKmAmYAKjAZtk0lgChjkT8bClATMrt5CUhjWeHJLpHQSNKkX0qiAw2zGsA/MDaV0C/2Tx0NOUB9m2RPlZNoON0/Bpv5Yj8MxWeFbENQlBKcUge4h/AHoyPWIbNwUWb5a8NtpCjhKg1wW9ZIj3bkqpmWtO55TssULvisAdecrkOdeSwBtzaXHqm+KHYTwnOLCsEuzR1sxaGhcVK5w5DQCZsA55tS8ZKA9RskXjAMtZnpHDmNAsP+TVQ7c+kHRVIVuGDK0e2stjxrlSGE8jUbq7mfgEgVQ2nyyKKlYeVYueEjkeho6Ke5+hTa4+YfbbzxLyJZsKJkGcuJc7Rd5hKT3IpY8fq2trz0WHwZbyLx1CdbaFpKU8wPj3PccPpUeUgydZPAiVQM+VLeRf5Pxb3SearXGlDPpVRixB8EC1qCnxK574PeTEby3+EYc2K05LKJ5mdd4EY2gjvkQFzBv/nTEm/HCufjW6YCwEJsM8C0lgJU1s4mfOmyDlhxNPRH5gZE9gbjfLCfLZz342h21WjS0hP/pMSPxIqWwgx4wsRTIvYBhIi/JvI/x72HMrTlu2TZwHwVhOnPq7zkN2avtVVjx/8Rd/IX6NISRtYFY5TMHz7y6wkEWPOeaYwmZoOSHJniTg8s9K/GT1sikeRGJpCbSWVWTJUCrsQia5FbZgzOL8C1UM3SM42XLSKGm4zNgpQ1m1ulnthIsTnjd7LAAx6zE+rSWryEKOopTSaLzlAdbDOP9mRW6nOkd68a4D5mQeep0FNsuJhUQCIwwwSq8IeH9qrI8zOYc0C8NQBvj3hmdHTYEd+MsDOblj19Xfk4ahkUmuxA9PY2u+FFl5rRTDNddcIx6cfOONN0qyFxQbt6hd828o/3nrg7U/u0dmSC9pZCGx4kS6vM5a1EvnEUcc4dVZbF7B9Z43Y0UB5lkeXDQEQ/5NsfVqy6dXKOEJST/TuEZ6w1MsG5FVb2AK6k1ai3qr00heQDWGN1d1F57NajbVUWWbsqjN5lnkuBzyr/esm9taSKg8WK5kTv5p5B+ME7Fxq1jKp4UANLld8NxnfXuxrlU44dZQ2OLhxyGaZOKitRYwDI1ZXC9Zwrr8W9TSZi1Xy9HXbGk67PWzWVm1fYWDIQcWCaTV7U5IjrNmsBclk2Hx1wAyQ2kX8EKS5DLDrbISuFUyMvNOB6Wt9bDHI0qzhI5YABqHyzBeQcmoYw5DidMwFCTZ2aS0R+cR12Y2lVvBdGZx1zi8g4DrPVbOYOfahaBYtsDc9ilx3pY8JwDMgcVjURqcpgBwYLHxIDBWBWxfclI2kMzYy+RHqIZkvFnZUywm5GCmbId+9dBVgPpDn9mVjiz7Con6EvWp54ny7ne/21X73ve+14eIz5GjjjrKwXCWtAXvtq2ELkofkS95yUtOPvnkP/3TP/2bv/kbz0VfdSeeeKIvYDevbrATEVjR4Xd0fSl+/vOf9w30zne+8x3veIfvrVe+8pU+/hxgB8zVrJ+kXn41iueHE+jriv+3v/3tf/d3f/fmN7/Zx/Fzn/tc30PudLuQJtvTUu7riy++uC9FX3LA/H/4wx9++ctf/rWvfc0zVRc6AD1X7F07uvd9F5500kkf+tCHZO1v//ZvPXeZC9L9onFrYlWRKMv5IvTdKQCZ/fu//3t58InZx59QBSxswTswesW3phvK1rSUbSrPu971Lon94he/6HPcl7QD4HDSawWJki5JkzoJ9KUo/re97W3/8A//8KIXvcgX5EEHHeToahRxuoI9bJTDDXXaaae96lWv8qX4Z3/2Z/irX/1qGsX69re/DeNYKq6WYsuDL/IXvvCF+X/Pe94jmT6+7aj/vi4GkdiaqMTWf2AWLQ/A/Pt4VSzJVCx3rpOgGexOfzvn3i18FvvU9sH953/+53/9139tFbl6/vOfr1huWznU0FpWVuW2YvnUfuMb3yiZisW/WvDvbU8z8K85xSCfLrJawj2ijtqpO4Ve3e1OG9QMltAM+tMqwoPsOsOLtitGT3a6CA5hh99G1LpDq1Vo8I60qaxMCclQeKx0bJfCXA1MrJ6J0y4kQq8FvTQ4CLh3ERo1guSElcxIvkX1J6WzBuBFSpwWevjDVl8tOdG9YrAWvHiY84lrUVO9S+Hi8RCytDbgDd7eudKippiAKQSfcmhFGuZWYZJn+REPW54pNQlDr7Y4TU5w/vFOLj9iEwyfvKk7DZ4JV0KyKXmuGUqILeMOqd05StbyXosDM9EGuQUTsyH/psY/z+3FKuI3K3Ik+TZiituSqTS4JFQLzs1qMLJiVfeKAsZEVEVI0ws9Q6uIvJPblpmAMQmMC4MrHFjXSb6Ta8umuNUtBEkQCS4qS/OTHlizKRb/9D3PrEjGM+GWlXUJkAzFw9COnN9pBiXD5QpMYLh7vi2LnH8OdbXlhNfpkGSpwA2lmoCkcZQKQTbFgzNlyJspDYCThRdS2E0FExgrBxNyjqft0AtDsZxoQxcFjUOtr7zuJOMOuH053YXKlS1TmvIm4VZkyGcyTg8sGII9ipbe0tzi3QnMRQhANtsuBNMStonkhC1OQ0hPaBZS9pAUkQPTc0W5euiqa/0n+zh7m4RWPKQ2iqRs+l6s7m71dlnrfrOOgbyIjEezLlmu9Bm9YnvA/OVf/qXHmIo6b6ysBaz1pUaCtIjLVBcy8bTmmX9+nGHdYAmPEK0jJHGrlkRIsbujc+WilwuL1j08iF+++JdQgma1uoMhVPHzLyQOmcPblDLrWhlBBAWGFKoADIG9Nzj2/MBrWZnRoPLIv3IKRmDih2ForRayHR7oO4TiRxpdAG4Bz28BeLz5UvTegFuRCb34ORS/famQHHo/sIq0MBQDQ2mUZF/Asqef6gbxy1uH57jjjrO0tAhY7cg+i6VLY9mUSOBFohC2A8wbpKzKDOfSImOi4tAeO2OOh/hNcShI+7UQDFnwKtWUZtCgmsquPVkpvQwJQGnmXrYoja1xKOE6re4EFrN+s01h8C+T8kzDp+3bqfiVVTD2biPV3dbwakQWPFv5NMsc2aysWhdGYLitxTnkFgkAxk7t1xJgkmldSZtLQbQSjpvCxYArlnicZMs51aYcWrnFgZPNal1OOoEw5Zamu8M94sDHvehwaxbGUGCiMuTfFBOvtvv/Yn+B3f671dVDQ9/qkPCs7MhLj1R4zxODtzHcWxE/3iyl2lqCEYl4bM2biqT19ePdhc/eYDhRO7PqZS1psd92zbM6epOz7hVXXIF7K8J5dgqA+ZcByVEpnkXIZ2HwgJOZaAl6AftEs2XF4oStd1x95UtX83sbs0er6BDxC9Uq6sI5rvn5d0xMsRWYXbRx8fMvfp1pyiqW4ErtfGlM/qVUPsnlX34kan0rrB4hNkspZn6YWAuMZxph6H+GwjbVQw5YhHljwj+wWbLArKVLYURum9rDzQZpoa7+Wo6VPmRFT+aWAG+h2bjEluEMbRDSvvS21Xvo8uAICMDpkJ9yXpXJ4nf8BSMzHGoewViFQGPjDgiu7taVOkqZxCNTcUo8gINmaHWuGOKc5Ec+CfYCqQSmAncYJc0UbqprsJNL6a7AlZhD3UVWI7aaCtgszrlUuJGklENTYLgVJZwhLipIenuUFgHYNQBXAmBFA0ZDHj1bXCQec0ISGFtcehvGSwWSPXcaKpPATXFCuXroqnc/adFDuHqoJX3l1LsEH2fW843I8iMf+YiPj3v7b7oet9/4xjcY+niyAV8qDH27eEhceOGFDoC1bEa4GsXN6CB5JHzlK1/xcQbMv09YH8q+FN3pOkPW5EVCZUHXugJ85Pk4O+WUU2zG96IvRR/KnlhOpqtZ/KooC7ajz3xJH3PMMT7OePDZZ11fii9+8YvnS1SKRYsIWpPSlAA+/vGPy5HPVvH3JeoW4JBbQdqaFvc8uPzyyxninkM+BPugrL+ZC1jYlnYkcO2ufj4iJU38piTT7qSXoZtRQtyD9iVF/EuXS8dz0Qb/8A//UPw+AT/72c96ki3/m27F4pN/D/4zzzyznwS85S1vwV/2spf53Oy/6brFILUCK7Yek/PfdF//+tfLv1X6D+T9N12n0S70jagcTlvTG0ovQh+v/MuSXPUf4PnX/fzLmM52uXh2aob+m+4f/dEfvfvd737DG97wmc98xuds/l1tMimfGk/SNIM89990VfaP//iPP/GJT/Av8/bYbeu5giyhkfRGVxs+l2aXaZG7VjQDonca7cJF1qUWR+qC+O8I2Sxi233hlDK3HTJOj1OqnYYXRsUylFKd0NmmsdySm2WIMmFrL7gt8Lb9HunqKRhT+scSSkypiEJiRZ+mS0fmaeDlUwx84p6LDJ0LMXgG06gj52YtZDtOLlt5oDQFxoQmwzRWNCtLdid4WbKiXqXkEyD/THC7sIrAzNo7K0Npx5nwyQRXbpwJvWDg5V+SOcdpvF9aV4uKE+fN443MidVdrAwdW5Ebqub2+MkTP7ASd3KFZGmuZNtUmcfJ5d8sb7hiwfMgPENR8SwAsPYym8XFj6RIf5qiBMuzMBiS6fOvWGadRNcxAFq2nCTgZFb0ZJkUDPy6nVf3G86WnswcWMyEgpEZVqVUfgRAWU3lv11ULBoAwfBmCd60kIWcdMMOiPYzjNsdzr9OACMAxIFNKY2hDUIyiSNKJGxThg4jPE6Z7JCyxe1CQcUD7GYQYS8fjrNGcjGCkVm5jXGzilsAokqJMzFlLT5xPnG29AhS8xMocXGywq044dHjhoIBbgsWkhlEY7/pDcmmkLSIB5XJYPScU64eunYo6SqkEmQ7VADoWlapfKNoVk/T/nSrby+PQxrFY6jqIuNXcygk0jpg4nBUmHg5tXDHRsOVTd0gfS3hLKk0E2CreEh48nGrRZxMIXHFP41zWN+D2YbA8i9azyfOLSGn/EuoqASvq1zuxf/KV77SKjLIxH65srRoyxTBUDwW8mjnx3IeGJ5tykC2Cv9iljRL6Gb9DU/TOe82mW7G7dFCnEuOqZRuKHnzFBSAFw6LlivOAYBXp2r33RVb/CLh1kIitymZUR0eWMHrDKmr9S3kyccDvGjBSqPMCJIHu7ZHeYNnpRD8yzBvtmMhmZelgqkTpFQzCUm78GAXvDHn37sO/4JUBRgZ4FwMtlxT9a0vzoLxNsCPGLhSEU44tISsagapQNNsNuvxzL+TIxjPV1sQef5FKNu2j3PCOW6qC5RML3LcirzZrDilQoSqhtPA4/IMILFi7mx0xgQZbznNQMbNynln0hCxtRfJ1G/6BB4Hi3fOm2ViLbliRXYdELoa3CO4eyQN7pqwL4adW0MmTfVabKGf7rb67KbhyiyMLcBb2u74pPHywUlfcl5HTEkmvVnbZ8UEWZrSOxAYAD1OTmNF+cTtyBYsKocA1s1n/q1Fbl1g/m1KqEJaBsME7z2Jhp4rm+0NTEWAdZoXYs2GW66PS6uQgfUVsJIpjfQKaeIXAP/iL5g0ZjWDaPU5z5AlU3jijMsnXjIFhmtL/WNW55hiUoEEEKcRKrBZjcctE/XNQ6VhwoMwAreuWWBltQUatjByKwZtRrYvnGyWvlnUlpGsxm0ftxAwn5D82zIOIPOU4i8PYra0/MDTkIVXMArKA/+8FVi3tCJKr6LoczLeeRneZRtM+XAZTjZFjyprJ50AgHcYO4Y4jTyYwgUseE5MGUIqnymXpykHn4acnq3mwTvslPmh5H/JYXAATmxT2GBkSryQWjF5QgWgd0xY2ZRV2EZkm0oz3E4lEJVJRA/Glrx66Kq0pCueSpBxNqhuvn79ZxB8XLofv/a1r7nTzzjjDKH0Vz99fHh+qLSAxKqQdu6LVsRnn322xw+wm9S3I4DvFVdwJ0oQmsA961vZTnycMfcJxT/ZPq0oEodNii2kleXXQfUI9JEn+oJhwpAJJz43nUYdL2AAmxKAz0e2AMx9ULqXyWZ9bnrA+BIV3qqL1z+XsJy9WFoNxOzpZRcCABawL+n8k5VBvxJ0sKthzjleZ5uVGWAbF4DEisqULfue9uyxC8/Ic845p5DE3yeyAIQnALYehz7+jj766NNOO039fCOqnA9Bn4O+gPtS1Emm+LdcnpXGuwKw8D796U+feOKJNPRmXZ38K7oCCUY5+DnmmGP6G8A8606JrYhmYexUM7CyC1/SDH0c8wNcS1jFXsRvVjK1TcUSmxLwIzZfz2pa/LYsYHVxyDUDPQ8yVgbIeoa5j3scWCo0oSoDC0wzKBaY/tEhsiQ2V4xVujq77OjtRTmknRU9Q7Gx7Z6iwQ1Fq0Zy0uHpdCmBwHDbx3VsRaEcTmkLIiFICz6nGgDnCk9jlgmynO0T7IhSkLhMDrdrs/SsgCWfW0McgFKjipPbYDkhAyB48YPxY6gipvQGjU5Og3PFypaBRWJI2aWWCd5a46rALC0qJgB4NyD/meQ5bhZY8i209M9keP4DS6ZNSVr9o8cYeoUy5aTjaVqXIVn54A3h84MDyMl4xouff/GUrqYKIDAeuFmciUjUt8jxclLkZHxMzNop8HgoXQA8D7jVyfAwOkH+KZGN4LVc9U0zXFPBAyAAmmA4V2blgWfrlhBLqK/GtqIAih+fYrESEg28JSAFwxsB2Y6hDBOkbrhTg0earWHnKIDzhTtupmhMDe/EdQwdQJqOIZ4m3lEViQAaOuPAzjXu4NM42jA0AN2ZLWprlAHwTPLcupQ4UixUVPjEvAQ3S8AlH8Y2kcCi5JRDkEhypDGZIRgnNKuSqJa8d490kiNV0Wpudh8ZrmxPiz7OfLJ49vQF5iuEjMhgHj+ec6bIYI4KExpfxgD07nGfMj59IAmGlMwBmOSfTOMrxyPHc1EAVkHAhh5LpvLvcTX+6X0e5RbYEsBMRD7+Dz/8cNyjTjCcmGUC6UHOykKGxSkMskNuVo8SpAhpTSmSKx1PQKVOW5PnaOEdPLNkUxmSgemZa/QMTTExdJhdMQKwCyRCq/sUJnsuysbxxx8vZk9cGzzqqKNs0PZtENmU4RFHHMHEQxrsuc99rpwcd9xxaWzQ9m1KKngmMDFFCdYnMqUALGe/strG9YADLDZBprQ6GENZsrQqyHDBm0U0ZCuKWZwSK4yCEVj1pbQiD5ZgSyaYZSgMHo488kjFsikaUxLVBSGHSNIqh7xJrAjjNJAA9CHpZRt1WzlmZOdZ8nEaF1N3k7PhwDgezkbc0HkjO3vkzuScUlM0QzQdVBxgeHp8C7e+UPDlPeKdA3dN4PRm5+qJKOOUYAU2TgZMQIF5xruheqsm43NbgUVLkwlDSK2VHmZMGgLg+WwVmqX/3I5tU8HG/5iEiSjxXqdwU71U2QVuFmeyjmVF2c7SAJKT/1YMg5tFCUwCzJZzkh4+ynY8xzMByySH4Ru2aAC8YMgM00PiESWuzTb4NJvt4NGyM3EAGosa5llgBGtFDSdyfIqFZ0I5zvl0EFbPhjU5Ixt8qIcWJd7Jwg2dLHKnLD0hGgDBwcQdWBqcnMkc1YTOr4PMypEnd9mScYb0YbJC5Fklz60VTx/NcqbIA0iPGxZ/YGSIyoDH6gZPkL34Tml11ywLrHJ4pFpq5ltHx/sE1P0+ZfD5L/C+PHx64pHvDB98eH9eAAzYpzDZN1YmvN14441gPgoJPoYoTQFYJZPAVjTLFRN41NBCprb7p+cqt+HzDzz+gVsFmIZnDiHtgsC2Rdvgd77zHWAwq1iiDpYo1BmQIkKpc4TIADjZlD7GzQZDmeBjgjOhdAB0v4WsKxhh2MtVV12FX3LJJWLDhYeL2Qc9jI9CehURISIYihnMRyQYsL1cdtllNkgjG2Y5DE+wTVMMwcoMpXsNUiSUZEKH1kEVqvAIFqLnc6pAbwvweAIq/3ZRzHKO01idISVDi3LIhEygZCgMQ4Zg1qIxJV0CKKulccmltDbeyD+iMTXkfRN3s7DC03TLdGw6VJFhx8yRI3cO5zTGDaOZcmiZkONhhieguQiYdDXEuxTwYNEuh+9y9fOv3vXPd73k6Ev2/M/2vPGxNz7ouAddcMQFu/+T3a88/srf/slvf3LA6p9JYTWUf7cVfe95yXNPxROQKfKEAZycfgmON5XPDT6YtcWWYCrP439MaMYEGZL7eityN+zI+Q+zQu+IPGWAZUpnNjKMU04wS3A8MFp6jvO/AV5GghLwDc+tOLO4IaqRps1Grn/MRoZRMj79GWxWJOCWQw1LWtle8kIirB1v/nUX5IwMR/RDaaLOVNyJo5nzNZwSR6ZowJIHHAUeIbCDTOjloMs2mYA3GwFvGJK7BGbF7bCmBtCOhlMOGaK2Xx620+rRuqZ59C6fwauHrlxPFSNlwBUJ9cXQj198xJCXP5foey4y1dAU3g9hmJD7sQYnvJn1RdKHi+H83AY4kw0wDowoW9RUPieYpUnOEWHDf/FbJU3+Q7YQgTcczND2IWtKCakph9LEIQk6mBy4HMajAVMmc5IcjBMeLG3RwihO3Kceje8/UfnyE7O9iNksngBPaQoArJ/IMaFh3iykhCCCPJjCwcoPpSpTFkbx2I7wyISU8PRMgLkli42+c57QlMgtWhhkIeFWhLcKbhiYZzzPwjBkCECmQWIoEola8glvMh9vFtFXr6gnKz56Muo8ODAdqu1kqiPX2UPJHd3lEZ2DOuDBzBB12jvhOH1nnhJvdmiXH+7y0Jse+rsrfrfXD/b69SW/3uPne/z2+7991I8eddfldz3ilkfs+u1dH3D76k/BQDKM5h6hdPUMpwkQGE9o0SWfwAazpPEfB1hygA2ThvcGjsgpyb2b9jrVDZu8NFmh15SMT0jJo8cN49ESvOSBI3LDFh0+MJxMGJphU0tw5slRYHyoNqsPR26YZuQIAM9JK26stTFcwnCUH5Rzp6AT0dHojAzdh2ZMHDrc+doAz7BTiSePJlpDVpScMoCjPdwBX03soEyQVaKGDMmtAjb6aDkk5yfYgPGhGZal9Z2xopRL2prYGW39VC0+eUfr2a0fuKEqNA0Ur5YElDB8yrzkpoZHS29WTx79YDaEMVny0YcZWk4t+QQWuY9w71AOdt9Vvsl8WvlwxH3q9TJVirbyuiP10Ya8U2oqzDQKDZ9t3+Xiy9J3HvJp6CNPGOLxRWiqMHrREyeZEtHghogT3NZoyN1co8fZ4gllID5pzDwwohcbTUpIYeA+Tw0tTV/DtLu2g+jZjrc4DYHDnZLZDMktnZwetUrUOew4pZmlUSZs8XVQd1OapX40+Ylo4iMMR7Po0ADujQazpGXwyXiUPrr/zfff5+p9djt7tyde/8TfnfG7vX6y113X3rXf9/bb9cxd971m3wee98A9blv9deooW3y5aP7jKMCGgDZM1rqd09jGl8P/IFoa7nRdww3nGwD6oS3VPzqSYNt5wlLezqPRRMvYtse5Ja2nmk2ZPMrhY0JYIpe0sllTcsrAYxXfoKyQzkerE7iDGpoaGTdcGi49LGHxoQDJ2wEFtnzCTajbDTvUuGH83mhM7o1H9xYYPXlmhygHgwAKFY2801RHpsBW/+dlLrWcRu47ehel6693zOFp3LxodTHvIEOAbliX/k5NzKKEuKmeEJng9NvBaPwswaPBg8Fngi9NPCEyTD+YtdGWFZ/IxsuJPMSXBVinZ0XJODCB4fA08bXRipKXU/h2TSRUruKixSd+0cbb8myhrfVUDjyy2cA4WHxM8m9oXcJwtBHS8DHBeRiOABAATf57TsdpzBKCjQmekk+8+POPrBgfGuUyjZPM7TT5306Ki5yK+NDGcDs5RZ2xBJS8nW8fIjKyyshDAaKG+Pa7aTW9pnvTo1EuqamoIT4vglGaJfg+DDf4zG7QdsDwjeF2vhHM0BKGwBKW4JEJ0Sg3eMJSTkDb5SXs3mg5mzwawu/tsWVnDpiQnJMonzulchKfz77hG8RV/lHy2v3dymgOzgaln9nVAdtBS320PJirU7qm0WzQTG0YLim3G8JOvf3/R+MzWmpW0ztoPXkPJGq4euiqwfJTnez7ffcdfz5zr/XPbB+9/jtFj93xT+3Q9GPJR6x/KkuJ5meGTPB+PDgmpvrxJsP1DzhXv9xt+RNRsL3Xv34gcD8RhRkw28AFkEk8ff6BcbT0n8n2H88KJnA/C7Vfey8b6yztSNO6EcsPkrGShvfDzH7+KXhDecNpSmOAKBNKgrWGpwkZZoQ4nwRhcyvUklz+DVH5sUF83/VfCnz84m8T0tipWVwqEEEeOKEEpuGTE/HIg3jQxJ+A2lSAwPxM/mmEFFEWIc/449b/KK4w8DQWhUG1GQE3Wxh48QsS2BZoCDBiQAIgx4VEI0uEDS5pJRCvcHEFJXSVoKk1cj49tiNyD/V5tC85okcjILJ3hQ2+NbemlITtsNEP3xh6KYkXEpM0G4YJAw62HYxoGg54eK87vQAF26AB8zzgMd9uMuAlHz0eDGWbks/8zyozu8auaDyMycjNDt8YLoOh2TAZYfiAt5ssiTIBLD6w0Rji22kqO4Bly01/4hFveGAyYVZH5IZyMtzb8AZfmuSKz9bCOx1Rh6VTs35ArygZ70zhhvH7IADknA7fflRHiDeFM59TvHa2ogmjIdoezMxuwO6N/2NIQoCjLdUOGuXwFdj/ZbzPESXBlcHQd0Z/wuV763/B9ZprrvnRj37Un235zne+0x9Ewm+88UYcwdx6660333wzoT+7dPXVV9NceeWVZvsDPt/97ndvuukmhjesCcyQ8vvf/z4Ak/5sDvmWW25hzgTYEsDXX3+9SAyBmfAJELi16PuTQZDwrPJPmX8m/APbBf+c5DD//akfZNe3rf/ApCToP11YN+MNhyRKxiAJEoXbr+GPd/z9q9KIm0LA5EzwO3f8sUlTPgHjAHgkEk7sEUaEhsvNFr89mkK2aQv9galLL73Uxi+66CKwiy++GOyyyy6DNAvGHNm4PDD89re/Lc80gofpB9pWtCNx9qP1BGQWDyDPQsIZWkKclsORIHFTNBblX0jk/iCYtXjIRFH6c1JkgrB5Exsu5qkyQTwA1i2S8hMXHi6By2SWZAJebysZQRHJqknG0epJu75ZOhXOp/OMOuHLS6EHOW5qeILHPwEnewNYcvp4mBFS9tKAAyfnZAlGwHgArymCgSHPO0cwRF6Cx/P4Nzv+1xYrwRQhQG+N3nKS0+MMCWv3W5ShnOBL/+nDRE3lOTAZN5Umw1U0OzbbFBj/gYPhZnGAqGFgMJHnf7vnaEwmjA3w0mSG8cIQUvLoB4wAyHmbkJZOcAB6RE6o5XQgXn1xynhEXiqB+SHnrRVbfR3IKhIB4F5qDXFT3mVxr7A0AiNnEhUJn5yj1aNj8Y27fAavnvkLMjU8WsrI0HEjdO6cR4fRjUdwWnFyD6COKj5C5zeeyfJEo6VnlIzDEHCYpUxY262Uw7sT4oERJxtkI0MN2RLiTEY/wviRt9VDV53qORmvDKrSZ5OPkqetf9X5s9a/za2/xXH44Yf392rwA3b8lSGz+6z/GQqAg9b/TmF//+eoo44CY2Lq0EMP3X///Q855JCnP/3pBx54IMGQ8slPfjIAJ8D89JdYnvnMZzKBsQQwnwTD/AAcccQRVhES/9bq76JwKLClf5Gbyv/RRx+NM7Qik6c+9alhEI347XrVqjv+QCleZuSkzBgiU6ivNLnCfZzh/dmlvuR85wH06RYxoc+E3JdihtYFZtI3KyLnobPROclQXQAELFeyYRdlBpdA9eqvCfWrCXGa5z73uc94xjOOPfZYqZMKZCh1EtVfSaqyEmgLctvqlrYiIgiM4LsWl3Cz5Z+5GHCrSDWZORJbvcEn+TnPeQ6r448/XthCZQhjIzrEt6yMWRc3awhgeMIJJ8AwtAueyeIMZvsyhmRVYHIiqvIjV6KdVEsgAsNN0XQruVmqMqGbpUuk49c57/B3woebGu7YwyBCz3jP+zjAcIA4EwSJGxJwLxBMcGA8fQ4DR6YMe6vw/iFOmDS4WRirBI7yBgDJBM88k8B4AiUOZqo3GK84eO808waG4PGGBZDn+DKkkAkztQyJbDYwXiQjtKgAgAup8Jb+o41gBtxagfGcj0AZbIIpvAkmZELKpUlrjf+QaGmST5UNTI+bwk3hEYAhbkpleZiWM0tjihw1rAFwPimtZVgwOA84JRItrpqQfU54J8a919Kkh8HDm+LEEvnvadHzY/WkXVDPY8dn+R6AO2J4Lw1x+gEgANwBNNuRdDzxZHpn2SElIEq88+sgmwoMgBtyQsD5xKNZ2lR8vfLmxzGiDExYGu4UvEFtfzjwUjNKQqsYytvq70FLsTbFpRuRSyhZun1qsDnzzDPdcV/5ylfckqeffrpEnHvuuQrja8klqFSQrjzfMTrg/PPPB/ja177mbv3yl7/sgmaieP0zkL5yzIrAQq7jK664QnX7Ny6A3apf/epX5eiss87SN77M+NeRyi8An3Gevuedd549nHbaacC4a/eMM84A8CHlatZM1UCHuegvv/xyIfEJ9oUvfMGdzsTq55xzjsvdt50bXACIwL9VeLB3q9ugXjRlg/JTR9Jwbjt1MzCkjeM+0SzKCW6bHlFmIRFDTaPFM+EEAGdI4xjIBg7DrYRrL1Pay2eiKV+NbGXbN1+/3UWSmZuVN/Xi3zPM56/HqmLJximnnMIb/pKXvOTss8/28DPLkJXzk2fP5gsuuEB65efRj360nHhMqgi51YUkEs1gd7Lq81QD+Dj2TvP1r39dtmXeKvx7imsVW7Ydq8u2z2ieK9bnPvc5if30pz8tdSorYB+yUmo7zGsGWVIsXSQMlQXmRMvJxre+9S1V0Ax6qRtBTSVQNcUpY/zYl2hx6RWDEliRW8cSEYpNSDBVlhNurduFYiHhkWlsVpcyxMmSEKcZ7tibtTtcrgwFH7cpwePb3wA4l0/DlGAAgfH0mVgCWGCsTBnaflycMMBpzMJYlxXn1TdvAHH45FwBwwA7uQS5wgFwBwFMusDIo89QsUQ1Q4Y8x8FoAtNYQpySTMg/vhEMDZPiV1mJlWdFMcxbwQxvxVa3Wc7hCQWD8yzyJXj8c1veym0mBQOMF156GCY6WVe0XCYATBQLOBP6kgksOcEMZ4OBcTAmpnAwszWbXdPUbCIEmJajp2FLRvA4ZMrAhlY0LEjrCh43JXglpu8/APUfaxxhnEwz/2EI563KCqPl5lGRnyE9KRKdg5gge8eVA3e46JPjZodoFAJ3ZeEOryPZG55LRg84mHPNwjuzlGC4UwwWp+eHEjeUKN66GXCG9LipeOsWUmEI0hKZDCA58434Z8sRfeVLRjDJ6/nVvw2HU9LkB0nd6qFbZ+DSjZRB10q3Kfe4B6cnpVlfkK95zWvwk046yeNKMVzQkHYrQdzBeIhScuJSth7+2te+1nXPGyeKrbqSZauqKF+6wceNR6NecWsD8yw+T1ZNAO/LiTca3iwk3UISoa8oWwJ71atexT+Hvofc1PwLpl5ROZ3HuSXExv8f/uEf4gVmStuZ0lvyq95tREioc6KbOznTx7id8m+KMF0rS7g9SohHkTBocHtkLn4RsqXBPflsqtYHs1yZwYVkSvCCkSLOOxu2FlhUnpQEq1soPbzy82N3pujlzVCxzMoMsqgPXG47EnZty3YkZnjhAb/0pS+VWDBOPMyY6AE7lWoFEox2pPRcV+VXv/rVTAB8LgvDLFeGjof92jUMEoYyGSrTW9/6VmBdKO18ciVdnWclaC++mKWXydve9jYLmeXW6sCWgOxkQtqIpOkHS+DyBkOPVxe56pJC0mUKUiRmbQqeniB7wu788CkS/u200245sk3VJOQCwHULDHP5BDD0pI8DxPuS6GVL99qOVciCWb6B4do1eUxgmBSbKUt4q7CuNwxxwvzkfqtfnEL/ox2/UEEkUpQtJTATq/RSgtNwhQNLBYGJJcB4yFsvgvM207qyylASVIcgk/npRWd4Gq6sLr2UmsGuUw7AZgHM4iVBJwjJuVMRgmFgr1YbvM3iMi8Pkqx7CyZvvc7iRY6b1eqsIMUjP8DL+DNpRXomMBWLXqKW/uVE/BnS0AtYQjLR3nkIjLdZHICJKZxVx5ZsC3FKGQYYTq/l2OKG8DgkTmn7YKZmFUPhKZbw6MVTob1hE3wPSEL/Falvg5tuusnxt33BcFszcEJG/CNJQKaGhKHNOEcMcYklqHh348i4qThDVmS3kEJrUdwRFl6840mPWxcSyaejqnx4MOeaB6eYuZsBz6FFBW91Q4aQcUvTFIaQCHg0sTGPU8b5wZcm4m+zO+UIZjgSDJ5tflKunqw1fd2gJA6bdKdXlSt3/F5xm3/ve9/L8kMf+tArX/lKnyBHHnmkjx53JVsBSdl8iUrZJz7xCdEz0eW+Wp73vOf5OHOnK79E8KPwLmVfPM95znO++MUv9qsDhcX/8re5eeqIx+ry7oPPc2V+IQEn73vf+6zlQ+r444/3Je1ho9vkyyZtyuV+8cUXH3vs6lcHgr3rXe+SoI9+9KP9DoBn7fi96zoYEXyq2oWutXd+9DGe3JWhxnJSeQz1h+3YCEPch9oxxxzzne98x3NCZzerRbQsV6x45kejS3Ufr2DiJHvi4tJOKQlSpBA2IqWesn1Dy4ZFL7roIofqG9/4BqRPT83X0VUI5VCU008//RWveIU0em5VLB+y9EppFQcbXmxsvXz0Cwk++clPquDJJ59sRemVPZ+VAha/LTsqAmYlAH2vvp7K73//+wHm9yQqVj/2EIli2bWYvULx1m9f+NM//dO///u/X/4eRvty2p0HdbQ7dMkll7A99dRTlUmx/vzP/3x+tZ8HsNXVyFWilC5l/u1d0tw1uAjtSE6klyvZk0NTy2JJtWrC6Ch4RefNil0i0m7jBFVgyzneCcc50RvkrgazbgG2FQvAUFRdDWBdEDTWJcNr4JpBSIaUpmSMyXCaMQGWB/GYEqfhvIGJEwb1zkHPuU3RwMunISUTACbqHk9j1loWUm57N8WWMoBXZxqcrND0TIBt1o7sFwmPf0ubsihDXGA0uNlMNA8rHqQdN8WzKXrmE79gzMpMJ1dIxZk3JsIgF16bZWIVd4vMGGoMAFNts5BoOGGSf25rBlYpAxR5wTDvdY3zCYlgCm+DMpP/9pIreMVCiqU/KU2N/zgYE0jcFKSQkGzQ1EU4wPQPK7OQNIIBFj89Ti82JmSeYaq4wGwBmEY8YFZ3E5p1PSpK3wZexMF8k+DOglk9wEpghBZVC84lDSm6vuKQgDsjgnFpMMGlVKEdKJw5ri6UUrGduwxhLNoF68boynVaO56yYdaiNugsG4LRDIwhGO4244og1BZFHIoEcsmtS5gwkLDtqDg5KbBkPD0TesS5/eL2+3t55CQackKOG8rb6qFbN+DKTBC9AtitKfXwgaJgauMbBcbdpww+R0w5CR6ihrZkA+l1pNYM7JuJNzcvh96nPC81rozIpoDsB+aoo47iRwd4ACgz/1LsOtYfrGRW+UVct8m7CDk3KwDg/OsqEfJfx6yvhdWLm6GHgZDMehvg34OW/z7vBCN+kaucqAQjJO0oHr3LhDmYtPBAb1+4hlMq+RESmHjAAHLLZyZav806IWomHhuhEYPI8a4Grx2Z2KySZ8W/zcIbSr4l8GC45NDbjiRYSAyci4rskS94aYEUDOT6a/MJ6sKJlxtB2i+wElhO5CeccIJ9lX+b4la3GcqJTdEgncC5CAnScuKJJ3L4T//pP9UbMg9MEJgjoau8VdivO0KZynyCzItBVAIWEpmJE8VnxBU/vMEwsWUhMQRWJlY+rDUu/xVLC4mcf0XBbQ0YDKeRIkvYpg5BUkQp82DWVRRCuzNldWnhXAPYvswAtJAIDT2ttVOynqQ3q+1x5gxNyVi3RuCuBpyeBhLXM1JEIz+9gfVB6eWGEu9moXfLiMFaYpNPMMF7n6C54YYbDvjlATC333X3r/Yz6w1G8NICo38ordiLSJ84OLk/rWZWcixn4/xTqi/PpvoSwnnuncasxDLRt/YLI7aWzjMYnjmuBPQ8y4DDyz+wihQA2bp8MsmJ3SmH+IWtIgRDgKX/dsE/Pf9MJLN62bLY9Hw+ewNrrZwAi9xGdILM868HmJgSAJNWAWYCLFRVEL9iKahEmeIfGGDpn6ZkcktwssRjqNkCM2yzOM80POtbYP4Vl14zi0RTUVpO6eucaTO94aga2rLLgQaAoTZjQubZ0LqG8i97wuuMWBH3wipp/fcpr+aW6M+rerdWdzuyU36EJKX0IqyBrUVjoU4HGAFMJILnWT8gUaEOWlzSUqKOoeSw1Tn20jUoQlGJ1hmnFAlZaegtlCuCoXziTJh3fjWkGzLOKhPNQwDg35UVQGk411oEkcBw28EnUOIc4vD0bEdTQyKGdr21n/U3K03PguTZ8nD5WQ5x6Vop/b8yq6vCS3S9YpreDa5CnounrX8vus9K3yv9kvm+dPt4ghSQjal0X7qKdMopp4jJx+ub3vSmz3zmM9s/bqwi133pfulLX3rNa17js5j/Pp7OOOMMD4/+M2Qll0rN4RF7zjnnvPjFL/al60vuPe95T7+NzpeuT0BXti2UI/3nnPSr/frVeD6e3v72t/dL5s8880xXPP9qo5mQiurXToteJ+tjK3YyudLZasAt5wRJU+yuSBsH5g2YiWeGAyBgGFzwtqCKZuW5bDuHOMNMpNE1J428qR+w5QiUNrW8B50WDyT7AhaYtFdE58TUEUcc0ZeuNMoP7ktR+fqxhFUsCq81BeDZOb8k/y1veYv8+BJVi+c973nOJ5hdaER1tDs9rdy2zL9W9g3K/0c+8pE/+IM/oJkvXQfVPQsg2r50X/KSl/zDP/yDzO/0S1cma4Y2deyxx37hC1+oWJoh/75058cSLjXFUib3hV0ok4rj8lbr4l5HugelupOjTDZiaCPdU4R12bf+m66GF4bOsVnUSe7QqoUm4a3TLuG4WYfTTlkZcrg87cB4hmngzfKmakIiyFUXDUMvHGA4Ob2dwmsAgZkSJydKbMo9JU4OH/6w1ccfGEMJkRnm8PwHNuUIM3HQ4HubxJtlIjOdXP4NwUxpdTCcOQ09E/FAdnL1P2VL57831MC4LUivrc3JlR+emfCMCwZnkqb4+RcP57YATGlqeSlbiysmwPzDyL9dG9oOMB5YHtpsScg/t53cQsr/BIOnEbZZxwRvy6ULFwxAwSQzbJZ/malzREXZ1pb+eaapvpzT8C+qOochJziAzkmGV30AMnDx0NSB02Y9rtqswGykMy4eeqnofvDyyrlTz7lXW7JDB+xxXrGcBbGJH+fZotbSTtWdgCMxR1YREispxb1dDacZ4pBSjxHkX+2s6NiKymntGnR+HVKyK07khoqlz51owQCzcn4ZAgiVvpcS3JSTYiHNIEhTPIMFpgTAWQlAGAVjI6zoDbu14MlxYLxZZNYt0XaQDdLYOzmeZj25JcsPOWW8N5Wt/6Yrv5KrYLWOMtgtX9XGpW+q/xrqQSgCl6ncaT7NxFyUliGoNyXBoxcYf+Mb3+h7lzc3bB8l0iGbusGutJQO6Hh7BHLi7hYZQ0i94uklsLan8FIsNnpWnLiI+WdiRfcs/zYiGKlE8sgtvfh1HvBb3/pWYK58QuknfQZvOW4LRskhLYHPaaevm907yg/PuR3Jg9horC5aHIxGK3eKcCRRkLamG2AMucUB7IghTOecOUFg/EPaoKEwTMlzMBxMSDSGkGYlU4GFV7HoJZBzmzUlV3xKjlRYzvaVWPwSxVbaq0v1VVnZgPRkshBzoXaAuVUI63pJsoonrge8OKus1RULUn/bLz1l1xPPAhDMX/zFX/BvX446hxZ1ljq6uLSri6UtAQagZPLJPw2wKRF2zMxaRflYWUKoNBVOnPKjCma5lXabtQRlfU6wKSGJBNmj2U6Uo4g0A9IMPZvJFnX86hN6shjM4pLJVldvgDvnZHocgMZaOoFsdRnmSgY4wcGS6bsy7Mj1ITYmpjjpVvI2duCvDoS5c9fVf+akdxlBwtiCLZP5B7YiMGQcmAYHYCItvEkp/5SS7E3F1Hyc8ZzGrNRxKHtaToRiMwQwxUkmgXEAK9qsTXV4B7wMiWEawfDPSl1EZSNq1BtSYD4nfq6K304VS5KVIDCeZ2nMf+vSaxIp7flhIe1qigmfecbBmFidHph/meFKSPkRhikcjP8JBpcZbm1ZW/KjCTPJMxnnmSEYzha4zrGEoc7hynZ6TpCnCQFwBG8LhgAMg+F8tgo/ApPMkmAJAE3utd6hu3bHP3FP6Z2Y7GnnOlU+m4W3X/Xix4ESLZ8cSrKl6Qk4UlAkmE4u0hXWUojhaXBEI2wwghJrHveDywd3ZvVqJ7fjSaC3VlY0hl2zppSPOT1OpmFORpo/Pc+scFMddkNFJEgFAQwXXkO8KUvg3ALE0yPB2DLejqLZZnowPBkvLdk2JV1o9dDtmqjABNWyYQZq4BxeffXVBN+dLPsDpb4azfYl6tNKewEIyP69tug5H0+i93Vl6nOf+5y4v/jFL8JcfPHFLmsVtR8RWMsT5YorrvAR9tWvfpWGf06YSF9/uliXuG11lW6wdF/S3/jGNxQeDPizn/2s/Xx5/dvufCd5fuskyRKtxnLpX3755X2pg/mek33xM/cFxr/+UxX+hW1TTMSp6XGnBe/odqS7B4XNuU3RAJit9SVQm+KZ5woB2w7/yKzcMsE7Wp0W/rmVGR3ArSpqF0uLVhgFoO+Z4F0KwHrUabGEIuLOiWJ5xfn6179urZNPPpkf3JeiYnnmmVVQHuw0zx7SF1544fHHH3/qqadS9sMJ5ZNAqbZHqyglpRhsxNFVUyYS+4lPfEK0UvrCF77w7LPPlkz+hWQ79qtYvj6tpVgyr0xW/NjHPmZKsY455ph+LCEGTpSefxnwLf7sZz9bMyj3hz70IR/fVsn/wQcfrFjclkMLsRVMV4M4ZUCWyOVHYoFx/pHUKTR9fS4/ki8Y5O6wdyQMGyfQ2LsS4MLG1Z2TOD0uLfQ4K/3ccAnDecPN4gBcIVuzBCfdF4IEEBvumkhuFtixUlzmu712t3NOPOf+f3H/z+/y+Ue98VGX7nLpQ/d/6Cd3+eSer97z9F1O3+Vtu9x2wW2PuGP1L9VwzoR5V5inC29eQXAyDX2zllZTSxDkjRKAB1kFw8kM6Z1BGBnjxH7HP0A+M8kcB2ZiI/Igw4TAlMFkg8xbQdq4Wf7lUNIcz+3xZ0KTKyZWqY7AeTAFDAacITkwjEi0oiX0QOC85RkHY5IrzhETKRr/fDJZJpNhoeIy6aRQavuUrZJnXB5wU8zBcJ3GKiVuxRpAkGQcjMYULi3w9R7OfJotz60oMMvJDFk88ilIlwOl5yu3bl1TrgKywrG1I7P8aE6CZuBcSAKwrqQhdZcKnM/VaVm3GRISYjjcjpYc0YvHsbUFDh3Auc2c3LhF3QBkpKZqZFEeGjLBYThx0nmjT6YnC16xyPLgmNPMYQczZIJgxBC3l+UQDwA/PE0kGNxehtojSjYbb1aK8JXlDj9lbPXQVRXZF6t0K5tQVMIe4FSL0tXM2HdGf/XTHe3jw/bIaqN+9gbAgzq5joWLe9Thxx57LENPRN9bfHqjkVkrqpxE1Kz82/P4P+GEEw444AA76QuMf5HYDP9aR8eIkIkwvLsBk7liopwaTmFqDvXIHKBomXgqeyzxrMyCEarGqpb8A+O1vthM2X77wjsAiHN7MWsjuOYwRQNstmaFN4uABW+/iIzqYHhx5kQaCZwgFTHLXE646mzjMHOAyY6KaO1LtKpLdnIkTYqk2tY8BWk8q5wu36A2biGyYKzLj3ZUaD5VU0NI4Ate8AK5YshJp1HmBbZqlPvf30LcWp1/s8AMca9BZnmGJ+h1kdcYCmQ5mT/xxBPV96UvfalIZJshnzZlg51e/cODYIQhUfjLX/5yC3ni8g8jJHkw1YliSLBE141C48ytK0LI8mNfdi3VQlold/G3ddG6Gquf364PzurkdDwiucX1Nt6hxfmhxzUMDc6DXS/BOEBgHGZ5NViFAEOJ13v2AhBXl2aRWeHZ9S6f3OXYq48988wzpeWDH/zgCf/yBG+lb33oW8k0XrMe9cxHXX/n9cCIB7YlynHjzQWH92pI06xs8K9AtpAysDcVhnEmMHEmgrdZMKnOxFTg/KcBNussUEqCVAfmoQDaMrnNFjArYClqCJZPfOK3FsNcQcq2jNXMs1mcMkMyfQ5xkdhC4ALAgTMZTcEA6weyRkpZADtNJjy3MqmZA+MtXU2HQzI0xT8wjWwYEliRAeyLjNPTwOOGitWWccoajMwEoGAEZmlBCl7nGCp0nw092/oIphGPwuHAzgWl5NhCkeOF1IrWsgSOeEaCQbag5TpHegN3v3XXLbkp4Gbn0lNBsZFxsoYhE+KQM8wEgFK5cbIpsimuCDUnvXrh+TSV4fhEYLjAElBTOE0cXtiU5Ej8bScaue2PBo+W+oTStfrBmiRWOVyKFcA3hG/W6667Dr/yyit9slxyySU+qnzi3Hzz6hfMpfcx9N31v4tEQKZ8CbH1RaK6PmHxDH2DmqIxddVVV/kkYuizxoesL1FTS/8+iHmjF4BVIH1Ps2JrCHzZZZdZtH9xCSfzL0j+OVz65wGYt/HPhGcypPAM61R711g1tyGu5+SkztOpeBjUAagF4x2AWn/aFEdaQa7jOpUAiQNkCMNzhsgZ4AdZ2lB4MBMG2Bxgs/QOVSXzhSdFEmjj9iUnlDZLI4GyJC3lkBJG6uTqW9/6FqXvUQk8//zzwfoZFJ+WKxjhtRwlAZIALLHM4SVWwmsVHqTX0pJvaUvgF1xwAeV5552nfAJjCE8PXOQMARQLIM8eKpT881P/MLEvl4XVbRwJTHiyQZ7MpCnsVUIX/15B2a5kSEWQx63j0QlB6zO4OmlOHaHT6GDTbJzJNXDrrxwEGz4whjRdGTRxQ7yLIN7V0NvA6Ifgu1zcI7g7RZwwiOHMbqF3fHY31dXTiyBDck5ghpikXILHpFkwnE9E2G6CD3hMolGyBcOLnGw2PiEFMwyQf54LJn0YfIjhgHH+NzYbH/D4xwtmQsJ3CsYnmDzHYcyCjYlhHICS5yU3Rc8bbhinDKBb4jTTOTgZkeM1mDZoKnDBCM/SeKQ0eJ9V3kQB+jZIYwpnGG8jZouwtaxiuXmoDHVqemHtKLnWyN11aGQcuf06dw5glx7uYNIkdzAJa9QWNWwK58Tp5m008cxNERxzMm6KZgxRkaCRE4aLdikTJn7CBrXxJUfbkWPuabv10JXQsizpSGF8N/hI8m3hW8TXKu6TxbutTxazyel9nUD67vENZEgGMFTp/pto/722b9Z99903t8Aw2eYnGP84GZjeLBNgJoiJYSEJQBj6pmDyb8Xxj7b7x/tcW3fj6oLQYfUxkofk6eMyM5p6PeRGI1J2AHISoFl9Wa6HlAdfte09/ysIJ4g5Uo6K0tHFKYs2bq0OBmojBLC4KRsk26/ZPvskSpbkRxpx2ZAKH6AS69PTFBlG0tbpWeUHcTLLaQ8a+ST4JgZmAq8KFZRGnpF16QmKggPjvlzZAuOBLSo2fUJjqI6stAG9j91CohEqgGgDW91+kZDEIzxblrqylKaA8REoCVINWXWmNCqyPDNz3pJxJ5nG6Y2PfqhhUzvlABGZN8KSuxrwrobRDzExhc+dIgwYlCZMAgo8JmDLCyhuNmRCymBuwDg9TbNg+NBylfwvV8kkDEqIg21wJqZyFS39k/HCmGCaxYcGzOfwNM0OR6McE/IEMzxwQjyfbXO4qaG1xRY4wIZ/3BQ9IqOEAeiWnYLpEc1wyulGMMr2ZV0CroJ4r5s4pTdRbuM0uCnc1PCIH5xzQmsNb/WhbjNHaXWdrc/UTvmQo+cMzjHEAQybigy3pB1ygLiDTIMbxjlBZERwzAkd9rjh0hWOVtHs8JkGJcd3Gn9Eidr4UFMbhuuZLSpXW3+EJCJLosxWJN8NyuZDiuzbgtwPkfq5Ux89/SjD11gCAu7jjAbPkIzTqzcMwwR8/Oc5E5r0gSPgvkrjG8FkAjYm+Q9cGK1Co70Aas3poS6yMpA8PY0bTs8NbcDy1gHIIb6V3J1RgJwQWgURUE0vSLzWX4IH2fHowNhjnHKDA8hDCZEH5ENT9nxB+nb0sUvjmxUvpa0etRDihLdS5wuVwx+s/+wGnlsatvLQcnjgimWhalEkNCGtlbwsFjAe2BJmi0oAhYTKBk6Dm5IZnHId79Y9ToMbztQ6l6tkblVi8UdC0ByYiNxBWh6noaXhHNfhEXlJy8PfmXdT4MnpN2jDxFq5ZWg4+qEB57lLB6ekSb/dZAOcxlR8aKnEBxynXPKNIc5kNpv5zG7Q0mQJGzAhGuX4xNeQu8HILCIsTQLvVI8nLIkGOJNZZYOCDZiQ/1klzZBh/YMHaxdLcEWPI8qlCaFg8Eg54inx5HkOjT4e8RNHLafDa/KE7eT4OEoR2cmKGzpuhPjQUokPeGg5TB4NcNRwZhFXkQMep8QHNpT5+IkjsJHRen6Ttva8M9pCrDFb0j2pHK4euqSSmxCVdBoFaIiTaUZeQ7ZaZwREHtiGfmiG+VF1mvh4zsmSCiYy3OAJS3l4hjPFM2rv8aGdKofoo5G3K7dPLTFDA57ZDSG+jDZq+B9E7XpolaM1JceXsKyWNOsSAkxKl7S2Xs02NTzw8EFu0MrFusr5x0ezhdhBpjZomZmNLDXEl8J2ciq2pDV1TkZOQEt5g5pama1pqdypMJRmeMJQmiVtKLcP/5G0ZbCgpXI7YGP23mgAS9i6FHdXYWQ04Huj+7gBt6RtNCb37XlmJ56G90bLSH4veDtlsl7nHkJudxrzyGvs3TRT8e3EW7SUozRr1Kb5+IySBzy0oQm8Qcupe8OgncIqx7pNtoTlMJrhKNNE3RL4hh6lWVts0YZyBbonYIOa3cCsjVa0NV5sZwS0Csil1g/f+oniHuv/IEEz3JvRQ7b9xwbEEO8ORbYXT9P7FDDPDPFczY/7EgIMjMOdgmc43gaMj5PxHG34x4WE5GXZc4ZTIdQuUJp1olYUflp2PAzNFB4+PsiVzZrI3qrMbo0XhpEpqxcALmZR2RGhzBdkmGVs4yQ9DpZ5xYobhu/jz+cm7msSL7D8LylXiDleMDKcZ9wQkaUaVxoYTRWHjPfT73g1qjTkPXf8N0v8YTv+y6IpGt6aRZkgy+HLAIpwlZQdZC/IZuND81aL7xTQ1BJGJkTJSx4F5qohSjMCnpDn4WvI3TSajalsVy7WlJyT9fyKDKNkU8oaLM3woe1TG3zIMBp5PFsFH/0KvaCZii9D2ikNONhwyjGMRxtT22m7fulzSds1s9yYjLfAeMLQdkDDodEsAUs+XWSYJnk0iBxs2XLbaeLfzqOlHHUVzPfiaCJ4tBXE+uxsUPpgg4+aCrZ1SndcVkMN15C79R3tjcM+FGbDZIO2e8t2qCmwiTBKORwFFsnwJa2N7qa2jMirJ4pU9oO7fh774zXdtv6HMgi3rP8i4PfXf3PmpptuAiBDmqUBI0emaLiCd33340HmlDhAfwSG4a1ryn8/nwx2846/AMdDP7HMBDgBpwwMZkUmmQfmMP8T/9I/zgTSM2b5k8aE4VKBB8ADrBpt3TqTOzSyKQIYQPISOWVIQMl5wBNW/bij9bkqGKES5BP/6Y6/tU2en5fiUSZsi3meo5AMCTJg+7IhA2SCAhGagscD4xkiPjlsofLGkCDzvJVYmaeUc3JkSv4tBIbfsP7HK65f/7tCuqi60BAYwrM1VFOa763/xSJgmhvX/3gIJ1Wfnue2gwRTftrsRGv7hIg+WqV1cVmUdlRFOnKRI4ScarwTvp03i48QZ77BZ3YEHOWnl4Z5dWgKjUyIyPOeMUGOZok0jDcF5k1lCR7MCN5j4uMN326SEI0SIMPhy9kR8hOA51nLLCIHm+GYBC6YjZDQCHlYGo5m+FJA4zkZvw8wmc+NMNLHN4gSjKBYI2/waNknVTauLZOjkQeA84wLJs4DTokPGVaU4WBaYjRhAqPtYErLGZIRudVF2Ala3XQ7Lr2OGOp8oWCmGpoidxgdTHxDHjJM01TcMSd0zAlo+zFHlGMSp1yGhwoDZbgBwzdoqWxHaUZPGBm1XyQDSMbIq//7kuh7oj8m0weKXJPxPi/67HjU4i9m0PTxQcYTEBiZYZ81/UEeHBinxBHz+dM98HmO77X+KzHjn3nEMw1ulmeA/NPwAwAcJjAOQKif9Aqh1qlpUD1Un+HAOA8wGXIyhlGtNtQQpqYHCEwTeJ3zrYZb1iMZn1mUw9UyO2IrjEIqsUKaUOMJpsq/bODSC/no9V+d3Gf97+ngMkyDm0UcSiMYniEnacjlH0c8p8SZ0z9p/e8WPWH9z1jm/7Hrf+IDkU21XH9s6qCDDjL7rGc9a9999z3kkEOeuP63IdkSwEw9fv2vhz7taU973OMed/DBB++9997AOBj9U57yFDJbnlVcGOJBkw0RVqxSQTaFo9Ion3K7TvzWl8ocMNSRm6O7elavidyDvHM+pz1Oj48wUwPmc0wGjCiH9+qAg81rhKn4CLgpL0nxokVkswzDRIZ4U72oea0he1/B6ZtdY+8BxoEzGT4mkEOZ4Pnkf8BLE7QED2DpGYfB1/C7924KLJ7JaDJZgvOAL2H46ENumASQxuE0S8wIeD7LeXz8D5gGJeBguMoCLNsgPb4xDEwTn86M5sZoCI9nsoxfriwnvMiQPqVi4TUDTk/TLL5lsONvBFRZPJ+4KZo4orFoYRTbxiWWgEaIOo+OKgFfyquzuoPogXHkIA93tM065jgTyiWPTOHM8QxztVp+TeRotdLitalZAZtKRobRUm6zNG25IapGQ5McFGxlIIl9Q/jO8HWCRz4yfMdce+21+HfWvz69vwX07W9/m+a6664j91c+wgPgfZf4Xumz5ur1v9HfX/a45ppr4Bma8unDsyHP8Feuf9f95Zdfnn/g/koJsA8jkSBDhoXEJ0NftLiYaRiaZQjJBNgSwJTAZIFZTqvB27Ku0jR1D1nP4bUmTNyUntNVBFxzdwZKa3lMqPM4AQDG06B1Ie5+00lYktlxBd9yYiukzobgcXsUoazi9B0PekTGG/pAxAPLQ5+YpUJmpKJkkqUiAM4hDM5QM5jCrUXDLQwu4Thz+osuuohVvyRfySjVl09EoxBXrX9J/oUXXmjdM888UylPO+009Tr77LPhv/WtbwGou9qBkQmUGgaAqzPOOIPm3HPPpTn//PP1AyueBamgEiKGArN3slwJeIpIWWXx8qkoFaucO1SEjpbD1vFz9hzdyKnGPc7jppLTe8A7/OShpoLhAMPpB0yDDMEMe3XAmY8MEIeZIXBvXd45hEpINksfB8sEN2QCgPdSNa9WgcMg+JTbwb2BhRkyZJtJb73esQaMm8WzGp5JMJHj5DTNrn1vxT/BLEMaDcyGiWFxlhM8OX0OB9zQVEsPmD5uFiyeQNnSAMVfMDmBwcHQDHEwfPqHcvonjmBmiIPRVN8aEo+0aNQQwGyei7zNqoih8CJDejFDknGvxWBKlqbZOMqEhwBVlgY3hZcfQgGIZB48na8OWjxaX28ramgKOZW4Exp378V7ls8THS3Bhg64WZyym9x1h0eUOEAmS87WBUuIR/mfRdMEECqhmIe2drImuwYgxGeWvoTgkhMZbmn8Xw18TEh3WUbKr7QSiuRXciWdACbvvjlwVupEnyEiVC2z1V5hwDj0gULZB5CvHwLyAdTSuI8Y5jiY7578jyt+0LQmDW4KZ0UJmV6oYVANYSM2XApkcxK37t7VHpkwbON84iLHhcoVDQDKW8Rh5pEhAL2ElDFcAIFLdMVo6SqkqAQ0IRUkhxlanVtbI5RMSeO88Gy8gAEQwepyS6iaPjFt4YADDjD01ehj0ScmpS9UeZbkx6z/fhefGXKiIji9JQCq0apU679HpCKUTDihOeyww3yVHnrooT5S+2y1BLnvV0tQQh555JH77bdfvzTwta99rUhe+cpXHnXUUTT40UcfLSofuLz5Gn7+85//jGc8wxT5Fa94BQ8vfOELcTDmvoD7Mi4YkXRTTLHKkgxUUDKSQ7Wo6TtgziTuoMYpcccyWp/c1dHtsd0J93SPp2mWFW4YN2zKawoeGOcNbxaREROvCHEAJsNpwHAwGkQYJRNvGGKG5JNMP+8fAPAEvCnvSXgvmjjZ+wqw2ZADpjSVyYB7zTLLc2AEZtiUFyCw3vCY5IRDPHC2S/9gIi+wNGBmwRBbPGWbxQspOf9mQ2ZiOCYAZSaT8Q+GG+YfDxYv82R8wDgKPAEUjFXGf7MElMAP82qqDQBwehyAHodBCaYocW1GU0+SkS5FXRFR9wa8Wavg/BsKyVB67VeQhshQkLhIFAvAayuuZGmahWSCDHEeevmusjgTYCZm6QHIlOK0KQF3lQnPDeasucHmKuvyxKOOpBOKd8HijmoaQxhCPMEsDoA79ZRuKkrcYY9HqzO/42FhUXzMKYVEWAe1FQ8luUXx9EXePT8c2RdyUS9pNOuLfPWcVi8JWVdvReQqyCfY6mkk475CcB8uFamEyj5BhQh9KfoukXcfK2pAQ/ZZA8AQEXzfgBGY+yhRG55p+hLFKfuyQX34+nzhxDc0K1+6fProITNkwq14lLmozBYSz2yt0lcXDzh88eOGCABeExN0Rn2sO6XAMNms1gHAM+GBjJviCkfr7G0dgHXP302yWduJigCMdySAdaGqVLCKJ/XkKerUrONUtXjo6Ba/YAylV3iSIDyB4WYtigzJALYgt4b9JOCyyy4zPO+889Tum9/8pjz3L2P4cJR/6ZVAMJx5XGIth5d/2U6wLoApTix0+umnc+J71EI845dccsnVV19NyL/PVsivfvWrYvjIRz7iy/id73ynr9j3v//9X/va104++WTcty9bn8s+heFPOeWUc84550Mf+hD5Pe95jw/cj33sY+TPf/7zF1xwgSmehS0MUSGbrVhikyVcluwdl6hV2Xb8/SWFUKby39lzPpUAd8Zw5211WNffK8427mwbdh30bhdP45yDwSAyJQ7AsGd/7wG9EwwHQwCsvDfETeEMR6ZnDjZEybApb0JihrRir1k4jDchVohgCGZFLygA3pYY9jpLb5YJJIdZ5SGTwN6tk9NDwgDjyzcwL15gXrZwb1o0DMHMQjJEhr3J5dNr0/inx1udT+aIQMmqzQZuF5nAMAGL2AIDZAIgMxmCpYdhhfPAZOk/sHymaTZwVjxQ5i3/GaYxG4YVTonzxrZmwAFwAByg2uHIkMzEFK5naHqo6EnKHgxz7xNotC5bAD5x4RlOkm1ErgyRoSD7tlEsAMXCKxZNs4GrGs5D4OoLnGcmZsllScDiFHMRIrdZV2L3ZLynDt7l1nPascVdOI4nTklDnlvaLEpICYCPidPt6uuw4wigU88EB45nTikMwkSSEg/Gbfqinfgjm4pWLz47I3tHUyM5iaoXPW/u+dWDVx59kcg4Lq3MVJprtZdfcZjaf//9cZ8aeP8KYP+OgVhxmPAWVrMqxJvCMNSdfW/hPoM0B//CUlfL2aGpfPq+4Q2M3gdZqwtPyoTLZ0Oz6t0555BGMK3LxPZsEtmkAOh1hrUsCq8/DLWpaGlwQ87zL1ScE0jcbEcLBhjJIFtLdB7mVq3pO7o84KzqxXK9LtbWz1Uqp2Ljtl85pU4tgIuff91sCbsj8IzbuEikCLcibtZCbOHJToidSh0upfbe7zM49thjFYKSiZKJodhkXgLpS2NcYkumhTQDpKjaneYGViBTxx9/vE9Y36aqJmC2MiYMfW9HouXB0rLhW5bbI444AhcVpSmfvMAek7W4DPB54IEHahuzvm4Z+uqVXpr2ReDZg9bpsmscht5aAparslT+7VTkqHzaiCy1li7C5UEh5kx2sOfsEZxnvLNtUdzbSbKl6e0U18m8UUpOz3scrJe2wGMik3YKKU4AS/SiMC8NfHrFof/B736w6x67/uR3PxH5nXvcecsjbrGpHz3qR9fufu2tj771x/f/8c/3+Pk1D7yG5roHXWd2z4fs+f2Hfp9b+J/s8pPdfrOb9ySR9D46r1NkGhvx2qQBRFJbGkoyEwAwYCbJgfUbzr980sh2U9ev/yuSN2ncizINQy1kFQm3qbrdUFlNCclboA3iBUPj/UnVbF+9RCUDhpTCAABexi9IzWa2giqWEjABoARmYl9gZDEzyaGE6wRptJBWCQwAjMt8GmAmMPyLXHVqVFPjP8M01uVZo9rINANveA2A1xLJluMTn2Zgy5UpXBPiupGHerLHwNwSuCElJwA8w9Q5Aiv/Nkt2RiwBYNey/dSnPlWxALy2UiqZsJVM3c1yy2Gngwf5qZpgwEyqtYWAebZ9mVQsmxI/zrzIxcNPMRc2Evnqw2L9XaiFJIot3gmVYUEiMuoaNLskSgCC3iO0OpktJ3j5pAyWh+Q4gNXxoRm2aMOCFHDZRrOLdmRrNminS64iUldDItXMj7o0zIpy9dCVeh8objRfJyKWcRcWvQzilArgO8kT98ILL3z2s5/tg8YNzsR9pyR8SbeAVJqteqiKOvniUSHfVW5b3AMDF7HDIF82qU7KQ8mQTxeurxn+fRg95SlP4V8tFV7EVdHGdJLr1dmraXgQXm3kHAJza1EFsBH7UpJOC7mm580Q1+t1OSTPdiFBjpDnkAg77Z1GHAxYGJDILtTGMG+mxIA7rq2Cl2tgm62W1R7VFoLc6IZqbKe4jfAgsTwTBNahslwn3448pcwqNkOzTJwKTz6Z95y7dP07DX0myozPTa4U0QGDhJdbxbKRSt+h6oDhNFxpZanoHreiZpBhdeTZs/OLX/yix+epp55qC/yrss9QIdm7LagpsDB8wkrCRz/60T/7sz/7m7/5m7e+9a2f/OQnPaoF5uFtL2okcuta1Ndwv33hTW9609/93d+94x3v8NV70kkn+ao+/PDDhaoV1xVY/R462TCU88pkX6IlywyuCvpTMPIscinFZd5aHVr7MsQB1Mhm8ZQqQpYiQxsh91LFIe7VQZPTOyYSmEO1hhcVpagA5qWNhqFZhoiJ1ZnLlWEvUjgwDsaQfo/H7nH70bcDC/s3u/1m11/tesuDb3nQIQ+67hHX7fWEvTxr9zhij6t3u/ph+zzse4/43gMPfOCtD7n1rl/e9bPdVr/N4q7f3HW/793vcVev3lQ8/3hTKVwnpBGVThCAyDu54hd8AC9t9qscycD0YhOJ7UsOK0MAU65yhr3hKajgaTh3Osxyqz95wy2XSf/wXP/uGM+4Q0evLTu5jgMlJ2AAImfYLoREA6zcMDWDof4E9lxvm9LYxjlhIlpc/DKv0LIKbCpAYDzzwPyTIW02D4Fx/mUMGBc5ja1x2ClWR7tWUxr9w1bShEpOY6E4jJBYETihxC0XB6gn5QRpM5lXLEt0gcDT8wwjPPgyo2SiAgPgXDzCdqFVGgBlEpU7nMZNa1axbAG3X5uyiikFGrD6AjC3ED0uGOGJSiT2BWMXbIuZvnOERILsVH0R55rBFSFLuBNqiLuBlRJH9JSsCEhUOENT5MAuNHicn445DBnRM8dp4pQ44gTnBAlphi2KaOhRYSM5jMj21daW3B6riBgIMoCKXwmQoYKG5Hn10KXVQPKrDJqPJQ29nVAKyKwvD4meL1FcaXF7Vh5bEqvqyimTerfTyATAA1VpGTo2SiIIy8PwqbmZVOCOrj4ga6D6gKaU6SoZzEp1OVTmjlbBcELJuf2XDraBxdANaHX9YYMapYPBvCagt53xr3EBMrS0rLHFxdDRZQtmswyFMSFZZUyQasmh/FRaa9lO3KJT7DDSDs8/ajnxFG2R4zS45VrFiqxsll4wtuyGwuUfXv7F5lVGbiFZ2aO1xM9EwF1kXTqGuI1bzsZxSGsJSVcYSjIAE/Khhx4K6RlpCW55UDhldf3ZHSve1IXggxU/8sgjbcdjWHrpvcPZl0emfJYZevGLUzyHHXYYn5Ygc6uyBF3Es6epZ6q94+3IXuyd87JU5gk2KI1aX34sgeTcQnPOpxZioMf1W9ws/7jtGHonIPdqJQBN6xbr0a7TJqqe997zJNnWcBrgZrmSH1UmC88UjdcOw14aesNjzvkvLvrFk656EkHwduQd6GnPfNrXv/71w19++Ac+8IGD//uDzzrrrFc+9JXk40467owzznjiM58IA2m/lnvAkx7gFUTYfbaaovQ2bAteVixtLcmxnHi0n6Fq9joLlkkycC/ivYHZAif6AUCPeUUz9D4Ut2svcJrH7CRZSvnRPN7DeJt3uzwz5Jl/ttwiQsuJufgZTvxMtJbZ2kYFbdnQjREYzL7ITOitZXcaxnIdK/61U/5xVQDGZYZGRfShKnRmFVEjUfLMT2D+gdPgwPxbSHIkkxNWkDqHjAubhrzsK2HXDKoWGLedZP0gb3WsHIoE2AWrHwwRh2Z55m0Cs0eZl71KVjNoUQl0LfhEAfBSLtSKpQrOnVlhc2gVSxs6Sqbs66qrrrKE93VgJg5j32by5pQROMQtakrmLSczNtUpEJXwCPJjI1YROV5uN3h63BBfPejud7/wJaGpkhC3wYg8Sk4I0YbMHCVA4rMcbhVcBqwlbPkXuSFZDnlQFBtRcfqqKZOqgKeJhxGVhQiygQPLhkVXn9Kcqhkzp0W+5FoGkaEqSrFZdZL0CtBXUQWWenochpAf3Bqdk753OdG1PLOi1xBIhSAJvOEMAXBL43zSAzCPKK1YOW3ecnbIbd2Wk4KhJCABBGZYgmyWEmfFHI9MiZkT8qzChAafA9CNHJVNEXJoUbIV+eSKCUEJ4ZVqleg1OfO9DeAul2QHlRCgPlByZAnm4uHNWoZFXv0sZwkcTfzCIEgsLpnw/SfzCy64QCFwQ+enPyqsEBJV5jsn9oJTljcOcdnAEWWZkW2y7137Pe+883jz1evL1feoT1V6ZCEaa3lO4B/72Mcuvvjid77znf0nW8pPfOITPoIJ9ADnn3/+ZZdd5ov5kksuMcWPz+Jzzz33Pe95Dxhzz5ivfOUrPNuIDQpSadTF3tVFqDhZfqSlYnXIy78kIzmXcA9pCXdlTBXUBZky7IEN4+QMXz7ayT3aTeGutgQPpHlDAnOtg/WG1CwYImQS2OtRHCyZIQAnrKwFhqcEwD3ShMoDudcg73lgZsEYEnBTlB6lAPNxlgaME5whamiq102PNJ6ByYFxPmH4xA1ZAZjqDcyFHgfzRgXjJQyMK9TrFBNggD5bvUiR05jlGQyxxSkZ8omLf4IpyHZndQRJyTnOVuRg0khmuMwPK0RgxRtlCYzLZ7JZJiHB4lYxhYPxnP80OPAg2SIAvG6ZzqEhmyLXCThqqPfi9OpLWU/qT63b5YD0cx2rYYD5h5zALCRjtiYJ63Su/uF6+1IO+6pYCgRGpqEHZsI2PLAhh6YGrFjkvqTpYfKfFTAOgMsGjC0Yti9bJtiImEWO7MUDaTu3zWS0Pq9bfw6LkC3BlAx0qHFPtWipXOdp5zRrRS00y1kFl9W4oeAJeGQjuN3hdorLP4AUKQe5I2+KjFQclwTcFEEMq0KyMUdVt+HMpIwAKoN4HSbRzMqsRAPjkDiCx1MGxtWJt86nWlZR3iJKfPybYs4Qb128SJAhWQBk27aKmDsnTKyCU9KwIiAmgesAGJxznBVzPILEwXAmVmEOliEPsoS6lyNKHgrJomUGtzpuLbNIryjquuKrf4cE9dbmqUCO94ZF0D1g8Kg+s7q1+LF0XKVxBDAEQ7PsBoHhgrHfzolarLP+WEp7FCF84DY4q9DgNFYn44VBBmBiqFgE3zrSfsQRRxxwwAHPetazDJ1P5Ej3p5d9s+L90sCTTjrJl+6LXvQiyOc+97lkH8HAwmMOdvjhh3tfNrX//vv3p5df+tKXwjz/+c8H9uHrCpBkwdtUMQvJ9iWcTGlILn6hSqCjJaXSi8p82fZgToOvX3Lu/oMVioJ7sxnuVcOUZ7ypuEd7r1YJlL0Jeeov3wNoMqEHiDLpdcrrSzwTMg5gFmceUXLi9YjSq49g8uPNA6eH4QSMIQFPCczQ6xTuJSmN2d4vIbMyHHDvjjjZy5bZOAyfCIwVAKX3PH68tMVpcEhvRWDrt7UfGgIzEUYAnjMBwyGX/gkphcRcMGAFU5DAYDAjcA7AsPzINp4GbxYsYsUPwxIok8NpzAaGQQk8mMKD5T8NDoOzwgHM6hk10lrK6lybMjRb4SjxIUNTTOI0ujFuat2b9/g6TGOVepJJYZQxqbY1uTIUKsFQAu1rWSwyjYqYZQKMNooF5g2bT6/mwAyB6cMAo5bjnwlZPJSCgbEFtm0Wj0SLxB+n6RpMTm9feGDcsM0GICxPLvPhlAQ8P3Ga+OgJQ/lP2SpTJkqcMj4CAKsyT+azwKpO3HIRPV4A+Op6938LSG7JkrhKVQ3KYwWQvml9nNJ6KsEWN4w3JbhS3ydgJa88eM4RpbWY4MCZ0OO5AmCOI0MyzxXSuvYAJgs5yWGRFBUlAYBQgnAe4pyURNxUnvFM8k8jP+XUEDdEeQCzXNGSrQjJpFkweAXw8tWL1fp1auu/8HskDO/BTIABVjZUtTjkJ29xC+HpLRSZohEzQTC4bOBl/vodf09XHVElkDShBp7IcbmyRKkoLTiixK0FTOk0EvpBiA/Ta665xqdqPybxJep8moK5/PLL8bPPPtuH9WmnneYL2NftFVdc4RO5z254YOYO9vxZa+Avf/nLV199ta9nGOa4z9y+cSu0OEUrKomKC2+ZGdmTxt58e4+RZ+QhTS7zyemRIX3UG0YPdY/wOE3vH/NqgmhmaKq3ARw4TXxeXKJMel3AgXtd6J2GjHOCIA3x3he9IAoGMjkOxhAMgeG9VHn3wr1y4V62YLxN4vRgDBEBmElg7zTWAkseMExEyar3ueXrJk7jrQ6GnhUkMgRmYgrAKzif3rRovLGB9SLV6yBimwkwLgzBCKnwWOE84CPg8gAvLQDxNAzDiHBokonL/3AaYLPw+Aj5x3kO3CrpOcTDJ1RoZTLEORnZVH1FCBafZjPUivjcDMjNoI3j9AgA2FoMC0xIhhULX5VqR7EqumQKdZqBTA8cJsoWmBIATNhVIQ2fZrfQ6+97ykpTAnHBwIjQUHiFuj5hKxK8Hf1eHjhDTtKYQqvLdE1LeacUIJ8blJLPPOPWwlsLpyxy8pIqllSbqqZtk74tx5dDyQEgbz10W/LeCBRnv7FAjYVzJ+mRRNMQTJV6JYHH6VXIFD0YIrAlAFQtACY4mT5X498QAeD8A8wqTMAq//hHkDQA7dmwneOUzMkE3BQO3NKmyGAMbdlQEghLTjnZyERT8jNXQ27NwtcB8zTFeyp4QuAeEnH6HtLqgpgs+yNOaQoGEq1drqwQ5dgiyEwKFRcMagvjCmXIQzK+fWq4KVROKqKvXnt3geKRWnST+rzGfcg6twcddBAlGdJ3Ldk9K1GyJ2mEfiLiY9dd0B8geNr6F/LTQLKClNW20xZmg4ZlW0HjMGbbyHoTW383GreRpZww1OuOAhGWZZpipe8BT0A96XFTvQEkxwMPzyoTry9jQk5jliZMZIj30uNtozCScXqzDMFQgtcm3HuYKa9WuDcVmt6ZzLKNmOMplybJ6WHwqDceAEqv0QBel3EvQ/S9zNGzhcQNA/du7Z0P7w2eCQA9zgQMEcYEL4w22zbJOBmZXSqlhdXwYDjYkgaMyzzwMv/jNgq8NFn6p88houFHO2m2zldHJiW+7B+cHDXEAwDHl4bR0g9uacOCKT9SZ4hHUmeICxWHVxSwZIA4DHMcpVyC8TQ5CRwBj+fhhWE7psiU+FIQLVnkcbA4E5p4+DxYkRJnGHic4CuPO2jpYel5CcYBAjcMMOASOyZgg28IhleOuRVdO26hbqeoOwqtbp/1/eMuWj10087dxEXEXQXGrcSgZYa3sFBEhiPh0rTbEiT19HEVAqDHI8p2RY63ZzJ9zsOgZFPxwBWDZ4DKT6ZsFUj6vInZsJiX3CxKGLCpTOhxQ0mYtCSkxPOMF1ImpiRTSuV99aBbP+qqCu5hYIgnU8anFhvlaFFuG64KuHgwJ6D0ATIpyDLWHuNFuOHK0gkp0QCiptpa2yzzc88aRlLh7BG6Z/uBh49ad6gPX0rfx12yZnnIJA+uY2AftY66z18YYLLZSrMR/HKbpgqsPYYRdiktw3EJX+V6BxkOTTnwZZmSO0sROZr6boBH3jJY04DJvS4ke1FIs3QYj3qTwPmEJHsFwTPBgyX0OhjA68jw9JyAoQQ85YbJEoxHlIZN9aIzb6j0OAw9AFqaLMH4gIOt4SsCMww8vPwIiVWcPloqcbDSGAdYgiMwHACXzEzS5GQwOEo5PpecfmA0qGar9wjazxKRTgMghBxiSxk3XMI2mnM5hS/jLz+4qPBJpuEypXKOjx4HMztkGGA7D5z/qOGYCCBOUzD0AHhEiYsWF7nh7KJZ1GxyYB7IOJmQYXJ8KNvfyyEJw/MvWlPx0QAMtZG2XDbabCaiUh0VX5YMPp8EYM2w9dClDTo0Q2ZLeTtna1WUkMZUPM3MImsnoDEZPibFuqQ8L7nANsxXuAVRDhVtNOFtjbd5jgeIl4RllmYKFcDUzLAsqwoNMgss22j9pNh6dPXwiHdKUbAhi0Zb43s+FMcqajbYEFur52QV+lpOHyDKA1rqt1RrWq618rXjr9y12Xi7boi6W/tJgG9Zmn6qQU+mrGoJ9XEm/QxjCe5gtyIqgKihKVuLR5Rb21hvpPhnFymXtMrmgmg2CoSWMjJcUpp740uhd4J4+g1NmISoYYAwvW2MHh+hqXivIL2O4JQ0+AgBCDg5kzHEh5jnoVfYXoN63SQD4ABmQw6ZysRrFtnblSEZn/fjIXi85ZgQBCMSHE1+ygMaJb6EJY9mg5Ym2+VoKTe15FsTazJMUy9N102bmY0vKVuUnHIJW5uuaIZLnokUxQ1xsZW0yDCOwIYPODJMSDmG9Esn43+oYTCeM0mDaBKWlHI7H+JzyHC5CgJOP7QGbmkIG4A0hI21RkAbgGgpR6tKrKn6dsl0I3WVxYfo5y7CVyb+76ZzJ7rUEIO518IBzM3VkrNwyjQbU6g9OzN4KRuiicLnB428drDVrGvfOyF+zE6xDTvYS1qvtlpug2een1lo1k05s8iUJGzQ5BGXMYLUyZt8yuQjdvxDNuhR6z9l5vlhCqaqQDJcet5YxRAtI0mwheRVZDuoqSXNNuGnZfGIMhhi3lqz7jhcwqLlFDnAwMYJmm5Da/db/bNhQhOFYYgbNrXE0HPFbdnLf2s1G3h7SChYJjg523gYtJRRbpe0HYzfB4WMNjTJSx6NJkoZbanWtByOvEZtyhvC76WQG3jD0SdES3k7BUZb4zVtqda0pdpBS+VSiBpuLwpqdjAbwgyHloCoIdoa3wsFGGQ8WvXoOraE2i95Dd9CjjzCdhp9Aj5OhtInjLyk9Cg5JVp2/pJMbUk7KM12/dCGE8MN8L2ttZ0YDo1mqV/KG7SG303LRQewAZuQCGhuBtz9jHfJbHC3N9pj/efP+w+Ij17/NdT+zAEN7p73kYCjHgEEMDKYMFY5cgV7PrmkCLqEgNS4phlKs6EPvKSUzY7JUr8C7SDDHgDD04x+SdnmbSOYmW24UwJG9psQNcVwqOEGR4GXVlGAnv2e+sL2zi6fva2TcUQDk4kYkHrjqlvtETk9WkNWZLl4RG52MGv4Fi29oQAblJOhnSJnoe0UgLAOZ6uyNmh37XGoXfe94oOGpk8cnzW4zASTMZQwqTMMFs8JCmzR1i0GlLzkqFCHNuIfGSWnHJLMKPm++Qbdx9TQ8pwv+QZRLimNaAnj33WQEAaNMhkHHnn4chiNJkqJZpiAyEuf973ZaGm+QZnjG342VlnypTBEY+MbJkOjDNBaIw84fbSUl4CdmuCRAtWBW+NFgw0+OWFJS2XyymBNS2VE5rkwhkdLeR4blNMY0chhoqUyecmHRrnhefi9UZHjYMloDNNs+BkYynBrcM+pDdowvw9kPvH7piqLuoLcVHHDrsHuvbnzR+niomG+Kpjn897rP3boaUzuT8EQPKIb9oie5zmNRz082SMdN8Q99vsvNPju67+6RAOcCSc4q5zn35DP/HPVH6tLzqQYmCBgw6aC8Y+T0+cQHk/ggSEADkwpMPHMt2ZC3/dxQ5jhaUwNmICnRGC41SGtaBVrTTA4EnDxmwVDaizzaJ4QBETTsFk0lR7KpJIjwjyHEI1h+vX81nMoWvu+B6Xc4K0S5RYlpwSrTe3F9m1NkpeZx21c/jWVbDx2x19tJPfSZ5aMNIwcmq1bAuCBtQRwzcAnDHw5VIL1Ybn7OHXAljwiR0wS0o9JZNj2o7JaMpdHK77MOXmo4QaPVtM7yLB3iO2c/2QCSojP0RUnISfpV9AdtDzn3mOGj3448zwkZLLBm90Axwe2U/9r+N20nNruebipGQazzfG/XGW77QA20msqPuCmguFLkwEPH2EDvGGCaNAIdRFOnpJt50tamqCdgmdYT+JtXDCGZMLweZEdvvxvAc2CReSG+QmGg40m2E7BG2UqpOEAeIL446Y25AFHMxwY3sbXzrZSMdRw+IDjSzAZqQty9lGXwPZbYoTVvX//+7us+lmm68gDyAOlKwt3R3Xbry/+1cMLgLKHGoCrdXX137b+txFuX/8Loncsfpsb7tNk+QfScKlMY1bxwGDCZ0KJA/fH3jIkg+WZTIkM8Vt3/G0fgP5YY38lSVTAmYSnxPnnQQCmeMYLLz3zVRw7/kAmzhyALHJDJWQl+0jeDekBED0n+IBhaHDDOPzKck0NGRIK5vvrv1j1vfU/G3LdddcZ9pdn0C3rf8yBt3pIByiqKnpiKWe1RFPd1dN1/QCGRIQ0KAAwD1mtHv47yNADqalV46xbBz7acrEmQ1MB8AEMR021BCGO6PWrwMqbksnA/GUwQ5uVB8K163946Or1v1j0nfXvYZQZ+hvXvzsByZhUM1dEiQIDUP1MrrnmGhhpxOVQiVWnMpXJkomLR1GGpyl1S77e+tZXyFApms1Gk0x8+QbWaxYZj8gN8QHslAPgvTf0BubExgGS0/d6gVMS4k47c7JQYVDnPw6c1ZgAO+rB8DSByTlfmuQ/8PBWHJOsxn8wr0StteF/aLtJ4DQAZuMNZ2rCwGnwZgNHS5Ngk8yc4GBLE1M4GOXwNPBmhycsTfKfnD4MotEAqDOiqQjDzRLC4CiTiNIwwMBohq9RW7ZxS1iaPLswXOY/Id5UnMPkyczQmASoTPho8DDhB4xPA+QfpxQYTjaFEmaKhwAj4wA0a/jdh2VguC2bIpsi44gGp2wKNxV4+MxmQqCXbSSZUXeCesWXgjsEdef3GHIpub76S89dX2Q3Ib37n2CY0hVHw9Vqgf322++YY4552tOe1u9ZO/LIIw877LBDDz30qKOOMjz22GOf/vSnn3DCCfvvv//znvc84Oc85zl4v2ftqU996uPXtO+++/pcfsL63240i/er3xg+5SlP4eTAAw9k+IxnPIN/zp/1rGcROKG09HHHHQeWfyY09AcddBDMM5/5zMMPP/yII44gPPvZzxYMcME8+clPxsk09EwEDMw/cP77rXAMn/SkJxWShbyM9Nk0rRO5O/RKH6y48uBKpZlo4qjqEkzxw0nf6P3rLbLhHUc2vN2QZcmmkBT1N2QQ28rs9t+gKXAdMD2RBq/wPf7xJWmF3gY8cuKUOGKyfAhF83BiZTg8jSk8tx5y5HjeZEBs9iJpCiGx/csYyiHhkqzi+kFd9tlnH+WQEHWRBEWRFhgmSJY4kRmvgTzQAARmqGGY9M+I9m/oSHgnvMODyuRQB2lqhBSICaG7w3B14NYXXLA0DCXf1lb5WifQ3p0rvHcvcpympz5M1HDAw9MPRzCmcGfV0DsHcycW99qRxmzvFjCI8OP9fnzRURfd+YY7z33Gub9522+ue9R1vzv8d2cddNYv3vKLbx32rdtee9tNe6/+xQkEH89PPvmP0+DNhkeG89q6Wmvb62wvRmNCoDSVNzxwMn1gPHzD/ASbYNIAmI0nzNQ/xj+T/JviGS+l5JwMeO1+5d8UDkaJA+BpAMziDFGCqXg+VZNhTgLjADgPhPyAkfWMoTNltkNkuJ2aqvHiaaZ/1qhVT44SQABkIRm22ckPEqQhLoGUbn9Rxb3X0tAPJhPKPEzmeR4wQ3pyYDTgAeAMmQTGw1CSeYtb0XZ4wMmjGSQ+JpSmyDYbN1Vi4zR4BD/5CYZnaDaZgMtz963j79JwPxD6eJ0HhCuipzUCcJP0rwy5wXBPHJe/K8sF5bHlsnKJualciQjSTWjKrehOcxluPXSvuuqqM84444orrjj33HMvvfTSb33rWxdddNHFF198/vnnX3755f0jBmefffZ3v/vdM88804fLN77xDdzU9ddf37/JR0Ce875RPOEhPeEvvPBCj/ezzjrLx0q/lI0r/rk1ZYlvfvObl112WVM8szr99NOBv/71r9PQWwLmkksugb/gggvYGl555ZWmfAaBWU7kDIXHRGAcAguelYVsigmwTYmT0ruGJTSEPlADZVbOaTh63EcVDa48y9YxhdcTCMYQgOC7jUOx2TguFeKREwEYioogab0QQWqInq89U3FPix4elD0Xe0bqGEIyMhWyp0UNEU1zxHUMTsl5/tHqYb6D8gMTNww2GjRL8EaYhxOYlhWV7duRzaqFeuklO7Vfu1YI7SH/Nq4NZEPJFEsb0PfvaZhSEbdAPxJQoBqMN2CynmSilMBWAVaXTrgSiKEwZGlyRUPo4MEQcJUi4J1JAJQJonH82EqLJNgjsmUbd8ZsvNOIk9NIRWmJGvZQ77MvPmAYMgCadzvc+5nZzrlXCpr+80RvM04+Ijz81w9/zG2PecgND9nnjn12v3b3h/3qYbvdttvj7nzcg6570N63773n9/bc67erfwwhfLY885NPLzStkgamn32hrAyZmAIIjAfOFQwkfMKA899L5/gfk5bIvyk8WMEsN4uDMUSGTeH5L6TkQi2GtfuVbX5MgeGyPeBcFcza/da/EICDUSoZQDIOwAkOg7jFGwYAHhNOAuMAOCWu6AQnBRI31FdkXWSWYBYfAa/lgIenyVXgaJQAlibPxkVr46ISXkRpKNuQygSw/A839GZhbA2HN6yCFQiM5wxzslP/mdQzOMPkQirzBFQy+SyZuB2NTM8bTGAEbEgJgAPT4KZKwuQHZx6nZIUDl6UxpA+Mm3LXOfXOPupm6H7uMY+6IrofKJHLymPOFec68mByq+Put+40z6muQQAXncvQPeZmYwWwuvP93yeFtT2QPaVlypJipbeeTXp69+8b+O60qi8PN5cHuwvLh5002YM4xGSrdkXJ0KO+f/mv31vOf9/EyuYRpaXs08aYewUAJvDMCbDnijcCK/buILn0lpMm71A6xgeQtwxOmLzhDW/wFWWq1wo1Fow8IletnqAXErD4X/ziFwvDp7Cdeu+Yjllf3b8i2L5ITJFxS1vOpuhxYFwBOJciAkCNaAmzIunjTCTCsBYlALysAssMVzRkh1ASeo4OSXvPQgSA1xbJqP6QkJ4i9gjAkMA53pMGB0gWJ4FJaUQ911ddtuOHsQDJZpNxxGeL2g5XOA09mAyYchpVStVUROqktFnNYEoerCUPL3zhCzXYS1/6UpUVGK5k5d9a8MCKUr8JA3/Zy17mA1cXKRwnZkuaVx8tBOn9ppNDqb7z0iAhhvSoAyZUUZFFKDB+aBA8Ds8PE0Npsbo9orZsOXlWPho8Dd4rFwwr+TGkBKD0TsCkT4TMzUKShWe/BMF41SDYhdl+SIXT/HD9e7HM6itOOFe4O26444m7PvGOr9/xyF0f+cNP/PDgEw7+6eU/fcxDH3Pbp2572F0P+8kZP/n1M3/tdQRSrljZIz8iyad7oVXSAFjX3k3VCcApLQ2cCdm1woRe3/JvL/YrtvIPwBvPXpiYBM4/h1IqG/Jp1wXDBCwTYHKb5VkXeYFTLOXg35ASIJNCYghcqGa1n6IIyUL5CYxPMgsSWLPxD8mEYAoHMyVInGxdnHPhiZZ/+aRRLEomATIh4wPWyQQmNkuoQ+oiHFIHkmsGs+T6jdBwwDhw5jgTGh4QvC0YpsQtzdz2DScJikVmLhjbFL9sC1WZ4H0h4N9b/wvq9ABMcqsTLGHouJVtMBtnSA5Mrzr8O0plXjPkv56pGchWAaaXMUibQupb0kpmaRyZ3qxksl2f0d0JUyxTwDSdtfIW1zk6TUJ0fkljJQPAcbDM6Vep/NnPhCQ/Lh9HzA1gLfuSK48M3eLp47oQCYcIQHIET+le8syyF8jnPve5+AknnOACBCAzgbGck8inp55HCUPX4HHHHbfLLh9fPXR9TJxyyiluN4LbUMqcdnrBSb3H9bOf/ewvf/nLr3nNa9773vfqqo985COvetWraI466igfHx4zNil0K3mYa1NfKoL+zGc+o/ZMaD796U8///nP970iMsVQLQ0njy5lLwLPec5zvvjFL77uda9797vfbd0Pf/jDL3/5y33CHnbYYd4UPPZkkBM+vU14pPlscn2ffPLJkvXOd77zTW960+c+9znb9rrhZtcECiChSigFXjGOPfbYz3/+88Cf/OQnhWSb8mKbHn66QZOpigwqgNgkSJ8pUh+vyVoK57njJ4MKTKBkQvBqc+SRR/qGO+SQQ3zbKZ7N8ilgYSuGGvNsO+pXN9uRpS2KxBbRyKQpJpYgcIKTaRCAEsieSPSBTOJZESh70ii2hXCyaAkSgroU4K2VbJYAMJwH/nHDfIJZmqAx0oNJmsBs3xGVUhHanWenA0Avw176FMsHK7zMm1IyDj/72c/qyH61n8TS1AxSdPHFF/Nz6qmnWutjH/uY1H3qU5+yta997Wua4er1r/bTDHKCOnX1hqEI45SE9bFaHTCyAPjvHterqsYKWWvAOD8lhBPbtFnp1dUitB1OxEOmEZ6LBudB8MEMwXB9RSNUnAmNWd7wmsESkPoBdybpHQQOkx0oem0vYM5VSimFR2kKwKkUDPzDH7aS6V0QllMRSHj+2eYfgEnvtfynESETFRFhJ5ctpSkRBu49UmBc0fMvcnilFxWlYICLGTg5MFdmmUivrFLKcP7zyQRnkkaoZkViX7pUf5qSATBxTmYKj2cOy4/8qyOBB1PA+ZTt7cl0t9TYQgITHpgkSBrzZBzSiqxgbLm6C4+3AMBqyidD+sBmha1/KMkA9LrFkIc4Wxp6aSRTMhEVsKHAaOIqOIZpqhQ8wZCfvImWeVnCRYJXLHrxcGIoJ5ByDtCDQZVx+ikWz6xsVtWA81YzZCilwPkXicC6VQybqqY1QyZTLLIeUy/eaATPykakVJwlFrcLfpjbLM+Crz+bygRnwiFuisYUc86ZGDI3hcsPb3EaHIwet9PuOleEvehP4bnK3A/uGddFLyUeIpaGUaZgSgPA1s1mXZcVAE5z+umnH3HEEZ6YssrESbSoK85F53HA3EPzn/3J+kv3+OOPZ6YSPimEBc0vvXMuOE9cWd5vv/18fBj6LBYomYmE+k4FZmLD9gYp1zQe3q9//et9+b3jHe9gkn8PJJmyK6kRkE0K2pNbwfhnkn955NZ7gea2ulZwSKTeuu5ZrrxomBVq39D9J0DNQZBQHeNo6TYCVy5rIQnVrG37zBWttSSUCQ3/3bliEz+3tYuQeNNAWkSENFbBO7q6Qdn41wHC9rAHk3HptiPhgeH0Aoa3nIVEJRItaOMiVyd5QABIWih5rhtQQ3pEyRxYNmRbGm2wJrCWq0c+aWwk7uE3vHZHbIVt1/JJwCnxMkymDMwJn8w5t6jM97hKDyAkMbedfkk+QSrM8mazMiPD3Jp65StfKedvfvOb5d8u9A+w7OnywsAlX/ZMsVW1t771rcCmahuzWkg2BKCCupkgjcDlh9vyIyoCjcyYlUadKQlOIz8MBVlWpTSeiZ3aV2m0izLco93Zo8ElXClLheSIhK0gDSl7H7ep4R7zMDgAc5mXHBoBONV6zGsZq2uvvRaAzLnXQUhnFcZQYEIylE9TNF4H9//l/vA/vuvu33an/bwASYgMwOTfVP77TyrXrX8tORNdzQRSJIK3NUP+gQEEwwMTMhPvmvSSZnXZkzHbkdLxD/zd7343/6b4d17M2qx0Sakt869Vipb/wDhz/oFVpzcwVZM6G7EcAMMygzNPoxnM6hllFbyNGDq2pgDAVA0XWEHKjMgtJHhL9K3Wu69FJYF5slWsztBGKpYiSiZbU4F5o8TJwPSWcFfwoJd0EQGA3vZhlA8XJ339Y5YsbEuYslnDaTaGTEbDBIeBhLeETksJIDDeyhIubLzsSanmkRAplQ3XUTn3zABTX1xiHTpZEjY/9qtehm6tisVEwEqW7BTzrxlgHK6K5YiZ4r+emc4pGMWSK5u1KfUi0AueoR2pgnWrBW4tev554JxnYLmlDMBEFZjQd+Jo7N0xFLyEqG8ZNiVL8lOWgJkA07t5CPwLxsZliUaHeDo6Bf3RIpe5Y2JRfeuM8C9+zj0gJBaSlcuqm81XqA8MCXHjIflXbp4tITZ3HStgml12+ezqoXv22Wf7EDnxxBN9oXqeyaY9i0ZY6uG57Sly2mmn8fv+97//7W9/+wc/+MFXvOIVX/3qV92JvvA8iuxHWFaSYvv0wSc4X8/8+Hj1Jeqr104uvPBChZEywWkdqXFO+tL90pe+1Jc0/x/96Edf9rKXeY/wAHaYld8GJFTq9YFn5znnnPPiF7/44x//+Nve9rZ3vetdb3jDG7xoeHW46KKLJEtmu1IlV9b60v3CF77gS1rk9Nay+hVXXEHWc44f/3WD2KRYBsS2POc0bnwl1wSGCmCDBJd4hawpvc6IGZdiyZQK5sKWHE0g9dJl73Wb5qaX/862G4QGKa3wEKFh+h5OwFYXuRYRTA+VPNi1qJQZDxCnKSGI254uNpvM23AAAjyBE56Zd3QtTVbiVgQoZjmxHV+6EtiXrl2b0sRyIrGmZMDXrcT6eOX805/+tGa44IILPIwl3EIikXD9rVhOiGqCffjDH7aij2NOzjjjjJrBkahYXZp6D778iLD8lKiUZg0R57q000goq/S4aPFsbR8ny5iNi82WcYW2657ZtoN3ShkykRND+ACCxKUC74iKlh+zNQPnZIcLdwQoNSoPjivZJQXfQZVnlXKOBAwsh2AM5YfDRzz87o9Li8JYC55/tvwwAeBT97YKMA2wWUuIUDx8SimlYADABiyk9LYjMxVLVHkofub5B176n5MLphBCMkVum61CU6hMtKV9IVvgx2aBTdmpVXDbZNJmnSCGtixygk5gEoBPGcMFlpOSya3I1VHdwYQHxlDSwMg0VsEZ8sYQEh6YuSl+wHAmDMkioQcmy6STYoossZxoDLP1Ek6WQHqzMEhK7doQwBSN5TJJxunNciUYeELgvAmAxsYN5UokZV4w3IqHE0PZMFWzuSRtrfrS8OB0wMCXGcUyVbHKfCUjy4O1gGsG+VQvHvLDJ5P8L5tBscgVix+yfdHbSOuWWLLkWAKGf87lQUiUwMIo8zgTMLKFcADmHUZTZdiUzICJM3DrZqItdbLkiE2uXPVuBjeMa/yss86yEU8TSC8ofLpqmAjJ5SYqMLaeUJSf+9znwDzgzH7ta1/rmaidXDJV1hXnceu6s6LH0P/pj9Zfur4q+PXoBrVtBbBVejkSPb2EEny2MsMlzseH/UioAhe3DdubXcm1Pcj7S17yEravfe1rXZf577Twr066QWkl181rh+MfmLlvbq7ghWtjnEu9FT3nBCnpXg54EIYnrvgF3H+Tlly5s5ykSJB0uA4EIzb+Pdc9s1/wghcIhiv7spb4mbgdFJV5pVUbW4uLzQHDBS9gmeHciqISGw0eTFQwXnxkxup9/EmpeBRVAewiDc/W5ceUjUhIHUZIjxvW0zCI0tJIlizNvwIJG5JSUShp4jAAeM+kZpEAbFl/4MkwS04JRuCZH+bCc1tJEblE5b+QZEyl5NZmFci+rMuDnIhfMyi3bJxwwgkK4V1KcgDUt2MjG4IRP58lHIC5Ap100knkfrWftbhSBUtAamjmglEsGimylmAIpTQZqbv84MIuPDKSWDBba3dIDCJp+5aQMXGysoqhXeD6XBLIOBnALD9shWTYlEc77vTSaDMY1QfALWcJtoJxkmn6YPJdgjufuJcYei9z9kgQGxPeOPfCDsDwab9+God37Lr6OLMcjUyaFTY8K7b5AWDorZFhb5M0ojIrP5TVnQcnSzBMwJgICRgHpneUunrsVzAEHsCKf0xaMf+qIAPyKbFsWxpgaVL8wM6RLSuWqAiWsx0AhnbKBCe3ff7N2qn9qpGQDHk2lU85x4HTC5hDXN1Vn+AM4nwCAAsAT4MzFJX4ZYZesazYlKHw7Asnc45bVMUpRYLIdWn9IwOmhJqGc0N6SJkhZBsYDGBpHodB8PKTEgBMYPSTmZLgZNkRvX6zEfFP5oXq0wiX/zR9TgiGW/u1REljAlbmVTaZN2DJ5F8mBQOs2UyJJBj/gqHJiWtWrmRetHZHoLeWZNp1vCpM5l0pOOf6gUA5+Qcm4/RxhgDA8iwtOtPQlEhkAJhyTIDpxW9KJErs8MoSK9uRClPHHHOM28aTqOvLuXBGYMTPxD3fM7FPYd8PHj0+WV3+YL1w5J9n9xKkm014bkhfhrvs8qnVfXH55Zf7+BOZp3FfopJILz7r+XzxVPOpYT1PdWfD41q7e84/61nP8iLgMSMdSuVGU0jBcainvS8Immc341e+8hURX3zxxWKqWnZrPx6TvqRF7x2Bf99DtsS/6H3Oum19LWkgsekGSyunvX3zm98EALM3XGH4l9NLL71UFhTGDnmTYhv2RWvKl7rO+/KXvywwH+JSzLMwNJDw+BeeBDGxl45T5xBPUzcAC5tzBaaX2bimIfRzFTmxzW9/+9v6WEIEKTlisBFNifPQjuzCFCIjPpG+lEP5ITR055rF4dXFFM9dT+2UkgYZDgfAbWo1sePPYfGsdktKYypuyGGG/HAiS6ZEQpZD+nwKBjk/tmOzYDZud3YqWnW8/vrr4b0Vakqt5Q1JS+g/376W6McS0sutdfmxQRXk/Oyzz9Z4p59+umqeeeaZulHJJFnJnEaVQrLaQSo/IimTSDZwGnpht0HmrOAzL59LPF4GbK2s2pFgcEMxkLUNTi4VJQceN8QBKDUJrl1p5MEUDSsHBMC6FiLbAq4hKe0X722vl3o7ZQuJ2JIBmOCmLMotvYQzoWHSbCZ5yFue4/TjX4T82Dvnuhc3xWTAhZeJWU1rUSmS2zyACUAYYHhr0ZgVDP/SpQSEgjEFELiNTzD8KyW8bKtOm9qp/4Ipfs5FZVge8o+LM8NyAomre2XVDCnB4mD0ybyZFRWHIrHfhk0Fq7406SHp+Qe2BbN2QU+mb1FcPKZ4MzSLJN8SlDQDpo9zQhM3Kz+6NBgewNLMxW84GROnVifX/JOfElh9pTTN5N+imtOQN1MlsGRO5umBYWzWukzqH94o89wPD9LgZsfEFkxxYgv0cX4kM9mKkHjFss26jgluCgxnkpwenqyZbXaZHxxAljJp3cD8d9KlVD+76i3k+eIiuvDCCz1W3Wm2c8MNN3DiVudNcnQO8+uuu06ol112mefXN77xDfeYC8oWzj//fBhPTMfZ80IwwJ6nrFx3ZE+uXfZb/5Uhj/dnP/vZHrcefr4tPOE97RDBE47SI/roo48GO+6449yDz3nOc1yjvqOZuEktiehFQLAevLwzd8MCm+o/czLh36OalS/O/B955JEb/r1oANP7zIWBFAwrtjxQ8iaA3keOPfZYi4qfE7Mc+urKPxNg8QMDAAsG9w6BQwrYU1lDKIZWqLTqUYWW3YBLGT0eGG8IxrAG7VsNh+dczWxKYCK3nDgtB1lrwiu5iqp93FCfDdFETk6PBM2BXDRKq30dV0QeajiAkdMPeGk1UzwvNRni/OB6FNeX6YHF7IqxfXtRNZvyReuM2SBybnWC3Eq1oXIAqCaMAlH62JUchSZTkmVMvWRP+fSPMpEVEUADAJRDRJNzObS6SEomnqxwioKmUlUWgSFZFbyUIrlF7o5lBlAbb8uOjWHP+J7f9PiSTAUO5hjHKXFW9JEh6n3cmxzuVAP0GuHY42ZhPAtRAgAl3gsKt+Re3mkAMkEJXobylufxn4nZTAh4HpoqGHzAuNmQmVAW59I/WJoB4wmU+QGYYPCcwJgFwxNSxu10wz/MmGQVuGBwJslm42ZXrtckvPFsCl/KzYZMiDel0EvOuSoTOjVaSC/hSCdQNsUWDzwmiACGEvAB4zTxkFFDnB9cYIazZaFuL5ahKcgSOJXF6QPjCB5fgnELjUw/JvkfMD41XXJ6MBxxQkkQLSciN2VTOJmG3myYAeOm4mMYh6ExRUZk3uKUOHNZGjA+4JKpUs6+28A160pxabixXVnuGbeZm82rhuHcLcjlQ+NGmpsNd1m5593wLjFWHjrITcWb+43SnQagPVa3uUexb1PfZJ7tvk48qH2xIYIhpSkAsEvWf8/VE94Xm1ncxwcN8snoc5CgovBq4LuHDEzpc3b803POMP9NBcu/zx0aem8ZMJC+llh5v+CB0pSlmVgU+Oabb/Y56yVlwz8BmBIYADgTeh9YlIIUYR1QDaoHDVmd8GU3TIHjDYEBOrQyQInD+/bVgmKzF1GJxNb6Ys4nckqrujM2dz0iN0yoLVAPifrDU5mwJMp4z2mPlpGXs7+XguWfeY//HlTzuAIQnsA6ErJqs7KKyyqSELm1U0qy2jl+Mi8DqgNPg8tPiSKbkqUAbK+66ioyE1M0sieN8KiFOkhIDpFExVVNbCnJAEoTrKkin6yuHrnrd5r17lfb375xT3HcqaOM0w81bCowOe4xT0mOR5S4403ZS0NveF4OTPV+QI/D4AlguIVMiXC98kpm6CIYcJ5TMonzCYy3YphMAOKGAIUBhpMDTzAR8Pg3tcFzNW4bjh98ezDxkIhhw6YGXHg0MIFbomFT+WRCUzD0ORyCN0UJFgfD6eNm8S30jto1paZMhpvCTdU2+mcaSSdUpvj00pggAqIc2qlJMLSGrIYDExjN7IJzXJw4ZQJehsvPZH4JxtGYBB6TAdMEhoyW4ClTPP24RTSmcNHiNkIZT7PkKDAeYMDDzeKm8Kj84JQ427JEGadZ4XYks+PvTnB1uLjcZu4ZQk8xl4+Lq+vdBdLN716i9ATBXU1guHvMneZq6qp3TQEw92Ci5NOdBmCt1UPXZ5lHsYe8Z7Wnuse4RzciGFKaAgDz3MY9zPuOwb0L0BDcGk4pAff8l2sAHLjPvvyb8sDnnCHBsCkwHsY/Db1ZTkIiQh4EYyHgTMjL+EMmUPJQAOOfzMQsjWE9pBKKVPHIVQs3hauWqTB4tOwGXYVPN5vCebaEtcSMrNVywWDm5FgCH+rQEjrAuDJ5PPSoGOqZgZZyBJ9y+9Toe5wPX06lWVJNGRWMRInQ9m3ENu1L6eXBENlgiTVFqRy4nNu76stDnaNA8lOWcFmSNwBcNYGVjz4TTsBCApR5JHtxi1YsseGUOBhqiNYJ3srwpLcMR5OB2TLZeRvNMhXkCCAe2FS8x/zyPQAZ4t4DKB1j3EmmxHtFIMcNUcLSpGCS08NEG/7jPNMEXprgCS0XLO71cfR4yKE8jLclpx/PNGjpB+dZSDhwG0+fScIol5FvgPER8JYuJ7PxJRgArWwWRQm25PQDizJcmqhsnL420DZbDbRuoboIN7XRErlCZFPDoyqbSTJlfChAXEg0Rd5mZ8tohjiH8WWVd2oSHwDPyfTxDXCwAQ/fMIkMcYCd8plNWHJKfmw2/+RgJWSVlx3UsKk483gmS7wcKlOFc4G4Olw1box41xehq8Ms6mYD6GYzdJu5rMg9/liZ7aZyxVGacmWBWWX10LUHT3Jp9engJOA+XxAhJe6TBe+BP2AyGG6IJ8gFbnum8A2T8U+ILz17cSDj6eNFkhUOQBl4TPKfCQyeQImDZdIqaUxVAxduqXRfkxWgSiyrVZ0q1VKIzwEYngli3lpIZsg0tUtgyOHbqaObsO6Kuz/Iek7j5PVz5B4UALcvw8Dp0eohs43yH22p7knZogBF1Ubsy2btq11HhjZbntWORuYpyfAKhKNgCADnjQkZzLBibTcBkLTyVhhkfJ2t1Y/4CjJhg2zBVNkoMx22crXe4oqW6Upe8iXRjDLwklPutExToABpRp88yqGmeM4hOWp2a7DNW1tL3pjFN5SFNCbxhCWlRNt9LgW0nIrnfwyXRLklrWlpyISw5ENFu8F36j9qlQA7lUfAo3KeZupriCNdVwdOE2pLVMsBbDReZLjkUfLS/3IWLZV5i7fZ7VveKaAsLTX4cjgJXBou5RGWfGOtZUWWNLDhs5ehmYqSl1smR4Zb0poaxpfgpb66IDVSrKrWbeMj1fPCR6rnRT+oM+we6/LpQdOjh0wzNxs+15TZeErmAFZcXaBogiAsaUOzxIw8wk6V24VoOUyYYbSev1tfpmYYR6Nf0spyTVvj30db6HvS6DcwM9zgCaMZYT2zpUHb5SXfKd3H1Ab945FL6nYY2tLuoNFsn0K/N/ih7easdmqYPtpe92gV6D0dzuwStpR3SvcBWPrf8BltjbdtbWO4nbbb4tFSs5q+F29L5U4B0e91cm/6LWmHvAbeA7kcLrezpCVm+RDa4PdGK7Od0cZsqy9jIC+HS1oaJi810Wi2g6MNE8M0ox9hp7TT2aVyw9s/kuD/g0wCZ7Wk5dQKd0+6t8T+I2m9whbNsCk0w6USzXBmo5RoY7ik9AHQaDZo+76WsLXpTqx2qlx331ZPbif61UPXa75P4wft+Pm7j2VfzaiPaNxUPxH1mZwcGAegR95lEI3P8D7GGdJkmMk43O6fN7ANvgRHmbR0ngc8/reg6z9Ek3JgTAQ28cPYkeHD1z8bDy/m3teW133DIe9NQ/NCR595XCRWtES7KLamxMAKcc4q/1MkQlSlu62WPJhFV6HsCCaZlSkCXmBLjujzvOE/WspoiVlO0SPeLJRnO2pf60W2Xi1NoTZr7wCSYIjLQwmRn1VqFn9PMV7JmACURiYlMKJEs6glJif0lIEZotZKX0iQhuSUkFyhUtcG22wb75N6KePr+S1qNloClpqhAQzvRRs3jA+FufPEO7/y1q/8/F///JRXnfKAv33ARftd9MA3PPAjL/3I7/7qd6e+4dTb//vbrz/s+vDRvflPEyVvLIdoRL5T8NAMNzwnN7XdZDmVPIbJ+MYwwPCmlvISRliC7SLNCrcmcsMNPiYb+oTkZZXzPJyGwPzXa8pPsPgSfN8UPgGNf5R+KA0AYSPy7QSA9/OhwGnQGC6FoSV4zIdvDHHgJcywUDdoIo9niDb0Iwwg+r0bXyrjE8ZoouKcn7Hhfbz22doHLoE+GhNO+HSHdOcQukbmSiEgQteRKdzFsrqmfSb3H419Vv9o/QvUfrgmwq3rf8zltvW/DgF2ww03DPj7679g139SRgL1iU3A+9NJzPGb1n9zqz+1xMRU/lvIMD/BeA7MT+vCQML7zM+EMkDgAqNZgvEB87NT/2bpgXFU5KW4AuAy2xGSdAJN3HD4L9Y/Mf7Z+j9QcU6J84NzKAAkeAsRLARJzwqy+k0fRAo5tL78V7e/J0EPlQTUFAoZzZCQqzzjo2fbo6VHlF5JQCOg1toaLKZm6Y5W2+/nLXj7imjKA64ctQRMP7EpIfR6IEFyTCmElgBTJokiA1esMBHAnAqREAqGbF2C2UKKKm5gs9W0KtPgZFSK2mZbdlQIPa2T8ZEJ0VIZGA+8NB8KsMEd0WSADb7XGXu96IMveuj/+aGv+8zr7vrLuw677rDfnPybN3/xzQ/4zx5w0sdPeuR/8cj9Lt4v8NIqzqeTn38anHL43A4NAVwNmSzBuRpqCs9zd0omOECGS/r/UXZn395W1aHnjWnVRLEBjJigaNRAbFCkURCBYK8kMZjELpZnnNsao25q1EX9C3VTVzVGjZyjUaMGEUQRpQsIgiI9iCKCGkxsMFETMZqkTH2e57v35OG3Xzw50+Ecc80151yzW+tZa/O+784BGC0nW5oWWKUe8jz7ibXKcEYYGA7mBuyaRRgmtnUpSDc7OZDl6J1iRcBgqjlYe+DDhjsQcwQSTjFTzQ40DG9tjvAOJIbI5wkTnoQEmHCZGUy3kpkaDMzOMJzYKKJLZmZBwwTQLIdNweS5hwgMYZKDiREY4fiI6AiQwChO4HEIwBFgxMLZH+E4owIMw8DGDzrl1iN570w2jHBQdNognFeIPnnOMedMpxNsytnVl8WU44gYI8tH98j1jzI/bf0LG09ffxXRb6+AMHz2+ivYCBA7dv01Ruinrn8vCP6t9Z8s6A9GPXnz78I88YlPPOaYY9CEzfZXQZg66qijmD16/SUEBMb+c57zHGK/+7u/O/apECZDkvwz1r9vY5ifFnre856XMLq//8MlMiSpcMxCLGztU4HRVAhTySxhYFH8w9Z/faa3l/JoIOWpsWDFg3UYsKvRJDH7GUB/XIhXhkyxYwk+FC83ML2qJYdWh8K225TcXprSgil5zNrCQuR7vTEC44BaioBZdrJPLM9bBX/bT2z2VZ5VDvIRoD6DcRJrOfYZV2jP0+Jac7O4FN2fRJAHhIrICawKciIh0i4/CFhyYAJyxWD9Q1g+lclsNSIM12/9lMIqFUvayz9PrIiopgn3wwwJ55hU0ApTpAUDyRF7gRdy3+b5Wod9pPHRAYE+3gkQNrTHtnT3AwKBYcyuDrblYHwCYSpBwoM5xjjLqR8UHgsEEtsRhkcYNpUwAW4cFIaTDwyJhYk5ZVIMExj7A+OGqS09q+zJbfw3lRvZR7diMgGmYVPEwiznTOrExn5ETGLocQldEdEwGdAQMfUdXN2rBRqOCND1DzxisKnBQ6SYGBV0GMfU4IGZ4jM6/7f5QWMCQ3gyA/sSMB6dCgEqIIJKdhIb4fDYbwl4VNCEYY4ZwoB7ETw0C5uCaWGG2Rk+TGwHiG1V2My+KfzwEAeFo1NplcXoCrPoVmUrhkaEh4ABy+rVkeho7QxxmDhnHEHOHOCsc445tXxZnG+LpP9/4xvfuHH9bWu33HLLPffcc8cdd3xpBcRXvvIVzPvuu+8LX/gCsX5BG/rrX//6rbfe+rWvfe3LX/4yPibwNEF7WTLlgUIdzbKpjFBh/84777zrrruyb5idm266idgNN9zgMY1mn8pXv/pVMpYg/8UvfpEzt912G+M333wzAW4QZt+iONknQ5Lxu+++e2uf2N/+7d9+/vOftwr7VDLFslUA2pSnsCuJR5i+cUORcc0kxdOFNRkC6F20Gw1mKn+3/lMvvHKjsZyEMMuH4uWhdT3mpIVY3VyBEeo3JXTuA6VZr1wL9LEE+MTIUOEYHNQHWUDAvELUzQTQYMwy2Bdal8z32NCU4cw2BRIDplbvln/ug+UudwL3DO2HE0IDmJIgh5IgReoiRbfffrsMawDJkRN1USbJlxkCaqrWTKkgMQWiq4jqgiN1ZvvLYySJmZ1iWUKBDNHc4AwtAjBQEXQPZW53OS3/XFUCGAdIrAwIHAhZ4H2b+6jPN9uVwtaCA0xiCFPofjw+PyQ3hSbfLSSindkURRcCwjBOfDhJBJyFBNwzFIJ8ivDYDxqGu5TY8MT685Y4ZCgSAAhLxIQJjHBrxSeTJKAVE07MsQI7aFLPfsLAECYw3hZsNEzALJxk9gnkANwqOOzDZskk2bBFuUHASQf3x0q5RIxMwjAmzJphNisWN/DRdMM4BIaYKRa0BBo2VItaBR4ibIouTH0rDBu2v4JUCA9OBW0KpjsQkwDMc5yyVEWEjCkhhsBQjPBOfuKkUmZAiYpZzonBKcLxya+2n0C+YfmHicE8ZCdvORkBmDJFEqYL5z+cSrPE2AGIhk1lkzCbO8LwEKbgbO4Ij8oAlRwjZracqwhCgToVqxEOjLMcxOu/E+e46BjpGHS2O2F8+7773e86wZxRsIPL4XPf+lcffQscv8vfUvL+o+9FKIk+y44kTuCzJS8+0V4YHPKmfPWrX+2VedZZZ1Gxtu+2khC2ngOd9+Q9HFmD+5cuzjzzTCo+Bl6WimEnEGaN0844HG8RYoLxAD377LO5ccYZZ3jyitxjBcgX48KTFy8e8vJIGJNN9jnmG+BJxBlt4dhlTaYcrzg9qgy5wT7MPv9ZY0oI3GaKMwiLCpZZbyOKylNnwOR5giOWyoPgiRVhWYLzgTrLlmgoZP7wiq6kkRQvPmAEkzXGVRRUUeGIVxpB39G+lFJNWJlocY8Fnz1ukxdgrUYAQTL/+6Pq+Q9qGjZ37BsuH9L1k4wG8WXGEpaGcYApQ2J5bgMzri6WK4eWIGyWe6bEy+HjjjvOi1NLkDzppJNUQexUfO0qFoIphOS8+MUvVoX+5ciTTz5ZS1gUh0GxMG4h9nnLpk7TRQgca6FlniLfss+mxHKMjCVyzJBXfCCPA+PIj+RYS9S1hC2gcH2bYTuqL7TW0sZokP/EmoK7AbhzEOsegGNz5oysonULJiMEiBGmCCcM24ayR6WKZCEBmHvkf/xLe/ZhkmSqDl32ibHvqgE7Doi5oMQhbFa8bFKRSUPMhLvHjHDrsmkVyRcCQvayk5gDpVXiZF8JOElF/qkTKFgYf+iCNQsTpjXB5gCcS3FylSKzNQOVFu2/X7h1EXPSoeMTVnRmSUpdy5XnnEFzBh9NC02AsGKRAYZNWY5BzYADFyAi0D+8IpNjMFNWJBzHDjIMA5nHB9khDCcMk7c0jA/Q5NlHjDM8R8sSgSqiCo4vgecPAR1eaSY/MBqHmKil1InBAsf0GzuYVIj5hPCk/+IzKvYRGVuGMwiNChOA+cZa7nFAIMKEuYqJY9OZslY5l/+JgvEUS3jFwjSECfOK8OBUtsI4vDKFmX044dQzRd4qdq7mH8t0UxEgsW1nkrGtCKMdQcQQBAjXPwipI8MmBzr6pLRzxleMrpPqhS984aMe9ZHlo+tJcfHFF59++unei05DJWEXn1tOMU+QfuGB/jvvvPOk7IILLpC7a665pn/c2VnGOUYt48MuQk9Ji1122WVq/7GPfUw6Lrnkkn71ng+Sypm1dcXDD8+XE9ZfHWjF888/39RFF13ESP/MpJcNI4ZCcjJ6svgee+MKkhjhCy+8UKiXXnqpA92ryJmu8KLVDWrvBPdIcsr3T1d+5CMfcdBQpO7V7kvgGqKBag6E+4gwhezUrjWnclULoBmXBwtJqNYUiKcbfrFY0UfXC5tNzywFkBxGBCJdwnTfKQ81jdXNwsDqhPv0ShGwlkIaUiSgseoD7kmI1R2vFUtoDBIwa2n2EQTgWgpIY/ZBXwv2YXTM7bpA7SQTn0E0IGk5Ylbkj92o7WTM6rInRolqFQ745MuwG5KSybaWkOQrrriCNfmRBO5RZJMRn1WPYGt95jOfYefTn/60ZlU4bmx/4cGap+X30FnOlFevr6xLJX9kW1G8p+VkmqEQLCQzvJVwm2r2DAE0jlbnOclip6W7VJmpvs387KbfNUvpbRP1Ik9S8zeFyTc0V8M4+AR0Ai2ZYd+QGJyAeAnDqbNPxaJVBNMWoEvAFMw98tEZYVw4OOTZp9uUmwdmV1VbNQ5h2EJC4w/LeoNKAgnDaBx8wvyRwHYuMGyKGHXZSzEj7FudDLO0MLfBslbIMA6+WUZI8kdouZT/MGdSIYzGyaBVqGgGQ0wq+a9tiLlP4+RSIfti6TRLaD/MrOVSzrApqyQZoQurLxVihqZgbUAAjqalZ9gEhuoFA0y5ggmIiKk4tVYYcAkfMD44YZgdS8OMmJIWWw+ByRQHYD7DAiejCnIufEHxnCR/OGaIyW05EbiNBkfLDxX5IaNYtDA1G7MOZyqO0FRSJ2wVwjznmEAA4ekTvkmmpQ0JWF0sCE5qGyHzk+cwU8QIm2IQbQl8imJ3hrBMV4nZbMpCTFGkEiZsFmaTZHkzlTCbWUa34tjnv+SwIFhM9onl0jgD5yp5q8g/FUNMUziiQwhKaEojgfaggwXfYWInmnXmYPr2YfroPOqY9aXrm2QBnxmHIOecQazga00L+LIqmKQ7Og19CAWGVi2J9pEm7LyTI0aJEbaSc1CzHnvsse94xzt+7/d+T5zs0xIV+7LJe9EKhkEqwIOVKctJq8eNkrNvKC8d4uw7MRWJnz0i6YrWZ5jb5Nm3kAgtzX7niLPelEbhknXdNbjHAle1iC8ls+wL1rrHHHMMSeqcOX79PX1sWhGTKc5Ld5dNSeAS/83Cznf+iJQkn7kngayJmgCDomafuiZWBqHx2dKiY42AQBSJFvssw4bAQmY7dESKsAqztkfbhhHCKs09nxbR8YRZBeJYivrD6qC16MrPdi00wGxRnKYAYSBFcGJcYkekzGoAbmghGRAdZ0TqHOQGGVN8hvvtF+eee271lX/yHNY5/LGiQnCbBQYtrVhvectb1JcDLNgGllMUuraWyiKsLpm+lyI1JZ9qbS3XLwQVwBmJtYR3j0IYyry6mFIjDrBgXcblChDWlppBCHzTSxyDXeDsor7WvtMuMTgUEeWTGHn5h3sWdGlDk3H/sAT18okvh5i0iOnqnmXRjFDpOkJAcvhDmP8ETBF+9k+fTf4H/7H8CUEyVjFLhfPkybBPWFe4Bxu6rcKuJnH0D0XlZoRLtAy1iikCCbvBsExFvPhKw6BekiIcvmEiCFPp0hmNb3MxyBNJUy8FLVh+CpCAdWE0Dr5ZyZQf/eMQEIhaFBqcCswBHFiVKWpFZSpkYpgcUBf3MG7A3BOFZqPOYWYZR1hO6ccay9S5hA9zA58dZrW9EKgwuCT84Y8nGBPG7MCVHNDQFMw4J1Npa2DmNmdkxhCYggnD1sp+a3EAX0IYJK9qpjCJ0ZIHtAArGefVwtaQCiqEiWlRTDtOTsTl8gq7DcPEHI/UJZMd8fIN024iZgPee++90uiCyzJ156FVHC/yZo8LgRHD6ijDXMLhOWtKL4frmfEobW+ok4HoYJG2l1s0nEyYFv9nmAA7O4qmGEwXBmP/ICbTLFyx0k2Az7AQYCEklkGR2inE0BULNhXG5AwB8cq2hMCa2X5xRNsO9qMDkNbeLzzwpuyX2HuhyqkCqBm+Gvvq9Hq78sorzznnnPe///3vfve7P/jBD77hDW+46qqrvIA92hx5FraebalavUQNe+O+5z3v+dM//VMv6dNOO21+bzmfRKtIjrwvPfyX2L/rXe/qVwd6SftA9ngqJNtSvX3IP//5zzvEPbjf+c53su8o3/5qP83RV0GvOFw8nk4++WQCb37zmwmz7737mte8pl8dqI20l+RKnIPYUJ+Z4jlvCXjD+cjJCVcZ1GeamHEJNdTWwtHu/DT0eqPSP37NSXy9zm2NooSOey9dC9111138tMMxqxkQIDGbqlYDaMA3U7pZQ9x9991qISLn480330zdmcgHKuzIEt+IhTutuKeOQL1rI9bIz0K6ZDZGTIBfR2odwRryEIGDzoicsC8/aipjjItOsRBmZUAyFcK732nYs1XnMK4ZXvGKV2ybwSo2qmK5DzJOWJ41myR/6EMfev3rX7/TDGRUjX0L6R/JhF/+8pfLjPbwUBYIUz6rNQNAGNauFQuWKAXSsWJhUDjOYjGmIrHdYGC9AUu7rcEH0YVnj8mP/ldiWl13xBtNDJ8dRSFja4jLQpimfIwxpYhwtFWyzyV9aAlb12FBhU12CHOPJ4c9Ye+fV6PIQ2nBJO8jYYiZMGu2fZgRmHF8vpGXK0vrPSqYFtXqhJUj4fi8UjuWO00MEyZglVSy7xBPxSqaIc/FDnOJGAFhpsJ/fJ4wVWa0mRASLrSSydXUYfa1NJnO2SzAFqXC8/HfKgXLYZY5L3Xs52EqnKlYLJd/RmwoRqRFyJgkCcC1BKZZ3vIKrUB6QP7tDgQZmHy6xBImBgNl5QZC8vUwgh0qhGGr4FiltWjhV1kpQrCGSQzmMyzzhSxYfY5JmDp/zEqOs0hcrpvybN/BaML2jj5UHbOOCPGyo9AS4ltA0fWXGEyMIg4Vs52BNYNkWpEiGe4xLgrrCnM5TVYgWTOTNyt87sFopiTKLBomUH7ChuHEYIqmwlQyaMoS7CNiZp8/MGeG02zyCcMJwKlkPxU4GcUCCAI46msKnTWOVSAN2ZEr+dQdcRrDcWfoM/e///n60vXNo69UvQBIWxK/Peyw05eKKu9Mv/jFL2YdrUgS7V3CSw2qdcxqccIccpDxwIPDS5eF7BPWKIRZ4IEaayYyjKul41IW2GeQJONK28OU8bpf66grP5WfrmeTVXwUldnStPSofb5+L5b7pj5gln1aFrKoiwI7+snOx2TfkHFLcNtZzBNJ4L8j2Co+2Cxz3hJtPMLsVBu+tStYs5YlqLNJnhg/O4DEJauELWFjlGemGDHFmlIBPgSST72esy5Jlnn7qle9SublzdBy7SJiWoHnEmIV2Cbhklm4DSBGOWeNcPLWbemw2T42cNVBwIAz5OUZEMa3hD7r5yIuGYKlIq5KL+06x4pWx1Ru+X/1q18t565f8o9PV26lTpJbiP+GtBRRBrxc3/a2t8mkpQVbsykl+4zLAEluKE0l44b8aB4rnn766VQkQZKtXkSuODiSzMl+IEGFouXwDVlTUML2jCWAZIrF1RC2ikVhBn2/uV3Ce0YQNrScuxGtLjpdejwINC2+JSgqKx/MSiCmKY4RI8wyRXT23UI0DAH551L+E+AP4Wf967PI//BRy9+sw2mWQZLkcdhPOAdczsIchuWNEWnnCX/cY1w7WIB7/RB2wSWMFhq+YKlwSbw47GOyP5bHPr62t66GcZr7LnKJMzKfMwQEmEr+81w/C5xZTYiwnKBMlUxi4k0dZt+s3pB5zgskJptUXKSIecl1qdJs+BrGKpofQbhw8rYyVbjyT12M7KuXEHjFLAdgbUBSng1hsxyA8YH+kR8Ng0kMZjCcMGzI7QhLjDB1YrUcDozmCS18hwBMXrA5o1Km+IwumfPStcXEBSes/035WPa6dd2E3VkT1pmqrA1Ys/W4QUx+vHEdg+6pUgHLnrevZFKRQ+vajPIph7qCDPV85o8ApU4DmJI9knyo+bkkSyUK3RlIBmaN2OAIArAVDTugQEYGB+vMIaa4gQ7v8AP9uQOYBBAjhua8EIDodLVEwQULVz5YHnBkksPWci45vhxNzslTTz31UY+6dPnoep95WxgjHIX6T7XwGXIqSffxxx/vqfHa1772vPPOk5qPfvSjXor9ZzaFsVctwyFnlkqjPcLk6PLLL3co999cL7vsMi/Rfom93aIGvNEl9qHXW//NmJfnn38+R6l4yH7uc59zOOoMZ5kWNGtbag5fHU9J73IPJsXgjCy4QZx00kkeVU4T/VS1dIPj3rPypS99qZc6D71xTV100UVnnnmm57hDXAP5lMoRQOg257VHqvC93qTJ6xmWE6aEJqdAEgi0W9oVNrCMe/a5wXh16WPB8tlm8C2xNGGJ8hbUN6LQndWG8zaSbAA+Ax6yj6jG7cYeZ3IuYxwjcPA/wKuuXaRqjHNMHihyz/YGnAEMMmvFgGIQM2ei4aZqu4QxAc8ZtI0tpHzyo1gCtCdVHGEhm1btRCEnUsdze/6Tn/ykxpgfS1C0k9tvvCWGqTdY03if+MQnVPySSy5hbZqB/cJRLMtRxPQ516UsqLWa3nTTTdbVDD7AkiafneMckH8bAHZd6zQRhQ88QvZ4Tli8MJBY3jrsYMvxE3aIwFpdWWEZUzg+i9cUJqxjcZSbBTSMz45wiKVCNzvZJJwijhjjkycp+SwI2ZAYO0LgHnliaByKZvmPQ174CVuOAOb2JSe3/DFrIUEpqCm6VCQhga1KfMIK0c4F3BvhxKigcfDZ5xLMvoOJBcOmEhNRqxQRa2ZtB/KctxBmeaAoUlGUJfziMss+Fa3e0FTZGPtoK1odn7Ae1jDjUtZMEUazz0jFsi4BZhWLCiZJscN6ybD8ozFhHQKDmqdhAoTD8UVnCBsCLhkCdjiWsNXDOLApfFilyDObMzyE5QcusarAeRhTDknyhylxNeX0oOWQhG03acchrNby4LgQrymYQftFWmxSimiYSsL4ToOKJT9UzHISIUaeCE2T8JbNasQZZtfzYw8a8hOhImHDMNDJ/KeO1v/4IF2WB2+JYBYaMZzBMxWsh9zyld3BAUmYWM4ISryiE3jVFFd4SqYcBDhMl+eOOI3UHzTx0XnUs9aXrjOLhKMHV64d0/TxMUmrlsOLFV+7/vSyL2IPWTWQa2s76FlH6AZMim6dvRH708WSRZE11fJxYk0A6kFdsVVUMNzoTxdTYZ8MI23mcs0+yXYUZ6ziikCFfdn0OVdy7cUZeWHQt8FQl+gb3rLvpQiz72iWHQ2ngVhbKrz2KA6gzvIpp5wiFhcCbtDiiQ8b/81KjkTziq6QOWah1MVIq2aliInOGYFQ5L9FuVq1gFSwGTbkmNjNdhIxghCj0rg9SCmXGGeq3UVecnz/CPvwWIW8wkssIzmGicNbUEshMHkOs9BuIUyMHTQtfMAZKhHhBApWvYTDMS5Zl1kbzD5hhzDnlZKAZOqiXuq8pSUtltMMombfDUkzSIIAdQ5rLnaipuIaxBlGJBbRHmYfdMeSGZ9k8XoZ88qlUvmsbgklYx8QI0CXHdUfFZLEMK0uh/LfJgf6U4/5GsH8xLc1useoJo5Oy749iSBpChYLMSui2YyfsE4QPlraE84msSzjsAxn0EKSIy1UYoqdAPd4FU0RnySssoAdbckmJmcounOgu5PBtLiniFT4w39DNJwAFYdFKvguJbJk1qJCQNRsprKZMLGE2beuErBjm8gqZ4hRSWxcIoZffmhJsgZDmMr/MkMRJpyKVfArliRYKGGWx/8cyyXqOpwi41QIl4FcImwKxodbnRb7Dha0YsEW4oNwWJA0hFkJQcCYQKUMSeIQhhnETxE/9cHspEvArFXQg021LiMEYJXiVUzOwzyHC1kVOA87FgROnT+Csiub8uCBvRBE574u7f04waw2ZkFfccmUreEFZcqzgUo/D/C6TdhOt64N6EuRG4VTRH3bLA2UhsPESqbZdTvuHXd6SUUQBMIJYwJ0Q5gdnBFLETaVHdiiiOgIq4Rx4FFZJ/cAP2ijbTEgMJzAKoFY4IIKC18CywPIJZ4D28eW6dze+3u6vsDerLfccouHi2+yFwNAeKZ4UZm64YYbPCmuv/56LwO0RwZhfO8JNDDrAYdQUS8J5fFqQbPMvrcpYabYx2fcczD77HjGEfPo7O/RotnB9xYh/OX17+neeeedhL3F2ekv8vaXeqmgcfBvu+02MiQZp0WXBYuylhseTAVrxR37AjHkEmGYZUa0Vz+KQWhToC9B26l9YojWgoaiJqNBqQhE77LGMVEzLkAdbKqjgVYtrjCqsFfS9Yu4lHT/7xLodZbZtEO4agnYUKSW4J6IsmzjkSGccYpwGxhognBgaaBX8gEHLRzD6GZBHsIgYSEzJSeMS5RwBMgZLnEmf3gITBWyZNre/W3pilUzVCwEMCVdzBamMrFJRX0JVyxiZi1E0qyQ9Zio0eK1tBXNWpSkoVa0FmFAMmdgZwfPO0eUrCQLX3Q2mN0C2udOFtixC/uSYXZZ8fmHAY5TAAFjws44mHA0gW4wyQ/E7NKTcDRsUYowGUTYsBse7CwgnyIOFQLhCCqmqNjqcNcpZyV+Fz58YmQAFcOYMDE23UKowKkkHCZGJTuJdc/DgTOSWfJgLMOJjX1iMEmYABxBALPQhEkxHIeMWWJBw1JXTsr/Nj9blZbDHPsjDLduZhFhoAHMOrI7uwdrFRg/mCEfYCr1UpylsVZIEt4Rhq0VNjXrbgGTPMdMFayU4ksp52FByZUpgDBsqmuxT7Lo4Ggy+ARgfYLwhWDQxdSUry8xnNQzNfYxAX84w408L0z7yFHmoJgjxebqZANzysXvYOnMGRyR7tghZpjiqMeM2IHEECM8nAAdcCnYG69AYI+7D45ooXVKwOLVBuhphjggC44XB3Inj1OIhSUvEtpLzvvDY+JZ658sBQhDU94BHihq4ImgBmjPNU8EfM8XfExGFAyhJL0bevp4rGBmJPuepIxTRHgJ9VRik9jYzxmzZLxmCLOWb4RZ4wAxi+ZM9s1SIUkFILx72GGNGD+9mWB0zhCmkn0uNWzpxHRk/uNbhSQ+EKmm1HbtTLnWebMB8DEJGLJAnhtWZAeYlRaKteZUS6lsG4q06IIWEjXMPSmVDbS4BI6fZY4Blgkwru9tidmHODCbWQbEgFmYJMJU+5AdHO4JJxUE3D7PPa6SQaciLvIyVqr5yUnAPeniFUyyYvUSfcELXiDhHpqyKr0aCQHXG4IiTNGDlfDxxx/PAhUy2oOYWltIEghzGME+Pjdgq8CKiM83usyqLIIw91g2JY0MUjErD5glR3R2RJut3d7dyCfZsNtG1ywc2HcazBAmgJMwPByYwOAhEoatEp2KWfRy8KxHz0+e8pP7f+v+H73gR/ceee+/vfTf/uGx//Czo3721SO++pMX/+QbR33jn5//z99/3PKXaGmBlstO3nYDs/9NbR9PQUMCMNoZQZEYTjjhUYnYCnTPSzEjBAZnIZxA9mEC+MkMNITLBkwFHmfgLAcxdywPJrCj0qJwDqTYKsMhRiYwBKpQLZajd20S2BBMpYKGFOEUw/gwZngIfAKIcIqDm91CzHCeF6z8cxsWAo4pEKEBwqZgYkPj92FAR7iSwj4SdNHE5jZPEdPSCCtaWghS0YPh4NcINgwDnGRAdEz7DhEelYjtFEy4kzMaAW+JHcBvFXhrcOyDJEdsy9mBmFs8KnBJqDfWD/reB37y4zg1u3x0PQ48MuCeJt5nXhvAI8DQ+8AzzpS8exzAPRSI4fe6AlM2JcFHe9mgqWNmhAqD+NlHqOvYJ5Z9NPv4ZvlgCUCYriFhUwS4QSVnMpLDJEeFhfzc+o/Oma19/hhSYQ0zMUGxbBWzOATEVc9Nt1Uh9YOnWqVYbuVda+pXKohUKo/vFq0+YzUQaBu3r6xlP3AVIS4096zOWxzOcIy3nAT4VmmJsCEnw3YIzCZAg2hMG5swGjHCOYBGJBOgR5gPCGmxdHmD+bnWdkkmmmMwSdnmrfeocDSbENQCE1ZBINu0ZJ6diuWBS7jHK0XGiRGgVdUqB/myxHkczrCTM5h0AX4usQBzwJRbZ5yEuQfEq2SqoEDK0XZCVN+2qz1viIYDzBmiYcJzNAye2YgdZvYRKcbhQN3y74f9+w+O+MHPnv2zf3jyP/zCc3/hwcc8+OgjHv29J30PHZ8AFRaoay1EDea2hNZmQzdLLDAMz1TvlcHxR3IImEC4Nk4F56DK2BkVHGGaQpuCBxrCCZTMyU/8rUpig0cxTGAUhwgfVBw+YqDhlGM9RffeanFMzSyIpoWA40xHjeQMwVZ4B8ffQi4FvCWwDbb8o7dQ/itTzQDjh83SQg8B9zCAt4qjQgDGtC4HZCMoOcA+gh0XfXvgOAMNTQHnyeAdiNnJcxAHTIV/DrQWYnAEWN1ZIHrL2UYUDGdHGF+JwdQ0wDFFDDgP0ctHVwEmv+VaWgFCDXycMXs8DZ6SEIANZZ8dNGIKnGV0RmBTGQ9ihollHx1uFWK0cgYeFcKjEn8kV9vLK80wnM8JR2/tgx37iY0zYx+NAJZGCxBRu8Ms4MCYyaAzDrJPMjGEkiDgjKBhdECMDHWmKOKEcyM+mTCOqawNnk2bZRgQS3gwZi6xCTO4yG02NgugZprjgKJhYU6qJ1gEIAMTKOc9xPtJwLykR9gUmljC81I3BZuiQh4QMES0aCrWmpLFh7dADBZX2BAmLxzEGuLebaldBNoqCPszbLg9GhIAB+nB2dni7XCHAFtTganH3P2YY2849rF//diX3PGSX3jvL/z2P/z2f9z8Hyd96aRf+atfeeEtL3zCBU94yjef0raHswZmt/MZ3joGEkjyICQQ3sKqusDWz+gRyCw80FSQJBX80dpCTDhAEw4HmOEhwtswK1OcnZKFwdZynC0cZJIsHBAdEwwBoheFFWI+EiQweGzu4C1wLIgmcLC+y/TDP2OYI0Zlh4PwGduCC2jMZkcFMcDbWs6BgBg80J5CwP8ZeCTJ+NvZ/7xNkDBnENFDHIQtX2jFuIUEtnggYXgvQSusNhYgvGD/91DwYpDcEhpOE2yJoYM4YOj4QZyBPe6+wZggJpjhEAMzbApsmWBLByOznZrhlgmGuQOYk1nQ6eyw9hlwpj9x/XHukesfj3z65q8eHrX+/b+nrf8ujFkYHLH+my8x+5EmTIUw3I83+7muz4mvgo/B9kswbsBx+haS8UkD5GG+RfddBKMeDYoCtEofLTgaNpzvUKtsIVNgzIIRDhLbCqPzvCFabrWZzey57G29bvO9fxoaEAgSDtKdhfi59V/gUge31tjJAuMOEW9Z3e7t60Hsuazt+7GBhzU+6KCxBQL+HIQs7w0OQLNb2OGPbzG3OMjhxPC54bDrvINxDgmE0wJrnvZyvoXV/CPC2Al+jspW7JD0YmiFhmBLg4bDXERXukXB0Ov8HuwMAa0tE52dQ8K6yALRgx8JsgwPxK8KVWQxtwL+HrVCkmBv/HCBLR2ssgvMcJjD2cLWn2YHB+vMAlv6kLCVj5ghaJV6sq3d7htoU6/uLDCNN0zEQWgKtMrP2Wt71D4MZ0dlNfMwyHirDGynthDnkHhgx/ODNCz2YJscduoWxw56b/wv688/nT7OHRPhCC9is04rJ6OziVg0YXwyaIDvwELA+DCBEYYxmWIQP+Mtl50d+wnDCcPg5ziTSjLw1v5WJRxnaz9heMd+OE7CDCbfQtkf4R9s/gwqbAoHfH8FnH/c/zOiBNjkvyHMFEyXETiCDKa1RqC10GFi8PiDCWSepC8HQmUHxwGJAeoH7cNMEUP0oYLpDrCGAxMwzEmhsSMidsKGsFWyLwlogRui4VTI5HkYBy7/hHkIk5E9mCIPzZbbLGDSJUAYRk+WcAzJwOhi4Tm3+4DBwI4Ng7ZQYLcE6DbPDj4ItpmpwThzHRnOwM6UVRLYiqEHDFOBx4HhJwPQbh5wlyoXxG5jpmD8sCn8AcOYxGA2tyrN7oluhOHsuzKS7NLWumGA35BYOJVxbDAxuIXCHIA5M7gAJ/BwUE7C25LtlG8IGLBQ5nG2NsfyqrEHhoQRy9H5cyGxLWw50Tsyw2yVWQvsuAG2wggY5HPZG5BV/FIXveUQGLwdsrPF5X/UMWGAD9Ja/Voys91TywZ7BJjZrTD8SMByxIjFGf5BGGfa7LPlAWY42NLgkSwfVDloCoyiAqHhAA2WHJVNibMlgJ0DfmP/b6p5q3mWeaKhe5x51Zn6zfXf+fREQwO7LhW65L05KOL0kuuP21DxzsOndfjhhyOevP4FMlO9FMc+C/Gfuv4SN/KArmF2LMSyRWF09s2O/Yjss5YbrYLOvtns50z2C5bNhAt2xz6gwoIhAXaesf6jhs9+9rNxnvWsZxGATcHgd37nd57znOc885nPfO5zn4tpyEPP4pxhv3XZZIQ1YMgUAUxpZBCuCmWm1WFT1GFaOHKCkH9mnWXk1RR2xpkC+IwDPsBswmUeNssUGlMpyTNFF7AD22P4Gib73CMsFlowawIUFMdgnhgyJfbyQ74/zWQtdG4zZZYdHCsyAssb5jHHHEOYuhiPPvro7LdQTGIEpJQdtAyYRXPAukDe+uEBz7X6dH/7pGvE4O2w24ZPNbobRtgX3RTa1A5gNjViIwwTGAyGSRjBH7gV40QPjAqbhM2C4ewJ7RtvtijG/8RcQQy7iMARriYxYfcVWu4uhNG0ugwlmVbDhOHuSVvh7jpwRFODszwrsoljCo2AORDGzHM0seETG2hIDBbsYBzC8ckMHNJ+wvFHBcGUbGuYjlGAE8aHDwlNDWZnyxnAbwlrhQkM3vKTBGmNcMHmc1mqOmuh9i7xZsuzWsDdrSf/ZODkQSrMhg1ZJgm3FmKiQARlps3VB3iwTQcQA32kQfytMJx8sLXQ1FbMWohwsAo+dG3CsRY8RnYglUPi1A8qjgCwNDpsmMoA/vKNfXjnGC4fXQn9h/Wv1vWHWf5u/aVp6L9d/+LHvffea/iVr3zlO9/5zl133fXd7373y1/+8rfX39+H/41vfAMf83v7v5feawPf++O+9d9z+NKXvkTg7rvvZuqrX/3q/evfcvna+leMWDC85557TLFJ94tf/CJhKizg84QMNwgDhCEmZzjQX+mB0ezjZz/jhC30zW9+kx3WCGz9LyKzDAqBPGEqLOQMmwnD6P4Wyvg/zrBQaHesfz/qpptuwrnlllsI3HbbbZaGwc033/yFL3zh9ttvv+GGG5giZlGW+U8GJs89xq1lIQYRhhwwJbclky5hbpht9ZwRMoO0gKehWa9AWvZSL0XYToMZsRABIAQ0C1ZhmXxV6M8uIRhRTY1BF7Zje0T2uCTAMie5pHDc6K9dSQjgXsnEsYrY5UcSLHrr+ssW77zzTipWZ8EUTAyHNeqMExZgfz2MCmv9lSEVn7/fRV22OUzMWmjZIwCbwmFBpCyLqBDmHAGdGjbDujWWC6nNY+d0KHQTdbHoPrqlfb/Ry1V//7/xY6JdSmDfeNjHHt8FJUxgri+g4Qig2cSHMwUnQwB0dXAXwXQ74WdLx2kWBoRdNci4kbi1uJ2g3UUIwATcUdxyunIRAN3DTMHEXH1g9yGmiHUZIuMqQ2CIplye0G6TZNyQ4C5bVkcHlsiZ7rtUuN0Nz90IJpNZMgQQLKO5lOc4sCkpwoQNSyOQB7iiTLHiDB8GktYQQR1mB0ekaNhUeGucAINaAsg82pEKRwfNBg1phYmF8cMjM8RWLMwffJgAjBk0DBPgIbooZMZQJhESGEiabHcdh0VXSqVXjJho8nAQE6YLU2ezzMMkKZqCFQVYjk2z+SMz7awuCrYbjN6CLw7cVB/yMCaMOdBwi23YsOHgCJBYdsJj3xTcujAYm1vMlCl0eGd2OwSE0WHDrQpmH9q5E3S8OGeWf+dBpjRWVQTyLrOmYZvBlKeDNNkkp6y/re+kk07yyOA6ztKV6z+OYT2EwturZm3I5z//+XbUiSee6IFywgkn2JCMM4hJjBMObpVTYPLUWc4+FRxO90hS0YJRV2ap02WTGIHsv+QlL/HK4aomcLCKiP8IQ+FY2jlLrH+vgwqOwJ1HHCBQmhDaEdMUYWEKkLCXmUsflzhAntsckC72a2LWeEvgzDPP9JiTaM6IVCrkTYMSli5R+5a0B9j0JeD/8ccfDx933HEc4/PYlyvOs1AeXvSiFzmwuETspS99qVUEa9aUtCunEvDEEgR8XJ1xZFjjFSeFI3XSmEvyI1gygqXlmcg9kqeeeirc39IRHWGe80pELNtdDOoK/KrGwzxnhCeIkmkh/nO4/mGfBf685jWv+d3f/d3KxxQt38K6lv+EK8qL11/t9/u///s59pznPEcOLSppSqBSQNQMCooP8i8DhPvHN8xOZ5JXembRQuhQMATyQLLrvGANu+YbKgEiJsfgHgfdOWCS+ARgNkWHSct33ZRLCdzPul1cwoTNSmbBSmDCMJutQiZnsg/MCo2frFlCZc1K2jP+benJH//y3m9J6m5kXZ5Ywors562lcwZOWOMZuotIBRn+WNRdR4b1J447EGsuLnRdXAjjMGhWPsXLDQQLptx4DLsBuxgde+yx7k/qQp3bPNEM7BuqrynCVLjq+kU9+yyz79qnW5QJ0ZAbzPI5zH/h0y0zeoxlMeo6nJI2xUKXWJgWTECzKT2v0MRgdkxVsoqFA1PhjBAskVanJywiSbMEPlyAYQIIYApQR5dh9FYF5r96IcxaHXOL+RCfAMxJQJ5XMRMo5KKQSUNZkn95ZoS3QlMsRUeooxirr/KhJRkmzBkhc1IIhpIDl22WycBlxhQ+LC7FKrc8ERoODx0amqTtFmYcIYeMo9uMAiEJ61iYGH6c5NEgAidMOJzlZmHAuNUR4iUDo7McxoQXo6sKIxHhERg3MHMVHxadlJoiQxe2omE4a2EcwBn5hwPhU4eXj27VkkSd7QhTDJklLZtK6MUgm9dee60YLr30Uif45Zdfbj2cF77whR409hIxDtknthZFbzjM66+/3tl65ZVXOqyvuuoqVfE0cT5aRSScU0jnsreL5a6++mpM9jlwxRVXMHLIfwbSpnVqewMRIGYVzthy1Ml4APXJkSORC8rh6zjQoxwgdtlll7HGJSnw6HRA2Pm+gnwDlnYc9M9Aco/l7HOMfdnwEPRp0YXCVxL96jNgUfY5oyof/ehHKX7qU5/qH/R3/dff3JYcMpb2wrOo0HyeC/aaa66RN84I0HPTJ0dnM2JRiZIuD2WWP/vZzzoTec6IWBicf7PTV1A4SkCABXbk2dVEFXy9pJcRpyExxRIFUHRD+9CHin2t8OlPf9onkOfWVTgC1KWUjLrLNq+0kaGUej5KAss+/zfeeKMo+P+C/V+9J1I++ExKpgwU2ic+8QkZ+/CHPyzPAne78myVPaetYolXsdTOogon29TPO+88U/2boCqiLorlU12xENMMkvnxj3+ce1Te+MY3qoWrkroolhoxLoFOInnunOKPw6U90zZrg8GAvPDlQYpgnmAqItx9Hw3jyxhT1BMz7I4oCZpN86Alh50uK2ZrBjFypqmECbCZfTgVRBuYHVrk7Rd8mDNkGFFoYu5PZgWFSV7hiMEETPHNToQl3HL6QZuZRWsGlmnBHFZciq5TsN7A0WNd4Cxaitgnb91azi0Hdqtm04Eg5y5JMGe4pBkQlpZVFvQDa/2lbbRvg7WoWxdmv50rn4b6gYfdz2BhMiuBptCmYNUUCPtoXsElkIUpEywPsDQyLgSEnDeVCldhC5nKlFmY8zynAtsFYofrWMxcLS2YJSeiWPRGmFhtlgPTbHau3YfgD8kwHwjA8emGOUM+Jsw9mJ+m+I8pn6JWGskhjMMfceFLHZnqK7HEcESqHDgEzLKjDUzJ6ggrEDHNwKa3hOTbRJbIJeFwtVQjxCg/LgH2hboIDWZNGyDwC1bXzaUBJkzAVJwR5kyfJ3R24CwPziYMYiLYQcwqWYZZzgg+rIjyg8ZMfesGnHrCouNPwoAwLMk44XGm2ZwHEgLXOfKDXv4vd7ImibASUpBrDplSDFvFLtW1vhZK7kNoDRumjddWtP0sJpsU1dJ6tvdZZ52lVOecc47jWCcpXoX3dafCA5FYTiFV19LsU2TfuvYtSQ3BAscYN8VPZ72qA3z1dhD/0R/9kSe1ktuWtZFci43/MsgsTzSZhdhnh7D4HSK2vegEQlfIgkI4xC2Kzz4j2YdtAE5agkFmWTCLsJzksM+ao4SrWSDsABICs5YWr0pwyTeGKTLyJiIuvfa1rzUUcgcig9kvq8wywlvLEXvzm98smfIsaR1JZAypI/ivIpJgIf6/8pWvZPO0005DC1D+Oa9A0s6+ZGoRrpI3pb7CpGgVazHeESYVii4KH13LyS0LQuaVAJ2zHseiIM+Ub7wMEAaq4wtdP5Bnh5hUiAWHnwrNc9/Cepdl9skTEIgycQC2EPd4hdA5VOSNPMKQPBnZ7kC3OmGKHGONTDdI+ZEBmSfQIQgYYap9QkbaYWlpCNiHXQ1NucmF+QnLtluCfJqVNCpdW3ucqTIBS+O4OZHpPQHnPCN8i0mAsDxYq5fc8LmK4LyIXGdh1w6zbqJH/suR9sL3f/Z9Nw9arkFy69XIJcXlqvxzQ6p70LgAwW5d0uW2RMz9zFq85ZIhy/Ljhi3VBKzu1nLSSSe5BjECE3ODVBqpkwFRELMTXdqUsl8D5TYp865TojOrypaQebVzIROO66CedF982cteRpGKiywxjrU7KOp8qzsfMFXWfdEQFqbAYWFqNt3FJc3T6YkvFsmRTHiSOcXSKjLAuGIhMJsq/6zBHMgIASrM1iGWUIVOT1DHSjLCQgRgMjidDPiiptveAWZxYFPEElYjMpykrlVwrG7K6jA6DgGzMA8ZZH86E64n+U9SZgy1hFJqGJg/AimZSjPJFKNaw+qOT5FldrjKQ+2kZHpGDomxST0VG00pSzj7QtCHMN2ilp8+xu012BAGmJKP0KuwM8eUrlYUw4Q1gB7DlwGRmkLHTCDL+FaH48PA6hxDsAlnP7HsYzLVKrwljCBjCk5sPKdoFjaVohSplyk0YZiwWTjaFGyK5zJPXjbCFIHw0ctHV74ktG5zVCmAouKrsRTbFR40f/M3f/OmN73pAx/4ABP9aj/PEYfsPffcY8+QZFEqVZo1jw9eenzgvO9975OL+W1uPgBOAVEJWLVsKvvZ3vag/MM//EPC73rXu/76r//ap8g2ftGLXqTYPjwKwIhvgBZxdtvbZ599tmclJ9/73veee+65nmgvf/nLbWlnrigEL3Jt4TPp7Dj55JO9cfvVfvynSN17rpe09rJtgNj1k6/adddd9+pXv/ojH/lI9n13qTPCFINasCxbyHKOGEtfcskl3PjLv/zLt7/97fM446oN4ETTyraHE0o4Dhqhve51r/Pssxk8zpTfE9bjrANOWmodG0m6br75Zqn75Cc/SZh9pi666KIzzjjjpptu8plRLB1WsZxETlJFURoWuGRFnsuGx7H69pKuuLTossCOz7NivfWtbxXsn66/h3F+9V7F0kAdBHaddGkJtyJPWAe0Z6sOq1g2s4+rSCuW3MqAPL/qVa+STJX9i7/4iz/7sz/z6h37YtS1LDga5FYyuefZzcJ//+///b/8l/8iSzu/2k+lZIwb7PuEKNZrXvMaPUP4v/23/3awGXSCDCCEzLgotL40WrRdR8DWknBYsGbxEboXx2GNti4BGEef2M/4KiuTFYuWob0ASzIBewdWFByFIC8zaB3oMGWKM6KwBeQKtpzqR0ujWXYMc4aiz5VVYKkQCwtHPGH559uIwfh8s6JiaQazlsMxS1d1eGIjE9Np6i5w/M5ZYsCUKvDhJS95CS27EkfbE2ZTOKKTK32ol1hDEGBT4dzt0NKuplqFirKKrp0rNGuZ4pKiUGGt/4hgD7qxcZi6YDv7LESAfZdLzhA4/vjjMbUT3EtdKsjDlrCQQNSlBJqVHx6WpYrFh4puCS1kilYCYlcgWNoJw4wwSMuxxmf5p8gfeYA7WxW9zpFJmFmYAH4CCSNaFAGbIoCAmdUMoPrCVsTnGIzG4QmznOcqa4RnSADNW3SBy61AHBoSayHqVPAlUzhSZ9uKl4BcyS1dtYPlH5ZJ9nkiIjnXpYrSv1fvDNR1bNKVXktT0ZlidERQcSEzW5ZM2aGaZC4NsFxJe5tLh8QkkLChWT0v27AhPhUlQyeWNWJzKYHjU7G0TsPhhiMUXzO3ChXDhOEMWogn9i8iZmKcgXOmFQngiFRyEsYngM5zGI2DjybAE55LBfswKFd6AGf56Kpc9dNwoG4WAzklVJu63MYmI/UaotSbtbtI8oyWUml05WeagI+oHeUo9BnTRhrCnmFZAAT4wTnL9V8rdUkb1VCv2J/qzb4tZznGdT/7FtIcJLmkb1hmillMFnwDlF/kOY/QnRzmEuA/C4YWpc4fWupnUQkCCNXC5Lyo5aQ+s5x+ZcERzyCz0mcJhHA4bIo1rSl8wtRF5BgSNbOW46Ri1KBy2KEjTLpC88S0bXS5DZD/JK2rnO2N9pJkWl2wMk+Yb1YnQ1IREfxvlreC5T8VBlkANpuTiyeaiVe0EMxyXrZ5zg2xoxnnnmDJuPvXTzLPGQQVxi3Rf2B2vZgMO6AFqzXZt2EEywcGra6afBOgWFhm5PTTT+eMjcEmef5LFwHCZlVWIAqqUlZhmSkOq+ByY1zvm4aik2feSrv8k2FfHjijbaSLgAy3YRriy7yldYgmzJpWVCCZR5CP4BIscFhjwO5bssFnPaxzTHVDouKGJ8M9lQTOt3AczwsZ8+EXqeVY5gABobn6MAITgxnv8eGdYetahZPaw3WWrhuSLHkjnvTPJ7H8nZ8sf+pQ57uuiZGMABFFwSV+9p/x7rzzTl3nAiczbksaxg3SKjxklpZFKbqpKIFL8wknnOA2o2SwjnWDVHTuSZ3Olwd59mBtSsO7lGu2z3zmM5KAI0Y3PE0lkzzhswuThVyXFRe2r7mh5cSir0Rh1g1MfXWOdMkGby3Hmja48cYb+33J2slFXylduaSxqmkhjzMZhiVQHkomLEvClwoxcrujH2FKOSrQFIsDhHF0FJXahrz8I5azcwWLKo11EbQQsMbgj2YACes04RiOirqwRoxKwhLFE7tGD+BYFOYYa7DycZVxQUk1ySwbYuZ/nisfSXd6+ZFMMtuXrhL0YwnXZZmHZVganT+eGXZ9zWbpmtNTwSbSDPKgsjaviz6Op5G1NJtNajnVkU+eE8MXGnWtJRzbU8IJ2JKGGsCQG1bpCIXVXWLxWU7FUNLCrOk09hkhIBZMwjBFmGVTOKZgBrWQDCNm0aZUgU3YFEVT+FyVf0zOsDNTOGatSyXHzKJTqazoxPIZjiZvX9NlueahEoide/DeR1eWFQaWuHpRi8TXgp4vdqDHkweHZ4eXnMfZvETNqqXmYJd/Ki1sO4SjHkwC/qu/+ivWvF16fKiWzuY3txhXrXlJv/GNb/SGZmdeok7n/jMhm6rFmk1lB/af8T72sY+97W1ve//73+/rrhucy/akI0Pjil/k2sKhpkVc7T0le6nzn+JZZ51lzztTNKtPFw/VWJE0n4Ogl/QFF1xAmMo555xDnZMdcJpMN0i6hbSjRU855RQPSm4I1kvRS85LVBKcUxLCvnTbRc4jR4+gPvvZz/b4UxjPYqF5ibYZJERa8KXI5reFHG2nnnqqBHrDsf+Wt7zFq3d+bOBIVW/FUjtnXBuJfY+/888/3+O139g/xSJDUjfoFaeSD1Uvaa9Dltn/4z/+44rlNPTBs6V1EvsaQ3fKjyisIjQfAAnUGFy1ok+v6Gxgkba1CCuWQ7P/5qpY73vf+9jvJZp9MSqWfOpAxSqZqqk7Zf6d73ynZpCrmsE524ffrH21LRYxwl7qqsB/zdB/M9bMOsES7OsfseslgfBQp4lLqtt7xESKMMRH62HD9mFbVykxYTkXoByqLHkZYJYk92A7ggBMQLpIwizAdCWfA2i7hryOEovYCcDorpt2n68Imewzgq9RYTcS9lk48rAjVVDPwHSJWZ08LbMs8FZFuKEQbKoRMdvZHUVONDwZIbBG0XdUb/PHG9T3WMPbTa5WhJ01VmFBlmRMi2okCeQMYR/ybmBUGHG305nS1c5ln/PsY3IsFdY0JKyCVlQXaxGTdktYiE2J0iHZn5cux5whaKmQq9m5ug5mUIbJWI6H5R9tinFFdyZagldCrpqmYK6GqVREszAfWBaLDOiKoI6Vba6yYxY25IzkmIUpWoVvwkeT3Gkz8lY0BRDcwxFRmAyMX7PpDY61ekNTCcgVjhxiyq2o5VktuMEUT/ClRYZJSp2EOFVErVJokvjaAOawMFtL5jlG0lGvAWxb9eIVvnLwyoEgCew7ggwdJkIrS9YSuCaRuu4HMMl2LgEnp1nns37QctZNxdDWgHEQisUHRgx5CNPCpwizaQrHFGfYV18y3GhRYk1luVUowiqLoyKqg2BnpgjTUspRMYtDWMMjZBveisHRLAgQVHSR8iqQKxZEhLl8dNWGExJaHyi/JBIypYSKIfW6RMc70WwSrsDk24eqKzAr4aiWKnJIYV75yleqq0+pK7D1GLFVFJuX1lYeLiqwzQasS+wP/uAPrMJ7ZwQ3bB41FiTjAmZfhbikV5wyLBCm0nuXpCn2xc95gNCX2lEvCo39/gOtjGgjS/NHF1oaR8EQ+DnpoyL8sW9pcdVtaiAc9hEk2Rcmb9nH9G0gY0UWnHdSIbf4ksZJrWmWCm9xROGlSJIDOKY4LC2KJKsSJb29PjnA8z/5kz9xbqKtyBmng54jKTm02nv4qkAYn7BFbUJGJIcdQ8USrFnpBSrLDR7K+Tve8Q6KHBYskDQ3JH6qiIWkXQu2XS0tUrly2rJvafLsy0PJZFaw/MdhmYBNi9npz0+5Zd/GIFw3s8l45zXj7373u6mIhVllEgIfxE7YEmQ0A5fIy3b2JYFZAZKXeSrk9YnopFR6yYtO6fFZUEeg0AzmNtBs4gUsoIUPcy9sqC4WQs9uZKHNySUce55Ah0IcntPiGGEL4XPAhQDHm4OuPMOuODjypoiua8xShCXh3iPvvfO5d/7Tb/7TfU+873vnfO87j//Oj17wo4/+4kcf+MMHvv/E7//z0/75R9/60b9/fbmYWsLqoraiEDhg6PLqpPP6lExvXKu7QSqfReVTjdxgJISA1Ln6uBW5tbgIuhtJmpsfn7f/TZdljydTrClW/5nWrVobu+YSczPjvKXlTVk54DQkrFjwaaedxgEfaRdBwZrlthsYH7SozNDihpaAfXHZNMum/nFRtq4skeGGikipBGoq2KIkxc5ItUBLAh/klg9KjBAOyQrEQsWCqVQyWqJwdOoEKqoAOkmti1Nj0OIDeUMgCkuQkX+x2GX1Hnl5ZooKMSoyI1IGLcQIl3DKGEwm98Jm1cgq5C0x/hMuTKXB9CbRTu6m6rt96VKRNMesKqsdLEbCaIrypvHIsFm8hraJN4DSXHfddUrmHsyat4EV8XGYlR8hIESHP1lykEqCppUBbhuyZigbZBB912EWTOEzHqZCHhaC1LFDxlRM1mAbGTP17LMGtAF5RmLCjCAyAqOZQuMrhJATgHNghMWVcLOpqKD8cMBwhGHCqZiCq3ipIE8L1AClaPmyKrCy1b7APtQx1NSAnBLS9NRg/YorrtC7Us90/03U4wZH3whY2Epoqp8seeqpTX8S1UtLLdtyuoRztY5D30aykKeSqLx3bTMqVvectcH0Bw6vuMsO+74QHmfcJmxpb1ABs0+ml6hOkgtuaCxNo0U0BAH2tY6vGvsi8lDztdN5SqgA3EPcf//9mDzngGAJsy+/1O18cblnMMs4poV8aSxqaTYxvefEZZVecr4H2ldzWI4PrEkX+x7ZbiRUfBWkUdtxRqqlonPQ6ryVKJ83SStY6b3kkkusy77nYAcc++pCVw5Zc3hZyONShi+++GJGPIs9ND0HK5Zkds5qMrqE+SmBaspP/nO1/8BsXdGRsSKmHc4Nx5nw7WfYcclDZyKfZUw1tYqKsCmfgrLPXWJMycmll15qFY/vN7zhDdl3jLLvjFAsAuzLrWSKXbapX3jhhaZEIVeMaAbV2SlW9k8//fSLLrqIn4S1rvbQ91LBYTXCl42ORb7R1ertAXGRB+SBClrR0FRahnKIPxsMX+rEohyGbd2GsBaFZZIWD2FFJy8tmGpkWDMoBJdgHUsSphutafFtjS4NorDQv/7Lvx5+/+GCcivSP4cfefh9f3vfiY89Ea2yanH0U45+8KkPMsIfC7GjIkLAYcR+lFL2WfbdlWoZYF9OagaS1tWxJGEO+/oSRvNEnumyU37IK7qSsaBFCbOZCo62pOJAQEs1Iq/Yt3ldubJPDHYgEGMcnwz7VcFnNW8JSJpVYBZgkpJpSoxV05ApAWIqBKwKJKsFb03JIUlVFimOWKaaliOATxe/Wbo4kgNoqcKAYa5mDUGeKaB7+a/EQG65V6elYgqkQhhBTAshcmZcgjmDjw5bginyeT5T1Vf4hjIp3t4ezBJTLCtKlCmStQHMeBdi/GYlTX44yQKOhItFjU499VQlcElSXH2rdpYjrPosk+EDeViMlpOfTgBNKHyfBkNnjpDZb7/Q1fzOEFME8BGEw4YwECz7CIHHpAVrbLllE86+tdgnhsM9Uy1KKxUC45IpfJI84bAhmlhuEDNkCr0VFuzUdPAIk9HnhjAgCcqGEIDkhJf+8X8F5iij/IZ1m/qRQCieWYcjd3W8s9JOOOGEE3B4CbNSkBZGsEaFDOyUVMv+uIRXiPoRxgEWYl88bQwFZj/LjgMqLmWiwtEcuqRg9JBiExAPgYRdlrnhi8gI+/YqZ0QhoTzkhm7QNGrDGuHs43BYRNpOsIxbwloaDtOQTcJoq1iLTT0nFRxgykKWwLRc9nlLzOeBGFNas+7nA/8LlmQnqSFv+WzolcAlubKW7LEvFQQIk3S0yRX7/fhO61NEO+M4YHXynOGwqmt9sRQaZ17xileg7RnCMmaVtrGOJ4AQDg9FYSFvYs64K2RfFNaVHDlnXHSG7FsRk1dwhybPqwj3CJCvFzUDWlACJ+CWwCWff8cug3TlB7gmixrIarHwmQXCZ511Fs/POOMM1xRNYlHW2OQ8wDHkvyhkm331lVJrCYGfpqoOT8iQd8rYrnxGSAVTgjJl0bYfEIgjMszPwVZEhGVDgG08aacLEIYx29swediUNpAHMaoaC5i8ciHgj2sHvtsMGVg5YDVyoeEeQnJY+OG3fvjUX3rqD278wa/++q9+77rvHXXGUQ9+48HHPf5xP/zCDx/zhMf8y23/8m/H/huDXNU8Vheg1QWSz8zyzWMX4c6k4q4spixNRYu6IWkeTDKwdd1HHYv4quDuy/NeuuyrGt+8NRWLGOFRMcW+DMPWrRnES0C5WePk1j4jOF6oVpcK5WBZ7IYufKwRIMwaLDMyVhSmFE5mLEGLKbHA1oIx52iW+fJvShTyiU5RotA8JACjK2JJI6my4gXo6Q1T0xLsIGDqgLwh4XRBJ2/CBBDsIyxEi51xA+ZhmEB0/HHY6lp6hDFFDRe4TIpX9nQ+mgzPTWkGQ5JSJ1ICMBonFclUWRZ4yyVTVHoDuFXbs/33XRdxq9999902OxVpl88KwWGKBa6CAofxk6EFGMfR+dbCbwOi4dmkcDR5wqbQI5CK3kDDZHBgigTkVrxjH2FpRHa2GB/mZAJownCLpgLneTKg0hNDh4kRKFjYEAbLUbL/N3TrGRjUVEsz1QE8DpRWURVAtTS6/ab7PfJsDK8T2NsRR0nsB7vITrBbFJK8as3e6IcYxMy6idux967/nhS+XQdc2w0xWSNASznZoWIVfPY9nmxOq9BCUGGHMIGEYXT2veSyTz77LGQ/N8Y+zo59QJfKjjMFnn2zIzz2TVHpx19ejcQ0KB9gC8F33HEHPpA3HWyKcFFIFyNWYZB7HLAWm2bZtAQsqIIloOlx2CHDeAkhlleFk7ecsS5hK+JTIVPImGQsCtsw1lImU5whvLUPg2oKbFFl1Ri0YJK2q9UJ5Ix1RcelvOIMGbS1hIz2BiUmJ6bEYsq6JAXOf57kfzW9Zf3npW699VZTVEhSUQ6zHsTW4i15UyzA7OMLnM8icprwmauIcOe1KPA7xWr49sZ6XOz9UcP1mF3+Wy8aRredbD+EDdaeRGyhzTkb1TYmBmM6GhAwcJy5ssA+Qg4O907Mbp9uLTDaLNq3kCRAEMY0lQr7JCniIwhkGUTzgUt8DpNBmOKGaweb3dh8HYFvMGxFBBlTLBCD0XHM4lgO5Juh5RghNhgn4exnOYJi9kdYLBkhj+YVGkGGAPltTuA4ZkVBDDYk2VDIsGzDgjU1mAB+YAgkEN5WU5bg+Gig+nVFsLbG3tsFkQz5MCMgZvJOWNCZuzbU0lGgFUFrNYQN6xwYJ2fGpRGOOQJCgyXBUPYM5UfUZRIfNGyKmDxbAt4RxpFh2IVVdXxZYVdYJXC7Uin3WtjtHDalKOTLvLhKToGL2s5CdM/wfQlsOtA9o8tH2xCez1A4RRZgEDPhFHeMoOGBsQYyssWAAIiAqcBU8nlwRhbRfRgVOLGC7ZtauTtP1n5ZILoGQC8fXZQSLu2wghLWEEoimzKuJLYQrBiwXaRUOMrTLJB6xVNgWoawwuAQNqTYliOvWtWszUmgMrOpnIRdr3ASJkMYINQYZieVrfBB+6lk3xSxsU947Nc6ybfc2Kdy0D7hsZ+FplwDiXmf4cDswHRhnQoDq3ucUSdMhaKkMWIVTOqMhwGB/CcGUzTFFJo6AcZhMgnzJw9hC8FWhO0cAlQIiIs6JlMWhdULpzJxhn2zLM+6AH/duXufDS0hkzCDFDlQYg2pwOWHImwJAtYqPzYwZ7iEaS3eUkm+YCtW+bHPCYuCABVTPW25Z7mGpmCKmFZhkLcW4mpu842poKmOGEeP80ufgw7Etke7pW0DoodjRwVbeiDm4PYh3M4EnQuOCVcWX32ff7gHmXsA7BIDxyeDXg+Q5UDBaSoxNsdUZuHAQm3+iQs2BIl1f+oi4j4E3EUATzC9gbqU5JjrCw6+Ib6l6aIxYasnhsk4Zpg6DMgTMEvXcGt/VoGJwaWloMZmOdmughBFuCFMES4baGk3hM3CpSVsOCAncAUaHF8FS105NAy2LUGsVMNBisHST/vfIfwRa8VgcWLfAcTgOMMHO8INYUHBgsUUuKEklJAyAzBLV5mBEw4TMIugKMPAzVVvuB/rCtdoPQDjuP7qFnwCrshuxgg1pcL4xF7Sgr4pbTTflD4ubb2hCWw54SBdGDMxuDtHKnEW0f2LC4iZCj43woY7LgUNwwnv0FsYa+E4QK3DQXUfKDNShN77sQmIwFUVxZBE20MZZFnSPSP0vTeEPSDdNgwOvqokNgWmW4HbAOqBCWMmBlfghtQTSLh1cZqFCSc/FnZUomF8s8kHIwzv2E84+3BEzAS29kd4a79hwh0NnSPSYgqmiwObBSTRowLLFclt61txiJhhwuM5lcFmCYPEQJsqz8d/wujMGsIWtVfbJ0qPY5hY6mHAICA5whEsIFhDWIW8GBH6pGBzCSaAg5YTQwIWwoETA2julZ9O2IQl0NSoEIAj2u11oM2PfuCBB9B0xcLDjqTss2CqT0uWiYmrAJNfQ1ygzARDJ9A2gQfaYAe32Q4fMdAubbvubGPDTpOOjy3EhAlkhDAOjNmsqWBR2Bw623XjJzBAJQvh3AjjjEGwFWsK3jkHTcEAf2BU4LEfHX8rEN4KwJg7eAeGKdjBRR2sadiDhoNBwmMk5sAIgyno8EEqhlVc52ybJyZIYFHeGFwNPAQz1RAMvcO0aNiQ52HDnfwMk8BOYjHBEEBpwpgVDiYcfyRxWAsbwgFOTsKFDNo+cDDMLewIUN9aAPETW9J6YHsOMcIgO1uIT+AgNDWwx11ha38HB3s664qlYguz9EN/yArE2oFsJbCF7dTgiIA3huMTIoiOCWKCaFgehx5ikVhhSwcj80gwXhHbcSliB36+tR3YCkfD/0NI/pFgm8YglUMqbpmL6f3hIdN4ELb86IM4f7ZeobfDrZGfAwctHxwO7AgHO/QOYObV1rcdzgyDen46/+AWGIGB2T+g7TQwx5CpaJDkmAq2zoDCyX+QSupjB2QhPDCSQUM4QJMZDrpV4C10eOXMYnQfZhixzj+Mk82Mb1ff+pAwaK0U42wBEyQ/EH8rcBCaHRhmxA4c5I+TYDWwwGRjHJ7ZkR+t/1nYUVzt/U+Y2hEe98B2KnpwsM48BHvch/+Mxy3ZTdSttDur4eCu0abgAG0KTAttM7YDP4ff1BDRESB+0DD+QXgkgR3Oz7EAZnasDeeRYHIIduSHJgPvbcjtPQVgkpM7IJVBqQwIGCbGEJX16rOAM6IL0a+t/2Xicft/Kq8fOyN+fQP9rA9+wv5/ZggTfvz+f2ygkhZs2FR4RyVTWU7FcEeYM8NJeDW/Jzz2D+lMMjCgkm9ZO2z9A6tP2v9rdgRgUzB4ygrRtJ64/kS3VQxh8tRZg00F2ecA/OT1Z7mMoBmB+3lpMqZyqZ8GE4YPX/8RpVTiZypJUxxAswYnBqOpjwr7JMc3HDjPt/mB8wFHhoEewC80mDXDLLciDuMUWUPAphLOJjE2E6ZIRshJwoTNWoh8V2+NF6ZrdWjJQLkAAP/0SURBVAKmQBd2LapRlzf7CmtrP3RANAR7vb4CMdhpgt+ZAmM6iZYzZgV0w3DvfphYL+mOJBwCaARANAwTgAmbGuFV8GEQM4FxFRNncAQw1T6NoDIujalwBGhqi8d+TiYWMTibDl/0YLodx3AEMHVI++gwgYGGBHbw8BEDhkBOouHys1PQYQY7HFkqY3OgaRvNA+or/CDhtED0qr13tkazvINHOMAEQ/8cvIWsIWC0YMM4k5/wzjBMS7bh6IMywQiM8KwYFKlsdCksS7ChXVn20OESONAw3N7cig3GHAxmClAZvAMJB1kOGx5cJRhro2IYHV6lFgEg5CGC8gBmdkc+KGNg+b5KcZkt3QA9w3bLg+uPN3+4/t74foj6o/Univj9kDCI+U/rf6f53vpn5P5+/cOH8D/+4z/CmN/+9re/+93vfmf9BXOGmP+w/oHJH6x/VBJGE/67v/s7/G9961sPPPAAYYAwbCoxllP85v7fOct+wggWWprAIe3nTP7QzT6Vrf3vr38gM2e29huaovL1r38dvueee3DuXf/oFmzqvhXwAZmvrX9Q6xvrP2pqln1GYAatyCYjMMgZRP8dhREqX93/R1Pjc7sY00IIk4CFEsbnRhzCZrOM33JCswrcf7lJmJPZhwF+P5L95/V38isxGdjSOHJFXZYwmcqZ7OPAQhMgB4hJAoNWwbQKeS7BTBVszlg6YRYShk1xUtKoACpTFPYR+hAB0+UenNsAn6t6cvq8Du8IswXaFbNb7DSw3ahzmhj6kCO6UsBBlxK3gbApdwVaczNApxgYkhxMjGU4Dkk0YDZg09CFw6xLCWEE6AIEKOaqKEQkLsF2jAqzzW9dMt1vGOkGAyJisrm9QbrumHKBM+WeNFqEYQI4VqcC48CYMAtFCviWh6YGsxBNYFTAWCBgShoHxxnhUcFEV5qwwmGiLVERwZYAMyU5CLgsSV0fMEefdtI2Dr2+OsvXZv1vlsSo1CqD4w80jN8qsGEOwEG6iMEcC5va+h80bIqYMOFChjFLCGwIZgjvZD68FcYBTE0shdxmaeNsMajN2lxwdNmDmw0PlM8wMUZgBrd8GFAcHDOx1oUxcWDDLcQZMZjYFqcYQQCRNXicgQ8pPEM5MQwHOzSQveVLu3/IIPb+ylA9XTcDNFFGFQCtBqqi0p0jnSmz8TBVnTyio2EEYLsR56j1t7zx9anrH5hik4qGtrEZf/rTn37ssceaev7znw8fd9xx5M3+1voviJIXOe+zbEo6fvM3f5PYEUccAVPpr9yQsUo2gZPXkaF7nrb+g4LEfu/3fm/syyzMpihEKkf8R7Njin3C2Uc/73nPw5cyBt0kOC8baMuxz07/bOEJJ5xA7MUvfvExxxwjYxT1nwxwhk2pS4WfQuuvVP3O+i9XkD/yyCO5QUDgbAqcP7wVOxXCBPrXeV74whceffTRnPEwzTjn6aJxCFD/7fU3MFrlJes/XVvGOMArnx8OKI1E8RmTNQKiOPHEEwkff/zxz3jGMxhhUMJ1CPsViyKX+Myl5z73uZaTGUZUljqfWZN2Q4nlGJ+FRrh/SaO/38UlTALs+xxayBK8Yl8XsSbzhMf/nLGuQ5/bEiKZ1DlDhaRznwxrz1r/wR20lFZ9lgFP+KZkCsfUQHsAMAWEyXNgiVaBO0EUHQ1LFMuYHDaEy79Pe1962J1DutDE8IkJEx+2ImEcneaiQB02BROGTVHEp0jGvYF7HDAl2yN81L8uG+TBX9r7o0nEckaAwJTmaWnOwK4vmK41ZGCe4EgIawXOZkwcAlTcdQjDlnDFYdCs/LPPpl1JJWtUuoHBFsUJkxSUvCkrFQJMccNsmQnjlB9RsK+FCqep8CQTnmDVVDlqBuoIGMesRWmhc8AUGghW3XGk1HAp9v4xaqrzUUF5DsuPIRyNqXwgldRh1sKGZDpMAjYbEkAMHhUCW2cS4DPMZ5xwwiMPZiphgWPChjIjdlg4gp1hySQwGEfmS6b6YlKRfxwrss8mPP5bXULEuIXSVZZUBFYOQ91r2Oc8LHUkYxKAO5HQVNCw2TB5fExEKlthOAE4GVP8FC/C0jgiougEg/sYoc3iw0IjnC47ZML8b5U421nhkycQxin8oeHomOKNsBBYe2f/oyutkg7LNSz19PERhnWz2hh6LRnaTuTbWvYhYcWrGwyddAn0kutvjHzpS19yYn7xi1+0YcyKipZZJ6wHDd3Pf/7zDtBrr73W2X399dcT+MIXvsCsF5KzRskl1NnqXYV58803E/jc5z7nUCZMgDCHrYJjf5YjhC/Ql7/8ZVPsc4x9HIoEbrzxRrF4M3FM7wKEF5tgTSlb9mGO4XDy7rvv5h63Oa8YDh2fq7vuuksqr7nmGu5ddtll6nr55Zdz+LbbbnvOc57jGGJWK8seO7LhK8UZKjfccIPPwy233OLLdMcdd6jNV/Z/tZ9ZjSVRgr3zzjt5+9nPflaYLOuYz3zmM7y9ff0H/Z2JXGWfJDvegj5vLLPw6fW39V1xxRVmZcntwRPZN0lpcEyNfQ3xN3/zN/ry0ksv1U9XXXWVry+XRKfiIpVAWj5vXs8coyIz/TuUMuNrZ0X2RSdYNrknG3JLkR2By4/Q2GftyiuvlHnN4AOsN0Qnn3pJblUQfd111ynWpz71KZaFrPRWce0QHVNyCyxkOUVRX4qwL7oCub3pKOqCdUyokcQKin3WFHct9XJRZVYeACdlwLpJSh0mP9v8nR3dFGGNZ2nZg8VIlxZJnuBIUVgbuCXAqkbY0nRhKiStYmgKVhECbgkWgqlwnphImSLJN1O8xcm+5HOPtScdtvxLEYyQ5wM7+PwXXTufLgtCM8V/Fti3BSxqs8OKxR9M9vkjk+yrO+NuMDxRYkzCyscCm0K2Cl0cBlkjrJRw6qLgD10cKjUDyUIWy2BewRMySfIc5pKhJaiUk5IZTQWfQfZ1gpqWATZheTDkIaxY5cQU2pS0GKLh6ouwIkKWpEt0sscTZkXNEzuXep1jCMjLAxXWmELAmIYsmAK1U/lHEDBrRUN4fNBpRb21Y7nEouMTJllnghEQIFywwjdUAkOVpVtEhpW+zEtsOA4tKjA72oAFpng7CbEovsA5ACTEUS/zpjAN0X07nF1hHNiUc4Mn9rsoyiGib4opYoPjjAqD/FELwoZNjX2YAEVTaDhhNOezkAOOa8zuGehMlR/RCQ2RHZjN7i5bDkxXEQmju4iEhYNj3TAmDowG8mNY6ugCHLBsIQXQ9ApQYWSf302rq1k1xocJ4CRst7fBlI1/LKqW9ajjoIlVWhH6/NjJhrSEwZSKcpqwjWrH4ng59e989qvICdvVzhemuM5vXvUizKConv3sZ7/61a8mzFVfICsC9mt3XuWhb5seYvn1r389zEmYETvZlIiYkhorMtL2JmBR9nOGNf6LhUFm21EICeFPRhz35557rlcay4R7dTHiaLC6qlBxETG0hIWUVjinnXaaVbiEY132Fdi5qYe0CON6lBgOsX6HhFyx7/y1ugZiXHL4T90sFSnNGs/ZIVy9nI905UexEKLGZFz+5U3I1rKKhLPAvurwwdLsC7bKsibbtE4//XT4zDPPFHhBsSNG9kWtWDLPDvfYfN3rXse+/CSsrJi8kgT2GRQI+zLGc8n0if2zP/uzF6y/x9AqOsHShSOTnMG3hIh0gqU9i9H9uzk2GxUlUwjycmsJwqLrKAFmwdLi+398QQK5zXj2Qfu8jeqhpl19wjnssoIJ8xNfyAi3K+G4FogLduHrv2X0A3N3F6mGLWEhRmoGeei/XxBmM5qKuwiDZMo/y66b+rMf47ttHPYvyz/f/71/X/7rBhWOsY8Qi7hoEWaBfQLcoIjJMepuTjrn3nvvFR1PxK4iptTdHVfm+8G+C1D/nrlOcHOSFj6IVPYsbRUq7PefJFx3YLSSiYUz1q1thKzTOKNMLHADVqPo8lP2pFRZlQzBmabyv2RGE9YPkilYXqmLRPWShkVES2iwVrQEHyyHNqUB5B9d7NV6Kfl6rS97+QBrGCEAw2keAoRFlCIjmeIGIFCLEtB4bGLKAAFDHhrWV9S5bUXEWAgTYCHh7HOYGEyeG+imiAkQXbDaQKSyZx8pB77mkTHN4HZe6sr85B9H0qgwayH2qeQGEAWQAdsEX2iAtXYfWrylC7QREPYdpu1s6EBTSjRsCamgrtamEtN7MDEGU8EnQ5I8kLeYWSMWxoGZIowGss0UggC+M82iWhHWe/hOpA4xdJEqq6izE8YhH2YtviXgmsEUGuaPYGGB46DDtGBQxswGOgfI5PLRVV0lUQCptxvVwEr4Um/hulZRYRXCtBnUzztGPCrHD/WGxUNAEkeArm2s/N6mTHn8OZKsxVHVIuOgtLe9Uby0VPfDH/6wYPo37j13bGDniwaSF7NS6exwantX9QsPBPmRj3zE0p6Yp6y/F92RbbliFojPgBeVs4OALH/wgx9UxQsuuODss8/uX0Z0cKiBugJFMsT0LuwXHrB//vnnW7rfiz4vaRnkp4UsZ1FLe8O9+c1vfv/73//Wt7714x//eL96z/nVS5qHQhCI5xf7QhMg+2rpPceax6VtMC9ptbG0Y0W6PCg1k2crzz/wgQ/8yZ/8ycUXX+yDJ6VeIRIusUJTAo3l1HvR+gsP+tWEb3vb2/o9iR7H+A5TMiqouEpMl4Vbb731FeuvDnzLW97Cfr+QoF936tNVsfjDK755UJ5wwgmKJfxPfOITQrvoooukrl944DQXI09kTDM4KBVLni134YUXCvO9732vVS655JJTTz2VfR/IXtKmZFWxHPGK5XXLwvve974///M/7xc2sO8Fr5fUyEFjRY2qN5wL/NeHV199tVpQ1H5e1TLGlPuBGsmbZpDejiqbGagIaOMB3cgHYtKOMFQaIcBWhC0BdxFx4mPKhmTOlkNoZrHrkPlPHrKhguguSfLAPYsKwf6niK8uVGSV2eOPP54Rdwucnzz6J4c97bDH/cvyL/mx/+gjHv3Epz/x6J8d/bijH3fMicf80uN/6UlPf9Kv/savHvXCo37t6b/25B8+GX68/z12een++hN//bGHLX+GjrdWhy1kaQkXCPuGxNpZ/Ol8kX+nNj/7bwE5038rkSt2WNAJFBEEpJQ1LSQWhYZZxheyWCRZlko4eQUlYF1MldI5zKL7bwGWZl+luAGL19AUDwkTI6ziOGhe1WaM6ARLiNRhYhWmNLahcpAUFy0c2DnLh5agYkpaLGQWp7qLTjbMKpDMaBiNhIjGFAuO5iesHyhSzwhMgAVdVBSJ8QTH6phWNITpUmnnAsOcCQskTJgiTJjMCFNsipgkwELGFD4LUid2wZLkj3WlS7ti6ivyqgDLubRIJl2fgJpBdCwIlk1LiALYDlrX0sspuf9DbDK6QoBogRua6qKgiwxhQxuQP3a3timBnfyMzEWBMDF0dyazQnPgyBtASAVhU8R2hPGtAvOQcasL2YfMos4uLeqixoJzmIwPk87E5zYmT4RJhjVDlmEWBgsNNmsJ/osXLc+wWOCyYd3oklBCABULmVULeDlx1uvL8tEVkpIogA0Dm5ZuKZZuBVAqJVcSWIWkQ7UwbQaBWUPNLFM3WGN2ix3OmoeIVrCNyZula5cyqyO5hXBYWx2fJAs+tKKiqzNsaQXgDKe5q3ukwHJm27d02XS6WaLTSiwil03AK/Ytzb5cm2WBfUx7GHCSQXnXagBhiGmKfabosk+RfUacLMKvrvjsk2HQ0lTE1YmDsJxXlyzVxAVLy3dOOC95yfL7Si1HV2j8l1v7oaCklPO6jX0J9JE2lX1a+daZyLJiK5Pkyw/LqbjEkORJkjznoWQKR27Vlydc4hthX9wKJOEKpxCepDguGcox3aY16fKEAM+lot8eIQ9ohLqQMRSpJfhvb0gmH9SLGwIx5FVHs3UZVCzOWEIgliszOkGwtQrMeUvIjP1Jss4WLFNCUwKra2P2/+AP/gC2DawoOiqSI8PyqWrcpiVwwE+A3+oSSJ7bEsh/SxBuP9vAsMslbOtqSDc/iXKloGvnM8Jz+9nQTUKe3QN8q26//XZ3Fxc1GXAdIePSwCUL8VCuTGnIL3zhC6y551FxmyRMUWZuP+z2f3/R8gdThcZDWnf88h0/PeanX3/M1x986oPf+o1v/fS4n17wixc8eMSD333Md3/6Oz+9/5fvJ8MH8ur1g7t/8I/3/6P8uOcJwX0Ovuuuu2SSk6JDmxUUYTl03aRoSolvvPFGlwAuET74q/3EK2pZcgMTrEutVnQFVFDqSsYyFSuqsnzKqt5wHbR3YMX6yle+opQEXLlcBJWYk8w6DTmmc7gqEFOcIWwYlkaN2t1LFdSUG7DA5V84sMTaZdqJ8cpnU2tFm8WijFdZYjAxs5xUEU0FZMPSgD86BMF/NEArB2DWuhT1SZg1mLXEELyCE0PLGIG+E3CrZ42A7Z8zMLG+Q8TiUNF1ZKxLXjNQMYUJ9wUSMpsKREuXSjVMhT84AlFfG1yeGZdGWjWGm6siSqbALcq+/cIyutrpCmDL2EqqL3u6RX2F1j4ib1vhyK0VtbRThZhWx1QpzqBpSS+DCkGApCkCzgRmYRx9QtgsGYsyziYCk3AC1oKzjJMpmH1twCtryRgL4qKoK9DOEDLojim6jBcXl7LADfzsR1sll2QDh335ROAQgwVLl5MkmTKFEy51prq1AI2hdktc/q+ukm63qBkTmhXGV2PKiqTG9gOskLDjRs1US3g2QO2lZmJzraBiytkxP6Ryl/dc4yLMWo8nMSutXNiiJ510kqekE9Pjpl9i/7rXve7aa6/1TdUZ6iFmpbUcP21aR8Dv//7veym+853vfM973nPuuef22+icVs4vi9Yi1tJn89L1kSDMvsfrvKT5L60SpCFk2dCu7qXbb4v7y7/8y/nVgVx1CkgX5y1hoY5IS3PAG5Gwx6XH31lnndUvbJAxbquWDhaIcCzaS1SYXnIe329605u8HX0p5UpCZFh5pEiifFec4L7fXofeiOz3S+Bf+cpXekn7Okq4YtkqSuC6I+fObu9aCWT/He94x4c+9KHXv/71HoL4/TdjHam4tJTb581x6d3s9ewN7aW+/dWBVu+W0D7XsjzspcsC+7ZWL+mK5Uj1ta5YneMy4KWrWJIp2H6JvbXYF5dPo2ZjRD5lVbHuuOMOH6p+bKBY7373uz/84Q+LxeNV3vSVYum3isU+pmJZTk1FBEud8CWcqZpB3ytWxyKwLQEVQEzfioWWXUFSsDqHP6y1n0WkddVdezOICUu1hMQkLIT4EmUfaRWxKCgBaUFrRa1iNxIjwwGBsCz/Vvdte+Mb3yhX3vTaW4HQj/n6Y55y895/uKkZfJwExaxuPPx/OdxT/u2HvV2uTjnlFMlULDKWYN/O5eHdR90tS7yyVhdHxjWY/UhYsE4lyWS/I4yHluat+5a1dLUCKQdnJEfnsIDgsGIZajmfVbPW0l1owVK0g5iS0oplc2kGQ0uL16LitRdgihzTV5JpXdlu55InLAo2qZQoKtymzjhFOZRMxu0szvMcJq8iZkVEi0HyrKHLPOMOqO4Z3CNge0pvS8sJP+sK7cE4uk8FjFO3SDJJXaHuljPsFCZDHdGxC7NpIbS18PnAMZi8dWHJp4LA5IMQaCWMTjgnyfCfPKJFWU4YFjIxmaSl60TNT+pUzEqL/seUQPJatGRKi0s83U4nWLzMqhot0UkXO6AkqDgZ5zYZBsVFQJl0qfzTwiRg05HU86Z819lHM6Jk7AiBACZMwAlAeG5ILBDmubsC4xLYMOEsE7McmjAsCpjnCmR19m0ETOcbV/sPE84KdtCS4MyUFi2nmcWomaXXbDbZh6NzSQnIKD0wS8W6iIIlIyhY+Jg4MBpYxeFQF4EsyMPuS1fNCMk41zWWKRxlFgNspymt/UDYJhGAPFYt5qTGGrJpV2AqrQK3W9r5VrEnmcLRVXRFa9PqEkwngv7z1pFrnxPOAA8XznCJfdFKn0UZ0TEsOD58V2xyXcgfDcSgDpBNwCv+29Xkrc6ULLCvV/gmCqac2ux3/jIoufznJ7ct5xDxEeUYs5y0KIPZFylCHti3tMwIhBuOEpJWtJAweY4pk4KlohukkcNkGEG4asBckiJa5b9uU0v2nYD84bDVyyrPcSxkVoEZV0QhCETtyTDIJTLSaDmWK7Ez1KxM8sSK5d+pKs+clz1RwMQkgf8KqvkURTPYA4ZWVFy54oYvhCz5OsohZ1SQsKTxBPBKsORJsikuxRKUZJYfccmMGnHGEpLJvi86P8nLKlcJUxSLkOslkYpRCOKqsuQRLIjapwvtosN/1wVRy6Gic4ZjsKjDZdjSgACzYuS2nNgtnJFMzSa97UZPKOvarpg2MybMiLSoI2ECjLjBSKn7EGd8CH0g+/NirjsWtfMlRPYY5LYbDPqqq64S46c+9SmJ9TUl4L3LplmJsrGFZtMJioeYFD0xH/vg8p+TH/i35aWiMbp7hbnhQIHdUAkTcHz00qUupb7cWh3NAk8kU6KcR1R8yHkrCp73h+NgZYL1khgpypjwee4Gyb7QCLPpIuhWKv+whODLmPrqZ7XjBjuuZVrFFAsuiI5ary4rmmVWw1QgDisK+6ZgQ5i3EogWl96Qf8WtXpyhK10MyphIKxxMvqPZ6nCdgOBSlVVQTiKYyltQD8vMDpiyFoOEYUtTpGUheE6emB3EjhTYimZLOEzXugoq52hVMzRFmBhMHWY2voKSYZAK+whipZc1tMCJKZChNhAsmormYUfU6msfyTMByRR7jYFvs1BhmR1YgFmWXrQmt6KC2i8MagDGEfLTPpIWs/gEErM3E5Zqwpg4gEEJRNgjNntY89OFiWn++HSZbZMiqGhRYjCbBMKdSITxLcTbVsSkoklMOeRhMeI46GjhwDKjx9jn1TijK7gBo1NHMygb+DyRClMTlOUMpRdmiodyUiqYlUwhaGxrtRxQ8eWjq+paVnVVjveqQgFf6hk1RCgPPEePQtb6aKFqDgtwwtDyCungtkPYRBOmiLYZuGsVulyxrk1r7znfvU5YuPDCC63oJSdIz1l7nhH10LVqzDdHj13tEXnGGWcQE97HPvYxildeeaXnsgNOY+knWQA8tw8dLo5yR5uIvLeko//m2kuUJ+yLFygVbx0KpmwqYuzDcs09TjrsnP7C4bzkWshyFrU0BzxYPfs8ux2g3qbO3M4pbvNQRBbykrao0DjgwSdXzlmusm/P9BKVYaW1tJw7iLN/xRVXsH/eeed5dnvceIX0uPFpYYR9G8Znz0Zyt2DfU1tmOHPBBRd4aHpb+zQ68rSdYqk9LUVXJi91TyVu+Pyzf84551jLis5fX2vFUhHyyqdxJdNajmBrSanyeYJrACv6zIhOS4hUsRRaMn0mJdNLWhq1nZe0j/Rll13mS599McqkfLIvt+w7wb2kfT4/8IEPuPEo2dlnn33dddexLzp7QGlsXcXSbLQ4Y9h/YGZZXMqE1mw2hqxKr9KrLzGYbwgYqKwp0XEA6A3BRrOjcLAV7T2+iai7o7Qrk4RLJiZ1IVCUDYcjprrLg9sG3A3GNcIssxyzon42ZUOq7/HHH69LvRTZVCNiFBlhv5OCfYHAcq7fOOBTZMXOGvJSQR5fITjMPnnCxGBLW4tLBJTDidO9TRLY54mCMiV2TFOYWpSiRmK2S5I0mhWjZOaPKRuBZSGwTBEWLPswr9g3yz6Cn3D+2wUE+AxT4V5863bIhjGtSNjq1AkUrARaGt/pwYhmsAQCRxSwDBhylaRNBOPAMqnijEtdZ+gcmpYjKbRakYwNiNCxkiPeAXyYLplRDNcDVBANiZkqtxwwKwRTeoYuPmBfE+aMqVwiQB1Gk8EnT4YkeUO0KZgYm2iZNJRwWkogDxKOwx+uGuouaamNw5JJV9rxKZY0LWSqXVMG2MHUjfaOo0nqZJ6AVpd8xg25jU8yMbOwc0ZpqGDiSAL5ShCTImwLE4NZYJMWzAezfKBiyE/DBAi3NEwdpmJWaTiQS5hW1J+mnDCw0wDHaWYKhzMIKvzhTIuyRsUqcDQ+TJF9mQc4sloe8C1HcgLHxIHRwE5cTpn92xt1zYO5fHRVVMZhnaHG7Mo+CblGqDEXEbD1YDKG8kJFOhCyQx7fkoaqrgzKDNszzMLaAlZjuuxIDbdsLbNOMeo24Zlnngk7o31ZlVxzkLdKhecJDrNazfHhu2XDw2gCFC2nveSCcQkViKHQbGz2nQs+P9bKPp+1HWucYVxqLGSIaYqwmzv7hNkngBYaa/JbK7MvKP5b2nLE+iEh2irscF6L0BKLzEidbyQLHU++2Wz64MFscpInul9aGCdM11DSnDh8cxvghqPQrNPfFDu1piLKgPxzu/MXgUlFBzhwhe8Ilg1TjPBHDvMfn32pI0wMlmeL8p/nelGj6Bg3GENZEhTjViep0N6v/GctP8mwD/jPMgHuyUzJ7Ff7scaC0vNH+7a3OSMzmMR4TkyxiJ166qmwKBiXH/blh4UazBKyLZk+XQLv02JRqQA6jWPs84E/4WKXQ2HCbBoyK8NsGsqkPBAThXg5pnaKpUY2LYcV0VaEySDkx0JuV7BrgdLA5F1BJM2tziZ3P9Anroyak/NsKq47lhVdqgTYfwD2RpRVdyNRuG6SVF/JEYuHHQ9ZYJm1w396+HIWPHrvuuxMkT2YWdlTNaFxSX4Ic7IbMJxjUuRKJMD8sYtNsd+lsGel2zCDXqIyD3ODQUmTcAZrZkQ/xKOOFiz7MPvWZbkjCRDGZIFvooCJUUTbLFmW3kojYwpBhYApOYelQrAwr/AtJPNKI2QqOLIKW5EMJqxt4DgiZYekms6hScysjkLgI2DeVvqlj/f/XhlCOKbghMMjDKjLUtY4xjJc/3AAnnVN4XOGZfQ4AycWxqlVkoEVV+bRMUdY4JhKwILaGcJ8kyK0/pE0Oa+BpZHZaKnGJyzzDPJHVzNFV0SCVW5GLMpbMjYRbNjmwuSJYXTYVJiwsmLChkyxiWjT6TeKfCMGo3HwzZKRRkYw2TdkAW2KMGwKjpMKAcY5j2ANtrko2trE4Oj4sAAVK9/GmXEpTCXMPiw5EpJKoYUnZFMwJjcAeUsACQRqhwMvH10plv2wvKtH0zig0tY6FViRMGEFVlHrVS2g6mTsB/JhRSWGhs2KQbGFxBUcirYrR73bnOM33XSTHX7LLbcQu+OOO+TdznSayLuESpkdzoHbbrtNdgg7U2CKOCp69913+ypbRdhs8s257GgzxaYD/cYbb/RtQEsi+0w5Gpw4CmCtjkU0awpz88035wz7zkRZc/Q42QUuoZawkOXYN/Se46cHJSOeZWrjMPUx0Ovsl2SEk84Jyw0cITugifmMeeFx2GEne9LCoKzyX4Dsc+naa69V3auvvhq+/vrrcRzQ3GNfLDIvk/xk332C50L2epaxz33uc1z1rCTTacsTsdCiywFLS+8111yjYzwxuWEtD6+e9WSo85YzEqhYovBRcTRzzOuf/5JsRbVWLD7IpGKpIGdkoGzLD289iDnAJc5YV3TdOsUrqz7zbEodAWnkEg4VtZZ/Kp3mnXEE1A5THdEC9EzUAD5aDmtfbpkUlxKTkQ0ZowXYH2wquiMV4AiWPJAQsesEhHVFwR9rSZqheAXbVhQC3KWBPD6fYSo4MkbeDUNm0CSVwKxC+7hKMptdLlM0lD2STKmUncKOIaYlEpAxXlkdHYewHkDzXxFJ6lWYfbraXjNEW4s8x6zOMn9YlijCpogpKI5gCTNCmP9m5dCiHSKmqBPmM2GKMDFuwFTwqWhXGTZUjh1hq+CgmcInowoSLjQEARzuyRsj1hJaDuOj6cIiJY+J5lvYkB20ugxHrgB5mEFT+IYwC4Yqbljpl5NyBckRbCCxOIjELBGmnhtosxFZhlvUitEWgk1Fs4/OGVpbYTgOPDLkG4aJFax0EZB8WjJjiDbFYV0tCZJsKHUE1IVZnITxyScs8xkvCcJpm2gP1beh9HDbSg/jm0UYtuthFgzRHdpNpYJgJF00bKhpwzhws+Rhpiwxy43K4K0Kt1sUxLRDCdhlhGEcmKRWlByEGAWIMDUOwCnC8Rkko6zlAeCwOXgncEw00DAdKQAN9rrI/6W4DijdQC3DVuJZoAZwXYUIkwF0U1dFRO2unMzaM4Z2uGG7EYgZU+0V3nFgyzklSXrf2FduvuRxbEgntc1PxgFtl8Z0lBMgnAraM5FxpyEZkuRp0XVkNOVTxzJha6FxmDKbfYdR9jtPqRDjBvswRcL4ZKgwTn7HvjcWNzxDuQeTef7zn08XBp6DPmPHHXdc70Ic6tm3IvtMUaeV/wBNAPYVsZwvirWoE8i+jytdsXAACI0R30JTFiJGhTNoikzhEGMZlkBuEKaSNZaJ9bdEuEfMugnj0GWKt2qncHBbF+a2ypIkwB8Gs4+uWDgUYbWGaZVMYpJAMftZMMUgTIVXVHjFviGsKBTJs0OXmFkLmQWc6QDqMAJadEvAQBuT0bodcJ1N1BEw92BrCdMsYbvIznEnsKPcHe1YH3UvA28vNwaXkh4Wprxm0Paq25hdimlDom11fBZgQ5iiWbfPMJuYqcA90WgxBRB2fucFzCZsS9vnXKKLzzhJtClgyEiPGM8afKvg4xCzSjL4sCFhjuWGKUFZMccKuVlicAQxilkjTCCMk3Bm4QhMKonlhlVyyaxVeGJ2vMpDwtQFyLFZhTxMAD+QE1hCEOHO3zma4y/n5XpiwqZwOi7VtypvceC4jJDwCBANd54ONAtYqECwteCcQbdiq8NDhBM4iEc4MIwJF6ww8aWFfJlBw0PIKkmYQJgYjkKgCaDDrVWMgrIFfCNsnM78vgJbmCnYlomeXda+62sCIuCYsC8FMXjEBg8YjsBBvFUhFh4VOPvwVjggEMYMJ4yZ+ip1CGhqaxnGLD++kgPLx3Z9xNYh6CWhU9QpLU641Jd9sKo/pB8mQzKVWkTl0JXZblHXti6s0hXbWtHeKzaeV5EdBdtjOHA/vHJk2JywoVPAS9TQe4vKvffey3h//N3biwy+o5ARYowgaMFU+lkfMZgYTzLl6Uwx+4bUCfQTMxZsb7TNbxaHAJfokokwxSu4H3+xiYazz6zHmeU8YXnLEwRTnCFARU7YDFOExULLVJ4jKOIUJhqmTrLorMJDYAgTo+KRaspTmG8ef9QFjsMT8tQN0Z6V3COG6SlJ0eNb1F6NrHmJmiWJY4oRUXOyU08F0TB/DEkSYLMYARpUMrkiQB5Gx2eZw/nPPiILhUYMU2ak3So1WCeFKTISyBo7VKoIx4DG6zDSlltYu3jpeGBj2AztFkN8SzCuUdm3onWZYsQUYdAX2ueZlu+xYY8D4GNvCPvYI2y/hMP4VIglA9AsIFjA7I2CQ9EUbCojgeFcZw1hQy617Q1hHCowGJXxEz2rwFbBySU4SBhBgDBrIwzP6ssC+6+0/AwTi45PZnBaTSW2xfEzSAzGRIQLrTTCxArZLEADRMflYMxOQDh6OM3uTEnmCJTYpeQraI+Ozi2QbBadwIjFTyA7W/uzSniIphA7Ajt4YMsc+4aFLz+G6AHDbTJhYtEJh4PMsllctoBzfnbQevYv0BC/bdKOm31HAE5gZsGIxdziBAZwBhqOsOEWD5jdfrzgmJxJEU5yADNoaiuWOsDZ4i0UZtmAgYxFbAEzKKVLV8nvFtbm2YMZIpIc5uAtVK0tns6YnogDotUbrg/aVGEc8mEyIKKpwTgZQddeg4OtyliGRwWRJGi5cSOX4jRLGB6YqU6QzinYFOykgIFTDJBBN0Wsc8QwTD1P4C2RfcJjnx0Yh5ZZOAITkec72FQ4mSAVdsKtkgqaABoBB7IBKlyVhfFxWEDA5OEhMBEk0cTQ4TjNDmyFRyW6WTTI+eiYBEhyBkw/L127D9shOmFaMMu5NKtHNwuo2Dbttzaz77GPtC803NfaZz5Ak4HJG4apxEfDCaDphgkA9tvAwWxjIKhwxHDIUKS1xcOcVawI4xgmsAPpApLohHOMkfiDTc0QnU00O3FmFpiNAJgJZ9O7ynAwZmAIJzx46wxO1pgKiqKErOlZINps2HCLAX5p3Gb1IOfnEAOaJGLLT2zWGhrs8MHO8OfDVvhggNvMDMSUt+jEUgnQW2BzL4wDULAT8kEYAdAOCg8YjsDAstkeDnsTKzS0VYcefEjYUTmkIjxwkHlQGI4IhtlwYDIwsBZqr3PgJfhYwV7KN7AorcBQC3RmBcMcIJmpCuyEahcZIjLIgkMNTaBXBbxsuPW0qhsygjDEt+vgTjpPK7u0x41XTi/p3kCeU14qAN2TJWGYequQh9vnrAVo7gHL5TnIAXhNwMNuJ0IIOvEBZid1nOhJCDvFArMMNxVOBpjKN7BzuNNNHSbWuQMHhSN88jIDe4OWGRi/NxxCZggA70W09yVmz3pvRzKenvFh6mZNUbeE/LQ0HN26tAiMWYDAtDQ+58s8O+gRxmQcBqbyE04MCFB+ZPJJT1r+W6aLi8+toXTJA0nASYniRtmY9EpmWV2zu9ROUXxNYXZ8qp+6/pdFll1iQFN0rVszFCZgJIODAX4EzkwdhPjjyco7BKyWHoJh7ky16Lg0nBoDHawze2LhOGDL2fKB4UGIPzhYZx4GB5nDWTUWeq3DXgYitsOhB4YZAbY0aLjDBDgzNTBTEfoqaJO2fwN0/K38EMDUqvrQWVdKD0ICsAwMvSV2YNHZaDUMhjmwMwRbzqKzDw23OFjkVpjhEIcEmQE7J9sWEis5oOEhYQQyNSndwg4zrdENDqm4BQKtEuxxV2g4Zg/CKrVAugOScBAnNnjPxAYmP4tDGqKNut2NByFJxAjDEQPOKfu/I2AOAjj+8k3b/y8r0fiwKRzYWYxwBDv4YIdpZ31gCp88TDGV1Mf+0EMQQ6TCYJjkGIQjwHzncDgA9wGAyfdhwOcVmO8ErY7+vnMwGdjXpZ98woZk+tIgiJkdy6y17hLn+l9WAIMzZRU09dZqXVPjDI4pwGdYgLBgaU34mGCJdv89MVPRsHqZkrcwJliyuX7pB1fTKj54lVpg0dnYxAkftDyACW+FOQaLy7Dvt5ClS8igXKU4LoHpVRARp1lihLPMGoKpSTIiO6nYSKDnb19l2LCfEPj8o0HPYhhsH99hYnESDnqpZ6GfK2QZxp+fNCRjCANMHNbQNjbjO/ZXqUU+lfnpRTjFwZhhusDStB6/+auHCALh7CcZGAIOoMsSTDKMP3hgmAmPOiY6PMTWgmDhLHfAbYFMRFNbDMwOZwvbI7JuATtnpeFBwNcbCYCYq8lllXEmwIyTG+PMI8GoJzbqW87AlpnlspQKPGDYlMTCco4ZnUAwQwRrexGu0Kawd7Z7DawbZYHoLSYZDdARQcNw1tqYW35DMPTYhGNu6a1KNocmNpwdYcTAWNtCnFV2D4a59Tx6C5LGICiBoFZBLJmV5boZ1EBNSz1oV3QoPHHzt83an/jLRl+BJEysooJsgqrYQmSoZ8H27s+w9OBA0J2fvpK0RGZBllkI1zRhw3BLhE3BKeb/E9a/ACcKw6esvxcP5gB8+OGHI7x+ePK0pz3N1NPXf/MSRh+1/m1IfGJkjjzyyCOOOKIhAVPPWP+tov7UFTx/UOiZz3zmb//28ndyECTRqfDhN9ffRcOOVSyNxkQPYFraKvgswNlnmZYVecIUDFjDtCKt39r/a1rixckIPq9gFgCCJ6ZyAJZ2HGnHlB/+VBFGwjhNwepSMk2hTaFNgZ6kMB8QVRZmGQemCBOATcEzNIXDGYqF3J+TgjFFwY4VzRKzovqCWmvaLBxRJwDG+UmdbvaljinGmTKlPQAtnd9uWbfY3s9CfZV93X3yfZthF5o+/IGvNQ6MJgATDvc5hwnAgCILiOzAFF2kwjhuA3RhkrALB5l+PAATgLnEsZyhSDKDo4IYYZhlwsNhf4TB2J/rIJuYW/sUCZhFwJhwoQmTQMHyCsYfGfIjDBOAJz9xCJgNNyw6ArBgYResaExAYLms7V/X4HKSgMLFCROAQTWtvp2DcxoC9EAywAG6R+0foFvhTtiMb50Zl/I5b8e9kRki4TAxTobjEBgcmGqYwE6W6IYjyEgprBZwmY8zYsAwyH6BF2Z7ygaxlWbf2Vz4TYVxZKbNSAATDVIEEQ5wzDAOMRhtalTQEQPZHMsHheGxP5i3pmatkQnSYieIPoiJBYZw3oYdHfA2J4AKP+uTcgjLp6yil49udZJoBG6QBKi0BBC2ltrAhioXVrz2YRizvZfNSmgKp01rG3cueLchPAFxvrP/j1OHzf79+u/+9EPOIC1GYAbHGUu04jgDA0w0Yfx+yvrt/d/6ydS31t+43h8Rgi2H+Nv1N8N/bf0t7vfccw+B+XdzyPSHocyCr3/965iGd999N9077riDwI033nj//fffdNNN9913H/zlL3/55ptvvv3222+99VbEXXfdhaZ45513UqEo9v5sVH+ASODWAmjMhkxxjC58yy23YDJiXRxa3GMQcOmb3/xmf0bJkOdosfdnl2jhCJzZdYVlCUMl4DYxuMxIGkk0LbUwBco8JiyNcImV5GgCVZYMGqCtZdZaaJiARdm3KExmK0wStjTMDbg/TiU/hl/84hcF9ZWvfEVQIhJOjcEm0ACqv23gzgvQsAYG1iIvWPalrsyXmTzJDkW7xUayV90D7Cvfe1/obkuuOK4dLi6mQDcAs90zYB9y3/jBBHzsScIEYEyEOxDMMmtuY3D247sZEHMNAohfe8Gv/d3xf/foNz363t+993F/8rgHnvTAr77gV7/6vK8+5tzH3P/C+3/hjb/ws2f/rOsURR5S6Y4CWxpnbhumeGsJfIvmlaWt61ZH0nUHPxUG858KHLCQrmBh+TGUKzLRAi8hdEH5iZmA3KbIFDE2MwiTgdMlALNsCLMDY1KH0aAydeoNdvBhRjsc0YM7GR2LQJU7HJcPy4FnazDCI6m7ajB0U8wCa/EKiDQaEz2O4URv3cZEJJzA4DhZDpMMdmzKD4Hyg7ZoeIiSKbHwlGz4FFfZvT/1xtR8OdZttPffCu2gjlkY9GkA7TI5ae/Yj2iYQGKwIWBhsNPD1OD4I7wssE+EGd/BhE1tZSK29p1OQ2/tb4E1fBgtEAJjP+HBLMBjDVM20K2SCigbUqFDapv6RFZxlv+rmVIZl+gAX/aB/WAbdBwcd9xxduaxxx7rXdXf7rC84ikSL1VXCSskg3QztbTwfr/WJakQYwfBlEOZZQbbn0tb7T9ngRjYYZAuviUw0eHpPAJmkzGUBbRV8DlPq6PTctYSi/cTT4AEWYKkg8bT0Fpek6eccoqj8OSTTyYvm7AA2ZFfAuxLtyMpg/IL9+85CBPtNHFckrGu2CWKM9YFhJ1rz3/+89HPe97z4Get/24Rh2WbGwUrGznMJo4D8bWvfS15yeS5pQn7TvCE/zykyHlgRWJnnXUWs2eccQaauodvZ65e4QD7OBaVK5Zfuv5Dwf27SM997nPxfQWZErKKUBeIiASCSYDPtHBEypOM5z/Mn9KOT5GKnpGNFKkQ7pTnvCKyb6EyoCVesv7i/f6lER3Mfz5Qr1IcY5O8fNK1ir5lB84UGl7beTl5iZExxYLUsdzfvArzsIQLTVq0QTsQKJms+jwjXJIQ3WDQtHz1LeQCwaYlELLhVuEmoZlhAu4WMIdhq8MCtAS+JmFNyG5LvvoucLALFgtuGzLmCsUli8I8fOBXHnjCj5/ArPJhPu7fH8e3n/zH3kuUwR/8+w/+6e+XBzR/dIVEuU9IJsw3mOdWRPNf8t08SJIXtZa2nLZxTdSZnCFGmOfEKPJc8mGFkFWzUspVq3eRcn1RFJiHMAeEIz8sy6QQuk4lMDewskQYzT6ZKsW+jWZdlmEBhkkySAs2Je3yKSG8YlBC8MMWhc3GqZQkpUWtYVHXIYB7QEUwQSdmnTCQChmwVTFlLZYBH2LmIYwZ5i0H4MT4Q0B+2MREw5iEE+M5sYRhAjAB8vJTOJjEEpZbAjCmqmHKlRBqBl/ZkinDDFYstOXik1F9usLkFftsCo0F4QiqPSXPcs5aCZcH9vljFhi2AduSJO0+koYw+2QIoG1eQ12dAKYhTJJMPWAKjtkubgrOFM7MhtvFiA4HJye+voKjO5SomxUg5w0BO7TYhHmOEw2vLiyzYGmO9eTks6FV4CzD6KJA5InUka+dNIl8qtrSP/4/9QPmQLlWRWADqI09qTxeV87lL62/OMUBYSV8WsrGLqNkKiSDqsKUWfxwCykwWmwRni9i81L0IXEA6RiHgimdoYesTlITkORS/cQ+4+j6zGw9Z4p9DlhO8HVbveXsMOQzg/x36Hh68scB56wkDxDOJh/jz3/+87J2xRVX+DbAKnTVVVdZkaLT1roVhmUnlJxYlBjmRz7yEbn+5Cc/efr6q/d8Y7zJ+lSQcex6t/3e+qsDiV133XVC9jj27fF4lQRvX6ctP62ufmXAs5ifl112Gfsf/vCH5eFTn/rUqaeeuvPPQIqdHQG+4AXLL1Sw4iWXXOLkuvTSS/VWv5DAYeqUJymTtOTE55yfnOGS0PonLKwob1wl5nzUYSzwxCeKhwIXskuJwp144onEuOEZKkzZEybQP4Zyy8Jtt93mqwxzzINVej0xuarWzLJfi6spn/sXHOXf16JffXjRRRepL/coWsVsJ46ve20gHEPV12wI+amBEQCHDywTVkeeC1zOxSJLQrainNRFhAuWP0AJ+GZFzF6i2t66aKXUQtpDm7XPlUCYykfeFGHGw11KrMITaSFpobkBuHtxRnUI6A20osD8wREg+xz4lW//yjMeeMZtX7rtlMNO+fGdP37ay5724+/8+BVPeMVP7vrJyU84+ba7l1+a+cAzHnCsMFszyAM7/UV2NrnRX3DXdWaVKcw+LcnhpN7rUkWYmGDFYl+wQ7i21IewIUkCpoQJOw1UDc1tfAJiFIUqyImF4AQoWhGOJoxvRfmRSZkXAiZ16YKFb9aimMpHCzbFiBiVwNDqQigQuNMQNoUTZoHx+k0suqID0bqKAksFMMUBWKSGcBxABoiIfCpLo6ytAvBJ8lb++VDn8NYUzAE+ozmGDwNGmEUQ5iRMgBgnManAOKxR4Sp5BCgoYixPl8oPSbliQeYJMM4lMiVTURhULGLRCVMkI10Sgmk7VAi6a6BLx4oOX0M696iLkYzkmOr8JGAbwpY2JGDo7FV6mDBJ9aKSHc1GEsYnQBgTDePTIsxaw5limTA6+8QS1gY5IDPZd1DjO/AJ9EmyFj51MSKKDp8WGZZhi7YKfpxW4XbC8swCfv6zj8k+OpcQPKmvwNo4yw/egSTgLB9dNWOI07JsYu2i5ZdLKDawS1XUIatsniA2iScC3NHARTWzmGUYkQtDhVRvYA1mxcZgGAdfgfFFbrMhbO+OHoeCtQztc7vdimJAw+yT1xOMW52YprFia5E0CxO2kLwza7ZjSwg9KN0YmPWEdazQQjtGKcomy+Q9yIgB0UmFg/6P/uiPMDWZI4ljdbMlzCK4wWdTlrYEMVhQLPvGaGWeM0seIXz3CSr8p0XdgXjmmWdyRnVlmDqVukFRuMQTh6l1qRCzCjHGLeGA5rnME+a/QlhIHwiWjLhY4z871pJbpiSZjLXIy4/WsRxJH1oZI/ymN71JsIpIhbcWZV+iLMFbseP4ToidM97QxE477TRRqA47QgM8Yd9C3CCv1h6s+rJgYevi6AQuccxCmpJ9nhMmgMONt7/97ccff7wptRCL2IG2bC/h2Fp8k4QamBYCFlptjKiHRUeeMzDPBcjbl73sZQpnOT3DTlo8b+uSkUzh95Pn/luAbzbHXBp44tKgQLYcDy3hBsMHd1BHUo9LFyA0rCVgs10aaDHLed97Dt90003q655xwgknuA1IqUuPoNzwdIKlnfvc1jmqwA3C7i6P/9HjvRG/9eNvcUlF8MVrdYrku5suYo9/vPucbLvU9gsJVJkwN9zAhKkWQpZ2PsutW5cquM+dfPLJxFyJXKrUkedc5YMoZElctDAtTdEQbVHXLLQnsv7kjEhVSj9IpiHLphIWlwTKEnUhU9QPIrKKQki1kvXIhjkJi4g/8sYCbIonLAMqhtJVb8DaKUwShwUYkJQfjvHfipIGOhPxgSSYDXiuGWA0PiAJFAImzIgc2lB8swQfMPnDf8F2aYbN8tnq4s3JhKkDMvpnKzznOGEYh0oNT97SiHqDWJYpsik/mNKopdHCJ8xCyWTWG8BQzhlUCzS+IhKWAXbYFyZTdIUm9gJvd2gnO4VxzpjFYb9Dvq0nENgspuPCUKcZajC6rAF8EbFjioApumY5iYmG8UkyxY706jpGCBDDgUcF3ywVoFhUEGzi89OUDwRrMHqcgQWlWOwIhAAtlsnAZuHh5BiQHKXHaWl2YKsUZmIMIspMydz2kqziLB9d9ZNla2sXc4IE+FJjyk5zWjkgnFYeB07Az33uc2JwNMh1rxZiPuyy6YSyvBIyqDOyabEsw1bVFmjeK7yFHC78u+GGG6yCPumkk9js8SQqu5ERWoywbOtapXaxllX6IZUVWevHXzgil33tKGyHiyOSt45XR5sD6Oqrr5ZNjycfIav48BSyoBwEmN6g/RJ4SXjve9/ru+uh6VPtFNOglmbcEhZydjvUvDv7JfDvec973vGOd1x44YVnnXWWtRzQXOW2pGto+9AR5spyzTXXvPa1rz3vvPN4+4lPfEIqrrzySlFIsg+q/EiIKeE4j2655ZZXvOIVF1988Z/+6Z+y/7a3ve3jH/+4A9RhrSJ2kQ4QJnUnndS5WAjwDW94wwc/+MF3vetdf/VXf/XGN75x+6v9SJKnRZcFB73PJ5uc/NCHPqQR51f7qbUk84Q/vKpA/UICPn/60592p+G5ZIqIWakWo0jVV+3sbRmQTBw5kWfBWlcyCXhhq7LC6VH5dCL49vs2KLenPPt/8Rd/8V//63/tVxN+Zv0l/D5dalQvdaxwQN21hw6swWClFEtdF59NzaBFtYEpPisKLBtqqoE5n5Z1haPuvNJpYtc89pK6Gyq3IUxFe0uIcGywdpraWcWUuIjJbdgqvrs+lh0xjHPJFEmzhrLUvzou7XLuAO3OJ1iOEaBoIT6oglXcfRs+87BnKoePIjHYYUFSBUXNuFi4Km/uFv3b1C6CaNc1zugBPnTOClDUpuwO3uY5fzjArCR37RMmScXCZ03aMW0ra8GYAkdTMSvnjMCyKmqrsGNKh3TRgQmUTKW3Lh8A+6IgjMkmr6hbSHSYqsCC8plipOJqLUM5mXMWRvOWJJoWWj/0eZAuLU1R0TE1hm7hoVQDmZc6gJghggBJICLYsFObzx3lbBK2EGtWlwSrwxwTIxmeo7mHL3s1g2DlQfiiIMxVwoxgUmEHJo/PPnkWDDHJE2NTgCkyYkquMHlolgr7DOoWBtXR6qpAN1o7WUJi0RWLHV3BppaWrtLSznL0aXvnEptaUeyKJRCKVMhILGxL4hDWh3YEFbubJxlhTYdzqRtGl4buGWxSIc8OI1aXW4REwaaIWY7lMBV8wp2ZNQOXWMbpM+QEswqf0U5sfCsKLRUEC7JhyGbfrDD5sFVwuC2laC5NaDCbRZHnVMjwRCapAM1jIV7pDcvhLF0lg1Jcu5uARYuvrsqmkKpihyik3a5IL1x/7bw9qVTWMGsZaxCGDSVU5UAdmc3WrpXZh7NPWE5tMJE7m6zSP0zomLCHdZjZYuAkGZKW40b7vNbhjLbDN8tg4ciXPmPBIUIdPueccxxwaEuwwH8Zz20gD4bUrcsg/x1Y/HQSkSTvlYCpNkWB4BsZU84O/tC1ihNTfvol9jwXJmENB+sA/vj+CZCTYiTAGT7YFZxnMPv8t3WFRqbTkFcskxGChdxOCKs0szYGO/wXMhVvJtZsLfJ00UqGrycsKlLFVQK6nDn99NNFl9schiVNRBJrFfVlVvkcT3QFhckBxokhbHJ0R+eJJ55YMvlT/hnUM3xWHSc+V91pLIcjmfznkq5weIlacTFNcZWwjHGbgFW4yh8+c0aVeaUQmDAtiwKznQKICmQoQCp6nZ9SQVikHJMThIW0NxmhUZx9yzL/bSf94J5nj7lP2FduLcrdT+ndz4RpylrUVZaKO5bOcTlwOhBmwXtRflxW+OMWwg1lZV+HuGNZ69JLL+XA5ZdfrvmvuuoqiXJdI+z+wUlngWIRcENCuCIojffoy//o5e6jX/v+19xWBXXbbbdJu9VJSiYtMbIgdpcbnekK5WpIDI0vXVySW+eFo4RXfOM/+0rJMZ67wMGC5b9gzXoViZRvUqE6xOxWAeq3gqWiZMJXd9dZMh1A8syCcrt0KjExx2L28a0oFlVzMnbQ4ysHlyxtSpJVgbeSLDRi0ktGpNpSDhXO0FTnOFqGozsfTcFAlmjJJBUbU36kwlpaRVyYphSIWIDu+0oGSAKs4owkwKYY9QmXAAsMeqgIFra6pOU5zHOecI+kTwLnWcZns5dowsR43jdDqmF2ZB7BGUCyKWKE+aA9WIZNdRG3ugD5g1Pv2VmybfWaGS1FesYWsG57kHFBCYdloIKGhS9qobWVEIRj4sheU/YjrPoSq+gc0CFSgdal4gWGnDeFIyg4m6njcN6sdXWChHMpYUuwPCqwVVgzC9NVLPYRlmOkW4utSpEbaJxmyc8RwT5hDrCMj0PSunAuUYcNy4Mh+aYGm6WIyOd6ibx2Eogl7ALuaRWc5aMrfQbcrdtgEvhrlz6oqEpuI9ktNq1NZWc6AW0qjiowFWLs6n6NIhdqqXVkVs0qG4MEQHRMAhSpqHGP13ajzcy+Rwm/dYZMscwrGSEmkrvuusvZZAPrJ3sS5ozW4SS3WRC/4DWWPmNHfq+99lq59oRi7ZJLLuGDo01EelEhxc4lhKFPYL93/YILLtCIH/jAB3yq55fMO7j5KafyayH2ZePkk092aP7hH/4h4e0vmXeMyg+3BS7JHOAh+x5/r3rVq7x0OWYVoTltnVzOL2exzYOvn2TGoSPnjktH85vf/GbPVu9p/vv4dZjaLXWDTPrs2U6+CoJ9zWte46X+1re+FUZ/9rOfna+FvUSeFl2fWMcxa2yee+65/P/jP/5jT9iXvexl1vX94ANPFEKx5NzZ6sbg3dkvyffsPv/888XCvs+kikivSEWkF5VGBuTZu99L9+1vf/t73/vefvVhH4Dsy6R8yqpvjGJJpqcwD3nOyf5j9q233oqjGeRQMyif/uno0Ty6V/jTV7UxUNbhE1ZNnQML2Vr1DwfIkGTflA0j+cDS+kEUooYVWrf7PHBAc9rDLJiyAyWnEDCVjxYxwqojGzKA2TWlXW0hy7Fjp/jwC0cVvHFp9SunXLMIE6NuH2lpihayotrpQK1i2/v6Hn3Y0cpBhRisUoA8MYWWASqanJ8ubdzjjG1iUbp80DBSpzkFKwpi1rWoAPlfyCzgkGdQjDyByQtK8jF71iulwEcdX1zoisUOZzA5OcJwycw+Z5xofdVs3pIpRRyWf7oWxewwlcYSKApLsM+gKRweouUBDZOE6cJ9JxiXIlHLEl0Z4CE7PMQ0VQNICFxXADL6iljdhZ+Y5VSfhxaiUooIW53P+OLq0Id5Xl8Rti5sOeo4xEQBEyDGiACpYMIkRce+dRGGMQVFDE7RipgwJj/JUJHSMmyV7p3VV2XRig5Tp1IzsGBHsMkHuRKR8IsaX8YcUFQIO2bN4thfTWkJ2F6WaptLhh3C5NE8ISYzrPVRh4mZpaKBzVLHMcUa2uoSToBLhDHb7DCV1Cniw+wzjs8lDlDvUrK9geHgmxUds1Qk31A2WGDZbLFYFy6i+NyWHEwqTDU1GKdWhIF01UvAKmAuKDjLR1dVAF+bNofG79PNIeVUGw3UbrFzYFtCnSyJJmYNNeYxMRw0yHIGl85doSVgOeWK+C0krYzUOraZouoJQ5VmjVmEKerat9ZpH+onC2HWbQjW2LRuHLqcd9yw5sbAuM+PtpMXS4hOE6MBayJy1uhsx8fLX/5yNIyWUycjDwnIO/95jtlecrxSlxyfIgtxteWsRZgb5NWDY/2XLQs5BPvT0f1JXV9ia4lu7BPmPAtisbT0WsV3nSQap/2s80hyWKUFwpTk2C2OWoFb5fWvfz2a56ZsPFokLURL28meVXiuHHzOf63MvgCtTou1/BeIouMoHDHfWgfumWeeiaaOzx/2tT4Puc1sbeOTo3HZPPvss7lEwLnPmtX5XzOIWuxCECZhPebrKxYvY25IDmGOEeCJ0BAs8w1RxTk8zQYaEgDCVyZ2cFTTI0AVgClGMOtPbrMMOMBmW9emhV2ebMtevWj+uLLIQ/5b3VNGWX3CZbX3igucWddBwboukHELEbVVdA5nXC7perbK6o033qgT3C1kyc2AV+43HUkcEyOfReHapHXd80740QlW/Psf/z1h6m6r4u2la+fS0oSEJW1e584d9wweckbs3NO0POEPr+iGnY/CZEGYxSJka3EJLY18JiNjwpEHdgigBUvRFFdFR1hbCkG5OcOC9sAkRkB+YPbxcSSZ57C0C4Srk0xMTjoudUjHKHkVgUlqZv2ggoZNqR1c6kxZCE23tpEcWnBbQAVlFQctIqHVBgG3AeG0CJCvtXSs6AqQWf5YSB7wDfkv8zA+zCWewwR4kv/oLKD5QIyFwpRDZosFEyaDD5O3BKZhoRVsiq0oY7YSmieELaT3vJ1Iyv9UVv5xCKOpyyE7opYEmUQDtStXZkXNTwRrcJxyUhphGwpfKWENQxLWM2ECDCIUlyQs7Qk3i4lDizU0jilR4BCGCRNgLUVi8bOpn8kjTFHXz6ac8MRgNA6+WfIyKVJ22M8ZYrlBMsyaqfiIko8wpAgnkPC0ByAGyMtevdSpqAlxlo+rxrUwj5sGWk2iMYHCqIENoMadI7bWVKvtp94pJoyvYHqF5RZjkAdBQ/bNArqEdQZ5PWEV9jWB00p2YHwC3JM4e1uQ3HA2aRodppnClraBJagGEj/C6g4dX2jnlNPc0eajBeN4gVmaKR/1PEFYzlpeuhJ6zTXXOOBg/Ouvv57bDjifAa4KWdK1tW+Dx5mgrrzyShX95Cc/yWcvOXnzEvU14iS36YrCTnD2caA/XcwydW44jJy2OthL2ndR9hRMFTt0TKmR16e28Ky09PzpaEmQMStyQCzsOFV76Urvxz/+cSoXX3yxbOPMS1e6GDQlXSyw793ppSuxLFv36quvlm18X02JxeePujhJe+kS4C1hafQSNSsiF5peuiK1oo2hWD6xAjTkv4P+8ssvlw25ku3bb7/d969zVlCy6rOtTGKRbX5S9LXGkXMtYS3OyJvcUqciEMUSuCEmn2u2pcnWNsPBFyxCJi3Ef4Hfd999LHe0AZKsAQL6x1YUkagVVBt0g3R7gGUAEy0K2TZFizBFSwhZ+MpBANY8fJZDseg90WnLimVRuhxTbikirysYRMPSAnOYonLkjH62uu83zHkcax152PIfU6lTwVd08uyblW0ptYpPMp/NWjr/YXxaZGRD+KYkqqDQXUe0a+GTgSnKc4cLlxIWMiepWAUN47NM3iwLThmZwURg5gCxUSFs1opyJSFSxL4QTOFzA+7QDOOY4hgLHFNxmWnIN1gt8DsNB9Ml1kdCfWuPPsN5KDS4Y4obQDKTRBiaAsnUY5JgynIsW9pCpqhwRk/yIW/Fa3U+5xjJMFdBq+AIP2yKCmEqFBNmE2bfughmTWFmM2GYoinrYqIJ5KRZybecnsGUbRg96xKGJUdoLABJA9Va+PhAtoGMSRci4zFlEtbYptqStidJ54YDAS1LySAImMJPGNMwjANXl1JNDJ1Kln1iUiTWLMys6qDloUtDDthHxLiBjk+RPFrmLWGIiUMMwQ3GmTLMGYCveTiDaGgqYbh14RTBmq29PxUvRcBaMCOYS0LlrvShww1rUKknWhlUTsntJRXqfGk3AnXFxCGJELm2oAhYq3hsHoRl7f23L2FEuE0yeAimBlOBRwXewlalKLiEzjGBcBI2DBqSRNMSyBbHL660MGHtC7dDOqc6jJwmUuRU9Rpw8joWfTz6IU/tTn3xcvUclIptTrg6njPLjfakTWUIy3a7BQEQTVkiN+AOVhwuUScPE0PwFiZgytGZSsJwlmGzoOVmaW6YEjIcLRxiVJJPOGu5QSBnyg+agFnAJRiTSxTRhNEFC2PC7Fgx2BZLfhA1QMksezJGJpf6BniaO/d78VMkQ1jD2yfteVuoDQl3XrjMwS4HYTsZNuVK56vmy03AxoZNJWwKdkUg5lVBxv3DFcc70u0BdrdzG/PixHRTYdB9iBgOXSowddjFziyCPNodESbGVavjs5wKMdZc1FJhDeYYDsdgh8vQ/CRGBo5ghLcIYiyz3znFglhgijBmwZYBiYKpMBKOY5aRhEGZMVV+TMlz2CwOSeowIEbeEMEB2PGHA8cxBdMKDKtaUx3HnYYdmnOMzvcSdNYBPaBb6iI0zsgEiTWro+BpM3zGgVUsl+dAUHwQC2ae5xgn0WEckDwOYRjNFDtFkXDGB2OGC5DYCFNsRVpogC6luST/BGAWcBKGCcAtkf3127F8PArWfhS7XVb4cBmQuog4CZTMsH2aYjjCVDgxKoaDMQE6SIWdhOFOzlzC6ShAgAh4zoeE0QnjhAmAiFYhBnNgcJxmwaiwkLWm8nmSsJzdD/+e6qJ6T26Xz6v/Ty82DTfEB/VrpZ3dUv3gKgrQKl2LwIRBFlgLs5n9FgqasgQiFZ4ZWsiw9oKHiKnRE9viZcn10QNWjYdak0tU+ImGTdWa8Or+AkKoBcNCIzaYMJnwCMOdGk4r2DFnynGJ6QR0+niJOmedjMC5CUg69YixyT1aXLJcES0BrCHEzE9EmWfZ0NFGF7YKa7BaAMzOO24Q4wDc0Z+wWXaoAAQxeLxNGCYGMwibClqoKVjgOAWOZkdE+bD6snyHTOUSFWsRK3AYH6ZlNmeyX2jZh9lnSuC0pAIhM4H84JSrSj9tFqDxyTCSt0z54PFEmBkkowNtDJsHtKmA7QTbrnYUjPaRDtu9c8NwCQA4AIdWKq4IhOfq4KvvmuX2ABsCFw73jK47bgPkt5ceU7BVYFNkuojA3VcI85Y8AUbw2cS3BK1U0uUYmmMwx4bmmNlkhsBE8Bxm37BVSgLFIgUNiWWNiqXR3cDG/pKd/Z8lIkyN/bIE4+PA2YcjMBEcCOMMbSpMPTAMY24PTRhzzsQOxM5BoElUX5MgNAMC1A9bSNhUHQWDtcUWdQaZZb/VeQjz1urjudkdx+IAMgBnqwITM0sMEycctFY4sbDhqI9lZgFCCTDlmSmYGA48685CWRYUs6IrWPlxQNllMoBYMrVJBdyQANyWnI2Z4uDtMAEqhuxkJIyDABGJpdLOrWQdBYMHDPN5xNBbTGCg4XaVwabwt/JjAW6KGCgPcKA3tA0cUS9JKXr56E5jNb0FU7WpSijDFNiwOqFhoE4BAXhqNjCm9kw/HPBnKmLLAcNsGKwie7DH2ofhNAtEB285h4S0dmCmIoLiAuiCLUslQWYQsqTFnTJAl2txTOkilpG1KHt/FSHYqRwYH1qOLtyKsGEwQ26gpxbh+GgQgYngTBgnnMoIBw1hdhDjwHZdOIgeFTibW/toREBm8AjUbLkXJ1NbGGcQ5WdN6h4YUmEBdPT0PejQSZGY3E4JthvMdoV96WFfbvxuSLD9BpsaiLlVcdXA8aX3gfelR7hS+Pa7TABDtCl4bhho2LUDxswsQGB2dejSwxlr4bNDwH3FLGvAcHTzkzM4+Y+DposG6AjypuDC14RSARvCOPEDkobhDrXBZjMVHSSMwBwVnFTiNAuoNwQEzMLonNlywlsmXBHzH41YC7u3lYI2VFAD1AwAvZVZ+2gBDRbUMwEB9oF1eVLUEzsCvzDHfzj3UgmiwweFARoe3S3giC7hwWAMciBsmDPcg8exVXzX/iSttNhHhwx/cNBsYjt4C8vWXSE65qjDqWwJYmFDmxedS+HF1oHzYaYyEr3FwTqzwKy1gw9CWvCIga3/MJj8gJIpveiHfl5fny3ttkLMAVVRCZsTASsV3A5BT+UAu3Bae7ZWWFZ+BDC7FR46Irztgy3EaeogJAPQFgozhbN01sPBbBikkhhi+EOA7VTNWuAwupzobCnqUGsrlp+0Fs82mRk6PgGQZIplnqksw61iCpAMZ382VZxMDRiuSosAnAoiPgzyYetMUyRjjs+YiFXkYfJg1kK0Sg7nORwUTj4nAEb9IFiiqRFo0XXxPTDMJvCt8kHyxu1rJ5Psp0uyTQJsmHVbPbTf2mD2OezjbQjbzzhtcvyEd3B7fjDJhMNDwCO8IwCiCcwUIDyu7tgHowWnuINNhZOJCHaEY25V4CESsDRaTtDbzHStyTFT2UwxPFAsa/oXYmArnPojGdkqorcq6GA1/xBo2nBtph/qxvoBPxhhfLBtuRRHOMkgNyKGPgjNHgTewntCjwwJA3QBNkx98MA6uUD0lhOMhcX6/teibdLGlJ/B0oWPABHhyUxZWvbh5mSICBIIgyRbNHoLCYzKlg4P7AxB6sFiax9miCA2OP8HEgCrsQW2wWYhtydpQxzUxVw+ujswJsBqcBkODtCz3hDBVhgOxomDsBV7JBiZg5a38J8x9Z+H/7y1iW6bk+iI0h2dJEjrIN4ZDhOgt8ODYMWDeMDqe9Q+/A8FtkB4Rx7EBHvjR4YdmTUZh14On3CzI5P6stIKQ2+n4GBLB2MtYtHczyfYnjXBDIdIPsWxsJjepwMyqTjURr5FB3DCgEyAThEeWA7LFX54wg+vfvXVD/xvD3z8lI//+P/88Ref+sWfnfGzj57w0X/6P/7psjMu+/b/+u37n3N/dg4JTO1R+9DSOzixsEVzYHBgKkDvqMRBhOOEcQYOCoNJy0D8xcrGQsPoZBoO3sLwtwRIcZZ4JEjloNiO+iMR26WjI7aQANgb74ttOT8HiE0ytzhYJB4OMR8JB+PAQZgAHwkIDGw5O3QEiB/ssTZwSP4hJUH87axNtx0+kuKIHbSAHmYQPTjY4R8Syi1AL628Ki6wzj4ibAXQ9JUKzLYE3Wq7/CLIhAPMPWpT1J3hFg6Kgb3xPhzkBHm7RPXwuIbfcAvD3M4eUnJga40nE7JISwUMJGSu/JMEn2GKfYznhrh+nfduUt0lt3jnjkkFMDKwOrWXqxaCgaXDHAjig5gJcBI9GHPxe/NKSyUCZ4szsgWcmGFiTKUeoME4CWLCmKmEhw9vYRvmBF4StiAzErWTwG1K+6kgMAzMgoS3KtkJb4HMYOrwPA5orSYf+kFfP/Pop0T99OLB/T9oM/xcgiN+5aZfedGVL3rs//PYU2849T/+r/941nef9bPP/uyMW874pf/7l156zUt/4//9jSd/ZfnXUmeJsKVhbuzgcQnMMG8T2Pq/xYAwSCymbCAGAwlnAeAMGBKGU9yxn/Cis6a3ki09vQ97tVyhQgN0U6MSRK+yi3BNspUfSF5ELQ0MyQR7QvsQcytAPhwIIYgOkw+vIg/LSYBZSodOJeFF50DLjc2tSlGU0gzCQ8DbbI9Y6nDQQoJCTIAkt2tFAMwtkJSlUh0su3Q/+eDn0AdhZwrdydBwS4MtHYzA4DlAIgZvxfg/NDyw1n8JbYsHRniVeqhPQImanje7d38Eo7ADow+XZUmH6SsbPARs24fJIMhXLTBGBrb2t6tHxwcx9wYHtsHAjv8N4R3+QRgBxHaJiGaH+UhQaPWuVCD6ebJj1HnazzbRmCVKWhbP1j4AfZnm8xYxP6AbgTBI17oWXbO7B0t59zdq+W8ti8JojoGIcN5ylcC2fNFmAQJgAjYHWxHOMrxMPxxmipHsR5vK4JgNRph9uUol/mCAHxAb/EipSAVEx0yGSiCT8mnnlPBfXf978/zZkzDOY9c/FLP9wWlDuP+E3x9L+Y31jwsdtv7p7sfv/7nrMDDbn1p6wv4fy4KftP65dBi/PzMFz5/uRjzlsU858hePfPJ/PPmIRx8BP/ZRj/21n/3a4b9w+BP/vyeGn/DLyx+eYr//aM2aIQdgLuHApmBMrvIQHcyQFkwYJ0UYM4fRMEiskGF5MIQNJz8w5oghYEsTGBy/NG7bOzAM0CTjrDN7ZyVIAGSBWHSlrKbtlIHZOEGcxOBgVPaENgfo3niFdEdx/MkNmCcCxJcEdHyc6HBEzHApHZUwDiJoGC6Bo4IpsZhogAYRmApHQAUZiTYFty5gZEnr/sdpJw9xDsokFgayVK5A23Og4Q4mfJA/sBVzAqA7JaLb1wF6pgZjUmzjD98QDLGzyhZjBuidYXhHWJYQcAkB0gXkWXpVAf+hj25yByHNoCwzASsVK1WXrbZiWxTGRCTQqoesE4gDcBIIjwpY5/d6GsEsmuXwan7hgyyDPG8JYApuKsktLGvsrwJSHAx2ZoORARxA5ww8rQ+XnIZgdXYJba3dw/pgvkZ95xr2oerb4zuUWCowUOMpM/dYLj8W5cb2tFWR/InIKwKK5VSFfQZw+hiEzVZZUE3ZHGwhs/hTd0MqaQ2TzezD6Nqj1QmgAZqHMMumYMI4TMEEcBBwYOkwJiylUxqpCMpMIFGyLXuIElhi3YQMXYnkFnZDAhE/XP9cen9S6fv7f24f/U/rXwVJxRAwFabFGkVT31v/Fk1/WooRFy8Y4PQHqb67/8/TM/j3678X0b9dgG/2gfVvCsHsIPrD3t9e/ykJYqrPIJU4xPoT4GgWYFMt3X/AznN82FTYLCMAYTghp2LR/CcAE8hsYKoMFDKQzNIb5mFpIRYmTBG2iinW0Ph0EdP21LMAlEztlHLdeXtnTi1Xw+C0m6o4xXVX7R2RbUyzxGAWyDSFSKxVUrR6dKsHY21dYQGccOogtwthwoHRYjcFxxk+HJiCS2PZgInFMTU4MCV7YZaJwaNIEi7hgfKRgTHlv8zDVQG/1eGAna19nPwPm4VNgcWbTckkpHSVJcm3GStcoARVYYsVNKxSVTMMYgKSI4YmMCqDAT5AdCZEw1QyAs+6DYMdgbDhjv8D6zGzwHL0b14+NYNUlD2pg5WgzBvC5B/6FIHVwgKlLJy5oJyyiKg8qgXYZQ5WSEPYLKK184Mi2DO06eC98coJJzby4SCaQZjN8Cq48OmO29twwHYKBskH6GBv/HDhHZUZzizIGVELWeCilpBSAZxZTj39DUwB8pXZ8YHo+EAjOlDghvOFC9dS0x91Rp4AmQHqAisHom1Wya3OpUAfNOQemocEnLPRdDlcQYkhgCnybCKEiQMXUcGGccAMs88a+zBORz+ZDOIDBDsw+6bQfSeom7UWDgIOiME1mGQiin0t48MqW28MU67WZt/78bWslv9S3aXBhcPNoL+H01/pOWL/3xOAe5sevGHMVMK/9Vu/Rf03119mhzN/ZQj91Kc+Ff30pz/d8LfXf43vmesvDYRxnrH+q9dHH330UUcdBRMg2T/4ZUgA1huMs2kVT2ECmYVZJknM0gQw+Y/Dw/zHzFV8wA6MSYApOOEUn7b+G/r9exqMw/wEtEB54IyO1Znh+hZt1kKMhGWJKZgRU+FRVwhacAelooQNNXl9XkFr7za+4br/lo8rYGFUEOq7Vn7vxKDOyByaESQRqQxejS3qybDf0qDlwGpj7x3DVWB1sQBxwSKFxW5KmGYLFr/MDFEeJEGWCCgNHG0WnyQcYGbfFJvEYLUwRZEkmjV0IOdklAxTzgloAziaAEyAzYBlpgpHKhCTGVOY5BGBIQGzCZSxdlnpknllWnbmWrKg3Vodwzj46ME4McGOsGMBnu0fNgVHOCjCTbFgOHixu389CuLkBm/DJPN8/A8MQaGJFF1v1F1ABrSEhJSf6ivPsCrIzPLRLUdBagNbDlultfwqTBbVUpmVll2FVD9FrepkVEhVLE+LKxQzMhAzXIGrIhVERQ3INGSWwP/P2Z9AfXddd52nPA9KLMvzKM+yJFuybHmK7dhOnDgkIRMhJIFKClJFAk2goGkaiqKgVnWxSBekaJohzRSgQkITMhEzJHZsJx7iQfJsWZZky5JteZJHPMZW5P7c+/0/W0f/55US+reWfmvfffbeZ5+9zz333lfv+zymJpuIEopQTNmW+VzGDGKXExAE3HbQPiMlMMg4xzQtnBDoYS/b9lPiaCxWNCkJqCYyxFMcehqzsBGw1toZutvjxGYiQELc08hTx+bwNMI0fNtM7ZUaLw3pgSnkU/21WVbY1DS6U0oEzSI4SckOaOk5W8lOW5b00nZ2k5mVv1ExsSnW+DrukrFLDHxTFl9MCXSOtz0YFJBeBDIuviEblJkhAclG6Ql469MOl/VO16p/7VAK2O6MEyiRWoGiqZiqkitjD3iswh7w4J2gL1Efkd4/brzxRvIHPvAB7xD9LLb+ZTObjOm5k7FLYX2Jkq/bf7VfP7zCh6yPUWxIQEoCA3zttdcK+O53v9u3LDbpNddcY6L3vOc9zN674/rrr3dJaYjL1VdfbW8Iy4Weu1CCz78FZ0np0leyzL2+0MjQEO4Le/33S4S+lftuzpg7zQ033GCILCB3zB24iNCS26tKWmG3Y2w/8iqpINgsTc3FLIYwWRwVIxREL3IXR3ew9ulm952O67t9O/sH2gb67uDLXrs7BCnnNse2xzwGMsNmwWXePWV2ynIIDDi2tYrQXIQx5tsSwOqwjREbUqWYRh2qjFUbTVClqYZaMaPJuPrgQFl8Q2ZkhrkY0hEBySbCQANsNI4SM9BHAZPZYPPiILhRMQlyprE6c5U/ZUzPjGBexsAMqpj6KJpydUvqXUdT0AvccapBsUttGk4T2NfHjOvmMANsCCd0JsQ04wgyAZpB8cEoNkqDM96O+FOwotA5M5tKiWwGrVETxVE0VarCbiKs5rwOX7p7hA2iBIEgYS6FJotLENocQoulZ3uLb/1DMPO5bH/ohJbwqh9t2YFcoaTZxC4FZzxdBEqXRkVzaWqy2VmCUdiDbVWYnGFWEVJOQL4CFqSpIRsFwVzS4Al+hDKXjIDdWmpSESpLh5qhbhuztw86MjxdCE4QDx4yHD2HPPYcN55h2CgXggizmepdGVYfCZjILadQZi8ZCdQsyZSSQ9yQJwHugO4nIrkz+cqcnAuDWRqmsRZBxNdxSlvKJQa+KcXn1X3eA8yoUCzJplM0QzTxRO5QZkambx9XPbBGWwvT1Lhpzb6Rb33lUhz3UnejeqqbwrpUWOz9QG19U3rGe+fwigBeQbAPSvzYxz6WzROf+ERnPabpJzsaxVz6rKTvHUXwfuJVvwkAM+NiCp+whoCvy/PPP5984f7b9J70pCeJc9FFF5n6ggsu8F1rLh++T3jCE5hxZ8b9yfsv4MIWIrjIl1xyiWiXXnopS3rGBL6UZJElIDehpEfpJUZwvhLgjtkQZNKSLYGLxUqDHhsqoCD9VDVejI3akCwlA8qrtnMC2rSUisymdzsCFxprtIeTe2kj2P8EzBEEgQ5ErewG1He9trXsB1urnWMDuOl0XK/Z125yx1p3NANsb9AbDQWXMzavS9wqcLNnw2vfUxuETdMQs1zk3BIszXIICh7TqxK2WKM0WDUqDqgPA5eKbwhzpCFzsaMYYGAz8TnijOcPJygxXxogq3btptQ7BjaAgGSZMMC6YyICGGJThnJ2aXX0FojNEtNLg8CSGewdO7RMfSpad6Xid97Ga1PcwlhnKclYiw0BOeZFiBl3v+eCKTlSxpByhjhSzrxAQw5sElJKuFnIGdMcwYpCO8qWaNcplApoRz1SQFVSfIIuYDVXk60u3Dhws3sIwSUYwgUlKygWmiC0NhRaXG3DbmDsztRC02iJTrNktt1Jt72XYpMSDBHYC97WnN1Q6vXYEDYFSwsg94d4bDiWv2h77of3qeGWie0P09msotmLzjJniqOKUGnMmw37Fisfl6bbd9et31tmBAbWSBDQUOnJ3xTigwMLBFcfNiCIdmpbR4bjg+Ah1INnnkO9V9o9ZGYubYV2W3sF2yvQVtApkI9lKosMrUVu3SdV0uwy1Bf3npScqthx7xbt0FcKrBqWIGEtsBD2uVsgAdNYhVFKXSAIyF5fXBIsWQQPLUPOcfOSu/PJppMVQVXlJkg7VUx68U1Kbi5LsG0quNWtnW3JiukGUA11cIOpDHa53YI7lNftp7Cqp6Rkz3vsrUJtvQ04yr0ZeNKDS+wT0xuDr09vCe94xzvwO9/5TjY0DBplxlHAngHYRH0jXnnllUaxD8d3vetdvlZ9p/okfd/73ufr1qVo+K1vfSv7N73pTWK++c1vJr/tbW8THF911VXmffvb3y7IW97yFl7MuF9xxRW2h9lFJvvYvfzyyxmzYUkQmdKkorlk2e/vovQSIweJ+YQ1IwNvWgSZtGTL7LPb1BZrdkNkQ/I3u0u+YvLqpcrCezeqpHJTZExPwyYzzIXGpGpuXnWTlV3tkjuBowhYywizsfVdr20Gm6Rbyf4EO8qus81sFftheyqe/OGcWyCBxt4QZD9Ct8O0e0d8bN7YXGmAHAde21l722+Dbj0uBAmD/Fu1dZG9O2KVwaqKVdVoLw1GK06CIV7MGGiEOGTMnTEDegJMfMpi4rqgXwLaFZRK7RJcCqjmQvVzRjFfTSQblQ8Do0AuJdGwyDSWZqhkTC04d6PAGMpQDY0ydqks7FWmkhKUrkoOusSKiWtQRSZPtXGgHDMNNYSPYHRlrc8YT8BmJK/KejqdTTZEJtiNhIE1YuvFFmvUwl0qhbrh6lMx9RG38+15KR3+eNkcM01JgKTB5XDpmsOlORS0HaAZQmM9xkKbpq1jbpbMGMvVFBIVR4SYhlBv9FhwybWZRJY3X3GCIUyJLcOQTVMORSisJAmQsC1mXw62WFNApbFZbUdHkvOIYBWK2NZhwxcLaAkEk5oFNv8dZoQMCGIaLT3LJ0hShvY3dA80r/g9Gj1vPE48cubRSPbsgY4YytgjJ+Me8Osjv8ePaG01mVhpu8F07YaqZ2k6okfYei3/6quvxg5oBcfSVg2aTmH511n2fEG08qcks6GsdNbIXvddWqlLcRzxIiuvCO52mSgIZi8OQZ5yw5qORaZXRvZkwXEbo4KrNmgNrq1W3dNXNQjVZHu5W/4HuaL1CCf00tProDcAgncC70a+5FwSemmgxL2IPPWpTyU/7WlPc8T3q/d8Vjr9e3HxVgF6JJRmcSf32wv6Nn3KU57ia9W7necEFzL2devSUAbi+GyVABd6oz5VzU7wYuRbVj6XXXaZJLGdILhUn/nMZwr79V//9SI861nPkhsBc7n44ovFEU1kobzEeJ3iReZYDqJBKVkgAw8wLthimWGLFdDsVsSMvbCMK53g9qrgvY1V6t6TwJD9TN87Fi8sLD3ZKvSCGQErnb6EGqePbWyHhl7bGLaKfWXXbXfUDTfYUfabS5vElnCadaB1IwxT2h5uEwFtDxsDi4/Ni009GqOZdWfFpUHAZZUZF4KECYJYyNy5iuPSxiBbPvayW63UxMKVApixN0TJmIvi50JOz7gy4uIbomRWfMU0pLCC204itJPBpR5pmVB6xwDztXtNbZSGvVGhMCWYBYts1OrwJINLG8QBShqVxIxdVg2VqUqKqWIDNYQRgh4daWA3v1VJ1sfkXqeOugwZrEy5OZzMuPJglFwkTK7pdR8HCwGbk2ylZGVxackulaK6qYOKAVltsXYYdaNtyZQQ56JUJtM0JSQYLY+MaczEshumOWaCbi1yfVJ9u0RwAi9oulgQgjiEzPTeGuwGQtuo4GLSsLGHGNhGNDYQtp6SL+ye/obJPwb5mwskKUNHiSPmGc94hoPM6dZnWdtdtkIV1nRcTETfULC3gBklM2m4lKrSCy7tNr1U5anuZAWpJnYJOCw8SBwlBI8cjzGyZwx4mXCJe+ow6+jpYTOvFKHnUA8ha7R11NmqpV15XZaztcjTWrobnaQd9FatAtJ2sCoCpfwpq3wVsDrLLCaNmGysnbFFYQEVliBOX7oWbmjuc6Eo+VYlKKw6i4ar+bAhq9DWeme7Kpo1QutVE4ISqYAqeTArWuzJTQ8ElwTFJHuQY897Gue1o9xbAsHbgFcBrwhk7Ex36RWE7AuS3McfmX3/e7VXB2F7aSg+dwID7yV9FnubEc3HoilccscMXPYlyoyxFyC+ZPo+izFln60eMBLwjMHm8krH2Icysze+8Y0MyL5xCdhcxeEufzbylAMvr1PS7sWIgYC9IVGaojSwIOKbi2Uf5dJgxgUYS1vMFmsKFa6kcpuCk+1n8AqlRLxiei64l6qMgSNon7ZCW13H7QQbwL1vw/TIt0u9Iti93iHsK0P2T/skY7INY5+0SYTqDorBdLEhk2KX2710pjsr5ouZuZRkTFnOQlkIKAjuDbV3R2Unq48l9+qgDoEZe0OUmfU6ixmnb48FSlx8kYuvpMz0gqVu8iUHl0qtZUJhBjrON5kBZmBUKHAJTVrOzUKWnqmxoTHGolFyKec2A/2kamhv7HY/YhpsVCVjBnGjzIYZVNsxjtO0VfAKXjhHsjZhZunLIW66jMmy1U1NoSGnYWk0uMQMKK0dz5INYaWYYmI2DChxBoeHrj1tk7U1t112cnavoBy2hozbbZIWTtxC4zIwq5xcZlNp+EJTxILQsCHwInBUfbe0pFuGRRqyNmuotdjWoXcKZFBwMSd+KGfCtowdlVtkE3F3rjlZnKSOV+cLZVsfpCRsibk0kRxMjTMwWtHENC+9y1IVh72boX3fJ2NbHCQwj0anQw8eT0RPGjKGLjGbnnM9gXq3mDcMDL1VCAgtVm4lJn8sMQkT5FY9VdhKnc6yUgSyCqitmkhezrgNJOHWXptarAimMEovFGPM3jL5Yne1aNpkqDbFppMARxEI3Cum4Lg84+ayCsLezMN3bctUQLB2rEQqoD5VSXEwJYYppoe9y14XHN/YS4Ahrw4E7M0AEnrh87rg/cDJjvvfnL4sDXldI3spYSmUNw/xBZcPDdk7jScBdzYeD15EyByhtxNveCIY8oojsrnMwtjjxKhHCzOvxkCYJw0DU4tvFm8zkjHqbUlw7pilyGbxKGKAWfZYEsoqGAhC7g0JpCGIBDBjQ4xzLH/M2Ch2yZ4xgRm2dhPZooIrJiWuJjiBEgvITKlVvl60vQlaRsCgiUExNdoZ1V1m89gzdpQt5CWgl5JeZejZ2CGdZvZJspuiBzD09haD6UxRy2JTZ29HJRyhu4wXIeZSKBCkm7fNYOE0Fo4tOTk9MzbWjhNUo8rUWcaYTD8uwNIlZsDRpGJilTeqKZR6IQ52SW93CaVNQmmcUJrILJkNPTNxAmXJEMxCLvPY1IIb2m0P/1taNEou5S9axpOqob1CG1SMBhudyjNIVlU28aDL6jwuye2WOIxyNR4XQ8MJTSoZl7JlZjn05JjeaJAnZsDL2g3VpnY+2RBWtL08259MVGHtiA8PXaHFwpwxlHogzw5z2THXziMwNjF3U4JpcBloM9ZgyZkMy2Yz2tvQRMUvDm79LGVSru0b7sBdU7nTM8C8KhB0P8zdMgI9OS7zZm/r2JEdTw4ap4/pBASLksm4cyRUhBIGQcgsybIqpsRKUtpV2RT2N7QKSuDlRFD8Hic92p0aK1LGMI8cXj1yCEDpPAIGnoWYTHlk3CokbPkWKEPJSLVzFquGJA21iu6TOgJ8K0XRMI36VCheXDAvLBS2GYpGacnqY1LGYvItYEFgT3ALG1pasIqWY2mtrvcqNSEoFNkDmxynAb6maBXSI7QoOZhRWGAmZhVW6l5KnODYuwKhV4Te8LyTef/wStHrIGNegsgcy1AECbAx5DUrx945vIXQ8PIiQvaK41GBGYjGoPjkXlZ6cfEeA3Kg5MsgFxOxN1Gfrd6WGPhOxcCg6UQTh6UgVkRJFq38JWYiIBgSrcVysXBxaIRqRmZGMwbPP0G8gGKLZSklXtUQ6wUesKQXnB7rUca9YBFUkrD34fB/EEBrVLUK2xW2ENhL7Su3mJsLOuxqtB2ly1qs47rfXlo3TwwzEU2zxF3GCZAjYxqOZDxBZN4qrA4siqzgLTxmkGw0G6wmBJxxNVnrs7pk75LAgFxMXGE1haVe8NUXl7XJqJa1pTPIuI7QsMehZBhM/pMMpqfJBth32VBmImeM2dAzw8ygy4ZUj4wFwTT0jWYcRjnGUkoWjX44YVyYiRkzTo+zhC4ZNJSxzFfH1UVMnLI0qjxmM8UkE/Jqz+wn2bYP8XZwk9p50iK0vSiBkJxgiDz7j2BWENoEUAMmA5lN6TPDZuEYijnRWBIy5k6Ig5i41eLix8B9T/mAbqGBUZpsykEQ0Tp9HE8OGoLtSFm32DCuMi4J8qdsKFBmUAIcKbFLC68B7fu2PlACs/3hcvjfkI4ShwU5uIwpZ4hZj714e1LdFpRQ2No6J4jcoGzlr5LWIjHpWTV25lq4IxUrggxrJYGl5bRqQWqZmC7J1UQExpWUTACLLZohLAgNe0rRXHKssGHPcQO5nHH5W0hodS1zrYb6EOIe5OmZHTxPoDJ7jMPfDdwrtxnnqNoObqc27g2y97BeR7yWOfG9RzrlnfU0TvYmBXGaOmXvLr1mcekJMS+RIvSlKDL2WczMq08avixxL5pwzuPOufmxN5/zjHO+dN6X7v919//yfb589qPO/vzDP3+/Z9/vK4/5yrnPOvfe591bQMGDOFiG2HLMWDK9WpU/NooZ4zEmWz4mTxCOWxonoOTFgJJxTO/Jp2jmMjRsCFdblcHKxbKCkwkr9nJu0CD9AluizWbDtG/dUB4hdq9N2x5rCzGb/TPt1pTp9VHTITk9HrRPEhrC5Izl6bJsLQqsBXr2u2zJOHnYaGa7+UHIRbmGV5dsMLgkmzfOQM1daoo4OiUCmRK7JGBDNYiMMzaE2eNgCE9K4ptlEqOnyQZDlw1lJmaOuFAMyAQgdIlFxgrIDBulMYQHLqswmUFmKp98ZBxyyaD4zZUxXtGksTRwS04uVaOh5cQtsIVbMksynvoAAZjhYtqQhy9dF4XGYFiiR2ydhHbecEN5gThlgN2TLp0dUukG1nJcrlDkYuJ2cNUkMOPephGq+7wVwiQDc2N0g83lPnhAxsLiplYFcQSUbfHbf5OYKQqIwx77VjCAjDkSZChmDcCWgCkFLz5sTdgbUMweKsOhs2PYEHSCwL6gw4qkQT++nTs9DjunCjLuOe4l3NYubYlV5zSWT7Cugjcj31CcOOyV2I4hLhgqCJ46pxewaOHgfwIxQarkEm7hw62lBc4yY0PO4vTrYk1qafaPNdqBuKdOTwiLlV5Lnj3JS4Tid8R7RfB+0Mt7HwqO+94tmFk7r9ZogXyBpSEGBM8D7x8eDCKQeyPBIngF8aigF9PXJBmTaYqPwzbpAz551eOv+uRzP/m28972+W/8/I1n3+gZ/OaHv/lTz/sUzY1Pu/ED99q+mMXkmK+JLIEsDfpWYRaroCwxAm4WBiZqyfLHZKNcYhrMBkQe41gjjPYihVeINqywDFQpmZJMOAKlPoZ9g9z6trTvpu20tVH1cc64GqGn5HXjcdk23PJHJmFr1b7f4Iy7fUX5ZJ8syZXBWsIsk4yTV85sxWqsEUfGU70ik2OZZKYdLjEDLEI8AmapQcxc4iJP/EGX8aTBJXkdxQlQzMzMRcbpea2cEmeAx4UeZxO6bMjlRM6FJpfddsPEz2zlGV05gUEuWOSqlOMYD7rE45LxhCJgaJ90ltqN2/mynzDbOcj06G7hYO7ckoE/2HMrAxujeAQRcO7JY5CXSY+2ePoMOIKUrMeN7X7uXCDTCFgyjLlMkIQVW9wTsIcci6BM1ium4A4g5xGhQkOW+R7C7UgT9gUd6lO5K2NcfHJTAAEsoVmKv50it32bHsxlNmbPxXTmbRWECQK5OGjGMQ7lbGo5QCn1CFEBWXVAE0QG0wWOoSLAXGZQEbD4hFiGzYUhS15xccIhvyXbNe2wrWevycAyY3qHLBmT07gUuULJwRr1wmJbNWVhGcin9oHEZi53SGd357iwnePNIjh7oTzPekyaRTQRcs+4m20eDEDuEveig730MOvVZ0ZxoHzANQ94zuue86CfedCL3vqie//Uvc//+Pl3fv2dv+Wd33Lff37fF1zxgof9m4c96sZHFT8X0XiVeasomTSGyHGg5DI8jmkYFHAw8WOX0xGw/BFCQzgZr6OnoQttDKykQXmhY6qNqv4dFLNdmbXl6HH63I92WgmQ6ccGMqBckRJGzne41UHCsOIks1n1R6AExsxil2d0aS7IIOPq31wYaBIG7Ckx5L5FuW3AQZoSaBaXcaO71a1YDeJJqdHhhNXgKP6Ygcs4ZS5HkbMJq3LlXAwd8QgT54zJxOHIJRafMrlRcWwV26nt6mi1IZ0SlNvAbJ3TmB1GCHOZELivMGVzkydpmjhkCYcQtx9z7MfrYLFjT2pzXN1XORxpji4LG7pMDywHKniQdhwsdowjrNluqS/YxzccQpzEHA7J62GxyqdxpD+jY8gglDmU0uHiZMkjhHwLssYfYXwTTiOzwXo58hZrCfv7QckMF+cw5b40ZW8HHu3D9Qae+4SLOAVJKLLjm+DmcYg76zv0j850SO7R21A281A3RJlZyLghbCibsQwZwyTWpeAs5bOHPyBlEeJJxuUkQ5ll8bc1n/S9y32GDQzCFvS2iQGDlDOUy+56K47Cnja4PXAZY/Jg7/CGff8e37nJB9NTmFAJa+RtmhNlGP2qHKzK3fCALn//y4R1mcNwFKTLIw7b8HK5Iv3KYXPYcbjecVCdYDST2OQWMthdN6ya06NwRoMVo7k9YxxGM1iVpw1OawYzFI7kLn9PPo3KBW3I7fR343U3zj0z4HCQdnl33LDv6jOcsJ1cDjXcm/L8uaWX5V7e6XEvy+thF8Tc8zycJvuxsKH0GsqM11EmeDTQ5YrcW07BnVYdoNBhtE7E5XSchoBZceKD9gRjuYU7WUgn3ToLX1zkFWfMP+N8CyIapm9oMMbJg1z4gjcvS/bl5ymCyX0CEtYkYWaJi0yO04d9wgOypFx59GOTANIbhnXojrGvbMPe9sOfddtdtl9MY1RAXbbAItuBzNiTKVsyNrqtZAEDTN/oXrztz52qW1+63mRdim+oaBnHuSeMvA6RZ5YxWHE0xBiONAlHGEcGYwzkuVz14DLjlRsiQ3JoaF2LChBogBDo8x3UssPFCUY5QxxHLqbyVv9AptRi6EjhAqVB4LhHvc1cacAGSDjSD9IXB6cZXi8hsxUzdAc2K8Ys3LFx+D1zCEeRA+PBQXWCNKM/MjhtPzAUklMGOZxO40gzLnuMM8yyKo9sVhlETrPywGVIXvnI8fdEZtva9rW4hLZrx4JTouOCweETOJ+wynB6CA/a1rgJuh/MQfYp7dJ5ZLI+rjvf++Mgd8ucTdtNudzb8VFYELkbiabRPakNrWJb8amOruA1PLMcYTfcMPLETNgnOQi7ekPRSm+4zLekd+xL2TJnz7e7fX3hAJeB3OtIctgmvi0os8kYg3NnNHB7visyyDKMY0HgtDwue4xbq9EaV84gy9zDyBNzWP7J0FpmRXMJLRaPiynMqAXVv6OZTJnLHuPwY9mzx2BIHPCcnge2ZzPN+ieuvTLOn7jiwCzOJWZWEEN5heSiZbZyLtn0kgoixDTyL6AX2TTkLOMu4wxOJwM0YYyxmMzIpRdnHI8Zuf81nkvGgqskwYxTUkjGIH9czZPD1piTIcIZeQSNg/aYFrvF4rm1DdXlQe4DmgyOzEIGWU4C4bRGzi0zuFSBlHE2OM0RMjgjHyxOCnXEmTXXMOWgy2nKMOVpY5iheDU+4sGRWfI6Y2ZhzGIGk//R6OBoKJd95LC6FUdmRV55bAajHLPVcbUJKccAt1jK1SysZi7tqMOfc5pj21k7yCuYDvPB4w9kMKX7Db5m/9tD993/hVb/ZOiR+0/necTJvwJ80IMe9LD9x9VCf4uyv96J3b0uObIn9zePMNDc/+QvZLrE219J2v+61tzn5QOlBEbpMbkTpKOh/4uGKQUhYF/kCQKOQS6CYJrOGgZxQpE5MuuvBcqQPVkELLJRArYESswr4/nfeNVwEg6W4xLTqzm5ym+NOTl3nBfOlw6a/bF++Egl7CfP/pfUd/ANW5lOnhAmNdFUhrJkZFgyGEqGb3Gwy5G3oHvYOAHaTuWJ52gjH8FQC8GSx+VPbi0r9wYzvK/ysEyTWoXkKzVUVSkZbXZB2HseE/o29YnvdTDuvRB7RyT01vip5W9fp+9/EodcGIiAGTj9+x/kfQHngoGmv0AgmiAiG/rkyT+8wfTiMDOKE8YYM5ZzkwrFeHUJTYcpS0NKNGSjfLPZbTeIg4uPGbRwkQslfrybb75ixiLTqKdRMmVsLkIMcgYtA/WvCysfYVWOWRujS620c7QVZst1Ce0rNu2rcBTT0O3hYHSCSWC4NIZBBUKLtXBMNkTOIKaPBzMk2pFLo5kB5XDGuLliXaMkD7o0RIhzt4pZbKugnEkzzhHTjzsDIIQxxswylsaqh1zGLM54uNHih3EZx6Nk8FjCuBQtLpnbix9ncMZkVl4vS2NcKGOOIQMCA3pp2JDbMdQGms2EjzAGnF2KgpuADGK536Cj4RP7T7foJyG8+92HX5zy4Q9/+D3vec+NJ79ihfKj+w+lBC7YXcpdct3nhcKOAAE/fvJDQWkITSeHSlMyILEEaM1xRYll2/plbqIgGg2h5RQ540rWLMMjNNSh0zklYdGwItBIOLjsnCKYpfi8ynmtP+5mGKRpaEa3/u2PGU/Enis9I3uOYhqXDOb0Ae7igEmx5LE06EuGhlxKg3yLE1zGkM0WdHcH7thlcXKZozCkTN7PyVvf6nCZ97Ant8Y49HayLpOXZNTWQnREqTFohzQMeZ9g3xtGLnjq5lFtyGvQvCHh/vq9l0XsTdEo2ZDXRO+CwWtWxj3pacwyb5D0WEwaEJAvS7JomIv3yIxzp8eQsVFCkxqShoTLs39xJCXGWQJB2PLELFuFIcnMvOVAmbEIIlsLZiZIyy+ZXnazL/5D9386hcfFkFnYW4tLXEmreRXGLtW/9sV1gRAnUBJw2+CIoS3UrtNrN5Re130au07H1w2WF2FQBMg4ezhygVLClJNGScZgdcFirSt2yZKMky2fPh64FAGLVn3GOD1mtk1zIqxmlVfxKTElHrjUjjgDxqVUELxncciKJWYWFzmXNAwGlMXE4jOzAZiRcaP4YL3/MUxx4lzW+LlkiUeZgWxzKX7zjktCLoZwycQZYwZbKjvGN4Oj+BNwNWZGLv7p/A0VMK9cmOVodx3+hNAespn0mzAcJIFFxEJgUSibQBRw87st3cPuPffheeed5169+OKLnQhf93Vf95jHPAY/8YlPxJTPeMYznrbjsssuu+iii/pJtth3sFERLrzwQnfy4x//eBps9Pzzz7/ggguesP8eFdHww/cfr9hBUAJVoYVZoSobJcgKy0fCThayKShNQbn9PJ79xxb2A3rEdKC47DQRBAueS2cNr04flykZZPao/ccctnzMS0DxZdsP37AEcj/YqB9yZHWYUkD23AmdcYJLAFsRjQWSa2dN0TLt62nXc86548SZVwQaQ44SxnqqiVomQruh+kjVLHKTvyRNJBncn0MYJZs3Y17tLewSyw2nF7n4CTTNW54Dl9BQqyDYhIY6KyWPOzpbhZO0FUGnKrRYlz3XLbN55a/Rj3vc47RG8jSmqEqevrz6kvPa5+3H+58XI+xNzlugd7uP7T9Ui/Ch/fcszQ+vYIbJ/byIftIFS7jpppv6R97Y25XITn8xxTfKEXtfxIaEzZcgGpmBmBz7eRQl01spmRmZmVkmmd7tkiXDsYAzhUsuJi0+pRc+o2bBpVrahnAR+olsuJSwUIy5mKWUgJIvl5iBIYt1iXnhecsEZVcQlfdorHFaRqizuN07DGvrcS5rx2F9LhLaQm0wcpfiwBo53/R2RTsHZ0xoCLLMq0nXlMj0vaBj2N7vdli4y2H2lMPzfr/57KgyDYmGV+NG8YCLoXHJmKNSU2KX6r/XfgMbaRjC3DMmWONesO3VuTWWDwPMMaYXjf1oBGSDE4o8xjYAYy5pjGa8uhjCmRUZF6SAR8YTP2Oz4IzjMa4CuARsTi5Syr1RZiuaLoOjxU7dTsenZMaYS7JRbAjzDbxwLoxVezsNVdwe0gB1b5PFQcRh/nE7QyyTCWdJ7slOEDeeL1p35hvf+Eb37ctf/nKfua94xSve/va3v/KVr3zTm9702te+1tDll1/+hje84Z3vfCfNe9/73je/+c3uXjbu3ne9613OmmuvvZY7X9GuuuqqK6+88uqrr2Zw3XXXYcYdDeaVSQUqpa2K+5/LdfMruktHiVHHCtkUhjo4JAxCObxozEjZ0eaSu0yE4sjFkGhmFI2By5QMBFFQC6GXIfv3ve99Ilx//fWl2k8LsgTc1791dWhis4hcQBBKTJAzWbcoNRJrhDXqgn5pnJPFiePR5QkHvQn1UPQE8mwGNoydJrrGvQhQfGtREwlYrNxMQcYtWW4lw0YafO0NmUjApYAlg7uNYY+9nSOMDbW12mb7SXj4k+TyX488Q/NyQJB/7HIe6kDGLbPLeQWRA9RZvbAEzZK5TJqi+niB4OiR7I2h1ymvWS69ebj0tuEVymM7pRcRb0X9GEVM9iLlXcSjnTFL4MKXMWUGjDmaqBc4LKBRZmQGXHrDe/SjH83FG5iY/RhIr5VG+zGQGITycsbXOygDZjJnL6bXOAn0cx+zlCTB5fwER/GxNOhbC32vg6bgkrE4/djtXgRjxpJkbBQHcfj24yqZyYTSYiktXATM1xtP8D7nxU6n2pkE/dIIjdOIkQ1t+/VEoGwDkOsyzn0z2v+lu7baYKDvNhvuHKMHW6vnMWOh+BYZumsMgY0nFCQbajTkVRpHTC8ZeWqHpVljK1UKGkypFCzbckbZM6D3zsomdNnQGOMxjscYM+BSzHFRakqVr/69vmOjDWHuRstZ/hbYYmlMV3wxCcxietHouadpjbNYkbEhBmNs3mZslPHqUpzM4tyx0WyAPbOJk9m4zLxZAoHvalwytmiOja7xMeMWW+SjxTZafOCbMbZYLpgxF6NkBmQGgRKXksi22fb/dRW9TR/ve2z7N7wuCXpJKRaZP6UsBTWZS1FK1GY1meY5L3zJuf2e//znu5O/8zu/04cpLzene5WxQ1BA9gShuu058vrmb/5mx8oLX/hCsgTYiybdDmizCOI+JzB45jOfyfeSSy4xVz8O12MAq0ULcfM7XMQRn5kh39ZcsMjuz04i9t2o8rccxmQGvsgZY+dOn+MKJaa0CaohN7AQBs961rM4vuAFL2D2vOc9Tz5WxF1uKu7+F1O5XLZYZ6XvfkfV05/+dO4+8bFUJeDhJ6YlaBJ7l52z9o2wTkBpY0OMrUJrOmK44GpVuSRpdeIoGmP5CKVKDhdZ6awglmO0P5awTFUiS9JT0yhfYSXmuWtST1PcOatTuGNaSiJLxiw9axVTJoxNqoP0ZtTutqmwfF1ykYaCEExk4TLvOT0PeEPmxT3I0xAshGyoQ5ajCNChb16TCmix4jMjKyYvj2Sr9rrjRcdbkdp6QkuPLLemA29F4nhDuvDCC732eYTjpzzlKV4ETWFUel5KbAa+nvSq7X1LQUTzsGfghcbLFnes+8W3NLPLnJn6iCamt0/vqdhGNaPieOlk441H2ny9CFqI91Gtecc73nGfz97He9uHvrD99gUrlZg02LBkz0t9vOGJg7VVTKs216WXXioxeqmyURB1s0zVkL/4WimaZLhgadBI1Q1ljRqnmOqm5swmvqVR9rbqpc2OUi7bRrVVidC7o+ksyqsedxWezsbykTzjWpySF1axkWMRZM4+KE5ITimU2e0NxgRMo/5A2RCIQw8EoM/YLARZgWSwqemlhyc9eun1fqwLXBTB/YLp7QE2mL0SZUbPQJ6mI7gRKBtithp78WVMr7MsJcmrbZwxA2wuGruOjcrrC1mejJnpWslkJrIhglW0ZEVodVZkCQxMIUIsDTG594EhPXeWUO5lu4Igf8yYwWljbNS2qa3tH8aGmBWfcRrM2IZkY0M6HFy6axoa49Wl+NptOZbAK2UG9rBZMJlGNYwqiPgdOyUjwpoMbvn0mE1VYuNcHRfTqb91udx2yX70QXtMSpjSLAxqlg5uD11Grg1UFEbypndJbkgS5GmwuVXWJdYkoxJSep9KfN/2trfp+q/92q85m37u537O0H/4D//BA+ktb3mLk9phoVu8rN9Tx6nx7Gc/+2UvexnNr/7qr3L89V//dfJrXvMaB4S7XRCT2srObp+MT3rSk17/+tdbDAMHXDEdFkbd/9aiWHIApZGY+M5EX9LODl/YF110EWbsO1vJHBY2UKvuJLI03+KeGa973es82s3lOXTFFVfokFCOPMu31ewGvfH48dmtDVw8ol760pd6dPmst9fFN5djyAaSrbksxHKcUK9+9atFeNWrXiWl3/7t33bySs+SnWIKoizcxVRbXXBQep513EuAuyDS8G1t68jB3WhDiG8JHMXZD5w70ViXHlmR49I5qDsy0X5heVFalNJJTBk9G+QsJbLlewDYAJqlet264juaGauSB7PElNqh7KHlodLBrVPm1SyXmiWOSTWCJb0gDFy2v3WBbDNIg0Z8iZlLcayiW1odPEdjGmVnwJ4sMWxIryktWcKgMt6ZJCla8XkphbULwti8vJRakjaPxvW/LQxJmKUg7nP7VtH6hQS99DAmC64jXpI87ez5ktELTVFbu6Vf1qT7jL0nFYRehuzbDL2jNLUhb2DcsR3lpdDGZsyRJUG2ZmegRGb3oiYOr/PO3X7PoMxVj6PlSIO9E8fU8ufSrwvsdfNp+68mtJEYq7CNJz4zq+Yojt2iLL2BSUwC1kIjoFHxZWK9Lg0pryJYJmOjqupSntjsGq2G4lumbEXma5a6WWcVXOnqLFmbyN1cLhm41GUsQ5rk2KWV7o+MDVYBIyfIULZWWlguGFLG7ZyMCW0/Q4x5EfRLPiaNS4zNJCZ5dxPBvOyt0f6xZOWlxzSYvaOGmbLQKyYb85oxJTPMLBeVpMfM6DFL9gTbjJkI2JB8mHHRCF2wMUSQjFEuRs2rI6VUZEOCW8us2lpa6WTIBduoNCInF8TU7nHG6sDXpZi5lAaXjGkaFdNOABkWofgZ206MudAbZSyxWkDgwsyQ+4WLnYxzEcSo/W9UStblMmUGGXNkUBDxjUob9K7DqqlbZrNkXP0VkEZJpeSy+lBWf3WgxG1mNtsm2/8kxn5Iyb5GbEr/0Vq2AW4x0HuAuWzrM6CUq8uq6e6VvVtLWm4t9sptJhm7US21z9Yf+IEfcMOb0n3uAJKiByEzC+ZL7whgbKM49E3kEDGRM86tbtmeu8LKxILpndomdYeLbG0OlO/7vu/jYgniu9utSjLiWy1Bwh6cpSor28u5w1F8M4rvUFY4u03pLc0lpTgM6EU2r9NHWEHkrw3Slrz4FmI54rNXE/FFkJKCyJAxwfEkN7eKJRj1ksWSvVOY0un2Xd/1XSogJYep0klYfHkqhcXaPaYQShom+o7v+A5nnJNXrdrWsuJr1DNMbl7oOHIxl7QZ+FJ3gpsL24VsuLuUlcXSVCIVELM/liCbkZ67HASUj6xoNEWeNBb73d/93ZL59m//dvlrjUza3+4r+YhvRisyxEwaCt4BbQoVUHAahRXN2ecNwGIZk01nO8lTJljpYpGT95v31g9fobiAUFpvajXBiiCCPpLZG8rXm4q7tJeGXqTe+ta3qonntJYxsHPkycByfPBJm5naekGxJeiN+l4U3BuYnWAKn3cieFOxZPzMZz6Ty/Of/3zu6uDVRDLe8NSfV28Y4li+lzaV9+7lNvGeZ+e86U1vUgefsx5U6m9d0vD2xsXLmSpdfvnlz/ve53m3uOG/3JBGEDVfv3QtSgJaJo78xXzuc5+L3TjeiRXEWvTL8c1RVl6Y7GrGWoMZW8WznvUsQbTJO5/VWaOVapCdY/Mzcw70OsjdpF6z7HCydUlPs1QSW3IuprMKQkUmr2yP6buJ6iwzzMWl4KNx2WbQd5Ex0MQ0YFFxesZkEH/fKdsGMxEkWHsCG8a8TAQEWZnR1FieRgli0pPpCZIE/VIcLvaVe8dLs7TbbH08KQ4ze8axwLgZye7lhjhmjMlpBOGi8ixLWDEZVFJDssrRKzKlW0lfyMJaqSD2Xi4mZUyWM1hFRzGzVmrJLsU0afmLY16tJ7sFWpENg+0i7owd0S6ZcTEdF5wxjUmtTljBVcxcjCkNccm4+M3I2DYW1l3sRrA0063GFtgspeRmNKrdlqA1WlB8Q1zsw1wyxgIqpiK4c7mYyHalPJ0/jVHMWOVBwRVTcMUUqi2hjGBUwgrCQGVc6pSJHEomqtcqTNguFKIGyABcAn01MoTN4bJp5NcyrLazRio2q05boWmcJm5U33Pu6l/5lV+Rh6/e5z3vee52B5DFyEkeUmfgpnUiv/KVr3Ti/+zP/qze/OIv/uKLX/xiB5Bnkk8oz8t2udI7VpwgPlW/8Ru/0WexZr/kJS8R34eyrwTHhCNDzzp8VcrRI74T0NenDH/+53+eXkrf9E3f5BPWk6MDwgKtjuCS0hADZuL8wi/8gppwl6QDVMLSlny7wRHp6DG1BL7ne75H/j/4gz/os/6FL3yhj2MPM995nbPKaCGOdU9lJ6wFMlMxH8dS+s3f/E1nri91dVNkRdA5W0e5eh6oj/TMghnTOEC9Gai/W8uljmgHthYZmk40C+cupmJaoKPfU1YrNZcXX89+37UuLVB6kpHtb/3Wb6n2NEsm8rHzPE501iaTAKWecnn5y18ufx/61tUfS7QLLc0R7HGimNrtqeD9SQK+0iTGTF8UtvjqqWvuFkmqleVIyQ6mwUZjE0FHJ0EL6HtmU/Libmq7RRGwIiiIWehlhS2Esdz42iqeSdaobr2ZGe2lgaUXF6GUqy9dC3GMMsNe77h4+VBYO1BiFigN9fFIY6AvKsOFI1kQsxiVpLJboGSYxd5vmHkXFM0e6ENTcGYc3VlthpuffPPHnvSxc5997vse9L5HPP4RH3v4x8554TnX3OOaBz3qQR980Ae/5mlfc/cv3P0J93xC56xmydAqRJAzWUxzed2RBo1ZrK4cykr+lIZykZLEWguNdamPWxus1xYVR3w5W5o3FYLSuTvUjaXly1x5xVdPBTeFKlmIxsW1jxxLALYGn3ySsscZlGFmHNsMWJU0FMhxLVYEAmSWHuycdhewSYA2FQ3kYlIQyhQmrcWlRKDH5PRVxk7jKFVrtzGUgtwbsNuWpYIwc4sZVS6jkjGjy5QMMsYZY3oFxGWeryFKMdvMzaIRLvXOpbKzrALsgYEZGbORc6uTswVavswNMS5DltLAWkkjJll8cehFED97KVGa0XQMMsYcx8UqxLRheGVcfC7Ft9NmRsbiy0qG8pRhk078XCY+Y6O8WLrru+RiiIvNP/G5NDsbxbR8BeTSpMyKP8y9vrBno0qaZcilYgolPRGUTh2UWs7QAeLwUZkqbK599203MuX20BVXTkKLQiuoarLDLbu9VT9oTO+yhWHubNjTu5MtqXuv08SXgUvs+SRjNzClyDKwNbkL5b71JHAIPuc5z3HHelQ41+Tt6DEFtDPMzr7zwpBzyp2PaRzoNNaixCBVEFOVzWVqZz0zb+7Y45NGacwlefEFNIX8xadUXAbPfvazGXugiszF4SuUgMIqpfgOdGuxdvk7XLh4VDuefN84thTKSSRDJRXQdOJrpPjlL2fVcA4yc0CbSw2Lrzjm0lpDIs856IXA6hRWWAefUbMoIEdvGPZNO0ChZMVGBBOZVPKM1ccC7QaNkJWOm9SeMyQNkX2ymMss9BIugkzYS0McwQ05wQ1l3DkuJXpp67uA1iu4KfS0A1pxpGeiFiUNbLFcpKqe+stFfHPJEyTQDq47MdAAwURdGmKvCOIIqCa6IyzIQU1AswxZu33lAW/vecFSNF+fauuzVdFo5C8mM+yFyX3R15uXP++8jDG9qnq/lG3vy2bxBoNFsAEyy4XGyxkXy2cjskWVDKVbg5n4vju9f/isVPy+gL2fycHjU0HsnJt+96YH3OsBn33vZx/15Ed98o2fPPdh537xA188+15nf+byzzzyyY/8wnu/8Pl7fP4T13+CJXteZpGGBokjAS862EtP70ZaaVTpbDZ1cxfIky9j1ZjFSqwVKYIa+gJQpVbNi4Emeg92KXmLwtptmermo4GNbWMVUjKRfnVZeWsfWRoxsATCmI0BmaDXYINZICEGo+TYZQbDYIeILHl7o32y77INTSrbjJsFJ9gwIFuXOA3LRtNLz9JsKpEFVASyd9+YTawvLBWKsYJIxqQumaXMoJdmQTANfTbAnhff4oiJ5cO4WQzpmrOCLEnLFIEyF8yYy6xFQGg5DBRQfbiYSwSsufT2gzSKH5uRC2OCvY0zyBhzTCOIgG7GrY77/7tMiRlk3C2ZXijxubB0+JS/aCWTS5xLKal8u8VGFWGNP8bcy9yGJ3DR7ipPyZfLcOUlyBlLRqFoXLLHU0Adb1853HqIOEY6NiXDktIQ2RGxGftvyg2iJIhF7zJuAnm7lA17yyBg1aRnbwFubFP6CJa370JPRB98nqCXX365JHx1eT65G81twWwcOr54JOdTzEbxcczYh6AHoc9Zkx596TqnTC0agze84Q1ew5l5jJlFUXxOOdzlYC6XcjPkILPzfG95qPggE5+sClyEcqZI2KKA4Bwxl8jiS0O2XCRAY4FS9WjRuc50G8Xh6/NaxZnJv+9FqzCjL1Hnl4SVW/LmMuRQI0hAfAl41qqJmILIWcWUVPu5O92ccRwdxxKzNJ/4jB3KjIWSjIIrtVCaaA/J0G7gQtZpU6uwE9YszlwBneaef1nycjgS1McRLKb4vm6VlKzU5hXEMcpRgyQG4siTmcK++c1v9vQlO9krgkeX07YcRHAcS0wck+qjZPpDHonpAlZDm0FAvpqlKbpgUbICSptk5UBmQ9BickPszWVex8dsY/nbmWRhZYXZgN3PV7885iUsVRkqMhvNyrFLbKW9tZD7quudkiONToGAgvMVU2F7t7AVmXntyAXbWoopHws3KWNmqpexkwszs6kEV21Ziab4vM760FmP/exjv/yBL1/y6Evef937H/KVh3z0Ex+9+JyLP3DdBy56xEX0j3zCI+/2kO2nrmZvh0hDNLtLZGmYURrkFut2kAB7pcOy4sJYzlhKFs64NyRJMlbnXoyqm5ZVB+5sTGo6ssgcRROEsVWrjy531wiC6YfTk0MtxvQZE0SgnI6ruaGKnzCcoAjb2Am40Gi9ndOTtQ0D21bbQWYDjAXB5nWJwdSxIcLw5G+BkqTBSoFViRIbVRZMj3sRjM2r8rlkjDPOMX3GLNk30UTDsppZDNkzlGRKa7dYSl7MCLLFrc5oMUHmrc4odzzR+GolJsuEPqYRxM7vMmNsp+WSxqhMxBTcvF0WfyJzoc+9+Gwq7CTDDLdMcsaYAWbvzj2Kj0tD/OSMMeNZrGhciowZ0KQXDTPDqmTzdMmMUBnFsU/sHzHBhgenx76/Dn9g3K5TcJrtP7eTG8z9484xqynNJCiIKG67FtcnvXFplGBiYC9FzB2LIC3LYOASG2VPZtwCcMIYxKZIXo0HKYtmLmYzCw3jmM0IM3VmR/HJIAgQWntF1yGO7Yn6x8YoMwxd5uKUwQ4alo4eSsXE9CJoObjE3NsH7CUj+LDpJIZHoCSoNp76Y23GtRy7pA/a3yUXgiA1i2VhIcGkWD4uMVnyLVZukrRAOWOaFosZZEwosUkDA42AUDvGxdDq6BLLsGzbtd3/Nii2fXuCYkdDDPvGPvyPuuTM7GkQxxQgW7ObC7ukF9Mbj3vAu7O7wsuZGwN7vGHvBN6iMHiv8nJw0/53Hft684rAq7fJXNjQGMIu531cTI4e9vN/hth4t+AofvbkInARDftupseGzOJ5xlEcjpDAHhfN2k3B0dCaP0fcZfkzZiAZxslG6ZkJmDGBMTapNDBjzLgZM2bJLIhvLmb0quoSk2U1LkIBGzUBlVd2nWKpfWRMSRPD1uC9xdgaR8b1VxO1EuwWl+veWLmh7Fmyt81subaE/WDvza4rFEsME2RL6LYp4Ykfp5cqWEWwNJeWOWz5LFs+zmaMMTPMbIxX9yMXSLnGzNhQpU6GhoYzlrMhMiWMZTidTLLmpmeDmQFhlHpNxjniQu1Rb0XKDDK20+jX+Gx224OQMYOVxxgzg/Gd+KddGt1Cn1TVEOVUJga9tiuCXrsMDdHYOTaVjeRkc9x5AfUY7Q0Ve7v1Atof6eFeZ7lsD10L7s4B00NBixuS6bHkCMwIkg4tQARstcktI7Ph4hMCpct1tWd02UxPhJQZ544N5ZgNZQLOYFwyw7kYiqH8q4NVMKtzaRoN+c5QTXXEUKonpc2E6UXA4HKtDKiqfKa8CQNDw1Dj8SoHTdwPosM/MQT7gBIy4LKHP0P80ogtgXJd3b7WA1KyJDNbHTFNypAvDXZJKAFgf5BOTjrcEqQNHYhORgvpfOwJPRwMJTCjrwJClUA9xQkmNVQ0z2NCr1O9AHm3cNt4t8DQG0ZvSG4V7LahwYbS5+ISG4JeyxzrReZI2dtYLr3NMCPHzHrRYUazGgtiyCyDlAywVfT8oOdY5jgXBpMnLg3GyYXC2QNjLmOMxaTh0oyM2RQZGOTSUKuQD2Uyd0Nk6KWnyoNmadl0OU0MW/tPPljrbMx9122fFO0WyPgIDJiNDCzbZu1GaJ+38SYaZJ8viDOJQZqGMsMNMYNtL+5osRa+MrP0OJsxHs5sOOPTLpCS2ciYi0s1d0nGgXJ4dcSBcmxGKIGVRaY/ik/IuKF4XBjQZBm6zKWY2IYZ90JlHE4b48wwg3iEhjKeZCYIg+LjEWYo4+QqE69gn2APtH9sJ3DyO+e9cRK8hgbvpi57Q8WMt6PZ7eH+kRzBfLAGbW+F5GHIDLb0d5BLvaRpjlLPZkVxVl5dxnEwsxg6ij+cEMhjJj5hnQWMhsn8iA0VhNzlcB2qtQpIaU/wosFGYzAUrzEJR8kQBoZgak6zcqNhNV4NJjJOGJR/aSSXmMxdStUljECJx4Uws8QrMsC5rJw7MBMhhk49PGhD7wfjhiPl9tDekTwG+/xbAk0RipxZB67Dl4B7QuOOY+yS0OtUb129j7ujMHiE840Dd1zMXqoYu1y5gEBmQMApva5Rri9teF7XCGCInhlZ/k1aqpTxwOWsIjP2eOZl43IgJo25yOtiS4/SKHlAKaAKQMlUUvp53cQ5Upqxco3x8OgLtaLOatw0F2aTTN9321u3wcQ58rINZksc7bSQS75BqDXaGXmQcXB5B4vN5jROu1DGgTzoMp7IozkCZUiW+cziEoeRE44c008r4xFWA/KRGQ4Tc4yxHTLyuARyl8U8HTnsVgd0icclzTgCOQE2n5PEcFAim2T2iUuYIUjvQLOdOtm8tjr8vXp6EOABpTdR5yrmsj10RRGaZ48E4A9zbM3czTcMa5YwqUBnq+kl1ON8cjK3F2SgcSkbzMxlzLhccTYgSC/RHGNmcS6UQmGWwIWcC5kBpaxcYhPBak8Qh6ZomBk9Mzzxd9sNxceUZmFAZjxBMs4LQ8qMe9GZbwu+NAyMkif+kQuNJRuliYMh7IOGVx9n99//DmT/s42G3ixsuEPTpWTWlxazo/gMMAhSMlXGMg2NLEPsEofqTOA7i13jF5BAzyAUB9t+WJA0LDMgx3Uwts0Is1e7kTru8f6M2J5VlO3PNrMpCFyA78hQqGFD3Q7rTUEemxWMKYu2xo9pzjg0OBo9AuOwRdlxGNhxGNvhsgwnT8bpB12uytEcRQ70QUyo5mt8wpbTXt5Ywat5wmDVnB4FyqKZhWC3TK8NhczgaK40KQO9k8o5axvAvDHQd2odnV2Dozh3jCzHRdpzGaY+K45sBkfGXZ42pgldMlOiuDYRAiVkc8SDiRPWsAmDcT89BGuc5FWzuiSvfIRxJJzR8Q7AwMJXY3xGNNRmts0IzhlbrpOnM4o+ZQbtRhrcLrWFwL4CG8x+a8vZb15qMWyr8J9hAxlh4LM/Q7eNCGxOI30GkPHqJUhMc8QwE+GURy6Nht32VuMjeVxgs15mgdWYMLPs5mc2S4YM0owxOYNY0YbVNNnQFDNkP8IaM5mwYqYjhHWZkLybbJjIKzNY06M5wgzFk388NpCA16njijklDZMthnWWiTmj2cdh9tiKVXlavmOsd133YcfQeioBTZjLBGanXVZfcsbD7sNV3+zJI0AGK2cwnGCIEItctDRjBqtsCEpjmMEkthktycwCYwbDm92OkUc4MsPirFg1tyeDHh2k26L2nd4hMKNh7Fc9s4N0W/kI+ULyaG5vaNWvOL18YHxGfTg9dAdVOo0j49MJr0gzZqcNijYc9pENyatmcHroyOy01+ry/4fjHWOWRkgezR0g4/bJtsOWx0QCpGyUmSFCByMe7AfbAYZiByCXrfo+WR64/wOmB+z/5qmvrj5EPMa7nW5v5d14MHc1+zjf9Xul9wVhYft6Ovl8ZDDGZ3TBzGKXHA0N545dAjnkm8s6CxvsMjmXmQ4zjksjbjTLUGSFGp6PP6NkBpAx5FucYkqAsiVPfAIwGJSn8uIyr9Sw227IMS5+lalK0khfDiMwaGg1Xl2YDVxCyUxKvOwEQhyMYgZGzULoS6UqTeTWgrOH2VT7Ftv2WMoYUibYurvV4VaB7oT2d1vfLg99+Pa+2R+c9oeo/bFqPH8WiqHvY8a4P/797P7XPfrjUy54XAg5mpTejMxcNiNNozgwcFliOJdhBkUmj0AZi9kCxyUbDDRA6M+Ky3/9E+M02YR8i397yWBmWY4xlgyzOJcxxi5jkDBZd/DI6YE8gtWBVupp7bZDcBtj7fWK1QuyvGP7g3TbsxWPZgRIHh7jOMxCYkOxZY68G9766jnGK49xmhU0q5JcTAwSa73BZWg0MKbJZQ0FXdaUYWbTrBldsQ7FXFbNwe5krgSc2XB68mZ6gokwPBouhDOiaBmMvAY5DQagMpVuNp5d1/ZbYV/FTjAGnWZONoLzk4BDjwOCoa+dP17+xP57RfCN+68l6S83Ol+6aVvhmlOc0ihoCUu3mbsO5ygCWShKZxbl/B/mT53AJaU7dv1/WnhcMBvMDPN1+cn9H11hZpg7JZmS7HxxiblgLnExxXeZMc64+ISMJ75oksRGaQrIOHtDBOXiOH9HFPcXVjED9RQTRKPEDIpvVDKGpEEWGRsNLssQq4zLuPwxfYsNMonpxTQkMSwB+ualx9IAQtNlcNPJjzNNFocec8keGNNMGV3Wa90n2AY42WjZVsAi4/5abBqCUAxYhvZSm8oe6z4hE9IDTQxzewC5y5W7MdwS0NO9e6O3DW9FvQ247E+8e9eEhPWP3/vjcfeMCIa6i2CMRYjdb/0Vqv7WVX83av6sfowbwt508YP3fyj/oP1fMfWPCIyaFIMceiFmwBfLf5v+5C9qTf7BpQj9/fnil1LGok0OzIAgOOX8vwYLJFtLxjEzzABXAdWgxKLRCJJLkRlQAgNQbbLM2UwX4kbHjIaBrmnf3tjDjz1pY6yt1+KwHYS3fTaH3Mely3xZHoxODtB9pxxeGeMVRZ5ZJOlyGGYJFpXMkjycpgXGI8QM4iNjICcAZZcZSCCmwSA9aF2B5RiQaZILhYNJcfkPMzidPxACeTVb+9uKsolHKNpR/PRb0Nsax6tLMuURr5ezZO6z2BmdyGMMitY+ab85o3q6kQM9OIXoCY4ym9Px6ChzzDobHbwd+OCsw45KGpaGto3nv0fsvzbgvPPOu+iiix71qEc99rGPfeQjH/nw/ZeouP1UsORkJqe6Raa3bPcVASd0N2JD0DK4bPv6ZDHdNoP9LjgorYQ8p+pprMfumOW+hzkg/Wlj3GhmIf0RKBU0Pqhui7wwFARbILTSGLLJqz7VQk8dl/rhsieQrugcThjlPOHmaXfkkpdLyjHIZYzjLPMaJcc1fvqxScCTDGaMrcKQVRiiMYQHLhkQMHkWnoYXPkL1iV1WsanbuKyXa2TJYMkYwpSYElsgoee99wncG0BvGLj7BAMz7EWK4EXKHfWhk185hRnTdGsxyJivOFhMjrh/BWQW3BsMS44E9qPsda34OA0DszAwCwFLQ/D+zZI01NAUJYMLxcAUmBIzw/PPkBjQTHwxMwaCS7lxzECtaEwhsvhs6Hkd5W+o/HvdxPSCMONCI4JSi4Z1AWsKpQZhMo21GGrDYEPdTXN0uIm0mBLvt9Hh7ht0iYGj04mj82eOrO30ObkfIbOJOWzziEMGckJoKJZhTC/h2KX8oS1Hgyljyxy5ZWYcujTE98h4rUycUBz5YMlQYouyzJZPcEm5p3/IMxcxhycU0EAC+1ahTcO1jz6bzedEqI9lXn/TFIpBPAKDWeCaUsmMywi5ZMZxNcYMhiHluLTwWf6YjdeawMQvPcyA4xjjiSOmSzvHplLznoMemt5x+1dD4MFKfsz+W2oe97jHbZb+e+973/u6173ummuuueKKK/BVV111/fXXf+ADH3CLuq+qndAm0MK2Jll+9HICVe4Gc7Nh9yQlWXIuhyljEHYuBSTEU6Bqil3iMW5SXIPjilWezAZjfDTLakzATTTGhnIpMh5jcmBAY2nkFuugoXSEyQobcga10oxBHEHEVMygpCuDu2U7G3bsx8Ux0mfAOK+BOEdnysQfYS7LJJZbzGvNMHAZiA8lAGUVDqqTX+dSNCUSUBGw5a/xj6JNkLjjY85Nwv4it52kHam9ova62jmLKbeXvv2Psvs48ylGcDP4COvj7yH7T1rHvswe9rCHUXrLdGMAwaWXUbLXUJ+M2GccDWMu4rChdzsFSpdF886K3WDM+nET7j2jp+PjR5/8aj/8+Mc/3mh3qVFZ4d6A3bSCMOArshWZgsvp+Lg3Zm/P8mFMSXYWCMJMfJpsGIDpRJDM/GtCiyVXmYnPC7vEhnipKvcqE5uFY8mQKfukrv4udQR7NReBTI8Z1ClsqNd63Z+NkQCzQ2YnrNuATJ/Z0c7fdu3JnVWEjON1F80HUEKwlxrCyeUpYUrtKH/oK98lZjPMK7llbsfzji6xIb6ZYXLGmFkuuMu4qaURt5ajEqXnyDgWM0ezzOwuzQhk7FIahmpWbaJJj3OE1ZgZ43HBRukzHi/c0Cw2PjI+cilbmWechoFQDIaBcgxw9Zklj8vAZZHJjNmoWMWcSq5CXJ07Mx3yznavm459r7necd///vd7jN5www0ery6vvfZa79+erby2Dj3pSU968Ytf/JSnPOWFL3whfvrTn37BBRe4vR007hy1k4S0JCEtXSS3comqLwG7hbDbjL3bUvlWRyvhWKKw3z4HzCWhu6LbA5L3wdtgHYoLsoVegp/RdyyHmQ2UL81wmtGHkcespdWnuCUT6NmIAD1uewJ5HrvEPbO1rVcWGvASk7I3GL1k5h0Ik2noGecC7IswLtg+wBM/G8a4S2aYgRlLhgsNZmY0422C/bIhzDimx2zoGeBAuT684zboaIwOumRA4FutaIYNDbo0CzapS8mQyx+3Irlhawelwz7FFMQ9QHZXqCT2Sef2MNSLptEPfvCDLq+77jqXXkPdLVgE9w9jLj7vGLNxg3WPcWFGySAzNxjNe97zHsZcyCy55OXyfe97H7n473jHO/C79t8kzUVAs7tj8dUfvP5Vd/rQK8+96T/d8/0vvfgz/+wB73zVN3zlV+/3iXdcdp//zyPe9tvPv+XfPOp9V5z3pd+838evuO9/ue5TH5GJyFgC8rnyyivFJDsRrr766lISPxsG4NJckqFkZlKvj2qCqw8bq2CAGRAouasJR+xMoRFZfO4McjEkiGortR65tFWwrrEn02MGbbN2ju67ZdxB0AFnV9DYCYZiGiAnACW4GTumHKCdPCJ0+HSTzs3Lhbttw8ukbTNK3B4btNkMxXYXtgT6dr7MCRZov4E91qLYzA0Y0zBosaFLbCiz7tyMxcTMcsFdMsNyo8GUUuogsvyOHetqIZiBmBmLTBZZkObFopU/ZuCyVawfEjT0jTLDkG/ZttjJv8rQ8MUwacQSE0dK8ZExmxE4tgrMbGRDwyIELmOAdTbNGLOJR8gA19/k3BmQx5iS0M5hTLCXlF3NPQo9+Lyb9tLsfdoz1MMU92fJl1122faY8N+b3/zml7zkJS94wQsIT3jCE9yiPOkVwntuFSwbk2lkGVR6zfBkVaY2sRvS+7KbTScMcaxAhPLbbov9jpIinodWPILZYTSD3KHLDCD5SAmjWfWjWdHQzJuw36dneFHIPsdgdbJSGWtssfUM6BkXpMewg8Bx0LuVUnsvwd6/MKUIbAjeWnqtMeSdhpl3GkcJmabReE9q+wW6o2SGxcfFp2kW2Wbc1OzjktHNZPb0zAjysaLixMzw6pIxtl5LoDRqvQNBcLszTh8UBHMh5HgkKxoGyaskQWJNjS0TqxXlVIwgEykZEqTPSveDzz6fYv1MRxveJr/wwgvdGGy4aJnFMjAF+0svvdSXXz8o2yupzzgvqYzdAhztc17VxG1mz/vy66eOP3n/1XgXXXQRFxq3nIBuS/m7k92ZVkF58cUXM3A3imaWcx790Lt9/1Pf8KQ7X/dDX/u6B179lfve+Lv33X6aJrxr5w/tvP0b+7POeqv/vv2sm/AfOevaXfMW79Gfe9DdP/7Y+3zqHve77vz33vlrL/j8M83yzP2XT5tF5max9griztWvPh0s0wFRzvIne+eeX3ggya36+4GuyIacD8z6OudCw8UqKqm7QDHZqKd9y8Yle3Ox1LVkdcYMMBeV1Gj1MUuN0EE71k5owwzTsFRM+ctK/jSZdUxZGndBROgeBCVq70G3YY5WhJudRkAyNDvBjqJvs83Op5e2IduPIL4g9O59mr49LJAB5pumxaoGGy4yqQKGGDDTFy7JtjE9YzaSZ0/gaIhS2mRpsJGSyrCRMzPLlAzelnHyeZ2xyOKbkbJ5u1lEUCiyQ5ulNMylcQwwmYaeO2OFFcoU6pOSQcss/2SW3BlgteVVuWIpmU4caZAZ07PkqIn1wq5IycwUmBl9sqG4DlovwdAsFltXxgURnL29oVzMKF3mQhbZJZeYkoYXtlK1JVAaIshQEJOKBt4jnQBeqVmqIb25vIaS3/rWt3J5zWtec9aj9y/dZz/72T/0Qz/09V//9d/7vd/7nB2dEY6PGt+sJpATz0rWXYSV2F3EGLuxafojLwKzlgEqYnvJI3QDHCElBnmHLgdj1o0UZ3baOEzM08bDgcGg+00p0w+fhvgtqh5YKcySS1U0sIFsOz0g9AqpTw4m7/5eYmi84mDQPEqX3mMMeY/hpX9OeUzD0Wg2wJ7SJQPuThxKs1A6AlySTUfu3a1LO5tgjbLa1rwvsIWXcEPMgNCbBBfM3WhsFAMXQZQUpiYdcLH62EJTH5qtWCf/702tgC+WA2Gr78k7zaTURKVRSlYthxarFGqlFARVUjroS9Q3aB+XNO/ef0m7j0tDPjSvu+46n4O+1cAQfstb3uID7o1vfKPvP8zsiiuu8GHn/mHMxSh3XgISDGG33Nvf/nZvrpdffjkXxvTvfOc7i89ScGbiv+1tb6Pc/p/OjTf4Tv3r5/36r/zE1X/pT/wPr/9L/+yN3/b3Pv6MX/3So1+/PXFvuevdP/LEe17z9LPf+6x7v+GFD3rTd9zrpS96xBu+/z4v+9ZHvP77zn7VN97vTd96j6svu/d7nnm3D59/p5vvecvXfIzjx57679/9vf/il77nr//CP/zpH/2m//0///Bn/vVZ73ztu96iAtbik9fq5OM7WDLl79PWZdVQpflE9h1spb5cLcTqKBN4ZczAKhjMYn0fWyAbcRRZFwjawVeP2NvzZF2zvduxWlYrNbqbyDnoAOnkmQ2A6z5LHbcHtq25b842np3Diwv3ORlFsxXbVLORZv8IaHbcHUETB0rcHYQNSbgtR2853WsEq7BSG8+iaLBl2mmCx2m6SVVju29P/oolR0q8GmPGXBgbZYZdEgxhuRHK1oqsUek8ElqvFcm5/HkRxCGLLGdzTTJz4AB58jekfabAZImVasYtgX0RmGGzUJrFpSrVrFpTd3A3NSUwINc+vHfmAJosuWxHyd7BGBwX0GFSi+cwaSiX5NAhE0MGRQNyvrYcQTSWYwwjHxxOUHoEQwRmfAXx7LMJva16Mnq39kh97nOfy2z70n3961/fl26/Lc6twppeS/A0VXW0qt2msoquARpjDnqloXQ7mcatWOdocgdFrHwg7LrakH7AoBUSVhyGT/3fvoGh4YSRpUo+7RK2yXZUXHWnjGkyGF4FMVtaW6d91pJd0hcNOgJ6j/Fy53TwPqja2KtMr5Cimc6QCC57u/QGw6yPA0zDxajKk00huEtKBr1j9gpJ2RscWUyQkim6xEalJB+TglTbbTjY1pQs2fSKR8amMCrIaKBlmoKLWaAKKEWsUHG1qkSMK2AuLlVVDnHJ4IIDSxqT4lJSBOlZssteutVNhVnSl7wvNtvbR5h3SrdB36M+0bwpXnLJJT5/2YijfXLjboE+2twFjzn5lVPPetazyE972tN8KYosoFtAtiY1tY9Il+6xvnGf+tSnmsvHcXpfhLpQs9wX4n/xfvd81R/43Q/8+Dl/+9F/+6t3/dKnznr1tvhb7nqPD1z8gI9ecM8P3vPRn3/wAz5y50fftL0ve0SZ2lPNO/FLX/rSh//Y/TwT/9g53/2yl72Mpt/D6Ew0xYfvd6f33ffznznv5o+e/eHPPfLGzz/87b/zsCvP+q4rf+2sl5/1g3f9Bze+/EEvuPhrPvi4y/ZfFCYT9ecFPusdo6rRr5xyTFjFhRdeaEXyp6/F1qvphuw9QwrI2GLJysjM9y7Z7lWTTl6NIGCWlHw1CKuGjU02ZI0OGfH1t42h8qbw2NCR2QCzDWj0a7//tt+jnGO7zqJMyh2vt2FbayK0adv/s5mFosFGCXw5EhjQYEPuqbi+U2IouEq29pY29yx9mm52S24zyESobnPMbIzxamylliCC4IZ4SZheMuW/bZ9bblExaZNppKQIMufFWBwsPvuSaV6zGGKmUMIqoCmYGdIyc7lfyLh1MTYFe8mbyJCbrmxFNqoyLiWmwtJgVnG62QlAjxlglmww5YBmN9wOpdZOwHvPt0vVEzBYeGcIHuOxXNFOAAaBjVmwIVAxAS2wgGEc8R51O//3MBt2k+1849ius3XZ0HhfsS4v4qr02te+9qzH7F+67rFv+7Zvu/TSS1/0oheRwWFRm1WwysbqqEY1OwNVVm6d0yHNcCPR5E7PrN0AVmUueUyKgy3rBS11r+SGrZYnWC+TW2fyCIPiQ5eMyZmdEUVbX77I6WkIBSGkTKAUVuatsUbWxZbDUjRwrGAHkBujt0LvLi6xM4LG6ebg6xWS0vtNL6TeYJj1Cry+orLkAuwpXWr2+qbpEtsEPUtwkFIMMtzqfvL/pGHbU0unWvsgF9Fa2kG714FLvoJ0v7n9sJ2AbYaOOUy2F8m2FgEYdAdKowh4z+vWNGDyKQ2rIHc0W6yV9lKoCL2AKxR4aKmhb1b3gO9LGrJRH2SGfH36OPM952uP3udgn33Yc65vOGbJvuT6qGXma08EQt+C8yVtFgZYZG+xmAsbBle9/7r/cN5HfuI7XvZv//Y/e8s3/4MvPP6Nnrh3/cAFj/ntP/agv/jiv/A3//JF33XX7/lXD37k3/vAw1/6sS+92kfp1aYQU3wRxPf1aaWWU/z5EhVc8r/z5ved/cvXPvuXf/fx/+NNf/ofvuCi5170Hf/yf/yaf/st93r/01TyC4980/Xf9rM/+aP/93/8Y6/72Ue+9x0f3JagIH2YiiMmtsfiKiZ5rAJ2IKUZCYYkIz2y712jfRxLA8snY6XWC4JdijWFvvxtUTtWs9qrGqrjNkD7wfFi29gh9kNdjpkRQK8DX3obY9t5+x8wttlmR7WX2jm54/ZM7H5JI1QsLAEMxTRSxWWL6dtsGLb79tTHn+VbLGaWhgFWjbwI3bmUDFZjcsbMMLCkxBWtxGTe8rt3qpj1ti6WzBiTzYXFx8WflEyBEyg7YQxpEzONI2N6oxljl9gUBDGxudibGmRV5UusdgDBJdADm8zAFk3GjWbslCDYFSPbGwSPJEIcOlLMklmbgT5ZhBhooHywyB1QXizYiCnChMoFXMIkX9rbwbS/7tgY6rBtyv3IVYGy8kz0ZPQKuy3Qf+5h78tum1e96lVkcC+pqQqqZhs6f5eE+pfBbDIdIuuQSzeV7oIkgCPMLXGEKffASrYmnAkNrWzxRxoQZBXmEkY+HWqEYlbWKe4+vqHLAY2Yygjqjru3oSUzEKQGax7WA83z7uJSg11i/abx7umsgXmf9fpiqDcYbcNpMJtxITAuTpuGUnyj5mqfNXubJiFujbMQPJj1Th2AC71oyVgcBlAQsHZNV4R2TmwvzZE3cpcZV7TqFgSPJxMomSa1LqwsLq29JVtvlVEKhQIv6ap33v4Xd3160pCNYq+MmIFvWfeGrzSfa14ffVl6ze8vDPssZtYncv9jmLFRxlwYu2xI/P5vMeNkZpjlPZ71uN/68S//8k/9+jX/w8/9lye/Uqnv9+5vvuCnfuhv/fQ/fNGffNRfv+abnnH13R577kP6f6L9yz0BgSBncaQkJoM2A5mZZIzKAVsINh0XX5z4yY95wnfe/Njn/PRX/+HLf/zFf/QPfusv/7X7Xv4td7r5nl+84A3v/m//5X/8p//xtf/TzZ+77CEsxeFup4mgMliVeoE2hA3R21dW59KK5MCMXpKYO706kNkwhhpBH89mJmOj2NbtOGv/tCuc5s6Zzhz6ow2g3VxAx7FL+n3L3Ml5Z0fxLY6tBbOpxGn/tPP5YkGSxSEbIsfFT2lfxYyTLYdgaZZgLaA+Vn10M2IRWizjljxgxotZzGyMaTJmE1xiBlhi7OUsEyty+1i4imFyKyp/XlgcLHJMicUxiyGJzUIoM9AmU9SsVkTPhkv2YAibiF4mLqUEpaTyWAu63+dmryljgDt8MKSErXn70YHrZqzL84TDPWtge9ztGyCmYd9myJiGI9BA+YC5DLn0XGOWMTOaI3vIHtpUVgoqYNVYEeqIzeZxCR/84Ae9sngRt7TtoesecOe4gZ01ZDeS2vEEvQGBsBZWTT2osgz0AFS8tmGXemOUwIyjufnKTAaluCIlDuQqPrCwYTBKjl1aPCaH5M3uto53wKdRTVeGw9iOo0tx5AMlP8uZtbDfGnXypGkfeB90qR9a23simRIIvTzijh7Mq/eYNI0yJgdxoIlktWd0eILW/m1f7EJI1hpcf+usttZx7JJ+sLoX+XCxwygbXjmKJohdMTx3piHbA9snbaSMCeueKWbBz4hJoJXiqm35+22yfbVUpV7Mfa4RvFOqHlZn32Q02FsjjbdGr4zMCL783Ce+gA355PVO6YOP7P7BvvbYcGHMhZBSNAY6xZhLxm8953M/+Z2/9ct/7adu/LpfuOXen7jH9Zde+Es/8nXf/+If/VeXfc1PX3XLRz7tq5GxWRj7Rmx2MQWEBMlQesFl0GbgQk8jf6OYJTCTlWh4/az/8Lve+4y33vmiP//ZH/2f//Sj//EPnH3N1331Hp+/6en/4Rd+/Cd+/i9d85v3+zj7qqQyWJVkQiNC0+EuK2MJzJLJmAsNG5YgiPoT4jYwprdd7dvOMr3TaxugLWEPtA3aAPUUg+0dD1zum/Hw/+Rsv3FsV8B2oy4RwKTYJqGRCSanMRQnAAPyMGNLIHff2WMERYPuX5cWGDOI6Xl1z+aCx9cQzmw1xmOMoallJY0WOLdMq2692QiFeWERcPGl1IyGsCFzAcEQLgHNOjIupdIouIlAMnhuQJBG+WzNODkcYpfu9JQZrAz0IRcLJHQ02R4x5bCh4BKP8coFMS9ehZklM8fUHF/QiYQDA5xLCe9bb+uCJc9prxTbJtv/nB/YsxSTvLXHTeLOdHA4Jty6ULkrKLeqKSIN2ZBLXXGJQ22rK3UoM+57/Q/PACi/VQinH12hVf3X8hlxRuNVCJVyZQZhGz6lLG1oCRhmyQzYh/pUzzTApe3i0hNIv8mUoUtsSMt7g/G4itMYzTKBkrDuCUnW7FC2Z8TkHJJTwiyqFYXTMSkzK0g7xxZambK7NJnQJgEGmCPhaK6Cx2Gf8ACXqkposS1fNSqIyqikG0ndvFASfISpHqbvFXO+w7zFe2UEghdQSi+j2Fcm9sGH6bmwwd4yIV8CY5yxT0/yV771/J/6b9749v/3L336kt+40y13ffirv+/7f+Iv/vGfeNYffuvDH3XX7c8nfBcyY5xLGtGE6g0Yu5StoeIzsLRmT8NMPmyAhgHBRypfXEzxDWFDD7771z731Xf50//0ud/31378Ub/+R+/0xXO+cNFvv+xP/d03/4svv/7C3+GlMjHfqqeMikYmuCTLSg7MyBnLwShlxlUedCGmlDluz2M2NiplHWzbtCUcL9u2WJ6p7TfNZYyBLxD2zbidZsClXbTtwpNt3FBmUITYpUxwoYYTVnmY42wzl5ZGmPWCy2GWMYOYPpdA6bIh0Y640YPpyelvCKQhbTWxTKtrvS3fZatjhrmULV4jDxsySxOVeUPTrFWfMQ6iFR9XWwxyUHnJ1ItaOZdx3SFkjMcrrL6xo4NmPUx6VIX9RDm8Tg23l5LHAESDfZ4tExqCRxhhDXUaOXJRfAlbLKGF45Aye28qcvCSuhn7r2Yo3Fo+PvH0jDxMkz6Bhm88cQxthd8nXnnFPn4YShhstT+BtYVKc4QM8BlHwxrkDrDVfkGahkL6cFCdbBQo7eEEBmOv+gSsYdqJZ2e4HE5oJ2GyNxhm7YbeZtIDTWgTQPPW9Wlf7DLUuGG3EL69o8ElsMS5CA4mapbYUMiYL6Hb1UFMxuRu3UYJAy449z38rZHDaBJYEuI0ccuHyq4yqrS/BB7+7SNWSUzT+yVlHOZ9n5mPNrLvNuxjEXv3p+/9MmNCHwcTX7QbH32Pv/wHfuZt/+vPffKCl3mqPfY3fuhb/uwf/rafue/Z127/R0YQLIj7sMiCFJ9eTAZGhYUEQ03NxYqavfSyMS8YlS3u//L0Ds1RSsxsG5dkU8A93/+Zr//Xd/7hv/HDj/i577/LZx/8xSdc/p/+8N989U9/9FVnb/8njzGuMmQCEFwSilNMGntVSpW6fRuPYGhYUyj3bbvdEaBrbYA2nrbO7RMDM8xlO/BOzkqgZAy6PxuA8sgdDg77UV6EYaPJxZ9Zwqpc2XKwtRBmvSqwLnaWPJwxDpRxNWFQzNszNgpSlXN7vvt3LZrRkD3H4TV+kYcT1jxHzngYBJ80wLxhb8UBdWRuz1WQbZdQ5i5Xl31BB3TmxLYHdkqkB3LCwFAGHSbJsIYduRlNnVwxO5HWWTbTE+S7rfAEh8XvOF3/YaPbQ7cGVHQyUApaKluMk12bAcvhYpEJsCrN19xFWLFmOWYJIZuV7wBblB1zmTBoNHR5xJaJE5Lj1eYIGaxgNnDJYIR9fEOy2sYup38rH11iLcdtoNpPJmCwPyBNLk0kgeo55Z0iz1DQL6xxYxDmcvM/uccg5SDlILO2QXtj3TOjOYKhEiAc4u7YCrojGbPBzGauzW4HA2uvsDAl6hnf8753CxqjLvHpN4AuG4pFo8HjyCaz4d5X7vLQc//esy9/z0+/4rOPeZ3H7RN/60e+7c982w/+5nkP/uL2x6eBPc5FNCnFNL2m0Gc5MIQza4ElRs++gAn59vQqpYmP02Qc3/937/acf//V/9v/68ce/rN/xKP3K4+68md+8K9e/XfO/dS9D7+gc7DV9OQ441g0MibTkHPZ7BakxOTMTO1SSi4xjfY5YXpya+s+4WEz7/0/Q2f5YrLR2XIgFJ6NkTtsN+GOQiWkGTRk6gSg7PI0l97IQD7iMRsePWHQ5ZilzDiMbDRIrMX2UExuKEs4mm54NAQ4EjIgqy0Zk9e+w2a92zCAvXgb1Hmv+oa6ECeEUR7slhNplJvDDpadDJh+5PQzWsARhrnM0BHoMwgp1/hAToB9fEPGeZX57K6qoSxQiQY0zA4PhpWPsFYTfk97yjvAHRs0OpwwaGEjzOWK1Waw6s+IGd3ND/YjDB+hDCH5SBNW+feJo7m2PE4afLrNp1ECYS7bBwlpIKV9gN1CcRsFJ8NudTCDfJvrNBrNLPsci1/kCTXIa0WhVg7bHKeGdt2G0QzSq1U3jBsJOtPT7OXcKpnxXGKjubDsdXPeSunjQfaULzn/Y6//V2++7pn/WpDHvvG/+YYf+YY/8frz7/lfvjwG5RDS4FWGLYkTTDLDjCnJ7EPyHnJbnSNYqn2ptNjirKABjoF896989eJ//V/+xj/9vz7w3333nW6+5395/kv/1p/43676I/f98uGPDDabI98Emqo3NRybFaeVYxy2hu2YS7warPIZcTrmaU2gCetlcjitgZQr1iLsRTpcrlgdb0+GLo+UZwSbMQ7VLRxUO+Yyx3BacxpjYEXJw2GdaJ92uzzNp7GZ3s4QzGjCipR3zOvlaU2Xp3Fk0Il0+miayyM9x4mwIs3KYXvotleCsoroiPQ601tkL5KOS/qtCSf7LA4iBjYrDtqTLDtt1zO30VIBoQ7SHSKX1XEwyi3uKYOyTRiG016jGeyut6Y38gjj27paZprAsqJ1CM5ZecQJYVxWzCxgFt2ZNmGdIqRPzmx4ffJtGZ9AzJgessk4DWQ5wqDR05jRggPhNGYol2a8PYaxH6RpdF1+SKYsQr4V1lOK0OMKKnvCcAb1ZeTBKD94zi2/+Q8+9trv+T9+92s/eu8PXPbEP/etf+GNz7rzxz/HwJOPwYqJbyj3VbNZnMJqIPN98oMjkPFcDsZleA1VkLBvrq/e4+azHv93P/rnf+5v3vOdz77lnp/+4H//737yR375xsffK5fBXE5kEeIVxYT1ctqkKf0P4Pvsf9OeRl9Eq5V9UdnSurY3eQP3vdXbnwQa4suR0JApSowQu9wm3qceYcDrSPN7ooniFRNnn+SA0Q+HkQmnMQbDK0wdFAGn3GKd/Jli5Q3VasxCxnC4PjVLo9BlYQnF7D5akR6aLpfddcO4HyF9XhOkCKeRcUKakNft4WB0goN21xfwCJnBaXkfPzNmLdmHZkkI5Cy305BUfSv0fittf3AP7qIY2r5jPBgXYDYMhvLCLOcGWFGQsGd+QBmH0SRAxkcuZ0Rew2fE0VAFisNpTeCYkgDl06JmaVkys7E6R+YP1vD8PQVK7BChHxjKmGOnjCDz/Chyc4UqXOVrWfJgkgQphdILZJFHPo2JINpMPV3e276BHDLYJ7xNkV3mfrDbkeNwo2fkFeJQxi5XR6CHJm1d6qmGykuYPxdV23nLDGdsFmVMY6h+Ed73Tff7uT//T770uDff+Uv3feQ//yP/x3/6kw955/YTIsWpcc0CeYHnDdnzhrK/gnTu/g8z7rf/BS4abJRZYGCUsQRaBVAWs4SDS9zQ5MwgTo/LRMzY5cS/6Mv3eeafufuL//1fvctnHvalR7z9zf/Pf/+bL/idLMeYwJgsJi6ZsrLkeOBSNQjbxt23bhtgO1lO/jcwTOvBJbk+Wi8XjnsDD3ccPd+Mp9FtM5zZEYc1TvJoBjRnVMY5hjSD1puALZxBy1+LsFsdsBof8TqasOWxZx5aclVaiwAZZL/G0S98NMsKyjiDcYcCFn/F0bxxSDlgVp4lLHNy+a+rSFiRGa7dcRtgtsGAZSAzIxxx2Cz2y8xWHrOSGW4JK6wRp9+XuGHkKrBX4lC67b/uQ8V1C5HnBsbVfWvajvHEtYFBxryguxGnYWOUWcbDlHklCDITNQVsq1nyHqQ5wlgOxj1Wr1GuFTwC5aCiDxudNoSUBLxNefJ3aDFY5l6zwx8PMNbL/sSv/2v1+dv+vG/Kz538xX0cDNEzI3Dn1dTNWHwTQTVUUqzyeHpqtCLjsSRIsghT2IQwq1hdihDX3+bClDFkXITiJ1DGLveQh290aDNMtJhlK4oZ0BDwKohmSGSaIuP0sSGQxt6l7YQC5a0LTvzP7D9X7/TfXVL8/u4SAy3Aafhivsw+88XP//z3fPDtP/4vvnqvz9zryq/7M3/vzz3wH72Hwcf2HwHxif0nDPR3prgXvIn6C1P95amb9h9BwMXoR/d/10QzfyVq+1tRd//YNQ+45mOP/9hV5171mSd95qZ73vTlB3/53fd796cv+vS1D7z24+d//KZ7bD9iUFgglCHmi+cvgpmledng7BMYULbYavKiq8+57PvPv9/b/sBX7/qlt/+hf/xLP/7Bj//uZmOIfXGK318Eqz4u1Wr961SdifZt9fcCoV/33//ROVmj67hmTZumWXnlDna+oRWZ7TfZ4WbMGHfTket4oJFPgqHk0aw8OD20OrrE0HqDy1gdGMQ0uILgwRgPZ5xZLji0RkuuVnGCGoIbf7sr9v9HPnUoQpH1SGQpxYbo8QjDjNkIEprUDbViEoC9FYdjJHnryklfYspc8pUwth9ckoflvy1mB7lzLO5kaM/MybAbHg4EEAHKFoMZhwczCqWExSEIQjmhIJmyy8FEhladHNKs2B666lsDtqrvf5EB3E5AmFuIgeYpXDy9bJQZdOviNMWsc3EaLnklpy/s3qMNh5R3lGswdCTAwW63jFclrDU9KhOMTBhU4uHRDFIS8jXjVKbFkiEbmwN8uzho+lcWD3zgA/FDHvIQXzMPfehDfeWQt3/O8eAHP2j/8V7kc/Zf3MSs7yG+theUSZM2l0riSqprWP2TGy0r+UzdtkXum160YrbbZs9hYDML3Bqz3zxQzNpnXoK5tr6e3MD0ClJNchdtQgG9CCy5nDFzo/SzLmbkkCMBJ5soObMxpikHmbcWp5L1Kq/C1ov+/Y9q4/m+dDkGOoK1xhDWFOyxccuFD/nVv/XOj7zwl8665a4Xvuy//7a/8bBH3237t0Y6JU4ddzrw4i6giYyaunbjR+y/Du/xj3+8aOeff76w+OEPf/jjHvc4Q+eddx5+2MMedp/H3ueLj/ziPS6+x2cf+tl7X3rvL9z7C3d76N0+/aBP3/OSe37uYZ+7y4V3udMD7yS4iSDBFjJjOc8/eSKbCEvDvDJhRtOPv2DM125kjJk94uz7/ZWXfuMTfvaHt//Le9lv/PLffNWnn7K5MMbNUuRq1XNUhQk47Ht/OxzbWtqkHU4JPZo3GNz+0bLpLG7L6RfH9mRNpNTZrcEnT/Qs22ZsMp7NHMqh3V5MiZHj0Y9lOBpaXVoXPZD1etjCKZUFqwnu/h2bgcuGMDkXPEHY4GC6Fjg3ESiCTV4p1HC7607+lL78i9AskmmW4g+zIQyXBnkWDk1aqZsaugxGtzv8FHIENnLj1Y3ZPdttTqZpFV2GFhXTd6bNKUHJfeAysxxxMYcLDoaGc8FGBWmucbk9WEUcLO0gLTVp1VVA4/DWOcV1C+FOGbcQhjpRg9fC0YCuGNXFXNx+4O4VBNMQaqeuE+pcLnO08cUFycZcTddcQE4JexYHHIZPMCucdRJa/xRIBbGC7upbazSFM0SOGROG068YJW5SC1QZC5klgyEG20Y4+dVMH99/mtqH99+IfuP+O8b7EQpk3zr9iAOfO2RDfSo5lbi3geQpZl0wYzdJ/VJVxVRSSiwHGmyo4ncHcqyYcl4XPiuimUUx5sKxRYlTtCLXvh5ayUYz42iKgsSh2Scg+zYAofO6/O0fbJaYPhuXkGNcSqLRF3PYUCDPwuvpfALqQqX2cemLjUaDjLrUr35ehNZgbaLHDGhec79P/dJf+T+/9Ii33+UzD3vy//y93/SSe33oQx9i0M+I0EQu3Mni02MxazHuh2Bcd911+F3vehfNO9/5TmHx9ddff9VVV71v/4GUDG644YZP/+anH/Ebj/jiT33x/N8+/xM/+YmHfuShX3jtFy5+08Wf/fuffdyrH3fLT99ytyvvJiv5g4BWIQ1czu9///st0IzkfqiF6YyWD5ZSxty36T69/byOZGEf9k9v+Ob//Ufu+vHH3PyA9/3qn/2Hr3ry9mkuVQYTvyX3Hex9ndCLOzjF2lrV35uEDfOkJz3Jo9rbQE3XIw1a92SHZr69gUE7n5k4LF1m3H0R5+h+ibnP8dpNlDKD4sejj4ExjHKSGR53sJ2A3pIJKkDZnaueydgomyxH6EMlg5XnA2ZPZ8tHzi2/ilXSNN19jt/uFEoFaQl1oZglo03Ni0sJg7m6NNSkVbXKm9GdZWqcUA77nX14tNQa4ML3CEIxgG7J7lmZC9U26O7ebvIdhnAnwJxsw20eNiUDc6fHICtsxuQEYDnMkX0s1HCjCbDPcDhIx2DMiryt7RSa91Af/ymu+w1rBtYMvYFuG0W3q3S6eqljsq7oHINc+IIbuPuZxg1ZI7WcMFszF8FNQcDaTGii7hyzDGjCJBBawPCK0VinKoC6kJUmzRkZmGWMq2aVrRlTX5yQMTRpG7SFWKlCSZiNIG4D6OO1n1fQz8x79P47zB/zmMf4yCAbetT+w/we+chHYqdSPyasLwk7zKSSEdN0gpvIdNVZGRWT0O2EDamz+ksmSwxrN8WJB/SBDctcIBkXR8tErn2a3jbAZVLHqwDsHdsgfkLBy60twUsEso3EXUxMTo+tpcjAi9zaO1MwDU7DAIfJpF3Rva2k6tnnZj8E0felS194uqAdKq9f2qFBT3jCE2JmvkHZfPYPP/41f/Znvnqvz3zt1V//3/29H3rWR7efU69luYippxrXz3oTX0BsCmEpCf2YSTEN9QTCpr7ooovEueCCCxj4AgZCP0iyH/roU9gpIx+R6bmzxwwkJiYhJWO+LDlKhiw9aeBsWi+uAhlICV944YUM+oUHknnBWQ//737yu/uj5mv/3L+7/FvuartKoB8AiT1HWc47t0vsZARb1/lo69Z6T2sNvfLKKx0UyfVXy9qW7UOdckt2l1kvASjbTtuuOtlXGQNLLt0g3bnNS+6sHLhsyGbAR4d+PGBvCGcWW1RyerCdgN6SCSpAaSeIoEQipKkgWWJVygUzYMZlNcZsMAhlUiu16nZ1GxuUrlvPYU5wFyiLCmyrPXk5LrIGYSmZUb/kUMI4gbKhJt3qvnehWdx07ikcSqNGBDa4pvBasZ+yh58v1o0pYdxh0h3dTthu8h2dDHPO0Kwnwzw+dtsNZVWGEhPcdLHLOFACS7IZybGAIzeaAEVuqPgwkcPejdugasSwPXQV112H3WmKrtlYm1Vfb/RY5yoZoT2tB+0DXqB/GgluYOzg0F3RdA7YF6f2kzk2lGAnUYpZ/LDfRGd4oMKe+WENLWk4YeCyKsQqhRUo3kt0GzCgjxUXqy+uvjRVHyeMsbkkU62s0VosSsUoGQjigQG+e/p6wD5i3B79iPmrr77aFwPZUD9A33eGTxzfH31qOJ66o8wlT9Opg/hmNJEy1i9lj1W1G0wrM8hyu3v2+weq5F6nrVBT0r3GG2oES4sKgnCvWUWek6V7tTTqbNXgLoiwgyIXTSj2QvEl2DwiYBHsH6MdDWbBzIQNpqbJXcF50cT02BAGo6UtkxJwZ2qKkrpXVbiO+Erzuebr0GPAF2GV1xrtYNmXqOcEA9+gP/+Q913+Yz/91Xt8/muveNEL/6cHfO7qD+iXIcbi9KsCrrnmGpxGK4Vl4xMWUwpe0/u6fdOb3oQvv/xyBldccQWDt7zlLe9+97vNCCxNaqhfb8BF5vKRZBobhjsDmYtpIYZMWjIsRfBt2lpaFxsu2CUvQxzNIlq/mlACNG9961uFpWFw/Vve9cL/9d4P/o3vOevON1/xXX//Zd/yeWaWKXKLZamYpvAQJfQ0te1tXQW3x3RB3z2btbIfZ+3k0TXortGddiN0SxJo7BlD+648YCwz6zbsPu3QXN/DsHtw0NFMiTPr0CenZ4OZ4YSOdcwgti5mmB5TegAA2VOB0JeM4oiABZ9vGzZZ4kpEaYgjY5XEGRvlyAxTmtHU1lhZKgKoALlb1Z7v7u7k4SjD4ovsUvexlMxrFsFrltnLHDOgacamE19wPeq2Ct1lc3/VX63EsJ8fh5N8RWdCNiJg96wg3bnuaDc4Dp0MnWlzMjCYlwbMYD8VNpSVHAjy6RSKSw+nh8wIHMlCke3GNMzalpmFcSlzl5aDk4u8TXAC+tYblHH7T4ndadjdgrUBa5LqV3TNA32t+rpug7YPmDHWS7666C7F7mRBaLQZ2sdYKCBTcoeENvfMAt1LeEXbK0hb87YFnMDlQTqFGVKCdgauFoMu9yod+qSyZJUdrtYrNuvlNO9+wBZipXI2qeY5YmwUu6TvCd8ufUP4UMB93Pj68T1hiAZ8zVD6gPD149uIYNtBXRdWEZRIIyqp+wfcPLHCumcM6ZF8SkxWw6EI8sQuxenoyREDX8qtNyfdybjOmkX7mtdOqK3k3FcvCU8T1UpTKEVgyV4cbCNxb+c4GjANfUdDB0doyZjeRFgasVEawpb9yfeuucxel92ieqcRhDriAeC7UM19Efp2JCi4dlBefPHF6t8vgcf0n/1rl1zxQz/lwfPI137/H/8/L3rMw7fvV+3zxllnNU7MpzzlKTSXXHKJIE9+8pNF1lYTCUswS1+0/VIv7PHTly4Dc/nc9N2JJcOYi0vJSPjpT3+6HUUw6WWXXZaeTfuHgI3yFY27ZLDNVnoykZiF9M0NGeM2m/jk5z73uSyf97znmRqb4mlPexqDH3v1xef/yp/QwZt++N//4h/+sBWJ38exUDa5hdiopiMTOjQ7m/ZNd7PzwVbx6qDFHvxa3y6yGdohbQ/29nm3eUqjUCvB0JhpqOZ29nVc1uUOU+zGcRcHZ6tLBrjnfZwGs8HMgMB9lGOsBYytziimxEBv4QRlIasGL2VnkMaTw6jKeJWEStTrphoyZhbTCIWZ0UimhVijJSsIVB8agtra6va/m059FEHO3Dk2qWQkYFeUGDYLvXmlgRNKhmA6mCOu21mnBm7A9RbTQTnQYJY0e463Yr/7D3/mnIEIBDnzxWLizoTgrsedAx4uRuNeSjoTDHERCouARXMpq1IirGxGegKwJ+ciDg1OQ2512zmyHCm5lDnhdHxsiIDJ0I4FRdg6p7hODd21M8igSbqlu21lFa/NyYbsufZB9lqleVg7sTtWNIKGCcW4jTLQRZGBACJ354CtM5wAe7+OYQH1jzC8YlviyT2crAS4EhyMdtBUHQxVTXHJsSonG1qxWe8x9720/XUPOR8Wuf+lA8H1xpli0zhoeinxXeK48Y1C6dvC5wJ2EtEYwuADBfc9xMBbkSdKbZabyCoGZlTb6gzTFLI7SuUJmNkhpx35Vl4C1gVCN1j9xVuH9h6x3D0OPaIRhLFRN6cEzOUSm50GuxSksFymiYQuobnYdwZhJzW2D0UgY7uIge0keLNwiY1iSgnwigtYTSQALaE0arduqqHbleBb0BtDX6LYt9r6JeoT0Idm36Dx3334G973fdsPvnjwv/pD3/BP7sGYpSGsTXVWN7039L34jne8oyAs6bVVWJ01l0tDvqGZ9QSikQ8D+0QOXNgDYy5yY2bozW9+s81AMCmZvvg+N3FLkBLuI9vxRLZMQ7acnSa9volFoGzvkeVM/8Y3vhG/5jWv4fvqV79aVq997WtN7atXttJ71D/64NP++Y+edctdr3/2z/3mj31ZNNmKz8smt5BexFXYzncmqrOKaYHdqDV6SvDg16nap012lAZ1Y+oOtNXrnceAhrJnyUw0t5tR96BTD7s1OiixGWmUKNltazQGyTBzaYhBJyymwUZLGANLzAtTZlZkTLZAo9gQtmT63j57TvQGGdPQ9wbJhnFw2WtrD5IxNjszMoMyB1PHNMnqQFaunhM0EitzMcXHoklPa4RymJDtDWwubLSWSYAwk4ojuKbUHcXXDv0K3YlA7pypQW5D7PbE3X3bOXKCzh/RwCFA41IoZm0PjrDf7hucDMJ2DnjKsOl1xJYgM5AAAZdPycSCy8GMzWuKGOhDLuLENK2CnhclWWQCToCGxKEh41yweXOBLJvRMs1u627bV3FrQHsCalsPFRWHHirtdUrQyHYb2DG6hbUQO0R0WucEYdONMfcScB8G8Y3ORKvQjHiFVuHaFuoiXtEQsO/SmkfeTW6FIVAaXIcU7ogr3xQRKKEpYF2LtOnZ6IRd6LHhieigIfi+sWP6eMVkHyueND4UfGfQABtKLzG+NmyyXkvtxWYXufqYsRuve1LvCLjKqzBh69b+UrkX+1ak1B3M16U7zeUcSW0D8bOfdZEJ9Fzqby7YZZxjUzDOMR40ey62kxk7ejpuyBLADOwxGgbCDpqF0kSWHKdplAZMIY2m1iy9djOooXYQlJ2g8n38EZTdx6L6Y0rfcGx87XkJuOWvPutd3/rPPGye/4t/8cUv3x4bGoQ1iIC9bjodfFBiH7IcfQgyoNFZAYuvpyyLb4hjf9ZqLrMw0O42A05oMzA2JBk7QXCavk25M+MucmgjscE2mFHLtChbjpe5TC0UmSXm0v+7pfdRy/HSSy+leepTn2pqX+2mNq8ppO27+Q995Lxn/+Qfv/OXv+az3/7r/+ZF72cjPnsseBvejoUONTes+muodjgrdKdHi3bXpvaJm6j7FLq/6Dk6T/jaA9NKlt22zMAd6tbQUGxGms7czkF6vB2WJ2coNsQgM/WkiUsYA8u5xJ2nDuVcaCyQDY0h7JI+VgpKdeDbS4Pip8dKxD6MksFqjJlhQ2YxHZg6pkm2WKwUM9oaOUpAMlg0E4ksVA8tOw1rFpakidhIgz2ZC0uhFHlOtm6l+gXbTbh89nUOYD3FNIyBb0KYYySkEYfQPSsIoQMBuvc9TXA7p/OBJjMJEEoGRCglvE+4xY/DdpbtKUkSWGIBmzoZC8Wm0cJCAk3u4tDELs04PC4sGdA09fbk8l87A1dr0DPNA+2MtRDrhzbg9pmmYuAI9NpG0EgNc1nvC9IdMo+3uQS3GWxPrf1pmhDWS3LQqjho4QprO0jLQR8bGvvM8CoEpcH16YycQRzKx4osxIpkS6Bho/ptHfuj98peSnxnkLHd4xPBF7CvE28/NARvo5hy3mDqZXPBXsXtPUCRNUUvako8lTeUpXzio5rHLCkz5usy3l1vfato6i5NbSgXc7EvB5wAbDJrRl5qEsRxWQSWdh22Z/jaQmQsZmsx2hrJUFga3CwMhtM0ClYBza56pq6PblT1VFv3mC8A97PiQ5Un1BQfgoZ8yf3c2Vff8CO/IO0H/6M/+LTX/K426SZHNvO6yUunfDgK6zORhjsDmgKKzJGgrcU3xMxXJhdMZuNYkYbgGPg2HWMuvqc7emj6tjaLgGyyB2Ylg20zbBOytAkN0eMicKSXDJYzjW9ZQz5qaXxDG/KxKzdzScAlmdc9/uO13/BzP+YV5Krn/LN3/dFz2t64knYadiSptvpD7ahNuol1096wDdpd3YlzZ7k0xNFmaAOMZWZaqYnQUTinHn3c2deZOOgSj1mbIabJJcxlQxnnSGOlhmhckoNS496AVYMBZqARNCoTZwyGKhdmzMyMyUabHZsOTE3GlKeZgTgEbBaQDBZTKH0n28/kHmA0nU5YwpOVCCBmt2q3sN4R9vvp1i/F07ehw39kBhmTgwjQfoDk9EIxFqpeh1445mQz1JOldwKz4GYfzKRiEsTHk3+jmQF3XJxyjl0WJOPgMp4hLHLy6oJzMSMDsG9lopjbf7WklpOh1oJtbd+ruy2Ou6R3WWuz1zDQqppXawni2B+Mc4FuKrxC5BjkE4duMHx72Pp28qUbRh4hM1yD068uMMpBxRo2OgwzFPZcDn+vMrloim5D6KKNgr2U2CtecbC3TkO97mAGvW9iYOndxYun11JDLnXUFhRQRwXfq7X1RW3VWS+UWtmx1tBAo1NwAnRUHTEXgg7y6pbTvu2222/jbPiaUTtmajENEfbZjt8HofjbrCcogvps3d0PWTbQRE2K+bZ/rKjIw1A+CZS4/OM08Rg3r44oXfeJFhD6HPHWr+Y+73z8+Vzz5Zes7AS3+p2+68m/8Z1//6w733zRb/7Jp7zkCzSG9IW7ltUgSi0j+1gk+6w0KlRBtFsrTQRdYkMMRPC5iftSbN5SEhAILtsMzMSXebNzFMp3My8ywbxdNjVjLi6tV5C2Xwlzx9yxZOglQC6ZYQb0phZQNCw+wTf0d3zmkY//J9+vsJ/5v/zGKy/8bPF5zVlp07Zj2WiBXkCdddrosjbt/T+cM3PjdKMR0ueSMY1oYxn2m3J7ByV30g2bPZkAR0qVxB2Xc2gaGh4hs5VzMWSlmBxauCJQdoK32cg4PWYGYzbMmEuOjYpGNh2YmrzyLJll7DIvKJkSsC2xBtHENKYwGpuUALmbrltV2d283UoaEQdNpCfgGuQ2xN2AQI6DOPU0dCZwJ3RicCQIEuY4Incy2DnsO6wo20XNVRoxiFn8ZsRAE5dPlq1iEsCCNDq8CtzJsWjJuYxjyBj2yU/+n64OqTLWHrUGnYN6XOnrmftfV9yc+245GAObYDROWZC5fwY0K7p/5iAe4faw9WrHyBaTsKJFQvKqGeyGB30ydAnkKdagCoYucY4yX5OnqQe6aIvYH73W9IrTK3AyZtAri/dNIGSMmbERqolMoVzdZspLAAXHap68dW6v/OlqryhhYMySo5giDMNqua1/z8Hq0jPgyFgE7qG9MWwoMxE4FqS6uaQUJxv5E9o5HLEIuPTiQo2QUgIx5cqFNbSnf/jOdifgbjAVVt4KriPeF33kAQFSvv0en3nP/+OVt9z9c1/76y/+gVc/knF9wboGXdZHsq9V7LOPu1CGaAwJKBp06VNDKF+czHxTYjJjeszYaPYJJWM6BpZAYMZRKExpRgIQTEHDpWQ4tkxJYr6YO+Y+GXKkEYFjn62Yfv04BkrBfexS3v9fvueSl/0pryO/9u0/cf0lZ4tvOnsetFidtzth2S24XqQPXTKejTGOuTigtLIur5Y6GPbzbTttKXUWk9PHYzxCyjjH0TQaj3BkPPGBHJs6dhkrO1aWkWOjcNpYzJim+HE1ic1OoCdgMoNJacIG0XBNiTWXBqchSy/LjItTZNXWHWWvfYS5DQk1hdxQcndu97L7N6bZzQ/3Y9j2xL4fKGPKzLiLE7h3snUyFC2mZDw5kPEamTw8NrkEcXDZTnz2lBnHNEAeTolNRBOvNoFcJtCu3h66uqXQSqzWmlf/BjVAM+jdhCzjMQZySJ8xtDNmlxxhlLOZJAMjQDJelS0AVnmQ8oxDvye26PsBQcYjdxmvGH04nWR115hpLcE2oukcWV93ZnuFUeaueSCm4CaqetudsUO1seLHRgl7dQ/lHRgK5K2sOzIe9+HCQo4tClrjwfnEPUsufIfbWoQmZZxvdUsG7msEltxxMmWj2GU8wgyNcdhNDjAKzWVq3M2gtqDaKqwX3he9X3r9T9ha8JBzf+b7/tVX7/WZB171rRf+b5/LrL7g2oRT9rrZ94SvyZhBXxJG8QiUHHudzZhjmlzw6jJKxjYVe3KfldgQHricaCzZWCb72Ww0hDUyWeSildLEJzPDYrIkYN/E8Y9de/E5//lbPXff/7de/8kHHLY0SLIig+LrggYlDAdyG4Plvs0PXmDUkCNFQ+tvlu3DbHIBM7pc+TCwBzxIJzij8SpnAwlHxqMftJdClwzUAatnMn08ZmAoOeNhmvTYjK13Vp0jkGOaGCZ4ggQImGxXkPGqx2DSBAGNiqbUCl4Xall31n6HbTi6Q2GeJrjR9cYsSFgjx5AZFxFCMiVm4DKDIw4M1sgrtin3zQYH6xPfNT4hs+wHu9+mPGKRV00QxGVwyUYlw+G5osp1a2/irTse0tSG6dNYBpdpVoZ1l+Dbg4SwTLqEPbcNh+sdB9UJ0my1vC1SDq+XRxjlbnWMMegy7Oa34qA9gWXiNdsaoO56ABoMNdjWpO8FhSY+Qi5FmOmKv/Xm5GYbQeVHzgzygjXCKuDscRgNZJlvy9lWfvIjFeN6jWG6D1usHQXJt7UkUxotDhzcdseVYeYKqwxdMk4O+8itMNeW98kdorwErMK94PeV1pcrTfW//K988Sv3v+5uH7zwr7zq22/50vbPq3KPg5gJKTt0xBG5T5ytlyevpAlgiMwM9/GRXDKQZe4CBlNQmoVcfJccCYIMXEJLK0KLzQuTCQ25bDouMf3IMQNlAXL1wSkZn/eXP3jOtS/46tmf/Jff+ZKvnPyPewWv7NU/uAwZxIPd76DJuD62sZMpM4O96rfCGlfl7ckDynEZPgoyODIL+8iGVR5QFm2YcjgBjoYG9Ctm4QkZjBlhDYJDe2bYkH7h5N3kMBoooZiw9ezU7QajSVh57lk4uiUDzfR3GBqdG/8IM3THKNRgnSKDCTVIHzI74iNsdjuSjziscphMDqdhxU0eVPQaU4emc9ObFRnj8f39IBeYSVdhHzkgPZxO9YzJD8/oabMzYp1rcEZlKOzt5TAYs8Fcnh5dNbgWzmUQ/whTTFhtVn0wdBQZDmM7uGy34IJpLnA5IxoNE6dQySnDwW7H6r7KgyOXkbPMJaTPYHfa0NRnZGYHzx3r3fKSp338c894xZ2//DVP+MuPvNf+0+sOA4tZwtFQ6HJPZ5tiNIN16lXOco9xED7/lM+/6YVv+uyPfvZVz3jVLX/hlvc86D13ft6dX/HUV/zOj//O657zuk/+iU9+9HEfzT6sQfCewq016TLMKOFIHqyhBl16HGIv5X/uFd91l8887POPvvydf+5sl/Px1KGmzvZAD3iHPnk9UnoMSKywobc3GvlwHBdmK4zGRxilCAUZOaQZrParsNseG4+mUZjL4WAheDVIHmFFGi6E6lYBe+dodHPbkQYojyrg8vRyIPmMKa0o8sqQcZFBI0KXM4p1aobGYNVkfBpjMPYDGgb4CIfhfXcdpJMZi1nyR6sYFCFeHTMGjuFwfQrFAXK+BSkgpAzZb9U/DJ4gn0Gahro31poeIeXK4m8Dy8RHl7CmPkh5NHTacjSEdTR51YTdasN6mRzSwFyuyiOsBpv1bYXpVvdPGrxi1Q+HkQlhlSsjmAsfVT4kZ7CiodMYl3h1TDYv4QgZAJcV620ADGiyPHieFHbWlSabXFYenB46zYMmGqRpLmjq4aBf8LEL7/OWb/vnbJ7zsj91zvs+S99jYBiciXGYPxLMIJcCbnF3rBOBIZoMxiV3PDj7xrPPv/r8c151zsXXX3yPl97joZ996J2uvdNT3v+Ue/3GvS58z4Xnvubc+3/i/lkWMyRP5ElsHzwsIXkduj15sz4RjoYEf9BX7vbYv/N1Z91y15u+7Vfe8ITfqfjTC2W0zCOsyuRVkyNQrgxGRzjCKKWU8Ps0O8Id6BtKaO0r3x5yOc3rZVjlbZELjjRjk7AH+6/D5DzuhYKm2DtwK1LC4fq2t9vcgGNwdDPO0B5jw8gJm9HvA0eWe4CDJmEuVxyl2uWRkuM+siHNDIWR06/YkljSOI3020PXbbP+/wNYO7Hi9vYWTeg+PLob890nvRVNf8RHl8OD2xsih1U+wtHQHXitBU0ePsJucoAgKzLwmOnVPnhhjyl7eZ93/5UzI3dZEAxNKr6SVnzCVvqlNcMNbdVfsPnsOO2iZQxGkz20oiOwMZRlvdZ3IMdH/1Mqswk4FduLd5AZCJgx92KWGBnIkJByXGKamWssmxGaqBmrZCUNVft3dnz6Tl9+/Z//ra/e9Uv3ee03f8eVD+zPirGh9U9cv7Rj/sQ1g/6UmGY4FwZb6JO/24LFHDY7s+TVONz8kZs9d7/8zi+f89FzvvT2L937C/f+yoe/cu5N537lyq/c5yP3+erVX73Lp+5yMN0hAj6KXBqlSgYyEORMWf6fW/7eeBqy0RjY44ZA/Np63us+/cRX/7AKv/KP/MsvPOJra4T600yFFVwmyaOBrT0nP/IFjno3LYPsB0WYOBmckRPCKE9zGPm0cs3cWgjD62UgZ4ZdnuYR9hkOR0rVgAq7YvS4mmARCDNXYYHc5craesTpQ6HEbLpagMMqh9q03ozrrRcnhFUJyftUG9bVJYRsYi5HmiOMGWFScjknw7ChOGS8HiPjEkbZJeNxn3njFa0Fkrf7YW4w9xLuLmof4JDS3UjonoStnye9DEaxGxIz4Gh0dkbYZz+gJPbENky6qxJ221uRpqGwLXrHKkOjR8ZnRMan+aimK2YIjJqlBZKhrmiPh8c9FrjsLzLca/87fjhNnM0IzBoiMyY0XXOpat3Za7+hptSsuC6wHORS1wgMxhiPBsjsTWQ6aF3Qeve1bnd7Ls0bbCRsUyUbbYO5nLATsz1dMYuZjV1EyKVU049ASRCWzCxOs7oAoYVA84LamlFJzV7B+4tFX7P/FaSXfutNv/vA6+/x0Que/fe3v2d0zvITr/rbRv2tIppw7v4viO53v+0fg/XX+ylxf5vp7P0vWLncmnqClBlwN8qxv8eE+ytLJYPvu//+gAfs/wL+/ve/f/uHGb04cSmFLkuj+EUuJbI4bDImGyqOIWlwIbdkesyMhgAEwZsUrEINa98PX/7Ee137jFvu/Ynf+sHra1DF3zfOdlNotJpjXthC2thtgFrDHtbGUeKCZIk5nkYxGYyc5Wn7hlaDI+N4vSxPZXGJ2dfTmAYHQ8NjnEaQFaNkRmgu+YPFblt2R5WBigAZlFiOM1dh44SUpaHFMY3M02cGhRK86dQf14jhkFyb1ptu5UbjsMYZBmsk45SBY77tJWx0Ime5OS/PF+iyocxyKUnsMnY5yACvhwlmFkNeo2RAYAxmiaE0BlUSkrfKqrtbSN3de7g2VH0t1NfdfoOgE0VX2h/AuO5qpAjdhwRDgmS575PbPD4LFUr0KN25HPvTwmCMCUcYZfmvpRlehalgxqC4NDVmMJe70+beGglQPzSmbwLw4Pns/g9L5l9uGKVh0N98wWyCS8yAYxFEo8FguuZau6DUdU3xsfqnaZRZyLIhrN24+zAX7rkELmaBZlT25PTF58hLKBDKRsJOZzuhc5w8G4NLvoIoVJWsgOlLQBBCLsLyKj0o80KlZBbTZGx0LI9W0eZpUsWUgDqD8mqBvrzr3C9d//X/ls03/+J3fPp9H+pfzhiaf9LD5pOf/OSn91+8CGQG+CMf+Qjlh/df2vjR/SdRGOXYvz7qH+cEDXVpRkPkj+8/475/PsRFfHoGohFw/2jnQx/6UPHbGBkXX0xDXPISwRClyAwkRpYSvVAM6CW8/QOg/Yf/yZ+SAff5SRo442bPkhemJIhZAb0HKP7DHvawB933ft/5/33enW6+52ee9rJ3XbztH22tzgre67iVOrza0hZCD/qiWYJ4uuPaqmvTLHEK0mvc3rEDXA4YYCllnCYZB8qYkvuYrfrd8FasxhKgKQ0l6v7F1kUZWM4yM8M09I2yxwmGCE2kVu1SbOFWXQVcqkZYh7hYbIU1lzjmMgXZdEBwOXky0DUz4jQZ41IyJKA09mkP76ZzN2loN9Rwt1g3HU7GOjhm2eDixLWYnEFLs3Bo6haYRg7Q2tmvnGPoMhYcl0YpOYhMR8b0ZTVglnGHCeMSxvSEsK6CMWyZnWBNdZCmISva/lNxdxR2Q9anSg8aaZNpgDYATVuT3NButX0i88IaSRAnDRtgzFIFK+JgL+aWRxxWGXaTWzGOuNHMVqzrPAI9l0ZXm5ETquMwpRLjrcALUkKOIrdGl6A3oMFa6J0G+p7Qy55D2GifIH00GGWzf3ts5w42hJlhPTYqpnnFV9X6osJaUMuUnaDyyYZcKj6wBMIYd49lPIfCOBK25u3tM9H0zjK7IYUiZMaxGxjsARsA9yToqeCAFtaBzgzKR0zRppIWtdfv8C/lBWE5RwMuPTidP+OY0k7GlSLLbf3LG5JJQSVN2r2n2tVfOzw/3vSjV55155sf8NrvfMEXtp/sSNlPiuiHVzx4/8mRD3rQg1iSgWzogfuv8POZOMb4Ifvv7zKEDXEEAe0Hn62YO/a4wsV/6P6ruugxR2DJAD/qUY+KbQn2jOlFyxgzlsxcGmLA7LzzzpNA6ZlFELMwwAywnPky49iP9ZiFM+YyPxzDijBjLFo7U4OU2lNZC77y1hue+Io/Zoe88rt+6fNnHX4siRZrtLSrNm4zd7SBjuhOXa53GkeTu73BoCC1DA8kMMym0xAnY/ZxYIYbymV4HYURUsqfWUtWf5cKZTkxvUURsCHMixIr/siNWng8QrPI3EoteYUi2LeDqQmWFRfuBPGFkljJgLmwSwmwwQy01UQ4jdFcyqQcCg51QUcImuI+InQyEEDLsJvOqG0wsj6yaRTTwFwOUxbTLIRZ4HB3rlA4s5XTz92dsLp0mpWSw8SlJHFH1p7UttMws5bZZu7kyaw9GVxiBpgLe9M1F0h4eNBagpJulVVxtxDuFgLVV3qbwA5T/RowW8ElWWOcWTrNsh5rsEYSxCELaBRYrl2Ew/wnO2mEFeW6IpdBBitP6QerQbgDY6A0pIIxzTS4+g4nsJ84XFpdl1sz988Rx5DPAk8gj5w+DnoOOaGMzscNPZuMWbrEuWs5WY+xmOY1l+KDwtYCd4t+aRzWDkqsffRsCPEY1zWCfuEOBS3DeicIJeP2AJhr3wiHFx1slJI9oT3DHYRyBoFNhZ3sNNh0DnRmkK9aVWeLqvJNIaYZ7SI5zNGAO62AHLM0NTZRTF8yjGnAEkwnoAq0CvPaP5WxO18LQOU14j9f9MkvPOaKO3/h/uf/nS/72rtu/yXz/cKA+MYbb2Tmo9PoB09giKYfyogZZNxPefRtSmOoj0UBKX1Q6rho5r3++uvJN9xwg1EuvjvFZLD9RMf9x0D2gx6vvfba2JZgn7GYbMTMkoGYRShzBlwYv2f/1X40bMzFAIssiGVyZyBJzMUquNOLyUVMxh/Yf01C8VnakKpnt3tCK/5jH/tYTX/84x//p6972t1vesLND3jfb3375xWZwdSZYG/ruI2NXU7r20i2UI12SdnNzpdZh52bgiAUAToQ53Bk2WnYjGRMbi4MxWkolyNuNPuEXBqyahr1N7s+dkdbDj2eOxez11y+zJJxo+UfMwBTS1ut2qizXbvj0oSULFVGJrwqaZHnGAEa7HLyZKCt0tBis6dng0vGkIA6sh9mZ7l9TO3mJbitNEVryNDNZYiwHiOxJjLmwsZQ6M7NZWK6Nymti/26ZCyBNB1BbQleGePu6+HQEDOyWVzaVCXmMoaSmQyZUZIZu8zFaAzjhVNyaRaC9IKp44GcaTBY0fafiruvtEcbtAfaB7pY9dv3LOOavT1t9jcUTaptRcCaKgiNDdGeYJlXUM0KmjAorUGahlbMELSY2PIIR2jN6kLGq2wIj4BhzKojpqyyuCrjhM15cWxFBNAVsBc9NjxsfC54ivhc0HJPIB31oWDUdwPZUUXPhjEz55dLso1L1uMeJ5RimtosU38V1ixdwBrnEtcXBpqo8oSYPjOjeoS1yaUblT7WTUEMMeaO66CdsKLIfLvb3bFCgdvYvY170jighXWgC+uYZsbYLKbgrmIK2KLUcOvune5kRtOJwAyXHm5nSiwWioFoZBNhxlgOmLFRMFE7Gcwo82YxqRl7Niu1CuvC2Y956NXf959k9exf++GLH7z9poF+3R7WtQsvvFAHH/3oR/dpS4OBga9DrWzIs0fHsVbSCIu1m42A7H2qcmHApV94gBk/Zv8d8vSMubD0MOPCuF948IQnPMHQE5/4RDe8KURmzF3kXIDmcY97HEcuE7/fvvDkJz9ZzIsvvpiNFZ1//vkYLrjgAsyXGQMyYyxmv2ewX6gglJjNIhlTyMHm1EEPY2Xvmb390OYP3HjpP3meMt7w4l/8xEO2U7u7pmq3jRUcW0h3kL7ou67pta2icfpFKQhwZ8OYi/vFpNjtA2K6xG4QzBKbizHZECYbDU2KG8pFnGT62CgzcIkZYJlj9TTaXYwthMYWahdREthrKN9eNLWVC5mmUaFYQpFBAt0F3WuWn+DAxN2/ISVLxxRHBaykzWgul+Rg0vY2pTxNp63Myj89GwxGDUlDy6q8Rpixu8kd51Zyc7mnBnMbdp+S3YxpcsFz27qMGypah9J+g24db3WxBNIYUgGWOGNT406nGKQ6lxk0S8lIz2UbrEzMTmBJZmaZZAb0HSMsDWWP5zLH8m+upo5hUurMwZbTiraHrpa402wFt+i2cfazvk2gnY4nNuMAOo11Rde1x2aqbRrsVtRyRwDejrB94woC08UjFDlILg6rHFpA2671DFNaJw6Ug9UFM6OsKHgENoSRFZQZpql/2CVO0EWWhC3E7iK4nPcY2x9o6IdmexJ4C/FlYC86kvTS00h3PY2wpxEbep1mw5gZG0qsr20XcpumSc2i8uAQUWT9crckdF40VIOw+sd6qiPdWvpF0Cb3njuQxgag0UpsVxQQ74fV9iY4cTpGsVEz2gAs7Rxe3edk0QiObDI2i22G2XARzUZSMQVUqOrc49BcppCYmHhNCVNi82KWAlqRSckmwpLBzLCJoOOs5E2qeqCMtUk3lV2FtekXL7vmd7/2o/e69hmXvOyL/Wq/d7zjHTqFvZj2OwD6+DOkd74R+/7rS9dTx5DPSm+fZK1k3Mdlxj4T+7506VMSX3PNNQwwYy5kbEaOLLnk5ZLy3fuvrMcq1r4qfgHJfIViYMZ+ReCV+y/ef9Ob3kS+4oorfNeSZfi2t73NcjCwwfLB1oJtUWxGQxJgyZGXsM0lW6VTQ0VW3n4xkady54DuXPSerz7wij/41bt+6XV/6IOay9jWtZllrtRqbm/XcU3ptKlNsLaJjduQIxeO4nRokt0+sJ+EG0TGzHCdNe8cqWZnAIQuDeFcxGFMTtMoM+ySwICvSbGC0yuRrLBG2BUKAm0kAnt7gC/mnksaNkaZcScYlUCnh1UriA1s09rtbWD7tt3bBoYq0y0joC6IJufim8sluZQIKtbJY3Oa8fTJYyNhoBFBZPmYwvmsKWZ0N8nEvSYlPCcDdDPKVhPLudswjdE5cDj2XB+lmLFRExHMZZkOFqgayUbpqwZfbAplac/ggUtmmBleM5dSqZqUZstjf/uhxOw7OijFwRwpaVospiRUgQwoZ67SI0CZwCyk5x1sj8+2jpbUGKVvU9bUSs8nkNNsT7P90WUXimAncdRUbXbfutTsbY/v31vdObzCtmVOHuGHuDtK7giUAy3BLaPe0MTQCkcJuaTJJc64Ak2ZCIE80dSOjOnrJQaaLiuu0aaQ8B5j2xmgPbagVxDvmM6j3og9jei9oGibt06dprcVPGCwMwtTgo62XchtmiY1i8qD21WFOx0IOI0h7VNzxd8bdXjzoNdZ9qBfHQrdqHzjNoDbcmveyf9gA771Me6kYEmwAXIk4I4e24ngDqdx4nefY0NcSs9CKmkVroDiy5aX2UWYVJsFyJQEuZGZMRAT05gCN9pEJS9bENkUzWtGN4/ZtUZt7/WoB3/w6/+zPfnNL/l6bwk+BLEPPp3yUNG1vhd952EvEDQYNJGlJva66XNQl7FWYnrMjKOvQ5+MLgk+H7GvZ3HMJYe+Sn2nmtHHKBcGYuZrFgam9r1rM7Svij9funzZiNaHKaVPVfGf+tSnivm0pz2N/rLLLhPh0ksvtbSn7LCuPn+xhWCOl1xyCRdDchCEo+DYXPSmtjOVrl1x1VVXObj7c3VQfE355l9+7J1uvuennvkbH3/E4ePShpd5jiqvBaptG+iUOIO1TXrkNuRoh7gLxNEpl2QsFHabgCEsMq6z4tffZjd1oMTMMPcSEz85PWaGKQmY0tRkBXepRC7VViNosHZjiREkpqHcMZfeIMkcjWK+JW/UpC2zg9EGtm9jW1c1VHgYqozVOXOEJWy7d//b7wJ2jGiQ6WiwrChNZ/Ng7cPyxzLPmE0pCagUImuNZCRgXg2VTPdaXIvBnQjuTU10a+Nuw3hc2FsREFw2VEwdp8QuW6DuBwkktPaqwRcz5tKtnRCS2TMrc5fmdSk9qeKSwQmTP7mUuJSe5PG+xA2UmFmLasiMfLFLM27ZnCTmsrN3e9SdYHvo6pPSK3eN6XzvWTKlDzkTNs8d9kpbllct1DxN1T+COGAzAWNe9kqcAEUO5QeH69uCPoO6Yj3JlBgskrxiXLAIbOKMsSBx2EcOrwi4WciVr17iwRQXODYXmZmu6ITGrM8hrGGec5rtCadhjio2zilsNHsMbAQBU7DENE2kbroDit/RAE6WbmA11xejyt6rQPUnUxplBlrGy22J3XU0scY1igvLRdi2hFAdEMn0BBuAGWZvGwC5I6DT2d1uyPbIoFBS0g612uu3rculpRW//WMjiVwyzUIAArR8bKg0RKYnYzKIBtYuJrQPoc52t3QHvuz5H/nqvT5zn3d+w9lXfFh3fNJ5b+jr0+ejrvVQ8eqgU5RkDIYwZa+tXmG1DwvblxAXjSYz8GKa4AuSl1nE8Z6q772gYAExF2aQLzPvLqJhm8EUudAYFYpeNB+jPnn7+Obr89RQvyQfs/fV7rPVx6shD0sg+DiWj49jobAZMUfLl7CAlsBXEErz2pCapZhqrk2ex9rtxtcO1a6z9/nklx/4299y1p1vfuU3X2Mbd0LJvLOpm4WxZtkVOqVHHQv00A3FmGBGgtqK06Fp+aIRgJKsld0suBsQUzZjHAxhLrENMJx7NqHIGUuDRiNcKpH+YkoassTI9UVWLplpKBc9wmmMYmZb9Nv+GU/b1Z6fna+8tndb2lAbWG3Vh6PKCCVzMaVXfHNJxrwugWCUUkqdPJqIZY5lLpNcoKoWuZuxG0c+3VPdcS7jgUvJdwN2g8/N2ChBl4EAhihrvXVhsuCma5mtdJCSV8wMU/IKLmFkQ+bFM0unBCUuGUPQZU+9cs6lJCnjLemTH1SORRNhNTaXy2bHQCNPyetsxYy3A0iVNUO5awDon0Z2YzAAbsOhG4ONDrWHQBxt1lRtbh9Ad5f5joLMJZTZyitGD4reSlbeWnTbD9y5JA9cijOOY5MQyIqVZsyq4PBglLDPsOW5hzn8Kxot0RsdBR11I7l0PGmSN9CYjQdMZpgZDRjVYDCFy2HBzeKuAG3qrIGqrSOUhmofTL9BI/ICLnzdaQRd4+v+pGkDULLpROBSqIQis3HJnpm716VtwIscxMRtKne40U4rysLKp3JZFKghWQ3bLUKxYd8GKyVsRiCAofJkkDGZnhy7xLCnv0HwffcdHu3Kq02OiZvvd+8bv+HX6J/92qf2cdAbpK9M7AsP+5TEPhGwN1R99EpBwIxdNrR+SaTBbHwVAdnXJO6L1kcn3x5aZjG1UcbmpWfvfcUUBEPsiy9nW0V8NtiQrcULGHOh4cLYdyo2Cw025DtYcN+1JurL1SXBEBahZfqG5pKGjVE5l49U7dL2ofrrgtcRB7cHs+aqdkXWyqf/+oPPuuWuH7/s1790wQO6HWLtJqiKnMoeAAD/9ElEQVS/jrCvy7aTvnMUFvb76fBXKzoNsX7Fgmz3xsnfpyMwILAndwNiSo1ud5EJkJALNtShSV71IkACA0o1J/dQVAQ5KNR65wIlZq8vMRcGmB6z5F7+hTWpNVpyW9T9ohoqafeCskBDCgsVh5cFCiJzMcUxl8uSIe/pbJ9DZWiuHuRyHqaXCWMcCigfjdCOppaPNnWzz23YDRg31A0YtzHoY6CHZMruXCxyTHm02I4soMRtLV5GyZR4QD+CIdHI0iObkVxKmBIHKbkc5ptx7sUkAwNIGDNyc5VSoBlIuIOurm33hf/qkwboEBlqp7pnBN0McTAkCjMdalMWQduKBoZmPwH3UB5xWDWjX4VkvLdj68cZ+QiURxCEfmJms9sesBokE9SOMDxwOSVmHApY9bVEb7a9tj+Q3E4uPefoeynBNG6wzHAwtDd6gzjYFDotcsXvXu10ANXGik+jHYa6cyo+l1rAsZYBM8YcsduSi/YlGxIKZ1O0tgQQxKmzDAwVJB4v+eBSKjI2lD53cVTMokDdwCW9VFmaSEyWRea4x97gsiCUzGJ6ydDHNLBlvLx7ibzv31vfGkHBf/HSa3zmnv3eZz3+7dv/btQLbcKeJbhPhF4dvExgrcSUIWNDuowFrLM4DXsyMywm9slI7w316KXEq4+AOGPM4FO/86mP3fKxT9zpE/iTd/7kF876wpfu/KWbvnoTGX/8rI9/cvsf09tfCJCqyOQ+SX25Yl+xMYO+sH0Wm9pjsq/kvqSxlLBJDeFeoAsFErMcFdOvqX8boJrXu8rL5twbPn/uG7/Jx+7bf2D7dYSdhnWhBvGKc+z22e+nw59FqSFH87oFsPtCibA0cNjvklv/XJGGI3mCUMYrDOGMVy7IBCw+dikZrCwuVcMlGVcWiWGXZTjMBQtilBw3C6hVu11BulkqZrdh7zcelu3tSrfv3MMfwokj5xJrxkkGCC7L0JCNhMs/bjRLAlAK1f0ot+6d7qPaVMvq2hHX09jeiA1hoIfklGNsdcnFMQu02GT64Vxyn1BxEC2mnPMhmR4bihMEjNWfWWdOmts7eZjhEpjEyDTBZbAE2B4MO5R0e6ZqWy1RelzRNXLqDtwSAue979vtofdtSiyCtmltzWuU2WGyvYjB5UE6E/ZJbmOQLwYrSWCD6VtbShiD1XF4jGMYe1gN1vgEpYxdDuaS2Z71ljazlPUeals3VdxzDpNrbZw9wWgwBRat1oqvnmpbeTULFD9O2agOQsUPZKh3mXEhaBbWNZxGtAwyXtHGMEpoxvZMQbZsTo4zwnrQ2B7si19kyVSrakvA8rTGDNZZJjiQgZI8BuTMYnrYMj5By68UJjKLeeGr973Xe7/uVyif9/LnKX7N0g7c2dfHTdz3BD0DrQzr6ybm0idOxpg9Dj4y2PhIFdCHI1+fp9x9WeI+ngzRM8Yub37GzW/5hrd84U994bXPeu1X/8JXf+1Zv3bDf3vDKy59xe/8md95/XNe/+kf+fQnzv/ElsfyvyFLpg8yc8UCNq8ZsdGSIRiSAHeftoxjGtE6+pmVjM1pK1bSau4AIdg/FVyR5y54+i891MfuZ579ik8+4HDOVvkaUY9qFkeaHPPF5iKooRmxCKqK5wahj0Um4G6T2OXwwCWMC80RNxq6xOQWriwuscvuWYkNQxnGDLiQj7iAYI2W3PIrZpu5u8mN4xK3q7eKn/zfblnxFUHOJnXZjKVBDpNbQ+xljiW2GmMoKwHF326S/eVJp0pPAjWLsIIyro/dkjS5AD3QBzIl4cglPWFb5MndmpwyzgaPnCMkrPFVL04TA80I7GM1P22MDRHwIGVpxJPMgAYqYy1L3g44VVZ0rOgYame7IbuBKiQUhY0OjVc9mziNZln5hu8YTQGH69tiIjBoVWtM8uCgWlDMleGMlnBGsz3wrQLMEMvVGOoNHLUQa63GaPPo40GdA3FwMXH1VO2pPKh89ccuDe0NPHRwz2hLz2VNyZdxzepu7ICY+3O7C/ebGXIpYNjDH15E1tkD47hkGlq3Gc0W8eRPscIskJJ98cc98IVkQ8OTzBb0RANlG4Q9wtakW25522W33HLPT9/zhqc++Zrth37UoLimeF0gYMruSUKgB0rsqUMYA11Lxkb12ukJHlFC+aYk+KKl8dnBxtsqdokLxQUIZ7/+7Of/2vPP/dvnfuurv/Xu/8vdP/aAj338wR//rjd819l/8+wXvfxFD/y7D3zIlQ/pTReLQOgVxxTYXDTYUPP22WpGZqU0Li4l7xKL1rpa47bgk79cqSn1ooIrb9WusHVTBXzsnvOOF/jYfdVTP5RjrbENpk2rV46gbtzNiyVTGTFN5QVCMuZCYJwcg4CUycFlZgk0HPFRkEYTUjZRyVQfKU1lCDgwiCfbNQiGFrvt0ZM7qFujkiZ7xXHX9JhnsG3ik88mEcqZICa5uSaZMJclw5gmTmMUSrJoQolfR2qNfMoTklcNjJL9DJETaED+CUBZ61d5DMhhIoTMqk/Gw8FQAmUnDM24jCOQIWGGcqnUK++2h8jARswjXlNNxqB69Su43B66qlytsXITgLCWfoRBmi3MyU0C+UKXjYa8oDzOiMlyRcowlwkrhyP9iiPNHRsPZoiwysNhlQebw159LalVtXZkQ6smHkzb4HQjqzAcKr7cgfVxujn1TxisGpZn5COkLGYzzrwj74a3trvLM+JgcVKocFCd2mAJQA6H6xPcnssW6wRNoYwjA/n9z7kWP+ryp2AuKRvNuHZgmr05G9KMsF7CdDZ9oUI2m+nSdJqMV81p7EkdqpQMDeXFvQPCeUHotcnBHacxtDJlQ3HvXuv3HPYShg1ho6bz1AGntlLTNLVkyi2U1UVvfCL5hktfK8jYtGcgs3Gclm0LO1la8YE8nDDI+IhhQsFmt+CgPeUYVtlcLpsxtpDkM2LMuoSROYIVgQrTiNzDr0djyyeAtzHvQP1RcI/MKga8QNhhoQiC7/McsF6SMximxCv2qLf2onaYdOTQ5SCDcktzGhMEjoKsQ9Do74nVMsewHkp4NHHCihm6Y14FMWMw+2hgtQllONgOlDCF/n3idKyw9uwIudye4yD3lQe3FzncQUoH6b8Gp71+z8xXMB77EcSEdvZcNgTrZfIgZVijxWE0YZ//NqBkYPbutP02PNyTHWqnORzdiiDa7CqXR6Mr8p0IkHwUtjhxMBqPDSSHNDDyuE9WXZ7GHuAw70fuefPnn/iGO918z6f89j1OpxFoAjlHiZVhaLSaFNwCcfmPDQP3pIPgiGG7TU/dqIeLk/sZkhvtMqzGkMEg5biHlAeLfV1lW2tmA2zrPFlFLnBGlzELI1965V3u8tkHf/mB13704nMoB6sNrJpteBlqRpqZes/ieJm3hzXU4A7c7zhyo9v0Z0I2g9PKMyazIoPV7LQGjsI20eCg3XF7l7vhbYaOMDOuCeCE0YywcsLI0CUcrhdLSF41A0mmL9uxPCNmiHB7mNEzmh0puzxjoVLO0JGNyyNNOLzyu2dw9wxQ5hC6POLMEuD/x9x/QPt2Xfd97zm3N+ACBEACbABJFBIgCXaLEmWq2JZsSZbcFPu5x47jxE6c4sSJ/fLkjGcnjq04sdyr5CJbbnKRXCRbllVMWmwQSTQSvYNEvQBuv+ee99n7+78LG/9zQfF5vIy83wB+Y6655pxrrrnKf+97WkdunL2QPoOM811iqSGH5KVmidn2FQbjBtmJta7hGHZqYKkcHJZykafbawZZ79IA6LtPu1jHw1fN0QuMhwxz/8vNohW8eq6VF6aKz1i1Z5RSEQq1jDxHncImZ5ww91wcma0NBI0+3dPzNlhyj9U773EoGqyiL5CeTS7DcQnKYbD28E6fsMQYsfgm/uNve2hj17mjX/y6g89O/2w40L+29XpBxr2IDF7+o1wGS83457vB9Ev0736ZLf/FLz0XmA1XGHEYNIXk9AyW9pTxcFnLf9gMIV5OFrcxqrDXst50ez9jABmrfDZ4XrqXQbPn/MYVn/ywhB/5ZSfzbSGgRQFy9qIF+cRyiDXxGvJK2MlhKYehISzlBEhe61omQE4/MBteRAPJKhCbryI4Dvvnf0Mmjy51qERArsJec1ugEoinuBciL3lpsxTWQL80Hqg3MIBlbtBiYZqUCUsMs4tiRADTxGP/DA3MtpMy0FSrJXfk8WSxcCwH0CSnnDsnDHmpDENTNLxm/BUY5tmvsNYcmBJSaEtrRVtUqMQhzyUPzCsyrTSX3O0MKBqhrmxy2ZnHRTUheXAY8uiCMfOBZXNpMDgs5SVG5CWGexirUlPXnNcrQG9DgC0CfaHUzYWPLL6Rqn/Eoz+w+La6DiQYolHmLF7+3sWKPBd+hdFsRZgtV5PvnOmUc0jGMhxMk+XgUBAQVsziG9EQa+MmwJTohetg5XyhsKvGojmEEo6LsIwcauISIDMbMl5C15JB8GCIu9/1U/g9P/+euSQT5hVb/XZ+i4LJFiK5ZbJkLRO0dnUNORe9yfQZB83ij8hx7jEzvZCwjCxhKD7WRT/FnbE0bmtdsvjuccyAngEGzYbDzAimT8CCK4htYDh1U+FOt0pSpgd6va1CmlaTQcINP3GU8pkP/+ypyeoVC4ehtcilVTC0BEyBLJmhWfJsuEKOg/WOUDD0YSgzi8eIBCPiAUpd1aSUKGOaeCcYLHlgrtBUz6kWFypQk+AjljDqTL8szoA4NJi8HGUtJQKU/3IWS27KQVMQEHZauQtHcqCUMJkwUO/AMKsXyDub5khu/7Qlwmwyxaw5zMgqM5hGV7xELhg4LjWDl0IRRkxc/ZMJOIg2uPTGZGGa+QWsNYNiTmdGodthyj2v5qQcFgkDNAPWg3HLbNnAcRXKGSa3nC1eMWEZoYBrGPoyXnJCIDfb5DXe2RxlWmNgM8wGdmpgOIZWYqyHzNujJosrpjiWzXvG9OWvC7/S5diFHxYa3Pd79y0tOAE40ovQbjC6gHM5X74ggmpj9Y/14paGsXwqbPnLOZDHrtIVN9BSBr4iNHRTM5D4rXL7hyYumcElkxkX4F5KUPwBA9XFjMCXUJAChgaqArGYDJL1BnJNPIxLwNSM9eVrD5665vZdJ6744J37lNpatATY0gx+bv6NV89f+IU71it+Yf55npcWv9eG8bPzb0J4ev6NbGS9GevFCSkxA47PXPjd0WliMVnmhYsvAVzpknGjFxw0i0854sdFZmMuy/hFwKL1WtyKK52K+TAmqBtl2wbG/iFIvn1OJrSUnYIiXPvg2QNPvPP8oWc+fvUxTfVvfQUsZo72OYgDZSIrmtgo2EJkwz6XhCKUktGHXPASXmIYYEFizSLjmhgMSpZSzD1NyYyU8hpcHMaa85hTGnJr1srbVsediHamXUqoSlnO5Xz5EzoWnBKXOSVuxEYPcsNypqyAS05f/sAyQRw8DzjdAyPbkSQO5FBvYJxyZTRPp2OIO8jLa6qboT02wCUv3MntGvH5kjxCQWZrXBCcpiDZc8x3MJsRkwseLrnDlNYFaJpg3FgwT/oVWFXkAqbK+F9xWwAVr8qjxKPQsNTg0Fbg29I6G1bRGcbFtHgM1pYtrJK6gDR1sVzThGVzadBsm3+TDzVH107WW5DMdmIEAS5xaCVienGm83HhqacjYSIMrGUvFv1gRj8l0q9QwEfnP4Fw2YVfxsYGNIFXr8Lthkbp1I3THhRc/dWcPI5TS1M+02rNVZ1zn2A/lVtMEzejeJr2DI6GFgeamlEIjYU72Lh8CLA8utIA9REHijmCF78k2eDSzn3EL3jQ1EuImdEYkYzZ089ZvHwPZkBgLLiBHvvwNOhln/7wgV1TQZTaMqm5yrdYV134/Xk0r33t9Pv/rr76al39jghLhq3aFfOvpxg/kyMCx5iGmV42LFvifkpHNF3FZCxm7ow5MuDSEEWgzGWu00Y7SmK66HHBS4ZZ0XSNzcbgmgt/OpCBXjE1gYFeMbvUWo4WrpKqG25d9I4dYu2mfT+DS0uZO0326v/mOz5I85k3f7HFotFVLzP2HAW0CvZhC0Fo/5sCOTZfLMnOBSTkKIKmrHCyPNvqCYE8DDBHmiKrw9gDhNjQRhxpiFBiJRkzgISUGYhMM0YEM1UKc1dPUI0K284cTxiUFYex+pgUXywUQQ5kTDZco2iOHIL8sWyxqemy93By+lFSIMhTtCK3vq1mi1WqIFVIGWsOebJYPOjwMqmdh3HJlIOXXrhj3m3jwRGrkjg0urjjBEoCA4IIBJyMC5XNEGJdy/hCYfpCYWADU2YXrtYlU05zXkAdllgdEP+rsqIrMSgxUOoOmeKUg1sGxrxEsLcsmIUUyoHHlrOYbbJxCOfRX8bITFdIpo/rDTUHrxms9cYJyoErjaoNTg+ZhaVLdcQwF3yCONASxrmohpmasi3bYdNkaX/0PvGl+dcRP/roo95CHn74YW8bmObx+TfIP/nkk/1mAyDQ9C5i+TuHBjJlMQ2k5qDmBqrahOrfcXI1ODya0igTaEZz+tMOtqVEjgVv6495NSJwMUFDT5vjwnXW+orfKEbEcqAHcvcUmQFBDuy52wlCyaRkQgW0Q0CebBqFIy9BCMUPTbzIDMglY5Q0WEr0eWGaLk0Qud34/DufJFzx2UsVwWFTcEuj+C0KoQV66KGHLES/XOLBBx+0jmTrxQZbr4wfeeQRBowFwRyZ0VvxbBjDE0888dT8l/hyYfbAAw9wEZmGo/j0zB6bkcBFHMZ4rtOGbEXjyN642ChY5OIzFofBiE9ffEEKy0wTGLC3E0RWf6dY3Xw2+yR+05ve5KZWQJtBleycrjnN7im+NPKxbegtqNpaCxGsHeb77offKPKT136u3WgJjMJSEL4glNFbBYKC04x/XUjGejGzXLARsaE1JUMWFotckpiewYBmXZnlWEzjGt1p1QTCSKbDKA2+yXpLpswTgFIXMxqRi2/c9jmMI6AmZKUAp0Nl2vlVKXsZgghAEAcLbppx8Y2ry4jLlEYxsfXVZY/hSjomSyaASWFhcYUaZ1M+IDHplWFyaY/8aWLNbJxHh84e6DC2JdpR3Q/0mNkIC5o5DoOMx0NDJxqLNp3qGQxwjgURk4yZFSoXKKWRRndmnDEIEocyxEXWNeRlb1CBATVRw6mM/lduC6PK7T9oE+jCVXNwSswGrIeFEaE1tpDWz9JiMS1Y+6xlYz9iDpTNgN40MsZzti+jaZhVnNnQj15C8lDGCoQrUJx+DZQiF79owyVMS3Hh7bMFLo7db5rt1A6bieu1rjYKeNXwevGW+S+49SdZ+h331113nXedN89/Hu4N85+Kc9nR9+LCvT1hOPUxhLBq3vGAqm1E1wHuBnScOvMWdJycyjtPYvWFxvYWeUzTKBVhqsUMdWjRCyKamRqUgI2C5YMNh4fQxlCQrobqYxuINiAs0ANL2ZqRyOWPBWle5IIDGxrTLL7pDx766kOoROIUTdMo5iKTEzd+1uhvvX36lUAOm08ai9L7n08aPBbLWrRYN910kzW64YYbGCx/jaK1e+v8h/ZuvPFGjswytpr97QS9jMFycxGZy9ve9jZmb3/723OhEVkvfZbQQLbE+DWNFU1K/c5IzJEZ8BLZoJiLQUVuszUWDWOhjMKeL2OyOPR2qf1g0RXfKvgsVzSfzZXOTtBrn9gk7ZO2ZU8z7VJ7qS4VtgS8wg0Pb2yePnzqmtuP7Z/uDcGtODM7jQtwFwfkgO18GlnZ/6aATYHGGuGeLwNfXAKYLAEbW56DS0xv0EzJGBsuZmN0SvE1cckoteBS4hXT4JFMxkOg5Fg0w9FgzY7VOFCgCF2kBNvSGVErxVF/SmbdQiBDMB2hmhSlVMmGG/k3+shEhgQ5Y8XUZVfg5PSSJGcvIEFwXKFKuFRbOHkuIefyT2hl6YexubQHHEawl7Brykkk63U8sd3CmAt0aWA29I42zrhHB3eCLnpyNqGxcsRkMWOjMBi3BwGLoCmyLjEHN6KuApYMyI0sGhmzwWl0qQChOgyoBnTvKeNUyupr5dS3PTG2Al76YF0E3G5gb2FaY3Ck7UWLaqUtpx0gOBubo33WqAUMI34Y+28t7yXqwplh86RptjgBhjENVhpcsSrQ0iYBMmYgcmZc4jWwFDMbxmZqmh0JNWnWzKyujQLee7xS9Nfc7rjjDnznnXd64eivsN17773eS7yOeBfRJPd6ZBO0z4zVQMrY8avCHRinpStgXActzXRe50xUvnnZKELZcIQuUxnSt00pyVApMC/rAm0PYQUsvrG6WZb3VEInuatHPss0Wrip4hcgOL34wB6LYI5F7h8/7SiDhgZq60qD3KXTlEWI+RLiCsWge8Sgt1364vbBY/ueumHrvul3MSqyF0Hvjr1c3nffffjuu++msUy6sOX43Oc+Z41uv/32+++//5577mGm2dpZRwa6uDDj/vnPf96i03jXFIox8OLC2EDFHH9Nz7qPP0iQpd3SQLqwyDRqBV5ZdNlR7IUiQ14GZUZpFC42G7M2mzTabGw4SlsCQnX7WPfW1ylWzz5g1E3FrFrXk0JhBeGClY67LjuKu8SsshVsf4oGmvs3dx+49916n/ray4TqlPFqEwriFrbV2+3Y5qeXvFGkzYCGrBczoOnqFASLg9vY0sA2M6ZpFPscEjLDXJgZiCwmy+Ivk9HbPzuZLC9pYFPG9CIwLiVgPJqiETpTNrxN7uSqrWqMT7L5Uly9aeABTfadQRG6aoAcCz6maRTKRlwmAzLEcsb2gC67Qs4VtiI3x9l8+ko/ZoAVSnyjGEIm3TySH5jP9OrLXiBnXFMvwdLbBrYQjMPotGJHm7Izq8msfSIg2SG1eaCT68iz6WbzBEbpoYGvmwF3S4BeLoRiCoJLAHdjMOZCDl0mIrMUDfsUw41VEDGbSCBLMtYl51hX+Tf3saCqMR3X+frF06pbJxVvLccNO5Vw8Uo6QqTkxaaTw8sKtWYW1fpZTjJh3uTTI4ZlY5zXCA4jckgu4zVeolmZoa7BNKqja4AyYZi1qJnlQsBhDDSi0WByFceBEgiUyk0Wx3RMU/VMWTEVpHrqagmh96H+2tqtt94ae8m45ZZbdNF7O/E64l1EM2O9HO2wdkDTUUNDgMNs+RwMRwU7b9ZC5Tt7eull1QXHS3lFKH8BTaFNT27iFQG3QAN82zRgXgJaYvGNYr7kdlEnNgFTEphJlaMIMC/16l8yNG0MXQy6NeTvauPYPdtewgaiNzUCNNCIX7WTeUkJ68WUsfow00XfhvzM1Y9J4MoHb3XwHD9F9knjtc/LIrYQuMXq78VaLF0f+MAHvDi+973v9WJ68803Y5bMvIBaR++O73nPe6zahz70IfIHP/hBveR3vOMd9OyBmddZMbmIw4yBN07GFv1973sfl3e/+93ej3kBY/F19d6M50JuuH3Y0DDQy4ax4O985ztlaCDZ4muuuYZG/nrJjLnYY8blhSldNBXBZrAcijN2EVZqFbMH7PYuLLce1rQ5bUuZ2EK62kJyE4GL5YA2jLBH73i9rhc/eMaOYga8BGloH/Dg4hONoOz0cnNLSpiBKWAGNMYlB8kYutza0tKgT04vyWBE9ikxM2chY6wXMzOE0UEmZCnhHkQkJgINGbMfKcFwwcw0RRZwVKZSVGQlDTW7frtGgLFj0oHlLg50crHgmuVvXMpGtI0bPewsps0p8+T0XERgRs5XWBppF99A0nBgpSr/NUhV8pBgFpkRLL3pdOgcQwcQ21S4DUbTmW238CJ0s/ECXcwYO78927kNKD0u4B567E+9uoAjOTa63pjGuJTYoJgXiKwpMpvlQ5XIOPfCdkeVW5MisyEzKO3yN3GoJmAdwZ63moTp1rNaitttPl+w6y+jUDWxahIKYQ14WQ9LaKnAprRgTogFsxFFBtulDVdwEESEQo3IuESx5po8UBO32HHzHLMF+oGLmsX0WNeSdxq3dQamoHNxExhI1YyaZhvUxNumzCyPdYVeXr2IeDrpr615rfGe4UXE221/e9ybCu4tRBe9DdE+E6GFN5wyGssqdiQMNy4XCzFuk1aWsfSaYBHAdikxe8hnkjwJpsOgOhjFGrVY87qtLkrDGbfbBBvaiNiI7QQCDCWWCcfSELw0Kl3xu1y4M7Z55N9TZ8+zLo6uBrtLLzQKMzaCu2sUH5NFqCCYAQFDhTKKsayLoR98492GfssDb1Rhh9ByqLP3AMVXeavgg7/F6k3XYnlHvO2227xQeivVZcl6E/VCyeuuu+7i2Jr2d+OxOJ/61KdYevdlQOgtFltcSiMy4/KZz3zGDhGZi+3hZZSxyJPxuTs/fsXH77npnp+97Gcffc/qa7ofe83HHnrXQz931c/R37V1l3wYG0LkUupNt/xtPLIJ6sKGNjvoUcZyWHElUkYfwCrpgUDN1U2tbIy2iptIrXiJZn/GlDS2k6vHnqny1gULqNqWvr139OPTB8lLt9xv+3UD8rX3xHT9YU0QVkrSppQqg/Y/PdZFIxkyARtXqLY0prGZsUkNvfyZ4QTKWBdjnHFnQZf4IIHuaFXCJSAxljTk8i+l6QqfnzixLtxw9nnnSG0VxNZVGVCW1hE6X8nslatjKEPpkQe6Twjl3zQbS6qUfYpgTSxDgswpZS7PiombEd/2P5Q/LwaaouGq1NDdPLaE5K1si0vTKR4M2ZimWXcAbQn7yvZob2BdBEdSWRgTCptGF6/uNEce95nS/uxxx52AbVQaxsu9hwVpFL00Kq+Ju6YgXywymyL3aOWq6eooSaFavmXOmAFOo2vUxPRb0KqhbqCANNOHbieqlc6isuaWAMlxsUTp9rQ2FgkscAuJrZ/VKnLB2Y/4IhSq/Hay1JOhmYSag80Tm7AmJsNkN/cm47rWeKfZYENnVh3VF+cyHJcRmlHTVBCCiSuOpl7u1g9sEWvsSRN7qbWTvHBQ9uU9rx2eV7zxMNAk21g9wbCxXcCgUpLesv7qbBE7GwQLkWyNNSXDclrsuZ4j8zbN2EC6BhgHo8QNZzpN0LhGITjDxiIbyIjtBEJoAzDjVQ4K1RASkI9mYaUKxbFzsL0kGhZnXG32VWCpV2TxObbNkvnSx6MyoIuGmeQNavQXr7pPSjc/vfrz3Yrs1LUE3gMsh+PnpdMqeLnU61WShmyBvC/21dO+5krgYjVF8JbJhTEZC9h7Kj0zgphcRBBHl7XuTRQz9j4qgeILzl5Tb/eFXSTbaW3mvw/WZUTj1mAMhpAGFwKvNtj4mq7E0gsuYcORKYW1DRQHnF8198HfVa5Werv+DGRE9ljauBcmGmkwU9Uq37qr+TgF8Pq7pu/SOveGe+23MRdhxdEcT1QS1pSwRRG5G1Z8mopA011MaFzolGEacyE7KUNvn5sCTqDEGQxjjnqLbGjCuJTlpol1dRi7pmWLS4kZ5FUEQxTfbrfVlaJNrjLgTHUEoCPWsnY05KNimHsgB0ni8jcQNijlKKmhsWbrpVkxZS7PSkpuRvTZBEqOwvIVTbOxJNAs5DmughaXplmM6UA2zp2ZdgZtCSCME2qztUMIc7zVC1gaXYwdc5aOP3bwsdtAnJ4MYr1FhiLHImDR9JLtas2ujul6mqGJRS4m9gjCoJtNnDIBQqBsKaXKhpxGV8k3kXlJVx92VUYBJ9n/LWfaac0vXLI7USCcGXvbgrv1tjxgzSyn1bJmBGF1GQlY7oxfib8CB/JAzcHmiZtnc4aaMMxodnI2A5QD5YZ3uuAhDGZpXqapjO1Op7qS6rUk1hJ6KPFagL3TYK9HVppspb2XuO88gYLnaI+lunre7xPIPrDSookpMnQsjQUES0BQfEyuSzIspWcKJTxtnMUXipLTM4Cms+Qx3Jhg8Tvz4xYbOyGMNHIUZwSUDC6maGzAnhEBc+y0pyGLE9MYlNClU3yyIGn4tqVpgiFKIGHOYuP0no2zV9y/ee7ANV/a8jjfAQYLYRWwZdK0NHq9z2HviBaiN8X+HUKvVWPppZZX6+glkqPXU8b9EXjMjAszAjMuzLhQcmGQMQ1HLnrFZwyMn//E81d8/IqXfuilN9z2hqd/4OmmcN3t1x37wWNXf+rq0//w9Pm7z2dvCPFFIIhc/thm02sv6cK6aMCNY2daFGvROlb5WPXo2xsuLDuw3cixlz8z7Vps88iq7YGVmi+N4PatIKdfPL7vqRs2dp37/IHVt+UL2MYGmgRDyArrkrz0jMKYpkuThgGZgKe7dn6oimmMhcs5jR2uFydknMEwFk0v1mVoAu6OlhUuZ2kwKBn6kskYhzFKu72dWXmT7WqsShWqu4IxVEm+mDxAM6BpCGwsbGhKaRi0hPsswWV+0WKSzYieDeOgiXVRMiOLTDkPu/p+TDOSLYzMaUJTgGEA8ymctgQQmngfDXFntt4ENlC5cHdat4FnArLPGl12qS4g6xoVxm6GHEXDonHXhXXR4ISU3EUrPo2uchj5JAC5PE0t1lSHgeZeQZRLNaqbAtJM9+DzG88/9zufqw9my9UX3gL/eCAbEMuWFctiQ2vW1iS0MxhAoxZfhBFwLX69A6M3mN7g5ol/9Gt/dMh4DYxFiJdmNAOz4TrSL11w9kMIuuZiTNUwR7OuJppAz2ZerOmB2j5oaT1dTov9Px/Z9ZpdnkMpPXVab3roEZUS2xB2GBcwNJhLi9VwxlJnrOwEnFwaeFQeZLsG0eoaMXdyQhNsNcX/52/45y9cufp36W6ZOKGhpVcRwEAhucjZZN9t1Tl35sluDdG6BbCB7CvciGODDa4axYyHIA1CUzD0qd95lTT2PPVm9ewcVnxvAN5QsVdAq+BdEHtx1Bv3hud1wXphlpaPkJLB8h+pGHMnZ8wyYywyFlOX11lm3j7JXoLF9AaJCy4yvT2AReY+l3NDfJH1GoWZcXVxwSw1G7o0Smnkr5cNYzKle8QurVbOr5r7TFVzxTSQTQu2qxtKHAGVa9x6urqh2plzyVerUKmhY8Lm0LPTDw79+2vvFYqjaF15RV7Gx7ra+ThjMhusi4aAhcXOVzmQDdeM0uB6w05jTBaNssgYjAWSwZoS2D66fdUfv4pZidFkhpmVGBShIUy8OlQZtU2wFSuOggwBqlXMnQCE6Qa58LGEC25EbCxKCRh3pFraNUcx/8XX/wvLzWwsH2bDOGhiYSmbhfgELI2OLZgRjCl0jQyYxZjyOIahJrZDuMeaGIoZU0KH2nln+dB3P/Tc9vRVCTLuZhi3AeXyBuhOKH5y9xJjQlwTt9XdLWR3TvrynNJ6JVLGbJLLGZp4UIdVRTY3P3bLxzbeOq3v/GmxZ+P80enhJaPhQ1jKQwMpGYvVzpj3w+oL/tYJky0SYd4z0wZq7AYaQUJNGQ95YCSWMND08Ev7X0pu5mso5jAeGpj7J4xmQmOFNHUNXsNsMqE5Nl810QRBjCg3aJlb2q42lT9xZnretHtwT6YwHlEpMbmd0T4wVsUU30CgztU/pqn+mpjlmM4q6QuoJjDPYDX3Yb+GRhQQi39q36k982NAowfyaE59cx3yHUGKo4uNOGDP4HHr6SLEhitgzIwQUjKgHC4gODSQEc0rITTZk1ftJ+997GolVXy1VWTV9jbgVcB7ALYK3gj19mU8r6HYex49A/Z4CCktlghOLHcxMReabMRPwL1rikn2Lssdk/u3jfEmSi8CiIltAzZNhEZkBr16khui+Jg9pTSwzUaT3I7iTtmOUkNw21ZD1WsIaFcoGrMuIyDkCwxyWas8Pa82WKPwuuzpa0R79tD0Uuiaw21s0bDIWHo1dZEzE0EvWRcGmjhBfEJjdeIG0xAGRrOuJVOOyM1xQHOa+NbpzddMDxZSYjNS0gtkKA5IxhZVWE8/tqjyak4bdN6rY9tTtj8rtUyq9mAamEOuX/eGw4amLIFWB5c21MSK6bYEZmSairyym5FxcTCNyNhwIBmQJ7TKEo4HmkU2A3XlYoeoiSLgTm6PDu29cYqBQRVLuX3Z9ube6af7yNVtcPXsAsGUalsX4zT1VnMgD98MyFizcXH7OQEPLJW4eYVmupr24r49uffkuY3pT0hNR0s7o8n2Ql2GEIqLlwNkz9Gqh7EPrFMrpDmPOK1T9ivnC1hqxig1l8gXVu0LYEw5HBOWWHYN1LXEiDwP8vK+qVlXWHMfTWZNs/maOLkI85gTLOTYQO0Jjrh9YOGnvXBBWNsiVpdXAzVWo4S106grGci5wJzpy1jTZDMHnlD+a6AXkyA+Lv48zupSWCL97Deh+KvG7MvGbgFHPSFNXSIPTgNmtyYM47YfkFdjvHLQ9GlOXjGV5cATRxVWeTt4qu1m7MG/9y2vBZS9afVy08vB8k0iISWzwWJiLvVm2RAjQjGNMpiGvtFzSShOkZsCTcksjRuoUTLOjCw+pRdcTS+4urKUp8qoWxdx+6chRt3IbWBxGqVBgXIYJ7SX2lS8sCK3ga987gpdL1z6nDjjLJCLrAmjWVcLhDPWNXiJ4huOsMb17kRdWLRhNuJD+STg0jAdBqVHietdYnS1Gz0J9dmmWT3tWHVu2y8LDjKBBipJvMQwwIbAxtJsRInNWb8MelyX+PZDMk6fTdBcY5EJDSclEeZNsbrokoOuseKDBzRhmuHiEhgnF09Hdz7LCbCmZI+7H7hUw8HL5tIsmV6142oOmnWlWbpQTtO7GPQmNIU1NLumuYam//LzbMgNVu0L/oOXAkwWFwoNy31ATj845HJRrILuGH2JDIKmmccr1YzZcIWV6gK+QqUyToA1uWbCGrJZTe8CTDk9rOwufERZToK1x5SaPUi2G/AQ2gftCcaa3MMq9AxjLbGs/ECWpREEWfKyudQsIcKI1iiteGMlrCHjGAoCNMBAhIFcEsYumnUvY81soGiFhTFEw41xYZ7K9unLXyLvf2CPaSpspVZzawHzIkz1jz31D25FCGtI2TINZkwoSHICGAX3wuTTjj55vHzQiLlciPLXTFgbBYcxXDtnLTFNDGthoQKuGgtkFvKiVH9wKfNaWyxB4qXvNI3z51//zCWUJ44+uUwjGQ/UrGvwV8AYImENr6YPJYlDSuA1J7i6+uPRtUyp3oFsilYdqlL1qThz8SaQU2YPucNSHpFH/GVz6ruQHl5iWUyCmMuS0izlmglhaRYMMae5KtpoAnnZXENzbPprrA7JNYe8BGVxklOuoZJCckrG5DgNFGHJYRkfNyKsyZBBGPLK4gIqCKhbTTyNkbSG2XJdX9C16MtmQhpI+Wq4aPydXjszWTazX3rtjLC02dm7E40IySlhKS8x265nuFOzkl4FS4PZe8KQ2/RrV+d8BFYnMOQezHQN6ZnllXLssLFvILOlcZgHXJ26OGHIUBOSR8CLgoGAzW52mlDXSCz3oR82CTnudF81LjSB3EArPvwi5YGHVz+z1ChTrheqsXzSH8c1g4Ep7i+ENbOdjjs1XwHLGa2hICNagsxxs/B66v1mvOl6pYZeditOb7oEzRzJMJ4AGl1ZoNfuXpsodbGvt1qR02MFT7762D7CucPPTH2zJoMwZXwBK9ViXjVhyEvlEmsuX9ns1bAMstNyTaMJTXwuz/T6qIZNsIeqCqgr37ZiIEPGI2BCmMNfPJMwDNbwava/IMqklEJJlrC5JIRl8o04SqEIcz1WAh7IJvuRJ2FoEsKQG6XhLorMso9TrnK9UO0hwJBZLnnK4EKEAc2hSQ410w/MUaf4ZMxg/U23MQZW2hl3v+HujW9eyfyHAMUlCPpTH/qpM4emH+dKA1nCCHj8dcfv+6b7aq5xmIw2Nu659Z4Tbz+RPk2ouVO5plli69atT7/l06vGBWS/dHz6Vz393OXPLZWja2jOHTl376+6d2ggGTfZ+NgHjj34tgfrsrHGDoNk+w9nMO/ACfW2Nbsoyc+/5vmzv+1s8uR/4ernC4ar1Hfdctextx0blW+ZkyFjuO3X3ZZv+pAZpsePXPXIl77+S3XNThMaNIyuEX+AJmVsM/zI23+EzFhzjjRhMl0YP/Xup+5/y/01BzKYDVf4/Ld+XsDhXiioCeSzbzr76fetr3UYpYOtQ9NXRveenL4SH1S4LnIMz/7+Z3ErsrYuQAZlP/ZLjxHGP+Lhnf+IZ3edev0pQmAvTlczs+Szh8+e/L0n6y1gYIDFxD4jmw6D4uOMCWHy2bfv4x/5+O4rBJ5gFibFq9oOPH3p0z/z9p9pvkuzUNMQDuOLN7xYYngZMwb2//Rr/mmrACkD4/jIuflXZxx6NvfBgTxgzx+74hjl0p1+aXb+0vPP/MfPJA+zNRnOffTcM++ZzGhSLhnMCO/7PfteuPIFjoEmHqg5x1g5DgwlNsGHb3j4xIen7wmvGoNBzWO489vutOK6IMc5zMsQ8MWrXnzhP3ph1V7YNNbgz934ue33Th8SZJhnMGHI6bmTmQ0NLGU4fctpy51yyTBGBHe43JKnCeyAabotf+ZrfmbMOjT35efcCx984XNXfS55GISlprApB4chP3vZsw/8kgcIxV9eg4Phgfc/8NSbnhpKKOEw5Hv/43vXDNbM4L6j9730rdM/mw0sa5KsaOQVz/oJqzA7UBc+u+fs5qEpkGYRiwWWpKPotJ86eGrfodVXCOhhHnTCHG/C+V3nzx5c/cB4UxqckHxm35lze6Znw6UeljLIZE2zE+f3nT+1Z/qdEmM66UPueOvw1tbmy48/lGPNwqTZ3Dp7ZEq+ZhyEBQUx2Y2DG1v7ph/soWcjDng8hDPzvxV7pSDrTfYgTB9r4r734cSJE6fOnTp3aPpSRN8BQV+QOdj0vtvQZ/ef3d4/fYR0g6j/kEEm8anDpzC0Oi3T0lhza+/W+UPTT8GH5jUmCJQsCTiXBJiCLpqbezdP7D8xgkBxYgbZK9f5/dN3ncjBp0VMX3qas9XuM4fPbOxZ7eMBcVZSo+zZOHNg+lENUJygUOrc24bSkbf3nZqMn1j9bmqo7Lh/+I23Lpv+8Xb8I3CroItsIejh5PbJ03unbz+p68X5ux/jNGymaAfOWEpmUATM4BXG505tXTq9WerlhQMDzb77aXwjFTP6gtAzw1M+886Bkwem791QBwdT9Q7N3yeFfXj3TKD+27u3T+07Va2UpVphZdEUnDDlv+fU6c1pl057bkYGuZQPvLT/pbnwq2hsclE9LKWjL81ncN9UyTQxA8g+4fyR82e3J1mczMhxZmSzUy4gxiP/wfS2lsM4CTMShgsWDW9fsi1gwccowCYuGbPLhQbIKauATaiq09k/tDpx03xnDINAdpO4DHUtE1tjF457aep+JZZm0rBAbksYCcOYxSidQRWTV5rRm7DC7rP283AZxkt5ah44o1wDc1IrGKX5Trvr4HThdNJxArT94l2Hd53bO3033yQvkONgAYGMR3OABtTTbbkWPy7+NLYr7uBWt2VK4BuH5LOXnq05sBrsAkzzzK4zbksYK6IaqohHudR8shw/MhRWIV8dS7NVQee9MtX7wrFx2ikxuaXVlVm+8+xW5ZsjreZm5nEGQGZDmK0uUo6BNbMlUkJyowx9OSwzSZ48Z5CXLjE04jLboTdZs8ZQNOvtpptfP17+3iifJX0HCl+aw/O3ydDoIl9yySVH5h8TIl82/+InQXT1vf7MNKFxjdJKN7SCuyhbEWztKRnobRUG8spgjYd9QvbzFKfhAstGZJOj4RoREnD7LLMRbfDwIoCceXXRx23ZYZBXGHLxCXGjhHIGiwV9qFdPXjBWRGGxZqipiw3ZKmhePv+yPetCbo2sSEo25CvnXzjwuvkXyl999dXkq+ZfFsgGG7TFFSElsysu/LpXMhbKsjJ4zfw7+dgAQWTcDyDhkmdmLCwIvbGgHxzK0cTLra0yl3D6NaVqizuzFW3aTxf+DAuQe9ypMnKjITCgSTmehwQvH3EGAz2bLJVUMblXUhCzyLoKO4KDrtz1GoImOdYba5oXFjYuT4klx5pFI0NCXcUsftNpdPqGWLIuBo1IgyljemigJtiGr7yBTNN+Bk1mdYnJMXdx1nj0LtFwpW0uDMgEiWEpARkIMqdUYSO+WjEH6EXLrCkPY8yABtayIgPlPPvVvJojNl/HOdh1uAuqjwlQGcq5MKvDnkCZzKCw3DNe9gK5pl42XSA+jAZ3mcRshuOIHxch2YhDEySw5MCsauxcKRVTK0Wjxyyn/ZEPnmNOmOO8InTMLAgdBBLUclobS+L807h93COOEz00Nq/ijFDJYTlnbJIw7CENJOuKNQu1NB5YKnNZgnJwyL4EWr94mRjBiIQBGo5Q0ZXYfJOBgWW2t8C7CO7lxvsK5mtzkHub0UXuBz/6OZB+WEUEvU8++SSZnnEvPV2gbaMSMLSFkIMlaF1aBZpY8pYMmMG49fR2wNofMscJXIIhcBr2BGzEziG5zZAAlHh2naAUIoxikkXgzgyDNEpJQLuI3CwKWPID3GEUH5KNold8UBlQZ7VSKDUkKB156/JHJrO7HqcZ75EEUHbyU089ZSHYaD7++OM0T8y/1eTL8y9c0/vs/AcSNLkI8vT8602em38TBceH5z/dmMYiYntJEF4sNTky6MeEHn30UcwYyz8XZhiMIgEsJuVDDz00zX9jo7EEFMSuwHZI9rqEUo1W8Nprr/UZfN111/l4vuaaa3xCK696KpHiGLHP4FhWptO8hDJZg0pel2IyTrAJlREEsXZGAVnVSy8IGztWWKGwUJS7jk0/NfTlq/aQadr5Y/8HXQYShzIWlh6zLLKARjHHOYvVP07IE0spmT3WHGnDyFCXUGSRMRuaRi8+JKTMzDbD9AXBIA3TVwdVBfLy+IjczsTcQUqgydegscQoyWWLk5nRM4CEwblIo6w0R33CyBwro2TIzDAvBsvJhobObK3+uWBejUjWhZMlQ8DAwHBQNUZxnGVyJ9rRrgtrTiV75eUTFyfUVBOYSrn4UKTJAMQEd4iwPUCQsbvFoLqSgQAGohzDxWGO94ocxtCmSZYAoVKoDCjjVP0Le9s+r6R8V+928TTLGfMQr2jG02gXMM14HszaG0xcwzjq8nALGMmZlwHIhhnjokGh5pqsULnNnBzDyKFmqKkr1izUMEvAkNmQjTKbTGjEVWNGNniZxpKHuxHJNXGOYO7VBJIpLbDPEh8e2GVH8BKDvbvQ8CW7Cnu5cTP2yw2wFxr6N7zhDe5HOwO/fv6177q4eFWyh9pMpQRKbTksBK7+1mWsAqWsmJWhswGMsV3SpqHPTPIx+2YXNAsipt4ic2wbzENNJzBBZDxCVajqJm1NceoNOcqZY/k3F5AYA/a8YFqGGcv6Qwa4LqOAJVAoNVQ0glVQeTbwmiOrf07QhZVXnftMsgqYDX7T/Adl++UVb3zjG1sXb5kYWlYfZuPXQFqjG264AafhyHjz0s1nPvrMc9/53PFfd/zJb33y3G869/A3Pbz7d+y+5+vuOfifHbzzQ3fu+137Hvzwg8+98blHvvmRU7/+1Jd/xZdf+NUvHPtVx576tqdO/4bTj/+yxzd/++YDH33gwO8+UPIc9/zOPYII9cS3PHHiu08I7j9ej/6SRzl++eovP/kNT37i5k98+l2f/hev+xcfu/Fj+Kfe8lM/ds2P/ez1P/vxmz7+8+/5+Xvffe/ZA2ftJfXxuKM+NiE2fTWRvNlJvhr2VBSbMpfuL6vTOsqq9c2ejZhVmNDO3zw/PTxVNJpe+qu/IrcEusQRn7LNb0RdYmIJsBeQYNEx+1LquFl0lmRKrCklslCQwAxzwUahbERjiWwUbJQESvalUSh63LjQPqwITgRBTQhVZmxRMpg+eWxUkKQIxZHDmsyYQWg/D2aG5SYa2azlLCvpEaBixqZZ5ZlhXswybrJA0GtQSkJTziUNG468jCgHvZIsjbIlNKnma8RKMV03M7ou3Dnk5QF33pmRB48agsKKhpNrrmFY8jKK+D7n4i4T3CXDzBA1p5wuPHLNAaYIseSTa66GmTEt5+JjiGD6oESqUYlGbe1wBuRp6bd/cOPrr/vIyb0nD50+JAP1Er3dYAx28hBIZnsu2SOzI7uPuBNFpFFxc1NlGbDnxUWYPSf2HNx30AyZmS1WX0G4MxZ/e8/21v6tPcenw1l8BvJjLD/x5S2ZzSOb22e392y9HN9wMtTFQHzGXLZfs73ruWnDFb9KKQRBk3KKf/7kngN7zj5/dhlf/kaXw1zD6ds1T+0/tX9r/9kTZxkws708PUis/BkLeG773NbhrX3Hp68RSab4qmGaXMSXmGRObZ6S8Ob89dNRzFUyJ09WGfGP7zt+4MyBU8dPreXfZGU45Xl436ldp45sHZFM8ct/uVjyP3/w/Ma5jQObB0Z9ZJ7xWCw5nDh44sDxA7z4Vh9Dl1IrS959aPfZ7bMHtqY/OFP88h8pcRF54+jG9vHtQ3tXO6f4FbP4lKfOnjp/5PyuY9OzxYivCGOy1efsnrPTQCenF+hRzPI31lSEebHOXXLO7to8P+3ykmG8tlgnzp7YPLy5+cL06S6HaQHmf28YkxVTGX/6637auO/7sfcZa9RH2PI3kdXOP3zq0MnVYo36ry3W9r7p2xT2nZ0qU+WZeWiY1nex2Z5+7dNffMfqr/L9/xXefvfbL3/y8k6WqclZ/qtiXthsG4c9023sPT/9u8Woj0k15RYLn7/8vMPYYrFZ28wt1sff9dDWZY/c9OPf+NpD50Z92sxjsaZkDpzed27fqRdPVUwXVpfJcjOf35y+D8NhbLHGyWLM5eXF2n2m3fWK+Bcyb7LTYu057vifOX5mxF/bDOIfPHLQbXnk7Oowtpn12gwsR/zpWzq2tg5urI6hlJbFNHqb7czhM7te2rV31/Rbr5f5SyYXmj0H95zde3bfyelnqSvmWv7tzL2X7T136tzBXa8o5nKxir9xxcb5p84v45f/crJnNs/s2rfr/Ivnl/FHMUf8rSNbu0/v3jg7PWaN+E02Y+4d/70vvfyEvZb/qj5bL02n6fj5kUw3Q8UsvkVxWx7eOnzixel8rSUjbPlv7N1QrkNnp0tpxDeLsXOEEvD0ntO7zu/y4WIgTcd51J8xl+IfP3D84ImDxZc/Y7ktNzPj/ZfuP711+tD26mYb+bMv/ya7ednm1otbn37yM7v/8K/ZuPfJ33j/ofs/+smPvvjjL77j+Xfs+eSeax685oovXnHw5w9e/9T1p37y1AfPffDJf/TkW254y9O3Pf0rX/qV9/7Ne7/xwDc+/SNPv/fUe8/9zLnrnrjuktsvueyuy974yBu3P7Z9+l2nD//tw19/7usf+NsPfPsV337nX73zWy79lsf/4eNfs/01x//18bc/9/a9n9p79MWjZy85e80PX3PjMzee/DcnP7T1oSd++Ilfdskvu/v77/6VV/3K+3/w/m/Y/w3P/OgzR647su+z+67//PVH7zx66R2XvvmxN4v/7uPvfvafPfvRfR9l9p2v/c67/tpd29+4fcn3XfKLzv+i0//2tID7P7P/qnuvet39r9v36X03PXvTiZ84oeuRux55/Wtf//z//rz4D/6dB79+z9c//y+ef9dL7xJQ2OK/5cm3PH3p07fcf8vxf3BcAuJ/1+u+64t//Yu/9Mgv/dI//pIiiH/D0zfsvWfvS9e+9M4fe6eJ3HzsZpP62s2vfewfPPbLL/vlkjHlR/7eI+I/+cyTV5+9+rX/+rXCXv3A1eopGbUV56V/9dI3H/rmh//uw+Lfvv/2b7rvm078sxOKsPnvN9X/8rsvf8PDb+B15PNHbj1x6/l/d/7mozc/ceaJX/flXydz8a3F1+36OuO+88V3Csj4ynuuPPy5w7tet2vPbXs+/MSHn/qnT4l/39+6z2Qf+qGHvungNzH+wNkP7P7EbvV58G0PfuDHPiC+QolvUr947y82QZEt2a+4/Feo/LVXXnv82PEP3/VhK3vt49da2dd84TW3vHDLrp/b9eGNDx/7l8cslm1w2fsv2/zRzW889Y1WxGZQTJtBJU2Bl+mI/8LHX9i+ZfvoXz5qsayyKknmI7s/onryV/k3Pfom8U+ePXnV6asO/eND9on87RmVl79iWgsVE5/LCze+cMvHbnndna+zM82dUjQTtFi/6upfZf9YrMc+8dihNx06+oNHLdaB2w7YDPYzX7VlLH+7URo/8f6fcCpu+AM3WCw7374yO5vBSpnCW7/0Vvkr2n3X3fcdn/sO62uxsIkLIkmjK4jKy//w9uGt01vfcN83iGBnvvBjLyimyX7Hld9Blv/Gxzfef+b9jx197PCpw69/4vVXPnHlG55/w6UPX/qWl95y4L4DN56+cdedu24+f/OuO3a95exbts5s3fDIDUcePPL6Z15/xeNXXPnkla97+nWXPXrZm1948+H7D19/8vq9X9h77E3HJP+L7v9F+764720n33bkgSNvOvamyx+7/Oqnrn7tU699zeOveePzb7zkwUuc9ivvuvKmUzdtf3775q2bN+/YvOHUDfvv2X/tC9de8tAlU/wnr7jsucuuPHblLf/sFsW02WRrNVVelWwG+dtsSrHn6j1X3H/FO+56h/laX3NXUjufgcWyGbjY0qe+7tSVf/HKNoM9YH3dDHaFCrzn5HvsHPF/+l23bR984fV/4qZv3/iozex4umScDhvSsfWf2mo+efjJdz/07qf+xlPfevRbP/sXPiu+USyW/enkbv3slp1/6IFDL1774jv/5TtFsIJqLv7tf/l2i3Xbn7vNZnBkVP6p55+6/Pjll/7opZKxHyQjvjjWkYHN8Pm/9HmLde/5e299+NbT//i0ncnm9Q+93rZ3smyGMz91xqQck6+97GsfOPTAd977nW42p0z+7zv9PqOzsdnEt9nM/eiVR0/ec/LrH/l6O/PbXvNt8sfOlxHdPLaikroWjl1/7HX/9HXXP3K9a0ocNZez/B0Wm9k1a8TrD1z//O7n3/5v3n7os4fUU1aWSf0tk3Mkf5m7ed7wnjec/djZjzz1ESdar2KqjyHkbzgXtTq7tC3Q/u/dL77FcnCsiHlJ5m1ffpvkzddinXrm1KWHLj30dw4ppj2v8i4Tq+xgyv/sT58VUDInrzl53eevu+zjl2lS6hJ/bAaOzsLzH3v+3E3nrv0H1woruPzdPIZrM5igC8pi3X3f3dfvv37jb2+4BqVqdaRtJ5iCibhmTcpmu/fovd/y8Lc89AMPOV9q5eJyM1h3G8Zmc3LFf+3Z1x7bfezrPzfd8OKrufjy/yWHf4mKuX7tHNfgC/tesJ9v+PwNPiaUy8eQfW41LZP8MVl573nTPR/5tx+Rgzvqtfe91s3gVrE3xBFfTPnfev2tX3rsS9/62LeaEb3VZ6OY7GUlvmvQ+u5/x/7d/3z3b7vmoenTe//J/V4d9r+4f+PpjX0v7Nv17K49z+/xH2Hvsb0pz3/5/J4ze86/dP7wycPbT20fOnFILz7w0oGjZ49evnX5FdtXvHbXa6/Ze82ezT2v3TcJlK/b/bojp4685vxrRMiFsPu53Zsvbnpq3nxmU3zRBNn60tbB4wfPPH4Gk0tm97ndmycmGy7+I3BhrIsZFhyDyDR6i8/Sf5TiiK/LU5uHmuKfe/IcvRkVkJn/CBynF+sTexgYhbGcTz92msxYZGNNLse8RE/Gmqqkq1FURpxLTl/CBiuX/2hM59Sjp164/4WTj5z80h1fOvHwiUdue0TYhz79kIHcsKe/dJqGwWOffezpu59+4vNPEJ68/cmHP/PwM1945t5/f++JJ0+ceOEExy9+7IuC0OOn7nqK5vl7nz/+0HHCSw++dP7k+TPPnTERTTmwMVkDydxcZGK4ypWAzeLsE2cZyzBjc6H3HLhxekOv5P1Hw8BMsfgii0npUfH88+dViZIjFkpNWgIjTnV+9vyu7V1SIpsj5XP3PGdQUxNH2ti4514456W5ZLCaY5HTyF/CzDa2No4/dvzFB17kZe7FkdizX3y2yHJ48bEXz585z4ZXxfHfsfuOcWfMRYW5TIXY2Hj8c4/Tq7ZMFJ+ZsKJxp+TOxlgqz+zun72b/gv/7gvi3Pdz9/F98FMP+u/ZR5598enJ/o6fukOQz/7EZ8X5zI9/Bn/+Jz9Pc9fP3GVNN57YuPEv3nj9/+v6N/x3b3jvH3/v5f/55R/5cx/Z91v3fctf/5at7976zh/6zs3fuPkNP/QNb/7cm7/2T3/tNf/NNe/54+9hfMP33HDrH7tV88Pf9+FL/tNLvvmvfvOu3zgdW/jWv/GtB377gY/+hY9e9fuu+po/9TU3/eGbPvh/fJDZR/7sR77r737Xd/2977r5vpu//Ue//b+/7b//jr/9Hf/j5//Hb/tb3/Z7P/Z7f8lf/SW/5V/+ll/2/b/sV/39X/Wtf/1bv+4ffd2h5w+ZV5UxTRvM4tqfCqgU9vZU+dMb546do2GmLAzMzt5goObmqP7KIiurYJ9gJWXDgNB2VYRpKad/t9p48gtPko1I/+U7vywBLoqfIMLZk2fPPXtOl6V3cLAgjSifDtSJx0/YEow1dXFnxt0mNLTEDC3/s8fOuruYcSx/xgZiXObSYHbmxBkj0ojMnRkbMWVoUI7Yft4+t22Hs7FL/eeic8VduXGlC9CNd/WeqzUPbh/ce3avu9G2v+zcZfawO8Fw01305fPcsRElf/aps/RKIWcxWRqXF06z8cKG/cxYzv5jLBM5mw4DGXIx5c0zm8e/PM1LwhVEBP+ZiCAyt2SmNlX+9idVRjFpKuaYrP9MVhyXCWPRVJ6xVZAADZdWh6UHzdNPnVZhyYvQMWRsG0ivtRgLxFHa5c9eBcofT4f92Nldp6YZcdRrLPbNV5OLKeiaKv/ibpFNWQL00jZu8RvCjaRcLRAzXYpJdmWZKT0bjvbzxvHpg8MQWJdkRGOmdGTzMhflkkzxORLYG9qg0mCgJj6kTr9wmsbEGaiPOHr9x5KBpprL6sv3flnA6fT24uyN2Fs2BhpIHvCmnB7m9/7Vv5p6cfYm/tL8Fy2eeeYZGvzC/GtsvW7r8rrtfbyBYETDRmxQj+TYO7tmMrDJfpjBiDAHmyCyXkI2wzLURRBN5MyAvMbQiCUgGTIuyGAoVChnSsb9+4YKhBI7PH8p5ar5d9z3tb2+zve2t72NRoTL5z/w11cE+yNxhOuuu47BG+c/8faa17zm4Pw1NnoubGj6YtuV8ze1Hp0h1P75iyuH5u+KIsiKhp4mPchKSoQjF37XvK5LL/yaQ6xX2kBPZnDJhb9WRuBCEJOBUEpR0aDKEFIGTWa82AvSRGTbV6zlj5tgCUjMKIbGZoFp2EtDoURjr4aCqBhHcXhpykoTa8pEWfjOhZmgCzc0R127XnytxC770E3C9rcHhGIAaisxSl5sdN144400b5//tN/NN99sCchW6voZXAxqyW655RZL9u53v9sQt956qwjvete7LPo73/lOqyk3Nnrf9773CfKhD31I2K/5mq+xrP0R+/e+970c1ZaLLsa6gGA4XLT3v//9soJrr72WLA16bIg3zH8U0hwV7dT8TUb98ufHH3/cefzy/Lujj1/4XY8iKBSoqnKZgoRVw0DtSdM3X7XSJStrNJXywh+Q16tLccwL68ViKhQbzAArZrXF5sh367InpuS3pwWtyPUq4/CST/uWLH7MxjZgYPRymNZx/mZv9rpwu6X9g9veHVKyIG0wzEvOopEloLcRO1nGMoReQs2mLIIRxWSpdMp4Zv6mKlDh5+dvgXQTdulBAu5CcCI6O1hWmrY9yERTzHKI02ADsTEoZIzrMheyDMWUm1mMhOUPFRPL39TkYE1ZkmnUfBhjMEcxRc6AsZhtg6ULM0nq4kiJydUHy40GUyoXX3qQuSmMyWLNCmKONM0um0CpyRcLxcX6MjOoLqzLKFmCLmajPsXXO0pKzsaIlAwaVJdQWEwaOVMqFxa/UZqI6eMmqLCMBdFVZbAyqlX72YnGDqY5Vv/pQmw3bC0wf2SsvpI8mn2iLDH5X/hausxkIF3baBSibCpoQ/AqYOOSg32Jbc3kecDVl80HGhEM2mZtnWiqY4UDpQTjZslgSnf+DkA8DziN1WFoxJR6DVQCnZNlStlAoYrgyGFgYKwljEvvscMjiLvvueeec/d5Inn00Uc1+x5XBnr7K2y4v8im67HHHnvooYc0+6NyLlAuNAXBfVsppSBBPj39kD3u6OUlOJmmS0FTVgSgZCyCLsw31mVSounNzHBAlrwLhSymXnVwfTM20OA0NQXBzPgSzJGXSYnQt+P6GMDCCsixlMofc8HSw8aVniIz5iVUcb40/11uQcqfsaY1ysW4QMMSlz9jo2yem759/+lj07z6RmJ6EdgIzj4lG9wqPPDAA7ruvffeJ5544r777rNM9BalsJpf/OIXdd111118sdz6S/L0zGRoce++++7bb7/9nnvu6Y/V//zP/zzHz33uc4xztCVMjT1HXUC4//77+Yom/h133CErIKeRBsdKoQIiqLlbwCZ0QzmMfQ516bQzlcjqtFiqWn2MqxriqI9qCGVe2bDHNLrY0C+LyRHLQWSaSq1u1bNi4uJv7Joewb90/8NVHnPJmA2hZMzCNiDHqqcrLgcsH8kT2OuSTztTzrowJe6okoGBLluLGRYHN1lmeiUsmhF1geGExQzoGastS+O6XhTWReeSJbhwsbJDVxAouIuIwNis+SqjZDDUBGGx0cshHhpjkU2kueBcyLIiS8wCMTZBqWri8q+Y2HxNTQ6YGaZR82bXTBMqRQY2PONO7nApoFmw5DLqQ4kZyASTWUpeTDaBEjPQhcljXszSsDFQ0JSALiyUWYtMbix6NkLlwpiBUjAY8WnIuCAZtwSaxc+sBETGZkSvXIy5MMAMCBIwlmrosnM4Aj2ZAb0IGFja4djONyKNgNM+aDf4ACPgJWj66CLPnyMvIy9VaBMYVaJSsY0MT5aQWYESMFsOkW9y8ftgbmumgUZZgk2oa6Qx5FX3BdAMMKCJNRtxDQUZKa3xyuhCkCLEQGnuYLKBzMtl163nWcQDo+cjz/vOp1cWzB17c+ppyKOQJyMgeAmgxBwd3dydcEqnmldPXjgI1dMP2SOIQZdcGnqViwB83cLikGWlq2e3hhONJksB6Wv2cDPfJ9P31Jh4lRm8hJoAMwH15jjGVRMjBl0y9GxIidlgw2H5mDJ7LKbnaMqeJSkxA81iYtkaSwTuOAhLn4Hh8Mb56UHwktdNfyyvp3t6ZmwSKEVmg1ssb5YGGoslDStStvJnb+GYWV/uXMRhzIWGpdIxpvFWSuNdVpB3vOMdXrOwrptuugmrvDheNy09A8yAF+bI4IYbbpAVmLu3W5GNRW53tXwK5fzbgc6/U+kGcUI7ku3MlgbUCiuCclVMo5tRG0/AloYZpjE1ykpazRlUfxWQ1SgmY73MikOpa8/Rw1Pq5/eoYZXHIyBLApZMI1I27mAGRmRgRJA81lReQqwCMUsaJQW+oInrwkbHEqDMxojtHF1AqMkeczdi+58w37fTnd7VD26/7nT3Hrge48pu6kYxtRHB6ARhB49M0pAbkSVokmtiWWF5WnEuJVnCQdH0tlimKQHMzNLQYMaVPTDWK0MumQnbKudSQMyGkkzJkUwZSxtzFFzymA0QGOC64uYiGpkjgyYS8yIYRVflKnLc6DEUoZ2TjLkMpmGmtyUgaA6zRonNCCsXAxoGkNA0q49icix4O1+VGOglYEpst1s4goCrD854fGAQBob+xkdvPP+vX9E1+c8fSLKXH0jiGz/5jZeem4puPvR62UBDhENPHnrrT7xVBLIdSVjjzG747A2H7l79aEdBBATTE98FoQQuL72upK4z7OoxQ7Uw8yzlsP+O/R948AOCD4xRlrj8H1x+9JmjdV2UYfex3W/9B29NhnG6xCxVOwOOfvrotfddS++JpMcRR9Ejj2Pp2cfJ9D5Bw0AX2bXoQYmBh0roEYkS731k78nvmyJ4UPLw1UOlCGRKDDTX/Ltrzn1iejnQ5SJw58Z63byUWPP6779ecEFE0zRoKZUGM6Nfdv9l+39kPz0XYA+MuTAgi6lpygSjGB0ngxyaNfn0E6c/8rGPMCbnKIjIRhEZa+I9P73nis9eUR0wg/HyVJKM8Y3/+MaXHp5ewniN+jDWFFlzetr7/PGbfvqmKiMxDDUlz4C9ZPa8MP1b6HNHVv8UUUmZQYJxKbf/4PSLc6VE452SciyWlIxrUns+t2f3P9otCCXfjOVPQ86F2SU/dMnpu06TveVL27ss9pIqSG/SNGeePLPnT+5REGNhAYFBESgN7cW3nSZ+JTUp17rlsNWdO1cAwSb89ju/fe+L07OR3Tv2PEubtgdlvrse3HXDv71B2tWBsg9m7jnm8o473nH0vqO6OLJkVn2krVkacvuGf/UNo5h4qua88ykZcHl41/Rl8t0vXMM4DW70LAnYjLb/0vbBJw5SGpHG0DjZ6Azg3JfPXfaXLtMEBliq9DiZPf32T2w7j4SQEqtDxhKgOfGnThx4fPrmbUppxAkwXOSvOC4WdXbVuFvdOe7TPni6Bq9/+PrX/Pxr5tt4+jipmJagYloIceDNP/Tm7WemfzYTnFLXkDGZxm155O8cSc5gyaaJJXnLXbec+fdThiP/UFMZWZqmNFplcqyXzTDGG5/ZeOtn3lrlGWAucaGyvOZHr9n90G6COPGImSP51OOn3vPj72E/Umq4pYuZnvxnJ9/ywFtKkk3MMi9clwIyXuZPr1eo2XYy3vfovsN/+7AEyh9zGTKXjC//ict9KLAvjWFQ5oMv+xOXZYOH0NBYHBv49U++/vQPTtddm5yemVAETKlpt3fVq//0WdiGwF8Z+7f2b56cBB9+s2K1jdpAJmYTyHL3i7tPnZgOQHtCb+d2DDF9eJ7fte/U9DCuaUcS2peEKacLr637zuzbfXa1X4M4bUdsJgRzpu/oNmdQEV2NnuOuM7sObh0schijhJR7TuzZvT3lQy6xNdDv2ti1/+T0JYEwzHSphrEkSdg+vr3nzHTxuf4cPFchOJaem5xSTwNeDhxOjnj5iBQ0HeOeqo54njs/fWnKQ4ZQPZrxInfICZNm6+CBjelBh6VBdXUF02SG4ejZ6ZmXIBpB/El54afxSvISr6Ob0w3CYEAXTXMRU0CTNQRoDg7KsuJdew6dmd45yFwoBSGYmphymIbzYrT/cv9Vh16bxssTS4nR4yt2X3F0/kJtTe6YmVmIuarPvkOXbK+uP6liqMkyZrZ5dv7VSFczmZ52Y2aQYFzKS05PXxrs5WAks1qXC//SoFxHd09VrZgMcqHJmMzyNXtec/kl06+XEgd7asTua17eYhlgs3vd/umP53ebB/MdlTEclynz+Y/Y04hPaV7qT2nbt/MdARv13JnVQ+FqW87vuHZdCzSt4+79dpdURRAKS15vaBGZHTp/6ODmtPoZEBgTGlommHz51uXpBcSgIDUZ4OOXTsd599nVS0mccZaaKz5jH09Ko9MsuTTwvj37DpyamqBrUlz42dZkykk+t8/1RQgpsallvBplHrH4WFeoOeLLXw2rqovVhdP949rt3sOuyrPHpgsQputvLn6OBq3+0+gn9zsgBGFxKZGHAezd3Ou2XDVmZBxLCUvSAnX8zUVz5J+QEstBtXnFNM0uy3Bo16HD29MradEw43iEYnZ46/CyXEUbLnjS7ztw5Ny0Q8g4YbgwwyZy4PyBQxvTHqAZxngIuaheaZCLvxpl7p2iS2zPgUPnVj+oXfyLstty7Of1roXj4ZOrEzHHfrmYY2gbuHKRqw9mppcQazoaXfXqP33ItRvm8zhhKcPSAK81lwcYy5JgeAx1YWYwe78cx0aMaUIaQjwEDCIUtnJ0zl1Gulw9mmT3lxsKa3b4M4admUCjwGgOLrHBgdxhIy8Zlr6D9fYs4kCO57IeGB1Ueo70ZM8Q9AyCZue55ynMmFI0TcyryNA5rzm6eigRSnOEohzxewTrvvC+ImycZmkMI0LJNBcTNARo4mUmCW4cSsyXRkDNgjRZDDQGxV6YcK+tmD0N9pzIGGcPmqNoomkarlFK4yskE+97ZvqnnhNvWi1QzAwSmpSYmsbSlEDTx4bGlPmyjK04DS6ZgrCkxIGvXpnjXvhG/cdkm6NmxlgoGiwBmYPIjWUXadrYdnjnjkwPpSQTNjjZ9DEUIdTU1WYWREwC8KLUFVjipoaTsSBxoaYBLqAmfuzo/BcVn3t9ZsNRVzaacSCX82DKJQ8slWW7Ji9BGRfT0GziMVbIl4CBS6V2y7lVumR6dAAa9R/szunaUcNRTBGgUEOYY6+yJQyzQLOSZtSMc4nLdsxiiWqLpTGWaRiP3hhSGiKZMbkloxkclhEyW0bGmcFQkofZGGXNeKejsoz4g+uNh6ALr0UeI04RF14jzjBYcjZDyGwYj/0/9MMyDGPJa6r/dK7C9Fk0Y9WeUXPJa5g20YX9kTwwDBJ2YmfYNXkJGqEUcdTR1WMmLmVdfU64kpohSy5OBfj09azR87jm9KE9Px84CaH4Aw09ZTBjKYfZ6hVmQ2iygxNm89UrdUPHzmSj407pTmScI9bMHi+n8GoYZktjcih+V4PKDHmMi5dY+S+ijdldtBd0xZTJkAEGo4QqIA2ClUoe+hLDozmUhFjMWHPED0tlLJn9z05vumeuPbHTZRlzaMiNOMYdGM3KGJtFxuljTUjoju6hsCmnwQwGasY9Sntvljl4uPSg2fbmbr/55O7TmuAgdF6cTedlcODejAQEacQ0ufiYd9AEyVhwgq6CaHIHc1RMXmQ5xJRLZBaefO10YI+8OP3xo+FSV6iJB5a7iLCTwzB7NU4Y8hLp18bVHJoxNZy9IihFT05YocyLgVIwUJ+uKaxomsAA5gFfTiksm2OImjvxasZlO3JeNgdL4KL6hCEXbRmTvHNlQwbDLBnIcUIY8kVd1jBsEiS/VA4eWOsakZfLR5MyAZLjZaphpyazNccw909IxmPQKj9Nwf9h7ImvACMN/gUh4EUtv0r3r4BSXeOwJochfzVDr9msxamZsETX0EV5uvYWSBMzKFqaMBkt0B1HqHcZOZCHMiE5zlGQOdhq3IG6BtMMl8FrTZwxjFKQEwbqGsyRsHQvpXiJZdcwrissm8l4bcRlMww5wSoffPY04fQbnprVF9kbIwg0RGMlQ2Ycl2dsMNQVJ6yhCKGYAyvtBWR8UZchDJRhqULKkPHggblzQvYr7WKIgZHJcmprEw8j26Xw3OXTdzhffnz6/pqhX2LoE4oThhKSBw+sNb8ChvvSxWSXzSXWLL8C1ir21eOrjP9q2DnuCFhXnHJtrDXfnZl8Nbn9B0x8GXbIhFDzohi9S8uvfhY7u2AKNCN5KBN2zo5m54g7HdcwfegePn34wPcdGBYFejVkkCXMQ6wOHjh14FnPxzvo0sxgNpyw8nx1rNnktYRodclE8zfe+RuNZaCe2T34e7v1EnDZ/IXAK+cfUOtrlnpLr3wKPkI1r3hgp3LIS+UyGh6YOycwhuXnxOpF5H/d2n98v48WoMGT8gKG8WBBCHFYyhksjQVMjudxVh9poTR6Hj+9+NeVkoGMB4eiffj2D5/74vRvPpprWJrt5DWI3HDLl4MhD002eAhxXcWJ18YiBHL1mYQfmH5a9Nw1D5FzHBhNLkUTP6YcYwE5yBBXwIsyg4Ga/ZPU4GGsK6YnzIlMact2OmO7dtnh856aflLO3u6fN9vVBSk+d47x8h/Big9mNGJ2ggJ7Xb0r5w7sy9mLHejFBiKkZ6CJ8wJyvgM0x6+a/s7ErY9cxyBNXTBkQpUnMyMT4jWkbAeOfbimGZwQyMN9jRuXEHKc6z0d7SNnjuz/U9O3dKgYzoa9uu2bv85ndQiavOolMKg5xZqxlKHmTr4oXs0YwzJ5cs3B3/Hvv8MEGY8ij95ArgLLriWvCclLXkYu1KuBQev7asaUK2mWd33vroMnD2bc/gnDcdgnDF6LP8wGlgavxgOaazF38loTf+C2D7gt7aL5hd25e+HlV94+LS6KlcUCrfQ8xIRO2jh7NAQGwHLlc7EPp1dD9sAdBBSqdeqcHz8+/faWvrz37PxNufjpGU/NP/zXd7cycDtIbKS0inuxNFLGztVoDpRMaGpi4qZcEWJgEBjkXkzHkrD7xelbjbryxsVHv4TRU+LkOGSTEHcdkJkNGYel5RAyW/JFXXTh7nc3y+Gtw3s3X/733pAZUGY8HDHHIWMocsiAkNmS641Dgxa/a27wsncyfWUyGRx67PSuE1dsHzz24qWrf9elH9BM6SONscs01hX3DEcGsqu2Dz/KPgIxszR6mcUJjI9c+LUkNP0rMWbvYVEX7sFx+raxo0f3vX7f8Tcc37xp89krnz1z3fSVIXj4wMOajxx85MuXffmFfdNPYFvxUcBY2thAI38DSYkGa9JnU0zQ5Mu4mtTE5BxH/gS5lT+WLabH2bBvFFxJz1zxoCHe9eLletPUOxh04RIgG1qXHHApjcSAXHqDaUxn6CsCueZgBgRxyCInUzZKvYGBwsJ0hM9vnPny9NTiMnHGe4IhaHoK6QvwPdy4CpZHvqW5KNa6DDd4JzLGZSW9ZMpyrjJNgdykUuKjZ49ixmmaeMaBvgrUteRcMlsi5TBrycbC6eI4G67yAfKrGceBchjjg6cP7t09faNTLkNfzCXqKuaIn0u9mUER4gx2st6V9SKZnZHXjBMo4+m7O/cuvpGqzZHwC2LaRBfQehtJXKwcRnLqcGeGngGwZL90L9qrIRteYIuYGAgrpvOMnXYz6fs5+0bQq1/5e20YuMJGGkUQCkoGGqtPxITkwcvmQL6hUE3QQIZorFIFw2UpSJ/EnUmH04l1Sh3X2GOBrh4OAgPcCceafaiPj/YlRldm8XDXVUBDhAYyNLkvkMd9t076Ugq6sDhYzGQGxcQMICHOuKGHYy6NjkNXVUP3tXnJMEuWTDaxZqyJGQyzEbmUMHnZlAZfzOXw42+3Lndfubooix80RYs5jvrQYAbcdZGB7PGO4IGPPL4RLE7vsa+HwufmH8HS9FyIPRQyePLJJ3EPiOmZCUVZVj5x73zbnc987TOfffNnn/vIc+2oj13xsUfe88gnXveJe99x7+NHHlfbNqd1B6nKvPyFLXMsbAVRhLbNvM2nHZ5sOF1yYINFkLYI0g4y7HEWf2n+MbMnnnii/HGZs+coeSwgQbQvX3vw/L6Xdj913b7j50qj3mGDh0DJgCx/3MKlwQxwYAAMsBnF9Mkm1UwhIV6aiUYpQ0oyps+smnRvdIE47MlOtwejnpNwt42Dn9l8VaxKKk6sGSck6xqai/ISGY+YY4K4UlQZcwk1BzOomMnDeKdLlbcKjPEwHi4wfIuWS/Ev6kKINTNYciuLp9Azhi8DTbuLHLd/ciksYemyMxk8jHHCGBRnJvIwHr0s8xouS+OxmevNkoApMQNK7HhOnwf2x/TJ9kpQXlQfeMXtALMyZKMawEFtGNlQtm9Y5hWKv8RQJjAONm47DEQbM3T4zarfcfPII4848Pfff/9jjz32wIyHZujt9zf1rbCyEkS28hG2+IbrFO1EmWDIMmE+TatP4qYmK4J8CGNJVBloDNqIRZieQS58o02fzWuPSNNn9YzxER7nMjQrowtYM74oM8NDwCUweJilmW0naOLydLOQe7SKXTe6erkJGeOMyTliZkt9kRsuMyyNOJfMAplysKEppSFIcmnE2QyBksEl8/e9eyZ7w/yhe9+NX+7qpBcnaFKy702uHxnqp4AwA6wLgzvX055mv1yinyCP+wlOMrOeBXsu1PSMqNlvSul3LmI21113Ha9+G0a/GYP7W554y7fd/W3v/LF3/uoHfvWNP3LjtHE3Nn79Y7+e5rvu+673/eT7bnjqBuUKSlG1CXIwccFl3hMqNlOD0oBeZvbV2PPVR5KKIM9KQUkWB+SD5Yb7HSDXX3+9sDLH18y/npO7ITiavkGr8PGPTt8xfvDutxm0wmL6YWMUINSU3jDjogvrouGFgSbIWbOJL/cS1mWOkIBHlzg0xqIUmZIGC5KxeiqOtJ1fB9lh7xpxwB1zl4/rqIcSDDTdA914ldRAggwWEycUP9lwS7PB2QxhuAguSU0J46pRZVpcqFnRmqAyNlmslw05y4SMmWGV4TLqP0LlmNcycsYic0xfwIInMKPMoMiNkqbeEZ8LHsbYfsNt4Ixx9iOZ4qxFxgUsmbziujIWmbGx0gwbKBnNDPBIJg0DLgWH0SxbPG0J/9scYfokuYA1zZrMC2wmK23tldiQBTWSi8MwVZOeATP7I69VlAtDDAxlQsZ9RHG3HcG0myfB2Tafzrkz/4Y3vOHtb3+7K+Atb3kL7rc7lYMEoG2KYSQDxvKJOCCBjlaZxJBlyLHjVLS2vllLUgVaAAUBmqbPuCF6EHFWffzjnoBwjwUwf1hPcHRjSsYxTU859ECGhJQZDKbhGGu6EYDQcB4byXHvQyMlvSxxyMUQGbhcctGFWQoyx56gK+7hA0sgR2ZcMqbRBQ03DIxSMsVfGuOEBnXNxYx72suFDT0zDDUbmjH2KHbjA9MPvD553Z1kXt2YQbM3No9r+Kn51wRiETCDfmcF9rSHveppeviLhRpM8+ijjzLz/OcpkKWmF8R+d+N9993H/a677sJ33303fb9mskfGfieG4ewfu9eHsSM2fk7XNrMbrXJJAtmObTPwkrO3UnpDm5GwlDRNVhEULWOwJ8lYNI79EX4sMczXXGQOchNQ5jL8whe+YBa33367VJMZN1kDzS/Gq7d8pXv2XdO3re352F5r0SiYHrMxXGC8rD9jmrFwLOkZcA8MsLlgOwebCCVmH9ND843rMjq9sYqM2yTc6Rl0AzjgDrLLxFl25J1lMqUnD9edJye3kKVxA3Tjsemwi4CNqMJYeQsbUy6ZMoPB9LjVGUKsa0SWLVYWmVcZswia9KZGqYAsRxnJFRNf1BirDDP1x2SanS4pi4wtmfjJGbPJMkEXZdHG+pJjvWw4Zt9AdTHGNmRyQTLGwH6Zf5FxY+F6C8uA0HB1ZTySSZMNBl6UmnWNZGz1XNgIVfAGSsnAKNj+X73p9qmwE/ZW3D5bajjai+0qC29IUAiDOZ/YYCYgufaTvcsF+IYRLQzlkMcQ3AWxC+UtptSFdQWY1T333NOZdxF89rOf1XR/ffGLX3Qj0Oiq3KXRPt6ZjBFNMGjG9WYmDeC1hMRAQGyTCSs9Q8jKiGPcBmUvQid2+QmNnd4+p8l9ToeeMDD7jJN1kXWR4x5u6sLMikwuPh7xMQOCQXEPB+4LBl5QkvHyEU8zr4x7qPJkw/Laa68dL2ddPR6JmHHHw4WlNIqM6bEgzAKzmhlgyUgp43qxfLInGIiSGQPj5kKOR8CMaxaNMfYq9rUvXrV57sDJN37u6HXXiGYifKFZMOBlXiK4WwXBImAGnvk81XkNJfRiij3wUfanLDwICkhm058i0KtQXmd1qZtnRBW75ZZbBLz11luZvfvd76bpDyrk0p1uUJvQBvMhZ1/5VGtbttNsP4Wy4u76zg4BmrKsZG44M+rXWIppjmZHz6CdkzvBzqw+cuDSL5iUNi8yJfRrLOUvw3e96126PvjBD9KYBc0NN9xAYywzMjp3AbFZnLnlbmm/4TNbIzFMr7eyB7kt659xS8aFpRVh0MoOtgEGd6Ywr85FZwRSYmGxOJQl08aWD9bMWFmcWcWH5QXiyLv3PIK4dl01njkIVscN2wfhfJOt/mKKUOLEYkopDmzihhucBi+hi/FgU6OUraZymVqVMYugSa+qbDAD08TKaJoVE6+sL/wmFkpmXNScmQXCaUb9M264omXAWPwcjVhAxiyhZLhkMNY3R3q9jLkAe8yFsa7Met0i4/YVGwzF12TWao78aQoifmHzKsOdmWeMs8ml3Ci5lICtXko0NjwzQbLMSxPr4sjM/l+96fap8GroI2c65TP6KLKfbKY2h0QNWQmM5FhistSNx8DOYAlc+uABcQQReQwBQ9YL2bfb7CoDiWYsbOaa5qzphGsurwaHH5Syasqt7VvAgocmAoSay2musd6BvJpUEywxxTWiCpg+gUYXe+59QncmO5zYY4TbE/vMdocO+MDuqYVZH+eYrIuMyQwcfqxJWBoXX2R6MoPiY2bQlT2e2gTpQZJMQ8+STfYiENwpZI8yZC9qLO+//353Dfak1VtR7zc9dTHDxRS/50GjpBdTQJbQbVX8nmGNkgtjGplwwWyACyWXnsDG8yZ56ZJxAuOGFpks4TPPvbj33ps3dp37wvXbuuj5AkHTJ5wRH3vsMWOZmiCYvjc5z3wiuHMJ3uoeeOABlp72yP3dgjvvvNNFTGaDlcuLoIdC7I3WQ+HnP/95XrfddpsIn/nMZzh+7nOf6+sjpiOCVK2dDWPvtf9tLTvNNqMBO9lJYcBSrcw9SLVpyrw4JiJU0zdBBuTKwoZSQdoMzHyE0MvZBLH0sKzMzlu4zOWv6RnXpD75yU+y/9mf/VnyJz7xCewJWIlYmrjpmJc64M/ue37rki/tee7Nz/3sHYbWaxR6mRjIlJnJFlRekpTSZsBYHEnSk0f+siVgyWP5CxibhS414UWmjGkqFOaFRaM3FktDUxq0gujl5Sj1CeqYWwI1d+1YDqvQp7VFwZoddjZOunXxlO+8O4NYKM1YTMoYxE9JwMYaPPSZBUrNwVLFJqtp4ppmpBrqYyJYk97U2GAGyqgCyRnjjPOyFlyqtsoohVXAFohGb/EzLj4lg6ULbsRGZ8yygVJmXGTrmyO9UcqBMa+RjEHbDDYkmQt9+2fEZ5wvMy4j8+LTXDQZPOKrycifhr74YoLcNMtTTAaSEdlmFgSLKQhLLqBZBMYMGDu2r3jTtavGZ8lAnxYD82Gf4NPRabc5LLYlNHyzMkx3k/zojcTAtmYJufTZM32eX/hCbzzG0pw/eacLhbFd1YYT0C40YSy+ApmGpkvf0M65puvALSAHJTB5+TBTxPaogDDiQxMJpZReExudZnBoCnExO04lhtvNGIzLsrCV1LH0MdzR7THCx7MDTHalkgngDGt6XIiZdc7p44yDJpeM++zvcQfTYwY9DehlVpNjBh5NBntc0OthjRkbnMCRAfZYw6s/Xff+97/fs44XnRtvvNFLj6cfzzoe6wTJGBtFU2QPRuSeE2nExNMD54yUhs7MRZax0QXB2Rga8qVkwCXj2NMeM3pmxU/gIk7GHOXJ7Ohdb7YZTn1kN/teXgkMWJodLw9wIpijIJgeMzBTBl7vGBB64LvpppuE9fLaa6uA73znOxn0p/2wt1hVUjqvie973/u88n7gAx8QisyRC/YqLA0RpGoFHQqbpw+Mbj2nWs5gV9PbhM6vfdUHc9tJtQWRc5Ml05DNeO15HDNQHF709o+EmXlhZWNG5viOd7zD2y2N3Aj92UHZ4g996EPy/+hHP6rrwx/+ME7PZjz+GlGQR941nburHnofpeGw4fTKQemMpVwyBPbVX24MMpYSDWbZUnKH8sfyx21gB0QXWVfHhIYAhOojSDVRZ6mK3PsKdxqCXvZKqrCWADrszrgTrfgE968rzoo49ZbGGjnvbMyUl3WxHB12cWIxKeOQMu5OGPeDbOnxynRGyozlSTYXyjJXH3O3jTVVqYNQ0UxWQZRXBZKXxjiBUiVVg4uai2kVGHOhYcNFZJbDWMyM5WOtcQtHr5djmRRfE4svDrNcyNzTM2bDOEEEXQzaOfZbMj13NkZhLJMGwszEkTMzLH7pleoymTHZEmAcN/2S4SIm6GIvGqU9w7FkyELhelly5KXJhbE0MrAxVm+6fd4secBHBZvQh6LjTbAtoLWXovzAYPKoguSOAYOuj7GBsO3C3absIzY23DzO6jUaGEBjAUdNoWKasU114caCUiJIIA0DAaeP9AuPDgSadjYIyKaBGpoBlszgKacLWYWMuROMSMAyMa7pG7c82YhQSfu07uiOh1+PFBiWz+OaPrYxmRnuyaPnmIwDJZeM+6T3GMS4iwCzcU0wmx4ELrzy1sXFlUGOOTKLuWTPDLtfKHts7Mt4Xnc833hd8wLUW5ELyCMeSw9euRgLGwWLj+nFF7xntUApgYyZeWohjyD1chnGZZgL4+GCmXFkxpEBEDSL5lGMY8+ze//N9Ne7nnvPHQx6jAURanI0HQOZFzZTeiyCRzoGggCBQY99uC9tqgb2UigC2Ssg2csiWelYetOl9HYr1B133CGIGpanhbND7Ezb2Fl1aB0om6ptBmMDt6N6+DP3pix/mcuEDPQMeoIEFWiV2fRIbsoEGjmI4BGWlzd1EWQrPZlLVXrYE63kFYFBS2/uH/vYx+g/9alP4baBIPYJqI8hFOG+G6e/SPj6e9/Q/qHBektVzkaXRilJgFJKDCwTF0yDW19e3IGNGRGafpu5/W+aTdZy04fODiXj9oxeyYhpXPbcaXJkby3UVvWgU2xRXBQddnI3m6ug5VBh5xoM1NHGQsWixUUGZjWHsfS4Y3JBssEhX3GYyZNsspSKJnOraWrTws/Q1KuqlJi9aQqebPp6cZYJuhTBcuhSczExY3pVYrCMn7GYlJlZLGzhaATRy4al+FCz+AyYMW4zcGdGz4yNZAgij2TaDDYkY6OkYaM3e5yvLsoicxnx6dtdzLDIVaD8uYzJkkdKesXEmuwNSikmx7GZhcLCZsMYCOLo4sKYgSMwfehOHyMXYEvthM0UL8HRLrTJLLz1torSFd0MDYMNb1vI3i6xLezF+X6YwBcKshp4HtrGxeS1ITwHgAj2HxatPU02NHnsaejAgFqUUhpe43liPkFT5GIKwrHdrFm2BAaC84oppzxmJOOEEhOEoBQiGHQ6H/Njr7GaUR/qPSj0HOApz6ElO7c9gOPgPGsywE44s845TQ869NPTxAxNLgx0xS7rmFlPHvR8gybm4jbHmWFyxpgBl7yYYbe/Lg9xZG9pbLCnK69xlJ7jPNz1fCcU5ovl1hMY5k5TKDGZ4QTGnj0ZM2DmCbGx6DmyoTdioOTCuJyxydKbBUsaBtyxsZjhmlWDsbGYXfv5k7tffN3Za774+M1TEAbciy9DXuUsDUF6eMcsaRjolRWBktzXdL0dYm+0SuHV1kR67VMrr4B9TVezP+3nlZdZf9RPr/iGs0nsFrvR7nWanF6nyR62wWxFe2w+QBOm8zkfHDvKpCQ5ilnRgF60Yd/DpTqYvgmyjDUrYE/6ktE0I3HkLFUP9R7YQRebFt0sGHgVbuLmkp4Z/dgMh25+8ws3/bvNcwe+6bHpOxyNhc1U6YyFJWC4EiZIqa6WKRcazAC3oMBGE5umptmRB5sO1oUHHCJgjEVjI0/Ntp9ssfj0Oaqtuqmhs+xO6DJxh1ogcveG4++YM3N9WT4r0mE3xOBCkbHeAU1dGVzUJV5Zz/+YURwGkiRLmL6czchcyEFh9SopZeurjOZFrph68TDGuihH/XPBubARCgdKLopWARlYd0ym4VjAgjeQpi4umYnc+pILVVjGBE3KkQwzixXTGIslPQMg1OTYBisZXDJcCljwkkm5nGzJpCklZqCLV0oxGXQzYAEdCpZkBkZnQJAnR10ZTGfQ/9On0AXMH0YT6KdPiflVrw2EpUKQvVU3tvyMh+kpMSXBSPGYgOEbsiQkRGjylt+mgfFZG6a7ZPFyGWraagTMANNwpymO3IJNKVs5tE0ZFBPGEPmyzJjMDKbBLnzVObPBCWsoJUFEMCOhzNqgBL1cpgtv/l4Y57YPdQe1x4XYTer06uoM454DYh/hDOI0PtrrHeA1Pu+x5x4GXQrd1/QMYBhjSuwBhRkmc8RcGAyXBAbY45umtxz3jjcbTS9APhg89JF9PPTs1UMPNlw3FE7G9TIzEBCWxtizJBehjEhTb8aQb3HKufxxejYcs0yISwOLP7k/9cw1n/2opfnk++6n5wsElj2umQ5Hz7nYHOmxgWgY6G2+PhoJnmSFVRmaBx54gKwyauLNjwFm4DkdNJWLC0FMadsGDqBM2kt2Dswbebph25n2kj05b6UJ9hLHNoa5YKHkjzXNUVebrUMtfg+IoNeMTMRkQaocTUoQiZGbhZzL36w9rcsWCCzrMk2zuOeee8jebuk5Ys/7U2nm9wmjfP6jpzd2nTvw+Q/sf/rln2DGFRkbkRkkUMpKhi1TzAzrbSlxoGSvFOT2vwmSmybWRT9QM2NxsLFYitMJhR6mw3w1TnfjfG1Mv9TdQnS0oTvBcrDhBYJgYbGxhox1xdMaXEDKNZfhmDEe0BzG0qZpsiauqYCa5qXZfiCkVDoGyojJo5jZZD+Mq3/G1YeeS5XHId9hzGCsbEEKmGVCxpjZcn0xYyllPEW/8O6US2Zj/6RhqZcZNqgm5qKLATOVzLEgBZxSeWVl8Jgs42X+OHuClFKO+DG9IyAOmQGIoFmGujKwT1Zvus5zWye0twKDTiy0/2LrTcDQPgC5mqGRWiHbQnLpyZSYAabkxVdYQzSWTJYskzH6tOsvvPJyXLIgRYvFDyUjgZq6CrIE3xIDNmRmuEllsMYwZzGh5khvmOmSTAbNrhuzC7TnDM8lzm1PMH1Cez7wsY2BDSVmQOnphDFmlgZnk31CSmYMPADlmEavJyRmYRhTYo9EjGOO6ZlxZEYmaDLAnpa4L18+PMox08sMJ1ByZMxg+QRGw7jeLMGgGesqci8fPU5yZ6AXB0rMDMuWZWVUJUymjMGkjF6FKyAWofp/3eenvwn/5ff99IErplqxEYGgC8uNu2xjvSP/0gahegSWM/YWa15eZym9KWKviViviYAJcm9SuFmIbzj7pD3fTu7ScZTaxjaV3QVsYOwrE4GmKVqZN1lgYx+2S3l1xiltwgbNmFxlJI9Nk1J6ZlfCphAoNS2NCmBelMPYNEWgMalpaect9Ow3T/+2fPW/vNooNOKzxLoatxxgLZnMsAkmm2Bp40CpyQB3vjy40GNdWBf9gOYwEI1GSppGLAjWzItNRVbt6Sba3u5+cGNYo7Ei9NWWJVTeNW7cYsZBF+YVMxtc78AwxiMmbi4yN9+qVyVhNHWNkvIycUyPmbHJeLhU57XK46UxUJJbx8zG+tKkz4YxhuJgkav5SEwvGWe8Fr/IHRZMjxnQ88WaCRyHQSmV3jKZhLguPCbbiCXDhj1oYgaUxXQQyA4LG3ueksagjkACZq+LL542if/XYG8FS24PtTlEJ4jYnA0jlihkSWgy0EUo3cwwMwbOobSunX+K4I1vfKNXXu/gTrLMGJsnS6MY0bjznfCqYGOTJaQZSJMBLmByrLf4uJnSm5fR5QDDpTjDOB6aUMCUydzx8jAUikHHtfPZ53FHt4/5HhcGB124x4VOeNzl2yNCnAAMyJ42GGDGnsKS02c/WFcumQ3jmEE8BAbYJwH2KId9JGAfCeJgZmyAMJTic8HJQ4+zHMbMcDHFJ8c+dVjqnWNPoOTFDMuWUOmqDzaQJtaMhxlfzDF+6yPn9z5x4/lDz9z5wd0M9GLQxdFYHC+aP4OSIZRhD7+9vPYvAV5tsTc/3GO4LuACotkJNkYnq6PbyUpjL7W1bCFo0/bZCfZPyQhu3MJqCquLF7QDx9YtCAhSrXJZq78IrQJmgHVhMIWavQrgDDim8aTPRkpiAs0d15w9e80Xd5244ug/e0RkmiqvsLxi+rnqK2hmMHi46MUMBmoywJ2vccoosSZOAEqcWS4SwAxUpoIDuWO7BvpRxjSKWfwlChiXRuOGpbxmjAUcPPRDWHKRm0WVWRYzgRKzXBaTGU7PjD7j4dLSjMrnUig2mUHDMYgZWN/BuWSTPQxlMWU+ZGYxs+GSksvOZOLMyJDMIKZZM8ZrkfHIfxl/9A7kgtfimyx9h4gsAk5IOdiemTaWY+nTYv6AmD6Z2nPLwwniWlpRJM3TeI6ZprNHpmSgdjD2Qak7fgZz6TiQjy5+RUBfbRaEWe5cuhcavQTidnaQDMtYM55zfFlfGjFQkmeT6XmfZgo0exlXsWRYNUtjabwETclMdVkIA2km0xlk+ZuOklbePtd7wljKPdngJbpzY880DOKhFyGZMFBXxkbc6RLywgywpyVmeGgwg3gIcWaepQYPvSHIQNBMueay1DMLSyUz7ONnME02BQdNnIuYmvLXNGVNrBkP1GUtmGEuNLlc8TPvslhPfNPjDAZ08crMWOR4pFoOoQx73Ozz0mcnPZklPQNsOn2gEjxxYhCtjedA2Yd9XDk4ner24bSP538+aVdPu22GPKW0Vp8mxTGvsRsTaIppc46dyV2ofEUj42RdkhScDARouGFMjmlGLw53fORJo1/1uV988Pz0YEpjxJLkFdNjKD2HkYvLwfFRFnliCdPIXGWYKQ4oiLJwqSsz9xJ3Mo3TzbhrCkTmoqlrxDc6FqTHDqwL8iIYiAHWReM2w9ZINBqcMXDXZQUZYzGZGQtLoyCM2TDmWHwp6WIgGhcXY3J6Lt1RXyF+slCYmV5mIAKXutSEmfrg6kOvt4JIhlf1yZjBMMZVTGJZ7oxfGkqKd65vS7zkuizu4OVmmBwuCKLhdo5dSsa62rHzLlu/edqZeBjrKhQZyJBQfCz+4KHPHkSgEQ2LjB1n7ERTYspOt7fbzjuBEjPAKjn9W5bZittnAw70K2mGLtWXCiHmMkCj3FhaS84MkwmSI+CUxYFlfDw088gvQ9caJDn41aB3mA3I1i7BNbOE0UwYqHeJkVJC2co/1qwsyQbKYPgWs+CwlGG2mjRrAsz9L6Mp7GQwwZo7kQEMeU1ZM2FgaCqdw+b4geZAvUNYNpMFqblUgjhLGYsfayanH154SvdC8svmQGZrXjv5Tf/09JO/ds9L7/x3T1799ssfmt4+GwsIDGoOHo7QoDXdRHq78rqLXVsuJrcSTb1liNsPdgjBYSaMSwGP/cOFwfPXPf/JWz757DXP/sxVP/P8dz1/8NRBI/70W3/6ue987hOv+8TTr3368EuHtx5hOz25lsy8X6bNhsdpSlkOzSVOgPQDawaYb4tiOgSzmzunXk0Yd3fzfenQri+9/9/wev+n3vrM+ceXMeNGHOP+23/7b5Xuk5/8pAhf+MIXFPAv/IW/4EMI0z/xxBOKSS94JwsImnfccYeux+Zvnf2zf/bP+ij6gR/4AZ8EDz/8sCRvv/12waVh+gb93Oc+J/7999/PgDGXP/Nn/oyx7r77bsYf//jHTUS5lvE/9alPWdl7772X8fd93/fhv/JX/gr3L37xi1ysVPF58f30pz/N+J577hGzZP7SX/pLPookQy+Z4rPnxbcM5f/II4+UP/7+7/9+GkF2xr/tttvEue+++8SUufh/8S/+RWNJz7xUzxxb6xGfi2hcRv4PPvggjVKMYo74n/jEJ8S/8847xf+Tf/JPMv7zf/7Pm+xdd90lvt6d8T/72c8yGPFvuOEGAccq4yGscWZLnkxnaK6kGZogyTgMeQjmIjETCckZhEIVM5gyHikteVjOrhMaRdg4pIQM8JpymK1u/5KTa7yEgtYLjd1ZsiSqDzUbqVC8cCPpNR+LYXU9wlsP58cWAVtEkGabe2PlLlRKHJLxUA4BljKU6qpxwWua9AVkz0bykgwVethDlksMzRzmFb010zeFgaEfmD1enhFMiS4mkjD3vCIypPwKWHMfmOJewNAkrCH90izUfDUMgzXj5JRrWOtdNvFOzFYv20PysmuJ0VUTdtocfuylqz7zrRu7zv37X/nITks8hFm9jmXvZDoLLdNgsCXscJ+mPlyhL/Z43/Vg3s63/RwHZ8TRcEA6YjT0u57ddflTl++6d9cVz1yx/YXtX/6zv/xdP/Suq567avd9u6989srDjx2+5PQlnmh7qO0E2c983YZFsLETOrMxTUo8HZgZmqZAaC7BLOqFlWoBygzwSnWhVp/+rjPbB48d+OIHbn5o/UTDsjmb/9+AVmcpDDmsdYX/nye8Fv//FvwHTOrVXKYV/eqiZTZ4Z6mXzeShuegQS+UyOKxFvijGEANOU5g+ES+8UPVw3OHt3bc37P6Nh6ZjTtOpz13k6aOxxmBjTCPPicLyuHYyk9PHzHAYXczoc+nzbBzyMMwS5tFeLlZTnae8Qvql2ZAT1iBmIBuFEDfcEtmvoSHCKoOLYZnkynrGCLtqz1gaq/ZgeiBDQhoYcmYFCcMRhkwIQ7nki+KiZmuZjOarma3BPgNdF+Vs1hx3mhllzTimBB8wg9vZcRoYlqEmdgB28jf965s2zu955gM//uybp1M0kMHaKJS4T7glnDFK5y0Dxjlq4iCaWZhaO7+j0c60W+gZMBuO+V5y7JK3PvnWy+687Ianbjj084euOnXV7sd33/j0jUc+d+RtX3rb5XddftlLl03RZ3BpUkMWbcwiLuGBcV/g8e9y2Fxw85rvkBU0WQoe04gZ6xp8+uj+J775x23aG/72DaUUq0AymzgBVAC4fGX+yvgKvoG8E8vTOp/d1d0yeIlXCzLQQLBqf3VY2n81vhe1SbnWpbnUr/GyucToGkgTaqYPQ98qj/WN15rxmtnAUikawaYi23Lkwbro44SxJ7ENzCw5l2wIUPwSWPLQE4Jm+uS6cCA3cRhFCLPHy/nrnS5xmDfY6u0eUhZuHms1W56DKadgM7KEmkszjixHFQhYIYImZlM5QBCJGn3+NJxQSkDZNMIYMSHN0ENdscglgxuFAAlzvJcdIc1OzIWZsMrpAtIsu5ayWSz1zcurhoJ7m3HtnrzwRXtNqEnwmnJix1f48dBnH4qgCxczTlPvcBnNDLxaMcbDWHxm5OyHsqFziYcxZoaDLsqXFt9IFaePmTUEIWUG8TJ+zHgMITJZzDFKLpRY04wIA5op2WMRcMb4ykdPHfn5j3jZ/dS3fIkBS1xXxuSSMWKja+JeTGuSS4kZzTTq/KLZ0reF2nVh7KgM+hjmUpIgmrCGw5qEEmsL5cVdKEzTp3gR+DLmqDlSKr1YExKOzT9H8dyFH+BhgA3Xt2jpZeblGyeMybKXD02VIesi89X7c7/kxPSa+9B7r/zpJ6VBU2JmyjKmYa8Xw5jX/3WYS/7yZZI8OGEn6hoYcdaQfh5nhTV9zZ3YabDUXNSRcg0XVS7BYLlzBv+CuKjxRZXFt5TWF48NGSjXmD2hrRsP0OdbnHaLrUXZNsOUbTZIaGfak8mZ4eVmI0AJLIfGehu33qAZyOIQBI/TzFZTQBFM34aZP2FWH5R9GioUrN6cqPSNT752GGcQTpYmI6LUDdOcGxIaDEaByiDOjIum80nA4gS9GRiCO1iAObHV9xDGMG/71fcAAzO5xWGpEQfvTMnQmkYkwzzghKV7WA0z76eGJpQJyGqJlMMsx8IWU3PJwEydeWERqv/gBNAV0yTnMhwHlsavZra0Gcisx5HxaEVJHmmEupbMMRsMPTx5qArLhyqvUNjLEzNdccb0kDC6YpEpB4/g0/Pahe/m759nr5h/OUZy37NgLKwJNTnGfe8SMyzICPWeH77Oujz9dT9+/s2rX6Omq2h9K774IhiLEmtieM0rf2q+nwKiESR3mCY5l1fRjGIn2PM24XLn2z8M+LIXhy8WNjY0TTGZFVATmwiQ2UgbhjFfLEksT8H7Z+2R9mvnH5q/Zv5dH2984xsp3zT/zkWyQfshKF0mi1nC+Ami4ozJUhp3pLrv8kse/yU/abLv+YmvbVJYnoNlnsxXeTGojzpsf9326UdPb149HyrN/2L72M8dWzUuPB8nbNy48dITL506eerFe17c9ZqVMt6+YfvMM2eOPX/s9EOnNy5bHeTTf/n0ieMnKM/+4bOdxBf/7Ivcn37q6VM/N3131RLjwAbGA0INXmIe5BUY+sEDZ/7AmZMfO5msa+sPbr3016ZvdFqD3rP/zdmXPB29+NLJv/2yfTj1+06dPXP22WeePff3p58la/on7jvxomekF17ceOtkSXns7mOm+czTz2z/0dXz3xpG3YYwqyeQR+SdGF1LtpRjZecTsPrmR2x76IoZOOyDbYmlZcbk9o9tidtsbTzbEtO37e063DltNzIe3M5kjEUA0UAauKGlMThNvTBcuJfYyJ+AnUqoVnaLzdP+GfVhNsn+F5qpvh4BoA+MrMUat57xNA2jiYUwNk1oSDAApMlYXQjmbMKKpQTj6BIodQkuWhHk1zVUJiUD9CA4G/EbRWKNRZi9JwGMSy/JsiVbj5E50GSTY1zwRmk4RQjlMFBN5RbTjDxXDvPBEAfmjPY0dGV04bLvmcPzh8eCnkJwz2s9qWhal57X4t4tcslmCBljMZkZoucMvfRisokhFwYjcu8r4wmRQRjJYAa5FBkXRBcXAhYB9124XpjkM16eMD1jNnrjhJQNXcwqYyycHtj0bQF99/uXLvy2Nvb98opn5x+xLzKmSRAEG0UCoj0z/4h9xhJjduiTj1/y+W/Y3nPqZ3/tlyl7ySt/YzEWXwRj8eoXRJDnXxcx/b4IAbEuTdE0jWIKtoEVh24HW70bxOpboCbIizHWHHUTQfzx3f400tAlE1uuzdmOtZ2MIlrT5yhIP6fUzyzde++9lPfdd58I/aaLRx99VLZ6H5v/JsGDDz6oyUDX0vihhx4Sh4tJscx4/BiCsbD6Y5Vhg1sXXT/+Dc9uXfKlfY/d/PafefmXDEher8kOpml1WqkO1Oa/29z1j3e99H3Td+RuvXFr63u2jvy2I2SHC4fkkz928sDvcUkf2PNv9pz589PvaxxdL/zoC3v+0z1HLzu661/vOvVnTynRmf/2zPl3nT985PClH7x06/dsbb5lPp4ndx06fOiq11616/O7jv+N6ft1O7kw9c73AA10tH9BXgPlsncw7P3Tez0NbL199e1153/p+UN/4hBhDVvfvHX695w+/KbDRy45svXBra1ft7Kv6+R/dnLv6/a+5orXnP/Q+TO/evpG7hd/7MU9f3PPJZdesv979p/8OyeZnfumc4f+0KH9B/ZfceUVW79l6/SvOk3JEhKWvNbc2bXU7GzGVtP6WlZsiXHoGnEuyFjTJT/YHsZORCDnIg62W3CHsbNgm9k8joYuu4uA7VjNbgPMl6aThdmLWUqiQQNJhlIay/TIuniB4fiCoXG73c43Skdes5g2jHu+hwAfcD7m3vCGN2DH38JNH7rmqUb2lo8EH3t9GjnMrauEGpsgLhZa3FFTGmAjDpY0YdSRAaUSyFiuaqQKUnSJOOQ0hIrV9Bw5MHQ59IkI8xFYvel2LI2CGxFTNi4OZSVJgtGxgQxBxqAXuBQwNGsMDQqdvfGRHCfIjYBTMuYujgTWkikN+ZgpTe4uX3Os8h6dNMk1ySl7UMBDtkYxG5zxUGbmZhd56VLAOOPikxkzs0vImL4PBjaZDc54uGB6e0sXBhvLkya2yTQ9YLHp4bTnTU9dhqjXJ9DsNH0/EbMeUSmLVmTMnp5MGPH7NWde0bDXMr2vn//0noc5cltcF00CZUM7BqIxMyLWixlI76P/7N0b5/c895Efe/zWl3/zHDYKRyeH2Zvf/GZKr4OUxiXgfgUm5qUppmS4gFUYW8IeaEOS21dqaPNUTF5qXuaGkJURxccgsiEkA22e0I6l4Ss9XirDWHrmy53ybfNfG8TCXnfddeL0Ox2xprRvuOEGab/97W/ndfPNNwvyjne8Qxx6Go6M+2sHoCkfjswoRcbSFo0sjtH33Prmh7/1n8jtPT/8EV3GbVIKordtgHXRYJNqpTpQ5rXve/ed+0Xndr1716n/5tTuv757z90r/RLb37K9+eXNff94+jWNB//3g9vv3d68fKrqdGh/+eaup3bt+eHp6tj3x/dt3bo1fbx9+9a+PzF/Xe3eXbv+ya6Tv2n6WZfDv/+wG0ANN+9eHd4lJ0AXwkV5NeL/l5jcT2zu+Rt7Tv8PpzXP/fJzG4c3dt/98lcHB7Z+/da+v7lv8/nJZd+f27f1a6cbsq7t/8f2gR88sOvYlMCeP7Pn7K8+u3nj5vbV2wf+9AGaA3/qwPaV2152PZHs++HVL7PcfHAiMihp8tAsQTkMlriocciFYDWtrwW1ty0umQAEK26vkh1tvLxSaBg4/kDImN4OwfYbdrIEtC0Fp+nkYjY2VUcA2+QMmInAhWw/y4oxmSCIaGAsLCWWXYPdOcubJxdD4OIUH7NpS0PH2Xby+eKD0gef51efbj7myG7+abf4X41sKXZ9svocagtWRAMrh3CxoMkSxXrdKY1EANFicyDkUtElKstKI0snsHpJmoFQfXRJyUbv43B8KMqH0opCZsIapQRkQklDxkEXVE3xsaGlLQdy+QMXvm0U3BAgjdDQgyWzROlhvTEX7mJCwRPAuA1qINcuRzU3R48m7mLPMZo9UhHi8YiDLZsF6nGnz+8c8xpKnFmRyY2iixw0Y2FlwgAzHmY0WO8wG8YMYvPF9Ix1YUMbV55tOM0epzDLuM2Hx0yhSfWo2JR1idxcMsOg18MTd49uAnrSxF7IaLyQkT3M9bRLtuM95xE83lF64GPmABiul7PcMUsBD//8l676yW/b2HXuJ77zxx9/evpN6xn0my76nY5eAQ1x//33G46mv2oFwnoRbFDZmoj1tdDW3c7vYNuQdmbbTA1BJiYrMVMzllGMJRMBxTeK4Yzi5bK5KBrYZtPmu/D1JyWqvHLgxVcmfDW/8IUviPbZz35Wzv1xhbvuussQ9CLju++++5577rn99tvZ33bbbXw//elPy+Qzn/kM489//vOMuejF2d95551m3d8x1BSfXsHFIevCP/2b7tnef/zI5z56xb94RJdMJI9H/dngVmQsFqiJeZng+QfOH/hfDpz5i2fOfuPZ7T/m5G2fe8O55297fuvKlx+Rz73r3OZ900+twMYXNzYObmxdMvVO5/TdW7vun37gYvL8wrau7aPb5998fs9nVk/we+7Zc/7G88uDv/327T33TncLecmn/8DpM3/zzIs/+eLJEydf/Csvnv+O808/9fTpU6dP/oHpM/v8a8+feOTEqf/+1PTPvw+9tH14+8S9J55/7vnTH5veJpcomSXDnr+659y3nvOyK8Lu/2W+in/F1vM/+Xy94fzbzu+6ffXzS7s+u+v8W1a+oGv3HbuLtnHbxtZ1W1tv3tp8afP8M3QTfMSefe8rfhnf9nXbuz89/Y198qrUM47/2+Onf+dpmZvI6W87ffr7Tz/z9DMnnzl57qbpijvx35449TdOvfATL+g9/v3Hz37r2WNO4fPHTv3B1XcYBGkUs7NsVzsLdqxNHuxVaPOztHuBzGVo5s4VchGHYJOINnaOIewc+8fWcnCAoOmQYmYMMrblMsaCiCYloQruEIGxsARo5KBrjN7lw9cQxSGIbBTHqmQYaJoyF3Oxc7rq+1DvQ8de8ukwfcIZKSOfiy4Ffe4FN0UWRRHR2MaLKeNqAXPaqw9IUPqabAiykVlvunJVArm6F+RKUAV6EzNJmfShJV05xD60nArQJbKwzAy6LA2ufIPLXJ4it1qKpdbqpUuTGZStyNAZMxDBuLHmGkMfpSF74AuFNa6xzDpoYncKoWQaN/em2UdySzAWIrZsMbMeF9IzI9fEoyuzuCBkXWRCDEbHEhBncGZkXcM+QReXmAEe6RFsL89PPmA8S4FHK886vdxguwuz8RxqC2KWHoPIzNgz44J7NqI0UE9jlDQYaLgUgaVXLr7esWi8sdF4qsWeRkVj46mOUNNjL2OvYobmEtNzZEnP4Dv+xZt2H3v96Td9/su/Y/r7/Bl4vePofc4Urr/+eoN629NFJvQKyLdkeuw1UxWzqezSTiOQLbqtos5sFI29qUmPfW/qhRLTq6QXzRtvvLGxDN0TKsux2eZ9N/1zi1BVgyMv9v2dQa+tor373e/2SI7N8ZZbbhHZi6zkvdoCe0rj3nrrrUrx3ve+Vybvf//7vd2+733vMzpm/573vEcEIAjeX3JkLCZjY5FpGDzy0StOvOdnNk8f/vZ/+B5BRBPWHI2rmGxMs1dwXtKWW2tkFWwnxTEpfPAvH9x47cah7z2055mX/yVp9OJRhJod4eSaS5klBksA7hDcZYJPf+PprW/e2v99+9PjgcnsV5878L0HDr724LkPn9v6Q1tXXnXl3l+39/TvOl3w7cu3z7/j/JFLjuz5yT0v3ffSgW8/cNmbLvO6ee7bz5VhYLnGk/D0rr3/bO+5P3lue/f27n+yeugv24Gv3IS1mAzIo0S4Jpz48yd2fWLXnodffs0YXbzO/E9nLrv8soP/0cHjf+P47gd2m+buH9l94r87YYOJc/7XnD/4fx48cvWRra/ZOvs/nT162dHDv+Hwud99bhlnsGW1US00dmbtduiicKKt8vIyiSljYAOMbXiO7Xw7RCh7xmEnY4eCxii4y8Fw9NiO4tibqB1IOTYbe8gMZMVSDgRD08QSwLpYdq7tT2FFiylFY6Ap1dxN33Zywzv10ONmj+OU09L43+3vI8qHVp9DhBbVlaEEIhpbuO5c1SSIW2UTgLxE7vQlUaiYhoATgEEbxdCS6RNUMrIqMXOgt/unjC98i5CsCLHExMFi0hCwzBVCcQlqbQpWCKvgKBCUvMjQKA3XaVSQZFx6uJRSrrHz2UwtvyHKoZSM1WTHiOPMF3D+sF59Dyeog6abGqsGG3KcGXlymJHxePgQDUuJciQGBi2BkiSUFaQJGaRhQMhsyBmMtciF0IxGYk0qTdOUzMi8xOh5kau2rszSZADZLIP3uGpDY09ymr1IkT1XeZ7T5THLo55nHUrszYzSuyCDXl4xPQ37vsz5/AOPv+VvTH8C4f5f+yNfOP2MNz8G3t6cGW97At57773ieE3k22somwat5h1Xn1WOog82n3k+OJ1YW0La4gjIWGKewHoGF0di3hpF9qLpldFLp6aXS3J/VMAeUGF1bh0NpBTieJjjJXPpefu84447vNESvN1yFEeen/jEJ8zuU5/6lGzpDefV1uspYyBwoRxvuow/+clPcsQSwMy8+zIAgsSKz1j1xMdk8T/zhTt+/Fv/lgzf+M+/46XP3CegaPRmKkOz5iVteqXQZWqSp2dgFZSopcfH/+TxjXs3jn/P8XNXTNtg6/6tS959ydbjq952BYymQYdcc5iRXTJQDYOmrUuz9f1bJ77nxMG3HNz1gtbqowt4hd3/cPeeH91z/oXzu57cteuPTvt84+dW/wYGm89tHvitBzQ379rc8y/3bNy5sf3i9uYTF/nH6jVO2P8H9m99dOvg9x5Ms/mjm0e/4WhykMBKmrHWhLWYDMjmDumTT95/cvPxzV2/ZvoHAM0lA6/9v2d65jC1zec3d/3hyWzjLurpwVGcXf9wl8eCrRe2TG3vH9vLZfMTU4lGnAHG3UXL88tyKu78Cqjs3cAOi+byc86dqatrs2vHSnGHAjrvNolr0HHrSoSGCJJhxga7FgjOiHwcNPZpuDBj3EIbxVVmRGN1y6WBtoFQDSeOaISikUUrphOqdzAwiBlQ2uRTEfwPDWCeBBjDSIuPwbAsu1NEb1bxgGZo/jQEzaoAmXEHofBcrtXCMJODJanQkiG0PPRqoUtWxcTcCeIUs/TwCFuB3MKSd8g13WuViWWOY2hTFr+BGhG3P5aaOAF0BTJjggwb3ZL0plvRYQyqV+YGZczL0IUqctNv7tg+0Gw3YJZphllYGpOZjcxLzyhQAaHlIEhmpJSsgBiyoQzJmRWhlS1m02lEaRjdCuKOFrnM8VhZculVOqxJCZpDnyB5Qr3ThOcvcwjVI1Qvlx5+PdV6GqWk8bzlYw88cnne6rEUe0T1+dfzcg+/NOx9OvKFr7/twJF7vnb74LF/9t13MODitYyxVzTRvK4ZyHuhNzxM2Wuc4ZqgFVfDPlR8wPg87luTbEVTkKFQuMdB47prRND0OS3OO9/5TkN4Q9X0DkrupdA0R8GrhnIJxV3OJsiMce+vEvPy2nunPHt59SLLJj0b8T0NgJdjL7J8Dc2YmVJgc/dSKxRm5tWWLxAkxliczD7wgQ80Cs1Tf+TN5y5/eO+Xr/91n3hzxWGwfNMlS1smptzrgi76XuXHltj8+s2z33F2/2/fv+9H923+D6vj2ZbAYc/n92y/bfWFsI0bNzZObux+Uf/8Qvy53effuvrX47o2nt/YfGj6t1Y1hLPXn931xem3Lx3708c2Htk4+ouPto3joNRhOjzzFUHGyYOHcrZ9WV4zW/KA5q6TuyS2+97Va+5O7Lpv1/l3rr64dv7W87seeDmCrq1bpt9ZRt5478buB3fvfnj39pHtXVeszs72ddt7b5tK+sIXXtj/TfsP/9HDZPZrDGVec4p8IVv6NDVHL6FePFAX7i5qydKwVNJx57gSCX2yDHZw6N3brspucivFRQTDOfUCulJEFr97gAYKHkZ6UBoOmgvHoXOI+mjv/mFQYl13Rpw2xjzogF42jWhoLII4onW/6RopjcR0lR6BsuFs+6lc5dow47almfrmSnFjjeWXJoayCZSjF3Q1n5ShsIRsCJpp2uhqbXTllk9cFXKEHMuklEZ6senFoC6mqjSq4JLF5owtQGZcQKgykYOxBssEyyGZcslryJggVTHFb2GMZURpAGXDlf8Yt6E54oIEMUNyXXHGw4UQhixmbAho0BIDc4c2hwzx2DrJWMLZgIkAQRd9LjRcYl2FbVIjAVimVD41YWjmYrxiP+D2z+Bhg/VytzTKYs8QPEjaMB6teszyuNNDDw66cC+XfZXBS5VHIswe+4Ck99EIhK//W+/ePH342Xf++G2/8gAXL2GG8ELGmCyaj1IuHuNoetq1Lq1yH5A+aey3PlR8htkPel0ovenikhEH9wntXVMmXnC9NXq/xPTeYrMxNbNWgTZAp0MCpcfRi6kXSm+TfMledh977DHR9N55551FJusVkxkbzwRcDGRoxroYMFMBr7/G9UbrZRSzpGEABF59TTcz78EZ/6PDDzz5zT+8cX7PDX/6fV9+VP/0Cm5obNaGUDqyihlI5rqwLnpzUYQ2vG1z5v915uD3HPRee+BPHtj6rVtnbzq79cat5297/vxV054Pmz+2uf3a7TPfNX2B7OR/e3Lzts3t57bP/tWzJ/7QiY1/ucHy3K+ebrOzf+Ds7s/u3jy2ufef7z39+0/bTj6Gz3/n+UM/eGjzps3zbzu/9w9Pbxpjg+F5J64OUQIYZSknLA3W5ISvBkvj8992fu1rurt/aPeZ33xm+7JJPvOfn9n9D6Y3v1MPnNq6dmvzb2+e+o2nzh+dkjn3e8/t/eG921/c3nxy89R/MX1l8dTvO7X59ObG/Rtn/usz+35w3/Z9U4RxjSwZ5ECuyYwQpycPg/QJa9MczQw0KymM+6fLpJsZuzfcz05HGtcLg6Cpl2MrUthxJ88jTKAvPlhcYJ9Lvbn0ztPHXPMFjuxlxVcOgxu3Ow24D98eCPq0ElmoJesisAE2niQINjzZDp9G9L+cjCqugeeEp0ceY/AHDoUwQBPACYHMTC/kAtmI08wrgSESVp4XVmgYlECznRZnBs086wksc4HyaZ7JMWSmi6Y5u2RjFSGUYXEaWnADGXdwQ69xiZEHaPItjnENaujGdckasWVYDgolmRf3gkBDxDDWfvDoZTybrLA0q6toU+EulG4uz2plQ4nJMJZ8a13O8VLIpTiwmsyFRSwxCYAzY/v2Ee7wjMQIWErNneOIsMZL0Azw4t6UDUHwkSZ4j1bYufWBh+mB4DzjXi77WkMvx2QGmJdPRwZAePuLB9/6N7/LWE/9jn/90Bt3M+biVUycXmoxJQYvmjSiVe2eAPoc9cHmw9WnGtmni4DylHOQOS+CCNLordrboaYXQZG9mhtUeorJeFqw+XfeilOpTZNj7/G970Kv7N5QRfDiS+M91aukV1ty8b2YCm5EjwUEStyrNhdTy5hM71W4t1VeCbkw0MW4P8J/9de886d+7Q/K7Yaf+k0fenT6QjUzXKGUyLgKiM0ay1xWNJJXfwa4Gp7+vtMbV2/4nCDvfnT3rr+/66UfmH6TvuB4iQO/+8DJHzh56uSprXdu7fsNkz2bzI783iNn/9bZ5597/vy7zh/6zYco937vXq+8Lxx74fmfe37v7967/cC2z62z7z/bz+meOH7iubueO3/ptKsLssS8W6fKDzmkgSEPfcIa1vQ1J7eF45DDnn+zZ+9P7D3+yPHjLx3f+7f27v77022Tze6f2L3v3+w7+6Xp53R3/43dfYvy4f98+lLriy+8eOb3njn0yw8x237H9qn/+tTpU9P3Rp09c/alv/lSZ3AJAVfSBXkaex4oealc9i6bAx1zAoOOcLsXnA73Se+12H0ymMaHEw5dOHyLaRRoh0DBi8/MrQUJrqbhiMukG8MBxAWpl3GORlzj7roicBEBRMCO7YhTMcmE0Rt6bugatNVl+3JxSx2MVAbQeHXhcckODfBt1CVoRtgmtkSOAzSNNWY7FW/OgZL7Kug87ZCMTS/ZcOQxLsyG06Vsts28qz8XBo3epHAYcqOvcZi6L0Azl+YlrPhGcUs2oiYhJUjP6EvmMnIOJbZEysxyEYoAhR1Igw3KvsmWwNgEoQfJLn3Mpp0xMs841jWMbR0GbkxyLrrEbyyDgmyrCZ5nMGE5i5Eq5JtQtlhwmiLH9CFjNuIU024xUEcUa9pFBEgY55zQh6I3VMfbE6gHI6yL3mMZrnnt33nitZ/+ju39x3/w2/7Wcxs8Vj8y1wMcGNHokoHq00ev+khenk0Ql6pqlE//gNYbuY9kI3ojFLwXQa+A2LsmZuOjmsEDtzzwQ9/4Q3f/13d//9d8/xN/+IlPvO4Tp37pqb/ywb/yyP/zkb/zDX/nzt935+fe/LnpJX2Gl05h+3KpT/0++4WiIYvvidsrJjYKS2aUmAElHsYFkRhLYXkRiqApQ12MPWE8/cLzH//vHtq65EsH7vrQt/zoZcXni5kRTFBAhaVRgdjsaHCVx52v/f/l/n3v3jdO1ubv3jz6i46ef+D8pbdeuv3kK06rl91LLr3k4KGDR77uSPa7f/vug39k+qf4Pf96D/3lr7n84NdM3zgK9t4lv/QS9pT9NNHufzV9u9CBgwcw48veftnG8/NmvXDF4f3/2/59v3lKBi79pks3/8m0lBtPblz2tundc/NLmwffeDCXfX9s38HftvrS7L6v3bfnR6e/BLOGLEPN7Ze2D7zjwK675i8VOyYXvqb7ssH29oH/9MCRS474b///PP2CBdh/3f7NB6ZMfMTu3Tf9nO7u/2n1vrR57+ahqw+Z5pG3Hdl+lsn23t+515T7OV3GR37zkaq3xMFffHDXP56/3/tL20ffsvrH9t3/y+5Lfscl5AN/4sDe3zj98Bsc/obDLKckvrxx+E2HU07NBdQWz5fB6tNhnPRumHHnpBn6cZmwB+5CiS+HLts+GuYxX/4wzjjkOw7gnMIrguBAU7YZsC9aMiF3TcYcYfpkWny0jwivhnmc1Ye6S4NmLtwFCB0aJkwzu7DwmpnN5ivQz8m8jGUqGRcwTr+GupohnpbolZ/cgQwp41DvGDRIQzLzxTvddKaNR4bZ8J0HWaFBMf2Q556vhDmFCQLKYdSXYGicJkwrMNcnhjIZWMV65TSXo4RhSRhBai6FhmhQo5dMGJ9G5LgqlfPgsNNYE0PBG864U0VmtJoOQLKunWu6TC8ZkqtV8XHJTxVc1LAgoo2xDDGOHAEvhU5153w8NAzW68DjPkHxb/oXt+594sbTr7v7ie+9kkFv0j5T6224ZlF9fGwojk8OTR+rEtasbmXOWJ7tcEEk0yf08k26l+/e1CmB5Rt//o2/9l/92rf+b2/9zT/7m6/8Q1d+8MkP7vuxfb/93//2a/7wNd/9E999w/fecPP9N/OFfKUqJu6F0oumaCM+vZdLZp4SgOCNEzPQhTPmWJB6uWRMKA5mwFj8v/mhL56++ZO7X3zd1/3vb7n88PQVa72MuYuDTQSbS6zXxPlWTBzmDfLybk9echjyUrkT8wZZYdpbF0NdgwdyH7yG2eRVsTKaMTSDB5ZKvBRgKQeagZXqlXg1fVgr45rxWiWXTfLOyGsazbCU5wJP6Mw6ER0K3AHBzkWaDlG3EGUuuTdEKXWNENbizydsQu4x1IuX7gNT3PljTjRmcS6QO7BhnO+Sp0leQKGWMjCDjrzzrusVpSw6NB6s2jNYLnkJY8MqyoXFKKH0s9VFHAeMhasRjNEpC7WWOnbl0cfpYQw3fFMuGbJZJhYaFIZyaOaMJtSEZbM4oVG6kQcad6DEcHLKzIYyzD2rLtNcMiUGY0EyJZkBJo9aZZZNGMphhpf6yWhGEYZB7MakxENOz6yEy7/iJNPjETAXvkETFw0vx9I1mG8oWlzlWwsYS7MmONJ2l1ONxzkfrDeM5v4TWzd8z427zhx58SP/+geu/0I7c+f+hBIrc3mWIf1Ib0prRhFAfKN42yN41ZMPdgf55Mb0NEE+MT1jXBDu5PRx9nyhl0hvmWSvmNgrKfZMwJKQfcyS4GUUlwbjZJZSYsAxM5pcsC5D3/dNl93x4b+2cX7Pt/yj377x4NMMssQZk5mR5a8ZV3lyHKpSFftqeK2Jw9yzarYE0zrNGPLcOWEoa8JwH7zEbPILYGX61RkvMZIJQzOUyUW+aPxlF14KYa13CcqQnBKWyq8GpTrgIIBDgTsgg/Wmx9BRms1XYFDMMhlHD4YBEHJcMtSF85pjXGQWQ8kyBo4pgUFDL7mujNfkITDLkgtefejWUZRAE/Jcpg6rvgtY+bwy6YQ1pN+JutZsahrUMrh8wTOyR+NeBTx9e0D20O3VhDIDlrDMc2eZ4oYIGcMocc2EpQbI3NciLDFGCTTDePabQK5rDWMIPGYByTsZcgxp6rLnksPcMyHLVR6vhJRwBpA896y63JJ9YEwTmzXAprCDE3Zi2TV844EMlr1LjEETZo9VhIKDyZq7bYAd6QEaO4Qyphmc8UDNttPrHzj1oX/1n4j/c9/0Z575j97S9vOWZivype+zxMeVz6S+N6rPoSmzxeympBdfuyE3Vi/fYhK8HXrVs6tpBG/Vcm9q7JtdmmldF5jjTZA2LCe4xvXGA5pVxqMDbvpp6h1mgzP7xNXHn/yDP7mx69yV//jbvu7RS3TRx7PHKwZddpXzGjff/zCoyZIH5s6X91LNJVIueSD34sDQ/F+K5VhLjN41viiGwUVtRu9FmwM0S+WryeHVeqeiX7gSCfMV8vL7KCVhyWxyLAgOtke8xNDnEhpuMFBOIRbIHVbtOcIwToAp3IyV0QIp64WhTB6CIdrbdj7NK7b4msNO/7DWXKW2A/WOUANNst4ldrrUhBFwWcedNR2Wr9a1M/KQCUs5AZKXmjBZz1i1Z6xUs3I5bjw0QM4Mcnk1VK41Xgo7oWuJhhtYa0KanWZDn7AETZFtJsK4NBMGdA0GvcO4mxcSRjOz2Xw1kXn8iyxBKJk17FSuuc+BJ00CLOU1fPcX33T13/s1PlS+8Hv/7k9f+ax9BeOCSIAxKJdltKUcxtQSGHCfPBfIYNV4ZYThDsuKLXnV/Urj5FHer+CLEwbSLJHxCzdd/vd+zf+2vf/4Gz/93e/4P59dWb8S2RNebZQhwGrCF8oYlvL/1RhjrQ160Z32C+KrzHznZPESy66l8NXjP8Bl4Kv0/QqHcSeHoVkqQ4MueWAYJyybA0tNxxNSijaQZonMhvFOrHktm/Mgr+qe5fSh23YnlBkeF0p3wfAf0QlLuTMzMA6V3imFiyHfoNlARiQvR9cUyo3s6dsz9dqbrpcDsjcDTb1seqCGkQbMyU5o3MHQEKMJO2Wc2cDSZnRRDhhreb/szCRkmQsUB1btCxg2s9MKI9roGlxXgyoFobIoEWGJuVQrA7z2WjN4CQZ4msyFJYZyxlUDQys4nmQheflsuxSmmV+AaGNG0FjxRdHoCXNqL0PCA2kyMy6XRk8eOeiFXPoX46/9u9s3fPq3+tz9u7/yf3381ukng/vHFV0sOfZPoyfmb7/sH06LVnxN0FUvzgC4y6fKV9j0DIq59OofZr1YM6i3f+OlGf/qS4CUXEoJ5xgPM8i3OCMalyUzWEaOdd175NTP//F/d37fSwc/+fX/5c9+DY34enPBzHCCGS2ZMlYiXs0Xj/oPAZbyV4NpT1zYP2s8MFlc0IjfEAmQ/BX4q8RXabw0I6/Bcq+kC2ZL+dWQTaiZPqwpL2oDNGHVfiWqIYxmAoyzFmrCqv3KQ72T11DM5KXZuJHmwzoJQwY2g2fXKU48ooVlTKw3eYm8YGc1Rm+WS1wksv8LMTrmbFdYDjwsl6DpggjjIOE2ShEqRDf4zrCYEuvVNaqWmTMpoPMMz80/d9HP9uH+QQ/3VSgGznPgUhpOsgggn3KeRp0nC2OUmpCMdS3lufPl3iEsu0B8s4ZxjxiaAOUQGMQwUioUXoOuZfw17NQXtuFKQCkIlUWhQuXClJgBlmcaBvFczhU0mdE3nQYyYumN5FvoPuMPzN+L2PNQH2B9VsWUQIB8BSlakatSw8VhKuKMOYXV91mEuQarIoQ0UPDGkhhhJIZLOGTDOEcT/wN3fuMlt32jD5h/8zv/7mf3TX8tR0EqhTSMy3g5TQJNoaaIsx6mbxa68MtDjEjORoQGpaHXOxuu4DOe5pL5p/svu2z6e/WeNcGjpyfOvrPp6IVfa+fZNCX2VMq3J1QaLj25ssfABouZccwsY/rhogsI+W6+5aof/A0/dP7SLx956EO3/KHNI/te/g4pY2UZgy7KDLDpJzPAhqggZEVrEb9K3gn6gVZ/yWHaFjNqDseEgTRfQf8VkCUkp9yJpcHgNahJWLVfiYs6XjTOwFfuhZ0xl5rBsCzjEGAcUsqETu7AuBt1DR6aMMeeIKARE9KzJAjCHgfnMaE4y/hcRsCiLZEedMUZx5qwWoP5Ahlc13AZXkvQhIwnn466gbOQH8gbNzE2MZvJaQEaviKEcZMWEEQwWKGqBczjTBipMNB0ixG62celv8xEQPMsvlNqLKe066xxpyQuXN/AOA7l3KCijWQSgmYwKLM4Pc5xuGeGgRLEb8Ru8HhnbuUTlinFS9Q1J/6K3xeRIwEPm1gXvREJVcal1tWGXW0EcBVqYjbuPqm6Lsnj0qy3qxB0kYUlxPNUVjvH0CWsLK2X5YM+2j0YkftiZx/wlHg2WaEmX0KlbjpgFHOJwYhAH0PGkBLm1Kaduaw8zoVlozRirJlj873qqqt85Lx+/n3I+IpLjn73X77x0ge/duuSL/2F7/7jt7912hVjCk3TBAl979Iz8y9u9Jho7scu/HWHPqc5Npa5lEw7vw/yF+cfWOprwziIQ9/XjJ988klmBGEfn/8eQ796wmNoP//Tj+swqysz7jTkL82/1mP8SA+XjHHRMuZoCMZcnpr/IEHBQfNz+4/9qz/6U2euumfPl972X/3D73rm3ke49DRckqKpQxCBFwOsDtgEY700usgEmLbQh7eOPX/s5ImTzz373PmbV1trjWGs+1j0YAXx2CcD9JTnfvu5l1586fnnnj919/Qn2PjCmTvOTH9P1zv/71r/k7pw6o+fOnnX9Fdsa5790bP9wYMXf+TF3MV84dj0lwD8tzF9wf3lDQlTc9f2c599jssLPzf9rDZsfXTr+KeOv2wws6nFmnYIoa0SNAdmvwnk3JMHr+ErdA0Mm4uajSShug1eYu6f4Kyp9jh34CS6ZAYcMRpXiq4uFsrMuLRYI+DIAepiSeCSo+sIxIzTLGNygULFTXMOufpnrYbmyGWZDEeZTBnMXq0F1izDaeaLZyPIaylkCVMS447TDSUKhCZWuOET5gSmDLolu026epwfMr1e7nyL5qIvsrBFnpOZIuslMBhmliFjveJ0uznM42y7JtxKLgUaN0KHVgIEH9XS6GObIBMwR2mLBsYqB5DGEEZKQIMlgNOnCTS5MEguLDYQVBA8oAkyqeBgXiCrYgoC1R+D5jIlBa/yg2Ge0MtXDI3Ieo1FUBBClxpWMVwZXYUq5tbThVlWRjKzmA3LoItGVQlimtGo6qgPTGs2wzpaxD7CxysO7qO9j3xdg7ngpi+OgCKbSHMxVtygUPUyqAJASJNZ9pB95Sq4BAw02NDQRLgzNlkz9dlA8DmkaE899sQf+le/4fBdX3f+0DM/+bv/2s9cO925XKApeDsUqm/x632xF81eOk2fXFkYdykQcHu+WnFhifvhHIJPfU8A5DfMv7TyLW95S2aUb33rW1/3uul3Ul5zzTVvmv/a4NVXX/3GN76R8rr511X2yyve9ra3sb/2wp/e4+gxAjNg/9r5d3HgouFGYdxvwDCuXsH1wqmPvPlH/8u/u/WaRw4+dutH/9AH3nzJldxly0ySzLgLa1xe7EVI2RMMMxOM9XI0ENZFs3Htxul/ePrSr7v00OFDl73nsu3vmhZXhccSB80BqwCtO7Qrxt4gJNsDZ9979vifOH7wWw5edvllm1/cPP5/HOf4wt9/YfPxzSuvunL/L95/8o+c3JyO8grbH9w+/vzxrXdsbcynLeWuB3dNxgf2b5zeOPfnpr8b74P26GVHj1xyZN9f3HfiR05ktsTWX9g69L8eOnDwwJ5P7tn6TdOROfs/nj34n6x+evjlyPO8YlMmzJtrhZoY1oxn3YSdmoGvYLxUDgx9QpgmewFKupIWxV+1L3ysYKcPQ5cGdD93jbiCdCX3ijWO+Vg40Rq9IdiInFmh3F1BnISUI6YmY15FK2BTq6kLsilyo8TSYMNe/bviuqZGhBIr4YLECekZZDzdax1+bRb6SlGuxiYPB2A8wB7Kw/CCgLvDJYLJ9AwaW0DR1JcAlOkLDno13ex63W7q1UdCd32VlUx5d2m6dwhdmgbFUC2GEMsEuDQLMKJochicALriUlpmGw/UHCvERWSVkRVUhO5WPDLURZONlIBLWRUHxARCQ4icTS7NBZSCXu8AG5q6GkV9CP3DI3apudq63dyPbnn3HZt+2rKf6XRF6qVhz4YMRSCYFy/TIYydN9fj5QNW/n1o9UHea413IGtqZa2vXqyJdSW0QwjchZqrMq24gcw6HtOHKoCZNX3IoGpX+aCpIHrzMpCcGyiZryHsK5MFnzo+GG6++Wb8jne8Q1mmX8l0+DXf9Seuf+1np1+a8a9+0//xU7dMX9qwS73YmVevko/Mf1Chv2Hw8MMPY2+NNEphgt0CBpWGPEu7h57xNMkF9/soCPRiksXEd955pzgEjwK33367LpqHHnronnvueXD+6wvMKPt1krqMfscddwjSr4HUy/GBBx549NFHpceeGV9NxjGzjPtdj/fffz99lj992TM/8V/99X4Jxn/8F37ZY//uszLhbomZyZlZCRuXF0EEA1FKzx7oDx6QFeSxxx4zWRGwLpozrzuz+aXNjdune3DjoY3NPzItbqsz7/GXQQOWEubtsHosXvISNBu3buz9xN59PzfdCfv+3/vOfsP0x122rt3a9T3zE+0nNvb89J6zv2u6Z4q/+cnNw5cdPvCHDzTKNN729q7fs7pJdt+7+uMTu//y6jfy7/mhPefftEpsieGecPr3nt51267Nz7xi385zmmCy2A6JNeMwm0wuCWHol1hT5oLTL/nVMFxCyQe7dycUGWfQccPOlCsInEGHC9wkuGvEXYQdN5ouK00uY/kKaHSZzIOsvgEisz5xOIKwYiaM+F1TwhaQe3OZ5zeBhr48eWHu7DlSNorh5MDYQoBLo1tO9ea5Tk/e4mChDETAHGFMBIzLeLrxx+dZ1uwarDyYCjdHXm0aY5c0Nipf94grA/qMxGR6vcU0GQFVtorMJZpAqcsMK1BXP2bjw4DSkpj8KJmY4L6Ws1NqFAd1jEiQyRLqwrJKScZERmnEbKaDDVG2jUVJbui1XpwAIwINL/VpuK5XKU11mSGTksFNRA1lpYwVuYCiFRCn0VvlhwuGlHpzHwI9GN1YakVwl7nNVYzgclQ0svvR3ecqVD33I+59rk8I9yBjlmQoAjYvTfPSVN5GMW4FmQszbSHoPFhBS2w1cevbmlpcbKEx5RDaEtzHXMy3ilW9UBH0slEEg86zn1wqzlzg1eNj6POVI3tmRpEwVupkQRrLByf0SeNTLVYQH1cqsHXy9O//8a+/+t/+6o1d5z7zO/7ST//Kcza2qZmXj2fvcz6bPaxcf/31Zu11U5eXS3JPM820fSWNBF30zLh70fRe6N1UHB/84HXzxhtv9DZ5yy23sHnf+96nesZi8IEPfIAlDYN3vvOdN910E8GDgiDvfve7+b73ve/lyMxb5nveM/2hPUEEfPvb386GrzyZUWIGukQzSo5iYjHpWT74a173if/xb3rguOKOb/ktf+4D73rj2z70oQ/p6g8e9McV5MDlhhtuEB/zJaQ0qKlJT03IHvIk4J1YlbAMaQ595tDGwY2T/+Bkazr4xR958eyZ6Xc6bv2Jrc3rNk/fffrU35r+hO32LatLCazvGo/DQqA5+/bpoiMD4fzrz3tJPf/G6ffpWwsslIDJg6E9s4at67d23Tm5rNreMX79uT0/uXhTvoA9v2/PS3/mpdOnTp/74Lk9P7zn7G89u/8PTn+xTRdeg/2wZHOPA+UvyMtmGBojLnt38sBoliQ20wHVC5V3yAkMnLgOYLcEuAPdG+BwuUYwjQOFXSm4iz1HC1Q045YANC4bveIQxicOX+xSIuARn1IChM6+mHP6Ly+ZgPRCMRDK0CJwKf5IJhcLAc6va8pl5fCOm79QUNpcBATNNMBXnGkaw5MdjKsKd08t3UD0kTQvvmUgld6E8Lg3m4wSVN9KowlmNS3FfBtSEnwMMHC7qRq2Ei797DOThqGlblyDErouyx/IAxLAurAuyTSRilhA0AzyXHKZM8PDbPQmQF1YTEr1aeju1jhItbIoeCwlxiOxYho3iDmPM8WUv2pzaY5cmpFq6OU7LcwF1GVEo7QWrvI+GKB/8cPuOM0uete3zwy3p0+LNC5BzAwDSwaa4vQJQSlyo0ignbOcglUbx6knpPFlvM4JA8s9bYVZYBCruSAm8v+h7E/g/j2r+t43c0IYZJZBRoGQkIRASEJIQggEUFGpirwQq1a7be3p2W1PT7utbXfbbXfra/dU29qebret7T5aa7V044Qyz4FASAhzyEAYZY7MCYQk533fn9+zcuf3JNi9Xi++rGtda61rrXWN95P///8018hcm0fDwYiwmtBBVQBDIh5EmZU43U9IHSxRDDlUSU1+3IUych9IzTXmSkAqo0QYOfYTUdVgpcmngaR50a8e//jf/4tGvOp5/+GX/9ylH/rT5Xv02muv7evQSu7XBviSk2kbWGpQdvIlURNdnjhOhz6LmWi+613vct/36/l8dCIMIefveMc7dF1yySVq6IOS5E1vetMHPvCBt7zlLZ4Fl19++Xve8x7MO9dfC3jZZZcxfOtb3+rLkolvzbe97W34K664giGHdNjmn/CDH/zgpZde6puVN87xPkbJmfB51ceu//UfvPYdL/r/emrc5xXP+/5ffMhll7yVhze/+c2C55+yESmLQZD9xkDOYxJKyofvlVdeqUp4jzwelEg8sI9jy/74xx1/691u/dpXv/bVf7z7VyFv/jc3H/m1I4897th73+fex/xP67+teO/bjvr4Ud9272875qrddliW/dOP+vznPn/TjTd99jOfhfjb/sLyoq0XnfCSE2556i1Hrf+BzwV52/qBeuwlx37zR3Z/dOPm85ZvXyO2okI0a2zomz/5zeXS/Te7r94vX/Hl5QVw/G3H/4+738i7pVu/eut973ff444/7p5n3/Prv/T1437puGWAgyFQaYZWV7jdUzAiHBzlrTk8TJmgw8p7JprR8AUJFQG16WC0lHKl+EEng/0FbZlOPzvOfoQOmQ4QvIMF2obJaepqv9vFtnneGtoMatLU1V3T/uUKRuT82K15s3l508xhHsYhIjEKnxQM7WTgofMBCrujhqYKVKK2M+yIJkd8plnYvEX45BTMIz/Lqd21oaw6EA2DIQYT5TZQA4RMDMm8cwT1hOlUJRdfHiSzLZBCqAhUC5IpugNOws4+vXiafRyUv3gat4ANhAkdZyKJdEWphSJhWCKF1AnObTWK6kqiCw/x1W40yWNQQgoZqpKxjNhR6xaBkSCRri4VmCZkJbA8GBFx2KBIb4veTFOWo2aSdUJu/9jlAUOOGsvzxUAOdFPjDvCI8Zpx5LkhHHMkTjp3oRO5c5xmEscfnhreawnmIZRXNyhGhYukGKAwUFm0mlvHJlTZzbjFYOp1tQnbabpmv8m6LKQgX7k0yxAl3KuAoTEkyyI4+I89locI0UwHJzBv/Mi6m086ylJxNCXuA1e5VEMd+hkAhk+piVAWL37XI877//21I2/8ti886ZWv/JeXf+bke/XrAXzbWbf9DgAvGLlLtuxgySJrvtVuIzDRPO200+ifddZZbH07+sr06Ykwj7/48UdfcPSj//yjv3n2N0/7y6fd/KCbH3z2g7/xlG+c+pdOJX/sTzz2O566GFJ+4hOfeOaZZ/qa5MGH5lOf+lSfsOeff76vyfPOO8+XZXKavjWp+cY1uu9aeM4550iBmucXZOirFz7g2U966c+/44vP+OMjv3nCE1/6Mz/x8scyvPDCCwV88cUXixbyaRTIFSe+enkWjIEwCXnrs1jWfU/z4MEnEihCcrVV4Xt+3z1PvPuJ33z+N2/7xWXbHvFdR9z953e/k665PvILRx7/L4833S0D+wLd+sZb73f/+x1/wvEPeOAD+neGj/w/l71Tr1Vx29tuO/bfH/ulG750w+dvOOKEI47+yNFH3nrkvX74Xrf+2K1u6G98/Rsn/OcTfLzOKCFqjU3zyy/58m0vvu3eZ9w7Cbznk+95j3ve48ivH/nV93111IZG7ZYLbznigUcc97vHeVK4pL92+fI7klGpWfZbHuNAgPFwmHBMQsLwMGWCtmp3arLXhSZ+1BYLo+UkWil+0Hazy6Cd2OlnM9prdl9fX3YcdJjoxet1tqRml3UwcmWsCSAJq042hp1sHMKIXNNAuijY4HwS8imeDocijJLQ1NvQbGESweudSNREJdvOTgCHlePLHGFESAHRbLEJEmlmK35qmEWvM46NCDIwWLTGc/sTaXF5QMsMrKd890SniWigo0Szac5cmWSuFpKvLhJDnYkSqzSOPE2nnqaDj75Tj3Lm1OSQw+o1tOa1e5ppCkw6s3QQiZhTy0PeylEzIoGEUN1DCqk1OiIfZmuCN7pB5d4J242CQSqOKhfscKlKaxJLFnxy1frIM6HI6XDLnH77UHOdgd02QCWISd60CsBw1od43HleM33sQl9y0DFH7vijAymQQxcGSS8kDIlppQ/70nVJdH8YqDCW4h4suBKB1dn0QfMoNZNOGFrZkJBCmJUsBC/HslC91hgkQYqgtyIYOqws9a4lX+45AU/80rFEpU/ebefCcNy7mU4++WQXg6Zrw8XQpy1X+eQclZrIxWmJWp+Ped0Xv+cfvfD4j532zftf/+s/9k/+6KzlTwv78nOI+OZrwTNpxrnKiaw5cZ1b8L4yYb8az9dn36M+QN/+9rf7OvRRSKj3fZ9+39VHXP3h4z78wds+CD9722e/cMwX4uF1R1/3wc9/ME0flwx9sGr2Xctnv8Tel6jvUfK+RH1fGt1nqIB9y0LKFHxPpyxCrn7rAdf+8T/4zZse/N6jP/vIc//BC0/6Lzew5d83tO/UN77xjQyhsYwC9XIiBZ7xPGMgIW+eegJQJfzhL117f5Y9PPGnT7zlubd886HfvO2W24747O3fmk2HeVHSqH3UmkHWQ0iICZPc7Wfvdvd73H35g1TvOPLIj++es8fe41g3tC/Rbzz9G0deufycMPl2xGne/Ic3H/eq445+1rJtSXTBuo77W8cdcfMRtzxt/4AauvFv33jMPz7mxn9+4/F/+XiX9NFvP/rmF+/OZTSJQ8sGA5MM7amFoxYOcxjF8C164ZZB9Mt9qfjmA3eowqL4QYeD7dOebTMixxGyH6HNCB0p5H10dXHYmw66tkwTugyzUvuRgq6cMGx3262IB70kkFAM9jifujjMJ5r1gJJwZVBIBxqosxrT0qIpfQVRnM4up5nDCqP4c/Ij+hlyNeaCZ+6Ig4sjBk1wldVNL9ou1syGZjIY8tBVsT06m7CcSFsEKiIf5UAxUDmkV4Gc5iSQZj/JJKema6aBN1Q8SAw7bqU1tN0eiGYBCSYd6fDAldjCKOFgEzySndJKJChGF4f4kH9jqWfXCVQNDFIZpFYVHIoNTWD55LDZamikq2q3tQ7nEuEjmrqaU+OaC+8bkcwz0BuwB42bw1lP7rCjAyl4e0I6JLqWx9EBk7BvXLzUNLsmJzCji0E8Fa21awHIqNVsNiWYpGnFNLkh4iFvZWEIpHpwCpgCkixs3jH1Vm0RdsMhPCSUnbJI37Zx/Tj6L7/8creIa8Dp79pw5fjSpcyV0ZfENi9O4cmr08H6PPnWb/ubv/bnHvLGF9x2zE2f+OmX/OsXveXbnnYyubu8za8UBi0q5pps0bd/+7c7dx62/oJ617zTwaeexe/iJ4Q+MX0dIsxpt5x28ccvPu3y05732ec9/tLHn3zTyff/2P2//4bvf8JlT/iuT33XGVee8aQjlxcDZd+yvRs8I7yifGV6RfmgNBz+IQ95CDVymiKkZlDDaULfr94iPqy9OXyqHv3w+//Jv3/YZX/+3y7/Effd3/1jv/A959y0/Ap6Q1DmDe9blk/vFciQuS/m/Au7/2ZsCEhBYPY1dNSSSFYXCT/9PJ/ktvNu++Y/2/0pgVvPWF+cHz/6qI8d9dV/ffsX5DoPuxMw2q2Ts7/x2c989sav3fiZT38Gfu6zn/vGjy4Hka51DncLJvOb/8XNJ/7CifkMb/2Xtx79qaOPfsvRtz7l1ps+sPyFou2IMbqOPO7IE3519/eJoa5bfmb350W++ZPfPOLYI3iouUe3/I1bjnnXMUdfefu/4jnMltrLgynUHBqrPeVVtqM9YSbwsMno7BFlVJAwqoZ7VG2nwsgWs+ZturYhIolxaHQc4R1B5H102Y94XUza6U3rOnW7rY2xMfXaxZ1CnU5sI70kMP+QT/IOEA63mxppIvrU8hxqkhcGYoJKzXnlBHBYDZJUw6kYNc5hEr3Irte1zDobNAZo9bzYZBaipeR3JMp8Me+s7ADtnM1hVauIMlcFlUKYCK9LmSp9SAgln8nhOSgeJIYdt8Y5US1LZiXhDY4aWmu4PBf4jDS3qIva8Hu94wHF8xxWEPVVjTBSk2YLQ6cSYYq5wFZ/t0dFgnTJiE5ZoJqR3mjXXu882Jwa0UBuO5PiAkBuAue7Z42z3ovHU5HQYTfoJoB0IAW2CO+yhDLq2Qg5JywqIUWGFkyRy6UsKqBJDDWhrvhIEy75ryXNZ87lUt1iZsQ13WW4QUQNibNQy1dq8nIZyNeFQYLXBUfu3IfK0mXJvBGNtWaz+wPtrUl7vt1uoX7lhi884/847sLf/JtH3vhtnz/pla/+//z2P3/UW2/4yu5XBczqxVje1na2njieLz5DHRzufuiT0WXv67OPP11eAD4QfQJSIPQy8I3o69DW8DbiYb4UPRQoM6H8kfVX32t6UenyvOAT4llxSE6TK2rM+dEkLACjCOytzzniH/7I3//Tp778yK/f/Tv+/Q+/4N8+/IbrPk4TGYItNbYCYOK7FvIPjQ7p6BUVz0aBdfEMFY3Ey4+OxHkjFyHJUW856pYn3vKFP/3C1776ta/9v7927MXLP3Dts/KWk2+56cabbvj8DV3JhBC1GMJj33bsAx74gBPvfuIDv/2Bdzvxbvd/wP2P/U/Lf/EZYvWlz37pq1/5Kv/HP+94t6Nl89Vf+OrXb/q6G/rWU2+9x/cuvx+wtQRN+raJbj7l5lsvvLW/pyuYm666Sdctz7ulv6d70y/fdI8n7jzs0wm3ffMffvOEv7f8mYC7/a273fQrNzG55exbjv5Puy/mwdY/jE++R1vlURj+zzTZk9SMNCN8WcMtVcbqGW2bq8rStHdMSjto2ZArOTGQneUAcXR0gJCHXRyE6y6/fZuP25ps9XKSuSaebYgIoS2sy9k1o6BZKkONRV9vapkk4WExW7NgWDAdVrZzJ5h6YqZQFELOYfJqywS/PtMOTka0FHtjvEcjH6TMioct5W3VXe4JJAdxV2vJbGtU1SqQmyDUFcqfTubSrkwTQAyamNfwF1qz2VFNmEkecrUWfEeFivB1UdPEwy0fsyWSxfVKFcHxaj5U2QxhEAbpguJpnjDCZjV+0BrOQjXJ81yC8emjdFDN1JCBKBsFFczyxlm/9twEjn7nfhcAoUNwkDw1SIHtMISwiwTmsyHWpJfNbNACKMiyMIPQ5Go2lVsc0lxT2aXMCW8o50bhP9qOEoMSply1xSlCVDql1uO3ZF1Cmu4GJ77rBDr9l3t0zZGfxprhUBG2La1P93ovmO/95INf+Pd/5DuuXD5533PBr7z9v3zizQ/9kjUsKUEiVnhFaOV3tffogVz5/uPNl9+8EiDS238L8FzA+4LkwYgkPlUp+L6EdNhifKfq8mVJ2XtiXhjUoF6ee2EgmjU5pACP+55T//4LfvOGv/ayW0/4wj3efeFf+bWfe/rrjqXJeSaGYMIPZaP0djEKc3KSHFJDrDQhZUK1glImkazRSfiE/EBVutt3L3+PdvlVuI+7z1Gf3X0O3ueM+5AsPwT+O8cd+dEj73HaPY749DLjzRHEr0tjoXXGFoofCVf3esC9+vHyUZfsttXdf+7uxx1/nBv6uOcs/6EEHXPFMSc+Yfnd79HRlx99t1OWbxT8Cb9xwk75+OPue7/7Hn/S8tttj//+4+/1bffq990eccuidid005En3PcE/0//iBuPEMM973XPuz/l7klWjWW/4Fv8h3HorhQO49CfqYAOSwpsCfgQVc9omnUhvN3XNrRtBzsGOxXtQWgP6oLJU2OI2dt9MEkbkwlvzqX2OOQQdijVFT9jIeZ7ZCDEUG/KIUlyuFiuKRgXCUZZLFQV62Szr/FOMHykGRFCahi7nu1ujkdpLfXtVKqD0VZCJ/OhmnDV3d3wRVxiMFIIRQnLU5lgJQupkZQqPwaNeN7iHhXV0JrKQrpW64Xytka37NiaUTzh8IN7tBXiG71Beyig5TLZkK5QlSYqxHzrbUt1oVHeEvkek9v8L1Ny8Ohx3CMT36Hfe3D76IE0k+gKSSIeQnIp6IIkS1bragvX7HdUJMWGdvmstE7pQrv2AaWJtrmgHG4lKaTJECZcM15SFqdMJYWc+85015KjHzrcHfrkrgo6NMsuatZCZNwCa9e1Jq1PS9eKRfGW64l/+vW/+9ZnnvnzP37CZ06++YHX/tbzf+6P/85nL7/H8qcLU6YJe/S47Mnd8SEJ1NVPzPrvwX1JY3oK9N8CfB3yRkjiGxF6OsB0EA/UNDPkn8TQfBoFGoUaRMaChJjrv+3mX7jgte/6Zy/92sMuP/qGh138Oz972s98496fWP6C9URCDZ/JxC8AEmp6G1dvJnBMNIUBxU9SFkKiQM4PfrsGomWaV2reZ43VjJkm2pPsjFfaedxsmW9N30InD4dpemOGkqwqd6Dpig5LDtPhErX+d43/DqJ82Mke0bkrqrBo1z6Q7BortXGipmzdlwujC5NCmDxEXIXjUzwjtDExe062ZAsP2trU8KO8R+Sozb492cIkcxSkXEgKiLqenAz47Wkm4DBhR4cjguFyitWNxoYk0rtNO0n8nnxLCeulhgQqPUGHhR7VrI6VBh8uWa69lYYfTA6jhohmRLRGcfvSjAl3GgeBcZjzRkEJD2OEj/aaaOd3Hd1Y22lYglhJM6wr4c5sE1IM2hOuY+4v0GEiankzRIiacusjMvfQ5THPGkdeSJMELnor4SMeIkI+YTzUlMg61O3JIgGE0ZrKHaiAh5kmSj9DNA5RCiXemvHNZHu4Vt2gLlTYz4isomylhvqu7YZwDzniMfItBShNGSkLciXogiSNbjhj9dMXI7qzjYXwJMZK7RHv+sov//HffshvvWD5RbxPet2v/9Q/ePn//NlrH7r8iUU64kR4JtATBxYth4Swt4IucoSp2UBGtC84KQxIB1JgmFUVyBtNJvynPCZ0hm56/P1//UUfvPLXXv7pJ/++ij3urT/5lB9+lG/3QuITpjnNPId8Qj5hvYNbEwqlOSlnQgdSgD6Offh6GM0H+iMf+Ujx+74nefjDH+795JPaJzIdH80eT9tvep/+fDIx4sMe9jCB6SWnRocVhgef6XxSoMyEMs8C64cBPPd1Tp8VZR508UZNtPk3Ikmh5paykDTzTyH/TIzFfz8YoEO5nwTkvx8zMOG/+CkzodzPD+gYAmGYFCdlAagMZTyJEXtWFgmSgkEJeeNfMJQrKUnjFkP+syWsmNQe/ehHQyY5yWGRUMYYVIQCYCIYyrA9Fc3+iukwgdOFbJwYFN/ORcue3/BMMBkODi1H1YF/OIcVRDnZUvI7NYkfeZQ+w6LqyHIsQPyWOqDgkG27mGSZizWGHSVHW36PDBM2xhBJpDdvRSni8DDJahRSDqP8LEN+S9rTKYAtc1eu1mDvhHSNSbSqL7Rrr1Rz5HDMY7a0FS4Gh2gcDrOKb7eqwoPR2rM/Ys0R7lQ3q2GLFELNrfLQdKVWcyuvObSqLLREfxAJmryGkg9lheK3GDOUBDXcZIHWB9tC83pDeF1bJJxow6HdGCtZjXAX7kHAGPIttYDhMbceccp/+ML//J9/4f6v/v6jbrr3l097/X/5mf/1P/3Nd1/56N3f6kPWPJpdzRziUa5Wlzuiprf3UJ+DPZi8JGJyNaSJxtsEjDTDmI888tj/+D+8+7W/+Ouu2yNvPeYhV/zgqT9x8V9/51O++cWv8sA5bzCHWUU8Mw/pYEJqe0g5Jj5iNeY70Sp86lOfeuaZZ373d3/3E57whB/8wR886aSTfuInfuLxj3/8X/yLf/EpT3kK/qKLLvqRH/mR5z73uc9//vOf97znPec5z6F2wQUXEJ511lkUTjnllJ/+6Z9m8uIXv5gTak960pOe/exn83z++ecz1/ye7/mek08++Qd+4AfcJT/6oz/q/mDudiFhwrkYnv70p9Pnk+2pp576fd/3fd/5nd/5whe+0JXz5//8n3fTvOAFL3jsYx/L1emnn/7MZz7znHPOOffcc5/xjGfkX+Q/9EM/5N6i7HLKv2DyLxf+0dlnn635xCc+URaPe9zjxMzkx3/8xykbSy7GFczFF18smPPOO08wmoT8/PAP/zA1ykwYGlH8Z5xxhuoViWRFVYSCoSAYtyOTxzzmMfzL63u/93vFwK1glFEwmvwISWWMopinnXbaX/gLf0EpjEKNK/rcCkPi6iAwngVmmjLZ7aIDsvy2zLa5R9O7bW5pqwBjhr9T2m7tvW0e/ZkKDYHWZbuQ5aq5xaGdzQHtpKst3F2624700K69oQZDu/YdDaNs0R6f1diubhYq3F1jpfbeUL05gSoSrY4XSg6/Nd2pTv5jhkYy8iTROuYdKOGd9haqwz2GhE4+Eb5ktxht1cgz5Gd8Di3DbBYKtWj4PTnic4vR2rPQnvIebXvHauIfZvG4kURbHmUbbZv1oviEaxI7KvFuTZ9HPpi8vn159M3hNOypDpHnv68BOpRdTi4GH6/uAEzxcNgEGYXENaAXUXPZuNVoIvLC6NONT18MHvX594nm/s6WMmT7wK8dddYv3fyzv/KzD/nDHz7yxm/76uPe+qqf+Rf/+md//+Xf9+VP3H0Zgn6e8YYONe+U6oJoLc9CJDDh9EZbE6PA8Q+/fK9jXvHMr/zmP7rstf/gV7/4hNce+c0TvuPNLzzrR5/5/3zFU0646nMUovEfbn1G+GjXvjOdaOtnYt4yQ+ZCndXTvJhWc+dzyvefgldkOkxaCXSQ+lsPiEIl3U4c2g5hHvcYtOVRzT0hIhnaa6J00K59IDnM7FHhQQp71fgWlPL/LZNoG8bwMfBbEIXG2rU3tLhYSbVDmncaWMLp2tmvZE533AGls0fJB4dGeKc0OltKiAw9tG3Gryr7xHyrcBi3NGPd/qWrBBVrqdNKeJRCxBFqS+xRCplX7i2i8TbMkGYecmULwUbpKMQMZrv1ML0x0TLGhrYxoFFIOcoD2jYn2cMKWxpXmMaa9FHHKyJZh90R/bzl1lhb6tAJNdNB6zh3TvWG+W+ghi6GaELaHvdOqHCrgAgRPzFDSeAy9kprgLfPHSp4dFfyqCYcBTQOc75ksqGGLvJO2H5W/MWDf6Hlywe/2oHc12E/LqbWd1tfh3gJliw/DdSgAoAFZhZg/ERCH41hyqjXgKuClcvg/rce98zfPv5/+uW/+diX/oWjv/iQbzzgmo887z//h5/9hVf8s0+87Ek3HPOA5Qe/rhZWXTA9I/pZK+yO7wewKbh+8k/ivtdLQgFSQFsTmAn/8LYTj/vI8x/4v//EpS//1f969Z/7j19/2HuO+tr9Hv3qH/ve//GF/8NrTrn/V5Y/+50JDzCez1wNFVtdmcAkg+nE5AHqEkaYz1HGjz4hh9Ks1KbPxM1nfZM4pLmdWdPBZOYRmTW05aOa0EB7XUO6trg1WboPaGuOj8RQcw+j8Ylms5PEl35IskejTCFMmTDco/GT2t4oq8rSjPQiTCmg6jm0zsluA0ZtAUwKEfPxEKUwOLTnasdtJrGQxltd6aBMxhATjRCOPmb8oISr+u2HdhiNJMoDWuNaaMsXZNGiqecg5eUE0ajo2wlA6S3uD6jxGnho5GjGWwPYT6wc9qjzzm6BnYN9iMwuWrUW2iaM8hmTZKgwiiFmDWo3ZzBbxCfPxRAmGUSp7eGW8gkbpeo5ONQTDmlOVRF9tnlrLAFEmihmmhTgOuBCzIcaHe36DkJCRjRWR5gYMKh4Ejrj6DjvBnWR14tIotbGIGoI1NChOLe0jRwzCiMfqkkhynNjdRz3ZXmf+9zH9yv09QN93frWfND6b1lAOnrTdKxjoLMe8cCP7KC8MDzzX/zb4AsGJUeFwQqqZybprzO2XN7IrWDduvLxLnsruT8i5O4/4k+/dvZ/u/kv/dzzz/vXf+Xelz33yK/f/WuPefvbv+9fveo/vfznvuc33/kzJ77i7p/4zFeXP230+fW34PUHkeD8iaSEnN9www3dQK4iPJN6qRkIYTQJdVH4/E1fufb0E37ppLe9/l997u/9P/7eVX/lN75w0uuOvPWYe733otP/zU/+0F96zrNfcuI3P7L8d24mfBplMEnvmJyj/FPIv0jwcE9Zb/qYhCmMScp4CngKKtb2V1ilRtbhYIu2qTSzqB8zmOKWMR2zY17Mzqyo5ggzNM266KvnyPdwmJS3SB4l2TUOFk+MLv63JmOIQYZGHXehCkBlibeWyLeUwlZtqwx3ehs6bDKS/EPNoYmzYrbglw158NqAcw7U1NXWQCmzjTSjulLLkJPBcZUCzZ39wdGByPWOWjFssa6a8Y0F0fhcolkpebZtcGtMc46+XMUgPrd+BIYvPDiM0tWMakLKy9GvUX3VehYBSkgBFZkhw8k5RCnk1/yxNZF4k5rPZeSDwuVzGJSHct5mXqozRMoZTnOYIQoznNExItki+VD6iJ+oscJoHX+hbTMe5QHmv+o5ROQOIwu9lV1V0RLoHdefxFEnC3KODHZDIMqZsC1sZNDxhlJLp5AaWjyRYEJysely3kFnH0xCAVIoHWFHHGoOIv63ATRrSNilE69LU2xweksNooSQfM1jSbPsJn4xd5RDp7ajvz8x+4lPfILwI+s/Y/nhD3/4M5/5zEc/+tFPfepTf/Inf/LJT37y05/+NAl9h75MO+hZlf6a35JLWRh3rfRuHYZIMLooCGkQrZXe/YPP3Qfue3jf9Vf7eQG4FfopN7z//e9/0Wfu95O/dcrf/Td/95Tf+Kl7Xn/ubcfc9OVHvfULL3zZf33RP3zX69/1v734ZVf9nftdevYtX33Kg098wPKXghBXXhjQC8M74xGPeAT/GBL8Ax7wgIet/3a03v7szAMe+uAbTr73p3/oYf/1uX/y7t+49R/99X/08X/18que/mtfP+lywx3/sdOe/Md/9Uf+7l/8679z/rM/fN/veOCDmHiv8AbnBUMI+bz3ve8NhUFiFMMVDKQMXX6DTCAT+j2PJv5eSP38n2F/FKgRqaVMEymg0lkMyt6SM61mygx2c5t9aB6bU1OPp6DXnDaVrR/LiZNZVwiTMGyUveUXIhIUMwptRsKtcg5r4o0eAwuDJLUxQRzyhjwE8WU9PwkIzTU5hagmk1DZB0dObTCGH11hyiPJIYwIUeEVtkWunu1EtOz5Oz4dCEPN2RdI4szRskM2xzWdvMEMbcCcjEOUfh4EUzHxrMgpZJ5JuG22qfE0wwy3waAioUzH4oEOB02nDdwegLzRRKx4KLBCGhRkcU4BI1MJlZftUlB9ZqUpV+7qrplN8Yms4GBjlwZ+QtFlYPoMDQw1Q8LMUSZDJeNIxXT0t3NC+ZOUc5o5iZaYVhIhMsqQQcWwLcRI9G4zWqPYkYGggZJvcUtFgiaGBi3ZNoZDxAHkiHGmIAu98lZVkRRzTsrRNJcyBjlEpgJ4g2rCgjQoc4MaEeWNK1SvLpLGalPZYEgkCCM8cqire0K0gk+SiWaLISp+DLcYnjEF0HBGL8KixbSCpaCryOstZTolmzKa1Bqlujmynd2ulkc/+tGnnnrqk570JHjuuec+4QlPOO+88x772Mc+Zf0tOieffDJN57h0yg41HZpSblL0lhf/wjac0cUDkWCKrTBKkyET9eFKsnKhaVKc9cun5Pp7410A/ZUeN71r4OMf/zj+Y+s/ZI3Xhe8fi/As+NMPfeKB/+FDf+VXLjjt4vOe+V/+9j3+8DnHffaxXcCf/q7/640/9Iuv/Qe/+ks//wv/+9/7o1/7qSv/z2dc8wffe8NvP+ojb3zaN/7bfT98+SO+fuWR37zuXnd72fEfeevjb/qNh17zqjO//GtPvuol3/XJX/mRd/yLv/G7v/qvfvU3/8o/fs/P/MerL/iPNz72Mm6PvuFhD33HD3/7P/3en/nf/v6TXnj3C15xzOfetfwuP88UVFS9VERLIpeQxLNG5F4w1DxuZDfp6KJADS9ZctWA5L11evdgCPvHMXR9aP2XQEJyI1KAqEvUFFghTVzTNEtC01zYUCbaFf7whz/cvHsHUKZmXmi22EwQJ1yZSjwkb2ZRK7BVOphyOiRR62FQF8wktUxIxha1zsNZ+XpDtPpenLffHXfQQxCqJLSEQsuMnIKnBtIMCdmmPCajDKlBQgyFlisTFc4QjglkBYunIAteSdvjKoyWg2DzVj58JtC0reZAiDhBJIgmtZQzbJbHScPRZKJiFU2FMVzlnyayQliFnCAM0hU2Sj4LaSIJyVNAVhF0ULB1dMA8o3W03VnHUBgFs0a3f2VEhFE8lMUyov+prEJrV+tWQxWnRwGtNVzOd2jsKZYQ12AWiV76RuWHLTQSV40n0HFymPLjQOS2Qx8qgfyr43YUlJ8cRsUZbYuyzRnqKpiIMtvxaQhMo4RbSYSfJpOcGAjDP6a16wSxrB0rzhGEt/SrcIXNMFflKN9SjlTAxFcNTSWitpZhqcOS88EagkizqBC+kAwnKkO3wdqEUSHZgaIVIQUxC558uw/FbBIHWydS0JQFpoEKQGDilAtsvYq81IQt/pGHpYw09ZZgNWnKOgU++9nPis3J7qR+//vf3z8yfOmll+Lf/OY3X3311W95y1v0Xn755Q7xa665xiHuenC+O+gZmgUe5KgpX5LOo9a5+I2IDC0kMUBxFkbZpcyKfpmWiOxc4chXmiu5LzmPA/ioRz3KRxt0PUAfdl4Mj3zkI/GPecxjfKE+/vGP9833xAc/6sVfPeniXzvx117xD57zl1/8nJf9vW9/3Q/c5+pnHvvZxxxx6zE3P/Dar5z+hj959n/9zJ976bte9H988q+99A0/+kuf+OVXvPW7/93H/9LLf+/H/8nHf/4Prvjhf/vxv/qSD3/Pb376e/+vL53x2m886INHHPXNYz7/qHtcdf4jLnvRY//Dj/3cb/7r7/rx0//p+7/3gnee8MRve6iXitE9UL7zO7/zcSsJrF85QCjO3i4kUK9bzbOmF4/42WJEztz7hgK1k046yasIT9K/+ChNDsuXLSHPFJTolFNOcU0axaczV0xoQlaQ0J1qSZh91J5qy7SzTKUJ7e63HlzkLniLtmXZbJqg1tJ2sUUmTlfTN2g4OOcshdYkwmjqCimkDFOGusJhWu2heOCMhUfMEYeWELSEoGUDLZtBEu9O6BygozKY0ONDV2qWXybJIRNqSJOhrj1laOhRhqjnuN6ClEu7wBZQWHOB2jVwGIh0NU2IPrJTlsNoJTOCSMhp0mECmbPaO1jWcZZ5p8yKubp1Mmgmp0DZ4UA/ZI4wKJ+wUfI2h+QSykokS7gH/2aiBQadjWxteWi96coVJzT5WRPafc6FwiMpPEzOowoIkZIuNfE/nFpbAYqu3FP31lOWVbAhG1twpQTREvgtt+SaK4Y8zDoj5IRtlPKWysrOkWEPMagEMq+geo3b0Cg/ohoUXkGipSSHihIKg2TNaaGsVmcL5X+QxLjJYePiUfyMWIKNYokroLPDEnceOYwQ3gZoNStOMTDkB0lfjp0pTvbI3MMuRXVQakwFZ2LoiJMdd1CNqCIYS1SF1D60zSK7TlNs5l2cFGA7E+oiaUl0OoTih9w2sxijTCVVpjVaOuZOCvgib5bD5jREzDnhk/+OA8c0pmvgjDPOcF4/+clPxvioPeecc3zs+sb1vXvBBRfoetrTnubgPuuss5zvmorPirnDXabbo0dGTYQhBC+pshiMWjZCghJMDeHFLBd5Wa7ubxc56kvu+uuvdyV4BEDPAnc/9BrwOOi5cNVVV8H3vve9dPrFAx4KFN7+9rd7JVz9yrececmtD/p/fehH/tXjz/7pb/+Bv/t9Z/3TF5z071/0sD940f3/+PkPuuQH73Hps+7zru867pon3+0jZx1//Zl3v/6cu11+4f3e+T33fs33POS1P/yg3/vBk/7ji8/+5y+68K8+60f+yfmn/MQ3fvC3HnzUP3v78dd+3ij8Qx/Z/UPT73znO0XynpU+8IEPCOa666678sor3WHQNUbiYnv3u99N0q9DELywEX2ZMhe5rtR81HJlFHIm/R4FyjGEhqagUPnHM6ximirZbept1HlnkVvPFgZSeRPRreButmi7oc0yNK1WDgUrkIkJYmvtWVedHh2dQ4Szm+LNZqiX3OhQF4yxmAlhCpnH51BvqAkNPWhTUJtgUuMqkqxxZQ17DlpIoS4Px5aZc4AOwqgSoS5HhKJRs9IyISehw4QaoqZJqCvPozz+qdHBoOIRYdEKXkltBCu/TWGHmg6IbJlBvU0Too9M3JxI+IT8LBtpvRqYdJhsN2NyRBPxgBRcAQuGkB8KlJnTD5mjmuLJZ/4LL8N1Qe0uCyhaXZk4Ipg7KzSdltCS45Or0jQi5TWhZaVZZoUkNhjfug0RIb7gldSgy9/VbQW0GqD1wSM9vFQboHANKUTDY8Qx2aYjGn5R3kweNH/Vy/BLyVdaanlH4oRP2crQjrK1HJdKQGIgJpyU8DqnyzmIyPE5XPyuBR0s50hUkBNYMFCOCF/8rMYnpkmCJJgoviGyykk++cdbuCrgQHHoO01UtZpw1WpWFhIeECFqrZhgxLlMFZZPzSqgFKa8KqHJeqnF+pNqTjATGyqYhrNXTYetZe5sVGFzbh+K0A4kESeFkJwkE7lQ5lb8FgZJq4VzDCeV1KBIAGLTREI1ibIQuezwSQQwm4FEF17wvBUzn/a/sVxIblbnu6fAFVdcIQuntuMVQwfjfHclu0JYvepVr7Js3vCGNxjOac6z01wYjh7+Eca4DprOIxMhR64MxByZEW4hWqd0d+JrYlITJLkUkJsblbXhlEicffz5lISeCK4EKfjUUzEoNhPKmyUhWvH4QBQJq4svvhg+85nP9H1JIi/KHBr3yM8ceeJXTjR33hPuMM8OaZ74whNdgT92nx973ete5xXi5vNNaeJUVUhfuttD2R576rEeIvQZeqD4Qu1H8fkXiRqKRDzmRag+OuWi66KLLhKt1wzJU5/6VI8YReDElpS4TK0KH6yKQ8FDh2fKAvD0kYUKy0skVldLXaEcYYaWDrWzzz7bh/KZZ57Jp3xdn+aCQ2Xkv+UtJGtjXey7c9y4ouXBvNsU7nuJNCmKqcKmT0jS56Q9Zd6FoanUnCPeNHVBXRRajSIkUXM6KtOK1WW6OaRZPJACeT7HMwW9khUkpkFnaP75xI95DlEB65WC0fvKNxd4ZcGTSFblFZOtzUhZ1uZOxVQ1tTGhbO1RVnajiMfolPPDJDWIZ0g5/3TUVr66bHO2paZinCwn3XpocGsWKrvg27kSb6IpLDvn4L5hQifKQ3LmNPNjLLZtRhMK22tIZQydeecbIsxJwVDmx+yLk0QwIucHQ8hboyBR5YqHPMeQM8zEocehfaRpx0GBkXAlALalViStzAKDXBUYnUpBUpCElYIJXByprEJbK1ChzQRJeoQ8Ml4rthSdXAIYoVSgik6Hd2MjTqywWWdmHU35+OFkQow44VOeauTxZSacjxaHKnBIyLmoDI1BTOSWqzBaojyYaSMOcQILo2W0LZmmeJjkocqWbGMNbf0zQcxRPuXLoZ0gd9vARpKXqnIiI4tbNWRBjUkj6jKcBNWQDnKi6ZWpavCgAuaesAUkKjS5M9fEV5kiLDAD8WMGDSckQwsA08S3dduiZny7G+1AvZnoMptS4xaj15puZnnmqlwKRiR8Sll4uqxXi7UbVF7kmhTKQjoFzDkPBkL9ENLZ7TR/8YtffMoppxjLzeEOEI+CyKuFZ3RxOrs5hG44wbtgmPczTKOr3jpRy441qIIga6DIwyaLLW+y0BSSggvG3dyEGtQokmpn2pOS8qgSOR3IlfeKLDwRuPIRefrpp1966aXwbW97mzB8yDL0/afg/KiGmH0E8/zmN7+Zyatf/Wq33Wte8xqHozuVjqeDxA1ER9l9ILrL3/rWt4qH8vkXn+8Jcu3nr73kkkvEf9lll0nwox/9KE36rFyEPGgKxsVmFJdcY73pTW9SeZ+eYhCJfGXNVna6zLKLXDB4hrJQine84x3mTsp6BdCrxacw/1JTcMqeF295y1tUXjBi8CbAmyxzrQKeUCaCH0Lo3vVxzMQNatJNlviVSA3Vk5Wm56BEEL4Fb+0hYbtUBGA2RcU/ExkhC0OTPuTErLVacojoCANjrBT4oWAUErtMF0loqdA3BE1NCimTDOoiX1yv1GJOSGFMWv8hSQ7bOIRmsC/OT33qU1CdFQTiFcEJYMkJhiZ9MRMqqSUn7NSUMUN7hNyE0uFWPHQULT+6tsq6jKie/JtWUVkM5q6dW/yCV3xyxBuyayhH+JpQOhgKTeIeEaKUbSuMXSMpQWqG4iTBQLS4Xn82acrEEKkAb4S6OLQG6HOFkmCsWAsVcpjn6c2WQ35kBAveSqZjXTG0B1mpMFRJxyCGK8rpZ14wVWYb2JLnwTUM8ZjFcp07tstFOCtDla0bqInMASGPdJghwfFbOQRRmUqbBK1lWf47HO/8zNLHGJKfiCt+tsQJcxlivLnkKWeFqHxGURGjIGkgJpLJds/bGulCu8E2VC5QMOLE2FTFnDC1zI0SjluodyneAY0HCeJlirdkVc8qtwE8HWwnhLfQK2lq9HkrC1mrapmaYFmXuzpgCDEUqvOEhPBr4Xd/kIFEnMXWbjGhhmsXCQBjpwnGDmyf22828/zcCa8Xn4kmRK0HyCHkHCPrcqk4BVOcSMxmTTqygyUIpQMJ6Uu/MvKJXEtOAYeyO+ClL32pD7j/9t/+m0P8JS95iQvj5S9/uVvHKU/BjaLXxePycHxoCt415li57rrr8G6p0hS8UDs+UEezmIu8BKVPma3RHUnMu1fSFGG1Fbm8rE/puKRtUU8Wtwj00QZ959mxbizY77xz77o7TzvtNF3eEO4nX4GuTzeNLm8L36l9g/oEPP/888l9XLrtyFl5TCCMW4pbXb4XobXBuUH7kuaK4amnnsoQGYhnA3mCGEuEPUqgUdy+nAiPAk0KTPgR2znnnCPOc889V8xGgZT5L35qRskzP2wp8GMU37s9fchJ6AiGmpjL2ii6CKlB9dFrjyuaYlrk1oPatoDxqBPAmdDe12W9mRGTZd2a2c6Wdm5riRqmE9ZkwWxhPlFrLyEFaxKvnoSGIyQZ5GSa1OAsYMKcwNXx7ZSw1ZJJ+3ec0IGRQfVaVJjeux36MInYrDR1oIO821RGUxeFBz5w+RPjmeDJYTrps+VBE6ZczfOfnBoeAwWDBF8WStSkIHtBtc2CTRThaw5SwMCo3Y3YosXm4A9RdoDYfZphh5UpHswhJ2Lo9kKaKIejbIOjdrpNbW1APM+cUCgqhnPCl1ch2eyUnY0MHYysWmCOQaipNycGZVg8MTmEhVTY2xQIG5cJXAxmGcFWDCZexXO3pnn7l66xK1CIdBFyitjmbZa+nTB+IFrm4WBKIA/MK5MdVc4KQVIdJWAIVGJMwnESE20HUpSpr9gwgxE+KkKUk63/oRSGxmcJdjTbSLJuNbdb7AG8ha62KoM6I5jkvwJKE8ld1uWObzWYeApNOZqo8IQRvqjKxSiGaBKFZGgBRO0ugeHtN73iLGY8OdQFbT+oC/IAO034zDMynEEFIyphrLO00HaFaOpFNLPiBBnFcMhB4BBxOnd2w2c+85kO+mc84xnO+gsuuMBJ7R5yiNNx9DvB3VUODhePFJz+knL6c+VkqfIdH+IUc2hEZSHE0yRkKwZDa0JNRTBfhHQUsDqbAqm1Gu1JW9HR72J2Pbunu+NJPALgNddcQ6f/puvb1y3us88z4uqrr/bBhyjQJPzY+lviKVxxxRXw8ssv7z+pejeQ90vgEcZn5bXXXkvt+uuv9/EqEs69Erw5DE2BIbf5Z84zzYLxrvJAoQ8p82x0gRVJVkahb2hx8u8d40uUf3ImIienxhBDU7TioSYLnvtvupTJeTY6t9QKRmyUMxGSZt9Y1raFrbAqbGG0QpAFg6q2LVCTvO3WIpzZWTfE7r+ZdSyarJZfPCEeRrogh6kJAC8SaCxdJLqYhNlCCoMM9eYELn43lDDldi7PhZScDowMrVdBML0RrSvY2zfUqxoORmTtUYN1pTxIjZwakxBlois1i1NU8cnpcIWBusjLXbTCblKUWv2bAlseYQ5T8q0aWntuJ9vfAWj3hZrOFmhOYcdjOqhBm2VhWCdJcks5k5YEPxza4HNYNUqHIRPmaNnSK+EbxclA2a7vTGDuDIEkEOnNCcq2mrR643kTWDp8CgzhGzdlzNJoAUFLIUStmzwueus5zgWmsStWWOaGafgMOWnRQ/XShdZyLVTJICsMD5iOyPJ0KyiEwpGghkDlk2F+YK6ieDjMFsekeJCAZ0YRiXzRKKePCMdkSyQlKFNNi1XWPRqse0vZoodWczVJjT6HOa96cmyVSB9KP54cQwHRFxha41r45Ai/Br77lG+URuwcEU/U7hKV3WW/6YXCFjMkp5yJJorhCnZqtE54bk+Wi0S2ITVlIofyIoFL6GvwlKtbrjpNHNbdEI77173udc7r17/+9Y71N73pTYQ+efFOc3JHf8qOcmHjecBLxLHOVUeSBDk3hFDXSV5meYul2TnlGMI4kmBFYCVI1MJrLqxMy9IljXE926Koa9sjAPqmtGO9CfR6Dbj+vSEoQF1eBh4Kvj51eR/4KNTlYQE9KTw+fALS9LCg4G2B6PvcZEKZCV4khuBfbxKejUiTLcP8e0AQCo+awPCCgUyKQTAIQ2joghFAwVAThqTqNQQkpE+BB8gz/wyhMBqxxxB9wSBWUJexxExuj9OBPYCsjWWDrW9Q89Ii6QRIwSoiaW2bMosQ4VtvqB2UqzZLSNLyM3EtSBRTlyGgSAg7ptUWMg9jUCYzSpJcLa5Xwo8wBeaU+dwLBiK9AtBbsuYIKlHzi4eiEh5UiphW4JhQHsyEpl7KCKOZn9T4N278+GeIgYSoLKptu3UOlmUXrdSe2uJQaukjDKoL037sAGl7ttfMKX6QBEOfh8KAywG3Um7ppBbxxtAKwfBJomlQzBLBemejFltESKEwGEJ7X9PpAXOFGignGVaWaM1yOXIbCxk3wienwMToy/+sBvWFCr3F8sxdNo3K0UQZIhJkeCZ5s6TGM1e6jJU3hC+BDPPQdirP7WtrRikAmiE/mC3u0Z7C0JL5wY8FMLOwCjI5E8zOYDVJHqUPh4GlKXFZW8fWbuu4Bd3uVVg0hrldYl0XUMmico9JuJRpTfyuaILMs7JjmgWRYNbdtPuJWagpToFBCvYn7JijQE4hRHmQGglE/Fe6xq1QaOJBdaVWBRy+NrxD2VncJQGd3U5kn7aEsLObGiF00MN+bBAJuPMCigojHozaGkLK1TnSJESdU64H+gaSqYHwTZYuTlquoi2RllwbuJVpT/ZYwUBXPuyeno9gzxpfcnjoOiehBilAn4YYXax6NPiChD4NXfzeEx4Tvi+p0UFMfFPqgtSYCKNnUxKYQ5psGVKGhiak5hEjJJiESTFQRpQJ4bxgYCEJQ5AMU6ajidGVH0P33IF4pSCnM8lS1sQLQ68aKqaqtjZaEi0/lSdpka9rZ6GWPSv1nzffnAmYjgUMNUJ8m4UkeUgtzWHqyoTPeMItbplM8jz+tz4RfoRbE07GJEqfJP8trQ56hYLmC1ppYtMLh+lsDDNJGZ8kHUQfak5XykaMT04NLgOsL2xEARWqyNG6jxeyNbbUZtmieRzeQRThh9piNuYWRx6ilBtUAMuZsjnl8kmZ7XoaLWQVwY6pVhSixhv9DFtXQ/mhT7MDxLGg2WmwPevQksnm59viWWuzW7H1IpqlEI0tNQEsKbEx/bASD20dsVm0V8qLEDFCjKmrlNhufRYZud68ofEWVRoZYiC3Zatw+EZB2wS2iHIYH41CNBJUnKHwIvwIYWpbRFudKMMtrrtpd0BbvoMWMXnFWcZblXO7xLSGJ8HSnHxDlM5d0Tak/BsL085pF4mhYIY0bTNdoi1mSA51kUfxCXnDQ02jNFbjlshkYfrgzGDFp9xZ0MHdDeSYdmpjHPQk0OHu7plznDKePnQkIU6cHfxAAU/kAkPbkIqKBImfGluMm0DuHELmJJWiTDmZjJBExN86bGXak5Et6tqGduz248PVjvdV0cuAAqQAY3QReklQ8KrA+/gj9/lIwWuAAicQUdMFMxFJr4SR5DDnAqjJc2FQgL02oEtOL530NXvH5K2HSCEloayXPtTEUCDE53PrP2UOecajgqFMQo3OcoytB5k6q3bTZ4KUutWua0vyJdxi+wIOM2rxmOHT2aOtSQe0kDS3GOmCmewZjgTuNUch5b0w8FH+2yYdfUo0OMcgGiZh2D0RjmQ0o5RHDRoxSZhOpInW0HbRity8tJVQO2vIrO1hp/2WxooC6tAI22iZaA7GoAYVQ7Rux4XySYFt1FqCc0AR5irKVbZDjZJy59scJrDTAKWWnwIomHDrKloj2tFOtC5varurtMpmH4PSaBgG4VC+xmNqGTZbgyQY3nI4lEnED5QwV+ES7IbWQRZKn/mufSBBwx/2P5IYVDBFdZjGik9YEy2WB36oDW6pfLfLd7uI1wrtaGxzbiyZNseopRNOTahtq4G2zXg6uR1q3KZjQipCqAmLOUyid6jgIT8hKv4JaW/0dDLkYTzb8za5IxjjZBnSdBzrwtPsgJhDARIiDOIHP4iMZYhwqC6UWn7y3NEfj1KW0UxKuZSU6YDNhd2IgbYoGoZOGxWmFiah4FLvgkeY7v6+UbwnSPoQ9KSAfaAgtpFBNfMmGM7xOenjBq6+F9KEWxP6NPfihw1BGebNQwQKRpdg8pzDrfIMSpkhn5nDdMaEUK+hK6Y5UuRqvp1EzWXFrL0oxkSYBR4mfigjlDdEIWbW4d6aHM0tbdWKDSYPh0Y4NIZDxUB4eOgkKWxxSwVQUhKEKpZEF4qZJopPrfKOZPhh4PiERhz5YEQBUQijZmHdFgttJ2gPkXkcHoN2ZocMUZtuK0GL0gEZd8pVDMl3qiu1ctrCg6helEkx5HCornSYQKsRwwnhOFm1Fg9wZ7nSXnFSQ1lFO9FBAMuly6xaw+Gjw762fJQkXMPYraotLS4O1NBI9rrgXVFqQ3se4GEdtGd7pzpD4yrmz6TRr4nipY92FTygqrqtTPpNSVO7N8GHiQKrwwrL2CvleQLAN2gzu8SxOVnQonfHg2DrJAYNH5NO4xbMGvWyf9xq3Z3I148vGx9MPnT6eNKkQJ8fx7Hz2sneDyH7aWc/LMW7ihz9XQPOCCRsR8OQ5vYgRtIpNkPYNi51I/Z9hlzkDU2BN8rddvzzNv5zNbQW6Q4HUEMMTe5RM9h23SL5YRoF/Nz68ZhoeQ6shN+qbWtOEm15pJkCzHCLW+WtnzEJE6Itn/Kgrq3PQUIToezIdJgCC8DywJN7TlGr+FYCRm3JKUDmmqiah5HcI+PGNBHDrDOzY2BqCRG+5uDQOLxTWq0Xik8YjTx+z890oVVxRzvRhjI8jIeb6E7VEH5o25wR8Vtm7bzdHE14UOWhsq+y2ynNPUPN6Rq1wShXq8rtXfkJrYpxOwox0VY5TGFdHbdTwnq3DutKB20XWNvcUsRsEc0KjNn6gdvmXdHoLDX676QMintLSQajw5ItTQmGUehpDh8t3Rvic8/5XhMtGgd0WPItqBz3aCnYpqAjjNmjdA7T4a6t/nbi4Zaab6gr1LwrNTRqW8lhOhwPSjncKsQv4a5EATaKm0mzpdlFhd8ydXWrzTVJGEajhonPJ2yU/x4S0iBim/lQEjQKMWjJ6o7UshlqHQ4epm6a7h53xvBbnNtomJA5JifDwyg1HjAh/8Koi2TPZK855iSFESYnjOIHl5xX0gwjXelEumrmDY48RFPPGLTl0V4TLWYbD9GefHCoJrVwUb3joNFeM8o82vLRnZqgP1O+7b0rPjo86GG6K53x9mc6SQEyCTUPB3OY6Bymw3tnmnvyaCtcLNfmHt4VjQ7axlN4aNfeUMJ6o+RoHA7NaTC9/51UGdFujAO6Kwm8w+ps1MNU1ygUX6fY9iyLdNFEuW2ak6zWC+1UV+UYRy3s5O1DZPvxoTmUfsScJCd7bof2JIVRPEW45YsWJdyj6YpBW35oPZd2h9oQz1uiFtbVabVVO6yAv1O1aNc+MAk1t8rRSGKKc45jku2hDIdJAeMbBfp8xECfJn1KLl+U91r+6x269/rXCjWhLxtIgRxq+vSZDxpu1wxur7kYYPJwCXcNeI8IeYDF3M+iDYHxjduXboTvk4t+Jo01ZFVYJ5bTcu2vC88KhD0UfHPjw35eig+jfuIKCfuJa1/S8fX2s1kYkzI0UB/0KUO9JLqgJvzSN7/0+SM//8Vjv/i5Iz73peO+dOORN37jmG/ccNQNXz7+y3969J/Cr9y6/Gx5PI9/tvnMP/n4LxI0EY6JNCGTJLrwmKGaVQNSI4nHVMM2WhPXylF/DCJpFpr3NJtulCQ/RoECMDUkgwaayYqaPoZhu37Z/Hdkho8yHG+DW0rzMO252pIuhqFmfF1Di+sDKoC7wiW9g8Mw2ipwdVgZbfW3CnBMdCWJSTLCJIUqfvPSNEVNFmqKw+TDY9CqvjvQkqDUWgYtCbhszoMDZ9VaiFVDb6kumocpD0OUx8NkgZaYVsLnDWmGybc0tpgIrzi7xsYzynxPThkuR89IGymquUUkmi2/xaG1c0djXvLrdlvIaYucjNDhays6KPFORhjfodwuXSdiIU52w2zmzBDx217CLQORSCIpyx+1pIamudZqR2MylA7a46OWbEeSA2JwVjOiBrklYdv6Tmft3y306erocbRpOto47BzMM4qB1AYZhrpIBqNM+IF86gqThB2v0Zh0tvYnmPpvfl9cf3fCn640f2b14x//OPzwhz8Mr7vuus9//vPXXnut3o+tv3jnT9Z/PQf1p6KY8zOHvoE6+htrW8wtlU4JqlUKufrCwV9PREaB5EjM+eczQ8hPM2gJWVGtUmvPCuwi76Hg8u6dYaFCzeWVsZJXRT9L99qAuh7wgAewgvj7r39g+37rr66D/SGplB+0/k6k/hZNPJNxSKEXzC1n33LFM6746l/+6iXnXHLU3zrqugded/T5R7/+ya+/9W/cetkFl33lL33li6d8kRoTtkzyIABjFYaY4/VCyhO/JsO6qEG7jwLcKsOo2OCkKfLSxHPIEKmbYrb71p1x+9ZomdUkny1mFhCeSeamwKTwhp9Twiz0tGogDJrJMlNMNA2tiY942DIQpTyGJAzxoeYebs35Hx4ObRXGBL92LvyQ3qj45YKXGoyfwPTCYeA25VGeXqi5GGyW8Z7/rZM0hyiESORoJrE5QuYONYmD5Fu8U6IJM2kbtiTavxCPSSE/xm2FoOUoXw/zrRDhpxmPUt5Scjqcj/+G6zTYngkNPQwan6ZSWVQJA5vN5neZ5oMrqWZIjflyiVbQ4sh7ZOCYBkMkMOFUZEspcxXlFpGXTKSsyK6DzkcV7xzsHA87OjuFIwps89PQIeckmDC609gIJ8K1bruLuQJtqd6Cj5JEO6WVprgjt4iVuKPBylboiLyu1jGGSZORk+EjaiQMMe0WJxoP8RiI6KCYhG2wtlaYJFdDSzTr5mTIJxQzebuRoS48wjtSO44x3/Ed3+HkPf300x/84AdDzf69oVNOOeWxj33sySeffNJJJz16/UU0LhjEkBVvs9vxhBiIyKcZjnLhiaeACykThzvG0Q9Fojiurm4+XV0J6VBGbNH4RGpuCkyuhYFajZactQd7DXhP4L0SdHkx6IKE0F1OjjDeGfATn/iEZn/l5qMfXX7nXX/lxguD/qfWf0YDffKTn/QQIRzljxz8Hj3KTCjrTRPD8OaX33zWS8869h8ee9GrLrrpb9500sdP+vofff25b3juLT97y9P+8Gkn/PwJ97rsXr112GJ47q/0CMn7o7/HzDNJzx3O6VCe+HUxoWZQuYfUSLjVO8oYTUJdTKjxjOdEfRTNdrPLzJR10gvDdJgLTUJTYHm3DTv0zR2hubDNVdsJwImBMAZSeUM4EyC+3hA1WeRsYQeL2dSEe2fFMHVhKEMeGIYkbCE+ojlIGXbmjJMt7jXHZIu6YNRwhsbIBS81GC/B6ZVdDCEe4rfKcHppopiUUzBiJuMZUkgzZZSw8KqYlDsG2ztDpg91wsw5Y34JdxqbtwXSrKtt2HoIWwxhtFosJhzarbANi9q8MHk6MUxi0kl/aKwoIKPAiTwJ85yglPNj0SKlQMqClAhvQpNM75DSkYeqysly6dZXNNE2siGSIhiMRDnMqriLL0wiAZk4+OTWCYicidAp6Vi0LfEdoHhof0I65gMxVJEKVFEGkzQERCRRUR2OrdLApWwHFSGpiVKgOUQyRGEp2YF+TBK9KmsmHBBWcBsgIkftN/rN0+xMTL1Dmi162KZyDPHjdIOztSjoChtF15iEyUOaUbYptA872vDJKcDIoLBz0AnrHO9fLIKa73nPe66//vr3vve9V111FQn6wAc+8L73vc9nLgm1q6++2kndl64LxnntMoBdD7w5IEEQdQAA//RJREFUW40OjaJpaCjgAivU8pUdIazCTCA/JHNbiNNlYCx3hq6uIinkOZ+8VWdzYX4tDIvEMrPqXA+uASsQtia//du/HbraLVdXu5cEJISI/BGPeAT05oCPe9zjfP9B9838zWNPEA8RT5NHrb/a7+EPf3j//JaXCpPTTjuNWrxeSFMvNfTQ9bcRGIh/g3rT2Cyce17wTNI/XkGfJjWMJg+6KAiGiZiZMxEAeX9PuuA1mejih1sKsg6NTqI3nfxnS7kAKPSPezDpfhWeSips1Tan5qUpax6teZW3/k0EhrBZsHltc6W25bma+g8m6VFlLqJeVx0pzSA/GLh3MkQ1DQQpazKnP+awFCKakBpkIjZLJfNwRhlmumDrKkxCAWoiA3HYQSeXEoc9UEjKS1RyR5olG44yPiSnxmRIM2XejDieYfJ0RhnqwggSI3JhOzw7Bs1d0+eQQWYQmtOw2aRAnlo4VBeGGrRCGFohhFYIJOFHLx7pXe2WfYoEMGf49lheT98dUYupq90NI5Jc8Vn8mOI3dPxe/DnMFXKhIDWBqocJm+tmP5qmsmOoMV/qyFJBC4XrNZ7bX4Vr8IuQAklIsvbvqjn8anqHuiDK8kEqKx+ouO1AvEMT70yEvZQdkTaqsxjWi5TDNCB+KgcezjSTh9Ea1+4+KzaIimfJfCW5qwtaqrh5QOjazhPSjLIKhxiShJapEndkWL4KHRHqUnqMaZgZgtvpQRhEDXEC205ON3uP53Ygbx0Q7Q1MTYOSbDct+Shr4lEeZp/nn9DpaSvinWtOVU3oaMY4guGpp57q5H32s5/tEL/44ot92l544YVPfOITzz///LPPPvu8884799xzn/zkJ1Oj7+h33DujRdVXL8Qb0SiCRGKoWVdqRhcSufB0kaRPLjZyUWkKDN+/iCQe4bkMIDk/afKfB6QyilDNTVZLtDVjjVmT8yVnNbqk+5LrS9FzwbL0knCX470bIPKF6lWB8fiA80vxXP9eHmzf//73e5R4f1D74Ac/qHnd+g89El5xxRXM3/72t3u7XH755XhvF04o06GPPrT+WkDKfPJ25ZVX2hoCE0D/TOM111xDTk1siKGmgXQxFIaQ6BuRCc/kHkB0lujXX2LPVszGokxB7sztRGokehnynL5mg6asGjxDEaqY2Gw3tVVz8+6eNhcWjOkwL+bXhKp/W6nVS4i3Pdmqv9GhIVRbVM2CLkOYC71mR2x0IlND4uiYR1WzCefEWCb4gGrWRVmTE/qZGwLyBh0vkCakDKUWbk+eHELNQQqEqY0JyejkvPPQ0FAYUGrQItRFIkK9opIm0ixZXVCJxgRPopcykyHNMTFiJuFh/9nqwosQU2od7E5Cc4ccUG0lmxTTYWIe8XaZXnJbTDOMmm6asM2YybwAIFdsER4xWY/D5RPLuNaJlTMHck2IUhhEhGkW+WqxO8BLAeXfcIUUL2ZDdxTTRLlCXHXNKQtUHzNblZA1rIlqIqWDFDBqy8PiaL2MltuoyFCRbakEjK2rCCChsGKiVfcORUkuGbk5/pQYriftcnpCR6eKdyjbmepui5Ikd2iS6ELrRNx+dVWaKVNz2aQiQtR8QyROKKQirHa9J6QfxkRTihj6lNOPtlaqrCuJZW2x2jMtX2s9IkcmoL0HWZmJLaJlolayLZEtQbPd4tDRbGtxbiI1oa78J0x5uw/tH7zeNPE1od0I24H5h8KGUnDYRU5A6LR1zrobnNe/93u/53P293//9x3or3jFK1wbr3rVq97whjfA17zmNZdccgmJc9mt4Nx0dhuCleG44rkvXT4N5BjFEPaTT10CNlDBwM4RXYgafUiBT7cU3tHPW/9+pJuDHzcEn5gSQXzKSwU4VGdVNV9mzeRaGFaLtWRBWnLWHnRbQO8GC7VL3TeoLl+oulzw3hOwfwvaRyodLw/C/u3ofuURnvzMM8/slwpQQJpeJE972tNYPeMZz+DhWc96lk9GbxeumOApcM4KET7hCU/Iv3h4th1sE/59IpPw4yuTJhMftZo8UCbsFyrMr97j6qyzzqJ2+umnFzzkmS013nzFCk/855xzDs+cMPSu4oomt8gQhEKizEQYQhIPBRVD9qNdb0WZFDNiCsyFSWw1tlnsR5Vv75gUG83mVeQ+qaGoHAuG4xDv3DAcNJD7mwKMzBq5wxoa2rlh1ysR7GSfYwGZ6JodGo4XTdPKnKucQHK2dKCDBVIjZ4K3YCBX25MHxhCGuphQ2wYzvZp6RatX4tCjhKTDUIIdg7IjF1XJYjQ7OQUJKTNhiGdSL00+s8pD3qjxnH/myWlWQ6QJKUARYsQvL/PVYdiU2UG9G0wo7GzpnsbrIu8QC9ezbdl0eAtj1KwKaF8z7yzqsJpjClGg36CdsetltZB45ogeqms5rDc/rRzJxL8NxpkQkhe5eCZ+QibGZc5P15yydLVZDKo0M9sywEcKrtkyU2SRLOsecYf4RWXFe0IUX7ihZkEIKCuZj+Ga8kI8a6ISU1MrQH2FImhN0diTdrtz1oHoEU3oGLU5Hc0WhO3Kj8w5l6FyqAVvqgCNTlLhmhiIjMuKDgXEtmhh8egVcLXjVtUIIbK2ECEFtJZn9wohRCmglLcmoWmQYBvAalZ04zJP3hZthujjeYBzFkBOYPqWPg9Koel0a5+QcA41YelgDNc+hF4w7UaabS2Hl1k3KGVdCmI6nJ56HfHOMl+ozlZHvyZNHmwAkQjeDiFh5dRWUkfh85//fCf1d3/3dzt8BZAfDlsGIscLmKHt3Q8eORSG8LgqGGUvX+mnDylDMTB0Nzj6zSn/Rpdjc4oXlREd0DxbQjzDRlGHRhEJNRW2NgyE8CQqUJyWE+fWpEzdENaMZvvNd5sgPRdcPF3qvhpdSK52co8JPi1UDk2NBczwbW97mzDe8pa3uKWgW9bjQzDQQvUOwBvU3hZ2Hl7+8pcz+cM//EMlxUucoQh91ErHphCq2fReEdull16at4t+8CLb5MP3/LCXjSL4XLbGSLiiz4qtr0/LibICegm5iV/3utdRfvOb36zsRheDSPCKJjaG/eq9In/jG99ofi+77DIjelfx7wUjU+tHuew4EQpMlwXA2/nnn2+3KoLFjBSfW2WUr8mi38o30Rgzrm5GXCdz2cU2vovZXtPlUUXoSafOUDBeb0ptRqwKpSAXTLZGZOVRZaV1qXOlsF0AEqSAgUgwBq3Z0aFWmoamaYohJ1xVefoit+oojzdoXBIzkhM6ei0bE4c0E1JIOcOtMl6mNo4uVS1+YcAenRKUSMcjubLTpM+bOqsAoSAppKw3iV5TJhejCIZE2XXxRo2yoxUaJf+WgYLTFL98US9UyCcdMWt2nHZ4Up5Tyz6y2U23LMx4R5YuS9F2I8SHUqBPwbIZZfsUb6crssWpS/DQKOnzz09rhgQa3dRE6/G8+8BD22Zq/CBhTxd5nrnittiMKJhixkPx1IsvU37sAh46OpRXU2UwLTlzp4ZmliulM5xxddnUikluagiXS1dHMRVQscaPJBJrOPmHaPQRV0gT6sJIQBzGlpWZwxNKQ31tcmjiTZvTAeJJOn+Fbm46BG1dxHbKAUmaWqgLInLOQyQGSyQ0biGJrclQPkUcWlfd7umw5rHQMm8bZZKUkbrDrPDQphKwdWw9qTgrCoSCJLeCoRUMySErEyZBXaEIUZvTnsHYQtCeMa9480cOTXmxKZT0Oy8Mrdk+bE8yaRcpDoXib3M6wnzuONp8Ejlh8Y5phXKO+3CxV1VbuZibEXcP/k1vepOp+d3f/V1T87KXvcyM+8B1G7mfzKb4pWweDS3ND37wgy7+6667zknd06r9L0gFEZiQrCISg3p18cCPs9Wd4bSFJM53PvUaV4lUzNDODrMPxekTnAfoaiFx7xrF1BuUWytBrRRTtZnLnbeWge2klzc7zUGG0SsFAwle5B4Z5tH140RwlQrGHeMc5MdC1RS8yuu1egl9k6kk/uyzz4beMb4LTRC5qDpN+DeWeqq2GHwsesFw7gUjfpPIRHjGFbbJUigz5S3CEPLMD/OH3/vhxuLZ2nBnC77J0mQrNf5NnPo897nPxT/72c8WvDrwT5O+FaIUeBtTpurDf5/FPr5J+mWCxu1BY7IExkouBqLsRYIXvAo4OikooDqIQf0ZakpZkxBVfGTZ8NBuNY+c1zRfiq+w6q+ACmIWBMy/TKsbBZVh0t5RHBJOMOUldxnBzodOBk2TZTiMJk2YsiFoGiInkDkUrTjVHz/eFF9qzEOSzh8KUoANp6vU4JzjeilDvC6Tq56tPc2+PiVodFUVGxSP8CjwoJLUlDGhXaZQKZMngXpVRhjiUc+U80bhYQ972PhnrtdqUUD6ji8KlgGFQqJjXE3JSoRDMZs+/ptci4F+x5Q9iIcmxcKjQIiHnJhQVvx0OaXcaeY0gL08yBUHNmL+kax5MCISgFKIRDyotTQ0d9CW6K+H9HKAFzw1fozLeSEVsxEH9UJdyshDQzeK2AibWfVRPaUzuSSoMEy0mDUVU1IWmEhu/328qC1RXbg+THS2ocdEBoA7vbUimpwnFLTQ1dEEmx5xWGqaAlVuEge0tB2X0G3R0WyhmAbRmzZR2TAmjx/IQ6gowiYcRBWdSekIoGihwNYAb39kiIRnvTEQLUU9+O8BqcEUFHpwy9QLJaXWMrVklVutxcAVITJVkBWkb8Jg8wdbZ5zANmcTac5g70GeDcEzNASJpERYF7kthLed9NpaFkRbjrmtxTNlXZDEwaq3nyhedNFFTtjv+q7vcjRrWiJWHn25myx+uHXwnXXWWY7gfgWsCwDvTqIvDHGaFOWlKQsehNFBQFIWmhO5yaoClEXYeSokhmeccYbgBWZEAfQUUxD+TTQ/poyrVnNHxnjmk4LIS5bzZhCZiBZDK8dKw1iESuEVQsK/5UrHh6NK+gR0C85feaJ59dVXSwqaVmURvLEsWj59BMvUQ0HYHgpu3He+852y8Jrh1qNBjg0tUw8dw732ta+V1ytf+UqVf/3rXy8MJtL0Va34TgExy8jWkAL/6sDzPb9yT9F+4qufSEJZr/eT2afPyj7y9SkwH68K6LPV1e4bl3+f44pgdIEZwmSpm2QlwrMT2ddz3+iuOsGoMGWTa5NySE3R1MdzSpeHjsrYrdVTGIrGoT0rC01Ca1tUnQmGw5OLAa+AohU5idpyTtmuVy7+LQN1VszqT80rak4GHji3GFjx40AQ2Bz3Umsq04GaRrQYNOvCpNzRzznkhCvm3EqTGto7eUw9YUhiUEiBc/GPf4NShhUntVAvTTUxkFkTPx05QjNLCE2imohQslYyYTXUNI9iJilyaCByJtB24MooqiodG4SQH946YPNPwpCCXskKiXNVVQcKkE+BVaUib+/QkanDClkSJtoShY6IQUm1DUMb0xAq1g6lYJHAzgQTDe0OoXbOGIW+rNWNmoE0Vcy4SF7tZROKlCVmKAkcooxaewWP4V88/BtRnJAckhd58gLgRPqsxIaURWytH6h6KmkuVJi+AhqOvgLa4CpMov6Ey9JnX3xLUAfXDOIdlSEkCUe+ai3EKvM1390fpt+6VSwlq/QQSaZrQ4k1mwBrBQoxCTQ9dKKSV45KQMJtSDioC0YzT5iwyOEu9PUsKOwtg3RVDThMOimMfHQQuZlASm8azIGVGhFauIoDTYapgoQKVcUgCYyY0OQHYzp5s5HwTbP9ABe/B/9lAprX5p7QZOPDgtErnpYFnjeunKR0+rMz/fZ4B7Sj/FWvepXT+XWve53vWuQIvvLKK9/1rne5OTDuABcJxPt+dSby437COxnJnYz2tiHa59ZcwQjM0G1gARMuCaxCKbTbGQqsP8gjEiH57Hbh4R3xSAyG08tzyYaafEqwghgFKWlLcSauBWAVWRvWoSVkt1uNlp+1Z/870fBOdk03k6XYz2AgiUcGHbwuVxTGtef94Sb25efK6dHgIYL3oab39NNP9yWK97lJ7k1Dh9B1+OQnP5kH6Br21UiZArcUyDlERnQl12UU5rYG5wLoeeRDkw7nHCLK4ukldOr6p95conD+flfKkBo0XPELktsip6YCeIFxSEckQkqZkHIpq5Vm29leMOkmwlSaXMtb/at8uwM2KeaI3CywUi6Hr+H4QYYwBULNsyNCl6OADjRZsKMZ4eEcJk6JDhNqkBxSgMgR4Xyg0zECdUHKmcPOHBWmgIF7Jw+0cgbJI2p6ER5qUghTjp9ewhmuY1AYsHsIis16K2WJ0EEYzbqoKRFzPEyesiKkj8mDLsqwG2785zBlRBlSgCLUK1Saa4rL94C9YxLtqQ40+262m603mEQXtXTgKEM7HXYmtFrsel0WD9S7HFXrZ2hOOi0ht9AJOTsadQ5Hy0G8LjYkTkgfAxEnbDlBE1vRGksXPvkcwgjf6KhxG6s5VfxQEzazkdJBVSVUUoHtPuZ4QdyJLNL81ojWpHa0prm7geZWS4hEzHnpSQxJTEFJFBd2XDo6Ya8GktT0ouoelrxCiAQP+Q+XkhxkgdmLNox2ka0xz00cIsJ0wnKBKAVUE+nSDDVVH6m1CbB2YdRu1IVx/eNhPKGhIX4oZRNGx5zxYG80c7C55D+yN6ANRt526rRyStppTknHFnSQkSCM05mOrxlHp88g6NAn6U/TOG3pO23XY38hp7Zeu5RtNxD/jWIbC8BAULNgqkDxa8oF4snFLyNqvLESMOecuAAc98YidKbrxZMbi1yE5IjcKK1jxLOBqhjclrQJNSnrnO8WQGvG8rOELD/LzMLD2P8Y+9+1gd9+HLjjKXhJkHgT0OnW720BvTY0vTbYeiUwv/7666Engk+K/nSxp4nnArkHBB2vCkIfqTz4KqXmgxIy4VBXzvOvKRLPGlFRsCM4NxaenFs6fAoDYYRnoIYWGM/UPK2oGZ1PruhgILXiZ5hPmCE1hkanU8oCQAqFbE+knu0CZVdws2AKlhW/3isI09Qg09HGZKj+slBeQ/BpCOEhA2lCvYQqb1z6yg5NgbnraEb4GIcDFAzJoMmFuoyF8J2eUBNSgIbQbElworzkrCJCyCoTvBTw4TgMh0khnskgCconaiBDQ0kZWoLxuuYwpCBIiKaLslmgHJ8ylELKEGlmQhmqaph5vXlGmpACwwITaqgp/qav485022izASF+tmTLYHhrAAOdCdBpAO1i6CjQ1cmgF78unIWyRbN+DLocuwc/O1l39h1IbIcZ+mwzn7A55BkDCUVCEhqXfEZf1XdHSj6rQzVRLnMKNWHrJ2o5KaAudV7q5n/LBXUQuiYqJfFNoNHIh0+foeGR4VELEY3nrJaaradhacgNTm5QifeyTUcTZTtILn/8ICFaqnJAxg0LGL/GvpDmUFmgbQXS2dPcNhcvd7ynIduyVmLTECLVMEmoXrUajPDTG2UykwrNHFd4qMiDiBpeFzTN0N4L241soY1k4qPOO8cZodvC9nPaOuycts476Ah2Tzh2UR+XzmhWDmiuHMSQBLLiJIeayHAkrTbhFb+mjIoZipm8BUoZZsgbNBxvM2KHsmMXCVVXaSKeoYrB/EPCyqiwy8o+mFnUkmhrWXIWkv2PsedRrwGMe53cQ8cp4JoPSdz6dPDUPD4owJpQl1cCc88IEo8S+h4xHg14H3BeP14PdCjoIuTBOyZlg+oloa+XGvIoYcU5E1282R0N7ZmiN/96+e910juGCZ80KfBsFCa5ogYNgShACqzEr0v8XAkJ6mVCQSQwK8pcUdOrdMrSHlTe1nyzEM1ExMMmhbJZkIuBKnjEpzAgt7roaJqmHnCGywoO03HRbHIlGEgOdXWOa+rVBU19SN4yIMeHulLe0phAmZYvHPlQwq3CHo8Wjys1UEnJt5jjRZJE/BRCwtIZZeaTbJhOJqMM61LMcE850oQNWmCiDTVlgWwfc2cSm1O03Xpm3yzbgHs81Gy3wjnZCO1liNfVUbYlaig/gxy2ryPxFBVKMuHhmRRMYQwOU5yjMPydUp4bSDUc+8usb2Y2HNJUTwqQ1e77rDp2Z0QlEHI9zQg/1wxiziNcB939mBeRoPQ5kUlU6JM8yRYJw0pWhmgbxl4wUfwIt8xEOyiwJfSDh08k5mqH36oRhppwaLFfKTWISr+13vLFQNWHrELNLTIJh2qyhS16O4SwzZZP8ojQiA4s6FjUdObaV53pvhSdnk5exzEJwnRS+5x11EJqoS5+HKzOOwcf5AcZHW8svaEYyOE2JDSJqEZVitelyRbDG+LEiMbqDtjeEw56zsXGuXHlRR8iHhqLW2PxiTFKY4XI9CELwMqJWkUtKpsZ48q36uz27QugxykkdP3T9CYYJCEfnYhQsy4PAuhjkSvYy8Z7oudCROgxQZ+QOZ4JOSc0GfaqgMi4uihTI/T+ELMmuYcIfajLWJAmn4SaFHrB+JTMMCfkFGBU/AbFCwOWJjR6ITUcpEyiyyZVTNOq1KbGRJgUzbXSC5E3NXC7JNrm+edzksU3BCyk6kwfY7I6GTXxh2m6ig1myCo+HYSxAELylDOEc/JG+Iia5p754u7gyNKMEiJ8XWMSH0YNMdGGIxksi2EGzQWFPdTFyaK9EmGedWUyOGr4oa0JfoLRJXLMmuXtfx4YmdaoSYc18TFRzZZE2JmwxVkqaNRY5RM2qAW2LWmEJwwRHcqwINmOky3WNWg4jHH14iN8pGvNe3lz8KwmGFitMOpWDUO0LR3Dxb7IlqAOwtpSw6B6B4eyhWiSjBlKc3VzO+U5lFWoORluJcOEWxOYcrhH2y4ojG9tUqhoTy3a8khzTy1bKW+LMIwualGGTW03hzWH3CiR26X7DPbeH9QLdTnsYFdR9xA/eW5vONEsAuevc9PRj4GoD0fnrw9Kx/Sn1r8y0dHc0c/QcsHMtkTtw+1ubDFhljV+8DBaSrNesaj72PUJO5qRXmoMmTtbnbkiEaEAipMQYyAMnUbEwGhGRAblKtRs78WHEYWouVgn4fZZwEBUhEjAmlBXqMKh3qoNhwjNC5NQ4iRNn8QJ8UPmC+rq1QIpV6XkTeg6scsj48iTjvzo6R+99Xtuveaka479gWM/fe9PH/OEY656zFVHff9R1z/h+pufe/OND7sxTYRhmx9D81nlSfD1UgtjkC58ajDDnjveRpj5MvZOEiq5NFvtFk8rRHlZkSN8K4TcPM6l3qSopGVgoMpLHz9UUxekphnOZEVbvtncKmvGJ1+UNgcIZg/35EOaQ23hwZi7Ir2Zb3Focb0SvqELT8zD7+HQCCfZwRTwMWi69oqpa3AMo1HDCyYeE5lxk7tustvfEDXNbHuz5sjvilIeJxnCoW0Tb1wMROs+3lGSoZ304OxNOE5iohTM1Kq+MHvK0TRj0kFZoWUpbEiVwmGgGtLcvRrqq6zb4u4ZNwEpDL+lrcIQ88hYu0g3tMR7iEY/ZufoYDijIOuABJOkrtHZUkLYmlutb19t4TAUtkszfiQIj2Igq1EOyQm3OmG0HUVIScak3rHadm09bzHNyNEJ5+jU5WR0oiUPhzQpdN4xCfmM356DmIiQwh5u09+jbVfxhwxJwi3ToAIjKYz4wyZRTT4xECkpatm0lrZrbG+9abZ/BqPhDytAlG1OtpQwtfbqnCY1F+M7o4l2mKjeHG6beIj4DJG3CDQWGmG8LohPiEe52lL+1+ItB0TMGshC9cZPV0z1hzVRaluToQYqksIrsMFtc41rl/4Q/zPRw6Bd90rryLdPXMLUtpR8HeR22hrGDFHecStNc3VzJ1TvlhLeaVc0Qx/GoT9TAZEM1RzhjD7yvXimiYkfZmgrn0p+C0pnrfrttJ1ENJItZR4ZUbSotQHRLJihmqOMJtQ7Jb0zVsxdUcrjcx1/F8BswEGUWoiY776Ua6OaaPiYwQjPy9K9UhK0i+uAEqKs0K69kezRXtfEepgKYNc4oDuVRPg79VbX0F4TJTksj8hHYUu7EhxQ94FTCbonYBdJN998miDfEJHvCZ8XD1j/jNJD1v9A+Ij170o+fP3ncLf/GS/qQ4Ra/5ltPiuN1SLoS7EvD7T3U6YU0lSooXXlLISva4vJYRUox8YVgLwELClZ4CFhP53uO4l+rgyN5vNanBhu94JBSyirHGFa6FtMPrilFEozJIQozzPEtoniKcdvaXW8UHw4ykkmMAyM4rfBbHu3pOvY64999PsffcKrTzj5upOP+MMjHvTFB9121W1PuP4JR/3RUY+56jEnvvbEe33qXqMcg+K3OCHBmKFJjTy+OW31mlDzaGltv3R7clHoS1cW9MkpW8915aqfuPSli5fp4fqnGRMJIEwOkwxNEzM08sGYaMtvKbWhZQ9vaCf976ZM7goPUwFsccvsEXkUf1e4bUZ4Aaw9t1PyLY0kZnBmAZk4kxgl2frBI2NtaSTLgXhwuSaJRr5HydHooOQpIPyeh5ZfPMJvzbfKsJO5UzpEKUT0h0pkTXGhw5KoOmxRlajd/qULZzBMhBcNppi2WC/KnB+Ud65hw8C60BL7AWUbTZNn/IzSuEscK8XrgtQGkyz2BzQOMdFWGG0N4dBh4Z4yGodoUoPy3aOKcJgorxW6fQXDVrDDaLkSD/4e4VfW/1j4p+sfNfzc+i9Uf3b9qzL9xLifykY0HWrzQzyS7THHLQ95Ro0C9Ro0nNuuMERVYKhokeCHiZ/E8TSZMM8PJwLGCBgWkjgLiQTRabiQOeRn+Bzm3ChVW/2bjlZF93crR7OuKD5hCq4E/Hyps+3pg18eCwd/tqWuUaDsrUA+SNjrIdTsvgldUfE8UIAUxjNKSA26w6AHE53us54siBqiposQUityvBcMHRKol1oMzE8+t/8BHuYwzyQTDCzmqYmmWilas9yMLLO7+Qk/+boVdn8JYjtxqMWzzMTBTymNMsU0lnGh4SJNpAsfsqIcklQK/KK9Uvp85h9jrMEkSO8eJRwTTHzMSGIGUStwaORDozCGJGFypIkaLiyYwcLbw22TmsS3OPItE6Vg3DGHYzK4pcyZDCaBQ+SSmkNgexqEh6klYW0cxg6QcK8Z7pkQRntq0BKNT22rjLbNUUh5DPcwooC2CS7ZriR3pBpIZSpUs2CJakIKy14aXzGR5oQbxXM9/CCaURvPTDQZcAlknYk0mWypfMrTRt2irmVzb07khHBPWS/UFcVDw8VQwKcGV63b1YbWAHe5CD4UfOlUR0W0UpGTws7v1PP8hz43nXEPXv+RF1+iPuz6I0tRH6Y0+0OkPlh9N1CbP0A0f0bUh+z2s9UpQ99YYV+KHZrFEOP0Sbg9Z1PunO3IRsupdvAzZ3KIlxqmBGfFoMkdpWAsTJ7Fya3UxClsESK8GDr056A3YtiIuZpRIgO1ZuAetYTMkSkz6SaxN0SXt6udsLdFDwhM1L1OiGGCd+vj+zjrUQJ1ccIDium5k8I8GkgghS8c+jfiaUKGXkLQqygk74UEdSEMTU8ohp85+CtJhvvU+q8AktSbMtLMg/cWbxRkIQYmvcAo600T9Qep8g9Tox+vlxPKkBokhKVcldb9sWwNlTcvZrATuakxF3DdJbvTYLuzxDb1563Kc47hv2LqMrSB8BVZeIhaRE0zk6YJZo5nkvJqtPsbPnxiWhiD9MkHET+o2CjAYp74B1tsKCaULEbiwyePiQ6bbHFVWeSGQIaGBVPMcgkn8gkYDqNrzwSfPJ1JFiUc5fjBNMOEmJS3OJ7hlnTBMpqUMVChltP/4CqKlgNl8xCJD4fu9HCAmewZbhkU33KFlHO1dYhvSQ8SQiaOphRWxdvH3dJktG6C3dUmcVkrAlKr6qnaGIs2ZLjciLx3AkKjLsfhyjgfa+rCh4ZPAvHFKqwiWFbT5r6sWen1pga3DPPx0yjtcEezJj7CowJr6G0AIdvBKP9bNO4oI3yU56F6x5CVQlVfGckOVVN7HuOkg3PAzdHprHTGrSfn8kkKKRCyohCaCaiXIWWI6PQ3ZP5k/VuhH1n/Vepr11+N96H1r2Z+9KMfpfCJT3xi/ZuNu7/aiKG2/Ss9eGFwiOdTYBhoUIwAoGXByr4K9cqFUHaY2VSIBN8OTA1mziHkzXAx3RP98doJSW+STJiLgQfILTRE52xIYtzCUHOzYEaaIyvEwvDOsDBc/DCeUK8JRTVhy8kjAPYO6AUDe9MQ9lZA3hOahNx6VVDoUeVVQeJVRNM7oxcSJqQJmffnrvsvAt5hvDGE9CGiCVlBrzH4iPXfjvYO0zXPNd4i5tRgT7RHPvKRxc8hnjJzAzExNDI0K9509afTH7X+29d4Jt58OcQjDnMlAChB2VUrZbT4rXnTjUwHmiXRQaPXpCB7ZN0fy23Uxq+LB9QsKAi3RoHirD6Gm/84IhJUfTSVEU79qxhDOvhMUkZms2VQ5JphEgHwQyEkx9RlnaRMBz/YKoLDwJafjIZ3UOA7MVDCLaasKyRBeKOjKlMw8oXKEi+qsICFioo84Z4JCW+QGp2UI8269pST5zB9TUxCQeLh8Ax1QUQSrXkvicu0oxI1+y2S1sNQ68daslQGk7TZW2YxCeHWhJORwBzGjDLzkEl8ckSS5ghT6GTrzHEoQfLBKHNJhWhd9bcvdaVQE7VSNKTa0IoNFzX/M6oBZvgt8QtliIEN0EiH5ciQe2tOBITNQYZDDMdD3iqQzOUmJE18hEdFCKmFBUkfohxuGTSjQONuI1+6D0izLFo3xW+FYdQLY30jm9yGR046p9vJJ5/sKOyf273ooose85jHPOtZzzrttNMuvvjis84668ILLzx3pfPPP//MM8+ET3jCE/rFMhS+8zu/85nPfCb+vPPOe/zjH88JbxTw/Dz60Y92MjpJTVUnlLOyWRSMeW3rRu0W5xcFanZUh/789ZvOKTwip+CcCq2PfGrmKs/huqF2P8xkm2dWQnVWnn766epw9tlni/nJT37ySSedJJ3+NSVDOxOd/opmaIbQWJpccTijNESrZdYM+fCYznTTZBlYG8j97dp2tffQsVU8O6AbHeoKEQVC2EdebyMPFLzni4sfegT01kEUNHsJUaOQcn/S++Mf/zjN/tUt6CXhSYHxmMDPC+n666+P542ct3khYSh7NhF6QlH4wAc+wCfUe/XVV1O4bv31fHTyz5vn1zXXXEPhqquukhp9Tj74wQ+SM6HGleGYUBYPZV0UqDExCjU8NYlQW2NZfsuTLt6kJmCeVdheUH9kBk16rwGLxETosoOQXWnftQ3b4HgSBVQ3Pqskz9zKdN5bolJSAauSOKlJsHTg1qSpUXldTRkTynSkQE1vyoiCIVoYUmAL2ZLAFgNhqAmloClszc4cfKgLRqUpZShZqAjDQwp64TAJDyvnRBcUnlEMBwVT5FAuUKaiIpnVK1RU5JCQIbVBEoYp04FZwbp4G2V8TnKYZsrjvzAywRckBUgBTrMu5pIiKUHJyr3T3goZsqPb1HC72aFmZ0KkOTSnwRYJI/w0U2YOnTOac9rgV8fLJ2XkuIOOzZAOSZha+lw1ROQ4itYbY/fzHrnLWmXUQcWWo2T9F1Kh1Q6t9iV9/ytK9rlby7K8W2MiHrm2bjBhg2GSqC9S95Z7KyBeHIhOkYWZ53yYkqlklR4imceQ0Jn894LMJxp+mEaEW7XDVJBWDJSCjCwgwbdA1dF+sM9teORYdHK9613vcsZdcsklzrI//uM/drr90R/90RVXXPGHf/iHhK985Svf9KY3vfGNb3zta1976aWXwn4R3vvf//6XvexlDkEm73vf+17zmteQv/nNb77yyisvv/xy+J73vOfd7363IRzEDqn5F4UcMR9e/zVgc1kwDiCkqcuZS8IKn0nnOImARevw6mib1UAuO2ih0Jcvt+3DVs+ysdbtpMtAprVLRYSsRCvxt7zlLbJ4+9vfDpFBjdiglDkUMxOFgkbhrUXSgmmFKDsJhlDljd6KIqfT1Jhxa2BeGF3n0PXvUg89L+A8KVwViBBShr1gfPDp9YDQBfv44wFhvBV6NHhRUfCwMFxfjZ5K9D2JdC3/6OKjl19N3z+U6OWh69RTTzVEv9oPb6D+mUZvkeVf9jr4JfaUmXhjMemfgfQso9av9vOa8Xyhw7MhvGZ08UPNk05qhmgsrk455RQx0GdIGWMUXUz4oQbpN5ZeIVGDAoC97aqANOXbuaPaJh2550ycqTc7bSLUPu3oSGJqNNVWePzkSg2hqrq2jU4oYNhntwiNKwwKegVZ/c2UwJjoYo43WYIkwTc7lCMekHE5dG5CbztW0ECzDJaADqjXs66SpWBF0cETQrYtM9jRrCBQjoTShC1FcjykFtUcBcoZjhM60BCiNRwUhpBEril3EhkVHrmAi79EEoo/NZgJ8+TpUEYYTcL8jwlMMsr8x4xywYizYChACpACjHjTlBFeavQlK1PLo4WB5gTumEX2NbSi7Os2OLTl50BAdBAhpIaZ83kkDOEw+cTks8OkY8TxAskRSWR5w14YPUrwsANKL0T5HJqxxCAjWwCZcelXDZVUNDW0PmGL2QpXiuUXHhTHeKkua6EW6npTREuHO6VUdGVttppgxWWi4kaChJACNbzJyIQQ4flhgvAmFdpm/NiB5tV2giIm51AChpYbK3LNlkv70OFiIBvYPmTOj+GKFtPmFIMu6LCjzCRl21uyfK5lvBmjcIROLlH1i00cc6rmULP5VUOvCVAEZJI06XCr3HRe8IIXOBCNzoNIjOWoEgnnKixmyk4ctXLkPe1pT8M/9alPFQ+fJEokX9NsIJNH3yRZAUbRK35pCrJaVWoVgPSNQp+OLtlNfQxBkx/B8IOn2WSZdwqUmVCAVZ4hZShaU6+MyqKXuUToy9cUOMFJ+jcjlUIWNKm1Ok2WqMRDJ1sjsoVik50qWQD8c05zSJMQU1eIxGxxKqNaiZyCG51/17lbxMXf1Q69UbrajeWVYCDDeWoYty6PD9iXKJMeK1yRS0Tw0BC6BMwzJ74aPVA8krxUPCnIPYBkyoN6SlYwwvNOslo8RNy4b3vb21yfnl9q60UlYA7V30o2xcrrdWLGKVst3meUvbrMF16+3jR4pwBeAb2U+X/nO9/Jv8fN01/wdJKPfPEjeHPBiYDFT5O+NYPe+973SlwYpgaeffbZ1CwkQQrYF7A0RaLCJl1BvHKUl59OAHkhNTStiqN6uix7+kqkqgaSFJ4+P6rBCUYprByoi09yht74FpU6K2P/lURJTQpUH+8zrkyEgA2h19owQZZW9W+yoFVHIk3FNBbPYjaE4VTG7DgrezvyBg1HwtZSh8KWDocmgoIuvCB1qYZqQ8IqIxI1x1tyFQcakURqrUNITgKRmiiappDgKGdYNcYVTXX2AG2hmjIFMbpcCOVCIkioV2UI6Vs/mjaULhImkAlDvBTILQmJG8tkkZju/Pfe5Xn8MzFregtbvvzzoJgFQ00pKiy1UPVYqaR68m/9KCA1qCAkEjSEADASxygCBqJGQVbOFmUXWQyDkV7EEA/j4epmofjBiDIne5TQTCkOWi+i3Uf2IAmmLjot9fE5A+Glhmmu1VMRqgyeiZm18jWteVuvdb77LUMVgj1LVTMSIXu+VBBjCqEHL199KVv0ptYuYqtLEJa1AQxjbziXDUANmgkmJGaRDnTWSElwkB+3iJie+MQnOibOPfdcR5vXvRPEVndKCszMQWTuCXnj06nn3nKCuO0YWgdOMZpWzGxdsTlcHJG+LD38nVlnnXWWE9CRx0SaNrADQtZIOiJXYh+aQnrHO97hRrnsssvsfGeWuncOSkrYblkr2HHpILvwwgv/4A/+4Ed/9Ef/3b/7dz/1Uz/1kpe85LnPfa6PPyOqj8BErpLWsdR8zbz+9a9Xrpe+9KVG/P3f/32h+iB2+wrSWCosBvtEsuogZmsaOm4k2+8W9WJQGUePzaakJssSN/fSoSxlhpQlC002CTW9pti2MemaZrPJoiAwdaPGBO/2NQo1MYhEPKzYqrnDVwGd4xL0HeY7nisZCcAkqhs18QhDbFIzj5ShhWTioHlXDWrKog6tfmOhdZJvf/yaPjw0Oy1x+4Ga4svdWAooePMrX3yvJTV0vtfbIWg9GIKa6aPAhEIvMOj8YihlwTRZBtWl6T7w9qJgjTHvs9VC5UEvE1m3GGhyLjw1ufjii70Dnve853mx4VmJ2YPJAlBMhrYY/0pEWZqCpyaSfvWeAHrwCaadxb8Y+BcYP+ecc470pfmIez/CfAmeQ0U2EXaWlFtseH4sJ9FaXfSfsv5C+76AuTUETVU1p/aCePLgjJBUhwAFzq0N8k4T8u30KawRRSh3HqwoZeGZlfih6SPnSkhCVUbFMTUQT0IueFacWzD8iEeTraqmpkQqRq35VQ1LgoRzBXQmuMM06RvL1PPArSrRlxSkI1T+hSoYTQq6uKJsCJETmiBCyBZadawwiCEdawnyE68s5BVNSJQxo7w1CUkMRx+i1mcRFjleFi1vvMDIi5+HJkvKhCIfZcuSBE+NIVQZw/EvVJWRLCEFJmqboQnC12tGFFy+/FTbFHimnH9qUEjkNMUjeCEJgHOBsZIaXhE0KSABINNqtdgITFRpS4IMvwVZdXSyHSTHbCnJarGQ4YSHDD0kctTq5VbW6tlLyHazsMMWuV7VQEwyj3KLeDCQNCWoULKWvjqoAHlToG62rQrbwkcc8Z7dpVvEzFBraAl5taHaDCm3DWD6Tz/9dC7OP/98x4QBrDBRmuNWnumxQwzTwTFodql13nGrZJI0f3q5ZcjtT/7kT3rvC8lp1RpyOnBLU40MxDkiofCiF73IpeiScwgKw4YktBp6QqqF40ZTqDa2FFxXhA4pY4mnQ9A5wlvTwL8moSCFpHwF4xxUBFu9qEwDP4YwkHGNLkihCoaciRoyNyJXrAibSMGYLZrikbUAeKPQyjaEEtlI4jEXgoTUdKlY+4TDVrZQUTNlvs2g+mBq6oIt/SaIrS57Q+UpS4rQ6LwZl1wwNGVqx0pBhBI0tPCKRPxNnC7PDnIXhvDUqsj1upjloj7SpInYGteWEw+HGK6qNjXUylEituqJrG9yQiippl4BkW1AjRxP4UMf+pAsvLTU33vIC8xDyipy94vHc8eIHkYGVShPPcF44Ym/56C3BfS2cKGSKIL3h0u0AIzFj5pQM7P9YN+rSHG8Y6RpRMF7/AleGF4Ygvc4w7/2ta9Vzz/6oz8S2Gte8xrj+oQVudE5lDtDEfJmLrxaTCsTYbz61a9W0le96lVcycUW9UaxDU2T56xS+G62QnzdXvBDF5D40vU0ZEIubG8aE03fykc8yP2tb32rMC699FIrvy9dFZOs7MrUchUSK4nIy6zBVou6qaHV0hxJrUUlKjqiorAeQbd6wJWgLJRUl5IKVRnZSkdtOTRllg0FdVNYjwBqlhm5hWGyOBSzedGkZjVCaplwYol6wFlsklUQKUDrwRtUGc2CxPc+zkigkLhtMRhIoSwJXX38mVxBGgISMmcrZZWRgpqQG4jcWHjjDk9ORyXxTFQyYcg5tZQhNRJd/MvRAtBUbQEUObksCOOFp9riFzlhc0HZyVn8EqdmMcQ7wRja2nSMKBjmpoxQFwVqW2W8IhuRZ1HJl39Nm3oUMuGHnMS4ppJ/YVs8qqoJhUEoRwoQL2AlJWdLUzzqZkVpUtAFGapJlYdMDCF+gzZZGGpMKFCGPA9PmQkdlW8xOGoI829eIP8kkBqJLsi2ySJnSCI8vPQ5gckhOYlgTBa1mVl5QYFBE8StIotKlXjWq6TtXIWydF2LkPAOX7qMDcAvG3JmbLjDcCTiTiuHhevWzjdDdo61bjwbT+kNIGeu7e2UQzvcMY23zkyJ3VvpCXnjx9kkst/+7d+2Pn73d39XGD6kHKBcOVMEJjwzYb8psaNNCagJ77d+67cE//KXv/y8885zGjrsWqDIuJqEjmOfkpL6jd/4DeP2Jeowcpg6JmxgxeUE46QmdEI95znP+b3f+z1Ofud3fuf5z3++8JxZQnVAmEWu2rpuep993h9O2Be+8IW//uu/rm4+YX24cOIAErDtLXhVdQZJx2llULHpUlgVsyCcWUphlfOszqqkRKZQgi199afcatbkDW1XA74lAq0J2GqANBVN16w2QTYQXjrkbSpXiwOuS8XnfiOKRDx494RPYZvHfSNxc6rUKsaD8DwmNPUaVDz8G7EVJX3lNcuYupCwLRXTrZImhRpGk4ftDa1JWRNDoX1usTn9+VRSS9EB5JXjmIB4dwxePFZOHnJFaPoYusysJSlI0wohZ8KVopG0EQiFxBs1vKva8rBtSFwbJouOgugSnrD1csKWvs9Kbp/+9KfbBXgRqjPeBjGh6qAyYpOmLrNJ+dxzzxWVhUqCt3JkyrmpUTH+C9UsSME7jx9n5UO/bfltgMYl59/dwKpD367EMKGQCf0eVbKA4u9S5F9gFrPgrQG2rRk+VUC0VosaUmMiWnLLiQSS6EXKYp1wK06JaMpRqSlwq9qmrGJKXDGpCViCIiRnIphmCspXkwKkXP15k6k6S6czgaTJwghYlwBsNw6VAqqSLmg4cinwbxWx0uRW4qxEHlJTQEI8D5Cm7MRDbr4gD4Mt4FnG0DIb5bo4oQzllRyP4R9xzqQwYDHLWld8QcpCDZsFTbWFikChZJlkKC9yiZg7A1kD/Ccc/73dKZNAynoNIQXTTVkxCVNIGTYiFKpgbBb6QjKzFOgLQ5fUKiaHkCY5K6gO9mxNXQaiTEFNoHLB5JB/znVJlpohUoDGGj5XernlnEn+mfAjQsgJCV4X1AUJ7Vz6ouq0waOESSA1TTxGpgzxkNC4eEPrEgy3JstwENFRfCMqqYK0MpX0iCPev7t0mxtjNBgvJBacrCqBcrO36Hm3ARg7F2wVahRsP66ptf3sCsM4mChDNaLJA3QU8knTQKaWH4yN1+9Cv+iii+y0vqEtGnKDysq+UlCMxDhxLjjvnE2cX3jhhQ4REp+hlI3iUOBT7Zwdmnhb/ZxzzuGNMv6CCy7wpStyI7YKZYow1lZJydEJiHeXC8nZZ5TKim9iDNSK500AYn7GM57BsHPWWhFes2sBsVITISlXi1Jx9LYaDK0sXBlCJOYCo0moiwKeH8JWgADoiDNq66ISp0/NQJhWQ5MI+aGMuG29QqMUktnRNH3SFLxqtLYMQS7ZsiDnyqbKs1EwLZsCsBiYWKOWlnQ0u3TNKUatTChXGCtHcVgppiZhXTQhZYsEr5jklI2FYcKzh4IYfCSpf287vIuf3JR5LkjWo7hNghEqoaeGd4zhqOH7I0IksvPKMSLnhuBfl4L0HOnH472WvJyUCNLx4BC89NlK2Uek4nivuOS8Ss844ww8iY9Ovf23BmUp935W7wVjab3zne+0bCjHC5gro4izyRKMgTx0pObpc++vLp8yn/n68hv1LWxyaQrVNBlIXsquy2QZxTvSl6LKiF+y7ldupUNZsuZLIq0rc20SrQc80sWbAMQMW1rkTRkrZGoUreegInArVMX0DjPj9QpG06LSpWI+UkVYYVW+R5saysjo/JNoUpBaagyZ8A/F7wiDRm+yxCY7XVAYzC0bmSoyYUgOObecONQcBUGSQGXhjRDPg2BKgQm5RMKSwjd6mE57cK+LMm+KwJAEEkLBSEEkqJCsLqND+rLAJxekxWz905csoa7iL9mUIR0oESaCFw9lE03IT2qNMrWizJVg+GFixhNSo9BnZcpJKOdfLqwwtiFkrkteEG9cSJM5VEwlyiRhClA1YIbJOZQITaUzYh4opDbKcPxbwFXb6tXkWUgpGzeeT0gf0rSe1QeTYTizPEjOA7ILNDHMdfGji0+S0lc3TVWyesWgkrpsDduwk8eiNX3Lf0vjiwtEo4E55YLTQscoOrRDOLV1NW1mm8dmhraELn5tHkNCqUIDQx6ggOgY1S5CrByU0OcjvPzyy+Eb3/hGZ5lvXF0knPvqgo4PqOsDH/iAk4uQMrVMnDiXXHKJLh+XjrB3vOMdji0foFdccYUg8Qx9HAv79a9/vXP5TW96k2OLuaPQyUiTjuFq6uJHABQctT6ImZOLgUNHIWWHoxgINanp4pPnN7zhDfCyyy5jIi/mmrJ2WCiOoiE1aem3aFoNzZkuKwwqcgy1FEjMi2YrwAbuSoNbhhxRMJscUg5bOrOAMIhbaCAoJJodbSpsmkSuqWiaEoESgTZh52C7sSxyguHf0LYusrSWFbaSk8gSt4sw3c0drw7xIRJo84SaDDGUURJdPRTcQw5xTwrnL/QIc6dCvBOfgusNaiJdmkxsZocXQ048+PApe5zRsTcoQEQ/Ye99ozB3B/PWBy7URYL09kZxI3Lo4qTQj989wkg87yjTYYU85ph4/0HKFLwbmPhSp0bCJ0P6DBHmbt97t3f+8DuP/IUj3/hdb7zXv7nXNQ+/5sTvO/HVz3z18b94/Nue/7ab/5ebb3zajTTd0/wXTI8nY8lFV5HLqLwIpe90UFW1NWvmbtahRdJis6hMoplygphTvZaiLtOt12IjRxyaGj4VVvVUDFZMw0GZQgEQFoYcoTgFpgJsKUBNYUMmmpTxMkrCpF7IFeQfAwn5MU38OHk1ZacJyxRGCaGYw+KP1wV5gIqDpF+VoKVIDuNDXYja0CjjrXx8OGr4RjEcUjEoZhJZT/zkSiowWPA1x0TklIs/ZXzKkAIGMqFGIc/jP2VyanSyGj8UJphGgY1OM+WasADgBEOZDiwSTKhJQRdkqBSZD9LZEiFDRWMIGWYCcwWpQUQT1gUpjwmdKm8WTA0yKVskh2iOrNFE+IgHTeNCPklmLM2KCZEgoZBI6MPlSPQ/e2Y9GHfDjHfxQQbcsWRjifPuXOALmgmS9gmig9dl0VNLGRoJkkNqem2S9gn9/LQDHRDQYUHeLtULGUJqrIyST12QGklbN2UbL/2GY1IAkFqRGwUahTLNlDUxvEHKUO6EkBOG+BxiUP5lkU84pwm5sdIhQdzyWTFVsgqruYJX//XsunMyR71wnYAYJ53jr+sNrffsItGbw/wb1AoQg1koflHBbTw0WzSYWUYtKUI4xG20LJQ1WvEUGFou/PVPKIhEYE5kp7ab2BndOd7dPI9T6OAO9UasYIbQ4c5V13lqeMTclQ+9YDB9/XjV0ceT96bBwEyQJg/QoPT5pFZI1CAdcgoIwxvnhNSgsah5Z5B7keiCutZ31PIXUmvOlxwFLxVuPVCgwMjp8IB6gYmZYQp9ScPM6ZDTp9OL7eY33nzaq0475pePeepbnvr1X/j6oz/9aJILLrvgtl+87cw3nHnir5x493cv/z2iIQoGIxFY/JKtpObL9DXp1oAl0cpsv5viJteENsXLElz/9PjML1cKyJuSVszByqtWsErKCwoACoYQTyEUZ5WHuuA0FccQxS+jJNML6XOOGogQP2lqWkWtqALGD2kSUsPbRCKJp6wLj4GoXRYDq0DYNqwsKM0YOGoqSUJtehG5IRoOCQAWs/ghfuQCE22oCSkUbZFP/Hsmd6rMc8pJ6t2aEGIKoGDC8ZzbKKv8hFP/XGWScpQwPOyf4U5vpYmtmCHl1MYJTBMTJswnk3hClcdAE4G2czezGT+YAsLXDFPmLSQUA0YAGCMO1SwMG2r3pcssRKv/hXItUNoy5M4O4bGlb89I3nkBI13k0B5gtYcGhhRsj4gtCW/QpuKhL+mOUZvNFtILaba1IAVNo7Rp2434XG2VOdGFMTQJLP72OczVGstyNORfF6SmK0P8yNPMhIcG1dXR4HDkU0jkhcQJOSHkh0PFbO5R1VZ5tF5eu7/vhbo+YZffvK00XZOaTsmuTDxyYlKgb0K55dBYhjCoiTO6pnJpQs14wehtluHwDHWFQzUpoIYQ8HIqH3zOIjGLUDBIeMUJHeskzvd4YXsKFD+FcJRhacJSJszh1sS7gZNeFZAk7DGRK82sxjM/9GEh4ckLJrcopjjFrMtYsHcMpA91kUceNPR74XmuUfDegj3g5rkzyrAXHjVdnm7U8JmTc0VfRpQx97vb/R5w5APud9uC9731viceceIJt56Q5IFHPfD+R9z/vics/9mPJmq4bTAel7D6SMRSscbMoxm3MJCZNadN6LoSl6UIm+XpQuTL4+vgb9JzCDmfYqreFJME4WWEERhehFNMcihOmAmiCeuCKUNqeR7/MP+ZUCiAO10/YQwhpp0lF2rxI8fAiMIWdcVb8KFmEhRfV0IVg1tJyA9aI9qFVLTbyO80fpQwBa5GbYupheONMv9wzEcZxhAOFsyElBocGpPxBiekMJ0x3JoUTCZb+aq4o5oUwm19tp5hpKtmCqqdoebU33SgTlpE0jRBaiT4MJOh8ZC3rf/GhcUQ4QuGArSDdl+6WzJSyNeMygxOgYw3mEcUA7fzNEheBHCo5pi0W2CS6c2trsHCgBmmBiPCkCFv0J6kkOckIZ2hMYF8YvhvLNi4W6IwamwPBzM6EYVKGlXtaD3NdhNBJ0ofUg45WU1v/9BEWSHyDI1LX4L0tymXXVFBvelnmIcwZmg30h1p17fSGMLlwF4P667nLvLOdNc2+d6FPZQtpt6UYYY56eKPPA5gTweoy0sCGjG1MYmBeN7iqeFTHhMYgxL2BAldTqEuSDjU40YAg142nMRnslO948dHSHmLFHoVwWEYQgqwLEZ5axI1kGhRBUcVuXW1rMjNkm4xbOe9uYARc35QZURGD6ewMB4Kr16En5TxAksBEg6PGoIhYkKeidQgST7xi9+VeIvRlR+MaDEQz+Hqexc2So28pO4U92grZAtJKku4R1shPuUxGSIpklBssPDgSEZnaCvkJz7lMUkYxUPKFDIZw9HcNrfeDnveUkK4jXnPJNxSXUwKKeWRp4PwQzVHOckQyVBNWEiHi4mMu6WmJtyu/C2R1xWDkiP8mDcKKoYoIbXl0s0g7cEYlLY1jbG3Re+7TbNTwJbAEy6JrgPkmiFmzwlE1Ogvu+TgPyHDthNvMH58DmXOD35Gia93dIZ0oQJIGcMzNLpmkcAoYYcCHuKT6IWEMOocmaOBWgdEkpACwiAKiE8oKoyQMKrUMefIc/A5E7sUewf4ZMH00vehgO/brp8Yk3vda6Ku+a5n3ozIuTgxTRMUFcKQkxQPNcwUkyQaPiY1TMqY4oeouYbbFQVFMri9m2NGMswgynBo5FHNngtbjPaUh/Z8oj3NvTgHh7qcwj3aCiekXXulre23wAh/mPJZFpqpDUbWALIeXKV9HW6/pPt2RJxYG+sKXf5uCQ9WVxdwA1FoulvMqAVg0ptclBocynZwr3mnCuhO5dNEM8pIhkF3qrwNDB/t2ndBo5BylARtm/HRXheaZkxUc+2/g/4waCsfulPh0OHeJFvadRyMNbjHbEkxDwujbeW3lDyrsd1rHqbDXWPyf4uyRfFbjEHW7VDnFUqewmiiLY/2mlHCcK9iW35oUfM/NEMeZna6KyXE7HUNnzxKefxEmkNzUqPO7k5z2Pk+2D4fJkwZP7iqLH64bbiJqnLMWpmuPUphq5ZmzNAa/o4aDiKj44thjWWh6V20DwLb8kMNOqMPTReKh3lAw2/VkMM35DDMM7UtZThMCov9HZlsc9K93rcR1Oyy77xGMSOktod6+xlAz4tohIhao4Say8CH7hVEOSQcw1XldhoPNSngoYzip3cPh0mN/3hCuKXt0KlNSISySyfcCgcph/XuUcLpKjCE38OY4RFlMxitK+X2hbdO70LJLdfWqq5QV2PBLSVHdRlui4RhCkPTtVWLjybNu1KGUfJdY6Wad4pR/ESO8IRJ9uRb3FISlTncdZhG7U797NEI90Ia+dZqr+uuTLa0Vd4iefyWtsopDNa7ZzLNrXKSO6X8oK3h4NCdjrLFu6Ktt5ZxeFe0NdkbJSYa4WBrcnYuakcnR4vZ6jZalsQ2lLpRfEJEB7UthxkiSY1Jw7RntufIRBCtgyzKrJJQIGEYkmxxTWHxMELNrf+9UTgppDXwJbziDKM19h110AyD4tfOhXY2d8x0DWp3aPpuEFU/y/Ux4Yuh/4iFJ8TAPi8ozH3DSZGXEVqi31ADhcYdHqWPhseUeKH2EOnV0ketL5XeK0NrrgvhpZkwncEY5pg85M3XD5yPe8K+pGE/5+xnnv1c5EvrH4iFvrChXvJ0KKP5MSkF8nzOKGxJYEQHsco/vlGYQ8J0IKsIn598yiKkVm+4R4QUMsEXGNTV6PhoG/82ZXxyyIRmyWIo4L948IePGMZPZVKGNfNADZqRAtYFywKRt1yhxdBqgRYYbK3Oy6Y1k8K6gna3XebNe56NghEAnOFCQvWhkNpgmilDarBoxU9BRiPJcxgzXTD/UBdDQjyMj6kL1tUqhYSQcHAYXRKkVjHDevEYuKW2yXazbCVw6HAXb1tJRDjUoAVQMNuY4V5z8FuYhDGjBg/XJ0w52nYV2IRXb2pDe8rxI09naBTuCtMJY0QbUtiLn/ww6QopqDk+FN4e0dlxB/wYjpOhmluFwmjhQU2rVxcGRhRQ/m2u5dLdroZBZGEhCutFczstW/mOb8+QUG87Fo23eNTAKP+F3gZrH3ZadU7N0azL/kSaUFfYCd5pRQ22S1EDFcY25qGEQyOURaQZJkfVIZ/lZRRkOIkYWvyFVOQCE2fxIxJdiFoRsuIHk7elImvNDbSlGRGmxgTDPMpVTGpF23XeCduboDO3pHKO6MewqmvSR/Qjtjx4TMD+C/G9179nfN/1r8BDj4z5sz8Yvfdbf1tcP9Lsx5uDlOuliUHUmPSnivLZT9Q1jaVpaIh4IIQGwox/UfFDgSFe1zx3EB0eIJ9G55MapJY85aExocCEMr4/ByQ8XZCf/qATMjSd4p80+XngAx9I3h+V18sqIix+hpQfvP6VJEieSQWh2RDj36CwWeCfAnMKzHXh1/B3v6mtWTObbQeLxArBI4xJ17Us7iOPbAm1gyzRFJjwgDhvOMhz/qHKGLFikoSUYZFATYwuKM74Stpc8EmHJgmiUzopS583aVLDU6tuNGHUQIUkGJrVR+SEobHgEDVIjTy0yON1QVZwS7YDIcSrW5KwPYLwNfdwDJMgPCKPGrqQBpOLJxwG1gUPm8Ct5qjBaqJKIQUSOCYxYcrbYu4pDyUc5fynHO70DmhG2fofZZgOwtQs2jyb6/itMtQcpAZ5xkz94VQeaSL6MEN+8HwOjsNhRq0ArEPC1qqNqWmrWpNtRk7ygxp62XT+t10NsyYwFlZ7cjmSD8g+bDe2LeNhvRk2gFC4hXhMrsYbJv+6KIieIYwnjC9cRIJiRm0MCSHikPMC6xKCyIESChuTAiqLyQUzlKRouW0UAchIfVHb3nmq4v1tyJNOOsmJecr62xHOOOOMxz72saeeeurjV9L1qEc96jvXf2n2kevvV3noQx9qYvq7Rh2dmqazvAynsKiHktu6M1Gzl1TYlV+0lIs2ngJD9z3becEQou7+QR7u1D/nKUNd0DNCsw+yz65/T7e/BPLp9Z9N/8z6K49gzKfWfxTt4x//+A033NDfn/nI+s9XfexjH9P7iU98gtqfrPTJT36yJmSiaQg6/LMydC8YA2FIOIH9PZz886mXOQUhyZQCSX/UPCYhP/R55p/n+P50Ok06jZIy7E+niy3UK7xG50HihIiwpAqGw/lbQOQkdGTKClEWJGVdFAzxofUXNlx//fX4/spQBaHcEBjKPBgamhqxIZoCM5AZMYOWjSXaVu9ysqisqJaE9WCpUKtpmVnMlhxiaEumwCH/IqlKUjaKIUSoMqjaVszURIgvGGr10mQVQy0/kPLWhEQvTWMhEsQKMkwtLBhIbhQmUcNRgK0W8RPOijUceUSoOV2wYsJ4OpBC+wtG6qapRFCVSPChLpRONF3hGCahYGhNo6AiPBxMcgpCwsfAUb5TE5jOku36wxLNutQEqk9ITkJHLzXIDwbqgpnwPMrJxyRlzUzGc4ajTC2M2OYhkz3/ExKinIe68myW4+FeMJia1CDPdBR8i7rIUUzIdpBPmBMSVpBbVLMuIUHrkMSaJLRVrUZrFbbsuUq5obldbhP/mwVkKeAxEd7mXC/KO3wDdcN1/0Fbd+48O7m9zTCfMJ91bYkclbPgaFZTKL1QYoKOJDwTQE1iKUNyqKtBjb7ktpLYJk4oSM26UGEP0SmdmHS4Ei2fPCuRaA2EqmmF7lL54Ac/qOL9cx9XXnnltdde+773ve/qla655pr+oQlHSX81k6GkzJa8eICanEuhM7HKC0NgQoLbau+FV4QxhAw9C2g6dh2pPcS61JFTmKu8hd30uphAQqe2ExlqQm+C3hnQg07zO9Z/Cd3zwovhEes//uDl4SVBoush67+b7YXRvw7RvxfxmMc8xvffox/96F4elOmwYqLJxLskPy4MOgJmC/vOg4gHOpAaZvwLg2cK/DCnQGJQEk2oCIT89NDxWckzHpLrTZNVyr1bKcD+BnZ/g1zMRjS6gUq2RDjsH8eQJtteYJCaVxd9cmnKkRqr6iByQ3icwf6Zxsetv3pv/nEMhpoMxz/sThVq9dclYBGaOGujJWFHWEtWlF3WwiAf0mx7UmjVdVVYRTlptShFVTJKJUWyM7pIjNg0iRAvDEhZb5WHrDDUCJsaylsTEr008RSQenJOgaEEKaiDBEmMDikz4RkVDIY3vJVJR+TQWmWlVobr/RFDs8WsC1rnoV6GPEAKvUig3YEJ2yCQPFSuNtRsK7RVGJMxzBUyCipCKFpC6dApPHIKYg5jEpbamMDJqxd8+hjNutSEiariQ4Z0OKFGB2E0mejKhOeKOSVlkmbMnv8w8/zrLZJM8g8pCIP/gmHYuOmwQjXrMr/UzPVWudFzjjQhn6yUkaZqi2dQV6QJ6WN4wBsU8hnPlquQWilgil8Auqx2vEVLaK2K0PpcF+ay7LnimRqdgrH1liPbadvKsFbwmNDGc3y3XW1FZPfCNqeN2g3UVVQXfVYSYy4TKHreUNeDywATNaJMaDZPdprgoNwELQ05QFT01HRVbgpyaLYqGQ+lYJQ13oWEV2yyIBeDCNEkG60xLtcbnQgvyPYP55IyUGMJACm0GPp4dWg6Ms455xxH5NOe9jSH7EUXXfSkJz3p/PPPf8oB0TnttNMcHz6FKTs6OaEvNR64bbINZFxxihy53RXZOwO6mzXDnn71OjFR+jJtUnoPutR7GXgi9InAkMQdj5zLbnqY/14weYYUYGRQ2PdKX6J9nHlYeGd4VXhJ4D0syK+77joMoceHJ4gvs/e85z2+1SDeQ4T8qquuoumZ4jnCEMPkAx/4AD8kniZ0pOCDrweKsfrsMzohZEU5/+9973uZ8CmYXjaEkAmJxBkKnpAfVuLvS7QHEHk6TOinbIiUoW9QKC8KwhMANBCJLPRKlkPxlyDbd73rXdTe/e53U8PPC0ym1Fj1OBO5Id7xjndQvvzyyzlRJQ7TYYVUxnAVjX8eTI0IBdOHsjR7j1q3VmyrqPOibdgWaJG0PBDl2QLWmw2iy16WqQVgIFUSm8oYRU1IoPoYrgrTbJqqT8FkogKUaVJjQo2JRKC8mEDKTMqCPqSgXLypBgWG1VwRKCfRy61RmKCCwQgAL2Y6VjVUE1bQcOTQjCMMIX1qUN2oQXKFpQmrJwaqBkZxoBqSbJGcArR3hjS3anuGFGCjIGEYGgqDsGAEhk8u5vZgTPFT0yV3ajBzvQzTkQh9jKYuJqmZFzwkJ6FmvmgypIyhTKiLmjLyXzFhrrbKmDzoqvI8FxgTcr10igSN8p7/zKkVDGSFqGmmYH6ZmGs4kUMh5RxpQgGwUkZWqk0fEjaVW6JAzgTPGxOe8XwmZ8sVtzD/uopWl3VIYtESWqtisz6Xdbmufw5TpmNo+suF63+2mYCshrYcBpL3QHYBuH5sS+hutkvtZIwtbT93Zdq9trR9rhffJW1XQ64gb+1w3jCIhIJeAclTZPIUqLCg9NTXg1dilClQ5rYSN1sztVNfTCmIRLRRl2tDGxSJB3UMbRlkCAqFV/q8GbpNxX9jcWUIEXLrHPRKuOKKK3zTvOENb/A18+pXv1q53nLwq/28GLiSnZvV0cmnI9iHi/NXOmZI7g4mt6+mepoLMVMr7KrNiZPUJa3pblZz9Z93hmjFuR6eu2nCUNbr1cKn5xgPvWOqgFcLOQ8w/zAT/vWS6IqXr0jwfcR4N9A8+eSTJe4BYZp8oslI3Qwhfv6Fx9zDwkzRP/PMM6l5hXgGenlIVkE8DD01Wjbi9IhRZEJPFgN5zXhRsYVseTbFRrQ++ReA4H01jn/vmDPOOIMT3454Qyh4NWkNsCXkhxVz/iHe0AbVa3RZm24pEIoQcg77hQoFBulTFhWhgouksjDU5YFloAsuuED6Xl0KpTJ9qpo+wUukxyK34hdJ/yr405/+dMHb2IZQFqGKwXyZlErBP+wXHojkwfdePoulSSgXy0ya/ItNlSxUzpGmAFC7z9KiY8HwZmGzMoSsoTWgVsY16VWJZ01JGYVzCvI1ujqzlZEAlE6O1Cx+PBOoV3EMwbPiGIWCIkAm0rFfmmWeyS0Mg7Z0m3GGxrVajNUv4W+xKREJhxaPNA0hTmg4Toyl1/KjT8EQ5lQXuQRlZwi2hIKkULLQdPDTysfLEdJUNPUvNmheQr0hObQGxEC5XZlwlMckJxT4F6SQ5IsRoWCEhBez3nhyqCDip2nuNA00yqaAMiSRMjXmUGUMZ7rN2iRLgYkahuSZ6DWEqKqqBaMUykghZYXFk5AzoWwJyYhzKTcoBWGM/0IiZ2IRQm6tOspOUZjCNn5ILRORmyxD8N96YCIMaiHlxqVsmxidczsLQ8InVAGaah6KigTqlangpSwqEgsASk1X64dnVuQc8o+XsskVTEWjRmiJQvudBKqkG42Cgdq5pWwezTtXhMulKze+pCes8jS7S9/BJ6P4WLaZ7QSJYdSxew7aYEpjmq2JisUDb9CoMFd6qWk2W4oiGhtV9M4RZT3vvPPs2H4hAWVnllhVwSITgKCl5ywwqPQcbUye/OQnm4N2u2mQVdVERhFJC72cqSmZPW/E7onmgIngDSQ29eog7lCG6g45F0Zri3OaXBEqlN6nrr+Lvl8s84xnPMPpYFCBIUyrQfB4g+ptFK6audYH4lni9FW42rqSldpDxFz2qoIegO5p5l4ezJnQYUvNiBQc3H0ceHx5uLjajUguWh7om0dOWEEDue8tLJp47xhjsXVqQ5GYNbxF4vtDgnzS9w3nqvCAUE8oNR9n0uGHcxkZVGEvu+wyRXvrW9/qxn3b296m7L7qzPuVV15p2Qi4FWIghvzo8qnn+vSaEYmx8L6BzK+vJZUxCyZLnLoY+jq0DIxyzjnnePrw70NQGJ47emVkDYjNCwkKyWSpjPg9evjHM/GBJWCjKDjnAjMQDwatgL5Koa9SWQjP1EMBC9soJs50MBSALsma4te85jXuzte+9rUSfOMb32iFN4qaCF7MymU6dJmaV77yle4tJmp1ySWXkBvLIjdZim9lfuzGj33+fp9//9fef+xXj33vN957yjdP+dwRn8N86JgP3feI+37sbh878ZYTb/zqje0swSOjSASaQdQuNjV4oSqjXguAxNaWiDUvCyunh6D6n3322Z6JjhWfmNxabDJ16VozlpAC2hqycCNaDDYv3s5VMZOoeg1hUIXiUxamxh70xU9Zgs2y9M2ClFVY/MjssOXTCn/nO9+pMmb5rPWXQ6uJUegYxeglgsydyquwyK0TdbNWLdoyKvImyzJu11gSFPBWeyvfuO0IyINMFU3wbPs2gDLSZUQ8nCLrRSaLFUYXVOrqD7fKfDLvSDSWlSkAwQipyPX27SE8aKFaxjQ7HAglm4JNTXmSFTy57Dh04olH+lLmGZNa9YGUmViKegUjYM6VlJD/zhlqTJQ33ouHEwVhMjsX09BMUobUSKD5FZJlpgKcYzQJdQmJsmAgnrntyZWCmIt2rkT4p6DLoqIWUjY0ZZtUMCJHymuhsuVT0ZpNQvpQVIoPrSvYTuHEyq/OQmLIMxQkK3L+xSBy24Q5K2qO2QpoYUOrscOEss0iRx6U1JoXoeF4ME3Gss73v3RDqZJbcObYGkJWucEkrxAcmUWOugUhBZqEdEwzQ/G1mTnMD4epERqRUFhsBS1Q+9AJ9fa3v93Z5MxSBV+KylQaGCYOLJtKJs47OTug7UO8Q1OeJArkBlVoa0IYTBBbGalLO18dKdu6jgzxqK8DIs2OXbaq6WoxtabBiB3KViEJNa44VxAzrW4OBVm4Tpi86U1vsih97yqFo9MjnYlCKYUwnKeOMAV0glMTDP+mRB1MhvAQ/xWKmkgU3LgKbo1COSq4G0XMJAKWGrmSioewN0EXuUudpAeEfJ1Q5Hj7RPFZKRSkI35ywyk1nia5cTkRNl6+4iGxP6FMoezE4MAVFZ5Q2GzVRDwmgrkTVlJiMFPUvJOc4I5aLw9yUdGx2DLk3Gqh0KPEXS4qOw0SSo1nakrEv9wV2aCy4I1/5n1JO/c9hjjnRLJI8JAHmjzk0xTEy5pcr9FbDLLW1ZQZAm9xMnH6q6H14Gmo8kZkK3iRiIeQB67OPfdcePHFFxviWc96luIIQK+QlFfwcldAJkJ10sn02c9+tkie+cxnklgPBuKTc70WPP6WE2/53Mmfu/vpd//YPT92n0fcxwV84hknXnv0tUc/+Ojr7nXd1x75ta994Wv3/NPl1UjfNiwq4ypvFTCJbU9dCE+u12KwzCRuymRn/VQfMUjfDCqj4HVxQpNta0yyqq0aqt1/k1YlyqYbqg8npszipy9rClU7zwybZa6kbIoVR8yiYqi2zgplbE77SYlKNr+UbRMBi8FAKokxTSqMp6MLGlds7QtyuZcyz5pGp6CLshGtf5MCCUViZVr5iiNfQrzcaTKHtlt8MVOAIjEEhqYuSI2CusF4vVzRZ45MlpCMqCxQSMZVEF3xwiOXmoB5EDnzUi61klUcaiTlJRFlF0D+CfPDM59MIBPmJJSZqIAFb5p0KaYmNYZKylDB8bCpEY9I5NhKa1DedDGnln9yyL+7Cgrb5qJmVesyND5lmDk1WfDPrbpJGaNJQVfBQMqFV8r8k7dzMTTVBCo4TTU3BNRFAvXKVPBKxEpv9Zn48cKDrRxuyZm0SIqTmq6UW3j4FqGomlz6CkVIQg1zxBFXLz9xNStyg5IMRYMsIGZGQiIzi22hXnAOOwwUECIxVTQ5ZKtSXFU4ON4wJPIXjfkTqF0tB3etIvrGtc18P9m9vhcJn/a0p9l1kV3qvLZv8RLb/sTS6aY6zaLcWu6wchtLzhhuLW5+VIcrQ9vGjgASB72m/cxn3jr0SfAknBvauE5h5GTRJVrHDW9CpcBnuTikCtWI6dMUJ3N1p9MECAwjSFS5zJAyqrPaOomU1wPKE8kFD3tI9oR0W3vQkXtD0cFAzwVCNz0F7xXoheFGZ0ju7YbHeHlwDvnn0Fg0oS7LFw/1GlFvlJVnDTQK9NVC6EvF0NB7xTvGcB4WGE8/bwuReBUZ3TcKNbwYfKmQ9B8p6Xt8UKOvSUhB5Dx76BiXEBpXVJBcmnTwbBVBGPkkN65qiESaFGDFmWal61nNfzz51IdaxIpzXQKgZiwmguRQkLrwbCd+MXNSMJ6DFC699FJD9EuovMDk7k3pieZr2HebVybkxDd6arwx4e3KK6/klgKfHCJqX37Fl0/541OO+MUjzn7T2Tf+rzc+6pOP+vrrvn7hOy6827+92/lvO/9hv/OwB33oQW1MWxVjSwq1iTObmuR628UYOmZfahSQ2dkmCw1KLjUoHQWhgxRHphhqUDWqPDUSvCJnQpNCVU1YtZtfJpTlq5ecmtEx0NDQojKQOuiC1JSicUlo4vMvU8OJGUqZUMr0Z/sY1IKngMxjTTHogt5AhArCtrKE5KjqYSDe9hxURvJ2K4wIYbu4uVBzavGZ5ApjlLa5wIoWSkdvfEHqFVvBY4qfGpQmZSlTa8YZliOMmWSrCWWIHxO9NPnPKg/UdCkpZUXmBJIzTLN4tv552/ovvBxm0kCwrnzmv/CMyAllOohJzYYWDLWUjcKcZ0gBskW6oJpABSc3EYYIm1m9MOIWGgsW/wQDyfkpWaRJv6So6SokWC50oKiEhzhEpVxI7sfl0vWasyygZRHfRavLNekmcF92j/bu8MBxcbowXBUeDpqYhDRzmDeu8omWwdY/ltW2t+yEIgi7WnAOTehUss18Ndp1vncJO56QE9z2JrEb8ZJ873vfyyTkRF2kulRx/Y9YxjWEgdTC4qajNO1zThwBDG343JIjTeMqGaQG+XRA4DsajGJcAQgSEUKGTBwQistzyD+kz4nToaOEGn3Vx0gcIzCMOFHlUiUV7hnUu9gzQql7tXkxhB4QUJebW5e3Sy8Y7wPCXhieAtBNn0Rvr2lNrzDvZcgzNHc0YS8AvPcKubHSRLrwnOD5wXtAEHpeCAAa2lgGgsgTJKEHhyC9P6hBcXqvkOv1Ovb+QKxEq9mjBAqSE6OUC6GxIHPEXAzeMUw8lfBeRfwbC3JYslMW3jA8MOSNFc/U8PzrJYcVE2WVsAAqpsDIjcs5ngeIhCopKQuDcw84tr3AIIV+EuB5R8FjzlOMvia3HnwM+1KM95jjUF4GUjEMZUioWeKmSQpIhCar3de7zZ7FWz8SEbOA26rzntaFYWUq9VZVaUKhQqGSG3EkeqlJLRKkMMSjSwoKizeWfMWj19DU9LKiidGsa5QzJKnUdGBEARqauWB0tX4kjtdLXsAzWUbhk5WaQEsXSlBvaZIbjk4MBagyomrNV1Jl0YUPUeWF6kZf6aBixienBiNC1BZWbbaQAgkepsww58LjSgBQnCSSgngS4YmksEP6xU8hzGSUIZ2UUcp1pZZ/mDllvfQjJpqQgi4FpKzglPHJqVVM1HCw+CG1lMkpMyGnTwcxadAUeGYSppz/lFlRJhxlnkcZTwfS10sNaiIx4xUcqjZJqOaQOXlkCJg3o2yDIeE/Hc5RAxU/BWjhUYN6LTn6eB6sT2vbsrcpNFv5/C/3YKd8d6oFEe927PpE7ksXcDdxN6hHXFeauy1ECd2pOWSeN+uvfQ5bji01WUlAoEIUjY0EnUfig2Lt49Jxo8v+RNJov9mN0sbzkCH9Ulors+yc9snsFkJYTdufTDhRJs1IEasjOatQESHnTQBDPMKLhI6o8J3ggiwkEsHzlo4mE55R6VcK9alW6laRlVFJXcY9i6C72TPCxY938UO8BwSk0BPM8wV2kXtkuPiZeGdAJiSUIR2GhJwYAjWW6SM0dKjXY6VevLdhz0MSQ+ANip8nHiEkNKKBIBIDoXi8M4zrzUENCrXPTS8PJtSYUBNnHihAw5EbhWajFyoeE8lIeCmwJWELKYs/TYgYChVSYFL8/OMrb5XRy6c4kWZCCpSFF5KIXJcgdRV/iRT5pNn3nCcdIVQHn2jeYcinrSL0pdjXoccZn55xXNGsFOTcIn7wPNMpC3utl2vJSmSSxWimVmp4DnWR4PmhACVLQgHmv9XSzAoDb3RIp9EjykwoE4rTKHhImaHeMck/RgB1GZoyzDD/EqRJB4Mo4IXBtpXj2QoVrXFhJg3RcLyxkiBeshCvKzQiBRhDAaqVqCqgXUCzlYPXtZxrm7/N2aEX9uWA12XLIHwYtZedlhTwIUk8hnlkUA4LqWBEGxYeBb2w4FMbTE0dUk4CSzbbPWUV459JcjqQWsQqYQqUM8GTkHMywaA8M6SmK8+F1IiNknPEJGE4ypnnP7cpb4NJrZCoQTrk1OggfCQMqM50TMeg4g9GbGlOMBP/nfqPKeVMCoYJOZ4+XpeliEigptXIFuN+XG7WTvxBROi97DLYfunOPQq7RzGw+yMhfbb5sbzmno5H3dnlXALtljat80iUjiQ7CtqQdr7NiZx0diw1+njRQya6lEBipaQKaJY1rElHk1sjts8ZcoUn5Blq8sMnhhqerXjw6sg/1Ms2ogbZcl78fIbkJPQ5gZEumiVeBdqHPWuqeeVVVeR67qWGcZfjXd549/e8AzwmussxmtS8KlKYR0MSSAcSIt6QUaARuTV95HgSE0oyMSBdmszxvWA8KQiNQgjFYCwBwBhCmtQENk/IeMp6UxZbDOX85JlkEifEFzyM0cUbk8KglgnlAsbDiCbUBY2oa/yTVBm91CDSTJgy/2Hx64K6SBBXNT3dOPTegl5gJF5jFEgoeOepAOqF57mmC1KGBu1DjQIJBb2QYQwhppDagEhUpqwNGE0Xh6WmGsImYQsJq085cttwJVUY9AspiRH1QpmilAVDDYpBV8gnBXI+6SAMD5CQQvUXwPBM6k0ZEjLJv2pQUDG8YGD+qdHBQAohc2FskRxSg4aDURWoJq12SAgJlRHihzQVFlN5h6/mKB7awqHmXSFavS5kUA63wYg2TF6ocCKntkVqh5Vh+jW3ymqS/63yEJOU87lFhjnJbZQyZtRMTXxOMkkZsZ2urecxyX8mMZnsKZNDOkwoRPhIgnpNBB7i1RxW8DDKf6lNZWiG43/V3TGEoyBZkszxvEFk9SIruZ0L6WjuLt25WUNEEuntGo5cD6FLwoWB6U0HY1JAi+uD/4g7qw2PKseSwbraqp0oNUUmK7ESthvJxRppQgnDyjQFygkct7pQww3qgmw1q+a2pllREG0mRT6SkaeZSUPPaiAMC4ZnckQ/c2WpzlPe3iKoSnYf91KDbmhNFzb5IDkk9yBYXhkH/1RKJnCUu+D1jhwDXfbIcHDu/uEhnXoRvibUNBB+/O8FA5HmRJ4C5Z4+8/LYKkNdg3mesTBCQlVprdZu7emKV8aw3pjVaCFqejnHGBfmv5qExoo0aYaCSZlCaRY/noJeGJOQiQcWvheelxlbby9WHnDra235mNbUFVLLZCoDCRGeT4wheEZVw7IpxykCEmHEnCZbyCc0Cg8CgCQccksBjzCiIhQGTFn8kBwS8okJNfmExmJr6MHGLX6aUc1MUqCcuV484f+fszuJ2S27zvseWZREWiGphqTZlVhFslhUFZsSaVKdEytIHCAx4sQNDNgDe+R5hhlkkEGQUWaZZGAgg3hgIIFgIYYbJDBsxIrl0GyrIatYZLERRRVJURIpSpQMU/md/X/fdfc973dLRBbIB2uv/ay11167Oefcuvf7SpvQGaPBKiNzKBkoYQS9RY4cTkqD7EWeUSihZluiAg4Sta2wYUrbqa7Rk11v492JaKEmTAwqoJRgycgWll72PW2iK8xlMHKcIafstIlfb44jkW9dRo+zCyMUU9dOZhxcsQ/RhBFymclGHs4oRdhpkB3qgim7jkxR51Bzas4SJsUv5ypzO9nGIg2hiXabEkddtpx92MlyymxgWxGyUy4P3aQnZbIeuIfMEyLsmTHImD3BP56323UAm39Jy4wCifz2cyI/uruJvY/LbgF2iXZBaFJ4QWQoeLreUC8RRJM0XDWVhgjSiCxy8UWAhL0udo6RReMOWQpb5hABcgwRJhl6Lo0uTiKH2QGkct0WvNrOM57isU0PPcvT2esdZcdo4dDocK3bZZTBhh7MPpadXIRJI2Q0CqETCgJj6OUDDabXu5PhkEPvQ0OulxiXTK1OqIsyomnQHAWBRRZtMmcfXMRDplmXOFlmLnyhJkx6ezu9AvJiD8clmeYQQvEZ6QhHKksMTY6ZX8WemTmSCDEhdyiCJh2mjyVOwhjmMo7SyCULTmlDksseWRqMxQ8bBaYwUoY8OGQ6JakJjRVOZM2EXnMwAiyZvTKjp+yojIMspMJOeaeZ0NtyyeiUZIw7tmS7JSnynoxsd8sJ92bk3RIm9N045Dvjj9zpMsUcPEnknXCLKQl9kgkZbzHJ8dZl7Cc5dZXYKb0U0kD7ntnddySR25nOL+yYz8G3UZ1i2OlmhAiURjm2QTe+hAhl3w0kyy7xIemBAedVbpd6Cf7ou6x494TFrCh3jnsSZLQJcoRbctvclSLv8etKSaSaXNp/kuS7J3OSxTqPsuu7XMZ+gMRR25hT56TeZJp17ZLL3pU+mDKyW3Y92RO4lSGjpcMj6SV1kSPokvQT7jL2kbF//xI/xztlchvarRLnFCdjZ8GrFdzPRTpMQUjouZM9/s7JpS6cJD3jSI6EF8zRCx/F+x8s2sgKfwh9p3llPLqv/94vaRt3grLUa4gZOpcwiTaCM45JYXdhjJxIj9fgyuteQUZYSEOHWcjqv1saa0Y8ErqxPEgh9JopuwxhMDnpD+ra5WSvOcYqNlJXkr5YF8m+y6XjRvauk36n1BWHZCQnfW+SLEnNB+FJpusk0ztS89aYpN9aiJ0z+oNoO3nE9pszldREvvel+zIyK7qOw32SfaSxRxqbzPCUMkhqDqHTHta7CyMpJmQxxOiUFfKe9Ik5NwiOT1KW+Xjtm5X4Zu2zlY5JQYgc9sEaIpCUUGRYApBIqemvMhySXlfIK9QME/oYSTENNJglzkhkki5yNDijJJrlsytkkhw8CWPukD6RQ0Y4sjcRJpnsu8tgkaHgpN3lfifzpjm7DiGv22lS1mY8JH5BchzBFCT+YEKfppj0cLoI3+JMfFKea8wfQC5J5Jk4hVCSjDPKHn+EMUkPjSv4SXTBU1cue/zTuHBXhhaeyOVvH6ZnjLYj+0nGOATu9IJAxnCU6YKagy8jCGJSJpkHicrcYrLrya0luXMVRnjthF2fgJSyzZK+Y7Lrt3Kn445JtJcZZeREGBdCTxnLTjtZBu+Uk+O47zJdJ7JiHt2bsO/iAFbwlDCJMHLxXzLxR+KQfI+Dvf5EjfRB7IvWqfc5q9kXcHa3wWlQKCA8HroFJUfnkkInOYsyejiSyyXEknKdjCOQnQyPOV1L3wmZR4vmoFO3CyNE23EO2IxYbmTPX3U0w5NUJpikj/vBWEIv+D4Lyj6L2/TIkdz1YcCdNEor9MPbn5tZOcLSn070B4///vXvVsD+QKM/vggJGl0X7D8qv3b9FaT+YznHOBPcQLBBS6BkICMLrHdX+FIMAUsDMhZ5/lyFaA5G49JcdjJc9EOGTEEmpVG1RzSPlVjZnlIKRcgRksiEXswIRseBjAWBRG+iC5bSHj8yI/dEtEEDIdCbcpW3ImZKZ0xqChgB8mIXduKHKWQNdYxCb/9o6oW5wBH2phYaDpZ/8yL0MCmasLCYE/lgr8T4EnHSGSHaIIve7DhJzVC00pASC0SAutjzSlGNuqKFHAtV2IQxYZzM0eD00sNRdEHkplxhq+rgrbSRTnin6JpjftJHjLIPVwKl1yzKv1QpI0Mr833iEcjoKWiRB3M/uUxzCBN/d4En2p1khMGRmrvL6NMLU5ITGQ5t9d9brKn2sQbXR1XKYMwci/Cg+AQfLo9DNMmKenkKJF1NJAJm7iSdUUy046G7Qh1ZJiy7FNEDA/bw8GiheJxQ0rOTIjQqSS+I3v0JBIsfTQKUMpss78SUnQwZIZmxGoiU53yPhozzUE8YQ107mREWJCysIQw0+ZdbK2fPKa4zD9Pr3dMjhSr+fEmTvrzht9d/wO5vsnxz/TCz+QvV2X/v+hfrSf9Nuv9o39/NiTx/T4eOJggxitmRqUOThZMSrDfRBflS+o/W/Q2XIvcf4CelkskYQc4GTYeRS3ulfwgjFBPHWNWHVGdINFug0pho/d2fqqSp13DlX5BETJXXS2+UyDBHxkRTfCgloeSJlq6XTsRPhE3JKI7IEuMuJV7WwnwVYdXmmHJBkOVjXj0huq1sFTtq3yoURtLzxo5COMpx/c2PRTMcObK/5i9bqMvoIXujs8sz0YTITRAiy7OJ50K4mxQxKXZNXnBcZsRGX7EPER+hOMWcZCYIPqw4FNjf7TAcdxiZOyNkDEeBgoiM0MpCdha+EIGkZESAVoFFGRkhI0uYtL72DLQcIWOW9lU4ctuVS0j0EqM0kAQoJRPKPMskHKbUBdGQ98nuZDhKMSNP/FyEGmbkjBHgHv/kUoZ7MqEuFl2Do9QFo6nG6HBcUkhGtDAX9soId1HhkzgmoYWgzEoVvFFmaHY6Dp1FFwtll4zhnlihctQk4jjI84CTw/HI8H99SJMZS4I6bHcBdNo1w3mQ4CBzJA0zyEKBe6hcyFGPtYMxm7OVC+W9o16YYlbR9jIVpLEkY4jJsGdej8Del3sT73EI6TVJXWEu3YaadFJMya8KHbM2qFm0ABKjtCm7gLKUHtrkBotsLON6qaf4HvLF49vUR2p/6Rz2D0jeuH4MZPiG609C7++jr7+afvlta29a/wrlofUz1R5++GHYv2l+8/W33RV5PrnkoCYSqDIscKpUQTSJLsidIiCUjDj9K5f+Vbj48Mhm+7vyjHKef/iRnh1N2mhJLggUiZFqrlbq1p5pWaUnN0wJ5NK/cgkFL2GcgswKskBdmkYxO9i8BAlNpxKZC5Qkvjxhut7KIhopMiSGg+IgNNlWpH9fPv9kiFQohNIQTZCyLcmCH1VYH3+mUB1sOYpSsBAZIhixiYtGBJckRbZ0weUfsrBHhokuKA35VBMxcywIsoDlTNScRZOXJheIDKtSZEgwhR0ywp6MKiFABGGhEdsMVlMX5I6ArG6ClL/ILBQiWpnjT/6QjlYvTBg5UpAhAjJUZHaI0FIeC7BEE6r2oH3ISA+tVzgSjbLThpwdwSiGoxiabi502UJ6lkk4qQl3cvlXhJNL5Ilv3FxgljByMvF1TX0gF70hDqHkG3kiG4WFrosdCjgyRjRBQuSw3pgpGYcm8uh66Wh0QldhYoHIXLZJdjj1J40iWlhkBCPWG409ybcgou1Y75BTMA3d9aX3eAT4vz7j8SElF0MXcciJZwbs0dLTbh6EPVGi8RWkDBqMIhRCjiLkQjyEciGVQ4qhZigUTCbyLRJBytZTsFF6YHtHg71ie3dm9L4Me/We9/EUL9oemfN2n6NounqCslSEHvCTvxrKsH3QbrZNLVuWKT1+7xncex8sshEpXuflJsnka+vnn/WjJL70pcsvgYdfvv6k8m9cfwwk+er6YXhosJ+o9fz6yXzp7LCf6iBCXxJNtpcDaF7QBENd7FBiBJ+dO8UQfKUhTj/7AhpLSrpeWj/8z3DQFx6jEWHk9OyljZ8w9o+e+6yRjyopdfsE0ksMRxriG1RN4Gc/+1nuL6zf8SCmCAaSsMy5qLNox55be7Xg0hYKXyjIJcxXtpKBTdZYTVxMRhH4ilzY9nalo8iHYrJCVfnPr5+D0T86b6a6BOHb/umhEnaP/O4jv/ux933s6T/7tP9RXvzzL37kiY987T//2q8++qu//V/+9ude87k/ePcf/LOf+mdf/o+//C8e+Ref+bnP/Mt3/stPPPmJf/XYv/I//M+88vh1EVI1ovztorAZGV2SpqkIhBEiSEzmTVOeLBAZ4iusVSPi4IgswlRGqVs+ZHa6mAJypJRMMcURXxy6muBMQIiJwKuufixGm40LZCxhSPSK03LrkgZsZenZcSCaVCm8KCKEyCGCReHVzqdToJWlWGtoyWArns7eTkgYw52MMC6Ri9lwUCaTgJyhnFmkijCZw5pQVzRxcmEZF8xcIp9cGiVL4xZ8dymBqQ9LFeOIwJGkVNKGlkwp0Y2CDxH0ikBSMioCVI10do4hwoguiKYrMhQHYlbSyq7Ic2nMvXFc00t01ZtLIvIMuqfEQjdKycCUCBRzZ1ETevWppNnRSsbN7yHVSwndQ+p4UGE0gZKOSkq3B3DPjB4tUBQhXA3pjNGamCntcRg9FHFyIXReAnKJVorS4FsyZgLlBvWSlBAZckSgM66hLj9sssR6hZlHoKb3aNjrcA9FvcpBNKEut968IwvSu5suQXr3EbwnveQN17jSkHnlbrNaAGvD0oJVEy6lpwK9u4lfYhTfAaQvIfKWtxw/T98HK72fyddP7KJn9xXlQ9ZXFNGECLweX7+vt9+G9sT6efRcfOwicxTBKGY6XwwzWcamzKJLhlCTIOPwhQJi9iX9tvWr36DI/dQwA8nB0PLRZVAfLpEfWb99gY7MBRPySnzTsMgNx7hyaJ9UanXTlJ4FMro0qk8/GfGn16+We/e73w2NayxxcFo4dd6RncLLvOSJDCUJDS2CLk3JQIkJZRYqILKhcThS1KeAEpOt3ESm9HHWTy5UeWH7yY5vf/vbRaM0EA73ZtelCW0V28mRedV3XvWG33nD63/79a/75usor/7qq+k/9OIP0X/4Cz/8mj96zSt+5xVv+c5b2OFP/tZPvvn33qwL+t8bv/XGN77ijdKQsypBQ0/92wbsCKTJQgRNUzBxKM/c9UZeq3SIVbPQlKJxRM6RrosLvl6injV1IYjJRfUEUVibQRcLL0Gg4lAY21QI3CGyESECRGAnhqgpMneR6WrLFyJIDAEiEAojBeFERrO7EKAmtMTQmrbWnVmWQRbrjqA3qRlGsIcHWSIXcwaST9nSVUyXeZUSVDqprvQvP421WdjeaMhc6Fn2yfLim8seHxafpVFiNtCQRVOZkAUKxV1kHOSU4jd0kaWUBYFFTDoaoWhmVASoVlBNDMERRy8aTGGEkdHEjAwRKqYgFKjCZK4O4uogThmjJjtCXqT4IkORQ3ZpwFKKk2SE5a8IoUzCHMU3kBFd+6SHOuXy0JUoarsEj5RrDxU8t4AnnMeG1xaPt14BPFFE6QGpC8dD2tw4mpIgzZww6hXHtcKxUKSHehyjczGlsGREgPRdqhca5BiyG5ciYWENITd5Ss8jkNL7mpdoeq/A7KbQyxrRhL3KRegVpvc1XdybsuA94yVvuFWq4++wSand0G6z81S/VWxGCFxKTzVEo/SE9l5vIOkR7/ve9MkXvvAFr/bPPfcc7Ae+f+pTn2J/9tlnfRn4kPX670P2xSU+9fCffvppX36f+MQnfCV85CMfQfv4xz9O72fHIwhiiN5VzdTQZioNc7QidKgZmqb5Er2y1dubhM8RvvOlq1wG6kuo75U+WTTVEJojmhG50JFzkYmpIeBLDJmILytDq6qdY00pSkdXbYnpFcrQonFUBzi/UAH2E80kYCw0acufNB0RuFOMbhYlKT1NKUmDRVbcxWcUTbaq2iwEFJxjkSUjsmgsmnVFs3DcrYuYvnQFpLToVt82WBvn8kc1+5YmJvuab73mka8+8tYvvdX/Hv6Nh9/8hTc/+vVH3/Timx7/ncdf9fFXve4PXve9L37vbV9527/7v//dn/ncn/nev/zea5957Z/6tT/1w//mh/1P8w8/94d9ZNsbsrIB6GolB3vGHM2omcIWC00FTJOj/Dk2cS5Ql1nwJS+88ILiaBYNTZXsjSrPnV0RrIWwxa/C4iBzVHOO1UcOBTQi3xTD1SVn7hCZI2xddEGi16CaraM0+MqfBeo1IzR4bK/1Myk1KRJDjkaH7JYPwTJp0hMry2Kh6a21RQx1sbQNRtpydbXi0PZjoUcupiANpCxlS1c3XfRSko8JShWHUDIi2MmR5U8fl8jNl29T1mVdxEeG9FzqzaWBIhc/8lQJ2YiYOA1RfIjMIhlGE8efIuz1qRmqCXQk2efm0cVOHJORni8UmE66gZOeVpA4Sg5RDyB3b8jYg0kzck8lA5UApTQkMGlAWZUYiazJMVqOZsGoUJoqoGnisIAGKjc65bjI9KkazIciHGmqXQ1NwLNZ0lATuiNMht4TBaGHiiSaDCQsPYzxh0yaedMwHEWioQlIIyyZkSE3n7AqUCRgLEMYq9cTj0AvJh6BEvamBnuD81bC3ssaRKOgeX+BETxKe21h5Ni7VfmbTvkbV5XkaXT7VT7tvw4AizVo5yFwkV53q8hC9XIkMYqXboq3dR8WxKeSV36fqvDJ9evZ+9V4/RYjdq//PqH6Gfr9lqSf+Zmf4fXhD38Y4Rd+4Rd8QKS/5z3voSMI3meWyUrA0GY666gppV53mimd6DX3KZo8+QooCFRPuYkpsvyhUXAymojaRu57RT5ellkwoRmZIBojaSBDt3MqL7SyqsdeGkQ0XiYOTdxwValvXzlEE9C8TGGm1isqglkYWpJCaUpMsy85MX0diqa8ookp8/LHNBeKTIStUHSj9N3QZPu1Bz6+C8KL0gt1+6d5tTEcQIqtYmM3U4RODSSMpJpwZzGuWRhIQGhcKRE5GNekTEQ9ZQ5tANV+73vfa152jgztGWimUGKQlwlyn194wLE9I4hoUBPy5Qg5QjQTNGJj6VIxAwloUMKosFB8NC6wX/BnAwsirPh6y8cXOfd++jqCaI2CRtcrJn7BpScORzif8uosgrIgQL52gi6zMzVMiggsUBeMzBHBxmCkJxaXpTqrOYvis8D2QGgDJJpoViREgzZJemS6CEIZTljzMmJbS63YzZ0uVXa9aLI1EZnLEyLoQhZnJssCkWNyybc40YpPZxEETW9MQimCZKJBLrlnx+FiiIkP0aDZMZogI2RUEJOtMqRyqQzs4HTzdOcM6oKJDQ+dhbDj4wrtaCRdrd3JzkhXB3QhU7qfHS46cZTQRCAGKo0WKz2UicTYCZ2RAk0hlA/CkNskdNhMGaUqK4M676V3PHRjI1Ug0gAdeIlKV9IUTxGPN+iC6AndA7KLgzRzvuoCmxWLyRsSTRB8TAqj0TFxjEgxJdMIWUJxwgSZHXlcIAs7RQIGMoTceuPw2iVVD0JND0LodYzF49CjEbrvYAqa2UXWFKT3NSgUL1PoAW+UWTmFKg0bmmK3WTw7UlVZrIGSyhyBi1kXQTRFMK4aem00nPQoXie9qhPv9bDv2k9+8pPsH/3oR73m+6rzQdBvMfIF0JeHTxkKGi80hH5l08c+9jGI5l0V39QUxMRNRxoSkImUjhv9+tqohqS9Qlh0mS9pBRWHrziVt8qYBSSCKxckjBChhwqkmzLEQWYh9GKWQ6vpLrBrHXXVU0kFZK96HPHNSMXM2ju7KtGfeeYZr+EqUBnlRpClYUSOxHwbSynY8eWjqoJApVYu1RPcd5sgfSnqkmTv+5plLk6R2yGMfSJw16vmdhpHObDjSN5E3GiuMHdW9x0xQWfExFX4WIAl6m++a8sfE3dk5Nw+kWHFlLn8VZhudAMZUXqMUBpqYm/w6k9KoCnYKrJiF4eYMj4LGhdBTBkqo2iQY5+eUJPwxVR5jtBYLMjVSpdQrQ5fwqgJjYLGRfw+XjkqspgysT/54qg8Ppou37vRSoau17j4BaczakLuaCKoiQjKggAZ1SokEpMAl7CSchEKokE0mFho2Kat8pAF6uqqgTZD+6GmFakLjW75YC5xNAUxkLCShyUgc2juLFKtF01iFGhSMkdgtC7icMm9KbOrNk4uFHF0FbP4EI2l3pi8KJq69mSK34iNHpkCGXmZEaWJm6w5OmuuC7u6S4YCR1lXznEf2u0d/O4cZ5+4LZP2v3uV4qTQHSKXP2SEPed0jeLS6AbW9IpAh5jdye7nuZNFa9CSIdKYhzcpz/Ts03tqoplmU64IKqZ0xK6YpT8c/b9rtP2hUkR315MhK0EPFRnL0hzMGTKa53ErPOBLV3FdFiwyM7doImBSGI2OidZwxsWHfFl6NqenkCLDcYGYLa0EhBXfWHKTYW8SHn6ap3s8NBGY0jMSAY1FENhkYZNtnUqeGJeUufpS1FqVbUf1ZFFYUs68SBUQk1Iy3g0NBGV4vG0u8V4JfT24oL3v2zG+UVzZ3vrtob7DvOB7Se/jAPqu0kTT5bMG2fcWROPOywQNZCKmY/RWraxmn5HWkcJI9KKRvLhDhdWsPgU0EaKAI+oPo1XMzgk0fWRIcIpZGq2mMipmBVRJBWTXK+cGUhblMjV181VE9yVE763cfE2WYBqOiE+snbEEaZXRTKTnn/qIqVyaKi+O3qJ1dBmlWkyzWFlc3mf10jEpnXArgimU+ILjmJ2z50Zzbbmquk+JCXawzY5i7h0iO9xh1KsOLYGAEpCkiRjIKCKzlAw0VsNhmoj7xa6AUx9T8EGpyz6BUiWMVQByNGVB+viDShoZEgFFwLEDGSGCyZp7YwkolCTZFZBoYsI+ldBEFoRu+YzOgiCmBLgbhTsj32gTX5DWpTUiHGuWPxqLmuhSIr7QdEIlouBQeNHRIiugCFBuFZM9scTQFoKzmekQE7YH2maUmtMVzZJlGQ4RpIHkCVUMSixdelKCemUlbQpk5CVnM1IoYWGOubCjjQtFtJkycliQemNGLv6pPnQWdmQczBmi4aRBMTVMkzVNp4w4cSO2MTnp3TBtfqfA5ifrWj3EqXdzdvy7ZrsNoAMCj+t1+4tOsOecNwDHx8sB3XHD7E728tG7UY8YQxjuuPWuIg0iH1Ke6Zfu662YXs5Z1rQu78qqoW6JUrT0Vhz53pduO+DYNet6qlgCNWeTocg1NOeSNkM6Kfsj4vYvi+huCkGqI9r+gGSR8crz8icG0sIPWXYc0ZTeuNBZiLGIBIRtkVoA1xylx+G8orJkh6ZjJYgZacLILILoNc2wyZZ/yTdfUhoKKHl7Tg1tR4VOV+EI+LykJ4KBhCoNiRnOLqF4ZyT2hzdNipd3O6aPj74qvOnbSV7n3dreQNG8gfa94luBEYFjLtyFxTcpwY1lIiUgE7J2y2XTq2dIKm+zI2V+rOL1RVUcyr6mkLAQvUQTIuw4LulJ+SiRQdVNuZx8e9JhVsAsRBqY4rSaqucBZmqmD9UBmrX1oqgwQW4Iw5HcKXwpVV59KFDdVJgiSF8MxWcXqhf5IvOiU6BkjEjxBKUg6+XYmuolxpW87WGTOG5dYS4p0zQ7czw28TosmGTV8ihRShu1dRTZdARnbE1LgyWjQWXSpOwQaEvA/pNqH7VqBROThbxsHvFtJHH60Onjhq4sMBETU81FgyJP/Y2LyaIL8iUURl0yh9wlySUdkyOCXmFlYghGXRKD0YovFJqYmHoJZk1d5S+UgrCrGGObARqUUAQ0QYQwMkSGOBUTUxNqQrtFE9LVnw51QevLHhLGcAgncjoRqoGkhGMidJOC6ZO/rHAInbHMGcu8KeeoNzImoWgWR0w0LvRBvewr9iE1xZ9kJjJkL77IsOSbi0mZdTu2i4J0b9jVlLlnpkmydNV0/DsI67I/xJGBrlDYs8kJgj3GoK7u2FEQXB0Ol6bzBb0iYLqT2XvYMRa5QeVTSlBzEstIZySRSZZyHp0gd09WDUKpJp1rAY/LtB2gW3HjrWN+HHjOhTNJ0eUqy1DSjGYISdmLxoVjt0Z6RRcER7SyJIwEB7mxyg9mSXY9Ebn4g4zF2WtUVrLtptPsodhqZa/6ibmMERmepqmraZa8sYhBDV0ayiiTimk7Uipp85r0qoM0xHT5Cm5/aEJNSOyM3je9kGp6/dfVJwjd7nFlQ2+d9hOmJkUX9L6P5quCu7d+jr0BNH2DmsK+S2RljcJdjuktqaQkx/IXSlM0evZEL2PCHs0cR6+M9VISjkZp3DaAAiqdI93+VGGCgykCMUczmvdxE6SzdLQoBiUGmiGIWdANXf07gYpGmXf2lIywpRFKE7ZJilwmdPuEggmRNSWjKRSdYkSVNCNXlavN7KDtQTFBW6i545j7yLHdl1QrMxXNBDUpMikl+iAxnC40RbBDYPvHZsCXmAztmWZKMOFMtnsK0vtC6uMG8oXiQBsMB4rWNmstBIEF5EUQioMALZb0+oRiQYD4ohHuM1zkMod9nLFP/sgEGSIwyllTETArBTQd6wKJptHrYpQD5Dv6kHGSmupPr/IwXRd7e2x2GmN7g442yMhlEIFdNFKe0oBlDtlZ6pWz9DTpsKXXNeTdJTKJDHUxqgzCCeuNT4ZcNKWWJ118OnsBI2sSXRANv3mZIOm4Ecc26TIZOS6Xq7T/ibNALgdgHQHo7DN2kXprCbsZYHcsTsrcwB03FojPAl0pcFyKL/hl+CWXnNY31SXXq1w6rpJjqInQlFtuSFpu1aDjXL50FVGlKlx7AqMB1sSPOUvOZAbl3SRhvWQGbuyQpbQQhIL0siTRGq5xISMl2fURxmhDPo01OVdft5sS78geRhjkFZqmIHRBWqGZLPsp/zJXPaieFCWltAure0lWUo5FbtPYDRTYLZy4lOft0pssvY8nnwL2kPdQ6K2zl9leP3tF7eWUxRCMJV/xjSsBOZNSCmV4shCWcET+u9yuNWwJRioUZN9l+d0TAxm3Wikd7FJwwhVTJVkIJl8TIc2rI9SzuZUlEQza6FxWLhepi7uacKGoUpUXB2pSxig+pS0heNsgbDg6DgUyRhYhgrGao/qsqV/+Boc7q0sNdqlR1EFWBSElA3tO9/FhZXEaF+fIYF0fDUek0aQkjIzT91AfNyxQQISkUdqBfOnc7Ss65NjoHAldHIp9SIe6JjJyLoKw6CKUjBGgyOZCb8ey4IuGlsIIOc6XVmSYPSYZRRddZL6KoFkpVkkuNzIZI2Q0a4g8ehxCDzNWc0i3hehh6wVHau6EobHUCxnJkdP147icSyadHUo10YS6Ql1KkUt6QQqYDJkxgvrsWO+FvSSXyHCSKUhIWJqLSXWy2t7dA3Zye57QScoJHYRQ84SJUx8y9ujqmoXsUFf3BtSEXRdOE+wy6QHHEuIQdiKUBKRa8sdBvf9mIzgnyQhFCDVDWcEJcvhfI+hiPG4BVVNB5QuJIk4d19AXTz4nFOjouF7HohG+LpodW484yOmQvd6Gi5wlhez6yO44FnIMv1a9SZKjrts7JkuoGY4S5htKcnDs5JjGdbKNWxqVrr1o10J6mzICPsciyIoyW0dW9gqkJ22O3oQg3dYJ68XvNZOespM1Rabcpl3OFe1O3GUslGSMsHkNrv5DVm0uq0wyjmPklESTqJhyKR3stLsCIInAXTRzMSkFrHSUmSzc5xsmGQkO5IU57lNSQqkJNREqYy4NEY7UjBCZb0ZDl3aoaSIm6L5zf/Ug6aHimWHDoJVk44pTGvTW1wZoLKKJ2UApBFNX+bdbenfxmB+LUAgkZYwh91CXaJD9YC9BhmKGuibyTq6SKUWOAEVuRFhvGL9mhCLvOC6RiSbUBUXWVATNSgEZwyTj4CyZrpCd0BN6XRlhCzSWk9xJm403lqThJEAp5x0nyV10hbr2ycKCwGHuxjAXmJ498njBIeyjZF+se6LrmPY6d7b3ceCvuz3lVuoayXi5C+6XDj6hOzXQbTDY7QoTRtitG3aZhKfHHAspcgmUSSkl2RFOkhFyDzUHWfgel86SiUPox/NPsRQXqp2qUYZKJjRFopQS3fUwiU9GEST7jkm9pOFas+9H7nShH7Hur9SR05YzyylzwkIos1qR4W6hQFLkRmlEo8OSgaQtGCZxxqUIYlKKXA5kpXN5bPde6QkkB6/z6dDTCAHSCR0iU8aF+/7QErnRj2JdH0gtd3r4ICntkWPyS3Z9FeY+2cuVMpaRfEmRj2Kt/6IBO8+USxLXGvISh5gUNEEW+op3b2l2TCEReFFyh0SQFFLM0WFkmCO8lZ2QI6WhyWUCD9ghdaFxIUU7Vu4qmrMb45CGIDOvFFICHKH9kONYTsH3OHTYKI3IHYdOIW229qHNposSbY8fphSnBAZZuBS2+HCUEy13qCuMM81QzhTIt1IcFbnZpSFBg+NywpPsMbMkR9BtrJMxSd8tyQyXIECWU0q76EqJlj6SZfeaaHVNlegnPDV3R8iY0MkxvSVqawOHbWOy68mtZaSuwZSRmhN/x4Q+RtKlEfZog9nh6cSRfW/QZ2r0eqM9SCaxl5EI8CD7/0ka7OXlQZyV6iHpsAnsXeSgXmVvnrqSW8ItJqOb3mByzHtJesaR3TJhJ9rIrSUZ9wiD5LQ1k1OTPCgxwphc2lfasWuWtL3aYaMkmAjL++KSTnad1NzJSamOXKzL3tT2CZJL9wMkQnhyJIyNTnZyyki90UbqGuYo9ZrXTDAliTC0O6VQsk00L9pd+e+SBe7kEtB0c/mu9dz6xvp7lb+5fphi/xFhf0/KsYBEPnCfQsJY/JEhPwhTRvbm6It1n4zxTkKW3b5Y94yDyU7Y9ZTkdrInyZdMc8ddVv85PskyuMvJMrRbmd5bGcLILfP74Yy8PPMItCwpJH113utNTxnJcieStXmPC4d01cyXLskeJ/44Evo0o8F0OC5J5MtWvkoWGGFoJAJZR+0sQ6AP7oKwhr1IyYTTdQxzlSxk9Oy7ME4c0pRjHg9dZ3teZI4c7xJdktuRMdQ8SfdFuL8o3YoIt7Lb6TK8NDbJuHfRkyYGd6nrQt2ksY5Ulkh4N94S6HdKXYNEqJTVf0mvZGYZ6C1GUtcQyMHeVnRvTlg4A6U09CD76MlB2iRC7ic8yU4eZLyNucvQkhN5wsI92i2NNPfqQC5lWqJZSZOYJMekZr255MtxZK4PoktzMEtdZI1zEfa66JCeC2FpdNJEVl73NgPMZXeExBs6SdcLo41vOiWd4HBJGX3HsaewZAzFgWKOvveGKUVw56Y/iDY62Wknl4RRQJiSRRqh5u4Cb5tDGx2m71LRpnSEPs2UsaSQvetEe5AgnNZ6cJcyhLpGHzw1x0joJ5fkpNdUDeRqMpXZ5WBfpeYJ9/xhO5m0q9cevye7ZbEusp/olFt8Gfl+aEYZJLdklpNkhG6eIRzUG/e6CH0uq9Gz35kAZDk2hM39quvfOlu7/TgMVZkgjOR/kkvf2li5zKIKkk703il1xZlBx0J2nWii7Y5wRBplZXqVYN4nGHesCrtCmkhK0ZJdJ2uoi0xKlP1qoFOafgmTRimxXkrmT880+7OyXXTNH6khh2TPEBoiKY0GPaEuOFIzvNOlUCeZ+AYdMuNMlk4oQw6z7LiI9+TYdus/ILUb6WE3by6kKRMVaFkVJ9QMSfVJuIxXcqzB9Q/2K2l/yJnQk+9e/3okTn+ISs8yvYykBYLF1EvJMX3nZOTbfwvo77P0Hw4gC+TLDnEI5Ss/85V/8J/9gxf/mxf/3n/w977+33/9I2/8yHf/wnf/7of+7pf/2y///f/o73/6v/70Z975mfKB5QbF5M7Yf2uA7OXPjjAyxgjIULa69oCJLihaqGscBxfx8pcTCePE33HIMTVHRGaczCEXFl2Rw5QxokGZa0LB98qP1GXpd2RM0uGuWFn6nVjvScbFZks/IdGblOeezCn/kZ0M0YY8LmjhKLpChFN9FuuQdMZQMxSfBZLOTufIsepUJtN0nMPdMkbiXDvRMJ29Az6WdeLvyXK6XCMRTpggjBg6CxcYLffBZIbLOC65J/RdIhfTBRWi7aMk41tMBHU7nqn267fWP13tFJGqH85qhbNaY0GDOYow0X53++ktnR/KhCWCWEXY1hydMpb0lKSuoZE2QdgyN0+SDnWRXCYIZTApK8JIrwt59LqSY+wVzdBZzBE2QZNNqasEWg8vN5T9AUOH89JDECKnw/RmZJqiHdt/e/YQI4YsJVPNWyY6ZZe6xiX3mSwcqalrj08vSJNNp5DihMgsuaRPL2ExhfTi2Dx6w/LPnZjvLLHqKUjvi1PG6jYrPiWCWQhfhFYh9x+9/lD7sGZ/YWf/6zzp2RGgJndCH0SAr14/IgDBcJeB79+lEi5/WOT5q0ly6F9x0Cnw4acf/mv/51979H989G//P3/7Tf/dmz780odf9X+96u/8m7/ztv/hbX/zX/zN9/xP73nixSd4lTw+fO36d2g/vn4GyE/8xL1fwNe/Eql3eVykycq5yQrSLEpJl0wSMbn3T3pgo6D1N7GRRROEnaToouzJ0NknGV50RvKT68c7QC6Ts/QY6Qblgq8XkkYRkyJz+swCH7YuFJiouaYNEPJlyQ5Z0ilwN4ZtP6gLMsIRTVLXToPZQ6K3rMqwNOQcsoTszQKOUpcp72T2IUcLM0arMhxzQdA7OGQYYeIzrpkd54vYxh0u0ikOHeRQ79inizjRZC4QXfvNACMMM2UnhGOJo0kmjTB77oO5J4Ye7LaBCKVE2UUvidwF5UVwkP3oXqMQo1cBjvgU6Pgfd5M1aH/b7pBUbqLcpC2iypV7cN9e8VtCp0IEJ8QiQZbWjMQfKcK+KUVG2zfocEYZIzKx9kmX2ixtYp4p5tyVF158rlIoYUOW4mdpXJhyEoRSMlNK1bOnNbPwwhGzNFra/ROn1x0rB4nlTNEF2w18KWZ3LNuqEmkIIxoOWjtNqPKwNOiMg4Q9RW6D8odS3e2Y5U+pi2Igxg5tYzVZq0xvlIYIi1YQo0B6YUMS2c4RpP0DGYtPolXGTtRs/b0+7O31Y1HXsqa07vV2KpC5VOT+IjEkXhn7FyxQ85vrxwL0X1v7769fXz+hgh2HcCSzgqLphQhyg1wK+NvrV+kJIgJl/smNronPt5/zEOe3lqQgU9DEMYVmzRcawliQsAgCkWHx+8dmMItQAhqFQvDFzEV8aCJQTHaOEI2lKZSbaCL0X6PlzEVMZF0F5ILQKKYG0UrGKJMMsl78KkN0TXyIEHl+9oVQxuJCMDUpCLD6yJyvlPDpjFCTpMxi6WoD7HtJeRnpJGXvgu2cthxkDBPGkJF72I5lLyAkgogMpQFNgTGUUhZIn/xJ06nLBJFh5Ow4XAhmkjGacqGFLPUOH23iNLRsQ8l3/3SyyHH9XUWzE+pQw9NhJ/QuB6cb9lDoMgl7fHSV0Ue6W5C7c7rTdsRnb4iGCyWgly5CozRiAUdYxGGkoOWCyZ1CGAmLLsKlPFm887HMNQgnGY4i5MuuCY/b2/9Vv51tNys0Rd2Vm7QtlBvaOic8bR0ilOUpjsNjCSELe5z4HJNjh17fO8K2Zrqu7BR2CqHkQrEDiMuU7FthFeoiJtyGIPEJftFIkYvZQGHJZJ80ap4ErZxNENOsNc16leR4GyIN2mK0WvtLiTXbF759QGq2kLNypln+whqowloyuJ8W66h3Tg67xIaZoguiQdEGzQIB6oKMISOLOJoiT3zIyyiQoO2RQy5hkRFg8Um5uUCF6u62c/Bdney5SEAZLXSHoa3fdodKyqJKuqw1miqt1b63Q9oGbQm+lCrvddPh8TnVx5avt9Dq9DPz+uEM/XAJyP769SMmCDvpdYEiLF8xESwoHbLXi2YIX28ToR/48OY3v1kv1PvW9TsY6LretIRiUG/GDf2GN7zBZA0x8XmZyJH9yh8TIhtINPrb3vY22I9pFBlBTJjoErPIktElGpTS2NFYKFAESj+mUWQxH3rooWYhAQQBdbHzMhcoGca3rB+yH1liyFxYzFFAOgI7An4/u9QoCJFzRy4ZkREaCFZSOUM10WsW+HTD0XWRlFksXZDeLoK6OnHsJIUxVHkB7Rw61MuCH6Zg1kSgRxsy1AWJIKLBUjIFfDnrMl8WiMC+5y9nxgiRVWDIEIcLWsIrIzKa6qFBFo71onEhNU/x6RJrLs5OV5CT5epLugYd0kFHmxF2exC6Uw8ddoozToe6ulK6prpGWEYYIXJ3Tq8OdPbuny6ZNch9zxRp6O1mZoRoyAVMGk5MxlLS5JtLARmJUIykoXOZN7zsk0w5VI2GLuZxC/l/Zwba9NBiqLuik2NfXDfKbJ1KH65tdmwgy0NaPOfB4jkb4ogJW2yyFu7yvUVEJsVxV+qyovQssF7Y4zMlJC7QdgBlLlnzNNupV9j8MSND7t3doeBwBkrXBTUnmZoJTmQ0mVNsYkwVUBAVqIZ5NajFkE9bxwPGGkCLZM0sv1VsE7QP6AjQQpLmYhaGI4Yg4itvB6Y6d5CU2jrCKl8yCPSV1HHOoQjlDCWJkA71wlmsFEaK4WCnETJad17skJziIxeNXhCIMGFJXj3nujrdwoyzc3Aqo4VulZVIWdroKqY4LKqky07AJNWKovgcdfGtjJW08+PkKL61IF4ZvYNC33Ca/UD8L63fYfDFL36RpR/M2c8vJOzeKUWQA5RDL5r9mENBEHyicYTkq+tndhqiH8fYz+zsxzSmf/7zn8ehG9pYBL+f+gnF0bR/DCF5EWReGkc2SzAhd3m+uH5D3wsvvED/3PpteiI3OpQeYWw6IjdlmdPFzKJXTHoiJZZ+VwHkLmdz78dMIhhLFxfBKQ2nKRlkaSBzQePColdAutxwEOTw2c9+li9EQ5aG3lwERBCcVwNRyrOc1YQd4kPDmZEumDKLBW0AFqgL6gr1joyxLWcL0dty1kIXe1IT0iNApzhkZ9EFO+zSg6VkCuwKokvmLOqJwF7apOnIIQJEVoF0vVyQuaCRfIsjMprqcYfsHMXkGJNowgYtASlhNjUHxzlymhyrdQse0m0JHWfo1DM6s4ydXBayzvHxOdFFNPckAh12TXWVwa414h6AyO4Z2P3WOwE7RGA3OjFodwWLNASE3TzCMsICEkN0d3WPsSBEFnZCCctOcMq8BDS7ZqWUe8mURpUpgl4KVL3jCuvMqL7dDC2GulsVYjlVXK0ps3WyDBJrE7/Fs+ktmJMpjpgWrP1BbMfTBiXuPrrnolCQzpLdcAk96YHq6iR9vtgBSddrmDDGiZxjD2B6mDREg8LSmKs5LJNEk5QMmknR7VSK+ZqIuSsXiVaelk3prZlVaev0UGkD2Q1WxZoRSk1kXnrbAWZnOGIIYympQY2o7NAJsQodrTmH0HKwI9DXQl1+CJEg0OygWQsF6SLT9cqfTuhomlAcKCajEYXqSJeDicOy0lUdoCAIkJ1jvZDola0gLlw3aT9i2p5kcY0KRTga1MRVUhGIKk3poJKqmCrZ6Ja+FT92yXWf5KgLh6KqFOVVZA97C+Fl0ZPey6IvKl9avrE0+4H+73znO63Xo9df89d3GD6yVwQHry8timi9LnjdZEEQGV8QFuIFt18YII7ed7/73Xrf8573iAYNDR955JHHH3+8X6JnUDlAjprIkmnKIosjMb7iQ72EMZr4/Qa9973vfSxPPPEEC7s0DGEsMYlmvz/DKAhQNKNDdu4S1qsgyILzhTKH8uRSfGPRudCRuSAQRhEaWjSOCoWM1ohc8I2YIOD3+yghArKqPvbYY81LZITyLz6mJbAoIkPF0QUNB01ErXSpVYvFCK0+bAPAuTotXxvjOIrrMGqqeYhgs4V6bSTIjgY7rbpg9yxEgPZnLpE1BZQJlABs58hZLz3LKf+aRkdDMHeoFCyK07yQcUiT1RQnArLq5YgMZ/9gEi7IXIrPIlucpuZwucccJcfKzeYm7M50NukOKXTeodPNCBkhI0xxnLsTYHdC9wN0+XSNQE1CydhtA7vf9putgCIQ+RgXYpaG9CBjNxudFNxAInAXWW93miaygAXhQs9LF2xQCUD3FYuU6JLEbJTK4uanEPYSULrjoau4/VZLB6BzouhKr+6KPhulTdMGYrEtQtLuIUJZHtvdEjqZdMcJWuw47TaOiWjQG4HlHMziQhw8SZdmFyhpE5BuWOJqTpnbNlo7Jl9xNGeURD6aEtAlGbRJKcKQKQQNDs22ptjK5mjWCmXWkY0rGUuo9FbaqrSBoPVotditn4VJ2kmwJbR+zcIQ8rE6gkNiLAWHHa39NEKW7AjHIq01laH0hAoZxZQ5xLRMUBc7JLnUZW9AMRkhDuTLDuUDGasDRGY0igTo2YXiTk9E4G7PSN61S3er8mrnEImRVrDFVRyVcXKg0ims6tnouqw45lrnQ9Y2OUSXVVBJSiWdFVFwa+HwOEXeGn0n9UXoS84LwXPPPeeMfeYzn9Hb70n0TgD73uKFaRE7h70ocHc4oV4ooFcK76BQTIqY3J9++mn8j3/846FX1U984hNeOz71qU8Z6NlnnzWor71Pf/rTgvR7HlnMXXAJi2NQvkYxBKH7cKQIApHlJiZdTCOyGEVMKBlhKcbSZRTusCnDPjf79IwpuCaUjOZTTz0lJZnDdC6CiIwjPV58TbnMRUMTWTIsxtJrdHwjJmqCL2e+n/zkJ4uszs888wwdoRyMjlB87ggWRR3oVR7KxLr0SqdLrYiC6OrrAto2oS6Ib/naEqR7tsPIWOVtG74QASKEeintTM32JOQeZs+xUQwHZSig4jCao156llP+lPKPYO7clYLeZOvlQrhoclGcCMhcGoUF6hUKM5fqUxw0vXKmyN/hcrU6R85Ul6cj6URDJ7SjDd1FsAvQEYZdJomz73KAdXWZQHoXVNcIvZtkjAhuCY7eA3LsGqETQdwwYU1edBGkV2JQFxddwjaEbKHI7CKLiTZXYvNaIxzCCDnCEiglQVhE4KjJUXGUiHimEHFK5ngY+b9yOydtWdW3MCyWzZJYe1ukB3VvDb3IsNg3IWHHJNbMallUS+W80W39Nk0c68fd+hHuokFrye4GbF1DXSH7rXSxzjPVRUy6WLMQvQST5CJguq1DL35KUlNKOFJCg1l0ncikOLCcTRDTtuYFVcZkI8hHbupuPVrO2Q0tsKW1MBbsWNslrXerZdmsX/OtdOIrqTUiKqzgFAfG8bB8MnFmQpbsaCyEY7kJRYeMZicmHVP+EIEdklw0dYlDNwojbES+9gyUBsSkcITIuQyy43AsedKjy01KceFKuKtTE000iRHroggq6dgrTsWsgEqket5v2gNqPrK2wPG4bZ/0GMantCIdXWfJqfPU9+rpYe/jyYny1sjYxx9k6QvS+wHsmxiB3dHtNIpg1by8CusFlBEyCkjxHSYmRTTufSk++eSTIc773/9+wX3hGcjbsK9bbyEUXT4B5UY3d2GlJBpkhCIQuuCwL8I+KIvve9SIgiDohd5sSMlIGDkX0zGKeRmau3zYJYAjgkE1e0cvvsjiNxcuEAdT5BRTZuSiDlxE7pdOmp0gXASHiaFlpQLc+9KFOTauNKQEETgyGgWBl8h0a6ELGsIRU5zKpddd2WLhWyBoyVjm6sS3fLqgZvcsROic8rVtEOZ46qLDUTK2J7tzw+yQTgQ0HJSYgLKlm46udOkh6JW/zAml/JtaZJPlrlAs9XIxHaKZSwQxIReOjVgpRI5P4dugyJpNU/59YDhKzpST6MZwEbkQoKugSw86tnCOP+wyIV0jmrAuZ78rJd1J7xqhIxAKPiOCa4FjN08WzMIKQvS6JVjojHS+sMRKA3Y7NYSbU2/3GF0EzXEsMq+EkYUjRGbp0SYxqLccFMS1r0SErlBG7NI+HgT+r6x2sBLbvtbGMrS06q7WbRp1V3E6tGN6x4F0ymw4jrzaDU6aNXMwWjm99i4yFwFJn4ChpuXs7YAO03XBXdCgS7MLlJjC8XRdz9eULJDEiZ9jd+4Kdsg+RHpDSxUTjqVUKSPFQStnc8RRNF7QTAkXtFJSd2J5YMvQ44Sl1QpH0QXRenI0omqLr6qGg8ThUXCK82Nc1Z57xLKyOEsQh52wSwyKAyXPKHMR0tlhHMO1vjWh4aAdwg4xYfGhIJARosGyDVnCOHTRiAwFcXdIGM7+aecYSGIyVGrr2LGvMkqnSspoZyuaXd7SY44oGq+WgHAnTgXkRSq4M9MhdAKhF1Doo8oZ693ReySLrwoEb5ZOWl8Gzj+7E4XjHHYCucuqjw9kTF8VmnRxKN5xvVL4yNM1v2QeBxrCR6FBvYWg4VN0eR3ppUS2wpbepCpO0huMLpkIoks0um9Eo/RmIyYvMeVDQYMTnwsaRGuywiJwp0geVgc06IMVendn54LGRaiGoEhGl1HQim/idLNDriAwEZO7bPmWc2R2uiAFFJwXTsOZIKO1oFsLXdCg0HBQF6lumgJaIGjJWOwBvV2sUBcLoat2J5RuyyHsJ7dDqjdMydjWghzD7JBOuHePG1rAdo6cdUmMzlLmPSRI0+Gli0tkpWgu7DPZ+DVhBDGbsqI1Yr0TP0WcqYbJmpST5dA5Pp0p15rz6FR2Nrsuuhl6KXGEdbE4vw47nRF2t8DuB2ece3dCZKiLJdTELxosPj2XQhWWsEBBIHe4xy+NIgubdGd2jxVfk0vu3Xi8EhxYnFJyQcGmjMyRzGNCoTQVqi6ObqHjYaDKNq4SWznYMrQV2ka2S0UP7RgXlpVgp4e6CEcL2QK3GywtNIRe0XjlmIhDxKRbUfogozuREqaQ7k0i8+NxuoReM3uE+BMB7jHpR9A10EhDl8yOkxgOJRGkaCSCOiCYKa8wd8mUp+oTywMt1SCLJbHGhD4KY2SL58nRiBXQ6hhCbYlqt14URbYKuiwldH6ywFxaAgmHQsHWFAeWeUz2RDNkNAoUk6XIsDToCSZEg2UbcoHs+Dj0xA4xBbtFwq5UoWbnHMOv9NTW9CumaijRXkAbXbkUqg2wluWeHBtiew/jXkk7HhXcwXAqnCUnEHprgX0c9AYAWXwiIHizhI5cZOJAdrbpnUYBvUww+pJA8z6hCfuwEJnRWyl+H2c+1BC8ASOwIOg1nLEoHCFHLyVmKqwrAxPy4g4JGkcoAvSJyejbEfpGNKnie8MWFlN8TVNDZkTjKCW6mEZsssZFaL6CQF5oIkgATT7pejlCoSBaKfEtWp9l82o18ZExedXURS8NlUErPUFgcxScaEI0jtKA1kIv5NWahsYlNfEtEIIlo0NdFk4X5MtCIe2N0GbTZduw7yeXTklqQjSEyOnZceiEXTRoaMElxlhKkEViCHpl1Yo3EUbIMbIK0CM3O0zCZchFGxcVzlJAzKSBGhQNR+Zydl6Is+McOYbdlg61sznXhYMMHWRGRxiy6CLHGV7S2afogmjcI3PEpCMcl8ISTXcI1FXkbh5dsEuGAsWBBJMuCB1t9LmRCAvRKybFPcM4maMxFgoyJk1EFyzbLih6kavJPCYUioUUB8H9czx0ldgGhRYDtgBKr+5WaDaQu8leUfeQ0WJA0j4jvFpI2KK2G9hxSHyOooVCdfdRwoxwbkaYMnI8wa7P2pG5VROEC3uLwzhYVzIE2NChlEbXG+FWIpgagmnyojPmXqrSazGsAcUaUCzY6LB9A1MYKQjHE+P6jllk1aZUdqLInRC6hZODdaQ7Obogo2VF0IwMc0SGokEJ66LDY8GuS5YCI8DIAjIK3uiMFCIy5EJB25E9nSOdC5mdI5R9yELXq4lMVpn/lCIooIIQpVOizobdrFB2toohoLUBRtaOuLyNkePlZT2/94MhjghCOYqdQ4o3SLo3Ufb5+HDGvNNA4ogyknwFYZFbryNoujiKxjHxPipsbxg+yHT5RMPvQw3ieA9G8x7sFQQTjUsvx77kjGJoLnqh+ELx0ktq8hK5Dz4udO5ZhOJYJmgUTUZdHJEFz1ECXMpfZJbGNSnYBKE4TdPcRdNVMpBxJls0kQWhoxmXhXtkglwTgYuckefjFZmLXhzMXPJFKAFdUtI7i6iLHQpFgRkj7FcnnZHeUhL7qu3RyYV6oS7NCOm7EtqlLO3V0dkJnbAbEcqHIjdGicGSYYF65SMxSqipi2NkSM+lXkiQ0SLrQkBrslyy1ItJ6ISCQClPk5V256Vj5SS6iLrf1vVwHHPY0XZ40x1wOiSLdQiCJtxvg1y6THLUO5IRAQ3ZnUDPUmS4C5ch5FL8koG6IDFid5f7h5dmtHGHBUw0IRrMxdWK0AMuF4rKkLmu9wQU8HjoKq4FgC1Apbce6q7i6q7i7TbYDRW2GBSCBvNqN7TAIXs0/ITviGg7JvR1Pd4nx8V5lW7SwRRyoV4v1qRoFLjr4d4kkwyLVMdCFvcOqSvazI4O2UtMhtbAfrUGFGhhrMSOjHAUxmi8mqBoxa/gnYqQKDW9ajty0Gqyd4rY9SbHYlz/jAHSiwnT6w2T3UgXli5syJdlIienaI01oxB6IgKRM7R/yjk7F/yKrAgdeFKV7HvYRqewI1Qo/IROWoKkIJAXhWNBOlfOBnQaKd5U6L3BQBbo1PUGkzAS7kQcOuSu6TRydzLRepclmiHjvKHygry8p2LSEfQSI3oR4aIrbBSiF2JyLD5kLALsg89HZIjAgq9X2BX+/NdVelGmS4ydBaH4kJGYFOzqMU1ddMgOdcGSMRY0imbRRBafjsYOxY8MEZpOXZHLX2KwVPVCgswLIkNk0SRDbxHpukpYLyXUrEv+aLZTOiM9JEo9W4tCGNszYxlOysjQdpc4B3WdcSPChpMYlEa6rlC2CGFKXZHFyaX82eMkNScamsnSQy715gJT0Chl2DShg3NcZNfD5VQ6m/vR3u8Euq5Q73Hal5zIuwvUxbJjii6+0brf2KGukJ2SZEQovjxPKU1kdkLxyIN7ZMhl4ieMkAvkAl1TCPRokOzXjiAS0AW5q95xPSlrS6LWsLoTuq6KrvqVvntqv7MSBJjLLPDsBs1ovG6laFZ09MGTtOrHrXlVzIpCRpmu+C8TfywnySjbQZbk6L5L6qpKe62ylxJZq3B5Qifpa42OTTySJQ4RYbKtjEa5FaWG1g5H/eGcRsbWZa3tsbhEF50LHZkO6VlCnERXyC6ByIO6dnIyLhN/xorAokk68GVYzu2fXEglrQ5Vst1siw+yVLeqHXkkI8eUsZBV4/vuETIHjD4HLNTlfELSCSTlIwgdsrNE40KB4kDvFpQ+PsK+VPr42D/OiNdWzW+88hvPv+75l97x0rM/9uw33/3Nl374pe++/rvPvPaZb7zrG8/95HO/+fbffOmHjr9/W/B8ff+FjD77RE4XH058wsUodUlskoF6OSJAYi5NthKZIN2sMTWhpggUiN98YRFE02UscdJDnMgwX4RQl5jcc0EoVTpM8s2xBCSTrgvq4g5HNEk5mwVMh/iQmFcLStohpCbRpRmnpd8lTgQKAjzphN5AoaFZJBYyppfSJBZtyBxPLrp2yRgObZ9suCtoUORmkVxOy/VkuYvIXEphV9PJEia7cWgdcKi5Y1JXGPkUeXD3HRfoPknfe3dBYBzajuMySuimgi6o0XOhSG9EkxQfTfXO3wR3SoRV9ntyp6Olmg0EWawindDj53uSCZiMcaRm9hGWuTrbByR9jCl3ysv0rjHvGzQLqTmyB5neO5kEefjWg26RQk2YrMW67OZpLtf7xlLMCluFifrPaanykCXMTsYxKVRY5CR9jXZPOckiXm6WFfuQI+iSetHSd0wO0tV4EnGyw8Yy/UpRTdri+0bPXqFIXommLjQcD3iKzyNn4PZ9X3NE8DktcA5YdpgwEpFLgD5Y705OMuLv8QcR2Ec0/73X/Xu/+2d+93vv/N43X/fNH3jsB77zqu+wfP3Hv/7Hj/4xy7995N/+0Wv+iG85UAjHwT3zwRX7kIbLOC67rutW2I1FMU209N0lrLnHvEW9mCPjQo9Q/rDexbonukJd0tiREe7CkjHkKH/K4Ei76FbqRU4fC1n996SNR/au9EU/gjTojhILV+d9vSO35B11jXtSs8neSSC6LtoShCyTbaLZvNbBOt8AsJt/t4QJ8kXb/gXKinG+BHgl9P2ZErrQ4pwcC3WnXBhLOIqwI+OOjOmU9DFmiTbJZGyUVZjL0pPRsx8P3dp3ylQ5/BNlJ9/pshvL4NJYcutIT076SRgLNQFPzPSMs41O9lOT7HrCkoyeEhYZaoZJhOREyGX1HEKvmULSV+chJ8s+ysgp/o4pux52wOaYDYHQT805ujvq2nFv5jL6EOgZayYZCbtp1ru7jOglaxPdE5s+TCEnzjRTjhBXyX6nTNgdU0YuUe6PT2ImDiQZffBWTr0/+tkffd/H3vdj/+DHPvzsh1/591/58G8//IOf+sFf/Owv/uj/9qMffOqDP/l//OTrv/J65KTzP/fUYNfErTQEoZ8SJmOhNEFyTGyTi/XGPo7hnTJeewRKSxy29HUVk5z0kYJMqJEL9TqRwYS+N++Ul+FMZPInxrmVXFb4Q8ayy8S/FV2718l3HG+Vk9wO+vJyCvigsN+/SCA56beSfcdEDt9PGifOMcxdAz3I/vKSV7Jv4/bw8X8X4p3vm6ebbkW4zHAk+2DCMWRMJwf7AVLMwZGaU8SUpOZupH+fEnnHB8lwkoxJzVt7sk8kQrebi+8WEXbLrqzwhxRqL2OWkWi57JhcSNdkXl4uA1xXZKRechvwyHWJ5kW7jp5ymmDCXpDLANctdGks0bvCHHJxuz/Ope8qE604E63N3D73XUv58etfWIX9lz/K7HyOp6HDkewyOYkuqKsnXK/AnnmUkZo9COcPJEL2+WOJXTLOHwwWeSwhzkFdokvAkpmU0vVS4izuIflOtCLDSYYLhVCIOKsAl8qwT+RT/kU+xUcL9164K6YZsvRnxekFWZSDTAxHH9zja5I4IycXtCwwlyo2c2wnwFvl6L4WYaTmbtwt8FYaztCUWz1MSca4Z7t67hBdSTqUxuq5T4aQHHlv/2ErdC7miUBJj5NUnGQsKSPjTi/CjklMUqiTlBvlQloxuScddgd5sBOdnURulDsxhZyGSCYC42BdyU42KPFsDQU8bpYq3jR2OcZZtxUp9Xk2h8f9tGRRjvk0jJgJ91AXiTmOKWF/cDR/CAbT9RKWXely7L/50bPogl2dKSQjAjJ02+bIHg4zpT9gjHxCZF3hKEUojVscMjE0y6vXv0boou/Sn79O4t6fv06CkIJMybH8xSylU3xGiBBGkAYOVEnrYgkoI9kxWxq46/WeBCE8uYydEY5oyidEkBJj+p7Y2mjHVmnjpWQUHCEmJIUluuqNSY49d/2j7NP1UbNbtbv72+vfKnzn+h9o6YyRhZpB5VnmmoNyYG8uFELJiECX2JAZWxdrpAlTetJbWQQrDq04+6w7AuFLKLqKA8UXnGAat1GgXsIINXXRS2DI9UIyQxhOs50JEUqGnd64hHvjqgkpjakPmrG4aNIFhOJTRKOL3ChCscDIOONCKA0dnsgQp7QTRhZDh5qlBDXlXOb0mlC2CGHkoUF2ShMkNsO+zdKzRxjmSF0nRAsPxv2HseEktqM00vWW0ijjIluhdpfhjIzL0LiM/ZZM0FaOxxNlztRxljY5HhtLTnpyaW+9dxo7koO9+swLBzliLekUD46FAnNMOsvONWOHHabrCvVGIzMoKdqtxEk4aoaNEuqCyEe6K71EAcOKeTwgbbgOmO1rCW1caGEsgNLHS/ZAp6DRWqocW9qQREBe+dyTUixXSSNkodebncys9nkO6oIKMbK7aEYTLT3CSM3BcdlRV7g36cU84ZCTcuuve7juNfuL+/NXV9z+8zdEyO8t8TDoqdDfDcEvmviCw+RUqEmgwsLWqPqPsEegR8uxyHv8kWiUcTkhKYcUKGY6AuSbToGkxFxGpNMOa87eO+KuIKKpBqHskYsmqz2UfWgn29jtcNu7vxjcX+jt7+j2mKF03bRRV17Hv4cWvG+slmz+BpB1sTq6wsTq9PCmc9SVo+asLyNLSsbfXv+Q+hvrnyRB9t9a/8yd3d5IMDV5ffP6M+hFbm/0d6MQCsiRFJlSnhLTlBIsf4poMYsvDksJQIT0PX6O8iT7ZCHCbGapTjKQlHnxGYtvFmgzWcgdh9REo7+0fobDV9cPf/ja+tV+Qu1k8RtOzBKAkmGBmLNYCISiycg3RAsj49CbnaIR26wtQeyxNhskumAcEp+k6xJkp+2oy3KQykiBdOntFiiZUiI1d7JQcqbDk0tesK6hcXlQfAoLGo60zZd0ppwO6ISOzOO5sxN2/w8mukhK6NEAnVA0OJYePeGIZtEkgLOPyA6jJXtkR5veAYe6nPewxxzUNchlxipyOok8EYrmFXCQPSYXuUnVZZLCUubHBeX/iqvKx5a5Xqlrdx3/PIOIJco+gAtrkF0epUIKnaPIKUSEZi6t9W56iAgsvb321N//rn8vxXoxIQJ+/3Shr8P+LUH/sAHiQARfjTCFF7IuNyzaG64/7I2lf3gAY6aIwBghF5ZGhGjsEsNEo2jSpYFQMulDnmR00fv3/m9bP5b9He94B2Y/ZfD08xDQ3rx+zZkuCkdoxDeuH0Q8+Te6NAgONEGW/mWIIaaksrI6FAtxrNa2dcyRUcLQEFkQQo5ohDJGiJbL6Dh0Qjc6BfISU5fcOIbskTmSNmj7pI1HenaytOnxS4bQCUejc2xP594F0U52a5BuEOKicb/0PHB3w+7xHi0u6K4bjl0xwjao/KFqa7YlZn11VX8KZIQybJoIXKyCXo6YkC+LZdVrmaAVx7fW0NKz9MMfrDiCFSf4tgdfFtE0zd1ARhRNPUsGgUIaDk1MejTJIMifnr2AIkPD4T/00EN6f+qnfop7P7xCehCBi8hCrUW4fCtbBePS+YoslKaEMbk0U2KsNnM/3QKKJj6acaXR7GLy4psxQpURmc5SfL3IXCJTmlQLZLLShozyhDJXKNIyQUEiIxgU0ln0QgTubTObsJ1G2pOUdma9Q4NEMyOC4iAzhrsL0WsUWGGlR5cANF9dLFBvKUULhyyOyaazc6yXS16wOLkgcDnFL2wKQSPy7GR5KPSiAB0rx4S+S0+QutIH10G8fMykZHTc6L067K8LUBeJNlgECdAnDVhA/HlpEA063eyOdqjL25iu3s+c+u6EyBBNUzTNyV98wkL08oIiw17a9je8glA4yrB7LHGlJIfu/0rcBlVxhaYcG+f62+gkUR7GNmRYfnSjNgwdrWFsL74WDNpkkF0SaIRjIg73sDfNShOy4JheBaJAM4S9fbsuEXpf7qUYIrhYYYpQQ0B22+YoWu/LEGfIGccFOZ0d9gKORgwHNfmiIYgforGwcznyWCIO+5fXb3N78cUXBf/s+p1l/eS8fjLfF77wha+s35uGRvn1688OFBYarudEPwFATKNQjEKRTzlTeLEbUTJo1dwCWSlrlDJrxwvygsiMfCE7FBlyp4gT5hKyhNEIuwgsRYA55mJcHMi4dtblM8K2sdnsma4zqMmol4jDvfhEk7sg9ba/PSyP6+H6mtiNY2O7SV2pLn3XdD/pF7qdH374Yb1ucPdOF5DNb7uKIKCwcjaW4lN8b0l+fp6DpWRR4X7ygyaaGrYodBnqypGxHz1BZ7Q6mlaqH1JhrbnbEvDz67fd9bP7v7h+MqI9QIwL+doGaFA12oElI6ZBxU/wkaEuBMw2AzQLZHY0iiFEw7TrMA3N2A+ApJfepCqmuTSuOLCYponALkmRS5WlTAilHzPZz3F84YUXZEsX2TSRuRgXQQ4IfDX7MZOl4ZiUEkuHSNrIXCJTxITSEEFKOJLkZTfKil3yCSPkxSgIAkeYRS80O0H2ndausNNsWnpGC9Fmpozk0g4XAY0essRhJwooSQNVUnm25WbjsbDLVkqJPDUjI6CJo5L0mWwcZGHJyQWNyx4/DuSiSaSKYxadLOfi9NJwPCE26QkdeqCETqIzyEh3vqBmDxq4vwHQYQ8gnJhJ7wG5aDaWNCC9UXTV20AUvVx09QbjpOvymsUIO/IkBR+iaRZz5gKLj6NXNCiaOG4VRu98dO98sFEoHHvwucGO74DrHyu6W1gOqxK3AIpusSkqblvYWNiSEMKoFOPJQH6aQkvIGFCz5PaRwnUN/kC9TVLeSZOXOntJuxahabC4FnH0onVvQl1dlAhuT+69CEO93sp54YhGROPVqzoCl37+nPuXhZ3L/r5MyYiM4OW6yI0oDWS9yJgpjBzRoMxZoEEhL+khEOTiu+gF6afxPf744/QnnnhC8H5LGruPXV/APn8pPn+NPj/DXRCcMq8yZqRJpxhlilYy+NZFDhbOurQQp6WZtyIch6oVbMeEhH2UhJ5vzZRQF8dGpLCECWO0yaSLzNnuApqrge4WYLcPbVZeXIpQYnQRiF5x5jak8LWBuRfKFeNKclO7XvudNtC9/Pzzz2c3KOFFuIvWKOo5u7EvLftHVaEVYdFl7VrZKm8VnEO6c2FxFd9ms1K+7TA58qJbzVYWpx/T+M71qwOhyDaAXquP3zbgAq17fy6CID4+x7YHplDGwiHcZQVx2u1Gl4wuOrJeMSnCimYUe0/TPsSBCF5NoF6WRpd88yUit8+bpmgiiyMliMYiAS7CUkxNJsXvFx7Q+RqXxbwwzYVvWSFLQNdjjz1muFJC5lIyMaeYFDGhJRDKYs3EWWQVJkLNzYBcTSALml46xezU2SFyLvbNvB+WeucaJHMrwrrwB1ni2CfEELaNAqonNAWWwSwd9lIiFFMwwQiyFadViKwXR8D4lIy7i0zguOAUH6IRSZatmTp9zkXvGY5YTweYOLm9Q+j17ICdXKeP0VPcsaJDvbooGR06BChIeg+gHvwQmVA4QgTNxpIGJl2XJtTkhRC5+NC7F4vzzuilipHFteCRB43IwosiDo7MefW2VHzNCF0m+O4NzV7X+hzy5gdFFqFxTUqo7qWu3C4reDwglV7RrZzqKzTpGancbjqeMjC2DIQTS3RBm1iVpUDSGLxGxDekrirLS+qJ1FkqREWRuml46zQEO45pqA4mxYTNU9M8ubgu0bwOo0Ec92mvyWgUNF6QY3er1+3Igtz5Pt5LdARkLsVHEwTHKGiEYpSMaFD+oV6oS3polAbC98Iun36b28c+9jH6Rz/6UYN+8pOf9BbfbzR77rnnPA98ByBLso8D30DiSKnMpcQIGVmIgTQNEZZAy2ThrKB1IbP8szQZERyqaNA6wl3aBqGljABZckw3FkFIyTi0LMj0xpWGbebysuWIHei6cfhtQuefxbbUu2crApkIazbHXyZwNfQ8bgPb1UIJ4sIiblVXqlcc9/KHPvQh+Eu/9Evu+ieffNLt7NZeF9SPcxRBWPHtbdteYSnWy86s8m0SaAmsOKFUeXY0zVxsADQR+s7zVacJNS29NWW04ra6RUfrh/tDA7Fj4tgA+JqMtgQClJhFNxwCd0yhBMdpCKPzQoZ2gm1cMu0i2dpvaMKKJogXEXY7UGL99oVnn30WTTIsjY5PF9lYhsax89mhJOUDJdO8xNdlXGHLHIrJXXy0fucgOwsXuXFB5qKJbGhxekPiUjLQKM2OCzJBwzc1dtPEUX9eNr+qsuiSJJ3QdUFzkbNJWThD04UqSAeKuzhdbrfb2Ca3ky0EBeJgRuYV1oVPhzuZxVYxhNFlqJ5lzmI6YZb2VSkRiuqZjlkgyHau/sjNjgsyBZmLrq6pXIyejjzxkSEakWT5d9DmbYN4HvfqQDqhgw6dLs9sSEegO49OIsRJ0QV7tDuhsCPvMdTx18XuNiCa+JB7ZJyJD9nxGfOKrOnUw143HXCh6IbwgqLL24YXEU26roYuPv4eP7uYOLygmwR6XWP0zqe3lzbxS5gLX7VStz4YuqaSV/i/0iu6lVN9sSjdZV2Oc5EJIaJsoIhVU06woBTrhNzLUYqVEIGLPLxbiS8mdwRd5iBdk5e6yXuHRfDCy+JaVB07lb21N6Ll54KMENmbON3tKTgX5ZjZGlHTdMTpe6I/V+SC3PuygIplpkSxzILRWzmC12pD07kYURCFUlbxzUsdjNKgaL0vW1pJMhpaNMWRYWmzoJkO5nvW7yr/wAc+AD/4wQ+K4OqXobKLL+HqJoLiaDJKgzuOgPiwDeTwiyxtfAkYWqklzGhcRiKaBLosiANvIKvjglBY6CqhqEDYzUI5Hm5LetUljHUVLcxRbxcTYSdFQID7nYXMOFcPmmScc4V1jap/96AbkNFloQIEmdhjgnAh4tDLXzQomsguLEaLRXGPMCoCRZU8VET4tV/7Nav5z//5P4ded9TNBaRcBqXL03wVTSWtII4uNddlZ6q5ncMoJamqs+RlDq2XNXIF6GW3uCLYOXas5bPuHQTFl541siiMvuTw7cw2mxWEIpssNC/JiCltOZiUPebVQXzMN/3Y8VXKwsVwcsB0GMW3PZQIR87tHOl1TIxlX3WU1FA+7RbzMild9if3fqfe448/ziINE5G8NFRGGnJW3najyJ2svkSNwtFCsEArzlFuJtvv5pO/NPqdgBxlblxx0KyUKnFktKCG7hfv98dCyJ0FvdI2ujmiScCqiYlPN5CF4yUgLxZdyCojuJNrJxgCGaoPgjsBoVrJkG7KaiKs+c6VAjVFMB2paiqdXtjOtFiUbkXuuuiYdJgeuZrLRCh5WgsbzOwY5Q/NkUUyUmKXqmhmLYhZy9AEITL3Js4lO7KyG8WUJSkCYwQxiy/yxFclKD4vRnOXXtlKr+Ovy2oSu8u2gbaQXmR7tRNqS+hybKFNgtPzm1311EfmFE1GBOgxjwbp3hLEcVRtY4dR5kqtKRmoKzJFfEHogjjgdEl2J0gJmcXbBnSlyMFlwtebmQp458BhtJRKZFBT1iuOaGZBkWrx0SgCspivLksgph3lmmL3CihVL23ve9/7ur68x0ibr/jqz1Hp+HIkVvz40jVDoxqeou6kJ0o+qmwyQnCWUzWVWSUrM6kQCrLlIcbgZTB8SmSPdvmZJIW4T+ne0aQuXdPunqWzKBCOApkDcS3W5BKhq9lLMd1rr14umPMyjqYJdU2BhmwsvVwwuaToYhQToZdflpIxrrAWEk3mlJLRhdabpi4bgq9qmAiUoV60XETG9PIO+73iUIZPPfWUgXwHIHj392Gh2Ru9NDiWTFM2ImSsmA0hSSNqSkOzRVln5PLHs6RNbH27xKFDBRlt60GEmNAJsUET+6Etka63mJphZF1DoIjDTljCIkvA6LDj7UZwEXSPuEHcIz3nXAp0vdHW9jxEkCILAlmgaCI3L3wKX0GIyO41TzgBf/7nf94D5i//5b/sQv/FX/xFuttWL6ka5uVc2OSqp56KaU1tYHvD+lo1FYaMLMRa0NXfWiBbBeReFyw0ss2mCa21RbSaFrHN1gZjbOdHFo1u9aFmZCO2GWwPo2Ci2TAs3IUyFg6haPJF4IjJUW50uXER2e7StNn6YxUfkfi+PnX1e/R0QWOx0KXBURxjkQYSk5fMO1l6ucgW8pIDTgp3GEGckuHCLiUJq49QpMnyQmOEXObkIuOYci6lgUCsFI7Ky8fCuZq6+rumHAe6LiiIBDhCw7GITJdMKwtx8uLeTnCPdYHSwy5Go8ShE0pNviGCnYDfkawXahrC6HoNR1Gi9gxUARZzlAy7qeEQTdM3EUYo28jpZsEFGQcSlWGMrEtMZOMi05ssDkQjjKT0mmMXyJxcZ835IusgHpcJdDadPkeYnY7mAKYPJ2HEFKqzhgCdU0ZnX9Pj34GlO/UpwnqN0EVHo0xkXeLQCV0cKAL0XISesrp62+jNwxuGODhEMzKLhHFEpkxK3Uvx5cAXemuBXkPZ3R68XFb04rtGuBi0WStF9wm599C1AJYEqrj1U3Go4jZQ2ysqca/xH+yebT0IZT3LL//RWLP3LDQZmIC8zURyhC65SiDpXvEgJgtdL7u54cRvPowR3J5TTXqhCksqEEcxIxhasYbMjmxhMCHRZOSCgCZyo3DUC0sGjaQgQGlA9eXVboCabayeFvh6rUqrBfuS9vIueP/lzNVvOI8cQ2vSEVrIqYxofNsfUFbFl0mKOlOUvaWxBFakw+Ooz2knVlkztPo4IYJrgpE+4rrp0vFGpQkRQkZ8GC1Bzhghl3DsFGOVjxuhfUjpUnD1ZJEhI1qpJnwbjtJYRd7HJU1TnO4gl76A/ZH+P/pH/8iT5l//63/dU8R1hmDP87V77XbLN3eHJYCWw4Kqf5uhbUkoxBKwW/doFo6l5YP2JLSOltU+pFhoRsgXWlB2ZLrgdHy682w/2DNc+m52zo2CaaD2kpgQIeFoU7V/xJHVbGZeAuotLEwRx+4qmvhSgtztSXYoplAiUAiaTMTUa9ft8SXAnR2BGAuZi2hoTVBKkC4msl40yJejOBx1cYkmgTJHFqTJlgPU1XGA9r9MrB20ZFCtZDhXM8Fn5wv3/CUgMXYoFBfROsh2givu9gLUqwt25GEKF747RguzkM4sNC+KuRhUSixQSiySUYfmCDWHDGXLRfXSyx8TB6aII0LRREYOC1JATAopJUmWszmabFe6o+F8zTHvDPaY6Eg6pOwQraNEZ49DckHWxYgW2TnV1cPeYXdm6Y4t0dTrnUAX4z6KUFA0SDrssAeZNwm694ywS0AExxwmDcSX0nVRYiKzlBJFDkQObgnBexPyusbYS1svPb0M4bBQ8hVTnKYMXSzHQ1d91RoqN7SE0NZpV/UQdaNBqfSK1wXaAtApsMczEdNdj0+vyzSagAyg+cNKowRQomauTJCOZlZosAk0h8hwyDB3ZHY0LkTwiqsLQTnE7AanI3NE1huTUDL2CtJq5ai3ZOCRykoGisYLAZqgXqhZlRXHxAkLvl7RMK0T7OXaY0Bwr9iG9phBMC7UJE2Zu6HFgcIaly4alIAiEJwGMrSmsltjS2BRLId1dGU4QsSBTyyxprWGDpjlDrMg0A+H9fwmggw6hxOTEu4cklGcdGR6iANJO4045zZet0mXgnuwe4TuvpAbQl6ikRQRREPQdHFo4guIT+eSdM+6yHA8WjTf/e53C+4eP26mdVmTpmbfKp1KWkEVhq2v+qvtbAYLwU5SFJ+9BYKR25mWEqE1tbsIu4VmbLO1zfS2P0WABoII7C+84YV/+p5/+vx/8fyvvPNXvvzXv/zMa5/59nu//cuP/PIX/uoX/skT/+Szf+mzn/mJ49fUcyEUo/Oyf7iLCcWHLH3cQE3ovqBAXlBK9iEalAZLZL1oxwSW6GIX03CmWXzZmgtm+1YogoacMUJk02+y7AKWcILAvfoYmgtsFhO/sAmj3vZ/h87+h3OBQisCE2Q5C95qlj80tK7mReFi0YloxFHqGhwk9UKjhCndsLrCaLpCvSylZFxoChRzYZQAS2mwQPOVD2mmmpHRzGJc6Mgw5pAnjq4iwyYeeeLjMJLSk61Zm6xD4Up3OoiDBjuApOvC2aFDuuOGkD10HiOnwLrQOnQ59rB3TkXoQpiz3xOKkXsuetOhLkInlB5kHA3kaNM74LCAUCgy8ek5SkMTFp+dgkPk0EtPbyq9tXRZ9Tbj+oK6uJCSEcoF6N5TQ3J56FqbDoPFgG1iYgGsTRuo7dIawG7zpM1XLyY9xBHcYKQqS6jpSYg+82GEONI1z3SEqqCXNIdKE6FqqgJ784SFJRQ0RnoELshcWoBccMZlktEVbTA7Dp1CKERMuqlRVNZWMNlKTJS4ZoSWEN/awF5RIWPvob2TGh0yNqj0+GK2D6BxBwtL6EanGI4Yer3/HH8hiHTOnSJiTUmKxXXA9EKEkJ0FgY6QbxsgZLS+kI6WJQ4cyTiEXMYRmdATmw2z26RLwd0KuyZcB3pLNREZFmciN5aukLAzEvuZu5gUrzjCPv30065aLz10opdwUa7eGtVTJdUZVvnWonWBmoleiMluCdo/ncPQxrOg9hKhW2gcXYL0VuHothlyqdeuYNEF3/r7b33yy0+++aNv/tBvfuh1/+p1D/3BQ6/80it/9ms/+/pfe/37v/T+N37kjW/5zvERmXA0EDSoOCJrylzXHj+yZMpKMt0apdGXFkRmwSltRogguGlqiqyXDlUA6oXtYULhUhpQYmgl1s6HCHJASGEcMuxqk4ZQHZPi6yKiEZWXg1WDLVzHhF2GhJ4gQ+6TuZiQriu7JkfR2gZznHckhtDb6RvZD+OOkXWlT2IUs5iUzC5kgVIy92OG12tQUxfkiAAVLRe9U5aRcSl+ZHgbn4XoLT15OgjEoXCZOGLE4QoTR0bTQaN3GCE+e5Y4I4fPikCP1gXF4pxqdi/BTm5N9wMOHaHD3ogzLqEnyNClAT3OQqFYROiqKf7B3h5w9NKgN5Y7gRHygm4PQVwX0DXF4t0FkwUaJQ4yQmSiC5bA5aGryhZAxWcBWip2dW+LkDZZu80yUEbqSmpCHME9eklTap7SopCUycbcoHmOzi77mM25epkMggsaVk2WQg2TaDLmUswWgOO4TFhSBKhrRpnVgjgQASbmBWe1JG8DaYYssBVFgEUogVZr3jd1GQsaCzLq5UImPi/RBnUVNkELiQQckh4epBXsLoCjnK4Ghy09+3BSijBkuoUezDLkwT3+YL30g72kc27vzXXQ1dydaDfy0nVhX68tmLGrJzIvOkFIIcXXO4jGkV2Qdqxy9Zqi1ERt1dkqqCekWxQVtjq6IGObBxIr0pLtO8daM7IgtLKkZl1t48Fc6kUTxN6Av/+l33/Vl1/1h0/94au/+urf+9jvveo7r/qj3/ij17702u9+6rss3/vM937gt37gSGJtG0PANm3JsJgFbBQKRCAImpRxMSKcj6eSgYXVRReHUn2grr0+uiIn48IIS0lM9iKX0krnOMLhiZw+kQtoUCNCYskGLeJuWWfi3tWfS/mLBkUucyg4JOx8kw4UdJsNkjiCR9uFEeEWdaUT7oTSXEpJAiwwXSbsCJRQM0RTB7TBIQ8/ZSJHKz77Hj9mUm7yNFMT7z53TEjnBSYdRkeMAtNhx3NQb6IZMoozyNJZhh1YmKLXmdUVdmZ1DTLuwhjq4hKyQEYoIIWkhAh75GhdJnQKdBFRvLuE+BChCwqy6ILjQnSxNMrloavErdYsQGtQ6UkbZXZbyzA6odfckaDNpa+yRz3uF/ZQQi2k1Y18wlNzaDlCTSjaIGGkI4QsO7neMGEMIwyZ0ENi9DBpjl3Z4S71Esy8DEGxAAJaDM1Bw7GXht6Ci1mElIxwZIwJGqn+rUXnfDCxsrCjFVrx9OklLIQizkkPGyVM8mrn3IkI6SMGZbHxKN0g7tl2Jr2tuI+bGLSxormsMW1d5Pj1Qk1KiMmyT5YyAS9FvP6kjrbBLNYsWcsERxjbLY4Z3ZGDHTnI6zh/SzqWHVQ6rzm0WfSGkWHnuY8bWGInFzqFUHKsKywlXnCPT1LQYMkgGyV9J0M0iEAx2ZAlnZ1eboSSTBcUB04yuhpdb0OEJEKYSzRIWAwaEjUJWQbHnkQWkBKKhmBEdjGnl9B1kdMpGyTD2YV9FISaO47oLYLhoKE1pUFvgsmklESD0cZxMM5Obmommz7xw5MLQcCUrZmeLhOY7HqHqPM1hw4hPBj3S8YTziElDuYogsyZhYzRBhkTzR11cYzGUpDpHeWWnM7ezUOnkB6L877CDhG6uOBwYI/RuljQoGIeD93qC8nsCUoVD5PjLr/KNOsiNRMrlCglkX2TGZEHociDIjN61+XgPoGUZtU0umfD5j/TS7hohsXfadnR4CjjgpzLkOlDPklrM+s0yOXoXrLH3zOHukJjQZxo9AYVjQWeUopDKKTh0CiSIS2B5dgX8XZZSU3rPshykjEOrWb2l3F5EKYkNduHnXZXAH3Of8MNM9HMngtyOuNILilw12HSpiWzYykVMFTVtvEgO2VEzVN0tQotWfqt5D7RWrJBRkgsrjihpmgRSoDkTiRJZhZEb11knxr34g8mRYOMcMaChOMopGiDOyGXibnrg8jFNzV8uCiHHA5XQWOBxYRxSL2GvpXsd/YyknxThGIvGfreO5JvUiWnyBfGkiwneZA9GceUhp40dln994QLIyz/CjKCECbFv3VhHEf6ruRCKMeWus46mVOTQhyrE+4nLtEk6bsvqTecQ3rw7pdiUnZM6CfJWG8ykUfGSHaXweHs0m0Tag6e5NRVTBM//t/8U4jiPkgujKvw2h335ugpZDfeKbddt5Y9h8sEljSx021LGNeYl9GX38vJ988cmcrsymDKSJs4qTeZPI/JrOnsyZMLb8nFdJVc0i+MJTUHR1bnfXJJaEvv0rEkr0YZyQLleeo92EtyLyCp+fKyjvkh+J3/9AJeBrgOseuRXcrjIlpd0SopqcneiEdm1/uFpA+SYT5IhnAMtvQUMvYUIuBFu0q9EqOEpUem9/+f7L6Ne4sjmgmv8NKxdZHb5p0yXUM7YcrIDEfZ9R1TTjKhTgFPxtyTffVHGRnH8X2Q7ITbOC8vp+BrtMu4Wciuk0U5ZNdH4iR7887EGOOEJ850OQKUHsBhslhnyb4jEflBsk7hsRA75nWMsclxLK8yaTyIll6cpLBhvcO8RRJ5l3FMMLttHoTzHpMSsvMVihzPLdbeNPe38uV1UGOP4GcZ3CXHXkhFY7l9hSwIOcItGb3eMGUsu0LoooUJY6/Du0Se+GvY+zbZlHVXdhzRTIozAcWn7HgZe40ejqwAZznFJ4UiRUsnexkrNdyFJeOd5ETzJLf5n8YlNcd4clm2s7AnZpTl5H4agpRnOB83gzOLyOlNE4o5XUmEZGJSiN6QrByPJFuIuQV6Qu+Pw7GEyegUMhFY4HyCU44/ttukP/cLNfF3ZMw+f/SnGf7I+pfEceYPCXUReqILIQ5yyA4LciLXhFx2rHfHlGRo8+eWoa4CJoyaOd7GhwlCSi7jyHKKTCeRiUmRqfwu0zU6ySUUZ3AFu5cGy0gR1um8XA4Zpyu5Ne6WsVNGGovQ92RuEyPT3Am7fdfhGEdYxiWMc2LW3HM25U5KR2bQsRoc0XWy7LK7hHMYR3b320F3THZ9j0nXFWrCkX1GuYwjJbzzmXInFic56WRox87xf1u5/zL0qut/YZ5tTfYFGNwtu8w5oRA0zZZtn+FIliQCjAxJvnCUaRa/seY//1Cg6ZCaJoWgV3pHxO0tj1zyWFJdTnKqaV5EhERAKBNKWNEMSglXbY6i5VuciUZJLyA5slxCn8ikYhZNZDjBU0JdaE0ZMs5tRVJCXWHR6BB5d4EpGXNplHAPMqJJEGCZ7y7hSXAarlHmP+Mxzv6EmtFILqKxhxNkse79N9d2yOxwNBwupDq3EBbaYUt6QnsfZRzMomv+eB8muaDRYX+8HK3/cADJ7y+hfOf6FyPr4gtzoTNmjwzZ+7tF3/72txsFgUVvf7cIigYJI0FgF40dn52FrgvukQfRhpzeuDGhZkgQ6OLrGmQp8zhEM4xc/LARh5MUgVK0HSPTEeiJJpnKp6ukBYX0k2REo4hTzdMZw8IyEuROaJIe1jV4akLuJ1ys+7ZZw9H3ZGaa4THPJZEznlyGPJyUhL6TT/GHmYJAgaSETbaLqFPjBHWIyJymO7HeRb8ozuBgNDrUhLs0HEzS0ULNEyanUXRN/AlCjhv2OiNdsGTcFRS3RMh3F0Y4o+QIi7PjiObQjivd/+3+37n+XWdnwAGDloS0GCoObZewZRhMWiqngpdLgSImvb8J2QEjx+qtvXhs3k1YigxPo5yEEYEiLOzQytlYZQ6JEZtF+4yIabJEocNERZIKRPYKjo4ZasJClTksvsSkV9EaOtSsKy8RijmYCLuKcalGhcoRGqK5iGnKpq9ZwWGTrRqa+OFYYMnsgjBY5Ik/uIjHRCZytFzgBEEglBEEFvnDPb6uAnI8fK7DyZbF8tHbP/2F1dCaQkaC1qRCjiLDPTKhIxAx9c5ff9UVGVN6am5dWlwr7jiRzlsvbb0BpPfsn1e6EeQ5qIKkR+tfcbzm+i/BXrv+yc2PrX8S0z9TmX/FAftHBJH19g9p+ncyP7l+nOzrXve6InNnR8MpMgtpUIIGJSM9Ol9KZGi4kmkgvYx8+/cz6aWHphcNphiFUVe0/kkPZOyfJJVwgs+CULRcoFH0Ql0sIzW5QHGM1T+pavrsdDE5EhNspRwlc4T7mTL37KQFIrkIziIUFI1F8OzD0cWxILZHUnxGWO+OKQ0KSywcO06RoVFIg5bMIIsJhvJZ0733F82iyTnMPftwRoER4O5iXL0hzpARKDIkciYm3tXkoHVwOmKE7qB19CALzmBMOEon1Ekcl13Hgbs0Yni6EsUJNQmFzCgsg2iEI5nbtWgRuLgTYH8f0y3B2J0zN8/gxMcUNmSEBRzJGKId97//2/ftZkfCqlAU3XoQpVf0toi6D7axwoQRnztfpwKKZtnosPVr5WbxjsfLkuNBtK68CMJS8Pf4pCFge0LawjqTdswb1+8Secv69W0Prd/Nsn7SzvGrXd60fiQQQROkIQxXxUnLoCIjKsUC9YaMg6Scw2M+13NYZapeZVQQ42YxekNzLMgojEnRTsJefEHEN+uKoAk1YUqHaj9abhP2bigoGfayarE0I3BpsRRWL0Rgjw/znVFygSzsQhUwYSQSgCbOAkUIS5KRntQsfmn0DzTd4DJx59pOLPRSykv8kF1MHEEQGHG4Q02CQBdZl6b4mIpJVNgqtOKdpY6WkwY7gf2TEnoWXSzQySQpvBxaNPqQ+ycxXj0p31w/swV+Y/2qj6+vH17RD2ToHyX3L/90iQD1/tb6SRfwpZde0vvV9ds1vrJ+tR8vBBYx68WkIxC9vWHQYf8+zViM80M5GJN8RYMcv7Z+AyZCOhcccdBW7ONfMTFCNC6y7SddQL0cIfviHtLcESCyLo4is9CFYseJmaKr+LqgzKE0qgzkxULMi+z3IKXVdGDnyiN60QgvaIgWCBqLhZ4dislOOBbqOPnrtApOYaHoLX7jJlZHE+pKFxCKFuJAXbDkG9SkWEppT8Z80aRNCTWHNmTu7FVmmCni5IKmgHv8encybFAZUpqLybqIuuWcNcfH+UroZA4jdMzZ0Rw6XSxOXNLZp+gqDrIm1BwccULncSA4HZkOG6sgSQNlNAqCUQYnsiDEXEiRuSC4Jbj3TPHIEMGV0r3RNUIYiz85T2KlChNGUp6hDI8a+r8N10+x6hZoTyu9RbI2bRrYBpptZN9kb5NhWh7uHDuHooUsBI1vG7fFmycKyR5BWErx4S7lIxqUpxEby9XjcH55/fq2L33pS1/84hehpvPfRdAO67QYzrir7BdRoLUWlz83CKsmRMiCEH+SJ+vRefnbg9KTs/Ta05R2cxb5Yxp9rfUh3EdZZbg8jxMBSTUxX3oHwLpomjUFjnTe5mjB0ph16TRKac4YMh1N15QUskNd7It+KEVoFDRGLjCdXUA6hYhJR4AmzlfmCGWudycTBFi07tnu8R4q9qcL1zXdUkqAe2S6aF2aOeJANASoSbrW54pvrLWnjr95YAksq/W13B1d6IBRnDe6E+jY9FZK1+Vk6mIhzipk7KFO5xL2weelgQKTfoSh10HGN6+fOUp3tvt5FP0kCkjYEfDfun6ToPdIbx4PP/xwyXD3fonmRbOwdATB6xWz92l2mSOw92MUe0MVn1Ay9kMZ+zGNxorMgqOXO6aBIKOYstUFpYHcT5GEOMVP8lU3ZDQz4oJAZ2HHLyBB5iLtupAlIzGYOw4dH4qj7CZIVLt7dm5DOPqsLJmVheLwElOEamUIKPLiHjtBTEFsEpfAIAtlLlPx6Q00xkFxdsRhJ3RjwQY1X7o0YImxlJKcSfOVOWMEmEt6QdAqDuELixNZhceFXcA4XEijIEM0HDlL2AFxO7mFHOHOtTPYMXTcSIfagYId846ns0Y/DvmSMUI698iQschQNEIhro5B9yHCfg1qGv0Iva6RYsJuBogWMkqvIEnTEY0LctfI/rrZM9GN0TVCdBG0yVlMzT3JRlkzuPyHm+oDj/vf/1XfAbMe9ro1aOXUmtg9dsbs3V23DBaj7QUtD2kJxbF4nUa6aIxovHrAzKOlhxDpSYZAwWw3t33X5ryIUEYRHDonMnSYNV0TdpLLyEl+5JFH3r6E4sTqMqN2WAkQIx4PtOsHrkopE1EXOmSsjulVk+RFSp4cD97rv+mUleTbrAaldFooFROn6ZOJkFSHS+P+b19YfBWgFErMDgaZc2I4vVahBAY7cpPMHC1kurC6xBxHdqiLPSRcECY+S45Z9GK21i0TbMmso7EgAjtsXFjyOHv+rmBGC6fZQ8VqWugeLd3LRrSmvCDHtpktJ2yPlrnHc0HQhLraDIaYPdkesNZOiLPkUEEnkNLXlae1rnmbdA6ho6iXYPZQh84Vy6Cjq9e3Kf6v//qvU4jXQS8TXg0Z+yH+dOeZHbk3SO8cDj8yL+8cCCyfXz/9/4UXXrA5xad/7nOfY3/xxRd5IXNhNKgIFCmxQF1ukH7EtCDIXET2bkr0SqM4vBC4i4zMIlqjSw8zQet9iDt8/vnn5fPZ9ZsH+x0JAqI1ZUYKF2SR+wGokAuLUSYgMZCmQQ1XZbiUEjIXnGYniKKZnWWCqt09S3Fg5zakQ8Ju+QgyFASKw11MvtXKoHSR9XLp0hTKqbdPYPcAC2Wu1IagE8YSgCUj1CBLLoTFWNC8KJKhSwOqgMRKRq/EpGTKlMh15RKZXv5oZgeJJse6Iqtwo4yLgAXnlSIyRNNbtibrynIdOTXEQXb6SKee0tHuGulmYKfXC5M5+xBNFxd29wNjd344iuFCQziwkTlyb3TYNQInvgTwJxkRNDkSzxfSQ0dYMTmiuVg49tLpUcLXE8R14Q6BLhCiiwjFRSiDTmKaITGcgERAiMyC7DI/Hj/q3mHre6JlsB4q3k7qPmqHwbH0lLKNWNpDbQ5xLJhjli4Uadd6nFg2s03mCdRjTKh5wrWb4S62glEEh7aOsEbRdCY1nXknuV+cQhx+vQ6trOw8LiXQk0x11L2KQ2WCqkNRQboC6Upnj9ZqEcmvx/dRQCJh+ctQ8natsYxo+jYxJBWzBHhJYLAIpNwSek9lSKqJIMpo1gYyCgUWn6I43SOwBNCauAogtzpzqOjImkWTHju9IMiMdMJO8IvDMi7jzqWAxIhtCagpeV1WMzIdSgDu5DHagUbpNreybger6SKm207dyzJBEzAyO982A6ZeNDcRjN+1DiXfdSMNiamn8ra4nRDHw3mGPdR7A/Aghz3UnUaHsy85FkJxOD3aHVdeutAYuXdo+y8d0BcbjjcJnH6FH8R8xzvegebdondHFojJosvr48OPP/zad7z2oZ956E//1J9++M8+/IOv/sGfeOtP/MhbfoT+6kdezf6Gh99QWDGhtKGYgrgpdLl3xBRfNMmIzGj0Rx991BA//dM/rffxxx+XIeTeL5mH4rzrXe+SPDIm5MtIRO59/bHHHhO53zPIXWQWtMg4RhG532NIRxZKxWDJ6J3XZcOJUDKlIU5lhCZoRL4wUW1ogWB3rgsu7MpziokTnSgFshwskNGhKjGakXuWBRqobSACX9fC3AB0KLhm8cXEoUfWbOhBcQbj0IkhjCVVBYclo4ZhdomZLNqa6/EzOzV1QToXcZDTEZRL8hxNkFAYdUXgaJq50JFFnmLiwyJDaWjKlmKyLj1XkyPj4DiwThzp1DuJLB1wpy/szoHsMIkMHVUu0PEXBOqdqyDRhD0IYJcJd/Zx58UiAmWSmfhdg049F0ZBiCkQzxrCzsIR2UVhRp6GfHtwePPrGoEuEHhciNcfiy0yR+6GlphQwq4Rjj/n00t0idwEoQIeN75C2+JKbDGslqYStzNsEWK39dRhhOzdUD3PCYsuwtdqOSqWCtLFFM0ac+kx40Hi2ZPQWUjPsHZz+1t8kcW0g7nbH+LMPmvrhI1iRKcRwTYithpkhBxxRBO2HMzaM0zF1YgCu3/VqP0ElZUlnR1NKSPD8ndfC0XakfI0ikHlbFy7uU3cuWKUQBu3WedL5uFKZCV+UoYGit8qiEMxI8NBsxM8paEtorpB6wJZ2JGlAdEII0GAcobKzk6H4sPi8wqNIhpj8cXkDukIIkC9iaYIuniJhgbHEQoYB2pymThKx8szANMFbVmfeOKJ7nFGVzOxu1zBmF3E7m5kaN25uFBc07owuVCgbdPOtEmMJXmbzX5Q/A6ete7cdoZ7bfKEdg6dOujRrsujXZfnt671TD9+c4AuZ7KPM105iobs6DrAaBAB9pX53Ppl9f1idm8V3L0mckdwtr1ziIlP0J597bP/+Kf/8XN/8blfecevfOmvfenpVz/9rSe+9csP//ILf+mFf/iuf/jUX3jqk3/6k2hCdUeINkNDkUO9fYnCeUOlP/vss5pPP/204Z566inJ90vsoTif+cxn9GLiE3zpEdmai8hoIj/zzDPIgjB++tOfRoucr8hNFkpPV8nI1le1aFATGk4EaUheNAQWZEYjSt6tp2lcCosrEloaRjVnt6C6oOZcf050gmk15TAra3RBJM+LpbAWURc+X5eA8wgdSVsFMjqbesWPY/+kQJzpokujK6Vt1k4T3BDGko+CQ0OzmGCYXWLmhWZeRFPmbTAENKFsudzRVBitnYCJpqkrMjRNQ+eCxqViEnyoaRSOaHRpq4a5EEVwRzk1bryu/Y6wY+UId9s4g9DVx5K9c9210GHnyzF057C4f3TRXRSQsJCaHCldJs6vJuTrBhDcuLBrUKguOkMLqMsoLIJQpE36anKj9tAhpeSKENM1wsvLnyHm3jDQPFO6u4zFhWPpCaIJZUjoSZGFZYRu++Ohq74WoNWiE3vC5iA9YOwwO8bVHzL2MNAFCXt8q2gHWK32BL01sxG5rOfL8V80zblp01l6DFtLodrTIltgYWcrW37RbAiRxdSULQtksaWk3fbSa+uQtg4FDUc0wY1iOIOWg2dYYiWgulBCCwbVK4texR1m7uVPRDYFeRpFEeRsXIp8IJEDYwngy6E0RtoBUFkKTtJh/DZ9q6MClMKSiqxZF6RLhs6L3l0AyXF6lrRwYkK5sdARLERMLokIUDTGPT4jlACLLqg5MpHRxMwRjU7RS1qRpG1QtK4e97V1dOe6sl3HcN32xwPJpnUXQKvsdlZkZBZXs51A1xXZLcNRnC4di2IIaTS64jsqrbLD42A4vbD7orvDYdPl8a+rd1PPdYfQgSQUXZgOZ13ce7TTxfEhJQLk2+sCvrMNvSL0ooDvnAuCBjG5cCdoj3/18b/yb/7KT/+vP/03nvobP/U//9QHfvsDr/5/X/23PvO3Hv1fHv3rn/jrH/jfP/DB3/kgplDiSGmSMZYEvHzA4kMBofcYORgaeq3Bef/7388IReiX2PsClgmOOGi8jleeRx5pImLiu4MQjOWtKJfekJC5EE3vQFzoMqRPMkIZy9UmGr34femKoxRQHaoPo1E03Xd8jUsRCrJbGpyWzLFln8vOQtBhwjgra3RodoLIUMzic4+GL4Id4iR28N0DsDtBr2achmi4jHMdw66UrmbCIrghjAUlI39D00uJ3oyg3lIiM1mVRFbw2Zkc9bKjtRM4wpkUGhf7RPxc0Njj8BIZNhyjyHRpM5pXF6BryqnpinCOHGroqDrjPTtcfdADJQvUy0KBvCiuGhdI6KJgEVCvg0+6PVhIze6WLhCRNZ1iXr0bGUUcvadk0JCN4tRzpBTTPdNV00RIKbkixHF18HKlCD73xvFEWXLc5tc/2ONCkZ5BBTFEuIscIjQLt83xzFB6C9Bq0Yk9ob7ERiEKTW+3eQC0/7LTk0U//kjHclotKJrVas0sGBdPFMO5W03VnLtn9+eNmMVvRM22chsU2hkUOwMWGbLbEyz1lgOxvRBgx0BMOTSQQau750Hi/oXqQlEpqEAq2DplqZfkwt1EhCLSFlmqcjY0RUqGlhIkkmRsyzbflCoAq0kpGdEoYcM1UPlX+dbI1BIT1DQKlIAaDrK0BFwisyRC4bSygwjskTkm5Q8Zi0xH0xXyzYUyQ+gqGjIXdSgmnQKJXtMJucBytn94uSAsd1ezm1HTzUg063JZ27quY+juth8g3x5setEo+N0pYhbfQL3NqK31ba2dDafI0YWOlmb3iONnPzhyzqQnui5H0clkJ84/o6bDia+Le1dDp9RLIZoXRDSIhuNtQK8Tzt0J59iXll6IyQWNgkYRhyI3FluxW0Y0dlgyUBwKZITePNwOxkKDCEYRBxqolxj65z//eUxfn7yglOa/6RpOesiYCS9GIjK7NOalR2SOjBx718HXRCiOyCwcdXGZNye98ckko26+fac+4nDRNKImJEIpBXs1t1h0S6mrBVUriiWGxKJgQrRWFhqoleUl/gTUla/t4Wx2GAWkQ7re4oekgcZoIF70sMskOxHfWLDhDF1Kuugsplky0EybbKgLGU1YLrmzKwJCO4FjhdLUVXxrJH4u2eMgE0qDQrSQ3SjlbyJOjburY9th72bogDtl0Hl0IWSpN0Fmn5uBLk6oi2XuhKQmMqVrRGRMV6ubpGvWnd8d5Wg3KGTkBbl0ZREBu0WTZkG6wWRO6UpxbxjCywp0q0BGIlTxu0YM2ixg+UMDwaTMhW0WrvHjoauUbVBr0IbolieKS3oqhD2xyCiLcu8/PRJxoGUb3Trp5ULcdKSZFyR3aEUp7exWl6+UrHoiT5vGloL7nmCBRoS6YIpJMR6bZW16spI9pNFX5Y+/uZrICloDqEaaJ2yF6ASHb0VwCMVslMa1Tc1dwpAwmoh5NfpRrOs3N1mFOaRkir8PhIPM3UBVxhAUknGWjGjiXxr3yxr8Mii5jHpdypNE5iUgSQmzR4hcHPmXMyl/yNgQuWgSdvVs79rEdjP0ugZtTb0qZnYuBTXsanbnevYkmu4ORaZbYpemIntg2AlovOg4rlG0BJkdrZ0peNORW6k6G4aWkoNUYh1a6MhBJ1yXJBmdQzl3FDU7/BFYkDUdOQRxvARQOPIimo63VwH8TrgXBQQfdtEqCMfuESeWBTJCXhKWIV00BCiHPRlK94VR+LpB0PqSM6IEeh0xovcV2H+19XXL7quXr09VNInJB9MQjFCT3RDQWN5mxBc5ZBdHl5iGZhEQp8lCLlAyJZYdQWRoCMKoOdHMxVuXzKXR7JSlglSEqk3BYcGfhTMQjEOOe/f6j1O5UESDBhXToPiCFJ89l45/B7OtCzOKQwkLnjIoAhrkNbTsxBDGgrKFMocS0AWlzY4Qyk1W5QaRmzJysyhziKCXF6HMpCAacvEbkR2t4EWGIkM0BGkjHHNbf4fZ3J1iZ8cJco6Ou3W93LjfOlkOGuziddzYuxIpg3yhe6xbMWRkCedaS8+Yi5iaxe9ZwDKRYck0NJRMlwmlaPvd1SgcEUTj4tIQ3MWiOfeGB43m3OdNXDT80htsiF0MwWhQYsTjmaH0agqVW33bGe0wSNxKJzxuzSVH92LaUu0qCyPOjqIVkC9ptslc1npFE4ECBeTLCxJrX2KShDYEY/HTQzRIRGhQimbpFdlYBoKXDJZUDqI6rcGUCe6WVcN7wogjgoDmYsQOmEGlR5EYlDasd5XtkFxKoDiQFNlYDR2yoIVkZjGhwpRKfYtxDDoiVEr2CMgFOUlGSCbayAQR8yjlkpXsMURk049DmpS92+uRfUyxv2G7uVq14i4Il4LLwhVAT3FF2rfud7eDCxqhS9mVjcM+zOMuud6h9kCbQQ5yOyq+/q2XA2PcpBxkJb0OmMMW6nL8GKWq6Rw6n4SOr4mguTvmwsiF4HSAvRPAXhq8KGB6dYB9r2BCQUj1KaXuETl3iRRfHEZ6whe6Lya+ewShLzkWCUAEFoPCvkR9pEIfmnJgcdf0cdnVw8iRUJqFfHAgAhRTfAEZxTFBFtIbEhcoGe7VBGKy0PWyaxJ8w3Fk9PIkpjTQuJsFY6WAqgHVYSoTTv0NARkhUTRbS5OSi+DQoJURssB6CS8u9mpbxZ6h29sZCxiHXnOkHc4L0rMQlgj4ZWUWsGwNTd/zhyWzT3nIcKaslwVB70jGcCfnzo7DJTnFRyuZkpQzo/xVwAlyQp1T0mXb+XISXYCOG3R4WSgRdmQMHUY4QQZZdgWKBkVmnJu/54KhKUmXxjwUkDVFIMdFtj2/SMEj9Exxb/CaZyJMGMkec1Ji5A6LluCEjNC4mkfR/F81FbodcGyra0GT40K9ihRDwv80AV3HRXt9UIlme80K2az55pXkRRor95XC5dmTCJXIE1r70EBh+RsLkrxSYNGKLA3KaV6kTI5p3Dy0skC1o+zCeDhf/5S4saRRepQwqdfoyElpTDLH2Df1CUkcZI4zl4RxgqSM5RaLRmaIjDCJltBHplkX2fVEnLbdYLuNXBirpKTtaMvazY6Hgwptd8iiq1q14t2D0OF3+RKKK9KV4XbW1T3usmahI7jHIRfIiC9U+0TA9sPk32Y2aOLwkM6hAwalFLI7h7rKM0wyIuTSyWRh98inmCNf0mSdauidgK8XCLrPX7pevgVciRwX1iRDh9WZjKVxCUehKBOf3j1SeaEhYG8wBoX98buvUugNpncXafuuRcYsbSh+WJ44csOnNxcRis8IU4ihYYlxwakyhdJLJ3QEQxSNO6wyLFwwTZZi4qT6CAtxTpgdR/WS9iSlCKJB407kU/xcbA/7pGNCpxyb+P4/lAqTuiAjFCedMQskDUEarmyhLvnDLHqlVFaT25Dhaco4kGDmMsZbMowzZFhXCQzqWpO7/GZ7N89csJ0ptxx0EjX3s0aBCfIJncR00s029xslyRi5aDNio8CRmiUTDR7RVxCybs2LZMdH68nixoDdGL15rJvjIrrIxOQooCYdFv8kDeS2CY+HbkWvplATVtzZOg9CzBEWvoOt0KyTbdqWPUl2QheQMjhSBNIokBGiGSsCPUwmst5wH8usCQvcy3HU5vpUVsR0mA414chR0SX4pLGORK8H+1TMRm/c5BhvG4Wyh00ikLo0Oe5BkuyjTPNWdI1cTCtguT0I46SMb0pSknbebMGQ8Rjg+r2ryW7L2s32dM9Rz07oqekxSWxuNDErml2kkutOuAiLi4DSFemOhq7O9OyLeDD5ktslEL+SOjkUeBLJd3QhAmTsHMIOIdE0nVyKA5t++nFMr980kAulOJ1trwgOvCLQ+xyJQ0QQilTbsMwJGsK84WlCkaEyClUxjSJUY/UWAjX1GtTri89KX3tfWX8rzcdla4HWZyUpPmkIzamDyOVcfDEZGyXJsQhlCzHTudP1FplwpxdfHFh90nUddbleo6oBNSm6IM6ORhkyafuRHBGgsUppXAg9Dmk3JumQ1BWH7MYkfbdMkF0aKDT0jiuLQ4YQnmg7IsCRmuGJvAeEyZAlFq0CZifsmmbhHHWanCzSzezEOWuduG6/HVOGjBayn1ySw+FqnMiadOiAa84ZT5muyI0lT8o6/UfCe+YUzEkjx4JkoYxoklzguO8WcpCuUrOu4xr0/8q9lv6yIUpo+d57uEJ5QJcdZV5d3XG9qHp1KlEc7mteF1lDH9MwB1MSgeDTe+Gi5Iic73FJL5FPuRGphozp+w6gHNnfLxlPXSupyxD7WLvs9vQHMUlhjUImMcqxQ5dkDEl8Qr+EuH8UOLI670nut6FOEvnSWFITFrPgIwd7ya6Tmotyn72YJbCncem+urSaOxK9Y7HoyUkvyBSTOPMjmi4CiosSdmm69N2YXdZd3BSCSQoi4F66RplkbqVkYIQd75QhCDu0Nae7z+FJj8xxpDiJXrhSvsg0V/89HTMRDXa4QqOMsBCKM0jpinFOdxw7hXsykUNd+yiRd9njQ7QddY0LC9EcETnEJJSRZgqz7+RxgeSozpW8IwI0rmZ4jHH/KAQnqbwh2bvulOIXU/xQbnCk5hCmJjsZjuzkO/HCu46SshOkna5rx+ROF5jwNX1nxznqTI10yqAu53EdtXtnLUyObbpEccKRo9yrqtnTQ5LxEmW7f04yXccYVynCCn9IzboiS55S/um7IJyE40W7f6AkY70jLEf5ygNW0HBkjBEG66XcKYU94cgMP7JbdmX0XTKeuhb3TL61nGQS2zM8ZXsSvSMX04007mn0PzEZhGLeRh7LMer9Omkhbpdj59wpCLsvvJVFvE8Ke2Rwl5hFM92Zh9tVItjT7WyHk9jo0AMyvd6Y34/MkZgESPoJd2UXiV20+2XsvHbHU3PN7FzALNCRIRlHlsdFitYsJuCEJfFzJPRoOY7kUtet7F3xjdi1OMsBs5AL9bpJcm+UW5ngRSY1x07SB++U6TLokCVzCXp9Y072xP5EiXmSiUCGNngrd9oP5xu59F17L40Hy4lz8kofy0m5td/K3jVeScY7pd4TEnVLRj8Z2/D7tl+H4PLs2JFkn94sZBSS/iBM6LuIRo5pbGILXbQlbapdMg6OrM77evdm0ohJOZTVIM7le2KcE3puo+TT+46vUu9ivm59pEJfuomPXd+vOL2o7q9ILBSOXpznMzc+R3aoq+9dOG9bhDs50l9SMpNSlhRCn5wTzZMFbSz1ksvMb+rQaV9X0EW6lcjphkIrYJHLh9TMDsmKfbwnwhyLQApILu0lJ9rcj7eS44Mw2fWJzBhq7gTCPjLJk91lRPMksqoLOfdVg3tyxLpKNMJe6arh2gL3vZXvSoRV5rM0BKWwxQ/lFmquTO8QXeXvVWDXdVVtOqH30tBnd+gFgr3XCBaE+eYeiRCKtrvoHRxluqRBSoDCixy81YsG70wGFipMdt9op2RCwrLPPUc6xzBLSFhIlhzLdq/8IHuSy2RbZMiYzl5MwkK4v/z6hrvkOzFH32OOCHWn1HsiJxfGktmHs5nJ2toXaa8eW3YJPa/0kQk1kmXslGSaKSeJQybPS8eSLCNjaV4VR5WUK6HvBdyR5DXuRVvjHNIEq0BCr2sX9ot2v/uR1jUyqSvyquvxBx5KPXcFodeVsNyJCf0kGQdHyvyYwHX5SqkKKFF4JFY3JLmRCZeyByI8SX98d/mPNkuyqPWcCuOFWaCms0Qw488fBurNfYKECb1mccLiNxYkLMnMlsiZHmZf8zikiZPmSEZv4lPfXSzbSJZc9lFOia1E7u3vIu9olKJNzJFZCF1w3mY0oRca7yukN5uMCMXZycnooyDwncgsM2KYyHOV6t6ensyHRjlJ8XWN+6wCUZ+RKResC85aa9oYtkr/2W/2j43H2H+zTG8v4dApiSCitQSlIZ89fyJVFRjp3TFUXtjrIGQcTCFcTjQWr5W65r+k9K7Zq2p/O6m/KNRfEepvGDH2VjrISAQvGl3OhhAfofi6OBLBX7P+4YdojP0VIUbuhobILIPz7ktHDtFyYR9ywghLA5YSWtgourjogimkoct5KjOh6iXVhwLZJ+dcdkf2RJNYQb2tY/VpZV9mfaE47BOfsZTqTRCKk5x0EuFWIsA2f8e/fdhWDEmcMF/jTvxdJmbYNMOxJ6PvXXB3KfMw2Y2jqwalmqsSBSZKxziIGeqCjCYSkuJQQpGhUY6B70+DnlzaV6k+tyd3hDHpmFftjn+y69PVzePGgKcH0GCCAHOBmoIUirSaxm01yWQITVbXkRmHbiVDrrCHFAXuUfJXQbVzMp0HB7tDDju3epVb9FvUVS8a4cXFpcO3f5X8uvWjZLqG5uhCki/F0FA0aCbpuiBZZT+m12yb9r5Os1rZzYuYYPVadbtUsCLslekSh1aF1CRTrmKWgDzlE05K+1i8GmXGgq1ouDeNAg2KVjIl4AHjSfPtJensEJ+ChsMxl1JNJjIppjSikZKZlCiktJsCZKFkj3bUYo07ojlDY+IUZOSo/laTRA2J0imalaXYM5Q2AyQsGWEEdZ7NoOCMx1a4HtoGmmwpVUaSmiUJE0bosS3tUG0ReqhPkXVBolf9Kb9z/XkauuiQnuVb62cOMJJvrp/891vXH1vP9+vXn1cQ2TvE715/DMIojEXjK/Py7G8t1ctOKT5FfEbIRWQ09txP8ctNEwFGLpnSqxeNRRc0NUFKACI0Wb3iIxSWTihEF5S2UJD7FFMXYWkULvSiiSMyY2OlRy4Zoou0glVmR3YrmGhCZApHaEQWozDSYSkZKDIRQSg7p/0D7dJ0dhJhcBQcSohM2uEjbX4ykWGO406OiFfRlFLG0aU6egmHoyAMmjg0QV1mCtlHatY1NC6wda/sMFE0TQWkWziElqxi7qOIRiZz2DRNWTN97z0JoyB7lbJQJjipt9qSboC5E7qT6XMtUwgC7Brx6OlKgdkhndDzzRFqrofJcfPPUkpMDc2aKA7ssKiMlI7HAAfhODfARCelVVBMkyGcRXSYhXAmHVSo6ZB0HogqhFYincvquRwtEp+vOF9b/5oQ4ndNaFowZJgjhb0JiAZFDvXC9oq6m3Ni/q0BHbYkYfbWpluemGx1hIoAW625zYnFGNGsC1OJGkUahpAtRbal1KCNhQx5cWmUCn7U/X7JKIHQiCWj2YPHW4t3F99JfTZ5fWGEEmvroIUskG9S5rooRTZW5Cyag0SSpU3aDLoocPLnSIqfsJPi5M6x4lcWJSL0JF3pdFlraGXV0GagQMttz9gwdIjjnOvqtIddzZgccxe2pTE6KROpUkpyMJna0iGmIiNAdqVW2wrOQhR8/l4h3/1fucDeKfHnh2O8cf0Ovn6IRD9Fi873resHZfyZ9RP7Xvm+V37j577xe7/0e9/+89+mfPc/+e6X3//lP/6Lf/zZxz77I3/1R7724197xROveO7R517xX73ii+/9IvtLH3rpD//CH37rP/yW//3Rf/pHf/zoH795/QTKt6wfTm5E2fZvmg1nLKhXYkdC6/cM0vt5FBCNReYckWUriC66Ligaiwkywn64RPGREURTB4iQb3UYl1BXdSMs5dO/sZ5oIo8jvdd0jnoJXQTSwrWO9hu08awdnbGdafkIMuTIIg40KF+RdYkJ9bLoInxFsFuEas93csWHxd9xBj1OzvXscGn/dzWPHCfq/puHOyUs5gSsCesamiSHBnWFo0QIqxLUFR6TvEpNBCWiKzhUE80qby1a0BZX6TQtlhW0DRDmJ41AxikmOap//Zl0mo0yidFLtRzgKJPSPvGTS6LJXj3VvIvXJUDpNk6nQLJuoMsbmPsEulhw3DCwJ45eVwqFIMAuq+IcT5p1vVhN62vQ0pMVMU26UtAV6iD4Pzc3lKA95wwDRSyojItlZ4hlJkrGv1o7Ep0TYkkqcYSGsVrp1VoGFuA4K+uXsongaqC4dKxfP5ena0ITk8I3yVccvtBYIod6TYxxii7Vsq30YYuxLwnpGCgZMV/lM3GoCFA11KcFUCVNOqFDHOtR3RWqmHIwhMlWd/kQyehqoKpqFCiC5qzlSE2IIH40g7K0WB4tFC8u3lpeWuLtxwdT7zHy9AQSoSdQqeY4Gwg2isjNAo0lnQKJXmiCRP5NQdGacoRCcTQEOQq0hF0mMwrhK8LcMrus1ThWqnJZUwpsldUT2gDEBmBvM8A2QGTYYWa0CoUSs1WWgLQlAyWmCTVhqZpCs6ArHb0TqM4hu5dCXb10shClnndH2M+4mJ93gUC3NFCTfHn9ar9+XOLzzz9v7V544QXL1w/01wuJsapnIplW0xDyV3kpZYEI7EQyRHpfWD+2uphfWj8G8tevP2aSRQJ6f/M3f5MCEaTx+fWrA7mg9cMx2JE5siP0bt3c2S1xr8sIcuhfHAmIIKauY19ef0qGBOjIULYsEJMFGouF6C1DyCiayEZXjbY3FArhKP0qvgjsLVyraWU1lUhxQsKiiyBDvtDQ7P0rqeKXkrDVnKOY9nA1t+cFb+ezsGt2WGCCrwnrGkdK+5/sCsGMVkzIPWSUA+OaxOXqz9g0oYmw0NHKGaKNUmXMDsHU2K2gLsjXfCFOU9ZEgHRVoquJLqvDV600LZOmilkmaJ/Afqap/cPLlmiZDKopWvEbTkz2UEos0gsRjBuTUCYlOjKjycJmNGQKYcSpnmrexeuicBXsSNwPxEXhona9sLtYND2D0qErBbpSoK7IJF/BYXeXO60lbgkkfJzG9fM4JVkdbGYX0eWTZYakuMWM1DCiS26Ctj+araILZwHUugVQ7vaxEiBUIGPDLFLRKw80wksqzjZfp53ez1m1fiILOxkTcfhSBLGWUATLAOnsLQkk1Z0oAZEz7LSkQ812/FGF9W5Cqqa5w27w7nSVYeyuhyld+uy8+ArSKBKwJ0pJzuVjaF1qOGMJC7kbpSCi7cKI08MblgwdTjK9aXrN9Hbp3aWPpN43NdF6eWdsZSEvqAsaRbMJiow2I1KMSJSClHPbIMyCqTdyOTdEwlI0W2j2j1KQypLQiaLRu00qoBWsjHaCxbXWmnQbgAIzKjLky4I8lWcRwVjWxSqTpiNJiik3cc0e6rOsPd174VNhBEVG8IqJ08+RgFWesHt3hG9bv63rHeu3lDy6foHdI488guBt0oejN8uHlmj6qEXwfvnYY48JBbm8853vRH77299uBR/940c/9NKHnvz1J3/mKz9DeeLFJ37+t0qFhtoAAF0JSURBVH7+Xc+/68/9zp9721Nve/gPH371b7ya/vZn3/4L3/yFej/wGx/42a//LOWDX/3gEz/0RHEkU0pyloyUpMEuDTnTJQP71X5PPvkk/T3veQ/Cu971riON9SubSlWXWciQXTSKQulVqKZsxIqAgKyLFzFBOgL39qfCVlJGJaUXUBdBFoejXrpRREDLvfqj8UIjNjkdgV1knI6J9YVt8nZmIiCL4HoNCvszhuI3LzHZcxRBKDtHWHu+45Cuq52vCQlmzbYZPbIjQOnskF0hp5hhe7VQwkLCTia+6UCpQtmilXOYgl8dzA5BldhNUFfYhldAookG0RjVBKoPpjVVHOvLaP9YIKvDaEVsLSvSL7GAfBHEsTpiUgSp+IaG5dmkTFNu1Qoymh19pKYuyqwCZBEqTl4sU2RXjRveVeAG6AHUneB5AYnLoduG3kO9Z4onUU+ZnjiQOwuJDDn2fKG42ImxDE2alPmqKrHNYHVQruNx4/+idKl5wvVENB7FeIyyQTCeMYjoJjP3l3mSmTbJWB1lUE1ZSqjCxZeEzGQjJ8sG+7H1LbAlpFtCmLR47Qa11iW4KdHxoQiQlElpENvduIMsVkUya7dffo7oehBc/g6XWSulImiqhrn37L+tj/WoMhVdZGFLoN0sZ02TbTcci3P9j7IcjWIszYpcNEIhrXRdxkIzKL3dIBmK9xVvT14qval45fSm6VXGm6Z3F7pUe4Ppo6EXI1uK6KILSDeEVxzDIYisCzIanZFeSoZut2lO5hJjFEezsnA3VljRCmLKbVCFciRUo2topOYsUzsHWsdqqJ6aMKU602FkHEi4E6MYy3admkujnGdlofQkab50+ZuFJqw+KqNLVaFSs/eDoCGjwhJ2746wn9Hf76HrV+P5kGXxNmmNvFlaGohmdZ555hlen/rUp3RB0VhEe+655wT3Haw3F4tYhPmFBDKXpDTouSBDw8FPf/rTvKQhDp0LNBFddJHZRS6+CPCTn/ykIT7ykY/QP/axj4kpGZmbhS9v7nIQUw4isBsaqlgbrCkbvfi6kDkagrQ/ESjIglsCTGjWSgqlxy4xgixCX+rcuXC0FuNudO5cOBIrRReNYjVlZX2tVwenbRwmRtQriF7RNGXLS8Liiwz1siNg2jY2uf1j87hn20tZ2lERoFEo0NDThcaSOySCDDoUUBeFbyeLBQpi1nyloUkn9PKXsOCmjCBbOkSTPBpEwGwbQy7qCU0wZFc9HNVDICJwROPb+lYZmwTH+lodugVqZ1ojy21ddKmkbSBsv+fRZhMcTRyFZdeEujCNJZTIdDPCkUwjtqBoxKBcNNFKCY3jkOlxZE4wTYddNZRCVRXZJUCOl+7rf0lM73Koy4OAvftnnlakm4TSwyLBzJeID1tZVbUWcqvs5S9ziakAi2ocY/m/MXqY9YTzGPPAOJ5y6znnSeZG83R0tbnUyoNXu8S2ILPPGntQQoztLRdfCjuyokhOuZW42kE5WfKOWTWVNDQHgkw3Mb3tsNltLEqMo7eZS6l8JGlceDzu1hsDVLJ0iiKalIu+W1s1TBZ6tJtyj3aoFCw9+NWE9EDVi6wmVsLsjCUfo0tJJnKuMqWxVvBYVGPxNSjU7MlRNJLSo0UysjIWmkHRILs1olgs755ePL2pwN43fXZIuPdN7zHQGxbUha+LaEIRvPT06mM4oaAuCTR6mUgASsDocqbDqtTGgIySpIhZiaAgZduuPTbp2qCqoUrKojgtVutVoVhUEgHS8SNDTWitKZAxHDJsrSmzvtVczvKRrcTMqNc1RZBzpWjnk5SMamJeve97tWfvfb/PvuO79aGHFN9HKuWJJ56AvhcV/AMf+AC7r0ZevhrZcSwN9OHos/Ld7343wuOPPy5OvzcecmRH5mI1MbkgFwEi+yxWUklatQmCzI5PKNadgtwHqw9Z8dlZJFDCdgiOLpwPf/jDkv+lX/olzZ/7uZ8z1vve9z7JmAsalAaasKZDRBNKJeVmw7z3ve/13iyCLqOIj69EeokmXRrCImNaCPlDRVZeE9FE0EWKj6yXo5rTrQU7d1mxGx0faiJDXZpoeq1vG0+GVrmjajhIdM3QYmrKlruxSg9Kia9FJ1wEtH/sIjsZOr82EjSEJgIlxIzfZqPPkcmRCDLIDtufjcKRJXcZ8oWa8iR0BZEVFNwsECBCp1gl0UyB4GiaCAIXFYNqFaI1WQVEIC2EMkI1hxadvd/zCG2ANhu7orWFMDUFtBvbbOLYYMLisygyS/EbTkpQGixmYSCzgCwIEpN5wqjJVxe9KYcshYpDWHRVRjV09nu4dud3/xA60VUv6XHg0nBLu4u6RmCWECfBd9v39A0brtGlUdpVtWK2ddXNiEdOLjWPK5eXBxgFemCQ3hqghwd0rzG61xgho+QY14V5+W/AMpP6msshsiGUcpV6SvOst3TlattNNW0daHu1AIkpqa8uaIV0KS6km2Sbkjtht1+J4KTN3QOvK9i4odwkXFmJiXSPm4vJavZQhx6figB7VzD9rntMjs26USRg6FKSs2Q6bLowjcXLinLXFFwEyKiqRoQp1bZRDIdmXLoEEKxCKXmf8qLnZdNrirdOurdORm+aXll6RfUew4LjFQcNp7dOc9QUChqCEeJDRjgzhfKBhmaUWJsh9DKEA+UGGaHcNJVOF85R32uhVN6iKAjZlXRomVQMZiEtHGHRFWZp3wvbvmqPtaaKJlVSMWVetrAtDaUnYV3sZk2aCKP5yh+qDJqKsXtBZISMkHiZ9dZPUXP49NNPYz711FOq2ru/t0kcnwUWAvYV6MsSocWCyg7FtIjIXHByoRRBFzI0lyo8QdDoaHopuRhas20g59zF5FJkHF3sH//4x6X6q7/6q0J99KMfNVZf6r53fdaYUWSzY+QumlCKZiAV42uUvqTREPAFseVyoXOB0qaoPy9YkU2EXQTTF7b4yHq5Y9KNpVf90VggL4iPBhmhaBTHpF2qOatP2EkbkldriqMamrItCCwxhHw75o6tfZUONesSTdg1wjFETVgXWrpeui6YO9QMiyayEaGh2c1C06zbn7KqgOXJKP9mkQ7LH0d9KlH1EURhTUoxYYVlwVHYKkk46oJWUFc70wbAbDN8+tOfVi7bxkLbyTaPukGjR0YQh84FTS+mfUK4G11kIwoivgjSqP7s3NGEkgNB5hJZTHG42N6QngWZi7EomDIn6iCgslOUUQ1h9YfpZF+msJVtlWetecG6igDFhIoP1ZavrChGp8itqpoCiyIwmoVr6njoekJ4vHlUeE70GtVDzrPNM4PSq5aHh6bnh2cJZITzeKN7vLkBu/6I69UNKG9KOuO6Fe99mLsc220VpTLZVZrQfKyH/ZFoQgTIy/R2ZFffKWUiclUj3cXGheUgn56+3eCkB6SpmYspm5ciMCqC+kBzJ3Qc9vVMv/dfEZpsSyIZKZlIaTRZQyALSxGB3lhTzL2kKXUZEa3K9yCXnmavVN4WvU/1Xgm9fnplgbr6EOk9yytnZL0UaEZQQGgg0SCj+EaEmjDZk4FoLFUJ6hJHSjCF8CrzHo2tfqWwIhQyCmmZQkXbafQkWlhTzYtsCYiBSGsqT1LmsJTKvMlCGc5WNxFINHvDi6A+UOnYlZERMvpQoKi5jzmo2tA7Pqa3frqvAdh3Ho5l8kGQ0kcAAnLfEz4asuBYPh8Q60Px+G+u0Fhc0GCzkGGfg7D4HK01qamrL0XukKN1Ry7hMkGAcmb3jcKXjoZsz3CUHhSwsJrcRdOrPnTIV+nEYRSWuwnGhJocZauJpil/EcKKbDp8dUFpI3NE5lLN0VjoOMiQF0SmQEaIRrG+mO1MozC2k1nsxhQEiuF0yRbTKMWHgvCy6O2cjvmg/QxtsAnYNpv9xjjYxTJ6jqRQNUO+IqN1M7DIgS8kMpQVNF8oT0ZTxlSZdGhGcZCVUZMCTQqtbQxbC7pejggVk6IadGtK7xqxPzHtTJvQZkCwGaAm4QWNVRnDLFAQYwlCMGexBJSSrskfNq8SJjtZV5tBTGQ6OzQKF6hJEIgamqN6qp5iUvYih4RlmiEyxSrAFgiOMJJorWbL1IiypZS5hDssqmEKysXorHnoHA9dt5vnmWeD5wQFrmfc5Z/lUTxF6BE8w1hgj0nPFXYKcQl2/c3dByUHjUJckQgj+0WJZp7KZJIKagKw3caYmF7GZghN3krAqTJEgIyVeKrWXdxw5UMksN/jPSBNCpqmZg91E2dUHEh6ruN075OiGa4z0yxkImeZZCeROTZWKEiohrrCURrIiAiGpkNd6s/YMnk18RrlNcW7FfSGyOLdSvLes+jeAaHXLq8160Xw8i7GCEXgaHZ0AfXSxaGLoJdQNHsf6t0ILX3IoqFBwiUjRMaRc1Oeou3bYJeMCKHmoh+yPI7eURJdUHBGqGkUolyhoSWgYpWORW50eTK2suxhTQRdCHzNC9m8WMyoKTOaPoWoLfS6Dau/13ao/izKi6m8ioaZYlEYuUQzXDpk14vJkaQUBwE2C2kIJQ2ot7ANIQLUhSyyaBDBdKAgeu0BqIulzwvfDfi+LUoDufxhZHpLLJpeVWKByI1SeiXDpXyauy6IxlIZc59iQkzIURMtMoKhzTcdwdCYAkJkFl25RJiFg7O+hK50FF2CawoCiy8aFGf2ABqxW9pUbbDZbJS6xKSEKXbdCdF0hSwJ+xDYZYJgRBY6lIkmLCU5QxlCmcuwycqczoKmFy1MiaxryGGWehUKM6ViWkfYNWIz49skuliso7VGoBBL0NLPnoF0juwc4xDuRlRtXYzSg9JgkUb2RkfmiKwpsi4xcxETmY7GrhcZJgiYJvj/NXZnP9tf1XnHmRxQSxwbjMEMZvBs4ymYUYmCc5ImZyhRpZ5U6h/Qnlf9I3rQw0qRelCpUg8i5SCJlJykZDBgmxfjCTAQg81kXAIEMjV2P7/f977Xs33fj51cki+tvfa111577f2bHr/v89IonbIoY5vIqc6YzQN7+S9us+x1m4ZFiEOy2EBsCZrmrf4g8zV/2eqVucfE9tD1hPC48mzAnhM93kLPMF1sTw5NTy8ezOaZZxt4qPRI22+Dh/ugpDum2z1yQQKGNTBaQAVqAdh6eNQocGIBOdmJh+vFlZKMX8yqBuZqxj27i/+vLu39obzBKnCPSUuuMpjNWSkCZ0M8yEUoWvGbulRlUhr80IO/WhVBqOEqGWfkHEE1jyXDkJ6nuzcPL3q4t8KT98FevjANJgMGJQG2Oiwav4k4cYvlhAxcHaqJCGxiXZhebwzpW4vFtvAqrw7xYG2OYJzVNuQ/R70dv6ZTLtjquKNMZMWQHpZzzNnJ58cZnLgFjtiS+VVJ19QwzMcHp5rT++Bje9vV64UX2wVbAH2F5LRNBhLHer0aU/KLgzP6Uux93y5LRp7SFgqLY0ZsRqCMdUkJG0hgID+PICVjeEafF+WPLZDTFAXpFX7iAyeohrCqJCCboIGTDH9GzrJlV0bxccXUmz4mK1osyZg/cWGxaDwzqZgM9aFs+/KYEfgdA/4OAxaW00BNARNj/vSJnaVuFI7WHDBGXWTrYYOaBHXhxMPAH8ZeBZhnUg0SA0vDsuWx9uq/LlbyNBhyJsYjxg1PQ48JsDrzd9gcP84+Xp1D7BThyk4MRRANWykuGVyqcSCjT0Csazg/TTziGZJsBvLUmxJ4lEtv9ayMJ5uFswecJ0Nw9nD7HhLEBmIJlBJDWVRMfZx23JWlmJzYbWp76Hoq9JyfB5tm6BmmC5Npeq6wPUXy91ABHl3d/uTn3idRLBXNPNt9cfkJc0aeGdJiGFUBB9XEyopbIaaM+XEVHxQtngTwTArSkDZsj+Xju0yL6nHu2d/yWyzeJYf1zioK3kRNLUOcDSWwPUOOf+BNEBHOeU9kw3mX2VebISWQXrvmLU/a3rM0vWfFPF61vPd51cK9CWIyTV3WiImxIPyGEPBjmgxsYNEmPrsZR9MUDCDAFbBsy39Wx1AKBmQME2ACTREagsM2YAe7IXZhPCc8RhGkgUtp2BT8VTU0aTk3BPMnxpoWaPktkwdzqhJ76sM5Ja2YuKJh78JkOFsvpsQEuPdlMKoh4kumhJtRhNi8QBPTEGABCUTgT6wX9AKDgB8TNETTYnUlnllAry45qAy7YuJkrU4ocdgZMmdbBbvzw4M7UTjxQBcWtpTOT6YhwKOLUX1w0aRBtsZnMwTRhaXNmD3VhWn4p7el8VumM+aAxSFbF1QKHMZJ0/CVE2DNYXMxxrMOrDfICspQzlgpaCZ/vTFNqJl4uCH508RBJfmrtpLydBuZ7cPtAicYy45LqVkmmZgAMtZkTngVB86YQObrLCPGwEOAK6MCsivmFLne7DDiWNfYgSAeY3iGMEpGYvJUQyXCysjTaVc6j4ntoetR0RNifU5sT62jMY8utofH2Ixs4O+50vMMS4Uhs+2E7uAcpBx0gokZ62LYNUMyY6HE5DwJFIqAbHAYuSczSAmFmuQLZVGaE19zFgtpQsOhaDMjLu1Ys0kTz1yx5sonzdi8wyXTG8b+ere96PXG51ULexPEXrhovF7lSYPHaEgvpCuvr5Apx8CrWHES64opgyYQYNlKdV2FRVXe7KAL1vow4pGtehgBNmSNPxxkYsZ2s5QwT3b+eFCGZR5zZtcLLRBbcsypDmyVwdnxlAVW8cqJCTABXiufgNGSSw/LJzucxzc8uyBr/DE4yUpgBuJCxTRBE8zLJtPFHlmcEjTjYuqaIfxYFw8OnJp1DVugLrauhgzWmMVJMGJclWAMAnZz2Sw8RcZQBCBT8K7fE+ZnYCBLGdhzJvOfcyA7cRbzJLJQkgxsGca6WsvJkjV37Ya64hmSf+WgjLhqVJku+Y5HvZqb9DhFBufMgs3CWTJ4jOETwcmQQV0nvM6VJoiAK1rVmzLWew5d+GQX8oRt8KtgxCAZmVQZVQoKGPMr43Zm/Af7w+LwBdZDAo+x9R3RQ+vQWJBfqEOay6GpCc0VEg/qHYZ1IGhC1bSwVsjG7LXKuCEnYc04eb4aWsu68PWRD3v/BYQtcsY+7QEyGa4XZpYMnrEvRUPOOYxnnHtSh73rrWV9dxlwHqzjazWjgSsPNMcPxOwZuEtOh5yjDFdM2i3hBHUFwTP4p541wzgZ5/6TIVugI4qMw+oM2Sc8OHeyq0kv1JW6d+f8OEzXOevCMO/vOKcIDLMwsmMDISdMMhnjAc7A5l9HQZqQBvgbUhmDs93xXsubOIayApmvrEvOZJfmPwZB9sjwBAFlmS8hvQxdJ2JG1dMFnMLCupzsbYWvjlW2jdlxYp+As4lWXjGec9mlvMJCOM/50H3ciDHqOpHVNcqwOlUMryWdSgaeMOJsvCazIgGUTDZcOmQVZ/CE7Jx6EwwP2prZC1iNbDw7mBOyh/9Z7IMOKZ0Xh4BhlouvwzFOMOqx8ao8HzjN1/CvmIsWEoQ8eru8PU29Mnhf6Out/011w/4XKK/Z/xJRb+W99aTfbwgXt+OM0BSzojGG4SDdUahQPrD6xz7xD7YoRz+jKSB773wF1t6MBjZ1bxhWegJ+PIKKsA1YUNcgwQm/BlbBlugZzrtmIbjek7nyb9LXxF6JS2q1YiIHi4Uq0+taNtS7z38BEeImiudgrP6w2oHnHIe+pffkyPHUu2oGk9sJiFfwjKwhYJkZqxP28mxY7cHUB6pY/sR4ZhkOs6LuNdstZwe7m3I3o+7g641ptWHEmDjOH4dde+GMZ5YR8MShckGLcj+xRuyEYLeR3ubrXVcHRg2HPdIBB9fiPLSPyDNdGWVVhuW/Z31Jwieo60Qws4yxuy/BOnCb5qwJhsvk4H0lLo1syKW8GvBqduDJ2RQnAs4TD4xnG3mGulaszuzh16jYOUZ86SwnID48HjpYeL/ENsyN6eRuRRNrYjBwIkAZnCStGUZzgjRt7awc9oN3cYH11t+P/vs/N/3Pnr/Z/3BsvTDvYo0tTjzxoalLqbWEdWnxoCErCiUmu8gz13DQ1RAQao2/TXaG0hheZedDCKBtGuafjRserM5uMSc/sRnUXDlxA8ezagZ1MUpylnyOyhJDstjAUJAxMJyIT7DX+xXISRy/Gopf5rG1rDYjsEPVqJhj83cf7+dOgVPzZAij+OwBD7x434t/8ut/8r3/9L3f/8Tv/+y//Ozxdz7+8q+//Hsf/b2f/uef/vGDf/zd//jd5257bstgD9hEM+maEqYZ1hXGWQKxQnHGPCvDyOKGM1oXDtKAflbZzyfnB9fJMCewY3rcO3Q/pe//ZcyPN2cIFIFztUsDa0qs9IY5MT2GfTWvOD8dkhNsR2dH9jAUYcU4zZh9ziuksWZ47olXtLSVOU/4pBmfD8S69nJuJzOuzhXTXiTAicPEXJlA/vi8d3DSdSKGdRaomWxlThxWWwKvwasBa5etWZnzfLNgnCNmlwAG6a3FjJ1JZ2a773gseVDFHlf7Y+sCnmScw54ieIbM4w16wMyjRRKTdB7YHlA7pplBA6W+cgsAGWNJy76rsevQZy5nV6bzwU4DDcETrUxKQLYgbUsYWFQ8K8LzyISyzYZsXGSzMPZ8Tw9oCaQvYJHjSWZQE8sne2Swjd+b/O3R3+5/FMLLB/7p/qdmhnl+dvxjDmRB07tLTNZbS0yGdQW2KRhTHx7zCoLz49KAhmTMQCjb0q4IWwV37KvZ0NLIGMauLAIGkWsCJR5ZdsNjmPjNBdklM0HwHn5DU1ggozc8NcHVR0l14f64RNCk8QrIiQni/jRKf5gizYjXP+PTu2N2kUcMjDc/+uYH/s8Dv/jff/FXv/Crr/+vr7/5hZtf+vOXHvzig1f9t6s+/ucfv+Z3r7nua9cZZTimL8LEl8DEL6V6U3IyCMzVkhWEs5qooeaAB1c0XQnaZQMNF6SAxc9Yk8FkpcSPaRoSRBhxsoqZp/gEOKPM2Ti7zcKcEjMdOx6DsuVYC3Q2XKGu07lXhPyDmrv84jaSETQdrdUeT3b+OEhJMqWEeco8z6X5E+AZEucZzRirzMCJXxBMhqtqxVT54c5nm1XBYSIPUxZzIk8v8Yqck5KY2SOeIWvz1eLrwkEXqC3uAo8tWW+8KY4nOScjns1a7dmvkDOP4bFmaUgJrMhJxnPysWI6OdtjwPOgJ4THlYeER5enGu4Htp5q2BOOp/+pzo8Tz7Ot58rJUw1LDnPq6jSHlHOyyWYZrb9lYCsBGVuJpB2IF/ZfmfTtb39bs19l8r39VwUx+FtkMHDdJ00xwSzNLhNplz+0HEurqTcG4rLNCHvuG/YVH/5+lFkY65mAJm1UD2BzVXls0hh4BprKjkuJB2sSQ572y9bYl6v3v2vRD9sxf3+JwibyYL1B057WJULi/mJGw/XG6YuwDrn22mtx8c27iqEmAbsMZxWMtaTZrSi0wMSxCFbKZgADqg8mjhtIj6HIhx06ohlxaeBmYUzYWM4M+WNrwS3ckjkxJwbL7y/VvH3/fQWYIO7vXVy//zaJ6/bfDKDIuhS5v3qRjN90QqnbFJOHAYy3vuGt1/y/a976d2+99p+uxW956S1X/eNVb3vpbVf/w9WY85pfEPLwV4CaqL9lZGqJrTvbLJzmxSYCk7YoXewWXhGwVWNQpaBomm0NFkGzzM0irATA8iUgn3ftvyThhhtu4OxvoZSY5Sc2FtPg8icT6j37r2nsl3u8e//NhYYk1hs4K2Z/MYMtjZasKUNrsRAMs/apg8W2ClgPzByVnIyBJicY4qQpCC4CTH0YgrPj/MNAowvLpJrjilliPHLT22HALYSTDCeLefTGqxhzJkgs/gzXi8mwmmClwxXTNlHGai4sA9PjjGYppSI3F0/+VTxDRjaLZedPk7hmXcmGJ74uHmCLxlBbXOVtTZ56ccpGTbOu2ayYczaLEdiz6WSMhsuTUebScyDB+WQrqSXg7eT4zyPB8ynu8Xbyvhl7fnieEfBjAuzRgoOnWg9aMbfQx/MKmvx6PZNw2J9TByRuGa1z1hxaG2ZPaWbNrbaNYeMMvfwNJAazyMGM1ttj2LqswhpjHqyXIUma7XXg7DsJ6917NrRkuZnC1KaTTBuAy0HORfAANqT4WFMOJdO8msCAHt6YgJO4OgOD36Z4D/3h/isIvnP85drsfjkDG3/3+Mvetr+gvuNHx98nMH/fHPd323unMcpGa+KgLGt9dLEpZaUXsxlY10QwRQMNAWlbQnWodLMWfgFbFBZh4mMRROtYZoCuIvPEpYcFwcAvGojfXJy4WWZ4lQTJy5mhhuyT+ljUc889p3TPH38NpKayqzbNN7/5Tfqvf/3rKvzMM8+Qscm+sf8CRS+IxPCt4y/012UIMTYdjyF6bYGYQokJGQT0cmOXs5R4pMRjoJhGmaj4/WY+rEt8Oy5JczkS4pc/GQ2jk8NJxiO46RTHdCpTfTSxmldS9ewYM8j4jaXs9xXImSGUKcQXWXxrFxbTm5Gs/HV1IA3BLccQ2cpZl1UYKHO2yA3hCZzFMVf1kQYB5pS2QjktGDhpcNkSdMAsxKIcy+5CrtZuStDVDZ1bYHd0q4OCYHaViStUx4yNm6IziTlBelgClFVbSlh6eWS+Xoag2dbgZLGBiVvsiHM2ZI3MYwgNJsCKiRWTpsPQb0qp8vxkDMENx8AjwkQrfrZ5+es9EddVzpaP12RSAqOmxHRhMjyzFEoXDrqgyse2JluvudIYy8DQLtgRTIZtU0N0tVN4xezpROaUsLFSAuk5veC4sp3M2MnZHoeeED0bYk+LeUqzPaj5e8fxHuSJwo9psK4ebLhHTsfRueyajDWd3e2hd/wQ6UzPsU4jb+fYYozCrRmqEbYqy6vcrk+2JdkSF5gum4EtmMc2YLLKYawCCWgiGYIEoORbiAVWgZ7WnAQtCsoT5Gx4RgxdhyaSuRnlLA2zl0MbI4H0xTSR+GbppYGTXTKDSUZiBGziSYlNYyPskddSr1E+C7zmzy/ws2vZ+X1nkAWfC76ECHxP2Na+IWJvtdgoGy0y1gSHoa1nY4JYblgafcCxGSKbkZLdiarUliztihZmLboIWpQ1msuQmVEQLA7mZPDQdwLZhkyVmgtrFhnM0owVsFkaLhqjsOJLHquS5agPvwLifs1hvxNRYTmx5o033njTTTfpvXX/Bwn6BZD98vfbbrtNVTHNzTffTGxIv+LxluWf9uvXQPYrIWkMJ+A3FjIIsNyMqjJgOh5sCL8cDPzgBz/I6N9CuOOOOww3i40QXxCZEOviNxDkaayp+81/ZlEHzXa2yqgqQ9EUNlRASjaxLRBQxUTWxGIKaL1sa8ctFkvD8smkWjJyaKUlwylPgn4NYUPYPGJiYhpiqDJk4qgGge3jwTSSt4pOJnQyNXURGGVpNJ0WV2i3rG4UmoNpOjwxGAKNxUrBiNWHR/DsuOPNj3VhdVNY+Uy1pTfMo8JylqFsgUFslC484uzEmGbE47RYYtXD7IaQYdGwmuhVRoatYdsmStunt/LqEpO+KcqtZE7im5G/XmIgNkSzZAxJXOaYmL+wxSfGbRY2JCbGxafEIIho/LZgWOU51Vyvgo+GEXImJluH2CN+AhzaO4J2lgw3XBrGyhymmK4vK3KkpepkOkXb88OjwrPBg6EnxP6cPvytfIZnNX+vjWxPFH6sCzew54onjfPq8eO+5lB2b401ewwHT9bYyeYHx5dM3m6OlrQezdABrUCKiy0MW4ll41ZLYG+wJhCAooDIZdK8srXwnspW4Wltgb2qMHrSS9LDcs0Ttstxh96YQBlBwhbSvJJhSAa3f3JouJhGmchjGGvKoWRMymYAQ7NkMAEPcXWGNs52zIfLN/bfNf/000+zsTeSr+6/Q5/f67+PBr2UoOmDw8A+i31j2fG+t/httFHsvie2F7bjPxAmE06ZELCxHPr4wARiMmgYnAwCyl47pphVbOo5K6omDGOtFGvKTRC2DcIgmTYLq5KmIWxD8k8ZO5mYgCENzsScQlFaY6trsS2kjz9v+px9KfresiglVUDM+bWvfY3ho/bJJ59U5Mcee4z+i1/8IgFWSay2/cN5TzzxBDEQaz7++ON12QID7cj6T/sR8BPYtQx7hyVg3jKXkt6SNFACMjTwqaeeYly5coVHAoabRXzzCiKB4hslIBDQ57ShPCJLXomUAmvaQQZWLqyGjLZJMoLbIEPUSlhBcGmLLEmnEVugWbCwnVIzdjLlT6+XoSlPA3WpBnH1kTkW00BzscnoCYzFBto4LCsCTNnOsuUW1NCKDE9gOZpWYVEOYceyk+m4dmIhJ/BgSoYKgHMVZ4jDiAXnqVbD/DioalcxlhiWGJZYHvnb4smfocnZ1iTG7BZrCE2H2bpaO7GuYipa8XkMJGMbxVZMvQ6YjVB5tlNqrC3T6ziR0UiAEwvOY5ZXi89vdhpKMMR0ZZggseAlkzhNYhEwmVlMbZk4MbtQImPgF41f8bE95VHtbAIF59HEYZyGYGIRhnVhXYaH9nd2UygsCKc0RJASSE8Npe1CYCuphTjSTteb/Od50GOsJ0RvDR5OHhLsXlg8tz05Yh6sC1PijqlHpkcOe44jQ8adUf6+ObDIPY971pqL0rEmds+1sLkzWhgDBJFnBbIHjrKFsdtmNrZmWdkbmZjC+gkoK5bIJSYTM/YUtGpLZpurB7bl9GiHUpUkPRjYWDlDyfcJ1TUpf1PIRMKSsR+SMcSkuiyqsaYT2SyCY03srUImmIxmmm0NgUXJjbhXE5MaziNnNqUXK7N4serj5q677vIRwObxourFX1b89FIS0CgC3xNeWXyOKB3bu0IvZZRY5qaQj7kIHAADezk1li04v1dgTvGdDaVWBGljzmbUbNUVbYrJDlYEaVqm2S2q1ylhRcDSUx8wqWNAKQf1MYUhWHEoDdS17+H2ylXRMsTPWWGLb10CylZ858RhMJflWGNfV760cMXsHzgj897qgAkljgqA1fky+NSnPuVr9ZOf/CTZJz7xCR4J8wguMSUVXzTZ+hgVwQfoxz/+cdE+8pGPGHLPPff4yHCibKjTq1Ytx+5YsgQkoynzd1yz/QNqkqS3a1VAMcXntC5Kh1CvNAy///77sVVIVf7iW6Nz2+nipO+0WH4JOza4bA0hE19KgvNIzEQq2RDf65rWK5SwMpSJhVAKopLWbrHqIw0pmUJKmMw5EVNwNbQQudHYl/nSlYP48mGrlRzMayCYyMknNoRtSNPlMdAoibX7nQTOzrkucSiVVAIEIsN2KI9Xd3Z+yO7E2noB1QGzdTE6e5ittuYVGXdWMT0Gl4D46iMfJ1AybNWLeWyHtUheEURrsxynMiewCuKYh1gliV19ZpGnxWrWRWaImmDxBcGmdghNoZLii2Mim8JJ+cADDxjVv1PpuIrjWWiKtkkFxFe98iyN8m9GbHbHmEZ8R4jTLYKTmN2PJTDbQH6hpCSyvTCFkhpbtslklRjLBIuPBRfZ0tgKzlABrObZIqge1qzynLLKaQgmls+wLhpduJs8ZzvbnpKxzcgpec0+cOnFp8GS7Cc6LpPXve6Jw5euK9Pl5ynlgeHB1vsRMDzP+D2ldWE70dNOF26INbO720rLNNCWSJHdMdXrqlMahwbXbCVpZD/3REmLgDl5sOasFs9q9bIpXTwEFYgTDAHRim86czV7CUu+R6NVWwvwW45rWFnWDAc8/CK0BDIB6zKXieQgARsgH+lhOydVaTRccGNNbWAvSmz1r4yxZk4pYTKjdBFXZxF4aHoZ9F7vraqPJK+lbK+o3kh83Hgx9EHG70WVzHeAl68Mr2C+G1xFXsTEwTbdRwM2CosgOFCS9b4plKz6kkgsCIGAunhKhkdMvZYjbQtXnO5Z0I4MnEPFqeAWaHUtuR0xaSvtcIJe0MVPxh8bq1eh9GK9uCZxxRQHO8b887otTwkDW/6MFuVTzPL7p+t8QSpLX6iY0xekT0n8+c9/Xtn/8i//0tfYX/zFX6gkJnvooYd4Pve5zxn76KOP0gC9fSHm/OxnP2sKtk15+OGHDdFrp8i8F9tQIMAEWALmtRYJS8zOSrKdJevL+8tf/jKlqSmloZdt+COPPGKPRGaTSdIQYMhEl0WJ02LNbsfbX1VSVQZuCxQNS8PsbPPqNURKppOkmMZaDqfIPlX5+0fy1cosFksgVSxbHlmJNoeNx06JgCVZfJlg8cXENgsMwfLhkYw4ksQG8mOCVgGJNc1CxuNscDoMIjgYDGeJgcHRdRq7D3QriOesEiRmA0OToThs0brAY36eZgEeCZeAZMrfwrGytCL5VxAaYGhy6jKki5E4uyXTWJdNTIyLIzKZ0omsPopgSL1G6dUllAOg7FeuXNG0ZfxODu786yI2EAvOY6I1vghSKhn+Sk0jeVk1XVNLI3GLNZx/8qc3qiaBLjmXeeIWiytLkACPwtLYAqzaPGys1OJwsnFGTtuhaYNEwLLC4hhu7OxpO2hn29PEgnA2e5lbowytUbks37HndJlsXxr+85zrMebZ4IHhIQHeBYDR24FHiK5eBGJdHi29CEBPOHfPebhKiyGhmo6p+yz0CoO77dJDB9oaepZ4GhmoiTWDppUzrJytUlhpeNi6TgrUEBBTDuI3nYdfbwOW3EPaM9tyrAXzc86jepJUKGBocs4qirat4fWvl7aVNrv964rarq19k/TSGCu4IWap8prskqmYUBptCntkpmOUAJuyzfIa1Xs9o3d8b1V2iu21y/cTv3dD77PePb1LMnDvlYZjcXRhXQoiAr8IgVKzNwkB5SMgTuyllX7CerMrH129FUlV3ToG7fXYGKrtVu7j/+0W3KiWb2pN3GKF5QfLrzL8mMdYdhXTOyVl5CQwnG1R/JjTioSVMEPm8mcoF49Xfqv2fWYhSqrXl5z1+uri9NV45513+gLwecrvu80rrc+CPlvxfffdJ8K9995r7F133WUUGJWY86Mf/SiBIYoviEn12kffc0KR0dhEhmjGKi8uc0nqUnMRDMdgFAE2NTaLgZjg7rvvFl+v/CXP3xCGWVqUtYspuDODTde+K5omG3qVZEhDDspuCKchmlhKYpoRa5pUiRjqgCUmbP9IvsViyfAwDDeXIptLJqYwFksSG2tHLIpYieiBTY8lYF6JWYhsdRnCg43SKziwOTWNIuORP6e1aHZUHBJwosAhdJ06vcEpjR1RZ7WzjRsSamLDBSRwxnCRO4o4SFivBBgSk4y1xPJRhFJVEJUhY8i5pRlCQGyx2fyJKekTVxldYk59ML8hZNgozEljO5Tdwca2jMdm4Y6HXcBmnFHm0isaLrJZ2CVZ/iUvmXa2qYnFmcUWpPzbKaNE0KyrzGWVeOJXlqCLX0kZis9WbZzNTy89NtAAJ7sDYIP02jhZsXUZPqDhxAS6MDGPgbbS7JpyLm0LxHK2FhcCp9K50W0PXc+kHmPzGAcPDE8yhscG/zz8PTxiXTy62AzDPVS6hzqLzqWEnEsJYTCR++x+vz38f9BsfugcO5eUnXLDY80wTjGxlRMrhK6YnyCkJygZwc3So7fHcI9kmXtG7iu++N9UnARAPHn2bMgDQlkvTQ/aBE1XGqpvG2yMPNsk+dAQN8QsgphUswKyZVU9sSanxNgSS9aMBpYAj52yO14Je3n0tuX9lO0Ni3/eZ3HvvF64QBM30EZjE/FgGqyLHwfvEPbdKM4EWFYGSsDLHUE5QG+RvQmVufqovwqoT1WKwe4Ee7TX+PBH8KqPtVtyxwwLaOoMqGjic8ZrxURIloHrshC2PDl7RWW3OrAuC+FXLqx0lq+MBArLgxUKe5P1PecdFnuHpfGJ4A0XKwgm80HpZVyvV3VKGkZfgT7vcP+flW1e33OmFtlwSn6zCygThmi4lKyiVzoapSaQORvoRaARE5eMNETuS9SkbMnzE9MYZTpNZ0YX25IJxKfH7SYnBp5OnSKbVwHF5Cw9MTmlJBQWXGRLLpnqo0t6gqvJpAQds6YTxCx6sSDYWF3iqJXImAY4zUuApWQIFo2nIGVOFjg1iWWOHQNOR4ITG6u8DGcJnKtuBSu6kIFAL/2IIQPX5RiLNocZ620KkIMEZNg5LPPJHyuIJAlAnjWrjyEE2JKzW1c1pJ9iqlXRyGwHG/PzkGHRMCd2AJTXacSzWdi5Eqf9NSPbXNgUemeWSYY9pS75ciNr6sTrYvkNIaakB01D6ipzWSWe+GQ0gROUFCuvXqVmYzY/jfR4NDMkwCZm2zVOG8TJpjcQ2KtBoCsZNsRwaTMwSMwysZyxAyxJR3d72PnP7a9HwvawOv7ZJc8JzwwG9hTpqY49zHiS9ZzDYDiI1k1zPY6awO+uGtZbrSFATyB7BqZvODseA9dlkWStn42rSNgGHP8c/3Zx7M/FZrfellz+0HozchJIMr30MkJp602DNfnJmqvZ2wYbg0tSMmSGKBRuFqwpmdjsOOjSLCVczjN8cuDUa1MswfsawwsX9mLFw7Zr2Iub3nnFY/R2xjBcrzjDptY1YRnVR5Ng5cS9YWDNYNIELXDf5K0+dqG9GNj3QFAlK6mxVcnwZscgLC6lqQ87Wbax/M0OGTnJRCDrMEuVExslf1CW6tNbs5doSm+s2Ksrv1dsXdgrOQZ+b9808ylGEOfxnts7LyUwNPuxhG+4XoFNymOIXkPS+A7ok6L3ZUxgLsspVbMbKE6fCDRAj8nEEVMXnvj5haUxBTREGqIR81gsjZqYAqsYrMVpf0sDi6BpiEqyadjmYstqppNAizWLhRPwNyMG8QU0XBzKomECLEldktRV2oKDpikMxBLTlLNo7SnmxCIEs/AQyBk7ADwdg46KgxE7LTDXODCyM/Q6pSlHnyFUFzju4LFjgibil8N6AtnWiCc9qUqPQC/U1IVnmSoZ6616etM3tmjJ1IcdF98QMjYB7jD0ceYY83xo/z/reWwZruz02HBsFiwanmSM5Scok0lGF8GkNDYu/5IHQxJPZLt8Ii4+sMn4FZChwli1eRR8PILwpIR2QRe/DYrbptjYwTiNGrHhusyuiUHasgI5szufTux2l/Ofm2CPhJ4WnhDgUQE8cU913NMuGVsXBsNBNMfRKewg9kiYI6u32+vhdrvccBPIfs6xUWHsPeqFPWzI6hnMpDOvDC1Wti2ZgQf7OrYusjU3w8tWV72DEQOZSVuFTGzJvkcX39zyEY2ygUoXa5o9LqV4DF2J2ZizGYGty470dPcS583Le5amV0WebMzfO523AcwJNhELQrmyiXQVeTsNxxd/Yl2X8ioGzvKshi1fKWLNagJtFuiK1RCMqvKM6gxiijzIg80ea5odZyfLyEnWMtdXVJWxBBx6BVY09lpMbJQ31nrJcAYnMYEubAhP3BC98xo+8XEytrQJzKKXJ036jPIk0+wwgOA8WC8OZLj45YzJJiUCvabDmoy+GLAuHtE4mwsbxVMaZMWvS1NVDWGL1lpO4mPfJQzfKJze+o2K+16RHgZhRRC5ChQNG4tbS6myCw6awurCDZSMaBLTxJJvFVChNMsfE/DESsqJNR0SpwVUu3M4dxLIo5eRbNBArAt3enFxhjmbCEvMvKVR5rOKKk+gFxhlrms4seUT85DRpAdDVtnK/AUENieosFC+QdnzMwZ2HpXHBPyNKr6p+YvcKiZzLI14xPg8GUyjlyzUNLYhUxmeEcfAE9pHxcfqnIcg1tzlG9hiJkis2dYMizPIyairIeJoylZTMiDV4JRK1SnFSucIbQ9dN7hudu6A8YC/m2MPwjg/7i4ZulE6TCAJR6rUywn4O6xg0jB2vWSx5nZCj4+07DEGeQzJJt7dFycb9IIppNcNvcxxsKiBZstJCaUHNfnPURdN05WG5duGNiaP3pRNYTpjMbt5S2AwzRGzsWZxoLF6w/krGDsP1tt7AGgCAS7+Ce8znxYHJ5jMh0/EnCDDqmf5VUYRqkbYdmjHvkuHG1lDKuywaHtGF7Owc+rNzomzZ0jGcF2KoFkpekPCQenUal6BdXl1JcP8mN9rcr29ONf0MouTseM8aejDDNFVfMwTNztNYrjqhqt+esNP33jHG//6+r/+hQ//ws//1c/f+M43vvj2F99055v433D7G15++8v0AgKjCGVbGmv+BNhEwKAkyGk4pzQ4qwzWxMYWHLNBJdnKyMk2pIEFYewzbIb42Is/JSaIqw8NnsgxPZaSmGTsxJNqwcu/CJhMb5lLSRNrruDEBPHITJTYihidFnDAYLve9vMc56k32aCBWFesec7NEtaUKuasQlaYYDCZr0OGT8Qgwio4EeulYQyUVG/V7ku0T0xfqErtu62CY05MVuXbLHbMoxeT0cQZda1inKfelFAzTtYsEzk+qI/LUUBGrM6x9fLgS9F22Bc8NuMEq5NtYKzZjGZnlMyaIaect5PjP/e+ng3DwWPD83xYV09QXcOwPf3353/30O6eIDJ0QPPMTTYDczJwYmdxZWPjwdpMdmgcL4aQjcM++YbmmtnxCZKFdSAcFLvmYB2RgL7ZJQZtCa4ZUh6GnYWS0qBmfmATx5pblB3s2QKwQfbFaxd7OA/Wax+DJuyDtjfxE15jDjgNickEYQ9zTljgpCnVKoMPVdgxhdprdkAeYNOfoPUKGwrOGG5SqCyM8QBn4MRWFGuWcJnDWh827uQPj39kWBdncUzHicevmSdwao74fMguv8CP3/njJ2968sVPvXjlfVd++umfPv+vn/+nm/7p0fc8+pNf+8njH3z8h5/84Q/f9sMt7g7DsVFNHfOU+RwJTh7IiAkmgYJMKH4aYPCMs8jshhPEwAMM7/4ML/4xT98r/MnECXvgDfxYV5FxOReqzyDQ5GcYy99AYsbkDzyBp1mwZmJ2msRhPywXV/egZv4RhIYAuwg4/97/CuzCA0wd08uNjTWHT7B2nfBaw5DzUq4XayoFBsVkx20QppnbyBZ0H7iV6Yjyt67slTNWzzQHFWTlwTRnrPoz+FfM1gw0kxkSD6Q6yFPkZDPXGNOE8RAbzi5INamGqgRKp2iMKamsLp5be5KvwDhPjOGM8YAkQBK4zMopTwbsqgMaNWPX5jjPoas4E23E+wwH5AkE5Ry6s3eL93TMqIuyaPGKPGkSw6Z+lVTlUG84DPgXIPE6ZPXgwd75z6CltUaLbb0ZkL13Xo4T2cpwEj9ssx4hSaWIw7o1owk88Yk/8BwmOE6Rges9R/599AGrc1Ncln+r41wX2yvUvE5BL8UZnK/NZHEGrJHXuSBZ0Lzuq9f92sO/9p7/9Z7fePw3rv3da2//v7df9YWrfuup37ruf1z34KMP3vi/b3z/8+8/qM9e0rPP8z+fBa8pZZfYSX3WZvaaf7xH3ZAd64onycTnaMg/W8bhdepJ6VLomt6MhszAsHUfsR+cA2rGqyxnGDvBKttCH5e8L2LLvw+mWSbButjQwEGelcO5Z530hEsp1DwRlABe7bDKMJxnHl+KVYCLfxIw1MWIZ5YT/+AkjkXFmvEJxnkuvhS6ZutnyDb+CM1zT7wN9J87YA/t7TG1PNIzhglW3iUHpMmAHvuYbGxMsA4cO0MmjHiguWI8a9e57ASKcrAuw1bFHdnj2Ts3nDhXzhjk2fLesTYz8qQ84XNM7xjTXDHBVwMq7Iq92AfUPOcVPOG8GQ/aXDwYJzRqxWvkOSsKs+Sc5xVYxYMRh9UGp3/4UkzXuVGo4YwTEPO7wA7tJQFdK/LUFVJucY/IX7S5dHPCSRDGirVrQsHYI1vtmSUPrHZiWO090wOSwaHvDAfdvk3jyTDqZK6VBzM8zhj/ufhgHZFssHoSwDQz4Nw+kZ0I1ua/BA2Bk/zDKng1XDowTFdxhvOvAznPkWA9GBg83sL6oL300RvYqzMZnncOzjisYjw/yz0Rz5B1LIg8aHVjBEs7WIt9bgTNwUnzBJ3JS6H38MSeVDQvDXfetan35jpcLSrHcAWy/q1jeYOYIDUnAmzhFuSZLtzAOOMcrXC96a/2QbTIcmbswotnRhhZzaBJNl0giJTkabFxYMM+5+FmsQ6fp1TGOfjJGBgmThh/spWnK1QxmeCy6mjGk+cYo89eeTSwDoS2ezY9f0MmWtj7D4I8Ex9aJsg8HuSHZHla7PAK1YB/PP78Fv/9/hPX+YnQ9vOyy6CLgDjZFuWyPcpZr1HsxL1uBjZMTEZclyH4JP+6VsHYgxmyjvqXMJQMDuXcYmPOZLgmhpxjg5hsnB+fYxbe8BGvWD3J8Fqx8WeD5soNyYaTJa9Yu6Z6oXqeYw5bTZiDd4JzJ2XoeK8YPz6od+y5bFjtPfeLJfOsC18rA6tzbEPa67Ww8RgdgL9d/mZj3A/5+9npGOtPntmYzaOLvQs38OTEiWeIWVZPygxsyHRN/PwEwxnQKiwQqtgUMGeomT/BVvQj7MW5/2SDwslA4BlomiU2fHsMsKQ4HEgzpovHMnAeNgMYA4Ww7P43wN8c/9KkElQmzfSGb7ns4MHbTEfn2jv2vpDL13ZSBU3oKLt9u5sz1jt7HsZ4Qs7E8WB9JuWB9XEFhjS1lKQ9G7/VaK8YP02RcQO9muCeTzjs4V/x6MJkjG2m41x7sMMaw2u87iSbDBUKQ4mVYXZG2CUbxm4gPu/F4mznYMd69DHBME9gb9XZkWeiwbad+4a20rAX4GKzQnZVOqlYdk41YfSnKt5y/CtbnP2Rh/7sQ5g/AdEf7sBkPLg/LhE0Q076lcXXhTWzG5I4HoFscdmWeX4CKKVfPP5Bp+nixBMwJO5PmpQ5gyDWOxpsUUDGFp/z6uWXA/zS8TcMmBSS8egaLr6UdE18HmAH0YwtmjgEDdTVcKiLErPLPxl9+Sce5oxrFg3nqVdiMMcA+HFd7Kk5zHEKNUPXDmTnTCNC+jEge/VQFmEONuxhLu42ZKU0XJIgYWCoBmOWTNBihwkGyRjrELKpf5rhjJEVH/O0IzaonQIep4XhhLD7w3H9ZZ7+XlAnx76TBcNzJusPasX9Qa0ZQgmMiU+wirFefjJMBpxseeKWI3/JryUFnjEIQBdWf8alPMZri8/R/jKwHT/8HMzceJt5DwcpIA/mmdQ1h4MusGBFV9mKwm4b1GL2EmYWOLHNEmtODsAOFnCwjjbeT+8B3a+7g4O7uWY86NBnjwz3PPC0iDlXrpcRavbYYAhVAiXcYq26JSuRdZUqpdkNZKxBMJhrDM7hUiqBIrQEnpzJhnvFyRYtpdlVTCZQbnZqZXnKfN/SLWGo+CtzxppkMbRMPAYNA5uLrAsg3gacDQFdQDzb2jIHVpFRBVaBlWKLpYktH5TC6yCj18H1D/Jg7+9YF/aOqDejv4XSX1lhEzdQs4Bx8FqJ50WTLQi7GQ3hYTMwAaM/VZSYU8KCSFKTbRTwUCYuGcxuT4G4BTYQ1iG4lBjEmAyTiQN6yXCL/dH+F5xefPFFQfr7OTE/mRUlLjJ/cZpaSsUnMJxfkw3s/oZJ8a2CQDTMWRDipgBio6b+I46bnQAHTsriWCxumVjTwhlTMdDE9CPABJpzKUEnrdPVSQvbsTsiTeJz6MJkRQDDHexQtJAmmWiMGQ57OhfYF3H4+LN2nhbLxmxL2+pyxNRH0bACGlvl12LSACOn+htoy7AjQdNf1vrh/ssO2c6GXobmD/ZfooKN7VdY9PeLiPkpaYBe0xACXWK+8MIL5srOT2wgMSWjs8eZQIaG4Ibw6yXGxKCLvyVbpoJUMcVkTDH3Eh7uunkq9VQe9h27QNsEdZHFmobHmnuwg4FBV8wjyPbQNavqa8tvz+QVyJnASrJng9nAVrj2aWqn6OxYUfSqQvqZSMxhaa3MWa5h8l6NWT9sJ3eH09zjIXQHdzfPPnl+5JzbvVv/8PqEwATx/oA4YMQgWgnIHKy3yuD23rpKr6kNZKyR8Yoe2z0CsSliTcP3y3YLlYcyGaPXUjwDmwsMUbEybCPkOWyDJNnOAjtOr+xxGxQTcO7yw493WjVjWBcuMm7eXfuKR1dOAmiL21k5Wy+0BMuB1jLI0zKVzsJjy6+SqoF7+fN2zJ5XbE7sTRF7R/SymPH2/XdeXnf8R8fmPVLTcE22t+nQu7bI/FiXCGSJdfFs7+E7OHHvpol5JE+2bl8DG2Jq+nfuv3RTYgR6gbPIQhUWc+LytxZBGC2cGJNJjzGLfcfx3zGMDcdG3bD/uox+HwINcUOKXJzyF59z4mPNpsDX77/bTzR6tpQ0sV5iSuBRZzARP4PTvMlENpaNi49DC6yrklYZbFQHQMUYQRNTYoKK2UU0p2vQ2XPGurqhIxfSNGogVFxXsvSGd6phjbaHOdymZGXUMCcGSQaZYwvHKi/tFsu2HHaHYaAyasJZfSomzhaHn8xArEk8xbQpxHaB377o6hhsv5Rk/2Uszomdeu/yDxKc/6YX+07s9BIb0nHSRWyImA3k4ddrSPEZhnB2DgkS44brNUspBV38rUL+oICKo5i4Y9COQ4XVBAKs/rHm3HPCNOua/cUNGU/OYeJhO749J8wqRazQ6luiQVOX5NpUiznZLQtrtxhYjZS7S8s28GBdipKs+LNOWcY8EmLj7BaA2YwWPMt2TNnxfnQvXhV7Nrhxbw+KVz7UGSMLObcnxo5u/fMcMiq7J4feeUKEnMUXrQtJzqA4VhpDGyxhgp4oxho4z6RCBc3hScAUsWYRYPKXWDJGr3h4BmpSggSqs2TkZjvslH2fPeWZbZIzgzJY1GwQWxcm0xSBGG9LPf6sMqemUbEZR8yTZhuwDCHQO5texbZb1L5xrRcY/PWCpl7rrRotGSxfAcGbn4J4+cO9L39v/6fO+2V4Xg29UGOvz8Cg0cXZ73NI7BV73iAL6OUy9D5uFH/v4L3CexMnM0UDgbIX/17SS0bTXpNhSmkXn8fsIJqBz++/I156ltYJ0WUWcYhTgsh4FlV6xJgY89AwpCoy/u7+bwA8t//G+W/vvz3/W986/HJ5gn5JJE3ikhFZei3QdPIxqiVrikPDpscyLw7/d77zHQn0PcRZkAKqMxDw90sfNQmIzZJYwFljKAIWXN3YFiuZylihqhgwJMkwOybgERyTdX05RYz9oG0nzdHq0h7MgUyTGIdOYHGgc1uEblkd7E6v3onTEJmcMD+wJ38s51ahSxHYKqCLbVFsYKtD242VTpcyDvOQqRuZagNDk1OXIeqPbT2/48HZLxC1oWCP7Kneb+y/zvPrx3/7UoRn9n8p5K/2f4fRiaIhBk0RyDhl1TF7dv8Fq/02UL2dBEqGgSY1UMw5mSVjiF5+Mgw8LaQKtO/dNLBNyZ6ShjztAm6zQnvdxrVfeYAs8Qxc4wfNBMOGb08smSlr58+e2cuBZqlbCbYqHiXQZXm6LA/b2nZLmWgUheab+z9BiitN22+gWTo6A8vmkTGWaDYn1ouhNYC88axTs6KAojjNbtY9s4N7fZw/wSClG31w98eeDe772KgeA/l7AukKNXHxRS6NVqQsbXxLVj3rkjBBTxQRDCw+1jSLaD2B5jlUMuySwfRFmPxzwuSPveXMEBEoQa2qqmRsutzsV1djNrZNdrmcGZQMsKiVdWEy0UTQxJpBnJzs5iJTjWwR+OuFSjRisLn7wT7sbDepk73rGtguhf23dvPMNmlWTMufl3eGlz+vFH3D9b7spdCrhrfmXsB1gaa38n5dYu/gvTs2UHPCagYv415fCLA4xJhGHL3iGGWKXuE5e4XnLCaPaIKILIKBWBACTu/vRrF7nWVbYEelZBpCD6JxNqmmSUXGZDwVoSDlIE9h+1cEbrnlFp6b93+n70PHfxqPTWOULgyy5aQvJbPwiEzA5jEQm4IH9CqjZtEqZlXSVarWyE5MQNxv0Ox3Rvbx1McNAZaG3vIRk75FicZjsTTqI6uurC4iyDkC+rq6fLobdE1hl8wcttCBzHYg0yTGQYSM/Zq7iGCgI939t+MNhUppILazog2LgyXZjmMbimWOrRqrniWog6UpCyebE2taafVRXqNsDWarP6435VpMdSbo4xLzYL1zGICGk/4DH/gAZ2fmtttuw04Rv3NFZvdNCsZyYnHaTXstMmbzy5nMcDKcwSkIma5JiV2SBpKxgV8FoFq1C4qvqphdkRnqOdhVr/hU7VaDQ3s3yJmsIcOcw8A5aMg23H8SVRQlUyaGwqkU1lTKu+66y4l/4IEHXDCf/vSndT344IO33347vvfeez/5yU8S3HHHHQp900039U9dYuW78847VSTuRw1KY7NBOQ7L3b//JMfA/NLKrjT1rih1a6gQHd8exj2ePQkGNWPKxBkN4XeL73bv1u/NoKdOrKvnhF7PCU5MjDMaK4gnimjbhuw/OQAnwErjluwcSF4C8iFuYI+ZeQ71+Onp1UNLAriHVkxfBGhpOaFouCccZqchtmp1U14XLTj30nOCbU23tvU3rDrTeI4+EDskTgunY01gXYbz224CHl22u1G4IWScZnTlGNh1ote8evfYh58odmmZ1x2EXhm7chjtvq0f8PNgtqUprLVbqXK18OpmT8GbH/byZ1t7X/YOztnvcMe6vCx6efcGzfBm7X3RSyQm8CLvDdJA7LVabRmF7f3aizkZAZ6Xdywa7m2dBkQ2i8jYWE1xNCXcS4/gMb+xBvJPfLaBLRB8GVBiyjJpCBbTMk1NYDgxj5jsErYQoWQryf5Jhv5pv6eeekrXV77yFfr+jYTqowtn6DJQV2XkqbBy4NfLFhxrMhTQwP5tvoZUJcsv1ZKhF4qAPzG2HMOL3PKxaIYQWIjla4pZNLZ9N8qSrd2VpZ4Ow16wDZyYHtMT0Ds8ZM6PZtcUdu10o3C6Qtd40NQLKXGGsbEuxn6lHh607lrrvQuawtTmtTu4Ow8bS6z8sSXANMvZWhLrshYrUhxOq9PE62HosCkjW531TjHVkAYYZNXZwI6xHeHBBB0GO7Vulu9aTt+4NqXz08YRYHtkuOlAAmav8hbCI3OcjfV22WKwFk5NS243Y11YHFxB1KFda7/cbNXZXdddopeqnizdMXoKth0MfgaNrobgbpVuQe5aDOxWJhQPJUG3JgMbbqxQBeyEQLvcAQCerc8aKo2TrdCKqKxY0/Y8/fTTinvlyhWaP/uzP+PHivvZz37WJfr5z39eiV2fLlq3J35iTdvwxBNP2KFYHAU1hblAlRVo4NjF/M4fO1a+Ofrbcd4h+45pF8AUrjWD9a/ofq061YIYQ0P4VVYR1RQ8UbD7vspiXapc6ZWYE/f45Ix7KhRfPrIqZ0fHSnGnpyV31cmHuIEiN4to7B427TEnjZQwj4XE9CK0Cuttdn4wvGzZBmJ2vfty36h60nNGuzilZ8dtTddhP5zoauzW7Aq0a5RYl6bluKKsqFsbNhDTdPvTC5ojVgdnwIwEhvAYgotfcMhJbCLlAmXsYDC6f+EBJw9YlDqoRiWtCGrFUEP7CJ7ruFdpr4C9YbC9Vnr8Y28M3jy8Q3jnIKAk8H7gLdMLAduQ3sd7jRBNhTUF6XXBFCLoxb3H4N5g+nQTXNim6PXfEGw4v5imw5qSF5/R6wjuHaWXErKWCboMoeE3ES43TC+Ogc6AgbGce53CmhKzduv1oozvuece7DXaqFtvvXXWYkZDMBhlCQSU2HBdmAwb0scNW3CaqoobQmzJMowpLVOXhbBlBbqwl37s41tMyRA0l1pN/tUzQwKcxbRYeqwCXbnAhurDEASbfS4Z58eVRd8lgzUdLReO0+XKBdf4QHO741z2pcuJOaFLrwjuAD0SGt4lrLebiXyw9Iy1U3nKH0sPppm4y9wqONtxCxfB6oLaTmXUit5esO0OPw+NXkVufxlVGAtLRmzjEgtOjClFhsbaMtwG9ZOShpAZXkqmlp48VVv+uAWqGLaKPNaICXAGwbB6crIxmxFXxm2HXv96FYZeetxG3CLc8dwu5jbS888uQAa/IQnmASSC4T3Uu2dCT3fKuTWJ0PBCxdKYLYYOAHAevnR9pCrx3XffrV4uOZ+n2IesT9iPfexjLkjfuM79Zz7zmQ9/+MO//du/7cP3d37nd37lV37lN3/zNwk0E4MdpbcTbNvgmxi3c7ZQWaGCqnJQNaxqnJLLzl81gZ1B0AK2gh3/pF/Fwts9+AgeYFQOqBAN1KzK1bSCekjEao0VXVNxCTAnnleq4aYTsCqXuWvbSnHnzJL5CciIJSYOQ+RmKY0YzNWrnIdQTjIsYYbh23r2JeyTb3uPJcMwFovJY+xehsM7igIqssS6OO1IV50bpSvEDS67LXNFORVuYd3UNBP3nHCBYdstDtvV1b2SMrFRBDwOGI9SdAzY/Ngsc+kSi1yXpvQoFc0o3JmJ11uPtTBU29KgylhytaqGCgge8DbUs9+jvfd9b4fYG4anvjcPj3/stUAvUBJ4FcAEXkqIG8gpLENY0YLhpuh9BfOI1hDvEL2UYPEx0LPJes8QU8K9bcxhMAsBJxg+U+N2loY/j97W2JI7xhOTIE7cvOUgW0n6LpFw//SeF2hhvV4L2JKbHRvbKIbKsHuf7nuITYMF12uZYgLDLIawTS2mNDjlKUKRDS84VB8xsTR0+QDAYmJbg8ufDRktSmRNC5cV7vq19soVqo8g/GynhdGtwPnpiu6C0nSJgWutK8gF3m0krne7wI4vhY1lxNBwaFR3Xs0GkoF85FBK6iATNracMsfQPYcRG0hvRszTyWl1OIiDxRRKfXSpP48iq5i6EaiYctEAg6wuW0NmYMfAvhPrTWzXGI0l00VmoL0Wn99cxsq5VC3Wqve776GS+NzAQaHG6J7f/d/1zu6JMM8FRk9it1l3D7cINxDs7oTdatw9eNw03FJ4GOttpHuLOxUm43EjEsdNidO9kSEU1gtFE0FvMxqiyWZMVi3Bolp49rb9SuM6UWKXnCPua9VVBz5hn3nmmS996UtO/EMPPYT/6I/+yFfsH/zBHzz22GN/+Id/+PDDD//pn/4p2yevsa5bUPd+Ise2GUbZG7tlz8DhgI7OftgOJ7st4XQQs+cEz5lmhO38LicYW2SbscKaOVv5LL5RkJNMjSq9kill3DbYRU1MUDWHM3Qxms5cxS/zrhNsvV0k1qXXpCVmOKP4WHPYdIw5DTmTmYhhePm3QM7SoEyGDeRhJ2iIjZdel4Ht6A7lCuk6dFPjZLt+nIeuKNsHNrSLk6xbWzfNLl1DiA3ZrtodxEaRYUXgwXNP7Jo00KhAoEkgAU1ix1LRVE/dJBzzQEZXMkO1FdaeWrXFtlkWDooQXCEuNtce9qR3kfQe4J1AV498ftcVDWj20oAJyARpoCuwS5cHB0qXn9cFtiETv+EGEhTWFFCzIcRF5inmZM65Rb/66pfueenJjz3583/780fufuSlf//Ss2979uX7Xn7o9of+/t/9/ZX7rvz4Mz/+yYd+QjajiqAUnNh0scwxgVUwZNKqe8fyvsXGurxI0fTOxBCHEyxHk9NaxKE3UfljMnHIrEUXBkpsCCbD0tCLhTJczGbhBHEMma0xRExiTmLB1/yBXTI8Fm6UC0Gzi8hh6EhoMnIyEgiYoMvH+ekUaeLg2umm4Zjtj4ztmRF3WWFIiRvbRZdzv1i3m+0MnFFkXbNmVz08+XeMyxyTAT17uJwxuyBWxDCcAQqLVQarkrWvm6V6puPHygg16yKr8p1SGzdDBIQMUyQmMEv7q0syFVbaVloBq4AbeHdyrBnv9/UDTpqucdzjwFUfc2JODHNncOtwc3CTwe4/7iHdUvLUC91VGIZ0n+me4x6F3YgMcR/TdGsaCAL0/CIYYiAlLiD0tJKwVXRyOgZVYDsHdkjJFM75ZjjrwYeLG4ePYLYPVr0+Z9n333+/7xvss9jHMQG4UOn7iZPvITvhMhaTjbta7Io9gE4P2A/o5M0xjctyhWPaAvaNO/ysvM1okTiwW3OwcmgU1EymQOqr7j0a1S5uG2ynJqVm1ZwNBk5djG3KPVq5yRws01URd3lwmlc+ie0QQ/yeguLEwjZdTYLsGUIvSAvZ13d4Zc5YeV/o4X8jgRxcBq4HGwFdPDbUBrVZttXG2TLXnu22a3YTXEVYk5NghrgC22vnpN6UibGurm1DzEhmII959WIT0XTpkml2g3AmKWVrVDmrZAx64ypcbfejcXFbrCZKB+rZ/vba50Jie+rbaA/73gx08XdduUSxLldXgsQnly5bV6BPjIn1xoboxfzimwWIORkisEvM5tJgGWJOYNPASz946Ze+/0tveOYNb3/x7S9/5eW3/t1bX37h5Xf86B2v++rrrn3h2jd9401v/NEbyRrFmDjrfQQ3C8GeyOH/GUvPazH2jcLje5Smlyq9IjBwQ9jlT98CRevVKm6xWChgNBExJsCSnIXLU7SJDw1RwBIoMpkhbF1xmYjGni4x+S1W09ZrrjdlqLYJqhKBpgND0/XV4cHB1bTdOHZ0xkLHrGttRWMnAkFnslFzSus1HaybZRVtUx7Z6sVh8ueUMNtEWBCcRy+GEVssLn6RsS6VF4dNwGa0ERVTV5tlR7Lz07RlQZdm0SSgKRkTtcBZ+36BbmvvhcM1G2u6hOctZIXekeFkHhzZuIfI/jDZ4IaA3RMY7iRuHT373Ux6EdHFj4G/GwjWa6A7DCbA3XmwLrcmBjDmQYabJTaEfhi6L5V5Dy+8Ld9/NkA11ct3hsPte4UBrjrcD5F8sDr9TzzxBE9/2oL97LPP9j9x+wmVLmOFoi+a/Yi7wGyGnQCnJNgS7FDGmmPHkDNu/xizhdYTW0/Ly44HiceAlIYojapB9WJgfgZBXPmGB5pGFUdwWUHZWmYnb7ukjj+nmqmJDWyWWLQY2rB4ukqmBFoIDrqKqZdBMFxixOUmh7ICe2RHbA3uouo54Qzo6ki4wFyHQVdXoy5isq5GfkwsVEOAYQgxJtPVMZsZaQwkw13wiXVhYkapYlfycAZMV0fFwdireyiLhYMagrp1jXW19Dj3aGe7Jl1pPF1LoUurC5UgnoG6MCcPDpzY2GKyvUDgiY/1Yhgx1mUIMS4lAgmbIg7X/uzaW1645fpnrr/jR3dc8+Q17/yHd775B2++86/vfNvTb7v1h7fyX/d31x2k++eFsWDtbCfBRFhkHjbNnsiWUjcUU+O+V7wPydArlC4vT8kw5z5oQ7MUDRNgApNiXXhAgw3BCUZcKAIQxIzQdlQ6TjK9hsyMDamXnhhaFHFLZjgAsSYYuxpFM8plwnBmOLtkhjtLc/mcYA7bCRq4Dg+NclAz0pgIpDGZW9owJ5ZeYAdDNA1nY3Ye3BAsZuBvseqD1Uqv0nGy4+qZoSs2VnlxJx/zjxgHXZqYbWpGyczyW7WLtOs0Y+7z3ZTY3eRPeAxKMkaX/PB2R9jBDu4e2P0Eu7FgNxm3C7cU7Ha0iZabSSyagZiAh5hTEE6siWEeZAkSN7AgeM/64oHVXs8B2J4TqqNYbUzlA5VVYnV31am7q5GnnxtgHt8rLlTXp/sFDWhCA4Vqn9ozTtsM23nZT4yDMpAQltMJ71u2QTPIdpbRkqwtnn3a+7d9xdsSF+Spd6vKcSOVSRGHIT9ZrLkOyQh1wUwnTzm3zHWxnGmMYhRH/JVzXsqmiDUNL1TIPnFWt+a1uV0GtsDW7FfK9vpmN20Ztn08dpnd56ZbXltJhsFhaH8JZkhirNeQEWcUp5jmxYYIguvt8g4EIEP69UyqoSOE9xN0gC7OVqSLYaXWaLGMtqA6qImiVdv1avRot92uxi6qrqUYcibADcHi0LA7KmSauLFF8z7B7kWzd478YEgQpwh6sVuDZsxTL06ZIf/hjsF4RswI7OmK6SXALg3M2WLLEJd5b2B9YraK6gPbGvYlT/xh8bE0mn2UGVDXmtI6XJNYGkEC2ChGvWQimAVnN4Sg+E3Kz0hWiXBg1yzCSUznRLPCDu+X1HZNbXefHR0qyJ9ghVEzMKSHhsf8ZFtCO+QsB/mzLYodtyKpDiihIXH5Y82VB5pgOjLckIYXsMhgOmzqWFf17/yzpzdwwjqLdc0yuxjjwThdtrFmnD+j2yZeDTjpMjBe4Z7A6f6A3UZ44vWOEQh4YjEbmGCCNASza8ZuTXFD1lC44BkiB02V2W5MKtWeYVB36NCrdV88rkN2V6NPHF2uSZco220FaNIb226dHBo8GwPbwdyxH8sDNOWTc+88oN7QdjLaWpvEsJ7Zy5CtK1mYCIPEsJXkuJ2BXeR4lY2dQRBDYc1S5rPSpk5jYGzUCZ80h2GGZIOJsOa2t0donsuaXTK2wEZ0qXTx2DLc7d4O4i4zGxeTASe7/W0IJsiuNw6cw2S6TI3NLhqPLgylhIMkNVWsLswzskFdjASMFthK9024uOyVxZXg9M/Vwp7rENc7nDFX4AnrxQTZieORnQ/nOcEMLI48Y06eeDDNBJbGAB5rzF8TRjxdY+OJDxIL3UF60RkmUB9iTTYO9I2NCZLlIcifMlTnuPvU6iFIrBlrTlcJnDPohWxirIvRkveSHK4FqAl1rQJ2JU3ZyRmGTlSoOV0n2Ma/sqtRJ6grMZRMmVvFauuqN+MwYEHRChtqDg8EwUVe40/1gpJqzgYRzKOFZwoOjdrSOmZYPtCV2K1vvwVe3MZrulov5TA2I4wzDuNZnW4Ow+4MuuYuwQm7fAMBltJwntBw+rgbzjSHZ66GNJZnmnhf9/G+9PL/fN3nfv5vvvrVr37gAx/4zne+4/PFnVdZ9QnnW8SD9oYbbnj22WdvueWWJ5544p577nnyySfZzz33nI9dj2TfJSYQUfU9fX3NiCPaV77ylQ9/+MOPPfbYHXfcIf6NN97Ir1f89sbN1+fOD37wg/e+971f//rX77zzzi9+8Ysf+chHDLn11lvNaF4PdfFbmI03nUl1EXz5y19+4IEHvvCFL0jJXB/84AfL32NgPwNvcov3UfW9733v/e9//9e+9jXJPPzww4YYaPhf/dVfiW914lcjhuk4dd12223SIDbk7rvvLv/vf//7vtukLXmnzUJM993vftdiCaTx6KOP/vIv//JTTz118803P//889dff733EqdW8jZM/BdeeOHd7373N77xjdtvv/3KlSsf/ehHH3nkkbvuuuuZZ5553/vepxQK4inlwlBMD0KfnuJ86EMfEvO+++6TjPjqL776v+Md71Bw8W2W+L4a5S9++Vvm/fffj9kqxq/XB6hiFl+h5G9Rpq7+9ldibB5+1aOxUnrPSPGV613vete3vvUtCUhD5iovPclYrK8id+oOgyMkf9ut/kpngcVX+W9+85vvec97LFYx2yz1tGq5eZOTZ/tbfBunvIqsFBbrDLRZVu0wcJra1quP+n/pS19y2OTvRFVMZ8C9AEzUYbC0DoPKq4+UrMWKnCv5T3yb1cmvmI8//rjK2zIpyV98qYqvLHMYim+xEpCG89PJmfwVpM3qyjKdoslfAZ9++mmRreKmm26SjCKbnca2dpcsf5vSxXL1A1db4D1vuaeTY96uLNvaYZgrdzbLks1irm9/+9sW28mnnM3qMLtY5NyVa8uc1U7mehg6bMUXTXyRu8wN57Euu9NhcPitusPcnaH4ncwOg+tiNms9DLok0MXYZS5/V4ST78qyWYKbwkSmM6mpCSz23nvvdRg6zCpWfFeu+M7bHAab5TCovDuP60v9O8xzZSmOzVIo8efkOwzEJ/ElfHLlzmIdA/Gl1G1K/h1mZS++zTq5csWf+nTlKvi6WcUXTUyVcTKV1FrUfz0Mc+UWX7TiS8bJdxt3rVlXmyUT8a1abVVAnuLb2eJ3MXYbVD2b5TC0WWorvs0qf5ElY+Hdk2ezXFnAsPapT/UvGcMlebJZjLkzELgzEDuZTr5k5s6gLOthMOlcWepvywzsmeLcKoiyKM56GJxzMbtyy196knRdKLj465W13gbVR/zyF1+qbRZ9h2EeEzbrPzzwrf8Pv+lS9dhQ1D0AAAAASUVORK5CYII=</CompositeModelImageObj>
          <IsSkipFidProcessing>false</IsSkipFidProcessing>
          <IsSkipMark>false</IsSkipMark>
          <LocationTolerance>3</LocationTolerance>
          <MinScore>0</MinScore>
          <ModelUseRotation>false</ModelUseRotation>
          <SubPixel>false</SubPixel>
          <SubPixResolution>SubPixResolution2</SubPixResolution>
          <LocalSearch>LocalSearchFast</LocalSearch>
          <MinScale>0.99</MinScale>
          <MaxScale>1.01</MaxScale>
          <CircularData>
            <ExpectedDiameter>2</ExpectedDiameter>
            <DiameterTolerance>1</DiameterTolerance>
            <FoundDiameter>0</FoundDiameter>
            <UseFoundDiameterAsModel>true</UseFoundDiameterAsModel>
            <SyntheticDesc />
            <ColorType>White</ColorType>
            <IsDiameterToleranceCheckEnabled>true</IsDiameterToleranceCheckEnabled>
          </CircularData>
        </FidBaseData>
      </Fids>
      <SkipMarks />
      <Instructions>
        <RecipeInstruction xsi:type="DotInstruction">
          <Type>Dot</Type>
          <PatternNodeId>606791af-e6f0-47c5-9c75-ea0f0fa19105</PatternNodeId>
          <InstructionId>f698092a-ff2c-4b67-9abb-5f64ecaaf407</InstructionId>
          <Breakpoint>eNONE</Breakpoint>
          <MoveToSafeZBeforeMove>false</MoveToSafeZBeforeMove>
          <IsSelected>false</IsSelected>
          <IsEnabled>true</IsEnabled>
          <IsPassBlockChild>false</IsPassBlockChild>
          <Applicator>1</Applicator>
          <LibraryItemId>176174e1-d3e0-4b8a-8153-5d5d82bb36c3</LibraryItemId>
          <IsWeightControlOverrideEnabled>false</IsWeightControlOverrideEnabled>
          <OverrideWeight>0</OverrideWeight>
          <XYLocation>
            <X>-0.003</X>
            <Y>16</Y>
          </XYLocation>
          <XLocation>-0.003</XLocation>
          <YLocation>16</YLocation>
          <SelectDotType>176174e1-d3e0-4b8a-8153-5d5d82bb36c3</SelectDotType>
        </RecipeInstruction>
        <RecipeInstruction xsi:type="DotInstruction">
          <Type>Dot</Type>
          <PatternNodeId>5cbfe894-7d07-446a-9b10-f0e1d740fe2c</PatternNodeId>
          <InstructionId>fc29bf1c-f00d-48cc-a83a-7fe4023c7228</InstructionId>
          <Breakpoint>eNONE</Breakpoint>
          <MoveToSafeZBeforeMove>false</MoveToSafeZBeforeMove>
          <IsSelected>false</IsSelected>
          <IsEnabled>true</IsEnabled>
          <IsPassBlockChild>false</IsPassBlockChild>
          <Applicator>1</Applicator>
          <LibraryItemId>176174e1-d3e0-4b8a-8153-5d5d82bb36c3</LibraryItemId>
          <IsWeightControlOverrideEnabled>false</IsWeightControlOverrideEnabled>
          <OverrideWeight>0</OverrideWeight>
          <XYLocation>
            <X>-0.003</X>
            <Y>15</Y>
          </XYLocation>
          <XLocation>-0.003</XLocation>
          <YLocation>15</YLocation>
          <SelectDotType>176174e1-d3e0-4b8a-8153-5d5d82bb36c3</SelectDotType>
        </RecipeInstruction>
        <RecipeInstruction xsi:type="DotInstruction">
          <Type>Dot</Type>
          <PatternNodeId>678d6196-e084-4d2f-8435-c12aa26c9015</PatternNodeId>
          <InstructionId>52d50cfc-346a-45b6-acee-c3da2742fe7c</InstructionId>
          <Breakpoint>eNONE</Breakpoint>
          <MoveToSafeZBeforeMove>false</MoveToSafeZBeforeMove>
          <IsSelected>false</IsSelected>
          <IsEnabled>true</IsEnabled>
          <IsPassBlockChild>false</IsPassBlockChild>
          <Applicator>1</Applicator>
          <LibraryItemId>176174e1-d3e0-4b8a-8153-5d5d82bb36c3</LibraryItemId>
          <IsWeightControlOverrideEnabled>false</IsWeightControlOverrideEnabled>
          <OverrideWeight>0</OverrideWeight>
          <XYLocation>
            <X>-0.003</X>
            <Y>14</Y>
          </XYLocation>
          <XLocation>-0.003</XLocation>
          <YLocation>14</YLocation>
          <SelectDotType>176174e1-d3e0-4b8a-8153-5d5d82bb36c3</SelectDotType>
        </RecipeInstruction>
        <RecipeInstruction xsi:type="DotInstruction">
          <Type>Dot</Type>
          <PatternNodeId>b494ba96-c169-4fa2-865e-e04d2b8048e2</PatternNodeId>
          <InstructionId>75aaa835-2670-4760-bded-2c8cab4ad3c0</InstructionId>
          <Breakpoint>eNONE</Breakpoint>
          <MoveToSafeZBeforeMove>false</MoveToSafeZBeforeMove>
          <IsSelected>false</IsSelected>
          <IsEnabled>true</IsEnabled>
          <IsPassBlockChild>false</IsPassBlockChild>
          <Applicator>1</Applicator>
          <LibraryItemId>176174e1-d3e0-4b8a-8153-5d5d82bb36c3</LibraryItemId>
          <IsWeightControlOverrideEnabled>false</IsWeightControlOverrideEnabled>
          <OverrideWeight>0</OverrideWeight>
          <XYLocation>
            <X>-0.003</X>
            <Y>13</Y>
          </XYLocation>
          <XLocation>-0.003</XLocation>
          <YLocation>13</YLocation>
          <SelectDotType>176174e1-d3e0-4b8a-8153-5d5d82bb36c3</SelectDotType>
        </RecipeInstruction>
        <RecipeInstruction xsi:type="DotInstruction">
          <Type>Dot</Type>
          <PatternNodeId>455e5d83-47bf-4626-ad42-a7ed4e894709</PatternNodeId>
          <InstructionId>e9602a76-403f-4acd-986d-69b417fcc958</InstructionId>
          <Breakpoint>eNONE</Breakpoint>
          <MoveToSafeZBeforeMove>false</MoveToSafeZBeforeMove>
          <IsSelected>false</IsSelected>
          <IsEnabled>true</IsEnabled>
          <IsPassBlockChild>false</IsPassBlockChild>
          <Applicator>1</Applicator>
          <LibraryItemId>176174e1-d3e0-4b8a-8153-5d5d82bb36c3</LibraryItemId>
          <IsWeightControlOverrideEnabled>false</IsWeightControlOverrideEnabled>
          <OverrideWeight>0</OverrideWeight>
          <XYLocation>
            <X>-0.003</X>
            <Y>12</Y>
          </XYLocation>
          <XLocation>-0.003</XLocation>
          <YLocation>12</YLocation>
          <SelectDotType>176174e1-d3e0-4b8a-8153-5d5d82bb36c3</SelectDotType>
        </RecipeInstruction>
        <RecipeInstruction xsi:type="DotInstruction">
          <Type>Dot</Type>
          <PatternNodeId>7a666b05-4566-4e90-b234-29e16cdce030</PatternNodeId>
          <InstructionId>bf5275fe-285f-4734-ae29-472c086aad9c</InstructionId>
          <Breakpoint>eNONE</Breakpoint>
          <MoveToSafeZBeforeMove>false</MoveToSafeZBeforeMove>
          <IsSelected>false</IsSelected>
          <IsEnabled>true</IsEnabled>
          <IsPassBlockChild>false</IsPassBlockChild>
          <Applicator>1</Applicator>
          <LibraryItemId>176174e1-d3e0-4b8a-8153-5d5d82bb36c3</LibraryItemId>
          <IsWeightControlOverrideEnabled>false</IsWeightControlOverrideEnabled>
          <OverrideWeight>0</OverrideWeight>
          <XYLocation>
            <X>-0.003</X>
            <Y>11</Y>
          </XYLocation>
          <XLocation>-0.003</XLocation>
          <YLocation>11</YLocation>
          <SelectDotType>176174e1-d3e0-4b8a-8153-5d5d82bb36c3</SelectDotType>
        </RecipeInstruction>
        <RecipeInstruction xsi:type="DotInstruction">
          <Type>Dot</Type>
          <PatternNodeId>843cef32-cca4-48ba-866d-77c3bdf18e4c</PatternNodeId>
          <InstructionId>40652662-1809-4a11-b038-06fa5c4d2fc6</InstructionId>
          <Breakpoint>eNONE</Breakpoint>
          <MoveToSafeZBeforeMove>false</MoveToSafeZBeforeMove>
          <IsSelected>false</IsSelected>
          <IsEnabled>true</IsEnabled>
          <IsPassBlockChild>false</IsPassBlockChild>
          <Applicator>1</Applicator>
          <LibraryItemId>176174e1-d3e0-4b8a-8153-5d5d82bb36c3</LibraryItemId>
          <IsWeightControlOverrideEnabled>false</IsWeightControlOverrideEnabled>
          <OverrideWeight>0</OverrideWeight>
          <XYLocation>
            <X>-0.003</X>
            <Y>10</Y>
          </XYLocation>
          <XLocation>-0.003</XLocation>
          <YLocation>10</YLocation>
          <SelectDotType>176174e1-d3e0-4b8a-8153-5d5d82bb36c3</SelectDotType>
        </RecipeInstruction>
        <RecipeInstruction xsi:type="DotInstruction">
          <Type>Dot</Type>
          <PatternNodeId>6aecb161-3109-455e-9ba7-dcc0992faf42</PatternNodeId>
          <InstructionId>8da31c2e-120a-4557-a8a0-586c4aebea64</InstructionId>
          <Breakpoint>eNONE</Breakpoint>
          <MoveToSafeZBeforeMove>false</MoveToSafeZBeforeMove>
          <IsSelected>false</IsSelected>
          <IsEnabled>true</IsEnabled>
          <IsPassBlockChild>false</IsPassBlockChild>
          <Applicator>1</Applicator>
          <LibraryItemId>176174e1-d3e0-4b8a-8153-5d5d82bb36c3</LibraryItemId>
          <IsWeightControlOverrideEnabled>false</IsWeightControlOverrideEnabled>
          <OverrideWeight>0</OverrideWeight>
          <XYLocation>
            <X>-0.003</X>
            <Y>9</Y>
          </XYLocation>
          <XLocation>-0.003</XLocation>
          <YLocation>9</YLocation>
          <SelectDotType>176174e1-d3e0-4b8a-8153-5d5d82bb36c3</SelectDotType>
        </RecipeInstruction>
        <RecipeInstruction xsi:type="DotInstruction">
          <Type>Dot</Type>
          <PatternNodeId>37d9bc8c-cf03-4359-bfcd-7e6614588839</PatternNodeId>
          <InstructionId>c0ae53a3-c1d9-48d3-8bff-bd672c040030</InstructionId>
          <Breakpoint>eNONE</Breakpoint>
          <MoveToSafeZBeforeMove>false</MoveToSafeZBeforeMove>
          <IsSelected>false</IsSelected>
          <IsEnabled>true</IsEnabled>
          <IsPassBlockChild>false</IsPassBlockChild>
          <Applicator>1</Applicator>
          <LibraryItemId>176174e1-d3e0-4b8a-8153-5d5d82bb36c3</LibraryItemId>
          <IsWeightControlOverrideEnabled>false</IsWeightControlOverrideEnabled>
          <OverrideWeight>0</OverrideWeight>
          <XYLocation>
            <X>-0.003</X>
            <Y>8</Y>
          </XYLocation>
          <XLocation>-0.003</XLocation>
          <YLocation>8</YLocation>
          <SelectDotType>176174e1-d3e0-4b8a-8153-5d5d82bb36c3</SelectDotType>
        </RecipeInstruction>
        <RecipeInstruction xsi:type="DotInstruction">
          <Type>Dot</Type>
          <PatternNodeId>da80db5b-b62e-4249-87c9-1e8801be5401</PatternNodeId>
          <InstructionId>8144fa1a-37a3-4b79-aff2-04905bdb00ff</InstructionId>
          <Breakpoint>eNONE</Breakpoint>
          <MoveToSafeZBeforeMove>false</MoveToSafeZBeforeMove>
          <IsSelected>false</IsSelected>
          <IsEnabled>true</IsEnabled>
          <IsPassBlockChild>false</IsPassBlockChild>
          <Applicator>1</Applicator>
          <LibraryItemId>176174e1-d3e0-4b8a-8153-5d5d82bb36c3</LibraryItemId>
          <IsWeightControlOverrideEnabled>false</IsWeightControlOverrideEnabled>
          <OverrideWeight>0</OverrideWeight>
          <XYLocation>
            <X>-0.003</X>
            <Y>7</Y>
          </XYLocation>
          <XLocation>-0.003</XLocation>
          <YLocation>7</YLocation>
          <SelectDotType>176174e1-d3e0-4b8a-8153-5d5d82bb36c3</SelectDotType>
        </RecipeInstruction>
        <RecipeInstruction xsi:type="DotInstruction">
          <Type>Dot</Type>
          <PatternNodeId>3cfd41fb-258b-471f-af02-cc900e1e94dd</PatternNodeId>
          <InstructionId>c9e0c2f5-6412-4aab-b954-5f000caa058e</InstructionId>
          <Breakpoint>eNONE</Breakpoint>
          <MoveToSafeZBeforeMove>false</MoveToSafeZBeforeMove>
          <IsSelected>false</IsSelected>
          <IsEnabled>true</IsEnabled>
          <IsPassBlockChild>false</IsPassBlockChild>
          <Applicator>1</Applicator>
          <LibraryItemId>176174e1-d3e0-4b8a-8153-5d5d82bb36c3</LibraryItemId>
          <IsWeightControlOverrideEnabled>false</IsWeightControlOverrideEnabled>
          <OverrideWeight>0</OverrideWeight>
          <XYLocation>
            <X>-0.003</X>
            <Y>6</Y>
          </XYLocation>
          <XLocation>-0.003</XLocation>
          <YLocation>6</YLocation>
          <SelectDotType>176174e1-d3e0-4b8a-8153-5d5d82bb36c3</SelectDotType>
        </RecipeInstruction>
        <RecipeInstruction xsi:type="DotInstruction">
          <Type>Dot</Type>
          <PatternNodeId>26ec321a-f3b7-42c3-b6cf-dc70c6202131</PatternNodeId>
          <InstructionId>562f5cae-de90-4098-98a6-153a914c2a5e</InstructionId>
          <Breakpoint>eNONE</Breakpoint>
          <MoveToSafeZBeforeMove>false</MoveToSafeZBeforeMove>
          <IsSelected>false</IsSelected>
          <IsEnabled>true</IsEnabled>
          <IsPassBlockChild>false</IsPassBlockChild>
          <Applicator>1</Applicator>
          <LibraryItemId>176174e1-d3e0-4b8a-8153-5d5d82bb36c3</LibraryItemId>
          <IsWeightControlOverrideEnabled>false</IsWeightControlOverrideEnabled>
          <OverrideWeight>0</OverrideWeight>
          <XYLocation>
            <X>-0.003</X>
            <Y>5</Y>
          </XYLocation>
          <XLocation>-0.003</XLocation>
          <YLocation>5</YLocation>
          <SelectDotType>176174e1-d3e0-4b8a-8153-5d5d82bb36c3</SelectDotType>
        </RecipeInstruction>
        <RecipeInstruction xsi:type="DotInstruction">
          <Type>Dot</Type>
          <PatternNodeId>a8f22624-fadc-4c99-add1-8c12baf48ee9</PatternNodeId>
          <InstructionId>4ef17f62-d068-4abc-84ed-6f633e964691</InstructionId>
          <Breakpoint>eNONE</Breakpoint>
          <MoveToSafeZBeforeMove>false</MoveToSafeZBeforeMove>
          <IsSelected>false</IsSelected>
          <IsEnabled>true</IsEnabled>
          <IsPassBlockChild>false</IsPassBlockChild>
          <Applicator>1</Applicator>
          <LibraryItemId>176174e1-d3e0-4b8a-8153-5d5d82bb36c3</LibraryItemId>
          <IsWeightControlOverrideEnabled>false</IsWeightControlOverrideEnabled>
          <OverrideWeight>0</OverrideWeight>
          <XYLocation>
            <X>-0.003</X>
            <Y>4</Y>
          </XYLocation>
          <XLocation>-0.003</XLocation>
          <YLocation>4</YLocation>
          <SelectDotType>176174e1-d3e0-4b8a-8153-5d5d82bb36c3</SelectDotType>
        </RecipeInstruction>
        <RecipeInstruction xsi:type="DotInstruction">
          <Type>Dot</Type>
          <PatternNodeId>70e6191f-ea7f-4af1-8f3e-90a0d50ae4b9</PatternNodeId>
          <InstructionId>31f215ba-63b5-4d36-9f21-d68fb3d67bbd</InstructionId>
          <Breakpoint>eNONE</Breakpoint>
          <MoveToSafeZBeforeMove>false</MoveToSafeZBeforeMove>
          <IsSelected>false</IsSelected>
          <IsEnabled>true</IsEnabled>
          <IsPassBlockChild>false</IsPassBlockChild>
          <Applicator>1</Applicator>
          <LibraryItemId>176174e1-d3e0-4b8a-8153-5d5d82bb36c3</LibraryItemId>
          <IsWeightControlOverrideEnabled>false</IsWeightControlOverrideEnabled>
          <OverrideWeight>0</OverrideWeight>
          <XYLocation>
            <X>-0.003</X>
            <Y>3</Y>
          </XYLocation>
          <XLocation>-0.003</XLocation>
          <YLocation>3</YLocation>
          <SelectDotType>176174e1-d3e0-4b8a-8153-5d5d82bb36c3</SelectDotType>
        </RecipeInstruction>
        <RecipeInstruction xsi:type="DotInstruction">
          <Type>Dot</Type>
          <PatternNodeId>8479884f-5708-4169-a779-b78faf29bb24</PatternNodeId>
          <InstructionId>e7c45671-4bc2-41c5-a8e3-828e7722cd88</InstructionId>
          <Breakpoint>eNONE</Breakpoint>
          <MoveToSafeZBeforeMove>false</MoveToSafeZBeforeMove>
          <IsSelected>false</IsSelected>
          <IsEnabled>true</IsEnabled>
          <IsPassBlockChild>false</IsPassBlockChild>
          <Applicator>1</Applicator>
          <LibraryItemId>176174e1-d3e0-4b8a-8153-5d5d82bb36c3</LibraryItemId>
          <IsWeightControlOverrideEnabled>false</IsWeightControlOverrideEnabled>
          <OverrideWeight>0</OverrideWeight>
          <XYLocation>
            <X>-0.003</X>
            <Y>2</Y>
          </XYLocation>
          <XLocation>-0.003</XLocation>
          <YLocation>2</YLocation>
          <SelectDotType>176174e1-d3e0-4b8a-8153-5d5d82bb36c3</SelectDotType>
        </RecipeInstruction>
        <RecipeInstruction xsi:type="DotInstruction">
          <Type>Dot</Type>
          <PatternNodeId>d6dfc208-277b-4cbe-811d-6d55f235f51b</PatternNodeId>
          <InstructionId>0efdf869-c469-43dd-af37-9414b29548f1</InstructionId>
          <Breakpoint>eNONE</Breakpoint>
          <MoveToSafeZBeforeMove>false</MoveToSafeZBeforeMove>
          <IsSelected>true</IsSelected>
          <IsEnabled>true</IsEnabled>
          <IsPassBlockChild>false</IsPassBlockChild>
          <Applicator>1</Applicator>
          <LibraryItemId>176174e1-d3e0-4b8a-8153-5d5d82bb36c3</LibraryItemId>
          <IsWeightControlOverrideEnabled>false</IsWeightControlOverrideEnabled>
          <OverrideWeight>0</OverrideWeight>
          <XYLocation>
            <X>-0.003</X>
            <Y>1</Y>
          </XYLocation>
          <XLocation>-0.003</XLocation>
          <YLocation>1</YLocation>
          <SelectDotType>176174e1-d3e0-4b8a-8153-5d5d82bb36c3</SelectDotType>
        </RecipeInstruction>
        <RecipeInstruction xsi:type="DotInstruction">
          <Type>Dot</Type>
          <PatternNodeId>51919f62-ad3e-49d0-8024-17f2f1ae4e39</PatternNodeId>
          <InstructionId>d355ec4d-2d14-41e7-b44d-3bfd5c84cc47</InstructionId>
          <Breakpoint>eNONE</Breakpoint>
          <MoveToSafeZBeforeMove>false</MoveToSafeZBeforeMove>
          <IsSelected>false</IsSelected>
          <IsEnabled>true</IsEnabled>
          <IsPassBlockChild>false</IsPassBlockChild>
          <Applicator>1</Applicator>
          <LibraryItemId>0c676566-51bf-4ce2-932b-b1d182506ad8</LibraryItemId>
          <IsWeightControlOverrideEnabled>false</IsWeightControlOverrideEnabled>
          <OverrideWeight>0</OverrideWeight>
          <XYLocation>
            <X>230</X>
            <Y>749</Y>
          </XYLocation>
          <XLocation>230</XLocation>
          <YLocation>749</YLocation>
          <SelectDotType>99ca150e-b0a5-4086-a5cf-55bed1fabf5b</SelectDotType>
        </RecipeInstruction>
        <RecipeInstruction xsi:type="DotInstruction">
          <Type>Dot</Type>
          <PatternNodeId>480b71f1-02f9-4399-a991-e8eadfb36fab</PatternNodeId>
          <InstructionId>0e47619a-3cd3-49fb-8a99-f65a0fac4faf</InstructionId>
          <Breakpoint>eNONE</Breakpoint>
          <MoveToSafeZBeforeMove>false</MoveToSafeZBeforeMove>
          <IsSelected>false</IsSelected>
          <IsEnabled>true</IsEnabled>
          <IsPassBlockChild>false</IsPassBlockChild>
          <Applicator>1</Applicator>
          <LibraryItemId>def62720-ecd9-4a1b-b096-4c65e1a74397</LibraryItemId>
          <IsWeightControlOverrideEnabled>false</IsWeightControlOverrideEnabled>
          <OverrideWeight>0</OverrideWeight>
          <XYLocation>
            <X>235</X>
            <Y>748</Y>
          </XYLocation>
          <XLocation>235</XLocation>
          <YLocation>748</YLocation>
          <SelectDotType>99ca150e-b0a5-4086-a5cf-55bed1fabf5b</SelectDotType>
        </RecipeInstruction>
        <RecipeInstruction xsi:type="DotInstruction">
          <Type>Dot</Type>
          <PatternNodeId>fbf2f71e-ccd9-4135-b01e-dfa0dd2903bb</PatternNodeId>
          <InstructionId>dd130a70-afea-4542-add2-0e51fa741073</InstructionId>
          <Breakpoint>eNONE</Breakpoint>
          <MoveToSafeZBeforeMove>false</MoveToSafeZBeforeMove>
          <IsSelected>false</IsSelected>
          <IsEnabled>true</IsEnabled>
          <IsPassBlockChild>false</IsPassBlockChild>
          <Applicator>1</Applicator>
          <LibraryItemId>012650c3-7cc9-49cc-9bd1-df1295063d77</LibraryItemId>
          <IsWeightControlOverrideEnabled>false</IsWeightControlOverrideEnabled>
          <OverrideWeight>0</OverrideWeight>
          <XYLocation>
            <X>240</X>
            <Y>748</Y>
          </XYLocation>
          <XLocation>240</XLocation>
          <YLocation>748</YLocation>
          <SelectDotType>99ca150e-b0a5-4086-a5cf-55bed1fabf5b</SelectDotType>
        </RecipeInstruction>
        <RecipeInstruction xsi:type="DotInstruction">
          <Type>Dot</Type>
          <PatternNodeId>5ee79ed8-80bd-4d0f-860a-73b97f052dc9</PatternNodeId>
          <InstructionId>d06410fa-8b2f-4306-bb09-d628c0f6f217</InstructionId>
          <Breakpoint>eNONE</Breakpoint>
          <MoveToSafeZBeforeMove>false</MoveToSafeZBeforeMove>
          <IsSelected>false</IsSelected>
          <IsEnabled>true</IsEnabled>
          <IsPassBlockChild>false</IsPassBlockChild>
          <Applicator>1</Applicator>
          <LibraryItemId>7c2c8d5f-2e28-442c-bd08-481ea8d66c01</LibraryItemId>
          <IsWeightControlOverrideEnabled>false</IsWeightControlOverrideEnabled>
          <OverrideWeight>0</OverrideWeight>
          <XYLocation>
            <X>245</X>
            <Y>748</Y>
          </XYLocation>
          <XLocation>245</XLocation>
          <YLocation>748</YLocation>
          <SelectDotType>99ca150e-b0a5-4086-a5cf-55bed1fabf5b</SelectDotType>
        </RecipeInstruction>
        <RecipeInstruction xsi:type="DotInstruction">
          <Type>Dot</Type>
          <PatternNodeId>1efebf37-7cee-46f6-95a4-39a9fad88421</PatternNodeId>
          <InstructionId>a98ed4cc-b1e3-42c6-af30-53420852fa08</InstructionId>
          <Breakpoint>eNONE</Breakpoint>
          <MoveToSafeZBeforeMove>false</MoveToSafeZBeforeMove>
          <IsSelected>false</IsSelected>
          <IsEnabled>true</IsEnabled>
          <IsPassBlockChild>false</IsPassBlockChild>
          <Applicator>1</Applicator>
          <LibraryItemId>802e1a80-9268-4249-9542-53287b80d4bb</LibraryItemId>
          <IsWeightControlOverrideEnabled>false</IsWeightControlOverrideEnabled>
          <OverrideWeight>0</OverrideWeight>
          <XYLocation>
            <X>230</X>
            <Y>550</Y>
          </XYLocation>
          <XLocation>230</XLocation>
          <YLocation>550</YLocation>
          <SelectDotType>99ca150e-b0a5-4086-a5cf-55bed1fabf5b</SelectDotType>
        </RecipeInstruction>
        <RecipeInstruction xsi:type="DotInstruction">
          <Type>Dot</Type>
          <PatternNodeId>7d17be8c-1ed4-4c06-b6df-d82429a1d55a</PatternNodeId>
          <InstructionId>bfefa41f-d15c-4fc9-b262-8b9505cc14d2</InstructionId>
          <Breakpoint>eNONE</Breakpoint>
          <MoveToSafeZBeforeMove>false</MoveToSafeZBeforeMove>
          <IsSelected>false</IsSelected>
          <IsEnabled>true</IsEnabled>
          <IsPassBlockChild>false</IsPassBlockChild>
          <Applicator>1</Applicator>
          <LibraryItemId>1c148079-dbd0-471d-8ce1-c797db5c8af9</LibraryItemId>
          <IsWeightControlOverrideEnabled>false</IsWeightControlOverrideEnabled>
          <OverrideWeight>0</OverrideWeight>
          <XYLocation>
            <X>235</X>
            <Y>550</Y>
          </XYLocation>
          <XLocation>235</XLocation>
          <YLocation>550</YLocation>
          <SelectDotType>99ca150e-b0a5-4086-a5cf-55bed1fabf5b</SelectDotType>
        </RecipeInstruction>
        <RecipeInstruction xsi:type="DotInstruction">
          <Type>Dot</Type>
          <PatternNodeId>c649739b-530b-4e9d-899f-ab268e9325fe</PatternNodeId>
          <InstructionId>638e5504-d48e-4532-8c41-8e9321b45364</InstructionId>
          <Breakpoint>eNONE</Breakpoint>
          <MoveToSafeZBeforeMove>false</MoveToSafeZBeforeMove>
          <IsSelected>false</IsSelected>
          <IsEnabled>true</IsEnabled>
          <IsPassBlockChild>false</IsPassBlockChild>
          <Applicator>1</Applicator>
          <LibraryItemId>c985b737-72dc-4394-afd9-563544a143a3</LibraryItemId>
          <IsWeightControlOverrideEnabled>false</IsWeightControlOverrideEnabled>
          <OverrideWeight>0</OverrideWeight>
          <XYLocation>
            <X>240</X>
            <Y>550</Y>
          </XYLocation>
          <XLocation>240</XLocation>
          <YLocation>550</YLocation>
          <SelectDotType>99ca150e-b0a5-4086-a5cf-55bed1fabf5b</SelectDotType>
        </RecipeInstruction>
        <RecipeInstruction xsi:type="DotInstruction">
          <Type>Dot</Type>
          <PatternNodeId>66c6324a-8d76-4ded-8aad-2df03f6d2931</PatternNodeId>
          <InstructionId>2bcf7bdb-764a-441e-95db-65b2d104dcfa</InstructionId>
          <Breakpoint>eNONE</Breakpoint>
          <MoveToSafeZBeforeMove>false</MoveToSafeZBeforeMove>
          <IsSelected>false</IsSelected>
          <IsEnabled>true</IsEnabled>
          <IsPassBlockChild>false</IsPassBlockChild>
          <Applicator>1</Applicator>
          <LibraryItemId>d7383b76-6bcb-44f4-b850-a7ad67a7e1d7</LibraryItemId>
          <IsWeightControlOverrideEnabled>false</IsWeightControlOverrideEnabled>
          <OverrideWeight>0</OverrideWeight>
          <XYLocation>
            <X>245</X>
            <Y>550</Y>
          </XYLocation>
          <XLocation>245</XLocation>
          <YLocation>550</YLocation>
          <SelectDotType>99ca150e-b0a5-4086-a5cf-55bed1fabf5b</SelectDotType>
        </RecipeInstruction>
        <RecipeInstruction xsi:type="DotInstruction">
          <Type>Dot</Type>
          <PatternNodeId>c5dc5e08-87bb-4b5e-afa1-bad7e4fa454c</PatternNodeId>
          <InstructionId>d6a04a7c-880c-49fe-9c8e-7407f2714361</InstructionId>
          <Breakpoint>eNONE</Breakpoint>
          <MoveToSafeZBeforeMove>false</MoveToSafeZBeforeMove>
          <IsSelected>false</IsSelected>
          <IsEnabled>true</IsEnabled>
          <IsPassBlockChild>false</IsPassBlockChild>
          <Applicator>1</Applicator>
          <LibraryItemId>bd0c3ce1-4284-41a8-a842-80188e36299f</LibraryItemId>
          <IsWeightControlOverrideEnabled>false</IsWeightControlOverrideEnabled>
          <OverrideWeight>0</OverrideWeight>
          <XYLocation>
            <X>777</X>
            <Y>157</Y>
          </XYLocation>
          <XLocation>777</XLocation>
          <YLocation>157</YLocation>
          <SelectDotType>99ca150e-b0a5-4086-a5cf-55bed1fabf5b</SelectDotType>
        </RecipeInstruction>
        <RecipeInstruction xsi:type="DotInstruction">
          <Type>Dot</Type>
          <PatternNodeId>82df8b94-f5a6-40b0-bd79-022c45499f62</PatternNodeId>
          <InstructionId>0a4da4d4-4c75-465b-a653-51249b497deb</InstructionId>
          <Breakpoint>eNONE</Breakpoint>
          <MoveToSafeZBeforeMove>false</MoveToSafeZBeforeMove>
          <IsSelected>false</IsSelected>
          <IsEnabled>true</IsEnabled>
          <IsPassBlockChild>false</IsPassBlockChild>
          <Applicator>1</Applicator>
          <LibraryItemId>01cff79e-92da-4ebf-a61f-11d9a19dab91</LibraryItemId>
          <IsWeightControlOverrideEnabled>false</IsWeightControlOverrideEnabled>
          <OverrideWeight>0</OverrideWeight>
          <XYLocation>
            <X>827</X>
            <Y>157</Y>
          </XYLocation>
          <XLocation>827</XLocation>
          <YLocation>157</YLocation>
          <SelectDotType>99ca150e-b0a5-4086-a5cf-55bed1fabf5b</SelectDotType>
        </RecipeInstruction>
        <RecipeInstruction xsi:type="DotInstruction">
          <Type>Dot</Type>
          <PatternNodeId>9ca3cb8d-2cba-4066-bebd-15e60296ee53</PatternNodeId>
          <InstructionId>433864d3-864f-4c7f-9a60-881580b47ddb</InstructionId>
          <Breakpoint>eNONE</Breakpoint>
          <MoveToSafeZBeforeMove>false</MoveToSafeZBeforeMove>
          <IsSelected>false</IsSelected>
          <IsEnabled>true</IsEnabled>
          <IsPassBlockChild>false</IsPassBlockChild>
          <Applicator>1</Applicator>
          <LibraryItemId>ad715673-eb80-4df7-b2c9-db9c38f8e857</LibraryItemId>
          <IsWeightControlOverrideEnabled>false</IsWeightControlOverrideEnabled>
          <OverrideWeight>0</OverrideWeight>
          <XYLocation>
            <X>877</X>
            <Y>157</Y>
          </XYLocation>
          <XLocation>877</XLocation>
          <YLocation>157</YLocation>
          <SelectDotType>99ca150e-b0a5-4086-a5cf-55bed1fabf5b</SelectDotType>
        </RecipeInstruction>
        <RecipeInstruction xsi:type="DotInstruction">
          <Type>Dot</Type>
          <PatternNodeId>9ae9ecba-8b04-4ed3-ac40-cb8e0ab7b38c</PatternNodeId>
          <InstructionId>831facd9-563d-444d-a38a-64edb5673d09</InstructionId>
          <Breakpoint>eNONE</Breakpoint>
          <MoveToSafeZBeforeMove>false</MoveToSafeZBeforeMove>
          <IsSelected>false</IsSelected>
          <IsEnabled>true</IsEnabled>
          <IsPassBlockChild>false</IsPassBlockChild>
          <Applicator>1</Applicator>
          <LibraryItemId>45d2411c-4b0a-4cb7-93fd-d999ba2c77f3</LibraryItemId>
          <IsWeightControlOverrideEnabled>false</IsWeightControlOverrideEnabled>
          <OverrideWeight>0</OverrideWeight>
          <XYLocation>
            <X>927</X>
            <Y>157</Y>
          </XYLocation>
          <XLocation>927</XLocation>
          <YLocation>157</YLocation>
          <SelectDotType>99ca150e-b0a5-4086-a5cf-55bed1fabf5b</SelectDotType>
        </RecipeInstruction>
        <RecipeInstruction xsi:type="DotInstruction">
          <Type>Dot</Type>
          <PatternNodeId>9df85b56-cf03-4872-a94b-72c8400992da</PatternNodeId>
          <InstructionId>49435b1f-7b28-4bd5-ad01-f1ab7bc7178b</InstructionId>
          <Breakpoint>eNONE</Breakpoint>
          <MoveToSafeZBeforeMove>false</MoveToSafeZBeforeMove>
          <IsSelected>false</IsSelected>
          <IsEnabled>true</IsEnabled>
          <IsPassBlockChild>false</IsPassBlockChild>
          <Applicator>1</Applicator>
          <LibraryItemId>d5e7f4c4-0828-4cfd-b6e0-4cb616b92b39</LibraryItemId>
          <IsWeightControlOverrideEnabled>false</IsWeightControlOverrideEnabled>
          <OverrideWeight>0</OverrideWeight>
          <XYLocation>
            <X>777</X>
            <Y>137</Y>
          </XYLocation>
          <XLocation>777</XLocation>
          <YLocation>137</YLocation>
          <SelectDotType>99ca150e-b0a5-4086-a5cf-55bed1fabf5b</SelectDotType>
        </RecipeInstruction>
        <RecipeInstruction xsi:type="DotInstruction">
          <Type>Dot</Type>
          <PatternNodeId>30f13355-6a82-4b28-a90a-22c07a730261</PatternNodeId>
          <InstructionId>99c9d882-6fde-4131-86ce-3c9691b41cf1</InstructionId>
          <Breakpoint>eNONE</Breakpoint>
          <MoveToSafeZBeforeMove>false</MoveToSafeZBeforeMove>
          <IsSelected>false</IsSelected>
          <IsEnabled>true</IsEnabled>
          <IsPassBlockChild>false</IsPassBlockChild>
          <Applicator>1</Applicator>
          <LibraryItemId>71346c97-3fb2-4300-80b9-3e43c76fcaa5</LibraryItemId>
          <IsWeightControlOverrideEnabled>false</IsWeightControlOverrideEnabled>
          <OverrideWeight>0</OverrideWeight>
          <XYLocation>
            <X>827</X>
            <Y>137</Y>
          </XYLocation>
          <XLocation>827</XLocation>
          <YLocation>137</YLocation>
          <SelectDotType>99ca150e-b0a5-4086-a5cf-55bed1fabf5b</SelectDotType>
        </RecipeInstruction>
        <RecipeInstruction xsi:type="DotInstruction">
          <Type>Dot</Type>
          <PatternNodeId>895e5300-f3da-4bac-85fc-b055234afff1</PatternNodeId>
          <InstructionId>acf8c1bb-43e4-4522-9aa4-72eb100d567c</InstructionId>
          <Breakpoint>eNONE</Breakpoint>
          <MoveToSafeZBeforeMove>false</MoveToSafeZBeforeMove>
          <IsSelected>false</IsSelected>
          <IsEnabled>true</IsEnabled>
          <IsPassBlockChild>false</IsPassBlockChild>
          <Applicator>1</Applicator>
          <LibraryItemId>56f88d6d-f511-4be1-950a-a576307d37bc</LibraryItemId>
          <IsWeightControlOverrideEnabled>false</IsWeightControlOverrideEnabled>
          <OverrideWeight>0</OverrideWeight>
          <XYLocation>
            <X>877</X>
            <Y>137</Y>
          </XYLocation>
          <XLocation>877</XLocation>
          <YLocation>137</YLocation>
          <SelectDotType>99ca150e-b0a5-4086-a5cf-55bed1fabf5b</SelectDotType>
        </RecipeInstruction>
        <RecipeInstruction xsi:type="DotInstruction">
          <Type>Dot</Type>
          <PatternNodeId>566b6d73-e56c-4d33-9d5a-bf0855a68f48</PatternNodeId>
          <InstructionId>e8d64d1c-5521-48af-bb50-3a5ea046abfc</InstructionId>
          <Breakpoint>eNONE</Breakpoint>
          <MoveToSafeZBeforeMove>false</MoveToSafeZBeforeMove>
          <IsSelected>false</IsSelected>
          <IsEnabled>true</IsEnabled>
          <IsPassBlockChild>false</IsPassBlockChild>
          <Applicator>1</Applicator>
          <LibraryItemId>763a8bcf-5502-4f8b-a782-72e0a6b23cf9</LibraryItemId>
          <IsWeightControlOverrideEnabled>false</IsWeightControlOverrideEnabled>
          <OverrideWeight>0</OverrideWeight>
          <XYLocation>
            <X>926</X>
            <Y>137</Y>
          </XYLocation>
          <XLocation>926</XLocation>
          <YLocation>137</YLocation>
          <SelectDotType>99ca150e-b0a5-4086-a5cf-55bed1fabf5b</SelectDotType>
        </RecipeInstruction>
      </Instructions>
      <SkipMarkBehavior>SkipIfFound</SkipMarkBehavior>
      <IsSkipMarkEnabled>true</IsSkipMarkEnabled>
    </RecipePattern>
  </Patterns>
  <Containers />
  <SetupContainers />
  <CanvasFilePaths />
  <DotLineLibrary>
    <JetDots>
      <JetDot>
        <Name>*New Dot 001</Name>
        <Notes />
        <DispenseGap>1</DispenseGap>
        <RetractDistance>0</RetractDistance>
        <Suckback>0</Suckback>
        <DwellTime>0</DwellTime>
        <DownSpeedZ>400</DownSpeedZ>
        <UpSpeedZ>400</UpSpeedZ>
        <DownAccelerationZ>7355</DownAccelerationZ>
        <UpAccelerationZ>7355</UpAccelerationZ>
        <WeightMg>1</WeightMg>
        <UseWeightControl>false</UseWeightControl>
        <WeightControl>WeightControlOff</WeightControl>
        <ApplicatorType>Jet</ApplicatorType>
        <NumShots>1</NumShots>
        <DwellSecs>0</DwellSecs>
        <OnTimeSecs>0</OnTimeSecs>
        <SettleSecs>0</SettleSecs>
        <PostRetractDwell>0</PostRetractDwell>
        <AssistDelay>0</AssistDelay>
        <AssistDuration>0</AssistDuration>
        <DotSpacing>0</DotSpacing>
        <MultiShotZDelta>0</MultiShotZDelta>
        <NewJetItem1>0</NewJetItem1>
        <NewJetItem2>0</NewJetItem2>
        <NewJetItem3>0</NewJetItem3>
        <NewJetItem4>0</NewJetItem4>
        <IsDefault>false</IsDefault>
        <IsDirty>true</IsDirty>
        <UniqueId>176174e1-d3e0-4b8a-8153-5d5d82bb36c3</UniqueId>
      </JetDot>
    </JetDots>
    <JetLines />
    <NeedleDots />
    <NeedleLines />
  </DotLineLibrary>
</Recipe>